********************************************************************************
*                         FREEZE-AND-THAW CALCULATION                          *
********************************************************************************

================================== Input File ==================================
subsystem
C         -0.51189        0.02301        0.42809
H         -1.42066       -0.55289        0.18854
C          0.51189       -0.02301       -0.42809
H          1.42066        0.55289       -0.18854
C         -0.97821       -0.27783        5.45578
H         -0.16206       -1.02476        5.48735
H         -1.90675       -0.86592        5.32476
C         -0.78360        0.61904        4.24572
H          0.14654        1.20908        4.37098
H         -1.59993        1.36825        4.20747
C         -0.72898       -0.13512        2.93023
H         -1.66107       -0.72052        2.80109
H          0.08515       -0.88505        2.96224
C         -0.52791        0.76935        1.72053
H          0.41330        1.34004        1.83345
H         -1.34036        1.52360        1.70785
C          0.52791       -0.76935       -1.72053
H         -0.41330       -1.34004       -1.83345
H          1.34036       -1.52360       -1.70785
C          0.72898        0.13512       -2.93023
H          1.66107        0.72052       -2.80109
H         -0.08515        0.88505       -2.96224
C          0.78360       -0.61904       -4.24572
H          1.59993       -1.36825       -4.20747
H         -0.14654       -1.20908       -4.37098
C          0.97821        0.27783       -5.45578
H          0.16206        1.02476       -5.48735
H          1.90675        0.86592       -5.32476
end

subsystem
C         -1.03022        0.48923        6.76234
H         -1.85846        1.21825        6.76428
H         -0.09919        1.05754        6.92852
H         -1.17179       -0.17407        7.62984
C          1.03022       -0.48923       -6.76234
H          1.17179        0.17407       -7.62984
H          1.85846       -1.21825       -6.76428
H          0.09919       -1.05754       -6.92852
end

embed
 huzfermi
 cycles 300
 conv 1e-8
 method m06
 wfguess dft
end

basis aug-cc-pVDZ
method cas[2,2]/nevpt2
grid 4
conv 1e-8
grad 1e-8
maxiter 100
readchk
================================== End Input ===================================
tot grids = 725328

                      Getting subsystem overlap integrals                       

                          Initial subsystem densities                           
Checkpoint .hdf5 not found
Guessing initial subsystem densities
Initial guess from superpostion of atomic densties.
Initial guess from superpostion of atomic densties.

=========================== Starting Freeze-and-Thaw ===========================
 iter:   1:1        |ddm|: 1.263510e+02     Tr[DP]  1.103119e+00
 iter:   1:2        |ddm|: 4.254556e+00     Tr[DP]  1.856949e-01
 iter:   2:1        |ddm|: 4.900275e+02     Tr[DP]  2.249333e-01
 iter:   2:2        |ddm|: 1.326645e+01     Tr[DP]  2.551663e-01
 iter:   3:1        |ddm|: 3.822074e+02     Tr[DP]  3.709627e-02
 iter:   3:2        |ddm|: 1.617474e+01     Tr[DP]  2.605407e-01
 iter:   4:1        |ddm|: 2.885793e+02     Tr[DP]  1.305439e-01
 iter:   4:2        |ddm|: 6.899492e+00     Tr[DP]  2.013938e-01
 iter:   5:1        |ddm|: 2.470791e+01     Tr[DP]  1.615483e-01
 iter:   5:2        |ddm|: 1.774079e+00     Tr[DP]  2.058887e-01
 iter:   6:1        |ddm|: 1.974083e+01     Tr[DP]  1.920658e-01
 iter:   6:2        |ddm|: 8.384161e-01     Tr[DP]  2.196046e-01
 iter:   7:1        |ddm|: 1.822009e+01     Tr[DP]  2.133651e-01
 iter:   7:2        |ddm|: 4.104286e-01     Tr[DP]  2.256268e-01
 iter:   8:1        |ddm|: 2.421482e+01     Tr[DP]  2.238999e-01
 iter:   8:2        |ddm|: 2.181771e-01     Tr[DP]  2.322278e-01
 iter:   9:1        |ddm|: 1.946216e+01     Tr[DP]  2.361164e-01
 iter:   9:2        |ddm|: 1.588833e-01     Tr[DP]  2.383634e-01
 iter:  10:1        |ddm|: 1.897081e+01     Tr[DP]  2.442791e-01
 iter:  10:2        |ddm|: 1.389437e-01     Tr[DP]  2.447758e-01
 iter:  11:1        |ddm|: 1.624181e+01     Tr[DP]  2.521541e-01
 iter:  11:2        |ddm|: 1.218699e-01     Tr[DP]  2.504674e-01
 iter:  12:1        |ddm|: 1.459478e+01     Tr[DP]  2.586267e-01
 iter:  12:2        |ddm|: 1.015995e-01     Tr[DP]  2.553336e-01
 iter:  13:1        |ddm|: 1.223510e+01     Tr[DP]  2.638566e-01
 iter:  13:2        |ddm|: 8.605480e-02     Tr[DP]  2.592984e-01
 iter:  14:1        |ddm|: 1.078753e+01     Tr[DP]  2.680363e-01
 iter:  14:2        |ddm|: 7.494667e-02     Tr[DP]  2.628142e-01
 iter:  15:1        |ddm|: 8.987920e+00     Tr[DP]  2.715089e-01
 iter:  15:2        |ddm|: 6.614878e-02     Tr[DP]  2.655670e-01
 iter:  16:1        |ddm|: 7.625771e+00     Tr[DP]  2.741398e-01
 iter:  16:2        |ddm|: 5.714123e-02     Tr[DP]  2.683979e-01
 iter:  17:1        |ddm|: 7.535912e+00     Tr[DP]  2.763742e-01
 iter:  17:2        |ddm|: 5.427818e-02     Tr[DP]  2.716346e-01
 iter:  18:1        |ddm|: 7.084165e+00     Tr[DP]  2.788952e-01
 iter:  18:2        |ddm|: 6.201910e-02     Tr[DP]  2.747450e-01
 iter:  19:1        |ddm|: 6.933300e+00     Tr[DP]  2.814646e-01
 iter:  19:2        |ddm|: 5.125543e-02     Tr[DP]  2.777296e-01
 iter:  20:1        |ddm|: 5.907726e+00     Tr[DP]  2.839144e-01
 iter:  20:2        |ddm|: 4.138123e-02     Tr[DP]  2.800107e-01
 iter:  21:1        |ddm|: 5.754301e+00     Tr[DP]  2.857862e-01
 iter:  21:2        |ddm|: 4.192446e-02     Tr[DP]  2.823122e-01
 iter:  22:1        |ddm|: 4.540617e+00     Tr[DP]  2.877732e-01
 iter:  22:2        |ddm|: 3.219294e-02     Tr[DP]  2.840004e-01
 iter:  23:1        |ddm|: 4.006796e+00     Tr[DP]  2.891448e-01
 iter:  23:2        |ddm|: 2.868984e-02     Tr[DP]  2.855720e-01
 iter:  24:1        |ddm|: 2.873768e+00     Tr[DP]  2.904416e-01
 iter:  24:2        |ddm|: 2.507585e-02     Tr[DP]  2.866211e-01
 iter:  25:1        |ddm|: 3.104862e+00     Tr[DP]  2.910766e-01
 iter:  25:2        |ddm|: 2.203509e-02     Tr[DP]  2.878964e-01
 iter:  26:1        |ddm|: 2.607379e+00     Tr[DP]  2.919803e-01
 iter:  26:2        |ddm|: 1.890298e-02     Tr[DP]  2.889176e-01
 iter:  27:1        |ddm|: 2.217797e+00     Tr[DP]  2.926854e-01
 iter:  27:2        |ddm|: 1.661307e-02     Tr[DP]  2.898099e-01
 iter:  28:1        |ddm|: 2.019337e+00     Tr[DP]  2.932490e-01
 iter:  28:2        |ddm|: 1.449548e-02     Tr[DP]  2.906382e-01
 iter:  29:1        |ddm|: 1.682465e+00     Tr[DP]  2.937871e-01
 iter:  29:2        |ddm|: 1.270379e-02     Tr[DP]  2.913193e-01
 iter:  30:1        |ddm|: 1.420492e+00     Tr[DP]  2.942047e-01
 iter:  30:2        |ddm|: 1.123859e-02     Tr[DP]  2.919139e-01
 iter:  31:1        |ddm|: 1.351463e+00     Tr[DP]  2.945131e-01
 iter:  31:2        |ddm|: 9.556145e-03     Tr[DP]  2.924934e-01
 iter:  32:1        |ddm|: 1.606599e+00     Tr[DP]  2.947453e-01
 iter:  32:2        |ddm|: 1.041827e-02     Tr[DP]  2.931932e-01
 iter:  33:1        |ddm|: 1.258791e+00     Tr[DP]  2.952136e-01
 iter:  33:2        |ddm|: 8.061155e-03     Tr[DP]  2.936988e-01
 iter:  34:1        |ddm|: 8.306169e-01     Tr[DP]  2.956027e-01
 iter:  34:2        |ddm|: 7.449728e-03     Tr[DP]  2.940169e-01
 iter:  35:1        |ddm|: 1.670159e+00     Tr[DP]  2.955644e-01
 iter:  35:2        |ddm|: 1.393688e-02     Tr[DP]  2.948046e-01
 iter:  36:1        |ddm|: 1.277878e+00     Tr[DP]  2.961482e-01
 iter:  36:2        |ddm|: 7.965422e-03     Tr[DP]  2.953231e-01
 iter:  37:1        |ddm|: 9.330264e-01     Tr[DP]  2.965832e-01
 iter:  37:2        |ddm|: 6.344907e-03     Tr[DP]  2.956954e-01
 iter:  38:1        |ddm|: 7.173176e-01     Tr[DP]  2.968829e-01
 iter:  38:2        |ddm|: 5.445875e-03     Tr[DP]  2.959890e-01
 iter:  39:1        |ddm|: 6.198954e-01     Tr[DP]  2.970829e-01
 iter:  39:2        |ddm|: 4.790562e-03     Tr[DP]  2.962572e-01
 iter:  40:1        |ddm|: 5.829601e-01     Tr[DP]  2.972458e-01
 iter:  40:2        |ddm|: 4.266544e-03     Tr[DP]  2.965143e-01
 iter:  41:1        |ddm|: 5.401338e-01     Tr[DP]  2.973994e-01
 iter:  41:2        |ddm|: 3.852075e-03     Tr[DP]  2.967562e-01
 iter:  42:1        |ddm|: 4.366153e-01     Tr[DP]  2.975697e-01
 iter:  42:2        |ddm|: 3.349034e-03     Tr[DP]  2.969360e-01
 iter:  43:1        |ddm|: 4.243390e-01     Tr[DP]  2.976650e-01
 iter:  43:2        |ddm|: 3.040728e-03     Tr[DP]  2.971317e-01
 iter:  44:1        |ddm|: 3.623198e-01     Tr[DP]  2.977918e-01
 iter:  44:2        |ddm|: 2.651062e-03     Tr[DP]  2.972857e-01
 iter:  45:1        |ddm|: 3.130752e-01     Tr[DP]  2.978875e-01
 iter:  45:2        |ddm|: 2.335031e-03     Tr[DP]  2.974214e-01
 iter:  46:1        |ddm|: 2.551259e-01     Tr[DP]  2.979734e-01
 iter:  46:2        |ddm|: 2.064375e-03     Tr[DP]  2.975264e-01
 iter:  47:1        |ddm|: 2.479358e-01     Tr[DP]  2.980201e-01
 iter:  47:2        |ddm|: 1.790674e-03     Tr[DP]  2.976415e-01
 iter:  48:1        |ddm|: 2.117748e-01     Tr[DP]  2.980864e-01
 iter:  48:2        |ddm|: 1.571671e-03     Tr[DP]  2.977316e-01
 iter:  49:1        |ddm|: 1.791313e-01     Tr[DP]  2.981361e-01
 iter:  49:2        |ddm|: 1.380829e-03     Tr[DP]  2.978086e-01
 iter:  50:1        |ddm|: 1.662176e-01     Tr[DP]  2.981706e-01
 iter:  50:2        |ddm|: 1.197695e-03     Tr[DP]  2.978842e-01
 iter:  51:1        |ddm|: 1.484590e-01     Tr[DP]  2.982079e-01
 iter:  51:2        |ddm|: 1.053943e-03     Tr[DP]  2.979503e-01
 iter:  52:1        |ddm|: 1.236397e-01     Tr[DP]  2.982431e-01
 iter:  52:2        |ddm|: 9.344937e-04     Tr[DP]  2.980034e-01
 iter:  53:1        |ddm|: 1.059236e-01     Tr[DP]  2.982680e-01
 iter:  53:2        |ddm|: 8.153574e-04     Tr[DP]  2.980497e-01
 iter:  54:1        |ddm|: 1.317752e-01     Tr[DP]  2.982746e-01
 iter:  54:2        |ddm|: 8.660586e-04     Tr[DP]  2.981184e-01
 iter:  55:1        |ddm|: 1.058134e-01     Tr[DP]  2.983186e-01
 iter:  55:2        |ddm|: 6.740310e-04     Tr[DP]  2.981627e-01
 iter:  56:1        |ddm|: 9.469286e-02     Tr[DP]  2.983432e-01
 iter:  56:2        |ddm|: 6.193448e-04     Tr[DP]  2.982064e-01
 iter:  57:1        |ddm|: 8.307056e-02     Tr[DP]  2.983682e-01
 iter:  57:2        |ddm|: 5.490403e-04     Tr[DP]  2.982435e-01
 iter:  58:1        |ddm|: 2.031077e-01     Tr[DP]  2.983522e-01
 iter:  58:2        |ddm|: 2.005575e-03     Tr[DP]  2.983643e-01
 iter:  59:1        |ddm|: 1.007081e-01     Tr[DP]  2.984670e-01
 iter:  59:2        |ddm|: 7.450832e-04     Tr[DP]  2.983855e-01
 iter:  60:1        |ddm|: 3.418627e-02     Tr[DP]  2.985124e-01
 iter:  60:2        |ddm|: 9.020765e-04     Tr[DP]  2.983775e-01
 iter:  61:1        |ddm|: 3.907665e-02     Tr[DP]  2.984949e-01
 iter:  61:2        |ddm|: 4.356441e-04     Tr[DP]  2.984009e-01
 iter:  62:1        |ddm|: 3.848423e-02     Tr[DP]  2.985019e-01
 iter:  62:2        |ddm|: 3.650321e-04     Tr[DP]  2.984175e-01
 iter:  63:1        |ddm|: 4.243938e-02     Tr[DP]  2.985049e-01
 iter:  63:2        |ddm|: 2.977711e-04     Tr[DP]  2.984392e-01
 iter:  64:1        |ddm|: 3.575291e-02     Tr[DP]  2.985166e-01
 iter:  64:2        |ddm|: 2.599166e-04     Tr[DP]  2.984542e-01
 iter:  65:1        |ddm|: 3.128406e-02     Tr[DP]  2.985241e-01
 iter:  65:2        |ddm|: 2.269242e-04     Tr[DP]  2.984681e-01
 iter:  66:1        |ddm|: 2.467110e-02     Tr[DP]  2.985318e-01
 iter:  66:2        |ddm|: 2.058180e-04     Tr[DP]  2.984780e-01
 iter:  67:1        |ddm|: 1.393743e-02     Tr[DP]  2.985390e-01
 iter:  67:2        |ddm|: 2.438922e-04     Tr[DP]  2.984799e-01
 iter:  68:1        |ddm|: 1.839466e-02     Tr[DP]  2.985345e-01
 iter:  68:2        |ddm|: 1.452265e-04     Tr[DP]  2.984910e-01
 iter:  69:1        |ddm|: 3.419581e-02     Tr[DP]  2.985322e-01
 iter:  69:2        |ddm|: 2.304951e-04     Tr[DP]  2.985117e-01
 iter:  70:1        |ddm|: 2.785549e-02     Tr[DP]  2.985448e-01
 iter:  70:2        |ddm|: 1.621766e-04     Tr[DP]  2.985235e-01
 iter:  71:1        |ddm|: 1.546218e-02     Tr[DP]  2.985556e-01
 iter:  71:2        |ddm|: 1.286204e-04     Tr[DP]  2.985277e-01
 iter:  72:1        |ddm|: 1.411270e-02     Tr[DP]  2.985584e-01
 iter:  72:2        |ddm|: 1.035864e-04     Tr[DP]  2.985342e-01
 iter:  73:1        |ddm|: 1.653776e-02     Tr[DP]  2.985606e-01
 iter:  73:2        |ddm|: 1.072200e-04     Tr[DP]  2.985428e-01
 iter:  74:1        |ddm|: 1.184315e-02     Tr[DP]  2.985665e-01
 iter:  74:2        |ddm|: 8.733355e-05     Tr[DP]  2.985470e-01
 iter:  75:1        |ddm|: 1.091807e-02     Tr[DP]  2.985689e-01
 iter:  75:2        |ddm|: 7.672028e-05     Tr[DP]  2.985521e-01
 iter:  76:1        |ddm|: 9.393966e-03     Tr[DP]  2.985719e-01
 iter:  76:2        |ddm|: 6.712427e-05     Tr[DP]  2.985561e-01
 iter:  77:1        |ddm|: 7.865487e-03     Tr[DP]  2.985742e-01
 iter:  77:2        |ddm|: 5.873530e-05     Tr[DP]  2.985595e-01
 iter:  78:1        |ddm|: 7.385540e-03     Tr[DP]  2.985756e-01
 iter:  78:2        |ddm|: 5.148795e-05     Tr[DP]  2.985630e-01
 iter:  79:1        |ddm|: 6.320298e-03     Tr[DP]  2.985774e-01
 iter:  79:2        |ddm|: 4.525371e-05     Tr[DP]  2.985658e-01
 iter:  80:1        |ddm|: 4.813769e-03     Tr[DP]  2.985789e-01
 iter:  80:2        |ddm|: 4.167604e-05     Tr[DP]  2.985676e-01
 iter:  81:1        |ddm|: 4.960591e-03     Tr[DP]  2.985794e-01
 iter:  81:2        |ddm|: 3.423645e-05     Tr[DP]  2.985701e-01
 iter:  82:1        |ddm|: 5.268933e-03     Tr[DP]  2.985802e-01
 iter:  82:2        |ddm|: 3.216664e-05     Tr[DP]  2.985728e-01
 iter:  83:1        |ddm|: 4.401011e-03     Tr[DP]  2.985816e-01
 iter:  83:2        |ddm|: 2.800389e-05     Tr[DP]  2.985747e-01
 iter:  84:1        |ddm|: 3.597562e-03     Tr[DP]  2.985827e-01
 iter:  84:2        |ddm|: 2.485643e-05     Tr[DP]  2.985762e-01
 iter:  85:1        |ddm|: 2.593243e-03     Tr[DP]  2.985837e-01
 iter:  85:2        |ddm|: 2.355821e-05     Tr[DP]  2.985772e-01
 iter:  86:1        |ddm|: 3.900126e-03     Tr[DP]  2.985834e-01
 iter:  86:2        |ddm|: 2.745682e-05     Tr[DP]  2.985794e-01
 iter:  87:1        |ddm|: 4.191471e-03     Tr[DP]  2.985845e-01
 iter:  87:2        |ddm|: 2.743042e-05     Tr[DP]  2.985814e-01
 iter:  88:1        |ddm|: 2.171584e-03     Tr[DP]  2.985864e-01
 iter:  88:2        |ddm|: 1.992331e-05     Tr[DP]  2.985820e-01
 iter:  89:1        |ddm|: 1.839634e-03     Tr[DP]  2.985867e-01
 iter:  89:2        |ddm|: 1.506377e-05     Tr[DP]  2.985828e-01
 iter:  90:1        |ddm|: 1.856943e-03     Tr[DP]  2.985870e-01
 iter:  90:2        |ddm|: 1.290357e-05     Tr[DP]  2.985837e-01
 iter:  91:1        |ddm|: 1.643198e-03     Tr[DP]  2.985874e-01
 iter:  91:2        |ddm|: 1.141650e-05     Tr[DP]  2.985844e-01
 iter:  92:1        |ddm|: 1.493793e-03     Tr[DP]  2.985877e-01
 iter:  92:2        |ddm|: 1.012325e-05     Tr[DP]  2.985851e-01
 iter:  93:1        |ddm|: 1.564097e-03     Tr[DP]  2.985880e-01
 iter:  93:2        |ddm|: 9.853784e-06     Tr[DP]  2.985859e-01
 iter:  94:1        |ddm|: 1.496066e-03     Tr[DP]  2.985884e-01
 iter:  94:2        |ddm|: 9.333931e-06     Tr[DP]  2.985866e-01
 iter:  95:1        |ddm|: 1.160015e-03     Tr[DP]  2.985889e-01
 iter:  95:2        |ddm|: 7.777383e-06     Tr[DP]  2.985871e-01
 iter:  96:1        |ddm|: 9.625283e-04     Tr[DP]  2.985891e-01
 iter:  96:2        |ddm|: 6.815097e-06     Tr[DP]  2.985875e-01
 iter:  97:1        |ddm|: 7.704564e-04     Tr[DP]  2.985894e-01
 iter:  97:2        |ddm|: 6.058813e-06     Tr[DP]  2.985878e-01
 iter:  98:1        |ddm|: 6.137701e-04     Tr[DP]  2.985895e-01
 iter:  98:2        |ddm|: 5.435466e-06     Tr[DP]  2.985881e-01
 iter:  99:1        |ddm|: 5.230486e-04     Tr[DP]  2.985896e-01
 iter:  99:2        |ddm|: 4.667233e-06     Tr[DP]  2.985883e-01
 iter: 100:1        |ddm|: 6.537660e-04     Tr[DP]  2.985896e-01
 iter: 100:2        |ddm|: 4.241910e-06     Tr[DP]  2.985886e-01
 iter: 101:1        |ddm|: 5.909168e-04     Tr[DP]  2.985898e-01
 iter: 101:2        |ddm|: 3.610596e-06     Tr[DP]  2.985889e-01
 iter: 102:1        |ddm|: 6.186673e-04     Tr[DP]  2.985899e-01
 iter: 102:2        |ddm|: 3.910711e-06     Tr[DP]  2.985892e-01
 iter: 103:1        |ddm|: 5.095036e-04     Tr[DP]  2.985901e-01
 iter: 103:2        |ddm|: 3.166563e-06     Tr[DP]  2.985894e-01
 iter: 104:1        |ddm|: 4.481698e-04     Tr[DP]  2.985902e-01
 iter: 104:2        |ddm|: 2.894680e-06     Tr[DP]  2.985896e-01
 iter: 105:1        |ddm|: 3.884140e-04     Tr[DP]  2.985904e-01
 iter: 105:2        |ddm|: 2.552640e-06     Tr[DP]  2.985898e-01
 iter: 106:1        |ddm|: 3.222214e-04     Tr[DP]  2.985905e-01
 iter: 106:2        |ddm|: 2.231891e-06     Tr[DP]  2.985899e-01
 iter: 107:1        |ddm|: 2.788574e-04     Tr[DP]  2.985905e-01
 iter: 107:2        |ddm|: 1.963544e-06     Tr[DP]  2.985901e-01
 iter: 108:1        |ddm|: 2.554240e-04     Tr[DP]  2.985906e-01
 iter: 108:2        |ddm|: 1.747054e-06     Tr[DP]  2.985902e-01
 iter: 109:1        |ddm|: 2.304418e-04     Tr[DP]  2.985907e-01
 iter: 109:2        |ddm|: 1.554456e-06     Tr[DP]  2.985903e-01
 iter: 110:1        |ddm|: 1.819383e-04     Tr[DP]  2.985907e-01
 iter: 110:2        |ddm|: 1.379292e-06     Tr[DP]  2.985904e-01
 iter: 111:1        |ddm|: 1.413392e-04     Tr[DP]  2.985908e-01
 iter: 111:2        |ddm|: 1.251667e-06     Tr[DP]  2.985904e-01
 iter: 112:1        |ddm|: 1.564956e-04     Tr[DP]  2.985908e-01
 iter: 112:2        |ddm|: 1.052115e-06     Tr[DP]  2.985905e-01
 iter: 113:1        |ddm|: 1.418683e-04     Tr[DP]  2.985908e-01
 iter: 113:2        |ddm|: 9.179251e-07     Tr[DP]  2.985906e-01
 iter: 114:1        |ddm|: 1.249953e-04     Tr[DP]  2.985908e-01
 iter: 114:2        |ddm|: 8.193782e-07     Tr[DP]  2.985906e-01
 iter: 115:1        |ddm|: 1.093844e-04     Tr[DP]  2.985909e-01
 iter: 115:2        |ddm|: 7.307570e-07     Tr[DP]  2.985907e-01
 iter: 116:1        |ddm|: 1.154857e-04     Tr[DP]  2.985909e-01
 iter: 116:2        |ddm|: 7.118032e-07     Tr[DP]  2.985907e-01
 iter: 117:1        |ddm|: 1.739783e-04     Tr[DP]  2.985909e-01
 iter: 117:2        |ddm|: 1.285282e-06     Tr[DP]  2.985908e-01
 iter: 118:1        |ddm|: 7.513103e-05     Tr[DP]  2.985910e-01
 iter: 118:2        |ddm|: 7.779081e-07     Tr[DP]  2.985908e-01
 iter: 119:1        |ddm|: 6.484495e-05     Tr[DP]  2.985910e-01
 iter: 119:2        |ddm|: 5.304384e-07     Tr[DP]  2.985909e-01
 iter: 120:1        |ddm|: 6.198311e-05     Tr[DP]  2.985910e-01
 iter: 120:2        |ddm|: 4.562213e-07     Tr[DP]  2.985909e-01
 iter: 121:1        |ddm|: 5.661366e-05     Tr[DP]  2.985910e-01
 iter: 121:2        |ddm|: 4.008725e-07     Tr[DP]  2.985909e-01
 iter: 122:1        |ddm|: 5.097773e-05     Tr[DP]  2.985910e-01
 iter: 122:2        |ddm|: 3.570052e-07     Tr[DP]  2.985909e-01
 iter: 123:1        |ddm|: 4.592669e-05     Tr[DP]  2.985910e-01
 iter: 123:2        |ddm|: 3.125138e-07     Tr[DP]  2.985910e-01
 iter: 124:1        |ddm|: 3.500587e-05     Tr[DP]  2.985911e-01
 iter: 124:2        |ddm|: 2.835782e-07     Tr[DP]  2.985910e-01
 iter: 125:1        |ddm|: 3.247055e-05     Tr[DP]  2.985911e-01
 iter: 125:2        |ddm|: 2.391215e-07     Tr[DP]  2.985910e-01
 iter: 126:1        |ddm|: 3.161932e-05     Tr[DP]  2.985911e-01
 iter: 126:2        |ddm|: 2.096276e-07     Tr[DP]  2.985910e-01
 iter: 127:1        |ddm|: 2.816987e-05     Tr[DP]  2.985911e-01
 iter: 127:2        |ddm|: 1.868520e-07     Tr[DP]  2.985910e-01
 iter: 128:1        |ddm|: 2.942335e-05     Tr[DP]  2.985911e-01
 iter: 128:2        |ddm|: 1.769001e-07     Tr[DP]  2.985910e-01
 iter: 129:1        |ddm|: 2.860596e-05     Tr[DP]  2.985911e-01
 iter: 129:2        |ddm|: 1.845173e-07     Tr[DP]  2.985910e-01
 iter: 130:1        |ddm|: 2.980490e-05     Tr[DP]  2.985911e-01
 iter: 130:2        |ddm|: 1.850314e-07     Tr[DP]  2.985911e-01
 iter: 131:1        |ddm|: 1.896155e-05     Tr[DP]  2.985911e-01
 iter: 131:2        |ddm|: 1.414525e-07     Tr[DP]  2.985911e-01
 iter: 132:1        |ddm|: 1.725296e-05     Tr[DP]  2.985911e-01
 iter: 132:2        |ddm|: 1.212235e-07     Tr[DP]  2.985911e-01
 iter: 133:1        |ddm|: 1.495386e-05     Tr[DP]  2.985911e-01
 iter: 133:2        |ddm|: 1.060098e-07     Tr[DP]  2.985911e-01
 iter: 134:1        |ddm|: 1.353153e-05     Tr[DP]  2.985911e-01
 iter: 134:2        |ddm|: 9.358952e-08     Tr[DP]  2.985911e-01
 iter: 135:1        |ddm|: 1.137137e-05     Tr[DP]  2.985911e-01
 iter: 135:2        |ddm|: 8.179225e-08     Tr[DP]  2.985911e-01
 iter: 136:1        |ddm|: 1.030913e-05     Tr[DP]  2.985911e-01
 iter: 136:2        |ddm|: 7.220184e-08     Tr[DP]  2.985911e-01
 iter: 137:1        |ddm|: 1.085453e-05     Tr[DP]  2.985911e-01
 iter: 137:2        |ddm|: 6.649790e-08     Tr[DP]  2.985911e-01
 iter: 138:1        |ddm|: 8.524799e-06     Tr[DP]  2.985911e-01
 iter: 138:2        |ddm|: 5.766407e-08     Tr[DP]  2.985911e-01
 iter: 139:1        |ddm|: 7.162968e-06     Tr[DP]  2.985911e-01
 iter: 139:2        |ddm|: 5.407753e-08     Tr[DP]  2.985911e-01
 iter: 140:1        |ddm|: 7.141938e-06     Tr[DP]  2.985911e-01
 iter: 140:2        |ddm|: 4.770732e-08     Tr[DP]  2.985911e-01
 iter: 141:1        |ddm|: 6.391216e-06     Tr[DP]  2.985911e-01
 iter: 141:2        |ddm|: 4.260133e-08     Tr[DP]  2.985911e-01
 iter: 142:1        |ddm|: 5.869788e-06     Tr[DP]  2.985911e-01
 iter: 142:2        |ddm|: 3.771045e-08     Tr[DP]  2.985911e-01
 iter: 143:1        |ddm|: 4.596475e-06     Tr[DP]  2.985911e-01
 iter: 143:2        |ddm|: 3.296186e-08     Tr[DP]  2.985911e-01
 iter: 144:1        |ddm|: 4.443189e-06     Tr[DP]  2.985911e-01
 iter: 144:2        |ddm|: 2.938180e-08     Tr[DP]  2.985911e-01
 iter: 145:1        |ddm|: 4.228029e-06     Tr[DP]  2.985911e-01
 iter: 145:2        |ddm|: 2.626170e-08     Tr[DP]  2.985911e-01
 iter: 146:1        |ddm|: 3.651251e-06     Tr[DP]  2.985911e-01
 iter: 146:2        |ddm|: 2.353461e-08     Tr[DP]  2.985911e-01
 iter: 147:1        |ddm|: 3.296873e-06     Tr[DP]  2.985911e-01
 iter: 147:2        |ddm|: 2.109336e-08     Tr[DP]  2.985911e-01
 iter: 148:1        |ddm|: 2.872183e-06     Tr[DP]  2.985911e-01
 iter: 148:2        |ddm|: 1.885557e-08     Tr[DP]  2.985911e-01
 iter: 149:1        |ddm|: 2.303978e-06     Tr[DP]  2.985911e-01
 iter: 149:2        |ddm|: 1.689566e-08     Tr[DP]  2.985911e-01
 iter: 150:1        |ddm|: 2.409740e-06     Tr[DP]  2.985911e-01
 iter: 150:2        |ddm|: 1.514227e-08     Tr[DP]  2.985911e-01
 iter: 151:1        |ddm|: 1.875685e-06     Tr[DP]  2.985911e-01
 iter: 151:2        |ddm|: 1.354726e-08     Tr[DP]  2.985911e-01
 iter: 152:1        |ddm|: 1.905205e-06     Tr[DP]  2.985911e-01
 iter: 152:2        |ddm|: 1.214032e-08     Tr[DP]  2.985911e-01
 iter: 153:1        |ddm|: 1.477300e-06     Tr[DP]  2.985911e-01
 iter: 153:2        |ddm|: 1.082997e-08     Tr[DP]  2.985911e-01
 iter: 154:1        |ddm|: 1.338434e-06     Tr[DP]  2.985911e-01
 iter: 154:2        |ddm|: 9.703328e-09     Tr[DP]  2.985911e-01
 iter: 155:1        |ddm|: 1.604029e-06     Tr[DP]  2.985911e-01
 iter: 155:2        |ddm|: 8.717479e-09     Tr[DP]  2.985911e-01
 iter: 156:1        |ddm|: 9.805662e-07     Tr[DP]  2.985911e-01
 iter: 156:2        |ddm|: 7.788104e-09     Tr[DP]  2.985911e-01
 iter: 157:1        |ddm|: 1.177227e-06     Tr[DP]  2.985911e-01
 iter: 157:2        |ddm|: 7.003139e-09     Tr[DP]  2.985911e-01
 iter: 158:1        |ddm|: 9.589495e-07     Tr[DP]  2.985911e-01
 iter: 158:2        |ddm|: 6.258888e-09     Tr[DP]  2.985911e-01
 iter: 159:1        |ddm|: 7.717715e-07     Tr[DP]  2.985911e-01
 iter: 159:2        |ddm|: 5.617683e-09     Tr[DP]  2.985911e-01
 iter: 160:1        |ddm|: 8.734719e-07     Tr[DP]  2.985911e-01
 iter: 160:2        |ddm|: 5.035156e-09     Tr[DP]  2.985911e-01
 iter: 161:1        |ddm|: 6.553765e-07     Tr[DP]  2.985911e-01
 iter: 161:2        |ddm|: 4.512044e-09     Tr[DP]  2.985911e-01
 iter: 162:1        |ddm|: 8.145597e-07     Tr[DP]  2.985911e-01
 iter: 162:2        |ddm|: 4.052856e-09     Tr[DP]  2.985911e-01
 iter: 163:1        |ddm|: 4.953650e-07     Tr[DP]  2.985911e-01
 iter: 163:2        |ddm|: 3.618312e-09     Tr[DP]  2.985911e-01
 iter: 164:1        |ddm|: 4.127288e-07     Tr[DP]  2.985911e-01
 iter: 164:2        |ddm|: 3.255790e-09     Tr[DP]  2.985911e-01
 iter: 165:1        |ddm|: 4.649280e-07     Tr[DP]  2.985911e-01
 iter: 165:2        |ddm|: 2.920658e-09     Tr[DP]  2.985911e-01
 iter: 166:1        |ddm|: 3.800662e-07     Tr[DP]  2.985911e-01
 iter: 166:2        |ddm|: 2.635834e-09     Tr[DP]  2.985911e-01
 iter: 167:1        |ddm|: 3.689639e-07     Tr[DP]  2.985911e-01
 iter: 167:2        |ddm|: 2.381398e-09     Tr[DP]  2.985911e-01
 iter: 168:1        |ddm|: 3.161036e-07     Tr[DP]  2.985911e-01
 iter: 168:2        |ddm|: 2.126398e-09     Tr[DP]  2.985911e-01
 iter: 169:1        |ddm|: 3.916814e-07     Tr[DP]  2.985911e-01
 iter: 169:2        |ddm|: 1.917728e-09     Tr[DP]  2.985911e-01
 iter: 170:1        |ddm|: 5.039741e-07     Tr[DP]  2.985911e-01
 iter: 170:2        |ddm|: 1.742231e-09     Tr[DP]  2.985911e-01
 iter: 171:1        |ddm|: 2.787981e-07     Tr[DP]  2.985911e-01
 iter: 171:2        |ddm|: 1.581747e-09     Tr[DP]  2.985911e-01
 iter: 172:1        |ddm|: 2.944147e-07     Tr[DP]  2.985911e-01
 iter: 172:2        |ddm|: 1.419229e-09     Tr[DP]  2.985911e-01
 iter: 173:1        |ddm|: 2.885920e-07     Tr[DP]  2.985911e-01
 iter: 173:2        |ddm|: 1.274646e-09     Tr[DP]  2.985911e-01
 iter: 174:1        |ddm|: 3.335441e-07     Tr[DP]  2.985911e-01
 iter: 174:2        |ddm|: 1.173732e-09     Tr[DP]  2.985911e-01
 iter: 175:1        |ddm|: 1.749938e-07     Tr[DP]  2.985911e-01
 iter: 175:2        |ddm|: 1.080698e-09     Tr[DP]  2.985911e-01
 iter: 176:1        |ddm|: 3.512366e-07     Tr[DP]  2.985911e-01
 iter: 176:2        |ddm|: 9.659846e-10     Tr[DP]  2.985911e-01
 iter: 177:1        |ddm|: 1.838816e-07     Tr[DP]  2.985911e-01
 iter: 177:2        |ddm|: 8.791739e-10     Tr[DP]  2.985911e-01
 iter: 178:1        |ddm|: 1.917641e-07     Tr[DP]  2.985911e-01
 iter: 178:2        |ddm|: 8.015014e-10     Tr[DP]  2.985911e-01
 iter: 179:1        |ddm|: 2.624404e-07     Tr[DP]  2.985911e-01
 iter: 179:2        |ddm|: 7.473434e-10     Tr[DP]  2.985911e-01
 iter: 180:1        |ddm|: 1.834669e-07     Tr[DP]  2.985911e-01
 iter: 180:2        |ddm|: 7.038379e-10     Tr[DP]  2.985911e-01
 iter: 181:1        |ddm|: 1.981829e-07     Tr[DP]  2.985911e-01
 iter: 181:2        |ddm|: 6.344214e-10     Tr[DP]  2.985911e-01
 iter: 182:1        |ddm|: 1.709430e-07     Tr[DP]  2.985911e-01
 iter: 182:2        |ddm|: 5.850316e-10     Tr[DP]  2.985911e-01
 iter: 183:1        |ddm|: 2.488705e-07     Tr[DP]  2.985911e-01
 iter: 183:2        |ddm|: 5.570364e-10     Tr[DP]  2.985911e-01
 iter: 184:1        |ddm|: 1.986967e-07     Tr[DP]  2.985911e-01
 iter: 184:2        |ddm|: 5.340002e-10     Tr[DP]  2.985911e-01
 iter: 185:1        |ddm|: 1.527824e-07     Tr[DP]  2.985911e-01
 iter: 185:2        |ddm|: 4.991004e-10     Tr[DP]  2.985911e-01
 iter: 186:1        |ddm|: 2.034292e-07     Tr[DP]  2.985911e-01
 iter: 186:2        |ddm|: 4.690895e-10     Tr[DP]  2.985911e-01
 iter: 187:1        |ddm|: 1.069135e-07     Tr[DP]  2.985911e-01
 iter: 187:2        |ddm|: 4.362120e-10     Tr[DP]  2.985911e-01
 iter: 188:1        |ddm|: 1.496944e-07     Tr[DP]  2.985911e-01
 iter: 188:2        |ddm|: 4.227602e-10     Tr[DP]  2.985911e-01
 iter: 189:1        |ddm|: 1.828126e-07     Tr[DP]  2.985911e-01
 iter: 189:2        |ddm|: 4.135247e-10     Tr[DP]  2.985911e-01
 iter: 190:1        |ddm|: 2.664782e-07     Tr[DP]  2.985911e-01