********************************************************************************
*                              PySCF CALCULATION                               *
********************************************************************************

================================== Input File ==================================
atoms
C         -6.79451       -0.46150        0.04720
C         -5.54884        0.39559        0.15565
H         -7.71729        0.12529        0.17660
H         -6.79859       -1.25773        0.81104
H         -6.85283       -0.95757       -0.93666
C         -4.26399       -0.39470       -0.02109
H         -5.52628        0.90825        1.13643
H         -5.58096        1.20702       -0.59655
C         -3.00730        0.44925        0.08565
H         -4.28040       -0.90833       -1.00342
H         -4.22631       -1.20826        0.73108
C         -1.72354       -0.34057       -0.09184
H         -2.99073        0.96198        1.06825
H         -3.04549        1.26289       -0.66616
C         -0.46706        0.50379        0.01598
H         -1.73934       -0.85274       -1.07471
H         -1.68529       -1.15458        0.65948
C          0.81649       -0.28627       -0.16217
H         -0.45069        1.01545        0.99908
H         -0.50531        1.31816       -0.73498
C          2.07272        0.55840       -0.05363
H          0.80054       -0.79758       -1.14544
H          0.85484       -1.10064        0.58856
C          3.35433       -0.23456       -0.23162
H          2.08941        1.06913        0.92982
H          2.03555        1.37288       -0.80442
C          4.61254        0.61763       -0.11172
H          3.34301       -0.73973       -1.21773
H          3.39840       -1.05080        0.51516
C          5.84905       -0.19422       -0.31802
H          4.64074        1.09951        0.88397
H          4.55180        1.44073       -0.85104
C          6.70271       -0.55599        0.63981
H          7.45032       -1.33945        0.48329
H          6.68602       -0.07733        1.62695
H          5.93326       -0.67759       -1.30383
end

basis cc-pVDZ
scf
method cas[2,2]/nevpt2
grid 4
conv 1e-8
grad 1e-8
maxiter 100
end
================================== End Input ===================================


******** <class 'pyscf.scf.hf.RHF'> flags ********
method = RHF
initial guess = atom
damping factor = 0
level shift factor = 0
DIIS = <class 'pyscf.scf.diis.CDIIS'>
DIIS start cycle = 1
DIIS space = 8
SCF tol = 1e-08
SCF gradient tol = 1e-08
max. SCF cycles = 100
direct_scf = True
direct_scf_tol = 1e-13
chkfile to save SCF result = /panfs/roc/scratch/graha682/D165/201711_ccpVDZ_NEVPT2_165c12h24/tmptHvJDp
max_memory 4000 MB (current use 45 MB)
Initial guess from superpostion of atomic densties.
init E= -475.475443921912
  HOMO = -0.378015349903869  LUMO = -0.0566911792616092
cycle= 1 E= -468.142817426111  delta_E= 7.33  |g|= 0.882  |ddm|= 5.35
  HOMO = -0.306075170345935  LUMO = 0.192776478501244
cycle= 2 E= -468.384501677431  delta_E= -0.242  |g|= 0.285  |ddm|= 0.936
  HOMO = -0.365824254313133  LUMO = 0.16104929491252
cycle= 3 E= -468.410187650792  delta_E= -0.0257  |g|= 0.0936  |ddm|= 0.344
  HOMO = -0.355003450710513  LUMO = 0.173437472858281
cycle= 4 E= -468.413347065614  delta_E= -0.00316  |g|= 0.00933  |ddm|= 0.118
  HOMO = -0.353140351600545  LUMO = 0.174812176465914
cycle= 5 E= -468.413378979551  delta_E= -3.19e-05  |g|= 0.00402  |ddm|= 0.0137
  HOMO = -0.353740702013945  LUMO = 0.174394070286018
cycle= 6 E= -468.413384086683  delta_E= -5.11e-06  |g|= 0.000666  |ddm|= 0.00464
  HOMO = -0.35387342457857  LUMO = 0.174284979520698
cycle= 7 E= -468.413384311327  delta_E= -2.25e-07  |g|= 0.000301  |ddm|= 0.00116
  HOMO = -0.353838599771629  LUMO = 0.174319640419075
cycle= 8 E= -468.41338434844  delta_E= -3.71e-08  |g|= 6.54e-05  |ddm|= 0.000497
  HOMO = -0.353844128475236  LUMO = 0.174312192812373
cycle= 9 E= -468.413384351838  delta_E= -3.4e-09  |g|= 3.52e-05  |ddm|= 0.000135
  HOMO = -0.353846361958496  LUMO = 0.174309980379029
cycle= 10 E= -468.413384352609  delta_E= -7.71e-10  |g|= 1.3e-05  |ddm|= 6.69e-05
  HOMO = -0.353845692652607  LUMO = 0.174310324650264
cycle= 11 E= -468.413384352762  delta_E= -1.53e-10  |g|= 3.16e-06  |ddm|= 3.72e-05
  HOMO = -0.353845894782042  LUMO = 0.17431016948382
cycle= 12 E= -468.413384352768  delta_E= -5.68e-12  |g|= 7.5e-07  |ddm|= 6.13e-06
  HOMO = -0.353845941897474  LUMO = 0.174310129758975
cycle= 13 E= -468.413384352767  delta_E= 1.14e-12  |g|= 2.19e-07  |ddm|= 1.68e-06
  HOMO = -0.353845908195631  LUMO = 0.17431015763917
cycle= 14 E= -468.413384352765  delta_E= 1.82e-12  |g|= 7.64e-08  |ddm|= 5.1e-07
  HOMO = -0.35384592160718  LUMO = 0.174310146796869
cycle= 15 E= -468.413384352766  delta_E= -4.55e-13  |g|= 2.47e-08  |ddm|= 1.65e-07
  HOMO = -0.353845920828661  LUMO = 0.174310147132667
cycle= 16 E= -468.413384352766  delta_E= -2.27e-13  |g|= 1.38e-08  |ddm|= 2.47e-08
  HOMO = -0.353845919463862  LUMO = 0.174310147896325
cycle= 17 E= -468.413384352765  delta_E= 1.36e-12  |g|= 5.4e-09  |ddm|= 2.77e-08
  HOMO = -0.353845918782611  LUMO = 0.174310148572942
Extra cycle  E= -468.413384352761  delta_E= 3.41e-12  |g|= 2.56e-09  |ddm|= 8.47e-09
converged SCF energy = -468.413384352761

******** <class 'pyscf.mcscf.mc1step.CASSCF'> flags ********
CAS (1e+1e, 2o), ncore = 47, nvir = 239
max_cycle_macro = 50
max_cycle_micro = 4
conv_tol = 1e-07
conv_tol_grad = None
orbital rotation max_stepsize = 0.02
augmented hessian ah_max_cycle = 30
augmented hessian ah_conv_tol = 1e-12
augmented hessian ah_linear dependence = 1e-14
augmented hessian ah_level shift = 0
augmented hessian ah_start_tol = 2.5
augmented hessian ah_start_cycle = 3
augmented hessian ah_grad_trust_region = 3
kf_trust_region = 3
kf_interval = 4
ci_response_space = 4
ci_grad_trust_region = 3
with_dep4 0
natorb = False
canonicalization = True
sorting_mo_energy = False
chkfile = /panfs/roc/scratch/graha682/D165/201711_ccpVDZ_NEVPT2_165c12h24/tmptHvJDp
max_memory 4000 MB (current use 115 MB)
internal_rotation = False
******** <class 'pyscf.fci.direct_spin1.FCISolver'> flags ********
max. cycles = 50
conv_tol = 1e-08
davidson only = False
linear dependence = 1e-10
level shift = 0.001
max iter space = 12
max_memory 4000 MB
nroots = 1
pspace_size = 400
spin = None
CASCI E = -468.426123225161  S^2 = 0.0000000
Set conv_tol_grad to 0.000316228
macro iter 1 (21 JK  4 micro), CASSCF E = -468.440246960222  dE = -0.014123735  S^2 = 0.0000000
               |grad[o]|=0.0283  |grad[c]|= 0.0267166485511  |ddm|=0.0326
macro iter 2 (16 JK  4 micro), CASSCF E = -468.440870630162  dE = -0.00062366994  S^2 = 0.0000000
               |grad[o]|=0.0107  |grad[c]|= 0.00207916986815  |ddm|=0.0113
macro iter 3 (11 JK  3 micro), CASSCF E = -468.440871155521  dE = -5.2535847e-07  S^2 = 0.0000000
               |grad[o]|=0.000528  |grad[c]|= 6.0240536271e-06  |ddm|=0.00021
macro iter 4 (1 JK  1 micro), CASSCF E = -468.440871155524  dE = -3.6379788e-12  S^2 = 0.0000000
               |grad[o]|=2.63e-05  |grad[c]|= 1.59477102564e-06  |ddm|=2.73e-06
1-step CASSCF converged in 4 macro (49 JK 12 micro) steps
CASSCF canonicalization
CASSCF energy = -468.440871155524
Sr    (-1)',   E = -0.00000000010555
Si    (+1)',   E = -0.00000000029967
Sijrs (0)  ,   E = -1.61185683357971
Sijr  (+1) ,   E = -0.01225558813157
Srsi  (-1) ,   E = -0.05242950937721
Srs   (-2) ,   E = -0.00476863365453
Sij   (+2) ,   E = -0.00094698491553
Sir   (0)' ,   E = -0.03480208779160
Nevpt2 Energy = -1.717059637855366
Total NEVPT2 = -470.157930793379819
================================================================================
TIMING STATISTICS:
                    hf     63.86s   (10.22%)
                   cas    436.32s   (69.86%)
                nevpt2     43.08s   ( 6.90%)
                 TOTAL    624.59s
================================================================================

********************************************************************************
*                              END OF CALCULATION                              *
********************************************************************************
