********************************************************************************
*                         FREEZE-AND-THAW CALCULATION                          *
********************************************************************************

================================== Input File ==================================
subsystem
C         -6.81481       -0.41548        0.09427
C         -5.56147        0.43724        0.09293
H         -7.73235        0.19145        0.14286
H         -6.82758       -1.10435        0.95610
H         -6.87608       -1.03602       -0.81602
charge +1
end

subsystem
C         -4.28367       -0.38105        0.02769
H         -5.53674        1.07534        0.99707
H         -5.58393        1.14193       -0.76040
C         -3.01934        0.45821        0.02466
H         -4.30287       -1.02140       -0.87709
H         -4.25513       -1.08694        0.88206
C         -1.74266       -0.35996       -0.03904
H         -3.00073        1.09895        0.92897
H         -3.04751        1.16305       -0.83038
C         -0.47847        0.47976       -0.04293
H         -1.76110       -1.00126       -0.94291
H         -1.71376       -1.06425        0.81636
C          0.79802       -0.33884       -0.10519
H         -0.46016        1.12166        0.86050
H         -0.50661        1.18343       -0.89888
C          2.06201        0.50110       -0.10952
H          0.77977       -0.98112       -1.00834
H          0.82667       -1.04194        0.75104
C          3.33732       -0.31885       -0.17142
H          2.08070        1.14303        0.79380
H          2.03456        1.20444       -0.96582
C          4.60273        0.52974       -0.16842
H          3.32338       -0.95585       -1.07806
H          3.36999       -1.02442        0.68131
C          5.85144       -0.28251       -0.26720
H          4.63440        1.15499        0.74374
H          4.55410        1.23655       -1.02099
C          6.83934       -0.29091        0.62655
H          6.79249        0.32749        1.53124
H          7.73182       -0.91026        0.49647
H          5.93403       -0.92517       -1.15692
charge -1
end

embed
 huzinaga
 huzfermi
 cycles 300
 conv 1e-8
 method m06
end

basis cc-pVDZ
method cas[2,2]/nevpt2
grid 4
conv 1e-8
grad 1e-8
maxiter 100
================================== End Input ===================================
tot grids = 725328

                      Getting subsystem overlap integrals                       

                          Initial subsystem densities                           
Guessing initial subsystem densities
Initial guess from superpostion of atomic densties.
Guessing initial subsystem densities
Initial guess from superpostion of atomic densties.

=========================== Starting Freeze-and-Thaw ===========================
 iter:   1:1        |ddm|: 2.895651e+00     Tr[DP]  6.529793e-01
 iter:   1:2        |ddm|: 5.897053e+00     Tr[DP]  3.300357e-01
 iter:   2:1        |ddm|: 1.944770e+00     Tr[DP]  1.405902e-01
 iter:   2:2        |ddm|: 3.900369e+00     Tr[DP]  2.428086e-01
 iter:   3:1        |ddm|: 1.059456e+00     Tr[DP]  1.755166e-01
 iter:   3:2        |ddm|: 2.566078e+00     Tr[DP]  1.580333e-01
 iter:   4:1        |ddm|: 3.023057e-01     Tr[DP]  1.456601e-01
 iter:   4:2        |ddm|: 3.936482e-01     Tr[DP]  1.623065e-01
 iter:   5:1        |ddm|: 4.619648e-02     Tr[DP]  1.515065e-01
 iter:   5:2        |ddm|: 1.352556e-01     Tr[DP]  1.569731e-01
 iter:   6:1        |ddm|: 1.766917e-02     Tr[DP]  1.520561e-01
 iter:   6:2        |ddm|: 5.441420e-02     Tr[DP]  1.541383e-01
 iter:   7:1        |ddm|: 6.412642e-03     Tr[DP]  1.517643e-01
 iter:   7:2        |ddm|: 2.722419e-02     Tr[DP]  1.530934e-01
 iter:   8:1        |ddm|: 3.181908e-03     Tr[DP]  1.517379e-01
 iter:   8:2        |ddm|: 1.598230e-02     Tr[DP]  1.525447e-01
 iter:   9:1        |ddm|: 2.150579e-03     Tr[DP]  1.517522e-01
 iter:   9:2        |ddm|: 9.169250e-03     Tr[DP]  1.521618e-01
 iter:  10:1        |ddm|: 1.065229e-03     Tr[DP]  1.517563e-01
 iter:  10:2        |ddm|: 4.448490e-03     Tr[DP]  1.519657e-01
 iter:  11:1        |ddm|: 5.264360e-04     Tr[DP]  1.517514e-01
 iter:  11:2        |ddm|: 2.773224e-03     Tr[DP]  1.518745e-01
 iter:  12:1        |ddm|: 3.127199e-04     Tr[DP]  1.517534e-01
 iter:  12:2        |ddm|: 1.411785e-03     Tr[DP]  1.518197e-01
 iter:  13:1        |ddm|: 1.709277e-04     Tr[DP]  1.517578e-01
 iter:  13:2        |ddm|: 6.345994e-04     Tr[DP]  1.517870e-01
 iter:  14:1        |ddm|: 7.372993e-05     Tr[DP]  1.517570e-01
 iter:  14:2        |ddm|: 3.742958e-04     Tr[DP]  1.517730e-01
 iter:  15:1        |ddm|: 4.350574e-05     Tr[DP]  1.517573e-01
 iter:  15:2        |ddm|: 1.840357e-04     Tr[DP]  1.517655e-01
 iter:  16:1        |ddm|: 2.527692e-05     Tr[DP]  1.517575e-01
 iter:  16:2        |ddm|: 9.210520e-05     Tr[DP]  1.517616e-01
 iter:  17:1        |ddm|: 1.706520e-05     Tr[DP]  1.517576e-01
 iter:  17:2        |ddm|: 4.959931e-05     Tr[DP]  1.517596e-01
 iter:  18:1        |ddm|: 1.285412e-05     Tr[DP]  1.517576e-01
 iter:  18:2        |ddm|: 2.637382e-05     Tr[DP]  1.517586e-01
 iter:  19:1        |ddm|: 1.166379e-05     Tr[DP]  1.517575e-01
 iter:  19:2        |ddm|: 2.376581e-05     Tr[DP]  1.517581e-01
 iter:  20:1        |ddm|: 1.135650e-05     Tr[DP]  1.517575e-01
 iter:  20:2        |ddm|: 1.896972e-05     Tr[DP]  1.517579e-01
 iter:  21:1        |ddm|: 9.575518e-06     Tr[DP]  1.517576e-01
 iter:  21:2        |ddm|: 1.333508e-05     Tr[DP]  1.517577e-01
 iter:  22:1        |ddm|: 8.218594e-06     Tr[DP]  1.517576e-01
 iter:  22:2        |ddm|: 1.049606e-05     Tr[DP]  1.517576e-01
 iter:  23:1        |ddm|: 7.305682e-06     Tr[DP]  1.517575e-01
 iter:  23:2        |ddm|: 1.097924e-05     Tr[DP]  1.517576e-01
 iter:  24:1        |ddm|: 9.492513e-06     Tr[DP]  1.517575e-01
 iter:  24:2        |ddm|: 1.454597e-05     Tr[DP]  1.517576e-01
 iter:  25:1        |ddm|: 7.661332e-06     Tr[DP]  1.517575e-01
 iter:  25:2        |ddm|: 1.156528e-05     Tr[DP]  1.517576e-01
 iter:  26:1        |ddm|: 6.632802e-06     Tr[DP]  1.517575e-01
 iter:  26:2        |ddm|: 8.966773e-06     Tr[DP]  1.517575e-01
 iter:  27:1        |ddm|: 5.605095e-06     Tr[DP]  1.517575e-01
 iter:  27:2        |ddm|: 8.036951e-06     Tr[DP]  1.517575e-01
 iter:  28:1        |ddm|: 5.615618e-06     Tr[DP]  1.517575e-01
 iter:  28:2        |ddm|: 8.964962e-06     Tr[DP]  1.517575e-01
 iter:  29:1        |ddm|: 4.894934e-06     Tr[DP]  1.517575e-01
 iter:  29:2        |ddm|: 7.008201e-06     Tr[DP]  1.517575e-01
 iter:  30:1        |ddm|: 4.918488e-06     Tr[DP]  1.517575e-01
 iter:  30:2        |ddm|: 7.870446e-06     Tr[DP]  1.517575e-01
 iter:  31:1        |ddm|: 5.799914e-06     Tr[DP]  1.517575e-01
 iter:  31:2        |ddm|: 9.150488e-06     Tr[DP]  1.517575e-01
 iter:  32:1        |ddm|: 1.265791e-05     Tr[DP]  1.517575e-01
 iter:  32:2        |ddm|: 1.733274e-05     Tr[DP]  1.517575e-01
 iter:  33:1        |ddm|: 7.828684e-06     Tr[DP]  1.517575e-01
 iter:  33:2        |ddm|: 1.116401e-05     Tr[DP]  1.517575e-01
 iter:  34:1        |ddm|: 6.627900e-06     Tr[DP]  1.517575e-01
 iter:  34:2        |ddm|: 9.626277e-06     Tr[DP]  1.517575e-01
 iter:  35:1        |ddm|: 5.782799e-06     Tr[DP]  1.517575e-01
 iter:  35:2        |ddm|: 7.916037e-06     Tr[DP]  1.517575e-01
 iter:  36:1        |ddm|: 4.934082e-06     Tr[DP]  1.517575e-01
 iter:  36:2        |ddm|: 6.901460e-06     Tr[DP]  1.517575e-01
 iter:  37:1        |ddm|: 4.291600e-06     Tr[DP]  1.517575e-01
 iter:  37:2        |ddm|: 6.039003e-06     Tr[DP]  1.517575e-01
 iter:  38:1        |ddm|: 3.758698e-06     Tr[DP]  1.517575e-01
 iter:  38:2        |ddm|: 5.328418e-06     Tr[DP]  1.517575e-01
 iter:  39:1        |ddm|: 3.377629e-06     Tr[DP]  1.517575e-01
 iter:  39:2        |ddm|: 4.994031e-06     Tr[DP]  1.517575e-01
 iter:  40:1        |ddm|: 3.057434e-06     Tr[DP]  1.517575e-01
 iter:  40:2        |ddm|: 4.596886e-06     Tr[DP]  1.517575e-01
 iter:  41:1        |ddm|: 2.834522e-06     Tr[DP]  1.517575e-01
 iter:  41:2        |ddm|: 3.674654e-06     Tr[DP]  1.517575e-01
 iter:  42:1        |ddm|: 2.413354e-06     Tr[DP]  1.517575e-01
 iter:  42:2        |ddm|: 3.009141e-06     Tr[DP]  1.517575e-01
 iter:  43:1        |ddm|: 1.954691e-06     Tr[DP]  1.517575e-01
 iter:  43:2        |ddm|: 2.388193e-06     Tr[DP]  1.517575e-01
 iter:  44:1        |ddm|: 1.668680e-06     Tr[DP]  1.517575e-01
 iter:  44:2        |ddm|: 2.855817e-06     Tr[DP]  1.517575e-01
 iter:  45:1        |ddm|: 1.975837e-06     Tr[DP]  1.517575e-01
 iter:  45:2        |ddm|: 3.281766e-06     Tr[DP]  1.517575e-01
 iter:  46:1        |ddm|: 6.383238e-06     Tr[DP]  1.517575e-01
 iter:  46:2        |ddm|: 8.442650e-06     Tr[DP]  1.517575e-01
 iter:  47:1        |ddm|: 5.902075e-06     Tr[DP]  1.517575e-01
 iter:  47:2        |ddm|: 8.588734e-06     Tr[DP]  1.517575e-01
 iter:  48:1        |ddm|: 4.707105e-06     Tr[DP]  1.517575e-01
 iter:  48:2        |ddm|: 6.807036e-06     Tr[DP]  1.517575e-01
 iter:  49:1        |ddm|: 4.126134e-06     Tr[DP]  1.517575e-01
 iter:  49:2        |ddm|: 6.127902e-06     Tr[DP]  1.517575e-01
 iter:  50:1        |ddm|: 3.737256e-06     Tr[DP]  1.517575e-01
 iter:  50:2        |ddm|: 5.586799e-06     Tr[DP]  1.517575e-01
 iter:  51:1        |ddm|: 3.495938e-06     Tr[DP]  1.517575e-01
 iter:  51:2        |ddm|: 5.406271e-06     Tr[DP]  1.517575e-01
 iter:  52:1        |ddm|: 3.296258e-06     Tr[DP]  1.517575e-01
 iter:  52:2        |ddm|: 4.966827e-06     Tr[DP]  1.517575e-01
 iter:  53:1        |ddm|: 3.895841e-06     Tr[DP]  1.517575e-01
 iter:  53:2        |ddm|: 2.700126e-06     Tr[DP]  1.517575e-01
 iter:  54:1        |ddm|: 2.145270e-06     Tr[DP]  1.517575e-01
 iter:  54:2        |ddm|: 3.722430e-06     Tr[DP]  1.517575e-01
 iter:  55:1        |ddm|: 2.146544e-06     Tr[DP]  1.517575e-01
 iter:  55:2        |ddm|: 3.266707e-06     Tr[DP]  1.517575e-01
 iter:  56:1        |ddm|: 2.035857e-06     Tr[DP]  1.517575e-01
 iter:  56:2        |ddm|: 3.058956e-06     Tr[DP]  1.517575e-01
 iter:  57:1        |ddm|: 2.048477e-06     Tr[DP]  1.517575e-01
 iter:  57:2        |ddm|: 3.296113e-06     Tr[DP]  1.517575e-01
 iter:  58:1        |ddm|: 2.278474e-06     Tr[DP]  1.517575e-01
 iter:  58:2        |ddm|: 3.713318e-06     Tr[DP]  1.517575e-01
 iter:  59:1        |ddm|: 2.408300e-06     Tr[DP]  1.517575e-01
 iter:  59:2        |ddm|: 3.935363e-06     Tr[DP]  1.517575e-01
 iter:  60:1        |ddm|: 2.312525e-06     Tr[DP]  1.517575e-01
 iter:  60:2        |ddm|: 3.001308e-06     Tr[DP]  1.517575e-01
 iter:  61:1        |ddm|: 4.821192e-06     Tr[DP]  1.517575e-01
 iter:  61:2        |ddm|: 6.934449e-06     Tr[DP]  1.517575e-01
 iter:  62:1        |ddm|: 3.358889e-06     Tr[DP]  1.517575e-01
 iter:  62:2        |ddm|: 3.743486e-06     Tr[DP]  1.517575e-01
 iter:  63:1        |ddm|: 2.463633e-06     Tr[DP]  1.517575e-01
 iter:  63:2        |ddm|: 3.675664e-06     Tr[DP]  1.517575e-01
 iter:  64:1        |ddm|: 2.275491e-06     Tr[DP]  1.517575e-01
 iter:  64:2        |ddm|: 3.385147e-06     Tr[DP]  1.517575e-01
 iter:  65:1        |ddm|: 2.131589e-06     Tr[DP]  1.517575e-01
 iter:  65:2        |ddm|: 3.287247e-06     Tr[DP]  1.517575e-01
 iter:  66:1        |ddm|: 2.013695e-06     Tr[DP]  1.517575e-01
 iter:  66:2        |ddm|: 2.923788e-06     Tr[DP]  1.517575e-01
 iter:  67:1        |ddm|: 1.879212e-06     Tr[DP]  1.517575e-01
 iter:  67:2        |ddm|: 2.174377e-06     Tr[DP]  1.517575e-01
 iter:  68:1        |ddm|: 1.654198e-06     Tr[DP]  1.517575e-01
 iter:  68:2        |ddm|: 1.526927e-06     Tr[DP]  1.517575e-01
 iter:  69:1        |ddm|: 1.110538e-06     Tr[DP]  1.517575e-01
 iter:  69:2        |ddm|: 1.730276e-06     Tr[DP]  1.517575e-01
 iter:  70:1        |ddm|: 1.386939e-06     Tr[DP]  1.517575e-01
 iter:  70:2        |ddm|: 2.286570e-06     Tr[DP]  1.517575e-01
 iter:  71:1        |ddm|: 1.599831e-06     Tr[DP]  1.517575e-01
 iter:  71:2        |ddm|: 2.532083e-06     Tr[DP]  1.517575e-01
 iter:  72:1        |ddm|: 1.678316e-06     Tr[DP]  1.517575e-01
 iter:  72:2        |ddm|: 2.623812e-06     Tr[DP]  1.517575e-01
 iter:  73:1        |ddm|: 1.849991e-06     Tr[DP]  1.517575e-01
 iter:  73:2        |ddm|: 2.933710e-06     Tr[DP]  1.517575e-01
 iter:  74:1        |ddm|: 1.853806e-06     Tr[DP]  1.517575e-01
 iter:  74:2        |ddm|: 2.875373e-06     Tr[DP]  1.517575e-01
 iter:  75:1        |ddm|: 1.702330e-06     Tr[DP]  1.517575e-01
 iter:  75:2        |ddm|: 2.437656e-06     Tr[DP]  1.517575e-01
 iter:  76:1        |ddm|: 1.548999e-06     Tr[DP]  1.517575e-01
 iter:  76:2        |ddm|: 2.341653e-06     Tr[DP]  1.517575e-01
 iter:  77:1        |ddm|: 1.469162e-06     Tr[DP]  1.517575e-01
 iter:  77:2        |ddm|: 2.227624e-06     Tr[DP]  1.517575e-01
 iter:  78:1        |ddm|: 1.379122e-06     Tr[DP]  1.517575e-01
 iter:  78:2        |ddm|: 2.032221e-06     Tr[DP]  1.517575e-01
 iter:  79:1        |ddm|: 1.816761e-06     Tr[DP]  1.517575e-01
 iter:  79:2        |ddm|: 1.016671e-06     Tr[DP]  1.517575e-01
 iter:  80:1        |ddm|: 9.989159e-07     Tr[DP]  1.517575e-01
 iter:  80:2        |ddm|: 1.741979e-06     Tr[DP]  1.517575e-01
 iter:  81:1        |ddm|: 1.017876e-06     Tr[DP]  1.517575e-01
 iter:  81:2        |ddm|: 1.549306e-06     Tr[DP]  1.517575e-01
 iter:  82:1        |ddm|: 9.841927e-07     Tr[DP]  1.517575e-01
 iter:  82:2        |ddm|: 1.482375e-06     Tr[DP]  1.517575e-01
 iter:  83:1        |ddm|: 9.382747e-07     Tr[DP]  1.517575e-01
 iter:  83:2        |ddm|: 1.388140e-06     Tr[DP]  1.517575e-01
 iter:  84:1        |ddm|: 8.914658e-07     Tr[DP]  1.517575e-01
 iter:  84:2        |ddm|: 1.340028e-06     Tr[DP]  1.517575e-01
 iter:  85:1        |ddm|: 1.343331e-06     Tr[DP]  1.517575e-01
 iter:  85:2        |ddm|: 2.138217e-06     Tr[DP]  1.517575e-01
 iter:  86:1        |ddm|: 1.452374e-06     Tr[DP]  1.517575e-01
 iter:  86:2        |ddm|: 2.224140e-06     Tr[DP]  1.517575e-01
 iter:  87:1        |ddm|: 1.278118e-06     Tr[DP]  1.517575e-01
 iter:  87:2        |ddm|: 1.361354e-06     Tr[DP]  1.517575e-01
 iter:  88:1        |ddm|: 9.295455e-07     Tr[DP]  1.517575e-01
 iter:  88:2        |ddm|: 1.381612e-06     Tr[DP]  1.517575e-01
 iter:  89:1        |ddm|: 8.681234e-07     Tr[DP]  1.517575e-01
 iter:  89:2        |ddm|: 1.231222e-06     Tr[DP]  1.517575e-01
 iter:  90:1        |ddm|: 7.894800e-07     Tr[DP]  1.517575e-01
 iter:  90:2        |ddm|: 1.120654e-06     Tr[DP]  1.517575e-01
 iter:  91:1        |ddm|: 7.240692e-07     Tr[DP]  1.517575e-01
 iter:  91:2        |ddm|: 9.396414e-07     Tr[DP]  1.517575e-01
 iter:  92:1        |ddm|: 6.311445e-07     Tr[DP]  1.517575e-01
 iter:  92:2        |ddm|: 9.209241e-07     Tr[DP]  1.517575e-01
 iter:  93:1        |ddm|: 7.055569e-07     Tr[DP]  1.517575e-01
 iter:  93:2        |ddm|: 5.288964e-07     Tr[DP]  1.517575e-01
 iter:  94:1        |ddm|: 5.354629e-07     Tr[DP]  1.517575e-01
 iter:  94:2        |ddm|: 9.142841e-07     Tr[DP]  1.517575e-01
 iter:  95:1        |ddm|: 6.447129e-07     Tr[DP]  1.517575e-01
 iter:  95:2        |ddm|: 1.016391e-06     Tr[DP]  1.517575e-01
 iter:  96:1        |ddm|: 7.672057e-07     Tr[DP]  1.517575e-01
 iter:  96:2        |ddm|: 1.208345e-06     Tr[DP]  1.517575e-01
 iter:  97:1        |ddm|: 7.863138e-07     Tr[DP]  1.517575e-01
 iter:  97:2        |ddm|: 1.208636e-06     Tr[DP]  1.517575e-01
 iter:  98:1        |ddm|: 7.383880e-07     Tr[DP]  1.517575e-01
 iter:  98:2        |ddm|: 1.090594e-06     Tr[DP]  1.517575e-01
 iter:  99:1        |ddm|: 6.774023e-07     Tr[DP]  1.517575e-01
 iter:  99:2        |ddm|: 9.893286e-07     Tr[DP]  1.517575e-01
 iter: 100:1        |ddm|: 6.410170e-07     Tr[DP]  1.517575e-01
 iter: 100:2        |ddm|: 9.816478e-07     Tr[DP]  1.517575e-01
 iter: 101:1        |ddm|: 6.234290e-07     Tr[DP]  1.517575e-01
 iter: 101:2        |ddm|: 9.531445e-07     Tr[DP]  1.517575e-01
 iter: 102:1        |ddm|: 6.635873e-07     Tr[DP]  1.517575e-01
 iter: 102:2        |ddm|: 1.068032e-06     Tr[DP]  1.517575e-01
 iter: 103:1        |ddm|: 6.245582e-07     Tr[DP]  1.517575e-01
 iter: 103:2        |ddm|: 7.347049e-07     Tr[DP]  1.517575e-01
 iter: 104:1        |ddm|: 4.916570e-07     Tr[DP]  1.517575e-01
 iter: 104:2        |ddm|: 6.521881e-07     Tr[DP]  1.517575e-01
 iter: 105:1        |ddm|: 4.312601e-07     Tr[DP]  1.517575e-01
 iter: 105:2        |ddm|: 5.936627e-07     Tr[DP]  1.517575e-01
 iter: 106:1        |ddm|: 3.915455e-07     Tr[DP]  1.517575e-01
 iter: 106:2        |ddm|: 5.510007e-07     Tr[DP]  1.517575e-01
 iter: 107:1        |ddm|: 3.646422e-07     Tr[DP]  1.517575e-01
 iter: 107:2        |ddm|: 5.314885e-07     Tr[DP]  1.517575e-01
 iter: 108:1        |ddm|: 3.468042e-07     Tr[DP]  1.517575e-01
 iter: 108:2        |ddm|: 4.421761e-07     Tr[DP]  1.517575e-01
 iter: 109:1        |ddm|: 2.965652e-07     Tr[DP]  1.517575e-01
 iter: 109:2        |ddm|: 3.919968e-07     Tr[DP]  1.517575e-01
 iter: 110:1        |ddm|: 3.017664e-07     Tr[DP]  1.517575e-01
 iter: 110:2        |ddm|: 2.833507e-07     Tr[DP]  1.517575e-01
 iter: 111:1        |ddm|: 3.351568e-07     Tr[DP]  1.517575e-01
 iter: 111:2        |ddm|: 5.307491e-07     Tr[DP]  1.517575e-01
 iter: 112:1        |ddm|: 4.015263e-07     Tr[DP]  1.517575e-01
 iter: 112:2        |ddm|: 6.164461e-07     Tr[DP]  1.517575e-01
 iter: 113:1        |ddm|: 4.580767e-07     Tr[DP]  1.517575e-01
 iter: 113:2        |ddm|: 7.083365e-07     Tr[DP]  1.517575e-01
 iter: 114:1        |ddm|: 4.362313e-07     Tr[DP]  1.517575e-01
 iter: 114:2        |ddm|: 6.511751e-07     Tr[DP]  1.517575e-01
 iter: 115:1        |ddm|: 3.989422e-07     Tr[DP]  1.517575e-01
 iter: 115:2        |ddm|: 5.803895e-07     Tr[DP]  1.517575e-01
 iter: 116:1        |ddm|: 3.639720e-07     Tr[DP]  1.517575e-01
 iter: 116:2        |ddm|: 5.343429e-07     Tr[DP]  1.517575e-01
 iter: 117:1        |ddm|: 3.465874e-07     Tr[DP]  1.517575e-01
 iter: 117:2        |ddm|: 5.337465e-07     Tr[DP]  1.517575e-01
 iter: 118:1        |ddm|: 3.356526e-07     Tr[DP]  1.517575e-01
 iter: 118:2        |ddm|: 5.089000e-07     Tr[DP]  1.517575e-01
 iter: 119:1        |ddm|: 3.104611e-07     Tr[DP]  1.517575e-01
 iter: 119:2        |ddm|: 3.654913e-07     Tr[DP]  1.517575e-01
 iter: 120:1        |ddm|: 2.507420e-07     Tr[DP]  1.517575e-01
 iter: 120:2        |ddm|: 3.856210e-07     Tr[DP]  1.517575e-01
 iter: 121:1        |ddm|: 2.493156e-07     Tr[DP]  1.517575e-01
 iter: 121:2        |ddm|: 3.822887e-07     Tr[DP]  1.517575e-01
 iter: 122:1        |ddm|: 2.454805e-07     Tr[DP]  1.517575e-01
 iter: 122:2        |ddm|: 3.721697e-07     Tr[DP]  1.517575e-01
 iter: 123:1        |ddm|: 2.391284e-07     Tr[DP]  1.517575e-01
 iter: 123:2        |ddm|: 3.602680e-07     Tr[DP]  1.517575e-01
 iter: 124:1        |ddm|: 2.311547e-07     Tr[DP]  1.517575e-01
 iter: 124:2        |ddm|: 3.468772e-07     Tr[DP]  1.517575e-01
 iter: 125:1        |ddm|: 2.224023e-07     Tr[DP]  1.517575e-01
 iter: 125:2        |ddm|: 3.326814e-07     Tr[DP]  1.517575e-01
 iter: 126:1        |ddm|: 2.146817e-07     Tr[DP]  1.517575e-01
 iter: 126:2        |ddm|: 3.217454e-07     Tr[DP]  1.517575e-01
 iter: 127:1        |ddm|: 2.075961e-07     Tr[DP]  1.517575e-01
 iter: 127:2        |ddm|: 3.114065e-07     Tr[DP]  1.517575e-01
 iter: 128:1        |ddm|: 2.005703e-07     Tr[DP]  1.517575e-01
 iter: 128:2        |ddm|: 3.010070e-07     Tr[DP]  1.517575e-01
 iter: 129:1        |ddm|: 1.936704e-07     Tr[DP]  1.517575e-01
 iter: 129:2        |ddm|: 2.907272e-07     Tr[DP]  1.517575e-01
 iter: 130:1        |ddm|: 1.869732e-07     Tr[DP]  1.517575e-01
 iter: 130:2        |ddm|: 2.807047e-07     Tr[DP]  1.517575e-01
 iter: 131:1        |ddm|: 1.804953e-07     Tr[DP]  1.517575e-01
 iter: 131:2        |ddm|: 2.710301e-07     Tr[DP]  1.517575e-01
 iter: 132:1        |ddm|: 1.742733e-07     Tr[DP]  1.517575e-01
 iter: 132:2        |ddm|: 2.617568e-07     Tr[DP]  1.517575e-01
 iter: 133:1        |ddm|: 1.683393e-07     Tr[DP]  1.517575e-01
 iter: 133:2        |ddm|: 2.528471e-07     Tr[DP]  1.517575e-01
 iter: 134:1        |ddm|: 1.626128e-07     Tr[DP]  1.517575e-01
 iter: 134:2        |ddm|: 2.442655e-07     Tr[DP]  1.517575e-01
 iter: 135:1        |ddm|: 1.570637e-07     Tr[DP]  1.517575e-01
 iter: 135:2        |ddm|: 2.359708e-07     Tr[DP]  1.517575e-01
 iter: 136:1        |ddm|: 1.516888e-07     Tr[DP]  1.517575e-01
 iter: 136:2        |ddm|: 2.279468e-07     Tr[DP]  1.517575e-01
 iter: 137:1        |ddm|: 1.464911e-07     Tr[DP]  1.517575e-01
 iter: 137:2        |ddm|: 2.201872e-07     Tr[DP]  1.517575e-01
 iter: 138:1        |ddm|: 1.414696e-07     Tr[DP]  1.517575e-01
 iter: 138:2        |ddm|: 2.126881e-07     Tr[DP]  1.517575e-01
 iter: 139:1        |ddm|: 1.366209e-07     Tr[DP]  1.517575e-01
 iter: 139:2        |ddm|: 2.054416e-07     Tr[DP]  1.517575e-01
 iter: 140:1        |ddm|: 1.319439e-07     Tr[DP]  1.517575e-01
 iter: 140:2        |ddm|: 1.984410e-07     Tr[DP]  1.517575e-01
 iter: 141:1        |ddm|: 1.274315e-07     Tr[DP]  1.517575e-01
 iter: 141:2        |ddm|: 1.916811e-07     Tr[DP]  1.517575e-01
 iter: 142:1        |ddm|: 1.230759e-07     Tr[DP]  1.517575e-01
 iter: 142:2        |ddm|: 1.851541e-07     Tr[DP]  1.517575e-01
 iter: 143:1        |ddm|: 1.188701e-07     Tr[DP]  1.517575e-01
 iter: 143:2        |ddm|: 1.788507e-07     Tr[DP]  1.517575e-01
 iter: 144:1        |ddm|: 1.148084e-07     Tr[DP]  1.517575e-01
 iter: 144:2        |ddm|: 1.727624e-07     Tr[DP]  1.517575e-01
 iter: 145:1        |ddm|: 1.108853e-07     Tr[DP]  1.517575e-01
 iter: 145:2        |ddm|: 1.668811e-07     Tr[DP]  1.517575e-01
 iter: 146:1        |ddm|: 1.070962e-07     Tr[DP]  1.517575e-01
 iter: 146:2        |ddm|: 1.611995e-07     Tr[DP]  1.517575e-01
 iter: 147:1        |ddm|: 1.034369e-07     Tr[DP]  1.517575e-01
 iter: 147:2        |ddm|: 1.557107e-07     Tr[DP]  1.517575e-01
 iter: 148:1        |ddm|: 9.990335e-08     Tr[DP]  1.517575e-01
 iter: 148:2        |ddm|: 1.504084e-07     Tr[DP]  1.517575e-01
 iter: 149:1        |ddm|: 9.649139e-08     Tr[DP]  1.517575e-01
 iter: 149:2        |ddm|: 1.452866e-07     Tr[DP]  1.517575e-01
 iter: 150:1        |ddm|: 9.319671e-08     Tr[DP]  1.517575e-01
 iter: 150:2        |ddm|: 1.403394e-07     Tr[DP]  1.517575e-01
 iter: 151:1        |ddm|: 9.001516e-08     Tr[DP]  1.517575e-01
 iter: 151:2        |ddm|: 1.355609e-07     Tr[DP]  1.517575e-01
 iter: 152:1        |ddm|: 8.694266e-08     Tr[DP]  1.517575e-01
 iter: 152:2        |ddm|: 1.309452e-07     Tr[DP]  1.517575e-01
 iter: 153:1        |ddm|: 8.397535e-08     Tr[DP]  1.517575e-01
 iter: 153:2        |ddm|: 1.264868e-07     Tr[DP]  1.517575e-01
 iter: 154:1        |ddm|: 8.110957e-08     Tr[DP]  1.517575e-01
 iter: 154:2        |ddm|: 1.221801e-07     Tr[DP]  1.517575e-01
 iter: 155:1        |ddm|: 7.834186e-08     Tr[DP]  1.517575e-01
 iter: 155:2        |ddm|: 1.180200e-07     Tr[DP]  1.517575e-01
 iter: 156:1        |ddm|: 7.566886e-08     Tr[DP]  1.517575e-01
 iter: 156:2        |ddm|: 1.140015e-07     Tr[DP]  1.517575e-01
 iter: 157:1        |ddm|: 7.308736e-08     Tr[DP]  1.517575e-01
 iter: 157:2        |ddm|: 1.101198e-07     Tr[DP]  1.517575e-01
 iter: 158:1        |ddm|: 7.059419e-08     Tr[DP]  1.517575e-01
 iter: 158:2        |ddm|: 1.063702e-07     Tr[DP]  1.517575e-01
 iter: 159:1        |ddm|: 6.818635e-08     Tr[DP]  1.517575e-01
 iter: 159:2        |ddm|: 1.027483e-07     Tr[DP]  1.517575e-01
 iter: 160:1        |ddm|: 6.586083e-08     Tr[DP]  1.517575e-01
 iter: 160:2        |ddm|: 9.924978e-08     Tr[DP]  1.517575e-01
 iter: 161:1        |ddm|: 6.361482e-08     Tr[DP]  1.517575e-01
 iter: 161:2        |ddm|: 9.587041e-08     Tr[DP]  1.517575e-01
 iter: 162:1        |ddm|: 6.144557e-08     Tr[DP]  1.517575e-01
 iter: 162:2        |ddm|: 9.260607e-08     Tr[DP]  1.517575e-01
 iter: 163:1        |ddm|: 5.935045e-08     Tr[DP]  1.517575e-01
 iter: 163:2        |ddm|: 8.945286e-08     Tr[DP]  1.517575e-01
 iter: 164:1        |ddm|: 5.732689e-08     Tr[DP]  1.517575e-01
 iter: 164:2        |ddm|: 8.640703e-08     Tr[DP]  1.517575e-01
 iter: 165:1        |ddm|: 5.537247e-08     Tr[DP]  1.517575e-01
 iter: 165:2        |ddm|: 8.346492e-08     Tr[DP]  1.517575e-01
 iter: 166:1        |ddm|: 5.348480e-08     Tr[DP]  1.517575e-01
 iter: 166:2        |ddm|: 8.062293e-08     Tr[DP]  1.517575e-01
 iter: 167:1        |ddm|: 5.166160e-08     Tr[DP]  1.517575e-01
 iter: 167:2        |ddm|: 7.787776e-08     Tr[DP]  1.517575e-01
 iter: 168:1        |ddm|: 4.990064e-08     Tr[DP]  1.517575e-01
 iter: 168:2        |ddm|: 7.522602e-08     Tr[DP]  1.517575e-01
 iter: 169:1        |ddm|: 4.819981e-08     Tr[DP]  1.517575e-01
 iter: 169:2        |ddm|: 7.266462e-08     Tr[DP]  1.517575e-01
 iter: 170:1        |ddm|: 4.655704e-08     Tr[DP]  1.517575e-01
 iter: 170:2        |ddm|: 7.019040e-08     Tr[DP]  1.517575e-01
 iter: 171:1        |ddm|: 4.497034e-08     Tr[DP]  1.517575e-01
 iter: 171:2        |ddm|: 6.780043e-08     Tr[DP]  1.517575e-01
 iter: 172:1        |ddm|: 4.343776e-08     Tr[DP]  1.517575e-01
 iter: 172:2        |ddm|: 6.549186e-08     Tr[DP]  1.517575e-01
 iter: 173:1        |ddm|: 4.195750e-08     Tr[DP]  1.517575e-01
 iter: 173:2        |ddm|: 6.326184e-08     Tr[DP]  1.517575e-01
 iter: 174:1        |ddm|: 4.052775e-08     Tr[DP]  1.517575e-01
 iter: 174:2        |ddm|: 6.110780e-08     Tr[DP]  1.517575e-01
 iter: 175:1        |ddm|: 3.914677e-08     Tr[DP]  1.517575e-01
 iter: 175:2        |ddm|: 5.902707e-08     Tr[DP]  1.517575e-01
 iter: 176:1        |ddm|: 3.781287e-08     Tr[DP]  1.517575e-01
 iter: 176:2        |ddm|: 5.701720e-08     Tr[DP]  1.517575e-01
 iter: 177:1        |ddm|: 3.652450e-08     Tr[DP]  1.517575e-01
 iter: 177:2        |ddm|: 5.507578e-08     Tr[DP]  1.517575e-01
 iter: 178:1        |ddm|: 3.528006e-08     Tr[DP]  1.517575e-01
 iter: 178:2        |ddm|: 5.320044e-08     Tr[DP]  1.517575e-01
 iter: 179:1        |ddm|: 3.407806e-08     Tr[DP]  1.517575e-01
 iter: 179:2        |ddm|: 5.138893e-08     Tr[DP]  1.517575e-01
 iter: 180:1        |ddm|: 3.291704e-08     Tr[DP]  1.517575e-01
 iter: 180:2        |ddm|: 4.963921e-08     Tr[DP]  1.517575e-01
 iter: 181:1        |ddm|: 3.179562e-08     Tr[DP]  1.517575e-01
 iter: 181:2        |ddm|: 4.794897e-08     Tr[DP]  1.517575e-01
 iter: 182:1        |ddm|: 3.071242e-08     Tr[DP]  1.517575e-01
 iter: 182:2        |ddm|: 4.631627e-08     Tr[DP]  1.517575e-01
 iter: 183:1        |ddm|: 2.966615e-08     Tr[DP]  1.517575e-01
 iter: 183:2        |ddm|: 4.473921e-08     Tr[DP]  1.517575e-01
 iter: 184:1        |ddm|: 2.865556e-08     Tr[DP]  1.517575e-01
 iter: 184:2        |ddm|: 4.321584e-08     Tr[DP]  1.517575e-01
 iter: 185:1        |ddm|: 2.767942e-08     Tr[DP]  1.517575e-01
 iter: 185:2        |ddm|: 4.174439e-08     Tr[DP]  1.517575e-01
 iter: 186:1        |ddm|: 2.673654e-08     Tr[DP]  1.517575e-01
 iter: 186:2        |ddm|: 4.032293e-08     Tr[DP]  1.517575e-01
 iter: 187:1        |ddm|: 2.582581e-08     Tr[DP]  1.517575e-01
 iter: 187:2        |ddm|: 3.894996e-08     Tr[DP]  1.517575e-01
 iter: 188:1        |ddm|: 2.494610e-08     Tr[DP]  1.517575e-01
 iter: 188:2        |ddm|: 3.762375e-08     Tr[DP]  1.517575e-01
 iter: 189:1        |ddm|: 2.409639e-08     Tr[DP]  1.517575e-01
 iter: 189:2        |ddm|: 3.634262e-08     Tr[DP]  1.517575e-01
 iter: 190:1        |ddm|: 2.327563e-08     Tr[DP]  1.517575e-01
 iter: 190:2        |ddm|: 3.510517e-08     Tr[DP]  1.517575e-01
 iter: 191:1        |ddm|: 2.248284e-08     Tr[DP]  1.517575e-01
 iter: 191:2        |ddm|: 3.390980e-08     Tr[DP]  1.517575e-01
 iter: 192:1        |ddm|: 2.171706e-08     Tr[DP]  1.517575e-01
 iter: 192:2        |ddm|: 3.275518e-08     Tr[DP]  1.517575e-01
 iter: 193:1        |ddm|: 2.097739e-08     Tr[DP]  1.517575e-01
 iter: 193:2        |ddm|: 3.163983e-08     Tr[DP]  1.517575e-01
 iter: 194:1        |ddm|: 2.026291e-08     Tr[DP]  1.517575e-01
 iter: 194:2        |ddm|: 3.056246e-08     Tr[DP]  1.517575e-01
 iter: 195:1        |ddm|: 1.957278e-08     Tr[DP]  1.517575e-01
 iter: 195:2        |ddm|: 2.952187e-08     Tr[DP]  1.517575e-01
 iter: 196:1        |ddm|: 1.890616e-08     Tr[DP]  1.517575e-01
 iter: 196:2        |ddm|: 2.851660e-08     Tr[DP]  1.517575e-01
 iter: 197:1        |ddm|: 1.826225e-08     Tr[DP]  1.517575e-01
 iter: 197:2        |ddm|: 2.754564e-08     Tr[DP]  1.517575e-01
 iter: 198:1        |ddm|: 1.764028e-08     Tr[DP]  1.517575e-01
 iter: 198:2        |ddm|: 2.660767e-08     Tr[DP]  1.517575e-01
 iter: 199:1        |ddm|: 1.703950e-08     Tr[DP]  1.517575e-01
 iter: 199:2        |ddm|: 2.570169e-08     Tr[DP]  1.517575e-01
 iter: 200:1        |ddm|: 1.645919e-08     Tr[DP]  1.517575e-01
 iter: 200:2        |ddm|: 2.482657e-08     Tr[DP]  1.517575e-01
 iter: 201:1        |ddm|: 1.589865e-08     Tr[DP]  1.517575e-01
 iter: 201:2        |ddm|: 2.398120e-08     Tr[DP]  1.517575e-01
 iter: 202:1        |ddm|: 1.535719e-08     Tr[DP]  1.517575e-01
 iter: 202:2        |ddm|: 2.316466e-08     Tr[DP]  1.517575e-01
 iter: 203:1        |ddm|: 1.483420e-08     Tr[DP]  1.517575e-01
 iter: 203:2        |ddm|: 2.237587e-08     Tr[DP]  1.517575e-01
 iter: 204:1        |ddm|: 1.432901e-08     Tr[DP]  1.517575e-01
 iter: 204:2        |ddm|: 2.161399e-08     Tr[DP]  1.517575e-01
 iter: 205:1        |ddm|: 1.384103e-08     Tr[DP]  1.517575e-01
 iter: 205:2        |ddm|: 2.087802e-08     Tr[DP]  1.517575e-01
 iter: 206:1        |ddm|: 1.336967e-08     Tr[DP]  1.517575e-01
 iter: 206:2        |ddm|: 2.016712e-08     Tr[DP]  1.517575e-01
 iter: 207:1        |ddm|: 1.291438e-08     Tr[DP]  1.517575e-01
 iter: 207:2        |ddm|: 1.948039e-08     Tr[DP]  1.517575e-01
 iter: 208:1        |ddm|: 1.247457e-08     Tr[DP]  1.517575e-01
 iter: 208:2        |ddm|: 1.881710e-08     Tr[DP]  1.517575e-01
 iter: 209:1        |ddm|: 1.204976e-08     Tr[DP]  1.517575e-01
 iter: 209:2        |ddm|: 1.817637e-08     Tr[DP]  1.517575e-01
 iter: 210:1        |ddm|: 1.163941e-08     Tr[DP]  1.517575e-01
 iter: 210:2        |ddm|: 1.755749e-08     Tr[DP]  1.517575e-01
 iter: 211:1        |ddm|: 1.124305e-08     Tr[DP]  1.517575e-01
 iter: 211:2        |ddm|: 1.695962e-08     Tr[DP]  1.517575e-01
 iter: 212:1        |ddm|: 1.086017e-08     Tr[DP]  1.517575e-01
 iter: 212:2        |ddm|: 1.638212e-08     Tr[DP]  1.517575e-01
 iter: 213:1        |ddm|: 1.049035e-08     Tr[DP]  1.517575e-01
 iter: 213:2        |ddm|: 1.582433e-08     Tr[DP]  1.517575e-01
 iter: 214:1        |ddm|: 1.013311e-08     Tr[DP]  1.517575e-01
 iter: 214:2        |ddm|: 1.528551e-08     Tr[DP]  1.517575e-01
 iter: 215:1        |ddm|: 9.788053e-09     Tr[DP]  1.517575e-01
 iter: 215:2        |ddm|: 1.476501e-08     Tr[DP]  1.517575e-01
 iter: 216:1        |ddm|: 9.454738e-09     Tr[DP]  1.517575e-01
 iter: 216:2        |ddm|: 1.426224e-08     Tr[DP]  1.517575e-01
 iter: 217:1        |ddm|: 9.132772e-09     Tr[DP]  1.517575e-01
 iter: 217:2        |ddm|: 1.377663e-08     Tr[DP]  1.517575e-01
 iter: 218:1        |ddm|: 8.821775e-09     Tr[DP]  1.517575e-01
 iter: 218:2        |ddm|: 1.330753e-08     Tr[DP]  1.517575e-01
 iter: 219:1        |ddm|: 8.521375e-09     Tr[DP]  1.517575e-01
 iter: 219:2        |ddm|: 1.285439e-08     Tr[DP]  1.517575e-01
 iter: 220:1        |ddm|: 8.231191e-09     Tr[DP]  1.517575e-01
 iter: 220:2        |ddm|: 1.241666e-08     Tr[DP]  1.517575e-01
 iter: 221:1        |ddm|: 7.950906e-09     Tr[DP]  1.517575e-01
 iter: 221:2        |ddm|: 1.199396e-08     Tr[DP]  1.517575e-01
 iter: 222:1        |ddm|: 7.680156e-09     Tr[DP]  1.517575e-01
 iter: 222:2        |ddm|: 1.158557e-08     Tr[DP]  1.517575e-01
 iter: 223:1        |ddm|: 7.418632e-09     Tr[DP]  1.517575e-01
 iter: 223:2        |ddm|: 1.119105e-08     Tr[DP]  1.517575e-01
 iter: 224:1        |ddm|: 7.166006e-09     Tr[DP]  1.517575e-01
 iter: 224:2        |ddm|: 1.081002e-08     Tr[DP]  1.517575e-01
 iter: 225:1        |ddm|: 6.921997e-09     Tr[DP]  1.517575e-01
 iter: 225:2        |ddm|: 1.044191e-08     Tr[DP]  1.517575e-01
 iter: 226:1        |ddm|: 6.686279e-09     Tr[DP]  1.517575e-01
 iter: 226:2        |ddm|: 1.008638e-08     Tr[DP]  1.517575e-01
 iter: 227:1        |ddm|: 6.458607e-09     Tr[DP]  1.517575e-01
 iter: 227:2        |ddm|: 9.742876e-09     Tr[DP]  1.517575e-01
 iter: 228:1        |ddm|: 6.238668e-09     Tr[DP]  1.517575e-01
 iter: 228:2        |ddm|: 9.411136e-09     Tr[DP]  1.517575e-01
 iter: 229:1        |ddm|: 6.026240e-09     Tr[DP]  1.517575e-01
 iter: 229:2        |ddm|: 9.090712e-09     Tr[DP]  1.517575e-01
 iter: 230:1        |ddm|: 5.821031e-09     Tr[DP]  1.517575e-01
 iter: 230:2        |ddm|: 8.781151e-09     Tr[DP]  1.517575e-01
 iter: 231:1        |ddm|: 5.622814e-09     Tr[DP]  1.517575e-01
 iter: 231:2        |ddm|: 8.482166e-09     Tr[DP]  1.517575e-01
 iter: 232:1        |ddm|: 5.431345e-09     Tr[DP]  1.517575e-01
 iter: 232:2        |ddm|: 8.193339e-09     Tr[DP]  1.517575e-01
 iter: 233:1        |ddm|: 5.246413e-09     Tr[DP]  1.517575e-01
 iter: 233:2        |ddm|: 7.914362e-09     Tr[DP]  1.517575e-01
 iter: 234:1        |ddm|: 5.067761e-09     Tr[DP]  1.517575e-01
 iter: 234:2        |ddm|: 7.644841e-09     Tr[DP]  1.517575e-01
 iter: 235:1        |ddm|: 4.895192e-09     Tr[DP]  1.517575e-01
 iter: 235:2        |ddm|: 7.384528e-09     Tr[DP]  1.517575e-01
 iter: 236:1        |ddm|: 4.728503e-09     Tr[DP]  1.517575e-01
 iter: 236:2        |ddm|: 7.133088e-09     Tr[DP]  1.517575e-01
 iter: 237:1        |ddm|: 4.567497e-09     Tr[DP]  1.517575e-01
 iter: 237:2        |ddm|: 6.890201e-09     Tr[DP]  1.517575e-01
 iter: 238:1        |ddm|: 4.411958e-09     Tr[DP]  1.517575e-01
 iter: 238:2        |ddm|: 6.655597e-09     Tr[DP]  1.517575e-01
 iter: 239:1        |ddm|: 4.261732e-09     Tr[DP]  1.517575e-01
 iter: 239:2        |ddm|: 6.429003e-09     Tr[DP]  1.517575e-01
 iter: 240:1        |ddm|: 4.116612e-09     Tr[DP]  1.517575e-01
 iter: 240:2        |ddm|: 6.210056e-09     Tr[DP]  1.517575e-01
 iter: 241:1        |ddm|: 3.976443e-09     Tr[DP]  1.517575e-01
 iter: 241:2        |ddm|: 5.998604e-09     Tr[DP]  1.517575e-01
                           Freeze-and-Thaw converged!                           

=================== Subsystem 1 at higher mean-field method ====================
  subiter:   1      |ddm|: 1.853880e-01
  subiter:   2      |ddm|: 2.842817e-02
  subiter:   3      |ddm|: 7.968019e-03
  subiter:   4      |ddm|: 3.514404e-03
  subiter:   5      |ddm|: 1.650014e-03
  subiter:   6      |ddm|: 3.283619e-04
  subiter:   7      |ddm|: 5.539321e-05
  subiter:   8      |ddm|: 1.258560e-05
  subiter:   9      |ddm|: 1.908826e-06
  subiter:  10      |ddm|: 2.292642e-07
  subiter:  11      |ddm|: 1.278702e-07
  subiter:  12      |ddm|: 4.469478e-09


******** <class 'pyscf.scf.hf.RHF'> flags ********
method = RHF
initial guess = minao
damping factor = 0
level shift factor = 0
DIIS = <class 'pyscf.scf.diis.CDIIS'>
DIIS start cycle = 1
DIIS space = 8
SCF tol = 1e-09
SCF gradient tol = None
max. SCF cycles = 100
direct_scf = True
direct_scf_tol = 1e-13
chkfile to save SCF result = /panfs/roc/scratch/graha682/pos_wf_hzfermi/201711_ccpVDZ_NEVPT2_m06_0_2c12h24/tmpPSayjF
max_memory 4000 MB (current use 269 MB)
Set gradient conv threshold to 3.16228e-05
init E= -71.2725039470572
  HOMO = -0.494821748258037  LUMO = 0.189111658819197
cycle= 1 E= -71.2725039470573  delta_E= -7.11e-14  |g|= 1.26e-09  |ddm|= 4.77e-09
  HOMO = -0.494821748245152  LUMO = 0.189111658756188
Extra cycle  E= -71.2725039470575  delta_E= -1.85e-13  |g|= 4.87e-10  |ddm|= 1.74e-09
converged SCF energy = -71.2725039470575


******** <class 'pyscf.dft.rks.RKS'> flags ********
method = RKS
initial guess = atom
damping factor = 0
level shift factor = 0.0
DIIS = <class 'pyscf.scf.diis.CDIIS'>
DIIS start cycle = 1
DIIS space = 8
SCF tol = 1e-08
SCF gradient tol = 1e-08
max. SCF cycles = 1
direct_scf = True
direct_scf_tol = 1e-13
chkfile to save SCF result = /panfs/roc/scratch/graha682/pos_wf_hzfermi/201711_ccpVDZ_NEVPT2_m06_0_2c12h24/tmpaqx0Og
max_memory 4000 MB (current use 265 MB)
XC functionals = m06
small_rho_cutoff = 1e-20
radial grids: Treutler-Ahlrichs (JCP 102, 346 (M4)) radial grids
becke partition: Becke, JCP, 88, 2547 (1988)
pruning grids: <function nwchem_prune at 0x178f6e0>
grids dens level: 4
symmetrized grids: False
atomic radii adjust function: <function treutler_atomic_radii_adjust at 0x178f578>
init E= -71.7651544793913
  HOMO = -0.382540351354817  LUMO = 0.0712209350537873
cycle= 1 E= -71.7651544793913  delta_E=    0  |g|= 8.61e-10  |ddm|= 3.84e-09
  HOMO = -0.382540351354741  LUMO = 0.0712209350537904
Extra cycle  E= -71.7651544793913  delta_E= -2.84e-14  |g|= 3.86e-10  |ddm|= 1.53e-09
converged SCF energy = -71.7651544793913
 iter: 242:1        |ddm|: 2.087821e-01     Tr[DP]  2.081664e-01

******** <class 'pyscf.mcscf.mc1step.CASSCF'> flags ********
CAS (1e+1e, 2o), ncore = 6, nvir = 35
max_cycle_macro = 50
max_cycle_micro = 4
conv_tol = 1e-07
conv_tol_grad = None
orbital rotation max_stepsize = 0.02
augmented hessian ah_max_cycle = 30
augmented hessian ah_conv_tol = 1e-12
augmented hessian ah_linear dependence = 1e-14
augmented hessian ah_level shift = 0
augmented hessian ah_start_tol = 2.5
augmented hessian ah_start_cycle = 3
augmented hessian ah_grad_trust_region = 3
kf_trust_region = 3
kf_interval = 4
ci_response_space = 4
ci_grad_trust_region = 3
with_dep4 0
natorb = False
canonicalization = True
sorting_mo_energy = False
chkfile = /panfs/roc/scratch/graha682/pos_wf_hzfermi/201711_ccpVDZ_NEVPT2_m06_0_2c12h24/tmpPSayjF
max_memory 4000 MB (current use 274 MB)
internal_rotation = False
******** <class 'pyscf.fci.direct_spin1.FCISolver'> flags ********
max. cycles = 50
conv_tol = 1e-08
davidson only = False
linear dependence = 1e-10
level shift = 0.001
max iter space = 12
max_memory 4000 MB
nroots = 1
pspace_size = 400
spin = None
CASCI E = -71.2725502785399  S^2 = 0.0000000
Set conv_tol_grad to 0.000316228
macro iter 1 (7 JK  2 micro), CASSCF E = -71.2725687068919  dE = -1.8428352e-05  S^2 = 0.0000000
               |grad[o]|=0.000234  |grad[c]|= 0.000450336107483  |ddm|=5.3e-05
macro iter 2 (7 JK  2 micro), CASSCF E = -71.2726241249999  dE = -5.5418108e-05  S^2 = 0.0000000
               |grad[o]|=0.000288  |grad[c]|= 0.00124589402001  |ddm|=0.000154
macro iter 3 (7 JK  2 micro), CASSCF E = -71.2727453969628  dE = -0.00012127196  S^2 = 0.0000000
               |grad[o]|=0.0005  |grad[c]|= 0.00167250212835  |ddm|=0.000331
macro iter 4 (12 JK  3 micro), CASSCF E = -71.2730927139814  dE = -0.00034731702  S^2 = 0.0000000
               |grad[o]|=0.00087  |grad[c]|= 0.00241723172624  |ddm|=0.00715
macro iter 5 (21 JK  4 micro), CASSCF E = -71.2763614128677  dE = -0.0032686989  S^2 = 0.0000000
               |grad[o]|=0.0018  |grad[c]|= 0.023556345956  |ddm|=0.00962
macro iter 6 (21 JK  4 micro), CASSCF E = -71.2844334735857  dE = -0.0080720607  S^2 = 0.0000000
               |grad[o]|=0.0122  |grad[c]|= 0.0138081453157  |ddm|=0.00848
macro iter 7 (21 JK  4 micro), CASSCF E = -71.2881702115628  dE = -0.003736738  S^2 = 0.0000000
               |grad[o]|=0.0149  |grad[c]|= 0.00806379528854  |ddm|=0.00594
macro iter 8 (14 JK  4 micro), CASSCF E = -71.2884574831762  dE = -0.00028727161  S^2 = 0.0000000
               |grad[o]|=0.00523  |grad[c]|= 0.00346478719408  |ddm|=0.000627
macro iter 9 (8 JK  3 micro), CASSCF E = -71.2884801003198  dE = -2.2617144e-05  S^2 = 0.0000000
               |grad[o]|=0.00122  |grad[c]|= 0.000294327351077  |ddm|=0.000261
macro iter 10 (3 JK  1 micro), CASSCF E = -71.2884802033607  dE = -1.0304088e-07  S^2 = 0.0000000
               |grad[o]|=0.000108  |grad[c]|= 2.8163772123e-05  |ddm|=4.01e-05
macro iter 11 (1 JK  1 micro), CASSCF E = -71.2884802033607  dE = -5.6843419e-14  S^2 = 0.0000000
               |grad[o]|=2.08e-05  |grad[c]|= 2.98529185475e-07  |ddm|=2.28e-07
1-step CASSCF converged in 11 macro (122 JK 30 micro) steps
CASSCF canonicalization
CASSCF energy = -71.2884802033607
Hartree-Fock Energy:   -71.27250394705750
CAS Correlation:       -0.01597625630325
CAS Energy:           -71.28848020336075
Sr    (-1)',   E = -0.00000000013916
Si    (+1)',   E = -0.00000000003015
Sijrs (0)  ,   E = -0.14609586066536
Sijr  (+1) ,   E = -0.00367607225148
Srsi  (-1) ,   E = -0.02331481733221
Srs   (-2) ,   E = -0.00938096337552
Sij   (+2) ,   E = -0.00022602654994
Sir   (0)' ,   E = -0.01429265251301
Nevpt2 Energy = -0.196986392856833
NEVPT2 =   -0.196986392856833
Total NEVPT2 =  -71.485466596217577

============================== Supermolecular DFT ==============================
  subiter:   1      |ddm|: 3.814051e+00
  subiter:   2      |ddm|: 8.437522e-01
  subiter:   3      |ddm|: 4.736156e-01
  subiter:   4      |ddm|: 4.460135e-02
  subiter:   5      |ddm|: 1.761000e-02
  subiter:   6      |ddm|: 4.029983e-03
  subiter:   7      |ddm|: 9.421208e-04
  subiter:   8      |ddm|: 3.062991e-04
  subiter:   9      |ddm|: 9.062290e-05
  subiter:  10      |ddm|: 3.315525e-05
  subiter:  11      |ddm|: 1.515984e-05
  subiter:  12      |ddm|: 3.947693e-06
  subiter:  13      |ddm|: 1.812061e-06
  subiter:  14      |ddm|: 4.397374e-07
  subiter:  15      |ddm|: 1.244365e-07
  subiter:  16      |ddm|: 4.608349e-08
  subiter:  17      |ddm|: 4.631038e-09


******** <class 'pyscf.dft.rks.RKS'> flags ********
method = RKS
initial guess = atom
damping factor = 0
level shift factor = 0.0
DIIS = <class 'pyscf.scf.diis.CDIIS'>
DIIS start cycle = 1
DIIS space = 8
SCF tol = 1e-08
SCF gradient tol = 1e-08
max. SCF cycles = 100
direct_scf = True
direct_scf_tol = 1e-13
chkfile to save SCF result = /panfs/roc/scratch/graha682/pos_wf_hzfermi/201711_ccpVDZ_NEVPT2_m06_0_2c12h24/tmp1Rg4_a
max_memory 4000 MB (current use 277 MB)
XC functionals = m06
small_rho_cutoff = 1e-20
radial grids: Treutler-Ahlrichs (JCP 102, 346 (M4)) radial grids
becke partition: Becke, JCP, 88, 2547 (1988)
pruning grids: <function nwchem_prune at 0x178f6e0>
grids dens level: 4
symmetrized grids: False
atomic radii adjust function: <function treutler_atomic_radii_adjust at 0x178f578>
init E= -471.321327838526
  HOMO = -0.265919340243199  LUMO = 0.0236355315034454
cycle= 1 E= -471.321327838527  delta_E= -1.59e-12  |g|= 5.84e-09  |ddm|= 9.79e-09
  HOMO = -0.265919340338751  LUMO = 0.0236355315095033
Extra cycle  E= -471.321327838529  delta_E= -2.05e-12  |g|= 8.84e-09  |ddm|= 1.19e-08
converged SCF energy = -471.321327838529
Supermolecular DFT   -471.32132783852558

============================== Embedding Energies ==============================
Subsystem DFT               -71.76515447939127
Interaction                -399.03626701373275
DFT-in-DFT                 -470.80142149312405
Supermolecular DFT         -471.32132783852558
Difference                   -0.51990634540152
Corrected DFT-in-DFT       -471.32132783852558
WF-in-DFT                  -470.52173360995033
Corrected WF-in-DFT        -471.04163995535185
================================================================================
TIMING STATISTICS:
     overlap integrals      0.03s   ( 0.00%)
    initial subsystems      0.11s   ( 0.00%)
           2e matrices   6824.67s   (91.34%)
      tot. embed. of 1   6836.65s   (91.50%)
      tot. embed. of 2      2.51s   ( 0.03%)
       freeze and thaw   6839.20s   (91.53%)
                   cas      0.92s   ( 0.01%)
                nevpt2      0.01s   ( 0.00%)
  interaction energies    629.86s   ( 8.43%)
                 TOTAL   7471.72s
================================================================================

********************************************************************************
*                              END OF CALCULATION                              *
********************************************************************************
