********************************************************************************
*                         FREEZE-AND-THAW CALCULATION                          *
********************************************************************************

================================== Input File ==================================
subsystem
C         -6.83504       -0.46401       -0.00382
C         -5.59092        0.39839       -0.08452
H         -7.75949        0.12896       -0.08345
H         -6.87676       -1.01544        0.95099
H         -6.85281       -1.21529       -0.81171
C         -4.30365       -0.39984        0.02659
H         -5.61030        1.16633        0.71243
H         -5.58425        0.96523       -1.03526
C         -3.04884        0.44977       -0.05398
H         -4.27867       -1.17034       -0.77012
H         -4.30382       -0.96712        0.97907
C         -1.76243       -0.34751        0.05908
H         -3.07477        1.22074        0.74200
H         -3.04819        1.01574       -1.00705
C         -0.50822        0.50316       -0.02174
H         -1.73596       -1.11860       -0.73672
H         -1.76240       -0.91319        1.01223
C          0.77810       -0.29409        0.09187
H         -0.53458        1.27433        0.77391
H         -0.50773        1.06869       -0.97502
charge -1
end

subsystem
C          2.03146        0.55789        0.00986
H          0.80423       -1.06616       -0.70280
H          0.77906       -0.85811        1.04588
C          3.31459       -0.24304        0.13180
H          2.00078        1.33309        0.80058
H          2.03508        1.11668       -0.94753
C          4.55990        0.61926        0.00776
H          3.33206       -1.03530       -0.64250
H          3.33065       -0.77682        1.10073
C          5.84705       -0.17277        0.07532
H          4.47817        1.45241        0.73742
H          4.58402        1.10116       -0.98704
C          7.13640       -0.52184       -0.08461
H          7.94774       -0.26798        0.62015
H          7.45622       -1.09879       -0.95837
H          5.47129       -0.85241       -0.73938
charge +1
end

embed
 huzinaga
 cycles 300
 conv 1e-8
 method m06
end

basis cc-pVTZ
method cas[2,2]/nevpt2
grid 4
conv 1e-8
grad 1e-8
maxiter 100
================================== End Input ===================================
tot grids = 725328

                      Getting subsystem overlap integrals                       

                          Initial subsystem densities                           
Guessing initial subsystem densities
Initial guess from superpostion of atomic densties.
Guessing initial subsystem densities
Initial guess from superpostion of atomic densties.

=========================== Starting Freeze-and-Thaw ===========================
 iter:   1:1        |ddm|: 2.068523e+01     Tr[DP]  8.312491e-01
 iter:   1:2        |ddm|: 3.420238e+00     Tr[DP]  3.662012e-01
 iter:   2:1        |ddm|: 3.054971e+01     Tr[DP]  3.086827e-01
 iter:   2:2        |ddm|: 2.790866e+00     Tr[DP]  1.949069e-01
 iter:   3:1        |ddm|: 3.136400e+01     Tr[DP]  1.952096e-01
 iter:   3:2        |ddm|: 1.651440e+00     Tr[DP]  2.084744e-01
 iter:   4:1        |ddm|: 2.816148e+00     Tr[DP]  1.913190e-01
 iter:   4:2        |ddm|: 5.667122e-01     Tr[DP]  1.765297e-01
 iter:   5:1        |ddm|: 1.553448e+00     Tr[DP]  1.942446e-01
 iter:   5:2        |ddm|: 3.352284e-01     Tr[DP]  1.594021e-01
 iter:   6:1        |ddm|: 1.250935e+00     Tr[DP]  1.897640e-01
 iter:   6:2        |ddm|: 2.421441e-01     Tr[DP]  1.520047e-01
 iter:   7:1        |ddm|: 9.231381e-01     Tr[DP]  1.804533e-01
 iter:   7:2        |ddm|: 1.481835e-01     Tr[DP]  1.466015e-01
 iter:   8:1        |ddm|: 6.590332e-01     Tr[DP]  1.710048e-01
 iter:   8:2        |ddm|: 9.917705e-02     Tr[DP]  1.436472e-01
 iter:   9:1        |ddm|: 4.710040e-01     Tr[DP]  1.638305e-01
 iter:   9:2        |ddm|: 7.176523e-02     Tr[DP]  1.399436e-01
 iter:  10:1        |ddm|: 3.777539e-01     Tr[DP]  1.576206e-01
 iter:  10:2        |ddm|: 7.459305e-02     Tr[DP]  1.398531e-01
 iter:  11:1        |ddm|: 3.362402e-01     Tr[DP]  1.515492e-01
 iter:  11:2        |ddm|: 6.190968e-02     Tr[DP]  1.347095e-01
 iter:  12:1        |ddm|: 2.028405e-01     Tr[DP]  1.467421e-01
 iter:  12:2        |ddm|: 3.842086e-02     Tr[DP]  1.340626e-01
 iter:  13:1        |ddm|: 1.620064e-01     Tr[DP]  1.431977e-01
 iter:  13:2        |ddm|: 3.419096e-02     Tr[DP]  1.336791e-01
 iter:  14:1        |ddm|: 1.356782e-01     Tr[DP]  1.403819e-01
 iter:  14:2        |ddm|: 2.881285e-02     Tr[DP]  1.327850e-01
 iter:  15:1        |ddm|: 1.095546e-01     Tr[DP]  1.381300e-01
 iter:  15:2        |ddm|: 2.583238e-02     Tr[DP]  1.320314e-01
 iter:  16:1        |ddm|: 9.023490e-02     Tr[DP]  1.364014e-01
 iter:  16:2        |ddm|: 2.375144e-02     Tr[DP]  1.314582e-01
 iter:  17:1        |ddm|: 9.248425e-02     Tr[DP]  1.347384e-01
 iter:  17:2        |ddm|: 2.190154e-02     Tr[DP]  1.301334e-01
 iter:  18:1        |ddm|: 5.856992e-02     Tr[DP]  1.334220e-01
 iter:  18:2        |ddm|: 1.708816e-02     Tr[DP]  1.296592e-01
 iter:  19:1        |ddm|: 4.604607e-02     Tr[DP]  1.324934e-01
 iter:  19:2        |ddm|: 1.633050e-02     Tr[DP]  1.294039e-01
 iter:  20:1        |ddm|: 4.229475e-02     Tr[DP]  1.317084e-01
 iter:  20:2        |ddm|: 1.568537e-02     Tr[DP]  1.289818e-01
 iter:  21:1        |ddm|: 3.476186e-02     Tr[DP]  1.310850e-01
 iter:  21:2        |ddm|: 1.538569e-02     Tr[DP]  1.287104e-01
 iter:  22:1        |ddm|: 3.223860e-02     Tr[DP]  1.305576e-01
 iter:  22:2        |ddm|: 1.516191e-02     Tr[DP]  1.283858e-01
 iter:  23:1        |ddm|: 2.962393e-02     Tr[DP]  1.301170e-01
 iter:  23:2        |ddm|: 1.535535e-02     Tr[DP]  1.280781e-01
 iter:  24:1        |ddm|: 2.730903e-02     Tr[DP]  1.297069e-01
 iter:  24:2        |ddm|: 1.540519e-02     Tr[DP]  1.277866e-01
 iter:  25:1        |ddm|: 2.625428e-02     Tr[DP]  1.293333e-01
 iter:  25:2        |ddm|: 1.504938e-02     Tr[DP]  1.274636e-01
 iter:  26:1        |ddm|: 3.365732e-02     Tr[DP]  1.292061e-01
 iter:  26:2        |ddm|: 2.701205e-02     Tr[DP]  1.276102e-01
 iter:  27:1        |ddm|: 3.871054e-02     Tr[DP]  1.287528e-01
 iter:  27:2        |ddm|: 1.623016e-02     Tr[DP]  1.267729e-01
 iter:  28:1        |ddm|: 2.741863e-02     Tr[DP]  1.283147e-01
 iter:  28:2        |ddm|: 1.398759e-02     Tr[DP]  1.263288e-01
 iter:  29:1        |ddm|: 2.467707e-02     Tr[DP]  1.279360e-01
 iter:  29:2        |ddm|: 1.344574e-02     Tr[DP]  1.259729e-01
 iter:  30:1        |ddm|: 2.207622e-02     Tr[DP]  1.276006e-01
 iter:  30:2        |ddm|: 1.339285e-02     Tr[DP]  1.256949e-01
 iter:  31:1        |ddm|: 2.155043e-02     Tr[DP]  1.272838e-01
 iter:  31:2        |ddm|: 1.322500e-02     Tr[DP]  1.254049e-01
 iter:  32:1        |ddm|: 2.099901e-02     Tr[DP]  1.269790e-01
 iter:  32:2        |ddm|: 1.297328e-02     Tr[DP]  1.251166e-01
 iter:  33:1        |ddm|: 1.999511e-02     Tr[DP]  1.266950e-01
 iter:  33:2        |ddm|: 1.304342e-02     Tr[DP]  1.248540e-01
 iter:  34:1        |ddm|: 2.064849e-02     Tr[DP]  1.263989e-01
 iter:  34:2        |ddm|: 1.254672e-02     Tr[DP]  1.245460e-01
 iter:  35:1        |ddm|: 1.918003e-02     Tr[DP]  1.261229e-01
 iter:  35:2        |ddm|: 1.246291e-02     Tr[DP]  1.242892e-01
 iter:  36:1        |ddm|: 1.854136e-02     Tr[DP]  1.258640e-01
 iter:  36:2        |ddm|: 1.250016e-02     Tr[DP]  1.240439e-01
 iter:  37:1        |ddm|: 1.763554e-02     Tr[DP]  1.256339e-01
 iter:  37:2        |ddm|: 1.321898e-02     Tr[DP]  1.238371e-01
 iter:  38:1        |ddm|: 1.877150e-02     Tr[DP]  1.253778e-01
 iter:  38:2        |ddm|: 1.279234e-02     Tr[DP]  1.235453e-01
 iter:  39:1        |ddm|: 1.775902e-02     Tr[DP]  1.251368e-01
 iter:  39:2        |ddm|: 1.310207e-02     Tr[DP]  1.232944e-01
 iter:  40:1        |ddm|: 1.822751e-02     Tr[DP]  1.248768e-01
 iter:  40:2        |ddm|: 1.285549e-02     Tr[DP]  1.230109e-01
 iter:  41:1        |ddm|: 1.741908e-02     Tr[DP]  1.246985e-01
 iter:  41:2        |ddm|: 1.632860e-02     Tr[DP]  1.228559e-01
 iter:  42:1        |ddm|: 2.158639e-02     Tr[DP]  1.243648e-01
 iter:  42:2        |ddm|: 1.300787e-02     Tr[DP]  1.224376e-01
 iter:  43:1        |ddm|: 1.973951e-02     Tr[DP]  1.240534e-01
 iter:  43:2        |ddm|: 1.197756e-02     Tr[DP]  1.221062e-01
 iter:  44:1        |ddm|: 1.830880e-02     Tr[DP]  1.237654e-01
 iter:  44:2        |ddm|: 1.181685e-02     Tr[DP]  1.218291e-01
 iter:  45:1        |ddm|: 1.791075e-02     Tr[DP]  1.234896e-01
 iter:  45:2        |ddm|: 1.166103e-02     Tr[DP]  1.215583e-01
 iter:  46:1        |ddm|: 1.609947e-02     Tr[DP]  1.233227e-01
 iter:  46:2        |ddm|: 1.493024e-02     Tr[DP]  1.214154e-01
 iter:  47:1        |ddm|: 1.985105e-02     Tr[DP]  1.230230e-01
 iter:  47:2        |ddm|: 1.232891e-02     Tr[DP]  1.210407e-01
 iter:  48:1        |ddm|: 1.794139e-02     Tr[DP]  1.227325e-01
 iter:  48:2        |ddm|: 1.202093e-02     Tr[DP]  1.207398e-01
 iter:  49:1        |ddm|: 1.793134e-02     Tr[DP]  1.224408e-01
 iter:  49:2        |ddm|: 1.167745e-02     Tr[DP]  1.204461e-01
 iter:  50:1        |ddm|: 1.655978e-02     Tr[DP]  1.221813e-01
 iter:  50:2        |ddm|: 1.214546e-02     Tr[DP]  1.201980e-01
 iter:  51:1        |ddm|: 1.703237e-02     Tr[DP]  1.219113e-01
 iter:  51:2        |ddm|: 1.187773e-02     Tr[DP]  1.199240e-01
 iter:  52:1        |ddm|: 1.715131e-02     Tr[DP]  1.216384e-01
 iter:  52:2        |ddm|: 1.150529e-02     Tr[DP]  1.196402e-01
 iter:  53:1        |ddm|: 1.705839e-02     Tr[DP]  1.213615e-01
 iter:  53:2        |ddm|: 1.133352e-02     Tr[DP]  1.193614e-01
 iter:  54:1        |ddm|: 1.673785e-02     Tr[DP]  1.210886e-01
 iter:  54:2        |ddm|: 1.114992e-02     Tr[DP]  1.190953e-01
 iter:  55:1        |ddm|: 1.769009e-02     Tr[DP]  1.207962e-01
 iter:  55:2        |ddm|: 1.064355e-02     Tr[DP]  1.188200e-01
 iter:  56:1        |ddm|: 2.503197e-02     Tr[DP]  1.204262e-01
 iter:  56:2        |ddm|: 1.101847e-02     Tr[DP]  1.184572e-01
 iter:  57:1        |ddm|: 2.012174e-02     Tr[DP]  1.204139e-01
 iter:  57:2        |ddm|: 1.743290e-02     Tr[DP]  1.185292e-01
 iter:  58:1        |ddm|: 1.415517e-02     Tr[DP]  1.202488e-01
 iter:  58:2        |ddm|: 1.566544e-02     Tr[DP]  1.182695e-01
 iter:  59:1        |ddm|: 1.688501e-02     Tr[DP]  1.199662e-01
 iter:  59:2        |ddm|: 1.364881e-02     Tr[DP]  1.178828e-01
 iter:  60:1        |ddm|: 1.635115e-02     Tr[DP]  1.197632e-01
 iter:  60:2        |ddm|: 1.696288e-02     Tr[DP]  1.176029e-01
 iter:  61:1        |ddm|: 1.960332e-02     Tr[DP]  1.194077e-01
 iter:  61:2        |ddm|: 1.347504e-02     Tr[DP]  1.171561e-01
 iter:  62:1        |ddm|: 1.795791e-02     Tr[DP]  1.190865e-01
 iter:  62:2        |ddm|: 1.351269e-02     Tr[DP]  1.167835e-01
 iter:  63:1        |ddm|: 2.017495e-02     Tr[DP]  1.187059e-01
 iter:  63:2        |ddm|: 1.226284e-02     Tr[DP]  1.163711e-01
 iter:  64:1        |ddm|: 2.489248e-02     Tr[DP]  1.182530e-01
 iter:  64:2        |ddm|: 1.084787e-02     Tr[DP]  1.159530e-01
 iter:  65:1        |ddm|: 1.483882e-02     Tr[DP]  1.180337e-01
 iter:  65:2        |ddm|: 1.251060e-02     Tr[DP]  1.157738e-01
 iter:  66:1        |ddm|: 1.692699e-02     Tr[DP]  1.177346e-01
 iter:  66:2        |ddm|: 1.187811e-02     Tr[DP]  1.154554e-01
 iter:  67:1        |ddm|: 1.874102e-02     Tr[DP]  1.173946e-01
 iter:  67:2        |ddm|: 1.115278e-02     Tr[DP]  1.151173e-01
 iter:  68:1        |ddm|: 1.639841e-02     Tr[DP]  1.171028e-01
 iter:  68:2        |ddm|: 1.135768e-02     Tr[DP]  1.148361e-01
 iter:  69:1        |ddm|: 1.769512e-02     Tr[DP]  1.167875e-01
 iter:  69:2        |ddm|: 1.086011e-02     Tr[DP]  1.145311e-01
 iter:  70:1        |ddm|: 1.397971e-02     Tr[DP]  1.166013e-01
 iter:  70:2        |ddm|: 1.382508e-02     Tr[DP]  1.143197e-01
 iter:  71:1        |ddm|: 2.125851e-02     Tr[DP]  1.162231e-01
 iter:  71:2        |ddm|: 1.107975e-02     Tr[DP]  1.139164e-01
 iter:  72:1        |ddm|: 1.714196e-02     Tr[DP]  1.159110e-01
 iter:  72:2        |ddm|: 1.076524e-02     Tr[DP]  1.136273e-01
 iter:  73:1        |ddm|: 1.598292e-02     Tr[DP]  1.156263e-01
 iter:  73:2        |ddm|: 1.087042e-02     Tr[DP]  1.133564e-01
 iter:  74:1        |ddm|: 1.689713e-02     Tr[DP]  1.153246e-01
 iter:  74:2        |ddm|: 1.051284e-02     Tr[DP]  1.130722e-01
 iter:  75:1        |ddm|: 1.692955e-02     Tr[DP]  1.150311e-01
 iter:  75:2        |ddm|: 1.021793e-02     Tr[DP]  1.127978e-01
 iter:  76:1        |ddm|: 1.287721e-02     Tr[DP]  1.148393e-01
 iter:  76:2        |ddm|: 1.244014e-02     Tr[DP]  1.125900e-01
 iter:  77:1        |ddm|: 1.343026e-02     Tr[DP]  1.146129e-01
 iter:  77:2        |ddm|: 1.318521e-02     Tr[DP]  1.122992e-01
 iter:  78:1        |ddm|: 1.427027e-02     Tr[DP]  1.143565e-01
 iter:  78:2        |ddm|: 1.379943e-02     Tr[DP]  1.119648e-01
 iter:  79:1        |ddm|: 1.594749e-02     Tr[DP]  1.140466e-01
 iter:  79:2        |ddm|: 1.318427e-02     Tr[DP]  1.115879e-01
 iter:  80:1        |ddm|: 1.824318e-02     Tr[DP]  1.136879e-01
 iter:  80:2        |ddm|: 1.206678e-02     Tr[DP]  1.111922e-01
 iter:  81:1        |ddm|: 1.519875e-02     Tr[DP]  1.134448e-01
 iter:  81:2        |ddm|: 1.523739e-02     Tr[DP]  1.108803e-01
 iter:  82:1        |ddm|: 2.207576e-02     Tr[DP]  1.130155e-01
 iter:  82:2        |ddm|: 1.178188e-02     Tr[DP]  1.104116e-01
 iter:  83:1        |ddm|: 1.966397e-02     Tr[DP]  1.126301e-01
 iter:  83:2        |ddm|: 1.122949e-02     Tr[DP]  1.100461e-01
 iter:  84:1        |ddm|: 1.790567e-02     Tr[DP]  1.122874e-01
 iter:  84:2        |ddm|: 1.114315e-02     Tr[DP]  1.097220e-01
 iter:  85:1        |ddm|: 1.827653e-02     Tr[DP]  1.119409e-01
 iter:  85:2        |ddm|: 1.086903e-02     Tr[DP]  1.093997e-01
 iter:  86:1        |ddm|: 1.576712e-02     Tr[DP]  1.116440e-01
 iter:  86:2        |ddm|: 1.135196e-02     Tr[DP]  1.091091e-01
 iter:  87:1        |ddm|: 1.745052e-02     Tr[DP]  1.113163e-01
 iter:  87:2        |ddm|: 1.096445e-02     Tr[DP]  1.087873e-01
 iter:  88:1        |ddm|: 1.639949e-02     Tr[DP]  1.110081e-01
 iter:  88:2        |ddm|: 1.099004e-02     Tr[DP]  1.084859e-01
 iter:  89:1        |ddm|: 1.566891e-02     Tr[DP]  1.107106e-01
 iter:  89:2        |ddm|: 1.115536e-02     Tr[DP]  1.081874e-01
 iter:  90:1        |ddm|: 1.782497e-02     Tr[DP]  1.103819e-01
 iter:  90:2        |ddm|: 1.061204e-02     Tr[DP]  1.078674e-01
 iter:  91:1        |ddm|: 1.754394e-02     Tr[DP]  1.100599e-01
 iter:  91:2        |ddm|: 1.025265e-02     Tr[DP]  1.075715e-01
 iter:  92:1        |ddm|: 1.453690e-02     Tr[DP]  1.097903e-01
 iter:  92:2        |ddm|: 1.093508e-02     Tr[DP]  1.073070e-01
 iter:  93:1        |ddm|: 1.531678e-02     Tr[DP]  1.094961e-01
 iter:  93:2        |ddm|: 1.087832e-02     Tr[DP]  1.070180e-01
 iter:  94:1        |ddm|: 1.411903e-02     Tr[DP]  1.092278e-01
 iter:  94:2        |ddm|: 1.139226e-02     Tr[DP]  1.067219e-01
 iter:  95:1        |ddm|: 1.371914e-02     Tr[DP]  1.089754e-01
 iter:  95:2        |ddm|: 1.200103e-02     Tr[DP]  1.064125e-01
 iter:  96:1        |ddm|: 1.345189e-02     Tr[DP]  1.087152e-01
 iter:  96:2        |ddm|: 1.340191e-02     Tr[DP]  1.060702e-01
 iter:  97:1        |ddm|: 2.198440e-02     Tr[DP]  1.085731e-01
 iter:  97:2        |ddm|: 2.150541e-02     Tr[DP]  1.057358e-01
 iter:  98:1        |ddm|: 2.175151e-02     Tr[DP]  1.081221e-01
 iter:  98:2        |ddm|: 1.428617e-02     Tr[DP]  1.051101e-01
 iter:  99:1        |ddm|: 2.771236e-02     Tr[DP]  1.075840e-01
 iter:  99:2        |ddm|: 1.162683e-02     Tr[DP]  1.045886e-01
 iter: 100:1        |ddm|: 2.087157e-02     Tr[DP]  1.071543e-01
 iter: 100:2        |ddm|: 1.131688e-02     Tr[DP]  1.042083e-01
 iter: 101:1        |ddm|: 2.081242e-02     Tr[DP]  1.067486e-01
 iter: 101:2        |ddm|: 1.097880e-02     Tr[DP]  1.038506e-01
 iter: 102:1        |ddm|: 1.861759e-02     Tr[DP]  1.063866e-01
 iter: 102:2        |ddm|: 1.104159e-02     Tr[DP]  1.035248e-01
 iter: 103:1        |ddm|: 1.526850e-02     Tr[DP]  1.060818e-01
 iter: 103:2        |ddm|: 1.211244e-02     Tr[DP]  1.032097e-01
 iter: 104:1        |ddm|: 1.634146e-02     Tr[DP]  1.057514e-01
 iter: 104:2        |ddm|: 1.226124e-02     Tr[DP]  1.028464e-01
 iter: 105:1        |ddm|: 1.879644e-02     Tr[DP]  1.053797e-01
 iter: 105:2        |ddm|: 1.153246e-02     Tr[DP]  1.024687e-01
 iter: 106:1        |ddm|: 1.896043e-02     Tr[DP]  1.050097e-01
 iter: 106:2        |ddm|: 1.116425e-02     Tr[DP]  1.021139e-01
 iter: 107:1        |ddm|: 1.834132e-02     Tr[DP]  1.046535e-01
 iter: 107:2        |ddm|: 1.102855e-02     Tr[DP]  1.017806e-01
 iter: 108:1        |ddm|: 1.500379e-02     Tr[DP]  1.043538e-01
 iter: 108:2        |ddm|: 1.201990e-02     Tr[DP]  1.014660e-01
 iter: 109:1        |ddm|: 2.152235e-02     Tr[DP]  1.039649e-01
 iter: 109:2        |ddm|: 1.057012e-02     Tr[DP]  1.011027e-01
 iter: 110:1        |ddm|: 1.974091e-02     Tr[DP]  1.036089e-01
 iter: 110:2        |ddm|: 1.024418e-02     Tr[DP]  1.007979e-01
 iter: 111:1        |ddm|: 1.652337e-02     Tr[DP]  1.034598e-01
 iter: 111:2        |ddm|: 1.595898e-02     Tr[DP]  1.005408e-01
 iter: 112:1        |ddm|: 2.049084e-02     Tr[DP]  1.030601e-01
 iter: 112:2        |ddm|: 1.188476e-02     Tr[DP]  1.000763e-01
 iter: 113:1        |ddm|: 2.071223e-02     Tr[DP]  1.026522e-01
 iter: 113:2        |ddm|: 1.107162e-02     Tr[DP]  9.968701e-02
 iter: 114:1        |ddm|: 1.745605e-02     Tr[DP]  1.023028e-01
 iter: 114:2        |ddm|: 1.121164e-02     Tr[DP]  9.934808e-02
 iter: 115:1        |ddm|: 1.898152e-02     Tr[DP]  1.021544e-01
 iter: 115:2        |ddm|: 1.833513e-02     Tr[DP]  9.900912e-02
 iter: 116:1        |ddm|: 2.771575e-02     Tr[DP]  1.016307e-01
 iter: 116:2        |ddm|: 1.181744e-02     Tr[DP]  9.845803e-02
 iter: 117:1        |ddm|: 2.744258e-02     Tr[DP]  1.011356e-01
 iter: 117:2        |ddm|: 1.048553e-02     Tr[DP]  9.806592e-02
 iter: 118:1        |ddm|: 1.444798e-02     Tr[DP]  1.008451e-01
 iter: 118:2        |ddm|: 1.219157e-02     Tr[DP]  9.777708e-02
 iter: 119:1        |ddm|: 1.874713e-02     Tr[DP]  1.004747e-01
 iter: 119:2        |ddm|: 1.131793e-02     Tr[DP]  9.740414e-02
 iter: 120:1        |ddm|: 1.745794e-02     Tr[DP]  1.001145e-01
 iter: 120:2        |ddm|: 1.151297e-02     Tr[DP]  9.704430e-02
 iter: 121:1        |ddm|: 1.859770e-02     Tr[DP]  9.992280e-02
 iter: 121:2        |ddm|: 1.773655e-02     Tr[DP]  9.669514e-02
 iter: 122:1        |ddm|: 1.676339e-02     Tr[DP]  9.956643e-02
 iter: 122:2        |ddm|: 1.557697e-02     Tr[DP]  9.615860e-02
 iter: 123:1        |ddm|: 2.295678e-02     Tr[DP]  9.907840e-02
 iter: 123:2        |ddm|: 1.315139e-02     Tr[DP]  9.560247e-02
 iter: 124:1        |ddm|: 2.557225e-02     Tr[DP]  9.857503e-02
 iter: 124:2        |ddm|: 1.192665e-02     Tr[DP]  9.512177e-02
 iter: 125:1        |ddm|: 2.062789e-02     Tr[DP]  9.814782e-02
 iter: 125:2        |ddm|: 1.202839e-02     Tr[DP]  9.471642e-02
 iter: 126:1        |ddm|: 2.008124e-02     Tr[DP]  9.773473e-02
 iter: 126:2        |ddm|: 1.210798e-02     Tr[DP]  9.431282e-02
 iter: 127:1        |ddm|: 1.995569e-02     Tr[DP]  9.732911e-02
 iter: 127:2        |ddm|: 1.201194e-02     Tr[DP]  9.391583e-02
 iter: 128:1        |ddm|: 2.069490e-02     Tr[DP]  9.691994e-02
 iter: 128:2        |ddm|: 1.170445e-02     Tr[DP]  9.352604e-02
 iter: 129:1        |ddm|: 1.927850e-02     Tr[DP]  9.653244e-02
 iter: 129:2        |ddm|: 1.185085e-02     Tr[DP]  9.315281e-02
 iter: 130:1        |ddm|: 3.565461e-02     Tr[DP]  9.602274e-02
 iter: 130:2        |ddm|: 1.087791e-02     Tr[DP]  9.279013e-02
 iter: 131:1        |ddm|: 3.331247e-02     Tr[DP]  9.558564e-02
 iter: 131:2        |ddm|: 1.004040e-02     Tr[DP]  9.259059e-02
 iter: 132:1        |ddm|: 3.315239e-02     Tr[DP]  9.521601e-02
 iter: 132:2        |ddm|: 9.856714e-03     Tr[DP]  9.248539e-02
 iter: 133:1        |ddm|: 6.335164e-02     Tr[DP]  9.546623e-02
 iter: 133:2        |ddm|: 2.967666e-02     Tr[DP]  9.239370e-02
 iter: 134:1        |ddm|: 1.774906e-02     Tr[DP]  9.518735e-02
 iter: 134:2        |ddm|: 1.856497e-02     Tr[DP]  9.171212e-02
 iter: 135:1        |ddm|: 2.334468e-02     Tr[DP]  9.468384e-02
 iter: 135:2        |ddm|: 1.453827e-02     Tr[DP]  9.104399e-02
 iter: 136:1        |ddm|: 3.257095e-02     Tr[DP]  9.410388e-02
 iter: 136:2        |ddm|: 1.174766e-02     Tr[DP]  9.048703e-02
 iter: 137:1        |ddm|: 1.709164e-02     Tr[DP]  9.372274e-02
 iter: 137:2        |ddm|: 1.578234e-02     Tr[DP]  9.006248e-02
 iter: 138:1        |ddm|: 2.686833e-02     Tr[DP]  9.322102e-02
 iter: 138:2        |ddm|: 1.191009e-02     Tr[DP]  8.955536e-02
 iter: 139:1        |ddm|: 2.546239e-02     Tr[DP]  9.274191e-02
 iter: 139:2        |ddm|: 1.139309e-02     Tr[DP]  8.914608e-02
 iter: 140:1        |ddm|: 1.615936e-02     Tr[DP]  9.238892e-02
 iter: 140:2        |ddm|: 1.247838e-02     Tr[DP]  8.877301e-02
 iter: 141:1        |ddm|: 2.276491e-02     Tr[DP]  9.195014e-02
 iter: 141:2        |ddm|: 1.191230e-02     Tr[DP]  8.833902e-02
 iter: 142:1        |ddm|: 1.860557e-02     Tr[DP]  9.155401e-02
 iter: 142:2        |ddm|: 1.223837e-02     Tr[DP]  8.793915e-02
 iter: 143:1        |ddm|: 2.255032e-02     Tr[DP]  9.112514e-02
 iter: 143:2        |ddm|: 1.166897e-02     Tr[DP]  8.753166e-02
 iter: 144:1        |ddm|: 2.125673e-02     Tr[DP]  9.071433e-02
 iter: 144:2        |ddm|: 1.149789e-02     Tr[DP]  8.715598e-02
 iter: 145:1        |ddm|: 2.176147e-02     Tr[DP]  9.030955e-02
 iter: 145:2        |ddm|: 1.119597e-02     Tr[DP]  8.679475e-02
 iter: 146:1        |ddm|: 2.361365e-02     Tr[DP]  8.990279e-02
 iter: 146:2        |ddm|: 1.066857e-02     Tr[DP]  8.645980e-02
 iter: 147:1        |ddm|: 1.562069e-02     Tr[DP]  8.964254e-02
 iter: 147:2        |ddm|: 1.440869e-02     Tr[DP]  8.612867e-02
 iter: 148:1        |ddm|: 1.892890e-02     Tr[DP]  8.925783e-02
 iter: 148:2        |ddm|: 1.251173e-02     Tr[DP]  8.566441e-02
 iter: 149:1        |ddm|: 1.771037e-02     Tr[DP]  8.886772e-02
 iter: 149:2        |ddm|: 1.274091e-02     Tr[DP]  8.522526e-02
 iter: 150:1        |ddm|: 2.052700e-02     Tr[DP]  8.857371e-02
 iter: 150:2        |ddm|: 1.729389e-02     Tr[DP]  8.473969e-02
 iter: 151:1        |ddm|: 2.140709e-02     Tr[DP]  8.820679e-02
 iter: 151:2        |ddm|: 1.828226e-02     Tr[DP]  8.410588e-02
 iter: 152:1        |ddm|: 3.608509e-02     Tr[DP]  8.759895e-02
 iter: 152:2        |ddm|: 1.310215e-02     Tr[DP]  8.343442e-02
 iter: 153:1        |ddm|: 2.899352e-02     Tr[DP]  8.704260e-02
 iter: 153:2        |ddm|: 1.238321e-02     Tr[DP]  8.294414e-02
 iter: 154:1        |ddm|: 2.959246e-02     Tr[DP]  8.652428e-02
 iter: 154:2        |ddm|: 1.177991e-02     Tr[DP]  8.251921e-02
 iter: 155:1        |ddm|: 2.030125e-02     Tr[DP]  8.610131e-02
 iter: 155:2        |ddm|: 1.253813e-02     Tr[DP]  8.213676e-02
 iter: 156:1        |ddm|: 2.143185e-02     Tr[DP]  8.567777e-02
 iter: 156:2        |ddm|: 1.248008e-02     Tr[DP]  8.172006e-02
 iter: 157:1        |ddm|: 2.252005e-02     Tr[DP]  8.524377e-02
 iter: 157:2        |ddm|: 1.222056e-02     Tr[DP]  8.130604e-02
 iter: 158:1        |ddm|: 2.304674e-02     Tr[DP]  8.481099e-02
 iter: 158:2        |ddm|: 1.202071e-02     Tr[DP]  8.090955e-02
 iter: 159:1        |ddm|: 2.485004e-02     Tr[DP]  8.437472e-02
 iter: 159:2        |ddm|: 1.153060e-02     Tr[DP]  8.053467e-02
 iter: 160:1        |ddm|: 2.100730e-02     Tr[DP]  8.409064e-02
 iter: 160:2        |ddm|: 1.659042e-02     Tr[DP]  8.013575e-02
 iter: 161:1        |ddm|: 2.869693e-02     Tr[DP]  8.362361e-02
 iter: 161:2        |ddm|: 1.228092e-02     Tr[DP]  7.961653e-02
 iter: 162:1        |ddm|: 3.145215e-02     Tr[DP]  8.312020e-02
 iter: 162:2        |ddm|: 1.130337e-02     Tr[DP]  7.921768e-02
 iter: 163:1        |ddm|: 1.877835e-02     Tr[DP]  8.273090e-02
 iter: 163:2        |ddm|: 1.231605e-02     Tr[DP]  7.887737e-02
 iter: 164:1        |ddm|: 1.757825e-02     Tr[DP]  8.242009e-02
 iter: 164:2        |ddm|: 1.492843e-02     Tr[DP]  7.845255e-02
 iter: 165:1        |ddm|: 1.992454e-02     Tr[DP]  8.201270e-02
 iter: 165:2        |ddm|: 1.381987e-02     Tr[DP]  7.793033e-02
 iter: 166:1        |ddm|: 2.308108e-02     Tr[DP]  8.155264e-02
 iter: 166:2        |ddm|: 1.293195e-02     Tr[DP]  7.742719e-02
 iter: 167:1        |ddm|: 2.876141e-02     Tr[DP]  8.105868e-02
 iter: 167:2        |ddm|: 1.201881e-02     Tr[DP]  7.697212e-02
 iter: 168:1        |ddm|: 1.973542e-02     Tr[DP]  8.063785e-02
 iter: 168:2        |ddm|: 1.298858e-02     Tr[DP]  7.656466e-02
 iter: 169:1        |ddm|: 2.279262e-02     Tr[DP]  8.020810e-02
 iter: 169:2        |ddm|: 1.245175e-02     Tr[DP]  7.612865e-02
 iter: 170:1        |ddm|: 2.549151e-02     Tr[DP]  7.975832e-02
 iter: 170:2        |ddm|: 1.193525e-02     Tr[DP]  7.571867e-02
 iter: 171:1        |ddm|: 2.397504e-02     Tr[DP]  7.932610e-02
 iter: 171:2        |ddm|: 1.180178e-02     Tr[DP]  7.534428e-02
 iter: 172:1        |ddm|: 2.210724e-02     Tr[DP]  7.891608e-02
 iter: 172:2        |ddm|: 1.179495e-02     Tr[DP]  7.498348e-02
 iter: 173:1        |ddm|: 2.241473e-02     Tr[DP]  7.851259e-02
 iter: 173:2        |ddm|: 1.160313e-02     Tr[DP]  7.462403e-02
 iter: 174:1        |ddm|: 2.249767e-02     Tr[DP]  7.811449e-02
 iter: 174:2        |ddm|: 1.146488e-02     Tr[DP]  7.427600e-02
 iter: 175:1        |ddm|: 2.144351e-02     Tr[DP]  7.772812e-02
 iter: 175:2        |ddm|: 1.140197e-02     Tr[DP]  7.393661e-02
 iter: 176:1        |ddm|: 2.160787e-02     Tr[DP]  7.734685e-02
 iter: 176:2        |ddm|: 1.120476e-02     Tr[DP]  7.360158e-02
 iter: 177:1        |ddm|: 1.955988e-02     Tr[DP]  7.698137e-02
 iter: 177:2        |ddm|: 1.139409e-02     Tr[DP]  7.326804e-02
 iter: 178:1        |ddm|: 2.097759e-02     Tr[DP]  7.661154e-02
 iter: 178:2        |ddm|: 1.107727e-02     Tr[DP]  7.293052e-02
 iter: 179:1        |ddm|: 2.433969e-02     Tr[DP]  7.622485e-02
 iter: 179:2        |ddm|: 1.050841e-02     Tr[DP]  7.261280e-02
 iter: 180:1        |ddm|: 2.724288e-02     Tr[DP]  7.583283e-02
 iter: 180:2        |ddm|: 9.806552e-03     Tr[DP]  7.234551e-02
 iter: 181:1        |ddm|: 1.617619e-02     Tr[DP]  7.552458e-02
 iter: 181:2        |ddm|: 1.146721e-02     Tr[DP]  7.209523e-02
 iter: 182:1        |ddm|: 1.691884e-02     Tr[DP]  7.526196e-02
 iter: 182:2        |ddm|: 1.306192e-02     Tr[DP]  7.174597e-02
 iter: 183:1        |ddm|: 1.799214e-02     Tr[DP]  7.497383e-02
 iter: 183:2        |ddm|: 1.354300e-02     Tr[DP]  7.128528e-02
 iter: 184:1        |ddm|: 2.165402e-02     Tr[DP]  7.466587e-02
 iter: 184:2        |ddm|: 1.507663e-02     Tr[DP]  7.076004e-02
 iter: 185:1        |ddm|: 2.278061e-02     Tr[DP]  7.426753e-02
 iter: 185:2        |ddm|: 1.369777e-02     Tr[DP]  7.018372e-02
 iter: 186:1        |ddm|: 3.111593e-02     Tr[DP]  7.378459e-02
 iter: 186:2        |ddm|: 1.239662e-02     Tr[DP]  6.966832e-02
 iter: 187:1        |ddm|: 2.935868e-02     Tr[DP]  7.330805e-02
 iter: 187:2        |ddm|: 1.169243e-02     Tr[DP]  6.925308e-02
 iter: 188:1        |ddm|: 2.831806e-02     Tr[DP]  7.286162e-02
 iter: 188:2        |ddm|: 1.122331e-02     Tr[DP]  6.889737e-02
 iter: 189:1        |ddm|: 2.508008e-02     Tr[DP]  7.244952e-02
 iter: 189:2        |ddm|: 1.108280e-02     Tr[DP]  6.857914e-02
 iter: 190:1        |ddm|: 2.374281e-02     Tr[DP]  7.206253e-02
 iter: 190:2        |ddm|: 1.093178e-02     Tr[DP]  6.827620e-02
 iter: 191:1        |ddm|: 2.067356e-02     Tr[DP]  7.170270e-02
 iter: 191:2        |ddm|: 1.110572e-02     Tr[DP]  6.797349e-02
 iter: 192:1        |ddm|: 2.097620e-02     Tr[DP]  7.135179e-02
 iter: 192:2        |ddm|: 1.098147e-02     Tr[DP]  6.766211e-02
 iter: 193:1        |ddm|: 1.777170e-02     Tr[DP]  7.102263e-02
 iter: 193:2        |ddm|: 1.175792e-02     Tr[DP]  6.733358e-02
 iter: 194:1        |ddm|: 1.830151e-02     Tr[DP]  7.069689e-02
 iter: 194:2        |ddm|: 1.189147e-02     Tr[DP]  6.696106e-02
 iter: 195:1        |ddm|: 2.022305e-02     Tr[DP]  7.034827e-02
 iter: 195:2        |ddm|: 1.175743e-02     Tr[DP]  6.657492e-02
 iter: 196:1        |ddm|: 2.100854e-02     Tr[DP]  6.998657e-02
 iter: 196:2        |ddm|: 1.167422e-02     Tr[DP]  6.619540e-02
 iter: 197:1        |ddm|: 2.037999e-02     Tr[DP]  6.962841e-02
 iter: 197:2        |ddm|: 1.188711e-02     Tr[DP]  6.581970e-02
 iter: 198:1        |ddm|: 2.141165e-02     Tr[DP]  6.926706e-02
 iter: 198:2        |ddm|: 1.177427e-02     Tr[DP]  6.544013e-02
 iter: 199:1        |ddm|: 2.384521e-02     Tr[DP]  6.889071e-02
 iter: 199:2        |ddm|: 1.139142e-02     Tr[DP]  6.507846e-02
 iter: 200:1        |ddm|: 2.245378e-02     Tr[DP]  6.852288e-02
 iter: 200:2        |ddm|: 1.141238e-02     Tr[DP]  6.474213e-02
 iter: 201:1        |ddm|: 1.976024e-02     Tr[DP]  6.818010e-02
 iter: 201:2        |ddm|: 1.192240e-02     Tr[DP]  6.439668e-02
 iter: 202:1        |ddm|: 2.995824e-02     Tr[DP]  6.780325e-02
 iter: 202:2        |ddm|: 1.062392e-02     Tr[DP]  6.406843e-02
 iter: 203:1        |ddm|: 2.368289e-02     Tr[DP]  6.743297e-02
 iter: 203:2        |ddm|: 1.060192e-02     Tr[DP]  6.380451e-02
 iter: 204:1        |ddm|: 1.934540e-02     Tr[DP]  6.711109e-02
 iter: 204:2        |ddm|: 1.103324e-02     Tr[DP]  6.352876e-02
 iter: 205:1        |ddm|: 2.533234e-02     Tr[DP]  6.677922e-02
 iter: 205:2        |ddm|: 1.011333e-02     Tr[DP]  6.325291e-02
 iter: 206:1        |ddm|: 2.293912e-02     Tr[DP]  6.644503e-02
 iter: 206:2        |ddm|: 1.003819e-02     Tr[DP]  6.301782e-02
 iter: 207:1        |ddm|: 1.985755e-02     Tr[DP]  6.613957e-02
 iter: 207:2        |ddm|: 1.008775e-02     Tr[DP]  6.278524e-02
 iter: 208:1        |ddm|: 2.056472e-02     Tr[DP]  6.584325e-02
 iter: 208:2        |ddm|: 9.794606e-03     Tr[DP]  6.254817e-02
 iter: 209:1        |ddm|: 2.009917e-02     Tr[DP]  6.555036e-02
 iter: 209:2        |ddm|: 9.690900e-03     Tr[DP]  6.231955e-02
 iter: 210:1        |ddm|: 2.007091e-02     Tr[DP]  6.526494e-02
 iter: 210:2        |ddm|: 9.452327e-03     Tr[DP]  6.209733e-02
 iter: 211:1        |ddm|: 2.034319e-02     Tr[DP]  6.498294e-02
 iter: 211:2        |ddm|: 9.192210e-03     Tr[DP]  6.188526e-02
 iter: 212:1        |ddm|: 1.972410e-02     Tr[DP]  6.470768e-02
 iter: 212:2        |ddm|: 9.005081e-03     Tr[DP]  6.168484e-02
 iter: 213:1        |ddm|: 2.159441e-02     Tr[DP]  6.443425e-02
 iter: 213:2        |ddm|: 8.544352e-03     Tr[DP]  6.150102e-02
 iter: 214:1        |ddm|: 1.664296e-02     Tr[DP]  6.419988e-02
 iter: 214:2        |ddm|: 1.018040e-02     Tr[DP]  6.129910e-02
 iter: 215:1        |ddm|: 1.808700e-02     Tr[DP]  6.397372e-02
 iter: 215:2        |ddm|: 8.901531e-03     Tr[DP]  6.105126e-02
 iter: 216:1        |ddm|: 1.971493e-02     Tr[DP]  6.370753e-02
 iter: 216:2        |ddm|: 8.550604e-03     Tr[DP]  6.083945e-02
 iter: 217:1        |ddm|: 1.862082e-02     Tr[DP]  6.345149e-02
 iter: 217:2        |ddm|: 8.421122e-03     Tr[DP]  6.064974e-02
 iter: 218:1        |ddm|: 1.872842e-02     Tr[DP]  6.320860e-02
 iter: 218:2        |ddm|: 8.164291e-03     Tr[DP]  6.047053e-02
 iter: 219:1        |ddm|: 1.556405e-02     Tr[DP]  6.299830e-02
 iter: 219:2        |ddm|: 9.599609e-03     Tr[DP]  6.026704e-02
 iter: 220:1        |ddm|: 1.693338e-02     Tr[DP]  6.278740e-02
 iter: 220:2        |ddm|: 8.613112e-03     Tr[DP]  6.003005e-02
 iter: 221:1        |ddm|: 1.737273e-02     Tr[DP]  6.254641e-02
 iter: 221:2        |ddm|: 8.507339e-03     Tr[DP]  5.981733e-02
 iter: 222:1        |ddm|: 1.711579e-02     Tr[DP]  6.233571e-02
 iter: 222:2        |ddm|: 1.056671e-02     Tr[DP]  5.957195e-02
 iter: 223:1        |ddm|: 1.689150e-02     Tr[DP]  6.214289e-02
 iter: 223:2        |ddm|: 1.053773e-02     Tr[DP]  5.926428e-02
 iter: 224:1        |ddm|: 2.260112e-02     Tr[DP]  6.189137e-02
 iter: 224:2        |ddm|: 9.483969e-03     Tr[DP]  5.899365e-02
 iter: 225:1        |ddm|: 2.236713e-02     Tr[DP]  6.162015e-02
 iter: 225:2        |ddm|: 8.853024e-03     Tr[DP]  5.877755e-02
 iter: 226:1        |ddm|: 2.092238e-02     Tr[DP]  6.136270e-02
 iter: 226:2        |ddm|: 8.394068e-03     Tr[DP]  5.859741e-02
 iter: 227:1        |ddm|: 1.992846e-02     Tr[DP]  6.112198e-02
 iter: 227:2        |ddm|: 8.073061e-03     Tr[DP]  5.843648e-02
 iter: 228:1        |ddm|: 1.888809e-02     Tr[DP]  6.088864e-02
 iter: 228:2        |ddm|: 7.832904e-03     Tr[DP]  5.829310e-02
 iter: 229:1        |ddm|: 1.646471e-02     Tr[DP]  6.067603e-02
 iter: 229:2        |ddm|: 7.906088e-03     Tr[DP]  5.814286e-02
 iter: 230:1        |ddm|: 1.663571e-02     Tr[DP]  6.047011e-02
 iter: 230:2        |ddm|: 7.622300e-03     Tr[DP]  5.799437e-02
 iter: 231:1        |ddm|: 1.723690e-02     Tr[DP]  6.026201e-02
 iter: 231:2        |ddm|: 7.406716e-03     Tr[DP]  5.785949e-02
 iter: 232:1        |ddm|: 1.627438e-02     Tr[DP]  6.006631e-02
 iter: 232:2        |ddm|: 7.159898e-03     Tr[DP]  5.772655e-02
 iter: 233:1        |ddm|: 1.534412e-02     Tr[DP]  5.987880e-02
 iter: 233:2        |ddm|: 7.228512e-03     Tr[DP]  5.759332e-02
 iter: 234:1        |ddm|: 1.395397e-02     Tr[DP]  5.971056e-02
 iter: 234:2        |ddm|: 7.740847e-03     Tr[DP]  5.745878e-02
 iter: 235:1        |ddm|: 1.365299e-02     Tr[DP]  5.955200e-02
 iter: 235:2        |ddm|: 7.470721e-03     Tr[DP]  5.728384e-02
 iter: 236:1        |ddm|: 2.245569e-02     Tr[DP]  5.941260e-02
 iter: 236:2        |ddm|: 1.115288e-02     Tr[DP]  5.705261e-02
 iter: 237:1        |ddm|: 1.883989e-02     Tr[DP]  5.926730e-02
 iter: 237:2        |ddm|: 9.336375e-03     Tr[DP]  5.679295e-02
 iter: 238:1        |ddm|: 1.872056e-02     Tr[DP]  5.904871e-02
 iter: 238:2        |ddm|: 8.569529e-03     Tr[DP]  5.660104e-02
 iter: 239:1        |ddm|: 1.874829e-02     Tr[DP]  5.884333e-02
 iter: 239:2        |ddm|: 8.113941e-03     Tr[DP]  5.642877e-02
 iter: 240:1        |ddm|: 1.716961e-02     Tr[DP]  5.864291e-02
 iter: 240:2        |ddm|: 7.879802e-03     Tr[DP]  5.627633e-02
 iter: 241:1        |ddm|: 1.520650e-02     Tr[DP]  5.846491e-02
 iter: 241:2        |ddm|: 9.667441e-03     Tr[DP]  5.608547e-02
 iter: 242:1        |ddm|: 2.842880e-02     Tr[DP]  5.829244e-02
 iter: 242:2        |ddm|: 7.215106e-03     Tr[DP]  5.594813e-02
 iter: 243:1        |ddm|: 1.590170e-02     Tr[DP]  5.807554e-02
 iter: 243:2        |ddm|: 7.701723e-03     Tr[DP]  5.583527e-02
 iter: 244:1        |ddm|: 1.546833e-02     Tr[DP]  5.791900e-02
 iter: 244:2        |ddm|: 7.145520e-03     Tr[DP]  5.570666e-02
 iter: 245:1        |ddm|: 1.770075e-02     Tr[DP]  5.774684e-02
 iter: 245:2        |ddm|: 6.589157e-03     Tr[DP]  5.560212e-02
 iter: 246:1        |ddm|: 1.420849e-02     Tr[DP]  5.758086e-02
 iter: 246:2        |ddm|: 7.026780e-03     Tr[DP]  5.549386e-02
 iter: 247:1        |ddm|: 1.362940e-02     Tr[DP]  5.743697e-02
 iter: 247:2        |ddm|: 6.903899e-03     Tr[DP]  5.537275e-02
 iter: 248:1        |ddm|: 1.445106e-02     Tr[DP]  5.728851e-02
 iter: 248:2        |ddm|: 6.621778e-03     Tr[DP]  5.525821e-02
 iter: 249:1        |ddm|: 1.472373e-02     Tr[DP]  5.713742e-02
 iter: 249:2        |ddm|: 6.394497e-03     Tr[DP]  5.515510e-02
 iter: 250:1        |ddm|: 1.375551e-02     Tr[DP]  5.699191e-02
 iter: 250:2        |ddm|: 6.393166e-03     Tr[DP]  5.505421e-02
 iter: 251:1        |ddm|: 1.262226e-02     Tr[DP]  5.685693e-02
 iter: 251:2        |ddm|: 6.672198e-03     Tr[DP]  5.494242e-02
 iter: 252:1        |ddm|: 1.512408e-02     Tr[DP]  5.672429e-02
 iter: 252:2        |ddm|: 5.966698e-03     Tr[DP]  5.484466e-02
 iter: 253:1        |ddm|: 1.467826e-02     Tr[DP]  5.657946e-02
 iter: 253:2        |ddm|: 5.779497e-03     Tr[DP]  5.476591e-02
 iter: 254:1        |ddm|: 1.313205e-02     Tr[DP]  5.644498e-02
 iter: 254:2        |ddm|: 5.731390e-03     Tr[DP]  5.469024e-02
 iter: 255:1        |ddm|: 1.283371e-02     Tr[DP]  5.632035e-02
 iter: 255:2        |ddm|: 5.517175e-03     Tr[DP]  5.461669e-02
 iter: 256:1        |ddm|: 1.262095e-02     Tr[DP]  5.619903e-02
 iter: 256:2        |ddm|: 5.357370e-03     Tr[DP]  5.454690e-02
 iter: 257:1        |ddm|: 1.124652e-02     Tr[DP]  5.608562e-02
 iter: 257:2        |ddm|: 5.720704e-03     Tr[DP]  5.446359e-02
 iter: 258:1        |ddm|: 1.355992e-02     Tr[DP]  5.597685e-02
 iter: 258:2        |ddm|: 4.942764e-03     Tr[DP]  5.439859e-02
 iter: 259:1        |ddm|: 1.200148e-02     Tr[DP]  5.585747e-02
 iter: 259:2        |ddm|: 5.022532e-03     Tr[DP]  5.433995e-02
 iter: 260:1        |ddm|: 1.455206e-02     Tr[DP]  5.574810e-02
 iter: 260:2        |ddm|: 4.538283e-03     Tr[DP]  5.430146e-02
 iter: 261:1        |ddm|: 1.466366e-02     Tr[DP]  5.564887e-02
 iter: 261:2        |ddm|: 6.568664e-03     Tr[DP]  5.420958e-02
 iter: 262:1        |ddm|: 1.029546e-02     Tr[DP]  5.558962e-02
 iter: 262:2        |ddm|: 6.281148e-03     Tr[DP]  5.408526e-02
 iter: 263:1        |ddm|: 1.120464e-02     Tr[DP]  5.550052e-02
 iter: 263:2        |ddm|: 5.835873e-03     Tr[DP]  5.397558e-02
 iter: 264:1        |ddm|: 1.064289e-02     Tr[DP]  5.539774e-02
 iter: 264:2        |ddm|: 6.702969e-03     Tr[DP]  5.385830e-02
 iter: 265:1        |ddm|: 1.221227e-02     Tr[DP]  5.530694e-02
 iter: 265:2        |ddm|: 6.023041e-03     Tr[DP]  5.375231e-02
 iter: 266:1        |ddm|: 1.533488e-02     Tr[DP]  5.519418e-02
 iter: 266:2        |ddm|: 5.039317e-03     Tr[DP]  5.368593e-02
 iter: 267:1        |ddm|: 1.154259e-02     Tr[DP]  5.507657e-02
 iter: 267:2        |ddm|: 5.177428e-03     Tr[DP]  5.362201e-02
 iter: 268:1        |ddm|: 1.108363e-02     Tr[DP]  5.498300e-02
 iter: 268:2        |ddm|: 4.893721e-03     Tr[DP]  5.355727e-02
 iter: 269:1        |ddm|: 1.084646e-02     Tr[DP]  5.488722e-02
 iter: 269:2        |ddm|: 4.769840e-03     Tr[DP]  5.349720e-02
 iter: 270:1        |ddm|: 9.927437e-03     Tr[DP]  5.479546e-02
 iter: 270:2        |ddm|: 4.971419e-03     Tr[DP]  5.342910e-02
 iter: 271:1        |ddm|: 9.563535e-03     Tr[DP]  5.471024e-02
 iter: 271:2        |ddm|: 5.458714e-03     Tr[DP]  5.334819e-02
 iter: 272:1        |ddm|: 1.093377e-02     Tr[DP]  5.463232e-02
 iter: 272:2        |ddm|: 4.820422e-03     Tr[DP]  5.327868e-02
 iter: 273:1        |ddm|: 1.013116e-02     Tr[DP]  5.454062e-02
 iter: 273:2        |ddm|: 4.909871e-03     Tr[DP]  5.321214e-02
 iter: 274:1        |ddm|: 9.550136e-03     Tr[DP]  5.445709e-02
 iter: 274:2        |ddm|: 5.089591e-03     Tr[DP]  5.314001e-02
 iter: 275:1        |ddm|: 1.050836e-02     Tr[DP]  5.437840e-02
 iter: 275:2        |ddm|: 4.642020e-03     Tr[DP]  5.307866e-02
 iter: 276:1        |ddm|: 1.031236e-02     Tr[DP]  5.429270e-02
 iter: 276:2        |ddm|: 4.493667e-03     Tr[DP]  5.302452e-02
 iter: 277:1        |ddm|: 1.008609e-02     Tr[DP]  5.421159e-02
 iter: 277:2        |ddm|: 4.306138e-03     Tr[DP]  5.297562e-02
 iter: 278:1        |ddm|: 1.065950e-02     Tr[DP]  5.413311e-02
 iter: 278:2        |ddm|: 3.966995e-03     Tr[DP]  5.293911e-02
 iter: 279:1        |ddm|: 9.723958e-03     Tr[DP]  5.405321e-02
 iter: 279:2        |ddm|: 3.916524e-03     Tr[DP]  5.290434e-02
 iter: 280:1        |ddm|: 8.739387e-03     Tr[DP]  5.398102e-02
 iter: 280:2        |ddm|: 3.944259e-03     Tr[DP]  5.286388e-02
 iter: 281:1        |ddm|: 8.442141e-03     Tr[DP]  5.391525e-02
 iter: 281:2        |ddm|: 3.841259e-03     Tr[DP]  5.282230e-02
 iter: 282:1        |ddm|: 8.749396e-03     Tr[DP]  5.384923e-02
 iter: 282:2        |ddm|: 3.635734e-03     Tr[DP]  5.278713e-02
 iter: 283:1        |ddm|: 8.444994e-03     Tr[DP]  5.378279e-02
 iter: 283:2        |ddm|: 3.570131e-03     Tr[DP]  5.275338e-02
 iter: 284:1        |ddm|: 7.928194e-03     Tr[DP]  5.372019e-02
 iter: 284:2        |ddm|: 4.279224e-03     Tr[DP]  5.269883e-02
 iter: 285:1        |ddm|: 7.849952e-03     Tr[DP]  5.367255e-02
 iter: 285:2        |ddm|: 3.772480e-03     Tr[DP]  5.264892e-02
 iter: 286:1        |ddm|: 1.166522e-02     Tr[DP]  5.361056e-02
 iter: 286:2        |ddm|: 3.235855e-03     Tr[DP]  5.263402e-02
 iter: 287:1        |ddm|: 8.152343e-03     Tr[DP]  5.353699e-02
 iter: 287:2        |ddm|: 3.737233e-03     Tr[DP]  5.259727e-02
 iter: 288:1        |ddm|: 6.892437e-03     Tr[DP]  5.349138e-02
 iter: 288:2        |ddm|: 3.774380e-03     Tr[DP]  5.254762e-02
 iter: 289:1        |ddm|: 7.004945e-03     Tr[DP]  5.344303e-02
 iter: 289:2        |ddm|: 3.770004e-03     Tr[DP]  5.249720e-02
 iter: 290:1        |ddm|: 9.882140e-03     Tr[DP]  5.339207e-02
 iter: 290:2        |ddm|: 3.068420e-03     Tr[DP]  5.247617e-02
 iter: 291:1        |ddm|: 8.231794e-03     Tr[DP]  5.332645e-02
 iter: 291:2        |ddm|: 3.006062e-03     Tr[DP]  5.245762e-02
 iter: 292:1        |ddm|: 7.581987e-03     Tr[DP]  5.327243e-02
 iter: 292:2        |ddm|: 3.926986e-03     Tr[DP]  5.240804e-02
 iter: 293:1        |ddm|: 6.458392e-03     Tr[DP]  5.323588e-02
 iter: 293:2        |ddm|: 3.514859e-03     Tr[DP]  5.236232e-02
 iter: 294:1        |ddm|: 6.676260e-03     Tr[DP]  5.318766e-02
 iter: 294:2        |ddm|: 4.023898e-03     Tr[DP]  5.230702e-02
 iter: 295:1        |ddm|: 7.387068e-03     Tr[DP]  5.314489e-02
 iter: 295:2        |ddm|: 3.573650e-03     Tr[DP]  5.226389e-02
 iter: 296:1        |ddm|: 7.193910e-03     Tr[DP]  5.309180e-02
 iter: 296:2        |ddm|: 3.473472e-03     Tr[DP]  5.222546e-02
 iter: 297:1        |ddm|: 6.963497e-03     Tr[DP]  5.304051e-02
 iter: 297:2        |ddm|: 3.442541e-03     Tr[DP]  5.218795e-02
 iter: 298:1        |ddm|: 7.961695e-03     Tr[DP]  5.299636e-02
 iter: 298:2        |ddm|: 2.977248e-03     Tr[DP]  5.216397e-02
 iter: 299:1        |ddm|: 7.210736e-03     Tr[DP]  5.294402e-02
 iter: 299:2        |ddm|: 2.887650e-03     Tr[DP]  5.214162e-02
 iter: 300:1        |ddm|: 6.728189e-03     Tr[DP]  5.289803e-02
 iter: 300:2        |ddm|: 2.777503e-03     Tr[DP]  5.212054e-02
                         Freeze-and-Thaw NOT converged!                         

=================== Subsystem 1 at higher mean-field method ====================
  subiter:   1      |ddm|: 9.143949e-01
  subiter:   2      |ddm|: 2.131052e-01
  subiter:   3      |ddm|: 2.143453e-02
  subiter:   4      |ddm|: 1.391615e-02
  subiter:   5      |ddm|: 3.418480e-03
  subiter:   6      |ddm|: 1.087238e-03
  subiter:   7      |ddm|: 2.210701e-04
  subiter:   8      |ddm|: 1.032106e-04
  subiter:   9      |ddm|: 2.205732e-05
  subiter:  10      |ddm|: 3.924805e-06
  subiter:  11      |ddm|: 1.422950e-06
  subiter:  12      |ddm|: 5.003454e-07
  subiter:  13      |ddm|: 8.221616e-08
  subiter:  14      |ddm|: 1.423336e-08
  subiter:  15      |ddm|: 7.562151e-09


******** <class 'pyscf.scf.hf.RHF'> flags ********
method = RHF
initial guess = minao
damping factor = 0
level shift factor = 0
DIIS = <class 'pyscf.scf.diis.CDIIS'>
DIIS start cycle = 1
DIIS space = 8
SCF tol = 1e-09
SCF gradient tol = None
max. SCF cycles = 100
direct_scf = True
direct_scf_tol = 1e-13
chkfile to save SCF result = /panfs/roc/scratch/graha682/D89/201711_ccpVTZ_NEVPT2_m06_89_7c12h24/tmpqbCljj
max_memory 4000 MB (current use 523 MB)
Set gradient conv threshold to 3.16228e-05
init E= -283.034225580156
  HOMO = -0.452903876818391  LUMO = 0.137609438626128
cycle= 1 E= -283.034225580153  delta_E= 2.96e-12  |g|= 1.92e-09  |ddm|= 8.11e-09
  HOMO = -0.452903876888022  LUMO = 0.137609438629536
Extra cycle  E= -283.034225580163  delta_E= -9.44e-12  |g|= 8.36e-10  |ddm|= 1.09e-08
converged SCF energy = -283.034225580163


******** <class 'pyscf.dft.rks.RKS'> flags ********
method = RKS
initial guess = atom
damping factor = 0
level shift factor = 0.0
DIIS = <class 'pyscf.scf.diis.CDIIS'>
DIIS start cycle = 1
DIIS space = 8
SCF tol = 1e-08
SCF gradient tol = 1e-08
max. SCF cycles = 1
direct_scf = True
direct_scf_tol = 1e-13
chkfile to save SCF result = /panfs/roc/scratch/graha682/D89/201711_ccpVTZ_NEVPT2_m06_89_7c12h24/tmp51c2OS
max_memory 4000 MB (current use 519 MB)
XC functionals = m06
small_rho_cutoff = 1e-20
radial grids: Treutler-Ahlrichs (JCP 102, 346 (M4)) radial grids
becke partition: Becke, JCP, 88, 2547 (1988)
pruning grids: <function nwchem_prune at 0x17435f0>
grids dens level: 4
symmetrized grids: False
atomic radii adjust function: <function treutler_atomic_radii_adjust at 0x1743488>
init E= -284.727885367202
  HOMO = -0.333202361424342  LUMO = 0.0354118975920914
cycle= 1 E= -284.727890276489  delta_E= -4.91e-06  |g|= 0.000572  |ddm|= 0.00651
  HOMO = -0.333218103000363  LUMO = 0.0353959727778801
Extra cycle  E= -284.727890339671  delta_E= -6.32e-08  |g|= 0.000305  |ddm|= 0.00173
SCF not converged.
SCF energy = -284.727890339671 after 1 cycles
 iter: 301:1        |ddm|: 1.109333e+00     Tr[DP]  5.992945e-02

******** <class 'pyscf.mcscf.mc1step.CASSCF'> flags ********
CAS (1e+1e, 2o), ncore = 27, nvir = 363
max_cycle_macro = 50
max_cycle_micro = 4
conv_tol = 1e-07
conv_tol_grad = None
orbital rotation max_stepsize = 0.02
augmented hessian ah_max_cycle = 30
augmented hessian ah_conv_tol = 1e-12
augmented hessian ah_linear dependence = 1e-14
augmented hessian ah_level shift = 0
augmented hessian ah_start_tol = 2.5
augmented hessian ah_start_cycle = 3
augmented hessian ah_grad_trust_region = 3
kf_trust_region = 3
kf_interval = 4
ci_response_space = 4
ci_grad_trust_region = 3
with_dep4 0
natorb = False
canonicalization = True
sorting_mo_energy = False
chkfile = /panfs/roc/scratch/graha682/D89/201711_ccpVTZ_NEVPT2_m06_89_7c12h24/tmpqbCljj
max_memory 4000 MB (current use 498 MB)
internal_rotation = False
******** <class 'pyscf.fci.direct_spin1.FCISolver'> flags ********
max. cycles = 50
conv_tol = 1e-08
davidson only = False
linear dependence = 1e-10
level shift = 0.001
max iter space = 12
max_memory 4000 MB
nroots = 1
pspace_size = 400
spin = None
CASCI E = -283.034227438473  S^2 = 0.0000000
Set conv_tol_grad to 0.000316228
macro iter 1 (1 JK  1 micro), CASSCF E = -283.034227438473  dE = 5.6843419e-14  S^2 = 0.0000000
               |grad[o]|=1.71e-05  |grad[c]|= 4.40678366313e-14  |ddm|=    0
1-step CASSCF converged in 1 macro (1 JK 1 micro) steps
CASSCF canonicalization
CASSCF energy = -283.034227438473
Hartree-Fock Energy:  -283.03422558016291
CAS Correlation:       -0.00000185831050
CAS Energy:          -283.03422743847341
Sr    (-1)',   E = -0.00002067536124
Si    (+1)',   E = -0.00000303838003
Sijrs (0)  ,   E = -1.09834236054270
Sijr  (+1) ,   E = -0.01359725248448
Srsi  (-1) ,   E = -0.14367795090360
Srs   (-2) ,   E = -0.00727848676841
Sij   (+2) ,   E = -0.00020936715476
Sir   (0)' ,   E = -0.00164313807598
Nevpt2 Energy = -1.264772269671198
NEVPT2 =   -1.264772269671198
Total NEVPT2 = -284.298999708144606

============================== Supermolecular DFT ==============================
  subiter:   1      |ddm|: 8.276810e+00
  subiter:   2      |ddm|: 3.813473e-01
  subiter:   3      |ddm|: 1.569636e-01
  subiter:   4      |ddm|: 3.133761e-02
  subiter:   5      |ddm|: 1.137276e-02
  subiter:   6      |ddm|: 5.689067e-03
  subiter:   7      |ddm|: 1.618744e-03
  subiter:   8      |ddm|: 5.482328e-04
  subiter:   9      |ddm|: 1.282843e-04
  subiter:  10      |ddm|: 7.288826e-05
  subiter:  11      |ddm|: 1.658335e-05
  subiter:  12      |ddm|: 7.605560e-06
  subiter:  13      |ddm|: 2.711858e-06
  subiter:  14      |ddm|: 3.191902e-07
  subiter:  15      |ddm|: 2.518733e-07
  subiter:  16      |ddm|: 7.509342e-08
  subiter:  17      |ddm|: 6.165381e-08
  subiter:  18      |ddm|: 6.025790e-09


******** <class 'pyscf.dft.rks.RKS'> flags ********
method = RKS
initial guess = atom
damping factor = 0
level shift factor = 0.0
DIIS = <class 'pyscf.scf.diis.CDIIS'>
DIIS start cycle = 1
DIIS space = 8
SCF tol = 1e-08
SCF gradient tol = 1e-08
max. SCF cycles = 100
direct_scf = True
direct_scf_tol = 1e-13
chkfile to save SCF result = /panfs/roc/scratch/graha682/D89/201711_ccpVTZ_NEVPT2_m06_89_7c12h24/tmpFEzSRQ
max_memory 4000 MB (current use 651 MB)
XC functionals = m06
small_rho_cutoff = 1e-20
radial grids: Treutler-Ahlrichs (JCP 102, 346 (M4)) radial grids
becke partition: Becke, JCP, 88, 2547 (1988)
pruning grids: <function nwchem_prune at 0x17435f0>
grids dens level: 4
symmetrized grids: False
atomic radii adjust function: <function treutler_atomic_radii_adjust at 0x1743488>
init E= -471.411058771
  HOMO = -0.252956926746191  LUMO = -0.00757524236007113
cycle= 1 E= -471.411058771  delta_E= 2.27e-13  |g|= 5.58e-09  |ddm|= 1.25e-08
  HOMO = -0.252956926913103  LUMO = -0.00757524252335829
Extra cycle  E= -471.411058771002  delta_E= -1.82e-12  |g|= 9.09e-09  |ddm|= 8.9e-09
converged SCF energy = -471.411058771002
Supermolecular DFT   -471.41105877099926

============================== Embedding Energies ==============================
Subsystem DFT              -284.72789033967001
Interaction                -186.30157276924911
DFT-in-DFT                 -471.02946310891912
Supermolecular DFT         -471.41105877099926
Difference                   -0.38159566208014
Corrected DFT-in-DFT       -471.41105877099926
WF-in-DFT                  -470.60057247739371
Corrected WF-in-DFT        -470.98216813947386
================================================================================
TIMING STATISTICS:
     overlap integrals      0.05s   ( 0.00%)
    initial subsystems      0.20s   ( 0.00%)
           2e matrices  24356.48s   (91.56%)
      tot. embed. of 1  24574.51s   (92.38%)
      tot. embed. of 2      5.82s   ( 0.02%)
       freeze and thaw  24580.38s   (92.40%)
                   cas     56.24s   ( 0.21%)
                nevpt2     52.37s   ( 0.20%)
  interaction energies   1910.06s   ( 7.18%)
                 TOTAL  26600.99s
================================================================================

********************************************************************************
*                              END OF CALCULATION                              *
********************************************************************************
