********************************************************************************
*                         FREEZE-AND-THAW CALCULATION                          *
********************************************************************************

================================== Input File ==================================
subsystem
C          0.59088        1.68739       -0.22024
H          0.95583        2.66433       -0.57703
C         -0.55671        1.64983        0.46159
H         -0.51763        1.75539        1.55806
C          3.75744       -0.54308       -0.25549
H          3.28199       -1.48232        0.09204
H          3.83652       -0.64760       -1.35639
C          2.85572        0.63125        0.07628
H          3.32724        1.57016       -0.27623
H          2.77251        0.74055        1.17509
C          1.45908        0.51121       -0.52111
H          0.97455       -0.41358       -0.15465
H          1.55662        0.38820       -1.61860
C         -1.91048        1.44071       -0.13110
H         -1.83137        1.39090       -1.23363
H         -2.55477        2.31603        0.08759
C         -2.60459        0.18896        0.39157
H         -2.66071        0.23394        1.49746
H         -1.97694       -0.69513        0.16644
C         -3.99664       -0.01197       -0.17769
H         -4.61990        0.87609        0.05047
H         -3.94011       -0.05064       -1.28417
end

subsystem
C          6.03822       -1.61193        0.00272
H          6.16282       -1.71682       -1.08857
H          5.60395       -2.55716        0.37064
H          7.04328       -1.51680        0.44245
C          5.14924       -0.43177        0.34201
H          5.06385       -0.32537        1.44037
H          5.61851        0.50823       -0.00638
C         -4.69138       -1.26123        0.33535
H         -4.06373       -2.14377        0.10690
H         -4.74338       -1.21853        1.44019
C         -6.08036       -1.44898       -0.24228
H         -6.57102       -2.35810        0.13893
H         -6.73293       -0.59338        0.00174
H         -6.04763       -1.52690       -1.34241
end

embed
 huzfermi
 cycles 300
 conv 1e-8
 method m06
end

basis cc-pVDZ
method cas[2,2]/nevpt2
grid 4
conv 1e-8
grad 1e-8
maxiter 100
================================== End Input ===================================
tot grids = 725328

                      Getting subsystem overlap integrals                       

                          Initial subsystem densities                           
Guessing initial subsystem densities
Initial guess from superpostion of atomic densties.
Guessing initial subsystem densities
Initial guess from superpostion of atomic densties.

=========================== Starting Freeze-and-Thaw ===========================
 iter:   1:1        |ddm|: 5.277951e+00     Tr[DP]  6.929778e-01
 iter:   1:2        |ddm|: 3.753034e+00     Tr[DP]  4.360471e-01
 iter:   2:1        |ddm|: 2.794058e+01     Tr[DP]  1.054288e+00
 iter:   2:2        |ddm|: 2.703939e+00     Tr[DP]  8.580078e-01
 iter:   3:1        |ddm|: 2.783138e+01     Tr[DP]  3.260385e-01
 iter:   3:2        |ddm|: 2.049344e+00     Tr[DP]  4.348572e-01
 iter:   4:1        |ddm|: 4.953450e+00     Tr[DP]  6.056025e-01
 iter:   4:2        |ddm|: 1.081090e+00     Tr[DP]  4.649149e-01
 iter:   5:1        |ddm|: 2.932078e+00     Tr[DP]  6.180388e-01
 iter:   5:2        |ddm|: 2.811226e-01     Tr[DP]  5.083459e-01
 iter:   6:1        |ddm|: 2.266801e+00     Tr[DP]  6.094686e-01
 iter:   6:2        |ddm|: 1.790779e-01     Tr[DP]  5.394209e-01
 iter:   7:1        |ddm|: 9.435268e-01     Tr[DP]  5.948061e-01
 iter:   7:2        |ddm|: 1.519633e-01     Tr[DP]  5.578569e-01
 iter:   8:1        |ddm|: 5.163567e-01     Tr[DP]  5.798556e-01
 iter:   8:2        |ddm|: 1.354512e-01     Tr[DP]  5.665464e-01
 iter:   9:1        |ddm|: 2.869512e-01     Tr[DP]  5.779177e-01
 iter:   9:2        |ddm|: 8.865969e-02     Tr[DP]  5.664139e-01
 iter:  10:1        |ddm|: 2.076343e-01     Tr[DP]  5.719488e-01
 iter:  10:2        |ddm|: 8.460482e-02     Tr[DP]  5.670247e-01
 iter:  11:1        |ddm|: 1.248728e-01     Tr[DP]  5.711375e-01
 iter:  11:2        |ddm|: 4.106016e-02     Tr[DP]  5.694804e-01
 iter:  12:1        |ddm|: 5.969472e-02     Tr[DP]  5.716312e-01
 iter:  12:2        |ddm|: 2.608777e-02     Tr[DP]  5.685620e-01
 iter:  13:1        |ddm|: 4.056060e-02     Tr[DP]  5.705329e-01
 iter:  13:2        |ddm|: 1.192113e-02     Tr[DP]  5.688521e-01
 iter:  14:1        |ddm|: 2.350207e-02     Tr[DP]  5.697998e-01
 iter:  14:2        |ddm|: 7.145967e-03     Tr[DP]  5.690271e-01
 iter:  15:1        |ddm|: 1.514183e-02     Tr[DP]  5.693873e-01
 iter:  15:2        |ddm|: 5.934285e-03     Tr[DP]  5.690721e-01
 iter:  16:1        |ddm|: 8.634550e-03     Tr[DP]  5.692907e-01
 iter:  16:2        |ddm|: 4.323100e-03     Tr[DP]  5.690372e-01
 iter:  17:1        |ddm|: 7.151990e-03     Tr[DP]  5.691472e-01
 iter:  17:2        |ddm|: 4.164556e-03     Tr[DP]  5.689790e-01
 iter:  18:1        |ddm|: 4.916253e-03     Tr[DP]  5.690877e-01
 iter:  18:2        |ddm|: 3.326679e-03     Tr[DP]  5.690257e-01
 iter:  19:1        |ddm|: 4.088896e-03     Tr[DP]  5.690670e-01
 iter:  19:2        |ddm|: 3.286171e-03     Tr[DP]  5.690181e-01
 iter:  20:1        |ddm|: 3.743173e-03     Tr[DP]  5.690735e-01
 iter:  20:2        |ddm|: 3.359951e-03     Tr[DP]  5.689992e-01
 iter:  21:1        |ddm|: 4.379855e-03     Tr[DP]  5.690734e-01
 iter:  21:2        |ddm|: 3.977964e-03     Tr[DP]  5.690523e-01
 iter:  22:1        |ddm|: 8.208015e-03     Tr[DP]  5.689635e-01
 iter:  22:2        |ddm|: 5.721273e-03     Tr[DP]  5.690048e-01
 iter:  23:1        |ddm|: 3.545092e-03     Tr[DP]  5.689827e-01
 iter:  23:2        |ddm|: 2.908684e-03     Tr[DP]  5.689805e-01
 iter:  24:1        |ddm|: 5.242512e-03     Tr[DP]  5.689493e-01
 iter:  24:2        |ddm|: 4.069433e-03     Tr[DP]  5.689486e-01
 iter:  25:1        |ddm|: 3.861398e-03     Tr[DP]  5.689808e-01
 iter:  25:2        |ddm|: 3.261754e-03     Tr[DP]  5.689800e-01
 iter:  26:1        |ddm|: 4.093194e-03     Tr[DP]  5.689621e-01
 iter:  26:2        |ddm|: 3.048834e-03     Tr[DP]  5.689688e-01
 iter:  27:1        |ddm|: 3.051477e-03     Tr[DP]  5.689564e-01
 iter:  27:2        |ddm|: 2.566318e-03     Tr[DP]  5.689608e-01
 iter:  28:1        |ddm|: 3.409790e-03     Tr[DP]  5.689483e-01
 iter:  28:2        |ddm|: 2.709562e-03     Tr[DP]  5.689485e-01
 iter:  29:1        |ddm|: 2.476638e-03     Tr[DP]  5.689451e-01
 iter:  29:2        |ddm|: 2.172892e-03     Tr[DP]  5.689498e-01
 iter:  30:1        |ddm|: 2.809170e-03     Tr[DP]  5.689401e-01
 iter:  30:2        |ddm|: 2.295490e-03     Tr[DP]  5.689448e-01
 iter:  31:1        |ddm|: 2.385938e-03     Tr[DP]  5.689400e-01
 iter:  31:2        |ddm|: 2.091612e-03     Tr[DP]  5.689439e-01
 iter:  32:1        |ddm|: 2.482356e-03     Tr[DP]  5.689383e-01
 iter:  32:2        |ddm|: 2.122959e-03     Tr[DP]  5.689429e-01
 iter:  33:1        |ddm|: 2.433760e-03     Tr[DP]  5.689383e-01
 iter:  33:2        |ddm|: 2.117028e-03     Tr[DP]  5.689424e-01
 iter:  34:1        |ddm|: 2.460594e-03     Tr[DP]  5.689396e-01
 iter:  34:2        |ddm|: 2.191030e-03     Tr[DP]  5.689439e-01
 iter:  35:1        |ddm|: 3.647434e-03     Tr[DP]  5.689294e-01
 iter:  35:2        |ddm|: 2.733136e-03     Tr[DP]  5.689316e-01
 iter:  36:1        |ddm|: 2.119706e-03     Tr[DP]  5.689314e-01
 iter:  36:2        |ddm|: 1.934869e-03     Tr[DP]  5.689357e-01
 iter:  37:1        |ddm|: 2.371752e-03     Tr[DP]  5.689301e-01
 iter:  37:2        |ddm|: 2.006993e-03     Tr[DP]  5.689343e-01
 iter:  38:1        |ddm|: 2.404261e-03     Tr[DP]  5.689282e-01
 iter:  38:2        |ddm|: 2.012026e-03     Tr[DP]  5.689317e-01
 iter:  39:1        |ddm|: 2.393936e-03     Tr[DP]  5.689249e-01
 iter:  39:2        |ddm|: 1.988115e-03     Tr[DP]  5.689289e-01
 iter:  40:1        |ddm|: 2.247902e-03     Tr[DP]  5.689230e-01
 iter:  40:2        |ddm|: 1.897216e-03     Tr[DP]  5.689267e-01
 iter:  41:1        |ddm|: 2.090063e-03     Tr[DP]  5.689229e-01
 iter:  41:2        |ddm|: 1.829535e-03     Tr[DP]  5.689266e-01
 iter:  42:1        |ddm|: 2.185948e-03     Tr[DP]  5.689216e-01
 iter:  42:2        |ddm|: 1.853543e-03     Tr[DP]  5.689253e-01
 iter:  43:1        |ddm|: 2.109665e-03     Tr[DP]  5.689230e-01
 iter:  43:2        |ddm|: 1.899075e-03     Tr[DP]  5.689266e-01
 iter:  44:1        |ddm|: 2.312378e-03     Tr[DP]  5.689217e-01
 iter:  44:2        |ddm|: 1.934717e-03     Tr[DP]  5.689253e-01
 iter:  45:1        |ddm|: 2.351054e-03     Tr[DP]  5.689196e-01
 iter:  45:2        |ddm|: 1.933339e-03     Tr[DP]  5.689224e-01
 iter:  46:1        |ddm|: 2.686021e-03     Tr[DP]  5.689147e-01
 iter:  46:2        |ddm|: 2.124203e-03     Tr[DP]  5.689165e-01
 iter:  47:1        |ddm|: 1.970642e-03     Tr[DP]  5.689121e-01
 iter:  47:2        |ddm|: 1.669987e-03     Tr[DP]  5.689153e-01
 iter:  48:1        |ddm|: 2.810837e-03     Tr[DP]  5.689058e-01
 iter:  48:2        |ddm|: 2.176565e-03     Tr[DP]  5.689077e-01
 iter:  49:1        |ddm|: 1.502009e-03     Tr[DP]  5.689066e-01
 iter:  49:2        |ddm|: 1.320865e-03     Tr[DP]  5.689089e-01
 iter:  50:1        |ddm|: 5.713958e-03     Tr[DP]  5.688894e-01
 iter:  50:2        |ddm|: 4.314287e-03     Tr[DP]  5.688887e-01
 iter:  51:1        |ddm|: 1.592714e-03     Tr[DP]  5.688905e-01
 iter:  51:2        |ddm|: 8.007896e-04     Tr[DP]  5.688934e-01
 iter:  52:1        |ddm|: 9.724941e-04     Tr[DP]  5.688918e-01
 iter:  52:2        |ddm|: 7.807218e-04     Tr[DP]  5.688914e-01
 iter:  53:1        |ddm|: 9.480808e-04     Tr[DP]  5.688930e-01
 iter:  53:2        |ddm|: 8.484399e-04     Tr[DP]  5.688949e-01
 iter:  54:1        |ddm|: 1.004502e-03     Tr[DP]  5.688934e-01
 iter:  54:2        |ddm|: 8.975792e-04     Tr[DP]  5.688954e-01
 iter:  55:1        |ddm|: 1.145381e-03     Tr[DP]  5.688926e-01
 iter:  55:2        |ddm|: 9.201988e-04     Tr[DP]  5.688944e-01
 iter:  56:1        |ddm|: 1.015950e-03     Tr[DP]  5.688924e-01
 iter:  56:2        |ddm|: 8.735591e-04     Tr[DP]  5.688941e-01
 iter:  57:1        |ddm|: 9.943991e-04     Tr[DP]  5.688929e-01
 iter:  57:2        |ddm|: 8.900258e-04     Tr[DP]  5.688948e-01
 iter:  58:1        |ddm|: 1.074709e-03     Tr[DP]  5.688927e-01
 iter:  58:2        |ddm|: 9.073418e-04     Tr[DP]  5.688944e-01
 iter:  59:1        |ddm|: 1.049926e-03     Tr[DP]  5.688927e-01
 iter:  59:2        |ddm|: 9.060189e-04     Tr[DP]  5.688943e-01
 iter:  60:1        |ddm|: 1.136237e-03     Tr[DP]  5.688916e-01
 iter:  60:2        |ddm|: 9.077331e-04     Tr[DP]  5.688934e-01
 iter:  61:1        |ddm|: 1.209135e-03     Tr[DP]  5.688901e-01
 iter:  61:2        |ddm|: 9.352970e-04     Tr[DP]  5.688915e-01
 iter:  62:1        |ddm|: 1.036294e-03     Tr[DP]  5.688890e-01
 iter:  62:2        |ddm|: 8.364195e-04     Tr[DP]  5.688904e-01
 iter:  63:1        |ddm|: 8.675630e-04     Tr[DP]  5.688887e-01
 iter:  63:2        |ddm|: 7.463358e-04     Tr[DP]  5.688896e-01
 iter:  64:1        |ddm|: 1.415027e-03     Tr[DP]  5.688858e-01
 iter:  64:2        |ddm|: 1.071855e-03     Tr[DP]  5.688874e-01
 iter:  65:1        |ddm|: 7.144941e-04     Tr[DP]  5.688857e-01
 iter:  65:2        |ddm|: 5.828033e-04     Tr[DP]  5.688863e-01
 iter:  66:1        |ddm|: 6.329056e-04     Tr[DP]  5.688856e-01
 iter:  66:2        |ddm|: 5.476360e-04     Tr[DP]  5.688865e-01
 iter:  67:1        |ddm|: 6.553401e-04     Tr[DP]  5.688854e-01
 iter:  67:2        |ddm|: 5.627413e-04     Tr[DP]  5.688864e-01
 iter:  68:1        |ddm|: 6.613515e-04     Tr[DP]  5.688851e-01
 iter:  68:2        |ddm|: 5.581421e-04     Tr[DP]  5.688861e-01
 iter:  69:1        |ddm|: 6.518789e-04     Tr[DP]  5.688848e-01
 iter:  69:2        |ddm|: 5.456393e-04     Tr[DP]  5.688857e-01
 iter:  70:1        |ddm|: 5.902548e-04     Tr[DP]  5.688850e-01
 iter:  70:2        |ddm|: 5.279351e-04     Tr[DP]  5.688860e-01
 iter:  71:1        |ddm|: 6.486294e-04     Tr[DP]  5.688848e-01
 iter:  71:2        |ddm|: 5.441351e-04     Tr[DP]  5.688859e-01
 iter:  72:1        |ddm|: 6.196591e-04     Tr[DP]  5.688847e-01
 iter:  72:2        |ddm|: 5.329558e-04     Tr[DP]  5.688858e-01
 iter:  73:1        |ddm|: 6.278457e-04     Tr[DP]  5.688846e-01
 iter:  73:2        |ddm|: 5.324081e-04     Tr[DP]  5.688856e-01
 iter:  74:1        |ddm|: 6.047865e-04     Tr[DP]  5.688846e-01
 iter:  74:2        |ddm|: 5.290117e-04     Tr[DP]  5.688857e-01
 iter:  75:1        |ddm|: 6.804755e-04     Tr[DP]  5.688842e-01
 iter:  75:2        |ddm|: 5.465257e-04     Tr[DP]  5.688852e-01
 iter:  76:1        |ddm|: 5.777989e-04     Tr[DP]  5.688842e-01
 iter:  76:2        |ddm|: 5.051620e-04     Tr[DP]  5.688852e-01
 iter:  77:1        |ddm|: 6.613675e-04     Tr[DP]  5.688838e-01
 iter:  77:2        |ddm|: 5.288043e-04     Tr[DP]  5.688847e-01
 iter:  78:1        |ddm|: 6.219486e-04     Tr[DP]  5.688832e-01
 iter:  78:2        |ddm|: 5.032316e-04     Tr[DP]  5.688840e-01
 iter:  79:1        |ddm|: 6.792720e-04     Tr[DP]  5.688824e-01
 iter:  79:2        |ddm|: 5.289638e-04     Tr[DP]  5.688831e-01
 iter:  80:1        |ddm|: 1.168500e-03     Tr[DP]  5.688803e-01
 iter:  80:2        |ddm|: 8.715322e-04     Tr[DP]  5.688806e-01
 iter:  81:1        |ddm|: 1.019991e-03     Tr[DP]  5.688828e-01
 iter:  81:2        |ddm|: 7.378797e-04     Tr[DP]  5.688835e-01
 iter:  82:1        |ddm|: 8.638874e-04     Tr[DP]  5.688813e-01
 iter:  82:2        |ddm|: 5.742500e-04     Tr[DP]  5.688819e-01
 iter:  83:1        |ddm|: 3.771704e-04     Tr[DP]  5.688815e-01
 iter:  83:2        |ddm|: 3.389854e-04     Tr[DP]  5.688822e-01
 iter:  84:1        |ddm|: 4.097721e-04     Tr[DP]  5.688814e-01
 iter:  84:2        |ddm|: 3.501533e-04     Tr[DP]  5.688821e-01
 iter:  85:1        |ddm|: 4.316402e-04     Tr[DP]  5.688812e-01
 iter:  85:2        |ddm|: 3.572321e-04     Tr[DP]  5.688818e-01
 iter:  86:1        |ddm|: 5.879677e-04     Tr[DP]  5.688804e-01
 iter:  86:2        |ddm|: 4.636427e-04     Tr[DP]  5.688808e-01
 iter:  87:1        |ddm|: 3.262230e-04     Tr[DP]  5.688808e-01
 iter:  87:2        |ddm|: 2.919719e-04     Tr[DP]  5.688814e-01
 iter:  88:1        |ddm|: 4.590067e-04     Tr[DP]  5.688803e-01
 iter:  88:2        |ddm|: 3.533237e-04     Tr[DP]  5.688807e-01
 iter:  89:1        |ddm|: 3.194346e-04     Tr[DP]  5.688803e-01
 iter:  89:2        |ddm|: 2.749021e-04     Tr[DP]  5.688807e-01
 iter:  90:1        |ddm|: 3.680629e-04     Tr[DP]  5.688801e-01
 iter:  90:2        |ddm|: 2.929719e-04     Tr[DP]  5.688805e-01
 iter:  91:1        |ddm|: 2.978249e-04     Tr[DP]  5.688798e-01
 iter:  91:2        |ddm|: 2.504925e-04     Tr[DP]  5.688802e-01
 iter:  92:1        |ddm|: 2.809299e-04     Tr[DP]  5.688798e-01
 iter:  92:2        |ddm|: 2.410344e-04     Tr[DP]  5.688802e-01
 iter:  93:1        |ddm|: 3.056401e-04     Tr[DP]  5.688796e-01
 iter:  93:2        |ddm|: 2.491864e-04     Tr[DP]  5.688800e-01
 iter:  94:1        |ddm|: 2.791545e-04     Tr[DP]  5.688795e-01
 iter:  94:2        |ddm|: 2.321520e-04     Tr[DP]  5.688798e-01
 iter:  95:1        |ddm|: 2.395574e-04     Tr[DP]  5.688795e-01
 iter:  95:2        |ddm|: 2.125930e-04     Tr[DP]  5.688799e-01
 iter:  96:1        |ddm|: 2.552989e-04     Tr[DP]  5.688795e-01
 iter:  96:2        |ddm|: 2.183248e-04     Tr[DP]  5.688799e-01
 iter:  97:1        |ddm|: 2.560726e-04     Tr[DP]  5.688795e-01
 iter:  97:2        |ddm|: 2.182356e-04     Tr[DP]  5.688799e-01
 iter:  98:1        |ddm|: 2.552568e-04     Tr[DP]  5.688794e-01
 iter:  98:2        |ddm|: 2.167681e-04     Tr[DP]  5.688798e-01
 iter:  99:1        |ddm|: 2.507955e-04     Tr[DP]  5.688794e-01
 iter:  99:2        |ddm|: 2.141878e-04     Tr[DP]  5.688798e-01
 iter: 100:1        |ddm|: 2.516132e-04     Tr[DP]  5.688794e-01
 iter: 100:2        |ddm|: 2.130365e-04     Tr[DP]  5.688798e-01
 iter: 101:1        |ddm|: 2.479953e-04     Tr[DP]  5.688793e-01
 iter: 101:2        |ddm|: 2.106643e-04     Tr[DP]  5.688797e-01
 iter: 102:1        |ddm|: 2.465604e-04     Tr[DP]  5.688793e-01
 iter: 102:2        |ddm|: 2.073596e-04     Tr[DP]  5.688796e-01
 iter: 103:1        |ddm|: 2.374957e-04     Tr[DP]  5.688792e-01
 iter: 103:2        |ddm|: 2.031301e-04     Tr[DP]  5.688796e-01
 iter: 104:1        |ddm|: 2.377145e-04     Tr[DP]  5.688792e-01
 iter: 104:2        |ddm|: 2.021172e-04     Tr[DP]  5.688796e-01
 iter: 105:1        |ddm|: 2.286985e-04     Tr[DP]  5.688792e-01
 iter: 105:2        |ddm|: 2.028878e-04     Tr[DP]  5.688797e-01
 iter: 106:1        |ddm|: 2.517017e-04     Tr[DP]  5.688792e-01
 iter: 106:2        |ddm|: 2.076786e-04     Tr[DP]  5.688796e-01
 iter: 107:1        |ddm|: 2.289079e-04     Tr[DP]  5.688793e-01
 iter: 107:2        |ddm|: 2.023060e-04     Tr[DP]  5.688796e-01
 iter: 108:1        |ddm|: 2.701964e-04     Tr[DP]  5.688791e-01
 iter: 108:2        |ddm|: 2.142968e-04     Tr[DP]  5.688794e-01
 iter: 109:1        |ddm|: 2.266842e-04     Tr[DP]  5.688790e-01
 iter: 109:2        |ddm|: 1.924320e-04     Tr[DP]  5.688794e-01
 iter: 110:1        |ddm|: 2.186486e-04     Tr[DP]  5.688792e-01
 iter: 110:2        |ddm|: 2.008555e-04     Tr[DP]  5.688796e-01
 iter: 111:1        |ddm|: 2.443184e-04     Tr[DP]  5.688791e-01
 iter: 111:2        |ddm|: 2.035706e-04     Tr[DP]  5.688796e-01
 iter: 112:1        |ddm|: 3.155471e-04     Tr[DP]  5.688788e-01
 iter: 112:2        |ddm|: 2.348073e-04     Tr[DP]  5.688791e-01
 iter: 113:1        |ddm|: 3.293940e-04     Tr[DP]  5.688784e-01
 iter: 113:2        |ddm|: 2.487228e-04     Tr[DP]  5.688787e-01
 iter: 114:1        |ddm|: 2.124903e-04     Tr[DP]  5.688783e-01
 iter: 114:2        |ddm|: 1.721319e-04     Tr[DP]  5.688785e-01
 iter: 115:1        |ddm|: 3.198728e-04     Tr[DP]  5.688779e-01
 iter: 115:2        |ddm|: 2.500160e-04     Tr[DP]  5.688779e-01
 iter: 116:1        |ddm|: 2.212798e-04     Tr[DP]  5.688777e-01
 iter: 116:2        |ddm|: 1.831267e-04     Tr[DP]  5.688778e-01
 iter: 117:1        |ddm|: 1.161426e-04     Tr[DP]  5.688777e-01
 iter: 117:2        |ddm|: 8.756078e-05     Tr[DP]  5.688778e-01
 iter: 118:1        |ddm|: 8.974020e-05     Tr[DP]  5.688777e-01
 iter: 118:2        |ddm|: 7.641689e-05     Tr[DP]  5.688778e-01
 iter: 119:1        |ddm|: 9.271015e-05     Tr[DP]  5.688777e-01
 iter: 119:2        |ddm|: 8.553423e-05     Tr[DP]  5.688779e-01
 iter: 120:1        |ddm|: 1.275184e-04     Tr[DP]  5.688777e-01
 iter: 120:2        |ddm|: 1.122839e-04     Tr[DP]  5.688778e-01
 iter: 121:1        |ddm|: 8.661508e-05     Tr[DP]  5.688776e-01
 iter: 121:2        |ddm|: 7.582314e-05     Tr[DP]  5.688778e-01
 iter: 122:1        |ddm|: 9.575386e-05     Tr[DP]  5.688777e-01
 iter: 122:2        |ddm|: 8.974861e-05     Tr[DP]  5.688779e-01
 iter: 123:1        |ddm|: 1.586545e-04     Tr[DP]  5.688776e-01
 iter: 123:2        |ddm|: 1.151073e-04     Tr[DP]  5.688777e-01
 iter: 124:1        |ddm|: 7.819418e-05     Tr[DP]  5.688776e-01
 iter: 124:2        |ddm|: 7.026410e-05     Tr[DP]  5.688777e-01
 iter: 125:1        |ddm|: 8.530420e-05     Tr[DP]  5.688776e-01
 iter: 125:2        |ddm|: 7.290783e-05     Tr[DP]  5.688777e-01
 iter: 126:1        |ddm|: 8.788483e-05     Tr[DP]  5.688776e-01
 iter: 126:2        |ddm|: 7.301915e-05     Tr[DP]  5.688777e-01
 iter: 127:1        |ddm|: 8.381167e-05     Tr[DP]  5.688776e-01
 iter: 127:2        |ddm|: 7.143954e-05     Tr[DP]  5.688777e-01
 iter: 128:1        |ddm|: 8.265374e-05     Tr[DP]  5.688776e-01
 iter: 128:2        |ddm|: 7.052695e-05     Tr[DP]  5.688777e-01
 iter: 129:1        |ddm|: 8.284817e-05     Tr[DP]  5.688775e-01
 iter: 129:2        |ddm|: 7.010289e-05     Tr[DP]  5.688777e-01
 iter: 130:1        |ddm|: 8.583142e-05     Tr[DP]  5.688776e-01
 iter: 130:2        |ddm|: 7.849381e-05     Tr[DP]  5.688778e-01
 iter: 131:1        |ddm|: 9.656887e-05     Tr[DP]  5.688776e-01
 iter: 131:2        |ddm|: 7.709694e-05     Tr[DP]  5.688777e-01
 iter: 132:1        |ddm|: 2.336954e-04     Tr[DP]  5.688772e-01
 iter: 132:2        |ddm|: 1.643333e-04     Tr[DP]  5.688773e-01
 iter: 133:1        |ddm|: 1.540457e-04     Tr[DP]  5.688771e-01
 iter: 133:2        |ddm|: 1.184598e-04     Tr[DP]  5.688771e-01
 iter: 134:1        |ddm|: 7.270610e-05     Tr[DP]  5.688772e-01
 iter: 134:2        |ddm|: 4.003148e-05     Tr[DP]  5.688772e-01
 iter: 135:1        |ddm|: 8.740256e-05     Tr[DP]  5.688773e-01
 iter: 135:2        |ddm|: 7.172865e-05     Tr[DP]  5.688774e-01
 iter: 136:1        |ddm|: 6.708746e-05     Tr[DP]  5.688773e-01
 iter: 136:2        |ddm|: 5.115998e-05     Tr[DP]  5.688774e-01
 iter: 137:1        |ddm|: 5.890410e-05     Tr[DP]  5.688773e-01
 iter: 137:2        |ddm|: 4.845027e-05     Tr[DP]  5.688774e-01
 iter: 138:1        |ddm|: 9.077551e-05     Tr[DP]  5.688772e-01
 iter: 138:2        |ddm|: 6.693203e-05     Tr[DP]  5.688772e-01
 iter: 139:1        |ddm|: 5.431675e-05     Tr[DP]  5.688771e-01
 iter: 139:2        |ddm|: 4.468703e-05     Tr[DP]  5.688772e-01
 iter: 140:1        |ddm|: 4.963494e-05     Tr[DP]  5.688771e-01
 iter: 140:2        |ddm|: 4.123633e-05     Tr[DP]  5.688771e-01
 iter: 141:1        |ddm|: 3.336805e-05     Tr[DP]  5.688771e-01
 iter: 141:2        |ddm|: 2.928116e-05     Tr[DP]  5.688772e-01
 iter: 142:1        |ddm|: 4.312040e-05     Tr[DP]  5.688771e-01
 iter: 142:2        |ddm|: 4.230566e-05     Tr[DP]  5.688771e-01
 iter: 143:1        |ddm|: 9.532753e-05     Tr[DP]  5.688772e-01
 iter: 143:2        |ddm|: 8.374692e-05     Tr[DP]  5.688774e-01
 iter: 144:1        |ddm|: 6.822741e-05     Tr[DP]  5.688772e-01
 iter: 144:2        |ddm|: 4.584317e-05     Tr[DP]  5.688773e-01
 iter: 145:1        |ddm|: 5.292798e-05     Tr[DP]  5.688772e-01
 iter: 145:2        |ddm|: 4.168468e-05     Tr[DP]  5.688772e-01
 iter: 146:1        |ddm|: 4.279012e-05     Tr[DP]  5.688772e-01
 iter: 146:2        |ddm|: 3.581255e-05     Tr[DP]  5.688772e-01
 iter: 147:1        |ddm|: 4.074620e-05     Tr[DP]  5.688772e-01
 iter: 147:2        |ddm|: 3.448409e-05     Tr[DP]  5.688772e-01
 iter: 148:1        |ddm|: 4.262901e-05     Tr[DP]  5.688772e-01
 iter: 148:2        |ddm|: 3.891584e-05     Tr[DP]  5.688773e-01
 iter: 149:1        |ddm|: 6.892132e-05     Tr[DP]  5.688771e-01
 iter: 149:2        |ddm|: 4.797950e-05     Tr[DP]  5.688772e-01
 iter: 150:1        |ddm|: 3.714276e-05     Tr[DP]  5.688771e-01
 iter: 150:2        |ddm|: 3.157517e-05     Tr[DP]  5.688772e-01
 iter: 151:1        |ddm|: 3.414974e-05     Tr[DP]  5.688771e-01
 iter: 151:2        |ddm|: 3.033272e-05     Tr[DP]  5.688772e-01
 iter: 152:1        |ddm|: 3.701741e-05     Tr[DP]  5.688771e-01
 iter: 152:2        |ddm|: 3.120759e-05     Tr[DP]  5.688772e-01
 iter: 153:1        |ddm|: 3.715783e-05     Tr[DP]  5.688771e-01
 iter: 153:2        |ddm|: 3.103425e-05     Tr[DP]  5.688772e-01
 iter: 154:1        |ddm|: 3.760293e-05     Tr[DP]  5.688771e-01
 iter: 154:2        |ddm|: 3.062310e-05     Tr[DP]  5.688771e-01
 iter: 155:1        |ddm|: 3.280171e-05     Tr[DP]  5.688771e-01
 iter: 155:2        |ddm|: 2.872611e-05     Tr[DP]  5.688772e-01
 iter: 156:1        |ddm|: 3.919741e-05     Tr[DP]  5.688771e-01
 iter: 156:2        |ddm|: 3.101422e-05     Tr[DP]  5.688771e-01
 iter: 157:1        |ddm|: 7.609198e-05     Tr[DP]  5.688772e-01
 iter: 157:2        |ddm|: 6.271981e-05     Tr[DP]  5.688773e-01
 iter: 158:1        |ddm|: 8.722061e-05     Tr[DP]  5.688771e-01
 iter: 158:2        |ddm|: 5.680526e-05     Tr[DP]  5.688771e-01
 iter: 159:1        |ddm|: 7.628715e-05     Tr[DP]  5.688770e-01
 iter: 159:2        |ddm|: 5.700104e-05     Tr[DP]  5.688770e-01
 iter: 160:1        |ddm|: 4.857892e-05     Tr[DP]  5.688769e-01
 iter: 160:2        |ddm|: 3.791405e-05     Tr[DP]  5.688770e-01
 iter: 161:1        |ddm|: 3.089677e-05     Tr[DP]  5.688770e-01
 iter: 161:2        |ddm|: 2.172242e-05     Tr[DP]  5.688770e-01
 iter: 162:1        |ddm|: 2.221709e-05     Tr[DP]  5.688770e-01
 iter: 162:2        |ddm|: 1.907305e-05     Tr[DP]  5.688770e-01
 iter: 163:1        |ddm|: 2.674374e-05     Tr[DP]  5.688770e-01
 iter: 163:2        |ddm|: 2.139712e-05     Tr[DP]  5.688770e-01
 iter: 164:1        |ddm|: 2.228880e-05     Tr[DP]  5.688770e-01
 iter: 164:2        |ddm|: 1.858656e-05     Tr[DP]  5.688770e-01
 iter: 165:1        |ddm|: 2.034103e-05     Tr[DP]  5.688770e-01
 iter: 165:2        |ddm|: 1.732527e-05     Tr[DP]  5.688770e-01
 iter: 166:1        |ddm|: 5.595819e-05     Tr[DP]  5.688769e-01
 iter: 166:2        |ddm|: 4.400099e-05     Tr[DP]  5.688769e-01
 iter: 167:1        |ddm|: 1.996032e-05     Tr[DP]  5.688769e-01
 iter: 167:2        |ddm|: 1.248986e-05     Tr[DP]  5.688769e-01
 iter: 168:1        |ddm|: 1.385276e-05     Tr[DP]  5.688769e-01
 iter: 168:2        |ddm|: 1.258511e-05     Tr[DP]  5.688769e-01
 iter: 169:1        |ddm|: 3.160673e-05     Tr[DP]  5.688770e-01
 iter: 169:2        |ddm|: 2.757843e-05     Tr[DP]  5.688770e-01
 iter: 170:1        |ddm|: 2.857539e-05     Tr[DP]  5.688769e-01
 iter: 170:2        |ddm|: 1.971078e-05     Tr[DP]  5.688770e-01
 iter: 171:1        |ddm|: 1.995407e-05     Tr[DP]  5.688769e-01
 iter: 171:2        |ddm|: 1.623227e-05     Tr[DP]  5.688770e-01
 iter: 172:1        |ddm|: 2.000575e-05     Tr[DP]  5.688769e-01
 iter: 172:2        |ddm|: 1.596903e-05     Tr[DP]  5.688770e-01
 iter: 173:1        |ddm|: 1.643069e-05     Tr[DP]  5.688769e-01
 iter: 173:2        |ddm|: 1.377583e-05     Tr[DP]  5.688769e-01
 iter: 174:1        |ddm|: 1.670609e-05     Tr[DP]  5.688769e-01
 iter: 174:2        |ddm|: 1.361421e-05     Tr[DP]  5.688769e-01
 iter: 175:1        |ddm|: 1.836022e-05     Tr[DP]  5.688769e-01
 iter: 175:2        |ddm|: 1.452662e-05     Tr[DP]  5.688769e-01
 iter: 176:1        |ddm|: 1.211526e-05     Tr[DP]  5.688769e-01
 iter: 176:2        |ddm|: 1.093144e-05     Tr[DP]  5.688769e-01
 iter: 177:1        |ddm|: 1.345679e-05     Tr[DP]  5.688769e-01
 iter: 177:2        |ddm|: 1.147032e-05     Tr[DP]  5.688769e-01
 iter: 178:1        |ddm|: 1.311003e-05     Tr[DP]  5.688769e-01
 iter: 178:2        |ddm|: 1.156053e-05     Tr[DP]  5.688769e-01
 iter: 179:1        |ddm|: 1.376698e-05     Tr[DP]  5.688769e-01
 iter: 179:2        |ddm|: 1.179019e-05     Tr[DP]  5.688769e-01
 iter: 180:1        |ddm|: 1.486482e-05     Tr[DP]  5.688769e-01
 iter: 180:2        |ddm|: 1.203617e-05     Tr[DP]  5.688769e-01
 iter: 181:1        |ddm|: 1.376173e-05     Tr[DP]  5.688769e-01
 iter: 181:2        |ddm|: 1.141738e-05     Tr[DP]  5.688769e-01
 iter: 182:1        |ddm|: 1.409903e-05     Tr[DP]  5.688769e-01
 iter: 182:2        |ddm|: 1.142333e-05     Tr[DP]  5.688769e-01
 iter: 183:1        |ddm|: 1.219454e-05     Tr[DP]  5.688769e-01
 iter: 183:2        |ddm|: 1.026053e-05     Tr[DP]  5.688769e-01
 iter: 184:1        |ddm|: 1.392729e-05     Tr[DP]  5.688769e-01
 iter: 184:2        |ddm|: 1.104634e-05     Tr[DP]  5.688769e-01
 iter: 185:1        |ddm|: 1.124633e-05     Tr[DP]  5.688769e-01
 iter: 185:2        |ddm|: 9.356142e-06     Tr[DP]  5.688769e-01
 iter: 186:1        |ddm|: 9.437323e-06     Tr[DP]  5.688769e-01
 iter: 186:2        |ddm|: 8.303945e-06     Tr[DP]  5.688769e-01
 iter: 187:1        |ddm|: 1.834939e-05     Tr[DP]  5.688769e-01
 iter: 187:2        |ddm|: 1.373382e-05     Tr[DP]  5.688769e-01
 iter: 188:1        |ddm|: 8.095898e-06     Tr[DP]  5.688769e-01
 iter: 188:2        |ddm|: 6.926995e-06     Tr[DP]  5.688769e-01
 iter: 189:1        |ddm|: 8.356764e-06     Tr[DP]  5.688769e-01
 iter: 189:2        |ddm|: 7.297465e-06     Tr[DP]  5.688769e-01
 iter: 190:1        |ddm|: 8.863727e-06     Tr[DP]  5.688769e-01
 iter: 190:2        |ddm|: 7.487988e-06     Tr[DP]  5.688769e-01
 iter: 191:1        |ddm|: 8.487718e-06     Tr[DP]  5.688769e-01
 iter: 191:2        |ddm|: 7.407955e-06     Tr[DP]  5.688769e-01
 iter: 192:1        |ddm|: 8.642663e-06     Tr[DP]  5.688769e-01
 iter: 192:2        |ddm|: 7.540309e-06     Tr[DP]  5.688769e-01
 iter: 193:1        |ddm|: 1.018890e-05     Tr[DP]  5.688769e-01
 iter: 193:2        |ddm|: 8.020384e-06     Tr[DP]  5.688769e-01
 iter: 194:1        |ddm|: 8.332046e-06     Tr[DP]  5.688769e-01
 iter: 194:2        |ddm|: 7.075225e-06     Tr[DP]  5.688769e-01
 iter: 195:1        |ddm|: 8.042435e-06     Tr[DP]  5.688769e-01
 iter: 195:2        |ddm|: 6.886583e-06     Tr[DP]  5.688769e-01
 iter: 196:1        |ddm|: 7.834117e-06     Tr[DP]  5.688769e-01
 iter: 196:2        |ddm|: 6.839829e-06     Tr[DP]  5.688769e-01
 iter: 197:1        |ddm|: 7.969806e-06     Tr[DP]  5.688769e-01
 iter: 197:2        |ddm|: 7.013539e-06     Tr[DP]  5.688769e-01
 iter: 198:1        |ddm|: 8.407889e-06     Tr[DP]  5.688769e-01
 iter: 198:2        |ddm|: 7.131890e-06     Tr[DP]  5.688769e-01
 iter: 199:1        |ddm|: 9.366651e-06     Tr[DP]  5.688769e-01
 iter: 199:2        |ddm|: 7.344385e-06     Tr[DP]  5.688769e-01
 iter: 200:1        |ddm|: 8.423770e-06     Tr[DP]  5.688769e-01
 iter: 200:2        |ddm|: 6.922193e-06     Tr[DP]  5.688769e-01
 iter: 201:1        |ddm|: 8.002775e-06     Tr[DP]  5.688769e-01
 iter: 201:2        |ddm|: 7.238786e-06     Tr[DP]  5.688769e-01
 iter: 202:1        |ddm|: 8.697953e-06     Tr[DP]  5.688769e-01
 iter: 202:2        |ddm|: 7.073451e-06     Tr[DP]  5.688769e-01
 iter: 203:1        |ddm|: 9.107530e-06     Tr[DP]  5.688769e-01
 iter: 203:2        |ddm|: 7.176121e-06     Tr[DP]  5.688769e-01
 iter: 204:1        |ddm|: 2.323834e-05     Tr[DP]  5.688768e-01
 iter: 204:2        |ddm|: 1.684816e-05     Tr[DP]  5.688768e-01
 iter: 205:1        |ddm|: 6.525469e-06     Tr[DP]  5.688768e-01
 iter: 205:2        |ddm|: 4.185373e-06     Tr[DP]  5.688768e-01
 iter: 206:1        |ddm|: 1.684299e-05     Tr[DP]  5.688768e-01
 iter: 206:2        |ddm|: 1.374924e-05     Tr[DP]  5.688768e-01
 iter: 207:1        |ddm|: 1.667670e-05     Tr[DP]  5.688768e-01
 iter: 207:2        |ddm|: 1.165670e-05     Tr[DP]  5.688768e-01
 iter: 208:1        |ddm|: 5.783204e-06     Tr[DP]  5.688768e-01
 iter: 208:2        |ddm|: 4.098679e-06     Tr[DP]  5.688768e-01
 iter: 209:1        |ddm|: 4.728622e-06     Tr[DP]  5.688768e-01
 iter: 209:2        |ddm|: 3.953045e-06     Tr[DP]  5.688768e-01
 iter: 210:1        |ddm|: 5.920277e-06     Tr[DP]  5.688768e-01
 iter: 210:2        |ddm|: 4.495310e-06     Tr[DP]  5.688768e-01
 iter: 211:1        |ddm|: 3.830615e-06     Tr[DP]  5.688768e-01
 iter: 211:2        |ddm|: 3.332905e-06     Tr[DP]  5.688768e-01
 iter: 212:1        |ddm|: 3.954399e-06     Tr[DP]  5.688768e-01
 iter: 212:2        |ddm|: 3.339863e-06     Tr[DP]  5.688768e-01
 iter: 213:1        |ddm|: 4.206669e-06     Tr[DP]  5.688768e-01
 iter: 213:2        |ddm|: 3.428111e-06     Tr[DP]  5.688768e-01
 iter: 214:1        |ddm|: 3.573026e-06     Tr[DP]  5.688768e-01
 iter: 214:2        |ddm|: 3.061041e-06     Tr[DP]  5.688768e-01
 iter: 215:1        |ddm|: 3.679247e-06     Tr[DP]  5.688768e-01
 iter: 215:2        |ddm|: 3.067829e-06     Tr[DP]  5.688768e-01
 iter: 216:1        |ddm|: 3.282428e-06     Tr[DP]  5.688768e-01
 iter: 216:2        |ddm|: 2.882296e-06     Tr[DP]  5.688768e-01
 iter: 217:1        |ddm|: 3.610801e-06     Tr[DP]  5.688768e-01
 iter: 217:2        |ddm|: 2.988605e-06     Tr[DP]  5.688768e-01
 iter: 218:1        |ddm|: 3.311356e-06     Tr[DP]  5.688768e-01
 iter: 218:2        |ddm|: 2.830960e-06     Tr[DP]  5.688768e-01
 iter: 219:1        |ddm|: 3.198243e-06     Tr[DP]  5.688768e-01
 iter: 219:2        |ddm|: 2.832927e-06     Tr[DP]  5.688768e-01
 iter: 220:1        |ddm|: 3.439072e-06     Tr[DP]  5.688768e-01
 iter: 220:2        |ddm|: 2.891403e-06     Tr[DP]  5.688768e-01
 iter: 221:1        |ddm|: 3.420079e-06     Tr[DP]  5.688768e-01
 iter: 221:2        |ddm|: 2.870172e-06     Tr[DP]  5.688768e-01
 iter: 222:1        |ddm|: 3.311491e-06     Tr[DP]  5.688768e-01
 iter: 222:2        |ddm|: 2.797857e-06     Tr[DP]  5.688768e-01
 iter: 223:1        |ddm|: 3.207164e-06     Tr[DP]  5.688768e-01
 iter: 223:2        |ddm|: 2.732444e-06     Tr[DP]  5.688768e-01
 iter: 224:1        |ddm|: 3.255862e-06     Tr[DP]  5.688768e-01
 iter: 224:2        |ddm|: 2.722910e-06     Tr[DP]  5.688768e-01
 iter: 225:1        |ddm|: 3.517700e-06     Tr[DP]  5.688768e-01
 iter: 225:2        |ddm|: 3.225458e-06     Tr[DP]  5.688768e-01
 iter: 226:1        |ddm|: 4.798301e-06     Tr[DP]  5.688768e-01
 iter: 226:2        |ddm|: 3.496729e-06     Tr[DP]  5.688768e-01
 iter: 227:1        |ddm|: 2.972506e-06     Tr[DP]  5.688768e-01
 iter: 227:2        |ddm|: 2.578759e-06     Tr[DP]  5.688768e-01
 iter: 228:1        |ddm|: 3.121647e-06     Tr[DP]  5.688768e-01
 iter: 228:2        |ddm|: 2.675130e-06     Tr[DP]  5.688768e-01
 iter: 229:1        |ddm|: 4.218615e-06     Tr[DP]  5.688768e-01
 iter: 229:2        |ddm|: 3.136927e-06     Tr[DP]  5.688768e-01
 iter: 230:1        |ddm|: 4.438366e-06     Tr[DP]  5.688768e-01
 iter: 230:2        |ddm|: 3.357193e-06     Tr[DP]  5.688768e-01
 iter: 231:1        |ddm|: 6.454585e-06     Tr[DP]  5.688768e-01
 iter: 231:2        |ddm|: 4.943713e-06     Tr[DP]  5.688768e-01
 iter: 232:1        |ddm|: 2.960181e-06     Tr[DP]  5.688768e-01
 iter: 232:2        |ddm|: 1.725213e-06     Tr[DP]  5.688768e-01
 iter: 233:1        |ddm|: 1.864689e-06     Tr[DP]  5.688768e-01
 iter: 233:2        |ddm|: 1.489145e-06     Tr[DP]  5.688768e-01
 iter: 234:1        |ddm|: 1.601305e-06     Tr[DP]  5.688768e-01
 iter: 234:2        |ddm|: 1.467362e-06     Tr[DP]  5.688768e-01
 iter: 235:1        |ddm|: 1.794884e-06     Tr[DP]  5.688768e-01
 iter: 235:2        |ddm|: 1.519510e-06     Tr[DP]  5.688768e-01
 iter: 236:1        |ddm|: 1.756691e-06     Tr[DP]  5.688768e-01
 iter: 236:2        |ddm|: 1.516721e-06     Tr[DP]  5.688768e-01
 iter: 237:1        |ddm|: 3.087580e-06     Tr[DP]  5.688768e-01
 iter: 237:2        |ddm|: 2.189650e-06     Tr[DP]  5.688768e-01
 iter: 238:1        |ddm|: 4.192414e-06     Tr[DP]  5.688768e-01
 iter: 238:2        |ddm|: 3.132322e-06     Tr[DP]  5.688768e-01
 iter: 239:1        |ddm|: 2.866648e-06     Tr[DP]  5.688768e-01
 iter: 239:2        |ddm|: 1.958190e-06     Tr[DP]  5.688768e-01
 iter: 240:1        |ddm|: 5.377968e-06     Tr[DP]  5.688768e-01
 iter: 240:2        |ddm|: 3.772463e-06     Tr[DP]  5.688768e-01
 iter: 241:1        |ddm|: 1.506851e-06     Tr[DP]  5.688768e-01
 iter: 241:2        |ddm|: 1.056626e-06     Tr[DP]  5.688768e-01
 iter: 242:1        |ddm|: 1.126312e-06     Tr[DP]  5.688768e-01
 iter: 242:2        |ddm|: 9.770068e-07     Tr[DP]  5.688768e-01
 iter: 243:1        |ddm|: 1.095062e-06     Tr[DP]  5.688768e-01
 iter: 243:2        |ddm|: 9.743375e-07     Tr[DP]  5.688768e-01
 iter: 244:1        |ddm|: 1.103338e-06     Tr[DP]  5.688768e-01
 iter: 244:2        |ddm|: 9.961685e-07     Tr[DP]  5.688768e-01
 iter: 245:1        |ddm|: 1.237795e-06     Tr[DP]  5.688768e-01
 iter: 245:2        |ddm|: 1.043013e-06     Tr[DP]  5.688768e-01
 iter: 246:1        |ddm|: 1.227599e-06     Tr[DP]  5.688768e-01
 iter: 246:2        |ddm|: 1.024579e-06     Tr[DP]  5.688768e-01
 iter: 247:1        |ddm|: 1.147155e-06     Tr[DP]  5.688768e-01
 iter: 247:2        |ddm|: 9.822948e-07     Tr[DP]  5.688768e-01
 iter: 248:1        |ddm|: 1.141018e-06     Tr[DP]  5.688768e-01
 iter: 248:2        |ddm|: 9.759661e-07     Tr[DP]  5.688768e-01
 iter: 249:1        |ddm|: 1.129015e-06     Tr[DP]  5.688768e-01
 iter: 249:2        |ddm|: 9.723233e-07     Tr[DP]  5.688768e-01
 iter: 250:1        |ddm|: 1.124128e-06     Tr[DP]  5.688768e-01
 iter: 250:2        |ddm|: 9.778531e-07     Tr[DP]  5.688768e-01
 iter: 251:1        |ddm|: 1.209787e-06     Tr[DP]  5.688768e-01
 iter: 251:2        |ddm|: 9.943623e-07     Tr[DP]  5.688768e-01
 iter: 252:1        |ddm|: 1.141793e-06     Tr[DP]  5.688768e-01
 iter: 252:2        |ddm|: 9.578620e-07     Tr[DP]  5.688768e-01
 iter: 253:1        |ddm|: 1.098847e-06     Tr[DP]  5.688768e-01
 iter: 253:2        |ddm|: 9.329625e-07     Tr[DP]  5.688768e-01
 iter: 254:1        |ddm|: 1.100174e-06     Tr[DP]  5.688768e-01
 iter: 254:2        |ddm|: 9.360364e-07     Tr[DP]  5.688768e-01
 iter: 255:1        |ddm|: 1.077436e-06     Tr[DP]  5.688768e-01
 iter: 255:2        |ddm|: 9.405297e-07     Tr[DP]  5.688768e-01
 iter: 256:1        |ddm|: 1.198658e-06     Tr[DP]  5.688768e-01
 iter: 256:2        |ddm|: 9.580398e-07     Tr[DP]  5.688768e-01
 iter: 257:1        |ddm|: 1.203238e-06     Tr[DP]  5.688768e-01
 iter: 257:2        |ddm|: 9.846632e-07     Tr[DP]  5.688768e-01
 iter: 258:1        |ddm|: 1.063993e-06     Tr[DP]  5.688768e-01
 iter: 258:2        |ddm|: 9.684687e-07     Tr[DP]  5.688768e-01
 iter: 259:1        |ddm|: 1.900078e-06     Tr[DP]  5.688768e-01
 iter: 259:2        |ddm|: 1.338724e-06     Tr[DP]  5.688768e-01
 iter: 260:1        |ddm|: 1.227869e-06     Tr[DP]  5.688768e-01
 iter: 260:2        |ddm|: 9.653880e-07     Tr[DP]  5.688768e-01
 iter: 261:1        |ddm|: 1.526015e-06     Tr[DP]  5.688768e-01
 iter: 261:2        |ddm|: 1.124748e-06     Tr[DP]  5.688768e-01
 iter: 262:1        |ddm|: 1.191077e-06     Tr[DP]  5.688768e-01
 iter: 262:2        |ddm|: 9.508912e-07     Tr[DP]  5.688768e-01
 iter: 263:1        |ddm|: 6.093084e-07     Tr[DP]  5.688768e-01
 iter: 263:2        |ddm|: 4.257336e-07     Tr[DP]  5.688768e-01
 iter: 264:1        |ddm|: 5.190429e-07     Tr[DP]  5.688768e-01
 iter: 264:2        |ddm|: 4.433171e-07     Tr[DP]  5.688768e-01
 iter: 265:1        |ddm|: 5.277236e-07     Tr[DP]  5.688768e-01
 iter: 265:2        |ddm|: 4.633524e-07     Tr[DP]  5.688768e-01
 iter: 266:1        |ddm|: 5.720665e-07     Tr[DP]  5.688768e-01
 iter: 266:2        |ddm|: 4.772254e-07     Tr[DP]  5.688768e-01
 iter: 267:1        |ddm|: 6.030316e-07     Tr[DP]  5.688768e-01
 iter: 267:2        |ddm|: 4.895791e-07     Tr[DP]  5.688768e-01
 iter: 268:1        |ddm|: 4.693409e-07     Tr[DP]  5.688768e-01
 iter: 268:2        |ddm|: 4.170670e-07     Tr[DP]  5.688768e-01
 iter: 269:1        |ddm|: 4.962912e-07     Tr[DP]  5.688768e-01
 iter: 269:2        |ddm|: 4.323196e-07     Tr[DP]  5.688768e-01
 iter: 270:1        |ddm|: 5.078030e-07     Tr[DP]  5.688768e-01
 iter: 270:2        |ddm|: 4.390077e-07     Tr[DP]  5.688768e-01
 iter: 271:1        |ddm|: 5.292649e-07     Tr[DP]  5.688768e-01
 iter: 271:2        |ddm|: 4.418152e-07     Tr[DP]  5.688768e-01
 iter: 272:1        |ddm|: 5.212526e-07     Tr[DP]  5.688768e-01
 iter: 272:2        |ddm|: 4.342247e-07     Tr[DP]  5.688768e-01
 iter: 273:1        |ddm|: 5.011185e-07     Tr[DP]  5.688768e-01
 iter: 273:2        |ddm|: 4.216203e-07     Tr[DP]  5.688768e-01
 iter: 274:1        |ddm|: 4.686015e-07     Tr[DP]  5.688768e-01
 iter: 274:2        |ddm|: 4.160747e-07     Tr[DP]  5.688768e-01
 iter: 275:1        |ddm|: 5.368618e-07     Tr[DP]  5.688768e-01
 iter: 275:2        |ddm|: 4.246952e-07     Tr[DP]  5.688768e-01
 iter: 276:1        |ddm|: 5.871539e-07     Tr[DP]  5.688768e-01
 iter: 276:2        |ddm|: 4.229932e-07     Tr[DP]  5.688768e-01
 iter: 277:1        |ddm|: 6.771101e-07     Tr[DP]  5.688768e-01
 iter: 277:2        |ddm|: 5.396685e-07     Tr[DP]  5.688768e-01
 iter: 278:1        |ddm|: 5.612988e-07     Tr[DP]  5.688768e-01
 iter: 278:2        |ddm|: 3.853261e-07     Tr[DP]  5.688768e-01
 iter: 279:1        |ddm|: 6.313665e-07     Tr[DP]  5.688768e-01
 iter: 279:2        |ddm|: 4.832359e-07     Tr[DP]  5.688768e-01
 iter: 280:1        |ddm|: 6.403310e-07     Tr[DP]  5.688768e-01
 iter: 280:2        |ddm|: 5.024233e-07     Tr[DP]  5.688768e-01
 iter: 281:1        |ddm|: 2.919431e-07     Tr[DP]  5.688768e-01
 iter: 281:2        |ddm|: 2.234068e-07     Tr[DP]  5.688768e-01
 iter: 282:1        |ddm|: 2.767507e-07     Tr[DP]  5.688768e-01
 iter: 282:2        |ddm|: 2.384690e-07     Tr[DP]  5.688768e-01
 iter: 283:1        |ddm|: 2.855304e-07     Tr[DP]  5.688768e-01
 iter: 283:2        |ddm|: 2.443490e-07     Tr[DP]  5.688768e-01
 iter: 284:1        |ddm|: 2.899327e-07     Tr[DP]  5.688768e-01
 iter: 284:2        |ddm|: 2.490934e-07     Tr[DP]  5.688768e-01
 iter: 285:1        |ddm|: 2.799387e-07     Tr[DP]  5.688768e-01
 iter: 285:2        |ddm|: 2.382108e-07     Tr[DP]  5.688768e-01
 iter: 286:1        |ddm|: 2.717680e-07     Tr[DP]  5.688768e-01
 iter: 286:2        |ddm|: 2.364769e-07     Tr[DP]  5.688768e-01
 iter: 287:1        |ddm|: 2.753321e-07     Tr[DP]  5.688768e-01
 iter: 287:2        |ddm|: 2.417750e-07     Tr[DP]  5.688768e-01
 iter: 288:1        |ddm|: 2.985331e-07     Tr[DP]  5.688768e-01
 iter: 288:2        |ddm|: 2.451641e-07     Tr[DP]  5.688768e-01
 iter: 289:1        |ddm|: 2.805052e-07     Tr[DP]  5.688768e-01
 iter: 289:2        |ddm|: 2.355191e-07     Tr[DP]  5.688768e-01
 iter: 290:1        |ddm|: 2.734407e-07     Tr[DP]  5.688768e-01
 iter: 290:2        |ddm|: 2.302565e-07     Tr[DP]  5.688768e-01
 iter: 291:1        |ddm|: 2.670838e-07     Tr[DP]  5.688768e-01
 iter: 291:2        |ddm|: 2.293594e-07     Tr[DP]  5.688768e-01
 iter: 292:1        |ddm|: 2.703696e-07     Tr[DP]  5.688768e-01
 iter: 292:2        |ddm|: 2.331704e-07     Tr[DP]  5.688768e-01
 iter: 293:1        |ddm|: 2.973921e-07     Tr[DP]  5.688768e-01
 iter: 293:2        |ddm|: 2.228265e-07     Tr[DP]  5.688768e-01
 iter: 294:1        |ddm|: 3.125943e-07     Tr[DP]  5.688768e-01
 iter: 294:2        |ddm|: 2.550181e-07     Tr[DP]  5.688768e-01
 iter: 295:1        |ddm|: 3.054139e-07     Tr[DP]  5.688768e-01
 iter: 295:2        |ddm|: 2.433100e-07     Tr[DP]  5.688768e-01
 iter: 296:1        |ddm|: 3.820603e-07     Tr[DP]  5.688768e-01
 iter: 296:2        |ddm|: 2.709649e-07     Tr[DP]  5.688768e-01
 iter: 297:1        |ddm|: 2.495896e-07     Tr[DP]  5.688768e-01
 iter: 297:2        |ddm|: 2.093400e-07     Tr[DP]  5.688768e-01
 iter: 298:1        |ddm|: 3.901908e-07     Tr[DP]  5.688768e-01
 iter: 298:2        |ddm|: 2.754112e-07     Tr[DP]  5.688768e-01
 iter: 299:1        |ddm|: 3.068833e-07     Tr[DP]  5.688768e-01
 iter: 299:2        |ddm|: 2.693658e-07     Tr[DP]  5.688768e-01
 iter: 300:1        |ddm|: 7.032246e-07     Tr[DP]  5.688768e-01
 iter: 300:2        |ddm|: 4.615103e-07     Tr[DP]  5.688768e-01
                         Freeze-and-Thaw NOT converged!                         

=================== Subsystem 1 at higher mean-field method ====================
  subiter:   1      |ddm|: 6.677491e-01
  subiter:   2      |ddm|: 1.466626e-01
  subiter:   3      |ddm|: 3.214310e-02
  subiter:   4      |ddm|: 1.847069e-02
  subiter:   5      |ddm|: 9.618153e-03
  subiter:   6      |ddm|: 2.919842e-03
  subiter:   7      |ddm|: 1.305775e-03
  subiter:   8      |ddm|: 6.023298e-04
  subiter:   9      |ddm|: 2.218664e-04
  subiter:  10      |ddm|: 4.624001e-04
  subiter:  11      |ddm|: 9.371643e-04
  subiter:  12      |ddm|: 9.264235e-05
  subiter:  13      |ddm|: 3.679374e-04
  subiter:  14      |ddm|: 6.255820e-05
  subiter:  15      |ddm|: 3.832509e-05
  subiter:  16      |ddm|: 6.734645e-06
  subiter:  17      |ddm|: 1.209607e-06
  subiter:  18      |ddm|: 1.290254e-06
  subiter:  19      |ddm|: 1.026890e-07
  subiter:  20      |ddm|: 1.392257e-07
  subiter:  21      |ddm|: 2.093027e-08
  subiter:  22      |ddm|: 2.243481e-08
  subiter:  23      |ddm|: 7.175252e-09


******** <class 'pyscf.scf.hf.RHF'> flags ********
method = RHF
initial guess = minao
damping factor = 0
level shift factor = 0
DIIS = <class 'pyscf.scf.diis.CDIIS'>
DIIS start cycle = 1
DIIS space = 8
SCF tol = 1e-09
SCF gradient tol = None
max. SCF cycles = 100
direct_scf = True
direct_scf_tol = 1e-13
chkfile to save SCF result = /panfs/roc/scratch/graha682/D90/201712_ccpVDZ_NEVPT2_m06_90_8c12h24/tmpKYdz4X
max_memory 4000 MB (current use 2477 MB)
Set gradient conv threshold to 3.16228e-05
init E= -310.077561573762
  HOMO = -0.224431675052297  LUMO = 0.0683216817293513
cycle= 1 E= -310.077561573762  delta_E= 1.14e-13  |g|= 6.44e-09  |ddm|= 2.66e-08
  HOMO = -0.224431675043323  LUMO = 0.0683216817139826
Extra cycle  E= -310.077561573763  delta_E= -9.09e-13  |g|= 3.88e-09  |ddm|= 1.51e-08
converged SCF energy = -310.077561573763


******** <class 'pyscf.dft.rks.RKS'> flags ********
method = RKS
initial guess = atom
damping factor = 0
level shift factor = 0.0
DIIS = <class 'pyscf.scf.diis.CDIIS'>
DIIS start cycle = 1
DIIS space = 8
SCF tol = 1e-08
SCF gradient tol = 1e-08
max. SCF cycles = 1
direct_scf = True
direct_scf_tol = 1e-13
chkfile to save SCF result = /panfs/roc/scratch/graha682/D90/201712_ccpVDZ_NEVPT2_m06_90_8c12h24/tmpUOoqem
max_memory 4000 MB (current use 2472 MB)
XC functionals = m06
small_rho_cutoff = 1e-20
radial grids: Treutler-Ahlrichs (JCP 102, 346 (M4)) radial grids
becke partition: Becke, JCP, 88, 2547 (1988)
pruning grids: <function nwchem_prune at 0x17a35f0>
grids dens level: 4
symmetrized grids: False
atomic radii adjust function: <function treutler_atomic_radii_adjust at 0x17a3488>
init E= -312.175413533289
  HOMO = -0.150670450891393  LUMO = -0.0735479937982434
cycle= 1 E= -312.17541353329  delta_E= -1.71e-12  |g|= 6.15e-08  |ddm|= 2.97e-07
  HOMO = -0.150670449839147  LUMO = -0.0735479922728455
Extra cycle  E= -312.17541353329  delta_E= 1.14e-13  |g|= 1.14e-07  |ddm|= 2.44e-07
SCF not converged.
SCF energy = -312.17541353329 after 1 cycles
 iter: 301:1        |ddm|: 7.906182e-01     Tr[DP]  6.714772e-01

******** <class 'pyscf.mcscf.mc1step.CASSCF'> flags ********
CAS (1e+1e, 2o), ncore = 30, nvir = 150
max_cycle_macro = 50
max_cycle_micro = 4
conv_tol = 1e-07
conv_tol_grad = None
orbital rotation max_stepsize = 0.02
augmented hessian ah_max_cycle = 30
augmented hessian ah_conv_tol = 1e-12
augmented hessian ah_linear dependence = 1e-14
augmented hessian ah_level shift = 0
augmented hessian ah_start_tol = 2.5
augmented hessian ah_start_cycle = 3
augmented hessian ah_grad_trust_region = 3
kf_trust_region = 3
kf_interval = 4
ci_response_space = 4
ci_grad_trust_region = 3
with_dep4 0
natorb = False
canonicalization = True
sorting_mo_energy = False
chkfile = /panfs/roc/scratch/graha682/D90/201712_ccpVDZ_NEVPT2_m06_90_8c12h24/tmpKYdz4X
max_memory 4000 MB (current use 2468 MB)
internal_rotation = False
******** <class 'pyscf.fci.direct_spin1.FCISolver'> flags ********
max. cycles = 50
conv_tol = 1e-08
davidson only = False
linear dependence = 1e-10
level shift = 0.001
max iter space = 12
max_memory 4000 MB
nroots = 1
pspace_size = 400
spin = None
CASCI E = -310.128716968344  S^2 = 2.0000000
Set conv_tol_grad to 0.000316228
macro iter 1 (13 JK  4 micro), CASSCF E = -310.16049927976  dE = -0.031782311  S^2 = 2.0000000
               |grad[o]|=0.132  |grad[c]|= 0.0238246317699  |ddm|=6.28e-16
macro iter 2 (8 JK  3 micro), CASSCF E = -310.160526157215  dE = -2.6877455e-05  S^2 = 2.0000000
               |grad[o]|=0.0037  |grad[c]|= 2.33584535777e-05  |ddm|=6.28e-16
macro iter 3 (1 JK  1 micro), CASSCF E = -310.160526157215  dE = 1.1368684e-13  S^2 = 2.0000000
               |grad[o]|=1.7e-05  |grad[c]|= 2.35519575272e-14  |ddm|=3.27e-31
1-step CASSCF converged in 3 macro (22 JK 8 micro) steps
CASSCF canonicalization
CASSCF energy = -310.160526157215
Hartree-Fock Energy:  -310.07756157376298
CAS Correlation:       -0.08296458345188
CAS Energy:          -310.16052615721486
Sr    (-1)',   E = -0.00000000005588
Si    (+1)',   E = -0.00000000006066
Sijrs (0)  ,   E = -1.03966501831849
Sijr  (+1) ,   E = -0.02879886435014
Srsi  (-1) ,   E = -0.07747969313342
Srs   (-2) ,   E = -0.00115318230195
Sij   (+2) ,   E = -0.00006601625573
Sir   (0)' ,   E = -0.01743245813951
Nevpt2 Energy = -1.164595232615784
NEVPT2 =   -1.164595232615784
Total NEVPT2 = -311.325121389830656

============================== Supermolecular DFT ==============================
  subiter:   1      |ddm|: 3.647272e+00
  subiter:   2      |ddm|: 3.046079e-01
  subiter:   3      |ddm|: 1.843803e-01
  subiter:   4      |ddm|: 2.992206e-02
  subiter:   5      |ddm|: 2.162822e-02
  subiter:   6      |ddm|: 7.428908e-03
  subiter:   7      |ddm|: 1.351040e-03
  subiter:   8      |ddm|: 3.012627e-04
  subiter:   9      |ddm|: 1.433216e-04
  subiter:  10      |ddm|: 6.850601e-05
  subiter:  11      |ddm|: 7.984374e-05
  subiter:  12      |ddm|: 3.007191e-05
  subiter:  13      |ddm|: 3.461370e-06
  subiter:  14      |ddm|: 1.625602e-06
  subiter:  15      |ddm|: 5.011617e-07
  subiter:  16      |ddm|: 1.401253e-07
  subiter:  17      |ddm|: 5.177528e-08
  subiter:  18      |ddm|: 2.692882e-08
  subiter:  19      |ddm|: 7.285630e-09


******** <class 'pyscf.dft.rks.RKS'> flags ********
method = RKS
initial guess = atom
damping factor = 0
level shift factor = 0.0
DIIS = <class 'pyscf.scf.diis.CDIIS'>
DIIS start cycle = 1
DIIS space = 8
SCF tol = 1e-08
SCF gradient tol = 1e-08
max. SCF cycles = 100
direct_scf = True
direct_scf_tol = 1e-13
chkfile to save SCF result = /panfs/roc/scratch/graha682/D90/201712_ccpVDZ_NEVPT2_m06_90_8c12h24/tmpIHxDt9
max_memory 4000 MB (current use 2496 MB)
XC functionals = m06
small_rho_cutoff = 1e-20
radial grids: Treutler-Ahlrichs (JCP 102, 346 (M4)) radial grids
becke partition: Becke, JCP, 88, 2547 (1988)
pruning grids: <function nwchem_prune at 0x17a35f0>
grids dens level: 4
symmetrized grids: False
atomic radii adjust function: <function treutler_atomic_radii_adjust at 0x17a3488>
init E= -471.173462402612
  HOMO = -0.152850355517692  LUMO = -0.0759163482536229
cycle= 1 E= -471.173462402615  delta_E= -3.18e-12  |g|= 6.61e-09  |ddm|= 1.66e-08
  HOMO = -0.152850355611233  LUMO = -0.0759163483597546
Extra cycle  E= -471.173462402615  delta_E= -2.27e-13  |g|= 1.2e-08  |ddm|= 2.28e-08
converged SCF energy = -471.173462402615
Supermolecular DFT   -471.17346240261179

============================== Embedding Energies ==============================
Subsystem DFT              -312.17541353329011
Interaction                -158.74944163615339
DFT-in-DFT                 -470.92485516944350
Supermolecular DFT         -471.17346240261179
Difference                   -0.24860723316829
Corrected DFT-in-DFT       -471.17346240261179
WF-in-DFT                  -470.07456302598405
Corrected WF-in-DFT        -470.32317025915233
================================================================================
TIMING STATISTICS:
     overlap integrals      0.03s   ( 0.00%)
    initial subsystems      0.12s   ( 0.00%)
           2e matrices   8335.26s   (91.55%)
      tot. embed. of 1   8389.18s   (92.14%)
      tot. embed. of 2      0.99s   ( 0.01%)
       freeze and thaw   8390.23s   (92.16%)
                   cas      9.34s   ( 0.10%)
                nevpt2      1.79s   ( 0.02%)
  interaction energies    701.31s   ( 7.70%)
                 TOTAL   9104.43s
================================================================================

********************************************************************************
*                              END OF CALCULATION                              *
********************************************************************************
