********************************************************************************
*                              PySCF CALCULATION                               *
********************************************************************************

================================== Input File ==================================
atoms
C         -6.77790       -0.49042        0.01259
C         -5.53842        0.36579        0.18186
H         -7.70473        0.07823        0.18644
H         -6.77437       -1.34057        0.71595
H         -6.83471       -0.91338       -1.00492
C         -4.24810       -0.40067       -0.05079
H         -5.51898        0.80727        1.19674
H         -5.57675        1.22860       -0.51049
C         -2.99749        0.44280        0.11438
H         -4.26183       -0.84418       -1.06675
H         -4.20376       -1.26473        0.64239
C         -1.70829       -0.32425       -0.11542
H         -2.98489        0.88737        1.12970
H         -3.04101        1.30557       -0.58020
C         -0.45788        0.51991        0.04893
H         -1.72076       -0.76967       -1.13033
H         -1.66405       -1.18637        0.57983
C          0.83111       -0.24829       -0.17844
H         -0.44597        0.96657        1.06327
H         -0.50093        1.38115       -0.64750
C          2.08121        0.59672       -0.01508
H          0.81907       -0.69576       -1.19239
H          0.87490       -1.10865        0.51877
C          3.36756       -0.17655       -0.24030
H          2.09335        1.04473        0.99847
H          2.03929        1.45615       -0.71353
C          4.61881        0.67613       -0.06409
H          3.36110       -0.61886       -1.25608
H          3.41765       -1.03715        0.45419
C          5.84720       -0.13450       -0.32905
H          4.64314        1.08429        0.96463
H          4.54848        1.54967       -0.74166
C          6.59964       -0.73841        0.59442
H          7.15293       -1.65795        0.37933
H          6.69277       -0.33347        1.61078
H          5.88529       -0.54839       -1.35076
end

basis cc-pVTZ
scf
method cas[2,2]/nevpt2
grid 4
conv 1e-8
grad 1e-8
maxiter 100
end
================================== End Input ===================================


******** <class 'pyscf.scf.hf.RHF'> flags ********
method = RHF
initial guess = atom
damping factor = 0
level shift factor = 0
DIIS = <class 'pyscf.scf.diis.CDIIS'>
DIIS start cycle = 1
DIIS space = 8
SCF tol = 1e-08
SCF gradient tol = 1e-08
max. SCF cycles = 100
direct_scf = True
direct_scf_tol = 1e-13
chkfile to save SCF result = /panfs/roc/scratch/graha682/D150/201711_ccpVTZ_NEVPT2_150c12h24/tmpPyTu8g
max_memory 4000 MB (current use 45 MB)
Initial guess from superpostion of atomic densties.
init E= -475.960454737227
  HOMO = -0.396952929441572  LUMO = -0.0976327388539237
cycle= 1 E= -468.194126087651  delta_E= 7.77  |g|= 1.01  |ddm|= 3.94
  HOMO = -0.293214755968127  LUMO = 0.151433899597463
cycle= 2 E= -468.485929723056  delta_E= -0.292  |g|= 0.359  |ddm|= 0.936
  HOMO = -0.364127777258674  LUMO = 0.133891858197653
cycle= 3 E= -468.524052426088  delta_E= -0.0381  |g|= 0.112  |ddm|= 0.367
  HOMO = -0.352065961832296  LUMO = 0.140702679988879
cycle= 4 E= -468.52854439609  delta_E= -0.00449  |g|= 0.0137  |ddm|= 0.123
  HOMO = -0.350169539677844  LUMO = 0.140705344352641
cycle= 5 E= -468.52861226086  delta_E= -6.79e-05  |g|= 0.00612  |ddm|= 0.0187
  HOMO = -0.350610310321008  LUMO = 0.1407187321022
cycle= 6 E= -468.528624376467  delta_E= -1.21e-05  |g|= 0.00102  |ddm|= 0.00721
  HOMO = -0.350815355072121  LUMO = 0.14071732335205
cycle= 7 E= -468.528624850004  delta_E= -4.74e-07  |g|= 0.000405  |ddm|= 0.00169
  HOMO = -0.350773343201164  LUMO = 0.140711100189751
cycle= 8 E= -468.528624917674  delta_E= -6.77e-08  |g|= 8.73e-05  |ddm|= 0.000678
  HOMO = -0.350779175545035  LUMO = 0.140711739956817
cycle= 9 E= -468.528624922523  delta_E= -4.85e-09  |g|= 4.32e-05  |ddm|= 0.000131
  HOMO = -0.350780644795915  LUMO = 0.140712790125739
cycle= 10 E= -468.528624923702  delta_E= -1.18e-09  |g|= 1.82e-05  |ddm|= 5.98e-05
  HOMO = -0.350779895194681  LUMO = 0.14071332163711
cycle= 11 E= -468.528624924004  delta_E= -3.01e-10  |g|= 5.28e-06  |ddm|= 3.93e-05
  HOMO = -0.350780336915567  LUMO = 0.140713472361025
cycle= 12 E= -468.528624924022  delta_E= -1.82e-11  |g|= 1.4e-06  |ddm|= 8.18e-06
  HOMO = -0.35078036472569  LUMO = 0.140713497168004
cycle= 13 E= -468.528624924026  delta_E= -3.64e-12  |g|= 3.84e-07  |ddm|= 2.96e-06
  HOMO = -0.350780356608539  LUMO = 0.14071349208281
cycle= 14 E= -468.528624924029  delta_E= -3.64e-12  |g|= 1.57e-07  |ddm|= 6.98e-07
  HOMO = -0.350780367353677  LUMO = 0.14071349574443
cycle= 15 E= -468.528624924038  delta_E= -9.09e-12  |g|= 5.08e-08  |ddm|= 3.06e-07
  HOMO = -0.350780365875292  LUMO = 0.140713494847549
cycle= 16 E= -468.528624924028  delta_E= 1.05e-11  |g|= 1.75e-08  |ddm|= 9.32e-08
  HOMO = -0.350780365380045  LUMO = 0.140713494872386
cycle= 17 E= -468.528624924008  delta_E= 2e-11  |g|= 7.7e-09  |ddm|= 1.95e-08
  HOMO = -0.350780365331698  LUMO = 0.140713494903182
Extra cycle  E= -468.528624923973  delta_E= 3.5e-11  |g|= 3.81e-09  |ddm|= 1.53e-08
converged SCF energy = -468.528624923973

******** <class 'pyscf.mcscf.mc1step.CASSCF'> flags ********
CAS (1e+1e, 2o), ncore = 47, nvir = 647
max_cycle_macro = 50
max_cycle_micro = 4
conv_tol = 1e-07
conv_tol_grad = None
orbital rotation max_stepsize = 0.02
augmented hessian ah_max_cycle = 30
augmented hessian ah_conv_tol = 1e-12
augmented hessian ah_linear dependence = 1e-14
augmented hessian ah_level shift = 0
augmented hessian ah_start_tol = 2.5
augmented hessian ah_start_cycle = 3
augmented hessian ah_grad_trust_region = 3
kf_trust_region = 3
kf_interval = 4
ci_response_space = 4
ci_grad_trust_region = 3
with_dep4 0
natorb = False
canonicalization = True
sorting_mo_energy = False
chkfile = /panfs/roc/scratch/graha682/D150/201711_ccpVTZ_NEVPT2_150c12h24/tmpPyTu8g
max_memory 4000 MB (current use 248 MB)
internal_rotation = False
******** <class 'pyscf.fci.direct_spin1.FCISolver'> flags ********
max. cycles = 50
conv_tol = 1e-08
davidson only = False
linear dependence = 1e-10
level shift = 0.001
max iter space = 12
max_memory 4000 MB
nroots = 1
pspace_size = 400
spin = None
CASCI E = -468.528626638066  S^2 = 0.0000000
Set conv_tol_grad to 0.000316228
macro iter 1 (6 JK  1 micro), CASSCF E = -468.528629094594  dE = -2.4565286e-06  S^2 = 0.0000000
               |grad[o]|=2.94e-05  |grad[c]|= 0.000790685640274  |ddm|=5.9e-06
macro iter 2 (6 JK  1 micro), CASSCF E = -468.52865866043  dE = -2.9565835e-05  S^2 = 0.0000000
               |grad[o]|=7.71e-05  |grad[c]|= 0.0040787604598  |ddm|=9.88e-05
macro iter 3 (21 JK  4 micro), CASSCF E = -468.532353181589  dE = -0.0036945212  S^2 = 0.0000000
               |grad[o]|=0.000302  |grad[c]|= 0.0169026789418  |ddm|=0.00611
macro iter 4 (21 JK  4 micro), CASSCF E = -468.547086999217  dE = -0.014733818  S^2 = 0.0000000
               |grad[o]|=0.0117  |grad[c]|= 0.0230666013447  |ddm|=0.0364
macro iter 5 (21 JK  4 micro), CASSCF E = -468.557044609305  dE = -0.0099576101  S^2 = 0.0000000
               |grad[o]|=0.028  |grad[c]|= 0.0161409730726  |ddm|=0.0412
macro iter 6 (17 JK  4 micro), CASSCF E = -468.557126112337  dE = -8.1503032e-05  S^2 = 0.0000000
               |grad[o]|=0.00665  |grad[c]|= 0.000685657771596  |ddm|=0.00375
macro iter 7 (9 JK  2 micro), CASSCF E = -468.557126798925  dE = -6.8658801e-07  S^2 = 0.0000000
               |grad[o]|=0.00064  |grad[c]|= 1.75689383393e-05  |ddm|=0.000214
macro iter 8 (3 JK  1 micro), CASSCF E = -468.557126800387  dE = -1.4626949e-09  S^2 = 0.0000000
               |grad[o]|=3.47e-05  |grad[c]|= 5.64670936103e-06  |ddm|=1.38e-05
1-step CASSCF converged in 8 macro (104 JK 21 micro) steps
CASSCF canonicalization
CASSCF energy = -468.557126800387
Sr    (-1)',   E = -0.00000000003764
Si    (+1)',   E = -0.00000000010702
Sijrs (0)  ,   E = -2.11835622184512
Sijr  (+1) ,   E = -0.01457161683402
Srsi  (-1) ,   E = -0.07116510300694
Srs   (-2) ,   E = -0.00618300819534
Sij   (+2) ,   E = -0.00089042549542
Sir   (0)' ,   E = -0.03522840826186
Nevpt2 Energy = -2.246394783783359
Total NEVPT2 = -470.803521584170653
================================================================================
TIMING STATISTICS:
                    hf    416.41s   ( 5.68%)
                   cas   5965.14s   (81.41%)
                nevpt2    945.83s   (12.91%)
                 TOTAL   7327.39s
================================================================================

********************************************************************************
*                              END OF CALCULATION                              *
********************************************************************************
