********************************************************************************
*                         FREEZE-AND-THAW CALCULATION                          *
********************************************************************************

================================== Input File ==================================
subsystem
C          0.51846        0.33024       -0.40415
H          0.46711        1.03574       -1.24946
C         -0.50887        0.28580        0.44784
H         -0.36377       -0.21946        1.41663
end

subsystem
C          6.82323       -0.41549        0.14586
H          6.95445       -1.02532       -0.76427
H          6.79865       -1.11238        1.00094
H          7.72189        0.21126        0.25610
C          5.55336        0.40945        0.07457
H          5.45783        1.03674        0.98143
H          5.61264        1.12359       -0.76904
C          4.30122       -0.43637       -0.07794
H          4.23592       -1.15234        0.76593
H          4.39015       -1.06552       -0.98647
C          3.02170        0.37595       -0.15011
H          3.08340        1.08782       -0.99722
H          2.92707        1.00648        0.75528
C          1.76851       -0.47826       -0.29736
H          1.68965       -1.17589        0.55786
H          1.88170       -1.11435       -1.19830
C         -1.87163        0.83809        0.19178
H         -1.88679        1.35540       -0.78621
H         -2.11056        1.61248        0.94832
C         -2.96336       -0.22429        0.22837
H         -2.92873       -0.75411        1.20113
H         -2.74353       -0.99726       -0.53349
C         -4.35668        0.33366        0.00571
H         -4.57073        1.10688        0.77088
H         -4.38851        0.86869       -0.96472
C         -5.44861       -0.72148        0.03546
H         -5.22840       -1.49147       -0.72849
H         -5.41114       -1.25379        1.00522
C         -6.83451       -0.14956       -0.18894
H         -7.61494       -0.92603       -0.16441
H         -7.08713        0.59829        0.58200
H         -6.90308        0.35805       -1.16620
end

embed
 huzinaga
 cycles 300
 conv 1e-8
 method m06
end

basis cc-pVTZ
method cas[2,2]/nevpt2
grid 4
conv 1e-8
grad 1e-8
maxiter 100
================================== End Input ===================================
tot grids = 725328

                      Getting subsystem overlap integrals                       

                          Initial subsystem densities                           
Guessing initial subsystem densities
Initial guess from superpostion of atomic densties.
Guessing initial subsystem densities
Initial guess from superpostion of atomic densties.

=========================== Starting Freeze-and-Thaw ===========================
 iter:   1:1        |ddm|: 5.141929e+00     Tr[DP]  1.090078e+00
 iter:   1:2        |ddm|: 5.974679e+00     Tr[DP]  1.910820e-01
 iter:   2:1        |ddm|: 2.636933e+01     Tr[DP]  3.779380e-01
 iter:   2:2        |ddm|: 8.650415e+00     Tr[DP]  2.560820e-01
 iter:   3:1        |ddm|: 1.442739e+01     Tr[DP]  3.047131e-01
 iter:   3:2        |ddm|: 5.401551e+00     Tr[DP]  2.180535e-01
 iter:   4:1        |ddm|: 1.057273e+00     Tr[DP]  2.853794e-01
 iter:   4:2        |ddm|: 7.930548e-01     Tr[DP]  2.329966e-01
 iter:   5:1        |ddm|: 1.125153e+00     Tr[DP]  2.954629e-01
 iter:   5:2        |ddm|: 4.041331e-01     Tr[DP]  2.460816e-01
 iter:   6:1        |ddm|: 1.396858e+00     Tr[DP]  2.979173e-01
 iter:   6:2        |ddm|: 2.322269e-01     Tr[DP]  2.571519e-01
 iter:   7:1        |ddm|: 1.358439e+00     Tr[DP]  2.962660e-01
 iter:   7:2        |ddm|: 1.440149e-01     Tr[DP]  2.655619e-01
 iter:   8:1        |ddm|: 1.128860e+00     Tr[DP]  2.942292e-01
 iter:   8:2        |ddm|: 1.313400e-01     Tr[DP]  2.714555e-01
 iter:   9:1        |ddm|: 6.665215e-01     Tr[DP]  2.936539e-01
 iter:   9:2        |ddm|: 1.366524e-01     Tr[DP]  2.742414e-01
 iter:  10:1        |ddm|: 7.172712e-01     Tr[DP]  2.900474e-01
 iter:  10:2        |ddm|: 7.661832e-02     Tr[DP]  2.787195e-01
 iter:  11:1        |ddm|: 7.154117e-01     Tr[DP]  2.874027e-01
 iter:  11:2        |ddm|: 1.183346e-01     Tr[DP]  2.828980e-01
 iter:  12:1        |ddm|: 4.440798e-01     Tr[DP]  2.883622e-01
 iter:  12:2        |ddm|: 1.090149e-01     Tr[DP]  2.848546e-01
 iter:  13:1        |ddm|: 3.200240e-01     Tr[DP]  2.883413e-01
 iter:  13:2        |ddm|: 8.800282e-02     Tr[DP]  2.865379e-01
 iter:  14:1        |ddm|: 2.171524e-01     Tr[DP]  2.883293e-01
 iter:  14:2        |ddm|: 7.517355e-02     Tr[DP]  2.874852e-01
 iter:  15:1        |ddm|: 1.872857e-01     Tr[DP]  2.881378e-01
 iter:  15:2        |ddm|: 5.882798e-02     Tr[DP]  2.887992e-01
 iter:  16:1        |ddm|: 1.387637e-01     Tr[DP]  2.883944e-01
 iter:  16:2        |ddm|: 5.884674e-02     Tr[DP]  2.897841e-01
 iter:  17:1        |ddm|: 9.867196e-02     Tr[DP]  2.887588e-01
 iter:  17:2        |ddm|: 5.352315e-02     Tr[DP]  2.903635e-01
 iter:  18:1        |ddm|: 8.328436e-02     Tr[DP]  2.890466e-01
 iter:  18:2        |ddm|: 4.654028e-02     Tr[DP]  2.911163e-01
 iter:  19:1        |ddm|: 7.718543e-02     Tr[DP]  2.893994e-01
 iter:  19:2        |ddm|: 4.858554e-02     Tr[DP]  2.919680e-01
 iter:  20:1        |ddm|: 4.663312e-02     Tr[DP]  2.899066e-01
 iter:  20:2        |ddm|: 4.373618e-02     Tr[DP]  2.921363e-01
 iter:  21:1        |ddm|: 3.717067e-02     Tr[DP]  2.903055e-01
 iter:  21:2        |ddm|: 3.423371e-02     Tr[DP]  2.923628e-01
 iter:  22:1        |ddm|: 2.814541e-02     Tr[DP]  2.906400e-01
 iter:  22:2        |ddm|: 2.820987e-02     Tr[DP]  2.925381e-01
 iter:  23:1        |ddm|: 2.201136e-02     Tr[DP]  2.909415e-01
 iter:  23:2        |ddm|: 2.400286e-02     Tr[DP]  2.927191e-01
 iter:  24:1        |ddm|: 1.674145e-02     Tr[DP]  2.912011e-01
 iter:  24:2        |ddm|: 2.091861e-02     Tr[DP]  2.928189e-01
 iter:  25:1        |ddm|: 1.021357e-02     Tr[DP]  2.915221e-01
 iter:  25:2        |ddm|: 1.808899e-02     Tr[DP]  2.929184e-01
 iter:  26:1        |ddm|: 7.751847e-03     Tr[DP]  2.917598e-01
 iter:  26:2        |ddm|: 1.562340e-02     Tr[DP]  2.930038e-01
 iter:  27:1        |ddm|: 5.838584e-03     Tr[DP]  2.919698e-01
 iter:  27:2        |ddm|: 1.360023e-02     Tr[DP]  2.930898e-01
 iter:  28:1        |ddm|: 1.121204e-02     Tr[DP]  2.919807e-01
 iter:  28:2        |ddm|: 1.140097e-02     Tr[DP]  2.930069e-01
 iter:  29:1        |ddm|: 6.032510e-03     Tr[DP]  2.921521e-01
 iter:  29:2        |ddm|: 7.728023e-03     Tr[DP]  2.929124e-01
 iter:  30:1        |ddm|: 6.042785e-03     Tr[DP]  2.925241e-01
 iter:  30:2        |ddm|: 1.743928e-02     Tr[DP]  2.933069e-01
 iter:  31:1        |ddm|: 5.976878e-03     Tr[DP]  2.927412e-01
 iter:  31:2        |ddm|: 1.488433e-02     Tr[DP]  2.935778e-01
 iter:  32:1        |ddm|: 3.653713e-03     Tr[DP]  2.928652e-01
 iter:  32:2        |ddm|: 1.200379e-02     Tr[DP]  2.936949e-01
 iter:  33:1        |ddm|: 4.078641e-03     Tr[DP]  2.930032e-01
 iter:  33:2        |ddm|: 1.006819e-02     Tr[DP]  2.937599e-01
 iter:  34:1        |ddm|: 3.323804e-03     Tr[DP]  2.931549e-01
 iter:  34:2        |ddm|: 8.955838e-03     Tr[DP]  2.938388e-01
 iter:  35:1        |ddm|: 3.202936e-03     Tr[DP]  2.932701e-01
 iter:  35:2        |ddm|: 7.786550e-03     Tr[DP]  2.938880e-01
 iter:  36:1        |ddm|: 2.064108e-03     Tr[DP]  2.934174e-01
 iter:  36:2        |ddm|: 8.000299e-03     Tr[DP]  2.939969e-01
 iter:  37:1        |ddm|: 3.133109e-03     Tr[DP]  2.934734e-01
 iter:  37:2        |ddm|: 6.342620e-03     Tr[DP]  2.939853e-01
 iter:  38:1        |ddm|: 2.287591e-03     Tr[DP]  2.935689e-01
 iter:  38:2        |ddm|: 4.985213e-03     Tr[DP]  2.940051e-01
 iter:  39:1        |ddm|: 1.749047e-03     Tr[DP]  2.936398e-01
 iter:  39:2        |ddm|: 4.229957e-03     Tr[DP]  2.940196e-01
 iter:  40:1        |ddm|: 1.259757e-03     Tr[DP]  2.937044e-01
 iter:  40:2        |ddm|: 3.651899e-03     Tr[DP]  2.940344e-01
 iter:  41:1        |ddm|: 9.479953e-04     Tr[DP]  2.937588e-01
 iter:  41:2        |ddm|: 3.143720e-03     Tr[DP]  2.940477e-01
 iter:  42:1        |ddm|: 8.183376e-04     Tr[DP]  2.938032e-01
 iter:  42:2        |ddm|: 2.663239e-03     Tr[DP]  2.940533e-01
 iter:  43:1        |ddm|: 5.951932e-04     Tr[DP]  2.938675e-01
 iter:  43:2        |ddm|: 2.932061e-03     Tr[DP]  2.940902e-01
 iter:  44:1        |ddm|: 8.777110e-04     Tr[DP]  2.938814e-01
 iter:  44:2        |ddm|: 2.203944e-03     Tr[DP]  2.940801e-01
 iter:  45:1        |ddm|: 3.690659e-04     Tr[DP]  2.939265e-01
 iter:  45:2        |ddm|: 1.909500e-03     Tr[DP]  2.940953e-01
 iter:  46:1        |ddm|: 3.389697e-04     Tr[DP]  2.939578e-01
 iter:  46:2        |ddm|: 1.753065e-03     Tr[DP]  2.941092e-01
 iter:  47:1        |ddm|: 3.597529e-04     Tr[DP]  2.939885e-01
 iter:  47:2        |ddm|: 1.654942e-03     Tr[DP]  2.941246e-01
 iter:  48:1        |ddm|: 7.295019e-04     Tr[DP]  2.940271e-01
 iter:  48:2        |ddm|: 1.898218e-03     Tr[DP]  2.941538e-01
 iter:  49:1        |ddm|: 4.097149e-04     Tr[DP]  2.940409e-01
 iter:  49:2        |ddm|: 1.462011e-03     Tr[DP]  2.941607e-01
 iter:  50:1        |ddm|: 4.154349e-04     Tr[DP]  2.940598e-01
 iter:  50:2        |ddm|: 1.198261e-03     Tr[DP]  2.941644e-01
 iter:  51:1        |ddm|: 3.627335e-04     Tr[DP]  2.940773e-01
 iter:  51:2        |ddm|: 1.008684e-03     Tr[DP]  2.941676e-01
 iter:  52:1        |ddm|: 2.985789e-04     Tr[DP]  2.940922e-01
 iter:  52:2        |ddm|: 8.618315e-04     Tr[DP]  2.941709e-01
 iter:  53:1        |ddm|: 2.560687e-04     Tr[DP]  2.941048e-01
 iter:  53:2        |ddm|: 7.313775e-04     Tr[DP]  2.941724e-01
 iter:  54:1        |ddm|: 1.979096e-04     Tr[DP]  2.941163e-01
 iter:  54:2        |ddm|: 6.316146e-04     Tr[DP]  2.941750e-01
 iter:  55:1        |ddm|: 1.855653e-04     Tr[DP]  2.941250e-01
 iter:  55:2        |ddm|: 5.342424e-04     Tr[DP]  2.941759e-01
 iter:  56:1        |ddm|: 1.656429e-04     Tr[DP]  2.941330e-01
 iter:  56:2        |ddm|: 4.527977e-04     Tr[DP]  2.941765e-01
 iter:  57:1        |ddm|: 1.361371e-04     Tr[DP]  2.941417e-01
 iter:  57:2        |ddm|: 4.359272e-04     Tr[DP]  2.941799e-01
 iter:  58:1        |ddm|: 1.311893e-04     Tr[DP]  2.941485e-01
 iter:  58:2        |ddm|: 3.871375e-04     Tr[DP]  2.941824e-01
 iter:  59:1        |ddm|: 1.258295e-04     Tr[DP]  2.941548e-01
 iter:  59:2        |ddm|: 3.534707e-04     Tr[DP]  2.941847e-01
 iter:  60:1        |ddm|: 1.378372e-04     Tr[DP]  2.941584e-01
 iter:  60:2        |ddm|: 2.882688e-04     Tr[DP]  2.941848e-01
 iter:  61:1        |ddm|: 1.457358e-04     Tr[DP]  2.941661e-01
 iter:  61:2        |ddm|: 3.166499e-04     Tr[DP]  2.941885e-01
 iter:  62:1        |ddm|: 1.188318e-04     Tr[DP]  2.941696e-01
 iter:  62:2        |ddm|: 2.732614e-04     Tr[DP]  2.941907e-01
 iter:  63:1        |ddm|: 1.138142e-04     Tr[DP]  2.941727e-01
 iter:  63:2        |ddm|: 2.181934e-04     Tr[DP]  2.941913e-01
 iter:  64:1        |ddm|: 1.193485e-04     Tr[DP]  2.941753e-01
 iter:  64:2        |ddm|: 1.844339e-04     Tr[DP]  2.941912e-01
 iter:  65:1        |ddm|: 1.630450e-04     Tr[DP]  2.941813e-01
 iter:  65:2        |ddm|: 2.740039e-04     Tr[DP]  2.941957e-01
 iter:  66:1        |ddm|: 1.101797e-04     Tr[DP]  2.941833e-01
 iter:  66:2        |ddm|: 2.075737e-04     Tr[DP]  2.941977e-01
 iter:  67:1        |ddm|: 1.024792e-04     Tr[DP]  2.941859e-01
 iter:  67:2        |ddm|: 1.850770e-04     Tr[DP]  2.941992e-01
 iter:  68:1        |ddm|: 9.872843e-05     Tr[DP]  2.941882e-01
 iter:  68:2        |ddm|: 1.644623e-04     Tr[DP]  2.942003e-01
 iter:  69:1        |ddm|: 1.187382e-04     Tr[DP]  2.941919e-01
 iter:  69:2        |ddm|: 2.208060e-04     Tr[DP]  2.942035e-01
 iter:  70:1        |ddm|: 9.917664e-05     Tr[DP]  2.941929e-01
 iter:  70:2        |ddm|: 1.521409e-04     Tr[DP]  2.942037e-01
 iter:  71:1        |ddm|: 9.543155e-05     Tr[DP]  2.941948e-01
 iter:  71:2        |ddm|: 1.241987e-04     Tr[DP]  2.942041e-01
 iter:  72:1        |ddm|: 9.084516e-05     Tr[DP]  2.941964e-01
 iter:  72:2        |ddm|: 1.084030e-04     Tr[DP]  2.942044e-01
 iter:  73:1        |ddm|: 8.718758e-05     Tr[DP]  2.941976e-01
 iter:  73:2        |ddm|: 9.443446e-05     Tr[DP]  2.942046e-01
 iter:  74:1        |ddm|: 8.294081e-05     Tr[DP]  2.941988e-01
 iter:  74:2        |ddm|: 8.692629e-05     Tr[DP]  2.942049e-01
 iter:  75:1        |ddm|: 8.002228e-05     Tr[DP]  2.941998e-01
 iter:  75:2        |ddm|: 7.922364e-05     Tr[DP]  2.942051e-01
 iter:  76:1        |ddm|: 7.794095e-05     Tr[DP]  2.942008e-01
 iter:  76:2        |ddm|: 7.432015e-05     Tr[DP]  2.942054e-01
 iter:  77:1        |ddm|: 7.614666e-05     Tr[DP]  2.942014e-01
 iter:  77:2        |ddm|: 6.573313e-05     Tr[DP]  2.942054e-01
 iter:  78:1        |ddm|: 7.497154e-05     Tr[DP]  2.942022e-01
 iter:  78:2        |ddm|: 6.596189e-05     Tr[DP]  2.942056e-01
 iter:  79:1        |ddm|: 7.261494e-05     Tr[DP]  2.942028e-01
 iter:  79:2        |ddm|: 6.132460e-05     Tr[DP]  2.942059e-01
 iter:  80:1        |ddm|: 7.100202e-05     Tr[DP]  2.942033e-01
 iter:  80:2        |ddm|: 5.646673e-05     Tr[DP]  2.942060e-01
 iter:  81:1        |ddm|: 6.967398e-05     Tr[DP]  2.942037e-01
 iter:  81:2        |ddm|: 5.381683e-05     Tr[DP]  2.942061e-01
 iter:  82:1        |ddm|: 6.805944e-05     Tr[DP]  2.942041e-01
 iter:  82:2        |ddm|: 5.071029e-05     Tr[DP]  2.942061e-01
 iter:  83:1        |ddm|: 6.988997e-05     Tr[DP]  2.942048e-01
 iter:  83:2        |ddm|: 6.306917e-05     Tr[DP]  2.942065e-01
 iter:  84:1        |ddm|: 6.467608e-05     Tr[DP]  2.942048e-01
 iter:  84:2        |ddm|: 4.852540e-05     Tr[DP]  2.942065e-01
 iter:  85:1        |ddm|: 6.433342e-05     Tr[DP]  2.942051e-01
 iter:  85:2        |ddm|: 4.610747e-05     Tr[DP]  2.942066e-01
 iter:  86:1        |ddm|: 6.509964e-05     Tr[DP]  2.942055e-01
 iter:  86:2        |ddm|: 5.924178e-05     Tr[DP]  2.942068e-01
 iter:  87:1        |ddm|: 6.046708e-05     Tr[DP]  2.942057e-01
 iter:  87:2        |ddm|: 4.418059e-05     Tr[DP]  2.942069e-01
 iter:  88:1        |ddm|: 5.957535e-05     Tr[DP]  2.942058e-01
 iter:  88:2        |ddm|: 4.037217e-05     Tr[DP]  2.942069e-01
 iter:  89:1        |ddm|: 7.048088e-05     Tr[DP]  2.942062e-01
 iter:  89:2        |ddm|: 9.408133e-05     Tr[DP]  2.942073e-01
 iter:  90:1        |ddm|: 5.636992e-05     Tr[DP]  2.942064e-01
 iter:  90:2        |ddm|: 4.764070e-05     Tr[DP]  2.942073e-01
 iter:  91:1        |ddm|: 5.547216e-05     Tr[DP]  2.942065e-01
 iter:  91:2        |ddm|: 4.018518e-05     Tr[DP]  2.942074e-01
 iter:  92:1        |ddm|: 5.486808e-05     Tr[DP]  2.942067e-01
 iter:  92:2        |ddm|: 4.050486e-05     Tr[DP]  2.942075e-01
 iter:  93:1        |ddm|: 5.391262e-05     Tr[DP]  2.942068e-01
 iter:  93:2        |ddm|: 4.229326e-05     Tr[DP]  2.942075e-01
 iter:  94:1        |ddm|: 5.147459e-05     Tr[DP]  2.942069e-01
 iter:  94:2        |ddm|: 3.569345e-05     Tr[DP]  2.942076e-01
 iter:  95:1        |ddm|: 5.075453e-05     Tr[DP]  2.942070e-01
 iter:  95:2        |ddm|: 3.416242e-05     Tr[DP]  2.942076e-01
 iter:  96:1        |ddm|: 4.967649e-05     Tr[DP]  2.942071e-01
 iter:  96:2        |ddm|: 3.338940e-05     Tr[DP]  2.942076e-01
 iter:  97:1        |ddm|: 4.880379e-05     Tr[DP]  2.942072e-01
 iter:  97:2        |ddm|: 3.326311e-05     Tr[DP]  2.942076e-01
 iter:  98:1        |ddm|: 4.732620e-05     Tr[DP]  2.942073e-01
 iter:  98:2        |ddm|: 3.154777e-05     Tr[DP]  2.942076e-01
 iter:  99:1        |ddm|: 4.743808e-05     Tr[DP]  2.942073e-01
 iter:  99:2        |ddm|: 3.363081e-05     Tr[DP]  2.942076e-01
 iter: 100:1        |ddm|: 4.568290e-05     Tr[DP]  2.942074e-01
 iter: 100:2        |ddm|: 3.130410e-05     Tr[DP]  2.942076e-01
 iter: 101:1        |ddm|: 4.478141e-05     Tr[DP]  2.942074e-01
 iter: 101:2        |ddm|: 2.998242e-05     Tr[DP]  2.942077e-01
 iter: 102:1        |ddm|: 4.374970e-05     Tr[DP]  2.942075e-01
 iter: 102:2        |ddm|: 2.887927e-05     Tr[DP]  2.942077e-01
 iter: 103:1        |ddm|: 4.309215e-05     Tr[DP]  2.942075e-01
 iter: 103:2        |ddm|: 2.820747e-05     Tr[DP]  2.942077e-01
 iter: 104:1        |ddm|: 4.531406e-05     Tr[DP]  2.942075e-01
 iter: 104:2        |ddm|: 4.456478e-05     Tr[DP]  2.942077e-01
 iter: 105:1        |ddm|: 4.099419e-05     Tr[DP]  2.942076e-01
 iter: 105:2        |ddm|: 3.007947e-05     Tr[DP]  2.942077e-01
 iter: 106:1        |ddm|: 4.125133e-05     Tr[DP]  2.942076e-01
 iter: 106:2        |ddm|: 3.266994e-05     Tr[DP]  2.942077e-01
 iter: 107:1        |ddm|: 3.956073e-05     Tr[DP]  2.942076e-01
 iter: 107:2        |ddm|: 2.886228e-05     Tr[DP]  2.942077e-01
 iter: 108:1        |ddm|: 3.994510e-05     Tr[DP]  2.942076e-01
 iter: 108:2        |ddm|: 3.483619e-05     Tr[DP]  2.942078e-01
 iter: 109:1        |ddm|: 3.763184e-05     Tr[DP]  2.942077e-01
 iter: 109:2        |ddm|: 2.792087e-05     Tr[DP]  2.942078e-01
 iter: 110:1        |ddm|: 3.647457e-05     Tr[DP]  2.942077e-01
 iter: 110:2        |ddm|: 2.451453e-05     Tr[DP]  2.942078e-01
 iter: 111:1        |ddm|: 3.561351e-05     Tr[DP]  2.942077e-01
 iter: 111:2        |ddm|: 2.334990e-05     Tr[DP]  2.942078e-01
 iter: 112:1        |ddm|: 3.553921e-05     Tr[DP]  2.942077e-01
 iter: 112:2        |ddm|: 2.429705e-05     Tr[DP]  2.942078e-01
 iter: 113:1        |ddm|: 3.446746e-05     Tr[DP]  2.942077e-01
 iter: 113:2        |ddm|: 2.388755e-05     Tr[DP]  2.942078e-01
 iter: 114:1        |ddm|: 3.378211e-05     Tr[DP]  2.942077e-01
 iter: 114:2        |ddm|: 2.343879e-05     Tr[DP]  2.942078e-01
 iter: 115:1        |ddm|: 3.309534e-05     Tr[DP]  2.942077e-01
 iter: 115:2        |ddm|: 2.308657e-05     Tr[DP]  2.942078e-01
 iter: 116:1        |ddm|: 3.313628e-05     Tr[DP]  2.942077e-01
 iter: 116:2        |ddm|: 2.697392e-05     Tr[DP]  2.942078e-01
 iter: 117:1        |ddm|: 3.286084e-05     Tr[DP]  2.942077e-01
 iter: 117:2        |ddm|: 3.082878e-05     Tr[DP]  2.942078e-01
 iter: 118:1        |ddm|: 3.081094e-05     Tr[DP]  2.942077e-01
 iter: 118:2        |ddm|: 2.937390e-05     Tr[DP]  2.942078e-01
 iter: 119:1        |ddm|: 3.060210e-05     Tr[DP]  2.942077e-01
 iter: 119:2        |ddm|: 1.886973e-05     Tr[DP]  2.942078e-01
 iter: 120:1        |ddm|: 3.073298e-05     Tr[DP]  2.942077e-01
 iter: 120:2        |ddm|: 2.458588e-05     Tr[DP]  2.942078e-01
 iter: 121:1        |ddm|: 2.875221e-05     Tr[DP]  2.942077e-01
 iter: 121:2        |ddm|: 1.994292e-05     Tr[DP]  2.942078e-01
 iter: 122:1        |ddm|: 2.841903e-05     Tr[DP]  2.942078e-01
 iter: 122:2        |ddm|: 1.953246e-05     Tr[DP]  2.942078e-01
 iter: 123:1        |ddm|: 2.826520e-05     Tr[DP]  2.942078e-01
 iter: 123:2        |ddm|: 2.137311e-05     Tr[DP]  2.942078e-01
 iter: 124:1        |ddm|: 3.164380e-05     Tr[DP]  2.942078e-01
 iter: 124:2        |ddm|: 4.309823e-05     Tr[DP]  2.942078e-01
 iter: 125:1        |ddm|: 2.669424e-05     Tr[DP]  2.942078e-01
 iter: 125:2        |ddm|: 2.552107e-05     Tr[DP]  2.942078e-01
 iter: 126:1        |ddm|: 2.643897e-05     Tr[DP]  2.942078e-01
 iter: 126:2        |ddm|: 1.686893e-05     Tr[DP]  2.942078e-01
 iter: 127:1        |ddm|: 2.577360e-05     Tr[DP]  2.942078e-01
 iter: 127:2        |ddm|: 1.901222e-05     Tr[DP]  2.942078e-01
 iter: 128:1        |ddm|: 2.472043e-05     Tr[DP]  2.942078e-01
 iter: 128:2        |ddm|: 1.703081e-05     Tr[DP]  2.942078e-01
 iter: 129:1        |ddm|: 2.429847e-05     Tr[DP]  2.942078e-01
 iter: 129:2        |ddm|: 1.650235e-05     Tr[DP]  2.942078e-01
 iter: 130:1        |ddm|: 2.378925e-05     Tr[DP]  2.942078e-01
 iter: 130:2        |ddm|: 1.612184e-05     Tr[DP]  2.942078e-01
 iter: 131:1        |ddm|: 2.315095e-05     Tr[DP]  2.942078e-01
 iter: 131:2        |ddm|: 1.532158e-05     Tr[DP]  2.942078e-01
 iter: 132:1        |ddm|: 2.288651e-05     Tr[DP]  2.942078e-01
 iter: 132:2        |ddm|: 1.534554e-05     Tr[DP]  2.942078e-01
 iter: 133:1        |ddm|: 2.209505e-05     Tr[DP]  2.942078e-01
 iter: 133:2        |ddm|: 1.512315e-05     Tr[DP]  2.942078e-01
 iter: 134:1        |ddm|: 2.332355e-05     Tr[DP]  2.942078e-01
 iter: 134:2        |ddm|: 2.107063e-05     Tr[DP]  2.942078e-01
 iter: 135:1        |ddm|: 2.120068e-05     Tr[DP]  2.942078e-01
 iter: 135:2        |ddm|: 1.489317e-05     Tr[DP]  2.942078e-01
 iter: 136:1        |ddm|: 2.088735e-05     Tr[DP]  2.942078e-01
 iter: 136:2        |ddm|: 1.381094e-05     Tr[DP]  2.942078e-01
 iter: 137:1        |ddm|: 2.072687e-05     Tr[DP]  2.942078e-01
 iter: 137:2        |ddm|: 1.430364e-05     Tr[DP]  2.942078e-01
 iter: 138:1        |ddm|: 2.015092e-05     Tr[DP]  2.942078e-01
 iter: 138:2        |ddm|: 1.392706e-05     Tr[DP]  2.942078e-01
 iter: 139:1        |ddm|: 2.061873e-05     Tr[DP]  2.942078e-01
 iter: 139:2        |ddm|: 1.891758e-05     Tr[DP]  2.942078e-01
 iter: 140:1        |ddm|: 1.924417e-05     Tr[DP]  2.942078e-01
 iter: 140:2        |ddm|: 1.881531e-05     Tr[DP]  2.942078e-01
 iter: 141:1        |ddm|: 1.946507e-05     Tr[DP]  2.942078e-01
 iter: 141:2        |ddm|: 1.254399e-05     Tr[DP]  2.942078e-01
 iter: 142:1        |ddm|: 1.903789e-05     Tr[DP]  2.942078e-01
 iter: 142:2        |ddm|: 1.524168e-05     Tr[DP]  2.942078e-01
 iter: 143:1        |ddm|: 1.872648e-05     Tr[DP]  2.942078e-01
 iter: 143:2        |ddm|: 1.694066e-05     Tr[DP]  2.942078e-01
 iter: 144:1        |ddm|: 1.802630e-05     Tr[DP]  2.942078e-01
 iter: 144:2        |ddm|: 1.528986e-05     Tr[DP]  2.942078e-01
 iter: 145:1        |ddm|: 1.780981e-05     Tr[DP]  2.942078e-01
 iter: 145:2        |ddm|: 1.578290e-05     Tr[DP]  2.942078e-01
 iter: 146:1        |ddm|: 1.673926e-05     Tr[DP]  2.942078e-01
 iter: 146:2        |ddm|: 1.175553e-05     Tr[DP]  2.942078e-01
 iter: 147:1        |ddm|: 1.634030e-05     Tr[DP]  2.942078e-01
 iter: 147:2        |ddm|: 1.076438e-05     Tr[DP]  2.942078e-01
 iter: 148:1        |ddm|: 1.595685e-05     Tr[DP]  2.942078e-01
 iter: 148:2        |ddm|: 1.041720e-05     Tr[DP]  2.942078e-01
 iter: 149:1        |ddm|: 1.572478e-05     Tr[DP]  2.942078e-01
 iter: 149:2        |ddm|: 1.014161e-05     Tr[DP]  2.942078e-01
 iter: 150:1        |ddm|: 1.542461e-05     Tr[DP]  2.942078e-01
 iter: 150:2        |ddm|: 1.008352e-05     Tr[DP]  2.942078e-01
 iter: 151:1        |ddm|: 1.540259e-05     Tr[DP]  2.942078e-01
 iter: 151:2        |ddm|: 1.132584e-05     Tr[DP]  2.942078e-01
 iter: 152:1        |ddm|: 1.548075e-05     Tr[DP]  2.942078e-01
 iter: 152:2        |ddm|: 1.444638e-05     Tr[DP]  2.942078e-01
 iter: 153:1        |ddm|: 1.521958e-05     Tr[DP]  2.942078e-01
 iter: 153:2        |ddm|: 1.554987e-05     Tr[DP]  2.942078e-01
 iter: 154:1        |ddm|: 1.406130e-05     Tr[DP]  2.942078e-01
 iter: 154:2        |ddm|: 1.043317e-05     Tr[DP]  2.942078e-01
 iter: 155:1        |ddm|: 1.359046e-05     Tr[DP]  2.942078e-01
 iter: 155:2        |ddm|: 9.960591e-06     Tr[DP]  2.942078e-01
 iter: 156:1        |ddm|: 1.342795e-05     Tr[DP]  2.942078e-01
 iter: 156:2        |ddm|: 8.909352e-06     Tr[DP]  2.942078e-01
 iter: 157:1        |ddm|: 1.323732e-05     Tr[DP]  2.942078e-01
 iter: 157:2        |ddm|: 8.445705e-06     Tr[DP]  2.942078e-01
 iter: 158:1        |ddm|: 1.312740e-05     Tr[DP]  2.942078e-01
 iter: 158:2        |ddm|: 9.007692e-06     Tr[DP]  2.942078e-01
 iter: 159:1        |ddm|: 1.311967e-05     Tr[DP]  2.942078e-01
 iter: 159:2        |ddm|: 1.106915e-05     Tr[DP]  2.942078e-01
 iter: 160:1        |ddm|: 1.263846e-05     Tr[DP]  2.942078e-01
 iter: 160:2        |ddm|: 1.041084e-05     Tr[DP]  2.942078e-01
 iter: 161:1        |ddm|: 1.361929e-05     Tr[DP]  2.942078e-01
 iter: 161:2        |ddm|: 1.713675e-05     Tr[DP]  2.942078e-01
 iter: 162:1        |ddm|: 1.166817e-05     Tr[DP]  2.942078e-01
 iter: 162:2        |ddm|: 8.551473e-06     Tr[DP]  2.942078e-01
 iter: 163:1        |ddm|: 1.158477e-05     Tr[DP]  2.942078e-01
 iter: 163:2        |ddm|: 1.123947e-05     Tr[DP]  2.942078e-01
 iter: 164:1        |ddm|: 1.145272e-05     Tr[DP]  2.942078e-01
 iter: 164:2        |ddm|: 7.269243e-06     Tr[DP]  2.942078e-01
 iter: 165:1        |ddm|: 1.146884e-05     Tr[DP]  2.942078e-01
 iter: 165:2        |ddm|: 8.397819e-06     Tr[DP]  2.942078e-01
 iter: 166:1        |ddm|: 1.097269e-05     Tr[DP]  2.942078e-01
 iter: 166:2        |ddm|: 8.100982e-06     Tr[DP]  2.942078e-01
 iter: 167:1        |ddm|: 1.107737e-05     Tr[DP]  2.942078e-01
 iter: 167:2        |ddm|: 9.859336e-06     Tr[DP]  2.942078e-01
 iter: 168:1        |ddm|: 1.090194e-05     Tr[DP]  2.942078e-01
 iter: 168:2        |ddm|: 1.073108e-05     Tr[DP]  2.942078e-01
 iter: 169:1        |ddm|: 1.013379e-05     Tr[DP]  2.942078e-01
 iter: 169:2        |ddm|: 7.419832e-06     Tr[DP]  2.942078e-01
 iter: 170:1        |ddm|: 9.800564e-06     Tr[DP]  2.942078e-01
 iter: 170:2        |ddm|: 7.298618e-06     Tr[DP]  2.942078e-01
 iter: 171:1        |ddm|: 9.741552e-06     Tr[DP]  2.942077e-01
 iter: 171:2        |ddm|: 8.437018e-06     Tr[DP]  2.942078e-01
 iter: 172:1        |ddm|: 9.709960e-06     Tr[DP]  2.942077e-01
 iter: 172:2        |ddm|: 6.063845e-06     Tr[DP]  2.942078e-01
 iter: 173:1        |ddm|: 9.848741e-06     Tr[DP]  2.942077e-01
 iter: 173:2        |ddm|: 8.180754e-06     Tr[DP]  2.942078e-01
 iter: 174:1        |ddm|: 9.771029e-06     Tr[DP]  2.942077e-01
 iter: 174:2        |ddm|: 1.019498e-05     Tr[DP]  2.942077e-01
 iter: 175:1        |ddm|: 9.438895e-06     Tr[DP]  2.942077e-01
 iter: 175:2        |ddm|: 9.841176e-06     Tr[DP]  2.942077e-01
 iter: 176:1        |ddm|: 8.857561e-06     Tr[DP]  2.942077e-01
 iter: 176:2        |ddm|: 7.198834e-06     Tr[DP]  2.942077e-01
 iter: 177:1        |ddm|: 8.418678e-06     Tr[DP]  2.942077e-01
 iter: 177:2        |ddm|: 5.887186e-06     Tr[DP]  2.942077e-01
 iter: 178:1        |ddm|: 8.313105e-06     Tr[DP]  2.942077e-01
 iter: 178:2        |ddm|: 6.656286e-06     Tr[DP]  2.942077e-01
 iter: 179:1        |ddm|: 8.223425e-06     Tr[DP]  2.942077e-01
 iter: 179:2        |ddm|: 5.493855e-06     Tr[DP]  2.942077e-01
 iter: 180:1        |ddm|: 8.201369e-06     Tr[DP]  2.942077e-01
 iter: 180:2        |ddm|: 5.447429e-06     Tr[DP]  2.942077e-01
 iter: 181:1        |ddm|: 8.339037e-06     Tr[DP]  2.942077e-01
 iter: 181:2        |ddm|: 7.846169e-06     Tr[DP]  2.942077e-01
 iter: 182:1        |ddm|: 8.076500e-06     Tr[DP]  2.942077e-01
 iter: 182:2        |ddm|: 8.078821e-06     Tr[DP]  2.942077e-01
 iter: 183:1        |ddm|: 7.811527e-06     Tr[DP]  2.942077e-01
 iter: 183:2        |ddm|: 7.336319e-06     Tr[DP]  2.942077e-01
 iter: 184:1        |ddm|: 7.325745e-06     Tr[DP]  2.942077e-01
 iter: 184:2        |ddm|: 5.223915e-06     Tr[DP]  2.942077e-01
 iter: 185:1        |ddm|: 7.096971e-06     Tr[DP]  2.942077e-01
 iter: 185:2        |ddm|: 5.121186e-06     Tr[DP]  2.942077e-01
 iter: 186:1        |ddm|: 7.023484e-06     Tr[DP]  2.942077e-01
 iter: 186:2        |ddm|: 5.940610e-06     Tr[DP]  2.942077e-01
 iter: 187:1        |ddm|: 7.068613e-06     Tr[DP]  2.942077e-01
 iter: 187:2        |ddm|: 4.425038e-06     Tr[DP]  2.942077e-01
 iter: 188:1        |ddm|: 6.834568e-06     Tr[DP]  2.942077e-01
 iter: 188:2        |ddm|: 4.643364e-06     Tr[DP]  2.942077e-01
 iter: 189:1        |ddm|: 7.201359e-06     Tr[DP]  2.942077e-01
 iter: 189:2        |ddm|: 7.730089e-06     Tr[DP]  2.942077e-01
 iter: 190:1        |ddm|: 6.758083e-06     Tr[DP]  2.942077e-01
 iter: 190:2        |ddm|: 6.691046e-06     Tr[DP]  2.942077e-01
 iter: 191:1        |ddm|: 6.589521e-06     Tr[DP]  2.942077e-01
 iter: 191:2        |ddm|: 6.282619e-06     Tr[DP]  2.942077e-01
 iter: 192:1        |ddm|: 6.103277e-06     Tr[DP]  2.942077e-01
 iter: 192:2        |ddm|: 4.276804e-06     Tr[DP]  2.942077e-01
 iter: 193:1        |ddm|: 6.001588e-06     Tr[DP]  2.942077e-01
 iter: 193:2        |ddm|: 4.997103e-06     Tr[DP]  2.942077e-01
 iter: 194:1        |ddm|: 6.106581e-06     Tr[DP]  2.942077e-01
 iter: 194:2        |ddm|: 4.078073e-06     Tr[DP]  2.942077e-01
 iter: 195:1        |ddm|: 5.773306e-06     Tr[DP]  2.942077e-01
 iter: 195:2        |ddm|: 3.855954e-06     Tr[DP]  2.942077e-01
 iter: 196:1        |ddm|: 5.822700e-06     Tr[DP]  2.942077e-01
 iter: 196:2        |ddm|: 4.424257e-06     Tr[DP]  2.942077e-01
 iter: 197:1        |ddm|: 5.810311e-06     Tr[DP]  2.942077e-01
 iter: 197:2        |ddm|: 5.360891e-06     Tr[DP]  2.942077e-01
 iter: 198:1        |ddm|: 5.497302e-06     Tr[DP]  2.942077e-01
 iter: 198:2        |ddm|: 4.372528e-06     Tr[DP]  2.942077e-01
 iter: 199:1        |ddm|: 5.296116e-06     Tr[DP]  2.942077e-01
 iter: 199:2        |ddm|: 3.634216e-06     Tr[DP]  2.942077e-01
 iter: 200:1        |ddm|: 5.219762e-06     Tr[DP]  2.942077e-01
 iter: 200:2        |ddm|: 3.561634e-06     Tr[DP]  2.942077e-01
 iter: 201:1        |ddm|: 5.066546e-06     Tr[DP]  2.942077e-01
 iter: 201:2        |ddm|: 3.334975e-06     Tr[DP]  2.942077e-01
 iter: 202:1        |ddm|: 5.053665e-06     Tr[DP]  2.942077e-01
 iter: 202:2        |ddm|: 3.509132e-06     Tr[DP]  2.942077e-01
 iter: 203:1        |ddm|: 4.865771e-06     Tr[DP]  2.942077e-01
 iter: 203:2        |ddm|: 3.259518e-06     Tr[DP]  2.942077e-01
 iter: 204:1        |ddm|: 4.757181e-06     Tr[DP]  2.942077e-01
 iter: 204:2        |ddm|: 3.121909e-06     Tr[DP]  2.942077e-01
 iter: 205:1        |ddm|: 4.718672e-06     Tr[DP]  2.942077e-01
 iter: 205:2        |ddm|: 3.130360e-06     Tr[DP]  2.942077e-01
 iter: 206:1        |ddm|: 4.618635e-06     Tr[DP]  2.942077e-01
 iter: 206:2        |ddm|: 3.157902e-06     Tr[DP]  2.942077e-01
 iter: 207:1        |ddm|: 4.488513e-06     Tr[DP]  2.942077e-01
 iter: 207:2        |ddm|: 2.995287e-06     Tr[DP]  2.942077e-01
 iter: 208:1        |ddm|: 4.456830e-06     Tr[DP]  2.942077e-01
 iter: 208:2        |ddm|: 3.077403e-06     Tr[DP]  2.942077e-01
 iter: 209:1        |ddm|: 4.303232e-06     Tr[DP]  2.942077e-01
 iter: 209:2        |ddm|: 2.871289e-06     Tr[DP]  2.942077e-01
 iter: 210:1        |ddm|: 4.198350e-06     Tr[DP]  2.942077e-01
 iter: 210:2        |ddm|: 2.995617e-06     Tr[DP]  2.942077e-01
 iter: 211:1        |ddm|: 4.463238e-06     Tr[DP]  2.942077e-01
 iter: 211:2        |ddm|: 4.076048e-06     Tr[DP]  2.942077e-01
 iter: 212:1        |ddm|: 4.206131e-06     Tr[DP]  2.942077e-01
 iter: 212:2        |ddm|: 3.873986e-06     Tr[DP]  2.942077e-01
 iter: 213:1        |ddm|: 4.220078e-06     Tr[DP]  2.942077e-01
 iter: 213:2        |ddm|: 4.501591e-06     Tr[DP]  2.942077e-01
 iter: 214:1        |ddm|: 3.824388e-06     Tr[DP]  2.942077e-01
 iter: 214:2        |ddm|: 2.717121e-06     Tr[DP]  2.942077e-01
 iter: 215:1        |ddm|: 3.770027e-06     Tr[DP]  2.942077e-01
 iter: 215:2        |ddm|: 2.472410e-06     Tr[DP]  2.942077e-01
 iter: 216:1        |ddm|: 3.683066e-06     Tr[DP]  2.942077e-01
 iter: 216:2        |ddm|: 2.417646e-06     Tr[DP]  2.942077e-01
 iter: 217:1        |ddm|: 3.581244e-06     Tr[DP]  2.942077e-01
 iter: 217:2        |ddm|: 2.361285e-06     Tr[DP]  2.942077e-01
 iter: 218:1        |ddm|: 3.535004e-06     Tr[DP]  2.942077e-01
 iter: 218:2        |ddm|: 2.296860e-06     Tr[DP]  2.942077e-01
 iter: 219:1        |ddm|: 3.533807e-06     Tr[DP]  2.942077e-01
 iter: 219:2        |ddm|: 2.582167e-06     Tr[DP]  2.942077e-01
 iter: 220:1        |ddm|: 3.361266e-06     Tr[DP]  2.942077e-01
 iter: 220:2        |ddm|: 2.286877e-06     Tr[DP]  2.942077e-01
 iter: 221:1        |ddm|: 3.387470e-06     Tr[DP]  2.942077e-01
 iter: 221:2        |ddm|: 2.523806e-06     Tr[DP]  2.942077e-01
 iter: 222:1        |ddm|: 3.314127e-06     Tr[DP]  2.942077e-01
 iter: 222:2        |ddm|: 2.422947e-06     Tr[DP]  2.942077e-01
 iter: 223:1        |ddm|: 3.629878e-06     Tr[DP]  2.942077e-01
 iter: 223:2        |ddm|: 4.677014e-06     Tr[DP]  2.942077e-01
 iter: 224:1        |ddm|: 3.073047e-06     Tr[DP]  2.942077e-01
 iter: 224:2        |ddm|: 2.308207e-06     Tr[DP]  2.942077e-01
 iter: 225:1        |ddm|: 3.061396e-06     Tr[DP]  2.942077e-01
 iter: 225:2        |ddm|: 2.035746e-06     Tr[DP]  2.942077e-01
 iter: 226:1        |ddm|: 2.971867e-06     Tr[DP]  2.942077e-01
 iter: 226:2        |ddm|: 2.021667e-06     Tr[DP]  2.942077e-01
 iter: 227:1        |ddm|: 2.896725e-06     Tr[DP]  2.942077e-01
 iter: 227:2        |ddm|: 1.945871e-06     Tr[DP]  2.942077e-01
 iter: 228:1        |ddm|: 2.830635e-06     Tr[DP]  2.942077e-01
 iter: 228:2        |ddm|: 1.870612e-06     Tr[DP]  2.942077e-01
 iter: 229:1        |ddm|: 2.802429e-06     Tr[DP]  2.942077e-01
 iter: 229:2        |ddm|: 1.936644e-06     Tr[DP]  2.942077e-01
 iter: 230:1        |ddm|: 2.688636e-06     Tr[DP]  2.942077e-01
 iter: 230:2        |ddm|: 2.045822e-06     Tr[DP]  2.942077e-01
 iter: 231:1        |ddm|: 2.706864e-06     Tr[DP]  2.942077e-01
 iter: 231:2        |ddm|: 1.710392e-06     Tr[DP]  2.942077e-01
 iter: 232:1        |ddm|: 2.760388e-06     Tr[DP]  2.942077e-01
 iter: 232:2        |ddm|: 2.408973e-06     Tr[DP]  2.942077e-01
 iter: 233:1        |ddm|: 2.569630e-06     Tr[DP]  2.942077e-01
 iter: 233:2        |ddm|: 1.909796e-06     Tr[DP]  2.942077e-01
 iter: 234:1        |ddm|: 2.538943e-06     Tr[DP]  2.942077e-01
 iter: 234:2        |ddm|: 1.881693e-06     Tr[DP]  2.942077e-01
 iter: 235:1        |ddm|: 2.512372e-06     Tr[DP]  2.942077e-01
 iter: 235:2        |ddm|: 2.036924e-06     Tr[DP]  2.942077e-01
 iter: 236:1        |ddm|: 2.506740e-06     Tr[DP]  2.942077e-01
 iter: 236:2        |ddm|: 2.373191e-06     Tr[DP]  2.942077e-01
 iter: 237:1        |ddm|: 2.313285e-06     Tr[DP]  2.942077e-01
 iter: 237:2        |ddm|: 1.612037e-06     Tr[DP]  2.942077e-01
 iter: 238:1        |ddm|: 2.289476e-06     Tr[DP]  2.942077e-01
 iter: 238:2        |ddm|: 1.533231e-06     Tr[DP]  2.942077e-01
 iter: 239:1        |ddm|: 2.236725e-06     Tr[DP]  2.942077e-01
 iter: 239:2        |ddm|: 1.500062e-06     Tr[DP]  2.942077e-01
 iter: 240:1        |ddm|: 2.188775e-06     Tr[DP]  2.942077e-01
 iter: 240:2        |ddm|: 1.471895e-06     Tr[DP]  2.942077e-01
 iter: 241:1        |ddm|: 2.135318e-06     Tr[DP]  2.942077e-01
 iter: 241:2        |ddm|: 1.416985e-06     Tr[DP]  2.942077e-01
 iter: 242:1        |ddm|: 2.085295e-06     Tr[DP]  2.942077e-01
 iter: 242:2        |ddm|: 1.365664e-06     Tr[DP]  2.942077e-01
 iter: 243:1        |ddm|: 2.062637e-06     Tr[DP]  2.942077e-01
 iter: 243:2        |ddm|: 1.361224e-06     Tr[DP]  2.942077e-01
 iter: 244:1        |ddm|: 2.024255e-06     Tr[DP]  2.942077e-01
 iter: 244:2        |ddm|: 1.369405e-06     Tr[DP]  2.942077e-01
 iter: 245:1        |ddm|: 1.976163e-06     Tr[DP]  2.942077e-01
 iter: 245:2        |ddm|: 1.334015e-06     Tr[DP]  2.942077e-01
 iter: 246:1        |ddm|: 1.933633e-06     Tr[DP]  2.942077e-01
 iter: 246:2        |ddm|: 1.289788e-06     Tr[DP]  2.942077e-01
 iter: 247:1        |ddm|: 1.888145e-06     Tr[DP]  2.942077e-01
 iter: 247:2        |ddm|: 1.241180e-06     Tr[DP]  2.942077e-01
 iter: 248:1        |ddm|: 1.862238e-06     Tr[DP]  2.942077e-01
 iter: 248:2        |ddm|: 1.215850e-06     Tr[DP]  2.942077e-01
 iter: 249:1        |ddm|: 1.850353e-06     Tr[DP]  2.942077e-01
 iter: 249:2        |ddm|: 1.306052e-06     Tr[DP]  2.942077e-01
 iter: 250:1        |ddm|: 1.809615e-06     Tr[DP]  2.942077e-01
 iter: 250:2        |ddm|: 1.419450e-06     Tr[DP]  2.942077e-01
 iter: 251:1        |ddm|: 1.720697e-06     Tr[DP]  2.942077e-01
 iter: 251:2        |ddm|: 1.229204e-06     Tr[DP]  2.942077e-01
 iter: 252:1        |ddm|: 1.797927e-06     Tr[DP]  2.942077e-01
 iter: 252:2        |ddm|: 1.489501e-06     Tr[DP]  2.942077e-01
 iter: 253:1        |ddm|: 1.811226e-06     Tr[DP]  2.942077e-01
 iter: 253:2        |ddm|: 1.992859e-06     Tr[DP]  2.942077e-01
 iter: 254:1        |ddm|: 1.769780e-06     Tr[DP]  2.942077e-01
 iter: 254:2        |ddm|: 2.127942e-06     Tr[DP]  2.942077e-01
 iter: 255:1        |ddm|: 1.572993e-06     Tr[DP]  2.942077e-01
 iter: 255:2        |ddm|: 1.143557e-06     Tr[DP]  2.942077e-01
 iter: 256:1        |ddm|: 1.543288e-06     Tr[DP]  2.942077e-01
 iter: 256:2        |ddm|: 1.022379e-06     Tr[DP]  2.942077e-01
 iter: 257:1        |ddm|: 1.522485e-06     Tr[DP]  2.942077e-01
 iter: 257:2        |ddm|: 1.021461e-06     Tr[DP]  2.942077e-01
 iter: 258:1        |ddm|: 1.476565e-06     Tr[DP]  2.942077e-01
 iter: 258:2        |ddm|: 9.889982e-07     Tr[DP]  2.942077e-01
 iter: 259:1        |ddm|: 1.446942e-06     Tr[DP]  2.942077e-01
 iter: 259:2        |ddm|: 9.731224e-07     Tr[DP]  2.942077e-01
 iter: 260:1        |ddm|: 1.403198e-06     Tr[DP]  2.942077e-01
 iter: 260:2        |ddm|: 9.228063e-07     Tr[DP]  2.942077e-01
 iter: 261:1        |ddm|: 1.386522e-06     Tr[DP]  2.942077e-01
 iter: 261:2        |ddm|: 9.038597e-07     Tr[DP]  2.942077e-01
 iter: 262:1        |ddm|: 1.371713e-06     Tr[DP]  2.942077e-01
 iter: 262:2        |ddm|: 9.445170e-07     Tr[DP]  2.942077e-01
 iter: 263:1        |ddm|: 1.328392e-06     Tr[DP]  2.942077e-01
 iter: 263:2        |ddm|: 9.037882e-07     Tr[DP]  2.942077e-01
 iter: 264:1        |ddm|: 1.317611e-06     Tr[DP]  2.942077e-01
 iter: 264:2        |ddm|: 9.113462e-07     Tr[DP]  2.942077e-01
 iter: 265:1        |ddm|: 1.274957e-06     Tr[DP]  2.942077e-01
 iter: 265:2        |ddm|: 8.514028e-07     Tr[DP]  2.942077e-01
 iter: 266:1        |ddm|: 1.245359e-06     Tr[DP]  2.942077e-01
 iter: 266:2        |ddm|: 1.005747e-06     Tr[DP]  2.942077e-01
 iter: 267:1        |ddm|: 1.384151e-06     Tr[DP]  2.942077e-01
 iter: 267:2        |ddm|: 1.487751e-06     Tr[DP]  2.942077e-01
 iter: 268:1        |ddm|: 1.224567e-06     Tr[DP]  2.942077e-01
 iter: 268:2        |ddm|: 1.081099e-06     Tr[DP]  2.942077e-01
 iter: 269:1        |ddm|: 1.186230e-06     Tr[DP]  2.942077e-01
 iter: 269:2        |ddm|: 9.666909e-07     Tr[DP]  2.942077e-01
 iter: 270:1        |ddm|: 1.153728e-06     Tr[DP]  2.942077e-01
 iter: 270:2        |ddm|: 8.731217e-07     Tr[DP]  2.942077e-01
 iter: 271:1        |ddm|: 1.130433e-06     Tr[DP]  2.942077e-01
 iter: 271:2        |ddm|: 8.514216e-07     Tr[DP]  2.942077e-01
 iter: 272:1        |ddm|: 1.090136e-06     Tr[DP]  2.942077e-01
 iter: 272:2        |ddm|: 7.701612e-07     Tr[DP]  2.942077e-01
 iter: 273:1        |ddm|: 1.084520e-06     Tr[DP]  2.942077e-01
 iter: 273:2        |ddm|: 7.911323e-07     Tr[DP]  2.942077e-01
 iter: 274:1        |ddm|: 1.039560e-06     Tr[DP]  2.942077e-01
 iter: 274:2        |ddm|: 7.128494e-07     Tr[DP]  2.942077e-01
 iter: 275:1        |ddm|: 1.024876e-06     Tr[DP]  2.942077e-01
 iter: 275:2        |ddm|: 7.144913e-07     Tr[DP]  2.942077e-01
 iter: 276:1        |ddm|: 1.002707e-06     Tr[DP]  2.942077e-01
 iter: 276:2        |ddm|: 7.038925e-07     Tr[DP]  2.942077e-01
 iter: 277:1        |ddm|: 9.799339e-07     Tr[DP]  2.942077e-01
 iter: 277:2        |ddm|: 6.986613e-07     Tr[DP]  2.942077e-01
 iter: 278:1        |ddm|: 9.526176e-07     Tr[DP]  2.942077e-01
 iter: 278:2        |ddm|: 6.374799e-07     Tr[DP]  2.942077e-01
 iter: 279:1        |ddm|: 9.256851e-07     Tr[DP]  2.942077e-01
 iter: 279:2        |ddm|: 6.337125e-07     Tr[DP]  2.942077e-01
 iter: 280:1        |ddm|: 9.336243e-07     Tr[DP]  2.942077e-01
 iter: 280:2        |ddm|: 6.319052e-07     Tr[DP]  2.942077e-01
 iter: 281:1        |ddm|: 8.989893e-07     Tr[DP]  2.942077e-01
 iter: 281:2        |ddm|: 6.127878e-07     Tr[DP]  2.942077e-01
 iter: 282:1        |ddm|: 8.816114e-07     Tr[DP]  2.942077e-01
 iter: 282:2        |ddm|: 5.998964e-07     Tr[DP]  2.942077e-01
 iter: 283:1        |ddm|: 8.634610e-07     Tr[DP]  2.942077e-01
 iter: 283:2        |ddm|: 5.838901e-07     Tr[DP]  2.942077e-01
 iter: 284:1        |ddm|: 8.389726e-07     Tr[DP]  2.942077e-01
 iter: 284:2        |ddm|: 5.587260e-07     Tr[DP]  2.942077e-01
 iter: 285:1        |ddm|: 8.189232e-07     Tr[DP]  2.942077e-01
 iter: 285:2        |ddm|: 6.267675e-07     Tr[DP]  2.942077e-01
 iter: 286:1        |ddm|: 8.798364e-07     Tr[DP]  2.942077e-01
 iter: 286:2        |ddm|: 8.829740e-07     Tr[DP]  2.942077e-01
 iter: 287:1        |ddm|: 8.162941e-07     Tr[DP]  2.942077e-01
 iter: 287:2        |ddm|: 6.599329e-07     Tr[DP]  2.942077e-01
 iter: 288:1        |ddm|: 7.975229e-07     Tr[DP]  2.942077e-01
 iter: 288:2        |ddm|: 6.572613e-07     Tr[DP]  2.942077e-01
 iter: 289:1        |ddm|: 7.760600e-07     Tr[DP]  2.942077e-01
 iter: 289:2        |ddm|: 6.513695e-07     Tr[DP]  2.942077e-01
 iter: 290:1        |ddm|: 7.411160e-07     Tr[DP]  2.942077e-01
 iter: 290:2        |ddm|: 5.413211e-07     Tr[DP]  2.942077e-01
 iter: 291:1        |ddm|: 7.210134e-07     Tr[DP]  2.942077e-01
 iter: 291:2        |ddm|: 4.919185e-07     Tr[DP]  2.942077e-01
 iter: 292:1        |ddm|: 7.095458e-07     Tr[DP]  2.942077e-01
 iter: 292:2        |ddm|: 4.909327e-07     Tr[DP]  2.942077e-01
 iter: 293:1        |ddm|: 6.889067e-07     Tr[DP]  2.942077e-01
 iter: 293:2        |ddm|: 4.742045e-07     Tr[DP]  2.942077e-01
 iter: 294:1        |ddm|: 6.785766e-07     Tr[DP]  2.942077e-01
 iter: 294:2        |ddm|: 4.645987e-07     Tr[DP]  2.942077e-01
 iter: 295:1        |ddm|: 6.620242e-07     Tr[DP]  2.942077e-01
 iter: 295:2        |ddm|: 6.277365e-07     Tr[DP]  2.942077e-01
 iter: 296:1        |ddm|: 7.159988e-07     Tr[DP]  2.942077e-01
 iter: 296:2        |ddm|: 6.455968e-07     Tr[DP]  2.942077e-01
 iter: 297:1        |ddm|: 6.346948e-07     Tr[DP]  2.942077e-01
 iter: 297:2        |ddm|: 4.631409e-07     Tr[DP]  2.942077e-01
 iter: 298:1        |ddm|: 6.260280e-07     Tr[DP]  2.942077e-01
 iter: 298:2        |ddm|: 4.382259e-07     Tr[DP]  2.942077e-01
 iter: 299:1        |ddm|: 6.140385e-07     Tr[DP]  2.942077e-01
 iter: 299:2        |ddm|: 4.352233e-07     Tr[DP]  2.942077e-01
 iter: 300:1        |ddm|: 6.027689e-07     Tr[DP]  2.942077e-01
 iter: 300:2        |ddm|: 4.598659e-07     Tr[DP]  2.942077e-01
                         Freeze-and-Thaw NOT converged!                         

=================== Subsystem 1 at higher mean-field method ====================
  subiter:   1      |ddm|: 2.858078e-01
  subiter:   2      |ddm|: 2.406007e-01
  subiter:   3      |ddm|: 1.278139e-02
  subiter:   4      |ddm|: 1.609134e-02
  subiter:   5      |ddm|: 1.465451e-03
  subiter:   6      |ddm|: 3.307650e-04
  subiter:   7      |ddm|: 2.419084e-04
  subiter:   8      |ddm|: 2.414004e-05
  subiter:   9      |ddm|: 5.361956e-06
  subiter:  10      |ddm|: 1.221620e-06
  subiter:  11      |ddm|: 3.868468e-07
  subiter:  12      |ddm|: 9.767306e-08
  subiter:  13      |ddm|: 6.829348e-08
  subiter:  14      |ddm|: 1.163202e-08
  subiter:  15      |ddm|: 5.841049e-09


******** <class 'pyscf.scf.hf.RHF'> flags ********
method = RHF
initial guess = minao
damping factor = 0
level shift factor = 0
DIIS = <class 'pyscf.scf.diis.CDIIS'>
DIIS start cycle = 1
DIIS space = 8
SCF tol = 1e-09
SCF gradient tol = None
max. SCF cycles = 100
direct_scf = True
direct_scf_tol = 1e-13
chkfile to save SCF result = /panfs/roc/scratch/graha682/D15/201712_ccpVTZ_NEVPT2_m06_15_2c12h24/tmplt7vZT
max_memory 4000 MB (current use 473 MB)
Set gradient conv threshold to 3.16228e-05
init E= -76.2373140218138
  HOMO = -0.378113886908479  LUMO = 0.187573310537533
cycle= 1 E= -76.2373140218144  delta_E= -5.83e-13  |g|= 2.59e-09  |ddm|= 8.45e-09
  HOMO = -0.3781138870415  LUMO = 0.187573310577774
Extra cycle  E= -76.237314021814  delta_E= 3.84e-13  |g|= 2.35e-09  |ddm|= 3.12e-09
converged SCF energy = -76.237314021814


******** <class 'pyscf.dft.rks.RKS'> flags ********
method = RKS
initial guess = atom
damping factor = 0
level shift factor = 0.0
DIIS = <class 'pyscf.scf.diis.CDIIS'>
DIIS start cycle = 1
DIIS space = 8
SCF tol = 1e-08
SCF gradient tol = 1e-08
max. SCF cycles = 1
direct_scf = True
direct_scf_tol = 1e-13
chkfile to save SCF result = /panfs/roc/scratch/graha682/D15/201712_ccpVTZ_NEVPT2_m06_15_2c12h24/tmpwsrn02
max_memory 4000 MB (current use 474 MB)
XC functionals = m06
small_rho_cutoff = 1e-20
radial grids: Treutler-Ahlrichs (JCP 102, 346 (M4)) radial grids
becke partition: Becke, JCP, 88, 2547 (1988)
pruning grids: <function nwchem_prune at 0x17a15f0>
grids dens level: 4
symmetrized grids: False
atomic radii adjust function: <function treutler_atomic_radii_adjust at 0x17a1488>
init E= -76.7791038076425
  HOMO = -0.289016927347115  LUMO = 0.0507419285582483
cycle= 1 E= -76.7791038076425  delta_E= 1.42e-14  |g|= 1.24e-07  |ddm|= 6.04e-07
  HOMO = -0.289016927287385  LUMO = 0.0507419288051013
Extra cycle  E= -76.7791038076427  delta_E= -1.42e-13  |g|= 1.96e-07  |ddm|= 2.38e-07
SCF not converged.
SCF energy = -76.7791038076427 after 1 cycles
 iter: 301:1        |ddm|: 3.891867e-01     Tr[DP]  3.522246e-01

******** <class 'pyscf.mcscf.mc1step.CASSCF'> flags ********
CAS (1e+1e, 2o), ncore = 6, nvir = 80
max_cycle_macro = 50
max_cycle_micro = 4
conv_tol = 1e-07
conv_tol_grad = None
orbital rotation max_stepsize = 0.02
augmented hessian ah_max_cycle = 30
augmented hessian ah_conv_tol = 1e-12
augmented hessian ah_linear dependence = 1e-14
augmented hessian ah_level shift = 0
augmented hessian ah_start_tol = 2.5
augmented hessian ah_start_cycle = 3
augmented hessian ah_grad_trust_region = 3
kf_trust_region = 3
kf_interval = 4
ci_response_space = 4
ci_grad_trust_region = 3
with_dep4 0
natorb = False
canonicalization = True
sorting_mo_energy = False
chkfile = /panfs/roc/scratch/graha682/D15/201712_ccpVTZ_NEVPT2_m06_15_2c12h24/tmplt7vZT
max_memory 4000 MB (current use 486 MB)
internal_rotation = False
******** <class 'pyscf.fci.direct_spin1.FCISolver'> flags ********
max. cycles = 50
conv_tol = 1e-08
davidson only = False
linear dependence = 1e-10
level shift = 0.001
max iter space = 12
max_memory 4000 MB
nroots = 1
pspace_size = 400
spin = None
CASCI E = -76.2374880519169  S^2 = 0.0000000
Set conv_tol_grad to 0.000316228
macro iter 1 (21 JK  4 micro), CASSCF E = -76.2405882217261  dE = -0.0031001698  S^2 = 0.0000000
               |grad[o]|=0.0012  |grad[c]|= 0.013488246546  |ddm|=0.0055
macro iter 2 (21 JK  4 micro), CASSCF E = -76.2527228464721  dE = -0.012134625  S^2 = 0.0000000
               |grad[o]|=0.0111  |grad[c]|= 0.0178706908363  |ddm|=0.033
macro iter 3 (21 JK  4 micro), CASSCF E = -76.2635117483807  dE = -0.010788902  S^2 = 0.0000000
               |grad[o]|=0.026  |grad[c]|= 0.0144167051371  |ddm|=0.034
macro iter 4 (21 JK  4 micro), CASSCF E = -76.2659159142908  dE = -0.0024041659  S^2 = 0.0000000
               |grad[o]|=0.0179  |grad[c]|= 0.00448067982206  |ddm|=0.0111
macro iter 5 (9 JK  3 micro), CASSCF E = -76.2659197193467  dE = -3.8050559e-06  S^2 = 0.0000000
               |grad[o]|=0.00165  |grad[c]|= 2.55239635335e-05  |ddm|=0.000434
macro iter 6 (3 JK  1 micro), CASSCF E = -76.2659197211187  dE = -1.7719941e-09  S^2 = 0.0000000
               |grad[o]|=4.94e-05  |grad[c]|= 8.99935405668e-06  |ddm|=2.69e-05
1-step CASSCF converged in 6 macro (96 JK 20 micro) steps
CASSCF canonicalization
CASSCF energy = -76.2659197211187
Hartree-Fock Energy:   -76.23731402181403
CAS Correlation:       -0.02860569930465
CAS Energy:           -76.26591972111868
Sr    (-1)',   E = -0.00000000003189
Si    (+1)',   E = -0.00000000002717
Sijrs (0)  ,   E = -0.19541911131023
Sijr  (+1) ,   E = -0.00732331883891
Srsi  (-1) ,   E = -0.05846659840951
Srs   (-2) ,   E = -0.00662745487093
Sij   (+2) ,   E = -0.00084626077182
Sir   (0)' ,   E = -0.04746961400676
Nevpt2 Energy = -0.316152358267214
NEVPT2 =   -0.316152358267214
Total NEVPT2 =  -76.582072079385895

============================== Supermolecular DFT ==============================
  subiter:   1      |ddm|: 1.043270e+01
  subiter:   2      |ddm|: 3.191745e-01
  subiter:   3      |ddm|: 1.124094e-01
  subiter:   4      |ddm|: 2.169651e-02
  subiter:   5      |ddm|: 7.992471e-03
  subiter:   6      |ddm|: 3.765279e-03
  subiter:   7      |ddm|: 9.779844e-04
  subiter:   8      |ddm|: 3.017806e-04
  subiter:   9      |ddm|: 2.500164e-04
  subiter:  10      |ddm|: 4.245639e-05
  subiter:  11      |ddm|: 1.682234e-05
  subiter:  12      |ddm|: 4.693873e-06
  subiter:  13      |ddm|: 1.703600e-06
  subiter:  14      |ddm|: 4.574921e-07
  subiter:  15      |ddm|: 1.697025e-07
  subiter:  16      |ddm|: 8.206636e-08
  subiter:  17      |ddm|: 3.958205e-08
  subiter:  18      |ddm|: 4.794438e-09


******** <class 'pyscf.dft.rks.RKS'> flags ********
method = RKS
initial guess = atom
damping factor = 0
level shift factor = 0.0
DIIS = <class 'pyscf.scf.diis.CDIIS'>
DIIS start cycle = 1
DIIS space = 8
SCF tol = 1e-08
SCF gradient tol = 1e-08
max. SCF cycles = 100
direct_scf = True
direct_scf_tol = 1e-13
chkfile to save SCF result = /panfs/roc/scratch/graha682/D15/201712_ccpVTZ_NEVPT2_m06_15_2c12h24/tmpKBnEQs
max_memory 4000 MB (current use 581 MB)
XC functionals = m06
small_rho_cutoff = 1e-20
radial grids: Treutler-Ahlrichs (JCP 102, 346 (M4)) radial grids
becke partition: Becke, JCP, 88, 2547 (1988)
pruning grids: <function nwchem_prune at 0x17a15f0>
grids dens level: 4
symmetrized grids: False
atomic radii adjust function: <function treutler_atomic_radii_adjust at 0x17a1488>
init E= -471.484312467698
  HOMO = -0.249608165165989  LUMO = 0.0181093451280595
cycle= 1 E= -471.484312467704  delta_E= -6.59e-12  |g|= 2.78e-09  |ddm|= 1.12e-08
  HOMO = -0.249608165182565  LUMO = 0.0181093450958655
Extra cycle  E= -471.484312467664  delta_E= 4.02e-11  |g|= 3.71e-09  |ddm|= 1.04e-08
converged SCF energy = -471.484312467664
Supermolecular DFT   -471.48431246769803

============================== Embedding Energies ==============================
Subsystem DFT               -76.77910380764264
Interaction                -394.46840225275196
DFT-in-DFT                 -471.24750606039458
Supermolecular DFT         -471.48431246769803
Difference                   -0.23680640730345
Corrected DFT-in-DFT       -471.48431246769803
WF-in-DFT                  -471.05047433213787
Corrected WF-in-DFT        -471.28728073944131
================================================================================
TIMING STATISTICS:
     overlap integrals      0.09s   ( 0.00%)
    initial subsystems      0.35s   ( 0.00%)
           2e matrices  34750.47s   (90.44%)
      tot. embed. of 1  34776.81s   (90.51%)
      tot. embed. of 2     16.66s   ( 0.04%)
       freeze and thaw  34793.53s   (90.56%)
                   cas      2.09s   ( 0.01%)
                nevpt2      0.07s   ( 0.00%)
  interaction energies   3624.73s   ( 9.43%)
                 TOTAL  38422.36s
================================================================================

********************************************************************************
*                              END OF CALCULATION                              *
********************************************************************************
