********************************************************************************
*                         FREEZE-AND-THAW CALCULATION                          *
********************************************************************************

================================== Input File ==================================
subsystem
C         -6.81481       -0.41548        0.09427
C         -5.56147        0.43724        0.09293
H         -7.73235        0.19145        0.14286
H         -6.82758       -1.10435        0.95610
H         -6.87608       -1.03602       -0.81602
C         -4.28367       -0.38105        0.02769
H         -5.53674        1.07534        0.99707
H         -5.58393        1.14193       -0.76040
C         -3.01934        0.45821        0.02466
H         -4.30287       -1.02140       -0.87709
H         -4.25513       -1.08694        0.88206
C         -1.74266       -0.35996       -0.03904
H         -3.00073        1.09895        0.92897
H         -3.04751        1.16305       -0.83038
C         -0.47847        0.47976       -0.04293
H         -1.76110       -1.00126       -0.94291
H         -1.71376       -1.06425        0.81636
C          0.79802       -0.33884       -0.10519
H         -0.46016        1.12166        0.86050
H         -0.50661        1.18343       -0.89888
C          2.06201        0.50110       -0.10952
H          0.77977       -0.98112       -1.00834
H          0.82667       -1.04194        0.75104
C          3.33732       -0.31885       -0.17142
H          2.08070        1.14303        0.79380
H          2.03456        1.20444       -0.96582
C          4.60273        0.52974       -0.16842
H          3.32338       -0.95585       -1.07806
H          3.36999       -1.02442        0.68131
charge +1
end

subsystem
C          5.85144       -0.28251       -0.26720
H          4.63440        1.15499        0.74374
H          4.55410        1.23655       -1.02099
C          6.83934       -0.29091        0.62655
H          6.79249        0.32749        1.53124
H          7.73182       -0.91026        0.49647
H          5.93403       -0.92517       -1.15692
charge -1
end

embed
 huzinaga
 cycles 300
 conv 1e-8
 method m06
end

basis cc-pVDZ
method hf
grid 4
conv 1e-8
grad 1e-8
maxiter 100
================================== End Input ===================================
tot grids = 725328

                      Getting subsystem overlap integrals                       

                          Initial subsystem densities                           
Guessing initial subsystem densities
Initial guess from superpostion of atomic densties.
Guessing initial subsystem densities
Initial guess from superpostion of atomic densties.

=========================== Starting Freeze-and-Thaw ===========================
 iter:   1:1        |ddm|: 5.811134e+00     Tr[DP]  6.397799e-01
 iter:   1:2        |ddm|: 3.016437e+00     Tr[DP]  3.393911e-01
 iter:   2:1        |ddm|: 3.610828e+00     Tr[DP]  1.428698e-01
 iter:   2:2        |ddm|: 1.976747e+00     Tr[DP]  2.088421e-01
 iter:   3:1        |ddm|: 2.189289e+00     Tr[DP]  1.512594e-01
 iter:   3:2        |ddm|: 1.235765e+00     Tr[DP]  1.558676e-01
 iter:   4:1        |ddm|: 2.750749e-01     Tr[DP]  1.396040e-01
 iter:   4:2        |ddm|: 1.270402e-01     Tr[DP]  1.491425e-01
 iter:   5:1        |ddm|: 6.281566e-02     Tr[DP]  1.383640e-01
 iter:   5:2        |ddm|: 8.551264e-02     Tr[DP]  1.437879e-01
 iter:   6:1        |ddm|: 3.605631e-02     Tr[DP]  1.388972e-01
 iter:   6:2        |ddm|: 3.926511e-02     Tr[DP]  1.410082e-01
 iter:   7:1        |ddm|: 1.160004e-02     Tr[DP]  1.387382e-01
 iter:   7:2        |ddm|: 2.048785e-02     Tr[DP]  1.400413e-01
 iter:   8:1        |ddm|: 8.585635e-03     Tr[DP]  1.387332e-01
 iter:   8:2        |ddm|: 9.553004e-03     Tr[DP]  1.394737e-01
 iter:   9:1        |ddm|: 4.221948e-03     Tr[DP]  1.387523e-01
 iter:   9:2        |ddm|: 5.128464e-03     Tr[DP]  1.391174e-01
 iter:  10:1        |ddm|: 3.130087e-03     Tr[DP]  1.387524e-01
 iter:  10:2        |ddm|: 2.943467e-03     Tr[DP]  1.389397e-01
 iter:  11:1        |ddm|: 2.378922e-03     Tr[DP]  1.387577e-01
 iter:  11:2        |ddm|: 1.917501e-03     Tr[DP]  1.388468e-01
 iter:  12:1        |ddm|: 2.012044e-03     Tr[DP]  1.387612e-01
 iter:  12:2        |ddm|: 1.677069e-03     Tr[DP]  1.387983e-01
 iter:  13:1        |ddm|: 1.678590e-03     Tr[DP]  1.387693e-01
 iter:  13:2        |ddm|: 2.096696e-03     Tr[DP]  1.387723e-01
 iter:  14:1        |ddm|: 2.476585e-03     Tr[DP]  1.387627e-01
 iter:  14:2        |ddm|: 2.596412e-03     Tr[DP]  1.387706e-01
 iter:  15:1        |ddm|: 1.626381e-03     Tr[DP]  1.387657e-01
 iter:  15:2        |ddm|: 1.523080e-03     Tr[DP]  1.387630e-01
 iter:  16:1        |ddm|: 1.484456e-03     Tr[DP]  1.387678e-01
 iter:  16:2        |ddm|: 1.383674e-03     Tr[DP]  1.387604e-01
 iter:  17:1        |ddm|: 1.228951e-03     Tr[DP]  1.387692e-01
 iter:  17:2        |ddm|: 1.327395e-03     Tr[DP]  1.387599e-01
 iter:  18:1        |ddm|: 1.614897e-03     Tr[DP]  1.387698e-01
 iter:  18:2        |ddm|: 1.574352e-03     Tr[DP]  1.387601e-01
 iter:  19:1        |ddm|: 1.310137e-03     Tr[DP]  1.387706e-01
 iter:  19:2        |ddm|: 1.263717e-03     Tr[DP]  1.387608e-01
 iter:  20:1        |ddm|: 1.102087e-03     Tr[DP]  1.387718e-01
 iter:  20:2        |ddm|: 1.062902e-03     Tr[DP]  1.387617e-01
 iter:  21:1        |ddm|: 9.737971e-04     Tr[DP]  1.387727e-01
 iter:  21:2        |ddm|: 9.670958e-04     Tr[DP]  1.387628e-01
 iter:  22:1        |ddm|: 1.028883e-03     Tr[DP]  1.387735e-01
 iter:  22:2        |ddm|: 9.676523e-04     Tr[DP]  1.387639e-01
 iter:  23:1        |ddm|: 1.128264e-03     Tr[DP]  1.387744e-01
 iter:  23:2        |ddm|: 1.127879e-03     Tr[DP]  1.387649e-01
 iter:  24:1        |ddm|: 8.016581e-04     Tr[DP]  1.387750e-01
 iter:  24:2        |ddm|: 8.127938e-04     Tr[DP]  1.387660e-01
 iter:  25:1        |ddm|: 7.541532e-04     Tr[DP]  1.387757e-01
 iter:  25:2        |ddm|: 7.445782e-04     Tr[DP]  1.387671e-01
 iter:  26:1        |ddm|: 7.065402e-04     Tr[DP]  1.387762e-01
 iter:  26:2        |ddm|: 6.929723e-04     Tr[DP]  1.387681e-01
 iter:  27:1        |ddm|: 7.004658e-04     Tr[DP]  1.387766e-01
 iter:  27:2        |ddm|: 6.667902e-04     Tr[DP]  1.387689e-01
 iter:  28:1        |ddm|: 6.108226e-04     Tr[DP]  1.387770e-01
 iter:  28:2        |ddm|: 6.082556e-04     Tr[DP]  1.387697e-01
 iter:  29:1        |ddm|: 5.699241e-04     Tr[DP]  1.387773e-01
 iter:  29:2        |ddm|: 5.644693e-04     Tr[DP]  1.387704e-01
 iter:  30:1        |ddm|: 5.555680e-04     Tr[DP]  1.387777e-01
 iter:  30:2        |ddm|: 5.339249e-04     Tr[DP]  1.387711e-01
 iter:  31:1        |ddm|: 5.764185e-04     Tr[DP]  1.387782e-01
 iter:  31:2        |ddm|: 5.559071e-04     Tr[DP]  1.387718e-01
 iter:  32:1        |ddm|: 4.979878e-04     Tr[DP]  1.387785e-01
 iter:  32:2        |ddm|: 4.865828e-04     Tr[DP]  1.387724e-01
 iter:  33:1        |ddm|: 4.718716e-04     Tr[DP]  1.387789e-01
 iter:  33:2        |ddm|: 4.588246e-04     Tr[DP]  1.387731e-01
 iter:  34:1        |ddm|: 3.965053e-04     Tr[DP]  1.387791e-01
 iter:  34:2        |ddm|: 4.184742e-04     Tr[DP]  1.387737e-01
 iter:  35:1        |ddm|: 1.183843e-03     Tr[DP]  1.387809e-01
 iter:  35:2        |ddm|: 1.554182e-03     Tr[DP]  1.387750e-01
 iter:  36:1        |ddm|: 3.693743e-04     Tr[DP]  1.387808e-01
 iter:  36:2        |ddm|: 4.889177e-04     Tr[DP]  1.387753e-01
 iter:  37:1        |ddm|: 3.395545e-04     Tr[DP]  1.387809e-01
 iter:  37:2        |ddm|: 5.149908e-04     Tr[DP]  1.387759e-01
 iter:  38:1        |ddm|: 3.318294e-04     Tr[DP]  1.387812e-01
 iter:  38:2        |ddm|: 3.263095e-04     Tr[DP]  1.387766e-01
 iter:  39:1        |ddm|: 3.035847e-04     Tr[DP]  1.387812e-01
 iter:  39:2        |ddm|: 3.106111e-04     Tr[DP]  1.387770e-01
 iter:  40:1        |ddm|: 2.921450e-04     Tr[DP]  1.387814e-01
 iter:  40:2        |ddm|: 2.940048e-04     Tr[DP]  1.387774e-01
 iter:  41:1        |ddm|: 2.542419e-04     Tr[DP]  1.387814e-01
 iter:  41:2        |ddm|: 2.745565e-04     Tr[DP]  1.387777e-01
 iter:  42:1        |ddm|: 2.322124e-04     Tr[DP]  1.387814e-01
 iter:  42:2        |ddm|: 2.580445e-04     Tr[DP]  1.387780e-01
 iter:  43:1        |ddm|: 2.193762e-04     Tr[DP]  1.387816e-01
 iter:  43:2        |ddm|: 2.311130e-04     Tr[DP]  1.387783e-01
 iter:  44:1        |ddm|: 2.183475e-04     Tr[DP]  1.387816e-01
 iter:  44:2        |ddm|: 2.182371e-04     Tr[DP]  1.387786e-01
 iter:  45:1        |ddm|: 2.538827e-04     Tr[DP]  1.387819e-01
 iter:  45:2        |ddm|: 2.590874e-04     Tr[DP]  1.387790e-01
 iter:  46:1        |ddm|: 3.183217e-04     Tr[DP]  1.387825e-01
 iter:  46:2        |ddm|: 3.739259e-04     Tr[DP]  1.387794e-01
 iter:  47:1        |ddm|: 2.214096e-04     Tr[DP]  1.387827e-01
 iter:  47:2        |ddm|: 2.405997e-04     Tr[DP]  1.387798e-01
 iter:  48:1        |ddm|: 2.862107e-04     Tr[DP]  1.387833e-01
 iter:  48:2        |ddm|: 3.283851e-04     Tr[DP]  1.387803e-01
 iter:  49:1        |ddm|: 1.748506e-04     Tr[DP]  1.387831e-01
 iter:  49:2        |ddm|: 2.665239e-04     Tr[DP]  1.387804e-01
 iter:  50:1        |ddm|: 1.563287e-04     Tr[DP]  1.387830e-01
 iter:  50:2        |ddm|: 2.088973e-04     Tr[DP]  1.387806e-01
 iter:  51:1        |ddm|: 1.454253e-04     Tr[DP]  1.387831e-01
 iter:  51:2        |ddm|: 1.589359e-04     Tr[DP]  1.387809e-01
 iter:  52:1        |ddm|: 1.559176e-04     Tr[DP]  1.387833e-01
 iter:  52:2        |ddm|: 1.762732e-04     Tr[DP]  1.387811e-01
 iter:  53:1        |ddm|: 1.434041e-04     Tr[DP]  1.387834e-01
 iter:  53:2        |ddm|: 1.619838e-04     Tr[DP]  1.387813e-01
 iter:  54:1        |ddm|: 1.376403e-04     Tr[DP]  1.387835e-01
 iter:  54:2        |ddm|: 1.570163e-04     Tr[DP]  1.387815e-01
 iter:  55:1        |ddm|: 1.442896e-04     Tr[DP]  1.387838e-01
 iter:  55:2        |ddm|: 1.683639e-04     Tr[DP]  1.387817e-01
 iter:  56:1        |ddm|: 1.236035e-04     Tr[DP]  1.387837e-01
 iter:  56:2        |ddm|: 1.495233e-04     Tr[DP]  1.387818e-01
 iter:  57:1        |ddm|: 1.133142e-04     Tr[DP]  1.387837e-01
 iter:  57:2        |ddm|: 1.322337e-04     Tr[DP]  1.387820e-01
 iter:  58:1        |ddm|: 1.021202e-04     Tr[DP]  1.387837e-01
 iter:  58:2        |ddm|: 1.205396e-04     Tr[DP]  1.387821e-01
 iter:  59:1        |ddm|: 9.453041e-05     Tr[DP]  1.387837e-01
 iter:  59:2        |ddm|: 1.088520e-04     Tr[DP]  1.387823e-01
 iter:  60:1        |ddm|: 8.717075e-05     Tr[DP]  1.387838e-01
 iter:  60:2        |ddm|: 1.014235e-04     Tr[DP]  1.387824e-01
 iter:  61:1        |ddm|: 8.330161e-05     Tr[DP]  1.387838e-01
 iter:  61:2        |ddm|: 9.701036e-05     Tr[DP]  1.387825e-01
 iter:  62:1        |ddm|: 8.364187e-05     Tr[DP]  1.387839e-01
 iter:  62:2        |ddm|: 9.787268e-05     Tr[DP]  1.387826e-01
 iter:  63:1        |ddm|: 9.197970e-05     Tr[DP]  1.387841e-01
 iter:  63:2        |ddm|: 1.102055e-04     Tr[DP]  1.387828e-01
 iter:  64:1        |ddm|: 9.632860e-05     Tr[DP]  1.387843e-01
 iter:  64:2        |ddm|: 1.169118e-04     Tr[DP]  1.387829e-01
 iter:  65:1        |ddm|: 9.101670e-05     Tr[DP]  1.387843e-01
 iter:  65:2        |ddm|: 1.123036e-04     Tr[DP]  1.387830e-01
 iter:  66:1        |ddm|: 8.004522e-05     Tr[DP]  1.387842e-01
 iter:  66:2        |ddm|: 9.870269e-05     Tr[DP]  1.387831e-01
 iter:  67:1        |ddm|: 7.303167e-05     Tr[DP]  1.387841e-01
 iter:  67:2        |ddm|: 8.467976e-05     Tr[DP]  1.387832e-01
 iter:  68:1        |ddm|: 6.041511e-05     Tr[DP]  1.387841e-01
 iter:  68:2        |ddm|: 6.371814e-05     Tr[DP]  1.387832e-01
 iter:  69:1        |ddm|: 5.037868e-05     Tr[DP]  1.387841e-01
 iter:  69:2        |ddm|: 6.244334e-05     Tr[DP]  1.387833e-01
 iter:  70:1        |ddm|: 5.383824e-05     Tr[DP]  1.387842e-01
 iter:  70:2        |ddm|: 6.724989e-05     Tr[DP]  1.387834e-01
 iter:  71:1        |ddm|: 5.559187e-05     Tr[DP]  1.387843e-01
 iter:  71:2        |ddm|: 6.847442e-05     Tr[DP]  1.387835e-01
 iter:  72:1        |ddm|: 6.217188e-05     Tr[DP]  1.387844e-01
 iter:  72:2        |ddm|: 7.772840e-05     Tr[DP]  1.387835e-01
 iter:  73:1        |ddm|: 5.722976e-05     Tr[DP]  1.387844e-01
 iter:  73:2        |ddm|: 7.236893e-05     Tr[DP]  1.387836e-01
 iter:  74:1        |ddm|: 5.224324e-05     Tr[DP]  1.387844e-01
 iter:  74:2        |ddm|: 6.646501e-05     Tr[DP]  1.387837e-01
 iter:  75:1        |ddm|: 4.926602e-05     Tr[DP]  1.387844e-01
 iter:  75:2        |ddm|: 5.615592e-05     Tr[DP]  1.387837e-01
 iter:  76:1        |ddm|: 4.055175e-05     Tr[DP]  1.387844e-01
 iter:  76:2        |ddm|: 5.127589e-05     Tr[DP]  1.387838e-01
 iter:  77:1        |ddm|: 3.807615e-05     Tr[DP]  1.387844e-01
 iter:  77:2        |ddm|: 4.988491e-05     Tr[DP]  1.387838e-01
 iter:  78:1        |ddm|: 4.662890e-05     Tr[DP]  1.387846e-01
 iter:  78:2        |ddm|: 6.084606e-05     Tr[DP]  1.387839e-01
 iter:  79:1        |ddm|: 4.283184e-05     Tr[DP]  1.387845e-01
 iter:  79:2        |ddm|: 5.348585e-05     Tr[DP]  1.387839e-01
 iter:  80:1        |ddm|: 3.953315e-05     Tr[DP]  1.387846e-01
 iter:  80:2        |ddm|: 5.358588e-05     Tr[DP]  1.387840e-01
 iter:  81:1        |ddm|: 3.775029e-05     Tr[DP]  1.387846e-01
 iter:  81:2        |ddm|: 4.840387e-05     Tr[DP]  1.387840e-01
 iter:  82:1        |ddm|: 3.564555e-05     Tr[DP]  1.387845e-01
 iter:  82:2        |ddm|: 4.060089e-05     Tr[DP]  1.387840e-01
 iter:  83:1        |ddm|: 2.995237e-05     Tr[DP]  1.387845e-01
 iter:  83:2        |ddm|: 3.602359e-05     Tr[DP]  1.387841e-01
 iter:  84:1        |ddm|: 2.697908e-05     Tr[DP]  1.387845e-01
 iter:  84:2        |ddm|: 3.197824e-05     Tr[DP]  1.387841e-01
 iter:  85:1        |ddm|: 2.406805e-05     Tr[DP]  1.387845e-01
 iter:  85:2        |ddm|: 3.218092e-05     Tr[DP]  1.387841e-01
 iter:  86:1        |ddm|: 2.464853e-05     Tr[DP]  1.387846e-01
 iter:  86:2        |ddm|: 3.292085e-05     Tr[DP]  1.387842e-01
 iter:  87:1        |ddm|: 2.973010e-05     Tr[DP]  1.387846e-01
 iter:  87:2        |ddm|: 3.885318e-05     Tr[DP]  1.387842e-01
 iter:  88:1        |ddm|: 3.052122e-05     Tr[DP]  1.387847e-01
 iter:  88:2        |ddm|: 3.999223e-05     Tr[DP]  1.387842e-01
 iter:  89:1        |ddm|: 2.937667e-05     Tr[DP]  1.387847e-01
 iter:  89:2        |ddm|: 3.967119e-05     Tr[DP]  1.387843e-01
 iter:  90:1        |ddm|: 2.721088e-05     Tr[DP]  1.387847e-01
 iter:  90:2        |ddm|: 3.428080e-05     Tr[DP]  1.387843e-01
 iter:  91:1        |ddm|: 2.584210e-05     Tr[DP]  1.387846e-01
 iter:  91:2        |ddm|: 2.749952e-05     Tr[DP]  1.387843e-01
 iter:  92:1        |ddm|: 2.073108e-05     Tr[DP]  1.387846e-01
 iter:  92:2        |ddm|: 2.326221e-05     Tr[DP]  1.387843e-01
 iter:  93:1        |ddm|: 1.717120e-05     Tr[DP]  1.387846e-01
 iter:  93:2        |ddm|: 2.139928e-05     Tr[DP]  1.387844e-01
 iter:  94:1        |ddm|: 1.604951e-05     Tr[DP]  1.387846e-01
 iter:  94:2        |ddm|: 2.223584e-05     Tr[DP]  1.387844e-01
 iter:  95:1        |ddm|: 1.586166e-05     Tr[DP]  1.387846e-01
 iter:  95:2        |ddm|: 2.074663e-05     Tr[DP]  1.387844e-01
 iter:  96:1        |ddm|: 3.310376e-05     Tr[DP]  1.387848e-01
 iter:  96:2        |ddm|: 3.738784e-05     Tr[DP]  1.387844e-01
 iter:  97:1        |ddm|: 3.753635e-05     Tr[DP]  1.387849e-01
 iter:  97:2        |ddm|: 4.398364e-05     Tr[DP]  1.387845e-01
 iter:  98:1        |ddm|: 3.130443e-05     Tr[DP]  1.387847e-01
 iter:  98:2        |ddm|: 2.974262e-05     Tr[DP]  1.387845e-01
 iter:  99:1        |ddm|: 3.371289e-05     Tr[DP]  1.387846e-01
 iter:  99:2        |ddm|: 1.946978e-05     Tr[DP]  1.387845e-01
 iter: 100:1        |ddm|: 1.865301e-05     Tr[DP]  1.387846e-01
 iter: 100:2        |ddm|: 1.185632e-05     Tr[DP]  1.387845e-01
 iter: 101:1        |ddm|: 1.130818e-05     Tr[DP]  1.387847e-01
 iter: 101:2        |ddm|: 1.548415e-05     Tr[DP]  1.387845e-01
 iter: 102:1        |ddm|: 1.351096e-05     Tr[DP]  1.387847e-01
 iter: 102:2        |ddm|: 1.806354e-05     Tr[DP]  1.387845e-01
 iter: 103:1        |ddm|: 1.547194e-05     Tr[DP]  1.387848e-01
 iter: 103:2        |ddm|: 2.048736e-05     Tr[DP]  1.387845e-01
 iter: 104:1        |ddm|: 1.676974e-05     Tr[DP]  1.387848e-01
 iter: 104:2        |ddm|: 2.241385e-05     Tr[DP]  1.387846e-01
 iter: 105:1        |ddm|: 1.500737e-05     Tr[DP]  1.387848e-01
 iter: 105:2        |ddm|: 1.987006e-05     Tr[DP]  1.387846e-01
 iter: 106:1        |ddm|: 3.130052e-05     Tr[DP]  1.387847e-01
 iter: 106:2        |ddm|: 1.476350e-05     Tr[DP]  1.387846e-01
 iter: 107:1        |ddm|: 1.529871e-05     Tr[DP]  1.387846e-01
 iter: 107:2        |ddm|: 6.601984e-06     Tr[DP]  1.387846e-01
 iter: 108:1        |ddm|: 6.282470e-06     Tr[DP]  1.387847e-01
 iter: 108:2        |ddm|: 7.947753e-06     Tr[DP]  1.387846e-01
 iter: 109:1        |ddm|: 2.775084e-05     Tr[DP]  1.387848e-01
 iter: 109:2        |ddm|: 2.196495e-05     Tr[DP]  1.387846e-01
 iter: 110:1        |ddm|: 1.569023e-05     Tr[DP]  1.387848e-01
 iter: 110:2        |ddm|: 1.569082e-05     Tr[DP]  1.387846e-01
 iter: 111:1        |ddm|: 1.312451e-05     Tr[DP]  1.387848e-01
 iter: 111:2        |ddm|: 1.732697e-05     Tr[DP]  1.387846e-01
 iter: 112:1        |ddm|: 1.154145e-05     Tr[DP]  1.387848e-01
 iter: 112:2        |ddm|: 1.557166e-05     Tr[DP]  1.387846e-01
 iter: 113:1        |ddm|: 1.042772e-05     Tr[DP]  1.387848e-01
 iter: 113:2        |ddm|: 1.478783e-05     Tr[DP]  1.387846e-01
 iter: 114:1        |ddm|: 1.137180e-05     Tr[DP]  1.387848e-01
 iter: 114:2        |ddm|: 1.069773e-05     Tr[DP]  1.387846e-01
 iter: 115:1        |ddm|: 8.052812e-06     Tr[DP]  1.387848e-01
 iter: 115:2        |ddm|: 1.205649e-05     Tr[DP]  1.387847e-01
 iter: 116:1        |ddm|: 7.893840e-06     Tr[DP]  1.387848e-01
 iter: 116:2        |ddm|: 1.133803e-05     Tr[DP]  1.387847e-01
 iter: 117:1        |ddm|: 7.560269e-06     Tr[DP]  1.387848e-01
 iter: 117:2        |ddm|: 1.068609e-05     Tr[DP]  1.387847e-01
 iter: 118:1        |ddm|: 7.141917e-06     Tr[DP]  1.387848e-01
 iter: 118:2        |ddm|: 9.971341e-06     Tr[DP]  1.387847e-01
 iter: 119:1        |ddm|: 6.692899e-06     Tr[DP]  1.387848e-01
 iter: 119:2        |ddm|: 9.454465e-06     Tr[DP]  1.387847e-01
 iter: 120:1        |ddm|: 7.704998e-06     Tr[DP]  1.387848e-01
 iter: 120:2        |ddm|: 6.860451e-06     Tr[DP]  1.387847e-01
 iter: 121:1        |ddm|: 1.754945e-05     Tr[DP]  1.387848e-01
 iter: 121:2        |ddm|: 1.751019e-05     Tr[DP]  1.387847e-01
 iter: 122:1        |ddm|: 1.183636e-05     Tr[DP]  1.387848e-01
 iter: 122:2        |ddm|: 9.066499e-06     Tr[DP]  1.387847e-01
 iter: 123:1        |ddm|: 6.822779e-06     Tr[DP]  1.387848e-01
 iter: 123:2        |ddm|: 1.027078e-05     Tr[DP]  1.387847e-01
 iter: 124:1        |ddm|: 6.541827e-06     Tr[DP]  1.387848e-01
 iter: 124:2        |ddm|: 9.123322e-06     Tr[DP]  1.387847e-01
 iter: 125:1        |ddm|: 6.094742e-06     Tr[DP]  1.387848e-01
 iter: 125:2        |ddm|: 8.811866e-06     Tr[DP]  1.387847e-01
 iter: 126:1        |ddm|: 5.806202e-06     Tr[DP]  1.387848e-01
 iter: 126:2        |ddm|: 8.150657e-06     Tr[DP]  1.387847e-01
 iter: 127:1        |ddm|: 5.410350e-06     Tr[DP]  1.387848e-01
 iter: 127:2        |ddm|: 7.752215e-06     Tr[DP]  1.387847e-01
 iter: 128:1        |ddm|: 6.460905e-06     Tr[DP]  1.387848e-01
 iter: 128:2        |ddm|: 5.477771e-06     Tr[DP]  1.387847e-01
 iter: 129:1        |ddm|: 4.053796e-06     Tr[DP]  1.387848e-01
 iter: 129:2        |ddm|: 5.317151e-06     Tr[DP]  1.387847e-01
 iter: 130:1        |ddm|: 3.636516e-06     Tr[DP]  1.387848e-01
 iter: 130:2        |ddm|: 5.338366e-06     Tr[DP]  1.387847e-01
 iter: 131:1        |ddm|: 3.718948e-06     Tr[DP]  1.387848e-01
 iter: 131:2        |ddm|: 5.496861e-06     Tr[DP]  1.387847e-01
 iter: 132:1        |ddm|: 3.882357e-06     Tr[DP]  1.387848e-01
 iter: 132:2        |ddm|: 5.665025e-06     Tr[DP]  1.387847e-01
 iter: 133:1        |ddm|: 4.788934e-06     Tr[DP]  1.387848e-01
 iter: 133:2        |ddm|: 6.707342e-06     Tr[DP]  1.387847e-01
 iter: 134:1        |ddm|: 6.534079e-06     Tr[DP]  1.387848e-01
 iter: 134:2        |ddm|: 8.342866e-06     Tr[DP]  1.387848e-01
 iter: 135:1        |ddm|: 5.148450e-06     Tr[DP]  1.387848e-01
 iter: 135:2        |ddm|: 6.709271e-06     Tr[DP]  1.387848e-01
 iter: 136:1        |ddm|: 4.434694e-06     Tr[DP]  1.387848e-01
 iter: 136:2        |ddm|: 6.206965e-06     Tr[DP]  1.387848e-01
 iter: 137:1        |ddm|: 4.538321e-06     Tr[DP]  1.387848e-01
 iter: 137:2        |ddm|: 4.800821e-06     Tr[DP]  1.387848e-01
 iter: 138:1        |ddm|: 3.574890e-06     Tr[DP]  1.387848e-01
 iter: 138:2        |ddm|: 4.245084e-06     Tr[DP]  1.387848e-01
 iter: 139:1        |ddm|: 2.930071e-06     Tr[DP]  1.387848e-01
 iter: 139:2        |ddm|: 4.207622e-06     Tr[DP]  1.387848e-01
 iter: 140:1        |ddm|: 2.920909e-06     Tr[DP]  1.387848e-01
 iter: 140:2        |ddm|: 4.387177e-06     Tr[DP]  1.387848e-01
 iter: 141:1        |ddm|: 2.971605e-06     Tr[DP]  1.387848e-01
 iter: 141:2        |ddm|: 4.391775e-06     Tr[DP]  1.387848e-01
 iter: 142:1        |ddm|: 3.251729e-06     Tr[DP]  1.387848e-01
 iter: 142:2        |ddm|: 4.794260e-06     Tr[DP]  1.387848e-01
 iter: 143:1        |ddm|: 3.967872e-06     Tr[DP]  1.387848e-01
 iter: 143:2        |ddm|: 5.558366e-06     Tr[DP]  1.387848e-01
 iter: 144:1        |ddm|: 3.460270e-06     Tr[DP]  1.387848e-01
 iter: 144:2        |ddm|: 4.656203e-06     Tr[DP]  1.387848e-01
 iter: 145:1        |ddm|: 3.081566e-06     Tr[DP]  1.387848e-01
 iter: 145:2        |ddm|: 4.179569e-06     Tr[DP]  1.387848e-01
 iter: 146:1        |ddm|: 2.781476e-06     Tr[DP]  1.387848e-01
 iter: 146:2        |ddm|: 3.869664e-06     Tr[DP]  1.387848e-01
 iter: 147:1        |ddm|: 2.569077e-06     Tr[DP]  1.387848e-01
 iter: 147:2        |ddm|: 3.581540e-06     Tr[DP]  1.387848e-01
 iter: 148:1        |ddm|: 2.795489e-06     Tr[DP]  1.387848e-01
 iter: 148:2        |ddm|: 2.690704e-06     Tr[DP]  1.387848e-01
 iter: 149:1        |ddm|: 1.937292e-06     Tr[DP]  1.387848e-01
 iter: 149:2        |ddm|: 2.830357e-06     Tr[DP]  1.387848e-01
 iter: 150:1        |ddm|: 1.863316e-06     Tr[DP]  1.387848e-01
 iter: 150:2        |ddm|: 2.583797e-06     Tr[DP]  1.387848e-01
 iter: 151:1        |ddm|: 1.777115e-06     Tr[DP]  1.387848e-01
 iter: 151:2        |ddm|: 2.665343e-06     Tr[DP]  1.387848e-01
 iter: 152:1        |ddm|: 1.770470e-06     Tr[DP]  1.387848e-01
 iter: 152:2        |ddm|: 2.583736e-06     Tr[DP]  1.387848e-01
 iter: 153:1        |ddm|: 1.745967e-06     Tr[DP]  1.387848e-01
 iter: 153:2        |ddm|: 2.559292e-06     Tr[DP]  1.387848e-01
 iter: 154:1        |ddm|: 4.621227e-06     Tr[DP]  1.387848e-01
 iter: 154:2        |ddm|: 5.008049e-06     Tr[DP]  1.387848e-01
 iter: 155:1        |ddm|: 3.118003e-06     Tr[DP]  1.387848e-01
 iter: 155:2        |ddm|: 2.958464e-06     Tr[DP]  1.387848e-01
 iter: 156:1        |ddm|: 2.065393e-06     Tr[DP]  1.387848e-01
 iter: 156:2        |ddm|: 2.784554e-06     Tr[DP]  1.387848e-01
 iter: 157:1        |ddm|: 1.922942e-06     Tr[DP]  1.387848e-01
 iter: 157:2        |ddm|: 2.328472e-06     Tr[DP]  1.387848e-01
 iter: 158:1        |ddm|: 1.635997e-06     Tr[DP]  1.387848e-01
 iter: 158:2        |ddm|: 2.101473e-06     Tr[DP]  1.387848e-01
 iter: 159:1        |ddm|: 1.458429e-06     Tr[DP]  1.387848e-01
 iter: 159:2        |ddm|: 1.891637e-06     Tr[DP]  1.387848e-01
 iter: 160:1        |ddm|: 1.335032e-06     Tr[DP]  1.387848e-01
 iter: 160:2        |ddm|: 2.023373e-06     Tr[DP]  1.387848e-01
 iter: 161:1        |ddm|: 1.405502e-06     Tr[DP]  1.387848e-01
 iter: 161:2        |ddm|: 1.582671e-06     Tr[DP]  1.387848e-01
 iter: 162:1        |ddm|: 1.098765e-06     Tr[DP]  1.387848e-01
 iter: 162:2        |ddm|: 1.591467e-06     Tr[DP]  1.387848e-01
 iter: 163:1        |ddm|: 1.073260e-06     Tr[DP]  1.387848e-01
 iter: 163:2        |ddm|: 1.613022e-06     Tr[DP]  1.387848e-01
 iter: 164:1        |ddm|: 1.401618e-06     Tr[DP]  1.387848e-01
 iter: 164:2        |ddm|: 1.996948e-06     Tr[DP]  1.387848e-01
 iter: 165:1        |ddm|: 1.340095e-06     Tr[DP]  1.387848e-01
 iter: 165:2        |ddm|: 1.883992e-06     Tr[DP]  1.387848e-01
 iter: 166:1        |ddm|: 1.357513e-06     Tr[DP]  1.387848e-01
 iter: 166:2        |ddm|: 1.976686e-06     Tr[DP]  1.387848e-01
 iter: 167:1        |ddm|: 1.321718e-06     Tr[DP]  1.387848e-01
 iter: 167:2        |ddm|: 1.917248e-06     Tr[DP]  1.387848e-01
 iter: 168:1        |ddm|: 1.239073e-06     Tr[DP]  1.387848e-01
 iter: 168:2        |ddm|: 1.743071e-06     Tr[DP]  1.387848e-01
 iter: 169:1        |ddm|: 1.144069e-06     Tr[DP]  1.387848e-01
 iter: 169:2        |ddm|: 1.617727e-06     Tr[DP]  1.387848e-01
 iter: 170:1        |ddm|: 1.064834e-06     Tr[DP]  1.387848e-01
 iter: 170:2        |ddm|: 1.490934e-06     Tr[DP]  1.387848e-01
 iter: 171:1        |ddm|: 1.009020e-06     Tr[DP]  1.387848e-01
 iter: 171:2        |ddm|: 1.287329e-06     Tr[DP]  1.387848e-01
 iter: 172:1        |ddm|: 1.083248e-06     Tr[DP]  1.387848e-01
 iter: 172:2        |ddm|: 9.582440e-07     Tr[DP]  1.387848e-01
 iter: 173:1        |ddm|: 7.223709e-07     Tr[DP]  1.387848e-01
 iter: 173:2        |ddm|: 1.099846e-06     Tr[DP]  1.387848e-01
 iter: 174:1        |ddm|: 7.109200e-07     Tr[DP]  1.387848e-01
 iter: 174:2        |ddm|: 1.025429e-06     Tr[DP]  1.387848e-01
 iter: 175:1        |ddm|: 6.827815e-07     Tr[DP]  1.387848e-01
 iter: 175:2        |ddm|: 9.825795e-07     Tr[DP]  1.387848e-01
 iter: 176:1        |ddm|: 6.640985e-07     Tr[DP]  1.387848e-01
 iter: 176:2        |ddm|: 9.783029e-07     Tr[DP]  1.387848e-01
 iter: 177:1        |ddm|: 8.944330e-07     Tr[DP]  1.387848e-01
 iter: 177:2        |ddm|: 1.246704e-06     Tr[DP]  1.387848e-01
 iter: 178:1        |ddm|: 9.801660e-07     Tr[DP]  1.387848e-01
 iter: 178:2        |ddm|: 1.348536e-06     Tr[DP]  1.387848e-01
 iter: 179:1        |ddm|: 8.550085e-07     Tr[DP]  1.387848e-01
 iter: 179:2        |ddm|: 1.115235e-06     Tr[DP]  1.387848e-01
 iter: 180:1        |ddm|: 7.439108e-07     Tr[DP]  1.387848e-01
 iter: 180:2        |ddm|: 1.043306e-06     Tr[DP]  1.387848e-01
 iter: 181:1        |ddm|: 6.877958e-07     Tr[DP]  1.387848e-01
 iter: 181:2        |ddm|: 9.684934e-07     Tr[DP]  1.387848e-01
 iter: 182:1        |ddm|: 6.403160e-07     Tr[DP]  1.387848e-01
 iter: 182:2        |ddm|: 8.940347e-07     Tr[DP]  1.387848e-01
 iter: 183:1        |ddm|: 6.498655e-07     Tr[DP]  1.387848e-01
 iter: 183:2        |ddm|: 7.100180e-07     Tr[DP]  1.387848e-01
 iter: 184:1        |ddm|: 5.060747e-07     Tr[DP]  1.387848e-01
 iter: 184:2        |ddm|: 6.698555e-07     Tr[DP]  1.387848e-01
 iter: 185:1        |ddm|: 4.578473e-07     Tr[DP]  1.387848e-01
 iter: 185:2        |ddm|: 6.146133e-07     Tr[DP]  1.387848e-01
 iter: 186:1        |ddm|: 4.147399e-07     Tr[DP]  1.387848e-01
 iter: 186:2        |ddm|: 5.931829e-07     Tr[DP]  1.387848e-01
 iter: 187:1        |ddm|: 3.954167e-07     Tr[DP]  1.387848e-01
 iter: 187:2        |ddm|: 5.560825e-07     Tr[DP]  1.387848e-01
 iter: 188:1        |ddm|: 3.739206e-07     Tr[DP]  1.387848e-01
 iter: 188:2        |ddm|: 5.022288e-07     Tr[DP]  1.387848e-01
 iter: 189:1        |ddm|: 9.255346e-07     Tr[DP]  1.387848e-01
 iter: 189:2        |ddm|: 4.324446e-07     Tr[DP]  1.387848e-01
 iter: 190:1        |ddm|: 1.069443e-06     Tr[DP]  1.387848e-01
 iter: 190:2        |ddm|: 8.946071e-07     Tr[DP]  1.387848e-01
 iter: 191:1        |ddm|: 6.535898e-07     Tr[DP]  1.387848e-01
 iter: 191:2        |ddm|: 7.067969e-07     Tr[DP]  1.387848e-01
 iter: 192:1        |ddm|: 5.116654e-07     Tr[DP]  1.387848e-01
 iter: 192:2        |ddm|: 6.897583e-07     Tr[DP]  1.387848e-01
 iter: 193:1        |ddm|: 4.634143e-07     Tr[DP]  1.387848e-01
 iter: 193:2        |ddm|: 6.578620e-07     Tr[DP]  1.387848e-01
 iter: 194:1        |ddm|: 4.347296e-07     Tr[DP]  1.387848e-01
 iter: 194:2        |ddm|: 6.248669e-07     Tr[DP]  1.387848e-01
 iter: 195:1        |ddm|: 4.111811e-07     Tr[DP]  1.387848e-01
 iter: 195:2        |ddm|: 5.928333e-07     Tr[DP]  1.387848e-01
 iter: 196:1        |ddm|: 3.751012e-07     Tr[DP]  1.387848e-01
 iter: 196:2        |ddm|: 5.445460e-07     Tr[DP]  1.387848e-01
 iter: 197:1        |ddm|: 3.437040e-07     Tr[DP]  1.387848e-01
 iter: 197:2        |ddm|: 4.879462e-07     Tr[DP]  1.387848e-01
 iter: 198:1        |ddm|: 3.357006e-07     Tr[DP]  1.387848e-01
 iter: 198:2        |ddm|: 5.052813e-07     Tr[DP]  1.387848e-01
 iter: 199:1        |ddm|: 3.798978e-07     Tr[DP]  1.387848e-01
 iter: 199:2        |ddm|: 5.595779e-07     Tr[DP]  1.387848e-01
 iter: 200:1        |ddm|: 3.761367e-07     Tr[DP]  1.387848e-01
 iter: 200:2        |ddm|: 5.277497e-07     Tr[DP]  1.387848e-01
 iter: 201:1        |ddm|: 3.504666e-07     Tr[DP]  1.387848e-01
 iter: 201:2        |ddm|: 4.981700e-07     Tr[DP]  1.387848e-01
 iter: 202:1        |ddm|: 3.253789e-07     Tr[DP]  1.387848e-01
 iter: 202:2        |ddm|: 4.658701e-07     Tr[DP]  1.387848e-01
 iter: 203:1        |ddm|: 3.040628e-07     Tr[DP]  1.387848e-01
 iter: 203:2        |ddm|: 4.240197e-07     Tr[DP]  1.387848e-01
 iter: 204:1        |ddm|: 3.125418e-07     Tr[DP]  1.387848e-01
 iter: 204:2        |ddm|: 3.305109e-07     Tr[DP]  1.387848e-01
 iter: 205:1        |ddm|: 2.407689e-07     Tr[DP]  1.387848e-01
 iter: 205:2        |ddm|: 3.041705e-07     Tr[DP]  1.387848e-01
 iter: 206:1        |ddm|: 2.071588e-07     Tr[DP]  1.387848e-01
 iter: 206:2        |ddm|: 2.999990e-07     Tr[DP]  1.387848e-01
 iter: 207:1        |ddm|: 1.982220e-07     Tr[DP]  1.387848e-01
 iter: 207:2        |ddm|: 2.855346e-07     Tr[DP]  1.387848e-01
 iter: 208:1        |ddm|: 1.883376e-07     Tr[DP]  1.387848e-01
 iter: 208:2        |ddm|: 2.688351e-07     Tr[DP]  1.387848e-01
 iter: 209:1        |ddm|: 1.772938e-07     Tr[DP]  1.387848e-01
 iter: 209:2        |ddm|: 2.439351e-07     Tr[DP]  1.387848e-01
 iter: 210:1        |ddm|: 1.573058e-07     Tr[DP]  1.387848e-01
 iter: 210:2        |ddm|: 2.759606e-07     Tr[DP]  1.387848e-01
 iter: 211:1        |ddm|: 3.088317e-07     Tr[DP]  1.387848e-01
 iter: 211:2        |ddm|: 3.801063e-07     Tr[DP]  1.387848e-01
 iter: 212:1        |ddm|: 2.538153e-07     Tr[DP]  1.387848e-01
 iter: 212:2        |ddm|: 3.203619e-07     Tr[DP]  1.387848e-01
 iter: 213:1        |ddm|: 2.197945e-07     Tr[DP]  1.387848e-01
 iter: 213:2        |ddm|: 3.111937e-07     Tr[DP]  1.387848e-01
 iter: 214:1        |ddm|: 2.079504e-07     Tr[DP]  1.387848e-01
 iter: 214:2        |ddm|: 3.013623e-07     Tr[DP]  1.387848e-01
 iter: 215:1        |ddm|: 1.954523e-07     Tr[DP]  1.387848e-01
 iter: 215:2        |ddm|: 2.771182e-07     Tr[DP]  1.387848e-01
 iter: 216:1        |ddm|: 1.797263e-07     Tr[DP]  1.387848e-01
 iter: 216:2        |ddm|: 2.573465e-07     Tr[DP]  1.387848e-01
 iter: 217:1        |ddm|: 1.713410e-07     Tr[DP]  1.387848e-01
 iter: 217:2        |ddm|: 2.156417e-07     Tr[DP]  1.387848e-01
 iter: 218:1        |ddm|: 1.452961e-07     Tr[DP]  1.387848e-01
 iter: 218:2        |ddm|: 2.250123e-07     Tr[DP]  1.387848e-01
 iter: 219:1        |ddm|: 1.424898e-07     Tr[DP]  1.387848e-01
 iter: 219:2        |ddm|: 2.088071e-07     Tr[DP]  1.387848e-01
 iter: 220:1        |ddm|: 1.377498e-07     Tr[DP]  1.387848e-01
 iter: 220:2        |ddm|: 2.018411e-07     Tr[DP]  1.387848e-01
 iter: 221:1        |ddm|: 1.329128e-07     Tr[DP]  1.387848e-01
 iter: 221:2        |ddm|: 1.942365e-07     Tr[DP]  1.387848e-01
 iter: 222:1        |ddm|: 1.279804e-07     Tr[DP]  1.387848e-01
 iter: 222:2        |ddm|: 1.858213e-07     Tr[DP]  1.387848e-01
 iter: 223:1        |ddm|: 1.229692e-07     Tr[DP]  1.387848e-01
 iter: 223:2        |ddm|: 1.782058e-07     Tr[DP]  1.387848e-01
 iter: 224:1        |ddm|: 1.186671e-07     Tr[DP]  1.387848e-01
 iter: 224:2        |ddm|: 1.707591e-07     Tr[DP]  1.387848e-01
 iter: 225:1        |ddm|: 1.140539e-07     Tr[DP]  1.387848e-01
 iter: 225:2        |ddm|: 1.661996e-07     Tr[DP]  1.387848e-01
 iter: 226:1        |ddm|: 1.098947e-07     Tr[DP]  1.387848e-01
 iter: 226:2        |ddm|: 1.593902e-07     Tr[DP]  1.387848e-01
 iter: 227:1        |ddm|: 1.056576e-07     Tr[DP]  1.387848e-01
 iter: 227:2        |ddm|: 1.533097e-07     Tr[DP]  1.387848e-01
 iter: 228:1        |ddm|: 1.016184e-07     Tr[DP]  1.387848e-01
 iter: 228:2        |ddm|: 1.475720e-07     Tr[DP]  1.387848e-01
 iter: 229:1        |ddm|: 9.777716e-08     Tr[DP]  1.387848e-01
 iter: 229:2        |ddm|: 1.419705e-07     Tr[DP]  1.387848e-01
 iter: 230:1        |ddm|: 9.409818e-08     Tr[DP]  1.387848e-01
 iter: 230:2        |ddm|: 1.365876e-07     Tr[DP]  1.387848e-01
 iter: 231:1        |ddm|: 9.060090e-08     Tr[DP]  1.387848e-01
 iter: 231:2        |ddm|: 1.313143e-07     Tr[DP]  1.387848e-01
 iter: 232:1        |ddm|: 8.718745e-08     Tr[DP]  1.387848e-01
 iter: 232:2        |ddm|: 1.266590e-07     Tr[DP]  1.387848e-01
 iter: 233:1        |ddm|: 8.394320e-08     Tr[DP]  1.387848e-01
 iter: 233:2        |ddm|: 1.219239e-07     Tr[DP]  1.387848e-01
 iter: 234:1        |ddm|: 8.079611e-08     Tr[DP]  1.387848e-01
 iter: 234:2        |ddm|: 1.173309e-07     Tr[DP]  1.387848e-01
 iter: 235:1        |ddm|: 7.775601e-08     Tr[DP]  1.387848e-01
 iter: 235:2        |ddm|: 1.129312e-07     Tr[DP]  1.387848e-01
 iter: 236:1        |ddm|: 7.483077e-08     Tr[DP]  1.387848e-01
 iter: 236:2        |ddm|: 1.086958e-07     Tr[DP]  1.387848e-01
 iter: 237:1        |ddm|: 7.201645e-08     Tr[DP]  1.387848e-01
 iter: 237:2        |ddm|: 1.046096e-07     Tr[DP]  1.387848e-01
 iter: 238:1        |ddm|: 6.931319e-08     Tr[DP]  1.387848e-01
 iter: 238:2        |ddm|: 1.006461e-07     Tr[DP]  1.387848e-01
 iter: 239:1        |ddm|: 6.670433e-08     Tr[DP]  1.387848e-01
 iter: 239:2        |ddm|: 9.692270e-08     Tr[DP]  1.387848e-01
 iter: 240:1        |ddm|: 6.420324e-08     Tr[DP]  1.387848e-01
 iter: 240:2        |ddm|: 9.332662e-08     Tr[DP]  1.387848e-01
 iter: 241:1        |ddm|: 6.179751e-08     Tr[DP]  1.387848e-01
 iter: 241:2        |ddm|: 8.984350e-08     Tr[DP]  1.387848e-01
 iter: 242:1        |ddm|: 5.948055e-08     Tr[DP]  1.387848e-01
 iter: 242:2        |ddm|: 8.648428e-08     Tr[DP]  1.387848e-01
 iter: 243:1        |ddm|: 5.724979e-08     Tr[DP]  1.387848e-01
 iter: 243:2        |ddm|: 8.324462e-08     Tr[DP]  1.387848e-01
 iter: 244:1        |ddm|: 5.510222e-08     Tr[DP]  1.387848e-01
 iter: 244:2        |ddm|: 8.012104e-08     Tr[DP]  1.387848e-01
 iter: 245:1        |ddm|: 5.303561e-08     Tr[DP]  1.387848e-01
 iter: 245:2        |ddm|: 7.710395e-08     Tr[DP]  1.387848e-01
 iter: 246:1        |ddm|: 5.104445e-08     Tr[DP]  1.387848e-01
 iter: 246:2        |ddm|: 7.421889e-08     Tr[DP]  1.387848e-01
 iter: 247:1        |ddm|: 4.912918e-08     Tr[DP]  1.387848e-01
 iter: 247:2        |ddm|: 7.145315e-08     Tr[DP]  1.387848e-01
 iter: 248:1        |ddm|: 4.728705e-08     Tr[DP]  1.387848e-01
 iter: 248:2        |ddm|: 6.878868e-08     Tr[DP]  1.387848e-01
 iter: 249:1        |ddm|: 4.551456e-08     Tr[DP]  1.387848e-01
 iter: 249:2        |ddm|: 6.622182e-08     Tr[DP]  1.387848e-01
 iter: 250:1        |ddm|: 4.380873e-08     Tr[DP]  1.387848e-01
 iter: 250:2        |ddm|: 6.374783e-08     Tr[DP]  1.387848e-01
 iter: 251:1        |ddm|: 4.216699e-08     Tr[DP]  1.387848e-01
 iter: 251:2        |ddm|: 6.136374e-08     Tr[DP]  1.387848e-01
 iter: 252:1        |ddm|: 4.058685e-08     Tr[DP]  1.387848e-01
 iter: 252:2        |ddm|: 5.906134e-08     Tr[DP]  1.387848e-01
 iter: 253:1        |ddm|: 3.906546e-08     Tr[DP]  1.387848e-01
 iter: 253:2        |ddm|: 5.684660e-08     Tr[DP]  1.387848e-01
 iter: 254:1        |ddm|: 3.760104e-08     Tr[DP]  1.387848e-01
 iter: 254:2        |ddm|: 5.471937e-08     Tr[DP]  1.387848e-01
 iter: 255:1        |ddm|: 3.619164e-08     Tr[DP]  1.387848e-01
 iter: 255:2        |ddm|: 5.267579e-08     Tr[DP]  1.387848e-01
 iter: 256:1        |ddm|: 3.483542e-08     Tr[DP]  1.387848e-01
 iter: 256:2        |ddm|: 5.071028e-08     Tr[DP]  1.387848e-01
 iter: 257:1        |ddm|: 3.353024e-08     Tr[DP]  1.387848e-01
 iter: 257:2        |ddm|: 4.881641e-08     Tr[DP]  1.387848e-01
 iter: 258:1        |ddm|: 3.227421e-08     Tr[DP]  1.387848e-01
 iter: 258:2        |ddm|: 4.699235e-08     Tr[DP]  1.387848e-01
 iter: 259:1        |ddm|: 3.106539e-08     Tr[DP]  1.387848e-01
 iter: 259:2        |ddm|: 4.523457e-08     Tr[DP]  1.387848e-01
 iter: 260:1        |ddm|: 2.990174e-08     Tr[DP]  1.387848e-01
 iter: 260:2        |ddm|: 4.354104e-08     Tr[DP]  1.387848e-01
 iter: 261:1        |ddm|: 2.878171e-08     Tr[DP]  1.387848e-01
 iter: 261:2        |ddm|: 4.191041e-08     Tr[DP]  1.387848e-01
 iter: 262:1        |ddm|: 2.770357e-08     Tr[DP]  1.387848e-01
 iter: 262:2        |ddm|: 4.034166e-08     Tr[DP]  1.387848e-01
 iter: 263:1        |ddm|: 2.666589e-08     Tr[DP]  1.387848e-01
 iter: 263:2        |ddm|: 3.883329e-08     Tr[DP]  1.387848e-01
 iter: 264:1        |ddm|: 2.566715e-08     Tr[DP]  1.387848e-01
 iter: 264:2        |ddm|: 3.738245e-08     Tr[DP]  1.387848e-01
 iter: 265:1        |ddm|: 2.470595e-08     Tr[DP]  1.387848e-01
 iter: 265:2        |ddm|: 3.598633e-08     Tr[DP]  1.387848e-01
 iter: 266:1        |ddm|: 2.378085e-08     Tr[DP]  1.387848e-01
 iter: 266:2        |ddm|: 3.464125e-08     Tr[DP]  1.387848e-01
 iter: 267:1        |ddm|: 2.289049e-08     Tr[DP]  1.387848e-01
 iter: 267:2        |ddm|: 3.334579e-08     Tr[DP]  1.387848e-01
 iter: 268:1        |ddm|: 2.203341e-08     Tr[DP]  1.387848e-01
 iter: 268:2        |ddm|: 3.209853e-08     Tr[DP]  1.387848e-01
 iter: 269:1        |ddm|: 2.120849e-08     Tr[DP]  1.387848e-01
 iter: 269:2        |ddm|: 3.089707e-08     Tr[DP]  1.387848e-01
 iter: 270:1        |ddm|: 2.041440e-08     Tr[DP]  1.387848e-01
 iter: 270:2        |ddm|: 2.974205e-08     Tr[DP]  1.387848e-01
 iter: 271:1        |ddm|: 1.965010e-08     Tr[DP]  1.387848e-01
 iter: 271:2        |ddm|: 2.862951e-08     Tr[DP]  1.387848e-01
 iter: 272:1        |ddm|: 1.891445e-08     Tr[DP]  1.387848e-01
 iter: 272:2        |ddm|: 2.755997e-08     Tr[DP]  1.387848e-01
 iter: 273:1        |ddm|: 1.820642e-08     Tr[DP]  1.387848e-01
 iter: 273:2        |ddm|: 2.653003e-08     Tr[DP]  1.387848e-01
 iter: 274:1        |ddm|: 1.752501e-08     Tr[DP]  1.387848e-01
 iter: 274:2        |ddm|: 2.553811e-08     Tr[DP]  1.387848e-01
 iter: 275:1        |ddm|: 1.686903e-08     Tr[DP]  1.387848e-01
 iter: 275:2        |ddm|: 2.458334e-08     Tr[DP]  1.387848e-01
 iter: 276:1        |ddm|: 1.623769e-08     Tr[DP]  1.387848e-01
 iter: 276:2        |ddm|: 2.366374e-08     Tr[DP]  1.387848e-01
 iter: 277:1        |ddm|: 1.562991e-08     Tr[DP]  1.387848e-01
 iter: 277:2        |ddm|: 2.277867e-08     Tr[DP]  1.387848e-01
 iter: 278:1        |ddm|: 1.504493e-08     Tr[DP]  1.387848e-01
 iter: 278:2        |ddm|: 2.192643e-08     Tr[DP]  1.387848e-01
 iter: 279:1        |ddm|: 1.448182e-08     Tr[DP]  1.387848e-01
 iter: 279:2        |ddm|: 2.110631e-08     Tr[DP]  1.387848e-01
 iter: 280:1        |ddm|: 1.393981e-08     Tr[DP]  1.387848e-01
 iter: 280:2        |ddm|: 2.031802e-08     Tr[DP]  1.387848e-01
 iter: 281:1        |ddm|: 1.341812e-08     Tr[DP]  1.387848e-01
 iter: 281:2        |ddm|: 1.955837e-08     Tr[DP]  1.387848e-01
 iter: 282:1        |ddm|: 1.291597e-08     Tr[DP]  1.387848e-01
 iter: 282:2        |ddm|: 1.882742e-08     Tr[DP]  1.387848e-01
 iter: 283:1        |ddm|: 1.243274e-08     Tr[DP]  1.387848e-01
 iter: 283:2        |ddm|: 1.812327e-08     Tr[DP]  1.387848e-01
 iter: 284:1        |ddm|: 1.196758e-08     Tr[DP]  1.387848e-01
 iter: 284:2        |ddm|: 1.744598e-08     Tr[DP]  1.387848e-01
 iter: 285:1        |ddm|: 1.151974e-08     Tr[DP]  1.387848e-01
 iter: 285:2        |ddm|: 1.679380e-08     Tr[DP]  1.387848e-01
 iter: 286:1        |ddm|: 1.108866e-08     Tr[DP]  1.387848e-01
 iter: 286:2        |ddm|: 1.616535e-08     Tr[DP]  1.387848e-01
 iter: 287:1        |ddm|: 1.067380e-08     Tr[DP]  1.387848e-01
 iter: 287:2        |ddm|: 1.556146e-08     Tr[DP]  1.387848e-01
 iter: 288:1        |ddm|: 1.027442e-08     Tr[DP]  1.387848e-01
 iter: 288:2        |ddm|: 1.497883e-08     Tr[DP]  1.387848e-01
 iter: 289:1        |ddm|: 9.889956e-09     Tr[DP]  1.387848e-01
 iter: 289:2        |ddm|: 1.441898e-08     Tr[DP]  1.387848e-01
 iter: 290:1        |ddm|: 9.519901e-09     Tr[DP]  1.387848e-01
 iter: 290:2        |ddm|: 1.387964e-08     Tr[DP]  1.387848e-01
 iter: 291:1        |ddm|: 9.163809e-09     Tr[DP]  1.387848e-01
 iter: 291:2        |ddm|: 1.336057e-08     Tr[DP]  1.387848e-01
 iter: 292:1        |ddm|: 8.820997e-09     Tr[DP]  1.387848e-01
 iter: 292:2        |ddm|: 1.286098e-08     Tr[DP]  1.387848e-01
 iter: 293:1        |ddm|: 8.490984e-09     Tr[DP]  1.387848e-01
 iter: 293:2        |ddm|: 1.238025e-08     Tr[DP]  1.387848e-01
 iter: 294:1        |ddm|: 8.173349e-09     Tr[DP]  1.387848e-01
 iter: 294:2        |ddm|: 1.191741e-08     Tr[DP]  1.387848e-01
 iter: 295:1        |ddm|: 7.867641e-09     Tr[DP]  1.387848e-01
 iter: 295:2        |ddm|: 1.147196e-08     Tr[DP]  1.387848e-01
 iter: 296:1        |ddm|: 7.573267e-09     Tr[DP]  1.387848e-01
 iter: 296:2        |ddm|: 1.104340e-08     Tr[DP]  1.387848e-01
 iter: 297:1        |ddm|: 7.289995e-09     Tr[DP]  1.387848e-01
 iter: 297:2        |ddm|: 1.063097e-08     Tr[DP]  1.387848e-01
 iter: 298:1        |ddm|: 7.017282e-09     Tr[DP]  1.387848e-01
 iter: 298:2        |ddm|: 1.023368e-08     Tr[DP]  1.387848e-01
 iter: 299:1        |ddm|: 6.754790e-09     Tr[DP]  1.387848e-01
 iter: 299:2        |ddm|: 9.850664e-09     Tr[DP]  1.387848e-01
 iter: 300:1        |ddm|: 6.502106e-09     Tr[DP]  1.387848e-01
 iter: 300:2        |ddm|: 9.482488e-09     Tr[DP]  1.387848e-01
                         Freeze-and-Thaw NOT converged!                         

=================== Subsystem 1 at higher mean-field method ====================
  subiter:   1      |ddm|: 7.223785e-01
  subiter:   2      |ddm|: 1.085448e-01
  subiter:   3      |ddm|: 2.041318e-02
  subiter:   4      |ddm|: 1.298632e-02
  subiter:   5      |ddm|: 2.801429e-03
  subiter:   6      |ddm|: 6.622573e-04
  subiter:   7      |ddm|: 2.631521e-04
  subiter:   8      |ddm|: 4.890602e-05
  subiter:   9      |ddm|: 1.722749e-05
  subiter:  10      |ddm|: 6.496075e-06
  subiter:  11      |ddm|: 1.601342e-06
  subiter:  12      |ddm|: 4.057239e-07
  subiter:  13      |ddm|: 1.034753e-07
  subiter:  14      |ddm|: 1.202706e-08
  subiter:  15      |ddm|: 6.925713e-09


******** <class 'pyscf.scf.hf.RHF'> flags ********
method = RHF
initial guess = minao
damping factor = 0
level shift factor = 0
DIIS = <class 'pyscf.scf.diis.CDIIS'>
DIIS start cycle = 1
DIIS space = 8
SCF tol = 1e-09
SCF gradient tol = None
max. SCF cycles = 100
direct_scf = True
direct_scf_tol = 1e-13
chkfile to save SCF result = /panfs/roc/scratch/graha682/D0/201711_ccpVDZ_NEVPT2_m06_0_10c12h24/tmpniZ98B
max_memory 4000 MB (current use 3350 MB)
Set gradient conv threshold to 3.16228e-05
init E= -378.366555668347
  HOMO = -0.440651864765311  LUMO = 0.174694092455442
cycle= 1 E= -378.36655566835  delta_E= -2.96e-12  |g|= 1.92e-09  |ddm|= 1.02e-08
  HOMO = -0.440651864751857  LUMO = 0.174694092478955
Extra cycle  E= -378.366555668356  delta_E= -6.03e-12  |g|= 7.35e-10  |ddm|= 3.73e-09
converged SCF energy = -378.366555668356


******** <class 'pyscf.dft.rks.RKS'> flags ********
method = RKS
initial guess = atom
damping factor = 0
level shift factor = 0.0
DIIS = <class 'pyscf.scf.diis.CDIIS'>
DIIS start cycle = 1
DIIS space = 8
SCF tol = 1e-08
SCF gradient tol = 1e-08
max. SCF cycles = 1
direct_scf = True
direct_scf_tol = 1e-13
chkfile to save SCF result = /panfs/roc/scratch/graha682/D0/201711_ccpVDZ_NEVPT2_m06_0_10c12h24/tmpji4qFi
max_memory 4000 MB (current use 3350 MB)
XC functionals = m06
small_rho_cutoff = 1e-20
radial grids: Treutler-Ahlrichs (JCP 102, 346 (M4)) radial grids
becke partition: Becke, JCP, 88, 2547 (1988)
pruning grids: <function nwchem_prune at 0x197b578>
grids dens level: 4
symmetrized grids: False
atomic radii adjust function: <function treutler_atomic_radii_adjust at 0x197b410>
init E= -380.807157435858
  HOMO = -0.324081982962925  LUMO = 0.0585051401122443
cycle= 1 E= -380.807157435859  delta_E= -1.02e-12  |g|= 1.22e-09  |ddm|= 6.26e-09
  HOMO = -0.324081982962932  LUMO = 0.058505140114028
Extra cycle  E= -380.807157435859  delta_E= -2.27e-13  |g|= 5.24e-10  |ddm|= 2.39e-09
converged SCF energy = -380.807157435859
 iter: 301:1        |ddm|: 8.204817e-01     Tr[DP]  1.947690e-01

============================== Supermolecular DFT ==============================
  subiter:   1      |ddm|: 3.482872e+00
  subiter:   2      |ddm|: 8.436401e-01
  subiter:   3      |ddm|: 4.742682e-01
  subiter:   4      |ddm|: 6.946925e-02
  subiter:   5      |ddm|: 2.808939e-02
  subiter:   6      |ddm|: 5.487357e-03
  subiter:   7      |ddm|: 1.705244e-03
  subiter:   8      |ddm|: 4.484392e-04
  subiter:   9      |ddm|: 1.232959e-04
  subiter:  10      |ddm|: 4.284890e-05
  subiter:  11      |ddm|: 1.358264e-05
  subiter:  12      |ddm|: 4.754624e-06
  subiter:  13      |ddm|: 2.277998e-06
  subiter:  14      |ddm|: 7.201629e-07
  subiter:  15      |ddm|: 2.885963e-07
  subiter:  16      |ddm|: 1.011510e-07
  subiter:  17      |ddm|: 1.166627e-08
  subiter:  18      |ddm|: 1.528681e-08
  subiter:  19      |ddm|: 1.234606e-08
  subiter:  20      |ddm|: 1.015296e-08
  subiter:  21      |ddm|: 6.230011e-09


******** <class 'pyscf.dft.rks.RKS'> flags ********
method = RKS
initial guess = atom
damping factor = 0
level shift factor = 0.0
DIIS = <class 'pyscf.scf.diis.CDIIS'>
DIIS start cycle = 1
DIIS space = 8
SCF tol = 1e-08
SCF gradient tol = 1e-08
max. SCF cycles = 100
direct_scf = True
direct_scf_tol = 1e-13
chkfile to save SCF result = /panfs/roc/scratch/graha682/D0/201711_ccpVDZ_NEVPT2_m06_0_10c12h24/tmpPzzr7P
max_memory 4000 MB (current use 3370 MB)
XC functionals = m06
small_rho_cutoff = 1e-20
radial grids: Treutler-Ahlrichs (JCP 102, 346 (M4)) radial grids
becke partition: Becke, JCP, 88, 2547 (1988)
pruning grids: <function nwchem_prune at 0x197b578>
grids dens level: 4
symmetrized grids: False
atomic radii adjust function: <function treutler_atomic_radii_adjust at 0x197b410>
init E= -471.321327838526
  HOMO = -0.265919340297076  LUMO = 0.023635531385646
cycle= 1 E= -471.321327838526  delta_E=    0  |g|= 1.24e-08  |ddm|= 1.54e-08
  HOMO = -0.265919340270817  LUMO = 0.0236355316919352
cycle= 2 E= -471.321327838529  delta_E= -3.18e-12  |g|= 2.17e-08  |ddm|= 2.75e-08
  HOMO = -0.265919340311936  LUMO = 0.0236355314059568
cycle= 3 E= -471.32132783853  delta_E= -4.55e-13  |g|= 8.32e-09  |ddm|= 2.41e-08
  HOMO = -0.265919340267885  LUMO = 0.0236355316343226
Extra cycle  E= -471.321327838528  delta_E= 1.36e-12  |g|= 1.47e-08  |ddm|= 1.85e-08
converged SCF energy = -471.321327838528
Supermolecular DFT   -471.32132783852580

============================== Embedding Energies ==============================
Subsystem DFT              -380.80715743585898
Interaction                 -89.98675161511090
DFT-in-DFT                 -470.79390905096989
Supermolecular DFT         -471.32132783852580
Difference                   -0.52741878755592
Corrected DFT-in-DFT       -471.32132783852580
WF-in-DFT                  -468.35330728346662
Corrected WF-in-DFT        -468.88072607102254
================================================================================
TIMING STATISTICS:
     overlap integrals      0.03s   ( 0.00%)
    initial subsystems      0.10s   ( 0.00%)
           2e matrices   8431.40s   (90.41%)
      tot. embed. of 1   8540.58s   (91.58%)
      tot. embed. of 2      0.47s   ( 0.01%)
       freeze and thaw   8541.09s   (91.58%)
  interaction energies    783.49s   ( 8.40%)
                 TOTAL   9326.19s
================================================================================

********************************************************************************
*                              END OF CALCULATION                              *
********************************************************************************
