********************************************************************************
*                         FREEZE-AND-THAW CALCULATION                          *
********************************************************************************

================================== Input File ==================================
subsystem
C         -6.81481       -0.41548        0.09427
C         -5.56147        0.43724        0.09293
H         -7.73235        0.19145        0.14286
H         -6.82758       -1.10435        0.95610
H         -6.87608       -1.03602       -0.81602
C         -4.28367       -0.38105        0.02769
H         -5.53674        1.07534        0.99707
H         -5.58393        1.14193       -0.76040
C         -3.01934        0.45821        0.02466
H         -4.30287       -1.02140       -0.87709
H         -4.25513       -1.08694        0.88206
C         -1.74266       -0.35996       -0.03904
H         -3.00073        1.09895        0.92897
H         -3.04751        1.16305       -0.83038
C         -0.47847        0.47976       -0.04293
H         -1.76110       -1.00126       -0.94291
H         -1.71376       -1.06425        0.81636
C          0.79802       -0.33884       -0.10519
H         -0.46016        1.12166        0.86050
H         -0.50661        1.18343       -0.89888
C          2.06201        0.50110       -0.10952
H          0.77977       -0.98112       -1.00834
H          0.82667       -1.04194        0.75104
C          3.33732       -0.31885       -0.17142
H          2.08070        1.14303        0.79380
H          2.03456        1.20444       -0.96582
C          4.60273        0.52974       -0.16842
H          3.32338       -0.95585       -1.07806
H          3.36999       -1.02442        0.68131
C          5.85144       -0.28251       -0.26720
H          4.63440        1.15499        0.74374
H          4.55410        1.23655       -1.02099
charge +1
end

subsystem
C          6.83934       -0.29091        0.62655
H          6.79249        0.32749        1.53124
H          7.73182       -0.91026        0.49647
H          5.93403       -0.92517       -1.15692
charge -1
end

embed
 huzinaga
 cycles 300
 conv 1e-8
 method m06
end

basis cc-pVDZ
method hf
grid 4
conv 1e-8
grad 1e-8
maxiter 100
================================== End Input ===================================
tot grids = 725328

                      Getting subsystem overlap integrals                       

                          Initial subsystem densities                           
Guessing initial subsystem densities
Initial guess from superpostion of atomic densties.
Guessing initial subsystem densities
Initial guess from superpostion of atomic densties.

=========================== Starting Freeze-and-Thaw ===========================
 iter:   1:1        |ddm|: 5.784530e+00     Tr[DP]  4.047261e-01
 iter:   1:2        |ddm|: 2.141990e+00     Tr[DP]  4.222361e-01
 iter:   2:1        |ddm|: 3.634481e+00     Tr[DP]  1.876600e-01
 iter:   2:2        |ddm|: 9.262087e-01     Tr[DP]  2.403292e-01
 iter:   3:1        |ddm|: 2.358850e+00     Tr[DP]  1.688411e-01
 iter:   3:2        |ddm|: 4.841521e-01     Tr[DP]  2.009491e-01
 iter:   4:1        |ddm|: 2.906257e-01     Tr[DP]  1.689474e-01
 iter:   4:2        |ddm|: 1.016959e-01     Tr[DP]  1.825543e-01
 iter:   5:1        |ddm|: 7.532568e-02     Tr[DP]  1.688972e-01
 iter:   5:2        |ddm|: 4.300536e-02     Tr[DP]  1.751845e-01
 iter:   6:1        |ddm|: 2.472105e-02     Tr[DP]  1.684385e-01
 iter:   6:2        |ddm|: 2.185470e-02     Tr[DP]  1.721756e-01
 iter:   7:1        |ddm|: 1.359548e-02     Tr[DP]  1.681516e-01
 iter:   7:2        |ddm|: 1.312160e-02     Tr[DP]  1.702388e-01
 iter:   8:1        |ddm|: 7.925415e-03     Tr[DP]  1.680005e-01
 iter:   8:2        |ddm|: 8.222557e-03     Tr[DP]  1.691561e-01
 iter:   9:1        |ddm|: 5.094523e-03     Tr[DP]  1.679413e-01
 iter:   9:2        |ddm|: 5.188069e-03     Tr[DP]  1.685563e-01
 iter:  10:1        |ddm|: 3.276340e-03     Tr[DP]  1.678997e-01
 iter:  10:2        |ddm|: 3.711236e-03     Tr[DP]  1.682291e-01
 iter:  11:1        |ddm|: 2.911624e-03     Tr[DP]  1.678590e-01
 iter:  11:2        |ddm|: 4.134832e-03     Tr[DP]  1.680568e-01
 iter:  12:1        |ddm|: 2.479486e-03     Tr[DP]  1.678469e-01
 iter:  12:2        |ddm|: 3.005082e-03     Tr[DP]  1.679461e-01
 iter:  13:1        |ddm|: 1.919574e-03     Tr[DP]  1.678372e-01
 iter:  13:2        |ddm|: 2.465096e-03     Tr[DP]  1.678861e-01
 iter:  14:1        |ddm|: 1.394383e-03     Tr[DP]  1.678337e-01
 iter:  14:2        |ddm|: 6.801767e-04     Tr[DP]  1.678538e-01
 iter:  15:1        |ddm|: 1.404234e-03     Tr[DP]  1.678267e-01
 iter:  15:2        |ddm|: 2.522975e-03     Tr[DP]  1.678418e-01
 iter:  16:1        |ddm|: 2.221550e-03     Tr[DP]  1.678194e-01
 iter:  16:2        |ddm|: 3.277540e-03     Tr[DP]  1.678321e-01
 iter:  17:1        |ddm|: 2.039399e-03     Tr[DP]  1.678139e-01
 iter:  17:2        |ddm|: 2.456575e-03     Tr[DP]  1.678221e-01
 iter:  18:1        |ddm|: 1.420917e-03     Tr[DP]  1.678102e-01
 iter:  18:2        |ddm|: 1.573087e-03     Tr[DP]  1.678149e-01
 iter:  19:1        |ddm|: 9.307546e-04     Tr[DP]  1.678087e-01
 iter:  19:2        |ddm|: 4.821484e-04     Tr[DP]  1.678102e-01
 iter:  20:1        |ddm|: 4.919117e-04     Tr[DP]  1.678077e-01
 iter:  20:2        |ddm|: 2.143995e-04     Tr[DP]  1.678084e-01
 iter:  21:1        |ddm|: 2.916915e-04     Tr[DP]  1.678070e-01
 iter:  21:2        |ddm|: 3.915669e-04     Tr[DP]  1.678075e-01
 iter:  22:1        |ddm|: 2.790779e-04     Tr[DP]  1.678064e-01
 iter:  22:2        |ddm|: 3.850071e-04     Tr[DP]  1.678068e-01
 iter:  23:1        |ddm|: 2.481301e-04     Tr[DP]  1.678058e-01
 iter:  23:2        |ddm|: 3.168132e-04     Tr[DP]  1.678062e-01
 iter:  24:1        |ddm|: 9.535476e-04     Tr[DP]  1.678048e-01
 iter:  24:2        |ddm|: 1.533193e-03     Tr[DP]  1.678055e-01
 iter:  25:1        |ddm|: 9.363523e-04     Tr[DP]  1.678035e-01
 iter:  25:2        |ddm|: 1.053116e-03     Tr[DP]  1.678043e-01
 iter:  26:1        |ddm|: 6.008239e-04     Tr[DP]  1.678024e-01
 iter:  26:2        |ddm|: 6.677815e-04     Tr[DP]  1.678032e-01
 iter:  27:1        |ddm|: 7.010282e-04     Tr[DP]  1.678016e-01
 iter:  27:2        |ddm|: 1.124301e-03     Tr[DP]  1.678024e-01
 iter:  28:1        |ddm|: 7.397027e-04     Tr[DP]  1.678008e-01
 iter:  28:2        |ddm|: 9.596428e-04     Tr[DP]  1.678014e-01
 iter:  29:1        |ddm|: 1.693215e-03     Tr[DP]  1.677994e-01
 iter:  29:2        |ddm|: 2.674193e-03     Tr[DP]  1.678007e-01
 iter:  30:1        |ddm|: 1.463321e-03     Tr[DP]  1.677983e-01
 iter:  30:2        |ddm|: 1.435161e-03     Tr[DP]  1.677989e-01
 iter:  31:1        |ddm|: 1.097251e-03     Tr[DP]  1.677971e-01
 iter:  31:2        |ddm|: 1.596457e-03     Tr[DP]  1.677978e-01
 iter:  32:1        |ddm|: 8.339913e-04     Tr[DP]  1.677964e-01
 iter:  32:2        |ddm|: 7.156260e-04     Tr[DP]  1.677968e-01
 iter:  33:1        |ddm|: 4.850107e-04     Tr[DP]  1.677960e-01
 iter:  33:2        |ddm|: 2.475157e-04     Tr[DP]  1.677960e-01
 iter:  34:1        |ddm|: 4.731352e-04     Tr[DP]  1.677953e-01
 iter:  34:2        |ddm|: 8.259973e-04     Tr[DP]  1.677957e-01
 iter:  35:1        |ddm|: 7.555472e-04     Tr[DP]  1.677950e-01
 iter:  35:2        |ddm|: 1.113445e-03     Tr[DP]  1.677956e-01
 iter:  36:1        |ddm|: 1.108908e-03     Tr[DP]  1.677946e-01
 iter:  36:2        |ddm|: 1.637660e-03     Tr[DP]  1.677956e-01
 iter:  37:1        |ddm|: 9.229120e-04     Tr[DP]  1.677947e-01
 iter:  37:2        |ddm|: 9.612960e-04     Tr[DP]  1.677950e-01
 iter:  38:1        |ddm|: 5.278343e-04     Tr[DP]  1.677946e-01
 iter:  38:2        |ddm|: 3.715751e-04     Tr[DP]  1.677944e-01
 iter:  39:1        |ddm|: 4.093171e-04     Tr[DP]  1.677940e-01
 iter:  39:2        |ddm|: 6.826516e-04     Tr[DP]  1.677943e-01
 iter:  40:1        |ddm|: 4.003888e-04     Tr[DP]  1.677940e-01
 iter:  40:2        |ddm|: 4.807989e-04     Tr[DP]  1.677941e-01
 iter:  41:1        |ddm|: 2.800182e-04     Tr[DP]  1.677939e-01
 iter:  41:2        |ddm|: 3.032636e-04     Tr[DP]  1.677939e-01
 iter:  42:1        |ddm|: 3.541433e-04     Tr[DP]  1.677937e-01
 iter:  42:2        |ddm|: 5.824689e-04     Tr[DP]  1.677940e-01
 iter:  43:1        |ddm|: 3.909259e-04     Tr[DP]  1.677938e-01
 iter:  43:2        |ddm|: 5.121342e-04     Tr[DP]  1.677940e-01
 iter:  44:1        |ddm|: 4.916440e-04     Tr[DP]  1.677937e-01
 iter:  44:2        |ddm|: 7.468325e-04     Tr[DP]  1.677941e-01
 iter:  45:1        |ddm|: 3.967810e-04     Tr[DP]  1.677940e-01
 iter:  45:2        |ddm|: 3.763363e-04     Tr[DP]  1.677940e-01
 iter:  46:1        |ddm|: 2.448054e-04     Tr[DP]  1.677939e-01
 iter:  46:2        |ddm|: 3.153070e-04     Tr[DP]  1.677940e-01
 iter:  47:1        |ddm|: 6.226699e-04     Tr[DP]  1.677936e-01
 iter:  47:2        |ddm|: 1.014500e-03     Tr[DP]  1.677944e-01
 iter:  48:1        |ddm|: 8.573886e-04     Tr[DP]  1.677941e-01
 iter:  48:2        |ddm|: 1.190760e-03     Tr[DP]  1.677948e-01
 iter:  49:1        |ddm|: 6.134523e-04     Tr[DP]  1.677949e-01
 iter:  49:2        |ddm|: 5.006267e-04     Tr[DP]  1.677946e-01
 iter:  50:1        |ddm|: 3.301844e-04     Tr[DP]  1.677947e-01
 iter:  50:2        |ddm|: 4.146827e-04     Tr[DP]  1.677947e-01
 iter:  51:1        |ddm|: 2.844791e-04     Tr[DP]  1.677949e-01
 iter:  51:2        |ddm|: 1.580328e-04     Tr[DP]  1.677944e-01
 iter:  52:1        |ddm|: 2.042959e-04     Tr[DP]  1.677943e-01
 iter:  52:2        |ddm|: 3.360225e-04     Tr[DP]  1.677946e-01
 iter:  53:1        |ddm|: 2.445102e-04     Tr[DP]  1.677945e-01
 iter:  53:2        |ddm|: 3.373894e-04     Tr[DP]  1.677947e-01
 iter:  54:1        |ddm|: 2.624940e-04     Tr[DP]  1.677947e-01
 iter:  54:2        |ddm|: 3.699639e-04     Tr[DP]  1.677948e-01
 iter:  55:1        |ddm|: 2.535284e-04     Tr[DP]  1.677949e-01
 iter:  55:2        |ddm|: 3.386580e-04     Tr[DP]  1.677950e-01
 iter:  56:1        |ddm|: 2.303630e-04     Tr[DP]  1.677950e-01
 iter:  56:2        |ddm|: 3.127523e-04     Tr[DP]  1.677951e-01
 iter:  57:1        |ddm|: 1.836147e-04     Tr[DP]  1.677952e-01
 iter:  57:2        |ddm|: 1.888699e-04     Tr[DP]  1.677951e-01
 iter:  58:1        |ddm|: 1.672988e-04     Tr[DP]  1.677951e-01
 iter:  58:2        |ddm|: 2.524456e-04     Tr[DP]  1.677952e-01
 iter:  59:1        |ddm|: 6.651989e-04     Tr[DP]  1.677957e-01
 iter:  59:2        |ddm|: 9.461887e-04     Tr[DP]  1.677944e-01
 iter:  60:1        |ddm|: 9.176198e-04     Tr[DP]  1.677938e-01
 iter:  60:2        |ddm|: 1.287734e-03     Tr[DP]  1.677956e-01
 iter:  61:1        |ddm|: 6.329398e-04     Tr[DP]  1.677957e-01
 iter:  61:2        |ddm|: 3.949388e-04     Tr[DP]  1.677956e-01
 iter:  62:1        |ddm|: 2.477025e-04     Tr[DP]  1.677958e-01
 iter:  62:2        |ddm|: 2.878984e-04     Tr[DP]  1.677957e-01
 iter:  63:1        |ddm|: 3.003323e-04     Tr[DP]  1.677958e-01
 iter:  63:2        |ddm|: 4.831191e-04     Tr[DP]  1.677960e-01
 iter:  64:1        |ddm|: 3.271297e-04     Tr[DP]  1.677962e-01
 iter:  64:2        |ddm|: 4.337007e-04     Tr[DP]  1.677963e-01
 iter:  65:1        |ddm|: 2.494253e-04     Tr[DP]  1.677965e-01
 iter:  65:2        |ddm|: 2.778705e-04     Tr[DP]  1.677964e-01
 iter:  66:1        |ddm|: 1.745024e-04     Tr[DP]  1.677966e-01
 iter:  66:2        |ddm|: 2.174351e-04     Tr[DP]  1.677965e-01
 iter:  67:1        |ddm|: 1.372947e-04     Tr[DP]  1.677966e-01
 iter:  67:2        |ddm|: 1.722879e-04     Tr[DP]  1.677966e-01
 iter:  68:1        |ddm|: 1.516649e-04     Tr[DP]  1.677968e-01
 iter:  68:2        |ddm|: 1.364925e-04     Tr[DP]  1.677964e-01
 iter:  69:1        |ddm|: 1.126751e-04     Tr[DP]  1.677964e-01
 iter:  69:2        |ddm|: 1.636015e-04     Tr[DP]  1.677966e-01
 iter:  70:1        |ddm|: 2.029986e-04     Tr[DP]  1.677965e-01
 iter:  70:2        |ddm|: 3.005653e-04     Tr[DP]  1.677968e-01
 iter:  71:1        |ddm|: 1.588220e-04     Tr[DP]  1.677969e-01
 iter:  71:2        |ddm|: 1.372925e-04     Tr[DP]  1.677969e-01
 iter:  72:1        |ddm|: 1.486119e-04     Tr[DP]  1.677969e-01
 iter:  72:2        |ddm|: 2.381086e-04     Tr[DP]  1.677971e-01
 iter:  73:1        |ddm|: 1.485527e-04     Tr[DP]  1.677972e-01
 iter:  73:2        |ddm|: 1.854537e-04     Tr[DP]  1.677972e-01
 iter:  74:1        |ddm|: 2.729079e-04     Tr[DP]  1.677972e-01
 iter:  74:2        |ddm|: 4.353435e-04     Tr[DP]  1.677975e-01
 iter:  75:1        |ddm|: 2.463217e-04     Tr[DP]  1.677977e-01
 iter:  75:2        |ddm|: 2.578002e-04     Tr[DP]  1.677977e-01
 iter:  76:1        |ddm|: 1.403491e-04     Tr[DP]  1.677979e-01
 iter:  76:2        |ddm|: 8.377022e-05     Tr[DP]  1.677977e-01
 iter:  77:1        |ddm|: 8.488750e-05     Tr[DP]  1.677978e-01
 iter:  77:2        |ddm|: 1.350563e-04     Tr[DP]  1.677978e-01
 iter:  78:1        |ddm|: 8.422440e-05     Tr[DP]  1.677979e-01
 iter:  78:2        |ddm|: 1.089395e-04     Tr[DP]  1.677979e-01
 iter:  79:1        |ddm|: 2.923203e-04     Tr[DP]  1.677978e-01
 iter:  79:2        |ddm|: 4.677857e-04     Tr[DP]  1.677983e-01
 iter:  80:1        |ddm|: 2.208463e-04     Tr[DP]  1.677986e-01
 iter:  80:2        |ddm|: 1.009185e-04     Tr[DP]  1.677982e-01
 iter:  81:1        |ddm|: 1.346315e-04     Tr[DP]  1.677985e-01
 iter:  81:2        |ddm|: 1.207769e-04     Tr[DP]  1.677981e-01
 iter:  82:1        |ddm|: 8.779158e-05     Tr[DP]  1.677981e-01
 iter:  82:2        |ddm|: 1.113060e-04     Tr[DP]  1.677983e-01
 iter:  83:1        |ddm|: 9.182780e-05     Tr[DP]  1.677983e-01
 iter:  83:2        |ddm|: 1.250068e-04     Tr[DP]  1.677984e-01
 iter:  84:1        |ddm|: 6.458648e-05     Tr[DP]  1.677984e-01
 iter:  84:2        |ddm|: 5.210997e-05     Tr[DP]  1.677984e-01
 iter:  85:1        |ddm|: 6.908762e-05     Tr[DP]  1.677984e-01
 iter:  85:2        |ddm|: 1.141477e-04     Tr[DP]  1.677985e-01
 iter:  86:1        |ddm|: 8.756184e-05     Tr[DP]  1.677985e-01
 iter:  86:2        |ddm|: 1.213735e-04     Tr[DP]  1.677986e-01
 iter:  87:1        |ddm|: 1.008365e-04     Tr[DP]  1.677986e-01
 iter:  87:2        |ddm|: 1.443213e-04     Tr[DP]  1.677987e-01
 iter:  88:1        |ddm|: 8.834901e-05     Tr[DP]  1.677988e-01
 iter:  88:2        |ddm|: 1.060644e-04     Tr[DP]  1.677988e-01
 iter:  89:1        |ddm|: 7.459559e-05     Tr[DP]  1.677989e-01
 iter:  89:2        |ddm|: 1.042098e-04     Tr[DP]  1.677989e-01
 iter:  90:1        |ddm|: 6.816453e-05     Tr[DP]  1.677990e-01
 iter:  90:2        |ddm|: 9.054082e-05     Tr[DP]  1.677989e-01
 iter:  91:1        |ddm|: 9.060380e-05     Tr[DP]  1.677991e-01
 iter:  91:2        |ddm|: 9.988382e-05     Tr[DP]  1.677988e-01
 iter:  92:1        |ddm|: 5.664066e-05     Tr[DP]  1.677989e-01
 iter:  92:2        |ddm|: 2.538717e-05     Tr[DP]  1.677988e-01
 iter:  93:1        |ddm|: 1.113276e-04     Tr[DP]  1.677988e-01
 iter:  93:2        |ddm|: 1.681079e-04     Tr[DP]  1.677990e-01
 iter:  94:1        |ddm|: 8.925808e-05     Tr[DP]  1.677991e-01
 iter:  94:2        |ddm|: 7.140242e-05     Tr[DP]  1.677990e-01
 iter:  95:1        |ddm|: 4.994525e-05     Tr[DP]  1.677991e-01
 iter:  95:2        |ddm|: 6.748441e-05     Tr[DP]  1.677991e-01
 iter:  96:1        |ddm|: 3.901188e-05     Tr[DP]  1.677992e-01
 iter:  96:2        |ddm|: 4.415148e-05     Tr[DP]  1.677991e-01
 iter:  97:1        |ddm|: 9.394210e-05     Tr[DP]  1.677991e-01
 iter:  97:2        |ddm|: 1.527307e-04     Tr[DP]  1.677993e-01
 iter:  98:1        |ddm|: 7.660668e-05     Tr[DP]  1.677994e-01
 iter:  98:2        |ddm|: 6.053977e-05     Tr[DP]  1.677993e-01
 iter:  99:1        |ddm|: 3.788628e-05     Tr[DP]  1.677994e-01
 iter:  99:2        |ddm|: 4.420373e-05     Tr[DP]  1.677994e-01
 iter: 100:1        |ddm|: 3.090104e-05     Tr[DP]  1.677994e-01
 iter: 100:2        |ddm|: 1.644548e-05     Tr[DP]  1.677993e-01
 iter: 101:1        |ddm|: 1.686877e-05     Tr[DP]  1.677994e-01
 iter: 101:2        |ddm|: 2.363529e-05     Tr[DP]  1.677994e-01
 iter: 102:1        |ddm|: 2.595904e-05     Tr[DP]  1.677994e-01
 iter: 102:2        |ddm|: 3.166966e-05     Tr[DP]  1.677993e-01
 iter: 103:1        |ddm|: 2.389994e-05     Tr[DP]  1.677993e-01
 iter: 103:2        |ddm|: 3.195689e-05     Tr[DP]  1.677994e-01
 iter: 104:1        |ddm|: 4.997907e-05     Tr[DP]  1.677994e-01
 iter: 104:2        |ddm|: 7.252355e-05     Tr[DP]  1.677994e-01
 iter: 105:1        |ddm|: 6.336453e-05     Tr[DP]  1.677995e-01
 iter: 105:2        |ddm|: 8.608386e-05     Tr[DP]  1.677995e-01
 iter: 106:1        |ddm|: 6.248766e-05     Tr[DP]  1.677996e-01
 iter: 106:2        |ddm|: 8.210686e-05     Tr[DP]  1.677996e-01
 iter: 107:1        |ddm|: 4.581571e-05     Tr[DP]  1.677997e-01
 iter: 107:2        |ddm|: 4.740911e-05     Tr[DP]  1.677996e-01
 iter: 108:1        |ddm|: 2.892700e-05     Tr[DP]  1.677997e-01
 iter: 108:2        |ddm|: 3.377824e-05     Tr[DP]  1.677997e-01
 iter: 109:1        |ddm|: 3.518552e-05     Tr[DP]  1.677997e-01
 iter: 109:2        |ddm|: 3.478766e-05     Tr[DP]  1.677996e-01
 iter: 110:1        |ddm|: 2.444125e-05     Tr[DP]  1.677996e-01
 iter: 110:2        |ddm|: 1.622396e-05     Tr[DP]  1.677996e-01
 iter: 111:1        |ddm|: 1.996859e-05     Tr[DP]  1.677996e-01
 iter: 111:2        |ddm|: 2.734209e-05     Tr[DP]  1.677996e-01
 iter: 112:1        |ddm|: 3.181652e-05     Tr[DP]  1.677996e-01
 iter: 112:2        |ddm|: 4.424141e-05     Tr[DP]  1.677997e-01
 iter: 113:1        |ddm|: 5.114941e-05     Tr[DP]  1.677997e-01
 iter: 113:2        |ddm|: 7.423247e-05     Tr[DP]  1.677998e-01
 iter: 114:1        |ddm|: 4.538996e-05     Tr[DP]  1.677998e-01
 iter: 114:2        |ddm|: 5.156110e-05     Tr[DP]  1.677998e-01
 iter: 115:1        |ddm|: 3.013352e-05     Tr[DP]  1.677998e-01
 iter: 115:2        |ddm|: 3.391786e-05     Tr[DP]  1.677998e-01
 iter: 116:1        |ddm|: 2.082010e-05     Tr[DP]  1.677999e-01
 iter: 116:2        |ddm|: 9.872576e-06     Tr[DP]  1.677998e-01
 iter: 117:1        |ddm|: 1.128545e-05     Tr[DP]  1.677998e-01
 iter: 117:2        |ddm|: 3.680733e-06     Tr[DP]  1.677998e-01
 iter: 118:1        |ddm|: 5.778246e-06     Tr[DP]  1.677998e-01
 iter: 118:2        |ddm|: 7.807741e-06     Tr[DP]  1.677998e-01
 iter: 119:1        |ddm|: 8.399748e-06     Tr[DP]  1.677998e-01
 iter: 119:2        |ddm|: 1.292451e-05     Tr[DP]  1.677998e-01
 iter: 120:1        |ddm|: 2.920721e-05     Tr[DP]  1.677998e-01
 iter: 120:2        |ddm|: 4.510872e-05     Tr[DP]  1.677999e-01
 iter: 121:1        |ddm|: 4.895878e-05     Tr[DP]  1.677999e-01
 iter: 121:2        |ddm|: 7.106281e-05     Tr[DP]  1.678000e-01
 iter: 122:1        |ddm|: 4.320805e-05     Tr[DP]  1.678000e-01
 iter: 122:2        |ddm|: 4.924710e-05     Tr[DP]  1.678000e-01
 iter: 123:1        |ddm|: 3.717855e-05     Tr[DP]  1.678001e-01
 iter: 123:2        |ddm|: 3.252153e-05     Tr[DP]  1.678000e-01
 iter: 124:1        |ddm|: 2.345152e-05     Tr[DP]  1.678000e-01
 iter: 124:2        |ddm|: 1.470743e-05     Tr[DP]  1.678000e-01
 iter: 125:1        |ddm|: 1.080290e-05     Tr[DP]  1.678000e-01
 iter: 125:2        |ddm|: 7.567507e-06     Tr[DP]  1.678000e-01
 iter: 126:1        |ddm|: 4.682329e-06     Tr[DP]  1.677999e-01
 iter: 126:2        |ddm|: 3.003321e-06     Tr[DP]  1.678000e-01
 iter: 127:1        |ddm|: 1.884896e-05     Tr[DP]  1.677999e-01
 iter: 127:2        |ddm|: 2.711999e-05     Tr[DP]  1.678000e-01
 iter: 128:1        |ddm|: 3.325197e-05     Tr[DP]  1.678000e-01
 iter: 128:2        |ddm|: 4.705354e-05     Tr[DP]  1.678000e-01
 iter: 129:1        |ddm|: 2.965158e-05     Tr[DP]  1.678001e-01
 iter: 129:2        |ddm|: 3.338093e-05     Tr[DP]  1.678001e-01
 iter: 130:1        |ddm|: 1.940039e-05     Tr[DP]  1.678001e-01
 iter: 130:2        |ddm|: 1.128787e-05     Tr[DP]  1.678000e-01
 iter: 131:1        |ddm|: 1.491099e-05     Tr[DP]  1.678001e-01
 iter: 131:2        |ddm|: 1.287896e-05     Tr[DP]  1.678000e-01
 iter: 132:1        |ddm|: 1.127063e-05     Tr[DP]  1.678000e-01
 iter: 132:2        |ddm|: 1.008277e-05     Tr[DP]  1.678000e-01
 iter: 133:1        |ddm|: 6.341755e-06     Tr[DP]  1.678000e-01
 iter: 133:2        |ddm|: 4.151715e-06     Tr[DP]  1.678000e-01
 iter: 134:1        |ddm|: 2.039200e-06     Tr[DP]  1.678000e-01
 iter: 134:2        |ddm|: 1.983612e-06     Tr[DP]  1.678000e-01
 iter: 135:1        |ddm|: 1.864859e-05     Tr[DP]  1.678000e-01
 iter: 135:2        |ddm|: 2.725365e-05     Tr[DP]  1.678001e-01
 iter: 136:1        |ddm|: 1.393517e-05     Tr[DP]  1.678001e-01
 iter: 136:2        |ddm|: 1.210622e-05     Tr[DP]  1.678001e-01
 iter: 137:1        |ddm|: 8.437702e-06     Tr[DP]  1.678001e-01
 iter: 137:2        |ddm|: 9.423246e-06     Tr[DP]  1.678001e-01
 iter: 138:1        |ddm|: 2.040345e-05     Tr[DP]  1.678001e-01
 iter: 138:2        |ddm|: 3.303709e-05     Tr[DP]  1.678001e-01
 iter: 139:1        |ddm|: 2.715042e-05     Tr[DP]  1.678001e-01
 iter: 139:2        |ddm|: 3.298454e-05     Tr[DP]  1.678001e-01
 iter: 140:1        |ddm|: 2.687533e-05     Tr[DP]  1.678002e-01
 iter: 140:2        |ddm|: 3.610531e-05     Tr[DP]  1.678002e-01
 iter: 141:1        |ddm|: 4.481215e-05     Tr[DP]  1.678002e-01
 iter: 141:2        |ddm|: 6.801117e-05     Tr[DP]  1.678002e-01
 iter: 142:1        |ddm|: 3.274434e-05     Tr[DP]  1.678003e-01
 iter: 142:2        |ddm|: 1.772227e-05     Tr[DP]  1.678002e-01
 iter: 143:1        |ddm|: 1.269634e-05     Tr[DP]  1.678003e-01
 iter: 143:2        |ddm|: 9.470302e-06     Tr[DP]  1.678003e-01
 iter: 144:1        |ddm|: 8.473240e-06     Tr[DP]  1.678003e-01
 iter: 144:2        |ddm|: 3.528443e-06     Tr[DP]  1.678003e-01
 iter: 145:1        |ddm|: 4.629829e-06     Tr[DP]  1.678003e-01
 iter: 145:2        |ddm|: 4.760647e-06     Tr[DP]  1.678003e-01
 iter: 146:1        |ddm|: 4.046050e-06     Tr[DP]  1.678003e-01
 iter: 146:2        |ddm|: 5.992948e-06     Tr[DP]  1.678003e-01
 iter: 147:1        |ddm|: 1.491522e-05     Tr[DP]  1.678003e-01
 iter: 147:2        |ddm|: 2.360128e-05     Tr[DP]  1.678003e-01
 iter: 148:1        |ddm|: 1.680466e-05     Tr[DP]  1.678003e-01
 iter: 148:2        |ddm|: 2.028455e-05     Tr[DP]  1.678003e-01
 iter: 149:1        |ddm|: 1.603833e-05     Tr[DP]  1.678003e-01
 iter: 149:2        |ddm|: 2.240020e-05     Tr[DP]  1.678003e-01
 iter: 150:1        |ddm|: 2.013092e-05     Tr[DP]  1.678003e-01
 iter: 150:2        |ddm|: 2.959958e-05     Tr[DP]  1.678004e-01
 iter: 151:1        |ddm|: 1.899170e-05     Tr[DP]  1.678004e-01
 iter: 151:2        |ddm|: 2.375184e-05     Tr[DP]  1.678004e-01
 iter: 152:1        |ddm|: 2.284813e-05     Tr[DP]  1.678004e-01
 iter: 152:2        |ddm|: 3.473548e-05     Tr[DP]  1.678004e-01
 iter: 153:1        |ddm|: 1.681800e-05     Tr[DP]  1.678004e-01
 iter: 153:2        |ddm|: 9.875107e-06     Tr[DP]  1.678004e-01
 iter: 154:1        |ddm|: 2.072422e-05     Tr[DP]  1.678004e-01
 iter: 154:2        |ddm|: 3.594692e-05     Tr[DP]  1.678005e-01
 iter: 155:1        |ddm|: 1.820080e-05     Tr[DP]  1.678005e-01
 iter: 155:2        |ddm|: 1.620028e-05     Tr[DP]  1.678005e-01
 iter: 156:1        |ddm|: 1.133262e-05     Tr[DP]  1.678005e-01
 iter: 156:2        |ddm|: 1.561171e-05     Tr[DP]  1.678005e-01
 iter: 157:1        |ddm|: 1.173759e-05     Tr[DP]  1.678005e-01
 iter: 157:2        |ddm|: 1.717847e-05     Tr[DP]  1.678005e-01
 iter: 158:1        |ddm|: 1.089713e-05     Tr[DP]  1.678005e-01
 iter: 158:2        |ddm|: 1.403188e-05     Tr[DP]  1.678005e-01
 iter: 159:1        |ddm|: 1.411260e-05     Tr[DP]  1.678005e-01
 iter: 159:2        |ddm|: 2.204103e-05     Tr[DP]  1.678005e-01
 iter: 160:1        |ddm|: 1.115165e-05     Tr[DP]  1.678006e-01
 iter: 160:2        |ddm|: 5.311048e-06     Tr[DP]  1.678005e-01
 iter: 161:1        |ddm|: 4.650061e-06     Tr[DP]  1.678005e-01
 iter: 161:2        |ddm|: 6.451870e-06     Tr[DP]  1.678005e-01
 iter: 162:1        |ddm|: 3.806372e-06     Tr[DP]  1.678005e-01
 iter: 162:2        |ddm|: 4.438595e-06     Tr[DP]  1.678005e-01
 iter: 163:1        |ddm|: 2.865305e-06     Tr[DP]  1.678006e-01
 iter: 163:2        |ddm|: 3.504381e-06     Tr[DP]  1.678006e-01
 iter: 164:1        |ddm|: 2.678794e-06     Tr[DP]  1.678006e-01
 iter: 164:2        |ddm|: 3.907655e-06     Tr[DP]  1.678006e-01
 iter: 165:1        |ddm|: 2.550383e-06     Tr[DP]  1.678006e-01
 iter: 165:2        |ddm|: 3.359550e-06     Tr[DP]  1.678006e-01
 iter: 166:1        |ddm|: 4.337154e-06     Tr[DP]  1.678006e-01
 iter: 166:2        |ddm|: 5.156336e-06     Tr[DP]  1.678006e-01
 iter: 167:1        |ddm|: 5.439917e-06     Tr[DP]  1.678005e-01
 iter: 167:2        |ddm|: 7.855615e-06     Tr[DP]  1.678006e-01
 iter: 168:1        |ddm|: 5.744736e-06     Tr[DP]  1.678006e-01
 iter: 168:2        |ddm|: 7.175905e-06     Tr[DP]  1.678006e-01
 iter: 169:1        |ddm|: 5.610742e-06     Tr[DP]  1.678006e-01
 iter: 169:2        |ddm|: 7.636883e-06     Tr[DP]  1.678006e-01
 iter: 170:1        |ddm|: 4.704648e-06     Tr[DP]  1.678006e-01
 iter: 170:2        |ddm|: 5.683261e-06     Tr[DP]  1.678006e-01
 iter: 171:1        |ddm|: 3.472345e-06     Tr[DP]  1.678006e-01
 iter: 171:2        |ddm|: 4.231641e-06     Tr[DP]  1.678006e-01
 iter: 172:1        |ddm|: 2.898550e-06     Tr[DP]  1.678006e-01
 iter: 172:2        |ddm|: 4.000810e-06     Tr[DP]  1.678006e-01
 iter: 173:1        |ddm|: 4.329628e-06     Tr[DP]  1.678006e-01
 iter: 173:2        |ddm|: 4.862431e-06     Tr[DP]  1.678006e-01
 iter: 174:1        |ddm|: 3.134627e-06     Tr[DP]  1.678006e-01
 iter: 174:2        |ddm|: 3.894513e-06     Tr[DP]  1.678006e-01
 iter: 175:1        |ddm|: 3.555948e-06     Tr[DP]  1.678006e-01
 iter: 175:2        |ddm|: 4.829775e-06     Tr[DP]  1.678006e-01
 iter: 176:1        |ddm|: 3.855881e-06     Tr[DP]  1.678006e-01
 iter: 176:2        |ddm|: 5.158932e-06     Tr[DP]  1.678006e-01
 iter: 177:1        |ddm|: 3.840316e-06     Tr[DP]  1.678006e-01
 iter: 177:2        |ddm|: 5.213563e-06     Tr[DP]  1.678006e-01
 iter: 178:1        |ddm|: 3.596057e-06     Tr[DP]  1.678006e-01
 iter: 178:2        |ddm|: 4.805386e-06     Tr[DP]  1.678006e-01
 iter: 179:1        |ddm|: 3.058792e-06     Tr[DP]  1.678006e-01
 iter: 179:2        |ddm|: 3.911272e-06     Tr[DP]  1.678006e-01
 iter: 180:1        |ddm|: 4.373695e-06     Tr[DP]  1.678006e-01
 iter: 180:2        |ddm|: 6.841592e-06     Tr[DP]  1.678006e-01
 iter: 181:1        |ddm|: 4.449589e-06     Tr[DP]  1.678006e-01
 iter: 181:2        |ddm|: 5.576729e-06     Tr[DP]  1.678006e-01
 iter: 182:1        |ddm|: 3.657481e-06     Tr[DP]  1.678006e-01
 iter: 182:2        |ddm|: 4.765361e-06     Tr[DP]  1.678006e-01
 iter: 183:1        |ddm|: 3.041296e-06     Tr[DP]  1.678006e-01
 iter: 183:2        |ddm|: 3.927778e-06     Tr[DP]  1.678006e-01
 iter: 184:1        |ddm|: 2.345444e-06     Tr[DP]  1.678006e-01
 iter: 184:2        |ddm|: 2.782457e-06     Tr[DP]  1.678006e-01
 iter: 185:1        |ddm|: 1.611485e-06     Tr[DP]  1.678006e-01
 iter: 185:2        |ddm|: 8.569760e-07     Tr[DP]  1.678006e-01
 iter: 186:1        |ddm|: 8.476528e-07     Tr[DP]  1.678006e-01
 iter: 186:2        |ddm|: 5.196248e-07     Tr[DP]  1.678006e-01
 iter: 187:1        |ddm|: 5.887096e-07     Tr[DP]  1.678006e-01
 iter: 187:2        |ddm|: 8.693906e-07     Tr[DP]  1.678006e-01
 iter: 188:1        |ddm|: 8.760378e-07     Tr[DP]  1.678006e-01
 iter: 188:2        |ddm|: 1.352046e-06     Tr[DP]  1.678006e-01
 iter: 189:1        |ddm|: 1.249360e-06     Tr[DP]  1.678006e-01
 iter: 189:2        |ddm|: 1.834534e-06     Tr[DP]  1.678006e-01
 iter: 190:1        |ddm|: 1.606820e-06     Tr[DP]  1.678006e-01
 iter: 190:2        |ddm|: 2.309920e-06     Tr[DP]  1.678006e-01
 iter: 191:1        |ddm|: 3.477237e-06     Tr[DP]  1.678006e-01
 iter: 191:2        |ddm|: 5.363959e-06     Tr[DP]  1.678006e-01
 iter: 192:1        |ddm|: 2.698176e-06     Tr[DP]  1.678007e-01
 iter: 192:2        |ddm|: 2.109906e-06     Tr[DP]  1.678006e-01
 iter: 193:1        |ddm|: 1.312482e-06     Tr[DP]  1.678007e-01
 iter: 193:2        |ddm|: 1.462542e-06     Tr[DP]  1.678006e-01
 iter: 194:1        |ddm|: 9.193278e-07     Tr[DP]  1.678007e-01
 iter: 194:2        |ddm|: 1.007520e-06     Tr[DP]  1.678007e-01
 iter: 195:1        |ddm|: 6.367253e-07     Tr[DP]  1.678007e-01
 iter: 195:2        |ddm|: 6.158111e-07     Tr[DP]  1.678007e-01
 iter: 196:1        |ddm|: 4.178566e-07     Tr[DP]  1.678007e-01
 iter: 196:2        |ddm|: 3.451246e-07     Tr[DP]  1.678007e-01
 iter: 197:1        |ddm|: 7.479618e-07     Tr[DP]  1.678007e-01
 iter: 197:2        |ddm|: 1.249044e-06     Tr[DP]  1.678007e-01
 iter: 198:1        |ddm|: 6.691415e-07     Tr[DP]  1.678007e-01
 iter: 198:2        |ddm|: 5.068281e-07     Tr[DP]  1.678007e-01
 iter: 199:1        |ddm|: 8.462392e-07     Tr[DP]  1.678007e-01
 iter: 199:2        |ddm|: 1.386050e-06     Tr[DP]  1.678007e-01
 iter: 200:1        |ddm|: 1.679953e-06     Tr[DP]  1.678007e-01
 iter: 200:2        |ddm|: 2.539411e-06     Tr[DP]  1.678007e-01
 iter: 201:1        |ddm|: 1.726240e-06     Tr[DP]  1.678007e-01
 iter: 201:2        |ddm|: 2.179439e-06     Tr[DP]  1.678007e-01
 iter: 202:1        |ddm|: 1.424430e-06     Tr[DP]  1.678007e-01
 iter: 202:2        |ddm|: 1.818470e-06     Tr[DP]  1.678007e-01
 iter: 203:1        |ddm|: 1.165373e-06     Tr[DP]  1.678007e-01
 iter: 203:2        |ddm|: 1.500575e-06     Tr[DP]  1.678007e-01
 iter: 204:1        |ddm|: 9.820112e-07     Tr[DP]  1.678007e-01
 iter: 204:2        |ddm|: 1.301574e-06     Tr[DP]  1.678007e-01
 iter: 205:1        |ddm|: 8.634977e-07     Tr[DP]  1.678007e-01
 iter: 205:2        |ddm|: 1.155383e-06     Tr[DP]  1.678007e-01
 iter: 206:1        |ddm|: 1.939967e-06     Tr[DP]  1.678007e-01
 iter: 206:2        |ddm|: 2.572074e-06     Tr[DP]  1.678007e-01
 iter: 207:1        |ddm|: 1.671416e-06     Tr[DP]  1.678007e-01
 iter: 207:2        |ddm|: 2.037446e-06     Tr[DP]  1.678007e-01
 iter: 208:1        |ddm|: 1.227820e-06     Tr[DP]  1.678007e-01
 iter: 208:2        |ddm|: 1.231105e-06     Tr[DP]  1.678007e-01
 iter: 209:1        |ddm|: 9.004236e-07     Tr[DP]  1.678007e-01
 iter: 209:2        |ddm|: 1.154032e-06     Tr[DP]  1.678007e-01
 iter: 210:1        |ddm|: 8.065458e-07     Tr[DP]  1.678007e-01
 iter: 210:2        |ddm|: 1.088746e-06     Tr[DP]  1.678007e-01
 iter: 211:1        |ddm|: 7.477399e-07     Tr[DP]  1.678007e-01
 iter: 211:2        |ddm|: 1.016849e-06     Tr[DP]  1.678007e-01
 iter: 212:1        |ddm|: 6.915789e-07     Tr[DP]  1.678007e-01
 iter: 212:2        |ddm|: 9.386128e-07     Tr[DP]  1.678007e-01
 iter: 213:1        |ddm|: 2.250323e-06     Tr[DP]  1.678007e-01
 iter: 213:2        |ddm|: 3.519415e-06     Tr[DP]  1.678007e-01
 iter: 214:1        |ddm|: 1.744034e-06     Tr[DP]  1.678007e-01
 iter: 214:2        |ddm|: 9.616196e-07     Tr[DP]  1.678007e-01
 iter: 215:1        |ddm|: 5.901660e-07     Tr[DP]  1.678007e-01
 iter: 215:2        |ddm|: 3.287049e-07     Tr[DP]  1.678007e-01
 iter: 216:1        |ddm|: 3.020278e-07     Tr[DP]  1.678007e-01
 iter: 216:2        |ddm|: 4.529778e-07     Tr[DP]  1.678007e-01
 iter: 217:1        |ddm|: 3.548736e-07     Tr[DP]  1.678007e-01
 iter: 217:2        |ddm|: 5.175268e-07     Tr[DP]  1.678007e-01
 iter: 218:1        |ddm|: 3.892867e-07     Tr[DP]  1.678007e-01
 iter: 218:2        |ddm|: 5.487105e-07     Tr[DP]  1.678007e-01
 iter: 219:1        |ddm|: 4.019457e-07     Tr[DP]  1.678007e-01
 iter: 219:2        |ddm|: 5.594874e-07     Tr[DP]  1.678007e-01
 iter: 220:1        |ddm|: 1.052858e-06     Tr[DP]  1.678007e-01
 iter: 220:2        |ddm|: 1.659445e-06     Tr[DP]  1.678007e-01
 iter: 221:1        |ddm|: 8.176535e-07     Tr[DP]  1.678007e-01
 iter: 221:2        |ddm|: 4.473193e-07     Tr[DP]  1.678007e-01
 iter: 222:1        |ddm|: 3.206461e-07     Tr[DP]  1.678007e-01
 iter: 222:2        |ddm|: 4.400190e-07     Tr[DP]  1.678007e-01
 iter: 223:1        |ddm|: 2.899823e-07     Tr[DP]  1.678007e-01
 iter: 223:2        |ddm|: 3.897209e-07     Tr[DP]  1.678007e-01
 iter: 224:1        |ddm|: 2.548324e-07     Tr[DP]  1.678007e-01
 iter: 224:2        |ddm|: 3.368684e-07     Tr[DP]  1.678007e-01
 iter: 225:1        |ddm|: 2.209820e-07     Tr[DP]  1.678007e-01
 iter: 225:2        |ddm|: 2.924854e-07     Tr[DP]  1.678007e-01
 iter: 226:1        |ddm|: 1.950827e-07     Tr[DP]  1.678007e-01
 iter: 226:2        |ddm|: 2.622273e-07     Tr[DP]  1.678007e-01
 iter: 227:1        |ddm|: 3.383826e-07     Tr[DP]  1.678007e-01
 iter: 227:2        |ddm|: 3.686695e-07     Tr[DP]  1.678007e-01
 iter: 228:1        |ddm|: 3.600817e-07     Tr[DP]  1.678007e-01
 iter: 228:2        |ddm|: 5.453196e-07     Tr[DP]  1.678007e-01
 iter: 229:1        |ddm|: 4.372339e-07     Tr[DP]  1.678007e-01
 iter: 229:2        |ddm|: 6.545360e-07     Tr[DP]  1.678007e-01
 iter: 230:1        |ddm|: 4.302750e-07     Tr[DP]  1.678007e-01
 iter: 230:2        |ddm|: 5.707718e-07     Tr[DP]  1.678007e-01
 iter: 231:1        |ddm|: 3.611749e-07     Tr[DP]  1.678007e-01
 iter: 231:2        |ddm|: 4.623667e-07     Tr[DP]  1.678007e-01
 iter: 232:1        |ddm|: 3.051773e-07     Tr[DP]  1.678007e-01
 iter: 232:2        |ddm|: 4.093153e-07     Tr[DP]  1.678007e-01
 iter: 233:1        |ddm|: 2.310295e-07     Tr[DP]  1.678007e-01
 iter: 233:2        |ddm|: 1.338597e-07     Tr[DP]  1.678007e-01
 iter: 234:1        |ddm|: 1.139192e-07     Tr[DP]  1.678007e-01
 iter: 234:2        |ddm|: 9.731632e-08     Tr[DP]  1.678007e-01
 iter: 235:1        |ddm|: 7.887075e-08     Tr[DP]  1.678007e-01
 iter: 235:2        |ddm|: 1.127820e-07     Tr[DP]  1.678007e-01
 iter: 236:1        |ddm|: 1.138407e-07     Tr[DP]  1.678007e-01
 iter: 236:2        |ddm|: 1.780741e-07     Tr[DP]  1.678007e-01
 iter: 237:1        |ddm|: 1.458984e-07     Tr[DP]  1.678007e-01
 iter: 237:2        |ddm|: 2.050580e-07     Tr[DP]  1.678007e-01
 iter: 238:1        |ddm|: 1.857542e-07     Tr[DP]  1.678007e-01
 iter: 238:2        |ddm|: 2.709476e-07     Tr[DP]  1.678007e-01
 iter: 239:1        |ddm|: 4.581001e-07     Tr[DP]  1.678007e-01
 iter: 239:2        |ddm|: 7.153997e-07     Tr[DP]  1.678007e-01
 iter: 240:1        |ddm|: 3.472392e-07     Tr[DP]  1.678007e-01
 iter: 240:2        |ddm|: 2.315238e-07     Tr[DP]  1.678007e-01
 iter: 241:1        |ddm|: 1.664529e-07     Tr[DP]  1.678007e-01
 iter: 241:2        |ddm|: 2.317007e-07     Tr[DP]  1.678007e-01
 iter: 242:1        |ddm|: 1.507394e-07     Tr[DP]  1.678007e-01
 iter: 242:2        |ddm|: 2.006730e-07     Tr[DP]  1.678007e-01
 iter: 243:1        |ddm|: 1.273299e-07     Tr[DP]  1.678007e-01
 iter: 243:2        |ddm|: 1.637536e-07     Tr[DP]  1.678007e-01
 iter: 244:1        |ddm|: 9.662615e-08     Tr[DP]  1.678007e-01
 iter: 244:2        |ddm|: 1.089988e-07     Tr[DP]  1.678007e-01
 iter: 245:1        |ddm|: 6.748245e-08     Tr[DP]  1.678007e-01
 iter: 245:2        |ddm|: 7.495603e-08     Tr[DP]  1.678007e-01
 iter: 246:1        |ddm|: 1.461085e-07     Tr[DP]  1.678007e-01
 iter: 246:2        |ddm|: 1.756050e-07     Tr[DP]  1.678007e-01
 iter: 247:1        |ddm|: 1.408666e-07     Tr[DP]  1.678007e-01
 iter: 247:2        |ddm|: 2.006555e-07     Tr[DP]  1.678007e-01
 iter: 248:1        |ddm|: 1.435373e-07     Tr[DP]  1.678007e-01
 iter: 248:2        |ddm|: 1.998719e-07     Tr[DP]  1.678007e-01
 iter: 249:1        |ddm|: 1.379760e-07     Tr[DP]  1.678007e-01
 iter: 249:2        |ddm|: 1.895388e-07     Tr[DP]  1.678007e-01
 iter: 250:1        |ddm|: 1.250824e-07     Tr[DP]  1.678007e-01
 iter: 250:2        |ddm|: 1.678906e-07     Tr[DP]  1.678007e-01
 iter: 251:1        |ddm|: 1.035554e-07     Tr[DP]  1.678007e-01
 iter: 251:2        |ddm|: 1.297043e-07     Tr[DP]  1.678007e-01
 iter: 252:1        |ddm|: 8.052192e-08     Tr[DP]  1.678007e-01
 iter: 252:2        |ddm|: 7.553015e-08     Tr[DP]  1.678007e-01
 iter: 253:1        |ddm|: 6.623899e-08     Tr[DP]  1.678007e-01
 iter: 253:2        |ddm|: 1.015822e-07     Tr[DP]  1.678007e-01
 iter: 254:1        |ddm|: 7.512103e-08     Tr[DP]  1.678007e-01
 iter: 254:2        |ddm|: 1.067345e-07     Tr[DP]  1.678007e-01
 iter: 255:1        |ddm|: 7.622293e-08     Tr[DP]  1.678007e-01
 iter: 255:2        |ddm|: 1.055568e-07     Tr[DP]  1.678007e-01
 iter: 256:1        |ddm|: 7.367797e-08     Tr[DP]  1.678007e-01
 iter: 256:2        |ddm|: 1.011873e-07     Tr[DP]  1.678007e-01
 iter: 257:1        |ddm|: 6.966092e-08     Tr[DP]  1.678007e-01
 iter: 257:2        |ddm|: 9.563836e-08     Tr[DP]  1.678007e-01
 iter: 258:1        |ddm|: 6.560668e-08     Tr[DP]  1.678007e-01
 iter: 258:2        |ddm|: 9.094316e-08     Tr[DP]  1.678007e-01
 iter: 259:1        |ddm|: 6.310133e-08     Tr[DP]  1.678007e-01
 iter: 259:2        |ddm|: 8.864701e-08     Tr[DP]  1.678007e-01
 iter: 260:1        |ddm|: 6.170368e-08     Tr[DP]  1.678007e-01
 iter: 260:2        |ddm|: 8.594178e-08     Tr[DP]  1.678007e-01
 iter: 261:1        |ddm|: 5.989446e-08     Tr[DP]  1.678007e-01
 iter: 261:2        |ddm|: 8.308061e-08     Tr[DP]  1.678007e-01
 iter: 262:1        |ddm|: 5.785814e-08     Tr[DP]  1.678007e-01
 iter: 262:2        |ddm|: 8.012134e-08     Tr[DP]  1.678007e-01
 iter: 263:1        |ddm|: 5.574409e-08     Tr[DP]  1.678007e-01
 iter: 263:2        |ddm|: 7.722093e-08     Tr[DP]  1.678007e-01
 iter: 264:1        |ddm|: 5.369182e-08     Tr[DP]  1.678007e-01
 iter: 264:2        |ddm|: 7.451356e-08     Tr[DP]  1.678007e-01
 iter: 265:1        |ddm|: 5.178444e-08     Tr[DP]  1.678007e-01
 iter: 265:2        |ddm|: 7.203662e-08     Tr[DP]  1.678007e-01
 iter: 266:1        |ddm|: 5.004265e-08     Tr[DP]  1.678007e-01
 iter: 266:2        |ddm|: 6.962937e-08     Tr[DP]  1.678007e-01
 iter: 267:1        |ddm|: 4.836578e-08     Tr[DP]  1.678007e-01
 iter: 267:2        |ddm|: 6.726268e-08     Tr[DP]  1.678007e-01
 iter: 268:1        |ddm|: 4.672338e-08     Tr[DP]  1.678007e-01
 iter: 268:2        |ddm|: 6.494797e-08     Tr[DP]  1.678007e-01
 iter: 269:1        |ddm|: 4.512149e-08     Tr[DP]  1.678007e-01
 iter: 269:2        |ddm|: 6.270077e-08     Tr[DP]  1.678007e-01
 iter: 270:1        |ddm|: 4.356887e-08     Tr[DP]  1.678007e-01
 iter: 270:2        |ddm|: 6.053284e-08     Tr[DP]  1.678007e-01
 iter: 271:1        |ddm|: 4.206927e-08     Tr[DP]  1.678007e-01
 iter: 271:2        |ddm|: 5.844758e-08     Tr[DP]  1.678007e-01
 iter: 272:1        |ddm|: 4.062103e-08     Tr[DP]  1.678007e-01
 iter: 272:2        |ddm|: 5.644202e-08     Tr[DP]  1.678007e-01
 iter: 273:1        |ddm|: 3.922411e-08     Tr[DP]  1.678007e-01
 iter: 273:2        |ddm|: 5.450852e-08     Tr[DP]  1.678007e-01
 iter: 274:1        |ddm|: 3.787635e-08     Tr[DP]  1.678007e-01
 iter: 274:2        |ddm|: 5.264065e-08     Tr[DP]  1.678007e-01
 iter: 275:1        |ddm|: 3.657595e-08     Tr[DP]  1.678007e-01
 iter: 275:2        |ddm|: 5.083526e-08     Tr[DP]  1.678007e-01
 iter: 276:1        |ddm|: 3.532074e-08     Tr[DP]  1.678007e-01
 iter: 276:2        |ddm|: 4.909035e-08     Tr[DP]  1.678007e-01
 iter: 277:1        |ddm|: 3.410909e-08     Tr[DP]  1.678007e-01
 iter: 277:2        |ddm|: 4.740424e-08     Tr[DP]  1.678007e-01
 iter: 278:1        |ddm|: 3.293885e-08     Tr[DP]  1.678007e-01
 iter: 278:2        |ddm|: 4.577544e-08     Tr[DP]  1.678007e-01
 iter: 279:1        |ddm|: 3.180788e-08     Tr[DP]  1.678007e-01
 iter: 279:2        |ddm|: 4.420280e-08     Tr[DP]  1.678007e-01
 iter: 280:1        |ddm|: 3.071576e-08     Tr[DP]  1.678007e-01
 iter: 280:2        |ddm|: 4.268473e-08     Tr[DP]  1.678007e-01
 iter: 281:1        |ddm|: 2.966071e-08     Tr[DP]  1.678007e-01
 iter: 281:2        |ddm|: 4.121919e-08     Tr[DP]  1.678007e-01
 iter: 282:1        |ddm|: 2.864200e-08     Tr[DP]  1.678007e-01
 iter: 282:2        |ddm|: 3.980416e-08     Tr[DP]  1.678007e-01
 iter: 283:1        |ddm|: 2.765830e-08     Tr[DP]  1.678007e-01
 iter: 283:2        |ddm|: 3.843768e-08     Tr[DP]  1.678007e-01
 iter: 284:1        |ddm|: 2.670855e-08     Tr[DP]  1.678007e-01
 iter: 284:2        |ddm|: 3.711798e-08     Tr[DP]  1.678007e-01
 iter: 285:1        |ddm|: 2.579187e-08     Tr[DP]  1.678007e-01
 iter: 285:2        |ddm|: 3.584342e-08     Tr[DP]  1.678007e-01
 iter: 286:1        |ddm|: 2.490615e-08     Tr[DP]  1.678007e-01
 iter: 286:2        |ddm|: 3.461253e-08     Tr[DP]  1.678007e-01
 iter: 287:1        |ddm|: 2.405096e-08     Tr[DP]  1.678007e-01
 iter: 287:2        |ddm|: 3.342394e-08     Tr[DP]  1.678007e-01
 iter: 288:1        |ddm|: 2.322520e-08     Tr[DP]  1.678007e-01
 iter: 288:2        |ddm|: 3.227622e-08     Tr[DP]  1.678007e-01
 iter: 289:1        |ddm|: 2.242771e-08     Tr[DP]  1.678007e-01
 iter: 289:2        |ddm|: 3.116796e-08     Tr[DP]  1.678007e-01
 iter: 290:1        |ddm|: 2.165761e-08     Tr[DP]  1.678007e-01
 iter: 290:2        |ddm|: 3.009778e-08     Tr[DP]  1.678007e-01
 iter: 291:1        |ddm|: 2.091366e-08     Tr[DP]  1.678007e-01
 iter: 291:2        |ddm|: 2.906434e-08     Tr[DP]  1.678007e-01
 iter: 292:1        |ddm|: 2.019577e-08     Tr[DP]  1.678007e-01
 iter: 292:2        |ddm|: 2.806636e-08     Tr[DP]  1.678007e-01
 iter: 293:1        |ddm|: 1.950244e-08     Tr[DP]  1.678007e-01
 iter: 293:2        |ddm|: 2.710263e-08     Tr[DP]  1.678007e-01
 iter: 294:1        |ddm|: 1.883264e-08     Tr[DP]  1.678007e-01
 iter: 294:2        |ddm|: 2.617199e-08     Tr[DP]  1.678007e-01
 iter: 295:1        |ddm|: 1.818586e-08     Tr[DP]  1.678007e-01
 iter: 295:2        |ddm|: 2.527329e-08     Tr[DP]  1.678007e-01
 iter: 296:1        |ddm|: 1.756150e-08     Tr[DP]  1.678007e-01
 iter: 296:2        |ddm|: 2.440548e-08     Tr[DP]  1.678007e-01
 iter: 297:1        |ddm|: 1.695877e-08     Tr[DP]  1.678007e-01
 iter: 297:2        |ddm|: 2.356746e-08     Tr[DP]  1.678007e-01
 iter: 298:1        |ddm|: 1.637616e-08     Tr[DP]  1.678007e-01
 iter: 298:2        |ddm|: 2.275824e-08     Tr[DP]  1.678007e-01
 iter: 299:1        |ddm|: 1.581367e-08     Tr[DP]  1.678007e-01
 iter: 299:2        |ddm|: 2.197678e-08     Tr[DP]  1.678007e-01
 iter: 300:1        |ddm|: 1.527070e-08     Tr[DP]  1.678007e-01
 iter: 300:2        |ddm|: 2.122215e-08     Tr[DP]  1.678007e-01
                         Freeze-and-Thaw NOT converged!                         

=================== Subsystem 1 at higher mean-field method ====================
  subiter:   1      |ddm|: 7.759714e-01
  subiter:   2      |ddm|: 1.208492e-01
  subiter:   3      |ddm|: 2.280849e-02
  subiter:   4      |ddm|: 1.554560e-02
  subiter:   5      |ddm|: 2.841712e-03
  subiter:   6      |ddm|: 8.659142e-04
  subiter:   7      |ddm|: 3.492301e-04
  subiter:   8      |ddm|: 7.678405e-05
  subiter:   9      |ddm|: 3.051848e-05
  subiter:  10      |ddm|: 1.068429e-05
  subiter:  11      |ddm|: 1.942016e-06
  subiter:  12      |ddm|: 6.956107e-07
  subiter:  13      |ddm|: 1.566333e-07
  subiter:  14      |ddm|: 2.789839e-08
  subiter:  15      |ddm|: 1.629722e-08
  subiter:  16      |ddm|: 1.242722e-08
  subiter:  17      |ddm|: 9.670070e-09


******** <class 'pyscf.scf.hf.RHF'> flags ********
method = RHF
initial guess = minao
damping factor = 0
level shift factor = 0
DIIS = <class 'pyscf.scf.diis.CDIIS'>
DIIS start cycle = 1
DIIS space = 8
SCF tol = 1e-09
SCF gradient tol = None
max. SCF cycles = 100
direct_scf = True
direct_scf_tol = 1e-13
chkfile to save SCF result = /panfs/roc/scratch/graha682/D0/201711_ccpVDZ_NEVPT2_m06_0_11c12h24/tmpi1HKAx
max_memory 4000 MB (current use 272 MB)
Set gradient conv threshold to 3.16228e-05
init E= -415.27752160716
  HOMO = -0.325439441075445  LUMO = 0.186529149346381
cycle= 1 E= -415.27752160716  delta_E= -1.14e-13  |g|= 6.09e-09  |ddm|= 2.52e-08
  HOMO = -0.325439441203819  LUMO = 0.1865291492893
Extra cycle  E= -415.277521607157  delta_E= 2.5e-12  |g|= 3.14e-09  |ddm|= 1.28e-08
converged SCF energy = -415.277521607157


******** <class 'pyscf.dft.rks.RKS'> flags ********
method = RKS
initial guess = atom
damping factor = 0
level shift factor = 0.0
DIIS = <class 'pyscf.scf.diis.CDIIS'>
DIIS start cycle = 1
DIIS space = 8
SCF tol = 1e-08
SCF gradient tol = 1e-08
max. SCF cycles = 1
direct_scf = True
direct_scf_tol = 1e-13
chkfile to save SCF result = /panfs/roc/scratch/graha682/D0/201711_ccpVDZ_NEVPT2_m06_0_11c12h24/tmpVga7Hl
max_memory 4000 MB (current use 272 MB)
XC functionals = m06
small_rho_cutoff = 1e-20
radial grids: Treutler-Ahlrichs (JCP 102, 346 (M4)) radial grids
becke partition: Becke, JCP, 88, 2547 (1988)
pruning grids: <function nwchem_prune at 0x197b578>
grids dens level: 4
symmetrized grids: False
atomic radii adjust function: <function treutler_atomic_radii_adjust at 0x197b410>
init E= -417.94653115744
  HOMO = -0.233514331487114  LUMO = 0.0737660430763105
cycle= 1 E= -417.946531157443  delta_E= -3.52e-12  |g|= 2.13e-09  |ddm|= 1.47e-08
  HOMO = -0.233514331471424  LUMO = 0.0737660430675422
Extra cycle  E= -417.946531157443  delta_E= 5.68e-13  |g|= 6.62e-10  |ddm|= 5.08e-09
converged SCF energy = -417.946531157443
 iter: 301:1        |ddm|: 8.860415e-01     Tr[DP]  2.219849e-01

============================== Supermolecular DFT ==============================
  subiter:   1      |ddm|: 2.760006e+00
  subiter:   2      |ddm|: 7.512949e-01
  subiter:   3      |ddm|: 4.066508e-01
  subiter:   4      |ddm|: 6.954384e-02
  subiter:   5      |ddm|: 3.063252e-02
  subiter:   6      |ddm|: 1.059785e-02
  subiter:   7      |ddm|: 2.959979e-03
  subiter:   8      |ddm|: 9.720181e-04
  subiter:   9      |ddm|: 1.941236e-04
  subiter:  10      |ddm|: 6.299606e-05
  subiter:  11      |ddm|: 4.234853e-05
  subiter:  12      |ddm|: 1.132766e-05
  subiter:  13      |ddm|: 1.468033e-06
  subiter:  14      |ddm|: 6.670814e-07
  subiter:  15      |ddm|: 1.063719e-07
  subiter:  16      |ddm|: 7.173806e-08
  subiter:  17      |ddm|: 2.059819e-08
  subiter:  18      |ddm|: 4.938731e-09


******** <class 'pyscf.dft.rks.RKS'> flags ********
method = RKS
initial guess = atom
damping factor = 0
level shift factor = 0.0
DIIS = <class 'pyscf.scf.diis.CDIIS'>
DIIS start cycle = 1
DIIS space = 8
SCF tol = 1e-08
SCF gradient tol = 1e-08
max. SCF cycles = 100
direct_scf = True
direct_scf_tol = 1e-13
chkfile to save SCF result = /panfs/roc/scratch/graha682/D0/201711_ccpVDZ_NEVPT2_m06_0_11c12h24/tmpNiCyHw
max_memory 4000 MB (current use 290 MB)
XC functionals = m06
small_rho_cutoff = 1e-20
radial grids: Treutler-Ahlrichs (JCP 102, 346 (M4)) radial grids
becke partition: Becke, JCP, 88, 2547 (1988)
pruning grids: <function nwchem_prune at 0x197b578>
grids dens level: 4
symmetrized grids: False
atomic radii adjust function: <function treutler_atomic_radii_adjust at 0x197b410>
init E= -471.321327838527
  HOMO = -0.265919340314243  LUMO = 0.0236355314828789
cycle= 1 E= -471.321327838526  delta_E= 1.36e-12  |g|= 2.09e-09  |ddm|= 4.88e-09
  HOMO = -0.265919340279593  LUMO = 0.0236355314971158
Extra cycle  E= -471.321327838524  delta_E= 1.59e-12  |g|= 2.48e-09  |ddm|= 4.36e-09
converged SCF energy = -471.321327838524
Supermolecular DFT   -471.32132783852580

============================== Embedding Energies ==============================
Subsystem DFT              -417.94653115744154
Interaction                 -52.83115756868051
DFT-in-DFT                 -470.77768872612205
Supermolecular DFT         -471.32132783852580
Difference                   -0.54363911240375
Corrected DFT-in-DFT       -471.32132783852580
WF-in-DFT                  -468.10867917583801
Corrected WF-in-DFT        -468.65231828824176
================================================================================
TIMING STATISTICS:
     overlap integrals      0.03s   ( 0.00%)
    initial subsystems      1.02s   ( 0.01%)
           2e matrices   8299.35s   (90.95%)
      tot. embed. of 1   8442.57s   (92.52%)
      tot. embed. of 2      0.32s   ( 0.00%)
       freeze and thaw   8442.91s   (92.52%)
  interaction energies    680.10s   ( 7.45%)
                 TOTAL   9125.51s
================================================================================

********************************************************************************
*                              END OF CALCULATION                              *
********************************************************************************
