********************************************************************************
*                         FREEZE-AND-THAW CALCULATION                          *
********************************************************************************

================================== Input File ==================================
subsystem
C         -0.51189        0.02301        0.42809
H         -1.42066       -0.55289        0.18854
C          0.51189       -0.02301       -0.42809
H          1.42066        0.55289       -0.18854
end

subsystem
C         -1.03022        0.48923        6.76234
H         -1.85846        1.21825        6.76428
H         -0.09919        1.05754        6.92852
H         -1.17179       -0.17407        7.62984
C         -0.97821       -0.27783        5.45578
H         -0.16206       -1.02476        5.48735
H         -1.90675       -0.86592        5.32476
C         -0.78360        0.61904        4.24572
H          0.14654        1.20908        4.37098
H         -1.59993        1.36825        4.20747
C         -0.72898       -0.13512        2.93023
H         -1.66107       -0.72052        2.80109
H          0.08515       -0.88505        2.96224
C         -0.52791        0.76935        1.72053
H          0.41330        1.34004        1.83345
H         -1.34036        1.52360        1.70785
C          0.52791       -0.76935       -1.72053
H         -0.41330       -1.34004       -1.83345
H          1.34036       -1.52360       -1.70785
C          0.72898        0.13512       -2.93023
H          1.66107        0.72052       -2.80109
H         -0.08515        0.88505       -2.96224
C          0.78360       -0.61904       -4.24572
H          1.59993       -1.36825       -4.20747
H         -0.14654       -1.20908       -4.37098
C          0.97821        0.27783       -5.45578
H          0.16206        1.02476       -5.48735
H          1.90675        0.86592       -5.32476
C          1.03022       -0.48923       -6.76234
H          1.17179        0.17407       -7.62984
H          1.85846       -1.21825       -6.76428
H          0.09919       -1.05754       -6.92852
end

embed
 huzinaga
 cycles 300
 conv 1e-8
 method m06
end

basis aug-cc-pVDZ
method cas[2,2]/nevpt2
grid 4
conv 1e-8
grad 1e-8
maxiter 100
================================== End Input ===================================
tot grids = 725328

                      Getting subsystem overlap integrals                       

                          Initial subsystem densities                           
Guessing initial subsystem densities
Initial guess from superpostion of atomic densties.
Guessing initial subsystem densities
Initial guess from superpostion of atomic densties.

=========================== Starting Freeze-and-Thaw ===========================
 iter:   1:1        |ddm|: 8.323577e+01     Tr[DP]  1.055390e+00
 iter:   1:2        |ddm|: 9.221895e+01     Tr[DP]  1.085198e-01
 iter:   2:1        |ddm|: 1.686827e+02     Tr[DP]  1.847581e-01
 iter:   2:2        |ddm|: 9.421011e+01     Tr[DP]  9.949909e-02
 iter:   3:1        |ddm|: 1.477781e+02     Tr[DP]  1.841848e-01
 iter:   3:2        |ddm|: 7.708166e+01     Tr[DP]  1.063306e-01
 iter:   4:1        |ddm|: 5.786858e+00     Tr[DP]  1.435988e-01
 iter:   4:2        |ddm|: 1.203358e+01     Tr[DP]  1.125114e-01
 iter:   5:1        |ddm|: 7.444964e+00     Tr[DP]  1.473617e-01
 iter:   5:2        |ddm|: 5.319221e+00     Tr[DP]  1.219115e-01
 iter:   6:1        |ddm|: 7.340281e+00     Tr[DP]  1.554261e-01
 iter:   6:2        |ddm|: 4.464185e+00     Tr[DP]  1.308587e-01
 iter:   7:1        |ddm|: 5.440739e+00     Tr[DP]  1.602315e-01
 iter:   7:2        |ddm|: 2.454879e+00     Tr[DP]  1.370125e-01
 iter:   8:1        |ddm|: 4.840578e+00     Tr[DP]  1.636055e-01
 iter:   8:2        |ddm|: 1.141303e+00     Tr[DP]  1.426511e-01
 iter:   9:1        |ddm|: 4.247628e+00     Tr[DP]  1.659202e-01
 iter:   9:2        |ddm|: 6.675294e-01     Tr[DP]  1.470127e-01
 iter:  10:1        |ddm|: 3.554389e+00     Tr[DP]  1.684651e-01
 iter:  10:2        |ddm|: 6.433630e-01     Tr[DP]  1.504293e-01
 iter:  11:1        |ddm|: 3.612694e+00     Tr[DP]  1.698336e-01
 iter:  11:2        |ddm|: 1.010247e+00     Tr[DP]  1.544247e-01
 iter:  12:1        |ddm|: 2.984268e+00     Tr[DP]  1.724520e-01
 iter:  12:2        |ddm|: 5.591318e-01     Tr[DP]  1.573389e-01
 iter:  13:1        |ddm|: 2.547724e+00     Tr[DP]  1.743313e-01
 iter:  13:2        |ddm|: 4.631433e-01     Tr[DP]  1.600746e-01
 iter:  14:1        |ddm|: 2.350882e+00     Tr[DP]  1.757032e-01
 iter:  14:2        |ddm|: 3.373678e-01     Tr[DP]  1.627219e-01
 iter:  15:1        |ddm|: 2.180693e+00     Tr[DP]  1.770750e-01
 iter:  15:2        |ddm|: 3.245462e-01     Tr[DP]  1.652240e-01
 iter:  16:1        |ddm|: 1.852376e+00     Tr[DP]  1.787429e-01
 iter:  16:2        |ddm|: 4.436574e-01     Tr[DP]  1.673616e-01
 iter:  17:1        |ddm|: 1.620036e+00     Tr[DP]  1.798183e-01
 iter:  17:2        |ddm|: 3.719660e-01     Tr[DP]  1.693111e-01
 iter:  18:1        |ddm|: 1.437811e+00     Tr[DP]  1.807675e-01
 iter:  18:2        |ddm|: 3.479669e-01     Tr[DP]  1.710665e-01
 iter:  19:1        |ddm|: 1.278639e+00     Tr[DP]  1.815535e-01
 iter:  19:2        |ddm|: 3.078905e-01     Tr[DP]  1.726595e-01
 iter:  20:1        |ddm|: 1.143317e+00     Tr[DP]  1.822280e-01
 iter:  20:2        |ddm|: 2.774981e-01     Tr[DP]  1.741040e-01
 iter:  21:1        |ddm|: 1.065008e+00     Tr[DP]  1.827272e-01
 iter:  21:2        |ddm|: 2.188651e-01     Tr[DP]  1.754809e-01
 iter:  22:1        |ddm|: 9.236795e-01     Tr[DP]  1.834944e-01
 iter:  22:2        |ddm|: 2.744234e-01     Tr[DP]  1.766851e-01
 iter:  23:1        |ddm|: 7.979293e-01     Tr[DP]  1.840332e-01
 iter:  23:2        |ddm|: 2.652315e-01     Tr[DP]  1.777416e-01
 iter:  24:1        |ddm|: 7.277246e-01     Tr[DP]  1.843619e-01
 iter:  24:2        |ddm|: 1.956258e-01     Tr[DP]  1.787114e-01
 iter:  25:1        |ddm|: 7.025384e-01     Tr[DP]  1.845875e-01
 iter:  25:2        |ddm|: 1.535254e-01     Tr[DP]  1.796696e-01
 iter:  26:1        |ddm|: 6.423544e-01     Tr[DP]  1.849775e-01
 iter:  26:2        |ddm|: 1.378961e-01     Tr[DP]  1.805559e-01
 iter:  27:1        |ddm|: 5.779215e-01     Tr[DP]  1.853787e-01
 iter:  27:2        |ddm|: 1.372667e-01     Tr[DP]  1.813707e-01
 iter:  28:1        |ddm|: 5.526243e-01     Tr[DP]  1.856395e-01
 iter:  28:2        |ddm|: 1.331413e-01     Tr[DP]  1.821804e-01
 iter:  29:1        |ddm|: 6.009461e-01     Tr[DP]  1.857802e-01
 iter:  29:2        |ddm|: 2.680611e-01     Tr[DP]  1.830828e-01
 iter:  30:1        |ddm|: 4.498876e-01     Tr[DP]  1.867295e-01
 iter:  30:2        |ddm|: 2.640977e-01     Tr[DP]  1.837496e-01
 iter:  31:1        |ddm|: 3.881277e-01     Tr[DP]  1.870658e-01
 iter:  31:2        |ddm|: 1.969034e-01     Tr[DP]  1.843560e-01
 iter:  32:1        |ddm|: 3.468523e-01     Tr[DP]  1.874070e-01
 iter:  32:2        |ddm|: 1.831909e-01     Tr[DP]  1.848996e-01
 iter:  33:1        |ddm|: 3.149624e-01     Tr[DP]  1.876455e-01
 iter:  33:2        |ddm|: 1.544439e-01     Tr[DP]  1.853991e-01
 iter:  34:1        |ddm|: 2.819228e-01     Tr[DP]  1.879080e-01
 iter:  34:2        |ddm|: 1.469973e-01     Tr[DP]  1.858463e-01
 iter:  35:1        |ddm|: 2.582677e-01     Tr[DP]  1.880846e-01
 iter:  35:2        |ddm|: 1.219375e-01     Tr[DP]  1.862606e-01
 iter:  36:1        |ddm|: 2.321240e-01     Tr[DP]  1.883006e-01
 iter:  36:2        |ddm|: 1.209281e-01     Tr[DP]  1.866341e-01
 iter:  37:1        |ddm|: 2.070300e-01     Tr[DP]  1.884831e-01
 iter:  37:2        |ddm|: 1.127318e-01     Tr[DP]  1.869672e-01
 iter:  38:1        |ddm|: 1.857725e-01     Tr[DP]  1.886381e-01
 iter:  38:2        |ddm|: 1.018754e-01     Tr[DP]  1.872659e-01
 iter:  39:1        |ddm|: 1.668808e-01     Tr[DP]  1.887757e-01
 iter:  39:2        |ddm|: 9.252905e-02     Tr[DP]  1.875341e-01
 iter:  40:1        |ddm|: 1.507496e-01     Tr[DP]  1.888942e-01
 iter:  40:2        |ddm|: 8.213892e-02     Tr[DP]  1.877764e-01
 iter:  41:1        |ddm|: 1.345288e-01     Tr[DP]  1.890109e-01
 iter:  41:2        |ddm|: 7.772277e-02     Tr[DP]  1.879929e-01
 iter:  42:1        |ddm|: 1.208859e-01     Tr[DP]  1.891036e-01
 iter:  42:2        |ddm|: 6.882044e-02     Tr[DP]  1.881878e-01
 iter:  43:1        |ddm|: 1.079188e-01     Tr[DP]  1.891954e-01
 iter:  43:2        |ddm|: 6.499745e-02     Tr[DP]  1.883612e-01
 iter:  44:1        |ddm|: 1.027620e-01     Tr[DP]  1.892415e-01
 iter:  44:2        |ddm|: 4.992991e-02     Tr[DP]  1.885318e-01
 iter:  45:1        |ddm|: 9.504506e-02     Tr[DP]  1.893273e-01
 iter:  45:2        |ddm|: 4.657779e-02     Tr[DP]  1.886931e-01
 iter:  46:1        |ddm|: 8.938613e-02     Tr[DP]  1.893896e-01
 iter:  46:2        |ddm|: 4.050875e-02     Tr[DP]  1.888480e-01
 iter:  47:1        |ddm|: 8.960667e-02     Tr[DP]  1.894391e-01
 iter:  47:2        |ddm|: 3.270807e-02     Tr[DP]  1.890119e-01
 iter:  48:1        |ddm|: 1.226463e-01     Tr[DP]  1.893863e-01
 iter:  48:2        |ddm|: 7.855573e-02     Tr[DP]  1.892525e-01
 iter:  49:1        |ddm|: 1.007722e-01     Tr[DP]  1.896388e-01
 iter:  49:2        |ddm|: 5.199015e-02     Tr[DP]  1.894479e-01
 iter:  50:1        |ddm|: 7.133823e-02     Tr[DP]  1.898814e-01
 iter:  50:2        |ddm|: 9.802392e-02     Tr[DP]  1.895886e-01
 iter:  51:1        |ddm|: 6.146430e-02     Tr[DP]  1.899886e-01
 iter:  51:2        |ddm|: 7.820417e-02     Tr[DP]  1.897119e-01
 iter:  52:1        |ddm|: 5.567249e-02     Tr[DP]  1.900797e-01
 iter:  52:2        |ddm|: 6.581146e-02     Tr[DP]  1.898227e-01
 iter:  53:1        |ddm|: 5.057031e-02     Tr[DP]  1.901524e-01
 iter:  53:2        |ddm|: 5.592321e-02     Tr[DP]  1.899227e-01
 iter:  54:1        |ddm|: 4.602817e-02     Tr[DP]  1.902159e-01
 iter:  54:2        |ddm|: 5.601990e-02     Tr[DP]  1.900149e-01
 iter:  55:1        |ddm|: 4.210305e-02     Tr[DP]  1.902864e-01
 iter:  55:2        |ddm|: 4.817483e-02     Tr[DP]  1.900990e-01
 iter:  56:1        |ddm|: 3.822184e-02     Tr[DP]  1.903410e-01
 iter:  56:2        |ddm|: 4.365105e-02     Tr[DP]  1.901759e-01
 iter:  57:1        |ddm|: 3.459008e-02     Tr[DP]  1.903940e-01
 iter:  57:2        |ddm|: 3.909625e-02     Tr[DP]  1.902449e-01
 iter:  58:1        |ddm|: 2.969107e-02     Tr[DP]  1.904496e-01
 iter:  58:2        |ddm|: 3.456035e-02     Tr[DP]  1.902981e-01
 iter:  59:1        |ddm|: 2.856977e-02     Tr[DP]  1.904631e-01
 iter:  59:2        |ddm|: 3.145748e-02     Tr[DP]  1.903575e-01
 iter:  60:1        |ddm|: 2.780227e-02     Tr[DP]  1.905031e-01
 iter:  60:2        |ddm|: 3.077514e-02     Tr[DP]  1.904186e-01
 iter:  61:1        |ddm|: 2.798266e-02     Tr[DP]  1.905352e-01
 iter:  61:2        |ddm|: 3.410924e-02     Tr[DP]  1.904865e-01
 iter:  62:1        |ddm|: 2.462864e-02     Tr[DP]  1.905999e-01
 iter:  62:2        |ddm|: 3.264953e-02     Tr[DP]  1.905429e-01
 iter:  63:1        |ddm|: 2.164728e-02     Tr[DP]  1.906435e-01
 iter:  63:2        |ddm|: 3.088738e-02     Tr[DP]  1.905916e-01
 iter:  64:1        |ddm|: 1.968862e-02     Tr[DP]  1.906820e-01
 iter:  64:2        |ddm|: 2.758874e-02     Tr[DP]  1.906356e-01
 iter:  65:1        |ddm|: 1.720149e-02     Tr[DP]  1.907199e-01
 iter:  65:2        |ddm|: 2.564957e-02     Tr[DP]  1.906715e-01
 iter:  66:1        |ddm|: 1.553532e-02     Tr[DP]  1.907462e-01
 iter:  66:2        |ddm|: 2.309903e-02     Tr[DP]  1.907050e-01
 iter:  67:1        |ddm|: 1.416980e-02     Tr[DP]  1.907722e-01
 iter:  67:2        |ddm|: 1.982954e-02     Tr[DP]  1.907353e-01
 iter:  68:1        |ddm|: 1.199559e-02     Tr[DP]  1.907999e-01
 iter:  68:2        |ddm|: 1.709679e-02     Tr[DP]  1.907563e-01
 iter:  69:1        |ddm|: 1.123595e-02     Tr[DP]  1.908072e-01
 iter:  69:2        |ddm|: 1.874518e-02     Tr[DP]  1.907818e-01
 iter:  70:1        |ddm|: 1.124343e-02     Tr[DP]  1.908268e-01
 iter:  70:2        |ddm|: 1.747691e-02     Tr[DP]  1.908097e-01
 iter:  71:1        |ddm|: 1.064503e-02     Tr[DP]  1.908475e-01
 iter:  71:2        |ddm|: 1.809103e-02     Tr[DP]  1.908371e-01
 iter:  72:1        |ddm|: 1.005186e-02     Tr[DP]  1.908696e-01
 iter:  72:2        |ddm|: 1.772237e-02     Tr[DP]  1.908636e-01
 iter:  73:1        |ddm|: 9.209946e-03     Tr[DP]  1.908924e-01
 iter:  73:2        |ddm|: 1.667351e-02     Tr[DP]  1.908875e-01
 iter:  74:1        |ddm|: 8.263838e-03     Tr[DP]  1.909137e-01
 iter:  74:2        |ddm|: 1.471640e-02     Tr[DP]  1.909079e-01
 iter:  75:1        |ddm|: 7.200654e-03     Tr[DP]  1.909328e-01
 iter:  75:2        |ddm|: 1.112676e-02     Tr[DP]  1.909229e-01
 iter:  76:1        |ddm|: 6.250755e-03     Tr[DP]  1.909432e-01
 iter:  76:2        |ddm|: 1.167831e-02     Tr[DP]  1.909368e-01
 iter:  77:1        |ddm|: 5.816569e-03     Tr[DP]  1.909558e-01
 iter:  77:2        |ddm|: 9.871151e-03     Tr[DP]  1.909500e-01
 iter:  78:1        |ddm|: 5.263646e-03     Tr[DP]  1.909660e-01
 iter:  78:2        |ddm|: 1.003249e-02     Tr[DP]  1.909626e-01
 iter:  79:1        |ddm|: 4.924251e-03     Tr[DP]  1.909765e-01
 iter:  79:2        |ddm|: 9.814736e-03     Tr[DP]  1.909750e-01
 iter:  80:1        |ddm|: 4.758826e-03     Tr[DP]  1.909859e-01
 iter:  80:2        |ddm|: 1.171727e-02     Tr[DP]  1.909890e-01
 iter:  81:1        |ddm|: 4.617702e-03     Tr[DP]  1.909989e-01
 iter:  81:2        |ddm|: 1.000708e-02     Tr[DP]  1.910024e-01
 iter:  82:1        |ddm|: 4.116577e-03     Tr[DP]  1.910114e-01
 iter:  82:2        |ddm|: 7.952639e-03     Tr[DP]  1.910130e-01
 iter:  83:1        |ddm|: 3.649192e-03     Tr[DP]  1.910200e-01
 iter:  83:2        |ddm|: 7.904411e-03     Tr[DP]  1.910224e-01
 iter:  84:1        |ddm|: 3.346855e-03     Tr[DP]  1.910289e-01
 iter:  84:2        |ddm|: 6.669153e-03     Tr[DP]  1.910307e-01
 iter:  85:1        |ddm|: 2.990702e-03     Tr[DP]  1.910362e-01
 iter:  85:2        |ddm|: 6.177635e-03     Tr[DP]  1.910381e-01
 iter:  86:1        |ddm|: 2.736574e-03     Tr[DP]  1.910426e-01
 iter:  86:2        |ddm|: 6.135018e-03     Tr[DP]  1.910453e-01
 iter:  87:1        |ddm|: 2.524572e-03     Tr[DP]  1.910493e-01
 iter:  87:2        |ddm|: 5.340039e-03     Tr[DP]  1.910518e-01
 iter:  88:1        |ddm|: 2.270363e-03     Tr[DP]  1.910551e-01
 iter:  88:2        |ddm|: 4.853445e-03     Tr[DP]  1.910575e-01
 iter:  89:1        |ddm|: 2.080042e-03     Tr[DP]  1.910600e-01
 iter:  89:2        |ddm|: 5.074712e-03     Tr[DP]  1.910632e-01
 iter:  90:1        |ddm|: 2.001347e-03     Tr[DP]  1.910649e-01
 iter:  90:2        |ddm|: 5.588261e-03     Tr[DP]  1.910694e-01
 iter:  91:1        |ddm|: 1.874512e-03     Tr[DP]  1.910713e-01
 iter:  91:2        |ddm|: 3.821361e-03     Tr[DP]  1.910743e-01
 iter:  92:1        |ddm|: 1.594613e-03     Tr[DP]  1.910757e-01
 iter:  92:2        |ddm|: 3.390362e-03     Tr[DP]  1.910781e-01
 iter:  93:1        |ddm|: 1.423198e-03     Tr[DP]  1.910791e-01
 iter:  93:2        |ddm|: 3.174282e-03     Tr[DP]  1.910816e-01
 iter:  94:1        |ddm|: 1.300767e-03     Tr[DP]  1.910824e-01
 iter:  94:2        |ddm|: 3.059229e-03     Tr[DP]  1.910849e-01
 iter:  95:1        |ddm|: 1.189201e-03     Tr[DP]  1.910856e-01
 iter:  95:2        |ddm|: 2.656899e-03     Tr[DP]  1.910879e-01
 iter:  96:1        |ddm|: 1.061798e-03     Tr[DP]  1.910884e-01
 iter:  96:2        |ddm|: 2.485431e-03     Tr[DP]  1.910906e-01
 iter:  97:1        |ddm|: 9.641406e-04     Tr[DP]  1.910910e-01
 iter:  97:2        |ddm|: 2.207851e-03     Tr[DP]  1.910930e-01
 iter:  98:1        |ddm|: 8.681495e-04     Tr[DP]  1.910933e-01
 iter:  98:2        |ddm|: 1.816740e-03     Tr[DP]  1.910951e-01
 iter:  99:1        |ddm|: 7.559094e-04     Tr[DP]  1.910953e-01
 iter:  99:2        |ddm|: 1.652317e-03     Tr[DP]  1.910968e-01
 iter: 100:1        |ddm|: 7.021777e-04     Tr[DP]  1.910966e-01
 iter: 100:2        |ddm|: 2.436205e-03     Tr[DP]  1.910990e-01
 iter: 101:1        |ddm|: 7.161516e-04     Tr[DP]  1.910989e-01
 iter: 101:2        |ddm|: 2.132497e-03     Tr[DP]  1.911014e-01
 iter: 102:1        |ddm|: 6.750528e-04     Tr[DP]  1.911010e-01
 iter: 102:2        |ddm|: 2.358822e-03     Tr[DP]  1.911038e-01
 iter: 103:1        |ddm|: 6.614346e-04     Tr[DP]  1.911033e-01
 iter: 103:2        |ddm|: 2.244234e-03     Tr[DP]  1.911063e-01
 iter: 104:1        |ddm|: 6.303718e-04     Tr[DP]  1.911056e-01
 iter: 104:2        |ddm|: 2.096239e-03     Tr[DP]  1.911085e-01
 iter: 105:1        |ddm|: 5.878243e-04     Tr[DP]  1.911079e-01
 iter: 105:2        |ddm|: 1.602526e-03     Tr[DP]  1.911104e-01
 iter: 106:1        |ddm|: 5.190926e-04     Tr[DP]  1.911097e-01
 iter: 106:2        |ddm|: 1.412998e-03     Tr[DP]  1.911119e-01
 iter: 107:1        |ddm|: 4.674169e-04     Tr[DP]  1.911112e-01
 iter: 107:2        |ddm|: 1.190172e-03     Tr[DP]  1.911131e-01
 iter: 108:1        |ddm|: 4.143248e-04     Tr[DP]  1.911125e-01
 iter: 108:2        |ddm|: 9.519155e-04     Tr[DP]  1.911141e-01
 iter: 109:1        |ddm|: 3.572527e-04     Tr[DP]  1.911135e-01
 iter: 109:2        |ddm|: 8.735850e-04     Tr[DP]  1.911150e-01
 iter: 110:1        |ddm|: 3.151817e-04     Tr[DP]  1.911143e-01
 iter: 110:2        |ddm|: 1.253735e-03     Tr[DP]  1.911160e-01
 iter: 111:1        |ddm|: 3.200178e-04     Tr[DP]  1.911155e-01
 iter: 111:2        |ddm|: 1.086501e-03     Tr[DP]  1.911171e-01
 iter: 112:1        |ddm|: 2.992252e-04     Tr[DP]  1.911166e-01
 iter: 112:2        |ddm|: 9.965060e-04     Tr[DP]  1.911182e-01
 iter: 113:1        |ddm|: 2.773968e-04     Tr[DP]  1.911175e-01
 iter: 113:2        |ddm|: 1.119590e-03     Tr[DP]  1.911192e-01
 iter: 114:1        |ddm|: 2.731242e-04     Tr[DP]  1.911186e-01
 iter: 114:2        |ddm|: 8.580993e-04     Tr[DP]  1.911201e-01
 iter: 115:1        |ddm|: 2.454648e-04     Tr[DP]  1.911195e-01
 iter: 115:2        |ddm|: 7.526220e-04     Tr[DP]  1.911209e-01
 iter: 116:1        |ddm|: 2.222732e-04     Tr[DP]  1.911203e-01
 iter: 116:2        |ddm|: 6.444762e-04     Tr[DP]  1.911216e-01
 iter: 117:1        |ddm|: 1.987152e-04     Tr[DP]  1.911210e-01
 iter: 117:2        |ddm|: 5.672654e-04     Tr[DP]  1.911221e-01
 iter: 118:1        |ddm|: 1.774856e-04     Tr[DP]  1.911216e-01
 iter: 118:2        |ddm|: 5.215633e-04     Tr[DP]  1.911226e-01
 iter: 119:1        |ddm|: 1.605098e-04     Tr[DP]  1.911221e-01
 iter: 119:2        |ddm|: 4.555906e-04     Tr[DP]  1.911231e-01
 iter: 120:1        |ddm|: 1.429416e-04     Tr[DP]  1.911226e-01
 iter: 120:2        |ddm|: 4.213617e-04     Tr[DP]  1.911235e-01
 iter: 121:1        |ddm|: 1.278837e-04     Tr[DP]  1.911230e-01
 iter: 121:2        |ddm|: 4.396140e-04     Tr[DP]  1.911239e-01
 iter: 122:1        |ddm|: 1.200473e-04     Tr[DP]  1.911235e-01
 iter: 122:2        |ddm|: 4.218550e-04     Tr[DP]  1.911243e-01
 iter: 123:1        |ddm|: 1.111533e-04     Tr[DP]  1.911239e-01
 iter: 123:2        |ddm|: 4.697238e-04     Tr[DP]  1.911247e-01
 iter: 124:1        |ddm|: 1.076943e-04     Tr[DP]  1.911243e-01
 iter: 124:2        |ddm|: 4.592478e-04     Tr[DP]  1.911251e-01
 iter: 125:1        |ddm|: 1.034962e-04     Tr[DP]  1.911247e-01
 iter: 125:2        |ddm|: 4.709010e-04     Tr[DP]  1.911255e-01
 iter: 126:1        |ddm|: 1.023050e-04     Tr[DP]  1.911252e-01
 iter: 126:2        |ddm|: 3.236023e-04     Tr[DP]  1.911259e-01
 iter: 127:1        |ddm|: 9.001516e-05     Tr[DP]  1.911255e-01
 iter: 127:2        |ddm|: 2.663887e-04     Tr[DP]  1.911262e-01
 iter: 128:1        |ddm|: 7.876032e-05     Tr[DP]  1.911258e-01
 iter: 128:2        |ddm|: 2.509540e-04     Tr[DP]  1.911264e-01
 iter: 129:1        |ddm|: 7.112352e-05     Tr[DP]  1.911261e-01
 iter: 129:2        |ddm|: 2.259098e-04     Tr[DP]  1.911266e-01
 iter: 130:1        |ddm|: 6.378294e-05     Tr[DP]  1.911263e-01
 iter: 130:2        |ddm|: 2.097278e-04     Tr[DP]  1.911268e-01
 iter: 131:1        |ddm|: 5.705545e-05     Tr[DP]  1.911265e-01
 iter: 131:2        |ddm|: 2.193106e-04     Tr[DP]  1.911270e-01
 iter: 132:1        |ddm|: 5.377905e-05     Tr[DP]  1.911267e-01
 iter: 132:2        |ddm|: 2.195996e-04     Tr[DP]  1.911272e-01
 iter: 133:1        |ddm|: 5.044571e-05     Tr[DP]  1.911269e-01
 iter: 133:2        |ddm|: 2.171689e-04     Tr[DP]  1.911274e-01
 iter: 134:1        |ddm|: 4.765622e-05     Tr[DP]  1.911271e-01
 iter: 134:2        |ddm|: 2.150287e-04     Tr[DP]  1.911276e-01
 iter: 135:1        |ddm|: 4.619901e-05     Tr[DP]  1.911273e-01
 iter: 135:2        |ddm|: 1.825272e-04     Tr[DP]  1.911277e-01
 iter: 136:1        |ddm|: 4.292265e-05     Tr[DP]  1.911275e-01
 iter: 136:2        |ddm|: 1.443843e-04     Tr[DP]  1.911279e-01
 iter: 137:1        |ddm|: 3.792917e-05     Tr[DP]  1.911277e-01
 iter: 137:2        |ddm|: 1.355501e-04     Tr[DP]  1.911280e-01
 iter: 138:1        |ddm|: 3.453113e-05     Tr[DP]  1.911278e-01
 iter: 138:2        |ddm|: 1.236350e-04     Tr[DP]  1.911281e-01
 iter: 139:1        |ddm|: 3.135155e-05     Tr[DP]  1.911279e-01
 iter: 139:2        |ddm|: 1.124697e-04     Tr[DP]  1.911282e-01
 iter: 140:1        |ddm|: 2.900663e-05     Tr[DP]  1.911281e-01
 iter: 140:2        |ddm|: 8.446752e-05     Tr[DP]  1.911283e-01
 iter: 141:1        |ddm|: 2.439949e-05     Tr[DP]  1.911281e-01
 iter: 141:2        |ddm|: 9.221165e-05     Tr[DP]  1.911284e-01
 iter: 142:1        |ddm|: 2.286592e-05     Tr[DP]  1.911282e-01
 iter: 142:2        |ddm|: 8.149925e-05     Tr[DP]  1.911284e-01
 iter: 143:1        |ddm|: 2.057819e-05     Tr[DP]  1.911283e-01
 iter: 143:2        |ddm|: 7.741625e-05     Tr[DP]  1.911285e-01
 iter: 144:1        |ddm|: 1.853737e-05     Tr[DP]  1.911284e-01
 iter: 144:2        |ddm|: 8.075117e-05     Tr[DP]  1.911286e-01
 iter: 145:1        |ddm|: 1.755620e-05     Tr[DP]  1.911285e-01
 iter: 145:2        |ddm|: 7.450044e-05     Tr[DP]  1.911286e-01
 iter: 146:1        |ddm|: 1.315124e-05     Tr[DP]  1.911285e-01
 iter: 146:2        |ddm|: 2.334401e-04     Tr[DP]  1.911288e-01
 iter: 147:1        |ddm|: 2.700658e-05     Tr[DP]  1.911287e-01
 iter: 147:2        |ddm|: 7.326121e-05     Tr[DP]  1.911288e-01
 iter: 148:1        |ddm|: 1.369617e-05     Tr[DP]  1.911287e-01
 iter: 148:2        |ddm|: 5.459069e-05     Tr[DP]  1.911289e-01
 iter: 149:1        |ddm|: 1.348283e-05     Tr[DP]  1.911288e-01
 iter: 149:2        |ddm|: 5.156805e-05     Tr[DP]  1.911289e-01
 iter: 150:1        |ddm|: 1.238076e-05     Tr[DP]  1.911288e-01
 iter: 150:2        |ddm|: 4.624141e-05     Tr[DP]  1.911290e-01
 iter: 151:1        |ddm|: 1.113834e-05     Tr[DP]  1.911289e-01
 iter: 151:2        |ddm|: 4.372702e-05     Tr[DP]  1.911290e-01
 iter: 152:1        |ddm|: 9.907186e-06     Tr[DP]  1.911289e-01
 iter: 152:2        |ddm|: 4.937943e-05     Tr[DP]  1.911290e-01
 iter: 153:1        |ddm|: 9.616706e-06     Tr[DP]  1.911290e-01
 iter: 153:2        |ddm|: 4.680999e-05     Tr[DP]  1.911291e-01
 iter: 154:1        |ddm|: 9.337289e-06     Tr[DP]  1.911290e-01
 iter: 154:2        |ddm|: 3.481038e-05     Tr[DP]  1.911291e-01
 iter: 155:1        |ddm|: 8.062528e-06     Tr[DP]  1.911290e-01
 iter: 155:2        |ddm|: 3.935208e-05     Tr[DP]  1.911291e-01
 iter: 156:1        |ddm|: 7.875182e-06     Tr[DP]  1.911291e-01
 iter: 156:2        |ddm|: 3.239730e-05     Tr[DP]  1.911292e-01
 iter: 157:1        |ddm|: 7.169258e-06     Tr[DP]  1.911291e-01
 iter: 157:2        |ddm|: 2.835515e-05     Tr[DP]  1.911292e-01
 iter: 158:1        |ddm|: 6.404225e-06     Tr[DP]  1.911291e-01
 iter: 158:2        |ddm|: 2.834347e-05     Tr[DP]  1.911292e-01
 iter: 159:1        |ddm|: 6.053655e-06     Tr[DP]  1.911292e-01
 iter: 159:2        |ddm|: 2.343211e-05     Tr[DP]  1.911292e-01
 iter: 160:1        |ddm|: 5.413661e-06     Tr[DP]  1.911292e-01
 iter: 160:2        |ddm|: 2.138603e-05     Tr[DP]  1.911293e-01
 iter: 161:1        |ddm|: 5.111351e-06     Tr[DP]  1.911292e-01
 iter: 161:2        |ddm|: 1.455532e-05     Tr[DP]  1.911293e-01
 iter: 162:1        |ddm|: 3.948314e-06     Tr[DP]  1.911292e-01
 iter: 162:2        |ddm|: 1.987003e-05     Tr[DP]  1.911293e-01
 iter: 163:1        |ddm|: 3.946899e-06     Tr[DP]  1.911293e-01
 iter: 163:2        |ddm|: 1.702666e-05     Tr[DP]  1.911293e-01
 iter: 164:1        |ddm|: 3.596850e-06     Tr[DP]  1.911293e-01
 iter: 164:2        |ddm|: 1.575622e-05     Tr[DP]  1.911293e-01
 iter: 165:1        |ddm|: 3.297901e-06     Tr[DP]  1.911293e-01
 iter: 165:2        |ddm|: 1.466894e-05     Tr[DP]  1.911293e-01
 iter: 166:1        |ddm|: 2.963320e-06     Tr[DP]  1.911293e-01
 iter: 166:2        |ddm|: 1.507621e-05     Tr[DP]  1.911293e-01
 iter: 167:1        |ddm|: 2.366937e-06     Tr[DP]  1.911293e-01
 iter: 167:2        |ddm|: 3.020105e-05     Tr[DP]  1.911294e-01
 iter: 168:1        |ddm|: 3.856111e-06     Tr[DP]  1.911293e-01
 iter: 168:2        |ddm|: 8.655758e-06     Tr[DP]  1.911294e-01
 iter: 169:1        |ddm|: 2.511436e-06     Tr[DP]  1.911293e-01
 iter: 169:2        |ddm|: 1.073262e-05     Tr[DP]  1.911294e-01
 iter: 170:1        |ddm|: 2.344046e-06     Tr[DP]  1.911294e-01
 iter: 170:2        |ddm|: 1.014900e-05     Tr[DP]  1.911294e-01
 iter: 171:1        |ddm|: 2.147656e-06     Tr[DP]  1.911294e-01
 iter: 171:2        |ddm|: 9.446006e-06     Tr[DP]  1.911294e-01
 iter: 172:1        |ddm|: 1.964689e-06     Tr[DP]  1.911294e-01
 iter: 172:2        |ddm|: 8.747149e-06     Tr[DP]  1.911294e-01
 iter: 173:1        |ddm|: 1.791928e-06     Tr[DP]  1.911294e-01
 iter: 173:2        |ddm|: 8.107645e-06     Tr[DP]  1.911294e-01
 iter: 174:1        |ddm|: 1.544350e-06     Tr[DP]  1.911294e-01
 iter: 174:2        |ddm|: 8.529284e-06     Tr[DP]  1.911294e-01
 iter: 175:1        |ddm|: 1.529018e-06     Tr[DP]  1.911294e-01
 iter: 175:2        |ddm|: 7.360560e-06     Tr[DP]  1.911294e-01
 iter: 176:1        |ddm|: 1.448924e-06     Tr[DP]  1.911294e-01
 iter: 176:2        |ddm|: 6.647091e-06     Tr[DP]  1.911294e-01
 iter: 177:1        |ddm|: 1.333933e-06     Tr[DP]  1.911294e-01
 iter: 177:2        |ddm|: 5.991603e-06     Tr[DP]  1.911294e-01
 iter: 178:1        |ddm|: 1.221045e-06     Tr[DP]  1.911294e-01
 iter: 178:2        |ddm|: 5.516885e-06     Tr[DP]  1.911294e-01
 iter: 179:1        |ddm|: 1.114965e-06     Tr[DP]  1.911294e-01
 iter: 179:2        |ddm|: 5.068156e-06     Tr[DP]  1.911294e-01
 iter: 180:1        |ddm|: 1.022141e-06     Tr[DP]  1.911294e-01
 iter: 180:2        |ddm|: 4.685291e-06     Tr[DP]  1.911294e-01
 iter: 181:1        |ddm|: 9.317466e-07     Tr[DP]  1.911294e-01
 iter: 181:2        |ddm|: 4.529384e-06     Tr[DP]  1.911294e-01
 iter: 182:1        |ddm|: 8.629407e-07     Tr[DP]  1.911294e-01
 iter: 182:2        |ddm|: 4.219274e-06     Tr[DP]  1.911294e-01
 iter: 183:1        |ddm|: 7.956416e-07     Tr[DP]  1.911294e-01
 iter: 183:2        |ddm|: 3.826767e-06     Tr[DP]  1.911295e-01
 iter: 184:1        |ddm|: 7.360718e-07     Tr[DP]  1.911294e-01
 iter: 184:2        |ddm|: 3.470669e-06     Tr[DP]  1.911295e-01
 iter: 185:1        |ddm|: 6.820898e-07     Tr[DP]  1.911294e-01
 iter: 185:2        |ddm|: 3.251914e-06     Tr[DP]  1.911295e-01
 iter: 186:1        |ddm|: 6.305646e-07     Tr[DP]  1.911295e-01
 iter: 186:2        |ddm|: 3.054975e-06     Tr[DP]  1.911295e-01
 iter: 187:1        |ddm|: 5.820320e-07     Tr[DP]  1.911295e-01
 iter: 187:2        |ddm|: 2.780726e-06     Tr[DP]  1.911295e-01
 iter: 188:1        |ddm|: 5.363177e-07     Tr[DP]  1.911295e-01
 iter: 188:2        |ddm|: 2.594673e-06     Tr[DP]  1.911295e-01
 iter: 189:1        |ddm|: 4.949726e-07     Tr[DP]  1.911295e-01
 iter: 189:2        |ddm|: 2.448045e-06     Tr[DP]  1.911295e-01
 iter: 190:1        |ddm|: 4.563746e-07     Tr[DP]  1.911295e-01
 iter: 190:2        |ddm|: 2.301111e-06     Tr[DP]  1.911295e-01
 iter: 191:1        |ddm|: 4.207422e-07     Tr[DP]  1.911295e-01
 iter: 191:2        |ddm|: 2.024613e-06     Tr[DP]  1.911295e-01
 iter: 192:1        |ddm|: 3.875219e-07     Tr[DP]  1.911295e-01
 iter: 192:2        |ddm|: 1.918828e-06     Tr[DP]  1.911295e-01
 iter: 193:1        |ddm|: 3.577299e-07     Tr[DP]  1.911295e-01
 iter: 193:2        |ddm|: 1.806422e-06     Tr[DP]  1.911295e-01
 iter: 194:1        |ddm|: 3.305134e-07     Tr[DP]  1.911295e-01
 iter: 194:2        |ddm|: 1.612235e-06     Tr[DP]  1.911295e-01
 iter: 195:1        |ddm|: 3.056055e-07     Tr[DP]  1.911295e-01
 iter: 195:2        |ddm|: 1.514343e-06     Tr[DP]  1.911295e-01
 iter: 196:1        |ddm|: 2.825752e-07     Tr[DP]  1.911295e-01
 iter: 196:2        |ddm|: 1.397474e-06     Tr[DP]  1.911295e-01
 iter: 197:1        |ddm|: 2.595967e-07     Tr[DP]  1.911295e-01
 iter: 197:2        |ddm|: 1.402131e-06     Tr[DP]  1.911295e-01
 iter: 198:1        |ddm|: 2.401948e-07     Tr[DP]  1.911295e-01
 iter: 198:2        |ddm|: 1.193665e-06     Tr[DP]  1.911295e-01
 iter: 199:1        |ddm|: 2.232258e-07     Tr[DP]  1.911295e-01
 iter: 199:2        |ddm|: 1.098283e-06     Tr[DP]  1.911295e-01
 iter: 200:1        |ddm|: 2.065195e-07     Tr[DP]  1.911295e-01
 iter: 200:2        |ddm|: 1.101033e-06     Tr[DP]  1.911295e-01
 iter: 201:1        |ddm|: 1.909810e-07     Tr[DP]  1.911295e-01
 iter: 201:2        |ddm|: 9.454529e-07     Tr[DP]  1.911295e-01
 iter: 202:1        |ddm|: 1.740810e-07     Tr[DP]  1.911295e-01
 iter: 202:2        |ddm|: 8.681170e-07     Tr[DP]  1.911295e-01
 iter: 203:1        |ddm|: 1.617756e-07     Tr[DP]  1.911295e-01
 iter: 203:2        |ddm|: 8.174391e-07     Tr[DP]  1.911295e-01
 iter: 204:1        |ddm|: 1.486460e-07     Tr[DP]  1.911295e-01
 iter: 204:2        |ddm|: 8.036672e-07     Tr[DP]  1.911295e-01
 iter: 205:1        |ddm|: 1.368153e-07     Tr[DP]  1.911295e-01
 iter: 205:2        |ddm|: 7.386102e-07     Tr[DP]  1.911295e-01
 iter: 206:1        |ddm|: 1.262286e-07     Tr[DP]  1.911295e-01
 iter: 206:2        |ddm|: 6.419854e-07     Tr[DP]  1.911295e-01
 iter: 207:1        |ddm|: 1.168986e-07     Tr[DP]  1.911295e-01
 iter: 207:2        |ddm|: 5.842271e-07     Tr[DP]  1.911295e-01
 iter: 208:1        |ddm|: 1.100619e-07     Tr[DP]  1.911295e-01
 iter: 208:2        |ddm|: 5.454358e-07     Tr[DP]  1.911295e-01
 iter: 209:1        |ddm|: 9.991291e-08     Tr[DP]  1.911295e-01
 iter: 209:2        |ddm|: 5.516778e-07     Tr[DP]  1.911295e-01
 iter: 210:1        |ddm|: 9.411001e-08     Tr[DP]  1.911295e-01
 iter: 210:2        |ddm|: 4.689750e-07     Tr[DP]  1.911295e-01
 iter: 211:1        |ddm|: 8.640071e-08     Tr[DP]  1.911295e-01
 iter: 211:2        |ddm|: 3.971479e-07     Tr[DP]  1.911295e-01
 iter: 212:1        |ddm|: 7.985721e-08     Tr[DP]  1.911295e-01
 iter: 212:2        |ddm|: 3.655555e-07     Tr[DP]  1.911295e-01
 iter: 213:1        |ddm|: 7.310398e-08     Tr[DP]  1.911295e-01
 iter: 213:2        |ddm|: 4.519121e-07     Tr[DP]  1.911295e-01
 iter: 214:1        |ddm|: 6.626289e-08     Tr[DP]  1.911295e-01
 iter: 214:2        |ddm|: 3.112645e-07     Tr[DP]  1.911295e-01
 iter: 215:1        |ddm|: 6.181876e-08     Tr[DP]  1.911295e-01
 iter: 215:2        |ddm|: 3.052420e-07     Tr[DP]  1.911295e-01
 iter: 216:1        |ddm|: 5.637909e-08     Tr[DP]  1.911295e-01
 iter: 216:2        |ddm|: 2.837661e-07     Tr[DP]  1.911295e-01
 iter: 217:1        |ddm|: 5.258499e-08     Tr[DP]  1.911295e-01
 iter: 217:2        |ddm|: 2.881756e-07     Tr[DP]  1.911295e-01
 iter: 218:1        |ddm|: 4.826899e-08     Tr[DP]  1.911295e-01
 iter: 218:2        |ddm|: 2.503114e-07     Tr[DP]  1.911295e-01
 iter: 219:1        |ddm|: 4.507915e-08     Tr[DP]  1.911295e-01
 iter: 219:2        |ddm|: 2.229418e-07     Tr[DP]  1.911295e-01
 iter: 220:1        |ddm|: 4.172840e-08     Tr[DP]  1.911295e-01
 iter: 220:2        |ddm|: 3.057797e-07     Tr[DP]  1.911295e-01
 iter: 221:1        |ddm|: 3.915298e-08     Tr[DP]  1.911295e-01
 iter: 221:2        |ddm|: 2.018273e-07     Tr[DP]  1.911295e-01
 iter: 222:1        |ddm|: 3.667462e-08     Tr[DP]  1.911295e-01
 iter: 222:2        |ddm|: 2.699135e-07     Tr[DP]  1.911295e-01
 iter: 223:1        |ddm|: 3.375403e-08     Tr[DP]  1.911295e-01
 iter: 223:2        |ddm|: 2.010368e-07     Tr[DP]  1.911295e-01
 iter: 224:1        |ddm|: 3.133817e-08     Tr[DP]  1.911295e-01
 iter: 224:2        |ddm|: 1.526057e-07     Tr[DP]  1.911295e-01
 iter: 225:1        |ddm|: 2.807364e-08     Tr[DP]  1.911295e-01
 iter: 225:2        |ddm|: 1.527307e-07     Tr[DP]  1.911295e-01
 iter: 226:1        |ddm|: 2.685883e-08     Tr[DP]  1.911295e-01
 iter: 226:2        |ddm|: 1.406279e-07     Tr[DP]  1.911295e-01
 iter: 227:1        |ddm|: 2.419869e-08     Tr[DP]  1.911295e-01
 iter: 227:2        |ddm|: 1.606279e-07     Tr[DP]  1.911295e-01
 iter: 228:1        |ddm|: 2.222762e-08     Tr[DP]  1.911295e-01
 iter: 228:2        |ddm|: 1.240328e-07     Tr[DP]  1.911295e-01
 iter: 229:1        |ddm|: 2.070479e-08     Tr[DP]  1.911295e-01
 iter: 229:2        |ddm|: 1.215957e-07     Tr[DP]  1.911295e-01
 iter: 230:1        |ddm|: 1.872528e-08     Tr[DP]  1.911295e-01
 iter: 230:2        |ddm|: 1.679016e-07     Tr[DP]  1.911295e-01
 iter: 231:1        |ddm|: 1.740814e-08     Tr[DP]  1.911295e-01
 iter: 231:2        |ddm|: 1.166121e-07     Tr[DP]  1.911295e-01
 iter: 232:1        |ddm|: 1.593867e-08     Tr[DP]  1.911295e-01
 iter: 232:2        |ddm|: 1.409265e-07     Tr[DP]  1.911295e-01
 iter: 233:1        |ddm|: 1.441312e-08     Tr[DP]  1.911295e-01
 iter: 233:2        |ddm|: 1.099149e-07     Tr[DP]  1.911295e-01
 iter: 234:1        |ddm|: 1.328842e-08     Tr[DP]  1.911295e-01
 iter: 234:2        |ddm|: 1.144058e-07     Tr[DP]  1.911295e-01
 iter: 235:1        |ddm|: 1.227425e-08     Tr[DP]  1.911295e-01
 iter: 235:2        |ddm|: 1.143665e-07     Tr[DP]  1.911295e-01
 iter: 236:1        |ddm|: 1.213111e-08     Tr[DP]  1.911295e-01
 iter: 236:2        |ddm|: 1.096632e-07     Tr[DP]  1.911295e-01
 iter: 237:1        |ddm|: 1.072656e-08     Tr[DP]  1.911295e-01
 iter: 237:2        |ddm|: 8.651053e-08     Tr[DP]  1.911295e-01
 iter: 238:1        |ddm|: 9.991904e-09     Tr[DP]  1.911295e-01
 iter: 238:2        |ddm|: 6.318930e-08     Tr[DP]  1.911295e-01
 iter: 239:1        |ddm|: 1.023667e-08     Tr[DP]  1.911295e-01
 iter: 239:2        |ddm|: 8.703862e-08     Tr[DP]  1.911295e-01
 iter: 240:1        |ddm|: 9.065901e-09     Tr[DP]  1.911295e-01
 iter: 240:2        |ddm|: 8.690321e-08     Tr[DP]  1.911295e-01
 iter: 241:1        |ddm|: 8.116529e-09     Tr[DP]  1.911295e-01
 iter: 241:2        |ddm|: 1.030968e-07     Tr[DP]  1.911295e-01
 iter: 242:1        |ddm|: 6.734215e-09     Tr[DP]  1.911295e-01
 iter: 242:2        |ddm|: 1.241890e-07     Tr[DP]  1.911295e-01
 iter: 243:1        |ddm|: 6.932322e-09     Tr[DP]  1.911295e-01
 iter: 243:2        |ddm|: 3.254003e-08     Tr[DP]  1.911295e-01
 iter: 244:1        |ddm|: 6.780725e-09     Tr[DP]  1.911295e-01
 iter: 244:2        |ddm|: 1.098281e-07     Tr[DP]  1.911295e-01
 iter: 245:1        |ddm|: 6.125710e-09     Tr[DP]  1.911295e-01
 iter: 245:2        |ddm|: 7.022624e-08     Tr[DP]  1.911295e-01
 iter: 246:1        |ddm|: 5.770326e-09     Tr[DP]  1.911295e-01
 iter: 246:2        |ddm|: 1.411848e-07     Tr[DP]  1.911295e-01
 iter: 247:1        |ddm|: 6.648893e-09     Tr[DP]  1.911295e-01
 iter: 247:2        |ddm|: 8.773025e-08     Tr[DP]  1.911295e-01
 iter: 248:1        |ddm|: 6.831721e-09     Tr[DP]  1.911295e-01
 iter: 248:2        |ddm|: 1.188309e-07     Tr[DP]  1.911295e-01
 iter: 249:1        |ddm|: 5.280543e-09     Tr[DP]  1.911295e-01
 iter: 249:2        |ddm|: 1.143055e-07     Tr[DP]  1.911295e-01
 iter: 250:1        |ddm|: 3.881235e-09     Tr[DP]  1.911295e-01
 iter: 250:2        |ddm|: 7.214919e-08     Tr[DP]  1.911295e-01
 iter: 251:1        |ddm|: 3.331160e-09     Tr[DP]  1.911295e-01
 iter: 251:2        |ddm|: 6.309835e-08     Tr[DP]  1.911295e-01
 iter: 252:1        |ddm|: 3.323238e-09     Tr[DP]  1.911295e-01
 iter: 252:2        |ddm|: 8.281049e-08     Tr[DP]  1.911295e-01
 iter: 253:1        |ddm|: 2.997084e-09     Tr[DP]  1.911295e-01
 iter: 253:2        |ddm|: 9.562438e-08     Tr[DP]  1.911295e-01
 iter: 254:1        |ddm|: 2.045181e-09     Tr[DP]  1.911295e-01
 iter: 254:2        |ddm|: 4.190942e-08     Tr[DP]  1.911295e-01
 iter: 255:1        |ddm|: 2.531599e-09     Tr[DP]  1.911295e-01
 iter: 255:2        |ddm|: 9.904727e-08     Tr[DP]  1.911295e-01
 iter: 256:1        |ddm|: 3.077902e-09     Tr[DP]  1.911295e-01
 iter: 256:2        |ddm|: 9.914088e-08     Tr[DP]  1.911295e-01
 iter: 257:1        |ddm|: 2.544122e-09     Tr[DP]  1.911295e-01
 iter: 257:2        |ddm|: 7.531765e-08     Tr[DP]  1.911295e-01
 iter: 258:1        |ddm|: 2.224668e-09     Tr[DP]  1.911295e-01
 iter: 258:2        |ddm|: 1.318635e-07     Tr[DP]  1.911295e-01
 iter: 259:1        |ddm|: 1.763095e-09     Tr[DP]  1.911295e-01
 iter: 259:2        |ddm|: 5.816272e-08     Tr[DP]  1.911295e-01
 iter: 260:1        |ddm|: 1.640496e-09     Tr[DP]  1.911295e-01
 iter: 260:2        |ddm|: 1.352097e-07     Tr[DP]  1.911295e-01
 iter: 261:1        |ddm|: 1.983230e-09     Tr[DP]  1.911295e-01
 iter: 261:2        |ddm|: 9.524606e-08     Tr[DP]  1.911295e-01
 iter: 262:1        |ddm|: 1.301536e-09     Tr[DP]  1.911295e-01
 iter: 262:2        |ddm|: 8.877612e-08     Tr[DP]  1.911295e-01
 iter: 263:1        |ddm|: 1.217918e-09     Tr[DP]  1.911295e-01
 iter: 263:2        |ddm|: 7.753675e-08     Tr[DP]  1.911295e-01
 iter: 264:1        |ddm|: 1.157331e-09     Tr[DP]  1.911295e-01
 iter: 264:2        |ddm|: 1.760529e-07     Tr[DP]  1.911295e-01
 iter: 265:1        |ddm|: 1.863959e-09     Tr[DP]  1.911295e-01
 iter: 265:2        |ddm|: 5.197895e-08     Tr[DP]  1.911295e-01
 iter: 266:1        |ddm|: 3.005742e-09     Tr[DP]  1.911295e-01
 iter: 266:2        |ddm|: 1.231815e-07     Tr[DP]  1.911295e-01
 iter: 267:1        |ddm|: 1.058474e-09     Tr[DP]  1.911295e-01
 iter: 267:2        |ddm|: 8.605527e-08     Tr[DP]  1.911295e-01
 iter: 268:1        |ddm|: 8.555948e-10     Tr[DP]  1.911295e-01
 iter: 268:2        |ddm|: 4.751895e-08     Tr[DP]  1.911295e-01
 iter: 269:1        |ddm|: 9.171014e-10     Tr[DP]  1.911295e-01
 iter: 269:2        |ddm|: 1.046265e-07     Tr[DP]  1.911295e-01
 iter: 270:1        |ddm|: 9.590306e-10     Tr[DP]  1.911295e-01
 iter: 270:2        |ddm|: 1.537794e-07     Tr[DP]  1.911295e-01
 iter: 271:1        |ddm|: 1.950936e-09     Tr[DP]  1.911295e-01
 iter: 271:2        |ddm|: 1.360298e-07     Tr[DP]  1.911295e-01
 iter: 272:1        |ddm|: 1.083371e-09     Tr[DP]  1.911295e-01
 iter: 272:2        |ddm|: 6.168985e-08     Tr[DP]  1.911295e-01
 iter: 273:1        |ddm|: 6.887666e-10     Tr[DP]  1.911295e-01
 iter: 273:2        |ddm|: 5.969674e-08     Tr[DP]  1.911295e-01
 iter: 274:1        |ddm|: 6.028401e-10     Tr[DP]  1.911295e-01
 iter: 274:2        |ddm|: 1.110632e-07     Tr[DP]  1.911295e-01
 iter: 275:1        |ddm|: 4.104637e-10     Tr[DP]  1.911295e-01
 iter: 275:2        |ddm|: 5.046684e-08     Tr[DP]  1.911295e-01
 iter: 276:1        |ddm|: 5.914979e-10     Tr[DP]  1.911295e-01
 iter: 276:2        |ddm|: 7.253124e-08     Tr[DP]  1.911295e-01
 iter: 277:1        |ddm|: 1.554484e-09     Tr[DP]  1.911295e-01
 iter: 277:2        |ddm|: 1.252889e-07     Tr[DP]  1.911295e-01
 iter: 278:1        |ddm|: 1.286586e-09     Tr[DP]  1.911295e-01
 iter: 278:2        |ddm|: 4.377404e-08     Tr[DP]  1.911295e-01
 iter: 279:1        |ddm|: 3.178962e-10     Tr[DP]  1.911295e-01
 iter: 279:2        |ddm|: 5.299607e-08     Tr[DP]  1.911295e-01
 iter: 280:1        |ddm|: 1.948978e-09     Tr[DP]  1.911295e-01
 iter: 280:2        |ddm|: 3.361059e-08     Tr[DP]  1.911295e-01
 iter: 281:1        |ddm|: 9.457259e-10     Tr[DP]  1.911295e-01
 iter: 281:2        |ddm|: 7.952890e-08     Tr[DP]  1.911295e-01
 iter: 282:1        |ddm|: 6.911952e-10     Tr[DP]  1.911295e-01
 iter: 282:2        |ddm|: 1.159198e-07     Tr[DP]  1.911295e-01
 iter: 283:1        |ddm|: 5.599161e-10     Tr[DP]  1.911295e-01
 iter: 283:2        |ddm|: 8.841206e-08     Tr[DP]  1.911295e-01
 iter: 284:1        |ddm|: 1.963787e-09     Tr[DP]  1.911295e-01
 iter: 284:2        |ddm|: 2.949619e-08     Tr[DP]  1.911295e-01
 iter: 285:1        |ddm|: 6.403473e-10     Tr[DP]  1.911295e-01
 iter: 285:2        |ddm|: 5.499369e-08     Tr[DP]  1.911295e-01
 iter: 286:1        |ddm|: 2.660327e-09     Tr[DP]  1.911295e-01
 iter: 286:2        |ddm|: 5.438838e-08     Tr[DP]  1.911295e-01
 iter: 287:1        |ddm|: 1.427994e-09     Tr[DP]  1.911295e-01
 iter: 287:2        |ddm|: 7.852625e-08     Tr[DP]  1.911295e-01
 iter: 288:1        |ddm|: 3.524795e-10     Tr[DP]  1.911295e-01
 iter: 288:2        |ddm|: 9.472296e-08     Tr[DP]  1.911295e-01
 iter: 289:1        |ddm|: 2.457045e-09     Tr[DP]  1.911295e-01
 iter: 289:2        |ddm|: 5.527733e-08     Tr[DP]  1.911295e-01
 iter: 290:1        |ddm|: 9.364989e-10     Tr[DP]  1.911295e-01
 iter: 290:2        |ddm|: 5.267781e-08     Tr[DP]  1.911295e-01
 iter: 291:1        |ddm|: 2.964880e-10     Tr[DP]  1.911295e-01
 iter: 291:2        |ddm|: 5.445779e-08     Tr[DP]  1.911295e-01
 iter: 292:1        |ddm|: 2.042057e-09     Tr[DP]  1.911295e-01
 iter: 292:2        |ddm|: 1.122194e-07     Tr[DP]  1.911295e-01
 iter: 293:1        |ddm|: 2.216845e-09     Tr[DP]  1.911295e-01
 iter: 293:2        |ddm|: 1.492204e-07     Tr[DP]  1.911295e-01
 iter: 294:1        |ddm|: 8.848242e-10     Tr[DP]  1.911295e-01
 iter: 294:2        |ddm|: 1.112566e-07     Tr[DP]  1.911295e-01
 iter: 295:1        |ddm|: 9.382994e-10     Tr[DP]  1.911295e-01
 iter: 295:2        |ddm|: 6.138024e-08     Tr[DP]  1.911295e-01
 iter: 296:1        |ddm|: 5.585228e-10     Tr[DP]  1.911295e-01
 iter: 296:2        |ddm|: 3.774281e-08     Tr[DP]  1.911295e-01
 iter: 297:1        |ddm|: 6.756725e-10     Tr[DP]  1.911295e-01
 iter: 297:2        |ddm|: 4.554338e-08     Tr[DP]  1.911295e-01
 iter: 298:1        |ddm|: 1.246655e-09     Tr[DP]  1.911295e-01
 iter: 298:2        |ddm|: 3.987063e-08     Tr[DP]  1.911295e-01
 iter: 299:1        |ddm|: 6.510228e-10     Tr[DP]  1.911295e-01
 iter: 299:2        |ddm|: 3.758639e-08     Tr[DP]  1.911295e-01
 iter: 300:1        |ddm|: 6.365514e-10     Tr[DP]  1.911295e-01
 iter: 300:2        |ddm|: 1.192170e-07     Tr[DP]  1.911295e-01
                         Freeze-and-Thaw NOT converged!                         

=================== Subsystem 1 at higher mean-field method ====================
  subiter:   1      |ddm|: 1.584140e+00
  subiter:   2      |ddm|: 5.977413e-01
  subiter:   3      |ddm|: 2.911178e-02
  subiter:   4      |ddm|: 3.350870e-02
  subiter:   5      |ddm|: 2.736184e-03
  subiter:   6      |ddm|: 6.961313e-04
  subiter:   7      |ddm|: 1.524159e-04
  subiter:   8      |ddm|: 2.399917e-05
  subiter:   9      |ddm|: 5.922241e-06
  subiter:  10      |ddm|: 1.461174e-06
  subiter:  11      |ddm|: 5.853456e-08
  subiter:  12      |ddm|: 3.648657e-08
  subiter:  13      |ddm|: 2.843484e-08
  subiter:  14      |ddm|: 9.649388e-09


******** <class 'pyscf.scf.hf.RHF'> flags ********
method = RHF
initial guess = minao
damping factor = 0
level shift factor = 0
DIIS = <class 'pyscf.scf.diis.CDIIS'>
DIIS start cycle = 1
DIIS space = 8
SCF tol = 1e-09
SCF gradient tol = None
max. SCF cycles = 100
direct_scf = True
direct_scf_tol = 1e-13
chkfile to save SCF result = /panfs/roc/scratch/graha682/D0/201712_augccpVDZ_NEVPT2_m06_0_2c12h24/tmpGhG4kF
max_memory 4000 MB (current use 359 MB)
Set gradient conv threshold to 3.16228e-05
init E= -76.5613282842541
  HOMO = -0.39331564093854  LUMO = 0.0412384876913537
cycle= 1 E= -76.5613282842541  delta_E= 2.84e-14  |g|= 9.82e-10  |ddm|= 9.69e-09
  HOMO = -0.393315640911063  LUMO = 0.0412384876946983
Extra cycle  E= -76.5613282842539  delta_E= 2.13e-13  |g|= 3.57e-10  |ddm|= 3.63e-09
converged SCF energy = -76.5613282842539


******** <class 'pyscf.dft.rks.RKS'> flags ********
method = RKS
initial guess = atom
damping factor = 0
level shift factor = 0.0
DIIS = <class 'pyscf.scf.diis.CDIIS'>
DIIS start cycle = 1
DIIS space = 8
SCF tol = 1e-08
SCF gradient tol = 1e-08
max. SCF cycles = 1
direct_scf = True
direct_scf_tol = 1e-13
chkfile to save SCF result = /panfs/roc/scratch/graha682/D0/201712_augccpVDZ_NEVPT2_m06_0_2c12h24/tmp4jINxf
max_memory 4000 MB (current use 360 MB)
XC functionals = m06
small_rho_cutoff = 1e-20
radial grids: Treutler-Ahlrichs (JCP 102, 346 (M4)) radial grids
becke partition: Becke, JCP, 88, 2547 (1988)
pruning grids: <function nwchem_prune at 0x15ae5f0>
grids dens level: 4
symmetrized grids: False
atomic radii adjust function: <function treutler_atomic_radii_adjust at 0x15ae488>
init E= -77.0866885183189
  HOMO = -0.30484566697657  LUMO = -0.02366755472024
cycle= 1 E= -77.086688518319  delta_E= -7.11e-14  |g|= 3.23e-12  |ddm|= 7.95e-10
  HOMO = -0.304845666976843  LUMO = -0.0236675547204764
Extra cycle  E= -77.0866885183189  delta_E= 2.84e-14  |g|= 6.73e-12  |ddm|= 3.73e-10
converged SCF energy = -77.0866885183189
 iter: 301:1        |ddm|: 1.948665e+00     Tr[DP]  2.379607e-01

******** <class 'pyscf.mcscf.mc1step.CASSCF'> flags ********
CAS (1e+1e, 2o), ncore = 6, nvir = 56
max_cycle_macro = 50
max_cycle_micro = 4
conv_tol = 1e-07
conv_tol_grad = None
orbital rotation max_stepsize = 0.02
augmented hessian ah_max_cycle = 30
augmented hessian ah_conv_tol = 1e-12
augmented hessian ah_linear dependence = 1e-14
augmented hessian ah_level shift = 0
augmented hessian ah_start_tol = 2.5
augmented hessian ah_start_cycle = 3
augmented hessian ah_grad_trust_region = 3
kf_trust_region = 3
kf_interval = 4
ci_response_space = 4
ci_grad_trust_region = 3
with_dep4 0
natorb = False
canonicalization = True
sorting_mo_energy = False
chkfile = /panfs/roc/scratch/graha682/D0/201712_augccpVDZ_NEVPT2_m06_0_2c12h24/tmpGhG4kF
max_memory 4000 MB (current use 352 MB)
internal_rotation = False
******** <class 'pyscf.fci.direct_spin1.FCISolver'> flags ********
max. cycles = 50
conv_tol = 1e-08
davidson only = False
linear dependence = 1e-10
level shift = 0.001
max iter space = 12
max_memory 4000 MB
nroots = 1
pspace_size = 400
spin = None
CASCI E = -76.5613283037409  S^2 = 0.0000000
Set conv_tol_grad to 0.000316228
macro iter 1 (1 JK  1 micro), CASSCF E = -76.5613283037409  dE = 1.4210855e-14  S^2 = 0.0000000
               |grad[o]|=6.32e-07  |grad[c]|= 1.06025117282e-14  |ddm|=    0
1-step CASSCF converged in 1 macro (1 JK 1 micro) steps
CASSCF canonicalization
CASSCF energy = -76.5613283037409
Hartree-Fock Energy:   -76.56132828425390
CAS Correlation:       -0.00000001948696
CAS Energy:           -76.56132830374086
Sr    (-1)',   E = -0.00000347193151
Si    (+1)',   E = -0.00000000200089
Sijrs (0)  ,   E = -0.15619346952174
Sijr  (+1) ,   E = -0.00039508100400
Srsi  (-1) ,   E = -0.10114289393723
Srs   (-2) ,   E = -0.01980565908617
Sij   (+2) ,   E = -0.00000125378375
Sir   (0)' ,   E = -0.00013981805382
Nevpt2 Energy = -0.277681649319104
NEVPT2 =   -0.277681649319104
Total NEVPT2 =  -76.839009953059971

============================== Supermolecular DFT ==============================
  subiter:   1      |ddm|: 1.424779e+02
  subiter:   2      |ddm|: 5.457765e+00
  subiter:   3      |ddm|: 1.097827e+00
  subiter:   4      |ddm|: 4.210496e-01
  subiter:   5      |ddm|: 2.672276e-01
  subiter:   6      |ddm|: 6.704821e-02
  subiter:   7      |ddm|: 1.185299e-02
  subiter:   8      |ddm|: 3.290899e-03
  subiter:   9      |ddm|: 8.050507e-04
  subiter:  10      |ddm|: 6.296919e-04
  subiter:  11      |ddm|: 1.025598e-04
  subiter:  12      |ddm|: 5.777253e-05
  subiter:  13      |ddm|: 1.596729e-05
  subiter:  14      |ddm|: 1.912083e-06
  subiter:  15      |ddm|: 9.418957e-07
  subiter:  16      |ddm|: 8.131090e-07
  subiter:  17      |ddm|: 1.891181e-07
  subiter:  18      |ddm|: 9.602616e-08
  subiter:  19      |ddm|: 6.403648e-08
  subiter:  20      |ddm|: 5.006606e-08
  subiter:  21      |ddm|: 6.029943e-08
  subiter:  22      |ddm|: 9.848407e-08
  subiter:  23      |ddm|: 8.897996e-08
  subiter:  24      |ddm|: 9.643733e-08
  subiter:  25      |ddm|: 1.149585e-07
  subiter:  26      |ddm|: 7.726788e-08
  subiter:  27      |ddm|: 7.002432e-08
  subiter:  28      |ddm|: 7.070893e-08
  subiter:  29      |ddm|: 6.472576e-08
  subiter:  30      |ddm|: 7.928139e-08
  subiter:  31      |ddm|: 5.526397e-08
  subiter:  32      |ddm|: 8.082342e-08
  subiter:  33      |ddm|: 4.137055e-08
  subiter:  34      |ddm|: 7.710492e-08
  subiter:  35      |ddm|: 7.198202e-08
  subiter:  36      |ddm|: 5.126432e-08
  subiter:  37      |ddm|: 1.165276e-07
  subiter:  38      |ddm|: 5.027702e-08
  subiter:  39      |ddm|: 5.800081e-08
  subiter:  40      |ddm|: 7.853939e-08
  subiter:  41      |ddm|: 6.098114e-08
  subiter:  42      |ddm|: 5.277981e-08
  subiter:  43      |ddm|: 5.232106e-08
  subiter:  44      |ddm|: 4.550011e-08
  subiter:  45      |ddm|: 4.569045e-08
  subiter:  46      |ddm|: 9.754660e-08
  subiter:  47      |ddm|: 5.803031e-08
  subiter:  48      |ddm|: 3.843083e-08
  subiter:  49      |ddm|: 5.157436e-08
  subiter:  50      |ddm|: 5.582011e-08
  subiter:  51      |ddm|: 6.174866e-08
  subiter:  52      |ddm|: 8.130343e-08
  subiter:  53      |ddm|: 5.175717e-08
  subiter:  54      |ddm|: 5.239294e-08
  subiter:  55      |ddm|: 4.852007e-08
  subiter:  56      |ddm|: 8.329010e-08
  subiter:  57      |ddm|: 5.208605e-08
  subiter:  58      |ddm|: 1.074438e-07
  subiter:  59      |ddm|: 5.267193e-08
  subiter:  60      |ddm|: 4.525321e-08
  subiter:  61      |ddm|: 5.754926e-08
  subiter:  62      |ddm|: 4.931505e-08
  subiter:  63      |ddm|: 5.524281e-08
  subiter:  64      |ddm|: 1.297591e-07
  subiter:  65      |ddm|: 8.043583e-08
  subiter:  66      |ddm|: 8.796580e-08
  subiter:  67      |ddm|: 5.922846e-08
  subiter:  68      |ddm|: 8.189630e-08
  subiter:  69      |ddm|: 6.082889e-08
  subiter:  70      |ddm|: 7.632033e-08
  subiter:  71      |ddm|: 5.121303e-08
  subiter:  72      |ddm|: 3.806619e-08
  subiter:  73      |ddm|: 4.967284e-08
  subiter:  74      |ddm|: 7.278663e-08
  subiter:  75      |ddm|: 3.560530e-08
  subiter:  76      |ddm|: 4.491356e-08
  subiter:  77      |ddm|: 5.962355e-08
  subiter:  78      |ddm|: 7.649139e-08
  subiter:  79      |ddm|: 1.261051e-07
  subiter:  80      |ddm|: 4.121039e-08
  subiter:  81      |ddm|: 5.639968e-08
  subiter:  82      |ddm|: 4.445375e-08
  subiter:  83      |ddm|: 6.222372e-08
  subiter:  84      |ddm|: 2.844542e-08
  subiter:  85      |ddm|: 8.878705e-08
  subiter:  86      |ddm|: 6.281706e-08
  subiter:  87      |ddm|: 5.445423e-08
  subiter:  88      |ddm|: 3.795754e-08
  subiter:  89      |ddm|: 4.720833e-08
  subiter:  90      |ddm|: 6.806450e-08
  subiter:  91      |ddm|: 8.901072e-08
  subiter:  92      |ddm|: 5.487231e-08
  subiter:  93      |ddm|: 1.009457e-07
  subiter:  94      |ddm|: 5.923944e-08
  subiter:  95      |ddm|: 5.465897e-08
  subiter:  96      |ddm|: 4.882866e-08
  subiter:  97      |ddm|: 6.686354e-08
  subiter:  98      |ddm|: 5.562064e-08
  subiter:  99      |ddm|: 1.179303e-07
  subiter: 100      |ddm|: 6.392120e-08


******** <class 'pyscf.dft.rks.RKS'> flags ********
method = RKS
initial guess = atom
damping factor = 0
level shift factor = 0.0
DIIS = <class 'pyscf.scf.diis.CDIIS'>
DIIS start cycle = 1
DIIS space = 8
SCF tol = 1e-08
SCF gradient tol = 1e-08
max. SCF cycles = 100
direct_scf = True
direct_scf_tol = 1e-13
chkfile to save SCF result = /panfs/roc/scratch/graha682/D0/201712_augccpVDZ_NEVPT2_m06_0_2c12h24/tmpzML4ZT
max_memory 4000 MB (current use 409 MB)
XC functionals = m06
small_rho_cutoff = 1e-20
radial grids: Treutler-Ahlrichs (JCP 102, 346 (M4)) radial grids
becke partition: Becke, JCP, 88, 2547 (1988)
pruning grids: <function nwchem_prune at 0x15ae5f0>
grids dens level: 4
symmetrized grids: False
atomic radii adjust function: <function treutler_atomic_radii_adjust at 0x15ae488>
init E= -471.357283304491
  HOMO = -0.25510531511098  LUMO = -0.0374244164318772
cycle= 1 E= -471.357283304493  delta_E= -1.82e-12  |g|= 1.63e-09  |ddm|= 2.31e-07
  HOMO = -0.255105315110917  LUMO = -0.037424416413426
Extra cycle  E= -471.357283304497  delta_E= -4.32e-12  |g|= 6.9e-09  |ddm|= 9.96e-07
converged SCF energy = -471.357283304497
Supermolecular DFT   -471.35728330449251

============================== Embedding Energies ==============================
Subsystem DFT               -77.08668851831898
Interaction                -393.92761215861390
DFT-in-DFT                 -471.01430067693286
Supermolecular DFT         -471.35728330449251
Difference                   -0.34298262755965
Corrected DFT-in-DFT       -471.35728330449251
WF-in-DFT                  -470.76662211167388
Corrected WF-in-DFT        -471.10960473923353
================================================================================
TIMING STATISTICS:
     overlap integrals      0.07s   ( 0.00%)
    initial subsystems      0.12s   ( 0.00%)
           2e matrices  24947.91s   (74.33%)
      tot. embed. of 1  24970.99s   (74.40%)
      tot. embed. of 2      9.89s   ( 0.03%)
       freeze and thaw  24980.90s   (74.43%)
                   cas      0.10s   ( 0.00%)
                nevpt2      0.03s   ( 0.00%)
  interaction energies   8579.03s   (25.56%)
                 TOTAL  33562.34s
================================================================================

********************************************************************************
*                              END OF CALCULATION                              *
********************************************************************************
