********************************************************************************
*                         FREEZE-AND-THAW CALCULATION                          *
********************************************************************************

================================== Input File ==================================


subsystem
C                  1.97915000    0.64190200    0.00018300
H                  2.00892400    1.27702300   -0.88401200
H                  2.00850500    1.27636900    0.88486100
Cl                 3.51108600   -0.30375100    0.00020300
C                  0.77452100   -0.25849500   -0.00043600
H                  0.80951600   -0.91242300   -0.87691800
H                  0.80921200   -0.91317200    0.87549900
C                 -0.51362900    0.54349400   -0.00030500
H                 -0.53565000    1.20393200    0.87513700
H                 -0.53562400    1.20433600   -0.87544600
C                 -1.75042800   -0.33137300   -0.00050400
H                 -1.72894200   -0.99275400   -0.87536000
H                 -1.72864400   -0.99348400    0.87379100
charge -1
end

subsystem
Gh.C                  1.97915000    0.64190200    0.00018300
Gh.H                  2.00892400    1.27702300   -0.88401200
Gh.H                  2.00850500    1.27636900    0.88486100
Gh.Cl                 3.51108600   -0.30375100    0.00020300
Gh.C                  0.77452100   -0.25849500   -0.00043600
Gh.H                  0.80951600   -0.91242300   -0.87691800
Gh.H                  0.80921200   -0.91317200    0.87549900
Gh.C                 -0.51362900    0.54349400   -0.00030500
Gh.H                 -0.53565000    1.20393200    0.87513700
Gh.H                 -0.53562400    1.20433600   -0.87544600
Gh.C                 -1.75042800   -0.33137300   -0.00050400
Gh.H                 -1.72894200   -0.99275400   -0.87536000
Gh.H                 -1.72864400   -0.99348400    0.87379100
C                 -3.04233300    0.46076800    0.00008400
H                 -3.05786300    1.12092300    0.87408400
H                 -3.05853300    1.12116700   -0.87372300
C                 -4.26819900   -0.42757700    0.00046900
H                 -4.28001600   -1.07524200    0.88007600
H                 -5.19301200    0.14965000    0.00102100
H                 -4.28083100   -1.07487100   -0.87939900
charge +1
end

embed
 huzinaga
 cycles 100
 conv 1e-6
 method m06
end

basis aug-cc-pVDZ
method ccsd(t)
grid 4
conv 1e-8
grad 1e-8
maxiter 100
================================== End Input ===================================
tot grids = 407542

                      Getting subsystem overlap integrals                       

                          Initial subsystem densities                           
Guessing initial subsystem densities
Initial guess from superpostion of atomic densties.
Guessing initial subsystem densities
Initial guess from superpostion of atomic densties.

=========================== Starting Freeze-and-Thaw ===========================
 iter:   1:1        |ddm|: 1.088892e+02     Tr[DP]  7.245241e-01
 iter:   1:2        |ddm|: 6.208097e+00     Tr[DP]  1.534883e-14
 iter:   2:1        |ddm|: 2.076611e+02     Tr[DP]  5.848499e-02
 iter:   2:2        |ddm|: 5.718376e+00     Tr[DP] -1.181694e-14
 iter:   3:1        |ddm|: 2.138358e+02     Tr[DP]  1.121022e-01
 iter:   3:2        |ddm|: 5.939486e+00     Tr[DP]  3.711614e-14
 iter:   4:1        |ddm|: 7.851946e+01     Tr[DP]  6.178470e-02
 iter:   4:2        |ddm|: 1.595569e+00     Tr[DP]  1.695172e-14
 iter:   5:1        |ddm|: 3.803708e+01     Tr[DP]  5.920709e-02
 iter:   5:2        |ddm|: 1.367353e+00     Tr[DP] -4.676814e-15
 iter:   6:1        |ddm|: 3.176520e+01     Tr[DP]  5.932130e-02
 iter:   6:2        |ddm|: 1.628003e+00     Tr[DP]  5.259682e-15
 iter:   7:1        |ddm|: 2.560135e+01     Tr[DP]  6.051435e-02
 iter:   7:2        |ddm|: 1.748547e+00     Tr[DP]  2.912948e-14
 iter:   8:1        |ddm|: 2.400105e+01     Tr[DP]  5.925900e-02
 iter:   8:2        |ddm|: 9.430580e-01     Tr[DP]  8.442899e-14
 iter:   9:1        |ddm|: 2.576077e+01     Tr[DP]  5.763308e-02
 iter:   9:2        |ddm|: 6.130809e-01     Tr[DP] -2.022688e-14
 iter:  10:1        |ddm|: 2.288009e+01     Tr[DP]  5.617405e-02
 iter:  10:2        |ddm|: 5.397696e-01     Tr[DP] -1.452102e-13
 iter:  11:1        |ddm|: 2.626280e+01     Tr[DP]  5.469238e-02
 iter:  11:2        |ddm|: 6.715285e-01     Tr[DP] -6.279699e-15
 iter:  12:1        |ddm|: 2.244429e+01     Tr[DP]  5.416250e-02
 iter:  12:2        |ddm|: 4.006526e-01     Tr[DP]  6.662726e-14
 iter:  13:1        |ddm|: 1.931184e+01     Tr[DP]  5.287285e-02
 iter:  13:2        |ddm|: 3.282455e-01     Tr[DP] -2.116363e-14
 iter:  14:1        |ddm|: 1.820166e+01     Tr[DP]  5.084983e-02
 iter:  14:2        |ddm|: 4.642165e-01     Tr[DP]  1.178085e-13
 iter:  15:1        |ddm|: 1.697561e+01     Tr[DP]  4.875078e-02
 iter:  15:2        |ddm|: 5.036457e-01     Tr[DP]  2.080280e-14
 iter:  16:1        |ddm|: 1.515987e+01     Tr[DP]  4.652421e-02
 iter:  16:2        |ddm|: 4.384084e-01     Tr[DP]  4.704570e-14
 iter:  17:1        |ddm|: 1.361973e+01     Tr[DP]  4.380495e-02
 iter:  17:2        |ddm|: 4.797486e-01     Tr[DP]  5.351275e-14
 iter:  18:1        |ddm|: 1.218092e+01     Tr[DP]  4.105030e-02
 iter:  18:2        |ddm|: 4.197020e-01     Tr[DP]  1.022793e-13
 iter:  19:1        |ddm|: 1.109983e+01     Tr[DP]  3.793994e-02
 iter:  19:2        |ddm|: 5.591359e-01     Tr[DP] -1.076916e-14
 iter:  20:1        |ddm|: 1.009061e+01     Tr[DP]  3.519103e-02
 iter:  20:2        |ddm|: 4.358621e-01     Tr[DP] -1.221245e-15
 iter:  21:1        |ddm|: 9.104408e+00     Tr[DP]  3.245983e-02
 iter:  21:2        |ddm|: 4.155495e-01     Tr[DP] -5.051515e-15
 iter:  22:1        |ddm|: 8.194006e+00     Tr[DP]  2.979165e-02
 iter:  22:2        |ddm|: 4.068361e-01     Tr[DP]  1.351697e-14
 iter:  23:1        |ddm|: 6.886940e+00     Tr[DP]  2.733456e-02
 iter:  23:2        |ddm|: 3.058430e-01     Tr[DP]  1.362799e-14
 iter:  24:1        |ddm|: 6.406051e+00     Tr[DP]  2.413369e-02
 iter:  24:2        |ddm|: 6.551504e-01     Tr[DP]  1.196265e-14
 iter:  25:1        |ddm|: 7.349208e+00     Tr[DP]  2.176468e-02
 iter:  25:2        |ddm|: 8.779282e-01     Tr[DP] -6.883383e-15
 iter:  26:1        |ddm|: 6.197895e+00     Tr[DP]  2.112672e-02
 iter:  26:2        |ddm|: 3.881831e-01     Tr[DP] -1.518230e-14
 iter:  27:1        |ddm|: 6.299151e+00     Tr[DP]  1.909918e-02
 iter:  27:2        |ddm|: 6.619733e-01     Tr[DP] -2.609024e-15
 iter:  28:1        |ddm|: 6.116240e+00     Tr[DP]  1.804046e-02
 iter:  28:2        |ddm|: 6.393908e-01     Tr[DP]  2.275957e-15
 iter:  29:1        |ddm|: 6.396067e+00     Tr[DP]  1.695826e-02
 iter:  29:2        |ddm|: 7.784968e-01     Tr[DP] -2.331468e-14
 iter:  30:1        |ddm|: 4.423378e+00     Tr[DP]  1.710083e-02
 iter:  30:2        |ddm|: 2.263574e-01     Tr[DP]  1.057487e-14
 iter:  31:1        |ddm|: 3.560504e+00     Tr[DP]  1.548513e-02
 iter:  31:2        |ddm|: 1.955309e-01     Tr[DP] -7.993606e-15
 iter:  32:1        |ddm|: 2.905638e+00     Tr[DP]  1.392267e-02
 iter:  32:2        |ddm|: 1.547988e-01     Tr[DP]  1.001976e-14
 iter:  33:1        |ddm|: 2.534006e+00     Tr[DP]  1.231353e-02
 iter:  33:2        |ddm|: 1.467676e-01     Tr[DP]  7.494005e-16
 iter:  34:1        |ddm|: 2.260205e+00     Tr[DP]  1.088356e-02
 iter:  34:2        |ddm|: 1.374682e-01     Tr[DP] -7.549517e-15
 iter:  35:1        |ddm|: 1.920190e+00     Tr[DP]  9.686541e-03
 iter:  35:2        |ddm|: 1.080799e-01     Tr[DP] -4.357625e-15
 iter:  36:1        |ddm|: 1.706483e+00     Tr[DP]  8.501319e-03
 iter:  36:2        |ddm|: 1.036429e-01     Tr[DP]  9.076073e-15
 iter:  37:1        |ddm|: 1.480933e+00     Tr[DP]  7.511825e-03
 iter:  37:2        |ddm|: 8.765598e-02     Tr[DP]  3.635980e-15
 iter:  38:1        |ddm|: 1.471267e+00     Tr[DP]  6.499994e-03
 iter:  38:2        |ddm|: 1.177349e-01     Tr[DP] -3.080869e-15
 iter:  39:1        |ddm|: 1.375729e+00     Tr[DP]  5.806826e-03
 iter:  39:2        |ddm|: 1.090839e-01     Tr[DP]  3.275158e-15
 iter:  40:1        |ddm|: 1.168251e+00     Tr[DP]  5.296624e-03
 iter:  40:2        |ddm|: 7.576305e-02     Tr[DP]  6.938894e-16
 iter:  41:1        |ddm|: 1.036785e+00     Tr[DP]  4.730974e-03
 iter:  41:2        |ddm|: 7.187554e-02     Tr[DP] -7.049916e-15
 iter:  42:1        |ddm|: 8.554380e-01     Tr[DP]  4.279992e-03
 iter:  42:2        |ddm|: 5.127408e-02     Tr[DP]  2.733924e-15
 iter:  43:1        |ddm|: 7.231997e-01     Tr[DP]  3.799320e-03
 iter:  43:2        |ddm|: 4.366506e-02     Tr[DP]  2.581269e-15
 iter:  44:1        |ddm|: 6.367548e-01     Tr[DP]  3.333840e-03
 iter:  44:2        |ddm|: 3.987143e-02     Tr[DP]  4.066192e-15
 iter:  45:1        |ddm|: 6.253267e-01     Tr[DP]  2.888663e-03
 iter:  45:2        |ddm|: 4.922922e-02     Tr[DP]  1.471046e-15
 iter:  46:1        |ddm|: 4.954590e-01     Tr[DP]  2.642391e-03
 iter:  46:2        |ddm|: 2.897700e-02     Tr[DP] -6.938894e-15
 iter:  47:1        |ddm|: 4.524858e-01     Tr[DP]  2.297981e-03
 iter:  47:2        |ddm|: 3.041481e-02     Tr[DP]  1.748601e-15
 iter:  48:1        |ddm|: 5.048727e-01     Tr[DP]  1.956592e-03
 iter:  48:2        |ddm|: 5.180496e-02     Tr[DP] -1.110223e-15
 iter:  49:1        |ddm|: 4.014434e-01     Tr[DP]  1.854501e-03
 iter:  49:2        |ddm|: 2.501203e-02     Tr[DP] -1.568190e-15
 iter:  50:1        |ddm|: 3.450871e-01     Tr[DP]  1.664451e-03
 iter:  50:2        |ddm|: 2.271881e-02     Tr[DP] -2.692291e-15
 iter:  51:1        |ddm|: 2.883155e-01     Tr[DP]  1.495271e-03
 iter:  51:2        |ddm|: 1.781486e-02     Tr[DP] -5.273559e-16
 iter:  52:1        |ddm|: 2.492231e-01     Tr[DP]  1.322159e-03
 iter:  52:2        |ddm|: 1.568529e-02     Tr[DP]  5.093148e-15
 iter:  53:1        |ddm|: 2.181752e-01     Tr[DP]  1.164760e-03
 iter:  53:2        |ddm|: 1.386712e-02     Tr[DP] -1.790235e-14
 iter:  54:1        |ddm|: 1.821121e-01     Tr[DP]  1.033145e-03
 iter:  54:2        |ddm|: 1.098512e-02     Tr[DP] -6.883383e-15
 iter:  55:1        |ddm|: 1.529500e-01     Tr[DP]  9.057491e-04
 iter:  55:2        |ddm|: 9.198618e-03     Tr[DP]  1.526557e-16
 iter:  56:1        |ddm|: 1.533851e-01     Tr[DP]  7.691794e-04
 iter:  56:2        |ddm|: 1.195978e-02     Tr[DP]  4.399259e-15
 iter:  57:1        |ddm|: 1.385133e-01     Tr[DP]  6.837145e-04
 iter:  57:2        |ddm|: 9.619929e-03     Tr[DP]  2.359224e-15
 iter:  58:1        |ddm|: 1.270347e-01     Tr[DP]  6.049963e-04
 iter:  58:2        |ddm|: 9.153185e-03     Tr[DP] -9.159340e-16
 iter:  59:1        |ddm|: 1.367451e-01     Tr[DP]  5.227173e-04
 iter:  59:2        |ddm|: 1.368046e-02     Tr[DP]  7.174816e-15
 iter:  60:1        |ddm|: 1.182319e-01     Tr[DP]  4.901479e-04
 iter:  60:2        |ddm|: 8.674116e-03     Tr[DP] -9.575674e-16
 iter:  61:1        |ddm|: 8.880551e-02     Tr[DP]  4.598521e-04
 iter:  61:2        |ddm|: 5.356289e-03     Tr[DP]  3.552714e-15
 iter:  62:1        |ddm|: 7.491822e-02     Tr[DP]  4.066370e-04
 iter:  62:2        |ddm|: 4.631229e-03     Tr[DP]  3.330669e-15
 iter:  63:1        |ddm|: 6.440835e-02     Tr[DP]  3.577378e-04
 iter:  63:2        |ddm|: 4.010778e-03     Tr[DP]  3.400058e-15
 iter:  64:1        |ddm|: 5.773540e-02     Tr[DP]  3.126150e-04
 iter:  64:2        |ddm|: 3.753593e-03     Tr[DP] -9.020562e-16
 iter:  65:1        |ddm|: 5.374194e-02     Tr[DP]  2.729838e-04
 iter:  65:2        |ddm|: 3.781287e-03     Tr[DP] -6.897261e-15
 iter:  66:1        |ddm|: 4.897217e-02     Tr[DP]  2.415863e-04
 iter:  66:2        |ddm|: 3.428568e-03     Tr[DP] -5.273559e-16
 iter:  67:1        |ddm|: 4.388088e-02     Tr[DP]  2.149808e-04
 iter:  67:2        |ddm|: 3.024280e-03     Tr[DP] -1.443290e-15
 iter:  68:1        |ddm|: 4.106339e-02     Tr[DP]  1.899090e-04
 iter:  68:2        |ddm|: 3.101368e-03     Tr[DP] -5.745404e-15
 iter:  69:1        |ddm|: 3.678370e-02     Tr[DP]  1.708102e-04
 iter:  69:2        |ddm|: 2.635898e-03     Tr[DP]  6.661338e-16
 iter:  70:1        |ddm|: 3.096428e-02     Tr[DP]  1.548645e-04
 iter:  70:2        |ddm|: 1.979430e-03     Tr[DP] -1.998401e-15
 iter:  71:1        |ddm|: 2.691350e-02     Tr[DP]  1.377041e-04
 iter:  71:2        |ddm|: 1.754213e-03     Tr[DP] -3.427814e-15
 iter:  72:1        |ddm|: 2.384321e-02     Tr[DP]  1.218756e-04
 iter:  72:2        |ddm|: 1.586062e-03     Tr[DP]  1.165734e-15
 iter:  73:1        |ddm|: 2.156433e-02     Tr[DP]  1.076225e-04
 iter:  73:2        |ddm|: 1.487882e-03     Tr[DP]  1.235123e-15
 iter:  74:1        |ddm|: 1.758954e-02     Tr[DP]  9.700733e-05
 iter:  74:2        |ddm|: 1.072576e-03     Tr[DP]  3.858025e-15
 iter:  75:1        |ddm|: 1.661724e-02     Tr[DP]  8.384515e-05
 iter:  75:2        |ddm|: 1.196367e-03     Tr[DP]  3.289036e-15
 iter:  76:1        |ddm|: 1.481264e-02     Tr[DP]  7.448413e-05
 iter:  76:2        |ddm|: 1.003523e-03     Tr[DP] -2.359224e-15
 iter:  77:1        |ddm|: 1.307892e-02     Tr[DP]  6.616070e-05
 iter:  77:2        |ddm|: 8.702253e-04     Tr[DP] -2.345346e-15
 iter:  78:1        |ddm|: 1.163626e-02     Tr[DP]  5.859989e-05
 iter:  78:2        |ddm|: 7.843541e-04     Tr[DP] -9.436896e-16
 iter:  79:1        |ddm|: 9.991590e-03     Tr[DP]  5.225570e-05
 iter:  79:2        |ddm|: 6.375528e-04     Tr[DP]  2.664535e-15
 iter:  80:1        |ddm|: 8.695860e-03     Tr[DP]  4.617279e-05
 iter:  80:2        |ddm|: 5.570915e-04     Tr[DP]  3.080869e-15
 iter:  81:1        |ddm|: 7.178793e-03     Tr[DP]  4.103947e-05
 iter:  81:2        |ddm|: 4.374450e-04     Tr[DP] -1.471046e-15
 iter:  82:1        |ddm|: 7.366309e-03     Tr[DP]  3.483871e-05
 iter:  82:2        |ddm|: 6.144655e-04     Tr[DP] -8.965051e-15
 iter:  83:1        |ddm|: 5.874361e-03     Tr[DP]  3.192494e-05
 iter:  83:2        |ddm|: 3.578904e-04     Tr[DP] -3.830269e-15
 iter:  84:1        |ddm|: 5.083939e-03     Tr[DP]  2.799553e-05
 iter:  84:2        |ddm|: 3.184668e-04     Tr[DP] -1.942890e-15
 iter:  85:1        |ddm|: 4.477372e-03     Tr[DP]  2.448903e-05
 iter:  85:2        |ddm|: 2.867155e-04     Tr[DP] -1.097733e-14
 iter:  86:1        |ddm|: 4.061601e-03     Tr[DP]  2.137760e-05
 iter:  86:2        |ddm|: 2.726712e-04     Tr[DP]  4.218847e-15
 iter:  87:1        |ddm|: 3.848559e-03     Tr[DP]  1.866020e-05
 iter:  87:2        |ddm|: 2.861446e-04     Tr[DP] -2.914335e-15
 iter:  88:1        |ddm|: 3.145628e-03     Tr[DP]  1.691781e-05
 iter:  88:2        |ddm|: 1.928633e-04     Tr[DP]  1.110223e-15
 iter:  89:1        |ddm|: 2.759110e-03     Tr[DP]  1.483477e-05
 iter:  89:2        |ddm|: 1.769011e-04     Tr[DP] -5.218048e-15
 iter:  90:1        |ddm|: 1.918264e-03     Tr[DP]  1.346196e-05
 iter:  90:2        |ddm|: 1.602033e-04     Tr[DP] -5.759282e-15
 iter:  91:1        |ddm|: 2.615980e-03     Tr[DP]  1.056976e-05
 iter:  91:2        |ddm|: 3.197272e-04     Tr[DP] -9.714451e-16
 iter:  92:1        |ddm|: 2.653750e-03     Tr[DP]  9.571157e-06
 iter:  92:2        |ddm|: 2.575328e-04     Tr[DP] -5.009881e-15
 iter:  93:1        |ddm|: 2.502210e-03     Tr[DP]  8.904671e-06
 iter:  93:2        |ddm|: 2.206244e-04     Tr[DP]  3.996803e-15
 iter:  94:1        |ddm|: 1.969472e-03     Tr[DP]  8.576982e-06
 iter:  94:2        |ddm|: 1.260187e-04     Tr[DP] -4.204970e-15
 iter:  95:1        |ddm|: 1.628225e-03     Tr[DP]  7.831097e-06
 iter:  95:2        |ddm|: 1.041433e-04     Tr[DP] -7.771561e-16
 iter:  96:1        |ddm|: 1.413173e-03     Tr[DP]  7.006087e-06
 iter:  96:2        |ddm|: 9.333778e-05     Tr[DP] -3.108624e-15
 iter:  97:1        |ddm|: 1.224122e-03     Tr[DP]  6.263230e-06
 iter:  97:2        |ddm|: 7.924587e-05     Tr[DP]  3.316791e-15
 iter:  98:1        |ddm|: 1.045869e-03     Tr[DP]  5.578752e-06
 iter:  98:2        |ddm|: 6.565450e-05     Tr[DP]  3.247402e-15
 iter:  99:1        |ddm|: 8.113256e-04     Tr[DP]  5.004365e-06
 iter:  99:2        |ddm|: 5.198506e-05     Tr[DP] -2.747802e-15
 iter: 100:1        |ddm|: 7.200029e-04     Tr[DP]  4.299444e-06
 iter: 100:2        |ddm|: 4.449821e-05     Tr[DP] -1.776357e-15
                         Freeze-and-Thaw NOT converged!                         

=================== Subsystem 1 at higher mean-field method ====================
  subiter:   1      |ddm|: 5.435723e+00
  subiter:   2      |ddm|: 5.466550e-01
  subiter:   3      |ddm|: 5.192548e-02
  subiter:   4      |ddm|: 3.720461e-02
  subiter:   5      |ddm|: 6.233305e-03
  subiter:   6      |ddm|: 2.655284e-03
  subiter:   7      |ddm|: 1.058776e-03
  subiter:   8      |ddm|: 2.620625e-04
  subiter:   9      |ddm|: 8.586046e-05
  subiter:  10      |ddm|: 3.329058e-05
  subiter:  11      |ddm|: 9.025684e-06
  subiter:  12      |ddm|: 1.372744e-06
  subiter:  13      |ddm|: 9.668820e-07
  subiter:  14      |ddm|: 2.373227e-07
  subiter:  15      |ddm|: 6.858095e-08
  subiter:  16      |ddm|: 2.649420e-08
  subiter:  17      |ddm|: 1.947108e-08
  subiter:  18      |ddm|: 1.923091e-08
  subiter:  19      |ddm|: 7.449246e-09


******** <class 'pyscf.scf.hf.RHF'> flags ********
method = RHF
initial guess = minao
damping factor = 0
level shift factor = 0
DIIS = <class 'pyscf.scf.diis.CDIIS'>
DIIS start cycle = 1
DIIS space = 8
SCF tol = 1e-09
SCF gradient tol = None
max. SCF cycles = 100
direct_scf = True
direct_scf_tol = 1e-13
chkfile to save SCF result = /panfs/roc/scratch/graha682/201707_freezeAndThaw/20170714_augccpVDZ_m06_ccsdt_ft_4chlorohexane/tmpAVQY5A
max_memory 4000 MB (current use 2902 MB)
Set gradient conv threshold to 3.16228e-05
init E= -623.965984821248
  HOMO = -0.423672473788138  LUMO = 0.0395602836654649
cycle= 1 E= -623.96598482125  delta_E= -2.27e-12  |g|= 5.01e-09  |ddm|= 4.09e-08
  HOMO = -0.423672473705224  LUMO = 0.0395602836228876
Extra cycle  E= -623.965984821249  delta_E= 6.82e-13  |g|= 5.01e-09  |ddm|= 1.84e-08
converged SCF energy = -623.965984821249


******** <class 'pyscf.dft.rks.RKS'> flags ********
method = RKS
initial guess = atom
damping factor = 0
level shift factor = 0.0
DIIS = <class 'pyscf.scf.diis.CDIIS'>
DIIS start cycle = 1
DIIS space = 8
SCF tol = 1e-08
SCF gradient tol = 1e-08
max. SCF cycles = 1
direct_scf = True
direct_scf_tol = 1e-13
chkfile to save SCF result = /panfs/roc/scratch/graha682/201707_freezeAndThaw/20170714_augccpVDZ_m06_ccsdt_ft_4chlorohexane/tmpgZztVn
max_memory 4000 MB (current use 2904 MB)
XC functionals = m06
small_rho_cutoff = 1e-20
radial grids: Treutler-Ahlrichs (JCP 102, 346 (M4)) radial grids
becke partition: Becke, JCP, 88, 2547 (1988)
pruning grids: <function nwchem_prune at 0x1747f50>
grids dens level: 4
symmetrized grids: False
atomic radii adjust function: <function treutler_atomic_radii_adjust at 0x1747de8>
init E= -625.637558922965
  HOMO = -0.300865826685014  LUMO = -0.0358223218652397
cycle= 1 E= -625.637558922996  delta_E= -3.05e-11  |g|= 2.05e-06  |ddm|= 0.000649
SCF not converged.
SCF energy = -625.637558922996 after 1 cycles
 iter: 101:1        |ddm|: 5.957410e+00     Tr[DP]  1.712426e-03

==================== Doing CCSD Calculation on Subsystem 1 =====================

******** <class 'pyscf.cc.ccsd.CCSD'> flags ********
CCSD nocc = 25, nvir = 166
max_cycle = 50
direct = 0
conv_tol = 1e-07
conv_tol_normt = 1e-05
diis_space = 6
diis_start_cycle = 0
diis_start_energy_diff = 1e+09
max_memory 4000 MB (current use 2905 MB)
Init t2, MP2 energy = -0.742459642227798
cycle = 1  E(CCSD) = -0.782331498083098  dE = -0.782331498  norm(t1,t2) = 0.102438
cycle = 2  E(CCSD) = -0.798860568683752  dE = -0.0165290706  norm(t1,t2) = 0.0281815
cycle = 3  E(CCSD) = -0.801894118193138  dE = -0.00303354951  norm(t1,t2) = 0.0117067
cycle = 4  E(CCSD) = -0.803837889528972  dE = -0.00194377134  norm(t1,t2) = 0.00448136
cycle = 5  E(CCSD) = -0.804049048776995  dE = -0.000211159248  norm(t1,t2) = 0.00140966
cycle = 6  E(CCSD) = -0.80399642032354  dE = 5.26284535e-05  norm(t1,t2) = 0.000308343
cycle = 7  E(CCSD) = -0.803993877812687  dE = 2.54251085e-06  norm(t1,t2) = 9.3574e-05
cycle = 8  E(CCSD) = -0.80399793534634  dE = -4.05753365e-06  norm(t1,t2) = 2.98556e-05
cycle = 9  E(CCSD) = -0.803997354609821  dE = 5.80736519e-07  norm(t1,t2) = 1.07556e-05
cycle = 10  E(CCSD) = -0.803997632327809  dE = -2.77717988e-07  norm(t1,t2) = 5.15847e-06
cycle = 11  E(CCSD) = -0.803997481273074  dE = 1.51054734e-07  norm(t1,t2) = 2.12383e-06
cycle = 12  E(CCSD) = -0.80399747132072  dE = 9.95235439e-09  norm(t1,t2) = 7.12413e-07
CCSD converged
E(CCSD) = -624.76998229257  E_corr = -0.80399747132072
Hartree-Fock Energy:  -623.96598482124932
CCSD Correlation:       -0.80399747132072
CCSD Energy:          -624.76998229257003

=================== Doing CCSD(T) Calculation on Subsystem 1 ===================
CCSD(T) correction = -0.0252493361462641
Hartree-Fock Energy:  -623.96598482124932
CCSD(T) Correlation:       -0.82924680746698
CCSD(T) Energy:          -624.79523162871635

============================== Supermolecular DFT ==============================
  subiter:   1      |ddm|: 3.164286e+01
  subiter:   2      |ddm|: 9.336986e-01
  subiter:   3      |ddm|: 5.224075e-01
  subiter:   4      |ddm|: 1.210932e-01
  subiter:   5      |ddm|: 2.488576e-02
  subiter:   6      |ddm|: 1.425426e-02
  subiter:   7      |ddm|: 2.841506e-03
  subiter:   8      |ddm|: 2.919830e-03
  subiter:   9      |ddm|: 1.394683e-04
  subiter:  10      |ddm|: 2.043454e-04
  subiter:  11      |ddm|: 1.907219e-05
  subiter:  12      |ddm|: 7.254296e-06
  subiter:  13      |ddm|: 2.642252e-06
  subiter:  14      |ddm|: 2.109175e-06
  subiter:  15      |ddm|: 1.849892e-07
  subiter:  16      |ddm|: 1.074351e-07
  subiter:  17      |ddm|: 5.512441e-08
  subiter:  18      |ddm|: 3.202027e-08
  subiter:  19      |ddm|: 2.074315e-08
  subiter:  20      |ddm|: 8.300680e-08
  subiter:  21      |ddm|: 1.528570e-08
  subiter:  22      |ddm|: 1.479211e-08
  subiter:  23      |ddm|: 8.859342e-09


******** <class 'pyscf.dft.rks.RKS'> flags ********
method = RKS
initial guess = atom
damping factor = 0
level shift factor = 0.0
DIIS = <class 'pyscf.scf.diis.CDIIS'>
DIIS start cycle = 1
DIIS space = 8
SCF tol = 1e-08
SCF gradient tol = 1e-08
max. SCF cycles = 100
direct_scf = True
direct_scf_tol = 1e-13
chkfile to save SCF result = /panfs/roc/scratch/graha682/201707_freezeAndThaw/20170714_augccpVDZ_m06_ccsdt_ft_4chlorohexane/tmpAJr63r
max_memory 4000 MB (current use 3387 MB)
XC functionals = m06
small_rho_cutoff = 1e-20
radial grids: Treutler-Ahlrichs (JCP 102, 346 (M4)) radial grids
becke partition: Becke, JCP, 88, 2547 (1988)
pruning grids: <function nwchem_prune at 0x1747f50>
grids dens level: 4
symmetrized grids: False
atomic radii adjust function: <function treutler_atomic_radii_adjust at 0x1747de8>
init E= -696.48370920594
  HOMO = -0.304612268295374  LUMO = -0.0405015155326453
cycle= 1 E= -696.483709205939  delta_E= 9.09e-13  |g|= 1.18e-09  |ddm|= 2.47e-08
  HOMO = -0.304612268339091  LUMO = -0.0405015155591338
Extra cycle  E= -696.483709205941  delta_E= -1.36e-12  |g|= 1.18e-09  |ddm|= 3.34e-08
converged SCF energy = -696.483709205941
Supermolecular DFT   -696.48370920594084

============================== Embedding Energies ==============================
Subsystem DFT              -625.63755892299559
Interaction                 -70.70094750197745
DFT-in-DFT                 -696.33850642497305
Supermolecular DFT         -696.48370920594084
Difference                   -0.14520278096779
Corrected DFT-in-DFT       -696.48370920594084
WF-in-DFT                  -695.49617913069380
Corrected WF-in-DFT        -695.64138191166160
================================================================================
TIMING STATISTICS:
     overlap integrals      0.02s   ( 0.00%)
    initial subsystems      3.03s   ( 0.08%)
           2e matrices   2076.92s   (54.06%)
      tot. embed. of 1   2105.16s   (54.79%)
      tot. embed. of 2      1.64s   ( 0.04%)
       freeze and thaw   2106.82s   (54.84%)
                  ccsd    486.76s   (12.67%)
               ccsd(t)    699.81s   (18.21%)
  interaction energies    545.13s   (14.19%)
                 TOTAL   3842.09s
================================================================================

********************************************************************************
*                              END OF CALCULATION                              *
********************************************************************************
