********************************************************************************
*                         FREEZE-AND-THAW CALCULATION                          *
********************************************************************************

================================== Input File ==================================
subsystem
C          0.65825        2.28773        0.04492
H          1.23954        3.18409        0.31614
C         -0.64614        2.26769        0.33028
H         -0.99872        2.83474        1.20724
C          3.35273       -0.46575       -0.35694
H          2.67593       -1.29593       -0.64284
H          3.78031       -0.09774       -1.31136
C          2.54526        0.64156        0.29428
H          3.22001        1.47469        0.57493
H          2.11512        0.27969        1.24836
C          1.42387        1.17441       -0.58915
H          0.73407        0.35085       -0.85415
H          1.86527        1.52008       -1.54560
C         -1.68643        1.50713       -0.42274
H         -1.22638        1.01467       -1.30031
H         -2.44227        2.20852       -0.83005
C         -2.40343        0.46924        0.43199
H         -2.84275        0.96447        1.32076
H         -1.66013       -0.24653        0.83373
C         -3.48833       -0.28345       -0.31546
H         -4.22894        0.43814       -0.71542
H         -3.04898       -0.77332       -1.20765
smearsig 0.001
end

subsystem
C          5.26582       -2.11045       -0.14224
H          5.73270       -1.75920       -1.07824
H          4.61998       -2.96574       -0.40450
H          6.07062       -2.49067        0.50606
C          4.46848       -1.00484        0.52112
H          4.03609       -1.36843        1.47288
H          5.13989       -0.17196        0.80525
C         -4.20280       -1.32340        0.52984
H         -3.45849       -2.03924        0.92807
H         -4.63770       -0.82962        1.41992
C         -5.28311       -2.06742       -0.23013
H         -5.79184       -2.81728        0.39554
H         -6.05368       -1.37449       -0.60898
H         -4.86468       -2.59457       -1.10445
end

embed
 huzfermi
 cycles 3000
 conv 1e-8
 method m06
end

basis cc-pVDZ
method cas[2,2]/nevpt2
grid 4
conv 1e-8
grad 1e-8
maxiter 100
supsmearsig 0.001
================================== End Input ===================================
tot grids = 725328

                      Getting subsystem overlap integrals                       

                          Initial subsystem densities                           
Guessing initial subsystem densities
Initial guess from superpostion of atomic densties.
Guessing initial subsystem densities
Initial guess from superpostion of atomic densties.

=========================== Starting Freeze-and-Thaw ===========================
 iter:   1:1        |ddm|: 5.488427e+00     Tr[DP]  7.120411e-01
 iter:   1:2        |ddm|: 3.779095e+00     Tr[DP]  4.162179e-01
 iter:   2:1        |ddm|: 2.677381e+01     Tr[DP]  8.972420e-01
 iter:   2:2        |ddm|: 1.285157e+01     Tr[DP]  9.670381e-01
 iter:   3:1        |ddm|: 2.758247e+01     Tr[DP]  4.201300e-01
 iter:   3:2        |ddm|: 1.338490e+01     Tr[DP]  6.287882e-01
 iter:   4:1        |ddm|: 8.004124e+00     Tr[DP]  4.569488e-01
 iter:   4:2        |ddm|: 4.838422e+00     Tr[DP]  4.989708e-01
 iter:   5:1        |ddm|: 2.959386e+00     Tr[DP]  5.602448e-01
 iter:   5:2        |ddm|: 7.126124e-01     Tr[DP]  5.083713e-01
 iter:   6:1        |ddm|: 1.727853e+00     Tr[DP]  5.773447e-01
 iter:   6:2        |ddm|: 3.397917e-01     Tr[DP]  5.372187e-01
 iter:   7:1        |ddm|: 1.225332e+00     Tr[DP]  5.826081e-01
 iter:   7:2        |ddm|: 2.525954e-01     Tr[DP]  5.533771e-01
 iter:   8:1        |ddm|: 7.270726e-01     Tr[DP]  5.812886e-01
 iter:   8:2        |ddm|: 1.764564e-01     Tr[DP]  5.612008e-01
 iter:   9:1        |ddm|: 4.589045e-01     Tr[DP]  5.788375e-01
 iter:   9:2        |ddm|: 1.120051e-01     Tr[DP]  5.639274e-01
 iter:  10:1        |ddm|: 2.909419e-01     Tr[DP]  5.741873e-01
 iter:  10:2        |ddm|: 7.592182e-02     Tr[DP]  5.658028e-01
 iter:  11:1        |ddm|: 1.692758e-01     Tr[DP]  5.725406e-01
 iter:  11:2        |ddm|: 4.110789e-02     Tr[DP]  5.666616e-01
 iter:  12:1        |ddm|: 9.952598e-02     Tr[DP]  5.707286e-01
 iter:  12:2        |ddm|: 2.264399e-02     Tr[DP]  5.670373e-01
 iter:  13:1        |ddm|: 5.722073e-02     Tr[DP]  5.694919e-01
 iter:  13:2        |ddm|: 1.231914e-02     Tr[DP]  5.673438e-01
 iter:  14:1        |ddm|: 3.025516e-02     Tr[DP]  5.690096e-01
 iter:  14:2        |ddm|: 5.988066e-03     Tr[DP]  5.675133e-01
 iter:  15:1        |ddm|: 2.210032e-02     Tr[DP]  5.682045e-01
 iter:  15:2        |ddm|: 5.842801e-03     Tr[DP]  5.676016e-01
 iter:  16:1        |ddm|: 1.472399e-02     Tr[DP]  5.679470e-01
 iter:  16:2        |ddm|: 3.958205e-03     Tr[DP]  5.676577e-01
 iter:  17:1        |ddm|: 9.724970e-03     Tr[DP]  5.677915e-01
 iter:  17:2        |ddm|: 2.909164e-03     Tr[DP]  5.676487e-01
 iter:  18:1        |ddm|: 5.866713e-03     Tr[DP]  5.677117e-01
 iter:  18:2        |ddm|: 1.926608e-03     Tr[DP]  5.676350e-01
 iter:  19:1        |ddm|: 3.213130e-03     Tr[DP]  5.676907e-01
 iter:  19:2        |ddm|: 1.141350e-03     Tr[DP]  5.676276e-01
 iter:  20:1        |ddm|: 1.984548e-03     Tr[DP]  5.676544e-01
 iter:  20:2        |ddm|: 9.097057e-04     Tr[DP]  5.676204e-01
 iter:  21:1        |ddm|: 1.215845e-03     Tr[DP]  5.676481e-01
 iter:  21:2        |ddm|: 7.581753e-04     Tr[DP]  5.676199e-01
 iter:  22:1        |ddm|: 1.233641e-03     Tr[DP]  5.676242e-01
 iter:  22:2        |ddm|: 8.387106e-04     Tr[DP]  5.676166e-01
 iter:  23:1        |ddm|: 8.260689e-04     Tr[DP]  5.676235e-01
 iter:  23:2        |ddm|: 6.703354e-04     Tr[DP]  5.676161e-01
 iter:  24:1        |ddm|: 8.490793e-04     Tr[DP]  5.676202e-01
 iter:  24:2        |ddm|: 6.786956e-04     Tr[DP]  5.676148e-01
 iter:  25:1        |ddm|: 1.082169e-03     Tr[DP]  5.676197e-01
 iter:  25:2        |ddm|: 9.866421e-04     Tr[DP]  5.676172e-01
 iter:  26:1        |ddm|: 1.456884e-03     Tr[DP]  5.676123e-01
 iter:  26:2        |ddm|: 1.014125e-03     Tr[DP]  5.676129e-01
 iter:  27:1        |ddm|: 1.217514e-03     Tr[DP]  5.676073e-01
 iter:  27:2        |ddm|: 9.371205e-04     Tr[DP]  5.676104e-01
 iter:  28:1        |ddm|: 5.824846e-04     Tr[DP]  5.676094e-01
 iter:  28:2        |ddm|: 5.054376e-04     Tr[DP]  5.676097e-01
 iter:  29:1        |ddm|: 7.461492e-04     Tr[DP]  5.676075e-01
 iter:  29:2        |ddm|: 5.959875e-04     Tr[DP]  5.676084e-01
 iter:  30:1        |ddm|: 5.794616e-04     Tr[DP]  5.676072e-01
 iter:  30:2        |ddm|: 4.964793e-04     Tr[DP]  5.676078e-01
 iter:  31:1        |ddm|: 1.015251e-03     Tr[DP]  5.676064e-01
 iter:  31:2        |ddm|: 8.049893e-04     Tr[DP]  5.676056e-01
 iter:  32:1        |ddm|: 5.979847e-04     Tr[DP]  5.676062e-01
 iter:  32:2        |ddm|: 5.040775e-04     Tr[DP]  5.676067e-01
 iter:  33:1        |ddm|: 5.378728e-04     Tr[DP]  5.676066e-01
 iter:  33:2        |ddm|: 4.772073e-04     Tr[DP]  5.676067e-01
 iter:  34:1        |ddm|: 6.381668e-04     Tr[DP]  5.676061e-01
 iter:  34:2        |ddm|: 4.985680e-04     Tr[DP]  5.676066e-01
 iter:  35:1        |ddm|: 5.626447e-04     Tr[DP]  5.676057e-01
 iter:  35:2        |ddm|: 4.625565e-04     Tr[DP]  5.676062e-01
 iter:  36:1        |ddm|: 5.158866e-04     Tr[DP]  5.676057e-01
 iter:  36:2        |ddm|: 4.319160e-04     Tr[DP]  5.676058e-01
 iter:  37:1        |ddm|: 4.607478e-04     Tr[DP]  5.676056e-01
 iter:  37:2        |ddm|: 4.002443e-04     Tr[DP]  5.676058e-01
 iter:  38:1        |ddm|: 4.795068e-04     Tr[DP]  5.676054e-01
 iter:  38:2        |ddm|: 4.048712e-04     Tr[DP]  5.676056e-01
 iter:  39:1        |ddm|: 4.613544e-04     Tr[DP]  5.676055e-01
 iter:  39:2        |ddm|: 4.276435e-04     Tr[DP]  5.676059e-01
 iter:  40:1        |ddm|: 5.125886e-04     Tr[DP]  5.676056e-01
 iter:  40:2        |ddm|: 4.316357e-04     Tr[DP]  5.676058e-01
 iter:  41:1        |ddm|: 5.843536e-04     Tr[DP]  5.676053e-01
 iter:  41:2        |ddm|: 4.603756e-04     Tr[DP]  5.676054e-01
 iter:  42:1        |ddm|: 4.553518e-04     Tr[DP]  5.676051e-01
 iter:  42:2        |ddm|: 3.919157e-04     Tr[DP]  5.676054e-01
 iter:  43:1        |ddm|: 4.734592e-04     Tr[DP]  5.676050e-01
 iter:  43:2        |ddm|: 3.942315e-04     Tr[DP]  5.676053e-01
 iter:  44:1        |ddm|: 4.403988e-04     Tr[DP]  5.676050e-01
 iter:  44:2        |ddm|: 3.750324e-04     Tr[DP]  5.676052e-01
 iter:  45:1        |ddm|: 4.196528e-04     Tr[DP]  5.676050e-01
 iter:  45:2        |ddm|: 3.798731e-04     Tr[DP]  5.676055e-01
 iter:  46:1        |ddm|: 5.132887e-04     Tr[DP]  5.676052e-01
 iter:  46:2        |ddm|: 4.890880e-04     Tr[DP]  5.676065e-01
 iter:  47:1        |ddm|: 5.929663e-04     Tr[DP]  5.676056e-01
 iter:  47:2        |ddm|: 4.511341e-04     Tr[DP]  5.676063e-01
 iter:  48:1        |ddm|: 5.840157e-04     Tr[DP]  5.676058e-01
 iter:  48:2        |ddm|: 4.600640e-04     Tr[DP]  5.676058e-01
 iter:  49:1        |ddm|: 4.152270e-04     Tr[DP]  5.676062e-01
 iter:  49:2        |ddm|: 3.734371e-04     Tr[DP]  5.676048e-01
 iter:  50:1        |ddm|: 6.975574e-04     Tr[DP]  5.676049e-01
 iter:  50:2        |ddm|: 5.534557e-04     Tr[DP]  5.676062e-01
 iter:  51:1        |ddm|: 3.735219e-04     Tr[DP]  5.676054e-01
 iter:  51:2        |ddm|: 3.368717e-04     Tr[DP]  5.676045e-01
 iter:  52:1        |ddm|: 8.708995e-04     Tr[DP]  5.676030e-01
 iter:  52:2        |ddm|: 7.070959e-04     Tr[DP]  5.676030e-01
 iter:  53:1        |ddm|: 9.400614e-04     Tr[DP]  5.676019e-01
 iter:  53:2        |ddm|: 6.472453e-04     Tr[DP]  5.676054e-01
 iter:  54:1        |ddm|: 5.876642e-04     Tr[DP]  5.676039e-01
 iter:  54:2        |ddm|: 3.443986e-04     Tr[DP]  5.676011e-01
 iter:  55:1        |ddm|: 2.098078e-04     Tr[DP]  5.676028e-01
 iter:  55:2        |ddm|: 1.719673e-04     Tr[DP]  5.676025e-01
 iter:  56:1        |ddm|: 1.998417e-04     Tr[DP]  5.676026e-01
 iter:  56:2        |ddm|: 1.706338e-04     Tr[DP]  5.676027e-01
 iter:  57:1        |ddm|: 2.030585e-04     Tr[DP]  5.676027e-01
 iter:  57:2        |ddm|: 1.698004e-04     Tr[DP]  5.676028e-01
 iter:  58:1        |ddm|: 2.589482e-04     Tr[DP]  5.676023e-01
 iter:  58:2        |ddm|: 2.062166e-04     Tr[DP]  5.676022e-01
 iter:  59:1        |ddm|: 1.605122e-04     Tr[DP]  5.676025e-01
 iter:  59:2        |ddm|: 1.478097e-04     Tr[DP]  5.676028e-01
 iter:  60:1        |ddm|: 1.966425e-04     Tr[DP]  5.676025e-01
 iter:  60:2        |ddm|: 1.573423e-04     Tr[DP]  5.676026e-01
 iter:  61:1        |ddm|: 1.709320e-04     Tr[DP]  5.676025e-01
 iter:  61:2        |ddm|: 1.433231e-04     Tr[DP]  5.676025e-01
 iter:  62:1        |ddm|: 1.677599e-04     Tr[DP]  5.676025e-01
 iter:  62:2        |ddm|: 1.400650e-04     Tr[DP]  5.676025e-01
 iter:  63:1        |ddm|: 2.104292e-04     Tr[DP]  5.676023e-01
 iter:  63:2        |ddm|: 1.651474e-04     Tr[DP]  5.676023e-01
 iter:  64:1        |ddm|: 1.677461e-04     Tr[DP]  5.676023e-01
 iter:  64:2        |ddm|: 1.538166e-04     Tr[DP]  5.676025e-01
 iter:  65:1        |ddm|: 1.982320e-04     Tr[DP]  5.676023e-01
 iter:  65:2        |ddm|: 1.489094e-04     Tr[DP]  5.676024e-01
 iter:  66:1        |ddm|: 1.549482e-04     Tr[DP]  5.676022e-01
 iter:  66:2        |ddm|: 1.293522e-04     Tr[DP]  5.676024e-01
 iter:  67:1        |ddm|: 1.394856e-04     Tr[DP]  5.676023e-01
 iter:  67:2        |ddm|: 1.210761e-04     Tr[DP]  5.676023e-01
 iter:  68:1        |ddm|: 1.390319e-04     Tr[DP]  5.676023e-01
 iter:  68:2        |ddm|: 1.247060e-04     Tr[DP]  5.676024e-01
 iter:  69:1        |ddm|: 1.511194e-04     Tr[DP]  5.676023e-01
 iter:  69:2        |ddm|: 1.276602e-04     Tr[DP]  5.676024e-01
 iter:  70:1        |ddm|: 1.539493e-04     Tr[DP]  5.676023e-01
 iter:  70:2        |ddm|: 1.267976e-04     Tr[DP]  5.676023e-01
 iter:  71:1        |ddm|: 1.416431e-04     Tr[DP]  5.676023e-01
 iter:  71:2        |ddm|: 1.248431e-04     Tr[DP]  5.676024e-01
 iter:  72:1        |ddm|: 2.105616e-04     Tr[DP]  5.676022e-01
 iter:  72:2        |ddm|: 1.573957e-04     Tr[DP]  5.676022e-01
 iter:  73:1        |ddm|: 1.326386e-04     Tr[DP]  5.676021e-01
 iter:  73:2        |ddm|: 1.107603e-04     Tr[DP]  5.676022e-01
 iter:  74:1        |ddm|: 1.772850e-04     Tr[DP]  5.676020e-01
 iter:  74:2        |ddm|: 1.367551e-04     Tr[DP]  5.676020e-01
 iter:  75:1        |ddm|: 1.089020e-04     Tr[DP]  5.676020e-01
 iter:  75:2        |ddm|: 9.682839e-05     Tr[DP]  5.676021e-01
 iter:  76:1        |ddm|: 1.243130e-04     Tr[DP]  5.676020e-01
 iter:  76:2        |ddm|: 9.922323e-05     Tr[DP]  5.676021e-01
 iter:  77:1        |ddm|: 1.758948e-04     Tr[DP]  5.676019e-01
 iter:  77:2        |ddm|: 1.339094e-04     Tr[DP]  5.676019e-01
 iter:  78:1        |ddm|: 8.656208e-05     Tr[DP]  5.676019e-01
 iter:  78:2        |ddm|: 7.484157e-05     Tr[DP]  5.676019e-01
 iter:  79:1        |ddm|: 8.754166e-05     Tr[DP]  5.676019e-01
 iter:  79:2        |ddm|: 7.575136e-05     Tr[DP]  5.676019e-01
 iter:  80:1        |ddm|: 8.649048e-05     Tr[DP]  5.676019e-01
 iter:  80:2        |ddm|: 7.935679e-05     Tr[DP]  5.676019e-01
 iter:  81:1        |ddm|: 1.082354e-04     Tr[DP]  5.676018e-01
 iter:  81:2        |ddm|: 8.493448e-05     Tr[DP]  5.676019e-01
 iter:  82:1        |ddm|: 1.037690e-04     Tr[DP]  5.676018e-01
 iter:  82:2        |ddm|: 8.254299e-05     Tr[DP]  5.676018e-01
 iter:  83:1        |ddm|: 8.349518e-05     Tr[DP]  5.676018e-01
 iter:  83:2        |ddm|: 7.031828e-05     Tr[DP]  5.676018e-01
 iter:  84:1        |ddm|: 1.851154e-04     Tr[DP]  5.676016e-01
 iter:  84:2        |ddm|: 1.440025e-04     Tr[DP]  5.676016e-01
 iter:  85:1        |ddm|: 6.213893e-05     Tr[DP]  5.676016e-01
 iter:  85:2        |ddm|: 4.446649e-05     Tr[DP]  5.676016e-01
 iter:  86:1        |ddm|: 7.612993e-05     Tr[DP]  5.676017e-01
 iter:  86:2        |ddm|: 6.950657e-05     Tr[DP]  5.676017e-01
 iter:  87:1        |ddm|: 7.187589e-05     Tr[DP]  5.676017e-01
 iter:  87:2        |ddm|: 6.131034e-05     Tr[DP]  5.676018e-01
 iter:  88:1        |ddm|: 8.616476e-05     Tr[DP]  5.676017e-01
 iter:  88:2        |ddm|: 6.542781e-05     Tr[DP]  5.676017e-01
 iter:  89:1        |ddm|: 6.736847e-05     Tr[DP]  5.676017e-01
 iter:  89:2        |ddm|: 5.593287e-05     Tr[DP]  5.676017e-01
 iter:  90:1        |ddm|: 6.247141e-05     Tr[DP]  5.676017e-01
 iter:  90:2        |ddm|: 5.830113e-05     Tr[DP]  5.676017e-01
 iter:  91:1        |ddm|: 1.824108e-04     Tr[DP]  5.676016e-01
 iter:  91:2        |ddm|: 1.358511e-04     Tr[DP]  5.676016e-01
 iter:  92:1        |ddm|: 7.148722e-05     Tr[DP]  5.676015e-01
 iter:  92:2        |ddm|: 5.693018e-05     Tr[DP]  5.676015e-01
 iter:  93:1        |ddm|: 1.257962e-04     Tr[DP]  5.676016e-01
 iter:  93:2        |ddm|: 9.855021e-05     Tr[DP]  5.676016e-01
 iter:  94:1        |ddm|: 6.814135e-05     Tr[DP]  5.676016e-01
 iter:  94:2        |ddm|: 5.667640e-05     Tr[DP]  5.676017e-01
 iter:  95:1        |ddm|: 8.066987e-05     Tr[DP]  5.676017e-01
 iter:  95:2        |ddm|: 7.365266e-05     Tr[DP]  5.676017e-01
 iter:  96:1        |ddm|: 1.740494e-04     Tr[DP]  5.676016e-01
 iter:  96:2        |ddm|: 1.239650e-04     Tr[DP]  5.676016e-01
 iter:  97:1        |ddm|: 4.655138e-05     Tr[DP]  5.676015e-01
 iter:  97:2        |ddm|: 3.712999e-05     Tr[DP]  5.676016e-01
 iter:  98:1        |ddm|: 7.243970e-05     Tr[DP]  5.676015e-01
 iter:  98:2        |ddm|: 5.673223e-05     Tr[DP]  5.676015e-01
 iter:  99:1        |ddm|: 3.775120e-05     Tr[DP]  5.676015e-01
 iter:  99:2        |ddm|: 3.306054e-05     Tr[DP]  5.676016e-01
 iter: 100:1        |ddm|: 5.405554e-05     Tr[DP]  5.676016e-01
 iter: 100:2        |ddm|: 5.194174e-05     Tr[DP]  5.676016e-01
 iter: 101:1        |ddm|: 5.475996e-05     Tr[DP]  5.676016e-01
 iter: 101:2        |ddm|: 4.363419e-05     Tr[DP]  5.676016e-01
 iter: 102:1        |ddm|: 8.365855e-05     Tr[DP]  5.676015e-01
 iter: 102:2        |ddm|: 6.431154e-05     Tr[DP]  5.676015e-01
 iter: 103:1        |ddm|: 3.860222e-05     Tr[DP]  5.676015e-01
 iter: 103:2        |ddm|: 3.318456e-05     Tr[DP]  5.676015e-01
 iter: 104:1        |ddm|: 3.569354e-05     Tr[DP]  5.676015e-01
 iter: 104:2        |ddm|: 3.124522e-05     Tr[DP]  5.676015e-01
 iter: 105:1        |ddm|: 3.808621e-05     Tr[DP]  5.676015e-01
 iter: 105:2        |ddm|: 3.214871e-05     Tr[DP]  5.676015e-01
 iter: 106:1        |ddm|: 4.843194e-05     Tr[DP]  5.676015e-01
 iter: 106:2        |ddm|: 3.826033e-05     Tr[DP]  5.676015e-01
 iter: 107:1        |ddm|: 3.266428e-05     Tr[DP]  5.676015e-01
 iter: 107:2        |ddm|: 2.797497e-05     Tr[DP]  5.676015e-01
 iter: 108:1        |ddm|: 3.042638e-05     Tr[DP]  5.676015e-01
 iter: 108:2        |ddm|: 2.666484e-05     Tr[DP]  5.676015e-01
 iter: 109:1        |ddm|: 3.136172e-05     Tr[DP]  5.676015e-01
 iter: 109:2        |ddm|: 2.718257e-05     Tr[DP]  5.676015e-01
 iter: 110:1        |ddm|: 4.153137e-05     Tr[DP]  5.676015e-01
 iter: 110:2        |ddm|: 3.220155e-05     Tr[DP]  5.676015e-01
 iter: 111:1        |ddm|: 6.310493e-05     Tr[DP]  5.676014e-01
 iter: 111:2        |ddm|: 4.980173e-05     Tr[DP]  5.676014e-01
 iter: 112:1        |ddm|: 3.733345e-05     Tr[DP]  5.676014e-01
 iter: 112:2        |ddm|: 2.879111e-05     Tr[DP]  5.676014e-01
 iter: 113:1        |ddm|: 3.085153e-05     Tr[DP]  5.676014e-01
 iter: 113:2        |ddm|: 2.882702e-05     Tr[DP]  5.676015e-01
 iter: 114:1        |ddm|: 3.471346e-05     Tr[DP]  5.676014e-01
 iter: 114:2        |ddm|: 2.639186e-05     Tr[DP]  5.676015e-01
 iter: 115:1        |ddm|: 3.001647e-05     Tr[DP]  5.676014e-01
 iter: 115:2        |ddm|: 2.454864e-05     Tr[DP]  5.676014e-01
 iter: 116:1        |ddm|: 2.737916e-05     Tr[DP]  5.676014e-01
 iter: 116:2        |ddm|: 2.311704e-05     Tr[DP]  5.676014e-01
 iter: 117:1        |ddm|: 2.683217e-05     Tr[DP]  5.676014e-01
 iter: 117:2        |ddm|: 2.263413e-05     Tr[DP]  5.676014e-01
 iter: 118:1        |ddm|: 2.588674e-05     Tr[DP]  5.676014e-01
 iter: 118:2        |ddm|: 2.216364e-05     Tr[DP]  5.676014e-01
 iter: 119:1        |ddm|: 2.617711e-05     Tr[DP]  5.676014e-01
 iter: 119:2        |ddm|: 2.416210e-05     Tr[DP]  5.676015e-01
 iter: 120:1        |ddm|: 2.869516e-05     Tr[DP]  5.676014e-01
 iter: 120:2        |ddm|: 2.435009e-05     Tr[DP]  5.676015e-01
 iter: 121:1        |ddm|: 2.879704e-05     Tr[DP]  5.676014e-01
 iter: 121:2        |ddm|: 2.438501e-05     Tr[DP]  5.676015e-01
 iter: 122:1        |ddm|: 3.926298e-05     Tr[DP]  5.676014e-01
 iter: 122:2        |ddm|: 2.971177e-05     Tr[DP]  5.676014e-01
 iter: 123:1        |ddm|: 2.390490e-05     Tr[DP]  5.676014e-01
 iter: 123:2        |ddm|: 2.061823e-05     Tr[DP]  5.676014e-01
 iter: 124:1        |ddm|: 2.348649e-05     Tr[DP]  5.676014e-01
 iter: 124:2        |ddm|: 2.015371e-05     Tr[DP]  5.676014e-01
 iter: 125:1        |ddm|: 5.154535e-05     Tr[DP]  5.676014e-01
 iter: 125:2        |ddm|: 3.951691e-05     Tr[DP]  5.676014e-01
 iter: 126:1        |ddm|: 1.893007e-05     Tr[DP]  5.676014e-01
 iter: 126:2        |ddm|: 1.503298e-05     Tr[DP]  5.676014e-01
 iter: 127:1        |ddm|: 6.037215e-05     Tr[DP]  5.676013e-01
 iter: 127:2        |ddm|: 4.782233e-05     Tr[DP]  5.676013e-01
 iter: 128:1        |ddm|: 2.264757e-05     Tr[DP]  5.676013e-01
 iter: 128:2        |ddm|: 1.058932e-05     Tr[DP]  5.676013e-01
 iter: 129:1        |ddm|: 3.868049e-05     Tr[DP]  5.676014e-01
 iter: 129:2        |ddm|: 3.234507e-05     Tr[DP]  5.676014e-01
 iter: 130:1        |ddm|: 2.373380e-05     Tr[DP]  5.676014e-01
 iter: 130:2        |ddm|: 1.570093e-05     Tr[DP]  5.676014e-01
 iter: 131:1        |ddm|: 1.717521e-05     Tr[DP]  5.676014e-01
 iter: 131:2        |ddm|: 1.380460e-05     Tr[DP]  5.676014e-01
 iter: 132:1        |ddm|: 1.519865e-05     Tr[DP]  5.676014e-01
 iter: 132:2        |ddm|: 1.290532e-05     Tr[DP]  5.676014e-01
 iter: 133:1        |ddm|: 1.804304e-05     Tr[DP]  5.676013e-01
 iter: 133:2        |ddm|: 1.401350e-05     Tr[DP]  5.676014e-01
 iter: 134:1        |ddm|: 1.305500e-05     Tr[DP]  5.676013e-01
 iter: 134:2        |ddm|: 1.141640e-05     Tr[DP]  5.676014e-01
 iter: 135:1        |ddm|: 1.307150e-05     Tr[DP]  5.676013e-01
 iter: 135:2        |ddm|: 1.177375e-05     Tr[DP]  5.676014e-01
 iter: 136:1        |ddm|: 2.340628e-05     Tr[DP]  5.676014e-01
 iter: 136:2        |ddm|: 2.140945e-05     Tr[DP]  5.676014e-01
 iter: 137:1        |ddm|: 2.123044e-05     Tr[DP]  5.676014e-01
 iter: 137:2        |ddm|: 1.843656e-05     Tr[DP]  5.676014e-01
 iter: 138:1        |ddm|: 5.282856e-05     Tr[DP]  5.676013e-01
 iter: 138:2        |ddm|: 3.826461e-05     Tr[DP]  5.676013e-01
 iter: 139:1        |ddm|: 1.383309e-05     Tr[DP]  5.676013e-01
 iter: 139:2        |ddm|: 9.873620e-06     Tr[DP]  5.676013e-01
 iter: 140:1        |ddm|: 1.342353e-05     Tr[DP]  5.676013e-01
 iter: 140:2        |ddm|: 1.092952e-05     Tr[DP]  5.676013e-01
 iter: 141:1        |ddm|: 1.800755e-05     Tr[DP]  5.676013e-01
 iter: 141:2        |ddm|: 1.400925e-05     Tr[DP]  5.676013e-01
 iter: 142:1        |ddm|: 1.549212e-05     Tr[DP]  5.676013e-01
 iter: 142:2        |ddm|: 1.245975e-05     Tr[DP]  5.676013e-01
 iter: 143:1        |ddm|: 8.739122e-06     Tr[DP]  5.676013e-01
 iter: 143:2        |ddm|: 7.210371e-06     Tr[DP]  5.676013e-01
 iter: 144:1        |ddm|: 7.484635e-06     Tr[DP]  5.676013e-01
 iter: 144:2        |ddm|: 6.612062e-06     Tr[DP]  5.676013e-01
 iter: 145:1        |ddm|: 8.305223e-06     Tr[DP]  5.676013e-01
 iter: 145:2        |ddm|: 6.990099e-06     Tr[DP]  5.676013e-01
 iter: 146:1        |ddm|: 8.663953e-06     Tr[DP]  5.676013e-01
 iter: 146:2        |ddm|: 7.135748e-06     Tr[DP]  5.676013e-01
 iter: 147:1        |ddm|: 9.819378e-06     Tr[DP]  5.676013e-01
 iter: 147:2        |ddm|: 7.847660e-06     Tr[DP]  5.676013e-01
 iter: 148:1        |ddm|: 8.859579e-06     Tr[DP]  5.676013e-01
 iter: 148:2        |ddm|: 8.275558e-06     Tr[DP]  5.676013e-01
 iter: 149:1        |ddm|: 9.374616e-06     Tr[DP]  5.676013e-01
 iter: 149:2        |ddm|: 8.819675e-06     Tr[DP]  5.676013e-01
 iter: 150:1        |ddm|: 9.938040e-06     Tr[DP]  5.676013e-01
 iter: 150:2        |ddm|: 8.445504e-06     Tr[DP]  5.676013e-01
 iter: 151:1        |ddm|: 1.705232e-05     Tr[DP]  5.676013e-01
 iter: 151:2        |ddm|: 1.235465e-05     Tr[DP]  5.676013e-01
 iter: 152:1        |ddm|: 1.215369e-05     Tr[DP]  5.676013e-01
 iter: 152:2        |ddm|: 9.338906e-06     Tr[DP]  5.676013e-01
 iter: 153:1        |ddm|: 5.993225e-06     Tr[DP]  5.676013e-01
 iter: 153:2        |ddm|: 4.982189e-06     Tr[DP]  5.676013e-01
 iter: 154:1        |ddm|: 6.271187e-06     Tr[DP]  5.676013e-01
 iter: 154:2        |ddm|: 5.301555e-06     Tr[DP]  5.676013e-01
 iter: 155:1        |ddm|: 6.209738e-06     Tr[DP]  5.676013e-01
 iter: 155:2        |ddm|: 5.286250e-06     Tr[DP]  5.676013e-01
 iter: 156:1        |ddm|: 6.625985e-06     Tr[DP]  5.676013e-01
 iter: 156:2        |ddm|: 5.407315e-06     Tr[DP]  5.676013e-01
 iter: 157:1        |ddm|: 5.699919e-06     Tr[DP]  5.676013e-01
 iter: 157:2        |ddm|: 4.928295e-06     Tr[DP]  5.676013e-01
 iter: 158:1        |ddm|: 5.649698e-06     Tr[DP]  5.676013e-01
 iter: 158:2        |ddm|: 5.034923e-06     Tr[DP]  5.676013e-01
 iter: 159:1        |ddm|: 6.848330e-06     Tr[DP]  5.676013e-01
 iter: 159:2        |ddm|: 6.398752e-06     Tr[DP]  5.676013e-01
 iter: 160:1        |ddm|: 9.977141e-06     Tr[DP]  5.676013e-01
 iter: 160:2        |ddm|: 7.133537e-06     Tr[DP]  5.676013e-01
 iter: 161:1        |ddm|: 7.997709e-06     Tr[DP]  5.676013e-01
 iter: 161:2        |ddm|: 6.214725e-06     Tr[DP]  5.676013e-01
 iter: 162:1        |ddm|: 5.535643e-06     Tr[DP]  5.676013e-01
 iter: 162:2        |ddm|: 4.562793e-06     Tr[DP]  5.676013e-01
 iter: 163:1        |ddm|: 6.183817e-06     Tr[DP]  5.676013e-01
 iter: 163:2        |ddm|: 4.908511e-06     Tr[DP]  5.676013e-01
 iter: 164:1        |ddm|: 4.254160e-06     Tr[DP]  5.676013e-01
 iter: 164:2        |ddm|: 3.586498e-06     Tr[DP]  5.676013e-01
 iter: 165:1        |ddm|: 3.674023e-06     Tr[DP]  5.676013e-01
 iter: 165:2        |ddm|: 3.299847e-06     Tr[DP]  5.676013e-01
 iter: 166:1        |ddm|: 4.265523e-06     Tr[DP]  5.676013e-01
 iter: 166:2        |ddm|: 4.014328e-06     Tr[DP]  5.676013e-01
 iter: 167:1        |ddm|: 4.914967e-06     Tr[DP]  5.676013e-01
 iter: 167:2        |ddm|: 3.934503e-06     Tr[DP]  5.676013e-01
 iter: 168:1        |ddm|: 4.995664e-06     Tr[DP]  5.676013e-01
 iter: 168:2        |ddm|: 3.968215e-06     Tr[DP]  5.676013e-01
 iter: 169:1        |ddm|: 4.477054e-06     Tr[DP]  5.676013e-01
 iter: 169:2        |ddm|: 3.650358e-06     Tr[DP]  5.676013e-01
 iter: 170:1        |ddm|: 4.295016e-06     Tr[DP]  5.676013e-01
 iter: 170:2        |ddm|: 3.505094e-06     Tr[DP]  5.676013e-01
 iter: 171:1        |ddm|: 4.024650e-06     Tr[DP]  5.676013e-01
 iter: 171:2        |ddm|: 3.305821e-06     Tr[DP]  5.676013e-01
 iter: 172:1        |ddm|: 3.821386e-06     Tr[DP]  5.676013e-01
 iter: 172:2        |ddm|: 3.118103e-06     Tr[DP]  5.676013e-01
 iter: 173:1        |ddm|: 2.773856e-06     Tr[DP]  5.676013e-01
 iter: 173:2        |ddm|: 2.466718e-06     Tr[DP]  5.676013e-01
 iter: 174:1        |ddm|: 3.000821e-06     Tr[DP]  5.676013e-01
 iter: 174:2        |ddm|: 2.564779e-06     Tr[DP]  5.676013e-01
 iter: 175:1        |ddm|: 3.169073e-06     Tr[DP]  5.676013e-01
 iter: 175:2        |ddm|: 2.605605e-06     Tr[DP]  5.676013e-01
 iter: 176:1        |ddm|: 2.898659e-06     Tr[DP]  5.676013e-01
 iter: 176:2        |ddm|: 2.454561e-06     Tr[DP]  5.676013e-01
 iter: 177:1        |ddm|: 2.799166e-06     Tr[DP]  5.676013e-01
 iter: 177:2        |ddm|: 2.385923e-06     Tr[DP]  5.676013e-01
 iter: 178:1        |ddm|: 2.706424e-06     Tr[DP]  5.676013e-01
 iter: 178:2        |ddm|: 2.472098e-06     Tr[DP]  5.676013e-01
 iter: 179:1        |ddm|: 3.144522e-06     Tr[DP]  5.676013e-01
 iter: 179:2        |ddm|: 2.537703e-06     Tr[DP]  5.676013e-01
 iter: 180:1        |ddm|: 2.858883e-06     Tr[DP]  5.676013e-01
 iter: 180:2        |ddm|: 2.410404e-06     Tr[DP]  5.676013e-01
 iter: 181:1        |ddm|: 2.848392e-06     Tr[DP]  5.676013e-01
 iter: 181:2        |ddm|: 2.373888e-06     Tr[DP]  5.676013e-01
 iter: 182:1        |ddm|: 2.723705e-06     Tr[DP]  5.676013e-01
 iter: 182:2        |ddm|: 2.296076e-06     Tr[DP]  5.676013e-01
 iter: 183:1        |ddm|: 2.664345e-06     Tr[DP]  5.676013e-01
 iter: 183:2        |ddm|: 2.245751e-06     Tr[DP]  5.676013e-01
 iter: 184:1        |ddm|: 3.824722e-06     Tr[DP]  5.676013e-01
 iter: 184:2        |ddm|: 3.511042e-06     Tr[DP]  5.676013e-01
 iter: 185:1        |ddm|: 3.880224e-06     Tr[DP]  5.676013e-01
 iter: 185:2        |ddm|: 2.857296e-06     Tr[DP]  5.676013e-01
 iter: 186:1        |ddm|: 5.923546e-06     Tr[DP]  5.676013e-01
 iter: 186:2        |ddm|: 4.407800e-06     Tr[DP]  5.676013e-01
 iter: 187:1        |ddm|: 2.687404e-06     Tr[DP]  5.676013e-01
 iter: 187:2        |ddm|: 2.127353e-06     Tr[DP]  5.676013e-01
 iter: 188:1        |ddm|: 2.725460e-06     Tr[DP]  5.676013e-01
 iter: 188:2        |ddm|: 2.167727e-06     Tr[DP]  5.676013e-01
 iter: 189:1        |ddm|: 2.274865e-06     Tr[DP]  5.676013e-01
 iter: 189:2        |ddm|: 1.831818e-06     Tr[DP]  5.676013e-01
 iter: 190:1        |ddm|: 1.650878e-06     Tr[DP]  5.676013e-01
 iter: 190:2        |ddm|: 1.379141e-06     Tr[DP]  5.676013e-01
 iter: 191:1        |ddm|: 1.422140e-06     Tr[DP]  5.676013e-01
 iter: 191:2        |ddm|: 1.277655e-06     Tr[DP]  5.676013e-01
 iter: 192:1        |ddm|: 1.530622e-06     Tr[DP]  5.676013e-01
 iter: 192:2        |ddm|: 1.353194e-06     Tr[DP]  5.676013e-01
 iter: 193:1        |ddm|: 1.595413e-06     Tr[DP]  5.676013e-01
 iter: 193:2        |ddm|: 1.405054e-06     Tr[DP]  5.676013e-01
 iter: 194:1        |ddm|: 1.668537e-06     Tr[DP]  5.676013e-01
 iter: 194:2        |ddm|: 1.436417e-06     Tr[DP]  5.676013e-01
 iter: 195:1        |ddm|: 1.906756e-06     Tr[DP]  5.676013e-01
 iter: 195:2        |ddm|: 1.505777e-06     Tr[DP]  5.676013e-01
 iter: 196:1        |ddm|: 2.009392e-06     Tr[DP]  5.676013e-01
 iter: 196:2        |ddm|: 1.591244e-06     Tr[DP]  5.676013e-01
 iter: 197:1        |ddm|: 1.868207e-06     Tr[DP]  5.676013e-01
 iter: 197:2        |ddm|: 1.500220e-06     Tr[DP]  5.676013e-01
 iter: 198:1        |ddm|: 1.245115e-06     Tr[DP]  5.676013e-01
 iter: 198:2        |ddm|: 1.054055e-06     Tr[DP]  5.676013e-01
 iter: 199:1        |ddm|: 1.198914e-06     Tr[DP]  5.676013e-01
 iter: 199:2        |ddm|: 1.011338e-06     Tr[DP]  5.676013e-01
 iter: 200:1        |ddm|: 1.100466e-06     Tr[DP]  5.676013e-01
 iter: 200:2        |ddm|: 9.489220e-07     Tr[DP]  5.676013e-01
 iter: 201:1        |ddm|: 1.074600e-06     Tr[DP]  5.676013e-01
 iter: 201:2        |ddm|: 9.459570e-07     Tr[DP]  5.676013e-01
 iter: 202:1        |ddm|: 1.219286e-06     Tr[DP]  5.676013e-01
 iter: 202:2        |ddm|: 1.009925e-06     Tr[DP]  5.676013e-01
 iter: 203:1        |ddm|: 1.028116e-06     Tr[DP]  5.676013e-01
 iter: 203:2        |ddm|: 9.427148e-07     Tr[DP]  5.676013e-01
 iter: 204:1        |ddm|: 1.177722e-06     Tr[DP]  5.676013e-01
 iter: 204:2        |ddm|: 9.724763e-07     Tr[DP]  5.676013e-01
 iter: 205:1        |ddm|: 1.138981e-06     Tr[DP]  5.676013e-01
 iter: 205:2        |ddm|: 9.498440e-07     Tr[DP]  5.676013e-01
 iter: 206:1        |ddm|: 1.071858e-06     Tr[DP]  5.676013e-01
 iter: 206:2        |ddm|: 9.159661e-07     Tr[DP]  5.676013e-01
 iter: 207:1        |ddm|: 1.047874e-06     Tr[DP]  5.676013e-01
 iter: 207:2        |ddm|: 9.089772e-07     Tr[DP]  5.676013e-01
 iter: 208:1        |ddm|: 1.085343e-06     Tr[DP]  5.676013e-01
 iter: 208:2        |ddm|: 9.165786e-07     Tr[DP]  5.676013e-01
 iter: 209:1        |ddm|: 1.052535e-06     Tr[DP]  5.676013e-01
 iter: 209:2        |ddm|: 9.222125e-07     Tr[DP]  5.676013e-01
 iter: 210:1        |ddm|: 1.132069e-06     Tr[DP]  5.676013e-01
 iter: 210:2        |ddm|: 9.126298e-07     Tr[DP]  5.676013e-01
 iter: 211:1        |ddm|: 1.143230e-06     Tr[DP]  5.676013e-01
 iter: 211:2        |ddm|: 9.304135e-07     Tr[DP]  5.676013e-01
 iter: 212:1        |ddm|: 1.084314e-06     Tr[DP]  5.676013e-01
 iter: 212:2        |ddm|: 8.868364e-07     Tr[DP]  5.676013e-01
 iter: 213:1        |ddm|: 1.225237e-06     Tr[DP]  5.676013e-01
 iter: 213:2        |ddm|: 1.115231e-06     Tr[DP]  5.676013e-01
 iter: 214:1        |ddm|: 2.312257e-06     Tr[DP]  5.676013e-01
 iter: 214:2        |ddm|: 1.613848e-06     Tr[DP]  5.676013e-01
 iter: 215:1        |ddm|: 1.598017e-06     Tr[DP]  5.676013e-01
 iter: 215:2        |ddm|: 1.224224e-06     Tr[DP]  5.676013e-01
 iter: 216:1        |ddm|: 1.050093e-06     Tr[DP]  5.676013e-01
 iter: 216:2        |ddm|: 8.723119e-07     Tr[DP]  5.676013e-01
 iter: 217:1        |ddm|: 5.692716e-07     Tr[DP]  5.676013e-01
 iter: 217:2        |ddm|: 4.300008e-07     Tr[DP]  5.676013e-01
 iter: 218:1        |ddm|: 5.699325e-07     Tr[DP]  5.676013e-01
 iter: 218:2        |ddm|: 4.761898e-07     Tr[DP]  5.676013e-01
 iter: 219:1        |ddm|: 5.278573e-07     Tr[DP]  5.676013e-01
 iter: 219:2        |ddm|: 4.565195e-07     Tr[DP]  5.676013e-01
 iter: 220:1        |ddm|: 5.422303e-07     Tr[DP]  5.676013e-01
 iter: 220:2        |ddm|: 4.625120e-07     Tr[DP]  5.676013e-01
 iter: 221:1        |ddm|: 5.069084e-07     Tr[DP]  5.676013e-01
 iter: 221:2        |ddm|: 4.414839e-07     Tr[DP]  5.676013e-01
 iter: 222:1        |ddm|: 5.016987e-07     Tr[DP]  5.676013e-01
 iter: 222:2        |ddm|: 4.615134e-07     Tr[DP]  5.676013e-01
 iter: 223:1        |ddm|: 5.880299e-07     Tr[DP]  5.676013e-01
 iter: 223:2        |ddm|: 4.871056e-07     Tr[DP]  5.676013e-01
 iter: 224:1        |ddm|: 5.471678e-07     Tr[DP]  5.676013e-01
 iter: 224:2        |ddm|: 4.469126e-07     Tr[DP]  5.676013e-01
 iter: 225:1        |ddm|: 4.927985e-07     Tr[DP]  5.676013e-01
 iter: 225:2        |ddm|: 4.276681e-07     Tr[DP]  5.676013e-01
 iter: 226:1        |ddm|: 5.120787e-07     Tr[DP]  5.676013e-01
 iter: 226:2        |ddm|: 4.304459e-07     Tr[DP]  5.676013e-01
 iter: 227:1        |ddm|: 4.813471e-07     Tr[DP]  5.676013e-01
 iter: 227:2        |ddm|: 4.245417e-07     Tr[DP]  5.676013e-01
 iter: 228:1        |ddm|: 5.976539e-07     Tr[DP]  5.676013e-01
 iter: 228:2        |ddm|: 4.536641e-07     Tr[DP]  5.676013e-01
 iter: 229:1        |ddm|: 4.897003e-07     Tr[DP]  5.676013e-01
 iter: 229:2        |ddm|: 4.152786e-07     Tr[DP]  5.676013e-01
 iter: 230:1        |ddm|: 4.395443e-07     Tr[DP]  5.676013e-01
 iter: 230:2        |ddm|: 4.034884e-07     Tr[DP]  5.676013e-01
 iter: 231:1        |ddm|: 5.157592e-07     Tr[DP]  5.676013e-01
 iter: 231:2        |ddm|: 4.210481e-07     Tr[DP]  5.676013e-01
 iter: 232:1        |ddm|: 7.393489e-07     Tr[DP]  5.676013e-01
 iter: 232:2        |ddm|: 5.076033e-07     Tr[DP]  5.676013e-01
 iter: 233:1        |ddm|: 1.332219e-06     Tr[DP]  5.676013e-01
 iter: 233:2        |ddm|: 1.043563e-06     Tr[DP]  5.676013e-01
 iter: 234:1        |ddm|: 6.993736e-07     Tr[DP]  5.676013e-01
 iter: 234:2        |ddm|: 4.207900e-07     Tr[DP]  5.676013e-01
 iter: 235:1        |ddm|: 2.986334e-07     Tr[DP]  5.676013e-01
 iter: 235:2        |ddm|: 2.444996e-07     Tr[DP]  5.676013e-01
 iter: 236:1        |ddm|: 2.940604e-07     Tr[DP]  5.676013e-01
 iter: 236:2        |ddm|: 2.479991e-07     Tr[DP]  5.676013e-01
 iter: 237:1        |ddm|: 2.874360e-07     Tr[DP]  5.676013e-01
 iter: 237:2        |ddm|: 2.430537e-07     Tr[DP]  5.676013e-01
 iter: 238:1        |ddm|: 2.837886e-07     Tr[DP]  5.676013e-01
 iter: 238:2        |ddm|: 2.409945e-07     Tr[DP]  5.676013e-01
 iter: 239:1        |ddm|: 2.854909e-07     Tr[DP]  5.676013e-01
 iter: 239:2        |ddm|: 2.426915e-07     Tr[DP]  5.676013e-01
 iter: 240:1        |ddm|: 2.626470e-07     Tr[DP]  5.676013e-01
 iter: 240:2        |ddm|: 2.472195e-07     Tr[DP]  5.676013e-01
 iter: 241:1        |ddm|: 3.576635e-07     Tr[DP]  5.676013e-01
 iter: 241:2        |ddm|: 2.666500e-07     Tr[DP]  5.676013e-01
 iter: 242:1        |ddm|: 2.523806e-07     Tr[DP]  5.676013e-01
 iter: 242:2        |ddm|: 2.194331e-07     Tr[DP]  5.676013e-01
 iter: 243:1        |ddm|: 3.319985e-07     Tr[DP]  5.676013e-01
 iter: 243:2        |ddm|: 2.394869e-07     Tr[DP]  5.676013e-01
 iter: 244:1        |ddm|: 2.214480e-07     Tr[DP]  5.676013e-01
 iter: 244:2        |ddm|: 2.025093e-07     Tr[DP]  5.676013e-01
 iter: 245:1        |ddm|: 2.727440e-07     Tr[DP]  5.676013e-01
 iter: 245:2        |ddm|: 2.072055e-07     Tr[DP]  5.676013e-01
 iter: 246:1        |ddm|: 3.946625e-07     Tr[DP]  5.676013e-01
 iter: 246:2        |ddm|: 3.239211e-07     Tr[DP]  5.676013e-01
 iter: 247:1        |ddm|: 2.005727e-07     Tr[DP]  5.676013e-01
 iter: 247:2        |ddm|: 1.695123e-07     Tr[DP]  5.676013e-01
 iter: 248:1        |ddm|: 1.718500e-07     Tr[DP]  5.676013e-01
 iter: 248:2        |ddm|: 1.497041e-07     Tr[DP]  5.676013e-01
 iter: 249:1        |ddm|: 1.703364e-07     Tr[DP]  5.676013e-01
 iter: 249:2        |ddm|: 1.470377e-07     Tr[DP]  5.676013e-01
 iter: 250:1        |ddm|: 1.724345e-07     Tr[DP]  5.676013e-01
 iter: 250:2        |ddm|: 1.457962e-07     Tr[DP]  5.676013e-01
 iter: 251:1        |ddm|: 1.677499e-07     Tr[DP]  5.676013e-01
 iter: 251:2        |ddm|: 1.417601e-07     Tr[DP]  5.676013e-01
 iter: 252:1        |ddm|: 1.635441e-07     Tr[DP]  5.676013e-01
 iter: 252:2        |ddm|: 1.426576e-07     Tr[DP]  5.676013e-01
 iter: 253:1        |ddm|: 1.697728e-07     Tr[DP]  5.676013e-01
 iter: 253:2        |ddm|: 1.519271e-07     Tr[DP]  5.676013e-01
 iter: 254:1        |ddm|: 2.180135e-07     Tr[DP]  5.676013e-01
 iter: 254:2        |ddm|: 1.634394e-07     Tr[DP]  5.676013e-01
 iter: 255:1        |ddm|: 1.600409e-07     Tr[DP]  5.676013e-01
 iter: 255:2        |ddm|: 1.366136e-07     Tr[DP]  5.676013e-01
 iter: 256:1        |ddm|: 1.578300e-07     Tr[DP]  5.676013e-01
 iter: 256:2        |ddm|: 1.338265e-07     Tr[DP]  5.676013e-01
 iter: 257:1        |ddm|: 1.540069e-07     Tr[DP]  5.676013e-01
 iter: 257:2        |ddm|: 1.308985e-07     Tr[DP]  5.676013e-01
 iter: 258:1        |ddm|: 1.484545e-07     Tr[DP]  5.676013e-01
 iter: 258:2        |ddm|: 1.291770e-07     Tr[DP]  5.676013e-01
 iter: 259:1        |ddm|: 1.963368e-07     Tr[DP]  5.676013e-01
 iter: 259:2        |ddm|: 1.204009e-07     Tr[DP]  5.676013e-01
 iter: 260:1        |ddm|: 2.077883e-07     Tr[DP]  5.676013e-01
 iter: 260:2        |ddm|: 1.447969e-07     Tr[DP]  5.676013e-01
 iter: 261:1        |ddm|: 2.447698e-07     Tr[DP]  5.676013e-01
 iter: 261:2        |ddm|: 1.726389e-07     Tr[DP]  5.676013e-01
 iter: 262:1        |ddm|: 1.374425e-07     Tr[DP]  5.676013e-01
 iter: 262:2        |ddm|: 1.156566e-07     Tr[DP]  5.676013e-01
 iter: 263:1        |ddm|: 1.593388e-07     Tr[DP]  5.676013e-01
 iter: 263:2        |ddm|: 1.346006e-07     Tr[DP]  5.676013e-01
 iter: 264:1        |ddm|: 2.579882e-07     Tr[DP]  5.676013e-01
 iter: 264:2        |ddm|: 2.013566e-07     Tr[DP]  5.676013e-01
 iter: 265:1        |ddm|: 9.763798e-08     Tr[DP]  5.676013e-01
 iter: 265:2        |ddm|: 7.589679e-08     Tr[DP]  5.676013e-01
 iter: 266:1        |ddm|: 8.071032e-08     Tr[DP]  5.676013e-01
 iter: 266:2        |ddm|: 6.957163e-08     Tr[DP]  5.676013e-01
 iter: 267:1        |ddm|: 8.413772e-08     Tr[DP]  5.676013e-01
 iter: 267:2        |ddm|: 7.248181e-08     Tr[DP]  5.676013e-01
 iter: 268:1        |ddm|: 8.596441e-08     Tr[DP]  5.676013e-01
 iter: 268:2        |ddm|: 7.381383e-08     Tr[DP]  5.676013e-01
 iter: 269:1        |ddm|: 8.588957e-08     Tr[DP]  5.676013e-01
 iter: 269:2        |ddm|: 7.343702e-08     Tr[DP]  5.676013e-01
 iter: 270:1        |ddm|: 8.182378e-08     Tr[DP]  5.676013e-01
 iter: 270:2        |ddm|: 7.383437e-08     Tr[DP]  5.676013e-01
 iter: 271:1        |ddm|: 9.423177e-08     Tr[DP]  5.676013e-01
 iter: 271:2        |ddm|: 7.692308e-08     Tr[DP]  5.676013e-01
 iter: 272:1        |ddm|: 8.408727e-08     Tr[DP]  5.676013e-01
 iter: 272:2        |ddm|: 7.260277e-08     Tr[DP]  5.676013e-01
 iter: 273:1        |ddm|: 8.410341e-08     Tr[DP]  5.676013e-01
 iter: 273:2        |ddm|: 7.157480e-08     Tr[DP]  5.676013e-01
 iter: 274:1        |ddm|: 8.295701e-08     Tr[DP]  5.676013e-01
 iter: 274:2        |ddm|: 7.052768e-08     Tr[DP]  5.676013e-01
 iter: 275:1        |ddm|: 8.056847e-08     Tr[DP]  5.676013e-01
 iter: 275:2        |ddm|: 7.011458e-08     Tr[DP]  5.676013e-01
 iter: 276:1        |ddm|: 8.542955e-08     Tr[DP]  5.676013e-01
 iter: 276:2        |ddm|: 7.112863e-08     Tr[DP]  5.676013e-01
 iter: 277:1        |ddm|: 1.122290e-07     Tr[DP]  5.676013e-01
 iter: 277:2        |ddm|: 8.334612e-08     Tr[DP]  5.676013e-01
 iter: 278:1        |ddm|: 1.053052e-07     Tr[DP]  5.676013e-01
 iter: 278:2        |ddm|: 5.856879e-08     Tr[DP]  5.676013e-01
 iter: 279:1        |ddm|: 1.026130e-07     Tr[DP]  5.676013e-01
 iter: 279:2        |ddm|: 7.988769e-08     Tr[DP]  5.676013e-01
 iter: 280:1        |ddm|: 1.277181e-07     Tr[DP]  5.676013e-01
 iter: 280:2        |ddm|: 8.647761e-08     Tr[DP]  5.676013e-01
 iter: 281:1        |ddm|: 5.621685e-08     Tr[DP]  5.676013e-01
 iter: 281:2        |ddm|: 3.941322e-08     Tr[DP]  5.676013e-01
 iter: 282:1        |ddm|: 4.666301e-08     Tr[DP]  5.676013e-01
 iter: 282:2        |ddm|: 3.989730e-08     Tr[DP]  5.676013e-01
 iter: 283:1        |ddm|: 4.899746e-08     Tr[DP]  5.676013e-01
 iter: 283:2        |ddm|: 4.186724e-08     Tr[DP]  5.676013e-01
 iter: 284:1        |ddm|: 4.909610e-08     Tr[DP]  5.676013e-01
 iter: 284:2        |ddm|: 4.169504e-08     Tr[DP]  5.676013e-01
 iter: 285:1        |ddm|: 4.802926e-08     Tr[DP]  5.676013e-01
 iter: 285:2        |ddm|: 4.086301e-08     Tr[DP]  5.676013e-01
 iter: 286:1        |ddm|: 4.641543e-08     Tr[DP]  5.676013e-01
 iter: 286:2        |ddm|: 3.971723e-08     Tr[DP]  5.676013e-01
 iter: 287:1        |ddm|: 6.108287e-08     Tr[DP]  5.676013e-01
 iter: 287:2        |ddm|: 4.157752e-08     Tr[DP]  5.676013e-01
 iter: 288:1        |ddm|: 3.810841e-08     Tr[DP]  5.676013e-01
 iter: 288:2        |ddm|: 3.219823e-08     Tr[DP]  5.676013e-01
 iter: 289:1        |ddm|: 3.623228e-08     Tr[DP]  5.676013e-01
 iter: 289:2        |ddm|: 3.049703e-08     Tr[DP]  5.676013e-01
 iter: 290:1        |ddm|: 3.547261e-08     Tr[DP]  5.676013e-01
 iter: 290:2        |ddm|: 3.019258e-08     Tr[DP]  5.676013e-01
 iter: 291:1        |ddm|: 3.676937e-08     Tr[DP]  5.676013e-01
 iter: 291:2        |ddm|: 3.391781e-08     Tr[DP]  5.676013e-01
 iter: 292:1        |ddm|: 3.858681e-08     Tr[DP]  5.676013e-01
 iter: 292:2        |ddm|: 3.019741e-08     Tr[DP]  5.676013e-01
 iter: 293:1        |ddm|: 3.404946e-08     Tr[DP]  5.676013e-01
 iter: 293:2        |ddm|: 2.946195e-08     Tr[DP]  5.676013e-01
 iter: 294:1        |ddm|: 3.560348e-08     Tr[DP]  5.676013e-01
 iter: 294:2        |ddm|: 2.928514e-08     Tr[DP]  5.676013e-01
 iter: 295:1        |ddm|: 3.393096e-08     Tr[DP]  5.676013e-01
 iter: 295:2        |ddm|: 2.806019e-08     Tr[DP]  5.676013e-01
 iter: 296:1        |ddm|: 3.222101e-08     Tr[DP]  5.676013e-01
 iter: 296:2        |ddm|: 2.659453e-08     Tr[DP]  5.676013e-01
 iter: 297:1        |ddm|: 3.063333e-08     Tr[DP]  5.676013e-01
 iter: 297:2        |ddm|: 2.532791e-08     Tr[DP]  5.676013e-01
 iter: 298:1        |ddm|: 2.898056e-08     Tr[DP]  5.676013e-01
 iter: 298:2        |ddm|: 2.421176e-08     Tr[DP]  5.676013e-01
 iter: 299:1        |ddm|: 2.835961e-08     Tr[DP]  5.676013e-01
 iter: 299:2        |ddm|: 2.378367e-08     Tr[DP]  5.676013e-01
 iter: 300:1        |ddm|: 2.738695e-08     Tr[DP]  5.676013e-01
 iter: 300:2        |ddm|: 2.313240e-08     Tr[DP]  5.676013e-01
 iter: 301:1        |ddm|: 2.693672e-08     Tr[DP]  5.676013e-01
 iter: 301:2        |ddm|: 2.268157e-08     Tr[DP]  5.676013e-01
 iter: 302:1        |ddm|: 2.636322e-08     Tr[DP]  5.676013e-01
 iter: 302:2        |ddm|: 2.214353e-08     Tr[DP]  5.676013e-01
 iter: 303:1        |ddm|: 2.564431e-08     Tr[DP]  5.676013e-01
 iter: 303:2        |ddm|: 2.145535e-08     Tr[DP]  5.676013e-01
 iter: 304:1        |ddm|: 2.481278e-08     Tr[DP]  5.676013e-01
 iter: 304:2        |ddm|: 2.068118e-08     Tr[DP]  5.676013e-01
 iter: 305:1        |ddm|: 2.388268e-08     Tr[DP]  5.676013e-01
 iter: 305:2        |ddm|: 1.986964e-08     Tr[DP]  5.676013e-01
 iter: 306:1        |ddm|: 2.303712e-08     Tr[DP]  5.676013e-01
 iter: 306:2        |ddm|: 1.918788e-08     Tr[DP]  5.676013e-01
 iter: 307:1        |ddm|: 2.220992e-08     Tr[DP]  5.676013e-01
 iter: 307:2        |ddm|: 1.853911e-08     Tr[DP]  5.676013e-01
 iter: 308:1        |ddm|: 2.149222e-08     Tr[DP]  5.676013e-01
 iter: 308:2        |ddm|: 1.798106e-08     Tr[DP]  5.676013e-01
 iter: 309:1        |ddm|: 2.085455e-08     Tr[DP]  5.676013e-01
 iter: 309:2        |ddm|: 1.748477e-08     Tr[DP]  5.676013e-01
 iter: 310:1        |ddm|: 2.026221e-08     Tr[DP]  5.676013e-01
 iter: 310:2        |ddm|: 1.699951e-08     Tr[DP]  5.676013e-01
 iter: 311:1        |ddm|: 1.968266e-08     Tr[DP]  5.676013e-01
 iter: 311:2        |ddm|: 1.650035e-08     Tr[DP]  5.676013e-01
 iter: 312:1        |ddm|: 1.909015e-08     Tr[DP]  5.676013e-01
 iter: 312:2        |ddm|: 1.597146e-08     Tr[DP]  5.676013e-01
 iter: 313:1        |ddm|: 1.849160e-08     Tr[DP]  5.676013e-01
 iter: 313:2        |ddm|: 1.544900e-08     Tr[DP]  5.676013e-01
 iter: 314:1        |ddm|: 1.788902e-08     Tr[DP]  5.676013e-01
 iter: 314:2        |ddm|: 1.493241e-08     Tr[DP]  5.676013e-01
 iter: 315:1        |ddm|: 1.730112e-08     Tr[DP]  5.676013e-01
 iter: 315:2        |ddm|: 1.444037e-08     Tr[DP]  5.676013e-01
 iter: 316:1        |ddm|: 1.673787e-08     Tr[DP]  5.676013e-01
 iter: 316:2        |ddm|: 1.398249e-08     Tr[DP]  5.676013e-01
 iter: 317:1        |ddm|: 1.620550e-08     Tr[DP]  5.676013e-01
 iter: 317:2        |ddm|: 1.355458e-08     Tr[DP]  5.676013e-01
 iter: 318:1        |ddm|: 1.570265e-08     Tr[DP]  5.676013e-01
 iter: 318:2        |ddm|: 1.314753e-08     Tr[DP]  5.676013e-01
 iter: 319:1        |ddm|: 1.522223e-08     Tr[DP]  5.676013e-01
 iter: 319:2        |ddm|: 1.274753e-08     Tr[DP]  5.676013e-01
 iter: 320:1        |ddm|: 1.475784e-08     Tr[DP]  5.676013e-01
 iter: 320:2        |ddm|: 1.235391e-08     Tr[DP]  5.676013e-01
 iter: 321:1        |ddm|: 1.430204e-08     Tr[DP]  5.676013e-01
 iter: 321:2        |ddm|: 1.196398e-08     Tr[DP]  5.676013e-01
 iter: 322:1        |ddm|: 1.385472e-08     Tr[DP]  5.676013e-01
 iter: 322:2        |ddm|: 1.158160e-08     Tr[DP]  5.676013e-01
 iter: 323:1        |ddm|: 1.341660e-08     Tr[DP]  5.676013e-01
 iter: 323:2        |ddm|: 1.121065e-08     Tr[DP]  5.676013e-01
 iter: 324:1        |ddm|: 1.298967e-08     Tr[DP]  5.676013e-01
 iter: 324:2        |ddm|: 1.085434e-08     Tr[DP]  5.676013e-01
 iter: 325:1        |ddm|: 1.257739e-08     Tr[DP]  5.676013e-01
 iter: 325:2        |ddm|: 1.051525e-08     Tr[DP]  5.676013e-01
 iter: 326:1        |ddm|: 1.218055e-08     Tr[DP]  5.676013e-01
 iter: 326:2        |ddm|: 1.018845e-08     Tr[DP]  5.676013e-01
 iter: 327:1        |ddm|: 1.179990e-08     Tr[DP]  5.676013e-01
 iter: 327:2        |ddm|: 9.873008e-09     Tr[DP]  5.676013e-01
 iter: 328:1        |ddm|: 1.143270e-08     Tr[DP]  5.676013e-01
 iter: 328:2        |ddm|: 9.565800e-09     Tr[DP]  5.676013e-01
 iter: 329:1        |ddm|: 1.107703e-08     Tr[DP]  5.676013e-01
 iter: 329:2        |ddm|: 9.266472e-09     Tr[DP]  5.676013e-01
 iter: 330:1        |ddm|: 1.073171e-08     Tr[DP]  5.676013e-01
 iter: 330:2        |ddm|: 8.975179e-09     Tr[DP]  5.676013e-01
 iter: 331:1        |ddm|: 1.039553e-08     Tr[DP]  5.676013e-01
 iter: 331:2        |ddm|: 8.691244e-09     Tr[DP]  5.676013e-01
 iter: 332:1        |ddm|: 1.006862e-08     Tr[DP]  5.676013e-01
 iter: 332:2        |ddm|: 8.417816e-09     Tr[DP]  5.676013e-01
 iter: 333:1        |ddm|: 9.751661e-09     Tr[DP]  5.676013e-01
 iter: 333:2        |ddm|: 8.153704e-09     Tr[DP]  5.676013e-01
 iter: 334:1        |ddm|: 9.444385e-09     Tr[DP]  5.676013e-01
 iter: 334:2        |ddm|: 7.898076e-09     Tr[DP]  5.676013e-01
 iter: 335:1        |ddm|: 9.147973e-09     Tr[DP]  5.676013e-01
 iter: 335:2        |ddm|: 7.651722e-09     Tr[DP]  5.676013e-01
 iter: 336:1        |ddm|: 8.861856e-09     Tr[DP]  5.676013e-01
 iter: 336:2        |ddm|: 7.412700e-09     Tr[DP]  5.676013e-01
 iter: 337:1        |ddm|: 8.584589e-09     Tr[DP]  5.676013e-01
 iter: 337:2        |ddm|: 7.180828e-09     Tr[DP]  5.676013e-01
 iter: 338:1        |ddm|: 8.316558e-09     Tr[DP]  5.676013e-01
 iter: 338:2        |ddm|: 6.955279e-09     Tr[DP]  5.676013e-01
 iter: 339:1        |ddm|: 8.055391e-09     Tr[DP]  5.676013e-01
 iter: 339:2        |ddm|: 6.736678e-09     Tr[DP]  5.676013e-01
 iter: 340:1        |ddm|: 7.803269e-09     Tr[DP]  5.676013e-01
 iter: 340:2        |ddm|: 6.525440e-09     Tr[DP]  5.676013e-01
 iter: 341:1        |ddm|: 7.558109e-09     Tr[DP]  5.676013e-01
 iter: 341:2        |ddm|: 6.320523e-09     Tr[DP]  5.676013e-01
 iter: 342:1        |ddm|: 7.320562e-09     Tr[DP]  5.676013e-01
 iter: 342:2        |ddm|: 6.122475e-09     Tr[DP]  5.676013e-01
 iter: 343:1        |ddm|: 7.091060e-09     Tr[DP]  5.676013e-01
 iter: 343:2        |ddm|: 5.930706e-09     Tr[DP]  5.676013e-01
 iter: 344:1        |ddm|: 6.868308e-09     Tr[DP]  5.676013e-01
 iter: 344:2        |ddm|: 5.744788e-09     Tr[DP]  5.676013e-01
 iter: 345:1        |ddm|: 6.654323e-09     Tr[DP]  5.676013e-01
 iter: 345:2        |ddm|: 5.564995e-09     Tr[DP]  5.676013e-01
 iter: 346:1        |ddm|: 6.445358e-09     Tr[DP]  5.676013e-01
 iter: 346:2        |ddm|: 5.390492e-09     Tr[DP]  5.676013e-01
 iter: 347:1        |ddm|: 6.243498e-09     Tr[DP]  5.676013e-01
 iter: 347:2        |ddm|: 5.221359e-09     Tr[DP]  5.676013e-01
 iter: 348:1        |ddm|: 6.048135e-09     Tr[DP]  5.676013e-01
 iter: 348:2        |ddm|: 5.057190e-09     Tr[DP]  5.676013e-01
 iter: 349:1        |ddm|: 5.858827e-09     Tr[DP]  5.676013e-01
 iter: 349:2        |ddm|: 4.898855e-09     Tr[DP]  5.676013e-01
 iter: 350:1        |ddm|: 5.674598e-09     Tr[DP]  5.676013e-01
 iter: 350:2        |ddm|: 4.745419e-09     Tr[DP]  5.676013e-01
 iter: 351:1        |ddm|: 5.496334e-09     Tr[DP]  5.676013e-01
 iter: 351:2        |ddm|: 4.596545e-09     Tr[DP]  5.676013e-01
 iter: 352:1        |ddm|: 5.323736e-09     Tr[DP]  5.676013e-01
 iter: 352:2        |ddm|: 4.452399e-09     Tr[DP]  5.676013e-01
                           Freeze-and-Thaw converged!                           

=================== Subsystem 1 at higher mean-field method ====================
  subiter:   1      |ddm|: 7.152641e-01
  subiter:   2      |ddm|: 1.395920e-01
  subiter:   3      |ddm|: 2.742234e-02
  subiter:   4      |ddm|: 1.732973e-02
  subiter:   5      |ddm|: 3.027089e-03
  subiter:   6      |ddm|: 1.313663e-03
  subiter:   7      |ddm|: 6.793565e-04
  subiter:   8      |ddm|: 1.695348e-04
  subiter:   9      |ddm|: 5.993647e-05
  subiter:  10      |ddm|: 1.526313e-05
  subiter:  11      |ddm|: 1.216491e-05
  subiter:  12      |ddm|: 2.795666e-06
  subiter:  13      |ddm|: 1.468289e-06
  subiter:  14      |ddm|: 4.767362e-07
  subiter:  15      |ddm|: 1.779923e-07
  subiter:  16      |ddm|: 1.433958e-07
  subiter:  17      |ddm|: 2.840848e-08
  subiter:  18      |ddm|: 1.220524e-08
  subiter:  19      |ddm|: 5.746382e-09


******** <class 'pyscf.scf.hf.RHF'> flags ********
method = RHF
initial guess = minao
damping factor = 0
level shift factor = 0
DIIS = <class 'pyscf.scf.diis.CDIIS'>
DIIS start cycle = 1
DIIS space = 8
SCF tol = 1e-09
SCF gradient tol = None
max. SCF cycles = 100
direct_scf = True
direct_scf_tol = 1e-13
chkfile to save SCF result = /panfs/roc/scratch/graha682/2018_smear/201712_ccpVDZ_NEVPT2_m06_150_8c12h24/tmpBNwbGZ
max_memory 4000 MB (current use 2663 MB)
Set gradient conv threshold to 3.16228e-05
init E= -310.233591451629
  HOMO = -0.319364641669986  LUMO = 0.160481348404375
cycle= 1 E= -310.233591451629  delta_E= 6.82e-13  |g|= 2.14e-09  |ddm|= 9.68e-09
  HOMO = -0.319364641514713  LUMO = 0.160481348501712
Extra cycle  E= -310.233591451629  delta_E= -2.27e-13  |g|= 1.1e-09  |ddm|= 4.19e-09
converged SCF energy = -310.233591451629
 iter: 353:1        |ddm|: 8.360307e-01     Tr[DP]  6.697950e-01

******** <class 'pyscf.mcscf.mc1step.CASSCF'> flags ********
CAS (1e+1e, 2o), ncore = 30, nvir = 150
max_cycle_macro = 150
max_cycle_micro = 4
conv_tol = 1e-07
conv_tol_grad = None
orbital rotation max_stepsize = 0.02
augmented hessian ah_max_cycle = 30
augmented hessian ah_conv_tol = 1e-12
augmented hessian ah_linear dependence = 1e-14
augmented hessian ah_level shift = 0
augmented hessian ah_start_tol = 2.5
augmented hessian ah_start_cycle = 3
augmented hessian ah_grad_trust_region = 3
kf_trust_region = 3
kf_interval = 4
ci_response_space = 4
ci_grad_trust_region = 3
with_dep4 0
natorb = False
canonicalization = True
sorting_mo_energy = False
chkfile = /panfs/roc/scratch/graha682/2018_smear/201712_ccpVDZ_NEVPT2_m06_150_8c12h24/tmpBNwbGZ
max_memory 4000 MB (current use 2664 MB)
internal_rotation = False
******** <class 'pyscf.fci.direct_spin1.FCISolver'> flags ********
max. cycles = 50
conv_tol = 1e-08
davidson only = False
linear dependence = 1e-10
level shift = 0.001
max iter space = 12
max_memory 4000 MB
nroots = 1
pspace_size = 400
spin = None
CASCI E = -310.23897214251  S^2 = 0.0000000
Set conv_tol_grad to 0.000316228
macro iter 1 (21 JK  4 micro), CASSCF E = -310.260702716096  dE = -0.021730574  S^2 = 0.0000000
               |grad[o]|=0.0168  |grad[c]|= 0.0459371241042  |ddm|=0.0607
macro iter 2 (12 JK  4 micro), CASSCF E = -310.261683360356  dE = -0.00098064426  S^2 = 0.0000000
               |grad[o]|=0.0226  |grad[c]|= 0.00184531754147  |ddm|=0.011
macro iter 3 (6 JK  2 micro), CASSCF E = -310.261684337203  dE = -9.7684648e-07  S^2 = 0.0000000
               |grad[o]|=0.000412  |grad[c]|= 2.04366796221e-05  |ddm|=2.55e-05
macro iter 4 (1 JK  1 micro), CASSCF E = -310.261684337208  dE = -5.1727511e-12  S^2 = 0.0000000
               |grad[o]|=2.05e-05  |grad[c]|= 1.78984367421e-06  |ddm|=3.52e-06
1-step CASSCF converged in 4 macro (40 JK 11 micro) steps
CASSCF canonicalization
CASSCF energy = -310.261684337208
Hartree-Fock Energy:  -310.23359145162897
CAS Correlation:       -0.02809288557876
CAS Energy:          -310.26168433720773
Sr    (-1)',   E = -0.00000000008859
Si    (+1)',   E = -0.00000000008249
Sijrs (0)  ,   E = -1.05312172574470
Sijr  (+1) ,   E = -0.01692028720862
Srsi  (-1) ,   E = -0.05834727996373
Srs   (-2) ,   E = -0.00471870385131
Sij   (+2) ,   E = -0.00096021126794
Sir   (0)' ,   E = -0.03636928339670
Nevpt2 Energy = -1.170437491604082
NEVPT2 =   -1.170437491604082
Total NEVPT2 = -311.432121828811830

============================== Supermolecular DFT ==============================
  subiter:   1      |ddm|: 3.709741e+00
  subiter:   2      |ddm|: 3.016135e-01
  subiter:   3      |ddm|: 1.798110e-01
  subiter:   4      |ddm|: 1.811044e-02
  subiter:   5      |ddm|: 5.139770e-03
  subiter:   6      |ddm|: 1.558576e-03
  subiter:   7      |ddm|: 3.894032e-04
  subiter:   8      |ddm|: 1.642212e-04
  subiter:   9      |ddm|: 6.775068e-05
  subiter:  10      |ddm|: 1.690156e-05
  subiter:  11      |ddm|: 5.080853e-06
  subiter:  12      |ddm|: 2.924110e-06
  subiter:  13      |ddm|: 4.770961e-07
  subiter:  14      |ddm|: 2.343320e-07
  subiter:  15      |ddm|: 7.837373e-08
  subiter:  16      |ddm|: 2.798346e-08
  subiter:  17      |ddm|: 6.713819e-09


******** <class 'pyscf.dft.rks.RKS'> flags ********
method = RKS
initial guess = atom
damping factor = 0
level shift factor = 0.0
DIIS = <class 'pyscf.scf.diis.CDIIS'>
DIIS start cycle = 1
DIIS space = 8
SCF tol = 1e-08
SCF gradient tol = 1e-08
max. SCF cycles = 100
direct_scf = True
direct_scf_tol = 1e-13
chkfile to save SCF result = /panfs/roc/scratch/graha682/2018_smear/201712_ccpVDZ_NEVPT2_m06_150_8c12h24/tmppTxXPT
max_memory 4000 MB (current use 2695 MB)
XC functionals = m06
small_rho_cutoff = 1e-20
radial grids: Treutler-Ahlrichs (JCP 102, 346 (M4)) radial grids
becke partition: Becke, JCP, 88, 2547 (1988)
pruning grids: <function nwchem_prune at 0x1832578>
grids dens level: 4
symmetrized grids: False
atomic radii adjust function: <function treutler_atomic_radii_adjust at 0x1832410>
init E= -471.307276172515
  HOMO = -0.234006167311296  LUMO = 0.0116383350253659
cycle= 1 E= -471.307276172513  delta_E= 1.82e-12  |g|= 9.84e-09  |ddm|= 1.65e-08
  HOMO = -0.234006167024752  LUMO = 0.0116383352099727
Extra cycle  E= -471.307276172514  delta_E= -6.82e-13  |g|= 1.73e-08  |ddm|= 2.39e-08
converged SCF energy = -471.307276172514
  subiter:   1      |ddm|: 4.290429e-08
  subiter:   2      |ddm|: 7.905068e-08
  subiter:   3      |ddm|: 5.152479e-08
  subiter:   4      |ddm|: 8.708612e-10
Supermolecular DFT   -471.30727617251569

============================== Embedding Energies ==============================
Subsystem DFT              -312.30758753051589
Interaction                -158.75000971190991
DFT-in-DFT                 -471.05759724242580
Supermolecular DFT         -471.30727617251569
Supmol DFT no F-Smear      -471.30727617251478
Difference                   -0.24967893008989
Corrected DFT-in-DFT       -471.30727617251569
WF-in-DFT                  -470.18213154072174
Corrected WF-in-DFT        -470.43181047081163
================================================================================
TIMING STATISTICS:
     overlap integrals      0.02s   ( 0.00%)
    initial subsystems      0.17s   ( 0.00%)
           2e matrices   8349.11s   (92.61%)
      tot. embed. of 1   8369.15s   (92.83%)
      tot. embed. of 2      1.45s   ( 0.02%)
       freeze and thaw   8370.63s   (92.85%)
                   cas     11.19s   ( 0.12%)
                nevpt2      1.45s   ( 0.02%)
  interaction energies    631.35s   ( 7.00%)
                 TOTAL   9015.24s
================================================================================

********************************************************************************
*                              END OF CALCULATION                              *
********************************************************************************
