********************************************************************************
*                         FREEZE-AND-THAW CALCULATION                          *
********************************************************************************

================================== Input File ==================================

subsystem
C         -6.85146       -0.37749       -0.02245
C         -5.58988        0.46082       -0.08353
H         -7.76352        0.23554       -0.09265
H         -6.90688       -0.94637        0.92136
H         -6.88225       -1.11249       -0.84481
C         -4.31951       -0.36566        0.01460
H         -5.59562        1.21323        0.72832
H         -5.56924        1.04594       -1.02294
C         -3.04723        0.45919       -0.04621
H         -4.30827       -1.12069       -0.79710
H         -4.33394       -0.95151        0.95568
C         -1.77799       -0.36661        0.05545
H         -3.05984        1.21545        0.76409
H         -3.03177        1.04285       -0.98845
C         -0.50592        0.45857       -0.00869
H         -1.76605       -1.12465       -0.75312
H         -1.79191       -0.94814        0.99896
C          0.76301       -0.36687        0.09873
H         -0.51947        1.21927        0.79734
H         -0.48982        1.03695       -0.95413
C          2.03492        0.45803        0.02807
H          0.77447       -1.13108       -0.70393
H          0.74963       -0.94088        1.04672
C          3.30219       -0.36867        0.14419
H          2.01957        1.22593        0.82689
H          2.05170        1.02719       -0.92318
C          4.56758        0.46518        0.05280
H          3.31283       -1.14186       -0.64964
H          3.29531       -0.92755        1.09921
C          5.84543       -0.33910        0.00025
H          4.55184        1.23893        0.84704
H          4.57530        1.02068       -0.90327
charge -1
end

subsystem
C          7.17489       -0.13235       -0.09494
H          7.80801        0.22925        0.73037
H          7.69989       -0.32442       -1.03812
H          5.60384       -0.99188       -0.87433
charge +1
end

embed
 huzinaga
 cycles 300
 conv 1e-8
 method m06
end

basis cc-pVTZ
method cas[2,2]/nevpt2
grid 4
conv 1e-8
grad 1e-8
maxiter 100
================================== End Input ===================================
tot grids = 725328

                      Getting subsystem overlap integrals                       

                          Initial subsystem densities                           
Guessing initial subsystem densities
Initial guess from superpostion of atomic densties.
Guessing initial subsystem densities
Initial guess from superpostion of atomic densties.

=========================== Starting Freeze-and-Thaw ===========================
 iter:   1:1        |ddm|: 1.057987e+01     Tr[DP]  7.201541e-01
 iter:   1:2        |ddm|: 1.541070e+00     Tr[DP]  3.783412e-01
 iter:   2:1        |ddm|: 5.560383e+01     Tr[DP]  2.836169e-01
 iter:   2:2        |ddm|: 7.145042e-01     Tr[DP]  1.541178e-01
 iter:   3:1        |ddm|: 4.563378e+01     Tr[DP]  1.774214e-01
 iter:   3:2        |ddm|: 3.546072e-01     Tr[DP]  2.291643e-01
 iter:   4:1        |ddm|: 3.373244e+00     Tr[DP]  1.847032e-01
 iter:   4:2        |ddm|: 1.653976e-01     Tr[DP]  1.974910e-01
 iter:   5:1        |ddm|: 1.980872e+00     Tr[DP]  1.846433e-01
 iter:   5:2        |ddm|: 1.008493e-01     Tr[DP]  1.762588e-01
 iter:   6:1        |ddm|: 1.512242e+00     Tr[DP]  1.774215e-01
 iter:   6:2        |ddm|: 7.433805e-02     Tr[DP]  1.671265e-01
 iter:   7:1        |ddm|: 1.001586e+00     Tr[DP]  1.698545e-01
 iter:   7:2        |ddm|: 5.965950e-02     Tr[DP]  1.604908e-01
 iter:   8:1        |ddm|: 6.797921e-01     Tr[DP]  1.636330e-01
 iter:   8:2        |ddm|: 4.736475e-02     Tr[DP]  1.545522e-01
 iter:   9:1        |ddm|: 5.041179e-01     Tr[DP]  1.581134e-01
 iter:   9:2        |ddm|: 3.776767e-02     Tr[DP]  1.504447e-01
 iter:  10:1        |ddm|: 3.577805e-01     Tr[DP]  1.535867e-01
 iter:  10:2        |ddm|: 3.073257e-02     Tr[DP]  1.473121e-01
 iter:  11:1        |ddm|: 2.656058e-01     Tr[DP]  1.499586e-01
 iter:  11:2        |ddm|: 2.518805e-02     Tr[DP]  1.448598e-01
 iter:  12:1        |ddm|: 2.028127e-01     Tr[DP]  1.470661e-01
 iter:  12:2        |ddm|: 2.121047e-02     Tr[DP]  1.430396e-01
 iter:  13:1        |ddm|: 1.548724e-01     Tr[DP]  1.447812e-01
 iter:  13:2        |ddm|: 1.835224e-02     Tr[DP]  1.416141e-01
 iter:  14:1        |ddm|: 1.400445e-01     Tr[DP]  1.425135e-01
 iter:  14:2        |ddm|: 1.516072e-02     Tr[DP]  1.402369e-01
 iter:  15:1        |ddm|: 7.559143e-02     Tr[DP]  1.412872e-01
 iter:  15:2        |ddm|: 1.332819e-02     Tr[DP]  1.395759e-01
 iter:  16:1        |ddm|: 7.074280e-02     Tr[DP]  1.405136e-01
 iter:  16:2        |ddm|: 1.287760e-02     Tr[DP]  1.391090e-01
 iter:  17:1        |ddm|: 7.610054e-02     Tr[DP]  1.398632e-01
 iter:  17:2        |ddm|: 1.280646e-02     Tr[DP]  1.385955e-01
 iter:  18:1        |ddm|: 7.041514e-02     Tr[DP]  1.392216e-01
 iter:  18:2        |ddm|: 1.262175e-02     Tr[DP]  1.380083e-01
 iter:  19:1        |ddm|: 5.294775e-02     Tr[DP]  1.384782e-01
 iter:  19:2        |ddm|: 1.196825e-02     Tr[DP]  1.373384e-01
 iter:  20:1        |ddm|: 6.864258e-02     Tr[DP]  1.379768e-01
 iter:  20:2        |ddm|: 1.219859e-02     Tr[DP]  1.368154e-01
 iter:  21:1        |ddm|: 5.158020e-02     Tr[DP]  1.371501e-01
 iter:  21:2        |ddm|: 1.103997e-02     Tr[DP]  1.361010e-01
 iter:  22:1        |ddm|: 3.485799e-02     Tr[DP]  1.366281e-01
 iter:  22:2        |ddm|: 1.047875e-02     Tr[DP]  1.356361e-01
 iter:  23:1        |ddm|: 3.161965e-02     Tr[DP]  1.361296e-01
 iter:  23:2        |ddm|: 9.929841e-03     Tr[DP]  1.351850e-01
 iter:  24:1        |ddm|: 2.942332e-02     Tr[DP]  1.357735e-01
 iter:  24:2        |ddm|: 9.704255e-03     Tr[DP]  1.348303e-01
 iter:  25:1        |ddm|: 2.630172e-02     Tr[DP]  1.353845e-01
 iter:  25:2        |ddm|: 9.371951e-03     Tr[DP]  1.344473e-01
 iter:  26:1        |ddm|: 2.445738e-02     Tr[DP]  1.350069e-01
 iter:  26:2        |ddm|: 8.996925e-03     Tr[DP]  1.340723e-01
 iter:  27:1        |ddm|: 2.283598e-02     Tr[DP]  1.346579e-01
 iter:  27:2        |ddm|: 8.627821e-03     Tr[DP]  1.337301e-01
 iter:  28:1        |ddm|: 2.103682e-02     Tr[DP]  1.343488e-01
 iter:  28:2        |ddm|: 8.323011e-03     Tr[DP]  1.334200e-01
 iter:  29:1        |ddm|: 2.409618e-02     Tr[DP]  1.340933e-01
 iter:  29:2        |ddm|: 8.229335e-03     Tr[DP]  1.331388e-01
 iter:  30:1        |ddm|: 2.029785e-02     Tr[DP]  1.337709e-01
 iter:  30:2        |ddm|: 7.878961e-03     Tr[DP]  1.328162e-01
 iter:  31:1        |ddm|: 1.916886e-02     Tr[DP]  1.334757e-01
 iter:  31:2        |ddm|: 7.563503e-03     Tr[DP]  1.325245e-01
 iter:  32:1        |ddm|: 1.789862e-02     Tr[DP]  1.332051e-01
 iter:  32:2        |ddm|: 7.279852e-03     Tr[DP]  1.322599e-01
 iter:  33:1        |ddm|: 1.872060e-02     Tr[DP]  1.329724e-01
 iter:  33:2        |ddm|: 7.131815e-03     Tr[DP]  1.320150e-01
 iter:  34:1        |ddm|: 1.688968e-02     Tr[DP]  1.327149e-01
 iter:  34:2        |ddm|: 6.838203e-03     Tr[DP]  1.317583e-01
 iter:  35:1        |ddm|: 1.592158e-02     Tr[DP]  1.324701e-01
 iter:  35:2        |ddm|: 6.597400e-03     Tr[DP]  1.315210e-01
 iter:  36:1        |ddm|: 1.540776e-02     Tr[DP]  1.322364e-01
 iter:  36:2        |ddm|: 6.366130e-03     Tr[DP]  1.312931e-01
 iter:  37:1        |ddm|: 1.462313e-02     Tr[DP]  1.320118e-01
 iter:  37:2        |ddm|: 6.138150e-03     Tr[DP]  1.310798e-01
 iter:  38:1        |ddm|: 1.745932e-02     Tr[DP]  1.317823e-01
 iter:  38:2        |ddm|: 5.869717e-03     Tr[DP]  1.308606e-01
 iter:  39:1        |ddm|: 1.301494e-02     Tr[DP]  1.315943e-01
 iter:  39:2        |ddm|: 5.656231e-03     Tr[DP]  1.306930e-01
 iter:  40:1        |ddm|: 1.258118e-02     Tr[DP]  1.314018e-01
 iter:  40:2        |ddm|: 5.476091e-03     Tr[DP]  1.305157e-01
 iter:  41:1        |ddm|: 1.221229e-02     Tr[DP]  1.312134e-01
 iter:  41:2        |ddm|: 5.302949e-03     Tr[DP]  1.303383e-01
 iter:  42:1        |ddm|: 1.183630e-02     Tr[DP]  1.310306e-01
 iter:  42:2        |ddm|: 5.135734e-03     Tr[DP]  1.301661e-01
 iter:  43:1        |ddm|: 1.002193e-01     Tr[DP]  1.306453e-01
 iter:  43:2        |ddm|: 5.816363e-03     Tr[DP]  1.298710e-01
 iter:  44:1        |ddm|: 1.681074e-01     Tr[DP]  1.303381e-01
 iter:  44:2        |ddm|: 7.642895e-03     Tr[DP]  1.297714e-01
 iter:  45:1        |ddm|: 3.844277e-01     Tr[DP]  1.313966e-01
 iter:  45:2        |ddm|: 1.765527e-02     Tr[DP]  1.306606e-01
 iter:  46:1        |ddm|: 6.717879e-02     Tr[DP]  1.309105e-01
 iter:  46:2        |ddm|: 7.900060e-03     Tr[DP]  1.298768e-01
 iter:  47:1        |ddm|: 5.176739e-02     Tr[DP]  1.302599e-01
 iter:  47:2        |ddm|: 6.504167e-03     Tr[DP]  1.291579e-01
 iter:  48:1        |ddm|: 2.157667e-02     Tr[DP]  1.299191e-01
 iter:  48:2        |ddm|: 5.728823e-03     Tr[DP]  1.288199e-01
 iter:  49:1        |ddm|: 1.798985e-02     Tr[DP]  1.296291e-01
 iter:  49:2        |ddm|: 5.388679e-03     Tr[DP]  1.285509e-01
 iter:  50:1        |ddm|: 1.445469e-02     Tr[DP]  1.294062e-01
 iter:  50:2        |ddm|: 5.241459e-03     Tr[DP]  1.283324e-01
 iter:  51:1        |ddm|: 1.447777e-02     Tr[DP]  1.291572e-01
 iter:  51:2        |ddm|: 5.026419e-03     Tr[DP]  1.281146e-01
 iter:  52:1        |ddm|: 1.294043e-02     Tr[DP]  1.289517e-01
 iter:  52:2        |ddm|: 4.885275e-03     Tr[DP]  1.279297e-01
 iter:  53:1        |ddm|: 1.227811e-02     Tr[DP]  1.287416e-01
 iter:  53:2        |ddm|: 4.717849e-03     Tr[DP]  1.277407e-01
 iter:  54:1        |ddm|: 1.197664e-02     Tr[DP]  1.285548e-01
 iter:  54:2        |ddm|: 4.590114e-03     Tr[DP]  1.275780e-01
 iter:  55:1        |ddm|: 4.061257e-02     Tr[DP]  1.284583e-01
 iter:  55:2        |ddm|: 5.202381e-03     Tr[DP]  1.274430e-01
 iter:  56:1        |ddm|: 3.943642e-02     Tr[DP]  1.281216e-01
 iter:  56:2        |ddm|: 4.645291e-03     Tr[DP]  1.271311e-01
 iter:  57:1        |ddm|: 1.757839e-02     Tr[DP]  1.279952e-01
 iter:  57:2        |ddm|: 4.406567e-03     Tr[DP]  1.270278e-01
 iter:  58:1        |ddm|: 1.172402e-02     Tr[DP]  1.277987e-01
 iter:  58:2        |ddm|: 4.200613e-03     Tr[DP]  1.268547e-01
 iter:  59:1        |ddm|: 2.637149e-02     Tr[DP]  1.276878e-01
 iter:  59:2        |ddm|: 4.472952e-03     Tr[DP]  1.267313e-01
 iter:  60:1        |ddm|: 1.211633e-02     Tr[DP]  1.274705e-01
 iter:  60:2        |ddm|: 4.212229e-03     Tr[DP]  1.265160e-01
 iter:  61:1        |ddm|: 1.062262e-02     Tr[DP]  1.272890e-01
 iter:  61:2        |ddm|: 4.066250e-03     Tr[DP]  1.263518e-01
 iter:  62:1        |ddm|: 1.103315e-02     Tr[DP]  1.271307e-01
 iter:  62:2        |ddm|: 4.004600e-03     Tr[DP]  1.262029e-01
 iter:  63:1        |ddm|: 1.102843e-02     Tr[DP]  1.269476e-01
 iter:  63:2        |ddm|: 3.826586e-03     Tr[DP]  1.260425e-01
 iter:  64:1        |ddm|: 9.385210e-03     Tr[DP]  1.267909e-01
 iter:  64:2        |ddm|: 3.666817e-03     Tr[DP]  1.259139e-01
 iter:  65:1        |ddm|: 8.389538e-03     Tr[DP]  1.266555e-01
 iter:  65:2        |ddm|: 3.574719e-03     Tr[DP]  1.257982e-01
 iter:  66:1        |ddm|: 8.545977e-03     Tr[DP]  1.265223e-01
 iter:  66:2        |ddm|: 3.515130e-03     Tr[DP]  1.256772e-01
 iter:  67:1        |ddm|: 8.490354e-03     Tr[DP]  1.263747e-01
 iter:  67:2        |ddm|: 3.391212e-03     Tr[DP]  1.255498e-01
 iter:  68:1        |ddm|: 7.902675e-03     Tr[DP]  1.262486e-01
 iter:  68:2        |ddm|: 3.314937e-03     Tr[DP]  1.254391e-01
 iter:  69:1        |ddm|: 8.413079e-03     Tr[DP]  1.261097e-01
 iter:  69:2        |ddm|: 3.187653e-03     Tr[DP]  1.253211e-01
 iter:  70:1        |ddm|: 1.709231e-02     Tr[DP]  1.259578e-01
 iter:  70:2        |ddm|: 2.983647e-03     Tr[DP]  1.252132e-01
 iter:  71:1        |ddm|: 1.112476e-02     Tr[DP]  1.258524e-01
 iter:  71:2        |ddm|: 2.745576e-03     Tr[DP]  1.251552e-01
 iter:  72:1        |ddm|: 6.211903e-03     Tr[DP]  1.257724e-01
 iter:  72:2        |ddm|: 2.615419e-03     Tr[DP]  1.251085e-01
 iter:  73:1        |ddm|: 2.288398e-02     Tr[DP]  1.257436e-01
 iter:  73:2        |ddm|: 2.946746e-03     Tr[DP]  1.250612e-01
 iter:  74:1        |ddm|: 8.287856e-03     Tr[DP]  1.256230e-01
 iter:  74:2        |ddm|: 2.846610e-03     Tr[DP]  1.249247e-01
 iter:  75:1        |ddm|: 1.752893e-02     Tr[DP]  1.255275e-01
 iter:  75:2        |ddm|: 3.024161e-03     Tr[DP]  1.248050e-01
 iter:  76:1        |ddm|: 8.399984e-03     Tr[DP]  1.253785e-01
 iter:  76:2        |ddm|: 2.895201e-03     Tr[DP]  1.246487e-01
 iter:  77:1        |ddm|: 8.051058e-03     Tr[DP]  1.252467e-01
 iter:  77:2        |ddm|: 2.817396e-03     Tr[DP]  1.245227e-01
 iter:  78:1        |ddm|: 2.557217e-02     Tr[DP]  1.251713e-01
 iter:  78:2        |ddm|: 3.181560e-03     Tr[DP]  1.244146e-01
 iter:  79:1        |ddm|: 9.556189e-03     Tr[DP]  1.249992e-01
 iter:  79:2        |ddm|: 2.958199e-03     Tr[DP]  1.242343e-01
 iter:  80:1        |ddm|: 8.483802e-03     Tr[DP]  1.248499e-01
 iter:  80:2        |ddm|: 2.812018e-03     Tr[DP]  1.241018e-01
 iter:  81:1        |ddm|: 7.525105e-03     Tr[DP]  1.247199e-01
 iter:  81:2        |ddm|: 2.687263e-03     Tr[DP]  1.239937e-01
 iter:  82:1        |ddm|: 6.636478e-03     Tr[DP]  1.246077e-01
 iter:  82:2        |ddm|: 2.604615e-03     Tr[DP]  1.239006e-01
 iter:  83:1        |ddm|: 6.395868e-03     Tr[DP]  1.244955e-01
 iter:  83:2        |ddm|: 2.514412e-03     Tr[DP]  1.238093e-01
 iter:  84:1        |ddm|: 5.992054e-03     Tr[DP]  1.243911e-01
 iter:  84:2        |ddm|: 2.425461e-03     Tr[DP]  1.237263e-01
 iter:  85:1        |ddm|: 6.717010e-03     Tr[DP]  1.242888e-01
 iter:  85:2        |ddm|: 2.322930e-03     Tr[DP]  1.236475e-01
 iter:  86:1        |ddm|: 5.266726e-03     Tr[DP]  1.242043e-01
 iter:  86:2        |ddm|: 2.262039e-03     Tr[DP]  1.235822e-01
 iter:  87:1        |ddm|: 5.024131e-03     Tr[DP]  1.241181e-01
 iter:  87:2        |ddm|: 2.212358e-03     Tr[DP]  1.235100e-01
 iter:  88:1        |ddm|: 4.933907e-03     Tr[DP]  1.240322e-01
 iter:  88:2        |ddm|: 2.161316e-03     Tr[DP]  1.234368e-01
 iter:  89:1        |ddm|: 4.868548e-03     Tr[DP]  1.239486e-01
 iter:  89:2        |ddm|: 2.113934e-03     Tr[DP]  1.233646e-01
 iter:  90:1        |ddm|: 1.325622e-02     Tr[DP]  1.238407e-01
 iter:  90:2        |ddm|: 1.986360e-03     Tr[DP]  1.232883e-01
 iter:  91:1        |ddm|: 6.811325e-03     Tr[DP]  1.237921e-01
 iter:  91:2        |ddm|: 1.927090e-03     Tr[DP]  1.232556e-01
 iter:  92:1        |ddm|: 4.712978e-03     Tr[DP]  1.237236e-01
 iter:  92:2        |ddm|: 1.910337e-03     Tr[DP]  1.231929e-01
 iter:  93:1        |ddm|: 8.686501e-03     Tr[DP]  1.236615e-01
 iter:  93:2        |ddm|: 1.967988e-03     Tr[DP]  1.231273e-01
 iter:  94:1        |ddm|: 6.130188e-03     Tr[DP]  1.235816e-01
 iter:  94:2        |ddm|: 1.960983e-03     Tr[DP]  1.230432e-01
 iter:  95:1        |ddm|: 4.936949e-03     Tr[DP]  1.234938e-01
 iter:  95:2        |ddm|: 1.912753e-03     Tr[DP]  1.229590e-01
 iter:  96:1        |ddm|: 7.479409e-03     Tr[DP]  1.234201e-01
 iter:  96:2        |ddm|: 1.927438e-03     Tr[DP]  1.228866e-01
 iter:  97:1        |ddm|: 8.966572e-03     Tr[DP]  1.233182e-01
 iter:  97:2        |ddm|: 1.807158e-03     Tr[DP]  1.228027e-01
 iter:  98:1        |ddm|: 3.964485e-03     Tr[DP]  1.232519e-01
 iter:  98:2        |ddm|: 1.726482e-03     Tr[DP]  1.227516e-01
 iter:  99:1        |ddm|: 8.036596e-03     Tr[DP]  1.231992e-01
 iter:  99:2        |ddm|: 1.789289e-03     Tr[DP]  1.226957e-01
 iter: 100:1        |ddm|: 5.287707e-03     Tr[DP]  1.231229e-01
 iter: 100:2        |ddm|: 1.779780e-03     Tr[DP]  1.226173e-01
 iter: 101:1        |ddm|: 4.598528e-03     Tr[DP]  1.230422e-01
 iter: 101:2        |ddm|: 1.741937e-03     Tr[DP]  1.225413e-01
 iter: 102:1        |ddm|: 4.726451e-03     Tr[DP]  1.229683e-01
 iter: 102:2        |ddm|: 1.717360e-03     Tr[DP]  1.224719e-01
 iter: 103:1        |ddm|: 4.512678e-03     Tr[DP]  1.228944e-01
 iter: 103:2        |ddm|: 1.691256e-03     Tr[DP]  1.224027e-01
 iter: 104:1        |ddm|: 4.353966e-03     Tr[DP]  1.228212e-01
 iter: 104:2        |ddm|: 1.661717e-03     Tr[DP]  1.223354e-01
 iter: 105:1        |ddm|: 4.291678e-03     Tr[DP]  1.227443e-01
 iter: 105:2        |ddm|: 1.602932e-03     Tr[DP]  1.222707e-01
 iter: 106:1        |ddm|: 3.825871e-03     Tr[DP]  1.226757e-01
 iter: 106:2        |ddm|: 1.548122e-03     Tr[DP]  1.222155e-01
 iter: 107:1        |ddm|: 3.660949e-03     Tr[DP]  1.226105e-01
 iter: 107:2        |ddm|: 1.496851e-03     Tr[DP]  1.221640e-01
 iter: 108:1        |ddm|: 3.429896e-03     Tr[DP]  1.225494e-01
 iter: 108:2        |ddm|: 1.450057e-03     Tr[DP]  1.221159e-01
 iter: 109:1        |ddm|: 3.338153e-03     Tr[DP]  1.224904e-01
 iter: 109:2        |ddm|: 1.403856e-03     Tr[DP]  1.220699e-01
 iter: 110:1        |ddm|: 3.432663e-03     Tr[DP]  1.224326e-01
 iter: 110:2        |ddm|: 1.352338e-03     Tr[DP]  1.220265e-01
 iter: 111:1        |ddm|: 2.900757e-03     Tr[DP]  1.223821e-01
 iter: 111:2        |ddm|: 1.316865e-03     Tr[DP]  1.219868e-01
 iter: 112:1        |ddm|: 2.966493e-03     Tr[DP]  1.223297e-01
 iter: 112:2        |ddm|: 1.278692e-03     Tr[DP]  1.219453e-01
 iter: 113:1        |ddm|: 2.765799e-03     Tr[DP]  1.222807e-01
 iter: 113:2        |ddm|: 1.246408e-03     Tr[DP]  1.219058e-01
 iter: 114:1        |ddm|: 2.861058e-03     Tr[DP]  1.222305e-01
 iter: 114:2        |ddm|: 1.208192e-03     Tr[DP]  1.218661e-01
 iter: 115:1        |ddm|: 2.828034e-03     Tr[DP]  1.221825e-01
 iter: 115:2        |ddm|: 1.167557e-03     Tr[DP]  1.218292e-01
 iter: 116:1        |ddm|: 2.629768e-03     Tr[DP]  1.221371e-01
 iter: 116:2        |ddm|: 1.129008e-03     Tr[DP]  1.217946e-01
 iter: 117:1        |ddm|: 2.777734e-03     Tr[DP]  1.220922e-01
 iter: 117:2        |ddm|: 1.087726e-03     Tr[DP]  1.217613e-01
 iter: 118:1        |ddm|: 4.325814e-03     Tr[DP]  1.220602e-01
 iter: 118:2        |ddm|: 1.110163e-03     Tr[DP]  1.217298e-01
 iter: 119:1        |ddm|: 2.745755e-03     Tr[DP]  1.220108e-01
 iter: 119:2        |ddm|: 1.074615e-03     Tr[DP]  1.216862e-01
 iter: 120:1        |ddm|: 2.475076e-03     Tr[DP]  1.219662e-01
 iter: 120:2        |ddm|: 1.038408e-03     Tr[DP]  1.216501e-01
 iter: 121:1        |ddm|: 2.356943e-03     Tr[DP]  1.219243e-01
 iter: 121:2        |ddm|: 1.006604e-03     Tr[DP]  1.216166e-01
 iter: 122:1        |ddm|: 2.465933e-03     Tr[DP]  1.218831e-01
 iter: 122:2        |ddm|: 9.717143e-04     Tr[DP]  1.215847e-01
 iter: 123:1        |ddm|: 2.257916e-03     Tr[DP]  1.218467e-01
 iter: 123:2        |ddm|: 9.512452e-04     Tr[DP]  1.215563e-01
 iter: 124:1        |ddm|: 6.781781e-03     Tr[DP]  1.217966e-01
 iter: 124:2        |ddm|: 8.949364e-04     Tr[DP]  1.215263e-01
 iter: 125:1        |ddm|: 2.287201e-03     Tr[DP]  1.217696e-01
 iter: 125:2        |ddm|: 8.147844e-04     Tr[DP]  1.215153e-01
 iter: 126:1        |ddm|: 6.220145e-03     Tr[DP]  1.217583e-01
 iter: 126:2        |ddm|: 8.896002e-04     Tr[DP]  1.214985e-01
 iter: 127:1        |ddm|: 9.606876e-03     Tr[DP]  1.217389e-01
 iter: 127:2        |ddm|: 1.037552e-03     Tr[DP]  1.214565e-01
 iter: 128:1        |ddm|: 4.851948e-03     Tr[DP]  1.216899e-01
 iter: 128:2        |ddm|: 1.028579e-03     Tr[DP]  1.213934e-01
 iter: 129:1        |ddm|: 3.550088e-03     Tr[DP]  1.216366e-01
 iter: 129:2        |ddm|: 1.009140e-03     Tr[DP]  1.213361e-01
 iter: 130:1        |ddm|: 4.443641e-03     Tr[DP]  1.215908e-01
 iter: 130:2        |ddm|: 1.017681e-03     Tr[DP]  1.212866e-01
 iter: 131:1        |ddm|: 7.009107e-03     Tr[DP]  1.215508e-01
 iter: 131:2        |ddm|: 1.086148e-03     Tr[DP]  1.212351e-01
 iter: 132:1        |ddm|: 3.552453e-03     Tr[DP]  1.214891e-01
 iter: 132:2        |ddm|: 1.025388e-03     Tr[DP]  1.211755e-01
 iter: 133:1        |ddm|: 2.857048e-03     Tr[DP]  1.214373e-01
 iter: 133:2        |ddm|: 9.778331e-04     Tr[DP]  1.211318e-01
 iter: 134:1        |ddm|: 2.591561e-03     Tr[DP]  1.213918e-01
 iter: 134:2        |ddm|: 9.425555e-04     Tr[DP]  1.210949e-01
 iter: 135:1        |ddm|: 2.341769e-03     Tr[DP]  1.213496e-01
 iter: 135:2        |ddm|: 9.109987e-04     Tr[DP]  1.210616e-01
 iter: 136:1        |ddm|: 2.165351e-03     Tr[DP]  1.213111e-01
 iter: 136:2        |ddm|: 8.884129e-04     Tr[DP]  1.210305e-01
 iter: 137:1        |ddm|: 4.596799e-03     Tr[DP]  1.212649e-01
 iter: 137:2        |ddm|: 8.347790e-04     Tr[DP]  1.210006e-01
 iter: 138:1        |ddm|: 3.750218e-03     Tr[DP]  1.212431e-01
 iter: 138:2        |ddm|: 8.369062e-04     Tr[DP]  1.209821e-01
 iter: 139:1        |ddm|: 2.006690e-03     Tr[DP]  1.212063e-01
 iter: 139:2        |ddm|: 8.130016e-04     Tr[DP]  1.209505e-01
 iter: 140:1        |ddm|: 1.892876e-03     Tr[DP]  1.211718e-01
 iter: 140:2        |ddm|: 7.865718e-04     Tr[DP]  1.209233e-01
 iter: 141:1        |ddm|: 1.808289e-03     Tr[DP]  1.211395e-01
 iter: 141:2        |ddm|: 7.618848e-04     Tr[DP]  1.208982e-01
 iter: 142:1        |ddm|: 2.229386e-03     Tr[DP]  1.211068e-01
 iter: 142:2        |ddm|: 7.298326e-04     Tr[DP]  1.208747e-01
 iter: 143:1        |ddm|: 2.153573e-03     Tr[DP]  1.210770e-01
 iter: 143:2        |ddm|: 6.942708e-04     Tr[DP]  1.208553e-01
 iter: 144:1        |ddm|: 1.628741e-03     Tr[DP]  1.210544e-01
 iter: 144:2        |ddm|: 6.822502e-04     Tr[DP]  1.208381e-01
 iter: 145:1        |ddm|: 1.456604e-03     Tr[DP]  1.210284e-01
 iter: 145:2        |ddm|: 6.719087e-04     Tr[DP]  1.208161e-01
 iter: 146:1        |ddm|: 1.498555e-03     Tr[DP]  1.210025e-01
 iter: 146:2        |ddm|: 6.619217e-04     Tr[DP]  1.207937e-01
 iter: 147:1        |ddm|: 2.325274e-03     Tr[DP]  1.209793e-01
 iter: 147:2        |ddm|: 6.712946e-04     Tr[DP]  1.207703e-01
 iter: 148:1        |ddm|: 1.703868e-03     Tr[DP]  1.209485e-01
 iter: 148:2        |ddm|: 6.518758e-04     Tr[DP]  1.207428e-01
 iter: 149:1        |ddm|: 6.977287e-03     Tr[DP]  1.209103e-01
 iter: 149:2        |ddm|: 6.199183e-04     Tr[DP]  1.207188e-01
 iter: 150:1        |ddm|: 1.795116e-02     Tr[DP]  1.209258e-01
 iter: 150:2        |ddm|: 9.508279e-04     Tr[DP]  1.207127e-01
 iter: 151:1        |ddm|: 4.733139e-03     Tr[DP]  1.208704e-01
 iter: 151:2        |ddm|: 7.249435e-04     Tr[DP]  1.206538e-01
 iter: 152:1        |ddm|: 2.147763e-03     Tr[DP]  1.208344e-01
 iter: 152:2        |ddm|: 6.625390e-04     Tr[DP]  1.206246e-01
 iter: 153:1        |ddm|: 2.845172e-03     Tr[DP]  1.208010e-01
 iter: 153:2        |ddm|: 6.191036e-04     Tr[DP]  1.206019e-01
 iter: 154:1        |ddm|: 1.409035e-03     Tr[DP]  1.207795e-01
 iter: 154:2        |ddm|: 5.991095e-04     Tr[DP]  1.205857e-01
 iter: 155:1        |ddm|: 1.904008e-03     Tr[DP]  1.207581e-01
 iter: 155:2        |ddm|: 6.064916e-04     Tr[DP]  1.205650e-01
 iter: 156:1        |ddm|: 1.486029e-03     Tr[DP]  1.207314e-01
 iter: 156:2        |ddm|: 5.976607e-04     Tr[DP]  1.205407e-01
 iter: 157:1        |ddm|: 1.448560e-03     Tr[DP]  1.207046e-01
 iter: 157:2        |ddm|: 5.804485e-04     Tr[DP]  1.205183e-01
 iter: 158:1        |ddm|: 1.341295e-03     Tr[DP]  1.206802e-01
 iter: 158:2        |ddm|: 5.659590e-04     Tr[DP]  1.204981e-01
 iter: 159:1        |ddm|: 1.545550e-03     Tr[DP]  1.206582e-01
 iter: 159:2        |ddm|: 5.627379e-04     Tr[DP]  1.204781e-01
 iter: 160:1        |ddm|: 1.574749e-03     Tr[DP]  1.206353e-01
 iter: 160:2        |ddm|: 5.610871e-04     Tr[DP]  1.204563e-01
 iter: 161:1        |ddm|: 1.779360e-03     Tr[DP]  1.206124e-01
 iter: 161:2        |ddm|: 5.631254e-04     Tr[DP]  1.204336e-01
 iter: 162:1        |ddm|: 1.512634e-03     Tr[DP]  1.205853e-01
 iter: 162:2        |ddm|: 5.444549e-04     Tr[DP]  1.204102e-01
 iter: 163:1        |ddm|: 1.456731e-03     Tr[DP]  1.205633e-01
 iter: 163:2        |ddm|: 5.365949e-04     Tr[DP]  1.203908e-01
 iter: 164:1        |ddm|: 1.467441e-03     Tr[DP]  1.205382e-01
 iter: 164:2        |ddm|: 5.172716e-04     Tr[DP]  1.203705e-01
 iter: 165:1        |ddm|: 1.826122e-03     Tr[DP]  1.205140e-01
 iter: 165:2        |ddm|: 4.893594e-04     Tr[DP]  1.203543e-01
 iter: 166:1        |ddm|: 1.100205e-03     Tr[DP]  1.204969e-01
 iter: 166:2        |ddm|: 4.763309e-04     Tr[DP]  1.203415e-01
 iter: 167:1        |ddm|: 1.122177e-03     Tr[DP]  1.204789e-01
 iter: 167:2        |ddm|: 4.724077e-04     Tr[DP]  1.203259e-01
 iter: 168:1        |ddm|: 1.088345e-03     Tr[DP]  1.204597e-01
 iter: 168:2        |ddm|: 4.660722e-04     Tr[DP]  1.203092e-01
 iter: 169:1        |ddm|: 1.103146e-03     Tr[DP]  1.204395e-01
 iter: 169:2        |ddm|: 4.528551e-04     Tr[DP]  1.202926e-01
 iter: 170:1        |ddm|: 1.210733e-03     Tr[DP]  1.204198e-01
 iter: 170:2        |ddm|: 4.349631e-04     Tr[DP]  1.202780e-01
 iter: 171:1        |ddm|: 2.175669e-03     Tr[DP]  1.203993e-01
 iter: 171:2        |ddm|: 4.085356e-04     Tr[DP]  1.202660e-01
 iter: 172:1        |ddm|: 3.341850e-03     Tr[DP]  1.203800e-01
 iter: 172:2        |ddm|: 3.763309e-04     Tr[DP]  1.202598e-01
 iter: 173:1        |ddm|: 2.483973e-03     Tr[DP]  1.203772e-01
 iter: 173:2        |ddm|: 3.734939e-04     Tr[DP]  1.202583e-01
 iter: 174:1        |ddm|: 1.117522e-03     Tr[DP]  1.203650e-01
 iter: 174:2        |ddm|: 3.770009e-04     Tr[DP]  1.202447e-01
 iter: 175:1        |ddm|: 2.932379e-03     Tr[DP]  1.203545e-01
 iter: 175:2        |ddm|: 4.157040e-04     Tr[DP]  1.202286e-01
 iter: 176:1        |ddm|: 1.221307e-03     Tr[DP]  1.203346e-01
 iter: 176:2        |ddm|: 4.074022e-04     Tr[DP]  1.202065e-01
 iter: 177:1        |ddm|: 2.471985e-03     Tr[DP]  1.203192e-01
 iter: 177:2        |ddm|: 4.293021e-04     Tr[DP]  1.201870e-01
 iter: 178:1        |ddm|: 1.500311e-03     Tr[DP]  1.202986e-01
 iter: 178:2        |ddm|: 4.271554e-04     Tr[DP]  1.201639e-01
 iter: 179:1        |ddm|: 1.304037e-03     Tr[DP]  1.202772e-01
 iter: 179:2        |ddm|: 4.175215e-04     Tr[DP]  1.201432e-01
 iter: 180:1        |ddm|: 1.142858e-03     Tr[DP]  1.202571e-01
 iter: 180:2        |ddm|: 4.065561e-04     Tr[DP]  1.201251e-01
 iter: 181:1        |ddm|: 1.132854e-03     Tr[DP]  1.202373e-01
 iter: 181:2        |ddm|: 3.905137e-04     Tr[DP]  1.201090e-01
 iter: 182:1        |ddm|: 9.613255e-04     Tr[DP]  1.202202e-01
 iter: 182:2        |ddm|: 3.781521e-04     Tr[DP]  1.200956e-01
 iter: 183:1        |ddm|: 8.842029e-04     Tr[DP]  1.202041e-01
 iter: 183:2        |ddm|: 3.682252e-04     Tr[DP]  1.200826e-01
 iter: 184:1        |ddm|: 9.715418e-04     Tr[DP]  1.201875e-01
 iter: 184:2        |ddm|: 3.546339e-04     Tr[DP]  1.200702e-01
 iter: 185:1        |ddm|: 7.948297e-04     Tr[DP]  1.201735e-01
 iter: 185:2        |ddm|: 3.461162e-04     Tr[DP]  1.200593e-01
 iter: 186:1        |ddm|: 8.540385e-04     Tr[DP]  1.201586e-01
 iter: 186:2        |ddm|: 3.349267e-04     Tr[DP]  1.200481e-01
 iter: 187:1        |ddm|: 7.677650e-04     Tr[DP]  1.201450e-01
 iter: 187:2        |ddm|: 3.238176e-04     Tr[DP]  1.200380e-01
 iter: 188:1        |ddm|: 9.121079e-04     Tr[DP]  1.201313e-01
 iter: 188:2        |ddm|: 3.108081e-04     Tr[DP]  1.200284e-01
 iter: 189:1        |ddm|: 6.787650e-04     Tr[DP]  1.201194e-01
 iter: 189:2        |ddm|: 3.001872e-04     Tr[DP]  1.200200e-01
 iter: 190:1        |ddm|: 6.490695e-04     Tr[DP]  1.201079e-01
 iter: 190:2        |ddm|: 2.918244e-04     Tr[DP]  1.200115e-01
 iter: 191:1        |ddm|: 7.978910e-04     Tr[DP]  1.200959e-01
 iter: 191:2        |ddm|: 2.811873e-04     Tr[DP]  1.200029e-01
 iter: 192:1        |ddm|: 1.031841e-03     Tr[DP]  1.200841e-01
 iter: 192:2        |ddm|: 2.670903e-04     Tr[DP]  1.199955e-01
 iter: 193:1        |ddm|: 1.355391e-03     Tr[DP]  1.200729e-01
 iter: 193:2        |ddm|: 2.502889e-04     Tr[DP]  1.199898e-01
 iter: 194:1        |ddm|: 5.342474e-04     Tr[DP]  1.200652e-01
 iter: 194:2        |ddm|: 2.362411e-04     Tr[DP]  1.199862e-01
 iter: 195:1        |ddm|: 6.272588e-04     Tr[DP]  1.200584e-01
 iter: 195:2        |ddm|: 2.354466e-04     Tr[DP]  1.199810e-01
 iter: 196:1        |ddm|: 6.012685e-03     Tr[DP]  1.200603e-01
 iter: 196:2        |ddm|: 3.570646e-04     Tr[DP]  1.199729e-01
 iter: 197:1        |ddm|: 1.632944e-03     Tr[DP]  1.200442e-01
 iter: 197:2        |ddm|: 3.204329e-04     Tr[DP]  1.199494e-01
 iter: 198:1        |ddm|: 1.388938e-03     Tr[DP]  1.200244e-01
 iter: 198:2        |ddm|: 2.983575e-04     Tr[DP]  1.199302e-01
 iter: 199:1        |ddm|: 8.375797e-04     Tr[DP]  1.200100e-01
 iter: 199:2        |ddm|: 2.815743e-04     Tr[DP]  1.199180e-01
 iter: 200:1        |ddm|: 1.677144e-03     Tr[DP]  1.199947e-01
 iter: 200:2        |ddm|: 2.628587e-04     Tr[DP]  1.199076e-01
 iter: 201:1        |ddm|: 7.100743e-04     Tr[DP]  1.199843e-01
 iter: 201:2        |ddm|: 2.437841e-04     Tr[DP]  1.199017e-01
 iter: 202:1        |ddm|: 5.439338e-04     Tr[DP]  1.199749e-01
 iter: 202:2        |ddm|: 2.351109e-04     Tr[DP]  1.198958e-01
 iter: 203:1        |ddm|: 7.088560e-04     Tr[DP]  1.199669e-01
 iter: 203:2        |ddm|: 2.350059e-04     Tr[DP]  1.198892e-01
 iter: 204:1        |ddm|: 1.094942e-03     Tr[DP]  1.199590e-01
 iter: 204:2        |ddm|: 2.429642e-04     Tr[DP]  1.198807e-01
 iter: 205:1        |ddm|: 3.617738e-03     Tr[DP]  1.199541e-01
 iter: 205:2        |ddm|: 2.953639e-04     Tr[DP]  1.198704e-01
 iter: 206:1        |ddm|: 1.085677e-02     Tr[DP]  1.199194e-01
 iter: 206:2        |ddm|: 3.989987e-04     Tr[DP]  1.198535e-01
 iter: 207:1        |ddm|: 4.229651e-03     Tr[DP]  1.199300e-01
 iter: 207:2        |ddm|: 2.324259e-04     Tr[DP]  1.198660e-01
 iter: 208:1        |ddm|: 4.402600e-03     Tr[DP]  1.199303e-01
 iter: 208:2        |ddm|: 2.785497e-04     Tr[DP]  1.198573e-01
 iter: 209:1        |ddm|: 8.465564e-04     Tr[DP]  1.199149e-01
 iter: 209:2        |ddm|: 2.409552e-04     Tr[DP]  1.198397e-01
 iter: 210:1        |ddm|: 6.717421e-04     Tr[DP]  1.199026e-01
 iter: 210:2        |ddm|: 2.311094e-04     Tr[DP]  1.198278e-01
 iter: 211:1        |ddm|: 7.070205e-04     Tr[DP]  1.198909e-01
 iter: 211:2        |ddm|: 2.201178e-04     Tr[DP]  1.198182e-01
 iter: 212:1        |ddm|: 8.004412e-04     Tr[DP]  1.198800e-01
 iter: 212:2        |ddm|: 2.067420e-04     Tr[DP]  1.198108e-01
 iter: 213:1        |ddm|: 5.267696e-04     Tr[DP]  1.198715e-01
 iter: 213:2        |ddm|: 1.964177e-04     Tr[DP]  1.198053e-01
 iter: 214:1        |ddm|: 7.884907e-04     Tr[DP]  1.198655e-01
 iter: 214:2        |ddm|: 2.003768e-04     Tr[DP]  1.197995e-01
 iter: 215:1        |ddm|: 5.480494e-04     Tr[DP]  1.198572e-01
 iter: 215:2        |ddm|: 2.005165e-04     Tr[DP]  1.197913e-01
 iter: 216:1        |ddm|: 7.378059e-04     Tr[DP]  1.198493e-01
 iter: 216:2        |ddm|: 2.040025e-04     Tr[DP]  1.197829e-01
 iter: 217:1        |ddm|: 5.610385e-04     Tr[DP]  1.198400e-01
 iter: 217:2        |ddm|: 2.018788e-04     Tr[DP]  1.197738e-01
 iter: 218:1        |ddm|: 5.136606e-04     Tr[DP]  1.198305e-01
 iter: 218:2        |ddm|: 1.967640e-04     Tr[DP]  1.197654e-01
 iter: 219:1        |ddm|: 1.192643e-03     Tr[DP]  1.198194e-01
 iter: 219:2        |ddm|: 1.834980e-04     Tr[DP]  1.197586e-01
 iter: 220:1        |ddm|: 7.315969e-04     Tr[DP]  1.198120e-01
 iter: 220:2        |ddm|: 1.669153e-04     Tr[DP]  1.197555e-01
 iter: 221:1        |ddm|: 6.946105e-04     Tr[DP]  1.198081e-01
 iter: 221:2        |ddm|: 1.685424e-04     Tr[DP]  1.197522e-01
 iter: 222:1        |ddm|: 3.727265e-04     Tr[DP]  1.198015e-01
 iter: 222:2        |ddm|: 1.672620e-04     Tr[DP]  1.197461e-01
 iter: 223:1        |ddm|: 6.791083e-04     Tr[DP]  1.197957e-01
 iter: 223:2        |ddm|: 1.719009e-04     Tr[DP]  1.197397e-01
 iter: 224:1        |ddm|: 4.325637e-04     Tr[DP]  1.197876e-01
 iter: 224:2        |ddm|: 1.675022e-04     Tr[DP]  1.197323e-01
 iter: 225:1        |ddm|: 5.133487e-04     Tr[DP]  1.197810e-01
 iter: 225:2        |ddm|: 1.672632e-04     Tr[DP]  1.197260e-01
 iter: 226:1        |ddm|: 4.346872e-04     Tr[DP]  1.197731e-01
 iter: 226:2        |ddm|: 1.621956e-04     Tr[DP]  1.197192e-01
 iter: 227:1        |ddm|: 3.954483e-04     Tr[DP]  1.197659e-01
 iter: 227:2        |ddm|: 1.564315e-04     Tr[DP]  1.197136e-01
 iter: 228:1        |ddm|: 6.139498e-04     Tr[DP]  1.197583e-01
 iter: 228:2        |ddm|: 1.473911e-04     Tr[DP]  1.197088e-01
 iter: 229:1        |ddm|: 3.325305e-04     Tr[DP]  1.197534e-01
 iter: 229:2        |ddm|: 1.433215e-04     Tr[DP]  1.197052e-01
 iter: 230:1        |ddm|: 6.011840e-04     Tr[DP]  1.197467e-01
 iter: 230:2        |ddm|: 1.367568e-04     Tr[DP]  1.197009e-01
 iter: 231:1        |ddm|: 6.362172e-04     Tr[DP]  1.197433e-01
 iter: 231:2        |ddm|: 1.391614e-04     Tr[DP]  1.196976e-01
 iter: 232:1        |ddm|: 3.521161e-04     Tr[DP]  1.197370e-01
 iter: 232:2        |ddm|: 1.351657e-04     Tr[DP]  1.196921e-01
 iter: 233:1        |ddm|: 6.275007e-04     Tr[DP]  1.197305e-01
 iter: 233:2        |ddm|: 1.276317e-04     Tr[DP]  1.196880e-01
 iter: 234:1        |ddm|: 2.910788e-04     Tr[DP]  1.197259e-01
 iter: 234:2        |ddm|: 1.204781e-04     Tr[DP]  1.196853e-01
 iter: 235:1        |ddm|: 1.307417e-03     Tr[DP]  1.197243e-01
 iter: 235:2        |ddm|: 1.398286e-04     Tr[DP]  1.196815e-01
 iter: 236:1        |ddm|: 3.701697e-03     Tr[DP]  1.197101e-01
 iter: 236:2        |ddm|: 1.655443e-04     Tr[DP]  1.196761e-01
 iter: 237:1        |ddm|: 9.930519e-04     Tr[DP]  1.197091e-01
 iter: 237:2        |ddm|: 8.884386e-05     Tr[DP]  1.196820e-01
 iter: 238:1        |ddm|: 4.743213e-03     Tr[DP]  1.197198e-01
 iter: 238:2        |ddm|: 2.098739e-04     Tr[DP]  1.196831e-01
 iter: 239:1        |ddm|: 6.282406e-04     Tr[DP]  1.197102e-01
 iter: 239:2        |ddm|: 1.380339e-04     Tr[DP]  1.196693e-01
 iter: 240:1        |ddm|: 5.822715e-04     Tr[DP]  1.197027e-01
 iter: 240:2        |ddm|: 1.344961e-04     Tr[DP]  1.196608e-01
 iter: 241:1        |ddm|: 7.945686e-04     Tr[DP]  1.196966e-01
 iter: 241:2        |ddm|: 1.390271e-04     Tr[DP]  1.196532e-01
 iter: 242:1        |ddm|: 5.192975e-04     Tr[DP]  1.196894e-01
 iter: 242:2        |ddm|: 1.369714e-04     Tr[DP]  1.196453e-01
 iter: 243:1        |ddm|: 4.240058e-04     Tr[DP]  1.196819e-01
 iter: 243:2        |ddm|: 1.311162e-04     Tr[DP]  1.196385e-01
 iter: 244:1        |ddm|: 4.625794e-04     Tr[DP]  1.196748e-01
 iter: 244:2        |ddm|: 1.232374e-04     Tr[DP]  1.196333e-01
 iter: 245:1        |ddm|: 5.745502e-04     Tr[DP]  1.196707e-01
 iter: 245:2        |ddm|: 1.264749e-04     Tr[DP]  1.196289e-01
 iter: 246:1        |ddm|: 3.531162e-04     Tr[DP]  1.196647e-01
 iter: 246:2        |ddm|: 1.243660e-04     Tr[DP]  1.196233e-01
 iter: 247:1        |ddm|: 4.053444e-04     Tr[DP]  1.196593e-01
 iter: 247:2        |ddm|: 1.243449e-04     Tr[DP]  1.196180e-01
 iter: 248:1        |ddm|: 3.434819e-04     Tr[DP]  1.196530e-01
 iter: 248:2        |ddm|: 1.200089e-04     Tr[DP]  1.196127e-01
 iter: 249:1        |ddm|: 3.924912e-04     Tr[DP]  1.196481e-01
 iter: 249:2        |ddm|: 1.193845e-04     Tr[DP]  1.196083e-01
 iter: 250:1        |ddm|: 6.325710e-04     Tr[DP]  1.196413e-01
 iter: 250:2        |ddm|: 1.117427e-04     Tr[DP]  1.196039e-01
 iter: 251:1        |ddm|: 3.094923e-04     Tr[DP]  1.196377e-01
 iter: 251:2        |ddm|: 1.083215e-04     Tr[DP]  1.196012e-01
 iter: 252:1        |ddm|: 2.446063e-04     Tr[DP]  1.196332e-01
 iter: 252:2        |ddm|: 1.058915e-04     Tr[DP]  1.195975e-01
 iter: 253:1        |ddm|: 2.588558e-04     Tr[DP]  1.196286e-01
 iter: 253:2        |ddm|: 1.023735e-04     Tr[DP]  1.195942e-01
 iter: 254:1        |ddm|: 2.529341e-04     Tr[DP]  1.196248e-01
 iter: 254:2        |ddm|: 1.009903e-04     Tr[DP]  1.195910e-01
 iter: 255:1        |ddm|: 2.336715e-04     Tr[DP]  1.196205e-01
 iter: 255:2        |ddm|: 9.846899e-05     Tr[DP]  1.195876e-01
 iter: 256:1        |ddm|: 2.178437e-04     Tr[DP]  1.196165e-01
 iter: 256:2        |ddm|: 9.593623e-05     Tr[DP]  1.195844e-01
 iter: 257:1        |ddm|: 2.161697e-04     Tr[DP]  1.196128e-01
 iter: 257:2        |ddm|: 9.434339e-05     Tr[DP]  1.195813e-01
 iter: 258:1        |ddm|: 2.257478e-04     Tr[DP]  1.196087e-01
 iter: 258:2        |ddm|: 9.166614e-05     Tr[DP]  1.195780e-01
 iter: 259:1        |ddm|: 3.243413e-04     Tr[DP]  1.196046e-01
 iter: 259:2        |ddm|: 8.726141e-05     Tr[DP]  1.195752e-01
 iter: 260:1        |ddm|: 1.870069e-04     Tr[DP]  1.196014e-01
 iter: 260:2        |ddm|: 8.378394e-05     Tr[DP]  1.195731e-01
 iter: 261:1        |ddm|: 1.840377e-04     Tr[DP]  1.195982e-01
 iter: 261:2        |ddm|: 8.140501e-05     Tr[DP]  1.195707e-01
 iter: 262:1        |ddm|: 2.216906e-04     Tr[DP]  1.195948e-01
 iter: 262:2        |ddm|: 7.832548e-05     Tr[DP]  1.195684e-01
 iter: 263:1        |ddm|: 3.155848e-04     Tr[DP]  1.195926e-01
 iter: 263:2        |ddm|: 7.952970e-05     Tr[DP]  1.195663e-01
 iter: 264:1        |ddm|: 1.894984e-04     Tr[DP]  1.195893e-01
 iter: 264:2        |ddm|: 7.903730e-05     Tr[DP]  1.195632e-01
 iter: 265:1        |ddm|: 1.815981e-04     Tr[DP]  1.195859e-01
 iter: 265:2        |ddm|: 7.743528e-05     Tr[DP]  1.195602e-01
 iter: 266:1        |ddm|: 1.818469e-04     Tr[DP]  1.195828e-01
 iter: 266:2        |ddm|: 7.610260e-05     Tr[DP]  1.195574e-01
 iter: 267:1        |ddm|: 1.059976e-03     Tr[DP]  1.195816e-01
 iter: 267:2        |ddm|: 9.368354e-05     Tr[DP]  1.195542e-01
 iter: 268:1        |ddm|: 3.221312e-04     Tr[DP]  1.195768e-01
 iter: 268:2        |ddm|: 8.926162e-05     Tr[DP]  1.195485e-01
 iter: 269:1        |ddm|: 3.796453e-04     Tr[DP]  1.195715e-01
 iter: 269:2        |ddm|: 8.361524e-05     Tr[DP]  1.195440e-01
 iter: 270:1        |ddm|: 8.448529e-04     Tr[DP]  1.195662e-01
 iter: 270:2        |ddm|: 7.668647e-05     Tr[DP]  1.195414e-01
 iter: 271:1        |ddm|: 2.849809e-04     Tr[DP]  1.195647e-01
 iter: 271:2        |ddm|: 6.983908e-05     Tr[DP]  1.195408e-01
 iter: 272:1        |ddm|: 1.455909e-04     Tr[DP]  1.195620e-01
 iter: 272:2        |ddm|: 6.861519e-05     Tr[DP]  1.195387e-01
 iter: 273:1        |ddm|: 1.622064e-04     Tr[DP]  1.195594e-01
 iter: 273:2        |ddm|: 6.802139e-05     Tr[DP]  1.195366e-01
 iter: 274:1        |ddm|: 2.355637e-04     Tr[DP]  1.195570e-01
 iter: 274:2        |ddm|: 6.906115e-05     Tr[DP]  1.195341e-01
 iter: 275:1        |ddm|: 2.291412e-04     Tr[DP]  1.195542e-01
 iter: 275:2        |ddm|: 6.976416e-05     Tr[DP]  1.195313e-01
 iter: 276:1        |ddm|: 1.825039e-04     Tr[DP]  1.195511e-01
 iter: 276:2        |ddm|: 6.896044e-05     Tr[DP]  1.195283e-01
 iter: 277:1        |ddm|: 1.704982e-04     Tr[DP]  1.195479e-01
 iter: 277:2        |ddm|: 6.714619e-05     Tr[DP]  1.195255e-01
 iter: 278:1        |ddm|: 2.200736e-04     Tr[DP]  1.195447e-01
 iter: 278:2        |ddm|: 6.401146e-05     Tr[DP]  1.195232e-01
 iter: 279:1        |ddm|: 1.851908e-04     Tr[DP]  1.195420e-01
 iter: 279:2        |ddm|: 6.075292e-05     Tr[DP]  1.195213e-01
 iter: 280:1        |ddm|: 1.432643e-04     Tr[DP]  1.195396e-01
 iter: 280:2        |ddm|: 5.835029e-05     Tr[DP]  1.195197e-01
 iter: 281:1        |ddm|: 1.367627e-04     Tr[DP]  1.195373e-01
 iter: 281:2        |ddm|: 5.636275e-05     Tr[DP]  1.195182e-01
 iter: 282:1        |ddm|: 2.042792e-04     Tr[DP]  1.195355e-01
 iter: 282:2        |ddm|: 5.704296e-05     Tr[DP]  1.195165e-01
 iter: 283:1        |ddm|: 1.739339e-04     Tr[DP]  1.195333e-01
 iter: 283:2        |ddm|: 5.758125e-05     Tr[DP]  1.195143e-01
 iter: 284:1        |ddm|: 2.238206e-04     Tr[DP]  1.195311e-01
 iter: 284:2        |ddm|: 5.876847e-05     Tr[DP]  1.195119e-01
 iter: 285:1        |ddm|: 2.011416e-04     Tr[DP]  1.195286e-01
 iter: 285:2        |ddm|: 5.920154e-05     Tr[DP]  1.195092e-01
 iter: 286:1        |ddm|: 1.544483e-04     Tr[DP]  1.195258e-01
 iter: 286:2        |ddm|: 5.763186e-05     Tr[DP]  1.195066e-01
 iter: 287:1        |ddm|: 3.389959e-04     Tr[DP]  1.195226e-01
 iter: 287:2        |ddm|: 5.382904e-05     Tr[DP]  1.195045e-01
 iter: 288:1        |ddm|: 1.142442e-04     Tr[DP]  1.195206e-01
 iter: 288:2        |ddm|: 5.047274e-05     Tr[DP]  1.195034e-01
 iter: 289:1        |ddm|: 1.530655e-04     Tr[DP]  1.195185e-01
 iter: 289:2        |ddm|: 4.845375e-05     Tr[DP]  1.195020e-01
 iter: 290:1        |ddm|: 9.885068e-05     Tr[DP]  1.195168e-01
 iter: 290:2        |ddm|: 4.705041e-05     Tr[DP]  1.195008e-01
 iter: 291:1        |ddm|: 1.436265e-04     Tr[DP]  1.195152e-01
 iter: 291:2        |ddm|: 4.739829e-05     Tr[DP]  1.194994e-01
 iter: 292:1        |ddm|: 2.741043e-04     Tr[DP]  1.195137e-01
 iter: 292:2        |ddm|: 5.016616e-05     Tr[DP]  1.194975e-01
 iter: 293:1        |ddm|: 2.181778e-04     Tr[DP]  1.195117e-01
 iter: 293:2        |ddm|: 5.139409e-05     Tr[DP]  1.194951e-01
 iter: 294:1        |ddm|: 2.437495e-04     Tr[DP]  1.195088e-01
 iter: 294:2        |ddm|: 4.844511e-05     Tr[DP]  1.194927e-01
 iter: 295:1        |ddm|: 2.608852e-04     Tr[DP]  1.195072e-01
 iter: 295:2        |ddm|: 4.923137e-05     Tr[DP]  1.194911e-01
 iter: 296:1        |ddm|: 3.238664e-04     Tr[DP]  1.195043e-01
 iter: 296:2        |ddm|: 4.599824e-05     Tr[DP]  1.194891e-01
 iter: 297:1        |ddm|: 1.754019e-04     Tr[DP]  1.195024e-01
 iter: 297:2        |ddm|: 4.174923e-05     Tr[DP]  1.194881e-01
 iter: 298:1        |ddm|: 1.451476e-04     Tr[DP]  1.195013e-01
 iter: 298:2        |ddm|: 4.153014e-05     Tr[DP]  1.194872e-01
 iter: 299:1        |ddm|: 2.282308e-04     Tr[DP]  1.195000e-01
 iter: 299:2        |ddm|: 4.381334e-05     Tr[DP]  1.194857e-01
 iter: 300:1        |ddm|: 1.504730e-04     Tr[DP]  1.194982e-01
 iter: 300:2        |ddm|: 4.422344e-05     Tr[DP]  1.194837e-01
                         Freeze-and-Thaw NOT converged!                         

=================== Subsystem 1 at higher mean-field method ====================
  subiter:   1      |ddm|: 1.394907e+00
  subiter:   2      |ddm|: 4.272250e-01
  subiter:   3      |ddm|: 2.882807e-02
  subiter:   4      |ddm|: 3.687744e-02
  subiter:   5      |ddm|: 6.354575e-03
  subiter:   6      |ddm|: 2.133587e-03
  subiter:   7      |ddm|: 8.763787e-04
  subiter:   8      |ddm|: 3.652415e-04
  subiter:   9      |ddm|: 1.695521e-04
  subiter:  10      |ddm|: 6.307686e-05
  subiter:  11      |ddm|: 2.563593e-05
  subiter:  12      |ddm|: 1.000780e-05
  subiter:  13      |ddm|: 2.354547e-06
  subiter:  14      |ddm|: 1.073911e-06
  subiter:  15      |ddm|: 2.052144e-07
  subiter:  16      |ddm|: 7.022859e-08
  subiter:  17      |ddm|: 2.859505e-08
  subiter:  18      |ddm|: 1.793249e-08
  subiter:  19      |ddm|: 8.184755e-08
  subiter:  20      |ddm|: 1.139122e-07
  subiter:  21      |ddm|: 2.841572e-08
  subiter:  22      |ddm|: 1.191106e-08
  subiter:  23      |ddm|: 6.901889e-09


******** <class 'pyscf.scf.hf.RHF'> flags ********
method = RHF
initial guess = minao
damping factor = 0
level shift factor = 0
DIIS = <class 'pyscf.scf.diis.CDIIS'>
DIIS start cycle = 1
DIIS space = 8
SCF tol = 1e-09
SCF gradient tol = None
max. SCF cycles = 100
direct_scf = True
direct_scf_tol = 1e-13
chkfile to save SCF result = /panfs/roc/scratch/graha682/D75/201711_ccpVTZ_NEVPT2_m06_75_11c12h24/tmpF1VLYx
max_memory 4000 MB (current use 573 MB)
Set gradient conv threshold to 3.16228e-05
init E= -437.393335927733
  HOMO = -0.262429345185187  LUMO = 0.14712915963426
cycle= 1 E= -437.393335927721  delta_E= 1.18e-11  |g|= 1.23e-09  |ddm|= 3.19e-08
  HOMO = -0.262429345254733  LUMO = 0.147129159624507
Extra cycle  E= -437.393335927758  delta_E= -3.72e-11  |g|= 8.23e-10  |ddm|= 2.43e-08
converged SCF energy = -437.393335927758


******** <class 'pyscf.dft.rks.RKS'> flags ********
method = RKS
initial guess = atom
damping factor = 0
level shift factor = 0.0
DIIS = <class 'pyscf.scf.diis.CDIIS'>
DIIS start cycle = 1
DIIS space = 8
SCF tol = 1e-08
SCF gradient tol = 1e-08
max. SCF cycles = 1
direct_scf = True
direct_scf_tol = 1e-13
chkfile to save SCF result = /panfs/roc/scratch/graha682/D75/201711_ccpVTZ_NEVPT2_m06_75_11c12h24/tmpIbUe01
max_memory 4000 MB (current use 570 MB)
XC functionals = m06
small_rho_cutoff = 1e-20
radial grids: Treutler-Ahlrichs (JCP 102, 346 (M4)) radial grids
becke partition: Becke, JCP, 88, 2547 (1988)
pruning grids: <function nwchem_prune at 0x15315f0>
grids dens level: 4
symmetrized grids: False
atomic radii adjust function: <function treutler_atomic_radii_adjust at 0x1531488>
init E= -440.141488887875
  HOMO = -0.176480202914646  LUMO = 0.0455940361162856
cycle= 1 E= -440.141488889496  delta_E= -1.62e-09  |g|= 9.61e-06  |ddm|= 0.000272
  HOMO = -0.176481371518554  LUMO = 0.0455940776966321
Extra cycle  E= -440.141488889514  delta_E= -1.8e-11  |g|= 5.28e-06  |ddm|= 7.28e-05
SCF not converged.
SCF energy = -440.141488889514 after 1 cycles
 iter: 301:1        |ddm|: 1.815969e+00     Tr[DP]  1.600483e-01

******** <class 'pyscf.mcscf.mc1step.CASSCF'> flags ********
CAS (1e+1e, 2o), ncore = 43, nvir = 579
max_cycle_macro = 50
max_cycle_micro = 4
conv_tol = 1e-07
conv_tol_grad = None
orbital rotation max_stepsize = 0.02
augmented hessian ah_max_cycle = 30
augmented hessian ah_conv_tol = 1e-12
augmented hessian ah_linear dependence = 1e-14
augmented hessian ah_level shift = 0
augmented hessian ah_start_tol = 2.5
augmented hessian ah_start_cycle = 3
augmented hessian ah_grad_trust_region = 3
kf_trust_region = 3
kf_interval = 4
ci_response_space = 4
ci_grad_trust_region = 3
with_dep4 0
natorb = False
canonicalization = True
sorting_mo_energy = False
chkfile = /panfs/roc/scratch/graha682/D75/201711_ccpVTZ_NEVPT2_m06_75_11c12h24/tmpF1VLYx
max_memory 4000 MB (current use 509 MB)
internal_rotation = False
******** <class 'pyscf.fci.direct_spin1.FCISolver'> flags ********
max. cycles = 50
conv_tol = 1e-08
davidson only = False
linear dependence = 1e-10
level shift = 0.001
max iter space = 12
max_memory 4000 MB
nroots = 1
pspace_size = 400
spin = None
CASCI E = -437.393335927816  S^2 = 0.0000000
Set conv_tol_grad to 0.000316228
macro iter 1 (1 JK  1 micro), CASSCF E = -437.393335927816  dE = 1.7053026e-13  S^2 = 0.0000000
               |grad[o]|=9.39e-09  |grad[c]|= 1.93315631511e-14  |ddm|=    0
1-step CASSCF converged in 1 macro (1 JK 1 micro) steps
CASSCF canonicalization
CASSCF energy = -437.393335927816
Hartree-Fock Energy:  -437.39333592775847
CAS Correlation:       -0.00000000005713
CAS Energy:          -437.39333592781560
Sr    (-1)',   E = -0.00000030106041
Si    (+1)',   E = -0.00000000063968
Sijrs (0)  ,   E = -1.94450820386981
Sijr  (+1) ,   E = -0.01492155285482
Srsi  (-1) ,   E = -0.07093938311126
Srs   (-2) ,   E = -0.01829818129535
Sij   (+2) ,   E = -0.00020483401460
Sir   (0)' ,   E = -0.00000764923363
Nevpt2 Energy = -2.048880106079563
NEVPT2 =   -2.048880106079563
Total NEVPT2 = -439.442216033895136

============================== Supermolecular DFT ==============================
  subiter:   1      |ddm|: 1.032075e+01
  subiter:   2      |ddm|: 8.919325e-01
  subiter:   3      |ddm|: 5.935874e-01
  subiter:   4      |ddm|: 7.627323e-02
  subiter:   5      |ddm|: 2.299426e-02
  subiter:   6      |ddm|: 9.013349e-03
  subiter:   7      |ddm|: 2.488025e-03
  subiter:   8      |ddm|: 9.981705e-04
  subiter:   9      |ddm|: 2.945635e-04
  subiter:  10      |ddm|: 1.404354e-04
  subiter:  11      |ddm|: 3.126538e-05
  subiter:  12      |ddm|: 1.088499e-05
  subiter:  13      |ddm|: 3.316616e-06
  subiter:  14      |ddm|: 7.992894e-07
  subiter:  15      |ddm|: 8.706801e-07
  subiter:  16      |ddm|: 3.503848e-07
  subiter:  17      |ddm|: 1.147337e-07
  subiter:  18      |ddm|: 1.611096e-08
  subiter:  19      |ddm|: 1.067332e-08
  subiter:  20      |ddm|: 8.507530e-09


******** <class 'pyscf.dft.rks.RKS'> flags ********
method = RKS
initial guess = atom
damping factor = 0
level shift factor = 0.0
DIIS = <class 'pyscf.scf.diis.CDIIS'>
DIIS start cycle = 1
DIIS space = 8
SCF tol = 1e-08
SCF gradient tol = 1e-08
max. SCF cycles = 100
direct_scf = True
direct_scf_tol = 1e-13
chkfile to save SCF result = /panfs/roc/scratch/graha682/D75/201711_ccpVTZ_NEVPT2_m06_75_11c12h24/tmp7xNBOI
max_memory 4000 MB (current use 648 MB)
XC functionals = m06
small_rho_cutoff = 1e-20
radial grids: Treutler-Ahlrichs (JCP 102, 346 (M4)) radial grids
becke partition: Becke, JCP, 88, 2547 (1988)
pruning grids: <function nwchem_prune at 0x15315f0>
grids dens level: 4
symmetrized grids: False
atomic radii adjust function: <function treutler_atomic_radii_adjust at 0x1531488>
init E= -471.426816811552
  HOMO = -0.242681478310592  LUMO = -0.0277042131754427
cycle= 1 E= -471.42681681156  delta_E= -7.96e-12  |g|= 2.18e-09  |ddm|= 2.9e-09
  HOMO = -0.242681478537108  LUMO = -0.0277042134020252
Extra cycle  E= -471.426816811501  delta_E= 5.87e-11  |g|= 3.65e-09  |ddm|= 1.07e-08
converged SCF energy = -471.426816811501
Supermolecular DFT   -471.42681681155318

============================== Embedding Energies ==============================
Subsystem DFT              -440.14148888951138
Interaction                 -30.91388144788232
DFT-in-DFT                 -471.05537033739370
Supermolecular DFT         -471.42681681155318
Difference                   -0.37144647415948
Corrected DFT-in-DFT       -471.42681681155318
WF-in-DFT                  -470.35609748177745
Corrected WF-in-DFT        -470.72754395593694
================================================================================
TIMING STATISTICS:
     overlap integrals      0.05s   ( 0.00%)
    initial subsystems      0.30s   ( 0.00%)
           2e matrices  24836.40s   (87.57%)
      tot. embed. of 1  25592.74s   (90.24%)
      tot. embed. of 2      1.45s   ( 0.01%)
       freeze and thaw  25594.24s   (90.24%)
                   cas    219.73s   ( 0.77%)
                nevpt2    347.45s   ( 1.23%)
  interaction energies   2198.69s   ( 7.75%)
                 TOTAL  28361.84s
================================================================================

********************************************************************************
*                              END OF CALCULATION                              *
********************************************************************************
