********************************************************************************
*                         FREEZE-AND-THAW CALCULATION                          *
********************************************************************************

================================== Input File ==================================

subsystem
C         -6.85146       -0.37749       -0.02245
C         -5.58988        0.46082       -0.08353
H         -7.76352        0.23554       -0.09265
H         -6.90688       -0.94637        0.92136
H         -6.88225       -1.11249       -0.84481
charge -1
end

subsystem
C         -4.31951       -0.36566        0.01460
H         -5.59562        1.21323        0.72832
H         -5.56924        1.04594       -1.02294
C         -3.04723        0.45919       -0.04621
H         -4.30827       -1.12069       -0.79710
H         -4.33394       -0.95151        0.95568
C         -1.77799       -0.36661        0.05545
H         -3.05984        1.21545        0.76409
H         -3.03177        1.04285       -0.98845
C         -0.50592        0.45857       -0.00869
H         -1.76605       -1.12465       -0.75312
H         -1.79191       -0.94814        0.99896
C          0.76301       -0.36687        0.09873
H         -0.51947        1.21927        0.79734
H         -0.48982        1.03695       -0.95413
C          2.03492        0.45803        0.02807
H          0.77447       -1.13108       -0.70393
H          0.74963       -0.94088        1.04672
C          3.30219       -0.36867        0.14419
H          2.01957        1.22593        0.82689
H          2.05170        1.02719       -0.92318
C          4.56758        0.46518        0.05280
H          3.31283       -1.14186       -0.64964
H          3.29531       -0.92755        1.09921
C          5.84543       -0.33910        0.00025
H          4.55184        1.23893        0.84704
H          4.57530        1.02068       -0.90327
C          7.17489       -0.13235       -0.09494
H          7.80801        0.22925        0.73037
H          7.69989       -0.32442       -1.03812
H          5.60384       -0.99188       -0.87433
charge +1
end

embed
 huzinaga
 cycles 300
 conv 1e-8
 method m06
end

basis cc-pVDZ
method cas[2,2]/nevpt2
grid 4
conv 1e-8
grad 1e-8
maxiter 100
================================== End Input ===================================
tot grids = 725328

                      Getting subsystem overlap integrals                       

                          Initial subsystem densities                           
Guessing initial subsystem densities
Initial guess from superpostion of atomic densties.
Guessing initial subsystem densities
Initial guess from superpostion of atomic densties.

=========================== Starting Freeze-and-Thaw ===========================
 iter:   1:1        |ddm|: 3.583058e+00     Tr[DP]  1.039759e+00
 iter:   1:2        |ddm|: 5.674996e+00     Tr[DP]  3.299326e-01
 iter:   2:1        |ddm|: 3.705267e+00     Tr[DP]  6.031559e-01
 iter:   2:2        |ddm|: 3.124337e+00     Tr[DP]  2.620109e-01
 iter:   3:1        |ddm|: 1.902408e+00     Tr[DP]  2.710649e-01
 iter:   3:2        |ddm|: 1.990597e+00     Tr[DP]  2.379593e-01
 iter:   4:1        |ddm|: 3.779240e-01     Tr[DP]  2.347914e-01
 iter:   4:2        |ddm|: 4.086597e-01     Tr[DP]  2.321284e-01
 iter:   5:1        |ddm|: 2.048457e-01     Tr[DP]  2.324277e-01
 iter:   5:2        |ddm|: 2.057518e-01     Tr[DP]  2.082339e-01
 iter:   6:1        |ddm|: 9.469748e-02     Tr[DP]  2.187880e-01
 iter:   6:2        |ddm|: 9.908419e-02     Tr[DP]  2.039598e-01
 iter:   7:1        |ddm|: 6.768632e-02     Tr[DP]  2.106643e-01
 iter:   7:2        |ddm|: 6.836870e-02     Tr[DP]  2.001620e-01
 iter:   8:1        |ddm|: 5.455648e-02     Tr[DP]  2.060002e-01
 iter:   8:2        |ddm|: 5.694504e-02     Tr[DP]  1.962552e-01
 iter:   9:1        |ddm|: 5.053977e-02     Tr[DP]  2.028496e-01
 iter:   9:2        |ddm|: 5.801230e-02     Tr[DP]  1.926557e-01
 iter:  10:1        |ddm|: 5.053453e-02     Tr[DP]  1.998139e-01
 iter:  10:2        |ddm|: 6.127119e-02     Tr[DP]  1.891555e-01
 iter:  11:1        |ddm|: 4.324632e-02     Tr[DP]  1.956588e-01
 iter:  11:2        |ddm|: 4.690061e-02     Tr[DP]  1.858514e-01
 iter:  12:1        |ddm|: 3.875448e-02     Tr[DP]  1.931406e-01
 iter:  12:2        |ddm|: 4.656879e-02     Tr[DP]  1.833899e-01
 iter:  13:1        |ddm|: 3.804617e-02     Tr[DP]  1.907660e-01
 iter:  13:2        |ddm|: 4.575553e-02     Tr[DP]  1.809309e-01
 iter:  14:1        |ddm|: 3.718006e-02     Tr[DP]  1.883386e-01
 iter:  14:2        |ddm|: 4.375719e-02     Tr[DP]  1.785531e-01
 iter:  15:1        |ddm|: 3.678484e-02     Tr[DP]  1.863015e-01
 iter:  15:2        |ddm|: 4.512861e-02     Tr[DP]  1.762001e-01
 iter:  16:1        |ddm|: 3.731162e-02     Tr[DP]  1.841619e-01
 iter:  16:2        |ddm|: 4.591687e-02     Tr[DP]  1.736858e-01
 iter:  17:1        |ddm|: 3.714621e-02     Tr[DP]  1.817052e-01
 iter:  17:2        |ddm|: 4.399066e-02     Tr[DP]  1.711447e-01
 iter:  18:1        |ddm|: 3.656173e-02     Tr[DP]  1.792765e-01
 iter:  18:2        |ddm|: 4.261848e-02     Tr[DP]  1.687582e-01
 iter:  19:1        |ddm|: 3.568336e-02     Tr[DP]  1.769515e-01
 iter:  19:2        |ddm|: 4.159032e-02     Tr[DP]  1.664420e-01
 iter:  20:1        |ddm|: 3.542118e-02     Tr[DP]  1.747764e-01
 iter:  20:2        |ddm|: 4.176808e-02     Tr[DP]  1.641143e-01
 iter:  21:1        |ddm|: 3.477768e-02     Tr[DP]  1.722321e-01
 iter:  21:2        |ddm|: 3.838617e-02     Tr[DP]  1.619793e-01
 iter:  22:1        |ddm|: 3.378626e-02     Tr[DP]  1.703848e-01
 iter:  22:2        |ddm|: 4.060312e-02     Tr[DP]  1.598266e-01
 iter:  23:1        |ddm|: 3.543083e-02     Tr[DP]  1.684458e-01
 iter:  23:2        |ddm|: 4.389867e-02     Tr[DP]  1.572908e-01
 iter:  24:1        |ddm|: 3.608329e-02     Tr[DP]  1.659491e-01
 iter:  24:2        |ddm|: 4.163367e-02     Tr[DP]  1.546906e-01
 iter:  25:1        |ddm|: 3.882837e-02     Tr[DP]  1.625173e-01
 iter:  25:2        |ddm|: 3.658790e-02     Tr[DP]  1.535730e-01
 iter:  26:1        |ddm|: 2.815115e-02     Tr[DP]  1.612186e-01
 iter:  26:2        |ddm|: 3.310667e-02     Tr[DP]  1.525307e-01
 iter:  27:1        |ddm|: 2.935088e-02     Tr[DP]  1.605272e-01
 iter:  27:2        |ddm|: 4.284323e-02     Tr[DP]  1.507881e-01
 iter:  28:1        |ddm|: 3.515513e-02     Tr[DP]  1.589107e-01
 iter:  28:2        |ddm|: 4.722901e-02     Tr[DP]  1.479078e-01
 iter:  29:1        |ddm|: 6.520647e-02     Tr[DP]  1.580429e-01
 iter:  29:2        |ddm|: 9.895605e-02     Tr[DP]  1.426203e-01
 iter:  30:1        |ddm|: 5.699757e-02     Tr[DP]  1.531064e-01
 iter:  30:2        |ddm|: 6.220632e-02     Tr[DP]  1.374968e-01
 iter:  31:1        |ddm|: 5.233882e-02     Tr[DP]  1.491231e-01
 iter:  31:2        |ddm|: 6.123014e-02     Tr[DP]  1.332828e-01
 iter:  32:1        |ddm|: 5.018169e-02     Tr[DP]  1.453296e-01
 iter:  32:2        |ddm|: 5.596445e-02     Tr[DP]  1.297367e-01
 iter:  33:1        |ddm|: 4.724465e-02     Tr[DP]  1.418011e-01
 iter:  33:2        |ddm|: 4.792921e-02     Tr[DP]  1.272711e-01
 iter:  34:1        |ddm|: 4.423037e-02     Tr[DP]  1.392663e-01
 iter:  34:2        |ddm|: 5.137216e-02     Tr[DP]  1.245589e-01
 iter:  35:1        |ddm|: 4.553493e-02     Tr[DP]  1.365059e-01
 iter:  35:2        |ddm|: 5.138405e-02     Tr[DP]  1.217564e-01
 iter:  36:1        |ddm|: 4.480567e-02     Tr[DP]  1.335459e-01
 iter:  36:2        |ddm|: 4.526174e-02     Tr[DP]  1.196603e-01
 iter:  37:1        |ddm|: 4.147745e-02     Tr[DP]  1.310490e-01
 iter:  37:2        |ddm|: 4.270526e-02     Tr[DP]  1.179243e-01
 iter:  38:1        |ddm|: 3.954082e-02     Tr[DP]  1.287982e-01
 iter:  38:2        |ddm|: 4.035126e-02     Tr[DP]  1.163368e-01
 iter:  39:1        |ddm|: 3.800131e-02     Tr[DP]  1.267848e-01
 iter:  39:2        |ddm|: 4.350697e-02     Tr[DP]  1.143272e-01
 iter:  40:1        |ddm|: 4.251341e-02     Tr[DP]  1.246944e-01
 iter:  40:2        |ddm|: 5.470788e-02     Tr[DP]  1.114784e-01
 iter:  41:1        |ddm|: 4.391483e-02     Tr[DP]  1.221389e-01
 iter:  41:2        |ddm|: 4.759454e-02     Tr[DP]  1.090604e-01
 iter:  42:1        |ddm|: 4.228035e-02     Tr[DP]  1.197477e-01
 iter:  42:2        |ddm|: 4.755285e-02     Tr[DP]  1.068948e-01
 iter:  43:1        |ddm|: 4.228324e-02     Tr[DP]  1.174470e-01
 iter:  43:2        |ddm|: 3.769390e-02     Tr[DP]  1.058239e-01
 iter:  44:1        |ddm|: 4.448765e-02     Tr[DP]  1.155793e-01
 iter:  44:2        |ddm|: 6.661386e-02     Tr[DP]  1.029274e-01
 iter:  45:1        |ddm|: 4.655728e-02     Tr[DP]  1.133302e-01
 iter:  45:2        |ddm|: 4.994829e-02     Tr[DP]  1.006729e-01
 iter:  46:1        |ddm|: 4.306770e-02     Tr[DP]  1.110892e-01
 iter:  46:2        |ddm|: 4.816273e-02     Tr[DP]  9.889894e-02
 iter:  47:1        |ddm|: 4.195582e-02     Tr[DP]  1.090606e-01
 iter:  47:2        |ddm|: 4.810740e-02     Tr[DP]  9.719486e-02
 iter:  48:1        |ddm|: 4.776448e-02     Tr[DP]  1.070719e-01
 iter:  48:2        |ddm|: 6.971249e-02     Tr[DP]  9.455708e-02
 iter:  49:1        |ddm|: 4.842959e-02     Tr[DP]  1.051621e-01
 iter:  49:2        |ddm|: 4.091586e-02     Tr[DP]  9.361249e-02
 iter:  50:1        |ddm|: 3.914511e-02     Tr[DP]  1.033076e-01
 iter:  50:2        |ddm|: 3.984823e-02     Tr[DP]  9.276960e-02
 iter:  51:1        |ddm|: 3.751749e-02     Tr[DP]  1.018332e-01
 iter:  51:2        |ddm|: 3.459644e-02     Tr[DP]  9.215829e-02
 iter:  52:1        |ddm|: 3.410747e-02     Tr[DP]  1.004345e-01
 iter:  52:2        |ddm|: 3.400376e-02     Tr[DP]  9.148097e-02
 iter:  53:1        |ddm|: 3.259120e-02     Tr[DP]  9.917650e-02
 iter:  53:2        |ddm|: 3.333362e-02     Tr[DP]  9.076910e-02
 iter:  54:1        |ddm|: 3.149421e-02     Tr[DP]  9.798848e-02
 iter:  54:2        |ddm|: 3.399616e-02     Tr[DP]  8.999397e-02
 iter:  55:1        |ddm|: 3.078838e-02     Tr[DP]  9.691689e-02
 iter:  55:2        |ddm|: 3.075465e-02     Tr[DP]  8.940744e-02
 iter:  56:1        |ddm|: 2.903123e-02     Tr[DP]  9.594466e-02
 iter:  56:2        |ddm|: 2.611280e-02     Tr[DP]  8.911910e-02
 iter:  57:1        |ddm|: 2.811888e-02     Tr[DP]  9.491201e-02
 iter:  57:2        |ddm|: 3.650578e-02     Tr[DP]  8.824060e-02
 iter:  58:1        |ddm|: 2.920688e-02     Tr[DP]  9.424052e-02
 iter:  58:2        |ddm|: 2.601902e-02     Tr[DP]  8.789524e-02
 iter:  59:1        |ddm|: 2.479729e-02     Tr[DP]  9.336175e-02
 iter:  59:2        |ddm|: 2.422353e-02     Tr[DP]  8.762591e-02
 iter:  60:1        |ddm|: 2.316243e-02     Tr[DP]  9.266838e-02
 iter:  60:2        |ddm|: 2.189149e-02     Tr[DP]  8.738959e-02
 iter:  61:1        |ddm|: 2.140924e-02     Tr[DP]  9.203006e-02
 iter:  61:2        |ddm|: 2.059336e-02     Tr[DP]  8.719474e-02
 iter:  62:1        |ddm|: 2.232104e-02     Tr[DP]  9.165190e-02
 iter:  62:2        |ddm|: 1.926446e-02     Tr[DP]  8.748818e-02
 iter:  63:1        |ddm|: 2.436228e-02     Tr[DP]  9.071126e-02
 iter:  63:2        |ddm|: 4.137455e-02     Tr[DP]  8.643390e-02
 iter:  64:1        |ddm|: 2.203117e-02     Tr[DP]  9.040586e-02
 iter:  64:2        |ddm|: 2.507623e-02     Tr[DP]  8.597316e-02
 iter:  65:1        |ddm|: 2.233681e-02     Tr[DP]  8.976419e-02
 iter:  65:2        |ddm|: 3.106164e-02     Tr[DP]  8.533724e-02
 iter:  66:1        |ddm|: 2.163696e-02     Tr[DP]  8.933889e-02
 iter:  66:2        |ddm|: 2.459934e-02     Tr[DP]  8.498940e-02
 iter:  67:1        |ddm|: 2.022716e-02     Tr[DP]  8.890334e-02
 iter:  67:2        |ddm|: 2.104400e-02     Tr[DP]  8.479692e-02
 iter:  68:1        |ddm|: 1.875817e-02     Tr[DP]  8.848397e-02
 iter:  68:2        |ddm|: 1.883637e-02     Tr[DP]  8.466373e-02
 iter:  69:1        |ddm|: 1.795157e-02     Tr[DP]  8.801971e-02
 iter:  69:2        |ddm|: 2.095310e-02     Tr[DP]  8.441404e-02
 iter:  70:1        |ddm|: 1.716346e-02     Tr[DP]  8.770647e-02
 iter:  70:2        |ddm|: 1.676953e-02     Tr[DP]  8.432990e-02
 iter:  71:1        |ddm|: 1.662969e-02     Tr[DP]  8.729450e-02
 iter:  71:2        |ddm|: 2.066672e-02     Tr[DP]  8.406095e-02
 iter:  72:1        |ddm|: 1.592779e-02     Tr[DP]  8.705819e-02
 iter:  72:2        |ddm|: 1.555553e-02     Tr[DP]  8.402665e-02
 iter:  73:1        |ddm|: 1.478263e-02     Tr[DP]  8.675734e-02
 iter:  73:2        |ddm|: 1.567998e-02     Tr[DP]  8.392541e-02
 iter:  74:1        |ddm|: 1.394026e-02     Tr[DP]  8.653166e-02
 iter:  74:2        |ddm|: 1.358713e-02     Tr[DP]  8.389687e-02
 iter:  75:1        |ddm|: 1.292501e-02     Tr[DP]  8.631219e-02
 iter:  75:2        |ddm|: 1.240411e-02     Tr[DP]  8.388534e-02
 iter:  76:1        |ddm|: 1.196354e-02     Tr[DP]  8.612417e-02
 iter:  76:2        |ddm|: 1.112225e-02     Tr[DP]  8.390003e-02
 iter:  77:1        |ddm|: 1.100237e-02     Tr[DP]  8.595059e-02
 iter:  77:2        |ddm|: 1.015703e-02     Tr[DP]  8.391999e-02
 iter:  78:1        |ddm|: 1.015946e-02     Tr[DP]  8.581717e-02
 iter:  78:2        |ddm|: 8.839604e-03     Tr[DP]  8.397661e-02
 iter:  79:1        |ddm|: 9.283850e-03     Tr[DP]  8.562203e-02
 iter:  79:2        |ddm|: 9.999876e-03     Tr[DP]  8.392188e-02
 iter:  80:1        |ddm|: 8.837020e-03     Tr[DP]  8.550180e-02
 iter:  80:2        |ddm|: 8.897918e-03     Tr[DP]  8.390693e-02
 iter:  81:1        |ddm|: 8.279479e-03     Tr[DP]  8.541343e-02
 iter:  81:2        |ddm|: 7.438002e-03     Tr[DP]  8.394674e-02
 iter:  82:1        |ddm|: 9.092488e-03     Tr[DP]  8.515943e-02
 iter:  82:2        |ddm|: 1.428138e-02     Tr[DP]  8.372419e-02
 iter:  83:1        |ddm|: 8.142523e-03     Tr[DP]  8.513563e-02
 iter:  83:2        |ddm|: 8.104355e-03     Tr[DP]  8.373804e-02
 iter:  84:1        |ddm|: 7.482658e-03     Tr[DP]  8.505430e-02
 iter:  84:2        |ddm|: 7.098652e-03     Tr[DP]  8.375741e-02
 iter:  85:1        |ddm|: 6.855493e-03     Tr[DP]  8.496814e-02
 iter:  85:2        |ddm|: 6.515276e-03     Tr[DP]  8.377424e-02
 iter:  86:1        |ddm|: 6.325015e-03     Tr[DP]  8.490425e-02
 iter:  86:2        |ddm|: 5.648414e-03     Tr[DP]  8.381303e-02
 iter:  87:1        |ddm|: 6.158741e-03     Tr[DP]  8.490206e-02
 iter:  87:2        |ddm|: 5.452210e-03     Tr[DP]  8.394442e-02
 iter:  88:1        |ddm|: 5.665741e-03     Tr[DP]  8.471701e-02
 iter:  88:2        |ddm|: 8.676169e-03     Tr[DP]  8.382116e-02
 iter:  89:1        |ddm|: 5.322535e-03     Tr[DP]  8.466383e-02
 iter:  89:2        |ddm|: 6.517044e-03     Tr[DP]  8.378386e-02
 iter:  90:1        |ddm|: 5.062643e-03     Tr[DP]  8.461732e-02
 iter:  90:2        |ddm|: 5.546964e-03     Tr[DP]  8.377152e-02
 iter:  91:1        |ddm|: 4.805347e-03     Tr[DP]  8.456060e-02
 iter:  91:2        |ddm|: 5.338926e-03     Tr[DP]  8.375662e-02
 iter:  92:1        |ddm|: 4.873528e-03     Tr[DP]  8.447441e-02
 iter:  92:2        |ddm|: 6.658805e-03     Tr[DP]  8.369508e-02
 iter:  93:1        |ddm|: 4.548405e-03     Tr[DP]  8.444626e-02
 iter:  93:2        |ddm|: 4.871028e-03     Tr[DP]  8.369562e-02
 iter:  94:1        |ddm|: 4.234253e-03     Tr[DP]  8.441539e-02
 iter:  94:2        |ddm|: 4.085329e-03     Tr[DP]  8.371341e-02
 iter:  95:1        |ddm|: 3.931846e-03     Tr[DP]  8.440092e-02
 iter:  95:2        |ddm|: 3.287096e-03     Tr[DP]  8.376308e-02
 iter:  96:1        |ddm|: 3.458048e-03     Tr[DP]  8.436551e-02
 iter:  96:2        |ddm|: 2.971200e-03     Tr[DP]  8.379145e-02
 iter:  97:1        |ddm|: 3.120666e-03     Tr[DP]  8.433216e-02
 iter:  97:2        |ddm|: 2.808819e-03     Tr[DP]  8.381056e-02
 iter:  98:1        |ddm|: 2.883625e-03     Tr[DP]  8.431623e-02
 iter:  98:2        |ddm|: 2.426523e-03     Tr[DP]  8.384505e-02
 iter:  99:1        |ddm|: 2.701321e-03     Tr[DP]  8.426167e-02
 iter:  99:2        |ddm|: 3.427722e-03     Tr[DP]  8.382456e-02
 iter: 100:1        |ddm|: 2.550983e-03     Tr[DP]  8.423937e-02
 iter: 100:2        |ddm|: 2.845020e-03     Tr[DP]  8.382341e-02
 iter: 101:1        |ddm|: 2.418732e-03     Tr[DP]  8.421772e-02
 iter: 101:2        |ddm|: 2.604673e-03     Tr[DP]  8.382425e-02
 iter: 102:1        |ddm|: 2.401736e-03     Tr[DP]  8.417975e-02
 iter: 102:2        |ddm|: 3.098202e-03     Tr[DP]  8.380047e-02
 iter: 103:1        |ddm|: 2.313551e-03     Tr[DP]  8.415794e-02
 iter: 103:2        |ddm|: 2.763281e-03     Tr[DP]  8.378978e-02
 iter: 104:1        |ddm|: 2.593095e-03     Tr[DP]  8.410727e-02
 iter: 104:2        |ddm|: 4.130006e-03     Tr[DP]  8.373901e-02
 iter: 105:1        |ddm|: 2.265984e-03     Tr[DP]  8.411261e-02
 iter: 105:2        |ddm|: 2.240528e-03     Tr[DP]  8.375438e-02
 iter: 106:1        |ddm|: 2.076239e-03     Tr[DP]  8.410026e-02
 iter: 106:2        |ddm|: 1.963937e-03     Tr[DP]  8.376689e-02
 iter: 107:1        |ddm|: 1.902443e-03     Tr[DP]  8.408181e-02
 iter: 107:2        |ddm|: 1.894457e-03     Tr[DP]  8.377299e-02
 iter: 108:1        |ddm|: 1.788081e-03     Tr[DP]  8.406151e-02
 iter: 108:2        |ddm|: 1.929335e-03     Tr[DP]  8.377217e-02
 iter: 109:1        |ddm|: 1.674313e-03     Tr[DP]  8.405097e-02
 iter: 109:2        |ddm|: 1.625865e-03     Tr[DP]  8.378040e-02
 iter: 110:1        |ddm|: 1.549734e-03     Tr[DP]  8.404284e-02
 iter: 110:2        |ddm|: 1.387780e-03     Tr[DP]  8.379356e-02
 iter: 111:1        |ddm|: 1.411428e-03     Tr[DP]  8.403080e-02
 iter: 111:2        |ddm|: 1.313109e-03     Tr[DP]  8.380230e-02
 iter: 112:1        |ddm|: 1.299981e-03     Tr[DP]  8.401931e-02
 iter: 112:2        |ddm|: 1.244267e-03     Tr[DP]  8.380863e-02
 iter: 113:1        |ddm|: 1.206771e-03     Tr[DP]  8.401522e-02
 iter: 113:2        |ddm|: 1.035219e-03     Tr[DP]  8.382289e-02
 iter: 114:1        |ddm|: 1.092787e-03     Tr[DP]  8.400083e-02
 iter: 114:2        |ddm|: 1.123682e-03     Tr[DP]  8.382378e-02
 iter: 115:1        |ddm|: 1.031596e-03     Tr[DP]  8.399053e-02
 iter: 115:2        |ddm|: 1.092144e-03     Tr[DP]  8.382458e-02
 iter: 116:1        |ddm|: 9.845773e-04     Tr[DP]  8.398043e-02
 iter: 116:2        |ddm|: 1.092062e-03     Tr[DP]  8.382341e-02
 iter: 117:1        |ddm|: 9.694833e-04     Tr[DP]  8.396788e-02
 iter: 117:2        |ddm|: 1.218019e-03     Tr[DP]  8.381706e-02
 iter: 118:1        |ddm|: 9.015454e-04     Tr[DP]  8.396570e-02
 iter: 118:2        |ddm|: 8.763564e-04     Tr[DP]  8.382273e-02
 iter: 119:1        |ddm|: 8.578165e-04     Tr[DP]  8.395472e-02
 iter: 119:2        |ddm|: 1.000702e-03     Tr[DP]  8.381941e-02
 iter: 120:1        |ddm|: 8.004963e-04     Tr[DP]  8.395150e-02
 iter: 120:2        |ddm|: 7.749320e-04     Tr[DP]  8.382416e-02
 iter: 121:1        |ddm|: 7.393948e-04     Tr[DP]  8.394805e-02
 iter: 121:2        |ddm|: 6.672862e-04     Tr[DP]  8.383051e-02
 iter: 122:1        |ddm|: 6.738455e-04     Tr[DP]  8.394445e-02
 iter: 122:2        |ddm|: 5.896529e-04     Tr[DP]  8.383725e-02
 iter: 123:1        |ddm|: 6.104840e-04     Tr[DP]  8.394072e-02
 iter: 123:2        |ddm|: 5.282147e-04     Tr[DP]  8.384339e-02
 iter: 124:1        |ddm|: 5.517849e-04     Tr[DP]  8.393689e-02
 iter: 124:2        |ddm|: 4.921071e-04     Tr[DP]  8.384868e-02
 iter: 125:1        |ddm|: 5.124398e-04     Tr[DP]  8.392971e-02
 iter: 125:2        |ddm|: 5.682177e-04     Tr[DP]  8.384775e-02
 iter: 126:1        |ddm|: 5.058696e-04     Tr[DP]  8.392301e-02
 iter: 126:2        |ddm|: 6.396141e-04     Tr[DP]  8.384460e-02
 iter: 127:1        |ddm|: 5.142575e-04     Tr[DP]  8.391610e-02
 iter: 127:2        |ddm|: 7.119311e-04     Tr[DP]  8.383920e-02
 iter: 128:1        |ddm|: 4.838061e-04     Tr[DP]  8.391336e-02
 iter: 128:2        |ddm|: 5.664733e-04     Tr[DP]  8.383855e-02
 iter: 129:1        |ddm|: 4.826554e-04     Tr[DP]  8.390721e-02
 iter: 129:2        |ddm|: 6.440923e-04     Tr[DP]  8.383437e-02
 iter: 130:1        |ddm|: 4.442062e-04     Tr[DP]  8.390670e-02
 iter: 130:2        |ddm|: 4.381147e-04     Tr[DP]  8.383712e-02
 iter: 131:1        |ddm|: 4.105331e-04     Tr[DP]  8.390609e-02
 iter: 131:2        |ddm|: 3.547541e-04     Tr[DP]  8.384199e-02
 iter: 132:1        |ddm|: 3.669816e-04     Tr[DP]  8.390340e-02
 iter: 132:2        |ddm|: 3.264453e-04     Tr[DP]  8.384504e-02
 iter: 133:1        |ddm|: 3.337883e-04     Tr[DP]  8.390104e-02
 iter: 133:2        |ddm|: 3.006895e-04     Tr[DP]  8.384774e-02
 iter: 134:1        |ddm|: 3.168279e-04     Tr[DP]  8.389623e-02
 iter: 134:2        |ddm|: 3.762255e-04     Tr[DP]  8.384632e-02
 iter: 135:1        |ddm|: 3.159454e-04     Tr[DP]  8.389211e-02
 iter: 135:2        |ddm|: 4.137055e-04     Tr[DP]  8.384390e-02
 iter: 136:1        |ddm|: 3.042361e-04     Tr[DP]  8.388957e-02
 iter: 136:2        |ddm|: 3.707692e-04     Tr[DP]  8.384275e-02
 iter: 137:1        |ddm|: 2.830172e-04     Tr[DP]  8.388903e-02
 iter: 137:2        |ddm|: 2.738945e-04     Tr[DP]  8.384465e-02
 iter: 138:1        |ddm|: 2.761760e-04     Tr[DP]  8.389091e-02
 iter: 138:2        |ddm|: 2.471553e-04     Tr[DP]  8.385114e-02
 iter: 139:1        |ddm|: 2.219583e-04     Tr[DP]  8.388857e-02
 iter: 139:2        |ddm|: 1.826474e-04     Tr[DP]  8.385347e-02
 iter: 140:1        |ddm|: 1.975698e-04     Tr[DP]  8.388623e-02
 iter: 140:2        |ddm|: 1.885725e-04     Tr[DP]  8.385436e-02
 iter: 141:1        |ddm|: 1.837013e-04     Tr[DP]  8.388482e-02
 iter: 141:2        |ddm|: 1.754293e-04     Tr[DP]  8.385541e-02
 iter: 142:1        |ddm|: 1.882524e-04     Tr[DP]  8.388129e-02
 iter: 142:2        |ddm|: 2.650665e-04     Tr[DP]  8.385311e-02
 iter: 143:1        |ddm|: 2.074809e-04     Tr[DP]  8.387779e-02
 iter: 143:2        |ddm|: 3.327197e-04     Tr[DP]  8.384940e-02
 iter: 144:1        |ddm|: 2.029721e-04     Tr[DP]  8.387580e-02
 iter: 144:2        |ddm|: 2.973866e-04     Tr[DP]  8.384692e-02
 iter: 145:1        |ddm|: 1.820288e-04     Tr[DP]  8.387722e-02
 iter: 145:2        |ddm|: 1.638979e-04     Tr[DP]  8.384963e-02
 iter: 146:1        |ddm|: 1.624058e-04     Tr[DP]  8.387549e-02
 iter: 146:2        |ddm|: 1.695124e-04     Tr[DP]  8.384993e-02
 iter: 147:1        |ddm|: 1.527087e-04     Tr[DP]  8.387590e-02
 iter: 147:2        |ddm|: 1.307280e-04     Tr[DP]  8.385272e-02
 iter: 148:1        |ddm|: 1.322511e-04     Tr[DP]  8.387409e-02
 iter: 148:2        |ddm|: 1.354431e-04     Tr[DP]  8.385301e-02
 iter: 149:1        |ddm|: 1.227979e-04     Tr[DP]  8.387316e-02
 iter: 149:2        |ddm|: 1.216329e-04     Tr[DP]  8.385361e-02
 iter: 150:1        |ddm|: 1.144093e-04     Tr[DP]  8.387237e-02
 iter: 150:2        |ddm|: 1.116055e-04     Tr[DP]  8.385419e-02
 iter: 151:1        |ddm|: 1.060012e-04     Tr[DP]  8.387184e-02
 iter: 151:2        |ddm|: 9.735715e-05     Tr[DP]  8.385505e-02
 iter: 152:1        |ddm|: 9.715572e-05     Tr[DP]  8.387131e-02
 iter: 152:2        |ddm|: 8.668530e-05     Tr[DP]  8.385593e-02
 iter: 153:1        |ddm|: 8.866767e-05     Tr[DP]  8.387059e-02
 iter: 153:2        |ddm|: 8.344695e-05     Tr[DP]  8.385645e-02
 iter: 154:1        |ddm|: 8.196386e-05     Tr[DP]  8.386996e-02
 iter: 154:2        |ddm|: 7.805902e-05     Tr[DP]  8.385690e-02
 iter: 155:1        |ddm|: 7.648698e-05     Tr[DP]  8.386993e-02
 iter: 155:2        |ddm|: 6.456045e-05     Tr[DP]  8.385805e-02
 iter: 156:1        |ddm|: 6.778301e-05     Tr[DP]  8.386910e-02
 iter: 156:2        |ddm|: 6.650939e-05     Tr[DP]  8.385826e-02
 iter: 157:1        |ddm|: 6.544641e-05     Tr[DP]  8.386818e-02
 iter: 157:2        |ddm|: 7.865537e-05     Tr[DP]  8.385795e-02
 iter: 158:1        |ddm|: 6.245409e-05     Tr[DP]  8.386770e-02
 iter: 158:2        |ddm|: 6.978308e-05     Tr[DP]  8.385792e-02
 iter: 159:1        |ddm|: 6.017205e-05     Tr[DP]  8.386711e-02
 iter: 159:2        |ddm|: 7.003539e-05     Tr[DP]  8.385776e-02
 iter: 160:1        |ddm|: 5.604169e-05     Tr[DP]  8.386704e-02
 iter: 160:2        |ddm|: 5.170594e-05     Tr[DP]  8.385825e-02
 iter: 161:1        |ddm|: 5.686308e-05     Tr[DP]  8.386595e-02
 iter: 161:2        |ddm|: 8.105784e-05     Tr[DP]  8.385752e-02
 iter: 162:1        |ddm|: 5.142843e-05     Tr[DP]  8.386608e-02
 iter: 162:2        |ddm|: 4.787702e-05     Tr[DP]  8.385807e-02
 iter: 163:1        |ddm|: 4.735472e-05     Tr[DP]  8.386563e-02
 iter: 163:2        |ddm|: 4.916566e-05     Tr[DP]  8.385816e-02
 iter: 164:1        |ddm|: 4.687765e-05     Tr[DP]  8.386494e-02
 iter: 164:2        |ddm|: 6.171782e-05     Tr[DP]  8.385780e-02
 iter: 165:1        |ddm|: 4.318883e-05     Tr[DP]  8.386496e-02
 iter: 165:2        |ddm|: 4.029782e-05     Tr[DP]  8.385820e-02
 iter: 166:1        |ddm|: 4.232328e-05     Tr[DP]  8.386427e-02
 iter: 166:2        |ddm|: 5.619751e-05     Tr[DP]  8.385784e-02
 iter: 167:1        |ddm|: 3.887942e-05     Tr[DP]  8.386435e-02
 iter: 167:2        |ddm|: 3.481821e-05     Tr[DP]  8.385830e-02
 iter: 168:1        |ddm|: 3.519436e-05     Tr[DP]  8.386412e-02
 iter: 168:2        |ddm|: 3.202246e-05     Tr[DP]  8.385857e-02
 iter: 169:1        |ddm|: 3.220000e-05     Tr[DP]  8.386385e-02
 iter: 169:2        |ddm|: 3.125992e-05     Tr[DP]  8.385873e-02
 iter: 170:1        |ddm|: 2.985162e-05     Tr[DP]  8.386376e-02
 iter: 170:2        |ddm|: 2.581280e-05     Tr[DP]  8.385907e-02
 iter: 171:1        |ddm|: 2.727205e-05     Tr[DP]  8.386342e-02
 iter: 171:2        |ddm|: 2.885292e-05     Tr[DP]  8.385909e-02
 iter: 172:1        |ddm|: 2.539204e-05     Tr[DP]  8.386333e-02
 iter: 172:2        |ddm|: 2.318020e-05     Tr[DP]  8.385931e-02
 iter: 173:1        |ddm|: 2.329747e-05     Tr[DP]  8.386317e-02
 iter: 173:2        |ddm|: 2.156637e-05     Tr[DP]  8.385947e-02
 iter: 174:1        |ddm|: 2.140198e-05     Tr[DP]  8.386305e-02
 iter: 174:2        |ddm|: 1.922272e-05     Tr[DP]  8.385966e-02
 iter: 175:1        |ddm|: 1.955091e-05     Tr[DP]  8.386292e-02
 iter: 175:2        |ddm|: 1.786963e-05     Tr[DP]  8.385981e-02
 iter: 176:1        |ddm|: 1.796899e-05     Tr[DP]  8.386278e-02
 iter: 176:2        |ddm|: 1.702994e-05     Tr[DP]  8.385992e-02
 iter: 177:1        |ddm|: 1.662219e-05     Tr[DP]  8.386272e-02
 iter: 177:2        |ddm|: 1.440562e-05     Tr[DP]  8.386010e-02
 iter: 178:1        |ddm|: 1.505095e-05     Tr[DP]  8.386258e-02
 iter: 178:2        |ddm|: 1.442628e-05     Tr[DP]  8.386018e-02
 iter: 179:1        |ddm|: 1.396986e-05     Tr[DP]  8.386246e-02
 iter: 179:2        |ddm|: 1.373479e-05     Tr[DP]  8.386024e-02
 iter: 180:1        |ddm|: 1.404220e-05     Tr[DP]  8.386223e-02
 iter: 180:2        |ddm|: 1.885376e-05     Tr[DP]  8.386010e-02
 iter: 181:1        |ddm|: 1.340981e-05     Tr[DP]  8.386212e-02
 iter: 181:2        |ddm|: 1.620293e-05     Tr[DP]  8.386006e-02
 iter: 182:1        |ddm|: 1.534304e-05     Tr[DP]  8.386182e-02
 iter: 182:2        |ddm|: 2.505835e-05     Tr[DP]  8.385976e-02
 iter: 183:1        |ddm|: 1.636088e-05     Tr[DP]  8.386159e-02
 iter: 183:2        |ddm|: 2.696529e-05     Tr[DP]  8.385945e-02
 iter: 184:1        |ddm|: 1.387440e-05     Tr[DP]  8.386168e-02
 iter: 184:2        |ddm|: 1.379725e-05     Tr[DP]  8.385956e-02
 iter: 185:1        |ddm|: 1.277039e-05     Tr[DP]  8.386169e-02
 iter: 185:2        |ddm|: 1.078589e-05     Tr[DP]  8.385974e-02
 iter: 186:1        |ddm|: 1.119361e-05     Tr[DP]  8.386160e-02
 iter: 186:2        |ddm|: 9.904550e-06     Tr[DP]  8.385983e-02
 iter: 187:1        |ddm|: 1.015592e-05     Tr[DP]  8.386154e-02
 iter: 187:2        |ddm|: 8.998267e-06     Tr[DP]  8.385994e-02
 iter: 188:1        |ddm|: 9.365019e-06     Tr[DP]  8.386143e-02
 iter: 188:2        |ddm|: 1.007005e-05     Tr[DP]  8.385994e-02
 iter: 189:1        |ddm|: 8.861048e-06     Tr[DP]  8.386135e-02
 iter: 189:2        |ddm|: 9.657434e-06     Tr[DP]  8.385995e-02
 iter: 190:1        |ddm|: 8.278109e-06     Tr[DP]  8.386132e-02
 iter: 190:2        |ddm|: 7.952178e-06     Tr[DP]  8.386001e-02
 iter: 191:1        |ddm|: 7.687589e-06     Tr[DP]  8.386125e-02
 iter: 191:2        |ddm|: 7.929089e-06     Tr[DP]  8.386003e-02
 iter: 192:1        |ddm|: 7.832866e-06     Tr[DP]  8.386111e-02
 iter: 192:2        |ddm|: 1.093683e-05     Tr[DP]  8.385994e-02
 iter: 193:1        |ddm|: 7.911872e-06     Tr[DP]  8.386124e-02
 iter: 193:2        |ddm|: 7.852578e-06     Tr[DP]  8.386017e-02
 iter: 194:1        |ddm|: 7.880333e-06     Tr[DP]  8.386132e-02
 iter: 194:2        |ddm|: 9.985084e-06     Tr[DP]  8.386043e-02
 iter: 195:1        |ddm|: 9.579296e-06     Tr[DP]  8.386092e-02
 iter: 195:2        |ddm|: 1.966277e-05     Tr[DP]  8.386007e-02
 iter: 196:1        |ddm|: 7.025606e-06     Tr[DP]  8.386088e-02
 iter: 196:2        |ddm|: 1.111114e-05     Tr[DP]  8.385997e-02
 iter: 197:1        |ddm|: 5.999876e-06     Tr[DP]  8.386094e-02
 iter: 197:2        |ddm|: 5.647585e-06     Tr[DP]  8.386003e-02
 iter: 198:1        |ddm|: 5.398203e-06     Tr[DP]  8.386091e-02
 iter: 198:2        |ddm|: 5.163532e-06     Tr[DP]  8.386006e-02
 iter: 199:1        |ddm|: 4.935990e-06     Tr[DP]  8.386087e-02
 iter: 199:2        |ddm|: 4.768461e-06     Tr[DP]  8.386009e-02
 iter: 200:1        |ddm|: 4.572718e-06     Tr[DP]  8.386084e-02
 iter: 200:2        |ddm|: 4.548371e-06     Tr[DP]  8.386011e-02
 iter: 201:1        |ddm|: 4.241714e-06     Tr[DP]  8.386082e-02
 iter: 201:2        |ddm|: 3.757306e-06     Tr[DP]  8.386015e-02
 iter: 202:1        |ddm|: 3.859001e-06     Tr[DP]  8.386079e-02
 iter: 202:2        |ddm|: 3.581946e-06     Tr[DP]  8.386018e-02
 iter: 203:1        |ddm|: 3.549401e-06     Tr[DP]  8.386077e-02
 iter: 203:2        |ddm|: 3.378511e-06     Tr[DP]  8.386020e-02
 iter: 204:1        |ddm|: 3.290408e-06     Tr[DP]  8.386076e-02
 iter: 204:2        |ddm|: 2.774509e-06     Tr[DP]  8.386025e-02
 iter: 205:1        |ddm|: 2.994443e-06     Tr[DP]  8.386072e-02
 iter: 205:2        |ddm|: 3.355204e-06     Tr[DP]  8.386024e-02
 iter: 206:1        |ddm|: 2.849949e-06     Tr[DP]  8.386069e-02
 iter: 206:2        |ddm|: 3.179395e-06     Tr[DP]  8.386024e-02
 iter: 207:1        |ddm|: 3.105000e-06     Tr[DP]  8.386063e-02
 iter: 207:2        |ddm|: 4.750031e-06     Tr[DP]  8.386019e-02
 iter: 208:1        |ddm|: 2.923189e-06     Tr[DP]  8.386061e-02
 iter: 208:2        |ddm|: 3.796300e-06     Tr[DP]  8.386017e-02
 iter: 209:1        |ddm|: 2.691598e-06     Tr[DP]  8.386061e-02
 iter: 209:2        |ddm|: 2.553284e-06     Tr[DP]  8.386020e-02
 iter: 210:1        |ddm|: 2.459584e-06     Tr[DP]  8.386060e-02
 iter: 210:2        |ddm|: 2.355647e-06     Tr[DP]  8.386021e-02
 iter: 211:1        |ddm|: 2.265987e-06     Tr[DP]  8.386059e-02
 iter: 211:2        |ddm|: 1.959630e-06     Tr[DP]  8.386024e-02
 iter: 212:1        |ddm|: 2.037650e-06     Tr[DP]  8.386058e-02
 iter: 212:2        |ddm|: 1.792191e-06     Tr[DP]  8.386026e-02
 iter: 213:1        |ddm|: 1.864479e-06     Tr[DP]  8.386057e-02
 iter: 213:2        |ddm|: 1.558444e-06     Tr[DP]  8.386028e-02
 iter: 214:1        |ddm|: 1.737348e-06     Tr[DP]  8.386054e-02
 iter: 214:2        |ddm|: 2.158292e-06     Tr[DP]  8.386027e-02
 iter: 215:1        |ddm|: 1.629855e-06     Tr[DP]  8.386053e-02
 iter: 215:2        |ddm|: 1.772692e-06     Tr[DP]  8.386027e-02
 iter: 216:1        |ddm|: 1.565116e-06     Tr[DP]  8.386051e-02
 iter: 216:2        |ddm|: 1.787273e-06     Tr[DP]  8.386027e-02
 iter: 217:1        |ddm|: 1.555581e-06     Tr[DP]  8.386049e-02
 iter: 217:2        |ddm|: 2.035062e-06     Tr[DP]  8.386026e-02
 iter: 218:1        |ddm|: 1.517718e-06     Tr[DP]  8.386048e-02
 iter: 218:2        |ddm|: 1.947087e-06     Tr[DP]  8.386025e-02
 iter: 219:1        |ddm|: 1.408522e-06     Tr[DP]  8.386048e-02
 iter: 219:2        |ddm|: 1.419622e-06     Tr[DP]  8.386026e-02
 iter: 220:1        |ddm|: 1.304386e-06     Tr[DP]  8.386047e-02
 iter: 220:2        |ddm|: 1.251363e-06     Tr[DP]  8.386027e-02
 iter: 221:1        |ddm|: 1.200534e-06     Tr[DP]  8.386046e-02
 iter: 221:2        |ddm|: 1.164240e-06     Tr[DP]  8.386027e-02
 iter: 222:1        |ddm|: 1.110992e-06     Tr[DP]  8.386045e-02
 iter: 222:2        |ddm|: 1.071125e-06     Tr[DP]  8.386028e-02
 iter: 223:1        |ddm|: 1.027365e-06     Tr[DP]  8.386045e-02
 iter: 223:2        |ddm|: 9.249175e-07     Tr[DP]  8.386029e-02
 iter: 224:1        |ddm|: 9.492631e-07     Tr[DP]  8.386045e-02
 iter: 224:2        |ddm|: 7.869414e-07     Tr[DP]  8.386030e-02
 iter: 225:1        |ddm|: 8.366965e-07     Tr[DP]  8.386044e-02
 iter: 225:2        |ddm|: 8.524639e-07     Tr[DP]  8.386030e-02
 iter: 226:1        |ddm|: 7.795475e-07     Tr[DP]  8.386043e-02
 iter: 226:2        |ddm|: 7.592287e-07     Tr[DP]  8.386031e-02
 iter: 227:1        |ddm|: 7.262004e-07     Tr[DP]  8.386043e-02
 iter: 227:2        |ddm|: 7.065086e-07     Tr[DP]  8.386031e-02
 iter: 228:1        |ddm|: 6.738197e-07     Tr[DP]  8.386042e-02
 iter: 228:2        |ddm|: 6.458103e-07     Tr[DP]  8.386032e-02
 iter: 229:1        |ddm|: 6.224481e-07     Tr[DP]  8.386042e-02
 iter: 229:2        |ddm|: 5.441936e-07     Tr[DP]  8.386032e-02
 iter: 230:1        |ddm|: 5.795666e-07     Tr[DP]  8.386042e-02
 iter: 230:2        |ddm|: 4.719521e-07     Tr[DP]  8.386033e-02
 iter: 231:1        |ddm|: 5.286267e-07     Tr[DP]  8.386042e-02
 iter: 231:2        |ddm|: 5.057295e-07     Tr[DP]  8.386034e-02
 iter: 232:1        |ddm|: 7.121027e-07     Tr[DP]  8.386039e-02
 iter: 232:2        |ddm|: 1.412258e-06     Tr[DP]  8.386032e-02
 iter: 233:1        |ddm|: 5.720465e-07     Tr[DP]  8.386039e-02
 iter: 233:2        |ddm|: 8.344276e-07     Tr[DP]  8.386031e-02
 iter: 234:1        |ddm|: 5.579832e-07     Tr[DP]  8.386039e-02
 iter: 234:2        |ddm|: 7.923898e-07     Tr[DP]  8.386031e-02
 iter: 235:1        |ddm|: 5.168726e-07     Tr[DP]  8.386039e-02
 iter: 235:2        |ddm|: 6.095786e-07     Tr[DP]  8.386031e-02
 iter: 236:1        |ddm|: 4.828497e-07     Tr[DP]  8.386038e-02
 iter: 236:2        |ddm|: 5.096795e-07     Tr[DP]  8.386031e-02
 iter: 237:1        |ddm|: 4.481862e-07     Tr[DP]  8.386038e-02
 iter: 237:2        |ddm|: 4.387719e-07     Tr[DP]  8.386031e-02
 iter: 238:1        |ddm|: 4.188863e-07     Tr[DP]  8.386038e-02
 iter: 238:2        |ddm|: 4.555363e-07     Tr[DP]  8.386031e-02
 iter: 239:1        |ddm|: 3.919500e-07     Tr[DP]  8.386038e-02
 iter: 239:2        |ddm|: 3.951111e-07     Tr[DP]  8.386031e-02
 iter: 240:1        |ddm|: 3.839804e-07     Tr[DP]  8.386037e-02
 iter: 240:2        |ddm|: 4.975850e-07     Tr[DP]  8.386031e-02
 iter: 241:1        |ddm|: 3.596668e-07     Tr[DP]  8.386037e-02
 iter: 241:2        |ddm|: 3.066962e-07     Tr[DP]  8.386032e-02
 iter: 242:1        |ddm|: 3.149522e-07     Tr[DP]  8.386037e-02
 iter: 242:2        |ddm|: 2.887338e-07     Tr[DP]  8.386032e-02
 iter: 243:1        |ddm|: 2.881986e-07     Tr[DP]  8.386037e-02
 iter: 243:2        |ddm|: 2.716644e-07     Tr[DP]  8.386032e-02
 iter: 244:1        |ddm|: 2.662117e-07     Tr[DP]  8.386036e-02
 iter: 244:2        |ddm|: 2.454497e-07     Tr[DP]  8.386032e-02
 iter: 245:1        |ddm|: 2.451636e-07     Tr[DP]  8.386036e-02
 iter: 245:2        |ddm|: 2.338494e-07     Tr[DP]  8.386032e-02
 iter: 246:1        |ddm|: 2.271155e-07     Tr[DP]  8.386036e-02
 iter: 246:2        |ddm|: 2.196791e-07     Tr[DP]  8.386033e-02
 iter: 247:1        |ddm|: 2.330086e-07     Tr[DP]  8.386036e-02
 iter: 247:2        |ddm|: 2.295338e-07     Tr[DP]  8.386033e-02
 iter: 248:1        |ddm|: 2.101748e-07     Tr[DP]  8.386036e-02
 iter: 248:2        |ddm|: 3.419397e-07     Tr[DP]  8.386033e-02
 iter: 249:1        |ddm|: 1.878350e-07     Tr[DP]  8.386036e-02
 iter: 249:2        |ddm|: 2.190734e-07     Tr[DP]  8.386033e-02
 iter: 250:1        |ddm|: 1.842145e-07     Tr[DP]  8.386035e-02
 iter: 250:2        |ddm|: 2.248577e-07     Tr[DP]  8.386033e-02
 iter: 251:1        |ddm|: 1.784244e-07     Tr[DP]  8.386035e-02
 iter: 251:2        |ddm|: 2.170827e-07     Tr[DP]  8.386033e-02
 iter: 252:1        |ddm|: 1.688510e-07     Tr[DP]  8.386035e-02
 iter: 252:2        |ddm|: 1.889780e-07     Tr[DP]  8.386033e-02
 iter: 253:1        |ddm|: 1.581913e-07     Tr[DP]  8.386035e-02
 iter: 253:2        |ddm|: 1.644086e-07     Tr[DP]  8.386033e-02
 iter: 254:1        |ddm|: 1.491973e-07     Tr[DP]  8.386035e-02
 iter: 254:2        |ddm|: 1.669716e-07     Tr[DP]  8.386033e-02
 iter: 255:1        |ddm|: 1.382814e-07     Tr[DP]  8.386035e-02
 iter: 255:2        |ddm|: 1.347355e-07     Tr[DP]  8.386033e-02
 iter: 256:1        |ddm|: 1.294839e-07     Tr[DP]  8.386035e-02
 iter: 256:2        |ddm|: 1.308599e-07     Tr[DP]  8.386033e-02
 iter: 257:1        |ddm|: 1.216168e-07     Tr[DP]  8.386035e-02
 iter: 257:2        |ddm|: 1.067338e-07     Tr[DP]  8.386033e-02
 iter: 258:1        |ddm|: 1.068584e-07     Tr[DP]  8.386035e-02
 iter: 258:2        |ddm|: 1.029390e-07     Tr[DP]  8.386033e-02
 iter: 259:1        |ddm|: 9.974846e-08     Tr[DP]  8.386035e-02
 iter: 259:2        |ddm|: 9.990637e-08     Tr[DP]  8.386033e-02
 iter: 260:1        |ddm|: 9.365946e-08     Tr[DP]  8.386034e-02
 iter: 260:2        |ddm|: 9.470769e-08     Tr[DP]  8.386033e-02
 iter: 261:1        |ddm|: 8.794652e-08     Tr[DP]  8.386034e-02
 iter: 261:2        |ddm|: 9.030397e-08     Tr[DP]  8.386033e-02
 iter: 262:1        |ddm|: 8.214232e-08     Tr[DP]  8.386034e-02
 iter: 262:2        |ddm|: 8.303516e-08     Tr[DP]  8.386033e-02
 iter: 263:1        |ddm|: 7.692625e-08     Tr[DP]  8.386034e-02
 iter: 263:2        |ddm|: 7.757405e-08     Tr[DP]  8.386033e-02
 iter: 264:1        |ddm|: 7.191165e-08     Tr[DP]  8.386034e-02
 iter: 264:2        |ddm|: 7.255860e-08     Tr[DP]  8.386033e-02
 iter: 265:1        |ddm|: 6.746681e-08     Tr[DP]  8.386034e-02
 iter: 265:2        |ddm|: 6.844473e-08     Tr[DP]  8.386033e-02
 iter: 266:1        |ddm|: 6.331370e-08     Tr[DP]  8.386034e-02
 iter: 266:2        |ddm|: 6.447250e-08     Tr[DP]  8.386033e-02
 iter: 267:1        |ddm|: 5.939510e-08     Tr[DP]  8.386034e-02
 iter: 267:2        |ddm|: 6.058986e-08     Tr[DP]  8.386033e-02
 iter: 268:1        |ddm|: 5.571934e-08     Tr[DP]  8.386034e-02
 iter: 268:2        |ddm|: 5.716121e-08     Tr[DP]  8.386033e-02
 iter: 269:1        |ddm|: 5.222589e-08     Tr[DP]  8.386034e-02
 iter: 269:2        |ddm|: 5.359398e-08     Tr[DP]  8.386033e-02
 iter: 270:1        |ddm|: 4.896317e-08     Tr[DP]  8.386034e-02
 iter: 270:2        |ddm|: 5.024768e-08     Tr[DP]  8.386033e-02
 iter: 271:1        |ddm|: 4.590061e-08     Tr[DP]  8.386034e-02
 iter: 271:2        |ddm|: 4.706754e-08     Tr[DP]  8.386033e-02
 iter: 272:1        |ddm|: 4.304372e-08     Tr[DP]  8.386034e-02
 iter: 272:2        |ddm|: 4.409461e-08     Tr[DP]  8.386033e-02
 iter: 273:1        |ddm|: 4.037265e-08     Tr[DP]  8.386034e-02
 iter: 273:2        |ddm|: 4.133899e-08     Tr[DP]  8.386033e-02
 iter: 274:1        |ddm|: 3.786945e-08     Tr[DP]  8.386034e-02
 iter: 274:2        |ddm|: 3.876999e-08     Tr[DP]  8.386033e-02
 iter: 275:1        |ddm|: 3.552310e-08     Tr[DP]  8.386034e-02
 iter: 275:2        |ddm|: 3.642178e-08     Tr[DP]  8.386033e-02
 iter: 276:1        |ddm|: 3.331542e-08     Tr[DP]  8.386034e-02
 iter: 276:2        |ddm|: 3.419690e-08     Tr[DP]  8.386033e-02
 iter: 277:1        |ddm|: 3.124243e-08     Tr[DP]  8.386034e-02
 iter: 277:2        |ddm|: 3.209046e-08     Tr[DP]  8.386033e-02
 iter: 278:1        |ddm|: 2.929605e-08     Tr[DP]  8.386034e-02
 iter: 278:2        |ddm|: 3.009642e-08     Tr[DP]  8.386033e-02
 iter: 279:1        |ddm|: 2.747122e-08     Tr[DP]  8.386034e-02
 iter: 279:2        |ddm|: 2.821145e-08     Tr[DP]  8.386033e-02
 iter: 280:1        |ddm|: 2.576210e-08     Tr[DP]  8.386034e-02
 iter: 280:2        |ddm|: 2.644131e-08     Tr[DP]  8.386033e-02
 iter: 281:1        |ddm|: 2.416119e-08     Tr[DP]  8.386034e-02
 iter: 281:2        |ddm|: 2.478302e-08     Tr[DP]  8.386033e-02
 iter: 282:1        |ddm|: 2.266131e-08     Tr[DP]  8.386034e-02
 iter: 282:2        |ddm|: 2.324303e-08     Tr[DP]  8.386033e-02
 iter: 283:1        |ddm|: 2.125425e-08     Tr[DP]  8.386034e-02
 iter: 283:2        |ddm|: 2.180582e-08     Tr[DP]  8.386033e-02
 iter: 284:1        |ddm|: 1.993374e-08     Tr[DP]  8.386034e-02
 iter: 284:2        |ddm|: 2.045958e-08     Tr[DP]  8.386033e-02
 iter: 285:1        |ddm|: 1.869428e-08     Tr[DP]  8.386034e-02
 iter: 285:2        |ddm|: 1.919460e-08     Tr[DP]  8.386033e-02
 iter: 286:1        |ddm|: 1.753115e-08     Tr[DP]  8.386034e-02
 iter: 286:2        |ddm|: 1.800346e-08     Tr[DP]  8.386033e-02
 iter: 287:1        |ddm|: 1.644033e-08     Tr[DP]  8.386034e-02
 iter: 287:2        |ddm|: 1.688200e-08     Tr[DP]  8.386033e-02
 iter: 288:1        |ddm|: 1.541779e-08     Tr[DP]  8.386034e-02
 iter: 288:2        |ddm|: 1.582718e-08     Tr[DP]  8.386033e-02
 iter: 289:1        |ddm|: 1.445935e-08     Tr[DP]  8.386034e-02
 iter: 289:2        |ddm|: 1.484003e-08     Tr[DP]  8.386033e-02
 iter: 290:1        |ddm|: 1.356091e-08     Tr[DP]  8.386034e-02
 iter: 290:2        |ddm|: 1.391582e-08     Tr[DP]  8.386033e-02
 iter: 291:1        |ddm|: 1.271839e-08     Tr[DP]  8.386034e-02
 iter: 291:2        |ddm|: 1.305163e-08     Tr[DP]  8.386033e-02
 iter: 292:1        |ddm|: 1.192802e-08     Tr[DP]  8.386034e-02
 iter: 292:2        |ddm|: 1.224236e-08     Tr[DP]  8.386033e-02
 iter: 293:1        |ddm|: 1.118650e-08     Tr[DP]  8.386034e-02
 iter: 293:2        |ddm|: 1.148358e-08     Tr[DP]  8.386033e-02
 iter: 294:1        |ddm|: 1.049081e-08     Tr[DP]  8.386034e-02
 iter: 294:2        |ddm|: 1.077089e-08     Tr[DP]  8.386033e-02
 iter: 295:1        |ddm|: 9.838440e-09     Tr[DP]  8.386033e-02
 iter: 295:2        |ddm|: 1.010043e-08     Tr[DP]  8.386033e-02
 iter: 296:1        |ddm|: 9.226597e-09     Tr[DP]  8.386033e-02
 iter: 296:2        |ddm|: 9.472414e-09     Tr[DP]  8.386033e-02
 iter: 297:1        |ddm|: 8.653011e-09     Tr[DP]  8.386033e-02
 iter: 297:2        |ddm|: 8.882023e-09     Tr[DP]  8.386033e-02
 iter: 298:1        |ddm|: 8.115167e-09     Tr[DP]  8.386033e-02
 iter: 298:2        |ddm|: 8.329272e-09     Tr[DP]  8.386033e-02
 iter: 299:1        |ddm|: 7.610826e-09     Tr[DP]  8.386033e-02
 iter: 299:2        |ddm|: 7.811771e-09     Tr[DP]  8.386033e-02
 iter: 300:1        |ddm|: 7.137761e-09     Tr[DP]  8.386033e-02
 iter: 300:2        |ddm|: 7.326483e-09     Tr[DP]  8.386033e-02
                         Freeze-and-Thaw NOT converged!                         

=================== Subsystem 1 at higher mean-field method ====================
  subiter:   1      |ddm|: 1.782507e-01
  subiter:   2      |ddm|: 4.123240e-02
  subiter:   3      |ddm|: 7.642164e-03
  subiter:   4      |ddm|: 3.618861e-03
  subiter:   5      |ddm|: 5.959354e-04
  subiter:   6      |ddm|: 3.398556e-04
  subiter:   7      |ddm|: 5.109357e-05
  subiter:   8      |ddm|: 8.980391e-06
  subiter:   9      |ddm|: 1.724135e-06
  subiter:  10      |ddm|: 4.158067e-07
  subiter:  11      |ddm|: 2.535178e-08
  subiter:  12      |ddm|: 4.207483e-08
  subiter:  13      |ddm|: 2.542863e-09


******** <class 'pyscf.scf.hf.RHF'> flags ********
method = RHF
initial guess = minao
damping factor = 0
level shift factor = 0
DIIS = <class 'pyscf.scf.diis.CDIIS'>
DIIS start cycle = 1
DIIS space = 8
SCF tol = 1e-09
SCF gradient tol = None
max. SCF cycles = 100
direct_scf = True
direct_scf_tol = 1e-13
chkfile to save SCF result = /panfs/roc/scratch/graha682/D75/201711_ccpVDZ_NEVPT2_m06_75_2c12h24/tmpFOhlHq
max_memory 4000 MB (current use 512 MB)
Set gradient conv threshold to 3.16228e-05
init E= -83.3834655054833
  HOMO = -0.479296675868377  LUMO = 0.200634367044874
cycle= 1 E= -83.383465505483  delta_E= 2.84e-13  |g|= 8.99e-10  |ddm|= 5.2e-09
  HOMO = -0.479296675897555  LUMO = 0.200634367023468
Extra cycle  E= -83.3834655054826  delta_E= 4.41e-13  |g|= 3.29e-10  |ddm|= 1.71e-09
converged SCF energy = -83.3834655054826


******** <class 'pyscf.dft.rks.RKS'> flags ********
method = RKS
initial guess = atom
damping factor = 0
level shift factor = 0.0
DIIS = <class 'pyscf.scf.diis.CDIIS'>
DIIS start cycle = 1
DIIS space = 8
SCF tol = 1e-08
SCF gradient tol = 1e-08
max. SCF cycles = 1
direct_scf = True
direct_scf_tol = 1e-13
chkfile to save SCF result = /panfs/roc/scratch/graha682/D75/201711_ccpVDZ_NEVPT2_m06_75_2c12h24/tmpbeeWBf
max_memory 4000 MB (current use 513 MB)
XC functionals = m06
small_rho_cutoff = 1e-20
radial grids: Treutler-Ahlrichs (JCP 102, 346 (M4)) radial grids
becke partition: Becke, JCP, 88, 2547 (1988)
pruning grids: <function nwchem_prune at 0x17435f0>
grids dens level: 4
symmetrized grids: False
atomic radii adjust function: <function treutler_atomic_radii_adjust at 0x1743488>
init E= -83.8474846502566
  HOMO = -0.352774251254844  LUMO = 0.0879016590356189
cycle= 1 E= -83.8474846502565  delta_E= 1.14e-13  |g|= 1.39e-09  |ddm|= 6.69e-09
  HOMO = -0.35277425125242  LUMO = 0.0879016589983016
Extra cycle  E= -83.8474846502566  delta_E= -9.95e-14  |g|= 5.9e-10  |ddm|= 1.8e-09
converged SCF energy = -83.8474846502566
 iter: 301:1        |ddm|: 2.080451e-01     Tr[DP]  8.906416e-02

******** <class 'pyscf.mcscf.mc1step.CASSCF'> flags ********
CAS (1e+1e, 2o), ncore = 7, nvir = 34
max_cycle_macro = 50
max_cycle_micro = 4
conv_tol = 1e-07
conv_tol_grad = None
orbital rotation max_stepsize = 0.02
augmented hessian ah_max_cycle = 30
augmented hessian ah_conv_tol = 1e-12
augmented hessian ah_linear dependence = 1e-14
augmented hessian ah_level shift = 0
augmented hessian ah_start_tol = 2.5
augmented hessian ah_start_cycle = 3
augmented hessian ah_grad_trust_region = 3
kf_trust_region = 3
kf_interval = 4
ci_response_space = 4
ci_grad_trust_region = 3
with_dep4 0
natorb = False
canonicalization = True
sorting_mo_energy = False
chkfile = /panfs/roc/scratch/graha682/D75/201711_ccpVDZ_NEVPT2_m06_75_2c12h24/tmpFOhlHq
max_memory 4000 MB (current use 522 MB)
internal_rotation = False
******** <class 'pyscf.fci.direct_spin1.FCISolver'> flags ********
max. cycles = 50
conv_tol = 1e-08
davidson only = False
linear dependence = 1e-10
level shift = 0.001
max iter space = 12
max_memory 4000 MB
nroots = 1
pspace_size = 400
spin = None
CASCI E = -83.3835096548151  S^2 = 0.0000000
Set conv_tol_grad to 0.000316228
macro iter 1 (7 JK  2 micro), CASSCF E = -83.3835494934948  dE = -3.983868e-05  S^2 = 0.0000000
               |grad[o]|=0.000227  |grad[c]|= 0.000906217545183  |ddm|=0.000112
macro iter 2 (17 JK  4 micro), CASSCF E = -83.383912087522  dE = -0.00036259403  S^2 = 0.0000000
               |grad[o]|=0.000369  |grad[c]|= 0.00702511680022  |ddm|=0.0177
macro iter 3 (7 JK  2 micro), CASSCF E = -83.3841953873073  dE = -0.00028329979  S^2 = 0.0000000
               |grad[o]|=0.00158  |grad[c]|= 0.0031195689446  |ddm|=0.000705
macro iter 4 (21 JK  4 micro), CASSCF E = -83.3881771215044  dE = -0.0039817342  S^2 = 0.0000000
               |grad[o]|=0.00246  |grad[c]|= 0.0271787751504  |ddm|=0.0126
macro iter 5 (21 JK  4 micro), CASSCF E = -83.3964689355632  dE = -0.0082918141  S^2 = 0.0000000
               |grad[o]|=0.0137  |grad[c]|= 0.018964116392  |ddm|=0.0112
macro iter 6 (21 JK  4 micro), CASSCF E = -83.3991007923989  dE = -0.0026318568  S^2 = 0.0000000
               |grad[o]|=0.0141  |grad[c]|= 0.00886825147676  |ddm|=0.00587
macro iter 7 (14 JK  4 micro), CASSCF E = -83.3993738432957  dE = -0.0002730509  S^2 = 0.0000000
               |grad[o]|=0.00412  |grad[c]|= 0.00255945533246  |ddm|=0.000895
macro iter 8 (8 JK  3 micro), CASSCF E = -83.399390756015  dE = -1.6912719e-05  S^2 = 0.0000000
               |grad[o]|=0.00104  |grad[c]|= 0.000239073113853  |ddm|=0.000173
macro iter 9 (3 JK  1 micro), CASSCF E = -83.3993907988551  dE = -4.2840028e-08  S^2 = 0.0000000
               |grad[o]|=7.85e-05  |grad[c]|= 1.9905650882e-05  |ddm|=3.39e-05
1-step CASSCF converged in 9 macro (119 JK 28 micro) steps
CASSCF canonicalization
CASSCF energy = -83.3993907988551
Hartree-Fock Energy:   -83.38346550548258
CAS Correlation:       -0.01592529337249
CAS Energy:           -83.39939079885507
Sr    (-1)',   E = -0.00000000019290
Si    (+1)',   E = 0.00000000000683
Sijrs (0)  ,   E = -0.16928642354478
Sijr  (+1) ,   E = -0.00381066643796
Srsi  (-1) ,   E = -0.02346246613718
Srs   (-2) ,   E = -0.00937439131440
Sij   (+2) ,   E = -0.00023334368675
Sir   (0)' ,   E = -0.01445809304589
Nevpt2 Energy = -0.220625384353035
NEVPT2 =   -0.220625384353035
Total NEVPT2 =  -83.620016183208094

============================== Supermolecular DFT ==============================
  subiter:   1      |ddm|: 3.859970e+00
  subiter:   2      |ddm|: 4.579115e-01
  subiter:   3      |ddm|: 2.265373e-01
  subiter:   4      |ddm|: 4.643035e-02
  subiter:   5      |ddm|: 1.120467e-02
  subiter:   6      |ddm|: 3.371549e-03
  subiter:   7      |ddm|: 9.014275e-04
  subiter:   8      |ddm|: 3.838361e-04
  subiter:   9      |ddm|: 1.643767e-04
  subiter:  10      |ddm|: 4.262985e-05
  subiter:  11      |ddm|: 1.802496e-05
  subiter:  12      |ddm|: 5.184822e-06
  subiter:  13      |ddm|: 1.949252e-06
  subiter:  14      |ddm|: 7.873242e-07
  subiter:  15      |ddm|: 4.107396e-07
  subiter:  16      |ddm|: 2.124388e-07
  subiter:  17      |ddm|: 5.573034e-08
  subiter:  18      |ddm|: 8.228572e-09


******** <class 'pyscf.dft.rks.RKS'> flags ********
method = RKS
initial guess = atom
damping factor = 0
level shift factor = 0.0
DIIS = <class 'pyscf.scf.diis.CDIIS'>
DIIS start cycle = 1
DIIS space = 8
SCF tol = 1e-08
SCF gradient tol = 1e-08
max. SCF cycles = 100
direct_scf = True
direct_scf_tol = 1e-13
chkfile to save SCF result = /panfs/roc/scratch/graha682/D75/201711_ccpVDZ_NEVPT2_m06_75_2c12h24/tmp95VZ_P
max_memory 4000 MB (current use 528 MB)
XC functionals = m06
small_rho_cutoff = 1e-20
radial grids: Treutler-Ahlrichs (JCP 102, 346 (M4)) radial grids
becke partition: Becke, JCP, 88, 2547 (1988)
pruning grids: <function nwchem_prune at 0x17435f0>
grids dens level: 4
symmetrized grids: False
atomic radii adjust function: <function treutler_atomic_radii_adjust at 0x1743488>
init E= -471.264237748679
  HOMO = -0.239264213392084  LUMO = -0.0219873686433709
cycle= 1 E= -471.264237748681  delta_E= -2.05e-12  |g|= 1.33e-08  |ddm|= 1.82e-08
  HOMO = -0.239264213764091  LUMO = -0.0219873691324655
cycle= 2 E= -471.26423774868  delta_E= 6.82e-13  |g|= 1.97e-08  |ddm|= 2.64e-08
  HOMO = -0.239264213485968  LUMO = -0.0219873687419401
cycle= 3 E= -471.26423774868  delta_E= 4.55e-13  |g|= 7.04e-09  |ddm|= 2.11e-08
  HOMO = -0.239264213662527  LUMO = -0.0219873690257397
Extra cycle  E= -471.264237748679  delta_E= 4.55e-13  |g|= 1.36e-08  |ddm|= 1.7e-08
converged SCF energy = -471.264237748679
Supermolecular DFT   -471.26423774867817

============================== Embedding Energies ==============================
Subsystem DFT               -83.84748465025659
Interaction                -386.93167623311246
DFT-in-DFT                 -470.77916088336906
Supermolecular DFT         -471.26423774867817
Difference                   -0.48507686530911
Corrected DFT-in-DFT       -471.26423774867817
WF-in-DFT                  -470.55169241632052
Corrected WF-in-DFT        -471.03676928162963
================================================================================
TIMING STATISTICS:
     overlap integrals      0.02s   ( 0.00%)
    initial subsystems      0.16s   ( 0.00%)
           2e matrices   6992.37s   (91.40%)
      tot. embed. of 1   7067.35s   (92.39%)
      tot. embed. of 2      3.37s   ( 0.04%)
       freeze and thaw   7070.77s   (92.43%)
                   cas      1.28s   ( 0.02%)
                nevpt2      0.01s   ( 0.00%)
  interaction energies    576.41s   ( 7.53%)
                 TOTAL   7649.89s
================================================================================

********************************************************************************
*                              END OF CALCULATION                              *
********************************************************************************
