********************************************************************************
*                         FREEZE-AND-THAW CALCULATION                          *
********************************************************************************

================================== Input File ==================================

subsystem
C         -6.85146       -0.37749       -0.02245
C         -5.58988        0.46082       -0.08353
H         -7.76352        0.23554       -0.09265
H         -6.90688       -0.94637        0.92136
H         -6.88225       -1.11249       -0.84481
C         -4.31951       -0.36566        0.01460
H         -5.59562        1.21323        0.72832
H         -5.56924        1.04594       -1.02294
C         -3.04723        0.45919       -0.04621
H         -4.30827       -1.12069       -0.79710
H         -4.33394       -0.95151        0.95568
C         -1.77799       -0.36661        0.05545
H         -3.05984        1.21545        0.76409
H         -3.03177        1.04285       -0.98845
C         -0.50592        0.45857       -0.00869
H         -1.76605       -1.12465       -0.75312
H         -1.79191       -0.94814        0.99896
C          0.76301       -0.36687        0.09873
H         -0.51947        1.21927        0.79734
H         -0.48982        1.03695       -0.95413
charge -1
end

subsystem
C          2.03492        0.45803        0.02807
H          0.77447       -1.13108       -0.70393
H          0.74963       -0.94088        1.04672
C          3.30219       -0.36867        0.14419
H          2.01957        1.22593        0.82689
H          2.05170        1.02719       -0.92318
C          4.56758        0.46518        0.05280
H          3.31283       -1.14186       -0.64964
H          3.29531       -0.92755        1.09921
C          5.84543       -0.33910        0.00025
H          4.55184        1.23893        0.84704
H          4.57530        1.02068       -0.90327
C          7.17489       -0.13235       -0.09494
H          7.80801        0.22925        0.73037
H          7.69989       -0.32442       -1.03812
H          5.60384       -0.99188       -0.87433
charge +1
end

embed
 huzinaga
 cycles 300
 conv 1e-8
 method m06
end

basis aug-cc-pVDZ
method cas[2,2]/nevpt2
grid 4
conv 1e-8
grad 1e-8
maxiter 100
================================== End Input ===================================
tot grids = 725328

                      Getting subsystem overlap integrals                       

                          Initial subsystem densities                           
Guessing initial subsystem densities
Initial guess from superpostion of atomic densties.
Guessing initial subsystem densities
Initial guess from superpostion of atomic densties.

=========================== Starting Freeze-and-Thaw ===========================
 iter:   1:1        |ddm|: 1.746061e+02     Tr[DP]  7.637435e-01
 iter:   1:2        |ddm|: 4.358127e+01     Tr[DP]  2.799906e-01
 iter:   2:1        |ddm|: 2.802039e+02     Tr[DP]  1.159122e-01
 iter:   2:2        |ddm|: 3.892568e+01     Tr[DP]  1.424995e-01
 iter:   3:1        |ddm|: 2.546500e+02     Tr[DP]  1.461676e-01
 iter:   3:2        |ddm|: 1.982310e+01     Tr[DP]  1.706040e-01
 iter:   4:1        |ddm|: 8.397692e+01     Tr[DP]  1.197710e-01
 iter:   4:2        |ddm|: 1.057695e+01     Tr[DP]  1.336311e-01
 iter:   5:1        |ddm|: 3.373850e+01     Tr[DP]  1.255097e-01
 iter:   5:2        |ddm|: 7.531963e+00     Tr[DP]  1.236715e-01
 iter:   6:1        |ddm|: 2.083821e+01     Tr[DP]  1.325126e-01
 iter:   6:2        |ddm|: 5.008271e+00     Tr[DP]  1.195927e-01
 iter:   7:1        |ddm|: 1.606161e+01     Tr[DP]  1.381574e-01
 iter:   7:2        |ddm|: 3.387340e+00     Tr[DP]  1.192554e-01
 iter:   8:1        |ddm|: 1.201245e+01     Tr[DP]  1.415102e-01
 iter:   8:2        |ddm|: 2.239702e+00     Tr[DP]  1.221417e-01
 iter:   9:1        |ddm|: 8.619879e+00     Tr[DP]  1.432204e-01
 iter:   9:2        |ddm|: 1.551187e+00     Tr[DP]  1.255904e-01
 iter:  10:1        |ddm|: 6.452076e+00     Tr[DP]  1.449199e-01
 iter:  10:2        |ddm|: 1.276191e+00     Tr[DP]  1.271520e-01
 iter:  11:1        |ddm|: 7.095872e+00     Tr[DP]  1.464016e-01
 iter:  11:2        |ddm|: 7.132718e-01     Tr[DP]  1.320852e-01
 iter:  12:1        |ddm|: 4.911010e+00     Tr[DP]  1.483000e-01
 iter:  12:2        |ddm|: 8.943851e-01     Tr[DP]  1.329302e-01
 iter:  13:1        |ddm|: 3.669859e+00     Tr[DP]  1.489082e-01
 iter:  13:2        |ddm|: 5.061880e-01     Tr[DP]  1.347404e-01
 iter:  14:1        |ddm|: 3.158128e+00     Tr[DP]  1.496125e-01
 iter:  14:2        |ddm|: 4.389651e-01     Tr[DP]  1.361633e-01
 iter:  15:1        |ddm|: 2.779856e+00     Tr[DP]  1.498885e-01
 iter:  15:2        |ddm|: 6.322188e-01     Tr[DP]  1.365713e-01
 iter:  16:1        |ddm|: 3.031620e+00     Tr[DP]  1.497947e-01
 iter:  16:2        |ddm|: 4.394557e-01     Tr[DP]  1.391495e-01
 iter:  17:1        |ddm|: 2.248008e+00     Tr[DP]  1.506253e-01
 iter:  17:2        |ddm|: 3.222537e-01     Tr[DP]  1.396259e-01
 iter:  18:1        |ddm|: 2.014417e+00     Tr[DP]  1.507232e-01
 iter:  18:2        |ddm|: 2.807187e-01     Tr[DP]  1.404492e-01
 iter:  19:1        |ddm|: 1.783440e+00     Tr[DP]  1.508214e-01
 iter:  19:2        |ddm|: 2.964006e-01     Tr[DP]  1.409020e-01
 iter:  20:1        |ddm|: 1.588949e+00     Tr[DP]  1.506717e-01
 iter:  20:2        |ddm|: 3.575650e-01     Tr[DP]  1.410617e-01
 iter:  21:1        |ddm|: 1.404460e+00     Tr[DP]  1.503740e-01
 iter:  21:2        |ddm|: 3.423250e-01     Tr[DP]  1.415601e-01
 iter:  22:1        |ddm|: 2.309154e+00     Tr[DP]  1.500261e-01
 iter:  22:2        |ddm|: 7.315359e-01     Tr[DP]  1.404143e-01
 iter:  23:1        |ddm|: 2.369867e+00     Tr[DP]  1.490805e-01
 iter:  23:2        |ddm|: 5.721252e-01     Tr[DP]  1.431569e-01
 iter:  24:1        |ddm|: 1.374306e+00     Tr[DP]  1.495148e-01
 iter:  24:2        |ddm|: 2.339088e-01     Tr[DP]  1.431061e-01
 iter:  25:1        |ddm|: 1.524746e+00     Tr[DP]  1.495203e-01
 iter:  25:2        |ddm|: 2.824058e-01     Tr[DP]  1.434157e-01
 iter:  26:1        |ddm|: 1.226618e+00     Tr[DP]  1.495412e-01
 iter:  26:2        |ddm|: 2.199709e-01     Tr[DP]  1.430636e-01
 iter:  27:1        |ddm|: 1.141583e+00     Tr[DP]  1.493198e-01
 iter:  27:2        |ddm|: 2.205496e-01     Tr[DP]  1.428309e-01
 iter:  28:1        |ddm|: 1.010485e+00     Tr[DP]  1.490403e-01
 iter:  28:2        |ddm|: 2.344045e-01     Tr[DP]  1.423879e-01
 iter:  29:1        |ddm|: 9.241635e-01     Tr[DP]  1.486287e-01
 iter:  29:2        |ddm|: 2.621259e-01     Tr[DP]  1.420555e-01
 iter:  30:1        |ddm|: 8.576913e-01     Tr[DP]  1.481597e-01
 iter:  30:2        |ddm|: 2.998293e-01     Tr[DP]  1.416170e-01
 iter:  31:1        |ddm|: 7.745747e-01     Tr[DP]  1.476617e-01
 iter:  31:2        |ddm|: 3.097829e-01     Tr[DP]  1.413995e-01
 iter:  32:1        |ddm|: 7.286975e-01     Tr[DP]  1.471581e-01
 iter:  32:2        |ddm|: 3.222594e-01     Tr[DP]  1.410937e-01
 iter:  33:1        |ddm|: 6.672914e-01     Tr[DP]  1.466723e-01
 iter:  33:2        |ddm|: 2.938772e-01     Tr[DP]  1.410968e-01
 iter:  34:1        |ddm|: 7.303264e-01     Tr[DP]  1.462664e-01
 iter:  34:2        |ddm|: 2.535159e-01     Tr[DP]  1.412141e-01
 iter:  35:1        |ddm|: 6.534395e-01     Tr[DP]  1.458752e-01
 iter:  35:2        |ddm|: 2.159135e-01     Tr[DP]  1.407649e-01
 iter:  36:1        |ddm|: 6.159766e-01     Tr[DP]  1.454148e-01
 iter:  36:2        |ddm|: 2.339221e-01     Tr[DP]  1.402493e-01
 iter:  37:1        |ddm|: 6.283101e-01     Tr[DP]  1.449120e-01
 iter:  37:2        |ddm|: 2.859856e-01     Tr[DP]  1.396246e-01
 iter:  38:1        |ddm|: 9.001902e-01     Tr[DP]  1.445668e-01
 iter:  38:2        |ddm|: 3.029338e-01     Tr[DP]  1.403681e-01
 iter:  39:1        |ddm|: 8.651798e-01     Tr[DP]  1.442273e-01
 iter:  39:2        |ddm|: 2.894465e-01     Tr[DP]  1.402512e-01
 iter:  40:1        |ddm|: 6.851330e-01     Tr[DP]  1.436827e-01
 iter:  40:2        |ddm|: 1.758700e-01     Tr[DP]  1.388045e-01
 iter:  41:1        |ddm|: 5.441598e-01     Tr[DP]  1.431532e-01
 iter:  41:2        |ddm|: 2.287819e-01     Tr[DP]  1.381648e-01
 iter:  42:1        |ddm|: 4.931672e-01     Tr[DP]  1.426442e-01
 iter:  42:2        |ddm|: 2.392846e-01     Tr[DP]  1.378317e-01
 iter:  43:1        |ddm|: 5.044574e-01     Tr[DP]  1.420952e-01
 iter:  43:2        |ddm|: 2.575139e-01     Tr[DP]  1.372185e-01
 iter:  44:1        |ddm|: 4.715082e-01     Tr[DP]  1.416801e-01
 iter:  44:2        |ddm|: 2.390364e-01     Tr[DP]  1.372086e-01
 iter:  45:1        |ddm|: 4.431613e-01     Tr[DP]  1.412157e-01
 iter:  45:2        |ddm|: 2.069998e-01     Tr[DP]  1.368505e-01
 iter:  46:1        |ddm|: 4.303692e-01     Tr[DP]  1.407277e-01
 iter:  46:2        |ddm|: 1.950323e-01     Tr[DP]  1.363787e-01
 iter:  47:1        |ddm|: 4.472866e-01     Tr[DP]  1.402818e-01
 iter:  47:2        |ddm|: 1.947347e-01     Tr[DP]  1.360577e-01
 iter:  48:1        |ddm|: 4.196695e-01     Tr[DP]  1.397610e-01
 iter:  48:2        |ddm|: 1.792204e-01     Tr[DP]  1.354364e-01
 iter:  49:1        |ddm|: 4.086422e-01     Tr[DP]  1.392747e-01
 iter:  49:2        |ddm|: 1.856667e-01     Tr[DP]  1.349648e-01
 iter:  50:1        |ddm|: 3.964733e-01     Tr[DP]  1.387618e-01
 iter:  50:2        |ddm|: 1.861467e-01     Tr[DP]  1.344123e-01
 iter:  51:1        |ddm|: 4.225484e-01     Tr[DP]  1.381604e-01
 iter:  51:2        |ddm|: 2.132243e-01     Tr[DP]  1.337405e-01
 iter:  52:1        |ddm|: 3.902085e-01     Tr[DP]  1.377855e-01
 iter:  52:2        |ddm|: 2.054906e-01     Tr[DP]  1.335960e-01
 iter:  53:1        |ddm|: 3.590115e-01     Tr[DP]  1.373053e-01
 iter:  53:2        |ddm|: 1.816200e-01     Tr[DP]  1.331180e-01
 iter:  54:1        |ddm|: 3.582381e-01     Tr[DP]  1.367643e-01
 iter:  54:2        |ddm|: 1.789077e-01     Tr[DP]  1.325263e-01
 iter:  55:1        |ddm|: 3.456175e-01     Tr[DP]  1.362533e-01
 iter:  55:2        |ddm|: 1.847903e-01     Tr[DP]  1.320365e-01
 iter:  56:1        |ddm|: 3.409906e-01     Tr[DP]  1.357199e-01
 iter:  56:2        |ddm|: 1.895177e-01     Tr[DP]  1.315353e-01
 iter:  57:1        |ddm|: 3.274286e-01     Tr[DP]  1.352694e-01
 iter:  57:2        |ddm|: 1.853048e-01     Tr[DP]  1.311823e-01
 iter:  58:1        |ddm|: 3.177754e-01     Tr[DP]  1.348066e-01
 iter:  58:2        |ddm|: 1.745416e-01     Tr[DP]  1.307353e-01
 iter:  59:1        |ddm|: 3.351910e-01     Tr[DP]  1.342247e-01
 iter:  59:2        |ddm|: 1.784336e-01     Tr[DP]  1.301173e-01
 iter:  60:1        |ddm|: 3.261243e-01     Tr[DP]  1.338431e-01
 iter:  60:2        |ddm|: 1.786070e-01     Tr[DP]  1.298313e-01
 iter:  61:1        |ddm|: 3.094268e-01     Tr[DP]  1.332854e-01
 iter:  61:2        |ddm|: 1.648402e-01     Tr[DP]  1.292306e-01
 iter:  62:1        |ddm|: 3.098301e-01     Tr[DP]  1.327373e-01
 iter:  62:2        |ddm|: 1.752772e-01     Tr[DP]  1.286755e-01
 iter:  63:1        |ddm|: 3.537797e-01     Tr[DP]  1.320853e-01
 iter:  63:2        |ddm|: 2.103816e-01     Tr[DP]  1.281790e-01
 iter:  64:1        |ddm|: 9.000440e-01     Tr[DP]  1.323876e-01
 iter:  64:2        |ddm|: 3.418333e-01     Tr[DP]  1.285543e-01
 iter:  65:1        |ddm|: 4.921010e-01     Tr[DP]  1.313947e-01
 iter:  65:2        |ddm|: 1.271624e-01     Tr[DP]  1.270826e-01
 iter:  66:1        |ddm|: 4.024470e-01     Tr[DP]  1.306161e-01
 iter:  66:2        |ddm|: 1.730768e-01     Tr[DP]  1.262452e-01
 iter:  67:1        |ddm|: 3.274300e-01     Tr[DP]  1.300288e-01
 iter:  67:2        |ddm|: 1.989011e-01     Tr[DP]  1.257787e-01
 iter:  68:1        |ddm|: 2.908037e-01     Tr[DP]  1.295930e-01
 iter:  68:2        |ddm|: 1.856045e-01     Tr[DP]  1.254622e-01
 iter:  69:1        |ddm|: 2.832287e-01     Tr[DP]  1.290149e-01
 iter:  69:2        |ddm|: 1.799622e-01     Tr[DP]  1.249595e-01
 iter:  70:1        |ddm|: 2.646421e-01     Tr[DP]  1.285491e-01
 iter:  70:2        |ddm|: 1.714023e-01     Tr[DP]  1.245774e-01
 iter:  71:1        |ddm|: 2.578036e-01     Tr[DP]  1.280373e-01
 iter:  71:2        |ddm|: 1.639520e-01     Tr[DP]  1.241026e-01
 iter:  72:1        |ddm|: 2.519436e-01     Tr[DP]  1.275356e-01
 iter:  72:2        |ddm|: 1.611086e-01     Tr[DP]  1.236388e-01
 iter:  73:1        |ddm|: 2.546258e-01     Tr[DP]  1.269958e-01
 iter:  73:2        |ddm|: 1.616632e-01     Tr[DP]  1.231681e-01
 iter:  74:1        |ddm|: 2.486005e-01     Tr[DP]  1.264793e-01
 iter:  74:2        |ddm|: 1.625069e-01     Tr[DP]  1.227515e-01
 iter:  75:1        |ddm|: 2.395470e-01     Tr[DP]  1.259844e-01
 iter:  75:2        |ddm|: 1.619275e-01     Tr[DP]  1.223635e-01
 iter:  76:1        |ddm|: 2.440276e-01     Tr[DP]  1.254689e-01
 iter:  76:2        |ddm|: 1.658952e-01     Tr[DP]  1.219739e-01
 iter:  77:1        |ddm|: 2.721017e-01     Tr[DP]  1.252359e-01
 iter:  77:2        |ddm|: 1.538671e-01     Tr[DP]  1.217535e-01
 iter:  78:1        |ddm|: 2.547895e-01     Tr[DP]  1.249016e-01
 iter:  78:2        |ddm|: 1.501849e-01     Tr[DP]  1.212488e-01
 iter:  79:1        |ddm|: 2.361188e-01     Tr[DP]  1.243279e-01
 iter:  79:2        |ddm|: 1.280077e-01     Tr[DP]  1.205230e-01
 iter:  80:1        |ddm|: 2.445849e-01     Tr[DP]  1.237512e-01
 iter:  80:2        |ddm|: 1.309151e-01     Tr[DP]  1.198652e-01
 iter:  81:1        |ddm|: 2.857584e-01     Tr[DP]  1.233729e-01
 iter:  81:2        |ddm|: 1.522144e-01     Tr[DP]  1.192896e-01
 iter:  82:1        |ddm|: 3.145021e-01     Tr[DP]  1.225640e-01
 iter:  82:2        |ddm|: 1.404933e-01     Tr[DP]  1.184539e-01
 iter:  83:1        |ddm|: 2.621339e-01     Tr[DP]  1.219678e-01
 iter:  83:2        |ddm|: 1.538647e-01     Tr[DP]  1.179115e-01
 iter:  84:1        |ddm|: 2.468382e-01     Tr[DP]  1.214142e-01
 iter:  84:2        |ddm|: 1.557363e-01     Tr[DP]  1.174048e-01
 iter:  85:1        |ddm|: 2.390016e-01     Tr[DP]  1.208507e-01
 iter:  85:2        |ddm|: 1.552965e-01     Tr[DP]  1.168971e-01
 iter:  86:1        |ddm|: 2.367282e-01     Tr[DP]  1.202760e-01
 iter:  86:2        |ddm|: 1.561504e-01     Tr[DP]  1.164120e-01
 iter:  87:1        |ddm|: 2.249828e-01     Tr[DP]  1.197835e-01
 iter:  87:2        |ddm|: 1.507371e-01     Tr[DP]  1.159736e-01
 iter:  88:1        |ddm|: 2.244973e-01     Tr[DP]  1.192191e-01
 iter:  88:2        |ddm|: 1.501948e-01     Tr[DP]  1.154915e-01
 iter:  89:1        |ddm|: 2.181069e-01     Tr[DP]  1.186916e-01
 iter:  89:2        |ddm|: 1.508583e-01     Tr[DP]  1.150685e-01
 iter:  90:1        |ddm|: 2.480170e-01     Tr[DP]  1.180861e-01
 iter:  90:2        |ddm|: 1.685090e-01     Tr[DP]  1.146792e-01
 iter:  91:1        |ddm|: 4.102843e-01     Tr[DP]  1.180719e-01
 iter:  91:2        |ddm|: 1.722084e-01     Tr[DP]  1.144545e-01
 iter:  92:1        |ddm|: 2.147559e-01     Tr[DP]  1.174464e-01
 iter:  92:2        |ddm|: 1.235028e-01     Tr[DP]  1.136764e-01
 iter:  93:1        |ddm|: 2.482761e-01     Tr[DP]  1.167502e-01
 iter:  93:2        |ddm|: 1.313113e-01     Tr[DP]  1.130257e-01
 iter:  94:1        |ddm|: 2.244318e-01     Tr[DP]  1.163253e-01
 iter:  94:2        |ddm|: 1.334065e-01     Tr[DP]  1.125368e-01
 iter:  95:1        |ddm|: 2.091835e-01     Tr[DP]  1.157689e-01
 iter:  95:2        |ddm|: 1.316051e-01     Tr[DP]  1.119366e-01
 iter:  96:1        |ddm|: 2.136263e-01     Tr[DP]  1.152536e-01
 iter:  96:2        |ddm|: 1.334024e-01     Tr[DP]  1.113451e-01
 iter:  97:1        |ddm|: 2.216886e-01     Tr[DP]  1.146246e-01
 iter:  97:2        |ddm|: 1.347982e-01     Tr[DP]  1.107123e-01
 iter:  98:1        |ddm|: 2.353086e-01     Tr[DP]  1.139673e-01
 iter:  98:2        |ddm|: 1.470767e-01     Tr[DP]  1.101620e-01
 iter:  99:1        |ddm|: 2.295218e-01     Tr[DP]  1.135814e-01
 iter:  99:2        |ddm|: 1.397019e-01     Tr[DP]  1.097018e-01
 iter: 100:1        |ddm|: 2.108386e-01     Tr[DP]  1.129663e-01
 iter: 100:2        |ddm|: 1.343175e-01     Tr[DP]  1.090723e-01
 iter: 101:1        |ddm|: 2.095533e-01     Tr[DP]  1.124010e-01
 iter: 101:2        |ddm|: 1.364332e-01     Tr[DP]  1.085076e-01
 iter: 102:1        |ddm|: 2.085413e-01     Tr[DP]  1.118303e-01
 iter: 102:2        |ddm|: 1.370633e-01     Tr[DP]  1.079451e-01
 iter: 103:1        |ddm|: 2.089062e-01     Tr[DP]  1.112462e-01
 iter: 103:2        |ddm|: 1.387628e-01     Tr[DP]  1.073965e-01
 iter: 104:1        |ddm|: 2.090387e-01     Tr[DP]  1.106597e-01
 iter: 104:2        |ddm|: 1.414614e-01     Tr[DP]  1.068798e-01
 iter: 105:1        |ddm|: 3.321544e-01     Tr[DP]  1.098213e-01
 iter: 105:2        |ddm|: 2.017718e-01     Tr[DP]  1.064692e-01
 iter: 106:1        |ddm|: 4.119724e-01     Tr[DP]  1.098678e-01
 iter: 106:2        |ddm|: 1.574043e-01     Tr[DP]  1.063122e-01
 iter: 107:1        |ddm|: 3.036862e-01     Tr[DP]  1.090337e-01
 iter: 107:2        |ddm|: 1.487369e-01     Tr[DP]  1.056839e-01
 iter: 108:1        |ddm|: 2.140933e-01     Tr[DP]  1.087244e-01
 iter: 108:2        |ddm|: 1.277832e-01     Tr[DP]  1.053869e-01
 iter: 109:1        |ddm|: 2.003348e-01     Tr[DP]  1.084047e-01
 iter: 109:2        |ddm|: 1.257200e-01     Tr[DP]  1.048849e-01
 iter: 110:1        |ddm|: 2.105412e-01     Tr[DP]  1.077367e-01
 iter: 110:2        |ddm|: 1.178095e-01     Tr[DP]  1.042473e-01
 iter: 111:1        |ddm|: 2.127376e-01     Tr[DP]  1.071212e-01
 iter: 111:2        |ddm|: 1.366465e-01     Tr[DP]  1.038089e-01
 iter: 112:1        |ddm|: 2.014108e-01     Tr[DP]  1.065966e-01
 iter: 112:2        |ddm|: 1.474770e-01     Tr[DP]  1.035248e-01
 iter: 113:1        |ddm|: 4.229367e-01     Tr[DP]  1.066649e-01
 iter: 113:2        |ddm|: 1.723215e-01     Tr[DP]  1.031812e-01
 iter: 114:1        |ddm|: 2.355064e-01     Tr[DP]  1.059164e-01
 iter: 114:2        |ddm|: 1.108718e-01     Tr[DP]  1.023472e-01
 iter: 115:1        |ddm|: 1.938818e-01     Tr[DP]  1.053026e-01
 iter: 115:2        |ddm|: 1.165689e-01     Tr[DP]  1.017655e-01
 iter: 116:1        |ddm|: 1.846690e-01     Tr[DP]  1.047876e-01
 iter: 116:2        |ddm|: 1.198334e-01     Tr[DP]  1.012574e-01
 iter: 117:1        |ddm|: 1.776617e-01     Tr[DP]  1.042876e-01
 iter: 117:2        |ddm|: 1.204292e-01     Tr[DP]  1.007389e-01
 iter: 118:1        |ddm|: 1.780448e-01     Tr[DP]  1.037358e-01
 iter: 118:2        |ddm|: 1.223353e-01     Tr[DP]  1.002135e-01
 iter: 119:1        |ddm|: 1.725007e-01     Tr[DP]  1.032263e-01
 iter: 119:2        |ddm|: 1.225394e-01     Tr[DP]  9.970890e-02
 iter: 120:1        |ddm|: 1.732752e-01     Tr[DP]  1.026995e-01
 iter: 120:2        |ddm|: 1.223275e-01     Tr[DP]  9.922660e-02
 iter: 121:1        |ddm|: 1.697241e-01     Tr[DP]  1.022188e-01
 iter: 121:2        |ddm|: 1.193540e-01     Tr[DP]  9.874196e-02
 iter: 122:1        |ddm|: 1.794698e-01     Tr[DP]  1.016539e-01
 iter: 122:2        |ddm|: 1.204071e-01     Tr[DP]  9.826195e-02
 iter: 123:1        |ddm|: 1.759593e-01     Tr[DP]  1.012275e-01
 iter: 123:2        |ddm|: 1.145560e-01     Tr[DP]  9.780666e-02
 iter: 124:1        |ddm|: 2.455740e-01     Tr[DP]  1.009635e-01
 iter: 124:2        |ddm|: 1.394960e-01     Tr[DP]  9.719162e-02
 iter: 125:1        |ddm|: 2.666620e-01     Tr[DP]  1.001432e-01
 iter: 125:2        |ddm|: 1.212505e-01     Tr[DP]  9.638264e-02
 iter: 126:1        |ddm|: 2.037319e-01     Tr[DP]  9.952659e-02
 iter: 126:2        |ddm|: 1.283206e-01     Tr[DP]  9.584125e-02
 iter: 127:1        |ddm|: 2.027517e-01     Tr[DP]  9.891622e-02
 iter: 127:2        |ddm|: 1.406666e-01     Tr[DP]  9.538098e-02
 iter: 128:1        |ddm|: 1.908305e-01     Tr[DP]  9.847492e-02
 iter: 128:2        |ddm|: 1.264924e-01     Tr[DP]  9.498110e-02
 iter: 129:1        |ddm|: 1.683314e-01     Tr[DP]  9.795028e-02
 iter: 129:2        |ddm|: 1.248777e-01     Tr[DP]  9.451306e-02
 iter: 130:1        |ddm|: 1.749549e-01     Tr[DP]  9.739732e-02
 iter: 130:2        |ddm|: 1.310568e-01     Tr[DP]  9.408706e-02
 iter: 131:1        |ddm|: 1.683129e-01     Tr[DP]  9.691443e-02
 iter: 131:2        |ddm|: 1.296540e-01     Tr[DP]  9.374528e-02
 iter: 132:1        |ddm|: 1.594363e-01     Tr[DP]  9.649705e-02
 iter: 132:2        |ddm|: 1.205608e-01     Tr[DP]  9.343082e-02
 iter: 133:1        |ddm|: 1.589947e-01     Tr[DP]  9.600587e-02
 iter: 133:2        |ddm|: 1.277291e-01     Tr[DP]  9.312549e-02
 iter: 134:1        |ddm|: 2.385676e-01     Tr[DP]  9.583474e-02
 iter: 134:2        |ddm|: 1.110836e-01     Tr[DP]  9.282954e-02
 iter: 135:1        |ddm|: 1.328521e-01     Tr[DP]  9.542478e-02
 iter: 135:2        |ddm|: 1.010252e-01     Tr[DP]  9.226860e-02
 iter: 136:1        |ddm|: 1.530389e-01     Tr[DP]  9.489629e-02
 iter: 136:2        |ddm|: 9.777414e-02     Tr[DP]  9.168258e-02
 iter: 137:1        |ddm|: 1.547448e-01     Tr[DP]  9.440660e-02
 iter: 137:2        |ddm|: 1.000591e-01     Tr[DP]  9.117694e-02
 iter: 138:1        |ddm|: 1.710605e-01     Tr[DP]  9.403182e-02
 iter: 138:2        |ddm|: 1.033792e-01     Tr[DP]  9.064446e-02
 iter: 139:1        |ddm|: 1.903883e-01     Tr[DP]  9.339500e-02
 iter: 139:2        |ddm|: 1.112200e-01     Tr[DP]  9.004004e-02
 iter: 140:1        |ddm|: 1.671617e-01     Tr[DP]  9.290111e-02
 iter: 140:2        |ddm|: 1.097139e-01     Tr[DP]  8.957561e-02
 iter: 141:1        |ddm|: 1.609332e-01     Tr[DP]  9.240703e-02
 iter: 141:2        |ddm|: 1.108984e-01     Tr[DP]  8.911265e-02
 iter: 142:1        |ddm|: 1.587619e-01     Tr[DP]  9.197248e-02
 iter: 142:2        |ddm|: 1.047895e-01     Tr[DP]  8.864378e-02
 iter: 143:1        |ddm|: 1.697942e-01     Tr[DP]  9.140831e-02
 iter: 143:2        |ddm|: 1.163264e-01     Tr[DP]  8.814683e-02
 iter: 144:1        |ddm|: 1.607988e-01     Tr[DP]  9.093836e-02
 iter: 144:2        |ddm|: 1.129195e-01     Tr[DP]  8.774159e-02
 iter: 145:1        |ddm|: 1.519158e-01     Tr[DP]  9.049914e-02
 iter: 145:2        |ddm|: 1.077948e-01     Tr[DP]  8.732998e-02
 iter: 146:1        |ddm|: 1.493185e-01     Tr[DP]  9.002100e-02
 iter: 146:2        |ddm|: 1.101918e-01     Tr[DP]  8.691082e-02
 iter: 147:1        |ddm|: 1.513742e-01     Tr[DP]  8.955031e-02
 iter: 147:2        |ddm|: 1.133661e-01     Tr[DP]  8.653816e-02
 iter: 148:1        |ddm|: 1.489190e-01     Tr[DP]  8.917400e-02
 iter: 148:2        |ddm|: 1.017958e-01     Tr[DP]  8.618828e-02
 iter: 149:1        |ddm|: 1.395867e-01     Tr[DP]  8.871612e-02
 iter: 149:2        |ddm|: 1.064617e-01     Tr[DP]  8.580470e-02
 iter: 150:1        |ddm|: 1.424528e-01     Tr[DP]  8.828218e-02
 iter: 150:2        |ddm|: 1.091598e-01     Tr[DP]  8.548691e-02
 iter: 151:1        |ddm|: 1.505482e-01     Tr[DP]  8.797893e-02
 iter: 151:2        |ddm|: 9.263326e-02     Tr[DP]  8.517638e-02
 iter: 152:1        |ddm|: 1.201940e-01     Tr[DP]  8.758932e-02
 iter: 152:2        |ddm|: 8.984771e-02     Tr[DP]  8.477235e-02
 iter: 153:1        |ddm|: 1.260155e-01     Tr[DP]  8.718221e-02
 iter: 153:2        |ddm|: 8.992482e-02     Tr[DP]  8.437537e-02
 iter: 154:1        |ddm|: 1.283575e-01     Tr[DP]  8.678658e-02
 iter: 154:2        |ddm|: 8.940105e-02     Tr[DP]  8.399172e-02
 iter: 155:1        |ddm|: 1.315680e-01     Tr[DP]  8.636187e-02
 iter: 155:2        |ddm|: 9.482756e-02     Tr[DP]  8.362330e-02
 iter: 156:1        |ddm|: 1.374930e-01     Tr[DP]  8.604238e-02
 iter: 156:2        |ddm|: 8.535083e-02     Tr[DP]  8.327009e-02
 iter: 157:1        |ddm|: 1.316464e-01     Tr[DP]  8.559555e-02
 iter: 157:2        |ddm|: 9.303928e-02     Tr[DP]  8.286319e-02
 iter: 158:1        |ddm|: 1.310427e-01     Tr[DP]  8.520210e-02
 iter: 158:2        |ddm|: 9.297251e-02     Tr[DP]  8.253576e-02
 iter: 159:1        |ddm|: 1.272755e-01     Tr[DP]  8.482016e-02
 iter: 159:2        |ddm|: 9.422436e-02     Tr[DP]  8.222962e-02
 iter: 160:1        |ddm|: 1.234659e-01     Tr[DP]  8.446019e-02
 iter: 160:2        |ddm|: 9.261753e-02     Tr[DP]  8.194883e-02
 iter: 161:1        |ddm|: 1.179086e-01     Tr[DP]  8.412844e-02
 iter: 161:2        |ddm|: 8.713466e-02     Tr[DP]  8.167482e-02
 iter: 162:1        |ddm|: 1.121066e-01     Tr[DP]  8.382223e-02
 iter: 162:2        |ddm|: 7.935935e-02     Tr[DP]  8.138325e-02
 iter: 163:1        |ddm|: 1.073021e-01     Tr[DP]  8.347919e-02
 iter: 163:2        |ddm|: 7.986139e-02     Tr[DP]  8.106974e-02
 iter: 164:1        |ddm|: 1.108930e-01     Tr[DP]  8.313604e-02
 iter: 164:2        |ddm|: 8.094976e-02     Tr[DP]  8.077968e-02
 iter: 165:1        |ddm|: 1.095144e-01     Tr[DP]  8.281647e-02
 iter: 165:2        |ddm|: 7.890542e-02     Tr[DP]  8.051106e-02
 iter: 166:1        |ddm|: 1.602706e-01     Tr[DP]  8.265649e-02
 iter: 166:2        |ddm|: 8.538919e-02     Tr[DP]  8.017970e-02
 iter: 167:1        |ddm|: 2.080064e-01     Tr[DP]  8.210804e-02
 iter: 167:2        |ddm|: 1.067913e-01     Tr[DP]  7.973725e-02
 iter: 168:1        |ddm|: 1.524772e-01     Tr[DP]  8.185709e-02
 iter: 168:2        |ddm|: 7.334732e-02     Tr[DP]  7.952427e-02
 iter: 169:1        |ddm|: 1.058638e-01     Tr[DP]  8.151241e-02
 iter: 169:2        |ddm|: 8.020154e-02     Tr[DP]  7.921228e-02
 iter: 170:1        |ddm|: 1.323500e-01     Tr[DP]  8.129178e-02
 iter: 170:2        |ddm|: 7.119325e-02     Tr[DP]  7.891273e-02
 iter: 171:1        |ddm|: 1.062036e-01     Tr[DP]  8.093435e-02
 iter: 171:2        |ddm|: 7.020988e-02     Tr[DP]  7.849247e-02
 iter: 172:1        |ddm|: 1.178097e-01     Tr[DP]  8.055238e-02
 iter: 172:2        |ddm|: 7.654146e-02     Tr[DP]  7.812306e-02
 iter: 173:1        |ddm|: 1.201565e-01     Tr[DP]  8.018790e-02
 iter: 173:2        |ddm|: 8.264665e-02     Tr[DP]  7.781340e-02
 iter: 174:1        |ddm|: 1.181952e-01     Tr[DP]  7.983853e-02
 iter: 174:2        |ddm|: 8.780021e-02     Tr[DP]  7.754892e-02
 iter: 175:1        |ddm|: 1.133744e-01     Tr[DP]  7.953698e-02
 iter: 175:2        |ddm|: 8.148491e-02     Tr[DP]  7.731635e-02
 iter: 176:1        |ddm|: 9.984161e-02     Tr[DP]  7.925582e-02
 iter: 176:2        |ddm|: 7.249339e-02     Tr[DP]  7.706692e-02
 iter: 177:1        |ddm|: 9.644431e-02     Tr[DP]  7.897252e-02
 iter: 177:2        |ddm|: 6.877058e-02     Tr[DP]  7.679904e-02
 iter: 178:1        |ddm|: 1.028665e-01     Tr[DP]  7.865038e-02
 iter: 178:2        |ddm|: 7.707505e-02     Tr[DP]  7.653649e-02
 iter: 179:1        |ddm|: 1.088316e-01     Tr[DP]  7.841392e-02
 iter: 179:2        |ddm|: 6.303728e-02     Tr[DP]  7.630294e-02
 iter: 180:1        |ddm|: 9.049229e-02     Tr[DP]  7.816091e-02
 iter: 180:2        |ddm|: 6.089191e-02     Tr[DP]  7.599345e-02
 iter: 181:1        |ddm|: 9.796925e-02     Tr[DP]  7.784113e-02
 iter: 181:2        |ddm|: 6.547259e-02     Tr[DP]  7.565692e-02
 iter: 182:1        |ddm|: 1.036653e-01     Tr[DP]  7.752271e-02
 iter: 182:2        |ddm|: 6.999714e-02     Tr[DP]  7.536620e-02
 iter: 183:1        |ddm|: 1.036068e-01     Tr[DP]  7.721755e-02
 iter: 183:2        |ddm|: 7.307089e-02     Tr[DP]  7.510981e-02
 iter: 184:1        |ddm|: 1.012092e-01     Tr[DP]  7.692611e-02
 iter: 184:2        |ddm|: 7.468789e-02     Tr[DP]  7.487914e-02
 iter: 185:1        |ddm|: 9.888640e-02     Tr[DP]  7.664317e-02
 iter: 185:2        |ddm|: 7.680665e-02     Tr[DP]  7.467195e-02
 iter: 186:1        |ddm|: 9.550352e-02     Tr[DP]  7.638502e-02
 iter: 186:2        |ddm|: 7.324716e-02     Tr[DP]  7.449018e-02
 iter: 187:1        |ddm|: 8.977948e-02     Tr[DP]  7.614789e-02
 iter: 187:2        |ddm|: 6.646413e-02     Tr[DP]  7.431254e-02
 iter: 188:1        |ddm|: 8.839794e-02     Tr[DP]  7.589313e-02
 iter: 188:2        |ddm|: 7.541562e-02     Tr[DP]  7.414041e-02
 iter: 189:1        |ddm|: 1.149127e-01     Tr[DP]  7.574307e-02
 iter: 189:2        |ddm|: 5.337958e-02     Tr[DP]  7.397423e-02
 iter: 190:1        |ddm|: 7.310962e-02     Tr[DP]  7.551186e-02
 iter: 190:2        |ddm|: 5.076180e-02     Tr[DP]  7.369788e-02
 iter: 191:1        |ddm|: 8.153791e-02     Tr[DP]  7.526070e-02
 iter: 191:2        |ddm|: 5.318079e-02     Tr[DP]  7.344463e-02
 iter: 192:1        |ddm|: 8.161071e-02     Tr[DP]  7.503139e-02
 iter: 192:2        |ddm|: 5.111925e-02     Tr[DP]  7.320507e-02
 iter: 193:1        |ddm|: 8.759363e-02     Tr[DP]  7.484491e-02
 iter: 193:2        |ddm|: 5.460097e-02     Tr[DP]  7.292989e-02
 iter: 194:1        |ddm|: 1.026207e-01     Tr[DP]  7.454249e-02
 iter: 194:2        |ddm|: 6.007912e-02     Tr[DP]  7.258428e-02
 iter: 195:1        |ddm|: 1.012787e-01     Tr[DP]  7.424632e-02
 iter: 195:2        |ddm|: 6.736759e-02     Tr[DP]  7.232978e-02
 iter: 196:1        |ddm|: 9.572764e-02     Tr[DP]  7.398187e-02
 iter: 196:2        |ddm|: 6.701016e-02     Tr[DP]  7.211974e-02
 iter: 197:1        |ddm|: 9.127459e-02     Tr[DP]  7.372551e-02
 iter: 197:2        |ddm|: 6.937814e-02     Tr[DP]  7.192715e-02
 iter: 198:1        |ddm|: 8.738929e-02     Tr[DP]  7.350316e-02
 iter: 198:2        |ddm|: 6.019360e-02     Tr[DP]  7.175257e-02
 iter: 199:1        |ddm|: 7.910394e-02     Tr[DP]  7.329407e-02
 iter: 199:2        |ddm|: 5.341199e-02     Tr[DP]  7.155702e-02
 iter: 200:1        |ddm|: 7.547878e-02     Tr[DP]  7.307217e-02
 iter: 200:2        |ddm|: 5.304121e-02     Tr[DP]  7.134158e-02
 iter: 201:1        |ddm|: 9.280722e-02     Tr[DP]  7.280709e-02
 iter: 201:2        |ddm|: 7.142207e-02     Tr[DP]  7.114748e-02
 iter: 202:1        |ddm|: 9.169978e-02     Tr[DP]  7.262140e-02
 iter: 202:2        |ddm|: 5.314814e-02     Tr[DP]  7.101373e-02
 iter: 203:1        |ddm|: 7.549237e-02     Tr[DP]  7.245939e-02
 iter: 203:2        |ddm|: 4.534029e-02     Tr[DP]  7.082078e-02
 iter: 204:1        |ddm|: 7.267848e-02     Tr[DP]  7.223410e-02
 iter: 204:2        |ddm|: 4.972374e-02     Tr[DP]  7.058119e-02
 iter: 205:1        |ddm|: 7.896677e-02     Tr[DP]  7.200560e-02
 iter: 205:2        |ddm|: 5.417722e-02     Tr[DP]  7.038417e-02
 iter: 206:1        |ddm|: 7.824762e-02     Tr[DP]  7.179116e-02
 iter: 206:2        |ddm|: 5.552033e-02     Tr[DP]  7.021469e-02
 iter: 207:1        |ddm|: 7.587426e-02     Tr[DP]  7.161686e-02
 iter: 207:2        |ddm|: 4.493994e-02     Tr[DP]  7.004768e-02
 iter: 208:1        |ddm|: 7.595507e-02     Tr[DP]  7.139315e-02
 iter: 208:2        |ddm|: 5.632305e-02     Tr[DP]  6.985454e-02
 iter: 209:1        |ddm|: 7.547575e-02     Tr[DP]  7.120634e-02
 iter: 209:2        |ddm|: 4.883754e-02     Tr[DP]  6.970718e-02
 iter: 210:1        |ddm|: 6.683138e-02     Tr[DP]  7.102510e-02
 iter: 210:2        |ddm|: 4.631698e-02     Tr[DP]  6.954346e-02
 iter: 211:1        |ddm|: 1.264697e-01     Tr[DP]  7.074184e-02
 iter: 211:2        |ddm|: 1.058383e-01     Tr[DP]  6.941740e-02
 iter: 212:1        |ddm|: 1.131411e-01     Tr[DP]  7.059961e-02
 iter: 212:2        |ddm|: 7.495745e-02     Tr[DP]  6.944931e-02
 iter: 213:1        |ddm|: 1.320069e-01     Tr[DP]  7.057627e-02
 iter: 213:2        |ddm|: 5.405105e-02     Tr[DP]  6.939227e-02
 iter: 214:1        |ddm|: 4.809726e-02     Tr[DP]  7.047514e-02
 iter: 214:2        |ddm|: 5.154956e-02     Tr[DP]  6.915632e-02
 iter: 215:1        |ddm|: 6.826795e-02     Tr[DP]  7.028832e-02
 iter: 215:2        |ddm|: 3.986611e-02     Tr[DP]  6.889945e-02
 iter: 216:1        |ddm|: 7.197275e-02     Tr[DP]  7.008724e-02
 iter: 216:2        |ddm|: 4.265930e-02     Tr[DP]  6.869798e-02
 iter: 217:1        |ddm|: 6.621689e-02     Tr[DP]  6.993308e-02
 iter: 217:2        |ddm|: 3.623550e-02     Tr[DP]  6.852189e-02
 iter: 218:1        |ddm|: 8.194412e-02     Tr[DP]  6.971336e-02
 iter: 218:2        |ddm|: 5.499184e-02     Tr[DP]  6.832213e-02
 iter: 219:1        |ddm|: 7.268851e-02     Tr[DP]  6.953449e-02
 iter: 219:2        |ddm|: 4.796252e-02     Tr[DP]  6.819628e-02
 iter: 220:1        |ddm|: 6.329254e-02     Tr[DP]  6.936895e-02
 iter: 220:2        |ddm|: 4.562787e-02     Tr[DP]  6.806485e-02
 iter: 221:1        |ddm|: 6.017882e-02     Tr[DP]  6.920876e-02
 iter: 221:2        |ddm|: 4.328702e-02     Tr[DP]  6.793446e-02
 iter: 222:1        |ddm|: 5.741098e-02     Tr[DP]  6.905855e-02
 iter: 222:2        |ddm|: 3.926552e-02     Tr[DP]  6.780222e-02
 iter: 223:1        |ddm|: 1.450449e-01     Tr[DP]  6.877862e-02
 iter: 223:2        |ddm|: 1.212235e-01     Tr[DP]  6.771577e-02
 iter: 224:1        |ddm|: 1.190422e-01     Tr[DP]  6.865906e-02
 iter: 224:2        |ddm|: 9.149204e-02     Tr[DP]  6.783633e-02
 iter: 225:1        |ddm|: 8.972031e-02     Tr[DP]  6.861203e-02
 iter: 225:2        |ddm|: 5.903801e-02     Tr[DP]  6.790016e-02
 iter: 226:1        |ddm|: 1.746147e-01     Tr[DP]  6.870213e-02
 iter: 226:2        |ddm|: 1.007851e-01     Tr[DP]  6.784093e-02
 iter: 227:1        |ddm|: 7.151994e-02     Tr[DP]  6.862502e-02
 iter: 227:2        |ddm|: 7.009899e-02     Tr[DP]  6.753761e-02
 iter: 228:1        |ddm|: 8.053273e-02     Tr[DP]  6.845333e-02
 iter: 228:2        |ddm|: 4.333600e-02     Tr[DP]  6.727236e-02
 iter: 229:1        |ddm|: 6.850860e-02     Tr[DP]  6.827817e-02
 iter: 229:2        |ddm|: 3.856260e-02     Tr[DP]  6.707994e-02
 iter: 230:1        |ddm|: 6.214892e-02     Tr[DP]  6.811384e-02
 iter: 230:2        |ddm|: 3.876284e-02     Tr[DP]  6.692223e-02
 iter: 231:1        |ddm|: 6.176115e-02     Tr[DP]  6.794746e-02
 iter: 231:2        |ddm|: 4.358748e-02     Tr[DP]  6.678279e-02
 iter: 232:1        |ddm|: 6.107615e-02     Tr[DP]  6.778716e-02
 iter: 232:2        |ddm|: 4.747635e-02     Tr[DP]  6.667126e-02
 iter: 233:1        |ddm|: 5.637093e-02     Tr[DP]  6.764901e-02
 iter: 233:2        |ddm|: 4.164366e-02     Tr[DP]  6.657959e-02
 iter: 234:1        |ddm|: 5.045286e-02     Tr[DP]  6.751948e-02
 iter: 234:2        |ddm|: 3.870619e-02     Tr[DP]  6.648651e-02
 iter: 235:1        |ddm|: 4.813198e-02     Tr[DP]  6.740710e-02
 iter: 235:2        |ddm|: 3.032876e-02     Tr[DP]  6.638741e-02
 iter: 236:1        |ddm|: 6.473519e-02     Tr[DP]  6.733736e-02
 iter: 236:2        |ddm|: 4.211139e-02     Tr[DP]  6.625168e-02
 iter: 237:1        |ddm|: 5.746165e-02     Tr[DP]  6.719514e-02
 iter: 237:2        |ddm|: 3.679431e-02     Tr[DP]  6.603347e-02
 iter: 238:1        |ddm|: 5.456645e-02     Tr[DP]  6.704170e-02
 iter: 238:2        |ddm|: 3.874011e-02     Tr[DP]  6.584947e-02
 iter: 239:1        |ddm|: 7.799806e-02     Tr[DP]  6.685949e-02
 iter: 239:2        |ddm|: 5.165904e-02     Tr[DP]  6.569063e-02
 iter: 240:1        |ddm|: 6.550568e-02     Tr[DP]  6.669820e-02
 iter: 240:2        |ddm|: 4.683115e-02     Tr[DP]  6.558941e-02
 iter: 241:1        |ddm|: 5.737920e-02     Tr[DP]  6.656614e-02
 iter: 241:2        |ddm|: 4.024486e-02     Tr[DP]  6.549540e-02
 iter: 242:1        |ddm|: 5.100960e-02     Tr[DP]  6.643854e-02
 iter: 242:2        |ddm|: 3.739380e-02     Tr[DP]  6.539439e-02
 iter: 243:1        |ddm|: 4.909154e-02     Tr[DP]  6.631361e-02
 iter: 243:2        |ddm|: 3.595360e-02     Tr[DP]  6.529447e-02
 iter: 244:1        |ddm|: 4.897954e-02     Tr[DP]  6.618868e-02
 iter: 244:2        |ddm|: 3.726610e-02     Tr[DP]  6.520012e-02
 iter: 245:1        |ddm|: 5.844842e-02     Tr[DP]  6.604772e-02
 iter: 245:2        |ddm|: 5.362315e-02     Tr[DP]  6.512762e-02
 iter: 246:1        |ddm|: 7.099812e-02     Tr[DP]  6.597211e-02
 iter: 246:2        |ddm|: 2.715406e-02     Tr[DP]  6.508390e-02
 iter: 247:1        |ddm|: 3.363801e-02     Tr[DP]  6.587936e-02
 iter: 247:2        |ddm|: 2.498472e-02     Tr[DP]  6.497243e-02
 iter: 248:1        |ddm|: 4.004503e-02     Tr[DP]  6.577031e-02
 iter: 248:2        |ddm|: 2.720512e-02     Tr[DP]  6.486732e-02
 iter: 249:1        |ddm|: 4.216134e-02     Tr[DP]  6.566214e-02
 iter: 249:2        |ddm|: 2.824311e-02     Tr[DP]  6.477473e-02
 iter: 250:1        |ddm|: 4.224639e-02     Tr[DP]  6.555695e-02
 iter: 250:2        |ddm|: 2.903675e-02     Tr[DP]  6.468963e-02
 iter: 251:1        |ddm|: 4.211621e-02     Tr[DP]  6.545164e-02
 iter: 251:2        |ddm|: 3.260907e-02     Tr[DP]  6.461173e-02
 iter: 252:1        |ddm|: 4.354600e-02     Tr[DP]  6.534645e-02
 iter: 252:2        |ddm|: 3.652335e-02     Tr[DP]  6.455089e-02
 iter: 253:1        |ddm|: 4.221248e-02     Tr[DP]  6.525454e-02
 iter: 253:2        |ddm|: 3.314688e-02     Tr[DP]  6.450487e-02
 iter: 254:1        |ddm|: 3.793814e-02     Tr[DP]  6.517511e-02
 iter: 254:2        |ddm|: 2.700343e-02     Tr[DP]  6.445661e-02
 iter: 255:1        |ddm|: 5.070418e-02     Tr[DP]  6.512853e-02
 iter: 255:2        |ddm|: 2.919189e-02     Tr[DP]  6.438253e-02
 iter: 256:1        |ddm|: 4.122886e-02     Tr[DP]  6.503642e-02
 iter: 256:2        |ddm|: 2.325834e-02     Tr[DP]  6.425477e-02
 iter: 257:1        |ddm|: 3.622239e-02     Tr[DP]  6.494489e-02
 iter: 257:2        |ddm|: 2.100905e-02     Tr[DP]  6.416114e-02
 iter: 258:1        |ddm|: 3.601178e-02     Tr[DP]  6.485138e-02
 iter: 258:2        |ddm|: 2.286736e-02     Tr[DP]  6.406489e-02
 iter: 259:1        |ddm|: 3.550691e-02     Tr[DP]  6.476044e-02
 iter: 259:2        |ddm|: 2.198635e-02     Tr[DP]  6.397391e-02
 iter: 260:1        |ddm|: 4.132328e-02     Tr[DP]  6.469624e-02
 iter: 260:2        |ddm|: 3.079397e-02     Tr[DP]  6.386467e-02
 iter: 261:1        |ddm|: 5.381778e-02     Tr[DP]  6.458392e-02
 iter: 261:2        |ddm|: 3.014127e-02     Tr[DP]  6.371491e-02
 iter: 262:1        |ddm|: 5.253637e-02     Tr[DP]  6.445992e-02
 iter: 262:2        |ddm|: 3.636066e-02     Tr[DP]  6.361775e-02
 iter: 263:1        |ddm|: 4.510748e-02     Tr[DP]  6.435591e-02
 iter: 263:2        |ddm|: 3.133241e-02     Tr[DP]  6.355016e-02
 iter: 264:1        |ddm|: 3.945762e-02     Tr[DP]  6.426066e-02
 iter: 264:2        |ddm|: 2.942034e-02     Tr[DP]  6.348056e-02
 iter: 265:1        |ddm|: 3.696932e-02     Tr[DP]  6.417419e-02
 iter: 265:2        |ddm|: 2.422215e-02     Tr[DP]  6.341088e-02
 iter: 266:1        |ddm|: 3.539319e-02     Tr[DP]  6.408389e-02
 iter: 266:2        |ddm|: 2.656224e-02     Tr[DP]  6.333561e-02
 iter: 267:1        |ddm|: 3.966087e-02     Tr[DP]  6.398826e-02
 iter: 267:2        |ddm|: 3.287165e-02     Tr[DP]  6.327611e-02
 iter: 268:1        |ddm|: 3.845260e-02     Tr[DP]  6.390514e-02
 iter: 268:2        |ddm|: 2.915752e-02     Tr[DP]  6.323397e-02
 iter: 269:1        |ddm|: 3.790411e-02     Tr[DP]  6.384534e-02
 iter: 269:2        |ddm|: 1.806217e-02     Tr[DP]  6.318190e-02
 iter: 270:1        |ddm|: 2.837707e-02     Tr[DP]  6.377087e-02
 iter: 270:2        |ddm|: 2.073895e-02     Tr[DP]  6.310553e-02
 iter: 271:1        |ddm|: 3.062152e-02     Tr[DP]  6.370389e-02
 iter: 271:2        |ddm|: 1.690105e-02     Tr[DP]  6.303747e-02
 iter: 272:1        |ddm|: 3.390848e-02     Tr[DP]  6.362071e-02
 iter: 272:2        |ddm|: 2.378412e-02     Tr[DP]  6.296031e-02
 iter: 273:1        |ddm|: 3.360174e-02     Tr[DP]  6.355419e-02
 iter: 273:2        |ddm|: 1.655706e-02     Tr[DP]  6.289924e-02
 iter: 274:1        |ddm|: 3.242573e-02     Tr[DP]  6.350526e-02
 iter: 274:2        |ddm|: 2.640178e-02     Tr[DP]  6.280618e-02
 iter: 275:1        |ddm|: 5.272324e-02     Tr[DP]  6.340564e-02
 iter: 275:2        |ddm|: 2.888381e-02     Tr[DP]  6.268878e-02
 iter: 276:1        |ddm|: 4.241420e-02     Tr[DP]  6.330783e-02
 iter: 276:2        |ddm|: 3.024815e-02     Tr[DP]  6.263016e-02
 iter: 277:1        |ddm|: 3.626705e-02     Tr[DP]  6.322931e-02
 iter: 277:2        |ddm|: 2.523025e-02     Tr[DP]  6.258244e-02
 iter: 278:1        |ddm|: 3.108913e-02     Tr[DP]  6.315849e-02
 iter: 278:2        |ddm|: 2.150197e-02     Tr[DP]  6.252963e-02
 iter: 279:1        |ddm|: 2.863799e-02     Tr[DP]  6.309049e-02
 iter: 279:2        |ddm|: 1.932429e-02     Tr[DP]  6.247217e-02
 iter: 280:1        |ddm|: 2.768078e-02     Tr[DP]  6.302317e-02
 iter: 280:2        |ddm|: 1.835921e-02     Tr[DP]  6.241177e-02
 iter: 281:1        |ddm|: 2.721314e-02     Tr[DP]  6.295721e-02
 iter: 281:2        |ddm|: 1.730491e-02     Tr[DP]  6.234973e-02
 iter: 282:1        |ddm|: 2.696930e-02     Tr[DP]  6.289046e-02
 iter: 282:2        |ddm|: 1.736872e-02     Tr[DP]  6.228546e-02
 iter: 283:1        |ddm|: 2.843177e-02     Tr[DP]  6.282008e-02
 iter: 283:2        |ddm|: 1.956342e-02     Tr[DP]  6.222374e-02
 iter: 284:1        |ddm|: 3.082312e-02     Tr[DP]  6.274644e-02
 iter: 284:2        |ddm|: 2.376025e-02     Tr[DP]  6.217285e-02
 iter: 285:1        |ddm|: 2.956160e-02     Tr[DP]  6.268260e-02
 iter: 285:2        |ddm|: 1.999620e-02     Tr[DP]  6.213292e-02
 iter: 286:1        |ddm|: 2.610599e-02     Tr[DP]  6.262234e-02
 iter: 286:2        |ddm|: 1.914807e-02     Tr[DP]  6.208947e-02
 iter: 287:1        |ddm|: 2.517999e-02     Tr[DP]  6.256703e-02
 iter: 287:2        |ddm|: 1.598630e-02     Tr[DP]  6.204568e-02
 iter: 288:1        |ddm|: 2.323723e-02     Tr[DP]  6.251119e-02
 iter: 288:2        |ddm|: 1.583928e-02     Tr[DP]  6.199710e-02
 iter: 289:1        |ddm|: 2.456992e-02     Tr[DP]  6.246490e-02
 iter: 289:2        |ddm|: 1.298833e-02     Tr[DP]  6.194421e-02
 iter: 290:1        |ddm|: 2.261295e-02     Tr[DP]  6.240749e-02
 iter: 290:2        |ddm|: 1.471898e-02     Tr[DP]  6.187672e-02
 iter: 291:1        |ddm|: 2.609614e-02     Tr[DP]  6.234384e-02
 iter: 291:2        |ddm|: 1.729793e-02     Tr[DP]  6.182086e-02
 iter: 292:1        |ddm|: 2.658142e-02     Tr[DP]  6.228112e-02
 iter: 292:2        |ddm|: 1.922351e-02     Tr[DP]  6.177570e-02
 iter: 293:1        |ddm|: 2.551509e-02     Tr[DP]  6.222297e-02
 iter: 293:2        |ddm|: 1.868642e-02     Tr[DP]  6.173793e-02
 iter: 294:1        |ddm|: 2.367918e-02     Tr[DP]  6.217238e-02
 iter: 294:2        |ddm|: 1.504764e-02     Tr[DP]  6.170045e-02
 iter: 295:1        |ddm|: 2.098175e-02     Tr[DP]  6.212393e-02
 iter: 295:2        |ddm|: 1.345616e-02     Tr[DP]  6.165654e-02
 iter: 296:1        |ddm|: 2.170685e-02     Tr[DP]  6.208313e-02
 iter: 296:2        |ddm|: 1.225530e-02     Tr[DP]  6.160440e-02
 iter: 297:1        |ddm|: 1.819880e-02     Tr[DP]  6.203882e-02
 iter: 297:2        |ddm|: 1.442969e-02     Tr[DP]  6.153364e-02
 iter: 298:1        |ddm|: 2.969120e-02     Tr[DP]  6.197397e-02
 iter: 298:2        |ddm|: 1.820978e-02     Tr[DP]  6.146320e-02
 iter: 299:1        |ddm|: 2.704781e-02     Tr[DP]  6.192608e-02
 iter: 299:2        |ddm|: 1.371964e-02     Tr[DP]  6.140737e-02
 iter: 300:1        |ddm|: 8.546315e-02     Tr[DP]  6.181412e-02
 iter: 300:2        |ddm|: 6.819213e-02     Tr[DP]  6.136441e-02
                         Freeze-and-Thaw NOT converged!                         

=================== Subsystem 1 at higher mean-field method ====================
  subiter:   1      |ddm|: 1.118766e+01
  subiter:   2      |ddm|: 9.765972e-01
  subiter:   3      |ddm|: 7.751988e-02
  subiter:   4      |ddm|: 7.486513e-02
  subiter:   5      |ddm|: 1.093622e-02
  subiter:   6      |ddm|: 3.970553e-03
  subiter:   7      |ddm|: 7.137205e-04
  subiter:   8      |ddm|: 2.922795e-04
  subiter:   9      |ddm|: 1.006646e-04
  subiter:  10      |ddm|: 1.592263e-05
  subiter:  11      |ddm|: 5.986557e-06
  subiter:  12      |ddm|: 1.947202e-06
  subiter:  13      |ddm|: 3.476915e-07
  subiter:  14      |ddm|: 6.605158e-08
  subiter:  15      |ddm|: 4.168232e-08
  subiter:  16      |ddm|: 2.514965e-08
  subiter:  17      |ddm|: 1.086540e-08
  subiter:  18      |ddm|: 2.173812e-08
  subiter:  19      |ddm|: 3.455360e-08
  subiter:  20      |ddm|: 9.367868e-09


******** <class 'pyscf.scf.hf.RHF'> flags ********
method = RHF
initial guess = minao
damping factor = 0
level shift factor = 0
DIIS = <class 'pyscf.scf.diis.CDIIS'>
DIIS start cycle = 1
DIIS space = 8
SCF tol = 1e-09
SCF gradient tol = None
max. SCF cycles = 100
direct_scf = True
direct_scf_tol = 1e-13
chkfile to save SCF result = /panfs/roc/scratch/graha682/D75/201711_augccpVDZ_NEVPT2_m06_75_7c12h24/tmpWWvGbg
max_memory 4000 MB (current use 418 MB)
Set gradient conv threshold to 3.16228e-05
init E= -282.721937259524
  HOMO = -0.452037889590024  LUMO = 0.0358863622791932
cycle= 1 E= -282.72193725952  delta_E= 4.55e-12  |g|= 1.21e-09  |ddm|= 2.87e-08
  HOMO = -0.452037889641446  LUMO = 0.0358863622928271
Extra cycle  E= -282.721937259523  delta_E= -2.96e-12  |g|= 1.13e-09  |ddm|= 1.38e-07
converged SCF energy = -282.721937259523


******** <class 'pyscf.dft.rks.RKS'> flags ********
method = RKS
initial guess = atom
damping factor = 0
level shift factor = 0.0
DIIS = <class 'pyscf.scf.diis.CDIIS'>
DIIS start cycle = 1
DIIS space = 8
SCF tol = 1e-08
SCF gradient tol = 1e-08
max. SCF cycles = 1
direct_scf = True
direct_scf_tol = 1e-13
chkfile to save SCF result = /panfs/roc/scratch/graha682/D75/201711_augccpVDZ_NEVPT2_m06_75_7c12h24/tmpnT1eeX
max_memory 4000 MB (current use 415 MB)
XC functionals = m06
small_rho_cutoff = 1e-20
radial grids: Treutler-Ahlrichs (JCP 102, 346 (M4)) radial grids
becke partition: Becke, JCP, 88, 2547 (1988)
pruning grids: <function nwchem_prune at 0x152b5f0>
grids dens level: 4
symmetrized grids: False
atomic radii adjust function: <function treutler_atomic_radii_adjust at 0x152b488>
init E= -284.418944439249
  HOMO = -0.330481810733813  LUMO = -0.0417955655860813
cycle= 1 E= -284.418945637644  delta_E= -1.2e-06  |g|= 0.000371  |ddm|= 0.0795
  HOMO = -0.330476489607117  LUMO = -0.0417849607790419
Extra cycle  E= -284.418945648282  delta_E= -1.06e-08  |g|= 0.00034  |ddm|= 0.00869
SCF not converged.
SCF energy = -284.418945648282 after 1 cycles
 iter: 301:1        |ddm|: 1.208881e+01     Tr[DP]  8.039894e-02

******** <class 'pyscf.mcscf.mc1step.CASSCF'> flags ********
CAS (1e+1e, 2o), ncore = 27, nvir = 249
max_cycle_macro = 50
max_cycle_micro = 4
conv_tol = 1e-07
conv_tol_grad = None
orbital rotation max_stepsize = 0.02
augmented hessian ah_max_cycle = 30
augmented hessian ah_conv_tol = 1e-12
augmented hessian ah_linear dependence = 1e-14
augmented hessian ah_level shift = 0
augmented hessian ah_start_tol = 2.5
augmented hessian ah_start_cycle = 3
augmented hessian ah_grad_trust_region = 3
kf_trust_region = 3
kf_interval = 4
ci_response_space = 4
ci_grad_trust_region = 3
with_dep4 0
natorb = False
canonicalization = True
sorting_mo_energy = False
chkfile = /panfs/roc/scratch/graha682/D75/201711_augccpVDZ_NEVPT2_m06_75_7c12h24/tmpWWvGbg
max_memory 4000 MB (current use 427 MB)
internal_rotation = False
******** <class 'pyscf.fci.direct_spin1.FCISolver'> flags ********
max. cycles = 50
conv_tol = 1e-08
davidson only = False
linear dependence = 1e-10
level shift = 0.001
max iter space = 12
max_memory 4000 MB
nroots = 1
pspace_size = 400
spin = None
CASCI E = -282.721937341139  S^2 = 0.0000000
Set conv_tol_grad to 0.000316228
macro iter 1 (1 JK  1 micro), CASSCF E = -282.721937341139  dE = 0  S^2 = 0.0000000
               |grad[o]|=1.51e-06  |grad[c]|= 2.60991896955e-14  |ddm|=    0
1-step CASSCF converged in 1 macro (1 JK 1 micro) steps
CASSCF canonicalization
CASSCF energy = -282.721937341139
Hartree-Fock Energy:  -282.72193725952258
CAS Correlation:       -0.00000008161595
CAS Energy:          -282.72193734113853
Sr    (-1)',   E = -0.00000395116853
Si    (+1)',   E = -0.00000030645885
Sijrs (0)  ,   E = -0.87398190133160
Sijr  (+1) ,   E = -0.00263037385859
Srsi  (-1) ,   E = -0.12217413074011
Srs   (-2) ,   E = -0.00639775402343
Sij   (+2) ,   E = -0.00000844683036
Sir   (0)' ,   E = -0.00032494353775
Nevpt2 Energy = -1.005521807949227
NEVPT2 =   -1.005521807949227
Total NEVPT2 = -283.727459149087736

============================== Supermolecular DFT ==============================
  subiter:   1      |ddm|: 4.370614e+01
  subiter:   2      |ddm|: 5.105365e+00
  subiter:   3      |ddm|: 1.045773e+00
  subiter:   4      |ddm|: 3.359702e-01
  subiter:   5      |ddm|: 1.170479e-01
  subiter:   6      |ddm|: 3.949292e-02
  subiter:   7      |ddm|: 2.033346e-02
  subiter:   8      |ddm|: 8.075499e-03
  subiter:   9      |ddm|: 2.350440e-03
  subiter:  10      |ddm|: 1.032864e-03
  subiter:  11      |ddm|: 5.956895e-04
  subiter:  12      |ddm|: 8.430426e-05
  subiter:  13      |ddm|: 4.982012e-05
  subiter:  14      |ddm|: 2.751130e-06
  subiter:  15      |ddm|: 1.466003e-06
  subiter:  16      |ddm|: 6.170284e-07
  subiter:  17      |ddm|: 2.135843e-07
  subiter:  18      |ddm|: 3.732002e-07
  subiter:  19      |ddm|: 2.058868e-07
  subiter:  20      |ddm|: 1.117634e-07
  subiter:  21      |ddm|: 1.725283e-07
  subiter:  22      |ddm|: 9.080726e-08
  subiter:  23      |ddm|: 1.123889e-07
  subiter:  24      |ddm|: 1.766651e-07
  subiter:  25      |ddm|: 9.763822e-08
  subiter:  26      |ddm|: 7.956049e-08
  subiter:  27      |ddm|: 1.522529e-07
  subiter:  28      |ddm|: 1.231644e-07
  subiter:  29      |ddm|: 1.084052e-07
  subiter:  30      |ddm|: 1.091351e-07
  subiter:  31      |ddm|: 1.141295e-07
  subiter:  32      |ddm|: 9.131166e-08
  subiter:  33      |ddm|: 1.411905e-07
  subiter:  34      |ddm|: 7.674804e-08
  subiter:  35      |ddm|: 1.017962e-07
  subiter:  36      |ddm|: 1.658147e-07
  subiter:  37      |ddm|: 1.102274e-07
  subiter:  38      |ddm|: 1.914121e-07
  subiter:  39      |ddm|: 1.511061e-07
  subiter:  40      |ddm|: 1.681308e-07
  subiter:  41      |ddm|: 8.601412e-08
  subiter:  42      |ddm|: 1.471618e-07
  subiter:  43      |ddm|: 9.454703e-08
  subiter:  44      |ddm|: 1.503792e-07
  subiter:  45      |ddm|: 1.383200e-07
  subiter:  46      |ddm|: 1.829310e-07
  subiter:  47      |ddm|: 1.075438e-07
  subiter:  48      |ddm|: 1.127128e-07
  subiter:  49      |ddm|: 8.583721e-08
  subiter:  50      |ddm|: 9.637051e-08
  subiter:  51      |ddm|: 7.259863e-08
  subiter:  52      |ddm|: 1.313774e-07
  subiter:  53      |ddm|: 1.347901e-07
  subiter:  54      |ddm|: 8.363558e-08
  subiter:  55      |ddm|: 1.456377e-07
  subiter:  56      |ddm|: 1.426633e-07
  subiter:  57      |ddm|: 1.377828e-07
  subiter:  58      |ddm|: 7.225845e-08
  subiter:  59      |ddm|: 1.009492e-07
  subiter:  60      |ddm|: 1.033790e-07
  subiter:  61      |ddm|: 1.465525e-07
  subiter:  62      |ddm|: 1.157063e-07
  subiter:  63      |ddm|: 9.653492e-08
  subiter:  64      |ddm|: 1.320372e-07
  subiter:  65      |ddm|: 8.345016e-08
  subiter:  66      |ddm|: 9.997697e-08
  subiter:  67      |ddm|: 1.260488e-07
  subiter:  68      |ddm|: 1.214998e-07
  subiter:  69      |ddm|: 1.018027e-07
  subiter:  70      |ddm|: 8.696343e-08
  subiter:  71      |ddm|: 9.198884e-08
  subiter:  72      |ddm|: 9.676128e-08
  subiter:  73      |ddm|: 1.276866e-07
  subiter:  74      |ddm|: 9.507616e-08
  subiter:  75      |ddm|: 1.138945e-07
  subiter:  76      |ddm|: 8.064130e-08
  subiter:  77      |ddm|: 1.245281e-07
  subiter:  78      |ddm|: 1.144070e-07
  subiter:  79      |ddm|: 1.175630e-07
  subiter:  80      |ddm|: 1.062377e-07
  subiter:  81      |ddm|: 9.333441e-08
  subiter:  82      |ddm|: 7.229686e-08
  subiter:  83      |ddm|: 1.342055e-07
  subiter:  84      |ddm|: 1.234267e-07
  subiter:  85      |ddm|: 1.287372e-07
  subiter:  86      |ddm|: 1.561196e-07
  subiter:  87      |ddm|: 8.011392e-08
  subiter:  88      |ddm|: 1.446622e-07
  subiter:  89      |ddm|: 1.560594e-07
  subiter:  90      |ddm|: 8.736177e-08
  subiter:  91      |ddm|: 9.823368e-08
  subiter:  92      |ddm|: 1.538616e-07
  subiter:  93      |ddm|: 1.659781e-07
  subiter:  94      |ddm|: 1.399032e-07
  subiter:  95      |ddm|: 1.190884e-07
  subiter:  96      |ddm|: 1.173698e-07
  subiter:  97      |ddm|: 1.250783e-07
  subiter:  98      |ddm|: 1.728794e-07
  subiter:  99      |ddm|: 1.512211e-07
  subiter: 100      |ddm|: 1.123701e-07


******** <class 'pyscf.dft.rks.RKS'> flags ********
method = RKS
initial guess = atom
damping factor = 0
level shift factor = 0.0
DIIS = <class 'pyscf.scf.diis.CDIIS'>
DIIS start cycle = 1
DIIS space = 8
SCF tol = 1e-08
SCF gradient tol = 1e-08
max. SCF cycles = 100
direct_scf = True
direct_scf_tol = 1e-13
chkfile to save SCF result = /panfs/roc/scratch/graha682/D75/201711_augccpVDZ_NEVPT2_m06_75_7c12h24/tmpl_qd1H
max_memory 4000 MB (current use 502 MB)
XC functionals = m06
small_rho_cutoff = 1e-20
radial grids: Treutler-Ahlrichs (JCP 102, 346 (M4)) radial grids
becke partition: Becke, JCP, 88, 2547 (1988)
pruning grids: <function nwchem_prune at 0x152b5f0>
grids dens level: 4
symmetrized grids: False
atomic radii adjust function: <function treutler_atomic_radii_adjust at 0x152b488>
init E= -471.296823459223
  HOMO = -0.244443714936675  LUMO = -0.0452085792669132
cycle= 1 E= -471.296823459211  delta_E= 1.16e-11  |g|= 1.23e-09  |ddm|= 4.88e-07
  HOMO = -0.244443714936606  LUMO = -0.0452085792636145
Extra cycle  E= -471.296823459205  delta_E= 6.14e-12  |g|= 2.11e-09  |ddm|= 1.77e-06
converged SCF energy = -471.296823459205
Supermolecular DFT   -471.29682345922174

============================== Embedding Energies ==============================
Subsystem DFT              -284.41894564828175
Interaction                -186.46718212023535
DFT-in-DFT                 -470.88612776851710
Supermolecular DFT         -471.29682345922174
Difference                   -0.41069569070464
Corrected DFT-in-DFT       -471.29682345922174
WF-in-DFT                  -470.19464126932309
Corrected WF-in-DFT        -470.60533696002773
================================================================================
TIMING STATISTICS:
     overlap integrals      0.04s   ( 0.00%)
    initial subsystems      0.12s   ( 0.00%)
           2e matrices  16795.66s   (73.85%)
      tot. embed. of 1  16942.73s   (74.50%)
      tot. embed. of 2      3.09s   ( 0.01%)
       freeze and thaw  16945.87s   (74.51%)
                   cas     25.25s   ( 0.11%)
                nevpt2     25.03s   ( 0.11%)
  interaction energies   5744.15s   (25.26%)
                 TOTAL  22741.73s
================================================================================

********************************************************************************
*                              END OF CALCULATION                              *
********************************************************************************
