********************************************************************************
*                         FREEZE-AND-THAW CALCULATION                          *
********************************************************************************

================================== Input File ==================================

subsystem
C         -6.85146       -0.37749       -0.02245
C         -5.58988        0.46082       -0.08353
H         -7.76352        0.23554       -0.09265
H         -6.90688       -0.94637        0.92136
H         -6.88225       -1.11249       -0.84481
C         -4.31951       -0.36566        0.01460
H         -5.59562        1.21323        0.72832
H         -5.56924        1.04594       -1.02294
C         -3.04723        0.45919       -0.04621
H         -4.30827       -1.12069       -0.79710
H         -4.33394       -0.95151        0.95568
charge -1
end

subsystem
C         -1.77799       -0.36661        0.05545
H         -3.05984        1.21545        0.76409
H         -3.03177        1.04285       -0.98845
C         -0.50592        0.45857       -0.00869
H         -1.76605       -1.12465       -0.75312
H         -1.79191       -0.94814        0.99896
C          0.76301       -0.36687        0.09873
H         -0.51947        1.21927        0.79734
H         -0.48982        1.03695       -0.95413
C          2.03492        0.45803        0.02807
H          0.77447       -1.13108       -0.70393
H          0.74963       -0.94088        1.04672
C          3.30219       -0.36867        0.14419
H          2.01957        1.22593        0.82689
H          2.05170        1.02719       -0.92318
C          4.56758        0.46518        0.05280
H          3.31283       -1.14186       -0.64964
H          3.29531       -0.92755        1.09921
C          5.84543       -0.33910        0.00025
H          4.55184        1.23893        0.84704
H          4.57530        1.02068       -0.90327
C          7.17489       -0.13235       -0.09494
H          7.80801        0.22925        0.73037
H          7.69989       -0.32442       -1.03812
H          5.60384       -0.99188       -0.87433
charge +1
end

embed
 huzinaga
 cycles 300
 conv 1e-8
 method m06
end

basis cc-pVDZ
method cas[2,2]/nevpt2
grid 4
conv 1e-8
grad 1e-8
maxiter 100
================================== End Input ===================================
tot grids = 725328

                      Getting subsystem overlap integrals                       

                          Initial subsystem densities                           
Guessing initial subsystem densities
Initial guess from superpostion of atomic densties.
Guessing initial subsystem densities
Initial guess from superpostion of atomic densties.

=========================== Starting Freeze-and-Thaw ===========================
 iter:   1:1        |ddm|: 4.857488e+00     Tr[DP]  1.006518e+00
 iter:   1:2        |ddm|: 5.064617e+00     Tr[DP]  3.325468e-01
 iter:   2:1        |ddm|: 4.903910e+00     Tr[DP]  6.098706e-01
 iter:   2:2        |ddm|: 2.779508e+00     Tr[DP]  2.709933e-01
 iter:   3:1        |ddm|: 2.818701e+00     Tr[DP]  2.818399e-01
 iter:   3:2        |ddm|: 1.689600e+00     Tr[DP]  2.416039e-01
 iter:   4:1        |ddm|: 4.875723e-01     Tr[DP]  2.441964e-01
 iter:   4:2        |ddm|: 3.609507e-01     Tr[DP]  2.349261e-01
 iter:   5:1        |ddm|: 2.741432e-01     Tr[DP]  2.383857e-01
 iter:   5:2        |ddm|: 1.847614e-01     Tr[DP]  2.134758e-01
 iter:   6:1        |ddm|: 1.589860e-01     Tr[DP]  2.247851e-01
 iter:   6:2        |ddm|: 1.070802e-01     Tr[DP]  2.073150e-01
 iter:   7:1        |ddm|: 1.063258e-01     Tr[DP]  2.149006e-01
 iter:   7:2        |ddm|: 7.263784e-02     Tr[DP]  2.033054e-01
 iter:   8:1        |ddm|: 7.637228e-02     Tr[DP]  2.090143e-01
 iter:   8:2        |ddm|: 5.528973e-02     Tr[DP]  1.995143e-01
 iter:   9:1        |ddm|: 6.725500e-02     Tr[DP]  2.059688e-01
 iter:   9:2        |ddm|: 6.259927e-02     Tr[DP]  1.961498e-01
 iter:  10:1        |ddm|: 5.903972e-02     Tr[DP]  2.018414e-01
 iter:  10:2        |ddm|: 5.272262e-02     Tr[DP]  1.926606e-01
 iter:  11:1        |ddm|: 5.268803e-02     Tr[DP]  1.986333e-01
 iter:  11:2        |ddm|: 4.795423e-02     Tr[DP]  1.896358e-01
 iter:  12:1        |ddm|: 4.608005e-02     Tr[DP]  1.956569e-01
 iter:  12:2        |ddm|: 4.442557e-02     Tr[DP]  1.871246e-01
 iter:  13:1        |ddm|: 4.576046e-02     Tr[DP]  1.938993e-01
 iter:  13:2        |ddm|: 5.078528e-02     Tr[DP]  1.846634e-01
 iter:  14:1        |ddm|: 4.652111e-02     Tr[DP]  1.914192e-01
 iter:  14:2        |ddm|: 4.804698e-02     Tr[DP]  1.819136e-01
 iter:  15:1        |ddm|: 4.485096e-02     Tr[DP]  1.886257e-01
 iter:  15:2        |ddm|: 4.377294e-02     Tr[DP]  1.793822e-01
 iter:  16:1        |ddm|: 4.306688e-02     Tr[DP]  1.864529e-01
 iter:  16:2        |ddm|: 4.453935e-02     Tr[DP]  1.770407e-01
 iter:  17:1        |ddm|: 4.271462e-02     Tr[DP]  1.840511e-01
 iter:  17:2        |ddm|: 4.223246e-02     Tr[DP]  1.746792e-01
 iter:  18:1        |ddm|: 4.162552e-02     Tr[DP]  1.818550e-01
 iter:  18:2        |ddm|: 4.177691e-02     Tr[DP]  1.724229e-01
 iter:  19:1        |ddm|: 4.110543e-02     Tr[DP]  1.797072e-01
 iter:  19:2        |ddm|: 4.143885e-02     Tr[DP]  1.701567e-01
 iter:  20:1        |ddm|: 4.088037e-02     Tr[DP]  1.776082e-01
 iter:  20:2        |ddm|: 4.169941e-02     Tr[DP]  1.678434e-01
 iter:  21:1        |ddm|: 4.092335e-02     Tr[DP]  1.753704e-01
 iter:  21:2        |ddm|: 4.085708e-02     Tr[DP]  1.654997e-01
 iter:  22:1        |ddm|: 4.153091e-02     Tr[DP]  1.723947e-01
 iter:  22:2        |ddm|: 3.535404e-02     Tr[DP]  1.636745e-01
 iter:  23:1        |ddm|: 4.285747e-02     Tr[DP]  1.695690e-01
 iter:  23:2        |ddm|: 3.826045e-02     Tr[DP]  1.630554e-01
 iter:  24:1        |ddm|: 3.133586e-02     Tr[DP]  1.691671e-01
 iter:  24:2        |ddm|: 2.832974e-02     Tr[DP]  1.624606e-01
 iter:  25:1        |ddm|: 3.157442e-02     Tr[DP]  1.676964e-01
 iter:  25:2        |ddm|: 2.750554e-02     Tr[DP]  1.618023e-01
 iter:  26:1        |ddm|: 7.898923e-02     Tr[DP]  1.711519e-01
 iter:  26:2        |ddm|: 1.205491e-01     Tr[DP]  1.580472e-01
 iter:  27:1        |ddm|: 7.262764e-02     Tr[DP]  1.667818e-01
 iter:  27:2        |ddm|: 7.033319e-02     Tr[DP]  1.523689e-01
 iter:  28:1        |ddm|: 6.194767e-02     Tr[DP]  1.617616e-01
 iter:  28:2        |ddm|: 5.351275e-02     Tr[DP]  1.481156e-01
 iter:  29:1        |ddm|: 5.744102e-02     Tr[DP]  1.585397e-01
 iter:  29:2        |ddm|: 5.956919e-02     Tr[DP]  1.442055e-01
 iter:  30:1        |ddm|: 5.687809e-02     Tr[DP]  1.546427e-01
 iter:  30:2        |ddm|: 5.142108e-02     Tr[DP]  1.406679e-01
 iter:  31:1        |ddm|: 5.302052e-02     Tr[DP]  1.513568e-01
 iter:  31:2        |ddm|: 4.862710e-02     Tr[DP]  1.377582e-01
 iter:  32:1        |ddm|: 5.380834e-02     Tr[DP]  1.489539e-01
 iter:  32:2        |ddm|: 5.772097e-02     Tr[DP]  1.342807e-01
 iter:  33:1        |ddm|: 5.592366e-02     Tr[DP]  1.452734e-01
 iter:  33:2        |ddm|: 4.781383e-02     Tr[DP]  1.314520e-01
 iter:  34:1        |ddm|: 5.122539e-02     Tr[DP]  1.426516e-01
 iter:  34:2        |ddm|: 4.998876e-02     Tr[DP]  1.287202e-01
 iter:  35:1        |ddm|: 5.217087e-02     Tr[DP]  1.397326e-01
 iter:  35:2        |ddm|: 4.568746e-02     Tr[DP]  1.263177e-01
 iter:  36:1        |ddm|: 4.948073e-02     Tr[DP]  1.372481e-01
 iter:  36:2        |ddm|: 4.607554e-02     Tr[DP]  1.239574e-01
 iter:  37:1        |ddm|: 4.958377e-02     Tr[DP]  1.346546e-01
 iter:  37:2        |ddm|: 4.337116e-02     Tr[DP]  1.218209e-01
 iter:  38:1        |ddm|: 4.897327e-02     Tr[DP]  1.320888e-01
 iter:  38:2        |ddm|: 3.884775e-02     Tr[DP]  1.203936e-01
 iter:  39:1        |ddm|: 4.606992e-02     Tr[DP]  1.305727e-01
 iter:  39:2        |ddm|: 5.345197e-02     Tr[DP]  1.177861e-01
 iter:  40:1        |ddm|: 5.026064e-02     Tr[DP]  1.279615e-01
 iter:  40:2        |ddm|: 4.448792e-02     Tr[DP]  1.153569e-01
 iter:  41:1        |ddm|: 4.776295e-02     Tr[DP]  1.254932e-01
 iter:  41:2        |ddm|: 4.155936e-02     Tr[DP]  1.134551e-01
 iter:  42:1        |ddm|: 4.572756e-02     Tr[DP]  1.233843e-01
 iter:  42:2        |ddm|: 4.482202e-02     Tr[DP]  1.113526e-01
 iter:  43:1        |ddm|: 4.893750e-02     Tr[DP]  1.210858e-01
 iter:  43:2        |ddm|: 3.558916e-02     Tr[DP]  1.101659e-01
 iter:  44:1        |ddm|: 4.226296e-02     Tr[DP]  1.193969e-01
 iter:  44:2        |ddm|: 4.548284e-02     Tr[DP]  1.082066e-01
 iter:  45:1        |ddm|: 4.892131e-02     Tr[DP]  1.173259e-01
 iter:  45:2        |ddm|: 3.346083e-02     Tr[DP]  1.073138e-01
 iter:  46:1        |ddm|: 4.247311e-02     Tr[DP]  1.156916e-01
 iter:  46:2        |ddm|: 2.993537e-02     Tr[DP]  1.071421e-01
 iter:  47:1        |ddm|: 4.893939e-02     Tr[DP]  1.146885e-01
 iter:  47:2        |ddm|: 6.723617e-02     Tr[DP]  1.043807e-01
 iter:  48:1        |ddm|: 4.957690e-02     Tr[DP]  1.127465e-01
 iter:  48:2        |ddm|: 4.401318e-02     Tr[DP]  1.021717e-01
 iter:  49:1        |ddm|: 4.461912e-02     Tr[DP]  1.107203e-01
 iter:  49:2        |ddm|: 3.631065e-02     Tr[DP]  1.009066e-01
 iter:  50:1        |ddm|: 4.011663e-02     Tr[DP]  1.091281e-01
 iter:  50:2        |ddm|: 3.841644e-02     Tr[DP]  9.955497e-02
 iter:  51:1        |ddm|: 4.070644e-02     Tr[DP]  1.076301e-01
 iter:  51:2        |ddm|: 3.782639e-02     Tr[DP]  9.814278e-02
 iter:  52:1        |ddm|: 4.101422e-02     Tr[DP]  1.061386e-01
 iter:  52:2        |ddm|: 3.479868e-02     Tr[DP]  9.700172e-02
 iter:  53:1        |ddm|: 3.920579e-02     Tr[DP]  1.047380e-01
 iter:  53:2        |ddm|: 3.296350e-02     Tr[DP]  9.603043e-02
 iter:  54:1        |ddm|: 3.868364e-02     Tr[DP]  1.033880e-01
 iter:  54:2        |ddm|: 2.921275e-02     Tr[DP]  9.548746e-02
 iter:  55:1        |ddm|: 3.374496e-02     Tr[DP]  1.021766e-01
 iter:  55:2        |ddm|: 3.096627e-02     Tr[DP]  9.473533e-02
 iter:  56:1        |ddm|: 3.330337e-02     Tr[DP]  1.011316e-01
 iter:  56:2        |ddm|: 2.690768e-02     Tr[DP]  9.406160e-02
 iter:  57:1        |ddm|: 3.152968e-02     Tr[DP]  1.001111e-01
 iter:  57:2        |ddm|: 2.646895e-02     Tr[DP]  9.341474e-02
 iter:  58:1        |ddm|: 3.077250e-02     Tr[DP]  9.919138e-02
 iter:  58:2        |ddm|: 2.307820e-02     Tr[DP]  9.299404e-02
 iter:  59:1        |ddm|: 4.661361e-02     Tr[DP]  9.811718e-02
 iter:  59:2        |ddm|: 6.500708e-02     Tr[DP]  9.082195e-02
 iter:  60:1        |ddm|: 4.272021e-02     Tr[DP]  9.723327e-02
 iter:  60:2        |ddm|: 3.768571e-02     Tr[DP]  8.968271e-02
 iter:  61:1        |ddm|: 3.714341e-02     Tr[DP]  9.610784e-02
 iter:  61:2        |ddm|: 3.053064e-02     Tr[DP]  8.911384e-02
 iter:  62:1        |ddm|: 3.370845e-02     Tr[DP]  9.514185e-02
 iter:  62:2        |ddm|: 2.916566e-02     Tr[DP]  8.857511e-02
 iter:  63:1        |ddm|: 3.338710e-02     Tr[DP]  9.436703e-02
 iter:  63:2        |ddm|: 2.357989e-02     Tr[DP]  8.837832e-02
 iter:  64:1        |ddm|: 2.928848e-02     Tr[DP]  9.358799e-02
 iter:  64:2        |ddm|: 2.309884e-02     Tr[DP]  8.808891e-02
 iter:  65:1        |ddm|: 2.741165e-02     Tr[DP]  9.289805e-02
 iter:  65:2        |ddm|: 2.421700e-02     Tr[DP]  8.765776e-02
 iter:  66:1        |ddm|: 2.828375e-02     Tr[DP]  9.215335e-02
 iter:  66:2        |ddm|: 3.243256e-02     Tr[DP]  8.687166e-02
 iter:  67:1        |ddm|: 2.854198e-02     Tr[DP]  9.157547e-02
 iter:  67:2        |ddm|: 2.652986e-02     Tr[DP]  8.637811e-02
 iter:  68:1        |ddm|: 2.772690e-02     Tr[DP]  9.091763e-02
 iter:  68:2        |ddm|: 2.733691e-02     Tr[DP]  8.588022e-02
 iter:  69:1        |ddm|: 2.759909e-02     Tr[DP]  9.041575e-02
 iter:  69:2        |ddm|: 2.098112e-02     Tr[DP]  8.571698e-02
 iter:  70:1        |ddm|: 2.544881e-02     Tr[DP]  8.991048e-02
 iter:  70:2        |ddm|: 1.874492e-02     Tr[DP]  8.561611e-02
 iter:  71:1        |ddm|: 2.342488e-02     Tr[DP]  8.946576e-02
 iter:  71:2        |ddm|: 1.721617e-02     Tr[DP]  8.552703e-02
 iter:  72:1        |ddm|: 2.145074e-02     Tr[DP]  8.899395e-02
 iter:  72:2        |ddm|: 1.954951e-02     Tr[DP]  8.527560e-02
 iter:  73:1        |ddm|: 2.082877e-02     Tr[DP]  8.864363e-02
 iter:  73:2        |ddm|: 1.664401e-02     Tr[DP]  8.514699e-02
 iter:  74:1        |ddm|: 1.990973e-02     Tr[DP]  8.832341e-02
 iter:  74:2        |ddm|: 1.462780e-02     Tr[DP]  8.509649e-02
 iter:  75:1        |ddm|: 1.843962e-02     Tr[DP]  8.802296e-02
 iter:  75:2        |ddm|: 1.329780e-02     Tr[DP]  8.506499e-02
 iter:  76:1        |ddm|: 1.683484e-02     Tr[DP]  8.771698e-02
 iter:  76:2        |ddm|: 1.370106e-02     Tr[DP]  8.496308e-02
 iter:  77:1        |ddm|: 1.627328e-02     Tr[DP]  8.751689e-02
 iter:  77:2        |ddm|: 1.125365e-02     Tr[DP]  8.500368e-02
 iter:  78:1        |ddm|: 1.486693e-02     Tr[DP]  8.730377e-02
 iter:  78:2        |ddm|: 1.029124e-02     Tr[DP]  8.501442e-02
 iter:  79:1        |ddm|: 1.344167e-02     Tr[DP]  8.709696e-02
 iter:  79:2        |ddm|: 9.776870e-03     Tr[DP]  8.500234e-02
 iter:  80:1        |ddm|: 1.285189e-02     Tr[DP]  8.696155e-02
 iter:  80:2        |ddm|: 8.525298e-03     Tr[DP]  8.508665e-02
 iter:  81:1        |ddm|: 1.822954e-02     Tr[DP]  8.648667e-02
 iter:  81:2        |ddm|: 2.633165e-02     Tr[DP]  8.444763e-02
 iter:  82:1        |ddm|: 1.398207e-02     Tr[DP]  8.647433e-02
 iter:  82:2        |ddm|: 1.174411e-02     Tr[DP]  8.439315e-02
 iter:  83:1        |ddm|: 1.343661e-02     Tr[DP]  8.636127e-02
 iter:  83:2        |ddm|: 9.153643e-03     Tr[DP]  8.446717e-02
 iter:  84:1        |ddm|: 1.164854e-02     Tr[DP]  8.612548e-02
 iter:  84:2        |ddm|: 1.109122e-02     Tr[DP]  8.433879e-02
 iter:  85:1        |ddm|: 1.178470e-02     Tr[DP]  8.590923e-02
 iter:  85:2        |ddm|: 1.354233e-02     Tr[DP]  8.413120e-02
 iter:  86:1        |ddm|: 1.141867e-02     Tr[DP]  8.579856e-02
 iter:  86:2        |ddm|: 1.026595e-02     Tr[DP]  8.406793e-02
 iter:  87:1        |ddm|: 1.102659e-02     Tr[DP]  8.568571e-02
 iter:  87:2        |ddm|: 8.575198e-03     Tr[DP]  8.406014e-02
 iter:  88:1        |ddm|: 1.024316e-02     Tr[DP]  8.555791e-02
 iter:  88:2        |ddm|: 8.340655e-03     Tr[DP]  8.403911e-02
 iter:  89:1        |ddm|: 9.628501e-03     Tr[DP]  8.543351e-02
 iter:  89:2        |ddm|: 8.089272e-03     Tr[DP]  8.400264e-02
 iter:  90:1        |ddm|: 9.805081e-03     Tr[DP]  8.540416e-02
 iter:  90:2        |ddm|: 6.287582e-03     Tr[DP]  8.410640e-02
 iter:  91:1        |ddm|: 9.267589e-03     Tr[DP]  8.536605e-02
 iter:  91:2        |ddm|: 6.065639e-03     Tr[DP]  8.423958e-02
 iter:  92:1        |ddm|: 8.351553e-03     Tr[DP]  8.512773e-02
 iter:  92:2        |ddm|: 1.141186e-02     Tr[DP]  8.404603e-02
 iter:  93:1        |ddm|: 7.241412e-03     Tr[DP]  8.510092e-02
 iter:  93:2        |ddm|: 6.305925e-03     Tr[DP]  8.404616e-02
 iter:  94:1        |ddm|: 7.050661e-03     Tr[DP]  8.505720e-02
 iter:  94:2        |ddm|: 5.231842e-03     Tr[DP]  8.408448e-02
 iter:  95:1        |ddm|: 6.650406e-03     Tr[DP]  8.494099e-02
 iter:  95:2        |ddm|: 6.683540e-03     Tr[DP]  8.399798e-02
 iter:  96:1        |ddm|: 6.511759e-03     Tr[DP]  8.485593e-02
 iter:  96:2        |ddm|: 6.735497e-03     Tr[DP]  8.392098e-02
 iter:  97:1        |ddm|: 6.291824e-03     Tr[DP]  8.480492e-02
 iter:  97:2        |ddm|: 5.491068e-03     Tr[DP]  8.390222e-02
 iter:  98:1        |ddm|: 7.084391e-03     Tr[DP]  8.483495e-02
 iter:  98:2        |ddm|: 5.139074e-03     Tr[DP]  8.403596e-02
 iter:  99:1        |ddm|: 6.266807e-03     Tr[DP]  8.465849e-02
 iter:  99:2        |ddm|: 8.714304e-03     Tr[DP]  8.388512e-02
 iter: 100:1        |ddm|: 5.433755e-03     Tr[DP]  8.461490e-02
 iter: 100:2        |ddm|: 5.837012e-03     Tr[DP]  8.383942e-02
 iter: 101:1        |ddm|: 5.325714e-03     Tr[DP]  8.457761e-02
 iter: 101:2        |ddm|: 4.679495e-03     Tr[DP]  8.383030e-02
 iter: 102:1        |ddm|: 5.112556e-03     Tr[DP]  8.451727e-02
 iter: 102:2        |ddm|: 4.938454e-03     Tr[DP]  8.379912e-02
 iter: 103:1        |ddm|: 4.947119e-03     Tr[DP]  8.449713e-02
 iter: 103:2        |ddm|: 3.612846e-03     Tr[DP]  8.382503e-02
 iter: 104:1        |ddm|: 4.608173e-03     Tr[DP]  8.442843e-02
 iter: 104:2        |ddm|: 4.597977e-03     Tr[DP]  8.378712e-02
 iter: 105:1        |ddm|: 4.403603e-03     Tr[DP]  8.440872e-02
 iter: 105:2        |ddm|: 3.327355e-03     Tr[DP]  8.380547e-02
 iter: 106:1        |ddm|: 4.429819e-03     Tr[DP]  8.440972e-02
 iter: 106:2        |ddm|: 2.912251e-03     Tr[DP]  8.386923e-02
 iter: 107:1        |ddm|: 3.652189e-03     Tr[DP]  8.435167e-02
 iter: 107:2        |ddm|: 3.131161e-03     Tr[DP]  8.385189e-02
 iter: 108:1        |ddm|: 3.424929e-03     Tr[DP]  8.433651e-02
 iter: 108:2        |ddm|: 2.423692e-03     Tr[DP]  8.387438e-02
 iter: 109:1        |ddm|: 3.162661e-03     Tr[DP]  8.429502e-02
 iter: 109:2        |ddm|: 2.872579e-03     Tr[DP]  8.385871e-02
 iter: 110:1        |ddm|: 3.001440e-03     Tr[DP]  8.427600e-02
 iter: 110:2        |ddm|: 2.366759e-03     Tr[DP]  8.386472e-02
 iter: 111:1        |ddm|: 2.860792e-03     Tr[DP]  8.426198e-02
 iter: 111:2        |ddm|: 2.024810e-03     Tr[DP]  8.388145e-02
 iter: 112:1        |ddm|: 2.613581e-03     Tr[DP]  8.423445e-02
 iter: 112:2        |ddm|: 2.120895e-03     Tr[DP]  8.387838e-02
 iter: 113:1        |ddm|: 2.484329e-03     Tr[DP]  8.420444e-02
 iter: 113:2        |ddm|: 2.371221e-03     Tr[DP]  8.386307e-02
 iter: 114:1        |ddm|: 2.381377e-03     Tr[DP]  8.418705e-02
 iter: 114:2        |ddm|: 2.037991e-03     Tr[DP]  8.386063e-02
 iter: 115:1        |ddm|: 2.274609e-03     Tr[DP]  8.416971e-02
 iter: 115:2        |ddm|: 1.897987e-03     Tr[DP]  8.386005e-02
 iter: 116:1        |ddm|: 2.166590e-03     Tr[DP]  8.415904e-02
 iter: 116:2        |ddm|: 1.597572e-03     Tr[DP]  8.387030e-02
 iter: 117:1        |ddm|: 2.012046e-03     Tr[DP]  8.414001e-02
 iter: 117:2        |ddm|: 1.609285e-03     Tr[DP]  8.386858e-02
 iter: 118:1        |ddm|: 1.892971e-03     Tr[DP]  8.413128e-02
 iter: 118:2        |ddm|: 1.394901e-03     Tr[DP]  8.387976e-02
 iter: 119:1        |ddm|: 1.766757e-03     Tr[DP]  8.412227e-02
 iter: 119:2        |ddm|: 1.224646e-03     Tr[DP]  8.389097e-02
 iter: 120:1        |ddm|: 1.601926e-03     Tr[DP]  8.410488e-02
 iter: 120:2        |ddm|: 1.325483e-03     Tr[DP]  8.388838e-02
 iter: 121:1        |ddm|: 1.550082e-03     Tr[DP]  8.408412e-02
 iter: 121:2        |ddm|: 1.599521e-03     Tr[DP]  8.387469e-02
 iter: 122:1        |ddm|: 1.488425e-03     Tr[DP]  8.407153e-02
 iter: 122:2        |ddm|: 1.475434e-03     Tr[DP]  8.386907e-02
 iter: 123:1        |ddm|: 1.729834e-03     Tr[DP]  8.403865e-02
 iter: 123:2        |ddm|: 2.423909e-03     Tr[DP]  8.383055e-02
 iter: 124:1        |ddm|: 1.560037e-03     Tr[DP]  8.404686e-02
 iter: 124:2        |ddm|: 1.158443e-03     Tr[DP]  8.384774e-02
 iter: 125:1        |ddm|: 1.412427e-03     Tr[DP]  8.403583e-02
 iter: 125:2        |ddm|: 1.114556e-03     Tr[DP]  8.384972e-02
 iter: 126:1        |ddm|: 1.305206e-03     Tr[DP]  8.402609e-02
 iter: 126:2        |ddm|: 1.036769e-03     Tr[DP]  8.385183e-02
 iter: 127:1        |ddm|: 1.223292e-03     Tr[DP]  8.401660e-02
 iter: 127:2        |ddm|: 9.942780e-04     Tr[DP]  8.385274e-02
 iter: 128:1        |ddm|: 1.158728e-03     Tr[DP]  8.400498e-02
 iter: 128:2        |ddm|: 1.051579e-03     Tr[DP]  8.384883e-02
 iter: 129:1        |ddm|: 1.109351e-03     Tr[DP]  8.400112e-02
 iter: 129:2        |ddm|: 8.255819e-04     Tr[DP]  8.385474e-02
 iter: 130:1        |ddm|: 1.030581e-03     Tr[DP]  8.399160e-02
 iter: 130:2        |ddm|: 8.660335e-04     Tr[DP]  8.385379e-02
 iter: 131:1        |ddm|: 9.734569e-04     Tr[DP]  8.398670e-02
 iter: 131:2        |ddm|: 7.344846e-04     Tr[DP]  8.385782e-02
 iter: 132:1        |ddm|: 9.082965e-04     Tr[DP]  8.398060e-02
 iter: 132:2        |ddm|: 6.933997e-04     Tr[DP]  8.386035e-02
 iter: 133:1        |ddm|: 8.458268e-04     Tr[DP]  8.397317e-02
 iter: 133:2        |ddm|: 7.050455e-04     Tr[DP]  8.385998e-02
 iter: 134:1        |ddm|: 8.109708e-04     Tr[DP]  8.397134e-02
 iter: 134:2        |ddm|: 5.624101e-04     Tr[DP]  8.386666e-02
 iter: 135:1        |ddm|: 7.522862e-04     Tr[DP]  8.396870e-02
 iter: 135:2        |ddm|: 4.969662e-04     Tr[DP]  8.387349e-02
 iter: 136:1        |ddm|: 7.064400e-04     Tr[DP]  8.396823e-02
 iter: 136:2        |ddm|: 4.557890e-04     Tr[DP]  8.388350e-02
 iter: 137:1        |ddm|: 5.948253e-04     Tr[DP]  8.396314e-02
 iter: 137:2        |ddm|: 3.980669e-04     Tr[DP]  8.388663e-02
 iter: 138:1        |ddm|: 7.082656e-04     Tr[DP]  8.394580e-02
 iter: 138:2        |ddm|: 1.046294e-03     Tr[DP]  8.386800e-02
 iter: 139:1        |ddm|: 5.863702e-04     Tr[DP]  8.394997e-02
 iter: 139:2        |ddm|: 4.377138e-04     Tr[DP]  8.387518e-02
 iter: 140:1        |ddm|: 5.368157e-04     Tr[DP]  8.394563e-02
 iter: 140:2        |ddm|: 4.317868e-04     Tr[DP]  8.387524e-02
 iter: 141:1        |ddm|: 5.040510e-04     Tr[DP]  8.394005e-02
 iter: 141:2        |ddm|: 4.804133e-04     Tr[DP]  8.387272e-02
 iter: 142:1        |ddm|: 4.815717e-04     Tr[DP]  8.393659e-02
 iter: 142:2        |ddm|: 4.279158e-04     Tr[DP]  8.387208e-02
 iter: 143:1        |ddm|: 4.635610e-04     Tr[DP]  8.393254e-02
 iter: 143:2        |ddm|: 4.280971e-04     Tr[DP]  8.387058e-02
 iter: 144:1        |ddm|: 4.431061e-04     Tr[DP]  8.393031e-02
 iter: 144:2        |ddm|: 3.575720e-04     Tr[DP]  8.387157e-02
 iter: 145:1        |ddm|: 4.199392e-04     Tr[DP]  8.392839e-02
 iter: 145:2        |ddm|: 3.115146e-04     Tr[DP]  8.387353e-02
 iter: 146:1        |ddm|: 4.023111e-04     Tr[DP]  8.392805e-02
 iter: 146:2        |ddm|: 2.642158e-04     Tr[DP]  8.387816e-02
 iter: 147:1        |ddm|: 3.512444e-04     Tr[DP]  8.392493e-02
 iter: 147:2        |ddm|: 2.571685e-04     Tr[DP]  8.387910e-02
 iter: 148:1        |ddm|: 3.244173e-04     Tr[DP]  8.392337e-02
 iter: 148:2        |ddm|: 2.281656e-04     Tr[DP]  8.388117e-02
 iter: 149:1        |ddm|: 2.970552e-04     Tr[DP]  8.392075e-02
 iter: 149:2        |ddm|: 2.368362e-04     Tr[DP]  8.388137e-02
 iter: 150:1        |ddm|: 2.806831e-04     Tr[DP]  8.391973e-02
 iter: 150:2        |ddm|: 1.989791e-04     Tr[DP]  8.388327e-02
 iter: 151:1        |ddm|: 2.689982e-04     Tr[DP]  8.391545e-02
 iter: 151:2        |ddm|: 2.960941e-04     Tr[DP]  8.388027e-02
 iter: 152:1        |ddm|: 2.585809e-04     Tr[DP]  8.391604e-02
 iter: 152:2        |ddm|: 1.827544e-04     Tr[DP]  8.388326e-02
 iter: 153:1        |ddm|: 2.376315e-04     Tr[DP]  8.391500e-02
 iter: 153:2        |ddm|: 1.586621e-04     Tr[DP]  8.388497e-02
 iter: 154:1        |ddm|: 2.311661e-04     Tr[DP]  8.391537e-02
 iter: 154:2        |ddm|: 1.525389e-04     Tr[DP]  8.388875e-02
 iter: 155:1        |ddm|: 1.877876e-04     Tr[DP]  8.391253e-02
 iter: 155:2        |ddm|: 1.568060e-04     Tr[DP]  8.388795e-02
 iter: 156:1        |ddm|: 2.295785e-04     Tr[DP]  8.390737e-02
 iter: 156:2        |ddm|: 3.346082e-04     Tr[DP]  8.388204e-02
 iter: 157:1        |ddm|: 1.923615e-04     Tr[DP]  8.390674e-02
 iter: 157:2        |ddm|: 2.045044e-04     Tr[DP]  8.388122e-02
 iter: 158:1        |ddm|: 1.906780e-04     Tr[DP]  8.390515e-02
 iter: 158:2        |ddm|: 2.062782e-04     Tr[DP]  8.388008e-02
 iter: 159:1        |ddm|: 1.879962e-04     Tr[DP]  8.390327e-02
 iter: 159:2        |ddm|: 2.028837e-04     Tr[DP]  8.387853e-02
 iter: 160:1        |ddm|: 1.801354e-04     Tr[DP]  8.390246e-02
 iter: 160:2        |ddm|: 1.572509e-04     Tr[DP]  8.387861e-02
 iter: 161:1        |ddm|: 1.716721e-04     Tr[DP]  8.390148e-02
 iter: 161:2        |ddm|: 1.419897e-04     Tr[DP]  8.387887e-02
 iter: 162:1        |ddm|: 1.616678e-04     Tr[DP]  8.390053e-02
 iter: 162:2        |ddm|: 1.280233e-04     Tr[DP]  8.387927e-02
 iter: 163:1        |ddm|: 1.515224e-04     Tr[DP]  8.389921e-02
 iter: 163:2        |ddm|: 1.316029e-04     Tr[DP]  8.387909e-02
 iter: 164:1        |ddm|: 1.448232e-04     Tr[DP]  8.389880e-02
 iter: 164:2        |ddm|: 1.042568e-04     Tr[DP]  8.388002e-02
 iter: 165:1        |ddm|: 1.413364e-04     Tr[DP]  8.389894e-02
 iter: 165:2        |ddm|: 9.188523e-05     Tr[DP]  8.388202e-02
 iter: 166:1        |ddm|: 1.204273e-04     Tr[DP]  8.389705e-02
 iter: 166:2        |ddm|: 1.138343e-04     Tr[DP]  8.388122e-02
 iter: 167:1        |ddm|: 1.130982e-04     Tr[DP]  8.389683e-02
 iter: 167:2        |ddm|: 8.159013e-05     Tr[DP]  8.388209e-02
 iter: 168:1        |ddm|: 1.048413e-04     Tr[DP]  8.389613e-02
 iter: 168:2        |ddm|: 7.854829e-05     Tr[DP]  8.388242e-02
 iter: 169:1        |ddm|: 9.751941e-05     Tr[DP]  8.389564e-02
 iter: 169:2        |ddm|: 7.043644e-05     Tr[DP]  8.388295e-02
 iter: 170:1        |ddm|: 8.987814e-05     Tr[DP]  8.389498e-02
 iter: 170:2        |ddm|: 6.913915e-05     Tr[DP]  8.388315e-02
 iter: 171:1        |ddm|: 9.274000e-05     Tr[DP]  8.389542e-02
 iter: 171:2        |ddm|: 6.515128e-05     Tr[DP]  8.388490e-02
 iter: 172:1        |ddm|: 7.655368e-05     Tr[DP]  8.389498e-02
 iter: 172:2        |ddm|: 4.699488e-05     Tr[DP]  8.388567e-02
 iter: 173:1        |ddm|: 9.333672e-05     Tr[DP]  8.389248e-02
 iter: 173:2        |ddm|: 1.428872e-04     Tr[DP]  8.388296e-02
 iter: 174:1        |ddm|: 7.100388e-05     Tr[DP]  8.389276e-02
 iter: 174:2        |ddm|: 6.036660e-05     Tr[DP]  8.388338e-02
 iter: 175:1        |ddm|: 6.937652e-05     Tr[DP]  8.389205e-02
 iter: 175:2        |ddm|: 6.948639e-05     Tr[DP]  8.388292e-02
 iter: 176:1        |ddm|: 6.812250e-05     Tr[DP]  8.389129e-02
 iter: 176:2        |ddm|: 7.368861e-05     Tr[DP]  8.388233e-02
 iter: 177:1        |ddm|: 6.665682e-05     Tr[DP]  8.389069e-02
 iter: 177:2        |ddm|: 6.981977e-05     Tr[DP]  8.388187e-02
 iter: 178:1        |ddm|: 6.409354e-05     Tr[DP]  8.389044e-02
 iter: 178:2        |ddm|: 5.380480e-05     Tr[DP]  8.388198e-02
 iter: 179:1        |ddm|: 6.101450e-05     Tr[DP]  8.389017e-02
 iter: 179:2        |ddm|: 4.663021e-05     Tr[DP]  8.388221e-02
 iter: 180:1        |ddm|: 5.685738e-05     Tr[DP]  8.388985e-02
 iter: 180:2        |ddm|: 4.261780e-05     Tr[DP]  8.388243e-02
 iter: 181:1        |ddm|: 5.273655e-05     Tr[DP]  8.388952e-02
 iter: 181:2        |ddm|: 4.001552e-05     Tr[DP]  8.388260e-02
 iter: 182:1        |ddm|: 4.906184e-05     Tr[DP]  8.388917e-02
 iter: 182:2        |ddm|: 3.838953e-05     Tr[DP]  8.388271e-02
 iter: 183:1        |ddm|: 5.013528e-05     Tr[DP]  8.388938e-02
 iter: 183:2        |ddm|: 3.446190e-05     Tr[DP]  8.388360e-02
 iter: 184:1        |ddm|: 4.187625e-05     Tr[DP]  8.388862e-02
 iter: 184:2        |ddm|: 4.190626e-05     Tr[DP]  8.388319e-02
 iter: 185:1        |ddm|: 3.852628e-05     Tr[DP]  8.388843e-02
 iter: 185:2        |ddm|: 3.141282e-05     Tr[DP]  8.388329e-02
 iter: 186:1        |ddm|: 3.675256e-05     Tr[DP]  8.388821e-02
 iter: 186:2        |ddm|: 2.921649e-05     Tr[DP]  8.388336e-02
 iter: 187:1        |ddm|: 3.456905e-05     Tr[DP]  8.388801e-02
 iter: 187:2        |ddm|: 2.663897e-05     Tr[DP]  8.388347e-02
 iter: 188:1        |ddm|: 3.234345e-05     Tr[DP]  8.388772e-02
 iter: 188:2        |ddm|: 2.775718e-05     Tr[DP]  8.388343e-02
 iter: 189:1        |ddm|: 5.446423e-05     Tr[DP]  8.388634e-02
 iter: 189:2        |ddm|: 8.990858e-05     Tr[DP]  8.388163e-02
 iter: 190:1        |ddm|: 4.116218e-05     Tr[DP]  8.388708e-02
 iter: 190:2        |ddm|: 3.278248e-05     Tr[DP]  8.388256e-02
 iter: 191:1        |ddm|: 3.503491e-05     Tr[DP]  8.388704e-02
 iter: 191:2        |ddm|: 2.188842e-05     Tr[DP]  8.388300e-02
 iter: 192:1        |ddm|: 3.044740e-05     Tr[DP]  8.388699e-02
 iter: 192:2        |ddm|: 1.933756e-05     Tr[DP]  8.388344e-02
 iter: 193:1        |ddm|: 2.507789e-05     Tr[DP]  8.388678e-02
 iter: 193:2        |ddm|: 1.645828e-05     Tr[DP]  8.388359e-02
 iter: 194:1        |ddm|: 2.230612e-05     Tr[DP]  8.388655e-02
 iter: 194:2        |ddm|: 1.798885e-05     Tr[DP]  8.388359e-02
 iter: 195:1        |ddm|: 2.201949e-05     Tr[DP]  8.388622e-02
 iter: 195:2        |ddm|: 2.457683e-05     Tr[DP]  8.388334e-02
 iter: 196:1        |ddm|: 2.097490e-05     Tr[DP]  8.388608e-02
 iter: 196:2        |ddm|: 2.007839e-05     Tr[DP]  8.388328e-02
 iter: 197:1        |ddm|: 2.027729e-05     Tr[DP]  8.388597e-02
 iter: 197:2        |ddm|: 1.719530e-05     Tr[DP]  8.388329e-02
 iter: 198:1        |ddm|: 1.927496e-05     Tr[DP]  8.388587e-02
 iter: 198:2        |ddm|: 1.517956e-05     Tr[DP]  8.388334e-02
 iter: 199:1        |ddm|: 1.865791e-05     Tr[DP]  8.388587e-02
 iter: 199:2        |ddm|: 1.239823e-05     Tr[DP]  8.388356e-02
 iter: 200:1        |ddm|: 1.688726e-05     Tr[DP]  8.388582e-02
 iter: 200:2        |ddm|: 1.081674e-05     Tr[DP]  8.388373e-02
 iter: 201:1        |ddm|: 1.482140e-05     Tr[DP]  8.388573e-02
 iter: 201:2        |ddm|: 9.853653e-06     Tr[DP]  8.388384e-02
 iter: 202:1        |ddm|: 1.326050e-05     Tr[DP]  8.388560e-02
 iter: 202:2        |ddm|: 1.058550e-05     Tr[DP]  8.388384e-02
 iter: 203:1        |ddm|: 1.319063e-05     Tr[DP]  8.388539e-02
 iter: 203:2        |ddm|: 1.513460e-05     Tr[DP]  8.388368e-02
 iter: 204:1        |ddm|: 1.290193e-05     Tr[DP]  8.388526e-02
 iter: 204:2        |ddm|: 1.438453e-05     Tr[DP]  8.388356e-02
 iter: 205:1        |ddm|: 1.296917e-05     Tr[DP]  8.388512e-02
 iter: 205:2        |ddm|: 1.475382e-05     Tr[DP]  8.388343e-02
 iter: 206:1        |ddm|: 1.242547e-05     Tr[DP]  8.388511e-02
 iter: 206:2        |ddm|: 9.695958e-06     Tr[DP]  8.388350e-02
 iter: 207:1        |ddm|: 1.231269e-05     Tr[DP]  8.388514e-02
 iter: 207:2        |ddm|: 8.124695e-06     Tr[DP]  8.388367e-02
 iter: 208:1        |ddm|: 1.104144e-05     Tr[DP]  8.388512e-02
 iter: 208:2        |ddm|: 6.997549e-06     Tr[DP]  8.388382e-02
 iter: 209:1        |ddm|: 9.116917e-06     Tr[DP]  8.388502e-02
 iter: 209:2        |ddm|: 6.784053e-06     Tr[DP]  8.388383e-02
 iter: 210:1        |ddm|: 8.364122e-06     Tr[DP]  8.388493e-02
 iter: 210:2        |ddm|: 7.202700e-06     Tr[DP]  8.388382e-02
 iter: 211:1        |ddm|: 8.370480e-06     Tr[DP]  8.388481e-02
 iter: 211:2        |ddm|: 9.475694e-06     Tr[DP]  8.388372e-02
 iter: 212:1        |ddm|: 8.252956e-06     Tr[DP]  8.388473e-02
 iter: 212:2        |ddm|: 9.205243e-06     Tr[DP]  8.388365e-02
 iter: 213:1        |ddm|: 8.404874e-06     Tr[DP]  8.388463e-02
 iter: 213:2        |ddm|: 9.945126e-06     Tr[DP]  8.388354e-02
 iter: 214:1        |ddm|: 8.235262e-06     Tr[DP]  8.388467e-02
 iter: 214:2        |ddm|: 5.797736e-06     Tr[DP]  8.388365e-02
 iter: 215:1        |ddm|: 8.909370e-06     Tr[DP]  8.388474e-02
 iter: 215:2        |ddm|: 7.116837e-06     Tr[DP]  8.388386e-02
 iter: 216:1        |ddm|: 6.725903e-06     Tr[DP]  8.388470e-02
 iter: 216:2        |ddm|: 4.128040e-06     Tr[DP]  8.388395e-02
 iter: 217:1        |ddm|: 5.448905e-06     Tr[DP]  8.388459e-02
 iter: 217:2        |ddm|: 5.622137e-06     Tr[DP]  8.388389e-02
 iter: 218:1        |ddm|: 5.170955e-06     Tr[DP]  8.388453e-02
 iter: 218:2        |ddm|: 5.642019e-06     Tr[DP]  8.388384e-02
 iter: 219:1        |ddm|: 5.317946e-06     Tr[DP]  8.388446e-02
 iter: 219:2        |ddm|: 6.364414e-06     Tr[DP]  8.388378e-02
 iter: 220:1        |ddm|: 5.385257e-06     Tr[DP]  8.388440e-02
 iter: 220:2        |ddm|: 6.489110e-06     Tr[DP]  8.388371e-02
 iter: 221:1        |ddm|: 5.104596e-06     Tr[DP]  8.388439e-02
 iter: 221:2        |ddm|: 4.234158e-06     Tr[DP]  8.388373e-02
 iter: 222:1        |ddm|: 5.563540e-06     Tr[DP]  8.388444e-02
 iter: 222:2        |ddm|: 4.159083e-06     Tr[DP]  8.388384e-02
 iter: 223:1        |ddm|: 5.263195e-06     Tr[DP]  8.388446e-02
 iter: 223:2        |ddm|: 4.284748e-06     Tr[DP]  8.388397e-02
 iter: 224:1        |ddm|: 3.678274e-06     Tr[DP]  8.388443e-02
 iter: 224:2        |ddm|: 2.087481e-06     Tr[DP]  8.388400e-02
 iter: 225:1        |ddm|: 3.281836e-06     Tr[DP]  8.388435e-02
 iter: 225:2        |ddm|: 4.247574e-06     Tr[DP]  8.388395e-02
 iter: 226:1        |ddm|: 3.892999e-06     Tr[DP]  8.388428e-02
 iter: 226:2        |ddm|: 6.001107e-06     Tr[DP]  8.388385e-02
 iter: 227:1        |ddm|: 3.283433e-06     Tr[DP]  8.388427e-02
 iter: 227:2        |ddm|: 3.540475e-06     Tr[DP]  8.388384e-02
 iter: 228:1        |ddm|: 3.185839e-06     Tr[DP]  8.388426e-02
 iter: 228:2        |ddm|: 2.794068e-06     Tr[DP]  8.388384e-02
 iter: 229:1        |ddm|: 3.087172e-06     Tr[DP]  8.388422e-02
 iter: 229:2        |ddm|: 3.240672e-06     Tr[DP]  8.388382e-02
 iter: 230:1        |ddm|: 2.938494e-06     Tr[DP]  8.388422e-02
 iter: 230:2        |ddm|: 2.353531e-06     Tr[DP]  8.388383e-02
 iter: 231:1        |ddm|: 2.771426e-06     Tr[DP]  8.388420e-02
 iter: 231:2        |ddm|: 2.169573e-06     Tr[DP]  8.388384e-02
 iter: 232:1        |ddm|: 2.595780e-06     Tr[DP]  8.388418e-02
 iter: 232:2        |ddm|: 2.346186e-06     Tr[DP]  8.388383e-02
 iter: 233:1        |ddm|: 2.466536e-06     Tr[DP]  8.388416e-02
 iter: 233:2        |ddm|: 1.909128e-06     Tr[DP]  8.388384e-02
 iter: 234:1        |ddm|: 2.316052e-06     Tr[DP]  8.388415e-02
 iter: 234:2        |ddm|: 1.802686e-06     Tr[DP]  8.388385e-02
 iter: 235:1        |ddm|: 2.168390e-06     Tr[DP]  8.388414e-02
 iter: 235:2        |ddm|: 1.617747e-06     Tr[DP]  8.388385e-02
 iter: 236:1        |ddm|: 2.020828e-06     Tr[DP]  8.388413e-02
 iter: 236:2        |ddm|: 1.477070e-06     Tr[DP]  8.388386e-02
 iter: 237:1        |ddm|: 1.904091e-06     Tr[DP]  8.388412e-02
 iter: 237:2        |ddm|: 1.272165e-06     Tr[DP]  8.388388e-02
 iter: 238:1        |ddm|: 1.705414e-06     Tr[DP]  8.388411e-02
 iter: 238:2        |ddm|: 1.213179e-06     Tr[DP]  8.388389e-02
 iter: 239:1        |ddm|: 1.558348e-06     Tr[DP]  8.388410e-02
 iter: 239:2        |ddm|: 1.185610e-06     Tr[DP]  8.388390e-02
 iter: 240:1        |ddm|: 1.450319e-06     Tr[DP]  8.388409e-02
 iter: 240:2        |ddm|: 1.120123e-06     Tr[DP]  8.388390e-02
 iter: 241:1        |ddm|: 1.366658e-06     Tr[DP]  8.388408e-02
 iter: 241:2        |ddm|: 1.012203e-06     Tr[DP]  8.388391e-02
 iter: 242:1        |ddm|: 1.264443e-06     Tr[DP]  8.388407e-02
 iter: 242:2        |ddm|: 1.094257e-06     Tr[DP]  8.388390e-02
 iter: 243:1        |ddm|: 1.425123e-06     Tr[DP]  8.388408e-02
 iter: 243:2        |ddm|: 1.046467e-06     Tr[DP]  8.388393e-02
 iter: 244:1        |ddm|: 1.215507e-06     Tr[DP]  8.388405e-02
 iter: 244:2        |ddm|: 1.592888e-06     Tr[DP]  8.388390e-02
 iter: 245:1        |ddm|: 1.116782e-06     Tr[DP]  8.388403e-02
 iter: 245:2        |ddm|: 1.126668e-06     Tr[DP]  8.388390e-02
 iter: 246:1        |ddm|: 1.098150e-06     Tr[DP]  8.388403e-02
 iter: 246:2        |ddm|: 1.157424e-06     Tr[DP]  8.388389e-02
 iter: 247:1        |ddm|: 1.062673e-06     Tr[DP]  8.388402e-02
 iter: 247:2        |ddm|: 1.039592e-06     Tr[DP]  8.388388e-02
 iter: 248:1        |ddm|: 1.018378e-06     Tr[DP]  8.388402e-02
 iter: 248:2        |ddm|: 8.422173e-07     Tr[DP]  8.388389e-02
 iter: 249:1        |ddm|: 9.627644e-07     Tr[DP]  8.388401e-02
 iter: 249:2        |ddm|: 7.364607e-07     Tr[DP]  8.388389e-02
 iter: 250:1        |ddm|: 8.980099e-07     Tr[DP]  8.388401e-02
 iter: 250:2        |ddm|: 8.502492e-07     Tr[DP]  8.388389e-02
 iter: 251:1        |ddm|: 8.500321e-07     Tr[DP]  8.388400e-02
 iter: 251:2        |ddm|: 7.242885e-07     Tr[DP]  8.388389e-02
 iter: 252:1        |ddm|: 8.134990e-07     Tr[DP]  8.388400e-02
 iter: 252:2        |ddm|: 6.339182e-07     Tr[DP]  8.388389e-02
 iter: 253:1        |ddm|: 7.619362e-07     Tr[DP]  8.388399e-02
 iter: 253:2        |ddm|: 5.751398e-07     Tr[DP]  8.388389e-02
 iter: 254:1        |ddm|: 7.073058e-07     Tr[DP]  8.388399e-02
 iter: 254:2        |ddm|: 5.508922e-07     Tr[DP]  8.388389e-02
 iter: 255:1        |ddm|: 6.628195e-07     Tr[DP]  8.388398e-02
 iter: 255:2        |ddm|: 4.936823e-07     Tr[DP]  8.388390e-02
 iter: 256:1        |ddm|: 6.550809e-07     Tr[DP]  8.388398e-02
 iter: 256:2        |ddm|: 4.320506e-07     Tr[DP]  8.388391e-02
 iter: 257:1        |ddm|: 5.508327e-07     Tr[DP]  8.388398e-02
 iter: 257:2        |ddm|: 4.635006e-07     Tr[DP]  8.388390e-02
 iter: 258:1        |ddm|: 5.101029e-07     Tr[DP]  8.388397e-02
 iter: 258:2        |ddm|: 4.003146e-07     Tr[DP]  8.388391e-02
 iter: 259:1        |ddm|: 4.818587e-07     Tr[DP]  8.388397e-02
 iter: 259:2        |ddm|: 3.757798e-07     Tr[DP]  8.388391e-02
 iter: 260:1        |ddm|: 4.515186e-07     Tr[DP]  8.388397e-02
 iter: 260:2        |ddm|: 3.566574e-07     Tr[DP]  8.388391e-02
 iter: 261:1        |ddm|: 4.242757e-07     Tr[DP]  8.388396e-02
 iter: 261:2        |ddm|: 3.582424e-07     Tr[DP]  8.388391e-02
 iter: 262:1        |ddm|: 6.046907e-07     Tr[DP]  8.388395e-02
 iter: 262:2        |ddm|: 9.441346e-07     Tr[DP]  8.388389e-02
 iter: 263:1        |ddm|: 5.321194e-07     Tr[DP]  8.388396e-02
 iter: 263:2        |ddm|: 4.536987e-07     Tr[DP]  8.388390e-02
 iter: 264:1        |ddm|: 4.029367e-07     Tr[DP]  8.388395e-02
 iter: 264:2        |ddm|: 2.999220e-07     Tr[DP]  8.388390e-02
 iter: 265:1        |ddm|: 3.621618e-07     Tr[DP]  8.388395e-02
 iter: 265:2        |ddm|: 2.795075e-07     Tr[DP]  8.388390e-02
 iter: 266:1        |ddm|: 3.389232e-07     Tr[DP]  8.388395e-02
 iter: 266:2        |ddm|: 2.612398e-07     Tr[DP]  8.388391e-02
 iter: 267:1        |ddm|: 3.173749e-07     Tr[DP]  8.388395e-02
 iter: 267:2        |ddm|: 2.419909e-07     Tr[DP]  8.388391e-02
 iter: 268:1        |ddm|: 2.969701e-07     Tr[DP]  8.388395e-02
 iter: 268:2        |ddm|: 2.206990e-07     Tr[DP]  8.388391e-02
 iter: 269:1        |ddm|: 2.815659e-07     Tr[DP]  8.388394e-02
 iter: 269:2        |ddm|: 2.737914e-07     Tr[DP]  8.388391e-02
 iter: 270:1        |ddm|: 2.566344e-07     Tr[DP]  8.388394e-02
 iter: 270:2        |ddm|: 2.066974e-07     Tr[DP]  8.388391e-02
 iter: 271:1        |ddm|: 2.479026e-07     Tr[DP]  8.388394e-02
 iter: 271:2        |ddm|: 2.001176e-07     Tr[DP]  8.388391e-02
 iter: 272:1        |ddm|: 2.343180e-07     Tr[DP]  8.388394e-02
 iter: 272:2        |ddm|: 1.867365e-07     Tr[DP]  8.388391e-02
 iter: 273:1        |ddm|: 2.202445e-07     Tr[DP]  8.388394e-02
 iter: 273:2        |ddm|: 1.720293e-07     Tr[DP]  8.388391e-02
 iter: 274:1        |ddm|: 2.066648e-07     Tr[DP]  8.388394e-02
 iter: 274:2        |ddm|: 1.571344e-07     Tr[DP]  8.388391e-02
 iter: 275:1        |ddm|: 1.934464e-07     Tr[DP]  8.388394e-02
 iter: 275:2        |ddm|: 1.435758e-07     Tr[DP]  8.388391e-02
 iter: 276:1        |ddm|: 1.799071e-07     Tr[DP]  8.388393e-02
 iter: 276:2        |ddm|: 1.739373e-07     Tr[DP]  8.388391e-02
 iter: 277:1        |ddm|: 1.681232e-07     Tr[DP]  8.388393e-02
 iter: 277:2        |ddm|: 1.456929e-07     Tr[DP]  8.388391e-02
 iter: 278:1        |ddm|: 1.631539e-07     Tr[DP]  8.388393e-02
 iter: 278:2        |ddm|: 1.346449e-07     Tr[DP]  8.388391e-02
 iter: 279:1        |ddm|: 1.549344e-07     Tr[DP]  8.388393e-02
 iter: 279:2        |ddm|: 1.245536e-07     Tr[DP]  8.388391e-02
 iter: 280:1        |ddm|: 1.458502e-07     Tr[DP]  8.388393e-02
 iter: 280:2        |ddm|: 1.138742e-07     Tr[DP]  8.388391e-02
 iter: 281:1        |ddm|: 1.370564e-07     Tr[DP]  8.388393e-02
 iter: 281:2        |ddm|: 1.028250e-07     Tr[DP]  8.388391e-02
 iter: 282:1        |ddm|: 1.273502e-07     Tr[DP]  8.388393e-02
 iter: 282:2        |ddm|: 9.648978e-08     Tr[DP]  8.388391e-02
 iter: 283:1        |ddm|: 1.180652e-07     Tr[DP]  8.388393e-02
 iter: 283:2        |ddm|: 1.115710e-07     Tr[DP]  8.388391e-02
 iter: 284:1        |ddm|: 1.113108e-07     Tr[DP]  8.388393e-02
 iter: 284:2        |ddm|: 9.887097e-08     Tr[DP]  8.388391e-02
 iter: 285:1        |ddm|: 1.075638e-07     Tr[DP]  8.388392e-02
 iter: 285:2        |ddm|: 8.875406e-08     Tr[DP]  8.388391e-02
 iter: 286:1        |ddm|: 1.021773e-07     Tr[DP]  8.388392e-02
 iter: 286:2        |ddm|: 8.225546e-08     Tr[DP]  8.388391e-02
 iter: 287:1        |ddm|: 9.722159e-08     Tr[DP]  8.388392e-02
 iter: 287:2        |ddm|: 7.609830e-08     Tr[DP]  8.388391e-02
 iter: 288:1        |ddm|: 8.862907e-08     Tr[DP]  8.388392e-02
 iter: 288:2        |ddm|: 6.889389e-08     Tr[DP]  8.388391e-02
 iter: 289:1        |ddm|: 8.310491e-08     Tr[DP]  8.388392e-02
 iter: 289:2        |ddm|: 6.617171e-08     Tr[DP]  8.388391e-02
 iter: 290:1        |ddm|: 7.869746e-08     Tr[DP]  8.388392e-02
 iter: 290:2        |ddm|: 6.526347e-08     Tr[DP]  8.388391e-02
 iter: 291:1        |ddm|: 7.416917e-08     Tr[DP]  8.388392e-02
 iter: 291:2        |ddm|: 6.065574e-08     Tr[DP]  8.388391e-02
 iter: 292:1        |ddm|: 6.996356e-08     Tr[DP]  8.388392e-02
 iter: 292:2        |ddm|: 5.659982e-08     Tr[DP]  8.388391e-02
 iter: 293:1        |ddm|: 6.596126e-08     Tr[DP]  8.388392e-02
 iter: 293:2        |ddm|: 5.308906e-08     Tr[DP]  8.388391e-02
 iter: 294:1        |ddm|: 6.213859e-08     Tr[DP]  8.388392e-02
 iter: 294:2        |ddm|: 5.067476e-08     Tr[DP]  8.388391e-02
 iter: 295:1        |ddm|: 5.848779e-08     Tr[DP]  8.388392e-02
 iter: 295:2        |ddm|: 4.746548e-08     Tr[DP]  8.388391e-02
 iter: 296:1        |ddm|: 5.516001e-08     Tr[DP]  8.388392e-02
 iter: 296:2        |ddm|: 4.460623e-08     Tr[DP]  8.388391e-02
 iter: 297:1        |ddm|: 5.208312e-08     Tr[DP]  8.388392e-02
 iter: 297:2        |ddm|: 4.242329e-08     Tr[DP]  8.388391e-02
 iter: 298:1        |ddm|: 4.912230e-08     Tr[DP]  8.388392e-02
 iter: 298:2        |ddm|: 4.003062e-08     Tr[DP]  8.388391e-02
 iter: 299:1        |ddm|: 4.632908e-08     Tr[DP]  8.388392e-02
 iter: 299:2        |ddm|: 3.772470e-08     Tr[DP]  8.388391e-02
 iter: 300:1        |ddm|: 4.370009e-08     Tr[DP]  8.388392e-02
 iter: 300:2        |ddm|: 3.552465e-08     Tr[DP]  8.388391e-02
                         Freeze-and-Thaw NOT converged!                         

=================== Subsystem 1 at higher mean-field method ====================
  subiter:   1      |ddm|: 3.377659e-01
  subiter:   2      |ddm|: 6.798901e-02
  subiter:   3      |ddm|: 1.378892e-02
  subiter:   4      |ddm|: 6.905405e-03
  subiter:   5      |ddm|: 1.397823e-03
  subiter:   6      |ddm|: 5.712628e-04
  subiter:   7      |ddm|: 8.865677e-05
  subiter:   8      |ddm|: 3.419797e-05
  subiter:   9      |ddm|: 9.106632e-06
  subiter:  10      |ddm|: 3.826658e-06
  subiter:  11      |ddm|: 3.548881e-07
  subiter:  12      |ddm|: 2.726473e-08
  subiter:  13      |ddm|: 1.485197e-08
  subiter:  14      |ddm|: 1.558471e-08
  subiter:  15      |ddm|: 1.858728e-09


******** <class 'pyscf.scf.hf.RHF'> flags ********
method = RHF
initial guess = minao
damping factor = 0
level shift factor = 0
DIIS = <class 'pyscf.scf.diis.CDIIS'>
DIIS start cycle = 1
DIIS space = 8
SCF tol = 1e-09
SCF gradient tol = None
max. SCF cycles = 100
direct_scf = True
direct_scf_tol = 1e-13
chkfile to save SCF result = /panfs/roc/scratch/graha682/D75/201711_ccpVDZ_NEVPT2_m06_75_4c12h24/tmpd9PCMZ
max_memory 4000 MB (current use 668 MB)
Set gradient conv threshold to 3.16228e-05
init E= -164.012726754706
  HOMO = -0.461131064510584  LUMO = 0.179295633757622
cycle= 1 E= -164.012726754705  delta_E= 1.31e-12  |g|= 9.09e-10  |ddm|= 5.7e-09
  HOMO = -0.461131064508156  LUMO = 0.179295633744204
Extra cycle  E= -164.012726754703  delta_E= 1.76e-12  |g|= 3.45e-10  |ddm|= 1.73e-09
converged SCF energy = -164.012726754703


******** <class 'pyscf.dft.rks.RKS'> flags ********
method = RKS
initial guess = atom
damping factor = 0
level shift factor = 0.0
DIIS = <class 'pyscf.scf.diis.CDIIS'>
DIIS start cycle = 1
DIIS space = 8
SCF tol = 1e-08
SCF gradient tol = 1e-08
max. SCF cycles = 1
direct_scf = True
direct_scf_tol = 1e-13
chkfile to save SCF result = /panfs/roc/scratch/graha682/D75/201711_ccpVDZ_NEVPT2_m06_75_4c12h24/tmpKtCPPm
max_memory 4000 MB (current use 669 MB)
XC functionals = m06
small_rho_cutoff = 1e-20
radial grids: Treutler-Ahlrichs (JCP 102, 346 (M4)) radial grids
becke partition: Becke, JCP, 88, 2547 (1988)
pruning grids: <function nwchem_prune at 0x17435f0>
grids dens level: 4
symmetrized grids: False
atomic radii adjust function: <function treutler_atomic_radii_adjust at 0x1743488>
init E= -164.962994523427
  HOMO = -0.332825572137572  LUMO = 0.0669472230911868
cycle= 1 E= -164.962994523426  delta_E= 2.27e-13  |g|= 6.88e-09  |ddm|= 4.12e-08
  HOMO = -0.332825572360064  LUMO = 0.0669472228215303
Extra cycle  E= -164.962994523427  delta_E= -2.84e-13  |g|= 3.21e-09  |ddm|= 1.29e-08
converged SCF energy = -164.962994523427
 iter: 301:1        |ddm|: 3.925970e-01     Tr[DP]  8.985988e-02

******** <class 'pyscf.mcscf.mc1step.CASSCF'> flags ********
CAS (1e+1e, 2o), ncore = 15, nvir = 74
max_cycle_macro = 50
max_cycle_micro = 4
conv_tol = 1e-07
conv_tol_grad = None
orbital rotation max_stepsize = 0.02
augmented hessian ah_max_cycle = 30
augmented hessian ah_conv_tol = 1e-12
augmented hessian ah_linear dependence = 1e-14
augmented hessian ah_level shift = 0
augmented hessian ah_start_tol = 2.5
augmented hessian ah_start_cycle = 3
augmented hessian ah_grad_trust_region = 3
kf_trust_region = 3
kf_interval = 4
ci_response_space = 4
ci_grad_trust_region = 3
with_dep4 0
natorb = False
canonicalization = True
sorting_mo_energy = False
chkfile = /panfs/roc/scratch/graha682/D75/201711_ccpVDZ_NEVPT2_m06_75_4c12h24/tmpd9PCMZ
max_memory 4000 MB (current use 670 MB)
internal_rotation = False
******** <class 'pyscf.fci.direct_spin1.FCISolver'> flags ********
max. cycles = 50
conv_tol = 1e-08
davidson only = False
linear dependence = 1e-10
level shift = 0.001
max iter space = 12
max_memory 4000 MB
nroots = 1
pspace_size = 400
spin = None
CASCI E = -164.012744244398  S^2 = 0.0000000
Set conv_tol_grad to 0.000316228
macro iter 1 (6 JK  1 micro), CASSCF E = -164.012745488853  dE = -1.2444553e-06  S^2 = 0.0000000
               |grad[o]|=8.52e-05  |grad[c]|= 0.000134717081176  |ddm|=6.14e-06
macro iter 2 (6 JK  1 micro), CASSCF E = -164.012751171998  dE = -5.6831455e-06  S^2 = 0.0000000
               |grad[o]|=8.73e-05  |grad[c]|= 0.000616965409835  |ddm|=0.000262
macro iter 3 (12 JK  3 micro), CASSCF E = -164.012824060591  dE = -7.2888592e-05  S^2 = 0.0000000
               |grad[o]|=0.00011  |grad[c]|= 0.00253114019253  |ddm|=0.00725
macro iter 4 (7 JK  2 micro), CASSCF E = -164.013100382522  dE = -0.00027632193  S^2 = 0.0000000
               |grad[o]|=0.000446  |grad[c]|= 0.00435332162723  |ddm|=0.00342
macro iter 5 (7 JK  2 micro), CASSCF E = -164.013887707026  dE = -0.0007873245  S^2 = 0.0000000
               |grad[o]|=0.00146  |grad[c]|= 0.00548912653359  |ddm|=0.00361
macro iter 6 (21 JK  4 micro), CASSCF E = -164.020992608995  dE = -0.007104902  S^2 = 0.0000000
               |grad[o]|=0.00359  |grad[c]|= 0.0501869775004  |ddm|=0.0245
macro iter 7 (21 JK  4 micro), CASSCF E = -164.02852083795  dE = -0.007528229  S^2 = 0.0000000
               |grad[o]|=0.0168  |grad[c]|= 0.0202642810383  |ddm|=0.0118
macro iter 8 (15 JK  4 micro), CASSCF E = -164.028866432675  dE = -0.00034559473  S^2 = 0.0000000
               |grad[o]|=0.0087  |grad[c]|= 0.0049468067607  |ddm|=0.0018
macro iter 9 (9 JK  3 micro), CASSCF E = -164.028879671106  dE = -1.323843e-05  S^2 = 0.0000000
               |grad[o]|=0.00135  |grad[c]|= 0.000237853970117  |ddm|=0.000477
macro iter 10 (3 JK  1 micro), CASSCF E = -164.028879734756  dE = -6.365056e-08  S^2 = 0.0000000
               |grad[o]|=8.45e-05  |grad[c]|= 2.91008339852e-05  |ddm|=3.05e-05
1-step CASSCF converged in 10 macro (107 JK 25 micro) steps
CASSCF canonicalization
CASSCF energy = -164.028879734756
Hartree-Fock Energy:  -164.01272675470318
CAS Correlation:       -0.01615298005294
CAS Energy:          -164.02887973475612
Sr    (-1)',   E = 0.00000000004077
Si    (+1)',   E = -0.00000000002065
Sijrs (0)  ,   E = -0.45471915569061
Sijr  (+1) ,   E = -0.00443145392796
Srsi  (-1) ,   E = -0.02590157276394
Srs   (-2) ,   E = -0.00943310145261
Sij   (+2) ,   E = -0.00023409206281
Sir   (0)' ,   E = -0.01532178302120
Nevpt2 Energy = -0.510041158899012
NEVPT2 =   -0.510041158899012
Total NEVPT2 = -164.538920893655131

============================== Supermolecular DFT ==============================
  subiter:   1      |ddm|: 4.249300e+00
  subiter:   2      |ddm|: 4.782706e-01
  subiter:   3      |ddm|: 2.383808e-01
  subiter:   4      |ddm|: 4.672656e-02
  subiter:   5      |ddm|: 1.167692e-02
  subiter:   6      |ddm|: 3.496473e-03
  subiter:   7      |ddm|: 8.628280e-04
  subiter:   8      |ddm|: 3.611401e-04
  subiter:   9      |ddm|: 1.646325e-04
  subiter:  10      |ddm|: 3.486695e-05
  subiter:  11      |ddm|: 1.472369e-05
  subiter:  12      |ddm|: 4.651814e-06
  subiter:  13      |ddm|: 1.686237e-06
  subiter:  14      |ddm|: 7.759245e-07
  subiter:  15      |ddm|: 3.632829e-07
  subiter:  16      |ddm|: 1.298444e-07
  subiter:  17      |ddm|: 1.108288e-08
  subiter:  18      |ddm|: 2.276071e-08
  subiter:  19      |ddm|: 7.542850e-09


******** <class 'pyscf.dft.rks.RKS'> flags ********
method = RKS
initial guess = atom
damping factor = 0
level shift factor = 0.0
DIIS = <class 'pyscf.scf.diis.CDIIS'>
DIIS start cycle = 1
DIIS space = 8
SCF tol = 1e-08
SCF gradient tol = 1e-08
max. SCF cycles = 100
direct_scf = True
direct_scf_tol = 1e-13
chkfile to save SCF result = /panfs/roc/scratch/graha682/D75/201711_ccpVDZ_NEVPT2_m06_75_4c12h24/tmpaw4_Ww
max_memory 4000 MB (current use 673 MB)
XC functionals = m06
small_rho_cutoff = 1e-20
radial grids: Treutler-Ahlrichs (JCP 102, 346 (M4)) radial grids
becke partition: Becke, JCP, 88, 2547 (1988)
pruning grids: <function nwchem_prune at 0x17435f0>
grids dens level: 4
symmetrized grids: False
atomic radii adjust function: <function treutler_atomic_radii_adjust at 0x1743488>
init E= -471.264237748679
  HOMO = -0.239264213458175  LUMO = -0.0219873687640201
cycle= 1 E= -471.264237748679  delta_E= 6.82e-13  |g|= 4.4e-09  |ddm|= 7.93e-09
  HOMO = -0.239264213629321  LUMO = -0.021987368892166
Extra cycle  E= -471.26423774868  delta_E= -9.09e-13  |g|= 6.08e-09  |ddm|= 9.15e-09
converged SCF energy = -471.26423774868
Supermolecular DFT   -471.26423774867976

============================== Embedding Energies ==============================
Subsystem DFT              -164.96299452342669
Interaction                -305.82021316629994
DFT-in-DFT                 -470.78320768972662
Supermolecular DFT         -471.26423774867976
Difference                   -0.48103005895314
Corrected DFT-in-DFT       -471.26423774867976
WF-in-DFT                  -470.35913405995507
Corrected WF-in-DFT        -470.84016411890821
================================================================================
TIMING STATISTICS:
     overlap integrals      0.02s   ( 0.00%)
    initial subsystems      0.93s   ( 0.01%)
           2e matrices   6912.37s   (92.23%)
      tot. embed. of 1   6932.38s   (92.50%)
      tot. embed. of 2      2.31s   ( 0.03%)
       freeze and thaw   6934.71s   (92.53%)
                   cas      2.43s   ( 0.03%)
                nevpt2      0.10s   ( 0.00%)
  interaction energies    549.72s   ( 7.33%)
                 TOTAL   7494.79s
================================================================================

********************************************************************************
*                              END OF CALCULATION                              *
********************************************************************************
