********************************************************************************
*                         FREEZE-AND-THAW CALCULATION                          *
********************************************************************************

================================== Input File ==================================
subsystem
C         -6.79451       -0.46150        0.04720
C         -5.54884        0.39559        0.15565
H         -7.71729        0.12529        0.17660
H         -6.79859       -1.25773        0.81104
H         -6.85283       -0.95757       -0.93666
C         -4.26399       -0.39470       -0.02109
H         -5.52628        0.90825        1.13643
H         -5.58096        1.20702       -0.59655
C         -3.00730        0.44925        0.08565
H         -4.28040       -0.90833       -1.00342
H         -4.22631       -1.20826        0.73108
C         -1.72354       -0.34057       -0.09184
H         -2.99073        0.96198        1.06825
H         -3.04549        1.26289       -0.66616
C         -0.46706        0.50379        0.01598
H         -1.73934       -0.85274       -1.07471
H         -1.68529       -1.15458        0.65948
C          0.81649       -0.28627       -0.16217
H         -0.45069        1.01545        0.99908
H         -0.50531        1.31816       -0.73498
charge -1
end

subsystem
C          2.07272        0.55840       -0.05363
H          0.80054       -0.79758       -1.14544
H          0.85484       -1.10064        0.58856
C          3.35433       -0.23456       -0.23162
H          2.08941        1.06913        0.92982
H          2.03555        1.37288       -0.80442
C          4.61254        0.61763       -0.11172
H          3.34301       -0.73973       -1.21773
H          3.39840       -1.05080        0.51516
C          5.84905       -0.19422       -0.31802
H          4.64074        1.09951        0.88397
H          4.55180        1.44073       -0.85104
C          6.70271       -0.55599        0.63981
H          7.45032       -1.33945        0.48329
H          6.68602       -0.07733        1.62695
H          5.93326       -0.67759       -1.30383
charge +1
end

embed
 huzinaga
 cycles 300
 conv 1e-8
 method m06
end

basis cc-pVTZ
method cas[2,2]/nevpt2
grid 4
conv 1e-8
grad 1e-8
maxiter 100
================================== End Input ===================================
tot grids = 725328

                      Getting subsystem overlap integrals                       

                          Initial subsystem densities                           
Guessing initial subsystem densities
Initial guess from superpostion of atomic densties.
Guessing initial subsystem densities
Initial guess from superpostion of atomic densties.

=========================== Starting Freeze-and-Thaw ===========================
 iter:   1:1        |ddm|: 2.061700e+01     Tr[DP]  8.311643e-01
 iter:   1:2        |ddm|: 3.236727e+00     Tr[DP]  3.664665e-01
 iter:   2:1        |ddm|: 4.364820e+01     Tr[DP]  2.528214e-01
 iter:   2:2        |ddm|: 2.497623e+00     Tr[DP]  2.016286e-01
 iter:   3:1        |ddm|: 4.417475e+01     Tr[DP]  2.042030e-01
 iter:   3:2        |ddm|: 1.679822e+00     Tr[DP]  2.067557e-01
 iter:   4:1        |ddm|: 3.515495e+00     Tr[DP]  1.860510e-01
 iter:   4:2        |ddm|: 5.365019e-01     Tr[DP]  1.672312e-01
 iter:   5:1        |ddm|: 1.881921e+00     Tr[DP]  1.910260e-01
 iter:   5:2        |ddm|: 3.139779e-01     Tr[DP]  1.550142e-01
 iter:   6:1        |ddm|: 1.428209e+00     Tr[DP]  1.933228e-01
 iter:   6:2        |ddm|: 2.733271e-01     Tr[DP]  1.495270e-01
 iter:   7:1        |ddm|: 1.173147e+00     Tr[DP]  1.879606e-01
 iter:   7:2        |ddm|: 1.662418e-01     Tr[DP]  1.449231e-01
 iter:   8:1        |ddm|: 9.140507e-01     Tr[DP]  1.797039e-01
 iter:   8:2        |ddm|: 1.170899e-01     Tr[DP]  1.435728e-01
 iter:   9:1        |ddm|: 6.754355e-01     Tr[DP]  1.710111e-01
 iter:   9:2        |ddm|: 8.686553e-02     Tr[DP]  1.414871e-01
 iter:  10:1        |ddm|: 4.661897e-01     Tr[DP]  1.640554e-01
 iter:  10:2        |ddm|: 7.030583e-02     Tr[DP]  1.378867e-01
 iter:  11:1        |ddm|: 3.535648e-01     Tr[DP]  1.581668e-01
 iter:  11:2        |ddm|: 5.803942e-02     Tr[DP]  1.395906e-01
 iter:  12:1        |ddm|: 2.831118e-01     Tr[DP]  1.532633e-01
 iter:  12:2        |ddm|: 5.043861e-02     Tr[DP]  1.390695e-01
 iter:  13:1        |ddm|: 2.702483e-01     Tr[DP]  1.497799e-01
 iter:  13:2        |ddm|: 6.108728e-02     Tr[DP]  1.403333e-01
 iter:  14:1        |ddm|: 2.294780e-01     Tr[DP]  1.464796e-01
 iter:  14:2        |ddm|: 4.305390e-02     Tr[DP]  1.366311e-01
 iter:  15:1        |ddm|: 1.518907e-01     Tr[DP]  1.432914e-01
 iter:  15:2        |ddm|: 3.081734e-02     Tr[DP]  1.352670e-01
 iter:  16:1        |ddm|: 1.179055e-01     Tr[DP]  1.408476e-01
 iter:  16:2        |ddm|: 2.531102e-02     Tr[DP]  1.343582e-01
 iter:  17:1        |ddm|: 9.469529e-02     Tr[DP]  1.389716e-01
 iter:  17:2        |ddm|: 2.217587e-02     Tr[DP]  1.336011e-01
 iter:  18:1        |ddm|: 7.303688e-02     Tr[DP]  1.374567e-01
 iter:  18:2        |ddm|: 1.940119e-02     Tr[DP]  1.332194e-01
 iter:  19:1        |ddm|: 6.228820e-02     Tr[DP]  1.362270e-01
 iter:  19:2        |ddm|: 1.839642e-02     Tr[DP]  1.327140e-01
 iter:  20:1        |ddm|: 5.069832e-02     Tr[DP]  1.352789e-01
 iter:  20:2        |ddm|: 1.624298e-02     Tr[DP]  1.323719e-01
 iter:  21:1        |ddm|: 4.378063e-02     Tr[DP]  1.344883e-01
 iter:  21:2        |ddm|: 1.681692e-02     Tr[DP]  1.320672e-01
 iter:  22:1        |ddm|: 3.983097e-02     Tr[DP]  1.338654e-01
 iter:  22:2        |ddm|: 1.537852e-02     Tr[DP]  1.316673e-01
 iter:  23:1        |ddm|: 3.551262e-02     Tr[DP]  1.333145e-01
 iter:  23:2        |ddm|: 1.513859e-02     Tr[DP]  1.312994e-01
 iter:  24:1        |ddm|: 3.063660e-02     Tr[DP]  1.328199e-01
 iter:  24:2        |ddm|: 1.432071e-02     Tr[DP]  1.310453e-01
 iter:  25:1        |ddm|: 3.240665e-02     Tr[DP]  1.322980e-01
 iter:  25:2        |ddm|: 1.353710e-02     Tr[DP]  1.307155e-01
 iter:  26:1        |ddm|: 3.102581e-02     Tr[DP]  1.318954e-01
 iter:  26:2        |ddm|: 1.435925e-02     Tr[DP]  1.301123e-01
 iter:  27:1        |ddm|: 3.106486e-02     Tr[DP]  1.316836e-01
 iter:  27:2        |ddm|: 1.750191e-02     Tr[DP]  1.303631e-01
 iter:  28:1        |ddm|: 2.782577e-02     Tr[DP]  1.314945e-01
 iter:  28:2        |ddm|: 1.888498e-02     Tr[DP]  1.302076e-01
 iter:  29:1        |ddm|: 3.549359e-02     Tr[DP]  1.313863e-01
 iter:  29:2        |ddm|: 2.549119e-02     Tr[DP]  1.302609e-01
 iter:  30:1        |ddm|: 3.907466e-02     Tr[DP]  1.310611e-01
 iter:  30:2        |ddm|: 1.682214e-02     Tr[DP]  1.294529e-01
 iter:  31:1        |ddm|: 2.989763e-02     Tr[DP]  1.307115e-01
 iter:  31:2        |ddm|: 1.559905e-02     Tr[DP]  1.289696e-01
 iter:  32:1        |ddm|: 2.850614e-02     Tr[DP]  1.302895e-01
 iter:  32:2        |ddm|: 1.443483e-02     Tr[DP]  1.285002e-01
 iter:  33:1        |ddm|: 2.526539e-02     Tr[DP]  1.299215e-01
 iter:  33:2        |ddm|: 1.405625e-02     Tr[DP]  1.281528e-01
 iter:  34:1        |ddm|: 2.411233e-02     Tr[DP]  1.295821e-01
 iter:  34:2        |ddm|: 1.382424e-02     Tr[DP]  1.278310e-01
 iter:  35:1        |ddm|: 2.346739e-02     Tr[DP]  1.293525e-01
 iter:  35:2        |ddm|: 1.669763e-02     Tr[DP]  1.277300e-01
 iter:  36:1        |ddm|: 3.400007e-02     Tr[DP]  1.289176e-01
 iter:  36:2        |ddm|: 1.459783e-02     Tr[DP]  1.270299e-01
 iter:  37:1        |ddm|: 2.059124e-02     Tr[DP]  1.286057e-01
 iter:  37:2        |ddm|: 1.277059e-02     Tr[DP]  1.268419e-01
 iter:  38:1        |ddm|: 2.101860e-02     Tr[DP]  1.283187e-01
 iter:  38:2        |ddm|: 1.265756e-02     Tr[DP]  1.265647e-01
 iter:  39:1        |ddm|: 2.083760e-02     Tr[DP]  1.280243e-01
 iter:  39:2        |ddm|: 1.241348e-02     Tr[DP]  1.262702e-01
 iter:  40:1        |ddm|: 1.971376e-02     Tr[DP]  1.277494e-01
 iter:  40:2        |ddm|: 1.227159e-02     Tr[DP]  1.260122e-01
 iter:  41:1        |ddm|: 1.889275e-02     Tr[DP]  1.274996e-01
 iter:  41:2        |ddm|: 1.236021e-02     Tr[DP]  1.257795e-01
 iter:  42:1        |ddm|: 1.932528e-02     Tr[DP]  1.272428e-01
 iter:  42:2        |ddm|: 1.222134e-02     Tr[DP]  1.255076e-01
 iter:  43:1        |ddm|: 1.893873e-02     Tr[DP]  1.269810e-01
 iter:  43:2        |ddm|: 1.204445e-02     Tr[DP]  1.252402e-01
 iter:  44:1        |ddm|: 1.872714e-02     Tr[DP]  1.267186e-01
 iter:  44:2        |ddm|: 1.182704e-02     Tr[DP]  1.249720e-01
 iter:  45:1        |ddm|: 1.787295e-02     Tr[DP]  1.264722e-01
 iter:  45:2        |ddm|: 1.183409e-02     Tr[DP]  1.247382e-01
 iter:  46:1        |ddm|: 1.790494e-02     Tr[DP]  1.262226e-01
 iter:  46:2        |ddm|: 1.173969e-02     Tr[DP]  1.244880e-01
 iter:  47:1        |ddm|: 1.805374e-02     Tr[DP]  1.259724e-01
 iter:  47:2        |ddm|: 1.152639e-02     Tr[DP]  1.242242e-01
 iter:  48:1        |ddm|: 1.740147e-02     Tr[DP]  1.257282e-01
 iter:  48:2        |ddm|: 1.142625e-02     Tr[DP]  1.239786e-01
 iter:  49:1        |ddm|: 1.690219e-02     Tr[DP]  1.254952e-01
 iter:  49:2        |ddm|: 1.155505e-02     Tr[DP]  1.237483e-01
 iter:  50:1        |ddm|: 1.705352e-02     Tr[DP]  1.252498e-01
 iter:  50:2        |ddm|: 1.144668e-02     Tr[DP]  1.235016e-01
 iter:  51:1        |ddm|: 1.738902e-02     Tr[DP]  1.250049e-01
 iter:  51:2        |ddm|: 1.119536e-02     Tr[DP]  1.232396e-01
 iter:  52:1        |ddm|: 1.781343e-02     Tr[DP]  1.247433e-01
 iter:  52:2        |ddm|: 1.102595e-02     Tr[DP]  1.229688e-01
 iter:  53:1        |ddm|: 1.916222e-02     Tr[DP]  1.244460e-01
 iter:  53:2        |ddm|: 1.030504e-02     Tr[DP]  1.226578e-01
 iter:  54:1        |ddm|: 1.580272e-02     Tr[DP]  1.242791e-01
 iter:  54:2        |ddm|: 1.243627e-02     Tr[DP]  1.226225e-01
 iter:  55:1        |ddm|: 1.779525e-02     Tr[DP]  1.240610e-01
 iter:  55:2        |ddm|: 1.141221e-02     Tr[DP]  1.222885e-01
 iter:  56:1        |ddm|: 1.900997e-02     Tr[DP]  1.239811e-01
 iter:  56:2        |ddm|: 1.728016e-02     Tr[DP]  1.222437e-01
 iter:  57:1        |ddm|: 1.798459e-02     Tr[DP]  1.237538e-01
 iter:  57:2        |ddm|: 1.288057e-02     Tr[DP]  1.218989e-01
 iter:  58:1        |ddm|: 1.916363e-02     Tr[DP]  1.235729e-01
 iter:  58:2        |ddm|: 1.802343e-02     Tr[DP]  1.217187e-01
 iter:  59:1        |ddm|: 2.489742e-02     Tr[DP]  1.232066e-01
 iter:  59:2        |ddm|: 1.281083e-02     Tr[DP]  1.211310e-01
 iter:  60:1        |ddm|: 2.009615e-02     Tr[DP]  1.228472e-01
 iter:  60:2        |ddm|: 1.160986e-02     Tr[DP]  1.207470e-01
 iter:  61:1        |ddm|: 1.933788e-02     Tr[DP]  1.224987e-01
 iter:  61:2        |ddm|: 1.125074e-02     Tr[DP]  1.204101e-01
 iter:  62:1        |ddm|: 1.873532e-02     Tr[DP]  1.221759e-01
 iter:  62:2        |ddm|: 1.087264e-02     Tr[DP]  1.201014e-01
 iter:  63:1        |ddm|: 1.838337e-02     Tr[DP]  1.218590e-01
 iter:  63:2        |ddm|: 1.060554e-02     Tr[DP]  1.198075e-01
 iter:  64:1        |ddm|: 1.762998e-02     Tr[DP]  1.215599e-01
 iter:  64:2        |ddm|: 1.037675e-02     Tr[DP]  1.195369e-01
 iter:  65:1        |ddm|: 1.548997e-02     Tr[DP]  1.213106e-01
 iter:  65:2        |ddm|: 1.063999e-02     Tr[DP]  1.193170e-01
 iter:  66:1        |ddm|: 1.583671e-02     Tr[DP]  1.210557e-01
 iter:  66:2        |ddm|: 1.070469e-02     Tr[DP]  1.190642e-01
 iter:  67:1        |ddm|: 1.530507e-02     Tr[DP]  1.208108e-01
 iter:  67:2        |ddm|: 1.089673e-02     Tr[DP]  1.188168e-01
 iter:  68:1        |ddm|: 1.667610e-02     Tr[DP]  1.205337e-01
 iter:  68:2        |ddm|: 1.056758e-02     Tr[DP]  1.185266e-01
 iter:  69:1        |ddm|: 1.611480e-02     Tr[DP]  1.202619e-01
 iter:  69:2        |ddm|: 1.039803e-02     Tr[DP]  1.182580e-01
 iter:  70:1        |ddm|: 1.641450e-02     Tr[DP]  1.199743e-01
 iter:  70:2        |ddm|: 1.005915e-02     Tr[DP]  1.179901e-01
 iter:  71:1        |ddm|: 1.514354e-02     Tr[DP]  1.197299e-01
 iter:  71:2        |ddm|: 1.016858e-02     Tr[DP]  1.177563e-01
 iter:  72:1        |ddm|: 1.562925e-02     Tr[DP]  1.194746e-01
 iter:  72:2        |ddm|: 9.952816e-03     Tr[DP]  1.175001e-01
 iter:  73:1        |ddm|: 1.678307e-02     Tr[DP]  1.191931e-01
 iter:  73:2        |ddm|: 9.537130e-03     Tr[DP]  1.172281e-01
 iter:  74:1        |ddm|: 1.349470e-02     Tr[DP]  1.190654e-01
 iter:  74:2        |ddm|: 1.205189e-02     Tr[DP]  1.171083e-01
 iter:  75:1        |ddm|: 1.659433e-02     Tr[DP]  1.187893e-01
 iter:  75:2        |ddm|: 1.070653e-02     Tr[DP]  1.167673e-01
 iter:  76:1        |ddm|: 1.776742e-02     Tr[DP]  1.184739e-01
 iter:  76:2        |ddm|: 9.797861e-03     Tr[DP]  1.164489e-01
 iter:  77:1        |ddm|: 1.427257e-02     Tr[DP]  1.182322e-01
 iter:  77:2        |ddm|: 1.002459e-02     Tr[DP]  1.162166e-01
 iter:  78:1        |ddm|: 2.275678e-02     Tr[DP]  1.178668e-01
 iter:  78:2        |ddm|: 9.284340e-03     Tr[DP]  1.158761e-01
 iter:  79:1        |ddm|: 3.856398e-02     Tr[DP]  1.180612e-01
 iter:  79:2        |ddm|: 2.396480e-02     Tr[DP]  1.160146e-01
 iter:  80:1        |ddm|: 2.306032e-02     Tr[DP]  1.176564e-01
 iter:  80:2        |ddm|: 1.293589e-02     Tr[DP]  1.154151e-01
 iter:  81:1        |ddm|: 1.905773e-02     Tr[DP]  1.172806e-01
 iter:  81:2        |ddm|: 1.164919e-02     Tr[DP]  1.149810e-01
 iter:  82:1        |ddm|: 1.959824e-02     Tr[DP]  1.168993e-01
 iter:  82:2        |ddm|: 1.070766e-02     Tr[DP]  1.145940e-01
 iter:  83:1        |ddm|: 1.798062e-02     Tr[DP]  1.165552e-01
 iter:  83:2        |ddm|: 1.032573e-02     Tr[DP]  1.142700e-01
 iter:  84:1        |ddm|: 1.520062e-02     Tr[DP]  1.162799e-01
 iter:  84:2        |ddm|: 1.095788e-02     Tr[DP]  1.139950e-01
 iter:  85:1        |ddm|: 1.758676e-02     Tr[DP]  1.159500e-01
 iter:  85:2        |ddm|: 1.033801e-02     Tr[DP]  1.136656e-01
 iter:  86:1        |ddm|: 1.676901e-02     Tr[DP]  1.156363e-01
 iter:  86:2        |ddm|: 1.016118e-02     Tr[DP]  1.133675e-01
 iter:  87:1        |ddm|: 1.636150e-02     Tr[DP]  1.153354e-01
 iter:  87:2        |ddm|: 1.001305e-02     Tr[DP]  1.130828e-01
 iter:  88:1        |ddm|: 1.534108e-02     Tr[DP]  1.150579e-01
 iter:  88:2        |ddm|: 1.009003e-02     Tr[DP]  1.128141e-01
 iter:  89:1        |ddm|: 1.747022e-02     Tr[DP]  1.147391e-01
 iter:  89:2        |ddm|: 9.500269e-03     Tr[DP]  1.125227e-01
 iter:  90:1        |ddm|: 1.577195e-02     Tr[DP]  1.144632e-01
 iter:  90:2        |ddm|: 9.523495e-03     Tr[DP]  1.122680e-01
 iter:  91:1        |ddm|: 1.451294e-02     Tr[DP]  1.142103e-01
 iter:  91:2        |ddm|: 9.562635e-03     Tr[DP]  1.120276e-01
 iter:  92:1        |ddm|: 1.436215e-02     Tr[DP]  1.139536e-01
 iter:  92:2        |ddm|: 9.624384e-03     Tr[DP]  1.117757e-01
 iter:  93:1        |ddm|: 1.237277e-02     Tr[DP]  1.137889e-01
 iter:  93:2        |ddm|: 1.189801e-02     Tr[DP]  1.115571e-01
 iter:  94:1        |ddm|: 1.337396e-02     Tr[DP]  1.135462e-01
 iter:  94:2        |ddm|: 1.192737e-02     Tr[DP]  1.112255e-01
 iter:  95:1        |ddm|: 1.419249e-02     Tr[DP]  1.133154e-01
 iter:  95:2        |ddm|: 1.374321e-02     Tr[DP]  1.109114e-01
 iter:  96:1        |ddm|: 1.638786e-02     Tr[DP]  1.129817e-01
 iter:  96:2        |ddm|: 1.241903e-02     Tr[DP]  1.104746e-01
 iter:  97:1        |ddm|: 1.677370e-02     Tr[DP]  1.126445e-01
 iter:  97:2        |ddm|: 1.223980e-02     Tr[DP]  1.100582e-01
 iter:  98:1        |ddm|: 1.935979e-02     Tr[DP]  1.122484e-01
 iter:  98:2        |ddm|: 1.121892e-02     Tr[DP]  1.096406e-01
 iter:  99:1        |ddm|: 1.994476e-02     Tr[DP]  1.118483e-01
 iter:  99:2        |ddm|: 1.060428e-02     Tr[DP]  1.092578e-01
 iter: 100:1        |ddm|: 1.830010e-02     Tr[DP]  1.114903e-01
 iter: 100:2        |ddm|: 1.033533e-02     Tr[DP]  1.089257e-01
 iter: 101:1        |ddm|: 1.690376e-02     Tr[DP]  1.111610e-01
 iter: 101:2        |ddm|: 1.036754e-02     Tr[DP]  1.086150e-01
 iter: 102:1        |ddm|: 1.780737e-02     Tr[DP]  1.108229e-01
 iter: 102:2        |ddm|: 1.005843e-02     Tr[DP]  1.082995e-01
 iter: 103:1        |ddm|: 1.630931e-02     Tr[DP]  1.105128e-01
 iter: 103:2        |ddm|: 1.011290e-02     Tr[DP]  1.080083e-01
 iter: 104:1        |ddm|: 1.732115e-02     Tr[DP]  1.101936e-01
 iter: 104:2        |ddm|: 9.794829e-03     Tr[DP]  1.077100e-01
 iter: 105:1        |ddm|: 2.162524e-02     Tr[DP]  1.098324e-01
 iter: 105:2        |ddm|: 9.145245e-03     Tr[DP]  1.074128e-01
 iter: 106:1        |ddm|: 1.905018e-02     Tr[DP]  1.095223e-01
 iter: 106:2        |ddm|: 8.664697e-03     Tr[DP]  1.071828e-01
 iter: 107:1        |ddm|: 1.145108e-02     Tr[DP]  1.093613e-01
 iter: 107:2        |ddm|: 1.032705e-02     Tr[DP]  1.070218e-01
 iter: 108:1        |ddm|: 1.156056e-02     Tr[DP]  1.091605e-01
 iter: 108:2        |ddm|: 1.136392e-02     Tr[DP]  1.067526e-01
 iter: 109:1        |ddm|: 1.545953e-02     Tr[DP]  1.090060e-01
 iter: 109:2        |ddm|: 1.490391e-02     Tr[DP]  1.064516e-01
 iter: 110:1        |ddm|: 1.524439e-02     Tr[DP]  1.086916e-01
 iter: 110:2        |ddm|: 1.300915e-02     Tr[DP]  1.059893e-01
 iter: 111:1        |ddm|: 1.746265e-02     Tr[DP]  1.083181e-01
 iter: 111:2        |ddm|: 1.229125e-02     Tr[DP]  1.055268e-01
 iter: 112:1        |ddm|: 1.769779e-02     Tr[DP]  1.079354e-01
 iter: 112:2        |ddm|: 1.208610e-02     Tr[DP]  1.050919e-01
 iter: 113:1        |ddm|: 2.019964e-02     Tr[DP]  1.075161e-01
 iter: 113:2        |ddm|: 1.113663e-02     Tr[DP]  1.046602e-01
 iter: 114:1        |ddm|: 2.467251e-02     Tr[DP]  1.070586e-01
 iter: 114:2        |ddm|: 1.005969e-02     Tr[DP]  1.042613e-01
 iter: 115:1        |ddm|: 1.382989e-02     Tr[DP]  1.068000e-01
 iter: 115:2        |ddm|: 1.162623e-02     Tr[DP]  1.039858e-01
 iter: 116:1        |ddm|: 1.561806e-02     Tr[DP]  1.064747e-01
 iter: 116:2        |ddm|: 1.176440e-02     Tr[DP]  1.036059e-01
 iter: 117:1        |ddm|: 1.951586e-02     Tr[DP]  1.060807e-01
 iter: 117:2        |ddm|: 1.098888e-02     Tr[DP]  1.031984e-01
 iter: 118:1        |ddm|: 2.192446e-02     Tr[DP]  1.056655e-01
 iter: 118:2        |ddm|: 1.020096e-02     Tr[DP]  1.028259e-01
 iter: 119:1        |ddm|: 1.694339e-02     Tr[DP]  1.053330e-01
 iter: 119:2        |ddm|: 1.031573e-02     Tr[DP]  1.025216e-01
 iter: 120:1        |ddm|: 1.699412e-02     Tr[DP]  1.049974e-01
 iter: 120:2        |ddm|: 1.036926e-02     Tr[DP]  1.022057e-01
 iter: 121:1        |ddm|: 1.681169e-02     Tr[DP]  1.046753e-01
 iter: 121:2        |ddm|: 1.025896e-02     Tr[DP]  1.018894e-01
 iter: 122:1        |ddm|: 2.005936e-02     Tr[DP]  1.043132e-01
 iter: 122:2        |ddm|: 9.745128e-03     Tr[DP]  1.015677e-01
 iter: 123:1        |ddm|: 1.292938e-02     Tr[DP]  1.041144e-01
 iter: 123:2        |ddm|: 1.202808e-02     Tr[DP]  1.013040e-01
 iter: 124:1        |ddm|: 1.777581e-02     Tr[DP]  1.037604e-01
 iter: 124:2        |ddm|: 1.083712e-02     Tr[DP]  1.009063e-01
 iter: 125:1        |ddm|: 1.827687e-02     Tr[DP]  1.033967e-01
 iter: 125:2        |ddm|: 1.041900e-02     Tr[DP]  1.005433e-01
 iter: 126:1        |ddm|: 1.794582e-02     Tr[DP]  1.030437e-01
 iter: 126:2        |ddm|: 1.020303e-02     Tr[DP]  1.002057e-01
 iter: 127:1        |ddm|: 1.735477e-02     Tr[DP]  1.027053e-01
 iter: 127:2        |ddm|: 1.016436e-02     Tr[DP]  9.988476e-02
 iter: 128:1        |ddm|: 1.603114e-02     Tr[DP]  1.023876e-01
 iter: 128:2        |ddm|: 1.012692e-02     Tr[DP]  9.957374e-02
 iter: 129:1        |ddm|: 1.707723e-02     Tr[DP]  1.020587e-01
 iter: 129:2        |ddm|: 9.949053e-03     Tr[DP]  9.925475e-02
 iter: 130:1        |ddm|: 1.845393e-02     Tr[DP]  1.017153e-01
 iter: 130:2        |ddm|: 9.588357e-03     Tr[DP]  9.894469e-02
 iter: 131:1        |ddm|: 1.359734e-02     Tr[DP]  1.015251e-01
 iter: 131:2        |ddm|: 1.234150e-02     Tr[DP]  9.866610e-02
 iter: 132:1        |ddm|: 1.733687e-02     Tr[DP]  1.011690e-01
 iter: 132:2        |ddm|: 1.105492e-02     Tr[DP]  9.824606e-02
 iter: 133:1        |ddm|: 1.915043e-02     Tr[DP]  1.007841e-01
 iter: 133:2        |ddm|: 1.031404e-02     Tr[DP]  9.786011e-02
 iter: 134:1        |ddm|: 1.780458e-02     Tr[DP]  1.004256e-01
 iter: 134:2        |ddm|: 1.013736e-02     Tr[DP]  9.751329e-02
 iter: 135:1        |ddm|: 1.523023e-02     Tr[DP]  1.001081e-01
 iter: 135:2        |ddm|: 1.063791e-02     Tr[DP]  9.717368e-02
 iter: 136:1        |ddm|: 1.392775e-02     Tr[DP]  9.980579e-02
 iter: 136:2        |ddm|: 1.151906e-02     Tr[DP]  9.681689e-02
 iter: 137:1        |ddm|: 2.457083e-02     Tr[DP]  9.936812e-02
 iter: 137:2        |ddm|: 9.784187e-03     Tr[DP]  9.642426e-02
 iter: 138:1        |ddm|: 1.903720e-02     Tr[DP]  9.901055e-02
 iter: 138:2        |ddm|: 9.479722e-03     Tr[DP]  9.612430e-02
 iter: 139:1        |ddm|: 1.731514e-02     Tr[DP]  9.868629e-02
 iter: 139:2        |ddm|: 9.449937e-03     Tr[DP]  9.584038e-02
 iter: 140:1        |ddm|: 1.895085e-02     Tr[DP]  9.853730e-02
 iter: 140:2        |ddm|: 1.407142e-02     Tr[DP]  9.555365e-02
 iter: 141:1        |ddm|: 1.790278e-02     Tr[DP]  9.816412e-02
 iter: 141:2        |ddm|: 1.173646e-02     Tr[DP]  9.506463e-02
 iter: 142:1        |ddm|: 1.895961e-02     Tr[DP]  9.776088e-02
 iter: 142:2        |ddm|: 1.095441e-02     Tr[DP]  9.462487e-02
 iter: 143:1        |ddm|: 1.833485e-02     Tr[DP]  9.737549e-02
 iter: 143:2        |ddm|: 1.076968e-02     Tr[DP]  9.421950e-02
 iter: 144:1        |ddm|: 1.486706e-02     Tr[DP]  9.706726e-02
 iter: 144:2        |ddm|: 1.299575e-02     Tr[DP]  9.381912e-02
 iter: 145:1        |ddm|: 2.177258e-02     Tr[DP]  9.681788e-02
 iter: 145:2        |ddm|: 1.756771e-02     Tr[DP]  9.331534e-02
 iter: 146:1        |ddm|: 2.832607e-02     Tr[DP]  9.626601e-02
 iter: 146:2        |ddm|: 1.233591e-02     Tr[DP]  9.267589e-02
 iter: 147:1        |ddm|: 2.094725e-02     Tr[DP]  9.579363e-02
 iter: 147:2        |ddm|: 1.229106e-02     Tr[DP]  9.218038e-02
 iter: 148:1        |ddm|: 2.095984e-02     Tr[DP]  9.534104e-02
 iter: 148:2        |ddm|: 1.235806e-02     Tr[DP]  9.168496e-02
 iter: 149:1        |ddm|: 2.074833e-02     Tr[DP]  9.489314e-02
 iter: 149:2        |ddm|: 1.227077e-02     Tr[DP]  9.120153e-02
 iter: 150:1        |ddm|: 2.012307e-02     Tr[DP]  9.445212e-02
 iter: 150:2        |ddm|: 1.246539e-02     Tr[DP]  9.072213e-02
 iter: 151:1        |ddm|: 2.329072e-02     Tr[DP]  9.397782e-02
 iter: 151:2        |ddm|: 1.196068e-02     Tr[DP]  9.024377e-02
 iter: 152:1        |ddm|: 2.369008e-02     Tr[DP]  9.350933e-02
 iter: 152:2        |ddm|: 1.157129e-02     Tr[DP]  8.980442e-02
 iter: 153:1        |ddm|: 2.193391e-02     Tr[DP]  9.307200e-02
 iter: 153:2        |ddm|: 1.147924e-02     Tr[DP]  8.939906e-02
 iter: 154:1        |ddm|: 2.194361e-02     Tr[DP]  9.264608e-02
 iter: 154:2        |ddm|: 1.130685e-02     Tr[DP]  8.900619e-02
 iter: 155:1        |ddm|: 2.138198e-02     Tr[DP]  9.223390e-02
 iter: 155:2        |ddm|: 1.117301e-02     Tr[DP]  8.862935e-02
 iter: 156:1        |ddm|: 1.953786e-02     Tr[DP]  9.184543e-02
 iter: 156:2        |ddm|: 1.128485e-02     Tr[DP]  8.826086e-02
 iter: 157:1        |ddm|: 2.065654e-02     Tr[DP]  9.144955e-02
 iter: 157:2        |ddm|: 1.107949e-02     Tr[DP]  8.788717e-02
 iter: 158:1        |ddm|: 2.382042e-02     Tr[DP]  9.103375e-02
 iter: 158:2        |ddm|: 1.051750e-02     Tr[DP]  8.753032e-02
 iter: 159:1        |ddm|: 1.867434e-02     Tr[DP]  9.067100e-02
 iter: 159:2        |ddm|: 1.074808e-02     Tr[DP]  8.720866e-02
 iter: 160:1        |ddm|: 1.777967e-02     Tr[DP]  9.031927e-02
 iter: 160:2        |ddm|: 1.091356e-02     Tr[DP]  8.686571e-02
 iter: 161:1        |ddm|: 1.738963e-02     Tr[DP]  8.996541e-02
 iter: 161:2        |ddm|: 1.105960e-02     Tr[DP]  8.650440e-02
 iter: 162:1        |ddm|: 1.621687e-02     Tr[DP]  8.961916e-02
 iter: 162:2        |ddm|: 1.145625e-02     Tr[DP]  8.612639e-02
 iter: 163:1        |ddm|: 1.840190e-02     Tr[DP]  8.924001e-02
 iter: 163:2        |ddm|: 1.098385e-02     Tr[DP]  8.572472e-02
 iter: 164:1        |ddm|: 2.077720e-02     Tr[DP]  8.884390e-02
 iter: 164:2        |ddm|: 1.082003e-02     Tr[DP]  8.532791e-02
 iter: 165:1        |ddm|: 1.560630e-02     Tr[DP]  8.849792e-02
 iter: 165:2        |ddm|: 1.179745e-02     Tr[DP]  8.493706e-02
 iter: 166:1        |ddm|: 6.754291e-02     Tr[DP]  8.847050e-02
 iter: 166:2        |ddm|: 2.786207e-02     Tr[DP]  8.438945e-02
 iter: 167:1        |ddm|: 6.153111e-02     Tr[DP]  8.773031e-02
 iter: 167:2        |ddm|: 1.469203e-02     Tr[DP]  8.350183e-02
 iter: 168:1        |ddm|: 3.300119e-02     Tr[DP]  8.710674e-02
 iter: 168:2        |ddm|: 1.154390e-02     Tr[DP]  8.303500e-02
 iter: 169:1        |ddm|: 1.916001e-02     Tr[DP]  8.667807e-02
 iter: 169:2        |ddm|: 1.257573e-02     Tr[DP]  8.261674e-02
 iter: 170:1        |ddm|: 2.242162e-02     Tr[DP]  8.622320e-02
 iter: 170:2        |ddm|: 1.236838e-02     Tr[DP]  8.213539e-02
 iter: 171:1        |ddm|: 2.169022e-02     Tr[DP]  8.576868e-02
 iter: 171:2        |ddm|: 1.247747e-02     Tr[DP]  8.166401e-02
 iter: 172:1        |ddm|: 2.408474e-02     Tr[DP]  8.529883e-02
 iter: 172:2        |ddm|: 1.213436e-02     Tr[DP]  8.119758e-02
 iter: 173:1        |ddm|: 2.277587e-02     Tr[DP]  8.484331e-02
 iter: 173:2        |ddm|: 1.210245e-02     Tr[DP]  8.075560e-02
 iter: 174:1        |ddm|: 3.477977e-02     Tr[DP]  8.432577e-02
 iter: 174:2        |ddm|: 1.112864e-02     Tr[DP]  8.035206e-02
 iter: 175:1        |ddm|: 2.271626e-02     Tr[DP]  8.390565e-02
 iter: 175:2        |ddm|: 1.103697e-02     Tr[DP]  8.004218e-02
 iter: 176:1        |ddm|: 1.732835e-02     Tr[DP]  8.355404e-02
 iter: 176:2        |ddm|: 1.178153e-02     Tr[DP]  7.969694e-02
 iter: 177:1        |ddm|: 2.442297e-02     Tr[DP]  8.314066e-02
 iter: 177:2        |ddm|: 1.103331e-02     Tr[DP]  7.931349e-02
 iter: 178:1        |ddm|: 1.632129e-02     Tr[DP]  8.280035e-02
 iter: 178:2        |ddm|: 1.238094e-02     Tr[DP]  7.893978e-02
 iter: 179:1        |ddm|: 2.542769e-02     Tr[DP]  8.237450e-02
 iter: 179:2        |ddm|: 1.117703e-02     Tr[DP]  7.851098e-02
 iter: 180:1        |ddm|: 2.341901e-02     Tr[DP]  8.194894e-02
 iter: 180:2        |ddm|: 1.087368e-02     Tr[DP]  7.814449e-02
 iter: 181:1        |ddm|: 3.125905e-02     Tr[DP]  8.150206e-02
 iter: 181:2        |ddm|: 1.022191e-02     Tr[DP]  7.782240e-02
 iter: 182:1        |ddm|: 2.277344e-02     Tr[DP]  8.124486e-02
 iter: 182:2        |ddm|: 1.418413e-02     Tr[DP]  7.750363e-02
 iter: 183:1        |ddm|: 2.042591e-02     Tr[DP]  8.087437e-02
 iter: 183:2        |ddm|: 1.165911e-02     Tr[DP]  7.702585e-02
 iter: 184:1        |ddm|: 2.224049e-02     Tr[DP]  8.044955e-02
 iter: 184:2        |ddm|: 1.126962e-02     Tr[DP]  7.659739e-02
 iter: 185:1        |ddm|: 2.362177e-02     Tr[DP]  8.002251e-02
 iter: 185:2        |ddm|: 1.089275e-02     Tr[DP]  7.620701e-02
 iter: 186:1        |ddm|: 2.406098e-02     Tr[DP]  7.960566e-02
 iter: 186:2        |ddm|: 1.055343e-02     Tr[DP]  7.585262e-02
 iter: 187:1        |ddm|: 2.287975e-02     Tr[DP]  7.932789e-02
 iter: 187:2        |ddm|: 1.393060e-02     Tr[DP]  7.545792e-02
 iter: 188:1        |ddm|: 1.929070e-02     Tr[DP]  7.896242e-02
 iter: 188:2        |ddm|: 1.307019e-02     Tr[DP]  7.490777e-02
 iter: 189:1        |ddm|: 2.748580e-02     Tr[DP]  7.848607e-02
 iter: 189:2        |ddm|: 1.202734e-02     Tr[DP]  7.438836e-02
 iter: 190:1        |ddm|: 2.527139e-02     Tr[DP]  7.801555e-02
 iter: 190:2        |ddm|: 1.162654e-02     Tr[DP]  7.394720e-02
 iter: 191:1        |ddm|: 2.200753e-02     Tr[DP]  7.758483e-02
 iter: 191:2        |ddm|: 1.171260e-02     Tr[DP]  7.352972e-02
 iter: 192:1        |ddm|: 1.873402e-02     Tr[DP]  7.719913e-02
 iter: 192:2        |ddm|: 1.267305e-02     Tr[DP]  7.309053e-02
 iter: 193:1        |ddm|: 2.207650e-02     Tr[DP]  7.678156e-02
 iter: 193:2        |ddm|: 1.245248e-02     Tr[DP]  7.260786e-02
 iter: 194:1        |ddm|: 2.792218e-02     Tr[DP]  7.631718e-02
 iter: 194:2        |ddm|: 1.173895e-02     Tr[DP]  7.215736e-02
 iter: 195:1        |ddm|: 2.570336e-02     Tr[DP]  7.586534e-02
 iter: 195:2        |ddm|: 1.145603e-02     Tr[DP]  7.176507e-02
 iter: 196:1        |ddm|: 3.013578e-02     Tr[DP]  7.541394e-02
 iter: 196:2        |ddm|: 1.084723e-02     Tr[DP]  7.141595e-02
 iter: 197:1        |ddm|: 2.580713e-02     Tr[DP]  7.499734e-02
 iter: 197:2        |ddm|: 1.057377e-02     Tr[DP]  7.112184e-02
 iter: 198:1        |ddm|: 2.363219e-02     Tr[DP]  7.461640e-02
 iter: 198:2        |ddm|: 1.040689e-02     Tr[DP]  7.084046e-02
 iter: 199:1        |ddm|: 2.063335e-02     Tr[DP]  7.426259e-02
 iter: 199:2        |ddm|: 1.043403e-02     Tr[DP]  7.055654e-02
 iter: 200:1        |ddm|: 2.215568e-02     Tr[DP]  7.390641e-02
 iter: 200:2        |ddm|: 1.013236e-02     Tr[DP]  7.026592e-02
 iter: 201:1        |ddm|: 1.874634e-02     Tr[DP]  7.361906e-02
 iter: 201:2        |ddm|: 1.197482e-02     Tr[DP]  6.993673e-02
 iter: 202:1        |ddm|: 2.230327e-02     Tr[DP]  7.327097e-02
 iter: 202:2        |ddm|: 1.078951e-02     Tr[DP]  6.953185e-02
 iter: 203:1        |ddm|: 2.417309e-02     Tr[DP]  7.287721e-02
 iter: 203:2        |ddm|: 1.032485e-02     Tr[DP]  6.918452e-02
 iter: 204:1        |ddm|: 1.760410e-02     Tr[DP]  7.253497e-02
 iter: 204:2        |ddm|: 1.104095e-02     Tr[DP]  6.884966e-02
 iter: 205:1        |ddm|: 1.862053e-02     Tr[DP]  7.219988e-02
 iter: 205:2        |ddm|: 1.107644e-02     Tr[DP]  6.847254e-02
 iter: 206:1        |ddm|: 2.127449e-02     Tr[DP]  7.183609e-02
 iter: 206:2        |ddm|: 1.080150e-02     Tr[DP]  6.809696e-02
 iter: 207:1        |ddm|: 2.435063e-02     Tr[DP]  7.145268e-02
 iter: 207:2        |ddm|: 1.035374e-02     Tr[DP]  6.775266e-02
 iter: 208:1        |ddm|: 2.339858e-02     Tr[DP]  7.107849e-02
 iter: 208:2        |ddm|: 1.009458e-02     Tr[DP]  6.744728e-02
 iter: 209:1        |ddm|: 1.940099e-02     Tr[DP]  7.073014e-02
 iter: 209:2        |ddm|: 1.018032e-02     Tr[DP]  6.715366e-02
 iter: 210:1        |ddm|: 2.247644e-02     Tr[DP]  7.038643e-02
 iter: 210:2        |ddm|: 9.837704e-03     Tr[DP]  6.685704e-02
 iter: 211:1        |ddm|: 2.176574e-02     Tr[DP]  7.004359e-02
 iter: 211:2        |ddm|: 9.616521e-03     Tr[DP]  6.658521e-02
 iter: 212:1        |ddm|: 2.094277e-02     Tr[DP]  6.971432e-02
 iter: 212:2        |ddm|: 9.442857e-03     Tr[DP]  6.632624e-02
 iter: 213:1        |ddm|: 1.986140e-02     Tr[DP]  6.939794e-02
 iter: 213:2        |ddm|: 9.321416e-03     Tr[DP]  6.607315e-02
 iter: 214:1        |ddm|: 1.737159e-02     Tr[DP]  6.909855e-02
 iter: 214:2        |ddm|: 9.483834e-03     Tr[DP]  6.581080e-02
 iter: 215:1        |ddm|: 1.963879e-02     Tr[DP]  6.880017e-02
 iter: 215:2        |ddm|: 9.245330e-03     Tr[DP]  6.554063e-02
 iter: 216:1        |ddm|: 2.114145e-02     Tr[DP]  6.848696e-02
 iter: 216:2        |ddm|: 8.879707e-03     Tr[DP]  6.529125e-02
 iter: 217:1        |ddm|: 2.031352e-02     Tr[DP]  6.818090e-02
 iter: 217:2        |ddm|: 8.674477e-03     Tr[DP]  6.506264e-02
 iter: 218:1        |ddm|: 1.990948e-02     Tr[DP]  6.788916e-02
 iter: 218:2        |ddm|: 8.435536e-03     Tr[DP]  6.484819e-02
 iter: 219:1        |ddm|: 2.001640e-02     Tr[DP]  6.766425e-02
 iter: 219:2        |ddm|: 1.064628e-02     Tr[DP]  6.458932e-02
 iter: 220:1        |ddm|: 1.952999e-02     Tr[DP]  6.740967e-02
 iter: 220:2        |ddm|: 9.275442e-03     Tr[DP]  6.426099e-02
 iter: 221:1        |ddm|: 2.439707e-02     Tr[DP]  6.708929e-02
 iter: 221:2        |ddm|: 8.530550e-03     Tr[DP]  6.400092e-02
 iter: 222:1        |ddm|: 1.807854e-02     Tr[DP]  6.679833e-02
 iter: 222:2        |ddm|: 8.696247e-03     Tr[DP]  6.377330e-02
 iter: 223:1        |ddm|: 1.748032e-02     Tr[DP]  6.657197e-02
 iter: 223:2        |ddm|: 1.015226e-02     Tr[DP]  6.350362e-02
 iter: 224:1        |ddm|: 1.662070e-02     Tr[DP]  6.632673e-02
 iter: 224:2        |ddm|: 1.049505e-02     Tr[DP]  6.315935e-02
 iter: 225:1        |ddm|: 2.019942e-02     Tr[DP]  6.604036e-02
 iter: 225:2        |ddm|: 9.947843e-03     Tr[DP]  6.282736e-02
 iter: 226:1        |ddm|: 1.764406e-02     Tr[DP]  6.574217e-02
 iter: 226:2        |ddm|: 1.045852e-02     Tr[DP]  6.251133e-02
 iter: 227:1        |ddm|: 2.025512e-02     Tr[DP]  6.548281e-02
 iter: 227:2        |ddm|: 1.233324e-02     Tr[DP]  6.213292e-02
 iter: 228:1        |ddm|: 2.858119e-02     Tr[DP]  6.517932e-02
 iter: 228:2        |ddm|: 1.068855e-02     Tr[DP]  6.176987e-02
 iter: 229:1        |ddm|: 2.386260e-02     Tr[DP]  6.482853e-02
 iter: 229:2        |ddm|: 1.015967e-02     Tr[DP]  6.147823e-02
 iter: 230:1        |ddm|: 2.091535e-02     Tr[DP]  6.451690e-02
 iter: 230:2        |ddm|: 1.009079e-02     Tr[DP]  6.120642e-02
 iter: 231:1        |ddm|: 1.906952e-02     Tr[DP]  6.422754e-02
 iter: 231:2        |ddm|: 1.034498e-02     Tr[DP]  6.092780e-02
 iter: 232:1        |ddm|: 2.585002e-02     Tr[DP]  6.392595e-02
 iter: 232:2        |ddm|: 9.361838e-03     Tr[DP]  6.067159e-02
 iter: 233:1        |ddm|: 2.202131e-02     Tr[DP]  6.362107e-02
 iter: 233:2        |ddm|: 9.093575e-03     Tr[DP]  6.046086e-02
 iter: 234:1        |ddm|: 2.199146e-02     Tr[DP]  6.333872e-02
 iter: 234:2        |ddm|: 8.696669e-03     Tr[DP]  6.026558e-02
 iter: 235:1        |ddm|: 1.972354e-02     Tr[DP]  6.307195e-02
 iter: 235:2        |ddm|: 8.592427e-03     Tr[DP]  6.008101e-02
 iter: 236:1        |ddm|: 1.938773e-02     Tr[DP]  6.281695e-02
 iter: 236:2        |ddm|: 8.356440e-03     Tr[DP]  5.989897e-02
 iter: 237:1        |ddm|: 1.914901e-02     Tr[DP]  6.256822e-02
 iter: 237:2        |ddm|: 8.132811e-03     Tr[DP]  5.972556e-02
 iter: 238:1        |ddm|: 2.280793e-02     Tr[DP]  6.231400e-02
 iter: 238:2        |ddm|: 7.560096e-03     Tr[DP]  5.958014e-02
 iter: 239:1        |ddm|: 1.629395e-02     Tr[DP]  6.208586e-02
 iter: 239:2        |ddm|: 7.976512e-03     Tr[DP]  5.943595e-02
 iter: 240:1        |ddm|: 1.690512e-02     Tr[DP]  6.188214e-02
 iter: 240:2        |ddm|: 7.571132e-03     Tr[DP]  5.926892e-02
 iter: 241:1        |ddm|: 1.557127e-02     Tr[DP]  6.168888e-02
 iter: 241:2        |ddm|: 8.731556e-03     Tr[DP]  5.907579e-02
 iter: 242:1        |ddm|: 1.937323e-02     Tr[DP]  6.148961e-02
 iter: 242:2        |ddm|: 7.693346e-03     Tr[DP]  5.887169e-02
 iter: 243:1        |ddm|: 1.577845e-02     Tr[DP]  6.126872e-02
 iter: 243:2        |ddm|: 7.949229e-03     Tr[DP]  5.869443e-02
 iter: 244:1        |ddm|: 1.989039e-02     Tr[DP]  6.104750e-02
 iter: 244:2        |ddm|: 7.290110e-03     Tr[DP]  5.852954e-02
 iter: 245:1        |ddm|: 1.489405e-02     Tr[DP]  6.085016e-02
 iter: 245:2        |ddm|: 8.143999e-03     Tr[DP]  5.835985e-02
 iter: 246:1        |ddm|: 1.490330e-02     Tr[DP]  6.067705e-02
 iter: 246:2        |ddm|: 8.154704e-03     Tr[DP]  5.815732e-02
 iter: 247:1        |ddm|: 1.635240e-02     Tr[DP]  6.047942e-02
 iter: 247:2        |ddm|: 7.904603e-03     Tr[DP]  5.796474e-02
 iter: 248:1        |ddm|: 2.636069e-02     Tr[DP]  6.030495e-02
 iter: 248:2        |ddm|: 1.242950e-02     Tr[DP]  5.769213e-02
 iter: 249:1        |ddm|: 4.518261e-02     Tr[DP]  6.010955e-02
 iter: 249:2        |ddm|: 8.202179e-03     Tr[DP]  5.749242e-02
 iter: 250:1        |ddm|: 1.807107e-02     Tr[DP]  5.983706e-02
 iter: 250:2        |ddm|: 9.103238e-03     Tr[DP]  5.734862e-02
 iter: 251:1        |ddm|: 1.670440e-02     Tr[DP]  5.967321e-02
 iter: 251:2        |ddm|: 8.195676e-03     Tr[DP]  5.715286e-02
 iter: 252:1        |ddm|: 1.753926e-02     Tr[DP]  5.946865e-02
 iter: 252:2        |ddm|: 7.912109e-03     Tr[DP]  5.698034e-02
 iter: 253:1        |ddm|: 1.733290e-02     Tr[DP]  5.926886e-02
 iter: 253:2        |ddm|: 7.670223e-03     Tr[DP]  5.682278e-02
 iter: 254:1        |ddm|: 1.983410e-02     Tr[DP]  5.906869e-02
 iter: 254:2        |ddm|: 6.995433e-03     Tr[DP]  5.669389e-02
 iter: 255:1        |ddm|: 1.557126e-02     Tr[DP]  5.887556e-02
 iter: 255:2        |ddm|: 7.210419e-03     Tr[DP]  5.656825e-02
 iter: 256:1        |ddm|: 1.413444e-02     Tr[DP]  5.871090e-02
 iter: 256:2        |ddm|: 7.564429e-03     Tr[DP]  5.641845e-02
 iter: 257:1        |ddm|: 1.649923e-02     Tr[DP]  5.854363e-02
 iter: 257:2        |ddm|: 7.006276e-03     Tr[DP]  5.627596e-02
 iter: 258:1        |ddm|: 1.629405e-02     Tr[DP]  5.836390e-02
 iter: 258:2        |ddm|: 6.782112e-03     Tr[DP]  5.615340e-02
 iter: 259:1        |ddm|: 1.567128e-02     Tr[DP]  5.819375e-02
 iter: 259:2        |ddm|: 6.590951e-03     Tr[DP]  5.603956e-02
 iter: 260:1        |ddm|: 1.396747e-02     Tr[DP]  5.803332e-02
 iter: 260:2        |ddm|: 6.748769e-03     Tr[DP]  5.591990e-02
 iter: 261:1        |ddm|: 1.493998e-02     Tr[DP]  5.788083e-02
 iter: 261:2        |ddm|: 6.413747e-03     Tr[DP]  5.580352e-02
 iter: 262:1        |ddm|: 1.422073e-02     Tr[DP]  5.772486e-02
 iter: 262:2        |ddm|: 6.373844e-03     Tr[DP]  5.569267e-02
 iter: 263:1        |ddm|: 1.463731e-02     Tr[DP]  5.757488e-02
 iter: 263:2        |ddm|: 6.101608e-03     Tr[DP]  5.558984e-02
 iter: 264:1        |ddm|: 1.855365e-02     Tr[DP]  5.741893e-02
 iter: 264:2        |ddm|: 5.542713e-03     Tr[DP]  5.552313e-02
 iter: 265:1        |ddm|: 1.734625e-02     Tr[DP]  5.726113e-02
 iter: 265:2        |ddm|: 5.274104e-03     Tr[DP]  5.548150e-02
 iter: 266:1        |ddm|: 1.376190e-02     Tr[DP]  5.713182e-02
 iter: 266:2        |ddm|: 6.133793e-03     Tr[DP]  5.539647e-02
 iter: 267:1        |ddm|: 1.091415e-02     Tr[DP]  5.703733e-02
 iter: 267:2        |ddm|: 6.173335e-03     Tr[DP]  5.527459e-02
 iter: 268:1        |ddm|: 1.387910e-02     Tr[DP]  5.692030e-02
 iter: 268:2        |ddm|: 5.455333e-03     Tr[DP]  5.517300e-02
 iter: 269:1        |ddm|: 1.439528e-02     Tr[DP]  5.679724e-02
 iter: 269:2        |ddm|: 7.622701e-03     Tr[DP]  5.503400e-02
 iter: 270:1        |ddm|: 1.295497e-02     Tr[DP]  5.670499e-02
 iter: 270:2        |ddm|: 6.842643e-03     Tr[DP]  5.488439e-02
 iter: 271:1        |ddm|: 1.320600e-02     Tr[DP]  5.657578e-02
 iter: 271:2        |ddm|: 6.754101e-03     Tr[DP]  5.475376e-02
 iter: 272:1        |ddm|: 1.537351e-02     Tr[DP]  5.644556e-02
 iter: 272:2        |ddm|: 6.059104e-03     Tr[DP]  5.464752e-02
 iter: 273:1        |ddm|: 1.442962e-02     Tr[DP]  5.630864e-02
 iter: 273:2        |ddm|: 5.685318e-03     Tr[DP]  5.456226e-02
 iter: 274:1        |ddm|: 1.369107e-02     Tr[DP]  5.617962e-02
 iter: 274:2        |ddm|: 5.387172e-03     Tr[DP]  5.448710e-02
 iter: 275:1        |ddm|: 1.381875e-02     Tr[DP]  5.605654e-02
 iter: 275:2        |ddm|: 5.032565e-03     Tr[DP]  5.442519e-02
 iter: 276:1        |ddm|: 1.311528e-02     Tr[DP]  5.593893e-02
 iter: 276:2        |ddm|: 4.810571e-03     Tr[DP]  5.437099e-02
 iter: 277:1        |ddm|: 1.100640e-02     Tr[DP]  5.582676e-02
 iter: 277:2        |ddm|: 5.009708e-03     Tr[DP]  5.430516e-02
 iter: 278:1        |ddm|: 1.027929e-02     Tr[DP]  5.573228e-02
 iter: 278:2        |ddm|: 5.142109e-03     Tr[DP]  5.422549e-02
 iter: 279:1        |ddm|: 1.030458e-02     Tr[DP]  5.563896e-02
 iter: 279:2        |ddm|: 5.223985e-03     Tr[DP]  5.413956e-02
 iter: 280:1        |ddm|: 1.029892e-02     Tr[DP]  5.554349e-02
 iter: 280:2        |ddm|: 5.404671e-03     Tr[DP]  5.404992e-02
 iter: 281:1        |ddm|: 1.401798e-02     Tr[DP]  5.545614e-02
 iter: 281:2        |ddm|: 7.785487e-03     Tr[DP]  5.390786e-02
 iter: 282:1        |ddm|: 1.776085e-02     Tr[DP]  5.538126e-02
 iter: 282:2        |ddm|: 5.426746e-03     Tr[DP]  5.381672e-02
 iter: 283:1        |ddm|: 1.387410e-02     Tr[DP]  5.525351e-02
 iter: 283:2        |ddm|: 5.010209e-03     Tr[DP]  5.375525e-02
 iter: 284:1        |ddm|: 1.327277e-02     Tr[DP]  5.514679e-02
 iter: 284:2        |ddm|: 4.556508e-03     Tr[DP]  5.370789e-02
 iter: 285:1        |ddm|: 1.118468e-02     Tr[DP]  5.504406e-02
 iter: 285:2        |ddm|: 4.495506e-03     Tr[DP]  5.365910e-02
 iter: 286:1        |ddm|: 1.005070e-02     Tr[DP]  5.495436e-02
 iter: 286:2        |ddm|: 4.527155e-03     Tr[DP]  5.360264e-02
 iter: 287:1        |ddm|: 1.105776e-02     Tr[DP]  5.487088e-02
 iter: 287:2        |ddm|: 4.154878e-03     Tr[DP]  5.355708e-02
 iter: 288:1        |ddm|: 9.735932e-03     Tr[DP]  5.478107e-02
 iter: 288:2        |ddm|: 4.313551e-03     Tr[DP]  5.350525e-02
 iter: 289:1        |ddm|: 9.071865e-03     Tr[DP]  5.470545e-02
 iter: 289:2        |ddm|: 4.557589e-03     Tr[DP]  5.343973e-02
 iter: 290:1        |ddm|: 9.331834e-03     Tr[DP]  5.463252e-02
 iter: 290:2        |ddm|: 4.384011e-03     Tr[DP]  5.337787e-02
 iter: 291:1        |ddm|: 9.386532e-03     Tr[DP]  5.455462e-02
 iter: 291:2        |ddm|: 4.347010e-03     Tr[DP]  5.331880e-02
 iter: 292:1        |ddm|: 9.776738e-03     Tr[DP]  5.447847e-02
 iter: 292:2        |ddm|: 4.109560e-03     Tr[DP]  5.326768e-02
 iter: 293:1        |ddm|: 1.010683e-02     Tr[DP]  5.440160e-02
 iter: 293:2        |ddm|: 3.820939e-03     Tr[DP]  5.322864e-02
 iter: 294:1        |ddm|: 9.776750e-03     Tr[DP]  5.432495e-02
 iter: 294:2        |ddm|: 3.646103e-03     Tr[DP]  5.319478e-02
 iter: 295:1        |ddm|: 8.303863e-03     Tr[DP]  5.424905e-02
 iter: 295:2        |ddm|: 4.031727e-03     Tr[DP]  5.314526e-02
 iter: 296:1        |ddm|: 1.177269e-02     Tr[DP]  5.419234e-02
 iter: 296:2        |ddm|: 3.370411e-03     Tr[DP]  5.312594e-02
 iter: 297:1        |ddm|: 9.453212e-03     Tr[DP]  5.411078e-02
 iter: 297:2        |ddm|: 4.247162e-03     Tr[DP]  5.307260e-02
 iter: 298:1        |ddm|: 7.483380e-03     Tr[DP]  5.406708e-02
 iter: 298:2        |ddm|: 4.176529e-03     Tr[DP]  5.300782e-02
 iter: 299:1        |ddm|: 8.941380e-03     Tr[DP]  5.400987e-02
 iter: 299:2        |ddm|: 3.652976e-03     Tr[DP]  5.296223e-02
 iter: 300:1        |ddm|: 9.045597e-03     Tr[DP]  5.394349e-02
 iter: 300:2        |ddm|: 3.437659e-03     Tr[DP]  5.292701e-02
                         Freeze-and-Thaw NOT converged!                         

=================== Subsystem 1 at higher mean-field method ====================
  subiter:   1      |ddm|: 9.053314e-01
  subiter:   2      |ddm|: 2.117118e-01
  subiter:   3      |ddm|: 2.124890e-02
  subiter:   4      |ddm|: 1.394980e-02
  subiter:   5      |ddm|: 3.477600e-03
  subiter:   6      |ddm|: 1.107905e-03
  subiter:   7      |ddm|: 2.256105e-04
  subiter:   8      |ddm|: 1.044460e-04
  subiter:   9      |ddm|: 2.219000e-05
  subiter:  10      |ddm|: 3.858701e-06
  subiter:  11      |ddm|: 1.376182e-06
  subiter:  12      |ddm|: 4.942753e-07
  subiter:  13      |ddm|: 8.055529e-08
  subiter:  14      |ddm|: 1.422571e-08
  subiter:  15      |ddm|: 7.306205e-09


******** <class 'pyscf.scf.hf.RHF'> flags ********
method = RHF
initial guess = minao
damping factor = 0
level shift factor = 0
DIIS = <class 'pyscf.scf.diis.CDIIS'>
DIIS start cycle = 1
DIIS space = 8
SCF tol = 1e-09
SCF gradient tol = None
max. SCF cycles = 100
direct_scf = True
direct_scf_tol = 1e-13
chkfile to save SCF result = /panfs/roc/scratch/graha682/D165/201711_ccpVTZ_NEVPT2_m06_165_7c12h24/tmpoO03Hw
max_memory 4000 MB (current use 522 MB)
Set gradient conv threshold to 3.16228e-05
init E= -282.959004745235
  HOMO = -0.451919446073116  LUMO = 0.138391918328692
cycle= 1 E= -282.959004745232  delta_E= 2.27e-12  |g|= 1.93e-09  |ddm|= 8.22e-09
  HOMO = -0.451919446147145  LUMO = 0.13839191833012
Extra cycle  E= -282.959004745241  delta_E= -8.41e-12  |g|= 8.38e-10  |ddm|= 1.02e-08
converged SCF energy = -282.959004745241


******** <class 'pyscf.dft.rks.RKS'> flags ********
method = RKS
initial guess = atom
damping factor = 0
level shift factor = 0.0
DIIS = <class 'pyscf.scf.diis.CDIIS'>
DIIS start cycle = 1
DIIS space = 8
SCF tol = 1e-08
SCF gradient tol = 1e-08
max. SCF cycles = 1
direct_scf = True
direct_scf_tol = 1e-13
chkfile to save SCF result = /panfs/roc/scratch/graha682/D165/201711_ccpVTZ_NEVPT2_m06_165_7c12h24/tmpa5_yJd
max_memory 4000 MB (current use 519 MB)
XC functionals = m06
small_rho_cutoff = 1e-20
radial grids: Treutler-Ahlrichs (JCP 102, 346 (M4)) radial grids
becke partition: Becke, JCP, 88, 2547 (1988)
pruning grids: <function nwchem_prune at 0x15315f0>
grids dens level: 4
symmetrized grids: False
atomic radii adjust function: <function treutler_atomic_radii_adjust at 0x1531488>
init E= -284.653099195797
  HOMO = -0.332394939478896  LUMO = 0.0362708835536259
cycle= 1 E= -284.653108313668  delta_E= -9.12e-06  |g|= 0.000751  |ddm|= 0.00804
  HOMO = -0.3324117116591  LUMO = 0.0362562479374764
Extra cycle  E= -284.653108432938  delta_E= -1.19e-07  |g|= 0.000395  |ddm|= 0.00321
SCF not converged.
SCF energy = -284.653108432938 after 1 cycles
 iter: 301:1        |ddm|: 1.096163e+00     Tr[DP]  6.179446e-02

******** <class 'pyscf.mcscf.mc1step.CASSCF'> flags ********
CAS (1e+1e, 2o), ncore = 27, nvir = 363
max_cycle_macro = 50
max_cycle_micro = 4
conv_tol = 1e-07
conv_tol_grad = None
orbital rotation max_stepsize = 0.02
augmented hessian ah_max_cycle = 30
augmented hessian ah_conv_tol = 1e-12
augmented hessian ah_linear dependence = 1e-14
augmented hessian ah_level shift = 0
augmented hessian ah_start_tol = 2.5
augmented hessian ah_start_cycle = 3
augmented hessian ah_grad_trust_region = 3
kf_trust_region = 3
kf_interval = 4
ci_response_space = 4
ci_grad_trust_region = 3
with_dep4 0
natorb = False
canonicalization = True
sorting_mo_energy = False
chkfile = /panfs/roc/scratch/graha682/D165/201711_ccpVTZ_NEVPT2_m06_165_7c12h24/tmpoO03Hw
max_memory 4000 MB (current use 495 MB)
internal_rotation = False
******** <class 'pyscf.fci.direct_spin1.FCISolver'> flags ********
max. cycles = 50
conv_tol = 1e-08
davidson only = False
linear dependence = 1e-10
level shift = 0.001
max iter space = 12
max_memory 4000 MB
nroots = 1
pspace_size = 400
spin = None
CASCI E = -282.959006621384  S^2 = 0.0000000
Set conv_tol_grad to 0.000316228
macro iter 1 (1 JK  1 micro), CASSCF E = -282.959006621384  dE = 0  S^2 = 0.0000000
               |grad[o]|=1.72e-05  |grad[c]|= 1.4760757368e-14  |ddm|=    0
1-step CASSCF converged in 1 macro (1 JK 1 micro) steps
CASSCF canonicalization
CASSCF energy = -282.959006621384
Hartree-Fock Energy:  -282.95900474524069
CAS Correlation:       -0.00000187614285
CAS Energy:          -282.95900662138354
Sr    (-1)',   E = -0.00002079341608
Si    (+1)',   E = -0.00000320075869
Sijrs (0)  ,   E = -1.09824969677614
Sijr  (+1) ,   E = -0.01356126832239
Srsi  (-1) ,   E = -0.14377447785726
Srs   (-2) ,   E = -0.00726216285754
Sij   (+2) ,   E = -0.00021005637793
Sir   (0)' ,   E = -0.00163974918116
Nevpt2 Energy = -1.264721405547190
NEVPT2 =   -1.264721405547190
Total NEVPT2 = -284.223728026930701

============================== Supermolecular DFT ==============================
  subiter:   1      |ddm|: 8.031576e+00
  subiter:   2      |ddm|: 3.737992e-01
  subiter:   3      |ddm|: 1.575851e-01
  subiter:   4      |ddm|: 3.089187e-02
  subiter:   5      |ddm|: 1.082919e-02
  subiter:   6      |ddm|: 5.046975e-03
  subiter:   7      |ddm|: 1.309306e-03
  subiter:   8      |ddm|: 5.232142e-04
  subiter:   9      |ddm|: 1.092160e-04
  subiter:  10      |ddm|: 6.881413e-05
  subiter:  11      |ddm|: 1.594009e-05
  subiter:  12      |ddm|: 7.353393e-06
  subiter:  13      |ddm|: 2.776785e-06
  subiter:  14      |ddm|: 3.549493e-07
  subiter:  15      |ddm|: 2.195551e-07
  subiter:  16      |ddm|: 5.256741e-08
  subiter:  17      |ddm|: 4.079492e-08
  subiter:  18      |ddm|: 5.902376e-09


******** <class 'pyscf.dft.rks.RKS'> flags ********
method = RKS
initial guess = atom
damping factor = 0
level shift factor = 0.0
DIIS = <class 'pyscf.scf.diis.CDIIS'>
DIIS start cycle = 1
DIIS space = 8
SCF tol = 1e-08
SCF gradient tol = 1e-08
max. SCF cycles = 100
direct_scf = True
direct_scf_tol = 1e-13
chkfile to save SCF result = /panfs/roc/scratch/graha682/D165/201711_ccpVTZ_NEVPT2_m06_165_7c12h24/tmp0NrDqB
max_memory 4000 MB (current use 655 MB)
XC functionals = m06
small_rho_cutoff = 1e-20
radial grids: Treutler-Ahlrichs (JCP 102, 346 (M4)) radial grids
becke partition: Becke, JCP, 88, 2547 (1988)
pruning grids: <function nwchem_prune at 0x15315f0>
grids dens level: 4
symmetrized grids: False
atomic radii adjust function: <function treutler_atomic_radii_adjust at 0x1531488>
init E= -471.482539100172
  HOMO = -0.267992960875471  LUMO = 0.0147972568957223
cycle= 1 E= -471.48253910017  delta_E= 2.27e-12  |g|= 4.1e-09  |ddm|= 1.14e-08
  HOMO = -0.267992961060084  LUMO = 0.0147972566637591
Extra cycle  E= -471.482539100155  delta_E= 1.43e-11  |g|= 6.59e-09  |ddm|= 7.16e-09
converged SCF energy = -471.482539100155
Supermolecular DFT   -471.48253910017138

============================== Embedding Energies ==============================
Subsystem DFT              -284.65310843293719
Interaction                -186.44804497305040
DFT-in-DFT                 -471.10115340598759
Supermolecular DFT         -471.48253910017138
Difference                   -0.38138569418379
Corrected DFT-in-DFT       -471.48253910017138
WF-in-DFT                  -470.67177299998110
Corrected WF-in-DFT        -471.05315869416489
================================================================================
TIMING STATISTICS:
     overlap integrals      0.05s   ( 0.00%)
    initial subsystems      0.13s   ( 0.00%)
           2e matrices  24445.85s   (91.51%)
      tot. embed. of 1  24662.72s   (92.33%)
      tot. embed. of 2      5.75s   ( 0.02%)
       freeze and thaw  24668.51s   (92.35%)
                   cas     56.60s   ( 0.21%)
                nevpt2     59.12s   ( 0.22%)
  interaction energies   1927.02s   ( 7.21%)
                 TOTAL  26712.69s
================================================================================

********************************************************************************
*                              END OF CALCULATION                              *
********************************************************************************
