********************************************************************************
*                         FREEZE-AND-THAW CALCULATION                          *
********************************************************************************

================================== Input File ==================================
subsystem
C          0.64482        2.19259       -0.03064
H          1.20650        3.13581        0.06815
C         -0.62564        2.16530        0.37977
H         -0.87194        2.62548        1.35059
C          1.39975        1.03320       -0.59065
H          0.72733        0.15924       -0.68198
H          1.73530        1.26681       -1.62116
C         -1.75940        1.52793       -0.35239
H         -1.40372        1.13947       -1.32547
H         -2.52686        2.29110       -0.59260
smearsig 0.001
end

subsystem
C          5.41399       -2.03327       -0.10768
H          5.77649       -1.79061       -1.12117
H          4.78701       -2.93683       -0.19655
H          6.29144       -2.29862        0.50241
C          4.63055       -0.87880        0.48528
H          4.30435       -1.13047        1.51254
H          5.28598        0.00625        0.59609
C          3.41540       -0.49638       -0.34158
H          2.75432       -1.37917       -0.45395
H          3.73636       -0.24083       -1.37155
C          2.62070        0.65785        0.24017
H          3.27913        1.54282        0.34720
H          2.29688        0.40825        1.26928
C         -2.42501        0.40692        0.43639
H         -2.75889        0.79626        1.41878
H         -1.67104       -0.36956        0.67059
C         -3.60232       -0.22238       -0.28483
H         -4.35324        0.55958       -0.51683
H         -3.26857       -0.60598       -1.26995
C         -4.26640       -1.34431        0.49413
H         -3.51178       -2.12044        0.72476
H         -4.59581       -0.95667        1.47720
C         -5.44008       -1.96354       -0.23884
H         -5.91094       -2.77468        0.33814
H         -6.21971       -1.21200       -0.45050
H         -5.12666       -2.38591       -1.20878
end

embed
 huzfermi
 cycles 3000
 conv 1e-8
 method m06
end

basis cc-pVTZ
method cas[2,2]/nevpt2
grid 4
conv 1e-8
grad 1e-8
maxiter 100
supsmearsig 0.001
================================== End Input ===================================
tot grids = 725328

                      Getting subsystem overlap integrals                       

                          Initial subsystem densities                           
Guessing initial subsystem densities
Initial guess from superpostion of atomic densties.
Guessing initial subsystem densities
Initial guess from superpostion of atomic densties.

=========================== Starting Freeze-and-Thaw ===========================
 iter:   1:1        |ddm|: 8.628924e+00     Tr[DP]  9.277056e-01
 iter:   1:2        |ddm|: 5.456760e+00     Tr[DP]  2.800577e-01
 iter:   2:1        |ddm|: 2.772242e+01     Tr[DP]  7.187008e-01
 iter:   2:2        |ddm|: 2.956025e+01     Tr[DP]  4.283193e-01
 iter:   3:1        |ddm|: 2.274892e+01     Tr[DP]  2.510947e-01
 iter:   3:2        |ddm|: 3.024361e+01     Tr[DP]  3.381335e-01
 iter:   4:1        |ddm|: 3.266101e+00     Tr[DP]  2.843315e-01
 iter:   4:2        |ddm|: 5.059255e+00     Tr[DP]  3.350036e-01
 iter:   5:1        |ddm|: 1.347258e+00     Tr[DP]  3.075587e-01
 iter:   5:2        |ddm|: 2.878052e+00     Tr[DP]  3.357415e-01
 iter:   6:1        |ddm|: 9.046991e-01     Tr[DP]  3.316680e-01
 iter:   6:2        |ddm|: 1.190614e+00     Tr[DP]  3.552179e-01
 iter:   7:1        |ddm|: 6.097711e-01     Tr[DP]  3.501517e-01
 iter:   7:2        |ddm|: 9.647334e-01     Tr[DP]  3.646149e-01
 iter:   8:1        |ddm|: 5.324192e-01     Tr[DP]  3.607289e-01
 iter:   8:2        |ddm|: 7.434532e-01     Tr[DP]  3.716668e-01
 iter:   9:1        |ddm|: 3.864828e-01     Tr[DP]  3.672621e-01
 iter:   9:2        |ddm|: 5.919592e-01     Tr[DP]  3.750836e-01
 iter:  10:1        |ddm|: 3.074199e-01     Tr[DP]  3.708478e-01
 iter:  10:2        |ddm|: 4.084699e-01     Tr[DP]  3.769042e-01
 iter:  11:1        |ddm|: 2.437688e-01     Tr[DP]  3.727708e-01
 iter:  11:2        |ddm|: 3.356808e-01     Tr[DP]  3.780483e-01
 iter:  12:1        |ddm|: 1.872005e-01     Tr[DP]  3.744540e-01
 iter:  12:2        |ddm|: 2.727605e-01     Tr[DP]  3.791459e-01
 iter:  13:1        |ddm|: 1.195625e-01     Tr[DP]  3.761331e-01
 iter:  13:2        |ddm|: 1.787748e-01     Tr[DP]  3.796778e-01
 iter:  14:1        |ddm|: 1.406729e-01     Tr[DP]  3.762184e-01
 iter:  14:2        |ddm|: 2.088193e-01     Tr[DP]  3.800963e-01
 iter:  15:1        |ddm|: 9.958956e-02     Tr[DP]  3.771762e-01
 iter:  15:2        |ddm|: 1.629379e-01     Tr[DP]  3.805341e-01
 iter:  16:1        |ddm|: 9.722356e-02     Tr[DP]  3.776164e-01
 iter:  16:2        |ddm|: 1.537105e-01     Tr[DP]  3.808867e-01
 iter:  17:1        |ddm|: 7.036583e-02     Tr[DP]  3.783693e-01
 iter:  17:2        |ddm|: 1.182733e-01     Tr[DP]  3.812273e-01
 iter:  18:1        |ddm|: 5.614736e-02     Tr[DP]  3.789759e-01
 iter:  18:2        |ddm|: 9.422180e-02     Tr[DP]  3.814045e-01
 iter:  19:1        |ddm|: 5.218522e-02     Tr[DP]  3.792493e-01
 iter:  19:2        |ddm|: 8.752651e-02     Tr[DP]  3.814691e-01
 iter:  20:1        |ddm|: 3.792225e-02     Tr[DP]  3.797157e-01
 iter:  20:2        |ddm|: 6.036531e-02     Tr[DP]  3.815560e-01
 iter:  21:1        |ddm|: 3.360824e-02     Tr[DP]  3.799748e-01
 iter:  21:2        |ddm|: 5.129241e-02     Tr[DP]  3.815202e-01
 iter:  22:1        |ddm|: 2.826739e-02     Tr[DP]  3.802684e-01
 iter:  22:2        |ddm|: 3.858238e-02     Tr[DP]  3.814898e-01
 iter:  23:1        |ddm|: 2.798269e-02     Tr[DP]  3.803355e-01
 iter:  23:2        |ddm|: 3.783148e-02     Tr[DP]  3.814046e-01
 iter:  24:1        |ddm|: 2.552456e-02     Tr[DP]  3.804287e-01
 iter:  24:2        |ddm|: 3.355542e-02     Tr[DP]  3.813403e-01
 iter:  25:1        |ddm|: 2.444221e-02     Tr[DP]  3.805445e-01
 iter:  25:2        |ddm|: 2.904870e-02     Tr[DP]  3.812835e-01
 iter:  26:1        |ddm|: 2.466056e-02     Tr[DP]  3.805647e-01
 iter:  26:2        |ddm|: 2.900130e-02     Tr[DP]  3.812062e-01
 iter:  27:1        |ddm|: 2.388801e-02     Tr[DP]  3.806713e-01
 iter:  27:2        |ddm|: 2.511677e-02     Tr[DP]  3.811652e-01
 iter:  28:1        |ddm|: 2.398173e-02     Tr[DP]  3.807413e-01
 iter:  28:2        |ddm|: 2.377124e-02     Tr[DP]  3.811140e-01
 iter:  29:1        |ddm|: 2.352292e-02     Tr[DP]  3.807017e-01
 iter:  29:2        |ddm|: 2.453098e-02     Tr[DP]  3.810266e-01
 iter:  30:1        |ddm|: 2.291501e-02     Tr[DP]  3.806884e-01
 iter:  30:2        |ddm|: 2.426039e-02     Tr[DP]  3.809611e-01
 iter:  31:1        |ddm|: 2.353109e-02     Tr[DP]  3.805995e-01
 iter:  31:2        |ddm|: 2.623986e-02     Tr[DP]  3.808699e-01
 iter:  32:1        |ddm|: 2.309560e-02     Tr[DP]  3.806364e-01
 iter:  32:2        |ddm|: 2.391686e-02     Tr[DP]  3.808386e-01
 iter:  33:1        |ddm|: 2.358498e-02     Tr[DP]  3.806372e-01
 iter:  33:2        |ddm|: 2.370370e-02     Tr[DP]  3.807779e-01
 iter:  34:1        |ddm|: 2.383341e-02     Tr[DP]  3.806543e-01
 iter:  34:2        |ddm|: 2.338849e-02     Tr[DP]  3.807382e-01
 iter:  35:1        |ddm|: 2.373359e-02     Tr[DP]  3.806607e-01
 iter:  35:2        |ddm|: 2.305516e-02     Tr[DP]  3.807033e-01
 iter:  36:1        |ddm|: 2.541255e-02     Tr[DP]  3.804286e-01
 iter:  36:2        |ddm|: 2.753373e-02     Tr[DP]  3.805523e-01
 iter:  37:1        |ddm|: 2.215437e-02     Tr[DP]  3.804119e-01
 iter:  37:2        |ddm|: 2.460420e-02     Tr[DP]  3.805061e-01
 iter:  38:1        |ddm|: 2.349518e-02     Tr[DP]  3.803207e-01
 iter:  38:2        |ddm|: 2.591379e-02     Tr[DP]  3.804085e-01
 iter:  39:1        |ddm|: 2.328196e-02     Tr[DP]  3.803461e-01
 iter:  39:2        |ddm|: 2.444260e-02     Tr[DP]  3.803948e-01
 iter:  40:1        |ddm|: 2.513297e-02     Tr[DP]  3.801652e-01
 iter:  40:2        |ddm|: 2.686192e-02     Tr[DP]  3.802699e-01
 iter:  41:1        |ddm|: 2.902270e-02     Tr[DP]  3.799197e-01
 iter:  41:2        |ddm|: 3.417706e-02     Tr[DP]  3.800955e-01
 iter:  42:1        |ddm|: 2.492569e-02     Tr[DP]  3.800818e-01
 iter:  42:2        |ddm|: 2.600647e-02     Tr[DP]  3.800697e-01
 iter:  43:1        |ddm|: 2.545726e-02     Tr[DP]  3.800148e-01
 iter:  43:2        |ddm|: 2.580816e-02     Tr[DP]  3.799977e-01
 iter:  44:1        |ddm|: 2.496073e-02     Tr[DP]  3.799234e-01
 iter:  44:2        |ddm|: 2.601459e-02     Tr[DP]  3.799069e-01
 iter:  45:1        |ddm|: 2.445255e-02     Tr[DP]  3.798860e-01
 iter:  45:2        |ddm|: 2.539348e-02     Tr[DP]  3.798429e-01
 iter:  46:1        |ddm|: 2.441464e-02     Tr[DP]  3.798404e-01
 iter:  46:2        |ddm|: 2.491150e-02     Tr[DP]  3.797873e-01
 iter:  47:1        |ddm|: 2.408730e-02     Tr[DP]  3.798044e-01
 iter:  47:2        |ddm|: 2.437609e-02     Tr[DP]  3.797329e-01
 iter:  48:1        |ddm|: 2.415776e-02     Tr[DP]  3.796751e-01
 iter:  48:2        |ddm|: 2.527165e-02     Tr[DP]  3.796420e-01
 iter:  49:1        |ddm|: 2.347227e-02     Tr[DP]  3.795846e-01
 iter:  49:2        |ddm|: 2.551852e-02     Tr[DP]  3.795639e-01
 iter:  50:1        |ddm|: 2.285992e-02     Tr[DP]  3.795596e-01
 iter:  50:2        |ddm|: 2.450157e-02     Tr[DP]  3.795180e-01
 iter:  51:1        |ddm|: 2.320335e-02     Tr[DP]  3.795247e-01
 iter:  51:2        |ddm|: 2.399554e-02     Tr[DP]  3.794687e-01
 iter:  52:1        |ddm|: 2.372385e-02     Tr[DP]  3.793976e-01
 iter:  52:2        |ddm|: 2.511145e-02     Tr[DP]  3.793784e-01
 iter:  53:1        |ddm|: 2.564532e-02     Tr[DP]  3.792217e-01
 iter:  53:2        |ddm|: 2.847870e-02     Tr[DP]  3.792609e-01
 iter:  54:1        |ddm|: 2.257893e-02     Tr[DP]  3.793010e-01
 iter:  54:2        |ddm|: 2.419272e-02     Tr[DP]  3.792477e-01
 iter:  55:1        |ddm|: 2.322639e-02     Tr[DP]  3.792401e-01
 iter:  55:2        |ddm|: 2.371467e-02     Tr[DP]  3.791857e-01
 iter:  56:1        |ddm|: 2.312451e-02     Tr[DP]  3.792138e-01
 iter:  56:2        |ddm|: 2.321073e-02     Tr[DP]  3.791420e-01
 iter:  57:1        |ddm|: 2.370882e-02     Tr[DP]  3.790705e-01
 iter:  57:2        |ddm|: 2.456848e-02     Tr[DP]  3.790474e-01
 iter:  58:1        |ddm|: 2.261012e-02     Tr[DP]  3.789814e-01
 iter:  58:2        |ddm|: 2.476396e-02     Tr[DP]  3.789766e-01
 iter:  59:1        |ddm|: 2.216329e-02     Tr[DP]  3.790340e-01
 iter:  59:2        |ddm|: 2.284200e-02     Tr[DP]  3.789656e-01
 iter:  60:1        |ddm|: 2.271869e-02     Tr[DP]  3.789132e-01
 iter:  60:2        |ddm|: 2.328861e-02     Tr[DP]  3.788860e-01
 iter:  61:1        |ddm|: 2.144548e-02     Tr[DP]  3.788735e-01
 iter:  61:2        |ddm|: 2.264521e-02     Tr[DP]  3.788390e-01
 iter:  62:1        |ddm|: 2.136413e-02     Tr[DP]  3.788191e-01
 iter:  62:2        |ddm|: 2.244832e-02     Tr[DP]  3.787872e-01
 iter:  63:1        |ddm|: 2.110134e-02     Tr[DP]  3.787810e-01
 iter:  63:2        |ddm|: 2.203887e-02     Tr[DP]  3.787433e-01
 iter:  64:1        |ddm|: 2.109659e-02     Tr[DP]  3.787349e-01
 iter:  64:2        |ddm|: 2.182496e-02     Tr[DP]  3.786984e-01
 iter:  65:1        |ddm|: 3.008874e-02     Tr[DP]  3.784680e-01
 iter:  65:2        |ddm|: 3.099900e-02     Tr[DP]  3.785567e-01
 iter:  66:1        |ddm|: 2.644759e-02     Tr[DP]  3.787296e-01
 iter:  66:2        |ddm|: 2.491979e-02     Tr[DP]  3.786237e-01
 iter:  67:1        |ddm|: 2.304810e-02     Tr[DP]  3.785334e-01
 iter:  67:2        |ddm|: 2.229526e-02     Tr[DP]  3.785213e-01
 iter:  68:1        |ddm|: 2.028582e-02     Tr[DP]  3.784899e-01
 iter:  68:2        |ddm|: 2.144378e-02     Tr[DP]  3.784773e-01
 iter:  69:1        |ddm|: 1.970880e-02     Tr[DP]  3.784688e-01
 iter:  69:2        |ddm|: 2.073396e-02     Tr[DP]  3.784417e-01
 iter:  70:1        |ddm|: 2.139329e-02     Tr[DP]  3.783496e-01
 iter:  70:2        |ddm|: 2.252099e-02     Tr[DP]  3.783716e-01
 iter:  71:1        |ddm|: 1.983919e-02     Tr[DP]  3.784108e-01
 iter:  71:2        |ddm|: 2.033708e-02     Tr[DP]  3.783640e-01
 iter:  72:1        |ddm|: 2.120877e-02     Tr[DP]  3.782920e-01
 iter:  72:2        |ddm|: 2.133346e-02     Tr[DP]  3.782939e-01
 iter:  73:1        |ddm|: 2.091502e-02     Tr[DP]  3.782059e-01
 iter:  73:2        |ddm|: 2.231431e-02     Tr[DP]  3.782393e-01
 iter:  74:1        |ddm|: 1.965945e-02     Tr[DP]  3.781436e-01
 iter:  74:2        |ddm|: 2.150159e-02     Tr[DP]  3.781873e-01
 iter:  75:1        |ddm|: 2.670072e-02     Tr[DP]  3.779661e-01
 iter:  75:2        |ddm|: 2.806014e-02     Tr[DP]  3.780850e-01
 iter:  76:1        |ddm|: 1.879437e-02     Tr[DP]  3.781049e-01
 iter:  76:2        |ddm|: 1.924526e-02     Tr[DP]  3.780936e-01
 iter:  77:1        |ddm|: 1.971961e-02     Tr[DP]  3.779750e-01
 iter:  77:2        |ddm|: 1.983876e-02     Tr[DP]  3.780142e-01
 iter:  78:1        |ddm|: 1.645091e-02     Tr[DP]  3.779915e-01
 iter:  78:2        |ddm|: 1.804707e-02     Tr[DP]  3.779736e-01
 iter:  79:1        |ddm|: 1.747144e-02     Tr[DP]  3.779270e-01
 iter:  79:2        |ddm|: 1.814940e-02     Tr[DP]  3.779181e-01
 iter:  80:1        |ddm|: 1.687339e-02     Tr[DP]  3.779029e-01
 iter:  80:2        |ddm|: 1.764528e-02     Tr[DP]  3.778816e-01
 iter:  81:1        |ddm|: 1.716617e-02     Tr[DP]  3.778697e-01
 iter:  81:2        |ddm|: 1.744873e-02     Tr[DP]  3.778442e-01
 iter:  82:1        |ddm|: 1.710902e-02     Tr[DP]  3.778207e-01
 iter:  82:2        |ddm|: 1.767716e-02     Tr[DP]  3.778036e-01
 iter:  83:1        |ddm|: 1.650439e-02     Tr[DP]  3.777887e-01
 iter:  83:2        |ddm|: 1.728072e-02     Tr[DP]  3.777727e-01
 iter:  84:1        |ddm|: 1.603248e-02     Tr[DP]  3.777801e-01
 iter:  84:2        |ddm|: 1.673123e-02     Tr[DP]  3.777512e-01
 iter:  85:1        |ddm|: 1.738372e-02     Tr[DP]  3.777142e-01
 iter:  85:2        |ddm|: 1.758186e-02     Tr[DP]  3.777103e-01
 iter:  86:1        |ddm|: 2.888855e-02     Tr[DP]  3.775320e-01
 iter:  86:2        |ddm|: 2.824932e-02     Tr[DP]  3.776290e-01
 iter:  87:1        |ddm|: 1.587847e-02     Tr[DP]  3.776500e-01
 iter:  87:2        |ddm|: 1.606375e-02     Tr[DP]  3.776439e-01
 iter:  88:1        |ddm|: 1.560495e-02     Tr[DP]  3.776575e-01
 iter:  88:2        |ddm|: 1.543701e-02     Tr[DP]  3.776201e-01
 iter:  89:1        |ddm|: 1.577256e-02     Tr[DP]  3.775920e-01
 iter:  89:2        |ddm|: 1.537360e-02     Tr[DP]  3.775781e-01
 iter:  90:1        |ddm|: 1.544694e-02     Tr[DP]  3.775500e-01
 iter:  90:2        |ddm|: 1.592795e-02     Tr[DP]  3.775482e-01
 iter:  91:1        |ddm|: 1.455954e-02     Tr[DP]  3.775259e-01
 iter:  91:2        |ddm|: 1.539583e-02     Tr[DP]  3.775260e-01
 iter:  92:1        |ddm|: 1.616480e-02     Tr[DP]  3.774679e-01
 iter:  92:2        |ddm|: 1.677826e-02     Tr[DP]  3.774888e-01
 iter:  93:1        |ddm|: 1.293651e-02     Tr[DP]  3.774756e-01
 iter:  93:2        |ddm|: 1.399675e-02     Tr[DP]  3.774762e-01
 iter:  94:1        |ddm|: 1.417810e-02     Tr[DP]  3.774289e-01
 iter:  94:2        |ddm|: 1.462869e-02     Tr[DP]  3.774419e-01
 iter:  95:1        |ddm|: 1.264310e-02     Tr[DP]  3.774186e-01
 iter:  95:2        |ddm|: 1.346537e-02     Tr[DP]  3.774212e-01
 iter:  96:1        |ddm|: 1.428295e-02     Tr[DP]  3.774465e-01
 iter:  96:2        |ddm|: 1.440169e-02     Tr[DP]  3.774199e-01
 iter:  97:1        |ddm|: 1.598041e-02     Tr[DP]  3.773792e-01
 iter:  97:2        |ddm|: 1.495571e-02     Tr[DP]  3.773857e-01
 iter:  98:1        |ddm|: 1.297768e-02     Tr[DP]  3.773729e-01
 iter:  98:2        |ddm|: 1.371841e-02     Tr[DP]  3.773735e-01
 iter:  99:1        |ddm|: 1.376604e-02     Tr[DP]  3.773395e-01
 iter:  99:2        |ddm|: 1.408409e-02     Tr[DP]  3.773535e-01
 iter: 100:1        |ddm|: 1.650923e-02     Tr[DP]  3.772834e-01
 iter: 100:2        |ddm|: 1.662853e-02     Tr[DP]  3.773250e-01
 iter: 101:1        |ddm|: 1.078333e-02     Tr[DP]  3.772996e-01
 iter: 101:2        |ddm|: 1.202623e-02     Tr[DP]  3.773137e-01
 iter: 102:1        |ddm|: 1.281533e-02     Tr[DP]  3.772570e-01
 iter: 102:2        |ddm|: 1.316700e-02     Tr[DP]  3.772847e-01
 iter: 103:1        |ddm|: 1.018117e-02     Tr[DP]  3.772593e-01
 iter: 103:2        |ddm|: 1.092351e-02     Tr[DP]  3.772712e-01
 iter: 104:1        |ddm|: 1.045024e-02     Tr[DP]  3.772424e-01
 iter: 104:2        |ddm|: 1.089108e-02     Tr[DP]  3.772500e-01
 iter: 105:1        |ddm|: 1.019719e-02     Tr[DP]  3.772338e-01
 iter: 105:2        |ddm|: 1.060131e-02     Tr[DP]  3.772361e-01
 iter: 106:1        |ddm|: 1.032382e-02     Tr[DP]  3.772253e-01
 iter: 106:2        |ddm|: 1.063876e-02     Tr[DP]  3.772222e-01
 iter: 107:1        |ddm|: 1.062676e-02     Tr[DP]  3.772093e-01
 iter: 107:2        |ddm|: 1.087564e-02     Tr[DP]  3.772084e-01
 iter: 108:1        |ddm|: 1.034882e-02     Tr[DP]  3.771992e-01
 iter: 108:2        |ddm|: 1.075861e-02     Tr[DP]  3.771978e-01
 iter: 109:1        |ddm|: 1.025597e-02     Tr[DP]  3.771892e-01
 iter: 109:2        |ddm|: 1.064673e-02     Tr[DP]  3.771879e-01
 iter: 110:1        |ddm|: 1.036663e-02     Tr[DP]  3.771752e-01
 iter: 110:2        |ddm|: 1.073947e-02     Tr[DP]  3.771768e-01
 iter: 111:1        |ddm|: 1.002583e-02     Tr[DP]  3.771644e-01
 iter: 111:2        |ddm|: 1.046589e-02     Tr[DP]  3.771668e-01
 iter: 112:1        |ddm|: 9.637622e-03     Tr[DP]  3.771564e-01
 iter: 112:2        |ddm|: 1.009839e-02     Tr[DP]  3.771586e-01
 iter: 113:1        |ddm|: 9.679949e-03     Tr[DP]  3.771476e-01
 iter: 113:2        |ddm|: 1.000623e-02     Tr[DP]  3.771496e-01
 iter: 114:1        |ddm|: 9.850017e-03     Tr[DP]  3.771343e-01
 iter: 114:2        |ddm|: 1.011742e-02     Tr[DP]  3.771394e-01
 iter: 115:1        |ddm|: 9.447422e-03     Tr[DP]  3.771245e-01
 iter: 115:2        |ddm|: 9.754536e-03     Tr[DP]  3.771340e-01
 iter: 116:1        |ddm|: 9.264909e-03     Tr[DP]  3.771172e-01
 iter: 116:2        |ddm|: 9.809641e-03     Tr[DP]  3.771263e-01
 iter: 117:1        |ddm|: 9.052060e-03     Tr[DP]  3.771117e-01
 iter: 117:2        |ddm|: 9.348691e-03     Tr[DP]  3.771177e-01
 iter: 118:1        |ddm|: 8.812052e-03     Tr[DP]  3.771144e-01
 iter: 118:2        |ddm|: 9.324633e-03     Tr[DP]  3.771071e-01
 iter: 119:1        |ddm|: 9.173294e-03     Tr[DP]  3.771081e-01
 iter: 119:2        |ddm|: 9.435207e-03     Tr[DP]  3.770934e-01
 iter: 120:1        |ddm|: 9.676165e-03     Tr[DP]  3.770844e-01
 iter: 120:2        |ddm|: 9.523239e-03     Tr[DP]  3.770900e-01
 iter: 121:1        |ddm|: 2.238141e-02     Tr[DP]  3.770335e-01
 iter: 121:2        |ddm|: 2.057922e-02     Tr[DP]  3.770856e-01
 iter: 122:1        |ddm|: 8.508409e-03     Tr[DP]  3.770416e-01
 iter: 122:2        |ddm|: 9.797466e-03     Tr[DP]  3.770924e-01
 iter: 123:1        |ddm|: 7.086188e-03     Tr[DP]  3.770506e-01
 iter: 123:2        |ddm|: 7.901545e-03     Tr[DP]  3.770845e-01
 iter: 124:1        |ddm|: 7.316925e-03     Tr[DP]  3.770481e-01
 iter: 124:2        |ddm|: 7.748226e-03     Tr[DP]  3.770782e-01
 iter: 125:1        |ddm|: 6.152384e-03     Tr[DP]  3.770480e-01
 iter: 125:2        |ddm|: 6.572349e-03     Tr[DP]  3.770683e-01
 iter: 126:1        |ddm|: 6.018445e-03     Tr[DP]  3.770462e-01
 iter: 126:2        |ddm|: 6.292063e-03     Tr[DP]  3.770599e-01
 iter: 127:1        |ddm|: 6.533140e-03     Tr[DP]  3.770408e-01
 iter: 127:2        |ddm|: 6.673679e-03     Tr[DP]  3.770515e-01
 iter: 128:1        |ddm|: 5.787916e-03     Tr[DP]  3.770364e-01
 iter: 128:2        |ddm|: 6.060222e-03     Tr[DP]  3.770472e-01
 iter: 129:1        |ddm|: 6.033937e-03     Tr[DP]  3.770335e-01
 iter: 129:2        |ddm|: 6.175207e-03     Tr[DP]  3.770411e-01
 iter: 130:1        |ddm|: 6.016737e-03     Tr[DP]  3.770330e-01
 iter: 130:2        |ddm|: 6.271558e-03     Tr[DP]  3.770372e-01
 iter: 131:1        |ddm|: 7.484622e-03     Tr[DP]  3.770269e-01
 iter: 131:2        |ddm|: 7.141872e-03     Tr[DP]  3.770329e-01
 iter: 132:1        |ddm|: 5.685502e-03     Tr[DP]  3.770250e-01
 iter: 132:2        |ddm|: 6.126219e-03     Tr[DP]  3.770298e-01
 iter: 133:1        |ddm|: 5.793863e-03     Tr[DP]  3.770221e-01
 iter: 133:2        |ddm|: 6.018493e-03     Tr[DP]  3.770265e-01
 iter: 134:1        |ddm|: 5.723001e-03     Tr[DP]  3.770196e-01
 iter: 134:2        |ddm|: 5.961918e-03     Tr[DP]  3.770233e-01
 iter: 135:1        |ddm|: 5.826448e-03     Tr[DP]  3.770169e-01
 iter: 135:2        |ddm|: 6.007758e-03     Tr[DP]  3.770207e-01
 iter: 136:1        |ddm|: 5.744882e-03     Tr[DP]  3.770145e-01
 iter: 136:2        |ddm|: 5.963429e-03     Tr[DP]  3.770182e-01
 iter: 137:1        |ddm|: 5.790609e-03     Tr[DP]  3.770119e-01
 iter: 137:2        |ddm|: 5.976412e-03     Tr[DP]  3.770163e-01
 iter: 138:1        |ddm|: 5.722863e-03     Tr[DP]  3.770095e-01
 iter: 138:2        |ddm|: 5.926334e-03     Tr[DP]  3.770144e-01
 iter: 139:1        |ddm|: 6.143307e-03     Tr[DP]  3.770066e-01
 iter: 139:2        |ddm|: 6.240235e-03     Tr[DP]  3.770130e-01
 iter: 140:1        |ddm|: 5.152261e-03     Tr[DP]  3.770039e-01
 iter: 140:2        |ddm|: 5.518299e-03     Tr[DP]  3.770111e-01
 iter: 141:1        |ddm|: 5.173352e-03     Tr[DP]  3.770026e-01
 iter: 141:2        |ddm|: 5.419787e-03     Tr[DP]  3.770078e-01
 iter: 142:1        |ddm|: 5.199667e-03     Tr[DP]  3.770007e-01
 iter: 142:2        |ddm|: 5.451240e-03     Tr[DP]  3.770050e-01
 iter: 143:1        |ddm|: 9.205305e-03     Tr[DP]  3.769961e-01
 iter: 143:2        |ddm|: 8.467532e-03     Tr[DP]  3.770098e-01
 iter: 144:1        |ddm|: 5.493126e-03     Tr[DP]  3.769952e-01
 iter: 144:2        |ddm|: 5.956060e-03     Tr[DP]  3.770116e-01
 iter: 145:1        |ddm|: 5.194226e-03     Tr[DP]  3.769963e-01
 iter: 145:2        |ddm|: 5.447230e-03     Tr[DP]  3.770126e-01
 iter: 146:1        |ddm|: 4.001697e-03     Tr[DP]  3.769971e-01
 iter: 146:2        |ddm|: 4.283119e-03     Tr[DP]  3.770109e-01
 iter: 147:1        |ddm|: 3.762250e-03     Tr[DP]  3.769971e-01
 iter: 147:2        |ddm|: 3.916927e-03     Tr[DP]  3.770086e-01
 iter: 148:1        |ddm|: 4.669321e-03     Tr[DP]  3.769984e-01
 iter: 148:2        |ddm|: 4.555100e-03     Tr[DP]  3.770088e-01
 iter: 149:1        |ddm|: 4.089222e-03     Tr[DP]  3.769966e-01
 iter: 149:2        |ddm|: 4.182795e-03     Tr[DP]  3.770053e-01
 iter: 150:1        |ddm|: 4.471756e-03     Tr[DP]  3.769987e-01
 iter: 150:2        |ddm|: 4.296012e-03     Tr[DP]  3.770055e-01
 iter: 151:1        |ddm|: 3.890234e-03     Tr[DP]  3.769985e-01
 iter: 151:2        |ddm|: 4.043012e-03     Tr[DP]  3.770047e-01
 iter: 152:1        |ddm|: 4.370344e-03     Tr[DP]  3.769992e-01
 iter: 152:2        |ddm|: 4.460709e-03     Tr[DP]  3.770064e-01
 iter: 153:1        |ddm|: 3.411815e-03     Tr[DP]  3.769988e-01
 iter: 153:2        |ddm|: 3.691251e-03     Tr[DP]  3.770059e-01
 iter: 154:1        |ddm|: 3.228672e-03     Tr[DP]  3.769978e-01
 iter: 154:2        |ddm|: 3.407385e-03     Tr[DP]  3.770048e-01
 iter: 155:1        |ddm|: 3.291807e-03     Tr[DP]  3.769985e-01
 iter: 155:2        |ddm|: 3.404742e-03     Tr[DP]  3.770038e-01
 iter: 156:1        |ddm|: 3.637996e-03     Tr[DP]  3.769992e-01
 iter: 156:2        |ddm|: 3.673804e-03     Tr[DP]  3.770047e-01
 iter: 157:1        |ddm|: 3.145750e-03     Tr[DP]  3.769980e-01
 iter: 157:2        |ddm|: 3.315552e-03     Tr[DP]  3.770033e-01
 iter: 158:1        |ddm|: 3.287228e-03     Tr[DP]  3.769984e-01
 iter: 158:2        |ddm|: 3.351193e-03     Tr[DP]  3.770029e-01
 iter: 159:1        |ddm|: 3.379609e-03     Tr[DP]  3.769987e-01
 iter: 159:2        |ddm|: 3.452840e-03     Tr[DP]  3.770032e-01
 iter: 160:1        |ddm|: 3.156066e-03     Tr[DP]  3.769983e-01
 iter: 160:2        |ddm|: 3.308318e-03     Tr[DP]  3.770030e-01
 iter: 161:1        |ddm|: 3.117022e-03     Tr[DP]  3.769980e-01
 iter: 161:2        |ddm|: 3.245347e-03     Tr[DP]  3.770026e-01
 iter: 162:1        |ddm|: 3.179902e-03     Tr[DP]  3.769982e-01
 iter: 162:2        |ddm|: 3.268679e-03     Tr[DP]  3.770027e-01
 iter: 163:1        |ddm|: 3.112746e-03     Tr[DP]  3.769982e-01
 iter: 163:2        |ddm|: 3.226407e-03     Tr[DP]  3.770029e-01
 iter: 164:1        |ddm|: 2.922808e-03     Tr[DP]  3.769974e-01
 iter: 164:2        |ddm|: 3.084299e-03     Tr[DP]  3.770019e-01
 iter: 165:1        |ddm|: 3.026764e-03     Tr[DP]  3.769976e-01
 iter: 165:2        |ddm|: 3.106456e-03     Tr[DP]  3.770017e-01
 iter: 166:1        |ddm|: 3.166678e-03     Tr[DP]  3.769981e-01
 iter: 166:2        |ddm|: 3.216181e-03     Tr[DP]  3.770025e-01
 iter: 167:1        |ddm|: 3.102401e-03     Tr[DP]  3.769985e-01
 iter: 167:2        |ddm|: 3.191994e-03     Tr[DP]  3.770036e-01
 iter: 168:1        |ddm|: 2.695071e-03     Tr[DP]  3.769979e-01
 iter: 168:2        |ddm|: 2.859733e-03     Tr[DP]  3.770032e-01
 iter: 169:1        |ddm|: 2.819180e-03     Tr[DP]  3.769987e-01
 iter: 169:2        |ddm|: 2.883178e-03     Tr[DP]  3.770037e-01
 iter: 170:1        |ddm|: 2.712667e-03     Tr[DP]  3.769992e-01
 iter: 170:2        |ddm|: 2.816465e-03     Tr[DP]  3.770042e-01
 iter: 171:1        |ddm|: 5.239109e-03     Tr[DP]  3.770043e-01
 iter: 171:2        |ddm|: 4.919356e-03     Tr[DP]  3.770117e-01
 iter: 172:1        |ddm|: 3.003902e-03     Tr[DP]  3.769996e-01
 iter: 172:2        |ddm|: 2.822561e-03     Tr[DP]  3.770067e-01
 iter: 173:1        |ddm|: 3.135640e-03     Tr[DP]  3.769982e-01
 iter: 173:2        |ddm|: 3.218243e-03     Tr[DP]  3.770021e-01
 iter: 174:1        |ddm|: 3.797033e-03     Tr[DP]  3.770031e-01
 iter: 174:2        |ddm|: 3.287548e-03     Tr[DP]  3.770062e-01
 iter: 175:1        |ddm|: 2.885283e-03     Tr[DP]  3.770036e-01
 iter: 175:2        |ddm|: 3.016144e-03     Tr[DP]  3.770086e-01
 iter: 176:1        |ddm|: 2.218721e-03     Tr[DP]  3.770033e-01
 iter: 176:2        |ddm|: 2.410723e-03     Tr[DP]  3.770086e-01
 iter: 177:1        |ddm|: 3.401714e-03     Tr[DP]  3.770076e-01
 iter: 177:2        |ddm|: 3.353579e-03     Tr[DP]  3.770126e-01
 iter: 178:1        |ddm|: 1.878936e-03     Tr[DP]  3.770054e-01
 iter: 178:2        |ddm|: 2.036282e-03     Tr[DP]  3.770119e-01
 iter: 179:1        |ddm|: 1.865817e-03     Tr[DP]  3.770068e-01
 iter: 179:2        |ddm|: 1.923881e-03     Tr[DP]  3.770120e-01
 iter: 180:1        |ddm|: 1.853400e-03     Tr[DP]  3.770073e-01
 iter: 180:2        |ddm|: 1.891454e-03     Tr[DP]  3.770118e-01
 iter: 181:1        |ddm|: 1.880964e-03     Tr[DP]  3.770074e-01
 iter: 181:2        |ddm|: 1.927975e-03     Tr[DP]  3.770115e-01
 iter: 182:1        |ddm|: 2.076055e-03     Tr[DP]  3.770095e-01
 iter: 182:2        |ddm|: 2.108098e-03     Tr[DP]  3.770126e-01
 iter: 183:1        |ddm|: 2.160236e-03     Tr[DP]  3.770107e-01
 iter: 183:2        |ddm|: 2.209005e-03     Tr[DP]  3.770144e-01
 iter: 184:1        |ddm|: 1.789676e-03     Tr[DP]  3.770087e-01
 iter: 184:2        |ddm|: 1.867392e-03     Tr[DP]  3.770131e-01
 iter: 185:1        |ddm|: 2.042608e-03     Tr[DP]  3.770112e-01
 iter: 185:2        |ddm|: 1.990902e-03     Tr[DP]  3.770146e-01
 iter: 186:1        |ddm|: 1.859907e-03     Tr[DP]  3.770118e-01
 iter: 186:2        |ddm|: 1.919348e-03     Tr[DP]  3.770155e-01
 iter: 187:1        |ddm|: 2.084471e-03     Tr[DP]  3.770138e-01
 iter: 187:2        |ddm|: 2.093565e-03     Tr[DP]  3.770175e-01
 iter: 188:1        |ddm|: 1.519603e-03     Tr[DP]  3.770129e-01
 iter: 188:2        |ddm|: 1.636116e-03     Tr[DP]  3.770171e-01
 iter: 189:1        |ddm|: 1.552455e-03     Tr[DP]  3.770138e-01
 iter: 189:2        |ddm|: 1.602645e-03     Tr[DP]  3.770173e-01
 iter: 190:1        |ddm|: 1.621477e-03     Tr[DP]  3.770148e-01
 iter: 190:2        |ddm|: 1.645644e-03     Tr[DP]  3.770181e-01
 iter: 191:1        |ddm|: 1.525319e-03     Tr[DP]  3.770150e-01
 iter: 191:2        |ddm|: 1.580929e-03     Tr[DP]  3.770184e-01
 iter: 192:1        |ddm|: 1.509946e-03     Tr[DP]  3.770144e-01
 iter: 192:2        |ddm|: 1.591253e-03     Tr[DP]  3.770175e-01
 iter: 193:1        |ddm|: 2.074929e-03     Tr[DP]  3.770175e-01
 iter: 193:2        |ddm|: 1.964547e-03     Tr[DP]  3.770200e-01
 iter: 194:1        |ddm|: 1.399340e-03     Tr[DP]  3.770163e-01
 iter: 194:2        |ddm|: 1.518115e-03     Tr[DP]  3.770195e-01
 iter: 195:1        |ddm|: 1.411698e-03     Tr[DP]  3.770161e-01
 iter: 195:2        |ddm|: 1.485429e-03     Tr[DP]  3.770190e-01
 iter: 196:1        |ddm|: 1.627756e-03     Tr[DP]  3.770177e-01
 iter: 196:2        |ddm|: 1.600789e-03     Tr[DP]  3.770202e-01
 iter: 197:1        |ddm|: 1.557570e-03     Tr[DP]  3.770185e-01
 iter: 197:2        |ddm|: 1.590460e-03     Tr[DP]  3.770213e-01
 iter: 198:1        |ddm|: 1.382599e-03     Tr[DP]  3.770187e-01
 iter: 198:2        |ddm|: 1.444548e-03     Tr[DP]  3.770218e-01
 iter: 199:1        |ddm|: 2.265773e-03     Tr[DP]  3.770224e-01
 iter: 199:2        |ddm|: 2.178125e-03     Tr[DP]  3.770254e-01
 iter: 200:1        |ddm|: 1.265770e-03     Tr[DP]  3.770198e-01
 iter: 200:2        |ddm|: 1.295410e-03     Tr[DP]  3.770237e-01
 iter: 201:1        |ddm|: 1.161303e-03     Tr[DP]  3.770202e-01
 iter: 201:2        |ddm|: 1.208047e-03     Tr[DP]  3.770232e-01
 iter: 202:1        |ddm|: 1.280328e-03     Tr[DP]  3.770198e-01
 iter: 202:2        |ddm|: 1.334679e-03     Tr[DP]  3.770222e-01
 iter: 203:1        |ddm|: 1.487861e-03     Tr[DP]  3.770218e-01
 iter: 203:2        |ddm|: 1.416240e-03     Tr[DP]  3.770235e-01
 iter: 204:1        |ddm|: 1.469149e-03     Tr[DP]  3.770230e-01
 iter: 204:2        |ddm|: 1.501117e-03     Tr[DP]  3.770249e-01
 iter: 205:1        |ddm|: 1.198179e-03     Tr[DP]  3.770229e-01
 iter: 205:2        |ddm|: 1.283690e-03     Tr[DP]  3.770255e-01
 iter: 206:1        |ddm|: 1.078559e-03     Tr[DP]  3.770227e-01
 iter: 206:2        |ddm|: 1.150508e-03     Tr[DP]  3.770253e-01
 iter: 207:1        |ddm|: 1.158982e-03     Tr[DP]  3.770236e-01
 iter: 207:2        |ddm|: 1.165296e-03     Tr[DP]  3.770259e-01
 iter: 208:1        |ddm|: 1.132226e-03     Tr[DP]  3.770242e-01
 iter: 208:2        |ddm|: 1.163120e-03     Tr[DP]  3.770265e-01
 iter: 209:1        |ddm|: 1.082220e-03     Tr[DP]  3.770247e-01
 iter: 209:2        |ddm|: 1.124416e-03     Tr[DP]  3.770270e-01
 iter: 210:1        |ddm|: 1.019744e-03     Tr[DP]  3.770248e-01
 iter: 210:2        |ddm|: 1.068771e-03     Tr[DP]  3.770271e-01
 iter: 211:1        |ddm|: 1.032916e-03     Tr[DP]  3.770253e-01
 iter: 211:2        |ddm|: 1.066288e-03     Tr[DP]  3.770274e-01
 iter: 212:1        |ddm|: 1.050637e-03     Tr[DP]  3.770259e-01
 iter: 212:2        |ddm|: 1.078511e-03     Tr[DP]  3.770280e-01
 iter: 213:1        |ddm|: 1.059618e-03     Tr[DP]  3.770267e-01
 iter: 213:2        |ddm|: 1.086578e-03     Tr[DP]  3.770287e-01
 iter: 214:1        |ddm|: 9.534509e-04     Tr[DP]  3.770269e-01
 iter: 214:2        |ddm|: 1.002775e-03     Tr[DP]  3.770290e-01
 iter: 215:1        |ddm|: 9.132295e-04     Tr[DP]  3.770270e-01
 iter: 215:2        |ddm|: 9.561476e-04     Tr[DP]  3.770292e-01
 iter: 216:1        |ddm|: 1.211479e-03     Tr[DP]  3.770249e-01
 iter: 216:2        |ddm|: 1.242980e-03     Tr[DP]  3.770272e-01
 iter: 217:1        |ddm|: 1.904061e-03     Tr[DP]  3.770298e-01
 iter: 217:2        |ddm|: 1.681392e-03     Tr[DP]  3.770306e-01
 iter: 218:1        |ddm|: 1.155720e-03     Tr[DP]  3.770299e-01
 iter: 218:2        |ddm|: 1.256467e-03     Tr[DP]  3.770320e-01
 iter: 219:1        |ddm|: 9.236241e-04     Tr[DP]  3.770305e-01
 iter: 219:2        |ddm|: 1.019674e-03     Tr[DP]  3.770329e-01
 iter: 220:1        |ddm|: 9.697034e-04     Tr[DP]  3.770286e-01
 iter: 220:2        |ddm|: 9.556049e-04     Tr[DP]  3.770313e-01
 iter: 221:1        |ddm|: 8.491980e-04     Tr[DP]  3.770303e-01
 iter: 221:2        |ddm|: 7.970114e-04     Tr[DP]  3.770320e-01
 iter: 222:1        |ddm|: 8.583943e-04     Tr[DP]  3.770311e-01
 iter: 222:2        |ddm|: 8.566008e-04     Tr[DP]  3.770327e-01
 iter: 223:1        |ddm|: 7.641488e-04     Tr[DP]  3.770312e-01
 iter: 223:2        |ddm|: 8.010954e-04     Tr[DP]  3.770329e-01
 iter: 224:1        |ddm|: 7.483134e-04     Tr[DP]  3.770309e-01
 iter: 224:2        |ddm|: 7.895100e-04     Tr[DP]  3.770326e-01
 iter: 225:1        |ddm|: 8.276859e-04     Tr[DP]  3.770302e-01
 iter: 225:2        |ddm|: 8.780964e-04     Tr[DP]  3.770317e-01
 iter: 226:1        |ddm|: 8.915217e-04     Tr[DP]  3.770297e-01
 iter: 226:2        |ddm|: 9.487572e-04     Tr[DP]  3.770308e-01
 iter: 227:1        |ddm|: 2.402888e-03     Tr[DP]  3.770355e-01
 iter: 227:2        |ddm|: 2.162825e-03     Tr[DP]  3.770359e-01
 iter: 228:1        |ddm|: 7.682592e-04     Tr[DP]  3.770322e-01
 iter: 228:2        |ddm|: 7.826571e-04     Tr[DP]  3.770346e-01
 iter: 229:1        |ddm|: 6.318672e-04     Tr[DP]  3.770324e-01
 iter: 229:2        |ddm|: 6.682394e-04     Tr[DP]  3.770344e-01
 iter: 230:1        |ddm|: 6.672519e-04     Tr[DP]  3.770325e-01
 iter: 230:2        |ddm|: 6.756985e-04     Tr[DP]  3.770342e-01
 iter: 231:1        |ddm|: 1.142794e-03     Tr[DP]  3.770353e-01
 iter: 231:2        |ddm|: 1.069523e-03     Tr[DP]  3.770363e-01
 iter: 232:1        |ddm|: 5.981119e-04     Tr[DP]  3.770345e-01
 iter: 232:2        |ddm|: 6.640591e-04     Tr[DP]  3.770362e-01
 iter: 233:1        |ddm|: 5.980586e-04     Tr[DP]  3.770349e-01
 iter: 233:2        |ddm|: 6.228415e-04     Tr[DP]  3.770366e-01
 iter: 234:1        |ddm|: 5.714189e-04     Tr[DP]  3.770352e-01
 iter: 234:2        |ddm|: 5.978858e-04     Tr[DP]  3.770367e-01
 iter: 235:1        |ddm|: 5.737677e-04     Tr[DP]  3.770354e-01
 iter: 235:2        |ddm|: 5.929668e-04     Tr[DP]  3.770368e-01
 iter: 236:1        |ddm|: 5.802838e-04     Tr[DP]  3.770356e-01
 iter: 236:2        |ddm|: 5.973730e-04     Tr[DP]  3.770369e-01
 iter: 237:1        |ddm|: 5.813335e-04     Tr[DP]  3.770356e-01
 iter: 237:2        |ddm|: 6.034464e-04     Tr[DP]  3.770368e-01
 iter: 238:1        |ddm|: 6.293315e-04     Tr[DP]  3.770362e-01
 iter: 238:2        |ddm|: 6.354257e-04     Tr[DP]  3.770373e-01
 iter: 239:1        |ddm|: 7.398909e-04     Tr[DP]  3.770373e-01
 iter: 239:2        |ddm|: 7.385985e-04     Tr[DP]  3.770383e-01
 iter: 240:1        |ddm|: 5.688629e-04     Tr[DP]  3.770374e-01
 iter: 240:2        |ddm|: 6.155742e-04     Tr[DP]  3.770387e-01
 iter: 241:1        |ddm|: 4.887648e-04     Tr[DP]  3.770374e-01
 iter: 241:2        |ddm|: 5.240765e-04     Tr[DP]  3.770388e-01
 iter: 242:1        |ddm|: 4.896599e-04     Tr[DP]  3.770373e-01
 iter: 242:2        |ddm|: 5.087094e-04     Tr[DP]  3.770387e-01
 iter: 243:1        |ddm|: 6.907529e-04     Tr[DP]  3.770389e-01
 iter: 243:2        |ddm|: 6.659547e-04     Tr[DP]  3.770398e-01
 iter: 244:1        |ddm|: 4.686175e-04     Tr[DP]  3.770387e-01
 iter: 244:2        |ddm|: 5.099309e-04     Tr[DP]  3.770400e-01
 iter: 245:1        |ddm|: 4.520311e-04     Tr[DP]  3.770389e-01
 iter: 245:2        |ddm|: 4.746388e-04     Tr[DP]  3.770401e-01
 iter: 246:1        |ddm|: 4.430206e-04     Tr[DP]  3.770389e-01
 iter: 246:2        |ddm|: 4.611617e-04     Tr[DP]  3.770401e-01
 iter: 247:1        |ddm|: 5.527016e-04     Tr[DP]  3.770399e-01
 iter: 247:2        |ddm|: 5.369325e-04     Tr[DP]  3.770408e-01
 iter: 248:1        |ddm|: 5.536366e-04     Tr[DP]  3.770406e-01
 iter: 248:2        |ddm|: 5.703069e-04     Tr[DP]  3.770416e-01
 iter: 249:1        |ddm|: 3.935389e-04     Tr[DP]  3.770402e-01
 iter: 249:2        |ddm|: 4.215392e-04     Tr[DP]  3.770414e-01
 iter: 250:1        |ddm|: 4.182332e-04     Tr[DP]  3.770407e-01
 iter: 250:2        |ddm|: 4.214988e-04     Tr[DP]  3.770418e-01
 iter: 251:1        |ddm|: 3.931403e-04     Tr[DP]  3.770408e-01
 iter: 251:2        |ddm|: 4.077734e-04     Tr[DP]  3.770419e-01
 iter: 252:1        |ddm|: 3.959998e-04     Tr[DP]  3.770408e-01
 iter: 252:2        |ddm|: 4.113440e-04     Tr[DP]  3.770418e-01
 iter: 253:1        |ddm|: 4.483189e-04     Tr[DP]  3.770414e-01
 iter: 253:2        |ddm|: 4.427224e-04     Tr[DP]  3.770422e-01
 iter: 254:1        |ddm|: 4.242573e-04     Tr[DP]  3.770417e-01
 iter: 254:2        |ddm|: 4.378978e-04     Tr[DP]  3.770425e-01
 iter: 255:1        |ddm|: 3.889025e-04     Tr[DP]  3.770419e-01
 iter: 255:2        |ddm|: 4.087433e-04     Tr[DP]  3.770428e-01
 iter: 256:1        |ddm|: 3.659722e-04     Tr[DP]  3.770416e-01
 iter: 256:2        |ddm|: 3.877210e-04     Tr[DP]  3.770425e-01
 iter: 257:1        |ddm|: 3.903413e-04     Tr[DP]  3.770420e-01
 iter: 257:2        |ddm|: 3.916034e-04     Tr[DP]  3.770427e-01
 iter: 258:1        |ddm|: 3.699125e-04     Tr[DP]  3.770419e-01
 iter: 258:2        |ddm|: 3.863346e-04     Tr[DP]  3.770427e-01
 iter: 259:1        |ddm|: 3.821080e-04     Tr[DP]  3.770417e-01
 iter: 259:2        |ddm|: 4.002712e-04     Tr[DP]  3.770424e-01
 iter: 260:1        |ddm|: 5.482554e-04     Tr[DP]  3.770428e-01
 iter: 260:2        |ddm|: 5.189197e-04     Tr[DP]  3.770433e-01
 iter: 261:1        |ddm|: 3.397755e-04     Tr[DP]  3.770424e-01
 iter: 261:2        |ddm|: 3.759288e-04     Tr[DP]  3.770431e-01
 iter: 262:1        |ddm|: 3.454985e-04     Tr[DP]  3.770425e-01
 iter: 262:2        |ddm|: 3.595582e-04     Tr[DP]  3.770432e-01
 iter: 263:1        |ddm|: 3.888239e-04     Tr[DP]  3.770430e-01
 iter: 263:2        |ddm|: 3.861145e-04     Tr[DP]  3.770436e-01
 iter: 264:1        |ddm|: 3.203821e-04     Tr[DP]  3.770427e-01
 iter: 264:2        |ddm|: 3.400248e-04     Tr[DP]  3.770435e-01
 iter: 265:1        |ddm|: 4.945366e-04     Tr[DP]  3.770416e-01
 iter: 265:2        |ddm|: 5.025315e-04     Tr[DP]  3.770425e-01
 iter: 266:1        |ddm|: 5.481783e-04     Tr[DP]  3.770431e-01
 iter: 266:2        |ddm|: 4.742156e-04     Tr[DP]  3.770435e-01
 iter: 267:1        |ddm|: 3.642668e-04     Tr[DP]  3.770430e-01
 iter: 267:2        |ddm|: 3.981174e-04     Tr[DP]  3.770436e-01
 iter: 268:1        |ddm|: 4.634755e-04     Tr[DP]  3.770437e-01
 iter: 268:2        |ddm|: 4.687976e-04     Tr[DP]  3.770443e-01
 iter: 269:1        |ddm|: 4.684893e-04     Tr[DP]  3.770445e-01
 iter: 269:2        |ddm|: 5.041648e-04     Tr[DP]  3.770450e-01
 iter: 270:1        |ddm|: 3.002506e-04     Tr[DP]  3.770435e-01
 iter: 270:2        |ddm|: 3.011571e-04     Tr[DP]  3.770445e-01
 iter: 271:1        |ddm|: 5.661348e-04     Tr[DP]  3.770453e-01
 iter: 271:2        |ddm|: 5.257385e-04     Tr[DP]  3.770459e-01
 iter: 272:1        |ddm|: 2.434996e-04     Tr[DP]  3.770448e-01
 iter: 272:2        |ddm|: 2.548943e-04     Tr[DP]  3.770457e-01
 iter: 273:1        |ddm|: 2.246942e-04     Tr[DP]  3.770450e-01
 iter: 273:2        |ddm|: 2.301805e-04     Tr[DP]  3.770458e-01
 iter: 274:1        |ddm|: 2.330846e-04     Tr[DP]  3.770453e-01
 iter: 274:2        |ddm|: 2.333867e-04     Tr[DP]  3.770459e-01
 iter: 275:1        |ddm|: 2.344270e-04     Tr[DP]  3.770455e-01
 iter: 275:2        |ddm|: 2.379308e-04     Tr[DP]  3.770461e-01
 iter: 276:1        |ddm|: 2.268368e-04     Tr[DP]  3.770455e-01
 iter: 276:2        |ddm|: 2.342613e-04     Tr[DP]  3.770461e-01
 iter: 277:1        |ddm|: 2.447615e-04     Tr[DP]  3.770458e-01
 iter: 277:2        |ddm|: 2.453637e-04     Tr[DP]  3.770463e-01
 iter: 278:1        |ddm|: 2.330876e-04     Tr[DP]  3.770459e-01
 iter: 278:2        |ddm|: 2.421422e-04     Tr[DP]  3.770464e-01
 iter: 279:1        |ddm|: 2.230766e-04     Tr[DP]  3.770460e-01
 iter: 279:2        |ddm|: 2.339498e-04     Tr[DP]  3.770465e-01
 iter: 280:1        |ddm|: 2.244184e-04     Tr[DP]  3.770461e-01
 iter: 280:2        |ddm|: 2.323604e-04     Tr[DP]  3.770466e-01
 iter: 281:1        |ddm|: 2.387021e-04     Tr[DP]  3.770463e-01
 iter: 281:2        |ddm|: 2.414030e-04     Tr[DP]  3.770468e-01
 iter: 282:1        |ddm|: 2.293268e-04     Tr[DP]  3.770465e-01
 iter: 282:2        |ddm|: 2.373322e-04     Tr[DP]  3.770470e-01
 iter: 283:1        |ddm|: 2.056661e-04     Tr[DP]  3.770466e-01
 iter: 283:2        |ddm|: 2.174160e-04     Tr[DP]  3.770471e-01
 iter: 284:1        |ddm|: 2.378475e-04     Tr[DP]  3.770469e-01
 iter: 284:2        |ddm|: 2.398697e-04     Tr[DP]  3.770474e-01
 iter: 285:1        |ddm|: 1.852356e-04     Tr[DP]  3.770469e-01
 iter: 285:2        |ddm|: 1.983161e-04     Tr[DP]  3.770474e-01
 iter: 286:1        |ddm|: 2.569704e-04     Tr[DP]  3.770475e-01
 iter: 286:2        |ddm|: 2.528804e-04     Tr[DP]  3.770479e-01
 iter: 287:1        |ddm|: 1.696913e-04     Tr[DP]  3.770472e-01
 iter: 287:2        |ddm|: 1.812219e-04     Tr[DP]  3.770478e-01
 iter: 288:1        |ddm|: 1.711614e-04     Tr[DP]  3.770473e-01
 iter: 288:2        |ddm|: 1.753542e-04     Tr[DP]  3.770478e-01
 iter: 289:1        |ddm|: 1.757936e-04     Tr[DP]  3.770474e-01
 iter: 289:2        |ddm|: 1.794715e-04     Tr[DP]  3.770479e-01
 iter: 290:1        |ddm|: 1.837670e-04     Tr[DP]  3.770476e-01
 iter: 290:2        |ddm|: 1.857281e-04     Tr[DP]  3.770480e-01
 iter: 291:1        |ddm|: 1.868731e-04     Tr[DP]  3.770478e-01
 iter: 291:2        |ddm|: 1.907118e-04     Tr[DP]  3.770481e-01
 iter: 292:1        |ddm|: 1.716639e-04     Tr[DP]  3.770478e-01
 iter: 292:2        |ddm|: 1.801606e-04     Tr[DP]  3.770482e-01
 iter: 293:1        |ddm|: 2.113778e-04     Tr[DP]  3.770482e-01
 iter: 293:2        |ddm|: 2.116174e-04     Tr[DP]  3.770485e-01
 iter: 294:1        |ddm|: 1.509533e-04     Tr[DP]  3.770481e-01
 iter: 294:2        |ddm|: 1.639251e-04     Tr[DP]  3.770486e-01
 iter: 295:1        |ddm|: 1.557502e-04     Tr[DP]  3.770483e-01
 iter: 295:2        |ddm|: 1.608453e-04     Tr[DP]  3.770487e-01
 iter: 296:1        |ddm|: 1.418199e-04     Tr[DP]  3.770483e-01
 iter: 296:2        |ddm|: 1.488949e-04     Tr[DP]  3.770487e-01
 iter: 297:1        |ddm|: 1.531908e-04     Tr[DP]  3.770482e-01
 iter: 297:2        |ddm|: 1.594187e-04     Tr[DP]  3.770486e-01
 iter: 298:1        |ddm|: 1.667026e-04     Tr[DP]  3.770484e-01
 iter: 298:2        |ddm|: 1.613721e-04     Tr[DP]  3.770487e-01
 iter: 299:1        |ddm|: 2.152223e-04     Tr[DP]  3.770488e-01
 iter: 299:2        |ddm|: 2.102462e-04     Tr[DP]  3.770491e-01
 iter: 300:1        |ddm|: 1.352504e-04     Tr[DP]  3.770486e-01
 iter: 300:2        |ddm|: 1.456463e-04     Tr[DP]  3.770490e-01
 iter: 301:1        |ddm|: 1.363466e-04     Tr[DP]  3.770487e-01
 iter: 301:2        |ddm|: 1.398447e-04     Tr[DP]  3.770490e-01
 iter: 302:1        |ddm|: 1.581735e-04     Tr[DP]  3.770489e-01
 iter: 302:2        |ddm|: 1.563267e-04     Tr[DP]  3.770492e-01
 iter: 303:1        |ddm|: 1.283740e-04     Tr[DP]  3.770489e-01
 iter: 303:2        |ddm|: 1.368114e-04     Tr[DP]  3.770492e-01
 iter: 304:1        |ddm|: 1.284907e-04     Tr[DP]  3.770489e-01
 iter: 304:2        |ddm|: 1.338932e-04     Tr[DP]  3.770492e-01
 iter: 305:1        |ddm|: 1.308651e-04     Tr[DP]  3.770490e-01
 iter: 305:2        |ddm|: 1.347625e-04     Tr[DP]  3.770493e-01
 iter: 306:1        |ddm|: 1.566775e-04     Tr[DP]  3.770492e-01
 iter: 306:2        |ddm|: 1.550336e-04     Tr[DP]  3.770495e-01
 iter: 307:1        |ddm|: 1.191169e-04     Tr[DP]  3.770492e-01
 iter: 307:2        |ddm|: 1.282797e-04     Tr[DP]  3.770495e-01
 iter: 308:1        |ddm|: 1.177696e-04     Tr[DP]  3.770491e-01
 iter: 308:2        |ddm|: 1.242337e-04     Tr[DP]  3.770494e-01
 iter: 309:1        |ddm|: 3.096276e-04     Tr[DP]  3.770500e-01
 iter: 309:2        |ddm|: 2.878803e-04     Tr[DP]  3.770501e-01
 iter: 310:1        |ddm|: 1.826655e-04     Tr[DP]  3.770492e-01
 iter: 310:2        |ddm|: 1.619162e-04     Tr[DP]  3.770497e-01
 iter: 311:1        |ddm|: 1.119424e-04     Tr[DP]  3.770495e-01
 iter: 311:2        |ddm|: 1.053622e-04     Tr[DP]  3.770498e-01
 iter: 312:1        |ddm|: 1.094598e-04     Tr[DP]  3.770496e-01
 iter: 312:2        |ddm|: 1.106937e-04     Tr[DP]  3.770498e-01
 iter: 313:1        |ddm|: 1.110507e-04     Tr[DP]  3.770497e-01
 iter: 313:2        |ddm|: 1.134611e-04     Tr[DP]  3.770499e-01
 iter: 314:1        |ddm|: 1.217281e-04     Tr[DP]  3.770498e-01
 iter: 314:2        |ddm|: 1.227836e-04     Tr[DP]  3.770500e-01
 iter: 315:1        |ddm|: 1.120920e-04     Tr[DP]  3.770499e-01
 iter: 315:2        |ddm|: 1.174173e-04     Tr[DP]  3.770501e-01
 iter: 316:1        |ddm|: 1.309478e-04     Tr[DP]  3.770501e-01
 iter: 316:2        |ddm|: 1.335301e-04     Tr[DP]  3.770504e-01
 iter: 317:1        |ddm|: 8.744207e-05     Tr[DP]  3.770500e-01
 iter: 317:2        |ddm|: 9.346718e-05     Tr[DP]  3.770503e-01
 iter: 318:1        |ddm|: 1.219059e-04     Tr[DP]  3.770503e-01
 iter: 318:2        |ddm|: 1.169717e-04     Tr[DP]  3.770505e-01
 iter: 319:1        |ddm|: 1.094089e-04     Tr[DP]  3.770500e-01
 iter: 319:2        |ddm|: 1.085102e-04     Tr[DP]  3.770503e-01
 iter: 320:1        |ddm|: 1.022136e-04     Tr[DP]  3.770500e-01
 iter: 320:2        |ddm|: 1.054305e-04     Tr[DP]  3.770502e-01
 iter: 321:1        |ddm|: 1.186691e-04     Tr[DP]  3.770503e-01
 iter: 321:2        |ddm|: 1.093262e-04     Tr[DP]  3.770504e-01
 iter: 322:1        |ddm|: 1.132299e-04     Tr[DP]  3.770504e-01
 iter: 322:2        |ddm|: 1.150008e-04     Tr[DP]  3.770505e-01
 iter: 323:1        |ddm|: 8.844331e-05     Tr[DP]  3.770504e-01
 iter: 323:2        |ddm|: 9.571750e-05     Tr[DP]  3.770506e-01
 iter: 324:1        |ddm|: 8.038303e-05     Tr[DP]  3.770503e-01
 iter: 324:2        |ddm|: 8.567481e-05     Tr[DP]  3.770506e-01
 iter: 325:1        |ddm|: 8.237086e-05     Tr[DP]  3.770504e-01
 iter: 325:2        |ddm|: 8.513516e-05     Tr[DP]  3.770506e-01
 iter: 326:1        |ddm|: 8.819437e-05     Tr[DP]  3.770505e-01
 iter: 326:2        |ddm|: 8.942649e-05     Tr[DP]  3.770507e-01
 iter: 327:1        |ddm|: 8.247735e-05     Tr[DP]  3.770506e-01
 iter: 327:2        |ddm|: 8.625471e-05     Tr[DP]  3.770507e-01
 iter: 328:1        |ddm|: 7.469895e-05     Tr[DP]  3.770506e-01
 iter: 328:2        |ddm|: 7.938415e-05     Tr[DP]  3.770507e-01
 iter: 329:1        |ddm|: 8.355782e-05     Tr[DP]  3.770507e-01
 iter: 329:2        |ddm|: 8.438927e-05     Tr[DP]  3.770508e-01
 iter: 330:1        |ddm|: 1.000869e-04     Tr[DP]  3.770509e-01
 iter: 330:2        |ddm|: 1.015371e-04     Tr[DP]  3.770510e-01
 iter: 331:1        |ddm|: 6.520362e-05     Tr[DP]  3.770508e-01
 iter: 331:2        |ddm|: 7.018837e-05     Tr[DP]  3.770510e-01
 iter: 332:1        |ddm|: 6.580120e-05     Tr[DP]  3.770508e-01
 iter: 332:2        |ddm|: 6.775436e-05     Tr[DP]  3.770510e-01
 iter: 333:1        |ddm|: 6.832717e-05     Tr[DP]  3.770508e-01
 iter: 333:2        |ddm|: 6.932247e-05     Tr[DP]  3.770510e-01
 iter: 334:1        |ddm|: 7.134136e-05     Tr[DP]  3.770509e-01
 iter: 334:2        |ddm|: 7.208722e-05     Tr[DP]  3.770510e-01
 iter: 335:1        |ddm|: 7.159449e-05     Tr[DP]  3.770509e-01
 iter: 335:2        |ddm|: 7.355135e-05     Tr[DP]  3.770510e-01
 iter: 336:1        |ddm|: 7.377863e-05     Tr[DP]  3.770510e-01
 iter: 336:2        |ddm|: 7.606784e-05     Tr[DP]  3.770511e-01
 iter: 337:1        |ddm|: 6.474888e-05     Tr[DP]  3.770510e-01
 iter: 337:2        |ddm|: 6.902494e-05     Tr[DP]  3.770512e-01
 iter: 338:1        |ddm|: 6.296329e-05     Tr[DP]  3.770511e-01
 iter: 338:2        |ddm|: 6.610819e-05     Tr[DP]  3.770512e-01
 iter: 339:1        |ddm|: 6.574412e-05     Tr[DP]  3.770511e-01
 iter: 339:2        |ddm|: 6.780915e-05     Tr[DP]  3.770513e-01
 iter: 340:1        |ddm|: 5.753071e-05     Tr[DP]  3.770512e-01
 iter: 340:2        |ddm|: 6.096250e-05     Tr[DP]  3.770513e-01
 iter: 341:1        |ddm|: 5.704622e-05     Tr[DP]  3.770512e-01
 iter: 341:2        |ddm|: 5.892361e-05     Tr[DP]  3.770513e-01
 iter: 342:1        |ddm|: 5.487490e-05     Tr[DP]  3.770512e-01
 iter: 342:2        |ddm|: 5.704734e-05     Tr[DP]  3.770513e-01
 iter: 343:1        |ddm|: 7.772658e-05     Tr[DP]  3.770514e-01
 iter: 343:2        |ddm|: 7.405968e-05     Tr[DP]  3.770515e-01
 iter: 344:1        |ddm|: 5.320910e-05     Tr[DP]  3.770514e-01
 iter: 344:2        |ddm|: 5.760000e-05     Tr[DP]  3.770515e-01
 iter: 345:1        |ddm|: 4.908136e-05     Tr[DP]  3.770513e-01
 iter: 345:2        |ddm|: 5.191494e-05     Tr[DP]  3.770515e-01
 iter: 346:1        |ddm|: 5.180005e-05     Tr[DP]  3.770514e-01
 iter: 346:2        |ddm|: 5.240285e-05     Tr[DP]  3.770515e-01
 iter: 347:1        |ddm|: 5.112332e-05     Tr[DP]  3.770514e-01
 iter: 347:2        |ddm|: 5.262462e-05     Tr[DP]  3.770515e-01
 iter: 348:1        |ddm|: 4.920728e-05     Tr[DP]  3.770514e-01
 iter: 348:2        |ddm|: 5.157410e-05     Tr[DP]  3.770515e-01
 iter: 349:1        |ddm|: 5.298919e-05     Tr[DP]  3.770515e-01
 iter: 349:2        |ddm|: 5.346491e-05     Tr[DP]  3.770516e-01
 iter: 350:1        |ddm|: 5.084576e-05     Tr[DP]  3.770515e-01
 iter: 350:2        |ddm|: 5.275843e-05     Tr[DP]  3.770516e-01
 iter: 351:1        |ddm|: 4.867129e-05     Tr[DP]  3.770515e-01
 iter: 351:2        |ddm|: 5.084910e-05     Tr[DP]  3.770516e-01
 iter: 352:1        |ddm|: 4.717013e-05     Tr[DP]  3.770515e-01
 iter: 352:2        |ddm|: 4.926635e-05     Tr[DP]  3.770516e-01
 iter: 353:1        |ddm|: 4.617686e-05     Tr[DP]  3.770515e-01
 iter: 353:2        |ddm|: 4.810569e-05     Tr[DP]  3.770516e-01
 iter: 354:1        |ddm|: 5.238868e-05     Tr[DP]  3.770514e-01
 iter: 354:2        |ddm|: 5.454523e-05     Tr[DP]  3.770516e-01
 iter: 355:1        |ddm|: 6.516241e-05     Tr[DP]  3.770516e-01
 iter: 355:2        |ddm|: 5.989108e-05     Tr[DP]  3.770517e-01
 iter: 356:1        |ddm|: 4.685489e-05     Tr[DP]  3.770515e-01
 iter: 356:2        |ddm|: 5.007218e-05     Tr[DP]  3.770516e-01
 iter: 357:1        |ddm|: 7.586747e-05     Tr[DP]  3.770517e-01
 iter: 357:2        |ddm|: 7.088928e-05     Tr[DP]  3.770518e-01
 iter: 358:1        |ddm|: 4.160322e-05     Tr[DP]  3.770517e-01
 iter: 358:2        |ddm|: 4.661772e-05     Tr[DP]  3.770518e-01
 iter: 359:1        |ddm|: 4.067192e-05     Tr[DP]  3.770517e-01
 iter: 359:2        |ddm|: 4.309379e-05     Tr[DP]  3.770518e-01
 iter: 360:1        |ddm|: 6.319213e-05     Tr[DP]  3.770518e-01
 iter: 360:2        |ddm|: 6.230833e-05     Tr[DP]  3.770519e-01
 iter: 361:1        |ddm|: 3.571501e-05     Tr[DP]  3.770518e-01
 iter: 361:2        |ddm|: 4.026456e-05     Tr[DP]  3.770519e-01
 iter: 362:1        |ddm|: 3.392788e-05     Tr[DP]  3.770518e-01
 iter: 362:2        |ddm|: 3.514205e-05     Tr[DP]  3.770519e-01
 iter: 363:1        |ddm|: 3.401487e-05     Tr[DP]  3.770518e-01
 iter: 363:2        |ddm|: 3.357389e-05     Tr[DP]  3.770519e-01
 iter: 364:1        |ddm|: 3.410716e-05     Tr[DP]  3.770519e-01
 iter: 364:2        |ddm|: 3.466061e-05     Tr[DP]  3.770519e-01
 iter: 365:1        |ddm|: 3.461467e-05     Tr[DP]  3.770519e-01
 iter: 365:2        |ddm|: 3.542599e-05     Tr[DP]  3.770520e-01
 iter: 366:1        |ddm|: 3.544557e-05     Tr[DP]  3.770519e-01
 iter: 366:2        |ddm|: 3.619831e-05     Tr[DP]  3.770520e-01
 iter: 367:1        |ddm|: 3.656280e-05     Tr[DP]  3.770519e-01
 iter: 367:2        |ddm|: 3.746167e-05     Tr[DP]  3.770520e-01
 iter: 368:1        |ddm|: 3.257787e-05     Tr[DP]  3.770520e-01
 iter: 368:2        |ddm|: 3.439187e-05     Tr[DP]  3.770520e-01
 iter: 369:1        |ddm|: 4.927810e-05     Tr[DP]  3.770521e-01
 iter: 369:2        |ddm|: 4.787461e-05     Tr[DP]  3.770521e-01
 iter: 370:1        |ddm|: 3.232405e-05     Tr[DP]  3.770520e-01
 iter: 370:2        |ddm|: 3.302532e-05     Tr[DP]  3.770521e-01
 iter: 371:1        |ddm|: 3.949971e-05     Tr[DP]  3.770521e-01
 iter: 371:2        |ddm|: 3.680861e-05     Tr[DP]  3.770521e-01
 iter: 372:1        |ddm|: 2.718331e-05     Tr[DP]  3.770520e-01
 iter: 372:2        |ddm|: 2.906718e-05     Tr[DP]  3.770521e-01
 iter: 373:1        |ddm|: 2.779525e-05     Tr[DP]  3.770521e-01
 iter: 373:2        |ddm|: 2.859114e-05     Tr[DP]  3.770521e-01
 iter: 374:1        |ddm|: 3.578140e-05     Tr[DP]  3.770521e-01
 iter: 374:2        |ddm|: 3.481505e-05     Tr[DP]  3.770522e-01
 iter: 375:1        |ddm|: 2.656342e-05     Tr[DP]  3.770521e-01
 iter: 375:2        |ddm|: 2.814715e-05     Tr[DP]  3.770522e-01
 iter: 376:1        |ddm|: 2.888253e-05     Tr[DP]  3.770521e-01
 iter: 376:2        |ddm|: 2.867830e-05     Tr[DP]  3.770522e-01
 iter: 377:1        |ddm|: 2.742831e-05     Tr[DP]  3.770522e-01
 iter: 377:2        |ddm|: 2.831232e-05     Tr[DP]  3.770522e-01
 iter: 378:1        |ddm|: 2.743198e-05     Tr[DP]  3.770522e-01
 iter: 378:2        |ddm|: 2.834193e-05     Tr[DP]  3.770522e-01
 iter: 379:1        |ddm|: 2.864595e-05     Tr[DP]  3.770522e-01
 iter: 379:2        |ddm|: 2.940631e-05     Tr[DP]  3.770523e-01
 iter: 380:1        |ddm|: 2.308132e-05     Tr[DP]  3.770522e-01
 iter: 380:2        |ddm|: 2.464864e-05     Tr[DP]  3.770523e-01
 iter: 381:1        |ddm|: 2.668078e-05     Tr[DP]  3.770522e-01
 iter: 381:2        |ddm|: 2.640611e-05     Tr[DP]  3.770523e-01
 iter: 382:1        |ddm|: 2.248959e-05     Tr[DP]  3.770522e-01
 iter: 382:2        |ddm|: 2.382707e-05     Tr[DP]  3.770523e-01
 iter: 383:1        |ddm|: 2.504222e-05     Tr[DP]  3.770523e-01
 iter: 383:2        |ddm|: 2.510558e-05     Tr[DP]  3.770523e-01
 iter: 384:1        |ddm|: 2.208071e-05     Tr[DP]  3.770523e-01
 iter: 384:2        |ddm|: 2.325164e-05     Tr[DP]  3.770523e-01
 iter: 385:1        |ddm|: 2.210305e-05     Tr[DP]  3.770523e-01
 iter: 385:2        |ddm|: 2.294422e-05     Tr[DP]  3.770523e-01
 iter: 386:1        |ddm|: 2.334018e-05     Tr[DP]  3.770523e-01
 iter: 386:2        |ddm|: 2.372429e-05     Tr[DP]  3.770523e-01
 iter: 387:1        |ddm|: 2.141883e-05     Tr[DP]  3.770523e-01
 iter: 387:2        |ddm|: 2.257298e-05     Tr[DP]  3.770523e-01
 iter: 388:1        |ddm|: 2.224744e-05     Tr[DP]  3.770523e-01
 iter: 388:2        |ddm|: 2.283520e-05     Tr[DP]  3.770524e-01
 iter: 389:1        |ddm|: 2.139757e-05     Tr[DP]  3.770523e-01
 iter: 389:2        |ddm|: 2.230091e-05     Tr[DP]  3.770524e-01
 iter: 390:1        |ddm|: 2.155838e-05     Tr[DP]  3.770523e-01
 iter: 390:2        |ddm|: 2.226444e-05     Tr[DP]  3.770524e-01
 iter: 391:1        |ddm|: 2.031377e-05     Tr[DP]  3.770523e-01
 iter: 391:2        |ddm|: 2.131518e-05     Tr[DP]  3.770524e-01
 iter: 392:1        |ddm|: 2.028196e-05     Tr[DP]  3.770523e-01
 iter: 392:2        |ddm|: 2.103453e-05     Tr[DP]  3.770524e-01
 iter: 393:1        |ddm|: 1.999724e-05     Tr[DP]  3.770523e-01
 iter: 393:2        |ddm|: 2.082836e-05     Tr[DP]  3.770524e-01
 iter: 394:1        |ddm|: 1.967802e-05     Tr[DP]  3.770524e-01
 iter: 394:2        |ddm|: 2.062155e-05     Tr[DP]  3.770524e-01
 iter: 395:1        |ddm|: 2.586188e-05     Tr[DP]  3.770524e-01
 iter: 395:2        |ddm|: 2.502897e-05     Tr[DP]  3.770524e-01
 iter: 396:1        |ddm|: 1.866297e-05     Tr[DP]  3.770524e-01
 iter: 396:2        |ddm|: 2.016816e-05     Tr[DP]  3.770524e-01
 iter: 397:1        |ddm|: 3.507533e-05     Tr[DP]  3.770525e-01
 iter: 397:2        |ddm|: 3.371484e-05     Tr[DP]  3.770525e-01
 iter: 398:1        |ddm|: 1.549507e-05     Tr[DP]  3.770524e-01
 iter: 398:2        |ddm|: 1.705475e-05     Tr[DP]  3.770525e-01
 iter: 399:1        |ddm|: 1.599668e-05     Tr[DP]  3.770525e-01
 iter: 399:2        |ddm|: 1.640183e-05     Tr[DP]  3.770525e-01
 iter: 400:1        |ddm|: 1.423563e-05     Tr[DP]  3.770525e-01
 iter: 400:2        |ddm|: 1.486760e-05     Tr[DP]  3.770525e-01
 iter: 401:1        |ddm|: 1.501854e-05     Tr[DP]  3.770525e-01
 iter: 401:2        |ddm|: 1.553035e-05     Tr[DP]  3.770525e-01
 iter: 402:1        |ddm|: 1.601241e-05     Tr[DP]  3.770525e-01
 iter: 402:2        |ddm|: 1.581692e-05     Tr[DP]  3.770525e-01
 iter: 403:1        |ddm|: 1.675756e-05     Tr[DP]  3.770525e-01
 iter: 403:2        |ddm|: 1.679838e-05     Tr[DP]  3.770525e-01
 iter: 404:1        |ddm|: 1.461642e-05     Tr[DP]  3.770525e-01
 iter: 404:2        |ddm|: 1.562306e-05     Tr[DP]  3.770525e-01
 iter: 405:1        |ddm|: 2.321512e-05     Tr[DP]  3.770525e-01
 iter: 405:2        |ddm|: 2.174737e-05     Tr[DP]  3.770526e-01
 iter: 406:1        |ddm|: 3.900451e-05     Tr[DP]  3.770526e-01
 iter: 406:2        |ddm|: 3.839270e-05     Tr[DP]  3.770527e-01
 iter: 407:1        |ddm|: 2.927316e-05     Tr[DP]  3.770525e-01
 iter: 407:2        |ddm|: 2.455930e-05     Tr[DP]  3.770526e-01
 iter: 408:1        |ddm|: 1.521608e-05     Tr[DP]  3.770525e-01
 iter: 408:2        |ddm|: 1.578370e-05     Tr[DP]  3.770526e-01
 iter: 409:1        |ddm|: 1.563965e-05     Tr[DP]  3.770526e-01
 iter: 409:2        |ddm|: 1.385625e-05     Tr[DP]  3.770526e-01
 iter: 410:1        |ddm|: 1.757245e-05     Tr[DP]  3.770526e-01
 iter: 410:2        |ddm|: 1.692467e-05     Tr[DP]  3.770526e-01
 iter: 411:1        |ddm|: 1.226481e-05     Tr[DP]  3.770526e-01
 iter: 411:2        |ddm|: 1.337294e-05     Tr[DP]  3.770526e-01
 iter: 412:1        |ddm|: 1.161502e-05     Tr[DP]  3.770526e-01
 iter: 412:2        |ddm|: 1.234425e-05     Tr[DP]  3.770526e-01
 iter: 413:1        |ddm|: 1.292424e-05     Tr[DP]  3.770526e-01
 iter: 413:2        |ddm|: 1.321427e-05     Tr[DP]  3.770527e-01
 iter: 414:1        |ddm|: 1.667384e-05     Tr[DP]  3.770526e-01
 iter: 414:2        |ddm|: 1.672514e-05     Tr[DP]  3.770526e-01
 iter: 415:1        |ddm|: 2.395751e-05     Tr[DP]  3.770527e-01
 iter: 415:2        |ddm|: 2.135496e-05     Tr[DP]  3.770527e-01
 iter: 416:1        |ddm|: 1.106888e-05     Tr[DP]  3.770526e-01
 iter: 416:2        |ddm|: 1.189509e-05     Tr[DP]  3.770527e-01
 iter: 417:1        |ddm|: 1.125211e-05     Tr[DP]  3.770526e-01
 iter: 417:2        |ddm|: 1.146151e-05     Tr[DP]  3.770527e-01
 iter: 418:1        |ddm|: 1.089262e-05     Tr[DP]  3.770526e-01
 iter: 418:2        |ddm|: 1.128501e-05     Tr[DP]  3.770527e-01
 iter: 419:1        |ddm|: 1.074911e-05     Tr[DP]  3.770527e-01
 iter: 419:2        |ddm|: 1.113230e-05     Tr[DP]  3.770527e-01
 iter: 420:1        |ddm|: 1.028303e-05     Tr[DP]  3.770526e-01
 iter: 420:2        |ddm|: 1.086175e-05     Tr[DP]  3.770527e-01
 iter: 421:1        |ddm|: 1.126833e-05     Tr[DP]  3.770527e-01
 iter: 421:2        |ddm|: 1.127311e-05     Tr[DP]  3.770527e-01
 iter: 422:1        |ddm|: 1.026294e-05     Tr[DP]  3.770527e-01
 iter: 422:2        |ddm|: 1.084431e-05     Tr[DP]  3.770527e-01
 iter: 423:1        |ddm|: 1.068959e-05     Tr[DP]  3.770527e-01
 iter: 423:2        |ddm|: 1.090540e-05     Tr[DP]  3.770527e-01
 iter: 424:1        |ddm|: 9.964625e-06     Tr[DP]  3.770527e-01
 iter: 424:2        |ddm|: 1.046719e-05     Tr[DP]  3.770527e-01
 iter: 425:1        |ddm|: 9.707876e-06     Tr[DP]  3.770527e-01
 iter: 425:2        |ddm|: 1.017416e-05     Tr[DP]  3.770527e-01
 iter: 426:1        |ddm|: 1.019015e-05     Tr[DP]  3.770527e-01
 iter: 426:2        |ddm|: 1.080140e-05     Tr[DP]  3.770527e-01
 iter: 427:1        |ddm|: 1.593833e-05     Tr[DP]  3.770527e-01
 iter: 427:2        |ddm|: 1.459642e-05     Tr[DP]  3.770527e-01
 iter: 428:1        |ddm|: 1.238509e-05     Tr[DP]  3.770527e-01
 iter: 428:2        |ddm|: 1.285662e-05     Tr[DP]  3.770527e-01
 iter: 429:1        |ddm|: 8.217883e-06     Tr[DP]  3.770527e-01
 iter: 429:2        |ddm|: 9.128076e-06     Tr[DP]  3.770527e-01
 iter: 430:1        |ddm|: 7.791563e-06     Tr[DP]  3.770527e-01
 iter: 430:2        |ddm|: 8.227182e-06     Tr[DP]  3.770527e-01
 iter: 431:1        |ddm|: 7.938421e-06     Tr[DP]  3.770527e-01
 iter: 431:2        |ddm|: 8.108628e-06     Tr[DP]  3.770527e-01
 iter: 432:1        |ddm|: 7.905762e-06     Tr[DP]  3.770527e-01
 iter: 432:2        |ddm|: 8.091089e-06     Tr[DP]  3.770527e-01
 iter: 433:1        |ddm|: 7.628868e-06     Tr[DP]  3.770527e-01
 iter: 433:2        |ddm|: 8.023997e-06     Tr[DP]  3.770527e-01
 iter: 434:1        |ddm|: 8.143758e-06     Tr[DP]  3.770527e-01
 iter: 434:2        |ddm|: 8.214111e-06     Tr[DP]  3.770527e-01
 iter: 435:1        |ddm|: 8.136482e-06     Tr[DP]  3.770527e-01
 iter: 435:2        |ddm|: 8.365445e-06     Tr[DP]  3.770528e-01
 iter: 436:1        |ddm|: 7.658516e-06     Tr[DP]  3.770527e-01
 iter: 436:2        |ddm|: 8.042918e-06     Tr[DP]  3.770528e-01
 iter: 437:1        |ddm|: 9.034446e-06     Tr[DP]  3.770528e-01
 iter: 437:2        |ddm|: 9.048964e-06     Tr[DP]  3.770528e-01
 iter: 438:1        |ddm|: 8.836760e-06     Tr[DP]  3.770528e-01
 iter: 438:2        |ddm|: 9.190823e-06     Tr[DP]  3.770528e-01
 iter: 439:1        |ddm|: 6.313785e-06     Tr[DP]  3.770528e-01
 iter: 439:2        |ddm|: 6.918990e-06     Tr[DP]  3.770528e-01
 iter: 440:1        |ddm|: 6.163684e-06     Tr[DP]  3.770528e-01
 iter: 440:2        |ddm|: 6.449887e-06     Tr[DP]  3.770528e-01
 iter: 441:1        |ddm|: 6.099576e-06     Tr[DP]  3.770528e-01
 iter: 441:2        |ddm|: 6.294134e-06     Tr[DP]  3.770528e-01
 iter: 442:1        |ddm|: 6.229339e-06     Tr[DP]  3.770528e-01
 iter: 442:2        |ddm|: 6.423065e-06     Tr[DP]  3.770528e-01
 iter: 443:1        |ddm|: 6.486319e-06     Tr[DP]  3.770528e-01
 iter: 443:2        |ddm|: 6.584829e-06     Tr[DP]  3.770528e-01
 iter: 444:1        |ddm|: 6.858083e-06     Tr[DP]  3.770528e-01
 iter: 444:2        |ddm|: 6.945034e-06     Tr[DP]  3.770528e-01
 iter: 445:1        |ddm|: 6.882342e-06     Tr[DP]  3.770528e-01
 iter: 445:2        |ddm|: 7.134759e-06     Tr[DP]  3.770528e-01
 iter: 446:1        |ddm|: 6.245322e-06     Tr[DP]  3.770528e-01
 iter: 446:2        |ddm|: 6.592476e-06     Tr[DP]  3.770528e-01
 iter: 447:1        |ddm|: 6.195648e-06     Tr[DP]  3.770528e-01
 iter: 447:2        |ddm|: 6.463165e-06     Tr[DP]  3.770528e-01
 iter: 448:1        |ddm|: 6.018860e-06     Tr[DP]  3.770528e-01
 iter: 448:2        |ddm|: 6.298999e-06     Tr[DP]  3.770528e-01
 iter: 449:1        |ddm|: 5.142974e-06     Tr[DP]  3.770528e-01
 iter: 449:2        |ddm|: 5.464048e-06     Tr[DP]  3.770528e-01
 iter: 450:1        |ddm|: 5.118482e-06     Tr[DP]  3.770528e-01
 iter: 450:2        |ddm|: 5.310812e-06     Tr[DP]  3.770528e-01
 iter: 451:1        |ddm|: 5.131243e-06     Tr[DP]  3.770528e-01
 iter: 451:2        |ddm|: 5.293363e-06     Tr[DP]  3.770528e-01
 iter: 452:1        |ddm|: 5.092884e-06     Tr[DP]  3.770528e-01
 iter: 452:2        |ddm|: 5.247207e-06     Tr[DP]  3.770528e-01
 iter: 453:1        |ddm|: 4.921333e-06     Tr[DP]  3.770528e-01
 iter: 453:2        |ddm|: 5.128241e-06     Tr[DP]  3.770528e-01
 iter: 454:1        |ddm|: 4.945990e-06     Tr[DP]  3.770528e-01
 iter: 454:2        |ddm|: 5.138035e-06     Tr[DP]  3.770528e-01
 iter: 455:1        |ddm|: 5.398200e-06     Tr[DP]  3.770528e-01
 iter: 455:2        |ddm|: 5.419978e-06     Tr[DP]  3.770528e-01
 iter: 456:1        |ddm|: 4.925296e-06     Tr[DP]  3.770528e-01
 iter: 456:2        |ddm|: 5.176852e-06     Tr[DP]  3.770528e-01
 iter: 457:1        |ddm|: 4.847365e-06     Tr[DP]  3.770528e-01
 iter: 457:2        |ddm|: 5.053750e-06     Tr[DP]  3.770528e-01
 iter: 458:1        |ddm|: 4.939132e-06     Tr[DP]  3.770528e-01
 iter: 458:2        |ddm|: 5.061305e-06     Tr[DP]  3.770528e-01
 iter: 459:1        |ddm|: 4.529544e-06     Tr[DP]  3.770528e-01
 iter: 459:2        |ddm|: 4.794482e-06     Tr[DP]  3.770528e-01
 iter: 460:1        |ddm|: 5.000234e-06     Tr[DP]  3.770528e-01
 iter: 460:2        |ddm|: 5.283762e-06     Tr[DP]  3.770528e-01
 iter: 461:1        |ddm|: 8.631029e-06     Tr[DP]  3.770528e-01
 iter: 461:2        |ddm|: 7.761678e-06     Tr[DP]  3.770529e-01
 iter: 462:1        |ddm|: 4.616444e-06     Tr[DP]  3.770528e-01
 iter: 462:2        |ddm|: 5.173133e-06     Tr[DP]  3.770529e-01
 iter: 463:1        |ddm|: 4.845291e-06     Tr[DP]  3.770529e-01
 iter: 463:2        |ddm|: 5.049150e-06     Tr[DP]  3.770529e-01
 iter: 464:1        |ddm|: 3.922667e-06     Tr[DP]  3.770529e-01
 iter: 464:2        |ddm|: 4.250796e-06     Tr[DP]  3.770529e-01
 iter: 465:1        |ddm|: 3.517335e-06     Tr[DP]  3.770529e-01
 iter: 465:2        |ddm|: 3.744787e-06     Tr[DP]  3.770529e-01
 iter: 466:1        |ddm|: 3.474581e-06     Tr[DP]  3.770529e-01
 iter: 466:2        |ddm|: 3.621344e-06     Tr[DP]  3.770529e-01
 iter: 467:1        |ddm|: 3.611307e-06     Tr[DP]  3.770529e-01
 iter: 467:2        |ddm|: 3.698266e-06     Tr[DP]  3.770529e-01
 iter: 468:1        |ddm|: 3.894331e-06     Tr[DP]  3.770529e-01
 iter: 468:2        |ddm|: 3.938215e-06     Tr[DP]  3.770529e-01
 iter: 469:1        |ddm|: 3.327530e-06     Tr[DP]  3.770529e-01
 iter: 469:2        |ddm|: 3.501806e-06     Tr[DP]  3.770529e-01
 iter: 470:1        |ddm|: 3.432819e-06     Tr[DP]  3.770529e-01
 iter: 470:2        |ddm|: 3.504156e-06     Tr[DP]  3.770529e-01
 iter: 471:1        |ddm|: 3.563043e-06     Tr[DP]  3.770529e-01
 iter: 471:2        |ddm|: 3.622639e-06     Tr[DP]  3.770529e-01
 iter: 472:1        |ddm|: 3.485843e-06     Tr[DP]  3.770529e-01
 iter: 472:2        |ddm|: 3.611726e-06     Tr[DP]  3.770529e-01
 iter: 473:1        |ddm|: 3.475544e-06     Tr[DP]  3.770529e-01
 iter: 473:2        |ddm|: 3.600468e-06     Tr[DP]  3.770529e-01
 iter: 474:1        |ddm|: 3.332352e-06     Tr[DP]  3.770529e-01
 iter: 474:2        |ddm|: 3.495656e-06     Tr[DP]  3.770529e-01
 iter: 475:1        |ddm|: 3.378017e-06     Tr[DP]  3.770529e-01
 iter: 475:2        |ddm|: 3.482252e-06     Tr[DP]  3.770529e-01
 iter: 476:1        |ddm|: 4.730357e-06     Tr[DP]  3.770529e-01
 iter: 476:2        |ddm|: 4.819595e-06     Tr[DP]  3.770529e-01
 iter: 477:1        |ddm|: 7.695003e-06     Tr[DP]  3.770529e-01
 iter: 477:2        |ddm|: 6.706111e-06     Tr[DP]  3.770529e-01
 iter: 478:1        |ddm|: 3.275567e-06     Tr[DP]  3.770529e-01
 iter: 478:2        |ddm|: 3.416026e-06     Tr[DP]  3.770529e-01
 iter: 479:1        |ddm|: 2.975189e-06     Tr[DP]  3.770529e-01
 iter: 479:2        |ddm|: 3.164523e-06     Tr[DP]  3.770529e-01
 iter: 480:1        |ddm|: 2.764311e-06     Tr[DP]  3.770529e-01
 iter: 480:2        |ddm|: 2.928958e-06     Tr[DP]  3.770529e-01
 iter: 481:1        |ddm|: 2.597772e-06     Tr[DP]  3.770529e-01
 iter: 481:2        |ddm|: 2.737910e-06     Tr[DP]  3.770529e-01
 iter: 482:1        |ddm|: 2.549627e-06     Tr[DP]  3.770529e-01
 iter: 482:2        |ddm|: 2.651996e-06     Tr[DP]  3.770529e-01
 iter: 483:1        |ddm|: 2.725952e-06     Tr[DP]  3.770529e-01
 iter: 483:2        |ddm|: 2.843671e-06     Tr[DP]  3.770529e-01
 iter: 484:1        |ddm|: 2.358102e-06     Tr[DP]  3.770529e-01
 iter: 484:2        |ddm|: 2.475382e-06     Tr[DP]  3.770529e-01
 iter: 485:1        |ddm|: 2.493616e-06     Tr[DP]  3.770529e-01
 iter: 485:2        |ddm|: 2.545013e-06     Tr[DP]  3.770529e-01
 iter: 486:1        |ddm|: 2.370067e-06     Tr[DP]  3.770529e-01
 iter: 486:2        |ddm|: 2.424608e-06     Tr[DP]  3.770529e-01
 iter: 487:1        |ddm|: 2.562599e-06     Tr[DP]  3.770529e-01
 iter: 487:2        |ddm|: 2.622390e-06     Tr[DP]  3.770529e-01
 iter: 488:1        |ddm|: 2.204017e-06     Tr[DP]  3.770529e-01
 iter: 488:2        |ddm|: 2.337417e-06     Tr[DP]  3.770529e-01
 iter: 489:1        |ddm|: 2.222335e-06     Tr[DP]  3.770529e-01
 iter: 489:2        |ddm|: 2.303073e-06     Tr[DP]  3.770529e-01
 iter: 490:1        |ddm|: 2.249903e-06     Tr[DP]  3.770529e-01
 iter: 490:2        |ddm|: 2.325438e-06     Tr[DP]  3.770529e-01
 iter: 491:1        |ddm|: 2.356980e-06     Tr[DP]  3.770529e-01
 iter: 491:2        |ddm|: 2.392794e-06     Tr[DP]  3.770529e-01
 iter: 492:1        |ddm|: 2.292153e-06     Tr[DP]  3.770529e-01
 iter: 492:2        |ddm|: 2.374480e-06     Tr[DP]  3.770529e-01
 iter: 493:1        |ddm|: 2.126116e-06     Tr[DP]  3.770529e-01
 iter: 493:2        |ddm|: 2.248597e-06     Tr[DP]  3.770529e-01
 iter: 494:1        |ddm|: 2.112708e-06     Tr[DP]  3.770529e-01
 iter: 494:2        |ddm|: 2.221445e-06     Tr[DP]  3.770529e-01
 iter: 495:1        |ddm|: 2.095481e-06     Tr[DP]  3.770529e-01
 iter: 495:2        |ddm|: 2.216841e-06     Tr[DP]  3.770529e-01
 iter: 496:1        |ddm|: 2.225853e-06     Tr[DP]  3.770529e-01
 iter: 496:2        |ddm|: 2.310872e-06     Tr[DP]  3.770529e-01
 iter: 497:1        |ddm|: 2.284116e-06     Tr[DP]  3.770529e-01
 iter: 497:2        |ddm|: 2.217125e-06     Tr[DP]  3.770529e-01
 iter: 498:1        |ddm|: 1.938535e-06     Tr[DP]  3.770529e-01
 iter: 498:2        |ddm|: 2.094157e-06     Tr[DP]  3.770529e-01
 iter: 499:1        |ddm|: 2.014103e-06     Tr[DP]  3.770529e-01
 iter: 499:2        |ddm|: 2.101942e-06     Tr[DP]  3.770529e-01
 iter: 500:1        |ddm|: 2.026993e-06     Tr[DP]  3.770529e-01
 iter: 500:2        |ddm|: 2.158995e-06     Tr[DP]  3.770529e-01
 iter: 501:1        |ddm|: 2.895309e-06     Tr[DP]  3.770529e-01
 iter: 501:2        |ddm|: 2.641042e-06     Tr[DP]  3.770529e-01
 iter: 502:1        |ddm|: 3.497626e-06     Tr[DP]  3.770529e-01
 iter: 502:2        |ddm|: 3.507174e-06     Tr[DP]  3.770529e-01
 iter: 503:1        |ddm|: 1.888033e-06     Tr[DP]  3.770529e-01
 iter: 503:2        |ddm|: 1.831080e-06     Tr[DP]  3.770529e-01
 iter: 504:1        |ddm|: 1.544042e-06     Tr[DP]  3.770529e-01
 iter: 504:2        |ddm|: 1.548095e-06     Tr[DP]  3.770529e-01
 iter: 505:1        |ddm|: 1.497216e-06     Tr[DP]  3.770529e-01
 iter: 505:2        |ddm|: 1.540364e-06     Tr[DP]  3.770529e-01
 iter: 506:1        |ddm|: 1.506262e-06     Tr[DP]  3.770529e-01
 iter: 506:2        |ddm|: 1.546540e-06     Tr[DP]  3.770529e-01
 iter: 507:1        |ddm|: 1.510829e-06     Tr[DP]  3.770529e-01
 iter: 507:2        |ddm|: 1.558218e-06     Tr[DP]  3.770529e-01
 iter: 508:1        |ddm|: 1.472087e-06     Tr[DP]  3.770529e-01
 iter: 508:2        |ddm|: 1.523813e-06     Tr[DP]  3.770529e-01
 iter: 509:1        |ddm|: 1.473680e-06     Tr[DP]  3.770529e-01
 iter: 509:2        |ddm|: 1.542334e-06     Tr[DP]  3.770529e-01
 iter: 510:1        |ddm|: 1.624203e-06     Tr[DP]  3.770529e-01
 iter: 510:2        |ddm|: 1.631121e-06     Tr[DP]  3.770529e-01
 iter: 511:1        |ddm|: 1.457388e-06     Tr[DP]  3.770529e-01
 iter: 511:2        |ddm|: 1.539036e-06     Tr[DP]  3.770529e-01
 iter: 512:1        |ddm|: 1.438513e-06     Tr[DP]  3.770529e-01
 iter: 512:2        |ddm|: 1.503155e-06     Tr[DP]  3.770529e-01
 iter: 513:1        |ddm|: 1.411546e-06     Tr[DP]  3.770529e-01
 iter: 513:2        |ddm|: 1.475327e-06     Tr[DP]  3.770529e-01
 iter: 514:1        |ddm|: 1.370722e-06     Tr[DP]  3.770529e-01
 iter: 514:2        |ddm|: 1.472952e-06     Tr[DP]  3.770529e-01
 iter: 515:1        |ddm|: 1.539867e-06     Tr[DP]  3.770529e-01
 iter: 515:2        |ddm|: 1.587723e-06     Tr[DP]  3.770529e-01
 iter: 516:1        |ddm|: 1.534628e-06     Tr[DP]  3.770529e-01
 iter: 516:2        |ddm|: 1.470389e-06     Tr[DP]  3.770529e-01
 iter: 517:1        |ddm|: 1.284654e-06     Tr[DP]  3.770529e-01
 iter: 517:2        |ddm|: 1.371901e-06     Tr[DP]  3.770529e-01
 iter: 518:1        |ddm|: 1.277385e-06     Tr[DP]  3.770529e-01
 iter: 518:2        |ddm|: 1.336352e-06     Tr[DP]  3.770529e-01
 iter: 519:1        |ddm|: 1.339530e-06     Tr[DP]  3.770529e-01
 iter: 519:2        |ddm|: 1.359827e-06     Tr[DP]  3.770529e-01
 iter: 520:1        |ddm|: 3.145426e-06     Tr[DP]  3.770529e-01
 iter: 520:2        |ddm|: 2.935004e-06     Tr[DP]  3.770529e-01
 iter: 521:1        |ddm|: 1.213853e-06     Tr[DP]  3.770529e-01
 iter: 521:2        |ddm|: 1.208684e-06     Tr[DP]  3.770529e-01
 iter: 522:1        |ddm|: 9.733663e-07     Tr[DP]  3.770529e-01
 iter: 522:2        |ddm|: 1.047671e-06     Tr[DP]  3.770529e-01
 iter: 523:1        |ddm|: 1.030698e-06     Tr[DP]  3.770529e-01
 iter: 523:2        |ddm|: 1.045815e-06     Tr[DP]  3.770529e-01
 iter: 524:1        |ddm|: 9.984849e-07     Tr[DP]  3.770529e-01
 iter: 524:2        |ddm|: 1.029345e-06     Tr[DP]  3.770529e-01
 iter: 525:1        |ddm|: 9.932059e-07     Tr[DP]  3.770529e-01
 iter: 525:2        |ddm|: 1.022310e-06     Tr[DP]  3.770529e-01
 iter: 526:1        |ddm|: 9.802255e-07     Tr[DP]  3.770529e-01
 iter: 526:2        |ddm|: 1.004178e-06     Tr[DP]  3.770529e-01
 iter: 527:1        |ddm|: 1.018305e-06     Tr[DP]  3.770529e-01
 iter: 527:2        |ddm|: 1.039274e-06     Tr[DP]  3.770529e-01
 iter: 528:1        |ddm|: 1.032809e-06     Tr[DP]  3.770529e-01
 iter: 528:2        |ddm|: 1.053000e-06     Tr[DP]  3.770529e-01
 iter: 529:1        |ddm|: 9.816264e-07     Tr[DP]  3.770529e-01
 iter: 529:2        |ddm|: 1.032155e-06     Tr[DP]  3.770530e-01
 iter: 530:1        |ddm|: 9.570421e-07     Tr[DP]  3.770529e-01
 iter: 530:2        |ddm|: 1.004092e-06     Tr[DP]  3.770530e-01
 iter: 531:1        |ddm|: 9.317806e-07     Tr[DP]  3.770529e-01
 iter: 531:2        |ddm|: 9.835013e-07     Tr[DP]  3.770530e-01
 iter: 532:1        |ddm|: 9.280403e-07     Tr[DP]  3.770529e-01
 iter: 532:2        |ddm|: 1.025898e-06     Tr[DP]  3.770530e-01
 iter: 533:1        |ddm|: 1.319458e-06     Tr[DP]  3.770530e-01
 iter: 533:2        |ddm|: 1.303199e-06     Tr[DP]  3.770530e-01
 iter: 534:1        |ddm|: 1.070601e-06     Tr[DP]  3.770530e-01
 iter: 534:2        |ddm|: 9.848978e-07     Tr[DP]  3.770530e-01
 iter: 535:1        |ddm|: 1.066255e-06     Tr[DP]  3.770530e-01
 iter: 535:2        |ddm|: 1.091610e-06     Tr[DP]  3.770530e-01
 iter: 536:1        |ddm|: 8.557951e-07     Tr[DP]  3.770530e-01
 iter: 536:2        |ddm|: 9.287432e-07     Tr[DP]  3.770530e-01
 iter: 537:1        |ddm|: 7.031754e-07     Tr[DP]  3.770530e-01
 iter: 537:2        |ddm|: 7.623946e-07     Tr[DP]  3.770530e-01
 iter: 538:1        |ddm|: 7.140536e-07     Tr[DP]  3.770530e-01
 iter: 538:2        |ddm|: 7.399602e-07     Tr[DP]  3.770530e-01
 iter: 539:1        |ddm|: 7.246033e-07     Tr[DP]  3.770530e-01
 iter: 539:2        |ddm|: 7.469449e-07     Tr[DP]  3.770530e-01
 iter: 540:1        |ddm|: 7.174860e-07     Tr[DP]  3.770530e-01
 iter: 540:2        |ddm|: 7.495233e-07     Tr[DP]  3.770530e-01
 iter: 541:1        |ddm|: 7.029843e-07     Tr[DP]  3.770530e-01
 iter: 541:2        |ddm|: 7.311102e-07     Tr[DP]  3.770530e-01
 iter: 542:1        |ddm|: 7.024635e-07     Tr[DP]  3.770530e-01
 iter: 542:2        |ddm|: 7.321498e-07     Tr[DP]  3.770530e-01
 iter: 543:1        |ddm|: 7.719690e-07     Tr[DP]  3.770530e-01
 iter: 543:2        |ddm|: 7.699249e-07     Tr[DP]  3.770530e-01
 iter: 544:1        |ddm|: 7.049699e-07     Tr[DP]  3.770530e-01
 iter: 544:2        |ddm|: 7.388791e-07     Tr[DP]  3.770530e-01
 iter: 545:1        |ddm|: 6.982295e-07     Tr[DP]  3.770530e-01
 iter: 545:2        |ddm|: 7.212582e-07     Tr[DP]  3.770530e-01
 iter: 546:1        |ddm|: 6.879993e-07     Tr[DP]  3.770530e-01
 iter: 546:2        |ddm|: 7.031520e-07     Tr[DP]  3.770530e-01
 iter: 547:1        |ddm|: 6.790198e-07     Tr[DP]  3.770530e-01
 iter: 547:2        |ddm|: 6.869621e-07     Tr[DP]  3.770530e-01
 iter: 548:1        |ddm|: 7.555765e-07     Tr[DP]  3.770530e-01
 iter: 548:2        |ddm|: 6.714185e-07     Tr[DP]  3.770530e-01
 iter: 549:1        |ddm|: 6.201365e-07     Tr[DP]  3.770530e-01
 iter: 549:2        |ddm|: 7.522456e-07     Tr[DP]  3.770530e-01
 iter: 550:1        |ddm|: 6.625381e-07     Tr[DP]  3.770530e-01
 iter: 550:2        |ddm|: 6.666076e-07     Tr[DP]  3.770530e-01
 iter: 551:1        |ddm|: 6.490710e-07     Tr[DP]  3.770530e-01
 iter: 551:2        |ddm|: 6.346711e-07     Tr[DP]  3.770530e-01
 iter: 552:1        |ddm|: 6.331606e-07     Tr[DP]  3.770530e-01
 iter: 552:2        |ddm|: 7.208721e-07     Tr[DP]  3.770530e-01
 iter: 553:1        |ddm|: 1.019986e-06     Tr[DP]  3.770530e-01
 iter: 553:2        |ddm|: 1.029387e-06     Tr[DP]  3.770530e-01
 iter: 554:1        |ddm|: 2.238322e-06     Tr[DP]  3.770530e-01
 iter: 554:2        |ddm|: 1.948831e-06     Tr[DP]  3.770530e-01
 iter: 555:1        |ddm|: 5.772617e-07     Tr[DP]  3.770530e-01
 iter: 555:2        |ddm|: 6.640357e-07     Tr[DP]  3.770530e-01
 iter: 556:1        |ddm|: 5.480160e-07     Tr[DP]  3.770530e-01
 iter: 556:2        |ddm|: 5.973506e-07     Tr[DP]  3.770530e-01
 iter: 557:1        |ddm|: 4.457958e-07     Tr[DP]  3.770530e-01
 iter: 557:2        |ddm|: 4.867496e-07     Tr[DP]  3.770530e-01
 iter: 558:1        |ddm|: 4.448757e-07     Tr[DP]  3.770530e-01
 iter: 558:2        |ddm|: 4.614453e-07     Tr[DP]  3.770530e-01
 iter: 559:1        |ddm|: 4.521407e-07     Tr[DP]  3.770530e-01
 iter: 559:2        |ddm|: 4.607035e-07     Tr[DP]  3.770530e-01
 iter: 560:1        |ddm|: 4.583627e-07     Tr[DP]  3.770530e-01
 iter: 560:2        |ddm|: 4.865316e-07     Tr[DP]  3.770530e-01
 iter: 561:1        |ddm|: 4.461988e-07     Tr[DP]  3.770530e-01
 iter: 561:2        |ddm|: 4.511938e-07     Tr[DP]  3.770530e-01
 iter: 562:1        |ddm|: 4.559289e-07     Tr[DP]  3.770530e-01
 iter: 562:2        |ddm|: 4.326079e-07     Tr[DP]  3.770530e-01
 iter: 563:1        |ddm|: 4.760618e-07     Tr[DP]  3.770530e-01
 iter: 563:2        |ddm|: 5.137191e-07     Tr[DP]  3.770530e-01
 iter: 564:1        |ddm|: 6.198153e-07     Tr[DP]  3.770530e-01
 iter: 564:2        |ddm|: 5.776184e-07     Tr[DP]  3.770530e-01
 iter: 565:1        |ddm|: 4.252658e-07     Tr[DP]  3.770530e-01
 iter: 565:2        |ddm|: 4.600637e-07     Tr[DP]  3.770530e-01
 iter: 566:1        |ddm|: 4.262023e-07     Tr[DP]  3.770530e-01
 iter: 566:2        |ddm|: 4.441815e-07     Tr[DP]  3.770530e-01
 iter: 567:1        |ddm|: 4.381592e-07     Tr[DP]  3.770530e-01
 iter: 567:2        |ddm|: 4.483815e-07     Tr[DP]  3.770530e-01
 iter: 568:1        |ddm|: 6.037148e-07     Tr[DP]  3.770530e-01
 iter: 568:2        |ddm|: 5.884315e-07     Tr[DP]  3.770530e-01
 iter: 569:1        |ddm|: 3.529159e-07     Tr[DP]  3.770530e-01
 iter: 569:2        |ddm|: 3.871001e-07     Tr[DP]  3.770530e-01
 iter: 570:1        |ddm|: 3.602935e-07     Tr[DP]  3.770530e-01
 iter: 570:2        |ddm|: 3.695941e-07     Tr[DP]  3.770530e-01
 iter: 571:1        |ddm|: 3.646875e-07     Tr[DP]  3.770530e-01
 iter: 571:2        |ddm|: 3.716798e-07     Tr[DP]  3.770530e-01
 iter: 572:1        |ddm|: 3.586545e-07     Tr[DP]  3.770530e-01
 iter: 572:2        |ddm|: 3.694458e-07     Tr[DP]  3.770530e-01
 iter: 573:1        |ddm|: 3.525612e-07     Tr[DP]  3.770530e-01
 iter: 573:2        |ddm|: 3.649114e-07     Tr[DP]  3.770530e-01
 iter: 574:1        |ddm|: 3.424493e-07     Tr[DP]  3.770530e-01
 iter: 574:2        |ddm|: 3.584026e-07     Tr[DP]  3.770530e-01
 iter: 575:1        |ddm|: 3.565250e-07     Tr[DP]  3.770530e-01
 iter: 575:2        |ddm|: 3.627221e-07     Tr[DP]  3.770530e-01
 iter: 576:1        |ddm|: 3.602422e-07     Tr[DP]  3.770530e-01
 iter: 576:2        |ddm|: 3.698886e-07     Tr[DP]  3.770530e-01
 iter: 577:1        |ddm|: 3.427672e-07     Tr[DP]  3.770530e-01
 iter: 577:2        |ddm|: 3.595182e-07     Tr[DP]  3.770530e-01
 iter: 578:1        |ddm|: 3.345177e-07     Tr[DP]  3.770530e-01
 iter: 578:2        |ddm|: 3.500167e-07     Tr[DP]  3.770530e-01
 iter: 579:1        |ddm|: 3.264087e-07     Tr[DP]  3.770530e-01
 iter: 579:2        |ddm|: 3.425588e-07     Tr[DP]  3.770530e-01
 iter: 580:1        |ddm|: 3.230819e-07     Tr[DP]  3.770530e-01
 iter: 580:2        |ddm|: 3.434927e-07     Tr[DP]  3.770530e-01
 iter: 581:1        |ddm|: 3.883100e-07     Tr[DP]  3.770530e-01
 iter: 581:2        |ddm|: 3.923423e-07     Tr[DP]  3.770530e-01
 iter: 582:1        |ddm|: 3.065819e-07     Tr[DP]  3.770530e-01
 iter: 582:2        |ddm|: 3.373254e-07     Tr[DP]  3.770530e-01
 iter: 583:1        |ddm|: 3.823832e-07     Tr[DP]  3.770530e-01
 iter: 583:2        |ddm|: 3.508328e-07     Tr[DP]  3.770530e-01
 iter: 584:1        |ddm|: 4.767021e-07     Tr[DP]  3.770530e-01
 iter: 584:2        |ddm|: 4.699152e-07     Tr[DP]  3.770530e-01
 iter: 585:1        |ddm|: 2.634869e-07     Tr[DP]  3.770530e-01
 iter: 585:2        |ddm|: 3.058485e-07     Tr[DP]  3.770530e-01
 iter: 586:1        |ddm|: 2.337730e-07     Tr[DP]  3.770530e-01
 iter: 586:2        |ddm|: 2.474074e-07     Tr[DP]  3.770530e-01
 iter: 587:1        |ddm|: 2.369035e-07     Tr[DP]  3.770530e-01
 iter: 587:2        |ddm|: 2.499759e-07     Tr[DP]  3.770530e-01
 iter: 588:1        |ddm|: 2.468155e-07     Tr[DP]  3.770530e-01
 iter: 588:2        |ddm|: 2.471954e-07     Tr[DP]  3.770530e-01
 iter: 589:1        |ddm|: 2.437965e-07     Tr[DP]  3.770530e-01
 iter: 589:2        |ddm|: 2.488254e-07     Tr[DP]  3.770530e-01
 iter: 590:1        |ddm|: 2.355391e-07     Tr[DP]  3.770530e-01
 iter: 590:2        |ddm|: 2.454232e-07     Tr[DP]  3.770530e-01
 iter: 591:1        |ddm|: 2.477158e-07     Tr[DP]  3.770530e-01
 iter: 591:2        |ddm|: 2.505073e-07     Tr[DP]  3.770530e-01
 iter: 592:1        |ddm|: 2.408834e-07     Tr[DP]  3.770530e-01
 iter: 592:2        |ddm|: 2.504731e-07     Tr[DP]  3.770530e-01
 iter: 593:1        |ddm|: 2.415695e-07     Tr[DP]  3.770530e-01
 iter: 593:2        |ddm|: 2.470967e-07     Tr[DP]  3.770530e-01
 iter: 594:1        |ddm|: 2.328418e-07     Tr[DP]  3.770530e-01
 iter: 594:2        |ddm|: 2.462366e-07     Tr[DP]  3.770530e-01
 iter: 595:1        |ddm|: 2.298479e-07     Tr[DP]  3.770530e-01
 iter: 595:2        |ddm|: 2.409423e-07     Tr[DP]  3.770530e-01
 iter: 596:1        |ddm|: 2.391244e-07     Tr[DP]  3.770530e-01
 iter: 596:2        |ddm|: 2.413751e-07     Tr[DP]  3.770530e-01
 iter: 597:1        |ddm|: 2.177678e-07     Tr[DP]  3.770530e-01
 iter: 597:2        |ddm|: 2.419389e-07     Tr[DP]  3.770530e-01
 iter: 598:1        |ddm|: 3.088035e-07     Tr[DP]  3.770530e-01
 iter: 598:2        |ddm|: 3.040234e-07     Tr[DP]  3.770530e-01
 iter: 599:1        |ddm|: 2.125506e-07     Tr[DP]  3.770530e-01
 iter: 599:2        |ddm|: 2.305998e-07     Tr[DP]  3.770530e-01
 iter: 600:1        |ddm|: 2.691909e-07     Tr[DP]  3.770530e-01
 iter: 600:2        |ddm|: 2.400321e-07     Tr[DP]  3.770530e-01
 iter: 601:1        |ddm|: 3.013698e-07     Tr[DP]  3.770530e-01
 iter: 601:2        |ddm|: 3.160132e-07     Tr[DP]  3.770530e-01
 iter: 602:1        |ddm|: 1.728841e-07     Tr[DP]  3.770530e-01
 iter: 602:2        |ddm|: 1.764765e-07     Tr[DP]  3.770530e-01
 iter: 603:1        |ddm|: 1.627108e-07     Tr[DP]  3.770530e-01
 iter: 603:2        |ddm|: 1.757530e-07     Tr[DP]  3.770530e-01
 iter: 604:1        |ddm|: 1.667495e-07     Tr[DP]  3.770530e-01
 iter: 604:2        |ddm|: 1.735239e-07     Tr[DP]  3.770530e-01
 iter: 605:1        |ddm|: 1.689513e-07     Tr[DP]  3.770530e-01
 iter: 605:2        |ddm|: 1.724122e-07     Tr[DP]  3.770530e-01
 iter: 606:1        |ddm|: 1.694922e-07     Tr[DP]  3.770530e-01
 iter: 606:2        |ddm|: 1.708236e-07     Tr[DP]  3.770530e-01
 iter: 607:1        |ddm|: 1.642997e-07     Tr[DP]  3.770530e-01
 iter: 607:2        |ddm|: 1.697490e-07     Tr[DP]  3.770530e-01
 iter: 608:1        |ddm|: 1.693707e-07     Tr[DP]  3.770530e-01
 iter: 608:2        |ddm|: 1.786148e-07     Tr[DP]  3.770530e-01
 iter: 609:1        |ddm|: 1.693434e-07     Tr[DP]  3.770530e-01
 iter: 609:2        |ddm|: 1.717846e-07     Tr[DP]  3.770530e-01
 iter: 610:1        |ddm|: 1.647255e-07     Tr[DP]  3.770530e-01
 iter: 610:2        |ddm|: 1.706780e-07     Tr[DP]  3.770530e-01
 iter: 611:1        |ddm|: 1.602088e-07     Tr[DP]  3.770530e-01
 iter: 611:2        |ddm|: 1.687102e-07     Tr[DP]  3.770530e-01
 iter: 612:1        |ddm|: 1.558921e-07     Tr[DP]  3.770530e-01
 iter: 612:2        |ddm|: 1.672405e-07     Tr[DP]  3.770530e-01
 iter: 613:1        |ddm|: 1.539235e-07     Tr[DP]  3.770530e-01
 iter: 613:2        |ddm|: 1.676544e-07     Tr[DP]  3.770530e-01
 iter: 614:1        |ddm|: 1.954183e-07     Tr[DP]  3.770530e-01
 iter: 614:2        |ddm|: 1.922177e-07     Tr[DP]  3.770530e-01
 iter: 615:1        |ddm|: 1.472655e-07     Tr[DP]  3.770530e-01
 iter: 615:2        |ddm|: 1.685288e-07     Tr[DP]  3.770530e-01
 iter: 616:1        |ddm|: 1.729676e-07     Tr[DP]  3.770530e-01
 iter: 616:2        |ddm|: 1.630646e-07     Tr[DP]  3.770530e-01
 iter: 617:1        |ddm|: 2.742252e-07     Tr[DP]  3.770530e-01
 iter: 617:2        |ddm|: 2.301425e-07     Tr[DP]  3.770530e-01
 iter: 618:1        |ddm|: 1.213442e-07     Tr[DP]  3.770530e-01
 iter: 618:2        |ddm|: 1.570764e-07     Tr[DP]  3.770530e-01
 iter: 619:1        |ddm|: 1.240435e-07     Tr[DP]  3.770530e-01
 iter: 619:2        |ddm|: 1.106933e-07     Tr[DP]  3.770530e-01
 iter: 620:1        |ddm|: 1.189544e-07     Tr[DP]  3.770530e-01
 iter: 620:2        |ddm|: 1.205347e-07     Tr[DP]  3.770530e-01
 iter: 621:1        |ddm|: 1.184682e-07     Tr[DP]  3.770530e-01
 iter: 621:2        |ddm|: 1.214049e-07     Tr[DP]  3.770530e-01
 iter: 622:1        |ddm|: 1.176014e-07     Tr[DP]  3.770530e-01
 iter: 622:2        |ddm|: 1.212062e-07     Tr[DP]  3.770530e-01
 iter: 623:1        |ddm|: 1.150199e-07     Tr[DP]  3.770530e-01
 iter: 623:2        |ddm|: 1.193204e-07     Tr[DP]  3.770530e-01
 iter: 624:1        |ddm|: 1.302783e-07     Tr[DP]  3.770530e-01
 iter: 624:2        |ddm|: 1.166305e-07     Tr[DP]  3.770530e-01
 iter: 625:1        |ddm|: 1.117813e-07     Tr[DP]  3.770530e-01
 iter: 625:2        |ddm|: 1.276678e-07     Tr[DP]  3.770530e-01
 iter: 626:1        |ddm|: 1.138703e-07     Tr[DP]  3.770530e-01
 iter: 626:2        |ddm|: 1.200973e-07     Tr[DP]  3.770530e-01
 iter: 627:1        |ddm|: 1.123847e-07     Tr[DP]  3.770530e-01
 iter: 627:2        |ddm|: 1.188299e-07     Tr[DP]  3.770530e-01
 iter: 628:1        |ddm|: 1.088343e-07     Tr[DP]  3.770530e-01
 iter: 628:2        |ddm|: 1.185556e-07     Tr[DP]  3.770530e-01
 iter: 629:1        |ddm|: 1.044313e-07     Tr[DP]  3.770530e-01
 iter: 629:2        |ddm|: 1.316227e-07     Tr[DP]  3.770530e-01
 iter: 630:1        |ddm|: 1.393524e-07     Tr[DP]  3.770530e-01
 it