********************************************************************************
*                         FREEZE-AND-THAW CALCULATION                          *
********************************************************************************

================================== Input File ==================================
subsystem
C          0.64482        2.19259       -0.03064
H          1.20650        3.13581        0.06815
C         -0.62564        2.16530        0.37977
H         -0.87194        2.62548        1.35059
C          3.41540       -0.49638       -0.34158
H          2.75432       -1.37917       -0.45395
H          3.73636       -0.24083       -1.37155
C          2.62070        0.65785        0.24017
H          3.27913        1.54282        0.34720
H          2.29688        0.40825        1.26928
C          1.39975        1.03320       -0.59065
H          0.72733        0.15924       -0.68198
H          1.73530        1.26681       -1.62116
C         -1.75940        1.52793       -0.35239
H         -1.40372        1.13947       -1.32547
H         -2.52686        2.29110       -0.59260
C         -2.42501        0.40692        0.43639
H         -2.75889        0.79626        1.41878
H         -1.67104       -0.36956        0.67059
C         -3.60232       -0.22238       -0.28483
H         -4.35324        0.55958       -0.51683
H         -3.26857       -0.60598       -1.26995
smearsig 0.001
end

subsystem
C          5.41399       -2.03327       -0.10768
H          5.77649       -1.79061       -1.12117
H          4.78701       -2.93683       -0.19655
H          6.29144       -2.29862        0.50241
C          4.63055       -0.87880        0.48528
H          4.30435       -1.13047        1.51254
H          5.28598        0.00625        0.59609
C         -4.26640       -1.34431        0.49413
H         -3.51178       -2.12044        0.72476
H         -4.59581       -0.95667        1.47720
C         -5.44008       -1.96354       -0.23884
H         -5.91094       -2.77468        0.33814
H         -6.21971       -1.21200       -0.45050
H         -5.12666       -2.38591       -1.20878
end

embed
 huzfermi
 cycles 3000
 conv 1e-8
 method m06
end

basis cc-pVDZ
method cas[2,2]/nevpt2
grid 4
conv 1e-8
grad 1e-8
maxiter 100
supsmearsig 0.001
================================== End Input ===================================
tot grids = 725328

                      Getting subsystem overlap integrals                       

                          Initial subsystem densities                           
Guessing initial subsystem densities
Initial guess from superpostion of atomic densties.
Guessing initial subsystem densities
Initial guess from superpostion of atomic densties.

=========================== Starting Freeze-and-Thaw ===========================
 iter:   1:1        |ddm|: 5.448461e+00     Tr[DP]  7.079547e-01
 iter:   1:2        |ddm|: 3.779954e+00     Tr[DP]  4.161143e-01
 iter:   2:1        |ddm|: 2.655528e+01     Tr[DP]  9.131013e-01
 iter:   2:2        |ddm|: 1.224764e+01     Tr[DP]  9.912898e-01
 iter:   3:1        |ddm|: 2.799057e+01     Tr[DP]  4.115152e-01
 iter:   3:2        |ddm|: 1.332043e+01     Tr[DP]  5.458415e-01
 iter:   4:1        |ddm|: 9.617903e+00     Tr[DP]  3.439406e-01
 iter:   4:2        |ddm|: 5.942848e+00     Tr[DP]  4.550029e-01
 iter:   5:1        |ddm|: 5.867964e+00     Tr[DP]  5.703450e-01
 iter:   5:2        |ddm|: 9.149947e-01     Tr[DP]  4.953716e-01
 iter:   6:1        |ddm|: 1.863074e+00     Tr[DP]  5.796164e-01
 iter:   6:2        |ddm|: 4.611000e-01     Tr[DP]  5.274293e-01
 iter:   7:1        |ddm|: 1.510722e+00     Tr[DP]  5.879144e-01
 iter:   7:2        |ddm|: 3.184039e-01     Tr[DP]  5.434234e-01
 iter:   8:1        |ddm|: 8.773826e-01     Tr[DP]  5.860517e-01
 iter:   8:2        |ddm|: 1.881542e-01     Tr[DP]  5.565197e-01
 iter:   9:1        |ddm|: 5.904491e-01     Tr[DP]  5.788757e-01
 iter:   9:2        |ddm|: 1.730871e-01     Tr[DP]  5.627382e-01
 iter:  10:1        |ddm|: 3.500636e-01     Tr[DP]  5.802696e-01
 iter:  10:2        |ddm|: 8.757251e-02     Tr[DP]  5.654869e-01
 iter:  11:1        |ddm|: 2.611021e-01     Tr[DP]  5.722057e-01
 iter:  11:2        |ddm|: 1.204902e-01     Tr[DP]  5.659905e-01
 iter:  12:1        |ddm|: 1.464447e-01     Tr[DP]  5.749601e-01
 iter:  12:2        |ddm|: 3.452008e-02     Tr[DP]  5.688262e-01
 iter:  13:1        |ddm|: 7.394737e-02     Tr[DP]  5.717836e-01
 iter:  13:2        |ddm|: 2.018038e-02     Tr[DP]  5.693020e-01
 iter:  14:1        |ddm|: 4.432583e-02     Tr[DP]  5.708681e-01
 iter:  14:2        |ddm|: 1.596019e-02     Tr[DP]  5.692155e-01
 iter:  15:1        |ddm|: 2.741128e-02     Tr[DP]  5.701968e-01
 iter:  15:2        |ddm|: 1.350746e-02     Tr[DP]  5.692663e-01
 iter:  16:1        |ddm|: 1.985532e-02     Tr[DP]  5.698137e-01
 iter:  16:2        |ddm|: 1.284204e-02     Tr[DP]  5.692505e-01
 iter:  17:1        |ddm|: 1.802017e-02     Tr[DP]  5.694226e-01
 iter:  17:2        |ddm|: 1.271520e-02     Tr[DP]  5.691380e-01
 iter:  18:1        |ddm|: 1.667108e-02     Tr[DP]  5.695348e-01
 iter:  18:2        |ddm|: 1.357869e-02     Tr[DP]  5.692524e-01
 iter:  19:1        |ddm|: 1.624533e-02     Tr[DP]  5.695534e-01
 iter:  19:2        |ddm|: 1.366389e-02     Tr[DP]  5.693264e-01
 iter:  20:1        |ddm|: 1.671752e-02     Tr[DP]  5.693795e-01
 iter:  20:2        |ddm|: 1.381086e-02     Tr[DP]  5.692951e-01
 iter:  21:1        |ddm|: 1.710956e-02     Tr[DP]  5.692998e-01
 iter:  21:2        |ddm|: 1.363605e-02     Tr[DP]  5.692171e-01
 iter:  22:1        |ddm|: 2.873961e-02     Tr[DP]  5.687197e-01
 iter:  22:2        |ddm|: 2.073613e-02     Tr[DP]  5.688656e-01
 iter:  23:1        |ddm|: 1.217627e-02     Tr[DP]  5.688361e-01
 iter:  23:2        |ddm|: 9.885875e-03     Tr[DP]  5.689314e-01
 iter:  24:1        |ddm|: 1.613330e-02     Tr[DP]  5.687327e-01
 iter:  24:2        |ddm|: 1.327644e-02     Tr[DP]  5.686453e-01
 iter:  25:1        |ddm|: 1.095134e-02     Tr[DP]  5.686652e-01
 iter:  25:2        |ddm|: 9.416569e-03     Tr[DP]  5.686554e-01
 iter:  26:1        |ddm|: 2.585867e-02     Tr[DP]  5.685017e-01
 iter:  26:2        |ddm|: 1.993429e-02     Tr[DP]  5.684065e-01
 iter:  27:1        |ddm|: 1.098312e-02     Tr[DP]  5.683788e-01
 iter:  27:2        |ddm|: 8.055195e-03     Tr[DP]  5.684761e-01
 iter:  28:1        |ddm|: 8.865469e-03     Tr[DP]  5.684111e-01
 iter:  28:2        |ddm|: 7.576066e-03     Tr[DP]  5.684744e-01
 iter:  29:1        |ddm|: 9.144804e-03     Tr[DP]  5.684241e-01
 iter:  29:2        |ddm|: 7.689685e-03     Tr[DP]  5.684216e-01
 iter:  30:1        |ddm|: 9.355382e-03     Tr[DP]  5.683896e-01
 iter:  30:2        |ddm|: 7.730894e-03     Tr[DP]  5.683845e-01
 iter:  31:1        |ddm|: 8.517226e-03     Tr[DP]  5.683692e-01
 iter:  31:2        |ddm|: 7.189866e-03     Tr[DP]  5.683641e-01
 iter:  32:1        |ddm|: 7.927067e-03     Tr[DP]  5.683654e-01
 iter:  32:2        |ddm|: 7.069281e-03     Tr[DP]  5.683639e-01
 iter:  33:1        |ddm|: 8.606832e-03     Tr[DP]  5.683513e-01
 iter:  33:2        |ddm|: 7.232146e-03     Tr[DP]  5.683487e-01
 iter:  34:1        |ddm|: 8.272488e-03     Tr[DP]  5.683440e-01
 iter:  34:2        |ddm|: 7.169406e-03     Tr[DP]  5.683394e-01
 iter:  35:1        |ddm|: 8.744211e-03     Tr[DP]  5.683266e-01
 iter:  35:2        |ddm|: 7.253390e-03     Tr[DP]  5.683175e-01
 iter:  36:1        |ddm|: 8.640986e-03     Tr[DP]  5.683033e-01
 iter:  36:2        |ddm|: 7.134801e-03     Tr[DP]  5.682965e-01
 iter:  37:1        |ddm|: 7.682016e-03     Tr[DP]  5.682992e-01
 iter:  37:2        |ddm|: 6.771488e-03     Tr[DP]  5.682913e-01
 iter:  38:1        |ddm|: 8.900801e-03     Tr[DP]  5.682695e-01
 iter:  38:2        |ddm|: 7.049522e-03     Tr[DP]  5.682613e-01
 iter:  39:1        |ddm|: 7.591662e-03     Tr[DP]  5.682550e-01
 iter:  39:2        |ddm|: 6.483701e-03     Tr[DP]  5.682455e-01
 iter:  40:1        |ddm|: 7.914346e-03     Tr[DP]  5.682287e-01
 iter:  40:2        |ddm|: 6.490170e-03     Tr[DP]  5.682218e-01
 iter:  41:1        |ddm|: 9.042010e-03     Tr[DP]  5.681902e-01
 iter:  41:2        |ddm|: 7.001097e-03     Tr[DP]  5.681881e-01
 iter:  42:1        |ddm|: 6.559644e-03     Tr[DP]  5.681791e-01
 iter:  42:2        |ddm|: 5.561780e-03     Tr[DP]  5.681748e-01
 iter:  43:1        |ddm|: 1.566893e-02     Tr[DP]  5.680891e-01
 iter:  43:2        |ddm|: 1.127359e-02     Tr[DP]  5.680887e-01
 iter:  44:1        |ddm|: 1.293559e-02     Tr[DP]  5.681650e-01
 iter:  44:2        |ddm|: 9.856492e-03     Tr[DP]  5.681617e-01
 iter:  45:1        |ddm|: 1.051339e-02     Tr[DP]  5.682055e-01
 iter:  45:2        |ddm|: 9.899466e-03     Tr[DP]  5.681969e-01
 iter:  46:1        |ddm|: 3.005992e-02     Tr[DP]  5.680671e-01
 iter:  46:2        |ddm|: 2.357603e-02     Tr[DP]  5.680562e-01
 iter:  47:1        |ddm|: 7.572303e-03     Tr[DP]  5.680714e-01
 iter:  47:2        |ddm|: 3.476168e-03     Tr[DP]  5.680726e-01
 iter:  48:1        |ddm|: 4.981361e-03     Tr[DP]  5.680921e-01
 iter:  48:2        |ddm|: 4.421205e-03     Tr[DP]  5.680908e-01
 iter:  49:1        |ddm|: 5.309182e-03     Tr[DP]  5.680838e-01
 iter:  49:2        |ddm|: 4.103742e-03     Tr[DP]  5.680803e-01
 iter:  50:1        |ddm|: 4.293507e-03     Tr[DP]  5.680784e-01
 iter:  50:2        |ddm|: 3.654022e-03     Tr[DP]  5.680752e-01
 iter:  51:1        |ddm|: 4.364148e-03     Tr[DP]  5.680726e-01
 iter:  51:2        |ddm|: 3.633276e-03     Tr[DP]  5.680690e-01
 iter:  52:1        |ddm|: 4.046109e-03     Tr[DP]  5.680688e-01
 iter:  52:2        |ddm|: 3.456010e-03     Tr[DP]  5.680656e-01
 iter:  53:1        |ddm|: 3.953441e-03     Tr[DP]  5.680664e-01
 iter:  53:2        |ddm|: 3.406643e-03     Tr[DP]  5.680632e-01
 iter:  54:1        |ddm|: 4.335257e-03     Tr[DP]  5.680603e-01
 iter:  54:2        |ddm|: 3.515358e-03     Tr[DP]  5.680571e-01
 iter:  55:1        |ddm|: 3.642185e-03     Tr[DP]  5.680610e-01
 iter:  55:2        |ddm|: 3.293397e-03     Tr[DP]  5.680574e-01
 iter:  56:1        |ddm|: 4.043014e-03     Tr[DP]  5.680577e-01
 iter:  56:2        |ddm|: 3.385323e-03     Tr[DP]  5.680542e-01
 iter:  57:1        |ddm|: 4.031232e-03     Tr[DP]  5.680537e-01
 iter:  57:2        |ddm|: 3.358319e-03     Tr[DP]  5.680502e-01
 iter:  58:1        |ddm|: 3.796376e-03     Tr[DP]  5.680509e-01
 iter:  58:2        |ddm|: 3.245598e-03     Tr[DP]  5.680476e-01
 iter:  59:1        |ddm|: 3.943434e-03     Tr[DP]  5.680465e-01
 iter:  59:2        |ddm|: 3.271689e-03     Tr[DP]  5.680428e-01
 iter:  60:1        |ddm|: 3.594338e-03     Tr[DP]  5.680442e-01
 iter:  60:2        |ddm|: 3.110626e-03     Tr[DP]  5.680408e-01
 iter:  61:1        |ddm|: 3.663160e-03     Tr[DP]  5.680418e-01
 iter:  61:2        |ddm|: 3.132315e-03     Tr[DP]  5.680385e-01
 iter:  62:1        |ddm|: 3.585262e-03     Tr[DP]  5.680417e-01
 iter:  62:2        |ddm|: 3.191619e-03     Tr[DP]  5.680378e-01
 iter:  63:1        |ddm|: 3.943249e-03     Tr[DP]  5.680376e-01
 iter:  63:2        |ddm|: 3.249448e-03     Tr[DP]  5.680344e-01
 iter:  64:1        |ddm|: 4.578269e-03     Tr[DP]  5.680309e-01
 iter:  64:2        |ddm|: 3.555066e-03     Tr[DP]  5.680285e-01
 iter:  65:1        |ddm|: 3.641544e-03     Tr[DP]  5.680265e-01
 iter:  65:2        |ddm|: 2.960170e-03     Tr[DP]  5.680248e-01
 iter:  66:1        |ddm|: 4.147447e-03     Tr[DP]  5.680201e-01
 iter:  66:2        |ddm|: 3.288010e-03     Tr[DP]  5.680173e-01
 iter:  67:1        |ddm|: 6.722860e-03     Tr[DP]  5.680107e-01
 iter:  67:2        |ddm|: 5.188539e-03     Tr[DP]  5.680098e-01
 iter:  68:1        |ddm|: 3.509809e-03     Tr[DP]  5.680060e-01
 iter:  68:2        |ddm|: 2.740992e-03     Tr[DP]  5.680070e-01
 iter:  69:1        |ddm|: 2.074774e-03     Tr[DP]  5.680085e-01
 iter:  69:2        |ddm|: 1.428256e-03     Tr[DP]  5.680078e-01
 iter:  70:1        |ddm|: 2.063692e-03     Tr[DP]  5.680112e-01
 iter:  70:2        |ddm|: 1.851165e-03     Tr[DP]  5.680096e-01
 iter:  71:1        |ddm|: 2.800590e-03     Tr[DP]  5.680081e-01
 iter:  71:2        |ddm|: 2.038400e-03     Tr[DP]  5.680075e-01
 iter:  72:1        |ddm|: 1.771917e-03     Tr[DP]  5.680078e-01
 iter:  72:2        |ddm|: 1.526608e-03     Tr[DP]  5.680057e-01
 iter:  73:1        |ddm|: 1.752547e-03     Tr[DP]  5.680073e-01
 iter:  73:2        |ddm|: 1.499053e-03     Tr[DP]  5.680064e-01
 iter:  74:1        |ddm|: 3.553711e-03     Tr[DP]  5.680040e-01
 iter:  74:2        |ddm|: 2.579992e-03     Tr[DP]  5.680039e-01
 iter:  75:1        |ddm|: 3.909587e-03     Tr[DP]  5.680091e-01
 iter:  75:2        |ddm|: 2.974730e-03     Tr[DP]  5.680057e-01
 iter:  76:1        |ddm|: 2.374042e-03     Tr[DP]  5.680075e-01
 iter:  76:2        |ddm|: 1.746128e-03     Tr[DP]  5.680055e-01
 iter:  77:1        |ddm|: 4.481447e-03     Tr[DP]  5.680029e-01
 iter:  77:2        |ddm|: 3.234936e-03     Tr[DP]  5.680030e-01
 iter:  78:1        |ddm|: 1.365196e-03     Tr[DP]  5.680029e-01
 iter:  78:2        |ddm|: 1.068760e-03     Tr[DP]  5.680023e-01
 iter:  79:1        |ddm|: 1.329256e-03     Tr[DP]  5.680030e-01
 iter:  79:2        |ddm|: 1.131554e-03     Tr[DP]  5.680019e-01
 iter:  80:1        |ddm|: 1.253840e-03     Tr[DP]  5.680030e-01
 iter:  80:2        |ddm|: 1.122889e-03     Tr[DP]  5.680018e-01
 iter:  81:1        |ddm|: 1.488449e-03     Tr[DP]  5.680024e-01
 iter:  81:2        |ddm|: 1.192159e-03     Tr[DP]  5.680014e-01
 iter:  82:1        |ddm|: 1.600540e-03     Tr[DP]  5.680029e-01
 iter:  82:2        |ddm|: 1.483484e-03     Tr[DP]  5.680013e-01
 iter:  83:1        |ddm|: 2.097647e-03     Tr[DP]  5.680018e-01
 iter:  83:2        |ddm|: 1.492891e-03     Tr[DP]  5.680009e-01
 iter:  84:1        |ddm|: 1.301585e-03     Tr[DP]  5.680020e-01
 iter:  84:2        |ddm|: 1.202738e-03     Tr[DP]  5.680003e-01
 iter:  85:1        |ddm|: 1.918166e-03     Tr[DP]  5.680010e-01
 iter:  85:2        |ddm|: 1.415108e-03     Tr[DP]  5.680004e-01
 iter:  86:1        |ddm|: 1.880129e-03     Tr[DP]  5.680005e-01
 iter:  86:2        |ddm|: 1.448817e-03     Tr[DP]  5.680002e-01
 iter:  87:1        |ddm|: 1.099251e-03     Tr[DP]  5.680005e-01
 iter:  87:2        |ddm|: 9.167096e-04     Tr[DP]  5.680000e-01
 iter:  88:1        |ddm|: 1.171878e-03     Tr[DP]  5.680003e-01
 iter:  88:2        |ddm|: 9.479331e-04     Tr[DP]  5.679998e-01
 iter:  89:1        |ddm|: 9.139762e-04     Tr[DP]  5.680005e-01
 iter:  89:2        |ddm|: 8.354335e-04     Tr[DP]  5.679997e-01
 iter:  90:1        |ddm|: 1.066406e-03     Tr[DP]  5.680003e-01
 iter:  90:2        |ddm|: 8.658228e-04     Tr[DP]  5.679995e-01
 iter:  91:1        |ddm|: 1.141607e-03     Tr[DP]  5.680001e-01
 iter:  91:2        |ddm|: 9.057174e-04     Tr[DP]  5.679995e-01
 iter:  92:1        |ddm|: 9.845133e-04     Tr[DP]  5.680000e-01
 iter:  92:2        |ddm|: 8.131892e-04     Tr[DP]  5.679995e-01
 iter:  93:1        |ddm|: 1.357675e-03     Tr[DP]  5.680001e-01
 iter:  93:2        |ddm|: 1.228150e-03     Tr[DP]  5.679988e-01
 iter:  94:1        |ddm|: 2.494080e-03     Tr[DP]  5.679996e-01
 iter:  94:2        |ddm|: 1.802279e-03     Tr[DP]  5.679995e-01
 iter:  95:1        |ddm|: 7.669395e-04     Tr[DP]  5.679997e-01
 iter:  95:2        |ddm|: 6.220500e-04     Tr[DP]  5.679992e-01
 iter:  96:1        |ddm|: 7.728828e-04     Tr[DP]  5.679997e-01
 iter:  96:2        |ddm|: 6.541122e-04     Tr[DP]  5.679991e-01
 iter:  97:1        |ddm|: 7.726210e-04     Tr[DP]  5.679997e-01
 iter:  97:2        |ddm|: 6.522537e-04     Tr[DP]  5.679991e-01
 iter:  98:1        |ddm|: 7.390894e-04     Tr[DP]  5.679996e-01
 iter:  98:2        |ddm|: 6.365962e-04     Tr[DP]  5.679990e-01
 iter:  99:1        |ddm|: 7.530688e-04     Tr[DP]  5.679995e-01
 iter:  99:2        |ddm|: 6.384537e-04     Tr[DP]  5.679989e-01
 iter: 100:1        |ddm|: 7.296226e-04     Tr[DP]  5.679995e-01
 iter: 100:2        |ddm|: 6.315402e-04     Tr[DP]  5.679988e-01
 iter: 101:1        |ddm|: 7.877945e-04     Tr[DP]  5.679994e-01
 iter: 101:2        |ddm|: 6.455419e-04     Tr[DP]  5.679988e-01
 iter: 102:1        |ddm|: 7.228967e-04     Tr[DP]  5.679994e-01
 iter: 102:2        |ddm|: 6.109727e-04     Tr[DP]  5.679988e-01
 iter: 103:1        |ddm|: 6.941996e-04     Tr[DP]  5.679993e-01
 iter: 103:2        |ddm|: 5.956336e-04     Tr[DP]  5.679987e-01
 iter: 104:1        |ddm|: 6.983769e-04     Tr[DP]  5.679993e-01
 iter: 104:2        |ddm|: 5.940450e-04     Tr[DP]  5.679987e-01
 iter: 105:1        |ddm|: 6.886042e-04     Tr[DP]  5.679992e-01
 iter: 105:2        |ddm|: 5.894307e-04     Tr[DP]  5.679986e-01
 iter: 106:1        |ddm|: 6.798238e-04     Tr[DP]  5.679991e-01
 iter: 106:2        |ddm|: 5.916972e-04     Tr[DP]  5.679985e-01
 iter: 107:1        |ddm|: 6.956619e-04     Tr[DP]  5.679990e-01
 iter: 107:2        |ddm|: 6.006663e-04     Tr[DP]  5.679984e-01
 iter: 108:1        |ddm|: 7.246087e-04     Tr[DP]  5.679989e-01
 iter: 108:2        |ddm|: 6.049406e-04     Tr[DP]  5.679983e-01
 iter: 109:1        |ddm|: 9.708083e-04     Tr[DP]  5.679991e-01
 iter: 109:2        |ddm|: 7.391880e-04     Tr[DP]  5.679987e-01
 iter: 110:1        |ddm|: 5.573048e-04     Tr[DP]  5.679990e-01
 iter: 110:2        |ddm|: 5.029656e-04     Tr[DP]  5.679985e-01
 iter: 111:1        |ddm|: 6.002663e-04     Tr[DP]  5.679989e-01
 iter: 111:2        |ddm|: 5.284675e-04     Tr[DP]  5.679984e-01
 iter: 112:1        |ddm|: 7.057727e-04     Tr[DP]  5.679990e-01
 iter: 112:2        |ddm|: 5.545144e-04     Tr[DP]  5.679986e-01
 iter: 113:1        |ddm|: 5.781031e-04     Tr[DP]  5.679988e-01
 iter: 113:2        |ddm|: 5.229907e-04     Tr[DP]  5.679982e-01
 iter: 114:1        |ddm|: 2.291517e-03     Tr[DP]  5.679998e-01
 iter: 114:2        |ddm|: 1.718477e-03     Tr[DP]  5.680003e-01
 iter: 115:1        |ddm|: 8.339911e-04     Tr[DP]  5.679999e-01
 iter: 115:2        |ddm|: 4.499774e-04     Tr[DP]  5.679996e-01
 iter: 116:1        |ddm|: 3.722272e-04     Tr[DP]  5.679997e-01
 iter: 116:2        |ddm|: 3.337653e-04     Tr[DP]  5.679994e-01
 iter: 117:1        |ddm|: 4.626885e-04     Tr[DP]  5.679997e-01
 iter: 117:2        |ddm|: 3.932462e-04     Tr[DP]  5.679995e-01
 iter: 118:1        |ddm|: 7.460676e-04     Tr[DP]  5.680000e-01
 iter: 118:2        |ddm|: 5.543447e-04     Tr[DP]  5.680000e-01
 iter: 119:1        |ddm|: 3.014510e-04     Tr[DP]  5.680002e-01
 iter: 119:2        |ddm|: 2.425075e-04     Tr[DP]  5.680000e-01
 iter: 120:1        |ddm|: 3.070720e-04     Tr[DP]  5.680002e-01
 iter: 120:2        |ddm|: 2.545573e-04     Tr[DP]  5.680000e-01
 iter: 121:1        |ddm|: 2.757163e-04     Tr[DP]  5.680002e-01
 iter: 121:2        |ddm|: 2.387142e-04     Tr[DP]  5.680000e-01
 iter: 122:1        |ddm|: 2.869351e-04     Tr[DP]  5.680003e-01
 iter: 122:2        |ddm|: 2.420958e-04     Tr[DP]  5.680001e-01
 iter: 123:1        |ddm|: 2.657013e-04     Tr[DP]  5.680002e-01
 iter: 123:2        |ddm|: 2.422081e-04     Tr[DP]  5.680000e-01
 iter: 124:1        |ddm|: 3.085283e-04     Tr[DP]  5.680003e-01
 iter: 124:2        |ddm|: 2.518471e-04     Tr[DP]  5.680000e-01
 iter: 125:1        |ddm|: 2.763912e-04     Tr[DP]  5.680002e-01
 iter: 125:2        |ddm|: 2.377998e-04     Tr[DP]  5.680000e-01
 iter: 126:1        |ddm|: 3.508368e-04     Tr[DP]  5.680003e-01
 iter: 126:2        |ddm|: 2.717351e-04     Tr[DP]  5.680002e-01
 iter: 127:1        |ddm|: 2.485208e-04     Tr[DP]  5.680004e-01
 iter: 127:2        |ddm|: 2.115873e-04     Tr[DP]  5.680002e-01
 iter: 128:1        |ddm|: 2.351204e-04     Tr[DP]  5.680003e-01
 iter: 128:2        |ddm|: 2.178488e-04     Tr[DP]  5.680001e-01
 iter: 129:1        |ddm|: 2.740675e-04     Tr[DP]  5.680003e-01
 iter: 129:2        |ddm|: 2.223641e-04     Tr[DP]  5.680001e-01
 iter: 130:1        |ddm|: 3.961685e-04     Tr[DP]  5.680005e-01
 iter: 130:2        |ddm|: 2.960152e-04     Tr[DP]  5.680004e-01
 iter: 131:1        |ddm|: 1.969332e-04     Tr[DP]  5.680005e-01
 iter: 131:2        |ddm|: 1.744777e-04     Tr[DP]  5.680004e-01
 iter: 132:1        |ddm|: 2.405801e-04     Tr[DP]  5.680006e-01
 iter: 132:2        |ddm|: 1.941231e-04     Tr[DP]  5.680005e-01
 iter: 133:1        |ddm|: 2.044898e-04     Tr[DP]  5.680006e-01
 iter: 133:2        |ddm|: 1.753287e-04     Tr[DP]  5.680005e-01
 iter: 134:1        |ddm|: 2.298848e-04     Tr[DP]  5.680007e-01
 iter: 134:2        |ddm|: 1.876684e-04     Tr[DP]  5.680006e-01
 iter: 135:1        |ddm|: 2.379822e-04     Tr[DP]  5.680008e-01
 iter: 135:2        |ddm|: 1.870617e-04     Tr[DP]  5.680008e-01
 iter: 136:1        |ddm|: 1.501606e-04     Tr[DP]  5.680008e-01
 iter: 136:2        |ddm|: 1.336123e-04     Tr[DP]  5.680007e-01
 iter: 137:1        |ddm|: 1.697473e-04     Tr[DP]  5.680008e-01
 iter: 137:2        |ddm|: 1.420395e-04     Tr[DP]  5.680007e-01
 iter: 138:1        |ddm|: 1.613070e-04     Tr[DP]  5.680009e-01
 iter: 138:2        |ddm|: 1.374739e-04     Tr[DP]  5.680007e-01
 iter: 139:1        |ddm|: 1.567741e-04     Tr[DP]  5.680008e-01
 iter: 139:2        |ddm|: 1.449752e-04     Tr[DP]  5.680006e-01
 iter: 140:1        |ddm|: 1.894556e-04     Tr[DP]  5.680008e-01
 iter: 140:2        |ddm|: 1.498464e-04     Tr[DP]  5.680007e-01
 iter: 141:1        |ddm|: 1.793995e-04     Tr[DP]  5.680009e-01
 iter: 141:2        |ddm|: 1.447473e-04     Tr[DP]  5.680008e-01
 iter: 142:1        |ddm|: 1.566275e-04     Tr[DP]  5.680009e-01
 iter: 142:2        |ddm|: 1.312526e-04     Tr[DP]  5.680008e-01
 iter: 143:1        |ddm|: 1.449570e-04     Tr[DP]  5.680009e-01
 iter: 143:2        |ddm|: 1.240403e-04     Tr[DP]  5.680008e-01
 iter: 144:1        |ddm|: 1.433931e-04     Tr[DP]  5.680009e-01
 iter: 144:2        |ddm|: 1.224694e-04     Tr[DP]  5.680008e-01
 iter: 145:1        |ddm|: 1.387413e-04     Tr[DP]  5.680009e-01
 iter: 145:2        |ddm|: 1.254846e-04     Tr[DP]  5.680008e-01
 iter: 146:1        |ddm|: 1.845548e-04     Tr[DP]  5.680010e-01
 iter: 146:2        |ddm|: 1.404584e-04     Tr[DP]  5.680009e-01
 iter: 147:1        |ddm|: 1.681385e-04     Tr[DP]  5.680009e-01
 iter: 147:2        |ddm|: 1.552060e-04     Tr[DP]  5.680007e-01
 iter: 148:1        |ddm|: 2.384655e-04     Tr[DP]  5.680010e-01
 iter: 148:2        |ddm|: 1.715034e-04     Tr[DP]  5.680009e-01
 iter: 149:1        |ddm|: 1.325778e-04     Tr[DP]  5.680010e-01
 iter: 149:2        |ddm|: 1.132920e-04     Tr[DP]  5.680009e-01
 iter: 150:1        |ddm|: 1.272703e-04     Tr[DP]  5.680010e-01
 iter: 150:2        |ddm|: 1.102826e-04     Tr[DP]  5.680009e-01
 iter: 151:1        |ddm|: 1.584653e-04     Tr[DP]  5.680011e-01
 iter: 151:2        |ddm|: 1.237890e-04     Tr[DP]  5.680010e-01
 iter: 152:1        |ddm|: 2.365784e-04     Tr[DP]  5.680013e-01
 iter: 152:2        |ddm|: 1.797798e-04     Tr[DP]  5.680013e-01
 iter: 153:1        |ddm|: 1.636968e-04     Tr[DP]  5.680011e-01
 iter: 153:2        |ddm|: 1.352677e-04     Tr[DP]  5.680010e-01
 iter: 154:1        |ddm|: 3.852387e-04     Tr[DP]  5.680014e-01
 iter: 154:2        |ddm|: 2.929692e-04     Tr[DP]  5.680015e-01
 iter: 155:1        |ddm|: 1.318594e-04     Tr[DP]  5.680014e-01
 iter: 155:2        |ddm|: 7.448139e-05     Tr[DP]  5.680013e-01
 iter: 156:1        |ddm|: 7.087167e-05     Tr[DP]  5.680014e-01
 iter: 156:2        |ddm|: 6.143812e-05     Tr[DP]  5.680013e-01
 iter: 157:1        |ddm|: 7.673002e-05     Tr[DP]  5.680013e-01
 iter: 157:2        |ddm|: 6.962028e-05     Tr[DP]  5.680013e-01
 iter: 158:1        |ddm|: 8.821197e-05     Tr[DP]  5.680014e-01
 iter: 158:2        |ddm|: 7.158914e-05     Tr[DP]  5.680013e-01
 iter: 159:1        |ddm|: 8.214184e-05     Tr[DP]  5.680014e-01
 iter: 159:2        |ddm|: 6.818082e-05     Tr[DP]  5.680013e-01
 iter: 160:1        |ddm|: 8.351535e-05     Tr[DP]  5.680014e-01
 iter: 160:2        |ddm|: 6.758321e-05     Tr[DP]  5.680013e-01
 iter: 161:1        |ddm|: 7.075281e-05     Tr[DP]  5.680014e-01
 iter: 161:2        |ddm|: 6.090325e-05     Tr[DP]  5.680013e-01
 iter: 162:1        |ddm|: 9.341596e-05     Tr[DP]  5.680015e-01
 iter: 162:2        |ddm|: 7.110495e-05     Tr[DP]  5.680014e-01
 iter: 163:1        |ddm|: 6.550729e-05     Tr[DP]  5.680015e-01
 iter: 163:2        |ddm|: 5.516247e-05     Tr[DP]  5.680014e-01
 iter: 164:1        |ddm|: 5.686615e-05     Tr[DP]  5.680015e-01
 iter: 164:2        |ddm|: 5.108435e-05     Tr[DP]  5.680014e-01
 iter: 165:1        |ddm|: 6.602227e-05     Tr[DP]  5.680015e-01
 iter: 165:2        |ddm|: 5.409643e-05     Tr[DP]  5.680014e-01
 iter: 166:1        |ddm|: 6.260984e-05     Tr[DP]  5.680014e-01
 iter: 166:2        |ddm|: 5.866632e-05     Tr[DP]  5.680014e-01
 iter: 167:1        |ddm|: 9.263694e-05     Tr[DP]  5.680015e-01
 iter: 167:2        |ddm|: 6.778448e-05     Tr[DP]  5.680015e-01
 iter: 168:1        |ddm|: 6.054479e-05     Tr[DP]  5.680015e-01
 iter: 168:2        |ddm|: 5.050520e-05     Tr[DP]  5.680015e-01
 iter: 169:1        |ddm|: 7.739022e-05     Tr[DP]  5.680016e-01
 iter: 169:2        |ddm|: 6.013524e-05     Tr[DP]  5.680015e-01
 iter: 170:1        |ddm|: 6.066282e-05     Tr[DP]  5.680016e-01
 iter: 170:2        |ddm|: 4.889972e-05     Tr[DP]  5.680016e-01
 iter: 171:1        |ddm|: 4.446347e-05     Tr[DP]  5.680016e-01
 iter: 171:2        |ddm|: 3.975919e-05     Tr[DP]  5.680015e-01
 iter: 172:1        |ddm|: 4.666081e-05     Tr[DP]  5.680016e-01
 iter: 172:2        |ddm|: 4.042987e-05     Tr[DP]  5.680015e-01
 iter: 173:1        |ddm|: 4.814278e-05     Tr[DP]  5.680016e-01
 iter: 173:2        |ddm|: 4.124913e-05     Tr[DP]  5.680015e-01
 iter: 174:1        |ddm|: 5.177257e-05     Tr[DP]  5.680016e-01
 iter: 174:2        |ddm|: 4.195080e-05     Tr[DP]  5.680015e-01
 iter: 175:1        |ddm|: 4.699501e-05     Tr[DP]  5.680016e-01
 iter: 175:2        |ddm|: 3.952619e-05     Tr[DP]  5.680016e-01
 iter: 176:1        |ddm|: 6.472529e-05     Tr[DP]  5.680016e-01
 iter: 176:2        |ddm|: 4.930037e-05     Tr[DP]  5.680016e-01
 iter: 177:1        |ddm|: 8.481568e-05     Tr[DP]  5.680017e-01
 iter: 177:2        |ddm|: 6.638262e-05     Tr[DP]  5.680017e-01
 iter: 178:1        |ddm|: 3.164880e-05     Tr[DP]  5.680017e-01
 iter: 178:2        |ddm|: 2.297918e-05     Tr[DP]  5.680017e-01
 iter: 179:1        |ddm|: 3.543236e-05     Tr[DP]  5.680017e-01
 iter: 179:2        |ddm|: 3.172108e-05     Tr[DP]  5.680016e-01
 iter: 180:1        |ddm|: 5.011154e-05     Tr[DP]  5.680016e-01
 iter: 180:2        |ddm|: 4.648491e-05     Tr[DP]  5.680016e-01
 iter: 181:1        |ddm|: 6.728227e-05     Tr[DP]  5.680017e-01
 iter: 181:2        |ddm|: 4.602207e-05     Tr[DP]  5.680016e-01
 iter: 182:1        |ddm|: 6.656623e-05     Tr[DP]  5.680016e-01
 iter: 182:2        |ddm|: 5.851863e-05     Tr[DP]  5.680016e-01
 iter: 183:1        |ddm|: 9.862847e-05     Tr[DP]  5.680017e-01
 iter: 183:2        |ddm|: 6.770960e-05     Tr[DP]  5.680017e-01
 iter: 184:1        |ddm|: 3.313844e-05     Tr[DP]  5.680017e-01
 iter: 184:2        |ddm|: 2.773568e-05     Tr[DP]  5.680017e-01
 iter: 185:1        |ddm|: 2.901131e-05     Tr[DP]  5.680017e-01
 iter: 185:2        |ddm|: 2.473370e-05     Tr[DP]  5.680017e-01
 iter: 186:1        |ddm|: 3.138916e-05     Tr[DP]  5.680017e-01
 iter: 186:2        |ddm|: 2.641850e-05     Tr[DP]  5.680017e-01
 iter: 187:1        |ddm|: 5.958138e-05     Tr[DP]  5.680018e-01
 iter: 187:2        |ddm|: 4.616564e-05     Tr[DP]  5.680018e-01
 iter: 188:1        |ddm|: 7.276066e-05     Tr[DP]  5.680017e-01
 iter: 188:2        |ddm|: 5.842896e-05     Tr[DP]  5.680016e-01
 iter: 189:1        |ddm|: 4.029795e-05     Tr[DP]  5.680017e-01
 iter: 189:2        |ddm|: 3.094976e-05     Tr[DP]  5.680016e-01
 iter: 190:1        |ddm|: 6.517778e-05     Tr[DP]  5.680017e-01
 iter: 190:2        |ddm|: 4.702389e-05     Tr[DP]  5.680017e-01
 iter: 191:1        |ddm|: 3.109409e-05     Tr[DP]  5.680017e-01
 iter: 191:2        |ddm|: 2.562061e-05     Tr[DP]  5.680017e-01
 iter: 192:1        |ddm|: 2.562745e-05     Tr[DP]  5.680018e-01
 iter: 192:2        |ddm|: 2.134837e-05     Tr[DP]  5.680017e-01
 iter: 193:1        |ddm|: 1.998078e-05     Tr[DP]  5.680018e-01
 iter: 193:2        |ddm|: 1.808346e-05     Tr[DP]  5.680017e-01
 iter: 194:1        |ddm|: 3.053362e-05     Tr[DP]  5.680018e-01
 iter: 194:2        |ddm|: 2.352347e-05     Tr[DP]  5.680018e-01
 iter: 195:1        |ddm|: 2.352643e-05     Tr[DP]  5.680018e-01
 iter: 195:2        |ddm|: 2.157997e-05     Tr[DP]  5.680017e-01
 iter: 196:1        |ddm|: 3.260750e-05     Tr[DP]  5.680018e-01
 iter: 196:2        |ddm|: 2.413441e-05     Tr[DP]  5.680018e-01
 iter: 197:1        |ddm|: 2.322015e-05     Tr[DP]  5.680018e-01
 iter: 197:2        |ddm|: 1.906832e-05     Tr[DP]  5.680018e-01
 iter: 198:1        |ddm|: 1.802342e-05     Tr[DP]  5.680018e-01
 iter: 198:2        |ddm|: 1.546011e-05     Tr[DP]  5.680018e-01
 iter: 199:1        |ddm|: 1.638782e-05     Tr[DP]  5.680018e-01
 iter: 199:2        |ddm|: 1.504639e-05     Tr[DP]  5.680018e-01
 iter: 200:1        |ddm|: 1.882231e-05     Tr[DP]  5.680018e-01
 iter: 200:2        |ddm|: 1.567640e-05     Tr[DP]  5.680018e-01
 iter: 201:1        |ddm|: 1.799386e-05     Tr[DP]  5.680018e-01
 iter: 201:2        |ddm|: 1.531352e-05     Tr[DP]  5.680018e-01
 iter: 202:1        |ddm|: 1.785295e-05     Tr[DP]  5.680018e-01
 iter: 202:2        |ddm|: 1.520033e-05     Tr[DP]  5.680018e-01
 iter: 203:1        |ddm|: 1.786506e-05     Tr[DP]  5.680018e-01
 iter: 203:2        |ddm|: 1.511543e-05     Tr[DP]  5.680018e-01
 iter: 204:1        |ddm|: 1.749386e-05     Tr[DP]  5.680018e-01
 iter: 204:2        |ddm|: 1.490408e-05     Tr[DP]  5.680018e-01
 iter: 205:1        |ddm|: 1.724429e-05     Tr[DP]  5.680018e-01
 iter: 205:2        |ddm|: 1.479623e-05     Tr[DP]  5.680018e-01
 iter: 206:1        |ddm|: 1.732422e-05     Tr[DP]  5.680018e-01
 iter: 206:2        |ddm|: 1.479481e-05     Tr[DP]  5.680018e-01
 iter: 207:1        |ddm|: 1.799701e-05     Tr[DP]  5.680018e-01
 iter: 207:2        |ddm|: 1.485206e-05     Tr[DP]  5.680018e-01
 iter: 208:1        |ddm|: 1.685778e-05     Tr[DP]  5.680018e-01
 iter: 208:2        |ddm|: 1.431467e-05     Tr[DP]  5.680018e-01
 iter: 209:1        |ddm|: 1.706819e-05     Tr[DP]  5.680018e-01
 iter: 209:2        |ddm|: 1.413391e-05     Tr[DP]  5.680018e-01
 iter: 210:1        |ddm|: 1.648157e-05     Tr[DP]  5.680018e-01
 iter: 210:2        |ddm|: 1.533747e-05     Tr[DP]  5.680018e-01
 iter: 211:1        |ddm|: 2.467928e-05     Tr[DP]  5.680018e-01
 iter: 211:2        |ddm|: 1.790735e-05     Tr[DP]  5.680018e-01
 iter: 212:1        |ddm|: 1.866441e-05     Tr[DP]  5.680018e-01
 iter: 212:2        |ddm|: 1.474576e-05     Tr[DP]  5.680018e-01
 iter: 213:1        |ddm|: 3.630176e-05     Tr[DP]  5.680018e-01
 iter: 213:2        |ddm|: 2.748035e-05     Tr[DP]  5.680018e-01
 iter: 214:1        |ddm|: 1.749567e-05     Tr[DP]  5.680018e-01
 iter: 214:2        |ddm|: 1.152877e-05     Tr[DP]  5.680018e-01
 iter: 215:1        |ddm|: 1.258934e-05     Tr[DP]  5.680018e-01
 iter: 215:2        |ddm|: 9.706024e-06     Tr[DP]  5.680018e-01
 iter: 216:1        |ddm|: 1.259562e-05     Tr[DP]  5.680018e-01
 iter: 216:2        |ddm|: 9.876098e-06     Tr[DP]  5.680018e-01
 iter: 217:1        |ddm|: 9.476133e-06     Tr[DP]  5.680018e-01
 iter: 217:2        |ddm|: 8.719885e-06     Tr[DP]  5.680018e-01
 iter: 218:1        |ddm|: 1.046988e-05     Tr[DP]  5.680018e-01
 iter: 218:2        |ddm|: 8.993210e-06     Tr[DP]  5.680018e-01
 iter: 219:1        |ddm|: 1.123199e-05     Tr[DP]  5.680018e-01
 iter: 219:2        |ddm|: 9.246873e-06     Tr[DP]  5.680018e-01
 iter: 220:1        |ddm|: 1.260627e-05     Tr[DP]  5.680018e-01
 iter: 220:2        |ddm|: 1.152652e-05     Tr[DP]  5.680018e-01
 iter: 221:1        |ddm|: 3.037419e-05     Tr[DP]  5.680019e-01
 iter: 221:2        |ddm|: 2.180353e-05     Tr[DP]  5.680019e-01
 iter: 222:1        |ddm|: 9.018006e-06     Tr[DP]  5.680019e-01
 iter: 222:2        |ddm|: 7.020118e-06     Tr[DP]  5.680019e-01
 iter: 223:1        |ddm|: 7.302973e-06     Tr[DP]  5.680019e-01
 iter: 223:2        |ddm|: 6.179712e-06     Tr[DP]  5.680019e-01
 iter: 224:1        |ddm|: 6.749649e-06     Tr[DP]  5.680019e-01
 iter: 224:2        |ddm|: 5.902339e-06     Tr[DP]  5.680019e-01
 iter: 225:1        |ddm|: 6.823452e-06     Tr[DP]  5.680019e-01
 iter: 225:2        |ddm|: 6.042021e-06     Tr[DP]  5.680019e-01
 iter: 226:1        |ddm|: 7.348311e-06     Tr[DP]  5.680019e-01
 iter: 226:2        |ddm|: 6.823160e-06     Tr[DP]  5.680019e-01
 iter: 227:1        |ddm|: 8.296826e-06     Tr[DP]  5.680019e-01
 iter: 227:2        |ddm|: 6.818810e-06     Tr[DP]  5.680019e-01
 iter: 228:1        |ddm|: 1.015421e-05     Tr[DP]  5.680019e-01
 iter: 228:2        |ddm|: 8.030606e-06     Tr[DP]  5.680019e-01
 iter: 229:1        |ddm|: 6.736596e-06     Tr[DP]  5.680019e-01
 iter: 229:2        |ddm|: 5.778986e-06     Tr[DP]  5.680019e-01
 iter: 230:1        |ddm|: 6.705345e-06     Tr[DP]  5.680019e-01
 iter: 230:2        |ddm|: 5.639459e-06     Tr[DP]  5.680019e-01
 iter: 231:1        |ddm|: 6.529792e-06     Tr[DP]  5.680019e-01
 iter: 231:2        |ddm|: 5.465618e-06     Tr[DP]  5.680019e-01
 iter: 232:1        |ddm|: 1.041628e-05     Tr[DP]  5.680019e-01
 iter: 232:2        |ddm|: 8.125235e-06     Tr[DP]  5.680019e-01
 iter: 233:1        |ddm|: 5.362199e-06     Tr[DP]  5.680019e-01
 iter: 233:2        |ddm|: 4.681377e-06     Tr[DP]  5.680019e-01
 iter: 234:1        |ddm|: 6.481686e-06     Tr[DP]  5.680019e-01
 iter: 234:2        |ddm|: 5.036836e-06     Tr[DP]  5.680019e-01
 iter: 235:1        |ddm|: 5.024064e-06     Tr[DP]  5.680019e-01
 iter: 235:2        |ddm|: 4.326344e-06     Tr[DP]  5.680019e-01
 iter: 236:1        |ddm|: 5.022306e-06     Tr[DP]  5.680019e-01
 iter: 236:2        |ddm|: 4.262687e-06     Tr[DP]  5.680019e-01
 iter: 237:1        |ddm|: 4.931167e-06     Tr[DP]  5.680019e-01
 iter: 237:2        |ddm|: 4.189960e-06     Tr[DP]  5.680019e-01
 iter: 238:1        |ddm|: 5.056884e-06     Tr[DP]  5.680019e-01
 iter: 238:2        |ddm|: 4.745486e-06     Tr[DP]  5.680019e-01
 iter: 239:1        |ddm|: 7.372915e-06     Tr[DP]  5.680019e-01
 iter: 239:2        |ddm|: 5.426209e-06     Tr[DP]  5.680019e-01
 iter: 240:1        |ddm|: 4.468545e-06     Tr[DP]  5.680019e-01
 iter: 240:2        |ddm|: 3.927895e-06     Tr[DP]  5.680019e-01
 iter: 241:1        |ddm|: 4.594752e-06     Tr[DP]  5.680019e-01
 iter: 241:2        |ddm|: 3.953513e-06     Tr[DP]  5.680019e-01
 iter: 242:1        |ddm|: 4.700315e-06     Tr[DP]  5.680019e-01
 iter: 242:2        |ddm|: 3.971075e-06     Tr[DP]  5.680019e-01
 iter: 243:1        |ddm|: 4.553567e-06     Tr[DP]  5.680019e-01
 iter: 243:2        |ddm|: 3.914100e-06     Tr[DP]  5.680019e-01
 iter: 244:1        |ddm|: 4.502685e-06     Tr[DP]  5.680019e-01
 iter: 244:2        |ddm|: 4.050756e-06     Tr[DP]  5.680019e-01
 iter: 245:1        |ddm|: 5.810389e-06     Tr[DP]  5.680019e-01
 iter: 245:2        |ddm|: 4.473150e-06     Tr[DP]  5.680019e-01
 iter: 246:1        |ddm|: 4.326371e-06     Tr[DP]  5.680019e-01
 iter: 246:2        |ddm|: 3.705779e-06     Tr[DP]  5.680019e-01
 iter: 247:1        |ddm|: 4.285181e-06     Tr[DP]  5.680019e-01
 iter: 247:2        |ddm|: 3.643349e-06     Tr[DP]  5.680019e-01
 iter: 248:1        |ddm|: 4.940363e-06     Tr[DP]  5.680019e-01
 iter: 248:2        |ddm|: 3.909600e-06     Tr[DP]  5.680019e-01
 iter: 249:1        |ddm|: 4.238499e-06     Tr[DP]  5.680019e-01
 iter: 249:2        |ddm|: 3.952569e-06     Tr[DP]  5.680019e-01
 iter: 250:1        |ddm|: 4.568761e-06     Tr[DP]  5.680019e-01
 iter: 250:2        |ddm|: 4.064724e-06     Tr[DP]  5.680019e-01
 iter: 251:1        |ddm|: 8.147835e-06     Tr[DP]  5.680019e-01
 iter: 251:2        |ddm|: 5.642101e-06     Tr[DP]  5.680019e-01
 iter: 252:1        |ddm|: 7.224490e-06     Tr[DP]  5.680019e-01
 iter: 252:2        |ddm|: 5.809022e-06     Tr[DP]  5.680019e-01
 iter: 253:1        |ddm|: 3.843484e-06     Tr[DP]  5.680019e-01
 iter: 253:2        |ddm|: 3.120993e-06     Tr[DP]  5.680019e-01
 iter: 254:1        |ddm|: 2.899997e-06     Tr[DP]  5.680019e-01
 iter: 254:2        |ddm|: 2.408282e-06     Tr[DP]  5.680019e-01
 iter: 255:1        |ddm|: 2.384731e-06     Tr[DP]  5.680019e-01
 iter: 255:2        |ddm|: 2.029750e-06     Tr[DP]  5.680019e-01
 iter: 256:1        |ddm|: 2.452972e-06     Tr[DP]  5.680019e-01
 iter: 256:2        |ddm|: 2.057842e-06     Tr[DP]  5.680019e-01
 iter: 257:1        |ddm|: 1.983490e-06     Tr[DP]  5.680019e-01
 iter: 257:2        |ddm|: 1.707723e-06     Tr[DP]  5.680019e-01
 iter: 258:1        |ddm|: 2.141775e-06     Tr[DP]  5.680019e-01
 iter: 258:2        |ddm|: 1.785037e-06     Tr[DP]  5.680019e-01
 iter: 259:1        |ddm|: 1.944549e-06     Tr[DP]  5.680019e-01
 iter: 259:2        |ddm|: 1.664950e-06     Tr[DP]  5.680019e-01
 iter: 260:1        |ddm|: 2.062145e-06     Tr[DP]  5.680019e-01
 iter: 260:2        |ddm|: 1.691689e-06     Tr[DP]  5.680019e-01
 iter: 261:1        |ddm|: 1.866393e-06     Tr[DP]  5.680019e-01
 iter: 261:2        |ddm|: 1.577038e-06     Tr[DP]  5.680019e-01
 iter: 262:1        |ddm|: 2.484021e-06     Tr[DP]  5.680019e-01
 iter: 262:2        |ddm|: 1.936178e-06     Tr[DP]  5.680019e-01
 iter: 263:1        |ddm|: 2.067060e-06     Tr[DP]  5.680019e-01
 iter: 263:2        |ddm|: 1.892293e-06     Tr[DP]  5.680019e-01
 iter: 264:1        |ddm|: 2.540843e-06     Tr[DP]  5.680019e-01
 iter: 264:2        |ddm|: 1.856597e-06     Tr[DP]  5.680019e-01
 iter: 265:1        |ddm|: 1.617681e-06     Tr[DP]  5.680019e-01
 iter: 265:2        |ddm|: 1.396816e-06     Tr[DP]  5.680019e-01
 iter: 266:1        |ddm|: 1.589836e-06     Tr[DP]  5.680019e-01
 iter: 266:2        |ddm|: 1.374609e-06     Tr[DP]  5.680019e-01
 iter: 267:1        |ddm|: 1.578651e-06     Tr[DP]  5.680019e-01
 iter: 267:2        |ddm|: 1.410404e-06     Tr[DP]  5.680019e-01
 iter: 268:1        |ddm|: 1.782847e-06     Tr[DP]  5.680019e-01
 iter: 268:2        |ddm|: 1.450229e-06     Tr[DP]  5.680019e-01
 iter: 269:1        |ddm|: 1.684427e-06     Tr[DP]  5.680019e-01
 iter: 269:2        |ddm|: 1.397265e-06     Tr[DP]  5.680019e-01
 iter: 270:1        |ddm|: 1.539765e-06     Tr[DP]  5.680019e-01
 iter: 270:2        |ddm|: 1.336931e-06     Tr[DP]  5.680019e-01
 iter: 271:1        |ddm|: 1.578524e-06     Tr[DP]  5.680019e-01
 iter: 271:2        |ddm|: 1.348037e-06     Tr[DP]  5.680019e-01
 iter: 272:1        |ddm|: 1.540527e-06     Tr[DP]  5.680019e-01
 iter: 272:2        |ddm|: 1.345903e-06     Tr[DP]  5.680019e-01
 iter: 273:1        |ddm|: 1.611692e-06     Tr[DP]  5.680019e-01
 iter: 273:2        |ddm|: 1.513886e-06     Tr[DP]  5.680019e-01
 iter: 274:1        |ddm|: 2.906578e-06     Tr[DP]  5.680019e-01
 iter: 274:2        |ddm|: 2.079495e-06     Tr[DP]  5.680019e-01
 iter: 275:1        |ddm|: 1.471724e-06     Tr[DP]  5.680019e-01
 iter: 275:2        |ddm|: 1.226516e-06     Tr[DP]  5.680019e-01
 iter: 276:1        |ddm|: 1.966941e-06     Tr[DP]  5.680019e-01
 iter: 276:2        |ddm|: 1.518269e-06     Tr[DP]  5.680019e-01
 iter: 277:1        |ddm|: 1.649916e-06     Tr[DP]  5.680019e-01
 iter: 277:2        |ddm|: 1.314351e-06     Tr[DP]  5.680019e-01
 iter: 278:1        |ddm|: 9.460553e-07     Tr[DP]  5.680019e-01
 iter: 278:2        |ddm|: 7.849984e-07     Tr[DP]  5.680019e-01
 iter: 279:1        |ddm|: 9.045336e-07     Tr[DP]  5.680019e-01
 iter: 279:2        |ddm|: 7.722156e-07     Tr[DP]  5.680019e-01
 iter: 280:1        |ddm|: 8.589239e-07     Tr[DP]  5.680019e-01
 iter: 280:2        |ddm|: 7.731907e-07     Tr[DP]  5.680019e-01
 iter: 281:1        |ddm|: 1.038405e-06     Tr[DP]  5.680019e-01
 iter: 281:2        |ddm|: 8.211508e-07     Tr[DP]  5.680019e-01
 iter: 282:1        |ddm|: 1.024651e-06     Tr[DP]  5.680019e-01
 iter: 282:2        |ddm|: 8.366663e-07     Tr[DP]  5.680019e-01
 iter: 283:1        |ddm|: 7.752701e-07     Tr[DP]  5.680019e-01
 iter: 283:2        |ddm|: 6.769404e-07     Tr[DP]  5.680019e-01
 iter: 284:1        |ddm|: 8.294960e-07     Tr[DP]  5.680019e-01
 iter: 284:2        |ddm|: 6.949329e-07     Tr[DP]  5.680019e-01
 iter: 285:1        |ddm|: 7.910671e-07     Tr[DP]  5.680019e-01
 iter: 285:2        |ddm|: 6.718370e-07     Tr[DP]  5.680019e-01
 iter: 286:1        |ddm|: 7.943838e-07     Tr[DP]  5.680019e-01
 iter: 286:2        |ddm|: 6.636492e-07     Tr[DP]  5.680019e-01
 iter: 287:1        |ddm|: 7.272291e-07     Tr[DP]  5.680019e-01
 iter: 287:2        |ddm|: 6.588088e-07     Tr[DP]  5.680019e-01
 iter: 288:1        |ddm|: 7.974648e-07     Tr[DP]  5.680019e-01
 iter: 288:2        |ddm|: 6.776003e-07     Tr[DP]  5.680019e-01
 iter: 289:1        |ddm|: 8.336603e-07     Tr[DP]  5.680019e-01
 iter: 289:2        |ddm|: 6.861480e-07     Tr[DP]  5.680019e-01
 iter: 290:1        |ddm|: 7.763694e-07     Tr[DP]  5.680019e-01
 iter: 290:2        |ddm|: 6.487649e-07     Tr[DP]  5.680019e-01
 iter: 291:1        |ddm|: 7.577633e-07     Tr[DP]  5.680019e-01
 iter: 291:2        |ddm|: 6.338274e-07     Tr[DP]  5.680019e-01
 iter: 292:1        |ddm|: 7.573636e-07     Tr[DP]  5.680019e-01
 iter: 292:2        |ddm|: 6.218292e-07     Tr[DP]  5.680019e-01
 iter: 293:1        |ddm|: 1.168363e-06     Tr[DP]  5.680019e-01
 iter: 293:2        |ddm|: 9.432849e-07     Tr[DP]  5.680019e-01
 iter: 294:1        |ddm|: 1.292401e-06     Tr[DP]  5.680019e-01
 iter: 294:2        |ddm|: 8.461634e-07     Tr[DP]  5.680019e-01
 iter: 295:1        |ddm|: 1.485566e-06     Tr[DP]  5.680019e-01
 iter: 295:2        |ddm|: 1.194910e-06     Tr[DP]  5.680019e-01
 iter: 296:1        |ddm|: 8.185966e-07     Tr[DP]  5.680019e-01
 iter: 296:2        |ddm|: 5.209824e-07     Tr[DP]  5.680019e-01
 iter: 297:1        |ddm|: 6.587181e-07     Tr[DP]  5.680019e-01
 iter: 297:2        |ddm|: 5.244345e-07     Tr[DP]  5.680019e-01
 iter: 298:1        |ddm|: 4.288160e-07     Tr[DP]  5.680019e-01
 iter: 298:2        |ddm|: 3.641160e-07     Tr[DP]  5.680019e-01
 iter: 299:1        |ddm|: 4.200568e-07     Tr[DP]  5.680019e-01
 iter: 299:2        |ddm|: 3.664971e-07     Tr[DP]  5.680019e-01
 iter: 300:1        |ddm|: 4.337463e-07     Tr[DP]  5.680019e-01
 iter: 300:2        |ddm|: 3.776127e-07     Tr[DP]  5.680019e-01
 iter: 301:1        |ddm|: 4.307921e-07     Tr[DP]  5.680019e-01
 iter: 301:2        |ddm|: 3.665777e-07     Tr[DP]  5.680019e-01
 iter: 302:1        |ddm|: 5.001261e-07     Tr[DP]  5.680019e-01
 iter: 302:2        |ddm|: 4.059470e-07     Tr[DP]  5.680019e-01
 iter: 303:1        |ddm|: 3.648982e-07     Tr[DP]  5.680019e-01
 iter: 303:2        |ddm|: 3.308018e-07     Tr[DP]  5.680019e-01
 iter: 304:1        |ddm|: 4.048989e-07     Tr[DP]  5.680019e-01
 iter: 304:2        |ddm|: 3.440631e-07     Tr[DP]  5.680019e-01
 iter: 305:1        |ddm|: 4.018327e-07     Tr[DP]  5.680019e-01
 iter: 305:2        |ddm|: 3.443910e-07     Tr[DP]  5.680019e-01
 iter: 306:1        |ddm|: 4.099161e-07     Tr[DP]  5.680019e-01
 iter: 306:2        |ddm|: 3.443842e-07     Tr[DP]  5.680019e-01
 iter: 307:1        |ddm|: 4.071912e-07     Tr[DP]  5.680019e-01
 iter: 307:2        |ddm|: 3.401566e-07     Tr[DP]  5.680019e-01
 iter: 308:1        |ddm|: 3.939198e-07     Tr[DP]  5.680019e-01
 iter: 308:2        |ddm|: 3.309200e-07     Tr[DP]  5.680019e-01
 iter: 309:1        |ddm|: 3.744331e-07     Tr[DP]  5.680019e-01
 iter: 309:2        |ddm|: 3.350658e-07     Tr[DP]  5.680019e-01
 iter: 310:1        |ddm|: 3.991516e-07     Tr[DP]  5.680019e-01
 iter: 310:2        |ddm|: 3.564599e-07     Tr[DP]  5.680019e-01
 iter: 311:1        |ddm|: 6.483135e-07     Tr[DP]  5.680019e-01
 iter: 311:2        |ddm|: 4.728007e-07     Tr[DP]  5.680019e-01
 iter: 312:1        |ddm|: 3.503057e-07     Tr[DP]  5.680019e-01
 iter: 312:2        |ddm|: 2.985068e-07     Tr[DP]  5.680019e-01
 iter: 313:1        |ddm|: 4.009179e-07     Tr[DP]  5.680019e-01
 iter: 313:2        |ddm|: 3.205022e-07     Tr[DP]  5.680019e-01
 iter: 314:1        |ddm|: 5.253492e-07     Tr[DP]  5.680019e-01
 iter: 314:2        |ddm|: 4.085070e-07     Tr[DP]  5.680019e-01
 iter: 315:1        |ddm|: 2.817936e-07     Tr[DP]  5.680019e-01
 iter: 315:2        |ddm|: 2.347828e-07     Tr[DP]  5.680019e-01
 iter: 316:1        |ddm|: 2.117611e-07     Tr[DP]  5.680019e-01
 iter: 316:2        |ddm|: 1.844499e-07     Tr[DP]  5.680019e-01
 iter: 317:1        |ddm|: 2.231346e-07     Tr[DP]  5.680019e-01
 iter: 317:2        |ddm|: 1.938317e-07     Tr[DP]  5.680019e-01
 iter: 318:1        |ddm|: 2.289021e-07     Tr[DP]  5.680019e-01
 iter: 318:2        |ddm|: 1.949232e-07     Tr[DP]  5.680019e-01
 iter: 319:1        |ddm|: 2.283978e-07     Tr[DP]  5.680019e-01
 iter: 319:2        |ddm|: 1.934804e-07     Tr[DP]  5.680019e-01
 iter: 320:1        |ddm|: 2.156686e-07     Tr[DP]  5.680019e-01
 iter: 320:2        |ddm|: 1.926602e-07     Tr[DP]  5.680019e-01
 iter: 321:1        |ddm|: 2.371524e-07     Tr[DP]  5.680019e-01
 iter: 321:2        |ddm|: 1.970713e-07     Tr[DP]  5.680019e-01
 iter: 322:1        |ddm|: 2.261089e-07     Tr[DP]  5.680019e-01
 iter: 322:2        |ddm|: 1.926354e-07     Tr[DP]  5.680019e-01
 iter: 323:1        |ddm|: 2.261556e-07     Tr[DP]  5.680019e-01
 iter: 323:2        |ddm|: 1.903876e-07     Tr[DP]  5.680019e-01
 iter: 324:1        |ddm|: 2.207164e-07     Tr[DP]  5.680019e-01
 iter: 324:2        |ddm|: 1.874660e-07     Tr[DP]  5.680019e-01
 iter: 325:1        |ddm|: 2.153036e-07     Tr[DP]  5.680019e-01
 iter: 325:2        |ddm|: 1.849272e-07     Tr[DP]  5.680019e-01
 iter: 326:1        |ddm|: 2.164360e-07     Tr[DP]  5.680019e-01
 iter: 326:2        |ddm|: 1.871581e-07     Tr[DP]  5.680019e-01
 iter: 327:1        |ddm|: 2.692659e-07     Tr[DP]  5.680019e-01
 iter: 327:2        |ddm|: 2.110475e-07     Tr[DP]  5.680019e-01
 iter: 328:1        |ddm|: 2.385343e-07     Tr[DP]  5.680019e-01
 iter: 328:2        |ddm|: 1.669803e-07     Tr[DP]  5.680019e-01
 iter: 329:1        |ddm|: 1.862233e-07     Tr[DP]  5.680019e-01
 iter: 329:2        |ddm|: 1.685528e-07     Tr[DP]  5.680019e-01
 iter: 330:1        |ddm|: 2.086662e-07     Tr[DP]  5.680019e-01
 iter: 330:2        |ddm|: 1.729796e-07     Tr[DP]  5.680019e-01
 iter: 331:1        |ddm|: 2.286926e-07     Tr[DP]  5.680019e-01
 iter: 331:2        |ddm|: 1.782692e-07     Tr[DP]  5.680019e-01
 iter: 332:1        |ddm|: 3.252647e-07     Tr[DP]  5.680019e-01
 iter: 332:2        |ddm|: 2.438565e-07     Tr[DP]  5.680019e-01
 iter: 333:1        |ddm|: 3.377298e-07     Tr[DP]  5.680019e-01
 iter: 333:2        |ddm|: 2.782826e-07     Tr[DP]  5.680019e-01
 iter: 334:1        |ddm|: 1.481376e-07     Tr[DP]  5.680019e-01
 iter: 334:2        |ddm|: 8.620700e-08     Tr[DP]  5.680019e-01
 iter: 335:1        |ddm|: 1.040731e-07     Tr[DP]  5.680019e-01
 iter: 335:2        |ddm|: 8.657764e-08     Tr[DP]  5.680019e-01
 iter: 336:1        |ddm|: 1.054329e-07     Tr[DP]  5.680019e-01
 iter: 336:2        |ddm|: 9.130564e-08     Tr[DP]  5.680019e-01
 iter: 337:1        |ddm|: 1.095166e-07     Tr[DP]  5.680019e-01
 iter: 337:2        |ddm|: 9.356869e-08     Tr[DP]  5.680019e-01
 iter: 338:1        |ddm|: 1.094983e-07     Tr[DP]  5.680019e-01
 iter: 338:2        |ddm|: 9.298565e-08     Tr[DP]  5.680019e-01
 iter: 339:1        |ddm|: 1.056016e-07     Tr[DP]  5.680019e-01
 iter: 339:2        |ddm|: 9.072362e-08     Tr[DP]  5.680019e-01
 iter: 340:1        |ddm|: 1.066324e-07     Tr[DP]  5.680019e-01
 iter: 340:2        |ddm|: 9.109096e-08     Tr[DP]  5.680019e-01
 iter: 341:1        |ddm|: 1.019107e-07     Tr[DP]  5.680019e-01
 iter: 341:2        |ddm|: 9.035533e-08     Tr[DP]  5.680019e-01
 iter: 342:1        |ddm|: 1.146063e-07     Tr[DP]  5.680019e-01
 iter: 342:2        |ddm|: 9.277571e-08     Tr[DP]  5.680019e-01
 iter: 343:1        |ddm|: 1.062037e-07     Tr[DP]  5.680019e-01
 iter: 343:2        |ddm|: 8.796792e-08     Tr[DP]  5.680019e-01
 iter: 344:1        |ddm|: 1.034159e-07     Tr[DP]  5.680019e-01
 iter: 344:2        |ddm|: 8.477061e-08     Tr[DP]  5.680019e-01
 iter: 345:1        |ddm|: 1.030969e-07     Tr[DP]  5.680019e-01
 iter: 345:2        |ddm|: 7.998325e-08     Tr[DP]  5.680019e-01
 iter: 346:1        |ddm|: 1.177698e-07     Tr[DP]  5.680019e-01
 iter: 346:2        |ddm|: 7.648723e-08     Tr[DP]  5.680019e-01
 iter: 347:1        |ddm|: 1.135175e-07     Tr[DP]  5.680019e-01
 iter: 347:2        |ddm|: 8.175292e-08     Tr[DP]  5.680019e-01
 iter: 348:1        |ddm|: 1.055604e-07     Tr[DP]  5.680019e-01
 iter: 348:2        |ddm|: 9.686808e-08     Tr[DP]  5.680019e-01
 iter: 349:1        |ddm|: 1.991312e-07     Tr[DP]  5.680019e-01
 iter: 349:2        |ddm|: 1.246155e-07     Tr[DP]  5.680019e-01
 iter: 350:1        |ddm|: 1.241982e-07     Tr[DP]  5.680019e-01
 iter: 350:2        |ddm|: 1.144073e-07     Tr[DP]  5.680019e-01
 iter: 351:1        |ddm|: 1.275526e-07     Tr[DP]  5.680019e-01
 iter: 351:2        |ddm|: 1.015005e-07     Tr[DP]  5.680019e-01
 iter: 352:1        |ddm|: 5.727706e-08     Tr[DP]  5.680019e-01
 iter: 352:2        |ddm|: 4.462159e-08     Tr[DP]  5.680019e-01
 iter: 353:1        |ddm|: 5.444413e-08     Tr[DP]  5.680019e-01
 iter: 353:2        |ddm|: 4.741157e-08     Tr[DP]  5.680019e-01
 iter: 354:1        |ddm|: 5.672699e-08     Tr[DP]  5.680019e-01
 iter: 354:2        |ddm|: 4.846683e-08     Tr[DP]  5.680019e-01
 iter: 355:1        |ddm|: 5.706698e-08     Tr[DP]  5.680019e-01
 iter: 355:2        |ddm|: 4.697376e-08     Tr[DP]  5.680019e-01
 iter: 356:1        |ddm|: 5.593708e-08     Tr[DP]  5.680019e-01
 iter: 356:2        |ddm|: 4.827085e-08     Tr[DP]  5.680019e-01
 iter: 357:1        |ddm|: 5.244884e-08     Tr[DP]  5.680019e-01
 iter: 357:2        |ddm|: 4.750403e-08     Tr[DP]  5.680019e-01
 iter: 358:1        |ddm|: 5.889928e-08     Tr[DP]  5.680019e-01
 iter: 358:2        |ddm|: 4.913838e-08     Tr[DP]  5.680019e-01
 iter: 359:1        |ddm|: 5.635586e-08     Tr[DP]  5.680019e-01
 iter: 359:2        |ddm|: 4.752954e-08     Tr[DP]  5.680019e-01
 iter: 360:1        |ddm|: 5.502756e-08     Tr[DP]  5.680019e-01
 iter: 360:2        |ddm|: 4.667036e-08     Tr[DP]  5.680019e-01
 iter: 361:1        |ddm|: 5.331829e-08     Tr[DP]  5.680019e-01
 iter: 361:2        |ddm|: 4.585988e-08     Tr[DP]  5.680019e-01
 iter: 362:1        |ddm|: 5.406920e-08     Tr[DP]  5.680019e-01
 iter: 362:2        |ddm|: 4.446542e-08     Tr[DP]  5.680019e-01
 iter: 363:1        |ddm|: 6.383361e-08     Tr[DP]  5.680019e-01
 iter: 363:2        |ddm|: 4.570442e-08     Tr[DP]  5.680019e-01
 iter: 364:1        |ddm|: 9.742438e-08     Tr[DP]  5.680019e-01
 iter: 364:2        |ddm|: 6.902460e-08     Tr[DP]  5.680019e-01
 iter: 365:1        |ddm|: 7.249863e-08     Tr[DP]  5.680019e-01
 iter: 365:2        |ddm|: 4.531877e-08     Tr[DP]  5.680019e-01
 iter: 366:1        |ddm|: 6.963867e-08     Tr[DP]  5.680019e-01
 iter: 366:2        |ddm|: 5.876440e-08     Tr[DP]  5.680019e-01
 iter: 367:1        |ddm|: 4.745203e-08     Tr[DP]  5.680019e-01
 iter: 367:2        |ddm|: 2.934550e-08     Tr[DP]  5.680019e-01
 iter: 368:1        |ddm|: 3.400316e-08     Tr[DP]  5.680019e-01
 iter: 368:2        |ddm|: 3.137233e-08     Tr[DP]  5.680019e-01
 iter: 369:1        |ddm|: 3.237760e-08     Tr[DP]  5.680019e-01
 iter: 369:2        |ddm|: 2.771411e-08     Tr[DP]  5.680019e-01
 iter: 370:1        |ddm|: 3.521021e-08     Tr[DP]  5.680019e-01
 iter: 370:2        |ddm|: 2.774563e-08     Tr[DP]  5.680019e-01
 iter: 371:1        |ddm|: 3.244029e-08     Tr[DP]  5.680019e-01
 iter: 371:2        |ddm|: 2.818949e-08     Tr[DP]  5.680019e-01
 iter: 372:1        |ddm|: 3.195005e-08     Tr[DP]  5.680019e-01
 iter: 372:2        |ddm|: 2.555910e-08     Tr[DP]  5.680019e-01
 iter: 373:1        |ddm|: 2.795715e-08     Tr[DP]  5.680019e-01
 iter: 373:2        |ddm|: 2.417148e-08     Tr[DP]  5.680019e-01
 iter: 374:1        |ddm|: 2.873215e-08     Tr[DP]  5.680019e-01
 iter: 374:2        |ddm|: 2.258147e-08     Tr[DP]  5.680019e-01
 iter: 375:1        |ddm|: 2.706561e-08     Tr[DP]  5.680019e-01
 iter: 375:2        |ddm|: 2.257624e-08     Tr[DP]  5.680019e-01
 iter: 376:1        |ddm|: 2.584268e-08     Tr[DP]  5.680019e-01
 iter: 376:2        |ddm|: 2.161817e-08     Tr[DP]  5.680019e-01
 iter: 377:1        |ddm|: 2.542296e-08     Tr[DP]  5.680019e-01
 iter: 377:2        |ddm|: 2.091716e-08     Tr[DP]  5.680019e-01
 iter: 378:1        |ddm|: 2.462064e-08     Tr[DP]  5.680019e-01
 iter: 378:2        |ddm|: 2.067777e-08     Tr[DP]  5.680019e-01
 iter: 379:1        |ddm|: 2.407994e-08     Tr[DP]  5.680019e-01
 iter: 379:2        |ddm|: 2.039399e-08     Tr[DP]  5.680019e-01
 iter: 380:1        |ddm|: 2.319256e-08     Tr[DP]  5.680019e-01
 iter: 380:2        |ddm|: 1.974855e-08     Tr[DP]  5.680019e-01
 iter: 381:1        |ddm|: 2.259569e-08     Tr[DP]  5.680019e-01
 iter: 381:2        |ddm|: 1.882978e-08     Tr[DP]  5.680019e-01
 iter: 382:1        |ddm|: 2.188018e-08     Tr[DP]  5.680019e-01
 iter: 382:2        |ddm|: 1.823140e-08     Tr[DP]  5.680019e-01
 iter: 383:1        |ddm|: 2.110376e-08     Tr[DP]  5.680019e-01
 iter: 383:2        |ddm|: 1.756238e-08     Tr[DP]  5.680019e-01
 iter: 384:1        |ddm|: 2.043318e-08     Tr[DP]  5.680019e-01
 iter: 384:2        |ddm|: 1.691627e-08     Tr[DP]  5.680019e-01
 iter: 385:1        |ddm|: 1.977337e-08     Tr[DP]  5.680019e-01
 iter: 385:2        |ddm|: 1.643196e-08     Tr[DP]  5.680019e-01
 iter: 386:1        |ddm|: 1.916345e-08     Tr[DP]  5.680019e-01
 iter: 386:2        |ddm|: 1.604214e-08     Tr[DP]  5.680019e-01
 iter: 387:1        |ddm|: 1.855200e-08     Tr[DP]  5.680019e-01
 iter: 387:2        |ddm|: 1.563425e-08     Tr[DP]  5.680019e-01
 iter: 388:1        |ddm|: 1.800691e-08     Tr[DP]  5.680019e-01
 iter: 388:2        |ddm|: 1.513622e-08     Tr[DP]  5.680019e-01
 iter: 389:1        |ddm|: 1.747420e-08     Tr[DP]  5.680019e-01
 iter: 389:2        |ddm|: 1.465867e-08     Tr[DP]  5.680019e-01
 iter: 390:1        |ddm|: 1.693621e-08     Tr[DP]  5.680019e-01
 iter: 390:2        |ddm|: 1.417289e-08     Tr[DP]  5.680019e-01
 iter: 391:1        |ddm|: 1.641037e-08     Tr[DP]  5.680019e-01
 iter: 391:2        |ddm|: 1.367982e-08     Tr[DP]  5.680019e-01
 iter: 392:1        |ddm|: 1.589184e-08     Tr[DP]  5.680019e-01
 iter: 392:2        |ddm|: 1.322365e-08     Tr[DP]  5.680019e-01
 iter: 393:1        |ddm|: 1.538526e-08     Tr[DP]  5.680019e-01
 iter: 393:2        |ddm|: 1.282006e-08     Tr[DP]  5.680019e-01
 iter: 394:1        |ddm|: 1.488844e-08     Tr[DP]  5.680019e-01
 iter: 394:2        |ddm|: 1.244985e-08     Tr[DP]  5.680019e-01
 iter: 395:1        |ddm|: 1.441883e-08     Tr[DP]  5.680019e-01
 iter: 395:2        |ddm|: 1.208051e-08     Tr[DP]  5.680019e-01
 iter: 396:1        |ddm|: 1.397391e-08     Tr[DP]  5.680019e-01
 iter: 396:2        |ddm|: 1.171670e-08     Tr[DP]  5.680019e-01
 iter: 397:1        |ddm|: 1.354466e-08     Tr[DP]  5.680019e-01
 iter: 397:2        |ddm|: 1.135483e-08     Tr[DP]  5.680019e-01
 iter: 398:1        |ddm|: 1.313171e-08     Tr[DP]  5.680019e-01
 iter: 398:2        |ddm|: 1.099055e-08     Tr[DP]  5.680019e-01
 iter: 399:1        |ddm|: 1.272773e-08     Tr[DP]  5.680019e-01
 iter: 399:2        |ddm|: 1.063301e-08     Tr[DP]  5.680019e-01
 iter: 400:1        |ddm|: 1.233329e-08     Tr[DP]  5.680019e-01
 iter: 400:2        |ddm|: 1.029265e-08     Tr[DP]  5.680019e-01
 iter: 401:1        |ddm|: 1.194528e-08     Tr[DP]  5.680019e-01
 iter: 401:2        |ddm|: 9.972469e-09     Tr[DP]  5.680019e-01
 iter: 402:1        |ddm|: 1.156662e-08     Tr[DP]  5.680019e-01
 iter: 402:2        |ddm|: 9.666488e-09     Tr[DP]  5.680019e-01
 iter: 403:1        |ddm|: 1.120245e-08     Tr[DP]  5.680019e-01
 iter: 403:2        |ddm|: 9.371430e-09     Tr[DP]  5.680019e-01
 iter: 404:1        |ddm|: 1.085079e-08     Tr[DP]  5.680019e-01
 iter: 404:2        |ddm|: 9.085173e-09     Tr[DP]  5.680019e-01
 iter: 405:1        |ddm|: 1.051461e-08     Tr[DP]  5.680019e-01
 iter: 405:2        |ddm|: 8.803500e-09     Tr[DP]  5.680019e-01
 iter: 406:1        |ddm|: 1.018936e-08     Tr[DP]  5.680019e-01
 iter: 406:2        |ddm|: 8.526340e-09     Tr[DP]  5.680019e-01
 iter: 407:1        |ddm|: 9.875053e-09     Tr[DP]  5.680019e-01
 iter: 407:2        |ddm|: 8.256445e-09     Tr[DP]  5.680019e-01
 iter: 408:1        |ddm|: 9.569493e-09     Tr[DP]  5.680019e-01
 iter: 408:2        |ddm|: 7.996381e-09     Tr[DP]  5.680019e-01
 iter: 409:1        |ddm|: 9.271037e-09     Tr[DP]  5.680019e-01
 iter: 409:2        |ddm|: 7.746779e-09     Tr[DP]  5.680019e-01
 iter: 410:1        |ddm|: 8.980977e-09     Tr[DP]  5.680019e-01
 iter: 410:2        |ddm|: 7.506168e-09     Tr[DP]  5.680019e-01
 iter: 411:1        |ddm|: 8.699116e-09     Tr[DP]  5.680019e-01
 iter: 411:2        |ddm|: 7.274539e-09     Tr[DP]  5.680019e-01
 iter: 412:1        |ddm|: 8.426651e-09     Tr[DP]  5.680019e-01
 iter: 412:2        |ddm|: 7.049764e-09     Tr[DP]  5.680019e-01
 iter: 413:1        |ddm|: 8.163740e-09     Tr[DP]  5.680019e-01
 iter: 413:2        |ddm|: 6.830427e-09     Tr[DP]  5.680019e-01
 iter: 414:1        |ddm|: 7.909799e-09     Tr[DP]  5.680019e-01
 iter: 414:2        |ddm|: 6.617204e-09     Tr[DP]  5.680019e-01
 iter: 415:1        |ddm|: 7.664155e-09     Tr[DP]  5.680019e-01
 iter: 415:2        |ddm|: 6.409553e-09     Tr[DP]  5.680019e-01
 iter: 416:1        |ddm|: 7.426234e-09     Tr[DP]  5.680019e-01
 iter: 416:2        |ddm|: 6.209303e-09     Tr[DP]  5.680019e-01
 iter: 417:1        |ddm|: 7.194856e-09     Tr[DP]  5.680019e-01
 iter: 417:2        |ddm|: 6.015187e-09     Tr[DP]  5.680019e-01
 iter: 418:1        |ddm|: 6.970807e-09     Tr[DP]  5.680019e-01
 iter: 418:2        |ddm|: 5.827872e-09     Tr[DP]  5.680019e-01
 iter: 419:1        |ddm|: 6.753403e-09     Tr[DP]  5.680019e-01
 iter: 419:2        |ddm|: 5.647139e-09     Tr[DP]  5.680019e-01
 iter: 420:1        |ddm|: 6.542516e-09     Tr[DP]  5.680019e-01
 iter: 420:2        |ddm|: 5.471681e-09     Tr[DP]  5.680019e-01
 iter: 421:1        |ddm|: 6.338134e-09     Tr[DP]  5.680019e-01
 iter: 421:2        |ddm|: 5.301433e-09     Tr[DP]  5.680019e-01
 iter: 422:1        |ddm|: 6.140780e-09     Tr[DP]  5.680019e-01
 iter: 422:2        |ddm|: 5.135803e-09     Tr[DP]  5.680019e-01
 iter: 423:1        |ddm|: 5.950219e-09     Tr[DP]  5.680019e-01
 iter: 423:2        |ddm|: 4.975470e-09     Tr[DP]  5.680019e-01
 iter: 424:1        |ddm|: 5.764429e-09     Tr[DP]  5.680019e-01
 iter: 424:2        |ddm|: 4.820272e-09     Tr[DP]  5.680019e-01
 iter: 425:1        |ddm|: 5.584766e-09     Tr[DP]  5.680019e-01
 iter: 425:2        |ddm|: 4.670265e-09     Tr[DP]  5.680019e-01
 iter: 426:1        |ddm|: 5.410698e-09     Tr[DP]  5.680019e-01
 iter: 426:2        |ddm|: 4.524592e-09     Tr[DP]  5.680019e-01
                           Freeze-and-Thaw converged!                           

=================== Subsystem 1 at higher mean-field method ====================
  subiter:   1      |ddm|: 6.855711e-01
  subiter:   2      |ddm|: 1.373560e-01
  subiter:   3      |ddm|: 2.771273e-02
  subiter:   4      |ddm|: 1.702036e-02
  subiter:   5      |ddm|: 4.001709e-03
  subiter:   6      |ddm|: 1.559183e-03
  subiter:   7      |ddm|: 7.691638e-04
  subiter:   8      |ddm|: 2.002549e-04
  subiter:   9      |ddm|: 7.120375e-05
  subiter:  10      |ddm|: 2.382823e-05
  subiter:  11      |ddm|: 2.082797e-05
  subiter:  12      |ddm|: 3.867550e-06
  subiter:  13      |ddm|: 4.318443e-06
  subiter:  14      |ddm|: 9.492491e-07
  subiter:  15      |ddm|: 5.378257e-07
  subiter:  16      |ddm|: 1.588873e-07
  subiter:  17      |ddm|: 2.403795e-08
  subiter:  18      |ddm|: 3.062680e-08
  subiter:  19      |ddm|: 6.214291e-09


******** <class 'pyscf.scf.hf.RHF'> flags ********
method = RHF
initial guess = minao
damping factor = 0
level shift factor = 0
DIIS = <class 'pyscf.scf.diis.CDIIS'>
DIIS start cycle = 1
DIIS space = 8
SCF tol = 1e-09
SCF gradient tol = None
max. SCF cycles = 100
direct_scf = True
direct_scf_tol = 1e-13
chkfile to save SCF result = /panfs/roc/scratch/graha682/2018_smear/201712_ccpVDZ_NEVPT2_m06_135_8c12h24/tmp7YiPin
max_memory 4000 MB (current use 2661 MB)
Set gradient conv threshold to 3.16228e-05
init E= -310.208421279473
  HOMO = -0.299988815744939  LUMO = 0.142344861565896
cycle= 1 E= -310.208421279471  delta_E= 1.71e-12  |g|= 3.89e-09  |ddm|= 1.53e-08
  HOMO = -0.299988815542103  LUMO = 0.142344861687746
Extra cycle  E= -310.20842127947  delta_E= 3.41e-13  |g|= 2.03e-09  |ddm|= 7.22e-09
converged SCF energy = -310.20842127947
 iter: 427:1        |ddm|: 8.007343e-01     Tr[DP]  6.702321e-01

******** <class 'pyscf.mcscf.mc1step.CASSCF'> flags ********
CAS (1e+1e, 2o), ncore = 30, nvir = 150
max_cycle_macro = 150
max_cycle_micro = 4
conv_tol = 1e-07
conv_tol_grad = None
orbital rotation max_stepsize = 0.02
augmented hessian ah_max_cycle = 30
augmented hessian ah_conv_tol = 1e-12
augmented hessian ah_linear dependence = 1e-14
augmented hessian ah_level shift = 0
augmented hessian ah_start_tol = 2.5
augmented hessian ah_start_cycle = 3
augmented hessian ah_grad_trust_region = 3
kf_trust_region = 3
kf_interval = 4
ci_response_space = 4
ci_grad_trust_region = 3
with_dep4 0
natorb = False
canonicalization = True
sorting_mo_energy = False
chkfile = /panfs/roc/scratch/graha682/2018_smear/201712_ccpVDZ_NEVPT2_m06_135_8c12h24/tmp7YiPin
max_memory 4000 MB (current use 2657 MB)
internal_rotation = False
******** <class 'pyscf.fci.direct_spin1.FCISolver'> flags ********
max. cycles = 50
conv_tol = 1e-08
davidson only = False
linear dependence = 1e-10
level shift = 0.001
max iter space = 12
max_memory 4000 MB
nroots = 1
pspace_size = 400
spin = None
CASCI E = -310.21666672354  S^2 = 0.0000000
Set conv_tol_grad to 0.000316228
macro iter 1 (21 JK  4 micro), CASSCF E = -310.236489934587  dE = -0.019823211  S^2 = 0.0000000
               |grad[o]|=0.0246  |grad[c]|= 0.0752099290083  |ddm|=0.0343
macro iter 2 (13 JK  4 micro), CASSCF E = -310.238980093855  dE = -0.0024901593  S^2 = 0.0000000
               |grad[o]|=0.023  |grad[c]|= 0.00898636107993  |ddm|=0.00537
macro iter 3 (10 JK  3 micro), CASSCF E = -310.239011568499  dE = -3.1474644e-05  S^2 = 0.0000000
               |grad[o]|=0.00252  |grad[c]|= 0.000149338671861  |ddm|=0.00137
macro iter 4 (3 JK  1 micro), CASSCF E = -310.239011573995  dE = -5.4953944e-09  S^2 = 0.0000000
               |grad[o]|=3.88e-05  |grad[c]|= 5.97773535769e-06  |ddm|=1.56e-05
1-step CASSCF converged in 4 macro (47 JK 12 micro) steps
CASSCF canonicalization
CASSCF energy = -310.239011573995
Hartree-Fock Energy:  -310.20842127947049
CAS Correlation:       -0.03059029452430
CAS Energy:          -310.23901157399479
Sr    (-1)',   E = 0.00000000000338
Si    (+1)',   E = 0.00000000000051
Sijrs (0)  ,   E = -1.05096767241609
Sijr  (+1) ,   E = -0.01873487074785
Srsi  (-1) ,   E = -0.06094547674906
Srs   (-2) ,   E = -0.00442428748487
Sij   (+2) ,   E = -0.00094871646264
Sir   (0)' ,   E = -0.03501709193077
Nevpt2 Energy = -1.171038115787402
NEVPT2 =   -1.171038115787402
Total NEVPT2 = -311.410049689782170

============================== Supermolecular DFT ==============================
  subiter:   1      |ddm|: 3.690112e+00
  subiter:   2      |ddm|: 3.017042e-01
  subiter:   3      |ddm|: 1.801112e-01
  subiter:   4      |ddm|: 1.808158e-02
  subiter:   5      |ddm|: 5.204165e-03
  subiter:   6      |ddm|: 1.646613e-03
  subiter:   7      |ddm|: 5.192852e-04
  subiter:   8      |ddm|: 2.386496e-04
  subiter:   9      |ddm|: 6.909463e-05
  subiter:  10      |ddm|: 1.813922e-05
  subiter:  11      |ddm|: 5.339712e-06
  subiter:  12      |ddm|: 3.245311e-06
  subiter:  13      |ddm|: 4.830540e-07
  subiter:  14      |ddm|: 2.621469e-07
  subiter:  15      |ddm|: 1.018875e-07
  subiter:  16      |ddm|: 1.467890e-08
  subiter:  17      |ddm|: 1.855673e-08
  subiter:  18      |ddm|: 4.191573e-09


******** <class 'pyscf.dft.rks.RKS'> flags ********
method = RKS
initial guess = atom
damping factor = 0
level shift factor = 0.0
DIIS = <class 'pyscf.scf.diis.CDIIS'>
DIIS start cycle = 1
DIIS space = 8
SCF tol = 1e-08
SCF gradient tol = 1e-08
max. SCF cycles = 100
direct_scf = True
direct_scf_tol = 1e-13
chkfile to save SCF result = /panfs/roc/scratch/graha682/2018_smear/201712_ccpVDZ_NEVPT2_m06_135_8c12h24/tmpxpG1hH
max_memory 4000 MB (current use 2687 MB)
XC functionals = m06
small_rho_cutoff = 1e-20
radial grids: Treutler-Ahlrichs (JCP 102, 346 (M4)) radial grids
becke partition: Becke, JCP, 88, 2547 (1988)
pruning grids: <function nwchem_prune at 0x1832578>
grids dens level: 4
symmetrized grids: False
atomic radii adjust function: <function treutler_atomic_radii_adjust at 0x1832410>
init E= -471.286305799458
  HOMO = -0.216941226057946  LUMO = -0.00667031696965772
cycle= 1 E= -471.286305799456  delta_E= 1.14e-12  |g|= 3.6e-09  |ddm|= 9.24e-09
  HOMO = -0.216941225768097  LUMO = -0.00667031672960889
Extra cycle  E= -471.28630579945  delta_E= 6.59e-12  |g|= 4.41e-09  |ddm|= 7.58e-09
converged SCF energy = -471.28630579945
Supermolecular DFT   -471.28630579945821

============================== Embedding Energies ==============================
Subsystem DFT              -312.28616775124055
Interaction                -158.75077217649823
DFT-in-DFT                 -471.03693992773879
Supermolecular DFT         -471.28630579945821
Supmol DFT no F-Smear      -471.28630579945752
Difference                   -0.24936587171942
Corrected DFT-in-DFT       -471.28630579945821
WF-in-DFT                  -470.16082186628040
Corrected WF-in-DFT        -470.41018773799982
================================================================================
TIMING STATISTICS:
     overlap integrals      0.02s   ( 0.00%)
    initial subsystems      0.75s   ( 0.01%)
           2e matrices  10517.46s   (93.83%)
      tot. embed. of 1  10541.42s   (94.05%)
      tot. embed. of 2      2.03s   ( 0.02%)
       freeze and thaw  10543.51s   (94.07%)
                   cas     11.49s   ( 0.10%)
                nevpt2      1.64s   ( 0.01%)
  interaction energies    650.53s   ( 5.80%)
                 TOTAL  11208.59s
================================================================================

********************************************************************************
*                              END OF CALCULATION                              *
********************************************************************************
