********************************************************************************
*                         FREEZE-AND-THAW CALCULATION                          *
********************************************************************************

================================== Input File ==================================
subsystem
C          6.75544       -0.54805        0.01920
C          5.53130        0.33472       -0.12319
H          7.69306        0.01504       -0.10883
H          6.75150       -1.35909       -0.72889
H          6.78922       -1.02576        1.01324
C          4.22651       -0.42296        0.05014
H          5.53396        0.82866       -1.11379
H          5.57146        1.15961        0.61382
C          2.99092        0.44662       -0.09130
H          4.21742       -0.91730        1.04242
H          4.18104       -1.25015       -0.68657
C          1.68737       -0.31082        0.08298
H          2.99973        0.93977       -1.08397
H          3.03684        1.27405        0.64484
C          0.45195        0.55875       -0.06157
H          1.67719       -0.80223        1.07646
H          1.64199       -1.13945       -0.65176
C         -0.85115       -0.19899        0.11503
H          0.46087        1.04857       -1.05578
H          0.49764        1.38844        0.67193
charge -1
end

subsystem
C         -2.08613        0.67126       -0.03308
H         -0.86140       -0.68686        1.11010
H         -0.89639       -1.02968       -0.61714
C         -3.38481       -0.09512        0.14350
H         -2.07555        1.15893       -1.02777
H         -2.04239        1.50080        0.70040
C         -4.61346        0.79317       -0.00483
H         -3.39634       -0.58440        1.13680
H         -3.44253       -0.91813       -0.59381
C         -5.85824       -0.02554        0.23116
H         -4.58147        1.27922       -1.00046
H         -4.55282        1.61728        0.73007
C         -6.51215       -1.05158       -0.35281
H         -6.46726       -2.05743        0.08117
H         -7.11500       -0.96191       -1.27019
H         -5.64608       -0.38668        1.26628
charge +1
end

embed
 huzinaga
 cycles 300
 conv 1e-8
 method m06
end

basis cc-pVDZ
method cas[2,2]/nevpt2
grid 4
conv 1e-8
grad 1e-8
maxiter 100
================================== End Input ===================================
tot grids = 725328

                      Getting subsystem overlap integrals                       

                          Initial subsystem densities                           
Guessing initial subsystem densities
Initial guess from superpostion of atomic densties.
Guessing initial subsystem densities
Initial guess from superpostion of atomic densties.

=========================== Starting Freeze-and-Thaw ===========================
 iter:   1:1        |ddm|: 5.951562e+00     Tr[DP]  1.002374e+00
 iter:   1:2        |ddm|: 4.050132e+00     Tr[DP]  3.327355e-01
 iter:   2:1        |ddm|: 5.438375e+00     Tr[DP]  6.130700e-01
 iter:   2:2        |ddm|: 2.154307e+00     Tr[DP]  2.676016e-01
 iter:   3:1        |ddm|: 2.943220e+00     Tr[DP]  2.818182e-01
 iter:   3:2        |ddm|: 1.241808e+00     Tr[DP]  2.403861e-01
 iter:   4:1        |ddm|: 5.368685e-01     Tr[DP]  2.425045e-01
 iter:   4:2        |ddm|: 3.499749e-01     Tr[DP]  2.354324e-01
 iter:   5:1        |ddm|: 3.188565e-01     Tr[DP]  2.383176e-01
 iter:   5:2        |ddm|: 1.920110e-01     Tr[DP]  2.122212e-01
 iter:   6:1        |ddm|: 1.997476e-01     Tr[DP]  2.244180e-01
 iter:   6:2        |ddm|: 1.131990e-01     Tr[DP]  2.061629e-01
 iter:   7:1        |ddm|: 1.344006e-01     Tr[DP]  2.140594e-01
 iter:   7:2        |ddm|: 7.194691e-02     Tr[DP]  2.025666e-01
 iter:   8:1        |ddm|: 9.729093e-02     Tr[DP]  2.083896e-01
 iter:   8:2        |ddm|: 5.749744e-02     Tr[DP]  1.983953e-01
 iter:   9:1        |ddm|: 7.953377e-02     Tr[DP]  2.047083e-01
 iter:   9:2        |ddm|: 5.766842e-02     Tr[DP]  1.946253e-01
 iter:  10:1        |ddm|: 6.943845e-02     Tr[DP]  2.006592e-01
 iter:  10:2        |ddm|: 5.118271e-02     Tr[DP]  1.911188e-01
 iter:  11:1        |ddm|: 5.916727e-02     Tr[DP]  1.973031e-01
 iter:  11:2        |ddm|: 4.752944e-02     Tr[DP]  1.881281e-01
 iter:  12:1        |ddm|: 5.261964e-02     Tr[DP]  1.942466e-01
 iter:  12:2        |ddm|: 4.356116e-02     Tr[DP]  1.854967e-01
 iter:  13:1        |ddm|: 4.796177e-02     Tr[DP]  1.915680e-01
 iter:  13:2        |ddm|: 4.053392e-02     Tr[DP]  1.832953e-01
 iter:  14:1        |ddm|: 4.488877e-02     Tr[DP]  1.897820e-01
 iter:  14:2        |ddm|: 4.200806e-02     Tr[DP]  1.812336e-01
 iter:  15:1        |ddm|: 4.633957e-02     Tr[DP]  1.880673e-01
 iter:  15:2        |ddm|: 4.495785e-02     Tr[DP]  1.788918e-01
 iter:  16:1        |ddm|: 4.774594e-02     Tr[DP]  1.857600e-01
 iter:  16:2        |ddm|: 4.302393e-02     Tr[DP]  1.763521e-01
 iter:  17:1        |ddm|: 4.762396e-02     Tr[DP]  1.835257e-01
 iter:  17:2        |ddm|: 4.354911e-02     Tr[DP]  1.738438e-01
 iter:  18:1        |ddm|: 4.730238e-02     Tr[DP]  1.810363e-01
 iter:  18:2        |ddm|: 4.130492e-02     Tr[DP]  1.713423e-01
 iter:  19:1        |ddm|: 4.607896e-02     Tr[DP]  1.785298e-01
 iter:  19:2        |ddm|: 3.912389e-02     Tr[DP]  1.690143e-01
 iter:  20:1        |ddm|: 4.462064e-02     Tr[DP]  1.762489e-01
 iter:  20:2        |ddm|: 3.796333e-02     Tr[DP]  1.669644e-01
 iter:  21:1        |ddm|: 4.180008e-02     Tr[DP]  1.739848e-01
 iter:  21:2        |ddm|: 3.552471e-02     Tr[DP]  1.650463e-01
 iter:  22:1        |ddm|: 4.149530e-02     Tr[DP]  1.718220e-01
 iter:  22:2        |ddm|: 3.276322e-02     Tr[DP]  1.633994e-01
 iter:  23:1        |ddm|: 3.768994e-02     Tr[DP]  1.703054e-01
 iter:  23:2        |ddm|: 3.302410e-02     Tr[DP]  1.617748e-01
 iter:  24:1        |ddm|: 4.849876e-02     Tr[DP]  1.700832e-01
 iter:  24:2        |ddm|: 5.992411e-02     Tr[DP]  1.589429e-01
 iter:  25:1        |ddm|: 5.680632e-02     Tr[DP]  1.674148e-01
 iter:  25:2        |ddm|: 5.156992e-02     Tr[DP]  1.551349e-01
 iter:  26:1        |ddm|: 5.867466e-02     Tr[DP]  1.642935e-01
 iter:  26:2        |ddm|: 5.144910e-02     Tr[DP]  1.514864e-01
 iter:  27:1        |ddm|: 5.783314e-02     Tr[DP]  1.609930e-01
 iter:  27:2        |ddm|: 4.909884e-02     Tr[DP]  1.479992e-01
 iter:  28:1        |ddm|: 5.643443e-02     Tr[DP]  1.576833e-01
 iter:  28:2        |ddm|: 4.590160e-02     Tr[DP]  1.448412e-01
 iter:  29:1        |ddm|: 6.842728e-02     Tr[DP]  1.561258e-01
 iter:  29:2        |ddm|: 7.585172e-02     Tr[DP]  1.403459e-01
 iter:  30:1        |ddm|: 7.188550e-02     Tr[DP]  1.513043e-01
 iter:  30:2        |ddm|: 5.181089e-02     Tr[DP]  1.363914e-01
 iter:  31:1        |ddm|: 6.155147e-02     Tr[DP]  1.476546e-01
 iter:  31:2        |ddm|: 4.852896e-02     Tr[DP]  1.334047e-01
 iter:  32:1        |ddm|: 5.832964e-02     Tr[DP]  1.447664e-01
 iter:  32:2        |ddm|: 4.814980e-02     Tr[DP]  1.306000e-01
 iter:  33:1        |ddm|: 6.056674e-02     Tr[DP]  1.413991e-01
 iter:  33:2        |ddm|: 4.105995e-02     Tr[DP]  1.288285e-01
 iter:  34:1        |ddm|: 5.292565e-02     Tr[DP]  1.397440e-01
 iter:  34:2        |ddm|: 4.939605e-02     Tr[DP]  1.262523e-01
 iter:  35:1        |ddm|: 5.655256e-02     Tr[DP]  1.371599e-01
 iter:  35:2        |ddm|: 4.828676e-02     Tr[DP]  1.232921e-01
 iter:  36:1        |ddm|: 5.739790e-02     Tr[DP]  1.343307e-01
 iter:  36:2        |ddm|: 4.737334e-02     Tr[DP]  1.205099e-01
 iter:  37:1        |ddm|: 5.796467e-02     Tr[DP]  1.313731e-01
 iter:  37:2        |ddm|: 4.093267e-02     Tr[DP]  1.185040e-01
 iter:  38:1        |ddm|: 5.306099e-02     Tr[DP]  1.291810e-01
 iter:  38:2        |ddm|: 4.478133e-02     Tr[DP]  1.162410e-01
 iter:  39:1        |ddm|: 5.655491e-02     Tr[DP]  1.270276e-01
 iter:  39:2        |ddm|: 5.548265e-02     Tr[DP]  1.131314e-01
 iter:  40:1        |ddm|: 6.090424e-02     Tr[DP]  1.240970e-01
 iter:  40:2        |ddm|: 4.488539e-02     Tr[DP]  1.107438e-01
 iter:  41:1        |ddm|: 5.666516e-02     Tr[DP]  1.215590e-01
 iter:  41:2        |ddm|: 4.277306e-02     Tr[DP]  1.088159e-01
 iter:  42:1        |ddm|: 5.556515e-02     Tr[DP]  1.192725e-01
 iter:  42:2        |ddm|: 3.826455e-02     Tr[DP]  1.073122e-01
 iter:  43:1        |ddm|: 5.181373e-02     Tr[DP]  1.173465e-01
 iter:  43:2        |ddm|: 4.476439e-02     Tr[DP]  1.053160e-01
 iter:  44:1        |ddm|: 5.330991e-02     Tr[DP]  1.152591e-01
 iter:  44:2        |ddm|: 4.299195e-02     Tr[DP]  1.033510e-01
 iter:  45:1        |ddm|: 5.319865e-02     Tr[DP]  1.132130e-01
 iter:  45:2        |ddm|: 4.739530e-02     Tr[DP]  1.012334e-01
 iter:  46:1        |ddm|: 5.586373e-02     Tr[DP]  1.110947e-01
 iter:  46:2        |ddm|: 3.797478e-02     Tr[DP]  9.983056e-02
 iter:  47:1        |ddm|: 5.112664e-02     Tr[DP]  1.092392e-01
 iter:  47:2        |ddm|: 3.934420e-02     Tr[DP]  9.843674e-02
 iter:  48:1        |ddm|: 5.010436e-02     Tr[DP]  1.075318e-01
 iter:  48:2        |ddm|: 4.230855e-02     Tr[DP]  9.682682e-02
 iter:  49:1        |ddm|: 5.335293e-02     Tr[DP]  1.058195e-01
 iter:  49:2        |ddm|: 3.192328e-02     Tr[DP]  9.602523e-02
 iter:  50:1        |ddm|: 4.694677e-02     Tr[DP]  1.042886e-01
 iter:  50:2        |ddm|: 4.072754e-02     Tr[DP]  9.467078e-02
 iter:  51:1        |ddm|: 5.066760e-02     Tr[DP]  1.028952e-01
 iter:  51:2        |ddm|: 2.867346e-02     Tr[DP]  9.410272e-02
 iter:  52:1        |ddm|: 4.319142e-02     Tr[DP]  1.015508e-01
 iter:  52:2        |ddm|: 3.246323e-02     Tr[DP]  9.322596e-02
 iter:  53:1        |ddm|: 4.156813e-02     Tr[DP]  1.003838e-01
 iter:  53:2        |ddm|: 3.001198e-02     Tr[DP]  9.239457e-02
 iter:  54:1        |ddm|: 4.089568e-02     Tr[DP]  9.924822e-02
 iter:  54:2        |ddm|: 2.686359e-02     Tr[DP]  9.177568e-02
 iter:  55:1        |ddm|: 3.866217e-02     Tr[DP]  9.820101e-02
 iter:  55:2        |ddm|: 2.491849e-02     Tr[DP]  9.127157e-02
 iter:  56:1        |ddm|: 3.575142e-02     Tr[DP]  9.721548e-02
 iter:  56:2        |ddm|: 2.851321e-02     Tr[DP]  9.054109e-02
 iter:  57:1        |ddm|: 3.538504e-02     Tr[DP]  9.633923e-02
 iter:  57:2        |ddm|: 2.515866e-02     Tr[DP]  8.994506e-02
 iter:  58:1        |ddm|: 3.445727e-02     Tr[DP]  9.548419e-02
 iter:  58:2        |ddm|: 2.251700e-02     Tr[DP]  8.952716e-02
 iter:  59:1        |ddm|: 3.240562e-02     Tr[DP]  9.470405e-02
 iter:  59:2        |ddm|: 2.100134e-02     Tr[DP]  8.918189e-02
 iter:  60:1        |ddm|: 3.056674e-02     Tr[DP]  9.401411e-02
 iter:  60:2        |ddm|: 1.938494e-02     Tr[DP]  8.888027e-02
 iter:  61:1        |ddm|: 2.906109e-02     Tr[DP]  9.340396e-02
 iter:  61:2        |ddm|: 1.749599e-02     Tr[DP]  8.866548e-02
 iter:  62:1        |ddm|: 2.669905e-02     Tr[DP]  9.282063e-02
 iter:  62:2        |ddm|: 1.749393e-02     Tr[DP]  8.838095e-02
 iter:  63:1        |ddm|: 2.489386e-02     Tr[DP]  9.223833e-02
 iter:  63:2        |ddm|: 1.955209e-02     Tr[DP]  8.797585e-02
 iter:  64:1        |ddm|: 2.975595e-02     Tr[DP]  9.154107e-02
 iter:  64:2        |ddm|: 3.366374e-02     Tr[DP]  8.692518e-02
 iter:  65:1        |ddm|: 2.899008e-02     Tr[DP]  9.099244e-02
 iter:  65:2        |ddm|: 3.080292e-02     Tr[DP]  8.613954e-02
 iter:  66:1        |ddm|: 2.962811e-02     Tr[DP]  9.036537e-02
 iter:  66:2        |ddm|: 2.829275e-02     Tr[DP]  8.550754e-02
 iter:  67:1        |ddm|: 2.970702e-02     Tr[DP]  8.985506e-02
 iter:  67:2        |ddm|: 2.159822e-02     Tr[DP]  8.520493e-02
 iter:  68:1        |ddm|: 2.847876e-02     Tr[DP]  8.934666e-02
 iter:  68:2        |ddm|: 1.823245e-02     Tr[DP]  8.505630e-02
 iter:  69:1        |ddm|: 2.634534e-02     Tr[DP]  8.887381e-02
 iter:  69:2        |ddm|: 1.739329e-02     Tr[DP]  8.491772e-02
 iter:  70:1        |ddm|: 2.463050e-02     Tr[DP]  8.845216e-02
 iter:  70:2        |ddm|: 1.616122e-02     Tr[DP]  8.477421e-02
 iter:  71:1        |ddm|: 2.309273e-02     Tr[DP]  8.807510e-02
 iter:  71:2        |ddm|: 1.527697e-02     Tr[DP]  8.464325e-02
 iter:  72:1        |ddm|: 2.181177e-02     Tr[DP]  8.773096e-02
 iter:  72:2        |ddm|: 1.419174e-02     Tr[DP]  8.453678e-02
 iter:  73:1        |ddm|: 2.053028e-02     Tr[DP]  8.742110e-02
 iter:  73:2        |ddm|: 1.334995e-02     Tr[DP]  8.444150e-02
 iter:  74:1        |ddm|: 2.351624e-02     Tr[DP]  8.732372e-02
 iter:  74:2        |ddm|: 1.350548e-02     Tr[DP]  8.481867e-02
 iter:  75:1        |ddm|: 2.211785e-02     Tr[DP]  8.674837e-02
 iter:  75:2        |ddm|: 2.435964e-02     Tr[DP]  8.419984e-02
 iter:  76:1        |ddm|: 1.733747e-02     Tr[DP]  8.656673e-02
 iter:  76:2        |ddm|: 1.616193e-02     Tr[DP]  8.394119e-02
 iter:  77:1        |ddm|: 1.771267e-02     Tr[DP]  8.637407e-02
 iter:  77:2        |ddm|: 1.215955e-02     Tr[DP]  8.388026e-02
 iter:  78:1        |ddm|: 1.691199e-02     Tr[DP]  8.616195e-02
 iter:  78:2        |ddm|: 1.063619e-02     Tr[DP]  8.385590e-02
 iter:  79:1        |ddm|: 1.566910e-02     Tr[DP]  8.595879e-02
 iter:  79:2        |ddm|: 1.001556e-02     Tr[DP]  8.382133e-02
 iter:  80:1        |ddm|: 1.457136e-02     Tr[DP]  8.577982e-02
 iter:  80:2        |ddm|: 9.384683e-03     Tr[DP]  8.379480e-02
 iter:  81:1        |ddm|: 1.368567e-02     Tr[DP]  8.562078e-02
 iter:  81:2        |ddm|: 8.575474e-03     Tr[DP]  8.378223e-02
 iter:  82:1        |ddm|: 1.274192e-02     Tr[DP]  8.546973e-02
 iter:  82:2        |ddm|: 8.120945e-03     Tr[DP]  8.376426e-02
 iter:  83:1        |ddm|: 1.197107e-02     Tr[DP]  8.534449e-02
 iter:  83:2        |ddm|: 7.275809e-03     Tr[DP]  8.376884e-02
 iter:  84:1        |ddm|: 1.103251e-02     Tr[DP]  8.517793e-02
 iter:  84:2        |ddm|: 8.540487e-03     Tr[DP]  8.368903e-02
 iter:  85:1        |ddm|: 1.053343e-02     Tr[DP]  8.508190e-02
 iter:  85:2        |ddm|: 7.087874e-03     Tr[DP]  8.366810e-02
 iter:  86:1        |ddm|: 1.005566e-02     Tr[DP]  8.497939e-02
 iter:  86:2        |ddm|: 6.453918e-03     Tr[DP]  8.366349e-02
 iter:  87:1        |ddm|: 9.364949e-03     Tr[DP]  8.487330e-02
 iter:  87:2        |ddm|: 6.294506e-03     Tr[DP]  8.364377e-02
 iter:  88:1        |ddm|: 8.792289e-03     Tr[DP]  8.477948e-02
 iter:  88:2        |ddm|: 5.901495e-03     Tr[DP]  8.362728e-02
 iter:  89:1        |ddm|: 2.168048e-02     Tr[DP]  8.512407e-02
 iter:  89:2        |ddm|: 2.321419e-02     Tr[DP]  8.434975e-02
 iter:  90:1        |ddm|: 1.956824e-02     Tr[DP]  8.448158e-02
 iter:  90:2        |ddm|: 2.403915e-02     Tr[DP]  8.366707e-02
 iter:  91:1        |ddm|: 7.509799e-03     Tr[DP]  8.455076e-02
 iter:  91:2        |ddm|: 7.000476e-03     Tr[DP]  8.360835e-02
 iter:  92:1        |ddm|: 8.436413e-03     Tr[DP]  8.440270e-02
 iter:  92:2        |ddm|: 1.072177e-02     Tr[DP]  8.339497e-02
 iter:  93:1        |ddm|: 7.703453e-03     Tr[DP]  8.435208e-02
 iter:  93:2        |ddm|: 7.181725e-03     Tr[DP]  8.333037e-02
 iter:  94:1        |ddm|: 7.598878e-03     Tr[DP]  8.428919e-02
 iter:  94:2        |ddm|: 5.955988e-03     Tr[DP]  8.330257e-02
 iter:  95:1        |ddm|: 7.307223e-03     Tr[DP]  8.421879e-02
 iter:  95:2        |ddm|: 5.502172e-03     Tr[DP]  8.327494e-02
 iter:  96:1        |ddm|: 6.990320e-03     Tr[DP]  8.412566e-02
 iter:  96:2        |ddm|: 6.196303e-03     Tr[DP]  8.321826e-02
 iter:  97:1        |ddm|: 6.794931e-03     Tr[DP]  8.409057e-02
 iter:  97:2        |ddm|: 4.589799e-03     Tr[DP]  8.322840e-02
 iter:  98:1        |ddm|: 6.445801e-03     Tr[DP]  8.403128e-02
 iter:  98:2        |ddm|: 4.316030e-03     Tr[DP]  8.322642e-02
 iter:  99:1        |ddm|: 6.025511e-03     Tr[DP]  8.397788e-02
 iter:  99:2        |ddm|: 4.098979e-03     Tr[DP]  8.322273e-02
 iter: 100:1        |ddm|: 5.727538e-03     Tr[DP]  8.394058e-02
 iter: 100:2        |ddm|: 3.508342e-03     Tr[DP]  8.323831e-02
 iter: 101:1        |ddm|: 5.386211e-03     Tr[DP]  8.390661e-02
 iter: 101:2        |ddm|: 3.087562e-03     Tr[DP]  8.326171e-02
 iter: 102:1        |ddm|: 4.879797e-03     Tr[DP]  8.386053e-02
 iter: 102:2        |ddm|: 3.121864e-03     Tr[DP]  8.326381e-02
 iter: 103:1        |ddm|: 4.562967e-03     Tr[DP]  8.383204e-02
 iter: 103:2        |ddm|: 2.716204e-03     Tr[DP]  8.328033e-02
 iter: 104:1        |ddm|: 4.221075e-03     Tr[DP]  8.379895e-02
 iter: 104:2        |ddm|: 2.581305e-03     Tr[DP]  8.328890e-02
 iter: 105:1        |ddm|: 3.923906e-03     Tr[DP]  8.377369e-02
 iter: 105:2        |ddm|: 2.317561e-03     Tr[DP]  8.330321e-02
 iter: 106:1        |ddm|: 3.591334e-03     Tr[DP]  8.373716e-02
 iter: 106:2        |ddm|: 2.475626e-03     Tr[DP]  8.329678e-02
 iter: 107:1        |ddm|: 3.361200e-03     Tr[DP]  8.370947e-02
 iter: 107:2        |ddm|: 2.335214e-03     Tr[DP]  8.329330e-02
 iter: 108:1        |ddm|: 3.181384e-03     Tr[DP]  8.368293e-02
 iter: 108:2        |ddm|: 2.249244e-03     Tr[DP]  8.328925e-02
 iter: 109:1        |ddm|: 3.126990e-03     Tr[DP]  8.367678e-02
 iter: 109:2        |ddm|: 1.738128e-03     Tr[DP]  8.331658e-02
 iter: 110:1        |ddm|: 2.784706e-03     Tr[DP]  8.364613e-02
 iter: 110:2        |ddm|: 1.914295e-03     Tr[DP]  8.331060e-02
 iter: 111:1        |ddm|: 7.452241e-03     Tr[DP]  8.346009e-02
 iter: 111:2        |ddm|: 1.085807e-02     Tr[DP]  8.303839e-02
 iter: 112:1        |ddm|: 6.449540e-03     Tr[DP]  8.362503e-02
 iter: 112:2        |ddm|: 6.049711e-03     Tr[DP]  8.324521e-02
 iter: 113:1        |ddm|: 3.329717e-03     Tr[DP]  8.354305e-02
 iter: 113:2        |ddm|: 2.614088e-03     Tr[DP]  8.320358e-02
 iter: 114:1        |ddm|: 2.775966e-03     Tr[DP]  8.354788e-02
 iter: 114:2        |ddm|: 1.504801e-03     Tr[DP]  8.324097e-02
 iter: 115:1        |ddm|: 2.400454e-03     Tr[DP]  8.351577e-02
 iter: 115:2        |ddm|: 1.728098e-03     Tr[DP]  8.323122e-02
 iter: 116:1        |ddm|: 2.188468e-03     Tr[DP]  8.349703e-02
 iter: 116:2        |ddm|: 1.624956e-03     Tr[DP]  8.322691e-02
 iter: 117:1        |ddm|: 2.101640e-03     Tr[DP]  8.348485e-02
 iter: 117:2        |ddm|: 1.400674e-03     Tr[DP]  8.323021e-02
 iter: 118:1        |ddm|: 1.988042e-03     Tr[DP]  8.347145e-02
 iter: 118:2        |ddm|: 1.306575e-03     Tr[DP]  8.323284e-02
 iter: 119:1        |ddm|: 1.871435e-03     Tr[DP]  8.344888e-02
 iter: 119:2        |ddm|: 1.602242e-03     Tr[DP]  8.321987e-02
 iter: 120:1        |ddm|: 1.853441e-03     Tr[DP]  8.342482e-02
 iter: 120:2        |ddm|: 1.888433e-03     Tr[DP]  8.319800e-02
 iter: 121:1        |ddm|: 2.280296e-03     Tr[DP]  8.338237e-02
 iter: 121:2        |ddm|: 3.063497e-03     Tr[DP]  8.314244e-02
 iter: 122:1        |ddm|: 1.976975e-03     Tr[DP]  8.337383e-02
 iter: 122:2        |ddm|: 1.960252e-03     Tr[DP]  8.312779e-02
 iter: 123:1        |ddm|: 3.633097e-03     Tr[DP]  8.343794e-02
 iter: 123:2        |ddm|: 3.453138e-03     Tr[DP]  8.323847e-02
 iter: 124:1        |ddm|: 2.149250e-03     Tr[DP]  8.342325e-02
 iter: 124:2        |ddm|: 1.174792e-03     Tr[DP]  8.327165e-02
 iter: 125:1        |ddm|: 1.298505e-03     Tr[DP]  8.339132e-02
 iter: 125:2        |ddm|: 1.010135e-03     Tr[DP]  8.325718e-02
 iter: 126:1        |ddm|: 1.026826e-03     Tr[DP]  8.338315e-02
 iter: 126:2        |ddm|: 7.812773e-04     Tr[DP]  8.325523e-02
 iter: 127:1        |ddm|: 1.021202e-03     Tr[DP]  8.337096e-02
 iter: 127:2        |ddm|: 9.556515e-04     Tr[DP]  8.324597e-02
 iter: 128:1        |ddm|: 9.818823e-04     Tr[DP]  8.336606e-02
 iter: 128:2        |ddm|: 7.371592e-04     Tr[DP]  8.324548e-02
 iter: 129:1        |ddm|: 9.540916e-04     Tr[DP]  8.335709e-02
 iter: 129:2        |ddm|: 7.878706e-04     Tr[DP]  8.324085e-02
 iter: 130:1        |ddm|: 9.367761e-04     Tr[DP]  8.335584e-02
 iter: 130:2        |ddm|: 5.558589e-04     Tr[DP]  8.324700e-02
 iter: 131:1        |ddm|: 9.007483e-04     Tr[DP]  8.335403e-02
 iter: 131:2        |ddm|: 4.724315e-04     Tr[DP]  8.325535e-02
 iter: 132:1        |ddm|: 7.788056e-04     Tr[DP]  8.334605e-02
 iter: 132:2        |ddm|: 5.170791e-04     Tr[DP]  8.325490e-02
 iter: 133:1        |ddm|: 7.247896e-04     Tr[DP]  8.334306e-02
 iter: 133:2        |ddm|: 4.264470e-04     Tr[DP]  8.325866e-02
 iter: 134:1        |ddm|: 6.656781e-04     Tr[DP]  8.333753e-02
 iter: 134:2        |ddm|: 4.465052e-04     Tr[DP]  8.325871e-02
 iter: 135:1        |ddm|: 6.243237e-04     Tr[DP]  8.333045e-02
 iter: 135:2        |ddm|: 5.278794e-04     Tr[DP]  8.325482e-02
 iter: 136:1        |ddm|: 6.789378e-04     Tr[DP]  8.331887e-02
 iter: 136:2        |ddm|: 8.136899e-04     Tr[DP]  8.324192e-02
 iter: 137:1        |ddm|: 6.253951e-04     Tr[DP]  8.332052e-02
 iter: 137:2        |ddm|: 4.115091e-04     Tr[DP]  8.324609e-02
 iter: 138:1        |ddm|: 6.196202e-04     Tr[DP]  8.331959e-02
 iter: 138:2        |ddm|: 3.351668e-04     Tr[DP]  8.325117e-02
 iter: 139:1        |ddm|: 5.610684e-04     Tr[DP]  8.331727e-02
 iter: 139:2        |ddm|: 2.949661e-04     Tr[DP]  8.325540e-02
 iter: 140:1        |ddm|: 4.893952e-04     Tr[DP]  8.331247e-02
 iter: 140:2        |ddm|: 3.243822e-04     Tr[DP]  8.325519e-02
 iter: 141:1        |ddm|: 4.506306e-04     Tr[DP]  8.330944e-02
 iter: 141:2        |ddm|: 3.007250e-04     Tr[DP]  8.325574e-02
 iter: 142:1        |ddm|: 4.235974e-04     Tr[DP]  8.330622e-02
 iter: 142:2        |ddm|: 2.990919e-04     Tr[DP]  8.325551e-02
 iter: 143:1        |ddm|: 5.636231e-04     Tr[DP]  8.329351e-02
 iter: 143:2        |ddm|: 7.755044e-04     Tr[DP]  8.324004e-02
 iter: 144:1        |ddm|: 4.637425e-04     Tr[DP]  8.329823e-02
 iter: 144:2        |ddm|: 2.889159e-04     Tr[DP]  8.324639e-02
 iter: 145:1        |ddm|: 4.199937e-04     Tr[DP]  8.329453e-02
 iter: 145:2        |ddm|: 2.890857e-04     Tr[DP]  8.324577e-02
 iter: 146:1        |ddm|: 5.452541e-04     Tr[DP]  8.330099e-02
 iter: 146:2        |ddm|: 4.270614e-04     Tr[DP]  8.326011e-02
 iter: 147:1        |ddm|: 3.411836e-04     Tr[DP]  8.329435e-02
 iter: 147:2        |ddm|: 2.207330e-04     Tr[DP]  8.325840e-02
 iter: 148:1        |ddm|: 2.845366e-04     Tr[DP]  8.329045e-02
 iter: 148:2        |ddm|: 2.604437e-04     Tr[DP]  8.325611e-02
 iter: 149:1        |ddm|: 2.749485e-04     Tr[DP]  8.329003e-02
 iter: 149:2        |ddm|: 1.728596e-04     Tr[DP]  8.325746e-02
 iter: 150:1        |ddm|: 2.588372e-04     Tr[DP]  8.328777e-02
 iter: 150:2        |ddm|: 1.882802e-04     Tr[DP]  8.325699e-02
 iter: 151:1        |ddm|: 2.433326e-04     Tr[DP]  8.328581e-02
 iter: 151:2        |ddm|: 1.846576e-04     Tr[DP]  8.325646e-02
 iter: 152:1        |ddm|: 2.323543e-04     Tr[DP]  8.328410e-02
 iter: 152:2        |ddm|: 1.753870e-04     Tr[DP]  8.325606e-02
 iter: 153:1        |ddm|: 2.242211e-04     Tr[DP]  8.328327e-02
 iter: 153:2        |ddm|: 1.418560e-04     Tr[DP]  8.325693e-02
 iter: 154:1        |ddm|: 2.135706e-04     Tr[DP]  8.328251e-02
 iter: 154:2        |ddm|: 1.218587e-04     Tr[DP]  8.325820e-02
 iter: 155:1        |ddm|: 1.953408e-04     Tr[DP]  8.328141e-02
 iter: 155:2        |ddm|: 1.135835e-04     Tr[DP]  8.325906e-02
 iter: 156:1        |ddm|: 1.799219e-04     Tr[DP]  8.328059e-02
 iter: 156:2        |ddm|: 1.019875e-04     Tr[DP]  8.326008e-02
 iter: 157:1        |ddm|: 1.630913e-04     Tr[DP]  8.327945e-02
 iter: 157:2        |ddm|: 1.008218e-04     Tr[DP]  8.326050e-02
 iter: 158:1        |ddm|: 1.496538e-04     Tr[DP]  8.327827e-02
 iter: 158:2        |ddm|: 1.027425e-04     Tr[DP]  8.326050e-02
 iter: 159:1        |ddm|: 1.402550e-04     Tr[DP]  8.327723e-02
 iter: 159:2        |ddm|: 1.001236e-04     Tr[DP]  8.326043e-02
 iter: 160:1        |ddm|: 1.349343e-04     Tr[DP]  8.327565e-02
 iter: 160:2        |ddm|: 1.215133e-04     Tr[DP]  8.325938e-02
 iter: 161:1        |ddm|: 1.291147e-04     Tr[DP]  8.327501e-02
 iter: 161:2        |ddm|: 9.554721e-05     Tr[DP]  8.325936e-02
 iter: 162:1        |ddm|: 1.268993e-04     Tr[DP]  8.327351e-02
 iter: 162:2        |ddm|: 1.179212e-04     Tr[DP]  8.325825e-02
 iter: 163:1        |ddm|: 1.224828e-04     Tr[DP]  8.327331e-02
 iter: 163:2        |ddm|: 7.966626e-05     Tr[DP]  8.325879e-02
 iter: 164:1        |ddm|: 1.163387e-04     Tr[DP]  8.327264e-02
 iter: 164:2        |ddm|: 7.474064e-05     Tr[DP]  8.325905e-02
 iter: 165:1        |ddm|: 1.098330e-04     Tr[DP]  8.327225e-02
 iter: 165:2        |ddm|: 6.319754e-05     Tr[DP]  8.325970e-02
 iter: 166:1        |ddm|: 1.022284e-04     Tr[DP]  8.327187e-02
 iter: 166:2        |ddm|: 5.575985e-05     Tr[DP]  8.326042e-02
 iter: 167:1        |ddm|: 9.231530e-05     Tr[DP]  8.327135e-02
 iter: 167:2        |ddm|: 5.199441e-05     Tr[DP]  8.326089e-02
 iter: 168:1        |ddm|: 8.289198e-05     Tr[DP]  8.327065e-02
 iter: 168:2        |ddm|: 5.506216e-05     Tr[DP]  8.326091e-02
 iter: 169:1        |ddm|: 7.691385e-05     Tr[DP]  8.326995e-02
 iter: 169:2        |ddm|: 5.854668e-05     Tr[DP]  8.326070e-02
 iter: 170:1        |ddm|: 7.330133e-05     Tr[DP]  8.326931e-02
 iter: 170:2        |ddm|: 5.893267e-05     Tr[DP]  8.326043e-02
 iter: 171:1        |ddm|: 7.129138e-05     Tr[DP]  8.326860e-02
 iter: 171:2        |ddm|: 6.329340e-05     Tr[DP]  8.325995e-02
 iter: 172:1        |ddm|: 6.874560e-05     Tr[DP]  8.326820e-02
 iter: 172:2        |ddm|: 5.308387e-05     Tr[DP]  8.325985e-02
 iter: 173:1        |ddm|: 6.645454e-05     Tr[DP]  8.326777e-02
 iter: 173:2        |ddm|: 4.865984e-05     Tr[DP]  8.325981e-02
 iter: 174:1        |ddm|: 6.405367e-05     Tr[DP]  8.326755e-02
 iter: 174:2        |ddm|: 3.955281e-05     Tr[DP]  8.326010e-02
 iter: 175:1        |ddm|: 6.101162e-05     Tr[DP]  8.326738e-02
 iter: 175:2        |ddm|: 3.360074e-05     Tr[DP]  8.326054e-02
 iter: 176:1        |ddm|: 5.587082e-05     Tr[DP]  8.326715e-02
 iter: 176:2        |ddm|: 3.002210e-05     Tr[DP]  8.326093e-02
 iter: 177:1        |ddm|: 4.998106e-05     Tr[DP]  8.326684e-02
 iter: 177:2        |ddm|: 2.848613e-05     Tr[DP]  8.326116e-02
 iter: 178:1        |ddm|: 4.505616e-05     Tr[DP]  8.326649e-02
 iter: 178:2        |ddm|: 2.919962e-05     Tr[DP]  8.326121e-02
 iter: 179:1        |ddm|: 4.208164e-05     Tr[DP]  8.326601e-02
 iter: 179:2        |ddm|: 3.552273e-05     Tr[DP]  8.326095e-02
 iter: 180:1        |ddm|: 4.025420e-05     Tr[DP]  8.326566e-02
 iter: 180:2        |ddm|: 3.427191e-05     Tr[DP]  8.326075e-02
 iter: 181:1        |ddm|: 3.997011e-05     Tr[DP]  8.326522e-02
 iter: 181:2        |ddm|: 3.828660e-05     Tr[DP]  8.326039e-02
 iter: 182:1        |ddm|: 3.857190e-05     Tr[DP]  8.326508e-02
 iter: 182:2        |ddm|: 2.823597e-05     Tr[DP]  8.326042e-02
 iter: 183:1        |ddm|: 3.743432e-05     Tr[DP]  8.326492e-02
 iter: 183:2        |ddm|: 2.428146e-05     Tr[DP]  8.326053e-02
 iter: 184:1        |ddm|: 3.567506e-05     Tr[DP]  8.326480e-02
 iter: 184:2        |ddm|: 2.040375e-05     Tr[DP]  8.326075e-02
 iter: 185:1        |ddm|: 3.439104e-05     Tr[DP]  8.326479e-02
 iter: 185:2        |ddm|: 1.765068e-05     Tr[DP]  8.326115e-02
 iter: 186:1        |ddm|: 2.959430e-05     Tr[DP]  8.326458e-02
 iter: 186:2        |ddm|: 1.593697e-05     Tr[DP]  8.326130e-02
 iter: 187:1        |ddm|: 2.629937e-05     Tr[DP]  8.326422e-02
 iter: 187:2        |ddm|: 2.220747e-05     Tr[DP]  8.326111e-02
 iter: 188:1        |ddm|: 2.496299e-05     Tr[DP]  8.326397e-02
 iter: 188:2        |ddm|: 2.261785e-05     Tr[DP]  8.326093e-02
 iter: 189:1        |ddm|: 2.444336e-05     Tr[DP]  8.326376e-02
 iter: 189:2        |ddm|: 2.180213e-05     Tr[DP]  8.326078e-02
 iter: 190:1        |ddm|: 2.385449e-05     Tr[DP]  8.326358e-02
 iter: 190:2        |ddm|: 1.990720e-05     Tr[DP]  8.326068e-02
 iter: 191:1        |ddm|: 2.336622e-05     Tr[DP]  8.326352e-02
 iter: 191:2        |ddm|: 1.501161e-05     Tr[DP]  8.326078e-02
 iter: 192:1        |ddm|: 2.279400e-05     Tr[DP]  8.326349e-02
 iter: 192:2        |ddm|: 1.226811e-05     Tr[DP]  8.326098e-02
 iter: 193:1        |ddm|: 2.150581e-05     Tr[DP]  8.326347e-02
 iter: 193:2        |ddm|: 1.085000e-05     Tr[DP]  8.326124e-02
 iter: 194:1        |ddm|: 1.824812e-05     Tr[DP]  8.326335e-02
 iter: 194:2        |ddm|: 9.547162e-06     Tr[DP]  8.326134e-02
 iter: 195:1        |ddm|: 1.590274e-05     Tr[DP]  8.326317e-02
 iter: 195:2        |ddm|: 1.181509e-05     Tr[DP]  8.326129e-02
 iter: 196:1        |ddm|: 1.536578e-05     Tr[DP]  8.326296e-02
 iter: 196:2        |ddm|: 1.516501e-05     Tr[DP]  8.326112e-02
 iter: 197:1        |ddm|: 1.484592e-05     Tr[DP]  8.326283e-02
 iter: 197:2        |ddm|: 1.375489e-05     Tr[DP]  8.326102e-02
 iter: 198:1        |ddm|: 1.549432e-05     Tr[DP]  8.326263e-02
 iter: 198:2        |ddm|: 1.700692e-05     Tr[DP]  8.326080e-02
 iter: 199:1        |ddm|: 1.492428e-05     Tr[DP]  8.326265e-02
 iter: 199:2        |ddm|: 9.704773e-06     Tr[DP]  8.326089e-02
 iter: 200:1        |ddm|: 1.573083e-05     Tr[DP]  8.326270e-02
 iter: 200:2        |ddm|: 8.391656e-06     Tr[DP]  8.326112e-02
 iter: 201:1        |ddm|: 1.323947e-05     Tr[DP]  8.326263e-02
 iter: 201:2        |ddm|: 6.464097e-06     Tr[DP]  8.326123e-02
 iter: 202:1        |ddm|: 1.108440e-05     Tr[DP]  8.326250e-02
 iter: 202:2        |ddm|: 7.770405e-06     Tr[DP]  8.326120e-02
 iter: 203:1        |ddm|: 1.016830e-05     Tr[DP]  8.326243e-02
 iter: 203:2        |ddm|: 6.859343e-06     Tr[DP]  8.326122e-02
 iter: 204:1        |ddm|: 9.824102e-06     Tr[DP]  8.326231e-02
 iter: 204:2        |ddm|: 9.133175e-06     Tr[DP]  8.326113e-02
 iter: 205:1        |ddm|: 1.007381e-05     Tr[DP]  8.326217e-02
 iter: 205:2        |ddm|: 1.128900e-05     Tr[DP]  8.326098e-02
 iter: 206:1        |ddm|: 9.506195e-06     Tr[DP]  8.326215e-02
 iter: 206:2        |ddm|: 7.291049e-06     Tr[DP]  8.326099e-02
 iter: 207:1        |ddm|: 9.751053e-06     Tr[DP]  8.326215e-02
 iter: 207:2        |ddm|: 5.314371e-06     Tr[DP]  8.326108e-02
 iter: 208:1        |ddm|: 9.419928e-06     Tr[DP]  8.326215e-02
 iter: 208:2        |ddm|: 4.773831e-06     Tr[DP]  8.326120e-02
 iter: 209:1        |ddm|: 7.945549e-06     Tr[DP]  8.326212e-02
 iter: 209:2        |ddm|: 3.964346e-06     Tr[DP]  8.326128e-02
 iter: 210:1        |ddm|: 6.723759e-06     Tr[DP]  8.326202e-02
 iter: 210:2        |ddm|: 5.616708e-06     Tr[DP]  8.326123e-02
 iter: 211:1        |ddm|: 6.290055e-06     Tr[DP]  8.326195e-02
 iter: 211:2        |ddm|: 5.932491e-06     Tr[DP]  8.326118e-02
 iter: 212:1        |ddm|: 6.086498e-06     Tr[DP]  8.326191e-02
 iter: 212:2        |ddm|: 5.041668e-06     Tr[DP]  8.326116e-02
 iter: 213:1        |ddm|: 6.089577e-06     Tr[DP]  8.326184e-02
 iter: 213:2        |ddm|: 5.994738e-06     Tr[DP]  8.326110e-02
 iter: 214:1        |ddm|: 5.896982e-06     Tr[DP]  8.326183e-02
 iter: 214:2        |ddm|: 3.964932e-06     Tr[DP]  8.326113e-02
 iter: 215:1        |ddm|: 5.634300e-06     Tr[DP]  8.326180e-02
 iter: 215:2        |ddm|: 3.660067e-06     Tr[DP]  8.326114e-02
 iter: 216:1        |ddm|: 5.259565e-06     Tr[DP]  8.326177e-02
 iter: 216:2        |ddm|: 3.331559e-06     Tr[DP]  8.326115e-02
 iter: 217:1        |ddm|: 4.888103e-06     Tr[DP]  8.326174e-02
 iter: 217:2        |ddm|: 3.156019e-06     Tr[DP]  8.326117e-02
 iter: 218:1        |ddm|: 4.586049e-06     Tr[DP]  8.326172e-02
 iter: 218:2        |ddm|: 2.803410e-06     Tr[DP]  8.326118e-02
 iter: 219:1        |ddm|: 4.424563e-06     Tr[DP]  8.326171e-02
 iter: 219:2        |ddm|: 2.327501e-06     Tr[DP]  8.326123e-02
 iter: 220:1        |ddm|: 3.857209e-06     Tr[DP]  8.326166e-02
 iter: 220:2        |ddm|: 2.990582e-06     Tr[DP]  8.326121e-02
 iter: 221:1        |ddm|: 3.618221e-06     Tr[DP]  8.326165e-02
 iter: 221:2        |ddm|: 2.226015e-06     Tr[DP]  8.326123e-02
 iter: 222:1        |ddm|: 3.406828e-06     Tr[DP]  8.326163e-02
 iter: 222:2        |ddm|: 2.066552e-06     Tr[DP]  8.326124e-02
 iter: 223:1        |ddm|: 3.150303e-06     Tr[DP]  8.326161e-02
 iter: 223:2        |ddm|: 1.909674e-06     Tr[DP]  8.326125e-02
 iter: 224:1        |ddm|: 2.914946e-06     Tr[DP]  8.326160e-02
 iter: 224:2        |ddm|: 1.779941e-06     Tr[DP]  8.326126e-02
 iter: 225:1        |ddm|: 2.838146e-06     Tr[DP]  8.326160e-02
 iter: 225:2        |ddm|: 1.477822e-06     Tr[DP]  8.326129e-02
 iter: 226:1        |ddm|: 2.492415e-06     Tr[DP]  8.326156e-02
 iter: 226:2        |ddm|: 2.183613e-06     Tr[DP]  8.326127e-02
 iter: 227:1        |ddm|: 2.329176e-06     Tr[DP]  8.326153e-02
 iter: 227:2        |ddm|: 2.157969e-06     Tr[DP]  8.326125e-02
 iter: 228:1        |ddm|: 2.606563e-06     Tr[DP]  8.326149e-02
 iter: 228:2        |ddm|: 3.158504e-06     Tr[DP]  8.326120e-02
 iter: 229:1        |ddm|: 2.357544e-06     Tr[DP]  8.326149e-02
 iter: 229:2        |ddm|: 1.960547e-06     Tr[DP]  8.326120e-02
 iter: 230:1        |ddm|: 2.335646e-06     Tr[DP]  8.326148e-02
 iter: 230:2        |ddm|: 1.617219e-06     Tr[DP]  8.326120e-02
 iter: 231:1        |ddm|: 2.213070e-06     Tr[DP]  8.326146e-02
 iter: 231:2        |ddm|: 1.470279e-06     Tr[DP]  8.326120e-02
 iter: 232:1        |ddm|: 2.072541e-06     Tr[DP]  8.326145e-02
 iter: 232:2        |ddm|: 1.352785e-06     Tr[DP]  8.326121e-02
 iter: 233:1        |ddm|: 1.938165e-06     Tr[DP]  8.326144e-02
 iter: 233:2        |ddm|: 1.254085e-06     Tr[DP]  8.326121e-02
 iter: 234:1        |ddm|: 2.117624e-06     Tr[DP]  8.326145e-02
 iter: 234:2        |ddm|: 1.207723e-06     Tr[DP]  8.326125e-02
 iter: 235:1        |ddm|: 1.735365e-06     Tr[DP]  8.326141e-02
 iter: 235:2        |ddm|: 1.792172e-06     Tr[DP]  8.326122e-02
 iter: 236:1        |ddm|: 1.499981e-06     Tr[DP]  8.326141e-02
 iter: 236:2        |ddm|: 1.153072e-06     Tr[DP]  8.326122e-02
 iter: 237:1        |ddm|: 1.472432e-06     Tr[DP]  8.326140e-02
 iter: 237:2        |ddm|: 1.080911e-06     Tr[DP]  8.326122e-02
 iter: 238:1        |ddm|: 1.404440e-06     Tr[DP]  8.326139e-02
 iter: 238:2        |ddm|: 9.650937e-07     Tr[DP]  8.326122e-02
 iter: 239:1        |ddm|: 1.325350e-06     Tr[DP]  8.326138e-02
 iter: 239:2        |ddm|: 9.906610e-07     Tr[DP]  8.326122e-02
 iter: 240:1        |ddm|: 1.256417e-06     Tr[DP]  8.326137e-02
 iter: 240:2        |ddm|: 9.378963e-07     Tr[DP]  8.326122e-02
 iter: 241:1        |ddm|: 1.219344e-06     Tr[DP]  8.326136e-02
 iter: 241:2        |ddm|: 1.158035e-06     Tr[DP]  8.326121e-02
 iter: 242:1        |ddm|: 1.230002e-06     Tr[DP]  8.326136e-02
 iter: 242:2        |ddm|: 6.925617e-07     Tr[DP]  8.326122e-02
 iter: 243:1        |ddm|: 1.109864e-06     Tr[DP]  8.326135e-02
 iter: 243:2        |ddm|: 6.682838e-07     Tr[DP]  8.326122e-02
 iter: 244:1        |ddm|: 1.008912e-06     Tr[DP]  8.326135e-02
 iter: 244:2        |ddm|: 6.258498e-07     Tr[DP]  8.326123e-02
 iter: 245:1        |ddm|: 9.385008e-07     Tr[DP]  8.326134e-02
 iter: 245:2        |ddm|: 5.698813e-07     Tr[DP]  8.326123e-02
 iter: 246:1        |ddm|: 8.694871e-07     Tr[DP]  8.326134e-02
 iter: 246:2        |ddm|: 5.318673e-07     Tr[DP]  8.326123e-02
 iter: 247:1        |ddm|: 8.029788e-07     Tr[DP]  8.326133e-02
 iter: 247:2        |ddm|: 5.078432e-07     Tr[DP]  8.326124e-02
 iter: 248:1        |ddm|: 8.100500e-07     Tr[DP]  8.326133e-02
 iter: 248:2        |ddm|: 4.357984e-07     Tr[DP]  8.326125e-02
 iter: 249:1        |ddm|: 6.911313e-07     Tr[DP]  8.326132e-02
 iter: 249:2        |ddm|: 5.927164e-07     Tr[DP]  8.326124e-02
 iter: 250:1        |ddm|: 6.289472e-07     Tr[DP]  8.326131e-02
 iter: 250:2        |ddm|: 5.133986e-07     Tr[DP]  8.326124e-02
 iter: 251:1        |ddm|: 6.167200e-07     Tr[DP]  8.326131e-02
 iter: 251:2        |ddm|: 5.374476e-07     Tr[DP]  8.326123e-02
 iter: 252:1        |ddm|: 6.041393e-07     Tr[DP]  8.326130e-02
 iter: 252:2        |ddm|: 5.487328e-07     Tr[DP]  8.326123e-02
 iter: 253:1        |ddm|: 5.848559e-07     Tr[DP]  8.326130e-02
 iter: 253:2        |ddm|: 4.274911e-07     Tr[DP]  8.326123e-02
 iter: 254:1        |ddm|: 5.642893e-07     Tr[DP]  8.326130e-02
 iter: 254:2        |ddm|: 3.735303e-07     Tr[DP]  8.326123e-02
 iter: 255:1        |ddm|: 5.272348e-07     Tr[DP]  8.326130e-02
 iter: 255:2        |ddm|: 3.628705e-07     Tr[DP]  8.326123e-02
 iter: 256:1        |ddm|: 4.966032e-07     Tr[DP]  8.326129e-02
 iter: 256:2        |ddm|: 3.256217e-07     Tr[DP]  8.326123e-02
 iter: 257:1        |ddm|: 4.655186e-07     Tr[DP]  8.326129e-02
 iter: 257:2        |ddm|: 3.042671e-07     Tr[DP]  8.326124e-02
 iter: 258:1        |ddm|: 4.481575e-07     Tr[DP]  8.326129e-02
 iter: 258:2        |ddm|: 2.697450e-07     Tr[DP]  8.326124e-02
 iter: 259:1        |ddm|: 4.022897e-07     Tr[DP]  8.326128e-02
 iter: 259:2        |ddm|: 2.594733e-07     Tr[DP]  8.326124e-02
 iter: 260:1        |ddm|: 3.712038e-07     Tr[DP]  8.326128e-02
 iter: 260:2        |ddm|: 2.475478e-07     Tr[DP]  8.326124e-02
 iter: 261:1        |ddm|: 3.482246e-07     Tr[DP]  8.326128e-02
 iter: 261:2        |ddm|: 2.339913e-07     Tr[DP]  8.326124e-02
 iter: 262:1        |ddm|: 3.275375e-07     Tr[DP]  8.326128e-02
 iter: 262:2        |ddm|: 2.324264e-07     Tr[DP]  8.326124e-02
 iter: 263:1        |ddm|: 3.115528e-07     Tr[DP]  8.326128e-02
 iter: 263:2        |ddm|: 2.026390e-07     Tr[DP]  8.326124e-02
 iter: 264:1        |ddm|: 2.924688e-07     Tr[DP]  8.326127e-02
 iter: 264:2        |ddm|: 1.952042e-07     Tr[DP]  8.326124e-02
 iter: 265:1        |ddm|: 2.741905e-07     Tr[DP]  8.326127e-02
 iter: 265:2        |ddm|: 1.861545e-07     Tr[DP]  8.326124e-02
 iter: 266:1        |ddm|: 2.580045e-07     Tr[DP]  8.326127e-02
 iter: 266:2        |ddm|: 1.768214e-07     Tr[DP]  8.326124e-02
 iter: 267:1        |ddm|: 2.431394e-07     Tr[DP]  8.326127e-02
 iter: 267:2        |ddm|: 1.671174e-07     Tr[DP]  8.326124e-02
 iter: 268:1        |ddm|: 2.291909e-07     Tr[DP]  8.326127e-02
 iter: 268:2        |ddm|: 1.574803e-07     Tr[DP]  8.326124e-02
 iter: 269:1        |ddm|: 2.162926e-07     Tr[DP]  8.326127e-02
 iter: 269:2        |ddm|: 1.487811e-07     Tr[DP]  8.326124e-02
 iter: 270:1        |ddm|: 2.037342e-07     Tr[DP]  8.326126e-02
 iter: 270:2        |ddm|: 1.394888e-07     Tr[DP]  8.326124e-02
 iter: 271:1        |ddm|: 1.920746e-07     Tr[DP]  8.326126e-02
 iter: 271:2        |ddm|: 1.315929e-07     Tr[DP]  8.326124e-02
 iter: 272:1        |ddm|: 1.811995e-07     Tr[DP]  8.326126e-02
 iter: 272:2        |ddm|: 1.243946e-07     Tr[DP]  8.326124e-02
 iter: 273:1        |ddm|: 1.709351e-07     Tr[DP]  8.326126e-02
 iter: 273:2        |ddm|: 1.175846e-07     Tr[DP]  8.326124e-02
 iter: 274:1        |ddm|: 1.612297e-07     Tr[DP]  8.326126e-02
 iter: 274:2        |ddm|: 1.110713e-07     Tr[DP]  8.326124e-02
 iter: 275:1        |ddm|: 1.520536e-07     Tr[DP]  8.326126e-02
 iter: 275:2        |ddm|: 1.048106e-07     Tr[DP]  8.326124e-02
 iter: 276:1        |ddm|: 1.434065e-07     Tr[DP]  8.326126e-02
 iter: 276:2        |ddm|: 9.893591e-08     Tr[DP]  8.326124e-02
 iter: 277:1        |ddm|: 1.352234e-07     Tr[DP]  8.326126e-02
 iter: 277:2        |ddm|: 9.322121e-08     Tr[DP]  8.326124e-02
 iter: 278:1        |ddm|: 1.275195e-07     Tr[DP]  8.326126e-02
 iter: 278:2        |ddm|: 8.782703e-08     Tr[DP]  8.326124e-02
 iter: 279:1        |ddm|: 1.202783e-07     Tr[DP]  8.326126e-02
 iter: 279:2        |ddm|: 8.281053e-08     Tr[DP]  8.326124e-02
 iter: 280:1        |ddm|: 1.134591e-07     Tr[DP]  8.326125e-02
 iter: 280:2        |ddm|: 7.813429e-08     Tr[DP]  8.326124e-02
 iter: 281:1        |ddm|: 1.070267e-07     Tr[DP]  8.326125e-02
 iter: 281:2        |ddm|: 7.374662e-08     Tr[DP]  8.326124e-02
 iter: 282:1        |ddm|: 1.009543e-07     Tr[DP]  8.326125e-02
 iter: 282:2        |ddm|: 6.960490e-08     Tr[DP]  8.326124e-02
 iter: 283:1        |ddm|: 9.522289e-08     Tr[DP]  8.326125e-02
 iter: 283:2        |ddm|: 6.569589e-08     Tr[DP]  8.326124e-02
 iter: 284:1        |ddm|: 8.980833e-08     Tr[DP]  8.326125e-02
 iter: 284:2        |ddm|: 6.197570e-08     Tr[DP]  8.326124e-02
 iter: 285:1        |ddm|: 8.469919e-08     Tr[DP]  8.326125e-02
 iter: 285:2        |ddm|: 5.843961e-08     Tr[DP]  8.326124e-02
 iter: 286:1        |ddm|: 7.988342e-08     Tr[DP]  8.326125e-02
 iter: 286:2        |ddm|: 5.510080e-08     Tr[DP]  8.326124e-02
 iter: 287:1        |ddm|: 7.534599e-08     Tr[DP]  8.326125e-02
 iter: 287:2        |ddm|: 5.196103e-08     Tr[DP]  8.326124e-02
 iter: 288:1        |ddm|: 7.106988e-08     Tr[DP]  8.326125e-02
 iter: 288:2        |ddm|: 4.901390e-08     Tr[DP]  8.326124e-02
 iter: 289:1        |ddm|: 6.703707e-08     Tr[DP]  8.326125e-02
 iter: 289:2        |ddm|: 4.624397e-08     Tr[DP]  8.326124e-02
 iter: 290:1        |ddm|: 6.323404e-08     Tr[DP]  8.326125e-02
 iter: 290:2        |ddm|: 4.363746e-08     Tr[DP]  8.326124e-02
 iter: 291:1        |ddm|: 5.964432e-08     Tr[DP]  8.326125e-02
 iter: 291:2        |ddm|: 4.117583e-08     Tr[DP]  8.326124e-02
 iter: 292:1        |ddm|: 5.625639e-08     Tr[DP]  8.326125e-02
 iter: 292:2        |ddm|: 3.884477e-08     Tr[DP]  8.326124e-02
 iter: 293:1        |ddm|: 5.305995e-08     Tr[DP]  8.326125e-02
 iter: 293:2        |ddm|: 3.663984e-08     Tr[DP]  8.326124e-02
 iter: 294:1        |ddm|: 5.004514e-08     Tr[DP]  8.326125e-02
 iter: 294:2        |ddm|: 3.455763e-08     Tr[DP]  8.326124e-02
 iter: 295:1        |ddm|: 4.720291e-08     Tr[DP]  8.326125e-02
 iter: 295:2        |ddm|: 3.259432e-08     Tr[DP]  8.326124e-02
 iter: 296:1        |ddm|: 4.452375e-08     Tr[DP]  8.326125e-02
 iter: 296:2        |ddm|: 3.074641e-08     Tr[DP]  8.326124e-02
 iter: 297:1        |ddm|: 4.199697e-08     Tr[DP]  8.326125e-02
 iter: 297:2        |ddm|: 2.900705e-08     Tr[DP]  8.326124e-02
 iter: 298:1        |ddm|: 3.961392e-08     Tr[DP]  8.326125e-02
 iter: 298:2        |ddm|: 2.736788e-08     Tr[DP]  8.326124e-02
 iter: 299:1        |ddm|: 3.736523e-08     Tr[DP]  8.326125e-02
 iter: 299:2        |ddm|: 2.582277e-08     Tr[DP]  8.326124e-02
 iter: 300:1        |ddm|: 3.524424e-08     Tr[DP]  8.326125e-02
 iter: 300:2        |ddm|: 2.436239e-08     Tr[DP]  8.326124e-02
                         Freeze-and-Thaw NOT converged!                         

=================== Subsystem 1 at higher mean-field method ====================
  subiter:   1      |ddm|: 5.593027e-01
  subiter:   2      |ddm|: 9.673835e-02
  subiter:   3      |ddm|: 1.795786e-02
  subiter:   4      |ddm|: 1.077132e-02
  subiter:   5      |ddm|: 1.726224e-03
  subiter:   6      |ddm|: 7.450305e-04
  subiter:   7      |ddm|: 1.134711e-04
  subiter:   8      |ddm|: 4.926542e-05
  subiter:   9      |ddm|: 1.308376e-05
  subiter:  10      |ddm|: 4.133778e-06
  subiter:  11      |ddm|: 1.576897e-06
  subiter:  12      |ddm|: 2.027989e-07
  subiter:  13      |ddm|: 4.703540e-08
  subiter:  14      |ddm|: 2.513253e-08
  subiter:  15      |ddm|: 3.582735e-09


******** <class 'pyscf.scf.hf.RHF'> flags ********
method = RHF
initial guess = minao
damping factor = 0
level shift factor = 0
DIIS = <class 'pyscf.scf.diis.CDIIS'>
DIIS start cycle = 1
DIIS space = 8
SCF tol = 1e-09
SCF gradient tol = None
max. SCF cycles = 100
direct_scf = True
direct_scf_tol = 1e-13
chkfile to save SCF result = /panfs/roc/scratch/graha682/D105/201711_ccpVDZ_NEVPT2_m06_105_7c12h24/tmpHJukjX
max_memory 4000 MB (current use 1841 MB)
Set gradient conv threshold to 3.16228e-05
init E= -283.25774492815
  HOMO = -0.45394641029254  LUMO = 0.176872910347752
cycle= 1 E= -283.257744928151  delta_E= -3.41e-13  |g|= 1.32e-09  |ddm|= 7.64e-09
  HOMO = -0.453946410198145  LUMO = 0.176872910354555
Extra cycle  E= -283.257744928151  delta_E= -5.68e-13  |g|= 5.22e-10  |ddm|= 2.62e-09
converged SCF energy = -283.257744928151


******** <class 'pyscf.dft.rks.RKS'> flags ********
method = RKS
initial guess = atom
damping factor = 0
level shift factor = 0.0
DIIS = <class 'pyscf.scf.diis.CDIIS'>
DIIS start cycle = 1
DIIS space = 8
SCF tol = 1e-08
SCF gradient tol = 1e-08
max. SCF cycles = 1
direct_scf = True
direct_scf_tol = 1e-13
chkfile to save SCF result = /panfs/roc/scratch/graha682/D105/201711_ccpVDZ_NEVPT2_m06_105_7c12h24/tmpRjkpGf
max_memory 4000 MB (current use 1838 MB)
XC functionals = m06
small_rho_cutoff = 1e-20
radial grids: Treutler-Ahlrichs (JCP 102, 346 (M4)) radial grids
becke partition: Becke, JCP, 88, 2547 (1988)
pruning grids: <function nwchem_prune at 0x15315f0>
grids dens level: 4
symmetrized grids: False
atomic radii adjust function: <function treutler_atomic_radii_adjust at 0x1531488>
init E= -284.937050233866
  HOMO = -0.329451159586474  LUMO = 0.0634875914476131
cycle= 1 E= -284.937050233866  delta_E= -3.41e-13  |g|= 4.89e-09  |ddm|= 3.32e-08
  HOMO = -0.329451159728895  LUMO = 0.0634875912674005
Extra cycle  E= -284.937050233866  delta_E= 4.55e-13  |g|= 2.29e-09  |ddm|= 1.04e-08
converged SCF energy = -284.937050233866
 iter: 301:1        |ddm|: 6.431025e-01     Tr[DP]  8.918434e-02

******** <class 'pyscf.mcscf.mc1step.CASSCF'> flags ********
CAS (1e+1e, 2o), ncore = 27, nvir = 134
max_cycle_macro = 50
max_cycle_micro = 4
conv_tol = 1e-07
conv_tol_grad = None
orbital rotation max_stepsize = 0.02
augmented hessian ah_max_cycle = 30
augmented hessian ah_conv_tol = 1e-12
augmented hessian ah_linear dependence = 1e-14
augmented hessian ah_level shift = 0
augmented hessian ah_start_tol = 2.5
augmented hessian ah_start_cycle = 3
augmented hessian ah_grad_trust_region = 3
kf_trust_region = 3
kf_interval = 4
ci_response_space = 4
ci_grad_trust_region = 3
with_dep4 0
natorb = False
canonicalization = True
sorting_mo_energy = False
chkfile = /panfs/roc/scratch/graha682/D105/201711_ccpVDZ_NEVPT2_m06_105_7c12h24/tmpHJukjX
max_memory 4000 MB (current use 1867 MB)
internal_rotation = False
******** <class 'pyscf.fci.direct_spin1.FCISolver'> flags ********
max. cycles = 50
conv_tol = 1e-08
davidson only = False
linear dependence = 1e-10
level shift = 0.001
max iter space = 12
max_memory 4000 MB
nroots = 1
pspace_size = 400
spin = None
CASCI E = -283.257748769034  S^2 = 0.0000000
Set conv_tol_grad to 0.000316228
macro iter 1 (6 JK  1 micro), CASSCF E = -283.257750922664  dE = -2.1536306e-06  S^2 = 0.0000000
               |grad[o]|=2.93e-05  |grad[c]|= 0.000582389599553  |ddm|=2.02e-05
macro iter 2 (6 JK  1 micro), CASSCF E = -283.257754855651  dE = -3.9329867e-06  S^2 = 0.0000000
               |grad[o]|=3.81e-05  |grad[c]|= 0.000675477579685  |ddm|=0.00011
macro iter 3 (7 JK  2 micro), CASSCF E = -283.257759520164  dE = -4.6645131e-06  S^2 = 0.0000000
               |grad[o]|=6.15e-05  |grad[c]|= 0.000782970688507  |ddm|=0.000402
macro iter 4 (6 JK  1 micro), CASSCF E = -283.257762987821  dE = -3.4676572e-06  S^2 = 0.0000000
               |grad[o]|=9.31e-05  |grad[c]|= 0.000831784947173  |ddm|=0.000227
macro iter 5 (6 JK  1 micro), CASSCF E = -283.257768145092  dE = -5.157271e-06  S^2 = 0.0000000
               |grad[o]|=0.000113  |grad[c]|= 0.000698224585496  |ddm|=0.000257
macro iter 6 (6 JK  1 micro), CASSCF E = -283.257773034645  dE = -4.8895523e-06  S^2 = 0.0000000
               |grad[o]|=0.000141  |grad[c]|= 0.000681349816216  |ddm|=0.000118
macro iter 7 (17 JK  4 micro), CASSCF E = -283.257821443975  dE = -4.840933e-05  S^2 = 0.0000000
               |grad[o]|=0.000161  |grad[c]|= 0.00620920983216  |ddm|=0.00149
macro iter 8 (7 JK  2 micro), CASSCF E = -283.257891129142  dE = -6.9685167e-05  S^2 = 0.0000000
               |grad[o]|=0.000374  |grad[c]|= 0.00218246948783  |ddm|=0.000781
macro iter 9 (7 JK  2 micro), CASSCF E = -283.258074471799  dE = -0.00018334266  S^2 = 0.0000000
               |grad[o]|=0.000591  |grad[c]|= 0.00307957335402  |ddm|=0.00393
macro iter 10 (7 JK  2 micro), CASSCF E = -283.25820872399  dE = -0.00013425219  S^2 = 0.0000000
               |grad[o]|=0.00106  |grad[c]|= 0.00261203578003  |ddm|=0.00125
macro iter 11 (12 JK  3 micro), CASSCF E = -283.258909642284  dE = -0.00070091829  S^2 = 0.0000000
               |grad[o]|=0.00137  |grad[c]|= 0.008617462039  |ddm|=0.00166
macro iter 12 (7 JK  2 micro), CASSCF E = -283.259766607623  dE = -0.00085696534  S^2 = 0.0000000
               |grad[o]|=0.00291  |grad[c]|= 0.00507586986811  |ddm|=0.00145
macro iter 13 (21 JK  4 micro), CASSCF E = -283.265891563563  dE = -0.0061249559  S^2 = 0.0000000
               |grad[o]|=0.00465  |grad[c]|= 0.0586001233275  |ddm|=0.0211
macro iter 14 (21 JK  4 micro), CASSCF E = -283.272224607371  dE = -0.0063330438  S^2 = 0.0000000
               |grad[o]|=0.015  |grad[c]|= 0.0151494871798  |ddm|=0.00768
macro iter 15 (15 JK  4 micro), CASSCF E = -283.272511896035  dE = -0.00028728866  S^2 = 0.0000000
               |grad[o]|=0.00656  |grad[c]|= 0.00343382349469  |ddm|=0.00125
macro iter 16 (9 JK  3 micro), CASSCF E = -283.272525106731  dE = -1.3210696e-05  S^2 = 0.0000000
               |grad[o]|=0.000872  |grad[c]|= 0.000213637132385  |ddm|=0.000185
macro iter 17 (4 JK  1 micro), CASSCF E = -283.272525165735  dE = -5.9003696e-08  S^2 = 0.0000000
               |grad[o]|=7.96e-05  |grad[c]|= 1.85420048121e-05  |ddm|=2.82e-05
1-step CASSCF converged in 17 macro (164 JK 38 micro) steps
CASSCF canonicalization
CASSCF energy = -283.272525165735
Hartree-Fock Energy:  -283.25774492815134
CAS Correlation:       -0.01478023758341
CAS Energy:          -283.27252516573475
Sr    (-1)',   E = 0.00000000001828
Si    (+1)',   E = -0.00000000000420
Sijrs (0)  ,   E = -0.85417879466577
Sijr  (+1) ,   E = -0.00869872393858
Srsi  (-1) ,   E = -0.04675319922955
Srs   (-2) ,   E = -0.00718148960115
Sij   (+2) ,   E = -0.00048574125845
Sir   (0)' ,   E = -0.02879872402278
Nevpt2 Energy = -0.946096672702182
NEVPT2 =   -0.946096672702182
Total NEVPT2 = -284.218621838436945

============================== Supermolecular DFT ==============================
  subiter:   1      |ddm|: 4.370933e+00
  subiter:   2      |ddm|: 4.827248e-01
  subiter:   3      |ddm|: 2.434344e-01
  subiter:   4      |ddm|: 5.137949e-02
  subiter:   5      |ddm|: 1.817724e-02
  subiter:   6      |ddm|: 6.218726e-03
  subiter:   7      |ddm|: 2.071710e-03
  subiter:   8      |ddm|: 5.386851e-04
  subiter:   9      |ddm|: 1.621659e-04
  subiter:  10      |ddm|: 4.585954e-05
  subiter:  11      |ddm|: 2.263586e-05
  subiter:  12      |ddm|: 6.673184e-06
  subiter:  13      |ddm|: 3.319118e-06
  subiter:  14      |ddm|: 1.739460e-06
  subiter:  15      |ddm|: 5.067673e-07
  subiter:  16      |ddm|: 1.704116e-07
  subiter:  17      |ddm|: 5.597576e-08
  subiter:  18      |ddm|: 1.446301e-08
  subiter:  19      |ddm|: 8.604352e-09


******** <class 'pyscf.dft.rks.RKS'> flags ********
method = RKS
initial guess = atom
damping factor = 0
level shift factor = 0.0
DIIS = <class 'pyscf.scf.diis.CDIIS'>
DIIS start cycle = 1
DIIS space = 8
SCF tol = 1e-08
SCF gradient tol = 1e-08
max. SCF cycles = 100
direct_scf = True
direct_scf_tol = 1e-13
chkfile to save SCF result = /panfs/roc/scratch/graha682/D105/201711_ccpVDZ_NEVPT2_m06_105_7c12h24/tmp3yzjOw
max_memory 4000 MB (current use 1873 MB)
XC functionals = m06
small_rho_cutoff = 1e-20
radial grids: Treutler-Ahlrichs (JCP 102, 346 (M4)) radial grids
becke partition: Becke, JCP, 88, 2547 (1988)
pruning grids: <function nwchem_prune at 0x15315f0>
grids dens level: 4
symmetrized grids: False
atomic radii adjust function: <function treutler_atomic_radii_adjust at 0x1531488>
init E= -471.265795970095
  HOMO = -0.240798976804308  LUMO = -0.0204661143605978
cycle= 1 E= -471.265795970094  delta_E= 1.14e-12  |g|= 4.67e-09  |ddm|= 1.32e-08
  HOMO = -0.240798976981277  LUMO = -0.0204661145727287
Extra cycle  E= -471.265795970095  delta_E= -1.36e-12  |g|= 6.95e-09  |ddm|= 1.13e-08
converged SCF energy = -471.265795970095
Supermolecular DFT   -471.26579597009390

============================== Embedding Energies ==============================
Subsystem DFT              -284.93705023386593
Interaction                -185.84862409345254
DFT-in-DFT                 -470.78567432731847
Supermolecular DFT         -471.26579597009390
Difference                   -0.48012164277543
Corrected DFT-in-DFT       -471.26579597009390
WF-in-DFT                  -470.06724593188949
Corrected WF-in-DFT        -470.54736757466492
================================================================================
TIMING STATISTICS:
     overlap integrals      0.02s   ( 0.00%)
    initial subsystems      0.32s   ( 0.00%)
           2e matrices   8066.18s   (90.96%)
      tot. embed. of 1   8124.05s   (91.61%)
      tot. embed. of 2      1.58s   ( 0.02%)
       freeze and thaw   8125.68s   (91.63%)
                   cas     29.85s   ( 0.34%)
                nevpt2      0.95s   ( 0.01%)
  interaction energies    709.99s   ( 8.01%)
                 TOTAL   8868.05s
================================================================================

********************************************************************************
*                              END OF CALCULATION                              *
********************************************************************************
