********************************************************************************
*                         FREEZE-AND-THAW CALCULATION                          *
********************************************************************************

================================== Input File ==================================
subsystem
C          6.75544       -0.54805        0.01920
C          5.53130        0.33472       -0.12319
H          7.69306        0.01504       -0.10883
H          6.75150       -1.35909       -0.72889
H          6.78922       -1.02576        1.01324
C          4.22651       -0.42296        0.05014
H          5.53396        0.82866       -1.11379
H          5.57146        1.15961        0.61382
C          2.99092        0.44662       -0.09130
H          4.21742       -0.91730        1.04242
H          4.18104       -1.25015       -0.68657
C          1.68737       -0.31082        0.08298
H          2.99973        0.93977       -1.08397
H          3.03684        1.27405        0.64484
C          0.45195        0.55875       -0.06157
H          1.67719       -0.80223        1.07646
H          1.64199       -1.13945       -0.65176
C         -0.85115       -0.19899        0.11503
H          0.46087        1.04857       -1.05578
H          0.49764        1.38844        0.67193
C         -2.08613        0.67126       -0.03308
H         -0.86140       -0.68686        1.11010
H         -0.89639       -1.02968       -0.61714
charge -1
end

subsystem
C         -3.38481       -0.09512        0.14350
H         -2.07555        1.15893       -1.02777
H         -2.04239        1.50080        0.70040
C         -4.61346        0.79317       -0.00483
H         -3.39634       -0.58440        1.13680
H         -3.44253       -0.91813       -0.59381
C         -5.85824       -0.02554        0.23116
H         -4.58147        1.27922       -1.00046
H         -4.55282        1.61728        0.73007
C         -6.51215       -1.05158       -0.35281
H         -6.46726       -2.05743        0.08117
H         -7.11500       -0.96191       -1.27019
H         -5.64608       -0.38668        1.26628
charge +1
end

embed
 huzinaga
 cycles 300
 conv 1e-8
 method m06
end

basis aug-cc-pVDZ
method cas[2,2]/nevpt2
grid 4
conv 1e-8
grad 1e-8
maxiter 100
================================== End Input ===================================
tot grids = 725328

                      Getting subsystem overlap integrals                       

                          Initial subsystem densities                           
Guessing initial subsystem densities
Initial guess from superpostion of atomic densties.
Guessing initial subsystem densities
Initial guess from superpostion of atomic densties.

=========================== Starting Freeze-and-Thaw ===========================
 iter:   1:1        |ddm|: 1.961886e+02     Tr[DP]  7.644374e-01
 iter:   1:2        |ddm|: 9.691290e+00     Tr[DP]  2.813782e-01
 iter:   2:1        |ddm|: 2.440775e+02     Tr[DP]  1.070796e-01
 iter:   2:2        |ddm|: 1.099519e+01     Tr[DP]  1.355034e-01
 iter:   3:1        |ddm|: 2.522564e+02     Tr[DP]  1.386700e-01
 iter:   3:2        |ddm|: 6.265233e+00     Tr[DP]  1.674329e-01
 iter:   4:1        |ddm|: 9.591588e+01     Tr[DP]  1.167151e-01
 iter:   4:2        |ddm|: 3.285940e+00     Tr[DP]  1.306657e-01
 iter:   5:1        |ddm|: 4.979920e+01     Tr[DP]  1.227208e-01
 iter:   5:2        |ddm|: 2.063432e+00     Tr[DP]  1.216165e-01
 iter:   6:1        |ddm|: 3.117428e+01     Tr[DP]  1.297912e-01
 iter:   6:2        |ddm|: 1.210752e+00     Tr[DP]  1.177239e-01
 iter:   7:1        |ddm|: 2.553166e+01     Tr[DP]  1.370542e-01
 iter:   7:2        |ddm|: 8.809990e-01     Tr[DP]  1.169133e-01
 iter:   8:1        |ddm|: 1.999542e+01     Tr[DP]  1.407822e-01
 iter:   8:2        |ddm|: 5.872219e-01     Tr[DP]  1.203030e-01
 iter:   9:1        |ddm|: 1.480160e+01     Tr[DP]  1.429591e-01
 iter:   9:2        |ddm|: 4.302391e-01     Tr[DP]  1.243182e-01
 iter:  10:1        |ddm|: 1.068441e+01     Tr[DP]  1.448782e-01
 iter:  10:2        |ddm|: 3.802778e-01     Tr[DP]  1.265202e-01
 iter:  11:1        |ddm|: 9.377213e+00     Tr[DP]  1.465073e-01
 iter:  11:2        |ddm|: 2.674089e-01     Tr[DP]  1.303981e-01
 iter:  12:1        |ddm|: 7.121729e+00     Tr[DP]  1.479700e-01
 iter:  12:2        |ddm|: 2.996388e-01     Tr[DP]  1.324524e-01
 iter:  13:1        |ddm|: 6.056225e+00     Tr[DP]  1.488318e-01
 iter:  13:2        |ddm|: 2.262086e-01     Tr[DP]  1.349930e-01
 iter:  14:1        |ddm|: 5.682011e+00     Tr[DP]  1.501065e-01
 iter:  14:2        |ddm|: 2.145754e-01     Tr[DP]  1.371707e-01
 iter:  15:1        |ddm|: 4.568967e+00     Tr[DP]  1.512634e-01
 iter:  15:2        |ddm|: 2.012919e-01     Tr[DP]  1.383823e-01
 iter:  16:1        |ddm|: 3.926039e+00     Tr[DP]  1.517962e-01
 iter:  16:2        |ddm|: 1.996641e-01     Tr[DP]  1.396332e-01
 iter:  17:1        |ddm|: 3.331814e+00     Tr[DP]  1.521948e-01
 iter:  17:2        |ddm|: 2.036106e-01     Tr[DP]  1.404375e-01
 iter:  18:1        |ddm|: 2.789329e+00     Tr[DP]  1.522716e-01
 iter:  18:2        |ddm|: 2.280104e-01     Tr[DP]  1.408978e-01
 iter:  19:1        |ddm|: 2.757364e+00     Tr[DP]  1.521407e-01
 iter:  19:2        |ddm|: 1.901323e-01     Tr[DP]  1.421730e-01
 iter:  20:1        |ddm|: 2.318983e+00     Tr[DP]  1.523047e-01
 iter:  20:2        |ddm|: 1.883444e-01     Tr[DP]  1.424410e-01
 iter:  21:1        |ddm|: 2.200455e+00     Tr[DP]  1.521194e-01
 iter:  21:2        |ddm|: 1.760279e-01     Tr[DP]  1.431437e-01
 iter:  22:1        |ddm|: 1.925898e+00     Tr[DP]  1.520217e-01
 iter:  22:2        |ddm|: 1.834262e-01     Tr[DP]  1.431802e-01
 iter:  23:1        |ddm|: 1.798574e+00     Tr[DP]  1.517009e-01
 iter:  23:2        |ddm|: 1.721892e-01     Tr[DP]  1.436097e-01
 iter:  24:1        |ddm|: 1.827061e+00     Tr[DP]  1.514951e-01
 iter:  24:2        |ddm|: 1.547301e-01     Tr[DP]  1.440513e-01
 iter:  25:1        |ddm|: 1.564453e+00     Tr[DP]  1.513762e-01
 iter:  25:2        |ddm|: 1.581599e-01     Tr[DP]  1.438194e-01
 iter:  26:1        |ddm|: 1.406841e+00     Tr[DP]  1.510052e-01
 iter:  26:2        |ddm|: 1.662773e-01     Tr[DP]  1.437191e-01
 iter:  27:1        |ddm|: 1.287388e+00     Tr[DP]  1.505890e-01
 iter:  27:2        |ddm|: 1.659381e-01     Tr[DP]  1.436486e-01
 iter:  28:1        |ddm|: 1.221079e+00     Tr[DP]  1.501436e-01
 iter:  28:2        |ddm|: 1.688768e-01     Tr[DP]  1.433506e-01
 iter:  29:1        |ddm|: 1.103379e+00     Tr[DP]  1.497495e-01
 iter:  29:2        |ddm|: 1.684060e-01     Tr[DP]  1.433015e-01
 iter:  30:1        |ddm|: 1.136892e+00     Tr[DP]  1.493365e-01
 iter:  30:2        |ddm|: 1.422709e-01     Tr[DP]  1.436469e-01
 iter:  31:1        |ddm|: 1.046172e+00     Tr[DP]  1.490218e-01
 iter:  31:2        |ddm|: 1.277932e-01     Tr[DP]  1.434616e-01
 iter:  32:1        |ddm|: 9.710847e-01     Tr[DP]  1.486252e-01
 iter:  32:2        |ddm|: 1.309296e-01     Tr[DP]  1.430165e-01
 iter:  33:1        |ddm|: 1.538543e+00     Tr[DP]  1.482757e-01
 iter:  33:2        |ddm|: 1.501656e-01     Tr[DP]  1.438010e-01
 iter:  34:1        |ddm|: 1.022346e+00     Tr[DP]  1.479381e-01
 iter:  34:2        |ddm|: 1.052671e-01     Tr[DP]  1.427018e-01
 iter:  35:1        |ddm|: 9.370489e-01     Tr[DP]  1.474793e-01
 iter:  35:2        |ddm|: 1.172463e-01     Tr[DP]  1.420690e-01
 iter:  36:1        |ddm|: 8.708492e-01     Tr[DP]  1.469857e-01
 iter:  36:2        |ddm|: 1.298149e-01     Tr[DP]  1.414439e-01
 iter:  37:1        |ddm|: 8.065869e-01     Tr[DP]  1.464605e-01
 iter:  37:2        |ddm|: 1.345813e-01     Tr[DP]  1.410330e-01
 iter:  38:1        |ddm|: 7.605147e-01     Tr[DP]  1.459431e-01
 iter:  38:2        |ddm|: 1.317728e-01     Tr[DP]  1.406761e-01
 iter:  39:1        |ddm|: 7.214496e-01     Tr[DP]  1.454296e-01
 iter:  39:2        |ddm|: 1.300769e-01     Tr[DP]  1.402375e-01
 iter:  40:1        |ddm|: 6.809141e-01     Tr[DP]  1.449344e-01
 iter:  40:2        |ddm|: 1.238352e-01     Tr[DP]  1.399073e-01
 iter:  41:1        |ddm|: 6.507988e-01     Tr[DP]  1.444401e-01
 iter:  41:2        |ddm|: 1.198384e-01     Tr[DP]  1.395345e-01
 iter:  42:1        |ddm|: 6.194849e-01     Tr[DP]  1.439503e-01
 iter:  42:2        |ddm|: 1.181311e-01     Tr[DP]  1.390928e-01
 iter:  43:1        |ddm|: 6.076584e-01     Tr[DP]  1.434146e-01
 iter:  43:2        |ddm|: 1.161743e-01     Tr[DP]  1.386948e-01
 iter:  44:1        |ddm|: 5.757447e-01     Tr[DP]  1.429522e-01
 iter:  44:2        |ddm|: 1.112194e-01     Tr[DP]  1.383903e-01
 iter:  45:1        |ddm|: 6.153117e-01     Tr[DP]  1.423651e-01
 iter:  45:2        |ddm|: 1.182038e-01     Tr[DP]  1.378186e-01
 iter:  46:1        |ddm|: 5.519533e-01     Tr[DP]  1.418941e-01
 iter:  46:2        |ddm|: 1.227170e-01     Tr[DP]  1.373464e-01
 iter:  47:1        |ddm|: 8.438426e-01     Tr[DP]  1.416336e-01
 iter:  47:2        |ddm|: 1.116811e-01     Tr[DP]  1.378360e-01
 iter:  48:1        |ddm|: 6.269382e-01     Tr[DP]  1.412245e-01
 iter:  48:2        |ddm|: 9.005545e-02     Tr[DP]  1.372724e-01
 iter:  49:1        |ddm|: 5.603406e-01     Tr[DP]  1.406517e-01
 iter:  49:2        |ddm|: 8.011279e-02     Tr[DP]  1.363518e-01
 iter:  50:1        |ddm|: 5.420639e-01     Tr[DP]  1.401026e-01
 iter:  50:2        |ddm|: 8.664902e-02     Tr[DP]  1.356498e-01
 iter:  51:1        |ddm|: 5.732520e-01     Tr[DP]  1.396683e-01
 iter:  51:2        |ddm|: 9.001744e-02     Tr[DP]  1.352123e-01
 iter:  52:1        |ddm|: 5.743229e-01     Tr[DP]  1.389647e-01
 iter:  52:2        |ddm|: 9.235780e-02     Tr[DP]  1.342457e-01
 iter:  53:1        |ddm|: 5.140993e-01     Tr[DP]  1.383999e-01
 iter:  53:2        |ddm|: 9.873451e-02     Tr[DP]  1.336944e-01
 iter:  54:1        |ddm|: 5.064535e-01     Tr[DP]  1.377857e-01
 iter:  54:2        |ddm|: 1.018886e-01     Tr[DP]  1.330751e-01
 iter:  55:1        |ddm|: 4.877180e-01     Tr[DP]  1.371837e-01
 iter:  55:2        |ddm|: 1.042829e-01     Tr[DP]  1.325220e-01
 iter:  56:1        |ddm|: 4.595628e-01     Tr[DP]  1.366119e-01
 iter:  56:2        |ddm|: 1.034659e-01     Tr[DP]  1.320344e-01
 iter:  57:1        |ddm|: 4.380620e-01     Tr[DP]  1.360531e-01
 iter:  57:2        |ddm|: 1.009287e-01     Tr[DP]  1.315615e-01
 iter:  58:1        |ddm|: 4.226711e-01     Tr[DP]  1.354974e-01
 iter:  58:2        |ddm|: 9.832694e-02     Tr[DP]  1.310905e-01
 iter:  59:1        |ddm|: 4.049023e-01     Tr[DP]  1.349611e-01
 iter:  59:2        |ddm|: 9.466682e-02     Tr[DP]  1.306450e-01
 iter:  60:1        |ddm|: 3.889112e-01     Tr[DP]  1.344467e-01
 iter:  60:2        |ddm|: 9.023015e-02     Tr[DP]  1.302065e-01
 iter:  61:1        |ddm|: 3.839976e-01     Tr[DP]  1.339089e-01
 iter:  61:2        |ddm|: 8.841724e-02     Tr[DP]  1.297109e-01
 iter:  62:1        |ddm|: 3.792493e-01     Tr[DP]  1.333622e-01
 iter:  62:2        |ddm|: 8.837171e-02     Tr[DP]  1.292229e-01
 iter:  63:1        |ddm|: 3.634401e-01     Tr[DP]  1.329431e-01
 iter:  63:2        |ddm|: 8.265877e-02     Tr[DP]  1.288438e-01
 iter:  64:1        |ddm|: 4.783601e-01     Tr[DP]  1.326102e-01
 iter:  64:2        |ddm|: 8.212948e-02     Tr[DP]  1.284294e-01
 iter:  65:1        |ddm|: 4.105220e-01     Tr[DP]  1.319155e-01
 iter:  65:2        |ddm|: 7.201416e-02     Tr[DP]  1.275179e-01
 iter:  66:1        |ddm|: 4.085437e-01     Tr[DP]  1.312677e-01
 iter:  66:2        |ddm|: 7.839771e-02     Tr[DP]  1.267873e-01
 iter:  67:1        |ddm|: 4.034928e-01     Tr[DP]  1.306235e-01
 iter:  67:2        |ddm|: 8.404694e-02     Tr[DP]  1.261249e-01
 iter:  68:1        |ddm|: 3.926233e-01     Tr[DP]  1.299917e-01
 iter:  68:2        |ddm|: 8.803634e-02     Tr[DP]  1.255396e-01
 iter:  69:1        |ddm|: 3.698788e-01     Tr[DP]  1.293957e-01
 iter:  69:2        |ddm|: 8.593429e-02     Tr[DP]  1.249734e-01
 iter:  70:1        |ddm|: 4.775648e-01     Tr[DP]  1.285939e-01
 iter:  70:2        |ddm|: 1.015328e-01     Tr[DP]  1.243388e-01
 iter:  71:1        |ddm|: 4.947078e-01     Tr[DP]  1.284695e-01
 iter:  71:2        |ddm|: 8.388720e-02     Tr[DP]  1.241840e-01
 iter:  72:1        |ddm|: 3.636401e-01     Tr[DP]  1.277607e-01
 iter:  72:2        |ddm|: 7.336756e-02     Tr[DP]  1.233521e-01
 iter:  73:1        |ddm|: 4.284783e-01     Tr[DP]  1.269716e-01
 iter:  73:2        |ddm|: 8.590150e-02     Tr[DP]  1.226522e-01
 iter:  74:1        |ddm|: 3.726941e-01     Tr[DP]  1.266096e-01
 iter:  74:2        |ddm|: 8.054018e-02     Tr[DP]  1.222498e-01
 iter:  75:1        |ddm|: 3.329917e-01     Tr[DP]  1.259790e-01
 iter:  75:2        |ddm|: 7.543501e-02     Tr[DP]  1.215384e-01
 iter:  76:1        |ddm|: 3.620734e-01     Tr[DP]  1.252753e-01
 iter:  76:2        |ddm|: 7.948322e-02     Tr[DP]  1.208515e-01
 iter:  77:1        |ddm|: 3.370499e-01     Tr[DP]  1.246724e-01
 iter:  77:2        |ddm|: 8.080324e-02     Tr[DP]  1.202775e-01
 iter:  78:1        |ddm|: 3.319395e-01     Tr[DP]  1.240442e-01
 iter:  78:2        |ddm|: 8.077104e-02     Tr[DP]  1.196860e-01
 iter:  79:1        |ddm|: 3.284179e-01     Tr[DP]  1.234107e-01
 iter:  79:2        |ddm|: 8.138505e-02     Tr[DP]  1.191175e-01
 iter:  80:1        |ddm|: 3.124920e-01     Tr[DP]  1.228193e-01
 iter:  80:2        |ddm|: 7.972367e-02     Tr[DP]  1.185844e-01
 iter:  81:1        |ddm|: 3.137518e-01     Tr[DP]  1.221980e-01
 iter:  81:2        |ddm|: 7.997988e-02     Tr[DP]  1.180475e-01
 iter:  82:1        |ddm|: 2.968656e-01     Tr[DP]  1.216240e-01
 iter:  82:2        |ddm|: 7.746060e-02     Tr[DP]  1.175555e-01
 iter:  83:1        |ddm|: 2.843948e-01     Tr[DP]  1.210789e-01
 iter:  83:2        |ddm|: 7.512654e-02     Tr[DP]  1.170615e-01
 iter:  84:1        |ddm|: 2.845534e-01     Tr[DP]  1.204950e-01
 iter:  84:2        |ddm|: 7.449916e-02     Tr[DP]  1.165477e-01
 iter:  85:1        |ddm|: 2.719395e-01     Tr[DP]  1.199532e-01
 iter:  85:2        |ddm|: 7.279198e-02     Tr[DP]  1.160679e-01
 iter:  86:1        |ddm|: 2.620003e-01     Tr[DP]  1.194513e-01
 iter:  86:2        |ddm|: 6.934044e-02     Tr[DP]  1.155787e-01
 iter:  87:1        |ddm|: 2.611102e-01     Tr[DP]  1.189051e-01
 iter:  87:2        |ddm|: 6.763753e-02     Tr[DP]  1.150403e-01
 iter:  88:1        |ddm|: 2.682934e-01     Tr[DP]  1.183210e-01
 iter:  88:2        |ddm|: 6.831182e-02     Tr[DP]  1.144966e-01
 iter:  89:1        |ddm|: 2.590584e-01     Tr[DP]  1.177776e-01
 iter:  89:2        |ddm|: 6.865908e-02     Tr[DP]  1.140055e-01
 iter:  90:1        |ddm|: 2.712099e-01     Tr[DP]  1.171795e-01
 iter:  90:2        |ddm|: 7.096594e-02     Tr[DP]  1.135188e-01
 iter:  91:1        |ddm|: 2.719604e-01     Tr[DP]  1.166008e-01
 iter:  91:2        |ddm|: 7.255788e-02     Tr[DP]  1.131317e-01
 iter:  92:1        |ddm|: 3.818857e-01     Tr[DP]  1.158966e-01
 iter:  92:2        |ddm|: 8.649502e-02     Tr[DP]  1.128492e-01
 iter:  93:1        |ddm|: 5.269505e-01     Tr[DP]  1.160728e-01
 iter:  93:2        |ddm|: 6.525573e-02     Tr[DP]  1.127275e-01
 iter:  94:1        |ddm|: 3.458741e-01     Tr[DP]  1.158531e-01
 iter:  94:2        |ddm|: 6.160284e-02     Tr[DP]  1.118944e-01
 iter:  95:1        |ddm|: 3.037799e-01     Tr[DP]  1.151449e-01
 iter:  95:2        |ddm|: 5.411307e-02     Tr[DP]  1.108152e-01
 iter:  96:1        |ddm|: 3.303917e-01     Tr[DP]  1.143540e-01
 iter:  96:2        |ddm|: 5.858596e-02     Tr[DP]  1.098437e-01
 iter:  97:1        |ddm|: 3.381871e-01     Tr[DP]  1.135553e-01
 iter:  97:2        |ddm|: 6.658899e-02     Tr[DP]  1.089891e-01
 iter:  98:1        |ddm|: 3.325238e-01     Tr[DP]  1.127808e-01
 iter:  98:2        |ddm|: 7.434248e-02     Tr[DP]  1.082534e-01
 iter:  99:1        |ddm|: 3.038128e-01     Tr[DP]  1.120922e-01
 iter:  99:2        |ddm|: 7.530775e-02     Tr[DP]  1.075965e-01
 iter: 100:1        |ddm|: 3.098314e-01     Tr[DP]  1.113561e-01
 iter: 100:2        |ddm|: 7.776206e-02     Tr[DP]  1.069436e-01
 iter: 101:1        |ddm|: 2.991609e-01     Tr[DP]  1.106522e-01
 iter: 101:2        |ddm|: 7.928804e-02     Tr[DP]  1.063752e-01
 iter: 102:1        |ddm|: 2.736828e-01     Tr[DP]  1.100307e-01
 iter: 102:2        |ddm|: 7.622245e-02     Tr[DP]  1.058506e-01
 iter: 103:1        |ddm|: 2.576771e-01     Tr[DP]  1.094361e-01
 iter: 103:2        |ddm|: 7.221488e-02     Tr[DP]  1.053103e-01
 iter: 104:1        |ddm|: 2.496531e-01     Tr[DP]  1.089111e-01
 iter: 104:2        |ddm|: 6.664919e-02     Tr[DP]  1.047259e-01
 iter: 105:1        |ddm|: 2.470662e-01     Tr[DP]  1.083202e-01
 iter: 105:2        |ddm|: 6.390756e-02     Tr[DP]  1.040411e-01
 iter: 106:1        |ddm|: 2.800965e-01     Tr[DP]  1.075934e-01
 iter: 106:2        |ddm|: 6.784067e-02     Tr[DP]  1.033460e-01
 iter: 107:1        |ddm|: 2.614786e-01     Tr[DP]  1.069894e-01
 iter: 107:2        |ddm|: 6.766771e-02     Tr[DP]  1.027215e-01
 iter: 108:1        |ddm|: 2.653731e-01     Tr[DP]  1.063111e-01
 iter: 108:2        |ddm|: 6.902908e-02     Tr[DP]  1.020697e-01
 iter: 109:1        |ddm|: 2.670748e-01     Tr[DP]  1.056347e-01
 iter: 109:2        |ddm|: 7.101749e-02     Tr[DP]  1.014713e-01
 iter: 110:1        |ddm|: 2.692917e-01     Tr[DP]  1.049584e-01
 iter: 110:2        |ddm|: 7.342074e-02     Tr[DP]  1.009355e-01
 iter: 111:1        |ddm|: 2.478757e-01     Tr[DP]  1.043677e-01
 iter: 111:2        |ddm|: 7.148412e-02     Tr[DP]  1.004624e-01
 iter: 112:1        |ddm|: 2.251569e-01     Tr[DP]  1.038325e-01
 iter: 112:2        |ddm|: 6.543459e-02     Tr[DP]  9.996923e-02
 iter: 113:1        |ddm|: 2.300004e-01     Tr[DP]  1.032386e-01
 iter: 113:2        |ddm|: 6.565657e-02     Tr[DP]  9.947038e-02
 iter: 114:1        |ddm|: 2.173098e-01     Tr[DP]  1.027277e-01
 iter: 114:2        |ddm|: 6.173529e-02     Tr[DP]  9.898524e-02
 iter: 115:1        |ddm|: 2.089217e-01     Tr[DP]  1.022101e-01
 iter: 115:2        |ddm|: 5.880827e-02     Tr[DP]  9.845155e-02
 iter: 116:1        |ddm|: 2.112525e-01     Tr[DP]  1.017149e-01
 iter: 116:2        |ddm|: 5.608867e-02     Tr[DP]  9.786682e-02
 iter: 117:1        |ddm|: 2.184563e-01     Tr[DP]  1.011147e-01
 iter: 117:2        |ddm|: 5.690485e-02     Tr[DP]  9.721861e-02
 iter: 118:1        |ddm|: 2.271454e-01     Tr[DP]  1.005015e-01
 iter: 118:2        |ddm|: 5.935865e-02     Tr[DP]  9.660392e-02
 iter: 119:1        |ddm|: 3.410487e-01     Tr[DP]  1.002254e-01
 iter: 119:2        |ddm|: 5.850199e-02     Tr[DP]  9.588336e-02
 iter: 120:1        |ddm|: 4.609373e-01     Tr[DP]  9.916092e-02
 iter: 120:2        |ddm|: 6.961676e-02     Tr[DP]  9.499450e-02
 iter: 121:1        |ddm|: 2.740579e-01     Tr[DP]  9.852089e-02
 iter: 121:2        |ddm|: 7.165794e-02     Tr[DP]  9.450009e-02
 iter: 122:1        |ddm|: 2.421451e-01     Tr[DP]  9.791469e-02
 iter: 122:2        |ddm|: 7.012636e-02     Tr[DP]  9.400493e-02
 iter: 123:1        |ddm|: 2.258639e-01     Tr[DP]  9.733856e-02
 iter: 123:2        |ddm|: 6.671176e-02     Tr[DP]  9.352148e-02
 iter: 124:1        |ddm|: 2.178772e-01     Tr[DP]  9.676729e-02
 iter: 124:2        |ddm|: 6.446566e-02     Tr[DP]  9.304399e-02
 iter: 125:1        |ddm|: 2.087062e-01     Tr[DP]  9.629794e-02
 iter: 125:2        |ddm|: 5.770254e-02     Tr[DP]  9.254333e-02
 iter: 126:1        |ddm|: 2.096090e-01     Tr[DP]  9.570646e-02
 iter: 126:2        |ddm|: 5.838143e-02     Tr[DP]  9.199210e-02
 iter: 127:1        |ddm|: 2.136000e-01     Tr[DP]  9.513098e-02
 iter: 127:2        |ddm|: 5.948326e-02     Tr[DP]  9.149181e-02
 iter: 128:1        |ddm|: 2.034027e-01     Tr[DP]  9.460408e-02
 iter: 128:2        |ddm|: 5.837551e-02     Tr[DP]  9.101846e-02
 iter: 129:1        |ddm|: 1.999553e-01     Tr[DP]  9.406801e-02
 iter: 129:2        |ddm|: 5.801294e-02     Tr[DP]  9.054541e-02
 iter: 130:1        |ddm|: 2.804542e-01     Tr[DP]  9.337458e-02
 iter: 130:2        |ddm|: 7.332021e-02     Tr[DP]  9.017289e-02
 iter: 131:1        |ddm|: 2.500460e-01     Tr[DP]  9.309068e-02
 iter: 131:2        |ddm|: 5.459801e-02     Tr[DP]  8.992678e-02
 iter: 132:1        |ddm|: 1.891752e-01     Tr[DP]  9.278280e-02
 iter: 132:2        |ddm|: 4.423364e-02     Tr[DP]  8.944491e-02
 iter: 133:1        |ddm|: 1.826129e-01     Tr[DP]  9.237902e-02
 iter: 133:2        |ddm|: 4.427781e-02     Tr[DP]  8.878917e-02
 iter: 134:1        |ddm|: 2.268397e-01     Tr[DP]  9.174014e-02
 iter: 134:2        |ddm|: 4.777817e-02     Tr[DP]  8.807219e-02
 iter: 135:1        |ddm|: 2.393167e-01     Tr[DP]  9.109003e-02
 iter: 135:2        |ddm|: 5.656168e-02     Tr[DP]  8.749814e-02
 iter: 136:1        |ddm|: 2.101750e-01     Tr[DP]  9.062718e-02
 iter: 136:2        |ddm|: 5.233835e-02     Tr[DP]  8.698125e-02
 iter: 137:1        |ddm|: 2.453040e-01     Tr[DP]  8.996393e-02
 iter: 137:2        |ddm|: 6.199106e-02     Tr[DP]  8.644723e-02
 iter: 138:1        |ddm|: 2.067561e-01     Tr[DP]  8.950215e-02
 iter: 138:2        |ddm|: 5.466310e-02     Tr[DP]  8.600886e-02
 iter: 139:1        |ddm|: 1.851428e-01     Tr[DP]  8.899074e-02
 iter: 139:2        |ddm|: 5.305908e-02     Tr[DP]  8.550351e-02
 iter: 140:1        |ddm|: 1.877294e-01     Tr[DP]  8.847549e-02
 iter: 140:2        |ddm|: 5.275390e-02     Tr[DP]  8.500673e-02
 iter: 141:1        |ddm|: 1.849464e-01     Tr[DP]  8.797572e-02
 iter: 141:2        |ddm|: 5.153033e-02     Tr[DP]  8.450683e-02
 iter: 142:1        |ddm|: 1.891567e-01     Tr[DP]  8.745017e-02
 iter: 142:2        |ddm|: 5.282439e-02     Tr[DP]  8.400801e-02
 iter: 143:1        |ddm|: 1.884758e-01     Tr[DP]  8.693658e-02
 iter: 143:2        |ddm|: 5.313540e-02     Tr[DP]  8.353464e-02
 iter: 144:1        |ddm|: 2.714415e-01     Tr[DP]  8.627804e-02
 iter: 144:2        |ddm|: 7.160248e-02     Tr[DP]  8.315446e-02
 iter: 145:1        |ddm|: 2.462958e-01     Tr[DP]  8.598997e-02
 iter: 145:2        |ddm|: 4.844716e-02     Tr[DP]  8.289797e-02
 iter: 146:1        |ddm|: 1.515050e-01     Tr[DP]  8.556118e-02
 iter: 146:2        |ddm|: 4.609569e-02     Tr[DP]  8.246523e-02
 iter: 147:1        |ddm|: 1.619047e-01     Tr[DP]  8.510774e-02
 iter: 147:2        |ddm|: 4.664692e-02     Tr[DP]  8.205005e-02
 iter: 148:1        |ddm|: 1.673499e-01     Tr[DP]  8.465087e-02
 iter: 148:2        |ddm|: 4.852956e-02     Tr[DP]  8.166577e-02
 iter: 149:1        |ddm|: 1.603887e-01     Tr[DP]  8.424473e-02
 iter: 149:2        |ddm|: 4.583195e-02     Tr[DP]  8.130420e-02
 iter: 150:1        |ddm|: 1.655223e-01     Tr[DP]  8.379413e-02
 iter: 150:2        |ddm|: 4.944941e-02     Tr[DP]  8.094949e-02
 iter: 151:1        |ddm|: 1.564231e-01     Tr[DP]  8.340739e-02
 iter: 151:2        |ddm|: 4.625732e-02     Tr[DP]  8.064499e-02
 iter: 152:1        |ddm|: 1.560388e-01     Tr[DP]  8.299110e-02
 iter: 152:2        |ddm|: 4.868433e-02     Tr[DP]  8.035168e-02
 iter: 153:1        |ddm|: 1.572786e-01     Tr[DP]  8.270021e-02
 iter: 153:2        |ddm|: 3.807791e-02     Tr[DP]  8.006943e-02
 iter: 154:1        |ddm|: 1.264402e-01     Tr[DP]  8.236457e-02
 iter: 154:2        |ddm|: 3.555004e-02     Tr[DP]  7.969503e-02
 iter: 155:1        |ddm|: 1.356392e-01     Tr[DP]  8.198348e-02
 iter: 155:2        |ddm|: 3.730691e-02     Tr[DP]  7.930684e-02
 iter: 156:1        |ddm|: 1.354903e-01     Tr[DP]  8.162620e-02
 iter: 156:2        |ddm|: 3.632436e-02     Tr[DP]  7.892328e-02
 iter: 157:1        |ddm|: 1.645889e-01     Tr[DP]  8.136500e-02
 iter: 157:2        |ddm|: 3.611560e-02     Tr[DP]  7.845786e-02
 iter: 158:1        |ddm|: 2.034602e-01     Tr[DP]  8.086054e-02
 iter: 158:2        |ddm|: 3.992886e-02     Tr[DP]  7.788666e-02
 iter: 159:1        |ddm|: 1.876387e-01     Tr[DP]  8.036714e-02
 iter: 159:2        |ddm|: 4.668530e-02     Tr[DP]  7.744996e-02
 iter: 160:1        |ddm|: 1.767559e-01     Tr[DP]  7.991140e-02
 iter: 160:2        |ddm|: 5.049423e-02     Tr[DP]  7.709627e-02
 iter: 161:1        |ddm|: 1.602259e-01     Tr[DP]  7.950858e-02
 iter: 161:2        |ddm|: 4.808840e-02     Tr[DP]  7.678777e-02
 iter: 162:1        |ddm|: 1.488928e-01     Tr[DP]  7.912845e-02
 iter: 162:2        |ddm|: 4.534500e-02     Tr[DP]  7.648953e-02
 iter: 163:1        |ddm|: 1.414166e-01     Tr[DP]  7.876741e-02
 iter: 163:2        |ddm|: 4.259463e-02     Tr[DP]  7.619852e-02
 iter: 164:1        |ddm|: 1.332782e-01     Tr[DP]  7.843995e-02
 iter: 164:2        |ddm|: 3.786557e-02     Tr[DP]  7.589647e-02
 iter: 165:1        |ddm|: 1.312671e-01     Tr[DP]  7.808262e-02
 iter: 165:2        |ddm|: 3.858856e-02     Tr[DP]  7.558117e-02
 iter: 166:1        |ddm|: 1.312389e-01     Tr[DP]  7.774330e-02
 iter: 166:2        |ddm|: 3.751391e-02     Tr[DP]  7.528293e-02
 iter: 167:1        |ddm|: 1.295446e-01     Tr[DP]  7.740377e-02
 iter: 167:2        |ddm|: 3.749568e-02     Tr[DP]  7.498924e-02
 iter: 168:1        |ddm|: 1.493034e-01     Tr[DP]  7.702473e-02
 iter: 168:2        |ddm|: 4.507978e-02     Tr[DP]  7.473173e-02
 iter: 169:1        |ddm|: 1.658972e-01     Tr[DP]  7.681095e-02
 iter: 169:2        |ddm|: 3.074080e-02     Tr[DP]  7.450256e-02
 iter: 170:1        |ddm|: 1.075384e-01     Tr[DP]  7.651045e-02
 iter: 170:2        |ddm|: 3.044328e-02     Tr[DP]  7.415136e-02
 iter: 171:1        |ddm|: 1.214487e-01     Tr[DP]  7.618024e-02
 iter: 171:2        |ddm|: 3.234688e-02     Tr[DP]  7.381182e-02
 iter: 172:1        |ddm|: 1.546439e-01     Tr[DP]  7.579872e-02
 iter: 172:2        |ddm|: 4.284016e-02     Tr[DP]  7.351826e-02
 iter: 173:1        |ddm|: 1.333129e-01     Tr[DP]  7.553108e-02
 iter: 173:2        |ddm|: 3.187741e-02     Tr[DP]  7.328528e-02
 iter: 174:1        |ddm|: 1.095453e-01     Tr[DP]  7.527765e-02
 iter: 174:2        |ddm|: 2.847034e-02     Tr[DP]  7.296946e-02
 iter: 175:1        |ddm|: 1.322052e-01     Tr[DP]  7.493480e-02
 iter: 175:2        |ddm|: 3.331949e-02     Tr[DP]  7.261789e-02
 iter: 176:1        |ddm|: 1.299791e-01     Tr[DP]  7.460028e-02
 iter: 176:2        |ddm|: 3.563750e-02     Tr[DP]  7.232510e-02
 iter: 177:1        |ddm|: 1.261198e-01     Tr[DP]  7.428153e-02
 iter: 177:2        |ddm|: 3.653029e-02     Tr[DP]  7.206048e-02
 iter: 178:1        |ddm|: 1.225305e-01     Tr[DP]  7.397480e-02
 iter: 178:2        |ddm|: 3.669163e-02     Tr[DP]  7.181768e-02
 iter: 179:1        |ddm|: 1.240330e-01     Tr[DP]  7.366836e-02
 iter: 179:2        |ddm|: 3.924786e-02     Tr[DP]  7.160333e-02
 iter: 180:1        |ddm|: 1.152310e-01     Tr[DP]  7.340913e-02
 iter: 180:2        |ddm|: 3.304210e-02     Tr[DP]  7.141704e-02
 iter: 181:1        |ddm|: 1.035540e-01     Tr[DP]  7.318081e-02
 iter: 181:2        |ddm|: 2.683586e-02     Tr[DP]  7.120149e-02
 iter: 182:1        |ddm|: 1.023432e-01     Tr[DP]  7.291550e-02
 iter: 182:2        |ddm|: 2.953194e-02     Tr[DP]  7.095601e-02
 iter: 183:1        |ddm|: 1.135489e-01     Tr[DP]  7.263329e-02
 iter: 183:2        |ddm|: 3.413038e-02     Tr[DP]  7.075033e-02
 iter: 184:1        |ddm|: 1.134122e-01     Tr[DP]  7.243881e-02
 iter: 184:2        |ddm|: 2.398632e-02     Tr[DP]  7.055811e-02
 iter: 185:1        |ddm|: 8.648742e-02     Tr[DP]  7.221313e-02
 iter: 185:2        |ddm|: 2.399965e-02     Tr[DP]  7.028906e-02
 iter: 186:1        |ddm|: 9.299754e-02     Tr[DP]  7.197974e-02
 iter: 186:2        |ddm|: 2.428083e-02     Tr[DP]  7.000686e-02
 iter: 187:1        |ddm|: 1.049920e-01     Tr[DP]  7.170940e-02
 iter: 187:2        |ddm|: 2.652439e-02     Tr[DP]  6.971023e-02
 iter: 188:1        |ddm|: 1.153047e-01     Tr[DP]  7.142357e-02
 iter: 188:2        |ddm|: 3.046326e-02     Tr[DP]  6.944490e-02
 iter: 189:1        |ddm|: 1.157244e-01     Tr[DP]  7.114239e-02
 iter: 189:2        |ddm|: 3.339608e-02     Tr[DP]  6.921775e-02
 iter: 190:1        |ddm|: 1.108174e-01     Tr[DP]  7.087766e-02
 iter: 190:2        |ddm|: 3.391586e-02     Tr[DP]  6.902496e-02
 iter: 191:1        |ddm|: 1.019919e-01     Tr[DP]  7.064003e-02
 iter: 191:2        |ddm|: 3.034849e-02     Tr[DP]  6.885019e-02
 iter: 192:1        |ddm|: 9.344047e-02     Tr[DP]  7.042723e-02
 iter: 192:2        |ddm|: 2.565471e-02     Tr[DP]  6.866600e-02
 iter: 193:1        |ddm|: 8.910955e-02     Tr[DP]  7.020590e-02
 iter: 193:2        |ddm|: 2.568342e-02     Tr[DP]  6.846377e-02
 iter: 194:1        |ddm|: 9.087318e-02     Tr[DP]  6.998246e-02
 iter: 194:2        |ddm|: 2.591226e-02     Tr[DP]  6.826871e-02
 iter: 195:1        |ddm|: 8.969540e-02     Tr[DP]  6.976549e-02
 iter: 195:2        |ddm|: 2.547810e-02     Tr[DP]  6.808118e-02
 iter: 196:1        |ddm|: 1.219735e-01     Tr[DP]  6.950276e-02
 iter: 196:2        |ddm|: 3.942097e-02     Tr[DP]  6.792372e-02
 iter: 197:1        |ddm|: 1.172963e-01     Tr[DP]  6.926500e-02
 iter: 197:2        |ddm|: 4.451190e-02     Tr[DP]  6.786935e-02
 iter: 198:1        |ddm|: 2.050572e-01     Tr[DP]  6.922031e-02
 iter: 198:2        |ddm|: 2.616256e-02     Tr[DP]  6.779914e-02
 iter: 199:1        |ddm|: 9.058889e-02     Tr[DP]  6.904259e-02
 iter: 199:2        |ddm|: 1.884762e-02     Tr[DP]  6.754472e-02
 iter: 200:1        |ddm|: 7.453302e-02     Tr[DP]  6.887336e-02
 iter: 200:2        |ddm|: 1.837665e-02     Tr[DP]  6.734256e-02
 iter: 201:1        |ddm|: 8.719206e-02     Tr[DP]  6.867091e-02
 iter: 201:2        |ddm|: 2.095829e-02     Tr[DP]  6.711398e-02
 iter: 202:1        |ddm|: 7.905003e-02     Tr[DP]  6.848332e-02
 iter: 202:2        |ddm|: 1.965535e-02     Tr[DP]  6.690863e-02
 iter: 203:1        |ddm|: 8.757255e-02     Tr[DP]  6.827505e-02
 iter: 203:2        |ddm|: 2.257994e-02     Tr[DP]  6.668993e-02
 iter: 204:1        |ddm|: 9.163897e-02     Tr[DP]  6.805862e-02
 iter: 204:2        |ddm|: 2.535613e-02     Tr[DP]  6.649867e-02
 iter: 205:1        |ddm|: 8.690028e-02     Tr[DP]  6.785475e-02
 iter: 205:2        |ddm|: 2.498713e-02     Tr[DP]  6.633118e-02
 iter: 206:1        |ddm|: 8.373347e-02     Tr[DP]  6.765858e-02
 iter: 206:2        |ddm|: 2.486309e-02     Tr[DP]  6.617314e-02
 iter: 207:1        |ddm|: 8.475708e-02     Tr[DP]  6.746189e-02
 iter: 207:2        |ddm|: 2.645575e-02     Tr[DP]  6.603016e-02
 iter: 208:1        |ddm|: 8.011038e-02     Tr[DP]  6.728320e-02
 iter: 208:2        |ddm|: 2.407745e-02     Tr[DP]  6.590769e-02
 iter: 209:1        |ddm|: 7.427369e-02     Tr[DP]  6.711743e-02
 iter: 209:2        |ddm|: 2.214892e-02     Tr[DP]  6.578638e-02
 iter: 210:1        |ddm|: 7.042067e-02     Tr[DP]  6.695919e-02
 iter: 210:2        |ddm|: 2.055747e-02     Tr[DP]  6.566510e-02
 iter: 211:1        |ddm|: 7.909725e-02     Tr[DP]  6.684170e-02
 iter: 211:2        |ddm|: 1.634862e-02     Tr[DP]  6.552449e-02
 iter: 212:1        |ddm|: 7.517250e-02     Tr[DP]  6.667439e-02
 iter: 212:2        |ddm|: 1.868417e-02     Tr[DP]  6.533346e-02
 iter: 213:1        |ddm|: 6.914371e-02     Tr[DP]  6.651783e-02
 iter: 213:2        |ddm|: 1.690431e-02     Tr[DP]  6.517169e-02
 iter: 214:1        |ddm|: 1.326411e-01     Tr[DP]  6.629184e-02
 iter: 214:2        |ddm|: 3.835529e-02     Tr[DP]  6.502707e-02
 iter: 215:1        |ddm|: 1.058761e-01     Tr[DP]  6.616251e-02
 iter: 215:2        |ddm|: 1.790667e-02     Tr[DP]  6.496910e-02
 iter: 216:1        |ddm|: 5.700126e-02     Tr[DP]  6.604792e-02
 iter: 216:2        |ddm|: 1.496508e-02     Tr[DP]  6.483391e-02
 iter: 217:1        |ddm|: 5.700555e-02     Tr[DP]  6.590774e-02
 iter: 217:2        |ddm|: 1.545349e-02     Tr[DP]  6.467725e-02
 iter: 218:1        |ddm|: 5.944061e-02     Tr[DP]  6.577892e-02
 iter: 218:2        |ddm|: 1.551411e-02     Tr[DP]  6.451395e-02
 iter: 219:1        |ddm|: 9.327916e-02     Tr[DP]  6.559980e-02
 iter: 219:2        |ddm|: 2.242862e-02     Tr[DP]  6.433596e-02
 iter: 220:1        |ddm|: 7.285204e-02     Tr[DP]  6.543665e-02
 iter: 220:2        |ddm|: 2.008848e-02     Tr[DP]  6.421681e-02
 iter: 221:1        |ddm|: 6.236921e-02     Tr[DP]  6.530118e-02
 iter: 221:2        |ddm|: 1.561663e-02     Tr[DP]  6.408703e-02
 iter: 222:1        |ddm|: 8.183338e-02     Tr[DP]  6.513846e-02
 iter: 222:2        |ddm|: 2.439248e-02     Tr[DP]  6.394958e-02
 iter: 223:1        |ddm|: 6.815600e-02     Tr[DP]  6.499632e-02
 iter: 223:2        |ddm|: 1.775197e-02     Tr[DP]  6.384975e-02
 iter: 224:1        |ddm|: 6.108150e-02     Tr[DP]  6.485948e-02
 iter: 224:2        |ddm|: 1.846052e-02     Tr[DP]  6.373785e-02
 iter: 225:1        |ddm|: 6.008171e-02     Tr[DP]  6.472711e-02
 iter: 225:2        |ddm|: 1.714764e-02     Tr[DP]  6.363393e-02
 iter: 226:1        |ddm|: 5.937158e-02     Tr[DP]  6.459538e-02
 iter: 226:2        |ddm|: 1.787414e-02     Tr[DP]  6.353217e-02
 iter: 227:1        |ddm|: 5.763207e-02     Tr[DP]  6.447144e-02
 iter: 227:2        |ddm|: 1.648618e-02     Tr[DP]  6.343900e-02
 iter: 228:1        |ddm|: 5.512414e-02     Tr[DP]  6.435124e-02
 iter: 228:2        |ddm|: 1.619602e-02     Tr[DP]  6.334599e-02
 iter: 229:1        |ddm|: 5.408903e-02     Tr[DP]  6.423346e-02
 iter: 229:2        |ddm|: 1.595009e-02     Tr[DP]  6.325761e-02
 iter: 230:1        |ddm|: 5.308802e-02     Tr[DP]  6.411755e-02
 iter: 230:2        |ddm|: 1.600235e-02     Tr[DP]  6.317483e-02
 iter: 231:1        |ddm|: 5.185045e-02     Tr[DP]  6.400811e-02
 iter: 231:2        |ddm|: 1.570689e-02     Tr[DP]  6.309950e-02
 iter: 232:1        |ddm|: 4.968506e-02     Tr[DP]  6.390427e-02
 iter: 232:2        |ddm|: 1.462958e-02     Tr[DP]  6.302827e-02
 iter: 233:1        |ddm|: 4.684390e-02     Tr[DP]  6.380898e-02
 iter: 233:2        |ddm|: 1.284203e-02     Tr[DP]  6.295551e-02
 iter: 234:1        |ddm|: 4.432823e-02     Tr[DP]  6.371369e-02
 iter: 234:2        |ddm|: 1.285561e-02     Tr[DP]  6.287963e-02
 iter: 235:1        |ddm|: 4.472812e-02     Tr[DP]  6.361576e-02
 iter: 235:2        |ddm|: 1.306721e-02     Tr[DP]  6.280772e-02
 iter: 236:1        |ddm|: 4.480768e-02     Tr[DP]  6.352127e-02
 iter: 236:2        |ddm|: 1.373684e-02     Tr[DP]  6.274428e-02
 iter: 237:1        |ddm|: 4.441333e-02     Tr[DP]  6.343567e-02
 iter: 237:2        |ddm|: 1.290954e-02     Tr[DP]  6.268761e-02
 iter: 238:1        |ddm|: 4.202495e-02     Tr[DP]  6.334653e-02
 iter: 238:2        |ddm|: 1.377941e-02     Tr[DP]  6.263011e-02
 iter: 239:1        |ddm|: 5.780885e-02     Tr[DP]  6.329643e-02
 iter: 239:2        |ddm|: 1.117864e-02     Tr[DP]  6.256620e-02
 iter: 240:1        |ddm|: 2.963839e-02     Tr[DP]  6.323132e-02
 iter: 240:2        |ddm|: 1.006716e-02     Tr[DP]  6.244808e-02
 iter: 241:1        |ddm|: 3.495354e-02     Tr[DP]  6.315416e-02
 iter: 241:2        |ddm|: 1.107799e-02     Tr[DP]  6.232539e-02
 iter: 242:1        |ddm|: 5.009909e-02     Tr[DP]  6.305362e-02
 iter: 242:2        |ddm|: 1.101413e-02     Tr[DP]  6.219040e-02
 iter: 243:1        |ddm|: 5.216718e-02     Tr[DP]  6.294478e-02
 iter: 243:2        |ddm|: 1.258567e-02     Tr[DP]  6.207551e-02
 iter: 244:1        |ddm|: 5.087036e-02     Tr[DP]  6.283484e-02
 iter: 244:2        |ddm|: 1.353762e-02     Tr[DP]  6.197334e-02
 iter: 245:1        |ddm|: 6.948515e-02     Tr[DP]  6.271429e-02
 iter: 245:2        |ddm|: 2.293314e-02     Tr[DP]  6.189286e-02
 iter: 246:1        |ddm|: 5.603707e-02     Tr[DP]  6.262106e-02
 iter: 246:2        |ddm|: 1.110320e-02     Tr[DP]  6.184227e-02
 iter: 247:1        |ddm|: 3.859985e-02     Tr[DP]  6.254613e-02
 iter: 247:2        |ddm|: 1.001138e-02     Tr[DP]  6.175266e-02
 iter: 248:1        |ddm|: 4.570274e-02     Tr[DP]  6.245436e-02
 iter: 248:2        |ddm|: 1.164739e-02     Tr[DP]  6.164796e-02
 iter: 249:1        |ddm|: 4.508376e-02     Tr[DP]  6.235738e-02
 iter: 249:2        |ddm|: 1.207781e-02     Tr[DP]  6.155857e-02
 iter: 250:1        |ddm|: 4.323964e-02     Tr[DP]  6.226400e-02
 iter: 250:2        |ddm|: 1.181728e-02     Tr[DP]  6.147348e-02
 iter: 251:1        |ddm|: 4.462037e-02     Tr[DP]  6.216985e-02
 iter: 251:2        |ddm|: 1.290181e-02     Tr[DP]  6.139220e-02
 iter: 252:1        |ddm|: 4.590721e-02     Tr[DP]  6.207506e-02
 iter: 252:2        |ddm|: 1.419506e-02     Tr[DP]  6.132170e-02
 iter: 253:1        |ddm|: 4.275510e-02     Tr[DP]  6.198697e-02
 iter: 253:2        |ddm|: 1.274391e-02     Tr[DP]  6.126078e-02
 iter: 254:1        |ddm|: 3.926771e-02     Tr[DP]  6.190606e-02
 iter: 254:2        |ddm|: 1.117067e-02     Tr[DP]  6.119967e-02
 iter: 255:1        |ddm|: 3.815168e-02     Tr[DP]  6.182625e-02
 iter: 255:2        |ddm|: 1.139978e-02     Tr[DP]  6.113801e-02
 iter: 256:1        |ddm|: 3.714535e-02     Tr[DP]  6.174950e-02
 iter: 256:2        |ddm|: 1.058064e-02     Tr[DP]  6.107979e-02
 iter: 257:1        |ddm|: 3.491664e-02     Tr[DP]  6.167765e-02
 iter: 257:2        |ddm|: 9.349729e-03     Tr[DP]  6.101985e-02
 iter: 258:1        |ddm|: 3.426788e-02     Tr[DP]  6.160547e-02
 iter: 258:2        |ddm|: 9.707497e-03     Tr[DP]  6.095735e-02
 iter: 259:1        |ddm|: 3.291381e-02     Tr[DP]  6.153904e-02
 iter: 259:2        |ddm|: 8.018612e-03     Tr[DP]  6.089315e-02
 iter: 260:1        |ddm|: 3.580942e-02     Tr[DP]  6.146570e-02
 iter: 260:2        |ddm|: 1.011815e-02     Tr[DP]  6.082339e-02
 iter: 261:1        |ddm|: 3.343161e-02     Tr[DP]  6.139660e-02
 iter: 261:2        |ddm|: 8.335288e-03     Tr[DP]  6.076085e-02
 iter: 262:1        |ddm|: 3.130280e-02     Tr[DP]  6.133031e-02
 iter: 262:2        |ddm|: 8.132368e-03     Tr[DP]  6.069025e-02
 iter: 263:1        |ddm|: 3.468955e-02     Tr[DP]  6.125810e-02
 iter: 263:2        |ddm|: 9.343406e-03     Tr[DP]  6.061804e-02
 iter: 264:1        |ddm|: 3.290758e-02     Tr[DP]  6.118793e-02
 iter: 264:2        |ddm|: 8.468075e-03     Tr[DP]  6.055000e-02
 iter: 265:1        |ddm|: 3.759860e-02     Tr[DP]  6.111267e-02
 iter: 265:2        |ddm|: 1.086682e-02     Tr[DP]  6.048304e-02
 iter: 266:1        |ddm|: 3.576773e-02     Tr[DP]  6.103907e-02
 iter: 266:2        |ddm|: 1.039988e-02     Tr[DP]  6.042789e-02
 iter: 267:1        |ddm|: 3.688028e-02     Tr[DP]  6.096595e-02
 iter: 267:2        |ddm|: 1.219795e-02     Tr[DP]  6.037925e-02
 iter: 268:1        |ddm|: 3.456303e-02     Tr[DP]  6.090543e-02
 iter: 268:2        |ddm|: 7.592159e-03     Tr[DP]  6.033410e-02
 iter: 269:1        |ddm|: 2.906868e-02     Tr[DP]  6.084498e-02
 iter: 269:2        |ddm|: 8.412160e-03     Tr[DP]  6.027717e-02
 iter: 270:1        |ddm|: 2.986843e-02     Tr[DP]  6.078291e-02
 iter: 270:2        |ddm|: 8.160691e-03     Tr[DP]  6.022402e-02
 iter: 271:1        |ddm|: 2.890227e-02     Tr[DP]  6.072323e-02
 iter: 271:2        |ddm|: 7.778016e-03     Tr[DP]  6.017043e-02
 iter: 272:1        |ddm|: 2.772364e-02     Tr[DP]  6.066579e-02
 iter: 272:2        |ddm|: 7.089194e-03     Tr[DP]  6.011409e-02
 iter: 273:1        |ddm|: 2.952041e-02     Tr[DP]  6.060511e-02
 iter: 273:2        |ddm|: 8.123154e-03     Tr[DP]  6.005559e-02
 iter: 274:1        |ddm|: 3.215855e-02     Tr[DP]  6.054092e-02
 iter: 274:2        |ddm|: 9.588608e-03     Tr[DP]  6.000494e-02
 iter: 275:1        |ddm|: 2.937463e-02     Tr[DP]  6.048670e-02
 iter: 275:2        |ddm|: 6.605139e-03     Tr[DP]  5.995624e-02
 iter: 276:1        |ddm|: 3.202821e-02     Tr[DP]  6.042589e-02
 iter: 276:2        |ddm|: 9.611497e-03     Tr[DP]  5.990165e-02
 iter: 277:1        |ddm|: 3.369505e-02     Tr[DP]  6.036098e-02
 iter: 277:2        |ddm|: 1.140953e-02     Tr[DP]  5.986447e-02
 iter: 278:1        |ddm|: 3.059867e-02     Tr[DP]  6.030407e-02
 iter: 278:2        |ddm|: 9.786589e-03     Tr[DP]  5.983752e-02
 iter: 279:1        |ddm|: 2.732951e-02     Tr[DP]  6.025307e-02
 iter: 279:2        |ddm|: 8.602458e-03     Tr[DP]  5.981126e-02
 iter: 280:1        |ddm|: 3.009483e-02     Tr[DP]  6.021575e-02
 iter: 280:2        |ddm|: 5.628024e-03     Tr[DP]  5.977709e-02
 iter: 281:1        |ddm|: 1.961543e-02     Tr[DP]  6.017531e-02
 iter: 281:2        |ddm|: 5.381904e-03     Tr[DP]  5.972465e-02
 iter: 282:1        |ddm|: 2.533076e-02     Tr[DP]  6.012550e-02
 iter: 282:2        |ddm|: 6.790731e-03     Tr[DP]  5.967638e-02
 iter: 283:1        |ddm|: 2.311552e-02     Tr[DP]  6.008134e-02
 iter: 283:2        |ddm|: 5.414916e-03     Tr[DP]  5.963031e-02
 iter: 284:1        |ddm|: 2.444294e-02     Tr[DP]  6.003322e-02
 iter: 284:2        |ddm|: 6.419678e-03     Tr[DP]  5.957731e-02
 iter: 285:1        |ddm|: 2.649129e-02     Tr[DP]  5.998061e-02
 iter: 285:2        |ddm|: 7.451842e-03     Tr[DP]  5.953239e-02
 iter: 286:1        |ddm|: 2.716560e-02     Tr[DP]  5.992804e-02
 iter: 286:2        |ddm|: 8.570211e-03     Tr[DP]  5.949547e-02
 iter: 287:1        |ddm|: 2.442278e-02     Tr[DP]  5.988067e-02
 iter: 287:2        |ddm|: 6.657725e-03     Tr[DP]  5.946304e-02
 iter: 288:1        |ddm|: 2.154685e-02     Tr[DP]  5.983901e-02
 iter: 288:2        |ddm|: 5.398344e-03     Tr[DP]  5.942547e-02
 iter: 289:1        |ddm|: 2.280902e-02     Tr[DP]  5.979393e-02
 iter: 289:2        |ddm|: 6.763295e-03     Tr[DP]  5.938594e-02
 iter: 290:1        |ddm|: 2.190622e-02     Tr[DP]  5.975040e-02
 iter: 290:2        |ddm|: 5.714580e-03     Tr[DP]  5.935077e-02
 iter: 291:1        |ddm|: 1.998877e-02     Tr[DP]  5.971043e-02
 iter: 291:2        |ddm|: 5.019448e-03     Tr[DP]  5.931132e-02
 iter: 292:1        |ddm|: 2.116179e-02     Tr[DP]  5.966814e-02
 iter: 292:2        |ddm|: 5.768531e-03     Tr[DP]  5.926918e-02
 iter: 293:1        |ddm|: 2.489872e-02     Tr[DP]  5.962141e-02
 iter: 293:2        |ddm|: 7.742325e-03     Tr[DP]  5.923407e-02
 iter: 294:1        |ddm|: 2.222200e-02     Tr[DP]  5.958252e-02
 iter: 294:2        |ddm|: 4.757098e-03     Tr[DP]  5.920165e-02
 iter: 295:1        |ddm|: 1.748640e-02     Tr[DP]  5.954713e-02
 iter: 295:2        |ddm|: 4.758273e-03     Tr[DP]  5.915730e-02
 iter: 296:1        |ddm|: 2.729101e-02     Tr[DP]  5.950173e-02
 iter: 296:2        |ddm|: 7.634907e-03     Tr[DP]  5.911414e-02
 iter: 297:1        |ddm|: 2.325825e-02     Tr[DP]  5.945649e-02
 iter: 297:2        |ddm|: 6.823335e-03     Tr[DP]  5.908437e-02
 iter: 298:1        |ddm|: 2.096656e-02     Tr[DP]  5.941601e-02
 iter: 298:2        |ddm|: 6.210103e-03     Tr[DP]  5.905577e-02
 iter: 299:1        |ddm|: 1.932922e-02     Tr[DP]  5.937859e-02
 iter: 299:2        |ddm|: 5.211499e-03     Tr[DP]  5.902627e-02
 iter: 300:1        |ddm|: 2.057971e-02     Tr[DP]  5.933936e-02
 iter: 300:2        |ddm|: 6.709854e-03     Tr[DP]  5.899795e-02
                         Freeze-and-Thaw NOT converged!                         

=================== Subsystem 1 at higher mean-field method ====================
  subiter:   1      |ddm|: 1.490011e+01
  subiter:   2      |ddm|: 1.253929e+00
  subiter:   3      |ddm|: 9.788707e-02
  subiter:   4      |ddm|: 9.334890e-02
  subiter:   5      |ddm|: 1.256424e-02
  subiter:   6      |ddm|: 4.463796e-03
  subiter:   7      |ddm|: 9.301499e-04
  subiter:   8      |ddm|: 3.040784e-04
  subiter:   9      |ddm|: 1.202354e-04
  subiter:  10      |ddm|: 1.754831e-05
  subiter:  11      |ddm|: 7.555944e-06
  subiter:  12      |ddm|: 2.453348e-06
  subiter:  13      |ddm|: 4.021302e-07
  subiter:  14      |ddm|: 7.242900e-08
  subiter:  15      |ddm|: 5.528806e-08
  subiter:  16      |ddm|: 2.502886e-08
  subiter:  17      |ddm|: 1.835565e-08
  subiter:  18      |ddm|: 3.137659e-08
  subiter:  19      |ddm|: 4.082914e-08
  subiter:  20      |ddm|: 1.652160e-08
  subiter:  21      |ddm|: 1.305276e-08
  subiter:  22      |ddm|: 1.620185e-08
  subiter:  23      |ddm|: 5.943773e-09


******** <class 'pyscf.scf.hf.RHF'> flags ********
method = RHF
initial guess = minao
damping factor = 0
level shift factor = 0
DIIS = <class 'pyscf.scf.diis.CDIIS'>
DIIS start cycle = 1
DIIS space = 8
SCF tol = 1e-09
SCF gradient tol = None
max. SCF cycles = 100
direct_scf = True
direct_scf_tol = 1e-13
chkfile to save SCF result = /panfs/roc/scratch/graha682/D105/201711_augccpVDZ_NEVPT2_m06_105_8c12h24/tmpoEgV2k
max_memory 4000 MB (current use 422 MB)
Set gradient conv threshold to 3.16228e-05
init E= -322.391209095976
  HOMO = -0.446067496239596  LUMO = 0.035477740990331
cycle= 1 E= -322.391209095972  delta_E= 3.64e-12  |g|= 1.01e-09  |ddm|= 4.18e-08
  HOMO = -0.446067496258329  LUMO = 0.0354777410189973
Extra cycle  E= -322.391209095974  delta_E= -1.36e-12  |g|= 8.57e-10  |ddm|= 1.86e-07
converged SCF energy = -322.391209095974


******** <class 'pyscf.dft.rks.RKS'> flags ********
method = RKS
initial guess = atom
damping factor = 0
level shift factor = 0.0
DIIS = <class 'pyscf.scf.diis.CDIIS'>
DIIS start cycle = 1
DIIS space = 8
SCF tol = 1e-08
SCF gradient tol = 1e-08
max. SCF cycles = 1
direct_scf = True
direct_scf_tol = 1e-13
chkfile to save SCF result = /panfs/roc/scratch/graha682/D105/201711_augccpVDZ_NEVPT2_m06_105_8c12h24/tmp0Nk3NP
max_memory 4000 MB (current use 401 MB)
XC functionals = m06
small_rho_cutoff = 1e-20
radial grids: Treutler-Ahlrichs (JCP 102, 346 (M4)) radial grids
becke partition: Becke, JCP, 88, 2547 (1988)
pruning grids: <function nwchem_prune at 0x152b5f0>
grids dens level: 4
symmetrized grids: False
atomic radii adjust function: <function treutler_atomic_radii_adjust at 0x152b488>
init E= -324.330142070198
  HOMO = -0.32969714244124  LUMO = -0.0429195151444093
cycle= 1 E= -324.330142801347  delta_E= -7.31e-07  |g|= 0.000147  |ddm|= 0.0195
  HOMO = -0.329699567176258  LUMO = -0.0429220879725898
Extra cycle  E= -324.330142806026  delta_E= -4.68e-09  |g|= 8.93e-05  |ddm|= 0.0029
SCF not converged.
SCF energy = -324.330142806026 after 1 cycles
 iter: 301:1        |ddm|: 1.609184e+01     Tr[DP]  7.598229e-02

******** <class 'pyscf.mcscf.mc1step.CASSCF'> flags ********
CAS (1e+1e, 2o), ncore = 31, nvir = 286
max_cycle_macro = 50
max_cycle_micro = 4
conv_tol = 1e-07
conv_tol_grad = None
orbital rotation max_stepsize = 0.02
augmented hessian ah_max_cycle = 30
augmented hessian ah_conv_tol = 1e-12
augmented hessian ah_linear dependence = 1e-14
augmented hessian ah_level shift = 0
augmented hessian ah_start_tol = 2.5
augmented hessian ah_start_cycle = 3
augmented hessian ah_grad_trust_region = 3
kf_trust_region = 3
kf_interval = 4
ci_response_space = 4
ci_grad_trust_region = 3
with_dep4 0
natorb = False
canonicalization = True
sorting_mo_energy = False
chkfile = /panfs/roc/scratch/graha682/D105/201711_augccpVDZ_NEVPT2_m06_105_8c12h24/tmpoEgV2k
max_memory 4000 MB (current use 405 MB)
internal_rotation = False
******** <class 'pyscf.fci.direct_spin1.FCISolver'> flags ********
max. cycles = 50
conv_tol = 1e-08
davidson only = False
linear dependence = 1e-10
level shift = 0.001
max iter space = 12
max_memory 4000 MB
nroots = 1
pspace_size = 400
spin = None
CASCI E = -322.39120915371  S^2 = 0.0000000
Set conv_tol_grad to 0.000316228
macro iter 1 (1 JK  1 micro), CASSCF E = -322.39120915371  dE = -1.1368684e-13  S^2 = 0.0000000
               |grad[o]|=1.06e-06  |grad[c]|= 1.65256154667e-14  |ddm|=    0
1-step CASSCF converged in 1 macro (1 JK 1 micro) steps
CASSCF canonicalization
CASSCF energy = -322.39120915371
Hartree-Fock Energy:  -322.39120909597375
CAS Correlation:       -0.00000005773671
CAS Energy:          -322.39120915371046
Sr    (-1)',   E = -0.00000279368578
Si    (+1)',   E = -0.00000024911141
Sijrs (0)  ,   E = -1.02218789301170
Sijr  (+1) ,   E = -0.00269421476662
Srsi  (-1) ,   E = -0.12664164244646
Srs   (-2) ,   E = -0.00594826428748
Sij   (+2) ,   E = -0.00000772400247
Sir   (0)' ,   E = -0.00029691199769
Nevpt2 Energy = -1.157779693309617
NEVPT2 =   -1.157779693309617
Total NEVPT2 = -323.548988847020098

============================== Supermolecular DFT ==============================
  subiter:   1      |ddm|: 3.596289e+01
  subiter:   2      |ddm|: 5.570796e+00
  subiter:   3      |ddm|: 9.915910e-01
  subiter:   4      |ddm|: 2.936974e-01
  subiter:   5      |ddm|: 1.158624e-01
  subiter:   6      |ddm|: 3.897795e-02
  subiter:   7      |ddm|: 1.989292e-02
  subiter:   8      |ddm|: 7.196706e-03
  subiter:   9      |ddm|: 1.831664e-03
  subiter:  10      |ddm|: 1.100255e-03
  subiter:  11      |ddm|: 4.161273e-04
  subiter:  12      |ddm|: 8.579698e-05
  subiter:  13      |ddm|: 1.101653e-05
  subiter:  14      |ddm|: 3.425809e-06
  subiter:  15      |ddm|: 1.594625e-06
  subiter:  16      |ddm|: 6.835040e-07
  subiter:  17      |ddm|: 8.838587e-07
  subiter:  18      |ddm|: 3.775120e-07
  subiter:  19      |ddm|: 1.290419e-07
  subiter:  20      |ddm|: 8.727869e-08
  subiter:  21      |ddm|: 1.078447e-07
  subiter:  22      |ddm|: 6.956909e-08
  subiter:  23      |ddm|: 1.210601e-07
  subiter:  24      |ddm|: 1.417119e-07
  subiter:  25      |ddm|: 1.085107e-07
  subiter:  26      |ddm|: 1.451560e-07
  subiter:  27      |ddm|: 7.216961e-08
  subiter:  28      |ddm|: 7.418041e-08
  subiter:  29      |ddm|: 8.744107e-08
  subiter:  30      |ddm|: 5.849023e-08
  subiter:  31      |ddm|: 1.143706e-07
  subiter:  32      |ddm|: 1.705526e-07
  subiter:  33      |ddm|: 1.676392e-07
  subiter:  34      |ddm|: 1.050370e-07
  subiter:  35      |ddm|: 9.653740e-08
  subiter:  36      |ddm|: 7.820979e-08
  subiter:  37      |ddm|: 1.067364e-07
  subiter:  38      |ddm|: 1.134064e-07
  subiter:  39      |ddm|: 7.312205e-08
  subiter:  40      |ddm|: 1.095161e-07
  subiter:  41      |ddm|: 9.821918e-08
  subiter:  42      |ddm|: 9.444555e-08
  subiter:  43      |ddm|: 7.347097e-08
  subiter:  44      |ddm|: 6.427380e-08
  subiter:  45      |ddm|: 9.797169e-08
  subiter:  46      |ddm|: 9.850826e-08
  subiter:  47      |ddm|: 1.316233e-07
  subiter:  48      |ddm|: 9.890067e-08
  subiter:  49      |ddm|: 7.850780e-08
  subiter:  50      |ddm|: 7.781819e-08
  subiter:  51      |ddm|: 9.465330e-08
  subiter:  52      |ddm|: 9.262649e-08
  subiter:  53      |ddm|: 1.038184e-07
  subiter:  54      |ddm|: 7.948576e-08
  subiter:  55      |ddm|: 8.599721e-08
  subiter:  56      |ddm|: 1.305865e-07
  subiter:  57      |ddm|: 7.023178e-08
  subiter:  58      |ddm|: 9.848611e-08
  subiter:  59      |ddm|: 8.487230e-08
  subiter:  60      |ddm|: 5.843104e-08
  subiter:  61      |ddm|: 6.682980e-08
  subiter:  62      |ddm|: 1.990570e-07
  subiter:  63      |ddm|: 6.406095e-08
  subiter:  64      |ddm|: 6.902570e-08
  subiter:  65      |ddm|: 7.975431e-08
  subiter:  66      |ddm|: 6.076208e-08
  subiter:  67      |ddm|: 8.075146e-08
  subiter:  68      |ddm|: 1.245359e-07
  subiter:  69      |ddm|: 1.611546e-07
  subiter:  70      |ddm|: 5.842123e-08
  subiter:  71      |ddm|: 8.293086e-08
  subiter:  72      |ddm|: 7.013485e-08
  subiter:  73      |ddm|: 7.753311e-08
  subiter:  74      |ddm|: 1.154755e-07
  subiter:  75      |ddm|: 1.193567e-07
  subiter:  76      |ddm|: 9.881376e-08
  subiter:  77      |ddm|: 1.207179e-07
  subiter:  78      |ddm|: 6.111627e-08
  subiter:  79      |ddm|: 1.412079e-07
  subiter:  80      |ddm|: 5.972427e-08
  subiter:  81      |ddm|: 7.927677e-08
  subiter:  82      |ddm|: 9.538493e-08
  subiter:  83      |ddm|: 5.931986e-08
  subiter:  84      |ddm|: 8.270558e-08
  subiter:  85      |ddm|: 1.293643e-07
  subiter:  86      |ddm|: 7.440725e-08
  subiter:  87      |ddm|: 9.142997e-08
  subiter:  88      |ddm|: 1.104093e-07
  subiter:  89      |ddm|: 1.027070e-07
  subiter:  90      |ddm|: 1.231885e-07
  subiter:  91      |ddm|: 8.918032e-08
  subiter:  92      |ddm|: 7.130751e-08
  subiter:  93      |ddm|: 7.609203e-08
  subiter:  94      |ddm|: 9.286106e-08
  subiter:  95      |ddm|: 7.378470e-08
  subiter:  96      |ddm|: 1.179562e-07
  subiter:  97      |ddm|: 6.460267e-08
  subiter:  98      |ddm|: 7.778081e-08
  subiter:  99      |ddm|: 1.048022e-07
  subiter: 100      |ddm|: 6.693251e-08


******** <class 'pyscf.dft.rks.RKS'> flags ********
method = RKS
initial guess = atom
damping factor = 0
level shift factor = 0.0
DIIS = <class 'pyscf.scf.diis.CDIIS'>
DIIS start cycle = 1
DIIS space = 8
SCF tol = 1e-08
SCF gradient tol = 1e-08
max. SCF cycles = 100
direct_scf = True
direct_scf_tol = 1e-13
chkfile to save SCF result = /panfs/roc/scratch/graha682/D105/201711_augccpVDZ_NEVPT2_m06_105_8c12h24/tmpQVrmSb
max_memory 4000 MB (current use 498 MB)
XC functionals = m06
small_rho_cutoff = 1e-20
radial grids: Treutler-Ahlrichs (JCP 102, 346 (M4)) radial grids
becke partition: Becke, JCP, 88, 2547 (1988)
pruning grids: <function nwchem_prune at 0x152b5f0>
grids dens level: 4
symmetrized grids: False
atomic radii adjust function: <function treutler_atomic_radii_adjust at 0x152b488>
init E= -471.2983595401
  HOMO = -0.245821927585645  LUMO = -0.0422161825837525
cycle= 1 E= -471.298359540103  delta_E= -3.18e-12  |g|= 1.7e-09  |ddm|= 5.24e-07
  HOMO = -0.245821927585536  LUMO = -0.0422161825869178
Extra cycle  E= -471.298359540097  delta_E= 5.68e-12  |g|= 2.76e-09  |ddm|= 2.05e-06
converged SCF energy = -471.298359540097
Supermolecular DFT   -471.29835954010082

============================== Embedding Energies ==============================
Subsystem DFT              -324.33014280602492
Interaction                -146.55434242424644
DFT-in-DFT                 -470.88448523027137
Supermolecular DFT         -471.29835954010082
Difference                   -0.41387430982945
Corrected DFT-in-DFT       -471.29835954010082
WF-in-DFT                  -470.10333127126654
Corrected WF-in-DFT        -470.51720558109599
================================================================================
TIMING STATISTICS:
     overlap integrals      0.04s   ( 0.00%)
    initial subsystems      0.16s   ( 0.00%)
           2e matrices  16825.50s   (68.94%)
      tot. embed. of 1  17048.53s   (69.85%)
      tot. embed. of 2      2.28s   ( 0.01%)
       freeze and thaw  17050.85s   (69.86%)
                   cas     40.24s   ( 0.16%)
                nevpt2     37.79s   ( 0.15%)
  interaction energies   7277.12s   (29.82%)
                 TOTAL  24407.52s
================================================================================

********************************************************************************
*                              END OF CALCULATION                              *
********************************************************************************
