********************************************************************************
*                         FREEZE-AND-THAW CALCULATION                          *
********************************************************************************

================================== Input File ==================================
subsystem
C          6.75544       -0.54805        0.01920
C          5.53130        0.33472       -0.12319
H          7.69306        0.01504       -0.10883
H          6.75150       -1.35909       -0.72889
H          6.78922       -1.02576        1.01324
C          4.22651       -0.42296        0.05014
H          5.53396        0.82866       -1.11379
H          5.57146        1.15961        0.61382
C          2.99092        0.44662       -0.09130
H          4.21742       -0.91730        1.04242
H          4.18104       -1.25015       -0.68657
C          1.68737       -0.31082        0.08298
H          2.99973        0.93977       -1.08397
H          3.03684        1.27405        0.64484
C          0.45195        0.55875       -0.06157
H          1.67719       -0.80223        1.07646
H          1.64199       -1.13945       -0.65176
C         -0.85115       -0.19899        0.11503
H          0.46087        1.04857       -1.05578
H          0.49764        1.38844        0.67193
C         -2.08613        0.67126       -0.03308
H         -0.86140       -0.68686        1.11010
H         -0.89639       -1.02968       -0.61714
charge -1
end

subsystem
C         -3.38481       -0.09512        0.14350
H         -2.07555        1.15893       -1.02777
H         -2.04239        1.50080        0.70040
C         -4.61346        0.79317       -0.00483
H         -3.39634       -0.58440        1.13680
H         -3.44253       -0.91813       -0.59381
C         -5.85824       -0.02554        0.23116
H         -4.58147        1.27922       -1.00046
H         -4.55282        1.61728        0.73007
C         -6.51215       -1.05158       -0.35281
H         -6.46726       -2.05743        0.08117
H         -7.11500       -0.96191       -1.27019
H         -5.64608       -0.38668        1.26628
charge +1
end

embed
 huzinaga
 cycles 300
 conv 1e-8
 method m06
end

basis cc-pVTZ
method cas[2,2]/nevpt2
grid 4
conv 1e-8
grad 1e-8
maxiter 100
================================== End Input ===================================
tot grids = 725328

                      Getting subsystem overlap integrals                       

                          Initial subsystem densities                           
Guessing initial subsystem densities
Initial guess from superpostion of atomic densties.
Guessing initial subsystem densities
Initial guess from superpostion of atomic densties.

=========================== Starting Freeze-and-Thaw ===========================
 iter:   1:1        |ddm|: 2.155529e+01     Tr[DP]  8.330209e-01
 iter:   1:2        |ddm|: 2.911701e+00     Tr[DP]  3.673091e-01
 iter:   2:1        |ddm|: 4.225992e+01     Tr[DP]  2.593062e-01
 iter:   2:2        |ddm|: 2.168509e+00     Tr[DP]  2.005570e-01
 iter:   3:1        |ddm|: 4.277662e+01     Tr[DP]  2.000699e-01
 iter:   3:2        |ddm|: 1.472440e+00     Tr[DP]  2.076817e-01
 iter:   4:1        |ddm|: 3.794413e+00     Tr[DP]  1.872534e-01
 iter:   4:2        |ddm|: 4.384637e-01     Tr[DP]  1.687162e-01
 iter:   5:1        |ddm|: 2.147279e+00     Tr[DP]  1.916630e-01
 iter:   5:2        |ddm|: 2.398117e-01     Tr[DP]  1.556501e-01
 iter:   6:1        |ddm|: 1.596423e+00     Tr[DP]  1.926685e-01
 iter:   6:2        |ddm|: 2.059460e-01     Tr[DP]  1.508004e-01
 iter:   7:1        |ddm|: 1.255922e+00     Tr[DP]  1.878009e-01
 iter:   7:2        |ddm|: 1.377619e-01     Tr[DP]  1.457098e-01
 iter:   8:1        |ddm|: 9.784108e-01     Tr[DP]  1.796061e-01
 iter:   8:2        |ddm|: 9.403618e-02     Tr[DP]  1.441183e-01
 iter:   9:1        |ddm|: 7.271508e-01     Tr[DP]  1.709819e-01
 iter:   9:2        |ddm|: 7.125000e-02     Tr[DP]  1.419316e-01
 iter:  10:1        |ddm|: 5.106200e-01     Tr[DP]  1.635554e-01
 iter:  10:2        |ddm|: 6.004566e-02     Tr[DP]  1.383303e-01
 iter:  11:1        |ddm|: 3.731420e-01     Tr[DP]  1.580823e-01
 iter:  11:2        |ddm|: 5.022617e-02     Tr[DP]  1.400279e-01
 iter:  12:1        |ddm|: 3.150122e-01     Tr[DP]  1.534404e-01
 iter:  12:2        |ddm|: 4.537898e-02     Tr[DP]  1.398059e-01
 iter:  13:1        |ddm|: 2.588567e-01     Tr[DP]  1.492556e-01
 iter:  13:2        |ddm|: 3.472422e-02     Tr[DP]  1.372651e-01
 iter:  14:1        |ddm|: 1.872292e-01     Tr[DP]  1.457177e-01
 iter:  14:2        |ddm|: 2.774844e-02     Tr[DP]  1.362087e-01
 iter:  15:1        |ddm|: 1.537125e-01     Tr[DP]  1.427990e-01
 iter:  15:2        |ddm|: 2.422710e-02     Tr[DP]  1.348945e-01
 iter:  16:1        |ddm|: 1.169375e-01     Tr[DP]  1.407196e-01
 iter:  16:2        |ddm|: 2.277355e-02     Tr[DP]  1.350541e-01
 iter:  17:1        |ddm|: 1.045361e-01     Tr[DP]  1.390155e-01
 iter:  17:2        |ddm|: 1.977031e-02     Tr[DP]  1.341084e-01
 iter:  18:1        |ddm|: 9.036490e-02     Tr[DP]  1.374672e-01
 iter:  18:2        |ddm|: 1.802877e-02     Tr[DP]  1.331215e-01
 iter:  19:1        |ddm|: 6.539244e-02     Tr[DP]  1.362178e-01
 iter:  19:2        |ddm|: 1.560873e-02     Tr[DP]  1.327586e-01
 iter:  20:1        |ddm|: 5.958963e-02     Tr[DP]  1.352278e-01
 iter:  20:2        |ddm|: 1.500211e-02     Tr[DP]  1.321821e-01
 iter:  21:1        |ddm|: 5.211281e-02     Tr[DP]  1.343659e-01
 iter:  21:2        |ddm|: 1.461699e-02     Tr[DP]  1.316053e-01
 iter:  22:1        |ddm|: 3.830872e-02     Tr[DP]  1.337687e-01
 iter:  22:2        |ddm|: 1.389868e-02     Tr[DP]  1.315813e-01
 iter:  23:1        |ddm|: 3.820625e-02     Tr[DP]  1.333451e-01
 iter:  23:2        |ddm|: 1.560278e-02     Tr[DP]  1.314916e-01
 iter:  24:1        |ddm|: 3.875020e-02     Tr[DP]  1.329120e-01
 iter:  24:2        |ddm|: 1.452898e-02     Tr[DP]  1.310403e-01
 iter:  25:1        |ddm|: 3.858641e-02     Tr[DP]  1.324511e-01
 iter:  25:2        |ddm|: 1.394485e-02     Tr[DP]  1.305225e-01
 iter:  26:1        |ddm|: 3.272506e-02     Tr[DP]  1.320282e-01
 iter:  26:2        |ddm|: 1.391462e-02     Tr[DP]  1.301949e-01
 iter:  27:1        |ddm|: 3.493094e-02     Tr[DP]  1.315867e-01
 iter:  27:2        |ddm|: 1.330195e-02     Tr[DP]  1.296701e-01
 iter:  28:1        |ddm|: 2.975170e-02     Tr[DP]  1.311605e-01
 iter:  28:2        |ddm|: 1.267307e-02     Tr[DP]  1.292890e-01
 iter:  29:1        |ddm|: 2.845921e-02     Tr[DP]  1.307569e-01
 iter:  29:2        |ddm|: 1.232819e-02     Tr[DP]  1.289090e-01
 iter:  30:1        |ddm|: 2.591088e-02     Tr[DP]  1.303928e-01
 iter:  30:2        |ddm|: 1.196131e-02     Tr[DP]  1.285900e-01
 iter:  31:1        |ddm|: 2.385852e-02     Tr[DP]  1.300726e-01
 iter:  31:2        |ddm|: 1.174345e-02     Tr[DP]  1.283206e-01
 iter:  32:1        |ddm|: 2.265833e-02     Tr[DP]  1.297893e-01
 iter:  32:2        |ddm|: 1.167729e-02     Tr[DP]  1.280771e-01
 iter:  33:1        |ddm|: 2.295035e-02     Tr[DP]  1.295010e-01
 iter:  33:2        |ddm|: 1.160136e-02     Tr[DP]  1.277829e-01
 iter:  34:1        |ddm|: 2.121135e-02     Tr[DP]  1.292464e-01
 iter:  34:2        |ddm|: 1.160365e-02     Tr[DP]  1.275653e-01
 iter:  35:1        |ddm|: 2.241110e-02     Tr[DP]  1.289712e-01
 iter:  35:2        |ddm|: 1.148009e-02     Tr[DP]  1.272535e-01
 iter:  36:1        |ddm|: 2.149518e-02     Tr[DP]  1.286928e-01
 iter:  36:2        |ddm|: 1.128836e-02     Tr[DP]  1.269712e-01
 iter:  37:1        |ddm|: 2.128132e-02     Tr[DP]  1.284199e-01
 iter:  37:2        |ddm|: 1.113845e-02     Tr[DP]  1.266884e-01
 iter:  38:1        |ddm|: 2.064261e-02     Tr[DP]  1.281542e-01
 iter:  38:2        |ddm|: 1.101039e-02     Tr[DP]  1.264127e-01
 iter:  39:1        |ddm|: 2.090471e-02     Tr[DP]  1.278871e-01
 iter:  39:2        |ddm|: 1.076808e-02     Tr[DP]  1.261325e-01
 iter:  40:1        |ddm|: 2.564475e-02     Tr[DP]  1.275127e-01
 iter:  40:2        |ddm|: 1.145076e-02     Tr[DP]  1.257486e-01
 iter:  41:1        |ddm|: 2.548016e-02     Tr[DP]  1.271568e-01
 iter:  41:2        |ddm|: 1.142205e-02     Tr[DP]  1.253716e-01
 iter:  42:1        |ddm|: 4.180850e-02     Tr[DP]  1.273068e-01
 iter:  42:2        |ddm|: 2.143229e-02     Tr[DP]  1.258697e-01
 iter:  43:1        |ddm|: 2.232977e-02     Tr[DP]  1.271389e-01
 iter:  43:2        |ddm|: 1.358902e-02     Tr[DP]  1.254009e-01
 iter:  44:1        |ddm|: 2.385284e-02     Tr[DP]  1.268264e-01
 iter:  44:2        |ddm|: 1.207013e-02     Tr[DP]  1.249229e-01
 iter:  45:1        |ddm|: 2.070195e-02     Tr[DP]  1.265686e-01
 iter:  45:2        |ddm|: 1.262381e-02     Tr[DP]  1.246298e-01
 iter:  46:1        |ddm|: 2.450453e-02     Tr[DP]  1.262022e-01
 iter:  46:2        |ddm|: 1.135134e-02     Tr[DP]  1.241596e-01
 iter:  47:1        |ddm|: 2.111191e-02     Tr[DP]  1.258794e-01
 iter:  47:2        |ddm|: 1.107350e-02     Tr[DP]  1.238372e-01
 iter:  48:1        |ddm|: 2.150779e-02     Tr[DP]  1.255502e-01
 iter:  48:2        |ddm|: 1.088835e-02     Tr[DP]  1.234883e-01
 iter:  49:1        |ddm|: 2.546205e-02     Tr[DP]  1.251512e-01
 iter:  49:2        |ddm|: 1.053155e-02     Tr[DP]  1.230686e-01
 iter:  50:1        |ddm|: 1.799389e-02     Tr[DP]  1.249549e-01
 iter:  50:2        |ddm|: 1.123921e-02     Tr[DP]  1.229547e-01
 iter:  51:1        |ddm|: 2.248724e-02     Tr[DP]  1.246218e-01
 iter:  51:2        |ddm|: 1.053414e-02     Tr[DP]  1.225637e-01
 iter:  52:1        |ddm|: 1.848757e-02     Tr[DP]  1.243483e-01
 iter:  52:2        |ddm|: 1.042175e-02     Tr[DP]  1.223064e-01
 iter:  53:1        |ddm|: 1.832555e-02     Tr[DP]  1.240823e-01
 iter:  53:2        |ddm|: 1.065673e-02     Tr[DP]  1.220310e-01
 iter:  54:1        |ddm|: 1.996761e-02     Tr[DP]  1.237760e-01
 iter:  54:2        |ddm|: 1.034517e-02     Tr[DP]  1.216959e-01
 iter:  55:1        |ddm|: 1.800062e-02     Tr[DP]  1.235071e-01
 iter:  55:2        |ddm|: 1.050027e-02     Tr[DP]  1.214281e-01
 iter:  56:1        |ddm|: 2.291515e-02     Tr[DP]  1.231511e-01
 iter:  56:2        |ddm|: 1.009217e-02     Tr[DP]  1.210379e-01
 iter:  57:1        |ddm|: 1.814177e-02     Tr[DP]  1.228659e-01
 iter:  57:2        |ddm|: 9.698160e-03     Tr[DP]  1.207880e-01
 iter:  58:1        |ddm|: 1.723381e-02     Tr[DP]  1.226123e-01
 iter:  58:2        |ddm|: 9.865920e-03     Tr[DP]  1.205416e-01
 iter:  59:1        |ddm|: 2.231717e-02     Tr[DP]  1.222662e-01
 iter:  59:2        |ddm|: 9.640182e-03     Tr[DP]  1.201911e-01
 iter:  60:1        |ddm|: 1.714327e-02     Tr[DP]  1.221534e-01
 iter:  60:2        |ddm|: 1.160612e-02     Tr[DP]  1.201110e-01
 iter:  61:1        |ddm|: 2.022967e-02     Tr[DP]  1.218432e-01
 iter:  61:2        |ddm|: 1.020121e-02     Tr[DP]  1.197171e-01
 iter:  62:1        |ddm|: 1.633114e-02     Tr[DP]  1.216374e-01
 iter:  62:2        |ddm|: 1.133299e-02     Tr[DP]  1.194818e-01
 iter:  63:1        |ddm|: 1.993619e-02     Tr[DP]  1.213088e-01
 iter:  63:2        |ddm|: 1.046134e-02     Tr[DP]  1.190855e-01
 iter:  64:1        |ddm|: 1.769656e-02     Tr[DP]  1.210206e-01
 iter:  64:2        |ddm|: 1.062725e-02     Tr[DP]  1.187694e-01
 iter:  65:1        |ddm|: 2.087276e-02     Tr[DP]  1.206668e-01
 iter:  65:2        |ddm|: 1.011597e-02     Tr[DP]  1.183818e-01
 iter:  66:1        |ddm|: 2.271354e-02     Tr[DP]  1.202799e-01
 iter:  66:2        |ddm|: 9.607306e-03     Tr[DP]  1.180107e-01
 iter:  67:1        |ddm|: 1.793524e-02     Tr[DP]  1.199814e-01
 iter:  67:2        |ddm|: 9.355975e-03     Tr[DP]  1.177511e-01
 iter:  68:1        |ddm|: 1.550826e-02     Tr[DP]  1.198240e-01
 iter:  68:2        |ddm|: 1.105606e-02     Tr[DP]  1.175762e-01
 iter:  69:1        |ddm|: 1.988423e-02     Tr[DP]  1.194909e-01
 iter:  69:2        |ddm|: 1.021152e-02     Tr[DP]  1.171771e-01
 iter:  70:1        |ddm|: 2.077317e-02     Tr[DP]  1.191305e-01
 iter:  70:2        |ddm|: 9.708366e-03     Tr[DP]  1.168071e-01
 iter:  71:1        |ddm|: 1.937364e-02     Tr[DP]  1.187943e-01
 iter:  71:2        |ddm|: 9.389192e-03     Tr[DP]  1.164941e-01
 iter:  72:1        |ddm|: 1.568499e-02     Tr[DP]  1.185454e-01
 iter:  72:2        |ddm|: 9.739099e-03     Tr[DP]  1.162468e-01
 iter:  73:1        |ddm|: 2.026148e-02     Tr[DP]  1.181981e-01
 iter:  73:2        |ddm|: 9.389779e-03     Tr[DP]  1.159020e-01
 iter:  74:1        |ddm|: 1.646620e-02     Tr[DP]  1.179269e-01
 iter:  74:2        |ddm|: 9.367862e-03     Tr[DP]  1.156342e-01
 iter:  75:1        |ddm|: 1.787902e-02     Tr[DP]  1.176229e-01
 iter:  75:2        |ddm|: 9.262769e-03     Tr[DP]  1.153311e-01
 iter:  76:1        |ddm|: 1.723235e-02     Tr[DP]  1.173264e-01
 iter:  76:2        |ddm|: 9.148513e-03     Tr[DP]  1.150467e-01
 iter:  77:1        |ddm|: 1.640565e-02     Tr[DP]  1.170462e-01
 iter:  77:2        |ddm|: 9.157359e-03     Tr[DP]  1.147747e-01
 iter:  78:1        |ddm|: 1.795802e-02     Tr[DP]  1.167461e-01
 iter:  78:2        |ddm|: 8.983193e-03     Tr[DP]  1.144761e-01
 iter:  79:1        |ddm|: 1.710163e-02     Tr[DP]  1.164566e-01
 iter:  79:2        |ddm|: 8.826214e-03     Tr[DP]  1.142004e-01
 iter:  80:1        |ddm|: 1.527917e-02     Tr[DP]  1.161999e-01
 iter:  80:2        |ddm|: 8.946789e-03     Tr[DP]  1.139418e-01
 iter:  81:1        |ddm|: 1.479498e-02     Tr[DP]  1.159521e-01
 iter:  81:2        |ddm|: 9.150637e-03     Tr[DP]  1.136845e-01
 iter:  82:1        |ddm|: 1.560788e-02     Tr[DP]  1.156848e-01
 iter:  82:2        |ddm|: 9.376626e-03     Tr[DP]  1.133726e-01
 iter:  83:1        |ddm|: 2.069551e-02     Tr[DP]  1.153314e-01
 iter:  83:2        |ddm|: 8.800492e-03     Tr[DP]  1.130270e-01
 iter:  84:1        |ddm|: 1.808149e-02     Tr[DP]  1.152367e-01
 iter:  84:2        |ddm|: 1.201762e-02     Tr[DP]  1.128600e-01
 iter:  85:1        |ddm|: 1.570002e-02     Tr[DP]  1.150221e-01
 iter:  85:2        |ddm|: 1.259993e-02     Tr[DP]  1.124782e-01
 iter:  86:1        |ddm|: 2.337466e-02     Tr[DP]  1.145758e-01
 iter:  86:2        |ddm|: 1.039639e-02     Tr[DP]  1.119544e-01
 iter:  87:1        |ddm|: 2.096540e-02     Tr[DP]  1.141704e-01
 iter:  87:2        |ddm|: 9.833753e-03     Tr[DP]  1.115434e-01
 iter:  88:1        |ddm|: 2.013072e-02     Tr[DP]  1.137878e-01
 iter:  88:2        |ddm|: 9.558401e-03     Tr[DP]  1.111734e-01
 iter:  89:1        |ddm|: 2.184264e-02     Tr[DP]  1.133990e-01
 iter:  89:2        |ddm|: 9.189777e-03     Tr[DP]  1.108190e-01
 iter:  90:1        |ddm|: 2.397889e-02     Tr[DP]  1.129936e-01
 iter:  90:2        |ddm|: 8.821244e-03     Tr[DP]  1.104934e-01
 iter:  91:1        |ddm|: 1.345395e-02     Tr[DP]  1.127927e-01
 iter:  91:2        |ddm|: 9.402820e-03     Tr[DP]  1.102994e-01
 iter:  92:1        |ddm|: 1.566664e-02     Tr[DP]  1.125079e-01
 iter:  92:2        |ddm|: 9.514971e-03     Tr[DP]  1.099770e-01
 iter:  93:1        |ddm|: 1.418213e-02     Tr[DP]  1.122891e-01
 iter:  93:2        |ddm|: 1.074535e-02     Tr[DP]  1.096705e-01
 iter:  94:1        |ddm|: 1.602742e-02     Tr[DP]  1.119850e-01
 iter:  94:2        |ddm|: 1.090252e-02     Tr[DP]  1.092668e-01
 iter:  95:1        |ddm|: 2.158427e-02     Tr[DP]  1.115693e-01
 iter:  95:2        |ddm|: 1.000686e-02     Tr[DP]  1.088101e-01
 iter:  96:1        |ddm|: 1.643857e-02     Tr[DP]  1.112584e-01
 iter:  96:2        |ddm|: 1.064309e-02     Tr[DP]  1.084462e-01
 iter:  97:1        |ddm|: 1.860511e-02     Tr[DP]  1.108863e-01
 iter:  97:2        |ddm|: 1.068277e-02     Tr[DP]  1.080197e-01
 iter:  98:1        |ddm|: 2.002082e-02     Tr[DP]  1.104905e-01
 iter:  98:2        |ddm|: 1.028003e-02     Tr[DP]  1.075969e-01
 iter:  99:1        |ddm|: 1.778926e-02     Tr[DP]  1.101388e-01
 iter:  99:2        |ddm|: 1.058414e-02     Tr[DP]  1.072039e-01
 iter: 100:1        |ddm|: 2.335745e-02     Tr[DP]  1.096975e-01
 iter: 100:2        |ddm|: 1.000213e-02     Tr[DP]  1.067685e-01
 iter: 101:1        |ddm|: 2.120654e-02     Tr[DP]  1.092962e-01
 iter: 101:2        |ddm|: 9.678314e-03     Tr[DP]  1.064005e-01
 iter: 102:1        |ddm|: 1.673686e-02     Tr[DP]  1.089749e-01
 iter: 102:2        |ddm|: 1.002694e-02     Tr[DP]  1.060697e-01
 iter: 103:1        |ddm|: 2.246595e-02     Tr[DP]  1.085664e-01
 iter: 103:2        |ddm|: 9.626827e-03     Tr[DP]  1.056823e-01
 iter: 104:1        |ddm|: 1.774515e-02     Tr[DP]  1.082304e-01
 iter: 104:2        |ddm|: 9.590098e-03     Tr[DP]  1.053592e-01
 iter: 105:1        |ddm|: 1.842330e-02     Tr[DP]  1.078854e-01
 iter: 105:2        |ddm|: 9.586234e-03     Tr[DP]  1.050170e-01
 iter: 106:1        |ddm|: 2.123561e-02     Tr[DP]  1.075069e-01
 iter: 106:2        |ddm|: 9.270815e-03     Tr[DP]  1.046710e-01
 iter: 107:1        |ddm|: 2.327797e-02     Tr[DP]  1.071184e-01
 iter: 107:2        |ddm|: 8.890749e-03     Tr[DP]  1.043590e-01
 iter: 108:1        |ddm|: 1.320287e-02     Tr[DP]  1.069057e-01
 iter: 108:2        |ddm|: 9.722904e-03     Tr[DP]  1.041205e-01
 iter: 109:1        |ddm|: 1.385715e-02     Tr[DP]  1.066859e-01
 iter: 109:2        |ddm|: 1.114684e-02     Tr[DP]  1.037804e-01
 iter: 110:1        |ddm|: 1.999186e-02     Tr[DP]  1.062964e-01
 iter: 110:2        |ddm|: 1.017647e-02     Tr[DP]  1.033254e-01
 iter: 111:1        |ddm|: 1.975569e-02     Tr[DP]  1.059070e-01
 iter: 111:2        |ddm|: 9.847506e-03     Tr[DP]  1.029213e-01
 iter: 112:1        |ddm|: 1.620040e-02     Tr[DP]  1.055785e-01
 iter: 112:2        |ddm|: 1.034647e-02     Tr[DP]  1.025466e-01
 iter: 113:1        |ddm|: 2.021746e-02     Tr[DP]  1.051813e-01
 iter: 113:2        |ddm|: 1.000467e-02     Tr[DP]  1.021313e-01
 iter: 114:1        |ddm|: 2.331458e-02     Tr[DP]  1.047547e-01
 iter: 114:2        |ddm|: 9.438509e-03     Tr[DP]  1.017443e-01
 iter: 115:1        |ddm|: 2.063668e-02     Tr[DP]  1.043755e-01
 iter: 115:2        |ddm|: 9.162615e-03     Tr[DP]  1.014159e-01
 iter: 116:1        |ddm|: 1.475636e-02     Tr[DP]  1.040888e-01
 iter: 116:2        |ddm|: 9.722115e-03     Tr[DP]  1.011099e-01
 iter: 117:1        |ddm|: 1.421098e-02     Tr[DP]  1.038144e-01
 iter: 117:2        |ddm|: 1.066711e-02     Tr[DP]  1.007413e-01
 iter: 118:1        |ddm|: 2.035418e-02     Tr[DP]  1.034135e-01
 iter: 118:2        |ddm|: 1.010802e-02     Tr[DP]  1.002976e-01
 iter: 119:1        |ddm|: 2.202188e-02     Tr[DP]  1.029884e-01
 iter: 119:2        |ddm|: 9.608992e-03     Tr[DP]  9.989339e-02
 iter: 120:1        |ddm|: 2.776364e-02     Tr[DP]  1.025318e-01
 iter: 120:2        |ddm|: 9.059415e-03     Tr[DP]  9.953864e-02
 iter: 121:1        |ddm|: 4.259294e-02     Tr[DP]  1.026093e-01
 iter: 121:2        |ddm|: 1.689433e-02     Tr[DP]  9.927479e-02
 iter: 122:1        |ddm|: 3.647961e-02     Tr[DP]  1.019887e-01
 iter: 122:2        |ddm|: 1.139197e-02     Tr[DP]  9.855700e-02
 iter: 123:1        |ddm|: 2.639638e-02     Tr[DP]  1.014690e-01
 iter: 123:2        |ddm|: 1.015753e-02     Tr[DP]  9.810023e-02
 iter: 124:1        |ddm|: 1.869212e-02     Tr[DP]  1.010773e-01
 iter: 124:2        |ddm|: 1.040878e-02     Tr[DP]  9.770693e-02
 iter: 125:1        |ddm|: 2.169792e-02     Tr[DP]  1.006519e-01
 iter: 125:2        |ddm|: 1.025262e-02     Tr[DP]  9.728313e-02
 iter: 126:1        |ddm|: 1.594983e-02     Tr[DP]  1.003518e-01
 iter: 126:2        |ddm|: 1.173667e-02     Tr[DP]  9.687735e-02
 iter: 127:1        |ddm|: 4.105218e-02     Tr[DP]  9.974439e-02
 iter: 127:2        |ddm|: 1.034106e-02     Tr[DP]  9.637160e-02
 iter: 128:1        |ddm|: 1.760115e-02     Tr[DP]  9.938543e-02
 iter: 128:2        |ddm|: 9.712040e-03     Tr[DP]  9.608185e-02
 iter: 129:1        |ddm|: 1.572906e-02     Tr[DP]  9.912638e-02
 iter: 129:2        |ddm|: 1.168738e-02     Tr[DP]  9.572404e-02
 iter: 130:1        |ddm|: 1.936882e-02     Tr[DP]  9.873208e-02
 iter: 130:2        |ddm|: 1.098242e-02     Tr[DP]  9.523719e-02
 iter: 131:1        |ddm|: 2.291308e-02     Tr[DP]  9.828196e-02
 iter: 131:2        |ddm|: 1.055942e-02     Tr[DP]  9.476804e-02
 iter: 132:1        |ddm|: 2.596481e-02     Tr[DP]  9.781041e-02
 iter: 132:2        |ddm|: 9.974855e-03     Tr[DP]  9.434382e-02
 iter: 133:1        |ddm|: 2.345325e-02     Tr[DP]  9.738188e-02
 iter: 133:2        |ddm|: 9.682055e-03     Tr[DP]  9.398589e-02
 iter: 134:1        |ddm|: 3.497025e-02     Tr[DP]  9.689289e-02
 iter: 134:2        |ddm|: 9.368883e-03     Tr[DP]  9.366778e-02
 iter: 135:1        |ddm|: 3.131236e-02     Tr[DP]  9.648038e-02
 iter: 135:2        |ddm|: 8.684726e-03     Tr[DP]  9.347736e-02
 iter: 136:1        |ddm|: 5.301889e-02     Tr[DP]  9.662749e-02
 iter: 136:2        |ddm|: 1.634703e-02     Tr[DP]  9.327851e-02
 iter: 137:1        |ddm|: 2.188327e-02     Tr[DP]  9.621013e-02
 iter: 137:2        |ddm|: 1.216571e-02     Tr[DP]  9.260304e-02
 iter: 138:1        |ddm|: 2.622630e-02     Tr[DP]  9.568839e-02
 iter: 138:2        |ddm|: 1.099499e-02     Tr[DP]  9.203777e-02
 iter: 139:1        |ddm|: 2.114472e-02     Tr[DP]  9.523575e-02
 iter: 139:2        |ddm|: 1.098643e-02     Tr[DP]  9.155482e-02
 iter: 140:1        |ddm|: 2.483200e-02     Tr[DP]  9.475331e-02
 iter: 140:2        |ddm|: 1.047326e-02     Tr[DP]  9.108434e-02
 iter: 141:1        |ddm|: 1.698493e-02     Tr[DP]  9.437870e-02
 iter: 141:2        |ddm|: 1.142850e-02     Tr[DP]  9.064175e-02
 iter: 142:1        |ddm|: 3.083481e-02     Tr[DP]  9.385111e-02
 iter: 142:2        |ddm|: 1.035121e-02     Tr[DP]  9.016252e-02
 iter: 143:1        |ddm|: 2.269202e-02     Tr[DP]  9.339931e-02
 iter: 143:2        |ddm|: 1.010579e-02     Tr[DP]  8.979077e-02
 iter: 144:1        |ddm|: 1.661160e-02     Tr[DP]  9.305327e-02
 iter: 144:2        |ddm|: 1.037872e-02     Tr[DP]  8.942838e-02
 iter: 145:1        |ddm|: 1.653584e-02     Tr[DP]  9.270005e-02
 iter: 145:2        |ddm|: 1.141913e-02     Tr[DP]  8.897839e-02
 iter: 146:1        |ddm|: 2.064623e-02     Tr[DP]  9.240141e-02
 iter: 146:2        |ddm|: 1.380999e-02     Tr[DP]  8.845307e-02
 iter: 147:1        |ddm|: 3.085205e-02     Tr[DP]  9.184860e-02
 iter: 147:2        |ddm|: 1.159884e-02     Tr[DP]  8.781576e-02
 iter: 148:1        |ddm|: 2.173090e-02     Tr[DP]  9.137417e-02
 iter: 148:2        |ddm|: 1.176842e-02     Tr[DP]  8.729891e-02
 iter: 149:1        |ddm|: 2.324827e-02     Tr[DP]  9.088664e-02
 iter: 149:2        |ddm|: 1.192720e-02     Tr[DP]  8.676634e-02
 iter: 150:1        |ddm|: 2.650839e-02     Tr[DP]  9.037016e-02
 iter: 150:2        |ddm|: 1.144867e-02     Tr[DP]  8.624973e-02
 iter: 151:1        |ddm|: 3.184384e-02     Tr[DP]  8.982920e-02
 iter: 151:2        |ddm|: 1.079303e-02     Tr[DP]  8.579237e-02
 iter: 152:1        |ddm|: 1.953052e-02     Tr[DP]  8.941095e-02
 iter: 152:2        |ddm|: 1.113034e-02     Tr[DP]  8.539246e-02
 iter: 153:1        |ddm|: 2.298879e-02     Tr[DP]  8.896741e-02
 iter: 153:2        |ddm|: 1.104433e-02     Tr[DP]  8.494501e-02
 iter: 154:1        |ddm|: 2.523161e-02     Tr[DP]  8.850270e-02
 iter: 154:2        |ddm|: 1.074053e-02     Tr[DP]  8.451533e-02
 iter: 155:1        |ddm|: 2.164719e-02     Tr[DP]  8.807453e-02
 iter: 155:2        |ddm|: 1.077482e-02     Tr[DP]  8.410887e-02
 iter: 156:1        |ddm|: 2.383144e-02     Tr[DP]  8.763533e-02
 iter: 156:2        |ddm|: 1.057561e-02     Tr[DP]  8.369858e-02
 iter: 157:1        |ddm|: 2.178520e-02     Tr[DP]  8.734353e-02
 iter: 157:2        |ddm|: 1.326881e-02     Tr[DP]  8.325119e-02
 iter: 158:1        |ddm|: 3.502125e-02     Tr[DP]  8.681080e-02
 iter: 158:2        |ddm|: 1.120475e-02     Tr[DP]  8.269564e-02
 iter: 159:1        |ddm|: 2.629632e-02     Tr[DP]  8.631790e-02
 iter: 159:2        |ddm|: 1.067321e-02     Tr[DP]  8.227857e-02
 iter: 160:1        |ddm|: 2.418811e-02     Tr[DP]  8.587138e-02
 iter: 160:2        |ddm|: 1.052049e-02     Tr[DP]  8.188555e-02
 iter: 161:1        |ddm|: 2.500931e-02     Tr[DP]  8.543135e-02
 iter: 161:2        |ddm|: 1.027944e-02     Tr[DP]  8.150706e-02
 iter: 162:1        |ddm|: 1.785085e-02     Tr[DP]  8.505632e-02
 iter: 162:2        |ddm|: 1.078621e-02     Tr[DP]  8.112858e-02
 iter: 163:1        |ddm|: 1.901460e-02     Tr[DP]  8.466628e-02
 iter: 163:2        |ddm|: 1.094773e-02     Tr[DP]  8.069539e-02
 iter: 164:1        |ddm|: 1.897090e-02     Tr[DP]  8.426586e-02
 iter: 164:2        |ddm|: 1.127506e-02     Tr[DP]  8.023715e-02
 iter: 165:1        |ddm|: 2.954839e-02     Tr[DP]  8.378368e-02
 iter: 165:2        |ddm|: 1.053707e-02     Tr[DP]  7.978444e-02
 iter: 166:1        |ddm|: 2.422177e-02     Tr[DP]  8.333552e-02
 iter: 166:2        |ddm|: 1.023774e-02     Tr[DP]  7.940377e-02
 iter: 167:1        |ddm|: 2.154599e-02     Tr[DP]  8.292614e-02
 iter: 167:2        |ddm|: 1.027033e-02     Tr[DP]  7.903361e-02
 iter: 168:1        |ddm|: 2.379687e-02     Tr[DP]  8.251153e-02
 iter: 168:2        |ddm|: 1.001008e-02     Tr[DP]  7.866608e-02
 iter: 169:1        |ddm|: 1.831954e-02     Tr[DP]  8.213918e-02
 iter: 169:2        |ddm|: 1.035264e-02     Tr[DP]  7.829774e-02
 iter: 170:1        |ddm|: 1.698542e-02     Tr[DP]  8.180314e-02
 iter: 170:2        |ddm|: 1.139230e-02     Tr[DP]  7.786621e-02
 iter: 171:1        |ddm|: 1.950703e-02     Tr[DP]  8.145545e-02
 iter: 171:2        |ddm|: 1.259216e-02     Tr[DP]  7.734289e-02
 iter: 172:1        |ddm|: 2.390013e-02     Tr[DP]  8.100065e-02
 iter: 172:2        |ddm|: 1.204376e-02     Tr[DP]  7.676160e-02
 iter: 173:1        |ddm|: 2.126634e-02     Tr[DP]  8.055705e-02
 iter: 173:2        |ddm|: 1.273145e-02     Tr[DP]  7.620160e-02
 iter: 174:1        |ddm|: 3.264321e-02     Tr[DP]  8.002591e-02
 iter: 174:2        |ddm|: 1.164558e-02     Tr[DP]  7.564916e-02
 iter: 175:1        |ddm|: 3.131212e-02     Tr[DP]  7.949460e-02
 iter: 175:2        |ddm|: 1.104359e-02     Tr[DP]  7.519821e-02
 iter: 176:1        |ddm|: 2.498368e-02     Tr[DP]  7.902716e-02
 iter: 176:2        |ddm|: 1.095524e-02     Tr[DP]  7.479396e-02
 iter: 177:1        |ddm|: 2.408163e-02     Tr[DP]  7.858490e-02
 iter: 177:2        |ddm|: 1.091427e-02     Tr[DP]  7.438828e-02
 iter: 178:1        |ddm|: 2.488388e-02     Tr[DP]  7.814405e-02
 iter: 178:2        |ddm|: 1.073239e-02     Tr[DP]  7.399031e-02
 iter: 179:1        |ddm|: 2.781872e-02     Tr[DP]  7.769534e-02
 iter: 179:2        |ddm|: 1.033896e-02     Tr[DP]  7.362088e-02
 iter: 180:1        |ddm|: 2.060392e-02     Tr[DP]  7.729707e-02
 iter: 180:2        |ddm|: 1.051212e-02     Tr[DP]  7.326770e-02
 iter: 181:1        |ddm|: 2.088751e-02     Tr[DP]  7.690941e-02
 iter: 181:2        |ddm|: 1.060197e-02     Tr[DP]  7.288257e-02
 iter: 182:1        |ddm|: 2.369465e-02     Tr[DP]  7.649931e-02
 iter: 182:2        |ddm|: 1.037823e-02     Tr[DP]  7.249729e-02
 iter: 183:1        |ddm|: 2.519685e-02     Tr[DP]  7.608089e-02
 iter: 183:2        |ddm|: 1.006648e-02     Tr[DP]  7.213926e-02
 iter: 184:1        |ddm|: 2.379418e-02     Tr[DP]  7.567768e-02
 iter: 184:2        |ddm|: 9.856078e-03     Tr[DP]  7.180695e-02
 iter: 185:1        |ddm|: 1.809806e-02     Tr[DP]  7.532594e-02
 iter: 185:2        |ddm|: 1.043763e-02     Tr[DP]  7.145967e-02
 iter: 186:1        |ddm|: 2.553756e-02     Tr[DP]  7.493478e-02
 iter: 186:2        |ddm|: 9.848611e-03     Tr[DP]  7.108946e-02
 iter: 187:1        |ddm|: 2.465787e-02     Tr[DP]  7.453232e-02
 iter: 187:2        |ddm|: 9.536907e-03     Tr[DP]  7.077011e-02
 iter: 188:1        |ddm|: 1.787478e-02     Tr[DP]  7.418699e-02
 iter: 188:2        |ddm|: 1.002149e-02     Tr[DP]  7.044469e-02
 iter: 189:1        |ddm|: 1.866437e-02     Tr[DP]  7.384393e-02
 iter: 189:2        |ddm|: 1.014192e-02     Tr[DP]  7.007210e-02
 iter: 190:1        |ddm|: 1.825490e-02     Tr[DP]  7.349826e-02
 iter: 190:2        |ddm|: 1.067728e-02     Tr[DP]  6.967411e-02
 iter: 191:1        |ddm|: 2.725167e-02     Tr[DP]  7.309379e-02
 iter: 191:2        |ddm|: 9.845080e-03     Tr[DP]  6.928061e-02
 iter: 192:1        |ddm|: 1.943165e-02     Tr[DP]  7.271925e-02
 iter: 192:2        |ddm|: 1.020493e-02     Tr[DP]  6.892978e-02
 iter: 193:1        |ddm|: 3.193890e-02     Tr[DP]  7.245862e-02
 iter: 193:2        |ddm|: 1.383018e-02     Tr[DP]  6.846866e-02
 iter: 194:1        |ddm|: 4.553324e-02     Tr[DP]  7.200919e-02
 iter: 194:2        |ddm|: 1.075864e-02     Tr[DP]  6.796460e-02
 iter: 195:1        |ddm|: 2.592362e-02     Tr[DP]  7.154441e-02
 iter: 195:2        |ddm|: 1.012803e-02     Tr[DP]  6.762887e-02
 iter: 196:1        |ddm|: 3.372095e-02     Tr[DP]  7.126056e-02
 iter: 196:2        |ddm|: 1.409188e-02     Tr[DP]  6.719121e-02
 iter: 197:1        |ddm|: 4.028266e-02     Tr[DP]  7.084124e-02
 iter: 197:2        |ddm|: 1.111199e-02     Tr[DP]  6.666741e-02
 iter: 198:1        |ddm|: 3.577663e-02     Tr[DP]  7.034447e-02
 iter: 198:2        |ddm|: 1.015684e-02     Tr[DP]  6.632196e-02
 iter: 199:1        |ddm|: 2.484286e-02     Tr[DP]  6.993448e-02
 iter: 199:2        |ddm|: 1.001966e-02     Tr[DP]  6.603123e-02
 iter: 200:1        |ddm|: 2.444740e-02     Tr[DP]  6.956023e-02
 iter: 200:2        |ddm|: 9.781908e-03     Tr[DP]  6.573572e-02
 iter: 201:1        |ddm|: 2.339915e-02     Tr[DP]  6.919737e-02
 iter: 201:2        |ddm|: 9.614499e-03     Tr[DP]  6.545039e-02
 iter: 202:1        |ddm|: 2.380972e-02     Tr[DP]  6.884162e-02
 iter: 202:2        |ddm|: 9.341772e-03     Tr[DP]  6.517631e-02
 iter: 203:1        |ddm|: 2.373431e-02     Tr[DP]  6.849271e-02
 iter: 203:2        |ddm|: 9.054931e-03     Tr[DP]  6.492106e-02
 iter: 204:1        |ddm|: 3.225541e-02     Tr[DP]  6.812489e-02
 iter: 204:2        |ddm|: 8.439042e-03     Tr[DP]  6.471614e-02
 iter: 205:1        |ddm|: 2.875347e-02     Tr[DP]  6.787939e-02
 iter: 205:2        |ddm|: 1.090064e-02     Tr[DP]  6.447028e-02
 iter: 206:1        |ddm|: 2.486558e-02     Tr[DP]  6.760235e-02
 iter: 206:2        |ddm|: 9.137767e-03     Tr[DP]  6.412484e-02
 iter: 207:1        |ddm|: 1.928352e-02     Tr[DP]  6.727205e-02
 iter: 207:2        |ddm|: 9.311678e-03     Tr[DP]  6.383759e-02
 iter: 208:1        |ddm|: 2.370195e-02     Tr[DP]  6.695051e-02
 iter: 208:2        |ddm|: 8.812595e-03     Tr[DP]  6.355843e-02
 iter: 209:1        |ddm|: 1.790907e-02     Tr[DP]  6.666214e-02
 iter: 209:2        |ddm|: 9.784415e-03     Tr[DP]  6.327731e-02
 iter: 210:1        |ddm|: 2.111850e-02     Tr[DP]  6.636956e-02
 iter: 210:2        |ddm|: 9.221207e-03     Tr[DP]  6.296181e-02
 iter: 211:1        |ddm|: 2.197999e-02     Tr[DP]  6.604730e-02
 iter: 211:2        |ddm|: 8.999909e-03     Tr[DP]  6.267894e-02
 iter: 212:1        |ddm|: 1.958073e-02     Tr[DP]  6.574028e-02
 iter: 212:2        |ddm|: 9.092121e-03     Tr[DP]  6.240936e-02
 iter: 213:1        |ddm|: 1.937168e-02     Tr[DP]  6.547714e-02
 iter: 213:2        |ddm|: 1.050956e-02     Tr[DP]  6.209189e-02
 iter: 214:1        |ddm|: 2.307479e-02     Tr[DP]  6.518761e-02
 iter: 214:2        |ddm|: 9.646645e-03     Tr[DP]  6.174623e-02
 iter: 215:1        |ddm|: 2.341229e-02     Tr[DP]  6.485742e-02
 iter: 215:2        |ddm|: 9.325870e-03     Tr[DP]  6.145237e-02
 iter: 216:1        |ddm|: 2.049572e-02     Tr[DP]  6.454684e-02
 iter: 216:2        |ddm|: 9.416731e-03     Tr[DP]  6.117544e-02
 iter: 217:1        |ddm|: 2.843009e-02     Tr[DP]  6.422926e-02
 iter: 217:2        |ddm|: 8.551603e-03     Tr[DP]  6.092972e-02
 iter: 218:1        |ddm|: 2.375252e-02     Tr[DP]  6.390924e-02
 iter: 218:2        |ddm|: 8.199596e-03     Tr[DP]  6.073971e-02
 iter: 219:1        |ddm|: 2.112425e-02     Tr[DP]  6.362715e-02
 iter: 219:2        |ddm|: 8.006205e-03     Tr[DP]  6.055726e-02
 iter: 220:1        |ddm|: 2.006380e-02     Tr[DP]  6.336232e-02
 iter: 220:2        |ddm|: 7.818715e-03     Tr[DP]  6.037669e-02
 iter: 221:1        |ddm|: 1.842369e-02     Tr[DP]  6.310939e-02
 iter: 221:2        |ddm|: 7.772428e-03     Tr[DP]  6.019351e-02
 iter: 222:1        |ddm|: 1.694311e-02     Tr[DP]  6.286799e-02
 iter: 222:2        |ddm|: 7.901343e-03     Tr[DP]  5.999711e-02
 iter: 223:1        |ddm|: 1.860172e-02     Tr[DP]  6.262987e-02
 iter: 223:2        |ddm|: 7.630225e-03     Tr[DP]  5.979978e-02
 iter: 224:1        |ddm|: 1.885116e-02     Tr[DP]  6.238474e-02
 iter: 224:2        |ddm|: 7.409859e-03     Tr[DP]  5.961774e-02
 iter: 225:1        |ddm|: 1.963709e-02     Tr[DP]  6.214585e-02
 iter: 225:2        |ddm|: 7.096199e-03     Tr[DP]  5.945654e-02
 iter: 226:1        |ddm|: 1.968222e-02     Tr[DP]  6.191631e-02
 iter: 226:2        |ddm|: 6.782041e-03     Tr[DP]  5.931493e-02
 iter: 227:1        |ddm|: 1.811068e-02     Tr[DP]  6.169135e-02
 iter: 227:2        |ddm|: 6.567802e-03     Tr[DP]  5.918405e-02
 iter: 228:1        |ddm|: 1.770082e-02     Tr[DP]  6.148267e-02
 iter: 228:2        |ddm|: 6.325622e-03     Tr[DP]  5.905971e-02
 iter: 229:1        |ddm|: 1.825884e-02     Tr[DP]  6.129959e-02
 iter: 229:2        |ddm|: 7.914093e-03     Tr[DP]  5.888582e-02
 iter: 230:1        |ddm|: 1.451763e-02     Tr[DP]  6.114581e-02
 iter: 230:2        |ddm|: 7.615456e-03     Tr[DP]  5.865650e-02
 iter: 231:1        |ddm|: 1.612407e-02     Tr[DP]  6.094699e-02
 iter: 231:2        |ddm|: 7.473625e-03     Tr[DP]  5.843865e-02
 iter: 232:1        |ddm|: 4.525483e-02     Tr[DP]  6.081422e-02
 iter: 232:2        |ddm|: 1.401069e-02     Tr[DP]  5.809050e-02
 iter: 233:1        |ddm|: 4.574967e-02     Tr[DP]  6.063390e-02
 iter: 233:2        |ddm|: 8.474071e-03     Tr[DP]  5.775881e-02
 iter: 234:1        |ddm|: 2.677900e-02     Tr[DP]  6.030841e-02
 iter: 234:2        |ddm|: 7.592789e-03     Tr[DP]  5.759075e-02
 iter: 235:1        |ddm|: 2.090691e-02     Tr[DP]  6.006356e-02
 iter: 235:2        |ddm|: 7.310595e-03     Tr[DP]  5.744146e-02
 iter: 236:1        |ddm|: 1.977151e-02     Tr[DP]  5.984077e-02
 iter: 236:2        |ddm|: 6.936158e-03     Tr[DP]  5.730398e-02
 iter: 237:1        |ddm|: 1.711371e-02     Tr[DP]  5.963213e-02
 iter: 237:2        |ddm|: 6.928841e-03     Tr[DP]  5.716656e-02
 iter: 238:1        |ddm|: 1.526040e-02     Tr[DP]  5.944692e-02
 iter: 238:2        |ddm|: 7.323845e-03     Tr[DP]  5.700498e-02
 iter: 239:1        |ddm|: 1.588094e-02     Tr[DP]  5.926760e-02
 iter: 239:2        |ddm|: 7.147802e-03     Tr[DP]  5.683521e-02
 iter: 240:1        |ddm|: 1.717973e-02     Tr[DP]  5.907644e-02
 iter: 240:2        |ddm|: 6.862079e-03     Tr[DP]  5.668092e-02
 iter: 241:1        |ddm|: 1.803596e-02     Tr[DP]  5.888271e-02
 iter: 241:2        |ddm|: 6.491707e-03     Tr[DP]  5.654864e-02
 iter: 242:1        |ddm|: 1.481850e-02     Tr[DP]  5.870100e-02
 iter: 242:2        |ddm|: 6.966147e-03     Tr[DP]  5.640701e-02
 iter: 243:1        |ddm|: 1.901197e-02     Tr[DP]  5.853218e-02
 iter: 243:2        |ddm|: 6.201950e-03     Tr[DP]  5.628005e-02
 iter: 244:1        |ddm|: 1.700371e-02     Tr[DP]  5.834275e-02
 iter: 244:2        |ddm|: 5.994048e-03     Tr[DP]  5.617950e-02
 iter: 245:1        |ddm|: 1.539806e-02     Tr[DP]  5.817336e-02
 iter: 245:2        |ddm|: 5.862236e-03     Tr[DP]  5.608132e-02
 iter: 246:1        |ddm|: 1.523955e-02     Tr[DP]  5.801433e-02
 iter: 246:2        |ddm|: 5.644097e-03     Tr[DP]  5.598614e-02
 iter: 247:1        |ddm|: 1.316604e-02     Tr[DP]  5.786482e-02
 iter: 247:2        |ddm|: 6.087751e-03     Tr[DP]  5.587374e-02
 iter: 248:1        |ddm|: 1.294293e-02     Tr[DP]  5.773398e-02
 iter: 248:2        |ddm|: 5.993433e-03     Tr[DP]  5.574549e-02
 iter: 249:1        |ddm|: 1.568276e-02     Tr[DP]  5.758611e-02
 iter: 249:2        |ddm|: 5.503230e-03     Tr[DP]  5.563969e-02
 iter: 250:1        |ddm|: 1.368784e-02     Tr[DP]  5.744438e-02
 iter: 250:2        |ddm|: 6.487971e-03     Tr[DP]  5.551091e-02
 iter: 251:1        |ddm|: 1.514976e-02     Tr[DP]  5.732090e-02
 iter: 251:2        |ddm|: 5.663009e-03     Tr[DP]  5.538856e-02
 iter: 252:1        |ddm|: 1.383832e-02     Tr[DP]  5.717040e-02
 iter: 252:2        |ddm|: 5.651620e-03     Tr[DP]  5.528319e-02
 iter: 253:1        |ddm|: 1.348362e-02     Tr[DP]  5.703323e-02
 iter: 253:2        |ddm|: 5.541203e-03     Tr[DP]  5.517976e-02
 iter: 254:1        |ddm|: 1.498553e-02     Tr[DP]  5.689616e-02
 iter: 254:2        |ddm|: 5.138002e-03     Tr[DP]  5.509469e-02
 iter: 255:1        |ddm|: 1.229539e-02     Tr[DP]  5.676070e-02
 iter: 255:2        |ddm|: 5.623598e-03     Tr[DP]  5.499724e-02
 iter: 256:1        |ddm|: 1.284547e-02     Tr[DP]  5.664618e-02
 iter: 256:2        |ddm|: 5.203121e-03     Tr[DP]  5.489895e-02
 iter: 257:1        |ddm|: 1.326039e-02     Tr[DP]  5.651691e-02
 iter: 257:2        |ddm|: 4.998739e-03     Tr[DP]  5.481605e-02
 iter: 258:1        |ddm|: 1.297718e-02     Tr[DP]  5.639245e-02
 iter: 258:2        |ddm|: 4.828214e-03     Tr[DP]  5.474098e-02
 iter: 259:1        |ddm|: 1.185304e-02     Tr[DP]  5.627430e-02
 iter: 259:2        |ddm|: 4.830141e-03     Tr[DP]  5.466455e-02
 iter: 260:1        |ddm|: 1.298290e-02     Tr[DP]  5.616221e-02
 iter: 260:2        |ddm|: 4.476400e-03     Tr[DP]  5.459940e-02
 iter: 261:1        |ddm|: 1.278541e-02     Tr[DP]  5.604666e-02
 iter: 261:2        |ddm|: 4.263727e-03     Tr[DP]  5.454813e-02
 iter: 262:1        |ddm|: 1.099355e-02     Tr[DP]  5.593752e-02
 iter: 262:2        |ddm|: 4.865488e-03     Tr[DP]  5.447546e-02
 iter: 263:1        |ddm|: 9.835618e-03     Tr[DP]  5.585540e-02
 iter: 263:2        |ddm|: 4.853653e-03     Tr[DP]  5.437961e-02
 iter: 264:1        |ddm|: 1.026268e-02     Tr[DP]  5.576350e-02
 iter: 264:2        |ddm|: 4.916087e-03     Tr[DP]  5.428214e-02
 iter: 265:1        |ddm|: 1.127634e-02     Tr[DP]  5.566766e-02
 iter: 265:2        |ddm|: 4.657345e-03     Tr[DP]  5.419625e-02
 iter: 266:1        |ddm|: 1.110858e-02     Tr[DP]  5.556534e-02
 iter: 266:2        |ddm|: 4.559610e-03     Tr[DP]  5.411901e-02
 iter: 267:1        |ddm|: 1.237048e-02     Tr[DP]  5.547125e-02
 iter: 267:2        |ddm|: 5.946517e-03     Tr[DP]  5.400162e-02
 iter: 268:1        |ddm|: 1.302363e-02     Tr[DP]  5.539694e-02
 iter: 268:2        |ddm|: 4.849112e-03     Tr[DP]  5.390425e-02
 iter: 269:1        |ddm|: 1.342435e-02     Tr[DP]  5.528786e-02
 iter: 269:2        |ddm|: 4.494418e-03     Tr[DP]  5.383340e-02
 iter: 270:1        |ddm|: 1.261683e-02     Tr[DP]  5.518195e-02
 iter: 270:2        |ddm|: 4.232052e-03     Tr[DP]  5.377886e-02
 iter: 271:1        |ddm|: 1.142949e-02     Tr[DP]  5.508179e-02
 iter: 271:2        |ddm|: 4.044889e-03     Tr[DP]  5.373161e-02
 iter: 272:1        |ddm|: 1.065019e-02     Tr[DP]  5.498982e-02
 iter: 272:2        |ddm|: 3.926399e-03     Tr[DP]  5.368509e-02
 iter: 273:1        |ddm|: 9.908359e-03     Tr[DP]  5.490208e-02
 iter: 273:2        |ddm|: 3.909189e-03     Tr[DP]  5.363589e-02
 iter: 274:1        |ddm|: 9.948133e-03     Tr[DP]  5.481945e-02
 iter: 274:2        |ddm|: 3.715406e-03     Tr[DP]  5.359210e-02
 iter: 275:1        |ddm|: 9.649020e-03     Tr[DP]  5.473804e-02
 iter: 275:2        |ddm|: 3.605661e-03     Tr[DP]  5.355086e-02
 iter: 276:1        |ddm|: 9.441411e-03     Tr[DP]  5.466135e-02
 iter: 276:2        |ddm|: 3.460952e-03     Tr[DP]  5.351186e-02
 iter: 277:1        |ddm|: 8.693735e-03     Tr[DP]  5.458779e-02
 iter: 277:2        |ddm|: 3.561089e-03     Tr[DP]  5.346688e-02
 iter: 278:1        |ddm|: 8.652514e-03     Tr[DP]  5.452159e-02
 iter: 278:2        |ddm|: 3.383019e-03     Tr[DP]  5.342388e-02
 iter: 279:1        |ddm|: 9.150475e-03     Tr[DP]  5.445130e-02
 iter: 279:2        |ddm|: 3.201783e-03     Tr[DP]  5.339001e-02
 iter: 280:1        |ddm|: 8.691924e-03     Tr[DP]  5.438101e-02
 iter: 280:2        |ddm|: 3.060609e-03     Tr[DP]  5.335970e-02
 iter: 281:1        |ddm|: 8.060765e-03     Tr[DP]  5.431544e-02
 iter: 281:2        |ddm|: 3.485079e-03     Tr[DP]  5.330835e-02
 iter: 282:1        |ddm|: 7.567406e-03     Tr[DP]  5.426463e-02
 iter: 282:2        |ddm|: 3.620597e-03     Tr[DP]  5.325012e-02
 iter: 283:1        |ddm|: 7.397917e-03     Tr[DP]  5.421152e-02
 iter: 283:2        |ddm|: 3.708104e-03     Tr[DP]  5.318346e-02
 iter: 284:1        |ddm|: 1.056272e-02     Tr[DP]  5.415290e-02
 iter: 284:2        |ddm|: 5.102012e-03     Tr[DP]  5.307969e-02
 iter: 285:1        |ddm|: 1.087869e-02     Tr[DP]  5.411006e-02
 iter: 285:2        |ddm|: 3.909735e-03     Tr[DP]  5.301026e-02
 iter: 286:1        |ddm|: 1.063725e-02     Tr[DP]  5.403404e-02
 iter: 286:2        |ddm|: 3.587388e-03     Tr[DP]  5.296215e-02
 iter: 287:1        |ddm|: 9.442251e-03     Tr[DP]  5.396198e-02
 iter: 287:2        |ddm|: 3.425128e-03     Tr[DP]  5.292055e-02
 iter: 288:1        |ddm|: 8.252154e-03     Tr[DP]  5.389467e-02
 iter: 288:2        |ddm|: 3.465740e-03     Tr[DP]  5.287522e-02
 iter: 289:1        |ddm|: 7.816954e-03     Tr[DP]  5.383426e-02
 iter: 289:2        |ddm|: 3.501549e-03     Tr[DP]  5.282591e-02
 iter: 290:1        |ddm|: 8.244945e-03     Tr[DP]  5.377737e-02
 iter: 290:2        |ddm|: 3.291787e-03     Tr[DP]  5.278384e-02
 iter: 291:1        |ddm|: 7.879692e-03     Tr[DP]  5.371595e-02
 iter: 291:2        |ddm|: 3.294143e-03     Tr[DP]  5.274199e-02
 iter: 292:1        |ddm|: 7.966187e-03     Tr[DP]  5.365997e-02
 iter: 292:2        |ddm|: 3.130214e-03     Tr[DP]  5.270554e-02
 iter: 293:1        |ddm|: 7.871333e-03     Tr[DP]  5.360271e-02
 iter: 293:2        |ddm|: 3.019959e-03     Tr[DP]  5.267301e-02
 iter: 294:1        |ddm|: 7.758701e-03     Tr[DP]  5.354756e-02
 iter: 294:2        |ddm|: 2.890236e-03     Tr[DP]  5.264469e-02
 iter: 295:1        |ddm|: 7.442044e-03     Tr[DP]  5.349339e-02
 iter: 295:2        |ddm|: 2.810425e-03     Tr[DP]  5.261780e-02
 iter: 296:1        |ddm|: 7.386597e-03     Tr[DP]  5.344278e-02
 iter: 296:2        |ddm|: 2.669854e-03     Tr[DP]  5.259513e-02
 iter: 297:1        |ddm|: 7.209546e-03     Tr[DP]  5.339240e-02
 iter: 297:2        |ddm|: 2.560018e-03     Tr[DP]  5.257541e-02
 iter: 298:1        |ddm|: 6.706706e-03     Tr[DP]  5.334342e-02
 iter: 298:2        |ddm|: 2.527739e-03     Tr[DP]  5.255380e-02
 iter: 299:1        |ddm|: 6.579662e-03     Tr[DP]  5.329957e-02
 iter: 299:2        |ddm|: 2.404852e-03     Tr[DP]  5.253499e-02
 iter: 300:1        |ddm|: 6.190381e-03     Tr[DP]  5.325389e-02
 iter: 300:2        |ddm|: 2.427815e-03     Tr[DP]  5.251255e-02
                         Freeze-and-Thaw NOT converged!                         

=================== Subsystem 1 at higher mean-field method ====================
  subiter:   1      |ddm|: 9.713811e-01
  subiter:   2      |ddm|: 2.210682e-01
  subiter:   3      |ddm|: 2.281865e-02
  subiter:   4      |ddm|: 1.510623e-02
  subiter:   5      |ddm|: 3.500021e-03
  subiter:   6      |ddm|: 1.108188e-03
  subiter:   7      |ddm|: 2.469748e-04
  subiter:   8      |ddm|: 1.068277e-04
  subiter:   9      |ddm|: 2.293661e-05
  subiter:  10      |ddm|: 4.286800e-06
  subiter:  11      |ddm|: 1.546588e-06
  subiter:  12      |ddm|: 5.234057e-07
  subiter:  13      |ddm|: 8.798937e-08
  subiter:  14      |ddm|: 1.425998e-08
  subiter:  15      |ddm|: 1.049219e-08
  subiter:  16      |ddm|: 3.245309e-09


******** <class 'pyscf.scf.hf.RHF'> flags ********
method = RHF
initial guess = minao
damping factor = 0
level shift factor = 0
DIIS = <class 'pyscf.scf.diis.CDIIS'>
DIIS start cycle = 1
DIIS space = 8
SCF tol = 1e-09
SCF gradient tol = None
max. SCF cycles = 100
direct_scf = True
direct_scf_tol = 1e-13
chkfile to save SCF result = /panfs/roc/scratch/graha682/D105/201711_ccpVTZ_NEVPT2_m06_105_8c12h24/tmp04NC3i
max_memory 4000 MB (current use 515 MB)
Set gradient conv threshold to 3.16228e-05
init E= -322.589190948853
  HOMO = -0.446299370538001  LUMO = 0.137533540855283
cycle= 1 E= -322.589190948849  delta_E= 3.52e-12  |g|= 1.51e-09  |ddm|= 6.39e-09
  HOMO = -0.446299370593896  LUMO = 0.137533540859601
Extra cycle  E= -322.589190948868  delta_E= -1.9e-11  |g|= 6.81e-10  |ddm|= 1.63e-08
converged SCF energy = -322.589190948868


******** <class 'pyscf.dft.rks.RKS'> flags ********
method = RKS
initial guess = atom
damping factor = 0
level shift factor = 0.0
DIIS = <class 'pyscf.scf.diis.CDIIS'>
DIIS start cycle = 1
DIIS space = 8
SCF tol = 1e-08
SCF gradient tol = 1e-08
max. SCF cycles = 1
direct_scf = True
direct_scf_tol = 1e-13
chkfile to save SCF result = /panfs/roc/scratch/graha682/D105/201711_ccpVTZ_NEVPT2_m06_105_8c12h24/tmpJiMQ3m
max_memory 4000 MB (current use 531 MB)
XC functionals = m06
small_rho_cutoff = 1e-20
radial grids: Treutler-Ahlrichs (JCP 102, 346 (M4)) radial grids
becke partition: Becke, JCP, 88, 2547 (1988)
pruning grids: <function nwchem_prune at 0x15315f0>
grids dens level: 4
symmetrized grids: False
atomic radii adjust function: <function treutler_atomic_radii_adjust at 0x1531488>
init E= -324.52919247541
  HOMO = -0.330152504240071  LUMO = 0.034997911750805
cycle= 1 E= -324.529197032415  delta_E= -4.56e-06  |g|= 0.000552  |ddm|= 0.00602
  HOMO = -0.330164324077634  LUMO = 0.0349832194930753
Extra cycle  E= -324.529197091288  delta_E= -5.89e-08  |g|= 0.000294  |ddm|= 0.00168
SCF not converged.
SCF energy = -324.529197091288 after 1 cycles
 iter: 301:1        |ddm|: 1.171847e+00     Tr[DP]  6.032755e-02

******** <class 'pyscf.mcscf.mc1step.CASSCF'> flags ********
CAS (1e+1e, 2o), ncore = 31, nvir = 417
max_cycle_macro = 50
max_cycle_micro = 4
conv_tol = 1e-07
conv_tol_grad = None
orbital rotation max_stepsize = 0.02
augmented hessian ah_max_cycle = 30
augmented hessian ah_conv_tol = 1e-12
augmented hessian ah_linear dependence = 1e-14
augmented hessian ah_level shift = 0
augmented hessian ah_start_tol = 2.5
augmented hessian ah_start_cycle = 3
augmented hessian ah_grad_trust_region = 3
kf_trust_region = 3
kf_interval = 4
ci_response_space = 4
ci_grad_trust_region = 3
with_dep4 0
natorb = False
canonicalization = True
sorting_mo_energy = False
chkfile = /panfs/roc/scratch/graha682/D105/201711_ccpVTZ_NEVPT2_m06_105_8c12h24/tmp04NC3i
max_memory 4000 MB (current use 519 MB)
internal_rotation = False
******** <class 'pyscf.fci.direct_spin1.FCISolver'> flags ********
max. cycles = 50
conv_tol = 1e-08
davidson only = False
linear dependence = 1e-10
level shift = 0.001
max iter space = 12
max_memory 4000 MB
nroots = 1
pspace_size = 400
spin = None
CASCI E = -322.589192030931  S^2 = 0.0000000
Set conv_tol_grad to 0.000316228
macro iter 1 (1 JK  1 micro), CASSCF E = -322.589192030931  dE = 1.1368684e-13  S^2 = 0.0000000
               |grad[o]|=1.03e-05  |grad[c]|= 1.05849422703e-14  |ddm|=    0
1-step CASSCF converged in 1 macro (1 JK 1 micro) steps
CASSCF canonicalization
CASSCF energy = -322.589192030931
Hartree-Fock Energy:  -322.58919094886812
CAS Correlation:       -0.00000108206314
CAS Energy:          -322.58919203093126
Sr    (-1)',   E = -0.00001291443246
Si    (+1)',   E = -0.00000115084855
Sijrs (0)  ,   E = -1.28380884009624
Sijr  (+1) ,   E = -0.01413829461259
Srsi  (-1) ,   E = -0.14903126393831
Srs   (-2) ,   E = -0.00679151754799
Sij   (+2) ,   E = -0.00018825313715
Sir   (0)' ,   E = -0.00147384333840
Nevpt2 Energy = -1.455446077951682
NEVPT2 =   -1.455446077951682
Total NEVPT2 = -324.044638108882964

============================== Supermolecular DFT ==============================
  subiter:   1      |ddm|: 8.024365e+00
  subiter:   2      |ddm|: 3.724573e-01
  subiter:   3      |ddm|: 1.577253e-01
  subiter:   4      |ddm|: 3.386125e-02
  subiter:   5      |ddm|: 1.307969e-02
  subiter:   6      |ddm|: 6.066608e-03
  subiter:   7      |ddm|: 1.561489e-03
  subiter:   8      |ddm|: 4.705342e-04
  subiter:   9      |ddm|: 1.101445e-04
  subiter:  10      |ddm|: 6.773008e-05
  subiter:  11      |ddm|: 2.476552e-05
  subiter:  12      |ddm|: 8.580076e-06
  subiter:  13      |ddm|: 1.883053e-06
  subiter:  14      |ddm|: 3.991461e-07
  subiter:  15      |ddm|: 1.789404e-07
  subiter:  16      |ddm|: 7.472119e-08
  subiter:  17      |ddm|: 2.531415e-08
  subiter:  18      |ddm|: 6.726896e-09


******** <class 'pyscf.dft.rks.RKS'> flags ********
method = RKS
initial guess = atom
damping factor = 0
level shift factor = 0.0
DIIS = <class 'pyscf.scf.diis.CDIIS'>
DIIS start cycle = 1
DIIS space = 8
SCF tol = 1e-08
SCF gradient tol = 1e-08
max. SCF cycles = 100
direct_scf = True
direct_scf_tol = 1e-13
chkfile to save SCF result = /panfs/roc/scratch/graha682/D105/201711_ccpVTZ_NEVPT2_m06_105_8c12h24/tmpIdaV2U
max_memory 4000 MB (current use 652 MB)
XC functionals = m06
small_rho_cutoff = 1e-20
radial grids: Treutler-Ahlrichs (JCP 102, 346 (M4)) radial grids
becke partition: Becke, JCP, 88, 2547 (1988)
pruning grids: <function nwchem_prune at 0x15315f0>
grids dens level: 4
symmetrized grids: False
atomic radii adjust function: <function treutler_atomic_radii_adjust at 0x1531488>
init E= -471.428488603724
  HOMO = -0.244142694543895  LUMO = -0.0258124803127943
cycle= 1 E= -471.428488603726  delta_E= -1.82e-12  |g|= 9.77e-09  |ddm|= 1.23e-08
  HOMO = -0.244142694544001  LUMO = -0.0258124804761431
Extra cycle  E= -471.428488603706  delta_E= 1.98e-11  |g|= 1.91e-08  |ddm|= 1.83e-08
converged SCF energy = -471.428488603706
Supermolecular DFT   -471.42848860372624

============================== Embedding Energies ==============================
Subsystem DFT              -324.52919709128912
Interaction                -146.51744662351200
DFT-in-DFT                 -471.04664371480112
Supermolecular DFT         -471.42848860372624
Difference                   -0.38184488892512
Corrected DFT-in-DFT       -471.42848860372624
WF-in-DFT                  -470.56208473239496
Corrected WF-in-DFT        -470.94392962132008
================================================================================
TIMING STATISTICS:
     overlap integrals      0.05s   ( 0.00%)
    initial subsystems      0.83s   ( 0.00%)
           2e matrices  25578.52s   (89.86%)
      tot. embed. of 1  25882.44s   (90.93%)
      tot. embed. of 2      4.61s   ( 0.02%)
       freeze and thaw  25887.18s   (90.94%)
                   cas     99.79s   ( 0.35%)
                nevpt2    553.29s   ( 1.94%)
  interaction energies   1922.84s   ( 6.75%)
                 TOTAL  28465.46s
================================================================================

********************************************************************************
*                              END OF CALCULATION                              *
********************************************************************************
