********************************************************************************
*                              PySCF CALCULATION                               *
********************************************************************************

================================== Input File ==================================
atoms
C                  1.97915000    0.64190200    0.00018300
H                  2.00892400    1.27702300   -0.88401200
H                  2.00850500    1.27636900    0.88486100
Cl                 3.51108600   -0.30375100    0.00020300
C                  0.77452100   -0.25849500   -0.00043600
H                  0.80951600   -0.91242300   -0.87691800
H                  0.80921200   -0.91317200    0.87549900
C                 -0.51362900    0.54349400   -0.00030500
H                 -0.53565000    1.20393200    0.87513700
H                 -0.53562400    1.20433600   -0.87544600
C                 -1.75042800   -0.33137300   -0.00050400
H                 -1.72894200   -0.99275400   -0.87536000
H                 -1.72864400   -0.99348400    0.87379100
C                 -3.04233300    0.46076800    0.00008400
H                 -3.05786300    1.12092300    0.87408400
H                 -3.05853300    1.12116700   -0.87372300
C                 -4.26819900   -0.42757700    0.00046900
H                 -4.28001600   -1.07524200    0.88007600
H                 -5.19301200    0.14965000    0.00102100
H                 -4.28083100   -1.07487100   -0.87939900
end

basis cc-pVDZ
scf
method rks
xc m06
grid 4
conv 1e-8
grad 1e-8
maxiter 100
end
================================== End Input ===================================
#INFO: **** input file is /home/goodpast/shared/repositories/pyscf_wrapper/run_pySCF.py ****
#!/usr/bin/env python

def main():
    '''Python wrapper to read a pySCF input file
    and run the corresponding calculations.'''

    from argparse import ArgumentParser, RawDescriptionHelpFormatter
    from textwrap import dedent
    from read_input import read_input, pstr
    import sys
    from simple_timer import timer
    from scf import do_scf
    from geomopt import do_geomopt
    from vfreq import vibrations

    # generate a parser to read the input files
    parser = ArgumentParser(description=dedent(main.__doc__),
                            formatter_class=RawDescriptionHelpFormatter)
    parser.add_argument('input_files', nargs='*', default=sys.stdin,
                        help='The pySCF input files.')
    args = parser.parse_args()

    # Cycle through all input files
    for files in args.input_files:

        # print header
        pstr ("", delim="*", addline=False)
        pstr ("PySCF CALCULATION", delim="*", fill=False, addline=False)
        pstr ("", delim="*", addline=False)

        # get input data
        inp = read_input(files)

        # start timer
        inp.timer = timer()

        # do single point energy
        inp = do_scf(inp)

        # do geomotry optimization
        if inp.geomopt: inp = do_geomopt(inp)

        if inp.vfreq: vibrations(inp)

        # end timer
        inp.timer.close()

        # print footer
        pstr("", delim="*")
        pstr("END OF CALCULATION", delim="*", fill=False, addline=False)
        pstr("", delim="*", addline=False)

if __name__=='__main__':
    main()
#INFO: ******************** input file end ********************


System: ('Linux', 'cn0130', '2.6.32-696.10.1.el6.x86_64', '#1 SMP Tue Aug 22 18:51:35 UTC 2017', 'x86_64', 'x86_64')  Threads 24
Python 2.7.6 | 64-bit | (default, Sep 15 2014, 17:36:10) 
[GCC 4.1.2 20080704 (Red Hat 4.1.2-54)]
numpy 1.10.4  scipy 0.17.0
Date: Thu Sep  7 15:24:17 2017
PySCF version 1.4a
PySCF path  /home/goodpast/graha682/code/python/pyscf/pyscf
GIT ORIG_HEAD 9330ea3bfcc413f76711ba39e39d531f72dcda29
GIT HEAD      ref: refs/heads/master
GIT master branch  5a6e4032c6cb310076977bf244a460aa6dd0f9f2

[INPUT] VERBOSE 4
[INPUT] num atoms = 20
[INPUT] num electrons = 66
[INPUT] charge = 0
[INPUT] spin (= nelec alpha-beta = 2S) = 0
[INPUT] symmetry False subgroup None
[INPUT]  1 C      1.979150000000   0.641902000000   0.000183000000 AA    3.740051459433   1.213018978811   0.000345819881 Bohr
[INPUT]  2 H      2.008924000000   1.277023000000  -0.884012000000 AA    3.796316165066   2.413223724770  -1.670540570829 Bohr
[INPUT]  3 H      2.008505000000   1.276369000000   0.884861000000 AA    3.795524369820   2.411987843885   1.672144948309 Bohr
[INPUT]  4 Cl     3.511086000000  -0.303751000000   0.000203000000 AA    6.634990939795  -0.574006200063   0.000383614403 Bohr
[INPUT]  5 C      0.774521000000  -0.258495000000  -0.000436000000 AA    1.463632567724  -0.488484754569  -0.000823920590 Bohr
[INPUT]  6 H      0.809516000000  -0.912423000000  -0.876918000000 AA    1.529763533453  -1.724229579754  -1.657134853701 Bohr
[INPUT]  7 H      0.809212000000  -0.913172000000   0.875499000000 AA    1.529189056712  -1.725644984621   1.654453332331 Bohr
[INPUT]  8 C     -0.513629000000   0.543494000000  -0.000305000000 AA   -0.970618139634   1.027054810344  -0.000576366468 Bohr
[INPUT]  9 H     -0.535650000000   1.203932000000   0.875137000000 AA   -1.012231798623   2.275101752600   1.653769251473 Bohr
[INPUT] 10 H     -0.535624000000   1.204336000000  -0.875446000000 AA   -1.012182665744   2.275865201954  -1.654353176846 Bohr
[INPUT] 11 C     -1.750428000000  -0.331373000000  -0.000504000000 AA   -3.307829520770  -0.626204215075  -0.000952421967 Bohr
[INPUT] 12 H     -1.728942000000  -0.992754000000  -0.875360000000 AA   -3.267226865258  -1.876033169066  -1.654190660399 Bohr
[INPUT] 13 H     -1.728644000000  -0.993484000000   0.873791000000 AA   -3.266663726873  -1.877412669137   1.651225680110 Bohr
[INPUT] 14 C     -3.042333000000   0.460768000000   0.000084000000 AA   -5.749176149726   0.870725326964   0.000158736994 Bohr
[INPUT] 15 H     -3.057863000000   1.120923000000   0.874084000000 AA   -5.778523596441   2.118237476726   1.651779369864 Bohr
[INPUT] 16 H     -3.058533000000   1.121167000000  -0.873723000000 AA   -5.779789712944   2.118698569900  -1.651097178733 Bohr
[INPUT] 17 C     -4.268199000000  -0.427577000000   0.000469000000 AA   -8.065727155142  -0.808003427163   0.000886281552 Bohr
[INPUT] 18 H     -4.280016000000  -1.075242000000   0.880076000000 AA   -8.088058048756  -2.031912897630   1.663102608803 Bohr
[INPUT] 19 H     -5.193012000000   0.149650000000   0.001021000000 AA   -9.813370441580   0.282797514541   0.001929410373 Bohr
[INPUT] 20 H     -4.280831000000  -1.074871000000  -0.879399000000 AA   -8.089598175548  -2.031211809237  -1.661823264216 Bohr
[INPUT] ---------------- BASIS SET ---------------- 
[INPUT] l, kappa, [nprim/nctr], expnt,             c_1 c_2 ...
[INPUT] H
[INPUT] 0    0    [3    /1   ]  13.01             0.019685
                                1.962             0.137977
                                0.4446            0.478148
[INPUT] 0    0    [1    /1   ]  0.122                1
[INPUT] 1    0    [1    /1   ]  0.727                1
[INPUT] C
[INPUT] 0    0    [8    /2   ]  6665              0.000692 -0.000146
                                1000              0.005329 -0.001154
                                228               0.027077 -0.005725
                                64.71             0.101718 -0.023312
                                21.06             0.27474 -0.063955
                                7.495             0.448564 -0.149981
                                2.797             0.285074 -0.127262
                                0.5215            0.015204 0.544529
[INPUT] 0    0    [1    /1   ]  0.1596               1
[INPUT] 1    0    [3    /1   ]  9.439             0.038109
                                2.002             0.20948
                                0.5456            0.508557
[INPUT] 1    0    [1    /1   ]  0.1517               1
[INPUT] 2    0    [1    /1   ]  0.55                 1
[INPUT] Cl
[INPUT] 0    0    [11   /3   ]  127900            0.000241153 -6.78922e-05 2.04986e-05
                                19170             0.00187095 -0.000521836 0.000158298
                                4363              0.00970827 -0.00276513 0.000833639
                                1236              0.0393153 -0.0111537 0.0033988
                                403.6             0.125932 -0.0385919 0.0116738
                                145.7             0.299341 -0.0994848 0.0309622
                                56.81             0.421886 -0.201392 0.0629533
                                23.23             0.237201 -0.130313 0.0460257
                                6.644             0.0191531 0.509443 -0.219312
                                2.575             -0.00334792 0.610725 -0.408773
                                0.5371            0.000929883 0.0421549 0.638465
[INPUT] 0    0    [1    /1   ]  0.1938               1
[INPUT] 1    0    [7    /2   ]  417.6             0.00525982 -0.0014357
                                98.33             0.0398332 -0.0107796
                                31.04             0.164655 -0.0470075
                                11.19             0.387322 -0.11103
                                4.249             0.457072 -0.153275
                                1.624             0.151636 0.0894609
                                0.5322            0.00181615 0.579444
[INPUT] 1    0    [1    /1   ]  0.162                1
[INPUT] 2    0    [1    /1   ]  0.6                  1
nuclear repulsion = 352.787505736929
number of shells = 74
number of NR pGTOs = 288
number of NR cGTOs = 167
basis = {'H': [[0, [13.01, 0.019685], [1.962, 0.137977], [0.4446, 0.478148]], [0, [0.122, 1.0]], [1, [0.727, 1.0]]], 'C': [[0, [6665.0, 0.000692, -0.000146], [1000.0, 0.005329, -0.001154], [228.0, 0.027077, -0.005725], [64.71, 0.101718, -0.023312], [21.06, 0.27474, -0.063955], [7.495, 0.448564, -0.149981], [2.797, 0.285074, -0.127262], [0.5215, 0.015204, 0.544529]], [0, [0.1596, 1.0]], [1, [9.439, 0.038109], [2.002, 0.20948], [0.5456, 0.508557]], [1, [0.1517, 1.0]], [2, [0.55, 1.0]]], 'Cl': [[0, [127900.0, 0.000241153, -6.78922e-05, 2.04986e-05], [19170.0, 0.00187095, -0.000521836, 0.000158298], [4363.0, 0.00970827, -0.00276513, 0.000833639], [1236.0, 0.0393153, -0.0111537, 0.0033988], [403.6, 0.125932, -0.0385919, 0.0116738], [145.7, 0.299341, -0.0994848, 0.0309622], [56.81, 0.421886, -0.201392, 0.0629533], [23.23, 0.237201, -0.130313, 0.0460257], [6.644, 0.0191531, 0.509443, -0.219312], [2.575, -0.00334792, 0.610725, -0.408773], [0.5371, 0.000929883, 0.0421549, 0.638465]], [0, [0.1938, 1.0]], [1, [417.6, 0.00525982, -0.0014357], [98.33, 0.0398332, -0.0107796], [31.04, 0.164655, -0.0470075], [11.19, 0.387322, -0.11103], [4.249, 0.457072, -0.153275], [1.624, 0.151636, 0.0894609], [0.5322, 0.00181615, 0.579444]], [1, [0.162, 1.0]], [2, [0.6, 1.0]]]}
ecp = {}
CPU time:         0.92
None
tot grids = 407542


******** <class 'pyscf.dft.rks.RKS'> flags ********
method = RKS
initial guess = atom
damping factor = 0
level shift factor = 0
DIIS = <class 'pyscf.scf.diis.CDIIS'>
DIIS start cycle = 1
DIIS space = 8
SCF tol = 1e-08
SCF gradient tol = 1e-08
max. SCF cycles = 100
direct_scf = True
direct_scf_tol = 1e-13
chkfile to save SCF result = /panfs/roc/scratch/graha682/201707_M06/20170714_ccpVDZ_ccsdt_chlorohexane/tmpTG_col
max_memory 4000 MB (current use 99 MB)
XC functionals = m06
small_rho_cutoff = 1e-20
radial grids: Treutler-Ahlrichs (JCP 102, 346 (M4)) radial grids
becke partition: Becke, JCP, 88, 2547 (1988)
pruning grids: <function nwchem_prune at 0x15eb668>
grids dens level: 4
symmetrized grids: False
atomic radii adjust function: <function treutler_atomic_radii_adjust at 0x15eb500>
Initial guess from superpostion of atomic densties.
init E= -698.374881076419
  HOMO = -0.370241698603391  LUMO = -0.110963546417425
cycle= 1 E= -696.057999497282  delta_E= 2.32  |g|= 1.19  |ddm|= 4.39
  HOMO = -0.103513191265786  LUMO = 0.100929619078956
cycle= 2 E= -695.872393278522  delta_E= 0.186  |g|= 1.46  |ddm|= 2.61
  HOMO = -0.286723569725849  LUMO = 0.0415325084933487
cycle= 3 E= -696.461882119422  delta_E= -0.589  |g|= 0.0816  |ddm|= 1.62
  HOMO = -0.302855839907667  LUMO = 0.0364808549882769
cycle= 4 E= -696.46314978578  delta_E= -0.00127  |g|= 0.0482  |ddm|= 0.145
  HOMO = -0.298991419769603  LUMO = 0.0365863295037615
cycle= 5 E= -696.463754843767  delta_E= -0.000605  |g|= 0.0101  |ddm|= 0.0564
  HOMO = -0.297981700448181  LUMO = 0.0381074700134489
cycle= 6 E= -696.463778898851  delta_E= -2.41e-05  |g|= 0.00379  |ddm|= 0.0114
  HOMO = -0.298443475488268  LUMO = 0.0376917217296682
cycle= 7 E= -696.463782493054  delta_E= -3.59e-06  |g|= 0.00102  |ddm|= 0.00378
  HOMO = -0.298469391478333  LUMO = 0.0377269867423491
cycle= 8 E= -696.463782747328  delta_E= -2.54e-07  |g|= 0.000267  |ddm|= 0.00117
  HOMO = -0.29841922002159  LUMO = 0.0377451151074167
cycle= 9 E= -696.463782765393  delta_E= -1.81e-08  |g|= 8.22e-05  |ddm|= 0.000372
  HOMO = -0.298432977527128  LUMO = 0.0377376867001105
cycle= 10 E= -696.463782767041  delta_E= -1.65e-09  |g|= 2.15e-05  |ddm|= 8.68e-05
  HOMO = -0.298434378091421  LUMO = 0.037736282798412
cycle= 11 E= -696.463782767138  delta_E= -9.78e-11  |g|= 8.92e-06  |ddm|= 2.44e-05
  HOMO = -0.298433117669036  LUMO = 0.0377371994790309
cycle= 12 E= -696.463782767157  delta_E= -1.84e-11  |g|= 1.94e-06  |ddm|= 9.46e-06
  HOMO = -0.298433261766886  LUMO = 0.0377370711544269
cycle= 13 E= -696.463782767159  delta_E= -2.27e-12  |g|= 2.78e-07  |ddm|= 1.76e-06
  HOMO = -0.298433315235998  LUMO = 0.0377370580128648
cycle= 14 E= -696.46378276716  delta_E= -6.82e-13  |g|= 2.18e-07  |ddm|= 4.5e-07
  HOMO = -0.298433296312911  LUMO = 0.0377370559859654
cycle= 15 E= -696.463782767158  delta_E= 1.59e-12  |g|= 2.41e-08  |ddm|= 2.14e-07
  HOMO = -0.298433293755311  LUMO = 0.0377370590893697
cycle= 16 E= -696.463782767158  delta_E=    0  |g|= 1.21e-08  |ddm|= 3.58e-08
  HOMO = -0.298433295022445  LUMO = 0.0377370580099345
cycle= 17 E= -696.463782767159  delta_E= -6.82e-13  |g|= 2.99e-09  |ddm|= 1.06e-08
  HOMO = -0.298433295599927  LUMO = 0.0377370576258948
Extra cycle  E= -696.46378276716  delta_E= -1.36e-12  |g|= 2.99e-09  |ddm|= 6.07e-09
converged SCF energy = -696.46378276716
================================================================================
TIMING STATISTICS:
                 grids      0.36s   ( 0.25%)
                    ks    146.08s   (100.00%)
                 TOTAL    146.08s
================================================================================

********************************************************************************
*                              END OF CALCULATION                              *
********************************************************************************
