********************************************************************************
*                         FREEZE-AND-THAW CALCULATION                          *
********************************************************************************

================================== Input File ==================================
subsystem
C          0.62809        2.05908       -0.10093
H          1.14275        3.03154       -0.16687
C         -0.60213        2.02672        0.41752
H         -0.74233        2.37351        1.45433
C          4.80627       -0.73984        0.44176
H          4.57749       -0.87404        1.51631
H          5.41842        0.18073        0.38674
C          3.50975       -0.52013       -0.31801
H          2.89172       -1.43892       -0.26433
H          3.73289       -0.38267       -1.39527
C          2.70125        0.66143        0.18447
H          3.31608        1.58157        0.12546
H          2.47486        0.52962        1.26039
C          1.39901        0.87336       -0.57786
H          0.77091       -0.03452       -0.50347
H          1.63785        0.98967       -1.65422
C         -1.82291        1.52368       -0.27842
H         -1.57075        1.24445       -1.31897
H         -2.57236        2.33699       -0.35569
C         -2.46877        0.33902        0.42962
H         -2.69839        0.61722        1.47749
H         -1.73387       -0.48629        0.50060
C         -3.73158       -0.15582       -0.25058
H         -4.46300        0.67455       -0.31901
H         -3.50206       -0.42800       -1.30045
C         -4.37681       -1.34025        0.44751
H         -3.64155       -2.16479        0.51494
H         -4.60200       -1.06397        1.49544
end

subsystem
C          5.60267       -1.92356       -0.07081
H          5.86920       -1.79491       -1.13376
H          5.02163       -2.85841        0.00571
H          6.53934       -2.06987        0.48937
C         -5.63656       -1.82379       -0.24344
H         -6.09264       -2.68212        0.27406
H         -6.39620       -1.02506       -0.29275
H         -5.42774       -2.13555       -1.28104
end

embed
 huzinaga
 cycles 300
 conv 1e-8
 method m06
end

basis aug-cc-pVDZ
method cas[2,2]/nevpt2
grid 4
conv 1e-8
grad 1e-8
maxiter 100
================================== End Input ===================================
tot grids = 725328

                      Getting subsystem overlap integrals                       

                          Initial subsystem densities                           
Guessing initial subsystem densities
Initial guess from superpostion of atomic densties.
Guessing initial subsystem densities
Initial guess from superpostion of atomic densties.

=========================== Starting Freeze-and-Thaw ===========================
 iter:   1:1        |ddm|: 4.878575e+01     Tr[DP]  8.246214e-01
 iter:   1:2        |ddm|: 4.237250e+00     Tr[DP]  2.124656e-01
 iter:   2:1        |ddm|: 2.536029e+03     Tr[DP]  2.951173e-01
 iter:   2:2        |ddm|: 9.755579e+00     Tr[DP]  2.441389e-01
 iter:   3:1        |ddm|: 2.524356e+03     Tr[DP]  1.434818e-01
 iter:   3:2        |ddm|: 7.850316e+00     Tr[DP]  2.118360e-01
 iter:   4:1        |ddm|: 2.289763e+02     Tr[DP]  1.589960e-01
 iter:   4:2        |ddm|: 2.647035e+00     Tr[DP]  1.724348e-01
 iter:   5:1        |ddm|: 2.319962e+01     Tr[DP]  1.688609e-01
 iter:   5:2        |ddm|: 7.708390e-01     Tr[DP]  1.735994e-01
 iter:   6:1        |ddm|: 1.598821e+01     Tr[DP]  1.807246e-01
 iter:   6:2        |ddm|: 4.539644e-01     Tr[DP]  1.811451e-01
 iter:   7:1        |ddm|: 1.809848e+01     Tr[DP]  1.905527e-01
 iter:   7:2        |ddm|: 4.308814e-01     Tr[DP]  1.871759e-01
 iter:   8:1        |ddm|: 1.507800e+01     Tr[DP]  1.996499e-01
 iter:   8:2        |ddm|: 2.479686e-01     Tr[DP]  1.923312e-01
 iter:   9:1        |ddm|: 1.575136e+01     Tr[DP]  2.087987e-01
 iter:   9:2        |ddm|: 2.904490e-01     Tr[DP]  1.968570e-01
 iter:  10:1        |ddm|: 2.218618e+01     Tr[DP]  2.160576e-01
 iter:  10:2        |ddm|: 2.122166e-01     Tr[DP]  2.023501e-01
 iter:  11:1        |ddm|: 1.734920e+01     Tr[DP]  2.213719e-01
 iter:  11:2        |ddm|: 1.126487e-01     Tr[DP]  2.084102e-01
 iter:  12:1        |ddm|: 1.381377e+01     Tr[DP]  2.257698e-01
 iter:  12:2        |ddm|: 9.880414e-02     Tr[DP]  2.125054e-01
 iter:  13:1        |ddm|: 1.303050e+01     Tr[DP]  2.297995e-01
 iter:  13:2        |ddm|: 9.140788e-02     Tr[DP]  2.167430e-01
 iter:  14:1        |ddm|: 1.039354e+01     Tr[DP]  2.334713e-01
 iter:  14:2        |ddm|: 7.328222e-02     Tr[DP]  2.202832e-01
 iter:  15:1        |ddm|: 9.489516e+00     Tr[DP]  2.362191e-01
 iter:  15:2        |ddm|: 6.934464e-02     Tr[DP]  2.238252e-01
 iter:  16:1        |ddm|: 1.038871e+01     Tr[DP]  2.386232e-01
 iter:  16:2        |ddm|: 8.069815e-02     Tr[DP]  2.275885e-01
 iter:  17:1        |ddm|: 9.292022e+00     Tr[DP]  2.414564e-01
 iter:  17:2        |ddm|: 6.903807e-02     Tr[DP]  2.309216e-01
 iter:  18:1        |ddm|: 5.718582e+00     Tr[DP]  2.443203e-01
 iter:  18:2        |ddm|: 5.870067e-02     Tr[DP]  2.332498e-01
 iter:  19:1        |ddm|: 7.504611e+00     Tr[DP]  2.453886e-01
 iter:  19:2        |ddm|: 6.453651e-02     Tr[DP]  2.360150e-01
 iter:  20:1        |ddm|: 7.316650e+00     Tr[DP]  2.473224e-01
 iter:  20:2        |ddm|: 5.715130e-02     Tr[DP]  2.387162e-01
 iter:  21:1        |ddm|: 5.882354e+00     Tr[DP]  2.493484e-01
 iter:  21:2        |ddm|: 4.559207e-02     Tr[DP]  2.410302e-01
 iter:  22:1        |ddm|: 5.365015e+00     Tr[DP]  2.508901e-01
 iter:  22:2        |ddm|: 4.437821e-02     Tr[DP]  2.432060e-01
 iter:  23:1        |ddm|: 4.799554e+00     Tr[DP]  2.523852e-01
 iter:  23:2        |ddm|: 3.941211e-02     Tr[DP]  2.451576e-01
 iter:  24:1        |ddm|: 6.027723e+00     Tr[DP]  2.533581e-01
 iter:  24:2        |ddm|: 6.255348e-02     Tr[DP]  2.473983e-01
 iter:  25:1        |ddm|: 3.257313e+00     Tr[DP]  2.555966e-01
 iter:  25:2        |ddm|: 3.467698e-02     Tr[DP]  2.489116e-01
 iter:  26:1        |ddm|: 2.858813e+00     Tr[DP]  2.563624e-01
 iter:  26:2        |ddm|: 2.780518e-02     Tr[DP]  2.502848e-01
 iter:  27:1        |ddm|: 2.860497e+00     Tr[DP]  2.570430e-01
 iter:  27:2        |ddm|: 2.761131e-02     Tr[DP]  2.515960e-01
 iter:  28:1        |ddm|: 2.508507e+00     Tr[DP]  2.578241e-01
 iter:  28:2        |ddm|: 2.507872e-02     Tr[DP]  2.527436e-01
 iter:  29:1        |ddm|: 2.167746e+00     Tr[DP]  2.584626e-01
 iter:  29:2        |ddm|: 2.332585e-02     Tr[DP]  2.537541e-01
 iter:  30:1        |ddm|: 1.975797e+00     Tr[DP]  2.589695e-01
 iter:  30:2        |ddm|: 2.220099e-02     Tr[DP]  2.546705e-01
 iter:  31:1        |ddm|: 1.916464e+00     Tr[DP]  2.593741e-01
 iter:  31:2        |ddm|: 2.175782e-02     Tr[DP]  2.555603e-01
 iter:  32:1        |ddm|: 1.674729e+00     Tr[DP]  2.598822e-01
 iter:  32:2        |ddm|: 2.018721e-02     Tr[DP]  2.563101e-01
 iter:  33:1        |ddm|: 1.371801e+00     Tr[DP]  2.603001e-01
 iter:  33:2        |ddm|: 1.918013e-02     Tr[DP]  2.569462e-01
 iter:  34:1        |ddm|: 1.355333e+00     Tr[DP]  2.605029e-01
 iter:  34:2        |ddm|: 1.985069e-02     Tr[DP]  2.576102e-01
 iter:  35:1        |ddm|: 1.162305e+00     Tr[DP]  2.608606e-01
 iter:  35:2        |ddm|: 1.837508e-02     Tr[DP]  2.581566e-01
 iter:  36:1        |ddm|: 1.086659e+00     Tr[DP]  2.611041e-01
 iter:  36:2        |ddm|: 1.849455e-02     Tr[DP]  2.586711e-01
 iter:  37:1        |ddm|: 1.429551e+00     Tr[DP]  2.612442e-01
 iter:  37:2        |ddm|: 1.992062e-02     Tr[DP]  2.591970e-01
 iter:  38:1        |ddm|: 1.560791e+00     Tr[DP]  2.614952e-01
 iter:  38:2        |ddm|: 1.986926e-02     Tr[DP]  2.597318e-01
 iter:  39:1        |ddm|: 1.858825e+00     Tr[DP]  2.617725e-01
 iter:  39:2        |ddm|: 2.014078e-02     Tr[DP]  2.602527e-01
 iter:  40:1        |ddm|: 1.198991e+00     Tr[DP]  2.622684e-01
 iter:  40:2        |ddm|: 1.624451e-02     Tr[DP]  2.606189e-01
 iter:  41:1        |ddm|: 1.131658e+00     Tr[DP]  2.625103e-01
 iter:  41:2        |ddm|: 1.535381e-02     Tr[DP]  2.610868e-01
 iter:  42:1        |ddm|: 8.437546e-01     Tr[DP]  2.628294e-01
 iter:  42:2        |ddm|: 1.295861e-02     Tr[DP]  2.614173e-01
 iter:  43:1        |ddm|: 6.915582e-01     Tr[DP]  2.630448e-01
 iter:  43:2        |ddm|: 1.261144e-02     Tr[DP]  2.617319e-01
 iter:  44:1        |ddm|: 6.568294e-01     Tr[DP]  2.632012e-01
 iter:  44:2        |ddm|: 1.266200e-02     Tr[DP]  2.620015e-01
 iter:  45:1        |ddm|: 6.497221e-01     Tr[DP]  2.633341e-01
 iter:  45:2        |ddm|: 1.279070e-02     Tr[DP]  2.622567e-01
 iter:  46:1        |ddm|: 5.413361e-01     Tr[DP]  2.635050e-01
 iter:  46:2        |ddm|: 1.143394e-02     Tr[DP]  2.624853e-01
 iter:  47:1        |ddm|: 5.380102e-01     Tr[DP]  2.635744e-01
 iter:  47:2        |ddm|: 1.184865e-02     Tr[DP]  2.626791e-01
 iter:  48:1        |ddm|: 5.507790e-01     Tr[DP]  2.636434e-01
 iter:  48:2        |ddm|: 1.248818e-02     Tr[DP]  2.628485e-01
 iter:  49:1        |ddm|: 3.905727e-01     Tr[DP]  2.638058e-01
 iter:  49:2        |ddm|: 1.082059e-02     Tr[DP]  2.630050e-01
 iter:  50:1        |ddm|: 4.314826e-01     Tr[DP]  2.638172e-01
 iter:  50:2        |ddm|: 1.146701e-02     Tr[DP]  2.631335e-01
 iter:  51:1        |ddm|: 4.137430e-01     Tr[DP]  2.638758e-01
 iter:  51:2        |ddm|: 1.129894e-02     Tr[DP]  2.632595e-01
 iter:  52:1        |ddm|: 4.090071e-01     Tr[DP]  2.639245e-01
 iter:  52:2        |ddm|: 1.134495e-02     Tr[DP]  2.633690e-01
 iter:  53:1        |ddm|: 3.625841e-01     Tr[DP]  2.639857e-01
 iter:  53:2        |ddm|: 1.086331e-02     Tr[DP]  2.634668e-01
 iter:  54:1        |ddm|: 3.482935e-01     Tr[DP]  2.640177e-01
 iter:  54:2        |ddm|: 1.089098e-02     Tr[DP]  2.635495e-01
 iter:  55:1        |ddm|: 3.792757e-01     Tr[DP]  2.640233e-01
 iter:  55:2        |ddm|: 1.143393e-02     Tr[DP]  2.636310e-01
 iter:  56:1        |ddm|: 3.268869e-01     Tr[DP]  2.640826e-01
 iter:  56:2        |ddm|: 1.073312e-02     Tr[DP]  2.636994e-01
 iter:  57:1        |ddm|: 3.230751e-01     Tr[DP]  2.641039e-01
 iter:  57:2        |ddm|: 1.078746e-02     Tr[DP]  2.637584e-01
 iter:  58:1        |ddm|: 3.133423e-01     Tr[DP]  2.641251e-01
 iter:  58:2        |ddm|: 1.076408e-02     Tr[DP]  2.638101e-01
 iter:  59:1        |ddm|: 3.333959e-01     Tr[DP]  2.641229e-01
 iter:  59:2        |ddm|: 1.117027e-02     Tr[DP]  2.638561e-01
 iter:  60:1        |ddm|: 3.432992e-01     Tr[DP]  2.641387e-01
 iter:  60:2        |ddm|: 1.118572e-02     Tr[DP]  2.638997e-01
 iter:  61:1        |ddm|: 3.158620e-01     Tr[DP]  2.641648e-01
 iter:  61:2        |ddm|: 1.065607e-02     Tr[DP]  2.639363e-01
 iter:  62:1        |ddm|: 3.055062e-01     Tr[DP]  2.641753e-01
 iter:  62:2        |ddm|: 1.055438e-02     Tr[DP]  2.639665e-01
 iter:  63:1        |ddm|: 2.836992e-01     Tr[DP]  2.641827e-01
 iter:  63:2        |ddm|: 1.052031e-02     Tr[DP]  2.640009e-01
 iter:  64:1        |ddm|: 1.861463e-01     Tr[DP]  2.642197e-01
 iter:  64:2        |ddm|: 1.061443e-02     Tr[DP]  2.640586e-01
 iter:  65:1        |ddm|: 1.387087e-01     Tr[DP]  2.642713e-01
 iter:  65:2        |ddm|: 1.244871e-02     Tr[DP]  2.641068e-01
 iter:  66:1        |ddm|: 6.996194e-01     Tr[DP]  2.640940e-01
 iter:  66:2        |ddm|: 1.971009e-02     Tr[DP]  2.640191e-01
 iter:  67:1        |ddm|: 5.845993e-01     Tr[DP]  2.641153e-01
 iter:  67:2        |ddm|: 1.521123e-02     Tr[DP]  2.640149e-01
 iter:  68:1        |ddm|: 5.051280e-01     Tr[DP]  2.641229e-01
 iter:  68:2        |ddm|: 1.269696e-02     Tr[DP]  2.640181e-01
 iter:  69:1        |ddm|: 2.912311e-01     Tr[DP]  2.641672e-01
 iter:  69:2        |ddm|: 8.953078e-03     Tr[DP]  2.640471e-01
 iter:  70:1        |ddm|: 2.945991e-01     Tr[DP]  2.641594e-01
 iter:  70:2        |ddm|: 8.835268e-03     Tr[DP]  2.640459e-01
 iter:  71:1        |ddm|: 2.186575e-01     Tr[DP]  2.641663e-01
 iter:  71:2        |ddm|: 7.854761e-03     Tr[DP]  2.640689e-01
 iter:  72:1        |ddm|: 2.366699e-01     Tr[DP]  2.641537e-01
 iter:  72:2        |ddm|: 8.002467e-03     Tr[DP]  2.640712e-01
 iter:  73:1        |ddm|: 2.025860e-01     Tr[DP]  2.641537e-01
 iter:  73:2        |ddm|: 7.741338e-03     Tr[DP]  2.640754e-01
 iter:  74:1        |ddm|: 2.186807e-01     Tr[DP]  2.641422e-01
 iter:  74:2        |ddm|: 7.893397e-03     Tr[DP]  2.640745e-01
 iter:  75:1        |ddm|: 1.894549e-01     Tr[DP]  2.641394e-01
 iter:  75:2        |ddm|: 7.683162e-03     Tr[DP]  2.640807e-01
 iter:  76:1        |ddm|: 1.871584e-01     Tr[DP]  2.641321e-01
 iter:  76:2        |ddm|: 7.759519e-03     Tr[DP]  2.640843e-01
 iter:  77:1        |ddm|: 2.139685e-01     Tr[DP]  2.641186e-01
 iter:  77:2        |ddm|: 8.059938e-03     Tr[DP]  2.640782e-01
 iter:  78:1        |ddm|: 1.982504e-01     Tr[DP]  2.641137e-01
 iter:  78:2        |ddm|: 7.899285e-03     Tr[DP]  2.640786e-01
 iter:  79:1        |ddm|: 2.363241e-01     Tr[DP]  2.640976e-01
 iter:  79:2        |ddm|: 8.326376e-03     Tr[DP]  2.640681e-01
 iter:  80:1        |ddm|: 2.167996e-01     Tr[DP]  2.640915e-01
 iter:  80:2        |ddm|: 8.027805e-03     Tr[DP]  2.640645e-01
 iter:  81:1        |ddm|: 2.148758e-01     Tr[DP]  2.640824e-01
 iter:  81:2        |ddm|: 7.924369e-03     Tr[DP]  2.640601e-01
 iter:  82:1        |ddm|: 2.252969e-01     Tr[DP]  2.640716e-01
 iter:  82:2        |ddm|: 8.068502e-03     Tr[DP]  2.640504e-01
 iter:  83:1        |ddm|: 1.898638e-01     Tr[DP]  2.640698e-01
 iter:  83:2        |ddm|: 7.683903e-03     Tr[DP]  2.640516e-01
 iter:  84:1        |ddm|: 1.829795e-01     Tr[DP]  2.640640e-01
 iter:  84:2        |ddm|: 7.689853e-03     Tr[DP]  2.640513e-01
 iter:  85:1        |ddm|: 1.901446e-01     Tr[DP]  2.640582e-01
 iter:  85:2        |ddm|: 7.857788e-03     Tr[DP]  2.640478e-01
 iter:  86:1        |ddm|: 3.385299e-01     Tr[DP]  2.640225e-01
 iter:  86:2        |ddm|: 1.013694e-02     Tr[DP]  2.640130e-01
 iter:  87:1        |ddm|: 2.510655e-01     Tr[DP]  2.640204e-01
 iter:  87:2        |ddm|: 8.171773e-03     Tr[DP]  2.640076e-01
 iter:  88:1        |ddm|: 2.479275e-01     Tr[DP]  2.640077e-01
 iter:  88:2        |ddm|: 7.926107e-03     Tr[DP]  2.639950e-01
 iter:  89:1        |ddm|: 2.817345e-01     Tr[DP]  2.639868e-01
 iter:  89:2        |ddm|: 8.434519e-03     Tr[DP]  2.639746e-01
 iter:  90:1        |ddm|: 2.222214e-01     Tr[DP]  2.639789e-01
 iter:  90:2        |ddm|: 7.214440e-03     Tr[DP]  2.639668e-01
 iter:  91:1        |ddm|: 1.609028e-01     Tr[DP]  2.639753e-01
 iter:  91:2        |ddm|: 6.268094e-03     Tr[DP]  2.639664e-01
 iter:  92:1        |ddm|: 1.431373e-01     Tr[DP]  2.639682e-01
 iter:  92:2        |ddm|: 6.122073e-03     Tr[DP]  2.639647e-01
 iter:  93:1        |ddm|: 1.570579e-01     Tr[DP]  2.639578e-01
 iter:  93:2        |ddm|: 6.335646e-03     Tr[DP]  2.639576e-01
 iter:  94:1        |ddm|: 1.574093e-01     Tr[DP]  2.639498e-01
 iter:  94:2        |ddm|: 6.403603e-03     Tr[DP]  2.639517e-01
 iter:  95:1        |ddm|: 1.703833e-01     Tr[DP]  2.639402e-01
 iter:  95:2        |ddm|: 6.561521e-03     Tr[DP]  2.639433e-01
 iter:  96:1        |ddm|: 2.067659e-01     Tr[DP]  2.639260e-01
 iter:  96:2        |ddm|: 7.025801e-03     Tr[DP]  2.639274e-01
 iter:  97:1        |ddm|: 1.941347e-01     Tr[DP]  2.639166e-01
 iter:  97:2        |ddm|: 6.716148e-03     Tr[DP]  2.639174e-01
 iter:  98:1        |ddm|: 1.900783e-01     Tr[DP]  2.639062e-01
 iter:  98:2        |ddm|: 6.576609e-03     Tr[DP]  2.639066e-01
 iter:  99:1        |ddm|: 1.608633e-01     Tr[DP]  2.639000e-01
 iter:  99:2        |ddm|: 6.116190e-03     Tr[DP]  2.639019e-01
 iter: 100:1        |ddm|: 1.763158e-01     Tr[DP]  2.638889e-01
 iter: 100:2        |ddm|: 6.303915e-03     Tr[DP]  2.638912e-01
 iter: 101:1        |ddm|: 2.340425e-01     Tr[DP]  2.638697e-01
 iter: 101:2        |ddm|: 7.417042e-03     Tr[DP]  2.638687e-01
 iter: 102:1        |ddm|: 1.284435e-01     Tr[DP]  2.638723e-01
 iter: 102:2        |ddm|: 5.527171e-03     Tr[DP]  2.638732e-01
 iter: 103:1        |ddm|: 1.357208e-01     Tr[DP]  2.638635e-01
 iter: 103:2        |ddm|: 5.502048e-03     Tr[DP]  2.638672e-01
 iter: 104:1        |ddm|: 1.583560e-01     Tr[DP]  2.638532e-01
 iter: 104:2        |ddm|: 5.863933e-03     Tr[DP]  2.638570e-01
 iter: 105:1        |ddm|: 1.575249e-01     Tr[DP]  2.638450e-01
 iter: 105:2        |ddm|: 5.829134e-03     Tr[DP]  2.638489e-01
 iter: 106:1        |ddm|: 1.565756e-01     Tr[DP]  2.638368e-01
 iter: 106:2        |ddm|: 5.765702e-03     Tr[DP]  2.638410e-01
 iter: 107:1        |ddm|: 1.430331e-01     Tr[DP]  2.638311e-01
 iter: 107:2        |ddm|: 5.520448e-03     Tr[DP]  2.638356e-01
 iter: 108:1        |ddm|: 1.163029e-01     Tr[DP]  2.638291e-01
 iter: 108:2        |ddm|: 5.293135e-03     Tr[DP]  2.638361e-01
 iter: 109:1        |ddm|: 1.478547e-01     Tr[DP]  2.638204e-01
 iter: 109:2        |ddm|: 5.665984e-03     Tr[DP]  2.638286e-01
 iter: 110:1        |ddm|: 1.677575e-01     Tr[DP]  2.638118e-01
 iter: 110:2        |ddm|: 5.964241e-03     Tr[DP]  2.638187e-01
 iter: 111:1        |ddm|: 1.412335e-01     Tr[DP]  2.638089e-01
 iter: 111:2        |ddm|: 5.542445e-03     Tr[DP]  2.638159e-01
 iter: 112:1        |ddm|: 2.220830e-01     Tr[DP]  2.637921e-01
 iter: 112:2        |ddm|: 7.027993e-03     Tr[DP]  2.637959e-01
 iter: 113:1        |ddm|: 1.525986e-01     Tr[DP]  2.637906e-01
 iter: 113:2        |ddm|: 5.475267e-03     Tr[DP]  2.637925e-01
 iter: 114:1        |ddm|: 2.151077e-01     Tr[DP]  2.637742e-01
 iter: 114:2        |ddm|: 6.719720e-03     Tr[DP]  2.637733e-01
 iter: 115:1        |ddm|: 1.340094e-01     Tr[DP]  2.637730e-01
 iter: 115:2        |ddm|: 4.923246e-03     Tr[DP]  2.637713e-01
 iter: 116:1        |ddm|: 1.134747e-01     Tr[DP]  2.637681e-01
 iter: 116:2        |ddm|: 4.540196e-03     Tr[DP]  2.637684e-01
 iter: 117:1        |ddm|: 1.123773e-01     Tr[DP]  2.637622e-01
 iter: 117:2        |ddm|: 4.566327e-03     Tr[DP]  2.637645e-01
 iter: 118:1        |ddm|: 1.127301e-01     Tr[DP]  2.637570e-01
 iter: 118:2        |ddm|: 4.605452e-03     Tr[DP]  2.637607e-01
 iter: 119:1        |ddm|: 1.250293e-01     Tr[DP]  2.637506e-01
 iter: 119:2        |ddm|: 4.784170e-03     Tr[DP]  2.637550e-01
 iter: 120:1        |ddm|: 1.178402e-01     Tr[DP]  2.637465e-01
 iter: 120:2        |ddm|: 4.701019e-03     Tr[DP]  2.637514e-01
 iter: 121:1        |ddm|: 1.440890e-01     Tr[DP]  2.637390e-01
 iter: 121:2        |ddm|: 5.032683e-03     Tr[DP]  2.637427e-01
 iter: 122:1        |ddm|: 1.300011e-01     Tr[DP]  2.637347e-01
 iter: 122:2        |ddm|: 4.767783e-03     Tr[DP]  2.637382e-01
 iter: 123:1        |ddm|: 1.309905e-01     Tr[DP]  2.637294e-01
 iter: 123:2        |ddm|: 4.726963e-03     Tr[DP]  2.637325e-01
 iter: 124:1        |ddm|: 1.203997e-01     Tr[DP]  2.637253e-01
 iter: 124:2        |ddm|: 4.581533e-03     Tr[DP]  2.637290e-01
 iter: 125:1        |ddm|: 1.200007e-01     Tr[DP]  2.637211e-01
 iter: 125:2        |ddm|: 4.568847e-03     Tr[DP]  2.637251e-01
 iter: 126:1        |ddm|: 9.931731e-02     Tr[DP]  2.637194e-01
 iter: 126:2        |ddm|: 4.470490e-03     Tr[DP]  2.637244e-01
 iter: 127:1        |ddm|: 1.006639e-01     Tr[DP]  2.637169e-01
 iter: 127:2        |ddm|: 4.544804e-03     Tr[DP]  2.637232e-01
 iter: 128:1        |ddm|: 9.662514e-02     Tr[DP]  2.637156e-01
 iter: 128:2        |ddm|: 4.673963e-03     Tr[DP]  2.637236e-01
 iter: 129:1        |ddm|: 2.043859e-01     Tr[DP]  2.637029e-01
 iter: 129:2        |ddm|: 6.154918e-03     Tr[DP]  2.637075e-01
 iter: 130:1        |ddm|: 2.239944e-01     Tr[DP]  2.636934e-01
 iter: 130:2        |ddm|: 6.367413e-03     Tr[DP]  2.636928e-01
 iter: 131:1        |ddm|: 1.106674e-01     Tr[DP]  2.636958e-01
 iter: 131:2        |ddm|: 4.214872e-03     Tr[DP]  2.636944e-01
 iter: 132:1        |ddm|: 9.848993e-02     Tr[DP]  2.636922e-01
 iter: 132:2        |ddm|: 3.968742e-03     Tr[DP]  2.636927e-01
 iter: 133:1        |ddm|: 1.225523e-01     Tr[DP]  2.636859e-01
 iter: 133:2        |ddm|: 4.281706e-03     Tr[DP]  2.636871e-01
 iter: 134:1        |ddm|: 1.536292e-01     Tr[DP]  2.636781e-01
 iter: 134:2        |ddm|: 4.777754e-03     Tr[DP]  2.636782e-01
 iter: 135:1        |ddm|: 1.243132e-01     Tr[DP]  2.636750e-01
 iter: 135:2        |ddm|: 4.124434e-03     Tr[DP]  2.636746e-01
 iter: 136:1        |ddm|: 8.946934e-02     Tr[DP]  2.636732e-01
 iter: 136:2        |ddm|: 3.640462e-03     Tr[DP]  2.636738e-01
 iter: 137:1        |ddm|: 8.194411e-02     Tr[DP]  2.636704e-01
 iter: 137:2        |ddm|: 3.630113e-03     Tr[DP]  2.636725e-01
 iter: 138:1        |ddm|: 1.205595e-01     Tr[DP]  2.636644e-01
 iter: 138:2        |ddm|: 4.066119e-03     Tr[DP]  2.636658e-01
 iter: 139:1        |ddm|: 1.199570e-01     Tr[DP]  2.636599e-01
 iter: 139:2        |ddm|: 3.979489e-03     Tr[DP]  2.636609e-01
 iter: 140:1        |ddm|: 1.091241e-01     Tr[DP]  2.636566e-01
 iter: 140:2        |ddm|: 3.768648e-03     Tr[DP]  2.636573e-01
 iter: 141:1        |ddm|: 4.714128e-02     Tr[DP]  2.636589e-01
 iter: 141:2        |ddm|: 3.633374e-03     Tr[DP]  2.636624e-01
 iter: 142:1        |ddm|: 2.741827e-01     Tr[DP]  2.636396e-01
 iter: 142:2        |ddm|: 7.855376e-03     Tr[DP]  2.636368e-01
 iter: 143:1        |ddm|: 6.924478e-02     Tr[DP]  2.636461e-01
 iter: 143:2        |ddm|: 3.462037e-03     Tr[DP]  2.636445e-01
 iter: 144:1        |ddm|: 6.827210e-02     Tr[DP]  2.636419e-01
 iter: 144:2        |ddm|: 2.939730e-03     Tr[DP]  2.636427e-01
 iter: 145:1        |ddm|: 7.332370e-02     Tr[DP]  2.636386e-01
 iter: 145:2        |ddm|: 3.077107e-03     Tr[DP]  2.636405e-01
 iter: 146:1        |ddm|: 7.683464e-02     Tr[DP]  2.636357e-01
 iter: 146:2        |ddm|: 3.168415e-03     Tr[DP]  2.636382e-01
 iter: 147:1        |ddm|: 1.123127e-01     Tr[DP]  2.636305e-01
 iter: 147:2        |ddm|: 3.641105e-03     Tr[DP]  2.636321e-01
 iter: 148:1        |ddm|: 8.060669e-02     Tr[DP]  2.636288e-01
 iter: 148:2        |ddm|: 3.098519e-03     Tr[DP]  2.636309e-01
 iter: 149:1        |ddm|: 9.720951e-02     Tr[DP]  2.636249e-01
 iter: 149:2        |ddm|: 3.288382e-03     Tr[DP]  2.636268e-01
 iter: 150:1        |ddm|: 7.847976e-02     Tr[DP]  2.636231e-01
 iter: 150:2        |ddm|: 2.957581e-03     Tr[DP]  2.636252e-01
 iter: 151:1        |ddm|: 7.703363e-02     Tr[DP]  2.636206e-01
 iter: 151:2        |ddm|: 2.931030e-03     Tr[DP]  2.636232e-01
 iter: 152:1        |ddm|: 1.045558e-01     Tr[DP]  2.636161e-01
 iter: 152:2        |ddm|: 3.353085e-03     Tr[DP]  2.636181e-01
 iter: 153:1        |ddm|: 7.849034e-02     Tr[DP]  2.636144e-01
 iter: 153:2        |ddm|: 2.859899e-03     Tr[DP]  2.636167e-01
 iter: 154:1        |ddm|: 7.667038e-02     Tr[DP]  2.636120e-01
 iter: 154:2        |ddm|: 2.819313e-03     Tr[DP]  2.636145e-01
 iter: 155:1        |ddm|: 8.655501e-02     Tr[DP]  2.636089e-01
 iter: 155:2        |ddm|: 2.940846e-03     Tr[DP]  2.636112e-01
 iter: 156:1        |ddm|: 6.023175e-02     Tr[DP]  2.636078e-01
 iter: 156:2        |ddm|: 2.619019e-03     Tr[DP]  2.636111e-01
 iter: 157:1        |ddm|: 7.358964e-02     Tr[DP]  2.636053e-01
 iter: 157:2        |ddm|: 2.752033e-03     Tr[DP]  2.636085e-01
 iter: 158:1        |ddm|: 5.974902e-02     Tr[DP]  2.636042e-01
 iter: 158:2        |ddm|: 2.648397e-03     Tr[DP]  2.636079e-01
 iter: 159:1        |ddm|: 7.580337e-02     Tr[DP]  2.636019e-01
 iter: 159:2        |ddm|: 2.814351e-03     Tr[DP]  2.636053e-01
 iter: 160:1        |ddm|: 7.312060e-02     Tr[DP]  2.636004e-01
 iter: 160:2        |ddm|: 2.772291e-03     Tr[DP]  2.636037e-01
 iter: 161:1        |ddm|: 7.212354e-02     Tr[DP]  2.635989e-01
 iter: 161:2        |ddm|: 2.750678e-03     Tr[DP]  2.636021e-01
 iter: 162:1        |ddm|: 7.100585e-02     Tr[DP]  2.635975e-01
 iter: 162:2        |ddm|: 2.735640e-03     Tr[DP]  2.636007e-01
 iter: 163:1        |ddm|: 6.912535e-02     Tr[DP]  2.635963e-01
 iter: 163:2        |ddm|: 2.712362e-03     Tr[DP]  2.635995e-01
 iter: 164:1        |ddm|: 6.845719e-02     Tr[DP]  2.635951e-01
 iter: 164:2        |ddm|: 2.725319e-03     Tr[DP]  2.635983e-01
 iter: 165:1        |ddm|: 7.557236e-02     Tr[DP]  2.635936e-01
 iter: 165:2        |ddm|: 2.811079e-03     Tr[DP]  2.635964e-01
 iter: 166:1        |ddm|: 6.940127e-02     Tr[DP]  2.635926e-01
 iter: 166:2        |ddm|: 2.753588e-03     Tr[DP]  2.635957e-01
 iter: 167:1        |ddm|: 7.398023e-02     Tr[DP]  2.635914e-01
 iter: 167:2        |ddm|: 2.801783e-03     Tr[DP]  2.635943e-01
 iter: 168:1        |ddm|: 9.764459e-02     Tr[DP]  2.635892e-01
 iter: 168:2        |ddm|: 3.080143e-03     Tr[DP]  2.635910e-01
 iter: 169:1        |ddm|: 8.186886e-02     Tr[DP]  2.635880e-01
 iter: 169:2        |ddm|: 2.814735e-03     Tr[DP]  2.635900e-01
 iter: 170:1        |ddm|: 6.609638e-02     Tr[DP]  2.635874e-01
 iter: 170:2        |ddm|: 2.560325e-03     Tr[DP]  2.635896e-01
 iter: 171:1        |ddm|: 6.730338e-02     Tr[DP]  2.635863e-01
 iter: 171:2        |ddm|: 2.595850e-03     Tr[DP]  2.635886e-01
 iter: 172:1        |ddm|: 8.693394e-02     Tr[DP]  2.635841e-01
 iter: 172:2        |ddm|: 2.891258e-03     Tr[DP]  2.635860e-01
 iter: 173:1        |ddm|: 8.872205e-02     Tr[DP]  2.635822e-01
 iter: 173:2        |ddm|: 2.839937e-03     Tr[DP]  2.635842e-01
 iter: 174:1        |ddm|: 6.040316e-02     Tr[DP]  2.635823e-01
 iter: 174:2        |ddm|: 2.387111e-03     Tr[DP]  2.635845e-01
 iter: 175:1        |ddm|: 7.240696e-02     Tr[DP]  2.635806e-01
 iter: 175:2        |ddm|: 2.539504e-03     Tr[DP]  2.635826e-01
 iter: 176:1        |ddm|: 1.149526e-01     Tr[DP]  2.635769e-01
 iter: 176:2        |ddm|: 3.558458e-03     Tr[DP]  2.635786e-01
 iter: 177:1        |ddm|: 1.222810e-01     Tr[DP]  2.635730e-01
 iter: 177:2        |ddm|: 3.800627e-03     Tr[DP]  2.635740e-01
 iter: 178:1        |ddm|: 3.312522e-02     Tr[DP]  2.635766e-01
 iter: 178:2        |ddm|: 2.118537e-03     Tr[DP]  2.635779e-01
 iter: 179:1        |ddm|: 4.868995e-02     Tr[DP]  2.635740e-01
 iter: 179:2        |ddm|: 1.849899e-03     Tr[DP]  2.635761e-01
 iter: 180:1        |ddm|: 4.979556e-02     Tr[DP]  2.635725e-01
 iter: 180:2        |ddm|: 1.916287e-03     Tr[DP]  2.635747e-01
 iter: 181:1        |ddm|: 4.765106e-02     Tr[DP]  2.635715e-01
 iter: 181:2        |ddm|: 1.855730e-03     Tr[DP]  2.635733e-01
 iter: 182:1        |ddm|: 4.014021e-02     Tr[DP]  2.635704e-01
 iter: 182:2        |ddm|: 1.733293e-03     Tr[DP]  2.635727e-01
 iter: 183:1        |ddm|: 4.243976e-02     Tr[DP]  2.635694e-01
 iter: 183:2        |ddm|: 1.776454e-03     Tr[DP]  2.635718e-01
 iter: 184:1        |ddm|: 4.295758e-02     Tr[DP]  2.635685e-01
 iter: 184:2        |ddm|: 1.801724e-03     Tr[DP]  2.635710e-01
 iter: 185:1        |ddm|: 4.507114e-02     Tr[DP]  2.635676e-01
 iter: 185:2        |ddm|: 1.837018e-03     Tr[DP]  2.635700e-01
 iter: 186:1        |ddm|: 4.696176e-02     Tr[DP]  2.635667e-01
 iter: 186:2        |ddm|: 1.862662e-03     Tr[DP]  2.635691e-01
 iter: 187:1        |ddm|: 4.816260e-02     Tr[DP]  2.635659e-01
 iter: 187:2        |ddm|: 1.875520e-03     Tr[DP]  2.635681e-01
 iter: 188:1        |ddm|: 4.887776e-02     Tr[DP]  2.635652e-01
 iter: 188:2        |ddm|: 1.884585e-03     Tr[DP]  2.635673e-01
 iter: 189:1        |ddm|: 4.791175e-02     Tr[DP]  2.635645e-01
 iter: 189:2        |ddm|: 1.869271e-03     Tr[DP]  2.635666e-01
 iter: 190:1        |ddm|: 4.721401e-02     Tr[DP]  2.635639e-01
 iter: 190:2        |ddm|: 1.855437e-03     Tr[DP]  2.635659e-01
 iter: 191:1        |ddm|: 4.613802e-02     Tr[DP]  2.635634e-01
 iter: 191:2        |ddm|: 1.842523e-03     Tr[DP]  2.635654e-01
 iter: 192:1        |ddm|: 4.661695e-02     Tr[DP]  2.635628e-01
 iter: 192:2        |ddm|: 1.873116e-03     Tr[DP]  2.635648e-01
 iter: 193:1        |ddm|: 6.012553e-02     Tr[DP]  2.635617e-01
 iter: 193:2        |ddm|: 2.078737e-03     Tr[DP]  2.635634e-01
 iter: 194:1        |ddm|: 5.802384e-02     Tr[DP]  2.635610e-01
 iter: 194:2        |ddm|: 2.010645e-03     Tr[DP]  2.635624e-01
 iter: 195:1        |ddm|: 7.661949e-02     Tr[DP]  2.635593e-01
 iter: 195:2        |ddm|: 2.480838e-03     Tr[DP]  2.635602e-01
 iter: 196:1        |ddm|: 5.308110e-02     Tr[DP]  2.635589e-01
 iter: 196:2        |ddm|: 1.844143e-03     Tr[DP]  2.635599e-01
 iter: 197:1        |ddm|: 6.036751e-02     Tr[DP]  2.635576e-01
 iter: 197:2        |ddm|: 2.003165e-03     Tr[DP]  2.635584e-01
 iter: 198:1        |ddm|: 3.968084e-02     Tr[DP]  2.635574e-01
 iter: 198:2        |ddm|: 1.513706e-03     Tr[DP]  2.635584e-01
 iter: 199:1        |ddm|: 3.233151e-02     Tr[DP]  2.635569e-01
 iter: 199:2        |ddm|: 1.366027e-03     Tr[DP]  2.635582e-01
 iter: 200:1        |ddm|: 3.183192e-02     Tr[DP]  2.635563e-01
 iter: 200:2        |ddm|: 1.369482e-03     Tr[DP]  2.635578e-01
 iter: 201:1        |ddm|: 3.676443e-02     Tr[DP]  2.635556e-01
 iter: 201:2        |ddm|: 1.452880e-03     Tr[DP]  2.635571e-01
 iter: 202:1        |ddm|: 3.904370e-02     Tr[DP]  2.635549e-01
 iter: 202:2        |ddm|: 1.482545e-03     Tr[DP]  2.635563e-01
 iter: 203:1        |ddm|: 3.414692e-02     Tr[DP]  2.635545e-01
 iter: 203:2        |ddm|: 1.405129e-03     Tr[DP]  2.635560e-01
 iter: 204:1        |ddm|: 3.620514e-02     Tr[DP]  2.635540e-01
 iter: 204:2        |ddm|: 1.429879e-03     Tr[DP]  2.635554e-01
 iter: 205:1        |ddm|: 4.324985e-02     Tr[DP]  2.635533e-01
 iter: 205:2        |ddm|: 1.544566e-03     Tr[DP]  2.635544e-01
 iter: 206:1        |ddm|: 3.335867e-02     Tr[DP]  2.635530e-01
 iter: 206:2        |ddm|: 1.380061e-03     Tr[DP]  2.635543e-01
 iter: 207:1        |ddm|: 3.598947e-02     Tr[DP]  2.635525e-01
 iter: 207:2        |ddm|: 1.414189e-03     Tr[DP]  2.635539e-01
 iter: 208:1        |ddm|: 3.929796e-02     Tr[DP]  2.635520e-01
 iter: 208:2        |ddm|: 1.462520e-03     Tr[DP]  2.635533e-01
 iter: 209:1        |ddm|: 4.291688e-02     Tr[DP]  2.635514e-01
 iter: 209:2        |ddm|: 1.524808e-03     Tr[DP]  2.635525e-01
 iter: 210:1        |ddm|: 3.400364e-02     Tr[DP]  2.635513e-01
 iter: 210:2        |ddm|: 1.356417e-03     Tr[DP]  2.635524e-01
 iter: 211:1        |ddm|: 3.703647e-02     Tr[DP]  2.635508e-01
 iter: 211:2        |ddm|: 1.397516e-03     Tr[DP]  2.635519e-01
 iter: 212:1        |ddm|: 4.707308e-02     Tr[DP]  2.635500e-01
 iter: 212:2        |ddm|: 1.614646e-03     Tr[DP]  2.635509e-01
 iter: 213:1        |ddm|: 1.731601e-02     Tr[DP]  2.635510e-01
 iter: 213:2        |ddm|: 1.576628e-03     Tr[DP]  2.635523e-01
 iter: 214:1        |ddm|: 3.698445e-02     Tr[DP]  2.635501e-01
 iter: 214:2        |ddm|: 1.475181e-03     Tr[DP]  2.635514e-01
 iter: 215:1        |ddm|: 7.067351e-02     Tr[DP]  2.635488e-01
 iter: 215:2        |ddm|: 2.329233e-03     Tr[DP]  2.635491e-01
 iter: 216:1        |ddm|: 4.809915e-02     Tr[DP]  2.635484e-01
 iter: 216:2        |ddm|: 1.600205e-03     Tr[DP]  2.635490e-01
 iter: 217:1        |ddm|: 3.927135e-02     Tr[DP]  2.635482e-01
 iter: 217:2        |ddm|: 1.366453e-03     Tr[DP]  2.635488e-01
 iter: 218:1        |ddm|: 4.827601e-02     Tr[DP]  2.635473e-01
 iter: 218:2        |ddm|: 1.623716e-03     Tr[DP]  2.635478e-01
 iter: 219:1        |ddm|: 2.585260e-02     Tr[DP]  2.635474e-01
 iter: 219:2        |ddm|: 1.070100e-03     Tr[DP]  2.635481e-01
 iter: 220:1        |ddm|: 2.835092e-02     Tr[DP]  2.635469e-01
 iter: 220:2        |ddm|: 1.071764e-03     Tr[DP]  2.635477e-01
 iter: 221:1        |ddm|: 2.381497e-02     Tr[DP]  2.635466e-01
 iter: 221:2        |ddm|: 1.005435e-03     Tr[DP]  2.635475e-01
 iter: 222:1        |ddm|: 2.156799e-02     Tr[DP]  2.635464e-01
 iter: 222:2        |ddm|: 1.000796e-03     Tr[DP]  2.635474e-01
 iter: 223:1        |ddm|: 2.785803e-02     Tr[DP]  2.635459e-01
 iter: 223:2        |ddm|: 1.086943e-03     Tr[DP]  2.635469e-01
 iter: 224:1        |ddm|: 3.538644e-02     Tr[DP]  2.635454e-01
 iter: 224:2        |ddm|: 1.234906e-03     Tr[DP]  2.635461e-01
 iter: 225:1        |ddm|: 1.976639e-02     Tr[DP]  2.635454e-01
 iter: 225:2        |ddm|: 9.981610e-04     Tr[DP]  2.635464e-01
 iter: 226:1        |ddm|: 4.099663e-02     Tr[DP]  2.635446e-01
 iter: 226:2        |ddm|: 1.377740e-03     Tr[DP]  2.635453e-01
 iter: 227:1        |ddm|: 2.882850e-02     Tr[DP]  2.635445e-01
 iter: 227:2        |ddm|: 1.060646e-03     Tr[DP]  2.635451e-01
 iter: 228:1        |ddm|: 2.904004e-02     Tr[DP]  2.635441e-01
 iter: 228:2        |ddm|: 1.046583e-03     Tr[DP]  2.635446e-01
 iter: 229:1        |ddm|: 1.334290e-02     Tr[DP]  2.635442e-01
 iter: 229:2        |ddm|: 9.198499e-04     Tr[DP]  2.635452e-01
 iter: 230:1        |ddm|: 2.500008e-02     Tr[DP]  2.635437e-01
 iter: 230:2        |ddm|: 9.849907e-04     Tr[DP]  2.635447e-01
 iter: 231:1        |ddm|: 3.478125e-02     Tr[DP]  2.635432e-01
 iter: 231:2        |ddm|: 1.197983e-03     Tr[DP]  2.635439e-01
 iter: 232:1        |ddm|: 2.881457e-02     Tr[DP]  2.635430e-01
 iter: 232:2        |ddm|: 1.030852e-03     Tr[DP]  2.635436e-01
 iter: 233:1        |ddm|: 2.303732e-02     Tr[DP]  2.635429e-01
 iter: 233:2        |ddm|: 8.995833e-04     Tr[DP]  2.635435e-01
 iter: 234:1        |ddm|: 1.949849e-02     Tr[DP]  2.635427e-01
 iter: 234:2        |ddm|: 8.536931e-04     Tr[DP]  2.635435e-01
 iter: 235:1        |ddm|: 2.503806e-02     Tr[DP]  2.635424e-01
 iter: 235:2        |ddm|: 9.366378e-04     Tr[DP]  2.635431e-01
 iter: 236:1        |ddm|: 2.534575e-02     Tr[DP]  2.635422e-01
 iter: 236:2        |ddm|: 9.398594e-04     Tr[DP]  2.635428e-01
 iter: 237:1        |ddm|: 2.829116e-02     Tr[DP]  2.635419e-01
 iter: 237:2        |ddm|: 9.914855e-04     Tr[DP]  2.635424e-01
 iter: 238:1        |ddm|: 2.820212e-02     Tr[DP]  2.635416e-01
 iter: 238:2        |ddm|: 9.824042e-04     Tr[DP]  2.635420e-01
 iter: 239:1        |ddm|: 1.969099e-02     Tr[DP]  2.635415e-01
 iter: 239:2        |ddm|: 7.950192e-04     Tr[DP]  2.635420e-01
 iter: 240:1        |ddm|: 1.600059e-02     Tr[DP]  2.635414e-01
 iter: 240:2        |ddm|: 7.567275e-04     Tr[DP]  2.635421e-01
 iter: 241:1        |ddm|: 1.162256e-02     Tr[DP]  2.635414e-01
 iter: 241:2        |ddm|: 8.243247e-04     Tr[DP]  2.635423e-01
 iter: 242:1        |ddm|: 2.382199e-02     Tr[DP]  2.635411e-01
 iter: 242:2        |ddm|: 9.165890e-04     Tr[DP]  2.635419e-01
 iter: 243:1        |ddm|: 3.447212e-02     Tr[DP]  2.635407e-01
 iter: 243:2        |ddm|: 1.148041e-03     Tr[DP]  2.635412e-01
 iter: 244:1        |ddm|: 3.232637e-02     Tr[DP]  2.635405e-01
 iter: 244:2        |ddm|: 1.078548e-03     Tr[DP]  2.635408e-01
 iter: 245:1        |ddm|: 2.954005e-02     Tr[DP]  2.635403e-01
 iter: 245:2        |ddm|: 1.001149e-03     Tr[DP]  2.635405e-01
 iter: 246:1        |ddm|: 9.840043e-03     Tr[DP]  2.635406e-01
 iter: 246:2        |ddm|: 8.394713e-04     Tr[DP]  2.635413e-01
 iter: 247:1        |ddm|: 2.284738e-02     Tr[DP]  2.635401e-01
 iter: 247:2        |ddm|: 8.296886e-04     Tr[DP]  2.635407e-01
 iter: 248:1        |ddm|: 1.670955e-02     Tr[DP]  2.635401e-01
 iter: 248:2        |ddm|: 7.386402e-04     Tr[DP]  2.635407e-01
 iter: 249:1        |ddm|: 2.193714e-02     Tr[DP]  2.635399e-01
 iter: 249:2        |ddm|: 8.084127e-04     Tr[DP]  2.635405e-01
 iter: 250:1        |ddm|: 2.218458e-02     Tr[DP]  2.635398e-01
 iter: 250:2        |ddm|: 8.076664e-04     Tr[DP]  2.635403e-01
 iter: 251:1        |ddm|: 2.934656e-02     Tr[DP]  2.635395e-01
 iter: 251:2        |ddm|: 9.811648e-04     Tr[DP]  2.635398e-01
 iter: 252:1        |ddm|: 2.013431e-02     Tr[DP]  2.635394e-01
 iter: 252:2        |ddm|: 7.405973e-04     Tr[DP]  2.635398e-01
 iter: 253:1        |ddm|: 1.704664e-02     Tr[DP]  2.635393e-01
 iter: 253:2        |ddm|: 6.677407e-04     Tr[DP]  2.635398e-01
 iter: 254:1        |ddm|: 1.219292e-02     Tr[DP]  2.635393e-01
 iter: 254:2        |ddm|: 6.414040e-04     Tr[DP]  2.635399e-01
 iter: 255:1        |ddm|: 1.720474e-02     Tr[DP]  2.635392e-01
 iter: 255:2        |ddm|: 6.958591e-04     Tr[DP]  2.635397e-01
 iter: 256:1        |ddm|: 1.941154e-02     Tr[DP]  2.635390e-01
 iter: 256:2        |ddm|: 7.323478e-04     Tr[DP]  2.635395e-01
 iter: 257:1        |ddm|: 1.782449e-02     Tr[DP]  2.635390e-01
 iter: 257:2        |ddm|: 7.066003e-04     Tr[DP]  2.635395e-01
 iter: 258:1        |ddm|: 2.001493e-02     Tr[DP]  2.635389e-01
 iter: 258:2        |ddm|: 7.438708e-04     Tr[DP]  2.635393e-01
 iter: 259:1        |ddm|: 2.746455e-02     Tr[DP]  2.635386e-01
 iter: 259:2        |ddm|: 9.024201e-04     Tr[DP]  2.635389e-01
 iter: 260:1        |ddm|: 2.037787e-02     Tr[DP]  2.635386e-01
 iter: 260:2        |ddm|: 7.204451e-04     Tr[DP]  2.635389e-01
 iter: 261:1        |ddm|: 1.765328e-02     Tr[DP]  2.635385e-01
 iter: 261:2        |ddm|: 6.525010e-04     Tr[DP]  2.635389e-01
 iter: 262:1        |ddm|: 1.693706e-02     Tr[DP]  2.635384e-01
 iter: 262:2        |ddm|: 6.330812e-04     Tr[DP]  2.635388e-01
 iter: 263:1        |ddm|: 1.716091e-02     Tr[DP]  2.635383e-01
 iter: 263:2        |ddm|: 6.336798e-04     Tr[DP]  2.635387e-01
 iter: 264:1        |ddm|: 1.694186e-02     Tr[DP]  2.635382e-01
 iter: 264:2        |ddm|: 6.206479e-04     Tr[DP]  2.635386e-01
 iter: 265:1        |ddm|: 2.105512e-02     Tr[DP]  2.635380e-01
 iter: 265:2        |ddm|: 7.186842e-04     Tr[DP]  2.635383e-01
 iter: 266:1        |ddm|: 7.387878e-03     Tr[DP]  2.635382e-01
 iter: 266:2        |ddm|: 6.706844e-04     Tr[DP]  2.635388e-01
 iter: 267:1        |ddm|: 7.645222e-03     Tr[DP]  2.635382e-01
 iter: 267:2        |ddm|: 6.456022e-04     Tr[DP]  2.635388e-01
 iter: 268:1        |ddm|: 4.329741e-02     Tr[DP]  2.635376e-01
 iter: 268:2        |ddm|: 1.474020e-03     Tr[DP]  2.635377e-01
 iter: 269:1        |ddm|: 1.118758e-02     Tr[DP]  2.635379e-01
 iter: 269:2        |ddm|: 6.209646e-04     Tr[DP]  2.635382e-01
 iter: 270:1        |ddm|: 1.659260e-02     Tr[DP]  2.635377e-01
 iter: 270:2        |ddm|: 5.882579e-04     Tr[DP]  2.635380e-01
 iter: 271:1        |ddm|: 1.764691e-02     Tr[DP]  2.635376e-01
 iter: 271:2        |ddm|: 6.231750e-04     Tr[DP]  2.635379e-01
 iter: 272:1        |ddm|: 1.377395e-02     Tr[DP]  2.635376e-01
 iter: 272:2        |ddm|: 5.335543e-04     Tr[DP]  2.635379e-01
 iter: 273:1        |ddm|: 1.103889e-02     Tr[DP]  2.635375e-01
 iter: 273:2        |ddm|: 5.014737e-04     Tr[DP]  2.635379e-01
 iter: 274:1        |ddm|: 1.629804e-02     Tr[DP]  2.635374e-01
 iter: 274:2        |ddm|: 5.831516e-04     Tr[DP]  2.635377e-01
 iter: 275:1        |ddm|: 1.953587e-02     Tr[DP]  2.635373e-01
 iter: 275:2        |ddm|: 6.648588e-04     Tr[DP]  2.635375e-01
 iter: 276:1        |ddm|: 9.034421e-03     Tr[DP]  2.635373e-01
 iter: 276:2        |ddm|: 4.828457e-04     Tr[DP]  2.635377e-01
 iter: 277:1        |ddm|: 1.579883e-02     Tr[DP]  2.635372e-01
 iter: 277:2        |ddm|: 5.601931e-04     Tr[DP]  2.635375e-01
 iter: 278:1        |ddm|: 1.592112e-02     Tr[DP]  2.635371e-01
 iter: 278:2        |ddm|: 5.613767e-04     Tr[DP]  2.635374e-01
 iter: 279:1        |ddm|: 1.019366e-02     Tr[DP]  2.635371e-01
 iter: 279:2        |ddm|: 4.596547e-04     Tr[DP]  2.635375e-01
 iter: 280:1        |ddm|: 1.470423e-02     Tr[DP]  2.635370e-01
 iter: 280:2        |ddm|: 5.263532e-04     Tr[DP]  2.635373e-01
 iter: 281:1        |ddm|: 1.384596e-02     Tr[DP]  2.635369e-01
 iter: 281:2        |ddm|: 5.062816e-04     Tr[DP]  2.635372e-01
 iter: 282:1        |ddm|: 1.152991e-02     Tr[DP]  2.635369e-01
 iter: 282:2        |ddm|: 4.593739e-04     Tr[DP]  2.635372e-01
 iter: 283:1        |ddm|: 1.315526e-02     Tr[DP]  2.635368e-01
 iter: 283:2        |ddm|: 4.851171e-04     Tr[DP]  2.635371e-01
 iter: 284:1        |ddm|: 1.183021e-02     Tr[DP]  2.635368e-01
 iter: 284:2        |ddm|: 4.594830e-04     Tr[DP]  2.635371e-01
 iter: 285:1        |ddm|: 1.147608e-02     Tr[DP]  2.635368e-01
 iter: 285:2        |ddm|: 4.523997e-04     Tr[DP]  2.635371e-01
 iter: 286:1        |ddm|: 1.129911e-02     Tr[DP]  2.635367e-01
 iter: 286:2        |ddm|: 4.513600e-04     Tr[DP]  2.635370e-01
 iter: 287:1        |ddm|: 1.227081e-02     Tr[DP]  2.635367e-01
 iter: 287:2        |ddm|: 4.661814e-04     Tr[DP]  2.635370e-01
 iter: 288:1        |ddm|: 1.123627e-02     Tr[DP]  2.635366e-01
 iter: 288:2        |ddm|: 4.526416e-04     Tr[DP]  2.635370e-01
 iter: 289:1        |ddm|: 1.349854e-02     Tr[DP]  2.635366e-01
 iter: 289:2        |ddm|: 4.864654e-04     Tr[DP]  2.635369e-01
 iter: 290:1        |ddm|: 1.365118e-02     Tr[DP]  2.635365e-01
 iter: 290:2        |ddm|: 4.857832e-04     Tr[DP]  2.635368e-01
 iter: 291:1        |ddm|: 1.050402e-02     Tr[DP]  2.635365e-01
 iter: 291:2        |ddm|: 4.337386e-04     Tr[DP]  2.635368e-01
 iter: 292:1        |ddm|: 1.402011e-02     Tr[DP]  2.635365e-01
 iter: 292:2        |ddm|: 4.910574e-04     Tr[DP]  2.635367e-01
 iter: 293:1        |ddm|: 1.127927e-02     Tr[DP]  2.635365e-01
 iter: 293:2        |ddm|: 4.364504e-04     Tr[DP]  2.635367e-01
 iter: 294:1        |ddm|: 1.021798e-02     Tr[DP]  2.635365e-01
 iter: 294:2        |ddm|: 4.255563e-04     Tr[DP]  2.635367e-01
 iter: 295:1        |ddm|: 1.015097e-02     Tr[DP]  2.635364e-01
 iter: 295:2        |ddm|: 4.328427e-04     Tr[DP]  2.635367e-01
 iter: 296:1        |ddm|: 1.062918e-02     Tr[DP]  2.635364e-01
 iter: 296:2        |ddm|: 4.473534e-04     Tr[DP]  2.635367e-01
 iter: 297:1        |ddm|: 2.498373e-02     Tr[DP]  2.635362e-01
 iter: 297:2        |ddm|: 8.229656e-04     Tr[DP]  2.635363e-01
 iter: 298:1        |ddm|: 1.089732e-02     Tr[DP]  2.635363e-01
 iter: 298:2        |ddm|: 4.269502e-04     Tr[DP]  2.635365e-01
 iter: 299:1        |ddm|: 9.351291e-03     Tr[DP]  2.635363e-01
 iter: 299:2        |ddm|: 3.769609e-04     Tr[DP]  2.635365e-01
 iter: 300:1        |ddm|: 1.779013e-02     Tr[DP]  2.635362e-01
 iter: 300:2        |ddm|: 5.984149e-04     Tr[DP]  2.635363e-01
                         Freeze-and-Thaw NOT converged!                         

=================== Subsystem 1 at higher mean-field method ====================
  subiter:   1      |ddm|: 1.853317e+01
  subiter:   2      |ddm|: 2.292261e+00
  subiter:   3      |ddm|: 9.491705e-01
  subiter:   4      |ddm|: 4.499086e-01
  subiter:   5      |ddm|: 5.492870e-02
  subiter:   6      |ddm|: 1.463860e-02
  subiter:   7      |ddm|: 4.560596e-03
  subiter:   8      |ddm|: 2.130511e-03
  subiter:   9      |ddm|: 2.936417e-04
  subiter:  10      |ddm|: 2.640322e-04
  subiter:  11      |ddm|: 7.714221e-05
  subiter:  12      |ddm|: 8.863064e-05
  subiter:  13      |ddm|: 1.375185e-05
  subiter:  14      |ddm|: 1.694757e-05
  subiter:  15      |ddm|: 5.045431e-06
  subiter:  16      |ddm|: 2.013689e-06
  subiter:  17      |ddm|: 9.127161e-07
  subiter:  18      |ddm|: 3.324459e-07
  subiter:  19      |ddm|: 1.651682e-07
  subiter:  20      |ddm|: 1.605493e-07
  subiter:  21      |ddm|: 6.133053e-08
  subiter:  22      |ddm|: 1.270085e-07
  subiter:  23      |ddm|: 1.034399e-07
  subiter:  24      |ddm|: 8.207650e-08
  subiter:  25      |ddm|: 1.369050e-07
  subiter:  26      |ddm|: 5.456103e-08
  subiter:  27      |ddm|: 5.444878e-08
  subiter:  28      |ddm|: 1.089874e-07
  subiter:  29      |ddm|: 7.253585e-08
  subiter:  30      |ddm|: 4.268031e-08
  subiter:  31      |ddm|: 8.307475e-08
  subiter:  32      |ddm|: 7.773565e-08
  subiter:  33      |ddm|: 5.875215e-08
  subiter:  34      |ddm|: 6.953990e-08
  subiter:  35      |ddm|: 1.439906e-07
  subiter:  36      |ddm|: 3.671147e-08
  subiter:  37      |ddm|: 4.361582e-08
  subiter:  38      |ddm|: 8.295284e-08
  subiter:  39      |ddm|: 7.713738e-08
  subiter:  40      |ddm|: 8.428896e-08
  subiter:  41      |ddm|: 3.644896e-08
  subiter:  42      |ddm|: 4.310733e-08
  subiter:  43      |ddm|: 6.089872e-08
  subiter:  44      |ddm|: 6.043474e-08
  subiter:  45      |ddm|: 6.182017e-08
  subiter:  46      |ddm|: 8.197176e-08
  subiter:  47      |ddm|: 8.597857e-08
  subiter:  48      |ddm|: 4.797419e-08
  subiter:  49      |ddm|: 5.711143e-08
  subiter:  50      |ddm|: 5.267317e-08
  subiter:  51      |ddm|: 6.803318e-08
  subiter:  52      |ddm|: 8.851827e-08
  subiter:  53      |ddm|: 1.087464e-07
  subiter:  54      |ddm|: 5.811730e-08
  subiter:  55      |ddm|: 6.456991e-08
  subiter:  56      |ddm|: 8.422537e-08
  subiter:  57      |ddm|: 8.563575e-08
  subiter:  58      |ddm|: 4.525562e-08
  subiter:  59      |ddm|: 5.600749e-08
  subiter:  60      |ddm|: 8.199596e-08
  subiter:  61      |ddm|: 9.060641e-08
  subiter:  62      |ddm|: 5.137381e-08
  subiter:  63      |ddm|: 7.506762e-08
  subiter:  64      |ddm|: 1.117874e-07
  subiter:  65      |ddm|: 3.893751e-08
  subiter:  66      |ddm|: 6.798786e-08
  subiter:  67      |ddm|: 9.590604e-08
  subiter:  68      |ddm|: 7.123438e-08
  subiter:  69      |ddm|: 5.808941e-08
  subiter:  70      |ddm|: 1.131703e-07
  subiter:  71      |ddm|: 7.673390e-08
  subiter:  72      |ddm|: 5.159307e-08
  subiter:  73      |ddm|: 1.328617e-07
  subiter:  74      |ddm|: 4.319574e-08
  subiter:  75      |ddm|: 5.540908e-08
  subiter:  76      |ddm|: 9.688341e-08
  subiter:  77      |ddm|: 1.097775e-07
  subiter:  78      |ddm|: 3.759913e-08
  subiter:  79      |ddm|: 7.895340e-08
  subiter:  80      |ddm|: 4.954149e-08
  subiter:  81      |ddm|: 8.996442e-08
  subiter:  82      |ddm|: 7.033439e-08
  subiter:  83      |ddm|: 9.024619e-08
  subiter:  84      |ddm|: 5.911086e-08
  subiter:  85      |ddm|: 6.121133e-08
  subiter:  86      |ddm|: 9.013885e-08
  subiter:  87      |ddm|: 7.665385e-08
  subiter:  88      |ddm|: 5.269769e-08
  subiter:  89      |ddm|: 7.847746e-08
  subiter:  90      |ddm|: 7.733556e-08
  subiter:  91      |ddm|: 9.211078e-08
  subiter:  92      |ddm|: 6.977317e-08
  subiter:  93      |ddm|: 9.514777e-08
  subiter:  94      |ddm|: 6.747792e-08
  subiter:  95      |ddm|: 8.652529e-08
  subiter:  96      |ddm|: 1.050488e-07
  subiter:  97      |ddm|: 1.434671e-07
  subiter:  98      |ddm|: 4.945100e-08
  subiter:  99      |ddm|: 5.358468e-08
  subiter: 100      |ddm|: 8.946513e-08


******** <class 'pyscf.scf.hf.RHF'> flags ********
method = RHF
initial guess = minao
damping factor = 0
level shift factor = 0
DIIS = <class 'pyscf.scf.diis.CDIIS'>
DIIS start cycle = 1
DIIS space = 8
SCF tol = 1e-09
SCF gradient tol = None
max. SCF cycles = 100
direct_scf = True
direct_scf_tol = 1e-13
chkfile to save SCF result = /panfs/roc/scratch/graha682/D120/201712_augccpVDZ_NEVPT2_m06_120_10c12h24/tmpyP_gZv
max_memory 4000 MB (current use 281 MB)
Set gradient conv threshold to 3.16228e-05
init E= -387.887790254443
  HOMO = -0.279755484416954  LUMO = 0.0360920917398398
cycle= 1 E= -387.88779025444  delta_E= 2.61e-12  |g|= 9.68e-10  |ddm|= 2.59e-07
  HOMO = -0.279755484416966  LUMO = 0.0360920917342051
Extra cycle  E= -387.887790254453  delta_E= -1.25e-11  |g|= 1.74e-09  |ddm|= 7.81e-07
converged SCF energy = -387.887790254453


******** <class 'pyscf.dft.rks.RKS'> flags ********
method = RKS
initial guess = atom
damping factor = 0
level shift factor = 0.0
DIIS = <class 'pyscf.scf.diis.CDIIS'>
DIIS start cycle = 1
DIIS space = 8
SCF tol = 1e-08
SCF gradient tol = 1e-08
max. SCF cycles = 1
direct_scf = True
direct_scf_tol = 1e-13
chkfile to save SCF result = /panfs/roc/scratch/graha682/D120/201712_augccpVDZ_NEVPT2_m06_120_10c12h24/tmpbFexLd
max_memory 4000 MB (current use 294 MB)
XC functionals = m06
small_rho_cutoff = 1e-20
radial grids: Treutler-Ahlrichs (JCP 102, 346 (M4)) radial grids
becke partition: Becke, JCP, 88, 2547 (1988)
pruning grids: <function nwchem_prune at 0x15ae5f0>
grids dens level: 4
symmetrized grids: False
atomic radii adjust function: <function treutler_atomic_radii_adjust at 0x15ae488>
init E= -390.484238807206
  HOMO = -0.203046688378828  LUMO = -0.0465446919346366
cycle= 1 E= -390.48423882248  delta_E= -1.53e-08  |g|= 0.000112  |ddm|= 0.0119
  HOMO = -0.203046376884853  LUMO = -0.0465435889488237
Extra cycle  E= -390.484238820051  delta_E= 2.43e-09  |g|= 0.000162  |ddm|= 0.00583
SCF not converged.
SCF energy = -390.484238820051 after 1 cycles
 iter: 301:1        |ddm|: 2.028339e+01     Tr[DP]  3.523570e-01

******** <class 'pyscf.mcscf.mc1step.CASSCF'> flags ********
CAS (1e+1e, 2o), ncore = 38, nvir = 352
max_cycle_macro = 50
max_cycle_micro = 4
conv_tol = 1e-07
conv_tol_grad = None
orbital rotation max_stepsize = 0.02
augmented hessian ah_max_cycle = 30
augmented hessian ah_conv_tol = 1e-12
augmented hessian ah_linear dependence = 1e-14
augmented hessian ah_level shift = 0
augmented hessian ah_start_tol = 2.5
augmented hessian ah_start_cycle = 3
augmented hessian ah_grad_trust_region = 3
kf_trust_region = 3
kf_interval = 4
ci_response_space = 4
ci_grad_trust_region = 3
with_dep4 0
natorb = False
canonicalization = True
sorting_mo_energy = False
chkfile = /panfs/roc/scratch/graha682/D120/201712_augccpVDZ_NEVPT2_m06_120_10c12h24/tmpyP_gZv
max_memory 4000 MB (current use 301 MB)
internal_rotation = False
******** <class 'pyscf.fci.direct_spin1.FCISolver'> flags ********
max. cycles = 50
conv_tol = 1e-08
davidson only = False
linear dependence = 1e-10
level shift = 0.001
max iter space = 12
max_memory 4000 MB
nroots = 1
pspace_size = 400
spin = None
CASCI E = -387.887790380428  S^2 = 0.0000000
Set conv_tol_grad to 0.000316228
macro iter 1 (1 JK  1 micro), CASSCF E = -387.887790380427  dE = 4.5474735e-13  S^2 = 0.0000000
               |grad[o]|=3.98e-06  |grad[c]|= 5.61677749516e-14  |ddm|=    0
1-step CASSCF converged in 1 macro (1 JK 1 micro) steps
CASSCF canonicalization
CASSCF energy = -387.887790380427
Hartree-Fock Energy:  -387.88779025445257
CAS Correlation:       -0.00000012597462
CAS Energy:          -387.88779038042719
Sr    (-1)',   E = -0.00003422627618
Si    (+1)',   E = -0.00000004913779
Sijrs (0)  ,   E = -1.39245115375047
Sijr  (+1) ,   E = -0.00262362940234
Srsi  (-1) ,   E = -0.12079037964522
Srs   (-2) ,   E = -0.01405730425221
Sij   (+2) ,   E = -0.00000488627526
Sir   (0)' ,   E = -0.00019294556322
Nevpt2 Energy = -1.530154574302705
NEVPT2 =   -1.530154574302705
Total NEVPT2 = -389.417944954729876

============================== Supermolecular DFT ==============================
  subiter:   1      |ddm|: 1.169579e+02
  subiter:   2      |ddm|: 1.432656e+00
  subiter:   3      |ddm|: 6.119502e-01
  subiter:   4      |ddm|: 1.510346e-01
  subiter:   5      |ddm|: 7.835579e-02
  subiter:   6      |ddm|: 1.375310e-02
  subiter:   7      |ddm|: 5.235855e-03
  subiter:   8      |ddm|: 1.390479e-03
  subiter:   9      |ddm|: 4.601631e-04
  subiter:  10      |ddm|: 1.540473e-04
  subiter:  11      |ddm|: 4.261868e-05
  subiter:  12      |ddm|: 1.173907e-05
  subiter:  13      |ddm|: 4.189060e-06
  subiter:  14      |ddm|: 1.619054e-06
  subiter:  15      |ddm|: 1.011713e-06
  subiter:  16      |ddm|: 2.344572e-07
  subiter:  17      |ddm|: 8.187730e-08
  subiter:  18      |ddm|: 3.874913e-08
  subiter:  19      |ddm|: 3.358007e-08
  subiter:  20      |ddm|: 2.751161e-08
  subiter:  21      |ddm|: 2.365952e-08
  subiter:  22      |ddm|: 3.055435e-08
  subiter:  23      |ddm|: 3.691827e-08
  subiter:  24      |ddm|: 3.655659e-08
  subiter:  25      |ddm|: 3.881522e-08
  subiter:  26      |ddm|: 3.027091e-08
  subiter:  27      |ddm|: 3.720060e-08
  subiter:  28      |ddm|: 3.281041e-08
  subiter:  29      |ddm|: 3.130130e-08
  subiter:  30      |ddm|: 4.597092e-08
  subiter:  31      |ddm|: 3.808558e-08
  subiter:  32      |ddm|: 3.543541e-08
  subiter:  33      |ddm|: 3.492321e-08
  subiter:  34      |ddm|: 3.741884e-08
  subiter:  35      |ddm|: 2.731159e-08
  subiter:  36      |ddm|: 4.200273e-08
  subiter:  37      |ddm|: 3.552295e-08
  subiter:  38      |ddm|: 3.146976e-08
  subiter:  39      |ddm|: 3.845568e-08
  subiter:  40      |ddm|: 3.582051e-08
  subiter:  41      |ddm|: 2.252175e-08
  subiter:  42      |ddm|: 2.724283e-08
  subiter:  43      |ddm|: 4.695750e-08
  subiter:  44      |ddm|: 3.327771e-08
  subiter:  45      |ddm|: 3.169664e-08
  subiter:  46      |ddm|: 3.578478e-08
  subiter:  47      |ddm|: 4.126861e-08
  subiter:  48      |ddm|: 2.750960e-08
  subiter:  49      |ddm|: 4.058489e-08
  subiter:  50      |ddm|: 2.436013e-08
  subiter:  51      |ddm|: 3.748488e-08
  subiter:  52      |ddm|: 2.283748e-08
  subiter:  53      |ddm|: 4.148009e-08
  subiter:  54      |ddm|: 2.647739e-08
  subiter:  55      |ddm|: 3.794094e-08
  subiter:  56      |ddm|: 3.076776e-08
  subiter:  57      |ddm|: 2.593115e-08
  subiter:  58      |ddm|: 3.592030e-08
  subiter:  59      |ddm|: 1.988754e-08
  subiter:  60      |ddm|: 2.024359e-08
  subiter:  61      |ddm|: 3.786129e-08
  subiter:  62      |ddm|: 2.799325e-08
  subiter:  63      |ddm|: 2.228942e-08
  subiter:  64      |ddm|: 3.417606e-08
  subiter:  65      |ddm|: 3.157437e-08
  subiter:  66      |ddm|: 2.782686e-08
  subiter:  67      |ddm|: 3.500246e-08
  subiter:  68      |ddm|: 3.021214e-08
  subiter:  69      |ddm|: 2.933046e-08
  subiter:  70      |ddm|: 3.844193e-08
  subiter:  71      |ddm|: 2.780338e-08
  subiter:  72      |ddm|: 3.052536e-08
  subiter:  73      |ddm|: 1.934469e-08
  subiter:  74      |ddm|: 4.467786e-08
  subiter:  75      |ddm|: 2.797983e-08
  subiter:  76      |ddm|: 4.137134e-08
  subiter:  77      |ddm|: 1.963867e-08
  subiter:  78      |ddm|: 2.952887e-08
  subiter:  79      |ddm|: 2.712158e-08
  subiter:  80      |ddm|: 4.536614e-08
  subiter:  81      |ddm|: 3.099173e-08
  subiter:  82      |ddm|: 2.054916e-08
  subiter:  83      |ddm|: 3.338065e-08
  subiter:  84      |ddm|: 2.601303e-08
  subiter:  85      |ddm|: 2.470875e-08
  subiter:  86      |ddm|: 2.824468e-08
  subiter:  87      |ddm|: 3.123311e-08
  subiter:  88      |ddm|: 2.179035e-08
  subiter:  89      |ddm|: 2.936840e-08
  subiter:  90      |ddm|: 2.911118e-08
  subiter:  91      |ddm|: 2.463970e-08
  subiter:  92      |ddm|: 3.090786e-08
  subiter:  93      |ddm|: 3.733657e-08
  subiter:  94      |ddm|: 2.384839e-08
  subiter:  95      |ddm|: 4.386560e-08
  subiter:  96      |ddm|: 4.531528e-08
  subiter:  97      |ddm|: 2.816113e-08
  subiter:  98      |ddm|: 3.332896e-08
  subiter:  99      |ddm|: 3.073279e-08
  subiter: 100      |ddm|: 3.906647e-08


******** <class 'pyscf.dft.rks.RKS'> flags ********
method = RKS
initial guess = atom
damping factor = 0
level shift factor = 0.0
DIIS = <class 'pyscf.scf.diis.CDIIS'>
DIIS start cycle = 1
DIIS space = 8
SCF tol = 1e-08
SCF gradient tol = 1e-08
max. SCF cycles = 100
direct_scf = True
direct_scf_tol = 1e-13
chkfile to save SCF result = /panfs/roc/scratch/graha682/D120/201712_augccpVDZ_NEVPT2_m06_120_10c12h24/tmpo2F_Hv
max_memory 4000 MB (current use 348 MB)
XC functionals = m06
small_rho_cutoff = 1e-20
radial grids: Treutler-Ahlrichs (JCP 102, 346 (M4)) radial grids
becke partition: Becke, JCP, 88, 2547 (1988)
pruning grids: <function nwchem_prune at 0x15ae5f0>
grids dens level: 4
symmetrized grids: False
atomic radii adjust function: <function treutler_atomic_radii_adjust at 0x15ae488>
init E= -471.288903411099
  HOMO = -0.20214976073528  LUMO = -0.0435658613139401
cycle= 1 E= -471.288903411105  delta_E= -6.14e-12  |g|= 1.27e-09  |ddm|= 1.66e-07
  HOMO = -0.202149760735058  LUMO = -0.0435658613140929
Extra cycle  E= -471.288903411104  delta_E= 6.82e-13  |g|= 4.04e-09  |ddm|= 6.29e-07
converged SCF energy = -471.288903411104
Supermolecular DFT   -471.28890341110082

============================== Embedding Energies ==============================
Subsystem DFT              -390.48423882004789
Interaction                 -80.46044269266855
DFT-in-DFT                 -470.94468151271644
Supermolecular DFT         -471.28890341110082
Difference                   -0.34422189838438
Corrected DFT-in-DFT       -471.28890341110082
WF-in-DFT                  -469.87838764739843
Corrected WF-in-DFT        -470.22260954578280
================================================================================
TIMING STATISTICS:
     overlap integrals      0.07s   ( 0.00%)
    initial subsystems      0.15s   ( 0.00%)
           2e matrices  25139.30s   (68.87%)
      tot. embed. of 1  27453.77s   (75.21%)
      tot. embed. of 2      1.12s   ( 0.00%)
       freeze and thaw  27454.95s   (75.21%)
                   cas    147.40s   ( 0.40%)
                nevpt2    127.22s   ( 0.35%)
  interaction energies   8772.06s   (24.03%)
                 TOTAL  36503.36s
================================================================================

********************************************************************************
*                              END OF CALCULATION                              *
********************************************************************************
