********************************************************************************
*                         FREEZE-AND-THAW CALCULATION                          *
********************************************************************************

================================== Input File ==================================
subsystem
C          0.66648        2.34294        0.12283
H          1.23531        3.17606        0.56699
C         -0.66079        2.33226        0.26940
H         -1.10926        2.99834        1.02447
C          1.47023        1.29408       -0.57112
H          0.79444        0.53613       -1.01058
H          2.01704        1.74401       -1.42417
C         -1.60907        1.46119       -0.48539
H         -1.05422        0.87122       -1.23929
H         -2.32184        2.08962       -1.05650
smearsig 0.001
end

subsystem
C          5.17201       -2.15392       -0.17263
H          5.74212       -1.70198       -1.00219
H          4.53894       -2.94521       -0.60909
H          5.89582       -2.64230        0.49829
C          4.33348       -1.11534        0.54599
H          3.79572       -1.58275        1.39296
H          4.98918       -0.34996        1.00366
C          3.32809       -0.42907       -0.36215
H          2.66727       -1.19136       -0.82176
H          3.86143        0.04323       -1.21165
C          2.48080        0.61311        0.34369
H          3.14019        1.37906        0.79831
H          1.94507        0.14702        1.19340
C         -2.40619        0.52525        0.41488
H         -2.94165        1.11981        1.18165
H         -1.70518       -0.11842        0.98101
C         -3.39946       -0.33824       -0.34013
H         -4.09802        0.31149       -0.90497
H         -2.86365       -0.92791       -1.11096
C         -4.19304       -1.27736        0.55137
H         -3.49066       -1.92152        1.11416
H         -4.72425       -0.68398        1.32009
C         -5.18048       -2.13372       -0.21661
H         -5.74802       -2.80871        0.44282
H         -5.91088       -1.51038       -0.76012
H         -4.66711       -2.75855       -0.96725
end

embed
 huzfermi
 cycles 3000
 conv 1e-8
 method m06
end

basis cc-pVDZ
method cas[2,2]/nevpt2
grid 4
conv 1e-8
grad 1e-8
maxiter 100
supsmearsig 0.001
================================== End Input ===================================
tot grids = 725328

                      Getting subsystem overlap integrals                       

                          Initial subsystem densities                           
Guessing initial subsystem densities
Initial guess from superpostion of atomic densties.
Guessing initial subsystem densities
Initial guess from superpostion of atomic densties.

=========================== Starting Freeze-and-Thaw ===========================
 iter:   1:1        |ddm|: 4.680457e+00     Tr[DP]  8.354984e-01
 iter:   1:2        |ddm|: 5.331012e+00     Tr[DP]  3.875350e-01
 iter:   2:1        |ddm|: 1.622799e+01     Tr[DP]  7.659262e-01
 iter:   2:2        |ddm|: 4.179909e+00     Tr[DP]  7.162118e-01
 iter:   3:1        |ddm|: 1.468033e+01     Tr[DP]  4.609232e-01
 iter:   3:2        |ddm|: 3.546911e+00     Tr[DP]  4.740743e-01
 iter:   4:1        |ddm|: 2.238428e+00     Tr[DP]  5.583462e-01
 iter:   4:2        |ddm|: 8.695008e-01     Tr[DP]  4.974183e-01
 iter:   5:1        |ddm|: 1.325649e+00     Tr[DP]  5.696589e-01
 iter:   5:2        |ddm|: 3.058272e-01     Tr[DP]  5.249755e-01
 iter:   6:1        |ddm|: 9.057958e-01     Tr[DP]  5.639745e-01
 iter:   6:2        |ddm|: 2.265038e-01     Tr[DP]  5.416971e-01
 iter:   7:1        |ddm|: 6.423406e-01     Tr[DP]  5.637810e-01
 iter:   7:2        |ddm|: 1.699235e-01     Tr[DP]  5.481207e-01
 iter:   8:1        |ddm|: 4.000815e-01     Tr[DP]  5.609405e-01
 iter:   8:2        |ddm|: 1.287447e-01     Tr[DP]  5.524417e-01
 iter:   9:1        |ddm|: 2.595151e-01     Tr[DP]  5.594505e-01
 iter:   9:2        |ddm|: 8.626367e-02     Tr[DP]  5.541318e-01
 iter:  10:1        |ddm|: 1.925922e-01     Tr[DP]  5.562367e-01
 iter:  10:2        |ddm|: 8.170135e-02     Tr[DP]  5.557675e-01
 iter:  11:1        |ddm|: 1.018531e-01     Tr[DP]  5.582011e-01
 iter:  11:2        |ddm|: 3.782515e-02     Tr[DP]  5.559350e-01
 iter:  12:1        |ddm|: 4.746701e-02     Tr[DP]  5.568620e-01
 iter:  12:2        |ddm|: 2.042742e-02     Tr[DP]  5.558460e-01
 iter:  13:1        |ddm|: 2.878427e-02     Tr[DP]  5.562902e-01
 iter:  13:2        |ddm|: 1.221737e-02     Tr[DP]  5.558666e-01
 iter:  14:1        |ddm|: 1.660382e-02     Tr[DP]  5.560767e-01
 iter:  14:2        |ddm|: 7.490087e-03     Tr[DP]  5.558630e-01
 iter:  15:1        |ddm|: 1.172684e-02     Tr[DP]  5.558709e-01
 iter:  15:2        |ddm|: 6.595402e-03     Tr[DP]  5.558618e-01
 iter:  16:1        |ddm|: 9.359642e-03     Tr[DP]  5.558225e-01
 iter:  16:2        |ddm|: 5.252214e-03     Tr[DP]  5.559027e-01
 iter:  17:1        |ddm|: 5.614972e-03     Tr[DP]  5.558516e-01
 iter:  17:2        |ddm|: 3.836678e-03     Tr[DP]  5.558935e-01
 iter:  18:1        |ddm|: 3.793009e-03     Tr[DP]  5.558467e-01
 iter:  18:2        |ddm|: 3.110939e-03     Tr[DP]  5.558766e-01
 iter:  19:1        |ddm|: 4.124273e-03     Tr[DP]  5.557906e-01
 iter:  19:2        |ddm|: 3.612852e-03     Tr[DP]  5.558566e-01
 iter:  20:1        |ddm|: 4.448973e-03     Tr[DP]  5.557824e-01
 iter:  20:2        |ddm|: 3.433646e-03     Tr[DP]  5.558557e-01
 iter:  21:1        |ddm|: 3.150154e-03     Tr[DP]  5.558169e-01
 iter:  21:2        |ddm|: 2.687771e-03     Tr[DP]  5.558520e-01
 iter:  22:1        |ddm|: 2.574664e-03     Tr[DP]  5.558149e-01
 iter:  22:2        |ddm|: 2.435425e-03     Tr[DP]  5.558424e-01
 iter:  23:1        |ddm|: 2.365473e-03     Tr[DP]  5.558208e-01
 iter:  23:2        |ddm|: 2.234591e-03     Tr[DP]  5.558428e-01
 iter:  24:1        |ddm|: 2.429071e-03     Tr[DP]  5.558084e-01
 iter:  24:2        |ddm|: 2.348477e-03     Tr[DP]  5.558734e-01
 iter:  25:1        |ddm|: 3.230464e-03     Tr[DP]  5.558607e-01
 iter:  25:2        |ddm|: 4.802326e-03     Tr[DP]  5.558568e-01
 iter:  26:1        |ddm|: 7.638587e-03     Tr[DP]  5.557982e-01
 iter:  26:2        |ddm|: 6.844472e-03     Tr[DP]  5.558016e-01
 iter:  27:1        |ddm|: 4.335770e-03     Tr[DP]  5.557935e-01
 iter:  27:2        |ddm|: 4.568666e-03     Tr[DP]  5.557815e-01
 iter:  28:1        |ddm|: 1.827523e-03     Tr[DP]  5.557964e-01
 iter:  28:2        |ddm|: 1.600672e-03     Tr[DP]  5.557844e-01
 iter:  29:1        |ddm|: 1.604459e-03     Tr[DP]  5.557913e-01
 iter:  29:2        |ddm|: 1.544073e-03     Tr[DP]  5.557858e-01
 iter:  30:1        |ddm|: 1.459107e-03     Tr[DP]  5.557865e-01
 iter:  30:2        |ddm|: 1.392305e-03     Tr[DP]  5.557850e-01
 iter:  31:1        |ddm|: 1.446316e-03     Tr[DP]  5.557839e-01
 iter:  31:2        |ddm|: 1.377527e-03     Tr[DP]  5.557850e-01
 iter:  32:1        |ddm|: 1.455946e-03     Tr[DP]  5.557818e-01
 iter:  32:2        |ddm|: 1.362196e-03     Tr[DP]  5.557819e-01
 iter:  33:1        |ddm|: 1.242938e-03     Tr[DP]  5.557851e-01
 iter:  33:2        |ddm|: 1.205599e-03     Tr[DP]  5.557808e-01
 iter:  34:1        |ddm|: 1.238302e-03     Tr[DP]  5.557847e-01
 iter:  34:2        |ddm|: 1.185089e-03     Tr[DP]  5.557809e-01
 iter:  35:1        |ddm|: 1.246249e-03     Tr[DP]  5.557812e-01
 iter:  35:2        |ddm|: 1.182386e-03     Tr[DP]  5.557807e-01
 iter:  36:1        |ddm|: 1.386963e-03     Tr[DP]  5.557789e-01
 iter:  36:2        |ddm|: 1.256629e-03     Tr[DP]  5.557795e-01
 iter:  37:1        |ddm|: 1.150556e-03     Tr[DP]  5.557786e-01
 iter:  37:2        |ddm|: 1.099352e-03     Tr[DP]  5.557786e-01
 iter:  38:1        |ddm|: 1.085581e-03     Tr[DP]  5.557788e-01
 iter:  38:2        |ddm|: 1.089763e-03     Tr[DP]  5.557791e-01
 iter:  39:1        |ddm|: 1.369358e-03     Tr[DP]  5.557761e-01
 iter:  39:2        |ddm|: 1.192311e-03     Tr[DP]  5.557787e-01
 iter:  40:1        |ddm|: 1.503646e-03     Tr[DP]  5.557766e-01
 iter:  40:2        |ddm|: 1.356038e-03     Tr[DP]  5.557746e-01
 iter:  41:1        |ddm|: 9.443141e-04     Tr[DP]  5.557754e-01
 iter:  41:2        |ddm|: 9.358412e-04     Tr[DP]  5.557745e-01
 iter:  42:1        |ddm|: 8.619051e-04     Tr[DP]  5.557746e-01
 iter:  42:2        |ddm|: 8.418354e-04     Tr[DP]  5.557741e-01
 iter:  43:1        |ddm|: 9.285450e-04     Tr[DP]  5.557742e-01
 iter:  43:2        |ddm|: 8.602269e-04     Tr[DP]  5.557733e-01
 iter:  44:1        |ddm|: 1.433251e-03     Tr[DP]  5.557720e-01
 iter:  44:2        |ddm|: 1.336745e-03     Tr[DP]  5.557708e-01
 iter:  45:1        |ddm|: 7.769553e-04     Tr[DP]  5.557722e-01
 iter:  45:2        |ddm|: 7.969040e-04     Tr[DP]  5.557724e-01
 iter:  46:1        |ddm|: 8.005070e-04     Tr[DP]  5.557723e-01
 iter:  46:2        |ddm|: 7.159554e-04     Tr[DP]  5.557718e-01
 iter:  47:1        |ddm|: 7.877358e-04     Tr[DP]  5.557717e-01
 iter:  47:2        |ddm|: 7.177637e-04     Tr[DP]  5.557711e-01
 iter:  48:1        |ddm|: 7.413487e-04     Tr[DP]  5.557712e-01
 iter:  48:2        |ddm|: 6.879140e-04     Tr[DP]  5.557705e-01
 iter:  49:1        |ddm|: 6.723065e-04     Tr[DP]  5.557707e-01
 iter:  49:2        |ddm|: 6.339725e-04     Tr[DP]  5.557702e-01
 iter:  50:1        |ddm|: 6.118071e-04     Tr[DP]  5.557704e-01
 iter:  50:2        |ddm|: 5.849698e-04     Tr[DP]  5.557700e-01
 iter:  51:1        |ddm|: 6.001929e-04     Tr[DP]  5.557702e-01
 iter:  51:2        |ddm|: 5.683090e-04     Tr[DP]  5.557698e-01
 iter:  52:1        |ddm|: 5.799823e-04     Tr[DP]  5.557700e-01
 iter:  52:2        |ddm|: 5.528232e-04     Tr[DP]  5.557698e-01
 iter:  53:1        |ddm|: 5.773672e-04     Tr[DP]  5.557699e-01
 iter:  53:2        |ddm|: 5.468461e-04     Tr[DP]  5.557697e-01
 iter:  54:1        |ddm|: 5.758124e-04     Tr[DP]  5.557697e-01
 iter:  54:2        |ddm|: 5.405631e-04     Tr[DP]  5.557695e-01
 iter:  55:1        |ddm|: 5.646996e-04     Tr[DP]  5.557696e-01
 iter:  55:2        |ddm|: 5.305264e-04     Tr[DP]  5.557694e-01
 iter:  56:1        |ddm|: 5.545863e-04     Tr[DP]  5.557694e-01
 iter:  56:2        |ddm|: 5.205512e-04     Tr[DP]  5.557692e-01
 iter:  57:1        |ddm|: 5.981006e-04     Tr[DP]  5.557691e-01
 iter:  57:2        |ddm|: 5.394638e-04     Tr[DP]  5.557687e-01
 iter:  58:1        |ddm|: 5.030541e-04     Tr[DP]  5.557689e-01
 iter:  58:2        |ddm|: 4.803569e-04     Tr[DP]  5.557686e-01
 iter:  59:1        |ddm|: 4.999724e-04     Tr[DP]  5.557687e-01
 iter:  59:2        |ddm|: 4.696402e-04     Tr[DP]  5.557684e-01
 iter:  60:1        |ddm|: 4.942583e-04     Tr[DP]  5.557684e-01
 iter:  60:2        |ddm|: 4.602339e-04     Tr[DP]  5.557682e-01
 iter:  61:1        |ddm|: 4.467336e-04     Tr[DP]  5.557684e-01
 iter:  61:2        |ddm|: 4.379573e-04     Tr[DP]  5.557683e-01
 iter:  62:1        |ddm|: 4.681295e-04     Tr[DP]  5.557685e-01
 iter:  62:2        |ddm|: 4.811492e-04     Tr[DP]  5.557685e-01
 iter:  63:1        |ddm|: 5.431112e-04     Tr[DP]  5.557683e-01
 iter:  63:2        |ddm|: 4.738148e-04     Tr[DP]  5.557681e-01
 iter:  64:1        |ddm|: 4.812932e-04     Tr[DP]  5.557682e-01
 iter:  64:2        |ddm|: 4.439112e-04     Tr[DP]  5.557679e-01
 iter:  65:1        |ddm|: 4.726104e-04     Tr[DP]  5.557679e-01
 iter:  65:2        |ddm|: 4.342226e-04     Tr[DP]  5.557676e-01
 iter:  66:1        |ddm|: 6.787913e-04     Tr[DP]  5.557675e-01
 iter:  66:2        |ddm|: 6.049253e-04     Tr[DP]  5.557666e-01
 iter:  67:1        |ddm|: 3.608325e-04     Tr[DP]  5.557666e-01
 iter:  67:2        |ddm|: 3.865616e-04     Tr[DP]  5.557670e-01
 iter:  68:1        |ddm|: 6.746121e-04     Tr[DP]  5.557663e-01
 iter:  68:2        |ddm|: 6.581576e-04     Tr[DP]  5.557656e-01
 iter:  69:1        |ddm|: 9.653961e-04     Tr[DP]  5.557654e-01
 iter:  69:2        |ddm|: 9.174937e-04     Tr[DP]  5.557638e-01
 iter:  70:1        |ddm|: 3.323880e-04     Tr[DP]  5.557646e-01
 iter:  70:2        |ddm|: 2.359988e-04     Tr[DP]  5.557645e-01
 iter:  71:1        |ddm|: 3.453318e-04     Tr[DP]  5.557652e-01
 iter:  71:2        |ddm|: 3.436757e-04     Tr[DP]  5.557652e-01
 iter:  72:1        |ddm|: 2.633928e-04     Tr[DP]  5.557651e-01
 iter:  72:2        |ddm|: 2.154004e-04     Tr[DP]  5.557650e-01
 iter:  73:1        |ddm|: 2.216447e-04     Tr[DP]  5.557650e-01
 iter:  73:2        |ddm|: 2.017358e-04     Tr[DP]  5.557649e-01
 iter:  74:1        |ddm|: 2.469372e-04     Tr[DP]  5.557649e-01
 iter:  74:2        |ddm|: 2.205101e-04     Tr[DP]  5.557646e-01
 iter:  75:1        |ddm|: 1.737537e-04     Tr[DP]  5.557648e-01
 iter:  75:2        |ddm|: 1.708311e-04     Tr[DP]  5.557647e-01
 iter:  76:1        |ddm|: 1.815462e-04     Tr[DP]  5.557647e-01
 iter:  76:2        |ddm|: 1.704402e-04     Tr[DP]  5.557646e-01
 iter:  77:1        |ddm|: 1.675679e-04     Tr[DP]  5.557647e-01
 iter:  77:2        |ddm|: 1.635389e-04     Tr[DP]  5.557646e-01
 iter:  78:1        |ddm|: 1.919238e-04     Tr[DP]  5.557646e-01
 iter:  78:2        |ddm|: 1.721582e-04     Tr[DP]  5.557645e-01
 iter:  79:1        |ddm|: 1.817054e-04     Tr[DP]  5.557645e-01
 iter:  79:2        |ddm|: 1.668849e-04     Tr[DP]  5.557644e-01
 iter:  80:1        |ddm|: 1.709677e-04     Tr[DP]  5.557644e-01
 iter:  80:2        |ddm|: 1.590802e-04     Tr[DP]  5.557643e-01
 iter:  81:1        |ddm|: 2.052762e-04     Tr[DP]  5.557642e-01
 iter:  81:2        |ddm|: 1.904349e-04     Tr[DP]  5.557640e-01
 iter:  82:1        |ddm|: 1.144734e-04     Tr[DP]  5.557642e-01
 iter:  82:2        |ddm|: 1.177743e-04     Tr[DP]  5.557641e-01
 iter:  83:1        |ddm|: 1.323520e-04     Tr[DP]  5.557642e-01
 iter:  83:2        |ddm|: 1.404305e-04     Tr[DP]  5.557642e-01
 iter:  84:1        |ddm|: 1.410185e-04     Tr[DP]  5.557642e-01
 iter:  84:2        |ddm|: 1.331926e-04     Tr[DP]  5.557642e-01
 iter:  85:1        |ddm|: 1.851132e-04     Tr[DP]  5.557641e-01
 iter:  85:2        |ddm|: 1.592926e-04     Tr[DP]  5.557640e-01
 iter:  86:1        |ddm|: 1.237800e-04     Tr[DP]  5.557641e-01
 iter:  86:2        |ddm|: 1.189667e-04     Tr[DP]  5.557640e-01
 iter:  87:1        |ddm|: 1.178141e-04     Tr[DP]  5.557640e-01
 iter:  87:2        |ddm|: 1.119869e-04     Tr[DP]  5.557640e-01
 iter:  88:1        |ddm|: 1.137796e-04     Tr[DP]  5.557640e-01
 iter:  88:2        |ddm|: 1.079035e-04     Tr[DP]  5.557639e-01
 iter:  89:1        |ddm|: 1.174351e-04     Tr[DP]  5.557640e-01
 iter:  89:2        |ddm|: 1.081454e-04     Tr[DP]  5.557639e-01
 iter:  90:1        |ddm|: 1.075038e-04     Tr[DP]  5.557640e-01
 iter:  90:2        |ddm|: 1.131658e-04     Tr[DP]  5.557640e-01
 iter:  91:1        |ddm|: 1.456968e-04     Tr[DP]  5.557639e-01
 iter:  91:2        |ddm|: 1.243950e-04     Tr[DP]  5.557638e-01
 iter:  92:1        |ddm|: 9.629214e-05     Tr[DP]  5.557639e-01
 iter:  92:2        |ddm|: 9.640386e-05     Tr[DP]  5.557639e-01
 iter:  93:1        |ddm|: 1.166181e-04     Tr[DP]  5.557639e-01
 iter:  93:2        |ddm|: 1.037024e-04     Tr[DP]  5.557638e-01
 iter:  94:1        |ddm|: 9.247230e-05     Tr[DP]  5.557638e-01
 iter:  94:2        |ddm|: 9.065841e-05     Tr[DP]  5.557638e-01
 iter:  95:1        |ddm|: 1.522804e-04     Tr[DP]  5.557637e-01
 iter:  95:2        |ddm|: 1.315873e-04     Tr[DP]  5.557636e-01
 iter:  96:1        |ddm|: 9.150704e-05     Tr[DP]  5.557636e-01
 iter:  96:2        |ddm|: 8.994688e-05     Tr[DP]  5.557635e-01
 iter:  97:1        |ddm|: 6.959554e-05     Tr[DP]  5.557636e-01
 iter:  97:2        |ddm|: 7.151486e-05     Tr[DP]  5.557636e-01
 iter:  98:1        |ddm|: 9.720430e-05     Tr[DP]  5.557636e-01
 iter:  98:2        |ddm|: 8.658203e-05     Tr[DP]  5.557635e-01
 iter:  99:1        |ddm|: 7.560989e-05     Tr[DP]  5.557635e-01
 iter:  99:2        |ddm|: 7.224551e-05     Tr[DP]  5.557635e-01
 iter: 100:1        |ddm|: 6.987823e-05     Tr[DP]  5.557635e-01
 iter: 100:2        |ddm|: 6.658113e-05     Tr[DP]  5.557634e-01
 iter: 101:1        |ddm|: 6.190479e-05     Tr[DP]  5.557634e-01
 iter: 101:2        |ddm|: 5.959000e-05     Tr[DP]  5.557634e-01
 iter: 102:1        |ddm|: 5.800189e-05     Tr[DP]  5.557634e-01
 iter: 102:2        |ddm|: 5.833389e-05     Tr[DP]  5.557634e-01
 iter: 103:1        |ddm|: 8.298187e-05     Tr[DP]  5.557635e-01
 iter: 103:2        |ddm|: 9.080153e-05     Tr[DP]  5.557635e-01
 iter: 104:1        |ddm|: 1.023589e-04     Tr[DP]  5.557635e-01
 iter: 104:2        |ddm|: 8.271827e-05     Tr[DP]  5.557634e-01
 iter: 105:1        |ddm|: 9.887057e-05     Tr[DP]  5.557634e-01
 iter: 105:2        |ddm|: 9.206534e-05     Tr[DP]  5.557633e-01
 iter: 106:1        |ddm|: 5.039316e-05     Tr[DP]  5.557634e-01
 iter: 106:2        |ddm|: 5.121044e-05     Tr[DP]  5.557633e-01
 iter: 107:1        |ddm|: 9.799891e-05     Tr[DP]  5.557633e-01
 iter: 107:2        |ddm|: 9.295938e-05     Tr[DP]  5.557632e-01
 iter: 108:1        |ddm|: 3.842666e-05     Tr[DP]  5.557632e-01
 iter: 108:2        |ddm|: 3.983561e-05     Tr[DP]  5.557632e-01
 iter: 109:1        |ddm|: 3.992935e-05     Tr[DP]  5.557632e-01
 iter: 109:2        |ddm|: 3.874592e-05     Tr[DP]  5.557632e-01
 iter: 110:1        |ddm|: 3.581167e-05     Tr[DP]  5.557632e-01
 iter: 110:2        |ddm|: 3.530424e-05     Tr[DP]  5.557632e-01
 iter: 111:1        |ddm|: 3.726118e-05     Tr[DP]  5.557632e-01
 iter: 111:2        |ddm|: 3.547501e-05     Tr[DP]  5.557632e-01
 iter: 112:1        |ddm|: 3.651417e-05     Tr[DP]  5.557632e-01
 iter: 112:2        |ddm|: 3.678401e-05     Tr[DP]  5.557632e-01
 iter: 113:1        |ddm|: 4.452570e-05     Tr[DP]  5.557632e-01
 iter: 113:2        |ddm|: 3.894247e-05     Tr[DP]  5.557632e-01
 iter: 114:1        |ddm|: 3.936363e-05     Tr[DP]  5.557632e-01
 iter: 114:2        |ddm|: 3.644554e-05     Tr[DP]  5.557631e-01
 iter: 115:1        |ddm|: 3.438613e-05     Tr[DP]  5.557631e-01
 iter: 115:2        |ddm|: 3.264140e-05     Tr[DP]  5.557631e-01
 iter: 116:1        |ddm|: 3.191445e-05     Tr[DP]  5.557631e-01
 iter: 116:2        |ddm|: 3.042305e-05     Tr[DP]  5.557631e-01
 iter: 117:1        |ddm|: 2.992753e-05     Tr[DP]  5.557631e-01
 iter: 117:2        |ddm|: 2.904905e-05     Tr[DP]  5.557631e-01
 iter: 118:1        |ddm|: 3.025192e-05     Tr[DP]  5.557631e-01
 iter: 118:2        |ddm|: 3.000157e-05     Tr[DP]  5.557631e-01
 iter: 119:1        |ddm|: 4.578594e-05     Tr[DP]  5.557631e-01
 iter: 119:2        |ddm|: 3.987646e-05     Tr[DP]  5.557631e-01
 iter: 120:1        |ddm|: 2.646533e-05     Tr[DP]  5.557631e-01
 iter: 120:2        |ddm|: 2.607733e-05     Tr[DP]  5.557631e-01
 iter: 121:1        |ddm|: 3.012300e-05     Tr[DP]  5.557631e-01
 iter: 121:2        |ddm|: 2.768386e-05     Tr[DP]  5.557630e-01
 iter: 122:1        |ddm|: 2.705321e-05     Tr[DP]  5.557630e-01
 iter: 122:2        |ddm|: 2.548213e-05     Tr[DP]  5.557630e-01
 iter: 123:1        |ddm|: 4.837679e-05     Tr[DP]  5.557630e-01
 iter: 123:2        |ddm|: 4.575674e-05     Tr[DP]  5.557630e-01
 iter: 124:1        |ddm|: 2.161131e-05     Tr[DP]  5.557630e-01
 iter: 124:2        |ddm|: 2.062681e-05     Tr[DP]  5.557630e-01
 iter: 125:1        |ddm|: 1.909395e-05     Tr[DP]  5.557630e-01
 iter: 125:2        |ddm|: 1.867446e-05     Tr[DP]  5.557630e-01
 iter: 126:1        |ddm|: 2.360320e-05     Tr[DP]  5.557630e-01
 iter: 126:2        |ddm|: 2.060993e-05     Tr[DP]  5.557630e-01
 iter: 127:1        |ddm|: 2.006221e-05     Tr[DP]  5.557630e-01
 iter: 127:2        |ddm|: 1.868294e-05     Tr[DP]  5.557630e-01
 iter: 128:1        |ddm|: 1.803962e-05     Tr[DP]  5.557630e-01
 iter: 128:2        |ddm|: 1.711414e-05     Tr[DP]  5.557630e-01
 iter: 129:1        |ddm|: 1.616793e-05     Tr[DP]  5.557630e-01
 iter: 129:2        |ddm|: 1.569999e-05     Tr[DP]  5.557630e-01
 iter: 130:1        |ddm|: 1.762886e-05     Tr[DP]  5.557630e-01
 iter: 130:2        |ddm|: 1.622998e-05     Tr[DP]  5.557629e-01
 iter: 131:1        |ddm|: 1.664716e-05     Tr[DP]  5.557630e-01
 iter: 131:2        |ddm|: 1.548692e-05     Tr[DP]  5.557629e-01
 iter: 132:1        |ddm|: 1.565672e-05     Tr[DP]  5.557629e-01
 iter: 132:2        |ddm|: 1.466215e-05     Tr[DP]  5.557629e-01
 iter: 133:1        |ddm|: 1.707100e-05     Tr[DP]  5.557630e-01
 iter: 133:2        |ddm|: 1.827454e-05     Tr[DP]  5.557630e-01
 iter: 134:1        |ddm|: 2.461745e-05     Tr[DP]  5.557629e-01
 iter: 134:2        |ddm|: 2.034763e-05     Tr[DP]  5.557629e-01
 iter: 135:1        |ddm|: 1.698207e-05     Tr[DP]  5.557629e-01
 iter: 135:2        |ddm|: 1.600348e-05     Tr[DP]  5.557629e-01
 iter: 136:1        |ddm|: 1.288473e-05     Tr[DP]  5.557629e-01
 iter: 136:2        |ddm|: 1.254878e-05     Tr[DP]  5.557629e-01
 iter: 137:1        |ddm|: 1.232536e-05     Tr[DP]  5.557629e-01
 iter: 137:2        |ddm|: 1.174138e-05     Tr[DP]  5.557629e-01
 iter: 138:1        |ddm|: 1.136460e-05     Tr[DP]  5.557629e-01
 iter: 138:2        |ddm|: 1.084977e-05     Tr[DP]  5.557629e-01
 iter: 139:1        |ddm|: 1.150437e-05     Tr[DP]  5.557629e-01
 iter: 139:2        |ddm|: 1.072883e-05     Tr[DP]  5.557629e-01
 iter: 140:1        |ddm|: 1.208390e-05     Tr[DP]  5.557629e-01
 iter: 140:2        |ddm|: 1.307008e-05     Tr[DP]  5.557629e-01
 iter: 141:1        |ddm|: 1.565287e-05     Tr[DP]  5.557629e-01
 iter: 141:2        |ddm|: 1.302161e-05     Tr[DP]  5.557629e-01
 iter: 142:1        |ddm|: 1.124200e-05     Tr[DP]  5.557629e-01
 iter: 142:2        |ddm|: 1.055224e-05     Tr[DP]  5.557629e-01
 iter: 143:1        |ddm|: 1.025431e-05     Tr[DP]  5.557629e-01
 iter: 143:2        |ddm|: 9.678581e-06     Tr[DP]  5.557629e-01
 iter: 144:1        |ddm|: 9.676320e-06     Tr[DP]  5.557629e-01
 iter: 144:2        |ddm|: 9.117303e-06     Tr[DP]  5.557629e-01
 iter: 145:1        |ddm|: 9.483270e-06     Tr[DP]  5.557629e-01
 iter: 145:2        |ddm|: 8.865265e-06     Tr[DP]  5.557629e-01
 iter: 146:1        |ddm|: 1.673427e-05     Tr[DP]  5.557629e-01
 iter: 146:2        |ddm|: 1.571304e-05     Tr[DP]  5.557629e-01
 iter: 147:1        |ddm|: 6.939893e-06     Tr[DP]  5.557629e-01
 iter: 147:2        |ddm|: 6.840048e-06     Tr[DP]  5.557629e-01
 iter: 148:1        |ddm|: 6.852015e-06     Tr[DP]  5.557629e-01
 iter: 148:2        |ddm|: 7.041697e-06     Tr[DP]  5.557629e-01
 iter: 149:1        |ddm|: 8.206046e-06     Tr[DP]  5.557629e-01
 iter: 149:2        |ddm|: 7.155970e-06     Tr[DP]  5.557629e-01
 iter: 150:1        |ddm|: 7.154325e-06     Tr[DP]  5.557629e-01
 iter: 150:2        |ddm|: 6.645316e-06     Tr[DP]  5.557629e-01
 iter: 151:1        |ddm|: 6.885732e-06     Tr[DP]  5.557629e-01
 iter: 151:2        |ddm|: 6.408446e-06     Tr[DP]  5.557629e-01
 iter: 152:1        |ddm|: 6.414558e-06     Tr[DP]  5.557629e-01
 iter: 152:2        |ddm|: 6.055932e-06     Tr[DP]  5.557629e-01
 iter: 153:1        |ddm|: 6.889667e-06     Tr[DP]  5.557629e-01
 iter: 153:2        |ddm|: 6.314283e-06     Tr[DP]  5.557629e-01
 iter: 154:1        |ddm|: 5.625806e-06     Tr[DP]  5.557629e-01
 iter: 154:2        |ddm|: 5.864218e-06     Tr[DP]  5.557629e-01
 iter: 155:1        |ddm|: 6.924434e-06     Tr[DP]  5.557629e-01
 iter: 155:2        |ddm|: 6.044209e-06     Tr[DP]  5.557629e-01
 iter: 156:1        |ddm|: 5.574714e-06     Tr[DP]  5.557629e-01
 iter: 156:2        |ddm|: 5.360298e-06     Tr[DP]  5.557629e-01
 iter: 157:1        |ddm|: 5.751572e-06     Tr[DP]  5.557629e-01
 iter: 157:2        |ddm|: 5.342518e-06     Tr[DP]  5.557629e-01
 iter: 158:1        |ddm|: 5.572450e-06     Tr[DP]  5.557629e-01
 iter: 158:2        |ddm|: 5.191626e-06     Tr[DP]  5.557628e-01
 iter: 159:1        |ddm|: 5.319994e-06     Tr[DP]  5.557629e-01
 iter: 159:2        |ddm|: 4.992216e-06     Tr[DP]  5.557628e-01
 iter: 160:1        |ddm|: 5.682354e-06     Tr[DP]  5.557629e-01
 iter: 160:2        |ddm|: 5.940839e-06     Tr[DP]  5.557629e-01
 iter: 161:1        |ddm|: 7.237847e-06     Tr[DP]  5.557629e-01
 iter: 161:2        |ddm|: 7.937627e-06     Tr[DP]  5.557629e-01
 iter: 162:1        |ddm|: 2.099988e-05     Tr[DP]  5.557628e-01
 iter: 162:2        |ddm|: 1.845991e-05     Tr[DP]  5.557628e-01
 iter: 163:1        |ddm|: 4.489238e-06     Tr[DP]  5.557628e-01
 iter: 163:2        |ddm|: 3.909556e-06     Tr[DP]  5.557628e-01
 iter: 164:1        |ddm|: 5.262916e-06     Tr[DP]  5.557628e-01
 iter: 164:2        |ddm|: 4.961523e-06     Tr[DP]  5.557628e-01
 iter: 165:1        |ddm|: 3.835898e-06     Tr[DP]  5.557628e-01
 iter: 165:2        |ddm|: 3.791609e-06     Tr[DP]  5.557628e-01
 iter: 166:1        |ddm|: 3.103342e-06     Tr[DP]  5.557628e-01
 iter: 166:2        |ddm|: 3.060108e-06     Tr[DP]  5.557628e-01
 iter: 167:1        |ddm|: 2.881472e-06     Tr[DP]  5.557628e-01
 iter: 167:2        |ddm|: 2.809396e-06     Tr[DP]  5.557628e-01
 iter: 168:1        |ddm|: 3.065108e-06     Tr[DP]  5.557628e-01
 iter: 168:2        |ddm|: 2.843886e-06     Tr[DP]  5.557628e-01
 iter: 169:1        |ddm|: 3.187799e-06     Tr[DP]  5.557628e-01
 iter: 169:2        |ddm|: 3.423413e-06     Tr[DP]  5.557628e-01
 iter: 170:1        |ddm|: 3.503166e-06     Tr[DP]  5.557628e-01
 iter: 170:2        |ddm|: 3.027152e-06     Tr[DP]  5.557628e-01
 iter: 171:1        |ddm|: 3.714870e-06     Tr[DP]  5.557628e-01
 iter: 171:2        |ddm|: 3.291350e-06     Tr[DP]  5.557628e-01
 iter: 172:1        |ddm|: 4.251462e-06     Tr[DP]  5.557628e-01
 iter: 172:2        |ddm|: 3.981334e-06     Tr[DP]  5.557628e-01
 iter: 173:1        |ddm|: 2.589900e-06     Tr[DP]  5.557628e-01
 iter: 173:2        |ddm|: 2.629584e-06     Tr[DP]  5.557628e-01
 iter: 174:1        |ddm|: 2.012792e-06     Tr[DP]  5.557628e-01
 iter: 174:2        |ddm|: 2.018027e-06     Tr[DP]  5.557628e-01
 iter: 175:1        |ddm|: 1.883902e-06     Tr[DP]  5.557628e-01
 iter: 175:2        |ddm|: 1.866410e-06     Tr[DP]  5.557628e-01
 iter: 176:1        |ddm|: 2.070265e-06     Tr[DP]  5.557628e-01
 iter: 176:2        |ddm|: 2.210058e-06     Tr[DP]  5.557628e-01
 iter: 177:1        |ddm|: 2.222890e-06     Tr[DP]  5.557628e-01
 iter: 177:2        |ddm|: 2.050660e-06     Tr[DP]  5.557628e-01
 iter: 178:1        |ddm|: 2.621871e-06     Tr[DP]  5.557628e-01
 iter: 178:2        |ddm|: 2.300348e-06     Tr[DP]  5.557628e-01
 iter: 179:1        |ddm|: 2.218574e-06     Tr[DP]  5.557628e-01
 iter: 179:2        |ddm|: 2.074436e-06     Tr[DP]  5.557628e-01
 iter: 180:1        |ddm|: 1.905641e-06     Tr[DP]  5.557628e-01
 iter: 180:2        |ddm|: 1.822005e-06     Tr[DP]  5.557628e-01
 iter: 181:1        |ddm|: 1.803247e-06     Tr[DP]  5.557628e-01
 iter: 181:2        |ddm|: 1.707833e-06     Tr[DP]  5.557628e-01
 iter: 182:1        |ddm|: 1.947373e-06     Tr[DP]  5.557628e-01
 iter: 182:2        |ddm|: 1.816877e-06     Tr[DP]  5.557628e-01
 iter: 183:1        |ddm|: 1.395387e-06     Tr[DP]  5.557628e-01
 iter: 183:2        |ddm|: 1.380292e-06     Tr[DP]  5.557628e-01
 iter: 184:1        |ddm|: 1.390131e-06     Tr[DP]  5.557628e-01
 iter: 184:2        |ddm|: 1.331239e-06     Tr[DP]  5.557628e-01
 iter: 185:1        |ddm|: 1.404681e-06     Tr[DP]  5.557628e-01
 iter: 185:2        |ddm|: 1.315842e-06     Tr[DP]  5.557628e-01
 iter: 186:1        |ddm|: 1.350416e-06     Tr[DP]  5.557628e-01
 iter: 186:2        |ddm|: 1.269353e-06     Tr[DP]  5.557628e-01
 iter: 187:1        |ddm|: 1.273201e-06     Tr[DP]  5.557628e-01
 iter: 187:2        |ddm|: 1.216811e-06     Tr[DP]  5.557628e-01
 iter: 188:1        |ddm|: 1.242390e-06     Tr[DP]  5.557628e-01
 iter: 188:2        |ddm|: 1.234698e-06     Tr[DP]  5.557628e-01
 iter: 189:1        |ddm|: 1.454168e-06     Tr[DP]  5.557628e-01
 iter: 189:2        |ddm|: 1.285850e-06     Tr[DP]  5.557628e-01
 iter: 190:1        |ddm|: 1.236879e-06     Tr[DP]  5.557628e-01
 iter: 190:2        |ddm|: 1.166922e-06     Tr[DP]  5.557628e-01
 iter: 191:1        |ddm|: 1.203395e-06     Tr[DP]  5.557628e-01
 iter: 191:2        |ddm|: 1.130163e-06     Tr[DP]  5.557628e-01
 iter: 192:1        |ddm|: 1.151808e-06     Tr[DP]  5.557628e-01
 iter: 192:2        |ddm|: 1.091006e-06     Tr[DP]  5.557628e-01
 iter: 193:1        |ddm|: 1.096095e-06     Tr[DP]  5.557628e-01
 iter: 193:2        |ddm|: 1.075206e-06     Tr[DP]  5.557628e-01
 iter: 194:1        |ddm|: 1.165407e-06     Tr[DP]  5.557628e-01
 iter: 194:2        |ddm|: 1.083235e-06     Tr[DP]  5.557628e-01
 iter: 195:1        |ddm|: 1.245754e-06     Tr[DP]  5.557628e-01
 iter: 195:2        |ddm|: 1.104411e-06     Tr[DP]  5.557628e-01
 iter: 196:1        |ddm|: 1.006384e-06     Tr[DP]  5.557628e-01
 iter: 196:2        |ddm|: 9.837570e-07     Tr[DP]  5.557628e-01
 iter: 197:1        |ddm|: 1.112944e-06     Tr[DP]  5.557628e-01
 iter: 197:2        |ddm|: 1.023209e-06     Tr[DP]  5.557628e-01
 iter: 198:1        |ddm|: 1.078398e-06     Tr[DP]  5.557628e-01
 iter: 198:2        |ddm|: 9.665490e-07     Tr[DP]  5.557628e-01
 iter: 199:1        |ddm|: 1.944132e-06     Tr[DP]  5.557628e-01
 iter: 199:2        |ddm|: 2.028920e-06     Tr[DP]  5.557628e-01
 iter: 200:1        |ddm|: 4.366371e-06     Tr[DP]  5.557628e-01
 iter: 200:2        |ddm|: 3.766072e-06     Tr[DP]  5.557628e-01
 iter: 201:1        |ddm|: 1.102049e-06     Tr[DP]  5.557628e-01
 iter: 201:2        |ddm|: 1.161652e-06     Tr[DP]  5.557628e-01
 iter: 202:1        |ddm|: 6.164696e-07     Tr[DP]  5.557628e-01
 iter: 202:2        |ddm|: 6.518498e-07     Tr[DP]  5.557628e-01
 iter: 203:1        |ddm|: 5.069764e-07     Tr[DP]  5.557628e-01
 iter: 203:2        |ddm|: 5.178110e-07     Tr[DP]  5.557628e-01
 iter: 204:1        |ddm|: 5.152723e-07     Tr[DP]  5.557628e-01
 iter: 204:2        |ddm|: 5.025493e-07     Tr[DP]  5.557628e-01
 iter: 205:1        |ddm|: 5.454559e-07     Tr[DP]  5.557628e-01
 iter: 205:2        |ddm|: 5.098213e-07     Tr[DP]  5.557628e-01
 iter: 206:1        |ddm|: 5.705353e-07     Tr[DP]  5.557628e-01
 iter: 206:2        |ddm|: 6.061196e-07     Tr[DP]  5.557628e-01
 iter: 207:1        |ddm|: 4.256108e-07     Tr[DP]  5.557628e-01
 iter: 207:2        |ddm|: 4.370745e-07     Tr[DP]  5.557628e-01
 iter: 208:1        |ddm|: 4.677749e-07     Tr[DP]  5.557628e-01
 iter: 208:2        |ddm|: 4.639725e-07     Tr[DP]  5.557628e-01
 iter: 209:1        |ddm|: 5.606286e-07     Tr[DP]  5.557628e-01
 iter: 209:2        |ddm|: 4.847526e-07     Tr[DP]  5.557628e-01
 iter: 210:1        |ddm|: 4.503596e-07     Tr[DP]  5.557628e-01
 iter: 210:2        |ddm|: 4.230111e-07     Tr[DP]  5.557628e-01
 iter: 211:1        |ddm|: 4.294240e-07     Tr[DP]  5.557628e-01
 iter: 211:2        |ddm|: 4.068428e-07     Tr[DP]  5.557628e-01
 iter: 212:1        |ddm|: 4.494242e-07     Tr[DP]  5.557628e-01
 iter: 212:2        |ddm|: 4.078666e-07     Tr[DP]  5.557628e-01
 iter: 213:1        |ddm|: 3.964471e-07     Tr[DP]  5.557628e-01
 iter: 213:2        |ddm|: 3.818674e-07     Tr[DP]  5.557628e-01
 iter: 214:1        |ddm|: 4.966435e-07     Tr[DP]  5.557628e-01
 iter: 214:2        |ddm|: 4.398768e-07     Tr[DP]  5.557628e-01
 iter: 215:1        |ddm|: 4.761420e-07     Tr[DP]  5.557628e-01
 iter: 215:2        |ddm|: 4.301902e-07     Tr[DP]  5.557628e-01
 iter: 216:1        |ddm|: 8.625419e-07     Tr[DP]  5.557628e-01
 iter: 216:2        |ddm|: 7.587036e-07     Tr[DP]  5.557628e-01
 iter: 217:1        |ddm|: 4.581550e-07     Tr[DP]  5.557628e-01
 iter: 217:2        |ddm|: 4.584234e-07     Tr[DP]  5.557628e-01
 iter: 218:1        |ddm|: 4.325498e-07     Tr[DP]  5.557628e-01
 iter: 218:2        |ddm|: 4.268282e-07     Tr[DP]  5.557628e-01
 iter: 219:1        |ddm|: 2.505076e-07     Tr[DP]  5.557628e-01
 iter: 219:2        |ddm|: 2.597453e-07     Tr[DP]  5.557628e-01
 iter: 220:1        |ddm|: 2.574899e-07     Tr[DP]  5.557628e-01
 iter: 220:2        |ddm|: 2.484660e-07     Tr[DP]  5.557628e-01
 iter: 221:1        |ddm|: 2.427665e-07     Tr[DP]  5.557628e-01
 iter: 221:2        |ddm|: 2.334281e-07     Tr[DP]  5.557628e-01
 iter: 222:1        |ddm|: 2.455418e-07     Tr[DP]  5.557628e-01
 iter: 222:2        |ddm|: 2.325350e-07     Tr[DP]  5.557628e-01
 iter: 223:1        |ddm|: 2.381969e-07     Tr[DP]  5.557628e-01
 iter: 223:2        |ddm|: 2.235501e-07     Tr[DP]  5.557628e-01
 iter: 224:1        |ddm|: 3.009581e-07     Tr[DP]  5.557628e-01
 iter: 224:2        |ddm|: 3.209097e-07     Tr[DP]  5.557628e-01
 iter: 225:1        |ddm|: 4.334522e-07     Tr[DP]  5.557628e-01
 iter: 225:2        |ddm|: 3.523955e-07     Tr[DP]  5.557628e-01
 iter: 226:1        |ddm|: 2.117631e-07     Tr[DP]  5.557628e-01
 iter: 226:2        |ddm|: 2.084755e-07     Tr[DP]  5.557628e-01
 iter: 227:1        |ddm|: 2.150640e-07     Tr[DP]  5.557628e-01
 iter: 227:2        |ddm|: 2.023265e-07     Tr[DP]  5.557628e-01
 iter: 228:1        |ddm|: 2.151481e-07     Tr[DP]  5.557628e-01
 iter: 228:2        |ddm|: 1.988997e-07     Tr[DP]  5.557628e-01
 iter: 229:1        |ddm|: 2.209359e-07     Tr[DP]  5.557628e-01
 iter: 229:2        |ddm|: 2.055699e-07     Tr[DP]  5.557628e-01
 iter: 230:1        |ddm|: 2.302615e-07     Tr[DP]  5.557628e-01
 iter: 230:2        |ddm|: 2.145049e-07     Tr[DP]  5.557628e-01
 iter: 231:1        |ddm|: 1.434875e-07     Tr[DP]  5.557628e-01
 iter: 231:2        |ddm|: 1.446442e-07     Tr[DP]  5.557628e-01
 iter: 232:1        |ddm|: 1.472657e-07     Tr[DP]  5.557628e-01
 iter: 232:2        |ddm|: 1.421156e-07     Tr[DP]  5.557628e-01
 iter: 233:1        |ddm|: 1.498378e-07     Tr[DP]  5.557628e-01
 iter: 233:2        |ddm|: 1.409250e-07     Tr[DP]  5.557628e-01
 iter: 234:1        |ddm|: 1.464045e-07     Tr[DP]  5.557628e-01
 iter: 234:2        |ddm|: 1.372921e-07     Tr[DP]  5.557628e-01
 iter: 235:1        |ddm|: 1.392563e-07     Tr[DP]  5.557628e-01
 iter: 235:2        |ddm|: 1.321249e-07     Tr[DP]  5.557628e-01
 iter: 236:1        |ddm|: 1.336340e-07     Tr[DP]  5.557628e-01
 iter: 236:2        |ddm|: 1.307554e-07     Tr[DP]  5.557628e-01
 iter: 237:1        |ddm|: 1.461917e-07     Tr[DP]  5.557628e-01
 iter: 237:2        |ddm|: 1.331254e-07     Tr[DP]  5.557628e-01
 iter: 238:1        |ddm|: 1.353859e-07     Tr[DP]  5.557628e-01
 iter: 238:2        |ddm|: 1.265932e-07     Tr[DP]  5.557628e-01
 iter: 239:1        |ddm|: 1.306393e-07     Tr[DP]  5.557628e-01
 iter: 239:2        |ddm|: 1.225627e-07     Tr[DP]  5.557628e-01
 iter: 240:1        |ddm|: 1.251381e-07     Tr[DP]  5.557628e-01
 iter: 240:2        |ddm|: 1.185834e-07     Tr[DP]  5.557628e-01
 iter: 241:1        |ddm|: 1.196289e-07     Tr[DP]  5.557628e-01
 iter: 241:2        |ddm|: 1.158820e-07     Tr[DP]  5.557628e-01
 iter: 242:1        |ddm|: 1.216639e-07     Tr[DP]  5.557628e-01
 iter: 242:2        |ddm|: 1.155745e-07     Tr[DP]  5.557628e-01
 iter: 243:1        |ddm|: 1.580357e-07     Tr[DP]  5.557628e-01
 iter: 243:2        |ddm|: 1.281540e-07     Tr[DP]  5.557628e-01
 iter: 244:1        |ddm|: 1.342441e-07     Tr[DP]  5.557628e-01
 iter: 244:2        |ddm|: 1.161027e-07     Tr[DP]  5.557628e-01
 iter: 245:1        |ddm|: 1.418820e-07     Tr[DP]  5.557628e-01
 iter: 245:2        |ddm|: 1.291960e-07     Tr[DP]  5.557628e-01
 iter: 246:1        |ddm|: 2.161334e-07     Tr[DP]  5.557628e-01
 iter: 246:2        |ddm|: 2.027187e-07     Tr[DP]  5.557628e-01
 iter: 247:1        |ddm|: 8.297114e-08     Tr[DP]  5.557628e-01
 iter: 247:2        |ddm|: 7.352922e-08     Tr[DP]  5.557628e-01
 iter: 248:1        |ddm|: 7.167497e-08     Tr[DP]  5.557628e-01
 iter: 248:2        |ddm|: 6.772630e-08     Tr[DP]  5.557628e-01
 iter: 249:1        |ddm|: 7.091243e-08     Tr[DP]  5.557628e-01
 iter: 249:2        |ddm|: 6.696052e-08     Tr[DP]  5.557628e-01
 iter: 250:1        |ddm|: 7.028945e-08     Tr[DP]  5.557628e-01
 iter: 250:2        |ddm|: 6.577530e-08     Tr[DP]  5.557628e-01
 iter: 251:1        |ddm|: 6.812952e-08     Tr[DP]  5.557628e-01
 iter: 251:2        |ddm|: 6.392286e-08     Tr[DP]  5.557628e-01
 iter: 252:1        |ddm|: 6.543984e-08     Tr[DP]  5.557628e-01
 iter: 252:2        |ddm|: 6.175995e-08     Tr[DP]  5.557628e-01
 iter: 253:1        |ddm|: 6.258255e-08     Tr[DP]  5.557628e-01
 iter: 253:2        |ddm|: 6.152171e-08     Tr[DP]  5.557628e-01
 iter: 254:1        |ddm|: 7.453175e-08     Tr[DP]  5.557628e-01
 iter: 254:2        |ddm|: 6.504067e-08     Tr[DP]  5.557628e-01
 iter: 255:1        |ddm|: 6.186172e-08     Tr[DP]  5.557628e-01
 iter: 255:2        |ddm|: 5.813151e-08     Tr[DP]  5.557628e-01
 iter: 256:1        |ddm|: 5.887476e-08     Tr[DP]  5.557628e-01
 iter: 256:2        |ddm|: 5.592070e-08     Tr[DP]  5.557628e-01
 iter: 257:1        |ddm|: 5.838596e-08     Tr[DP]  5.557628e-01
 iter: 257:2        |ddm|: 5.458810e-08     Tr[DP]  5.557628e-01
 iter: 258:1        |ddm|: 5.436850e-08     Tr[DP]  5.557628e-01
 iter: 258:2        |ddm|: 5.355794e-08     Tr[DP]  5.557628e-01
 iter: 259:1        |ddm|: 6.646338e-08     Tr[DP]  5.557628e-01
 iter: 259:2        |ddm|: 5.278751e-08     Tr[DP]  5.557628e-01
 iter: 260:1        |ddm|: 9.065383e-08     Tr[DP]  5.557628e-01
 iter: 260:2        |ddm|: 6.198063e-08     Tr[DP]  5.557628e-01
 iter: 261:1        |ddm|: 7.777754e-08     Tr[DP]  5.557628e-01
 iter: 261:2        |ddm|: 4.412510e-08     Tr[DP]  5.557628e-01
 iter: 262:1        |ddm|: 7.543535e-08     Tr[DP]  5.557628e-01
 iter: 262:2        |ddm|: 7.324223e-08     Tr[DP]  5.557628e-01
 iter: 263:1        |ddm|: 6.832360e-08     Tr[DP]  5.557628e-01
 iter: 263:2        |ddm|: 5.992386e-08     Tr[DP]  5.557628e-01
 iter: 264:1        |ddm|: 3.260168e-08     Tr[DP]  5.557628e-01
 iter: 264:2        |ddm|: 3.238625e-08     Tr[DP]  5.557628e-01
 iter: 265:1        |ddm|: 3.324908e-08     Tr[DP]  5.557628e-01
 iter: 265:2        |ddm|: 3.097925e-08     Tr[DP]  5.557628e-01
 iter: 266:1        |ddm|: 3.341641e-08     Tr[DP]  5.557628e-01
 iter: 266:2        |ddm|: 3.113986e-08     Tr[DP]  5.557628e-01
 iter: 267:1        |ddm|: 3.274612e-08     Tr[DP]  5.557628e-01
 iter: 267:2        |ddm|: 3.057308e-08     Tr[DP]  5.557628e-01
 iter: 268:1        |ddm|: 3.145289e-08     Tr[DP]  5.557628e-01
 iter: 268:2        |ddm|: 3.004834e-08     Tr[DP]  5.557628e-01
 iter: 269:1        |ddm|: 3.333552e-08     Tr[DP]  5.557628e-01
 iter: 269:2        |ddm|: 2.904968e-08     Tr[DP]  5.557628e-01
 iter: 270:1        |ddm|: 2.813254e-08     Tr[DP]  5.557628e-01
 iter: 270:2        |ddm|: 2.558014e-08     Tr[DP]  5.557628e-01
 iter: 271:1        |ddm|: 2.507511e-08     Tr[DP]  5.557628e-01
 iter: 271:2        |ddm|: 2.395814e-08     Tr[DP]  5.557628e-01
 iter: 272:1        |ddm|: 2.379429e-08     Tr[DP]  5.557628e-01
 iter: 272:2        |ddm|: 2.254589e-08     Tr[DP]  5.557628e-01
 iter: 273:1        |ddm|: 2.304546e-08     Tr[DP]  5.557628e-01
 iter: 273:2        |ddm|: 2.178077e-08     Tr[DP]  5.557628e-01
 iter: 274:1        |ddm|: 2.252322e-08     Tr[DP]  5.557628e-01
 iter: 274:2        |ddm|: 2.127666e-08     Tr[DP]  5.557628e-01
 iter: 275:1        |ddm|: 2.203549e-08     Tr[DP]  5.557628e-01
 iter: 275:2        |ddm|: 2.099348e-08     Tr[DP]  5.557628e-01
 iter: 276:1        |ddm|: 2.207737e-08     Tr[DP]  5.557628e-01
 iter: 276:2        |ddm|: 2.065515e-08     Tr[DP]  5.557628e-01
 iter: 277:1        |ddm|: 2.137756e-08     Tr[DP]  5.557628e-01
 iter: 277:2        |ddm|: 1.983326e-08     Tr[DP]  5.557628e-01
 iter: 278:1        |ddm|: 2.032133e-08     Tr[DP]  5.557628e-01
 iter: 278:2        |ddm|: 1.894545e-08     Tr[DP]  5.557628e-01
 iter: 279:1        |ddm|: 1.925746e-08     Tr[DP]  5.557628e-01
 iter: 279:2        |ddm|: 1.797814e-08     Tr[DP]  5.557628e-01
 iter: 280:1        |ddm|: 1.828576e-08     Tr[DP]  5.557628e-01
 iter: 280:2        |ddm|: 1.708296e-08     Tr[DP]  5.557628e-01
 iter: 281:1        |ddm|: 1.743827e-08     Tr[DP]  5.557628e-01
 iter: 281:2        |ddm|: 1.631594e-08     Tr[DP]  5.557628e-01
 iter: 282:1        |ddm|: 1.670897e-08     Tr[DP]  5.557628e-01
 iter: 282:2        |ddm|: 1.570231e-08     Tr[DP]  5.557628e-01
 iter: 283:1        |ddm|: 1.620028e-08     Tr[DP]  5.557628e-01
 iter: 283:2        |ddm|: 1.523646e-08     Tr[DP]  5.557628e-01
 iter: 284:1        |ddm|: 1.573938e-08     Tr[DP]  5.557628e-01
 iter: 284:2        |ddm|: 1.476894e-08     Tr[DP]  5.557628e-01
 iter: 285:1        |ddm|: 1.523082e-08     Tr[DP]  5.557628e-01
 iter: 285:2        |ddm|: 1.427659e-08     Tr[DP]  5.557628e-01
 iter: 286:1        |ddm|: 1.467277e-08     Tr[DP]  5.557628e-01
 iter: 286:2        |ddm|: 1.374160e-08     Tr[DP]  5.557628e-01
 iter: 287:1        |ddm|: 1.408589e-08     Tr[DP]  5.557628e-01
 iter: 287:2        |ddm|: 1.317870e-08     Tr[DP]  5.557628e-01
 iter: 288:1        |ddm|: 1.349394e-08     Tr[DP]  5.557628e-01
 iter: 288:2        |ddm|: 1.261565e-08     Tr[DP]  5.557628e-01
 iter: 289:1        |ddm|: 1.291660e-08     Tr[DP]  5.557628e-01
 iter: 289:2        |ddm|: 1.207838e-08     Tr[DP]  5.557628e-01
 iter: 290:1        |ddm|: 1.238959e-08     Tr[DP]  5.557628e-01
 iter: 290:2        |ddm|: 1.159878e-08     Tr[DP]  5.557628e-01
 iter: 291:1        |ddm|: 1.191777e-08     Tr[DP]  5.557628e-01
 iter: 291:2        |ddm|: 1.116768e-08     Tr[DP]  5.557628e-01
 iter: 292:1        |ddm|: 1.148450e-08     Tr[DP]  5.557628e-01
 iter: 292:2        |ddm|: 1.076721e-08     Tr[DP]  5.557628e-01
 iter: 293:1        |ddm|: 1.107176e-08     Tr[DP]  5.557628e-01
 iter: 293:2        |ddm|: 1.038284e-08     Tr[DP]  5.557628e-01
 iter: 294:1        |ddm|: 1.066782e-08     Tr[DP]  5.557628e-01
 iter: 294:2        |ddm|: 1.000042e-08     Tr[DP]  5.557628e-01
 iter: 295:1        |ddm|: 1.026651e-08     Tr[DP]  5.557628e-01
 iter: 295:2        |ddm|: 9.618689e-09     Tr[DP]  5.557628e-01
 iter: 296:1        |ddm|: 9.868001e-09     Tr[DP]  5.557628e-01
 iter: 296:2        |ddm|: 9.239566e-09     Tr[DP]  5.557628e-01
 iter: 297:1        |ddm|: 9.478845e-09     Tr[DP]  5.557628e-01
 iter: 297:2        |ddm|: 8.870858e-09     Tr[DP]  5.557628e-01
 iter: 298:1        |ddm|: 9.105076e-09     Tr[DP]  5.557628e-01
 iter: 298:2        |ddm|: 8.522837e-09     Tr[DP]  5.557628e-01
 iter: 299:1        |ddm|: 8.750697e-09     Tr[DP]  5.557628e-01
 iter: 299:2        |ddm|: 8.194233e-09     Tr[DP]  5.557628e-01
 iter: 300:1        |ddm|: 8.415642e-09     Tr[DP]  5.557628e-01
 iter: 300:2        |ddm|: 7.884050e-09     Tr[DP]  5.557628e-01
 iter: 301:1        |ddm|: 8.097793e-09     Tr[DP]  5.557628e-01
 iter: 301:2        |ddm|: 7.588063e-09     Tr[DP]  5.557628e-01
 iter: 302:1        |ddm|: 7.793623e-09     Tr[DP]  5.557628e-01
 iter: 302:2        |ddm|: 7.304053e-09     Tr[DP]  5.557628e-01
 iter: 303:1        |ddm|: 7.499027e-09     Tr[DP]  5.557628e-01
 iter: 303:2        |ddm|: 7.027769e-09     Tr[DP]  5.557628e-01
 iter: 304:1        |ddm|: 7.213404e-09     Tr[DP]  5.557628e-01
 iter: 304:2        |ddm|: 6.757088e-09     Tr[DP]  5.557628e-01
 iter: 305:1        |ddm|: 6.936566e-09     Tr[DP]  5.557628e-01
 iter: 305:2        |ddm|: 6.495343e-09     Tr[DP]  5.557628e-01
 iter: 306:1        |ddm|: 6.668809e-09     Tr[DP]  5.557628e-01
 iter: 306:2        |ddm|: 6.244675e-09     Tr[DP]  5.557628e-01
 iter: 307:1        |ddm|: 6.411756e-09     Tr[DP]  5.557628e-01
 iter: 307:2        |ddm|: 6.003944e-09     Tr[DP]  5.557628e-01
 iter: 308:1        |ddm|: 6.164856e-09     Tr[DP]  5.557628e-01
 iter: 308:2        |ddm|: 5.773973e-09     Tr[DP]  5.557628e-01
 iter: 309:1        |ddm|: 5.929433e-09     Tr[DP]  5.557628e-01
 iter: 309:2        |ddm|: 5.553622e-09     Tr[DP]  5.557628e-01
 iter: 310:1        |ddm|: 5.703037e-09     Tr[DP]  5.557628e-01
 iter: 310:2        |ddm|: 5.342890e-09     Tr[DP]  5.557628e-01
 iter: 311:1        |ddm|: 5.486093e-09     Tr[DP]  5.557628e-01
 iter: 311:2        |ddm|: 5.139298e-09     Tr[DP]  5.557628e-01
 iter: 312:1        |ddm|: 5.277111e-09     Tr[DP]  5.557628e-01
 iter: 312:2        |ddm|: 4.943388e-09     Tr[DP]  5.557628e-01
 iter: 313:1        |ddm|: 5.075249e-09     Tr[DP]  5.557628e-01
 iter: 313:2        |ddm|: 4.754044e-09     Tr[DP]  5.557628e-01
                           Freeze-and-Thaw converged!                           

=================== Subsystem 1 at higher mean-field method ====================
  subiter:   1      |ddm|: 5.259932e-01
  subiter:   2      |ddm|: 1.242105e-01
  subiter:   3      |ddm|: 2.468627e-02
  subiter:   4      |ddm|: 1.528149e-02
  subiter:   5      |ddm|: 3.752552e-03
  subiter:   6      |ddm|: 1.448222e-03
  subiter:   7      |ddm|: 6.949851e-04
  subiter:   8      |ddm|: 1.326275e-04
  subiter:   9      |ddm|: 4.546633e-05
  subiter:  10      |ddm|: 9.269268e-06
  subiter:  11      |ddm|: 6.117176e-06
  subiter:  12      |ddm|: 8.224544e-07
  subiter:  13      |ddm|: 5.949500e-07
  subiter:  14      |ddm|: 7.940529e-08
  subiter:  15      |ddm|: 1.181288e-07
  subiter:  16      |ddm|: 1.709842e-08
  subiter:  17      |ddm|: 1.097100e-08
  subiter:  18      |ddm|: 5.418438e-09


******** <class 'pyscf.scf.hf.RHF'> flags ********
method = RHF
initial guess = minao
damping factor = 0
level shift factor = 0
DIIS = <class 'pyscf.scf.diis.CDIIS'>
DIIS start cycle = 1
DIIS space = 8
SCF tol = 1e-09
SCF gradient tol = None
max. SCF cycles = 100
direct_scf = True
direct_scf_tol = 1e-13
chkfile to save SCF result = /panfs/roc/scratch/graha682/2018_smear/201712_ccpVDZ_NEVPT2_m06_165_4c12h24/tmpAKS7ib
max_memory 4000 MB (current use 588 MB)
Set gradient conv threshold to 3.16228e-05
init E= -154.167977375441
  HOMO = -0.345821833203654  LUMO = 0.194881227635013
cycle= 1 E= -154.167977375442  delta_E= -7.96e-13  |g|= 4.57e-09  |ddm|= 2.12e-08
  HOMO = -0.345821832869528  LUMO = 0.194881227678768
Extra cycle  E= -154.167977375441  delta_E= 7.96e-13  |g|= 2.74e-09  |ddm|= 9.83e-09
converged SCF energy = -154.167977375441
 iter: 314:1        |ddm|: 6.370616e-01     Tr[DP]  6.546437e-01

******** <class 'pyscf.mcscf.mc1step.CASSCF'> flags ********
CAS (1e+1e, 2o), ncore = 14, nvir = 70
max_cycle_macro = 150
max_cycle_micro = 4
conv_tol = 1e-07
conv_tol_grad = None
orbital rotation max_stepsize = 0.02
augmented hessian ah_max_cycle = 30
augmented hessian ah_conv_tol = 1e-12
augmented hessian ah_linear dependence = 1e-14
augmented hessian ah_level shift = 0
augmented hessian ah_start_tol = 2.5
augmented hessian ah_start_cycle = 3
augmented hessian ah_grad_trust_region = 3
kf_trust_region = 3
kf_interval = 4
ci_response_space = 4
ci_grad_trust_region = 3
with_dep4 0
natorb = False
canonicalization = True
sorting_mo_energy = False
chkfile = /panfs/roc/scratch/graha682/2018_smear/201712_ccpVDZ_NEVPT2_m06_165_4c12h24/tmpAKS7ib
max_memory 4000 MB (current use 588 MB)
internal_rotation = False
******** <class 'pyscf.fci.direct_spin1.FCISolver'> flags ********
max. cycles = 50
conv_tol = 1e-08
davidson only = False
linear dependence = 1e-10
level shift = 0.001
max iter space = 12
max_memory 4000 MB
nroots = 1
pspace_size = 400
spin = None
CASCI E = -154.172527972768  S^2 = 0.0000000
Set conv_tol_grad to 0.000316228
macro iter 1 (21 JK  4 micro), CASSCF E = -154.190875033346  dE = -0.018347061  S^2 = 0.0000000
               |grad[o]|=0.0144  |grad[c]|= 0.0274569761796  |ddm|=0.0592
macro iter 2 (13 JK  4 micro), CASSCF E = -154.192477848362  dE = -0.001602815  S^2 = 0.0000000
               |grad[o]|=0.0215  |grad[c]|= 0.00386503615393  |ddm|=0.00733
macro iter 3 (10 JK  3 micro), CASSCF E = -154.192480106713  dE = -2.2583513e-06  S^2 = 0.0000000
               |grad[o]|=0.000704  |grad[c]|= 1.91271838876e-05  |ddm|=0.000153
macro iter 4 (1 JK  1 micro), CASSCF E = -154.192480106821  dE = -1.0845724e-10  S^2 = 0.0000000
               |grad[o]|=2.33e-05  |grad[c]|= 8.63292794647e-06  |ddm|=1.44e-05
1-step CASSCF converged in 4 macro (45 JK 12 micro) steps
CASSCF canonicalization
CASSCF energy = -154.192480106821
Hartree-Fock Energy:  -154.16797737544084
CAS Correlation:       -0.02450273138058
CAS Energy:          -154.19248010682142
Sr    (-1)',   E = -0.00000000028670
Si    (+1)',   E = -0.00000000011860
Sijrs (0)  ,   E = -0.46051919999569
Sijr  (+1) ,   E = -0.01504607584559
Srsi  (-1) ,   E = -0.05356150261737
Srs   (-2) ,   E = -0.00500630277134
Sij   (+2) ,   E = -0.00098181304633
Sir   (0)' ,   E = -0.03960227872283
Nevpt2 Energy = -0.574717173404454
NEVPT2 =   -0.574717173404454
Total NEVPT2 = -154.767197280225872

============================== Supermolecular DFT ==============================
  subiter:   1      |ddm|: 4.454242e+00
  subiter:   2      |ddm|: 3.403910e-01
  subiter:   3      |ddm|: 1.897261e-01
  subiter:   4      |ddm|: 1.916146e-02
  subiter:   5      |ddm|: 5.710936e-03
  subiter:   6      |ddm|: 2.107959e-03
  subiter:   7      |ddm|: 6.374481e-04
  subiter:   8      |ddm|: 2.223208e-04
  subiter:   9      |ddm|: 7.057409e-05
  subiter:  10      |ddm|: 1.691278e-05
  subiter:  11      |ddm|: 4.977479e-06
  subiter:  12      |ddm|: 3.200261e-06
  subiter:  13      |ddm|: 8.940518e-07
  subiter:  14      |ddm|: 3.047256e-07
  subiter:  15      |ddm|: 1.468211e-07
  subiter:  16      |ddm|: 3.909585e-08
  subiter:  17      |ddm|: 6.018543e-09


******** <class 'pyscf.dft.rks.RKS'> flags ********
method = RKS
initial guess = atom
damping factor = 0
level shift factor = 0.0
DIIS = <class 'pyscf.scf.diis.CDIIS'>
DIIS start cycle = 1
DIIS space = 8
SCF tol = 1e-08
SCF gradient tol = 1e-08
max. SCF cycles = 100
direct_scf = True
direct_scf_tol = 1e-13
chkfile to save SCF result = /panfs/roc/scratch/graha682/2018_smear/201712_ccpVDZ_NEVPT2_m06_165_4c12h24/tmpPbM7zK
max_memory 4000 MB (current use 620 MB)
XC functionals = m06
small_rho_cutoff = 1e-20
radial grids: Treutler-Ahlrichs (JCP 102, 346 (M4)) radial grids
becke partition: Becke, JCP, 88, 2547 (1988)
pruning grids: <function nwchem_prune at 0x1832578>
grids dens level: 4
symmetrized grids: False
atomic radii adjust function: <function treutler_atomic_radii_adjust at 0x1832410>
init E= -471.318947791945
  HOMO = -0.24622680719354  LUMO = 0.0247761763414304
cycle= 1 E= -471.318947791945  delta_E= -2.27e-13  |g|= 3.92e-09  |ddm|= 1.26e-08
  HOMO = -0.246226807124384  LUMO = 0.0247761763941795
Extra cycle  E= -471.318947791951  delta_E= -5.68e-12  |g|= 4.87e-09  |ddm|= 7.75e-09
converged SCF energy = -471.318947791951
  subiter:   1      |ddm|: 1.042146e-08
  subiter:   2      |ddm|: 1.678561e-08
  subiter:   3      |ddm|: 1.450106e-08
  subiter:   4      |ddm|: 3.830772e-09
Supermolecular DFT   -471.31894779194329

============================== Embedding Energies ==============================
Subsystem DFT              -155.23687534975750
Interaction                -315.83636029516947
DFT-in-DFT                 -471.07323564492697
Supermolecular DFT         -471.31894779194329
Supmol DFT no F-Smear      -471.31894779194511
Difference                   -0.24571214701632
Corrected DFT-in-DFT       -471.31894779194329
WF-in-DFT                  -470.60355757539537
Corrected WF-in-DFT        -470.84926972241169
================================================================================
TIMING STATISTICS:
     overlap integrals      0.02s   ( 0.00%)
    initial subsystems      0.15s   ( 0.00%)
           2e matrices   7161.61s   (91.45%)
      tot. embed. of 1   7169.67s   (91.56%)
      tot. embed. of 2      2.84s   ( 0.04%)
       freeze and thaw   7172.54s   (91.59%)
                   cas      1.25s   ( 0.02%)
                nevpt2      0.09s   ( 0.00%)
  interaction energies    656.13s   ( 8.38%)
                 TOTAL   7830.89s
================================================================================

********************************************************************************
*                              END OF CALCULATION                              *
********************************************************************************
