********************************************************************************
*                         FREEZE-AND-THAW CALCULATION                          *
********************************************************************************

================================== Input File ==================================
subsystem
C          0.66648        2.34294        0.12283
H          1.23531        3.17606        0.56699
C         -0.66079        2.33226        0.26940
H         -1.10926        2.99834        1.02447
C          1.47023        1.29408       -0.57112
H          0.79444        0.53613       -1.01058
H          2.01704        1.74401       -1.42417
C         -1.60907        1.46119       -0.48539
H         -1.05422        0.87122       -1.23929
H         -2.32184        2.08962       -1.05650
smearsig 0.001
end

subsystem
C          5.17201       -2.15392       -0.17263
H          5.74212       -1.70198       -1.00219
H          4.53894       -2.94521       -0.60909
H          5.89582       -2.64230        0.49829
C          4.33348       -1.11534        0.54599
H          3.79572       -1.58275        1.39296
H          4.98918       -0.34996        1.00366
C          3.32809       -0.42907       -0.36215
H          2.66727       -1.19136       -0.82176
H          3.86143        0.04323       -1.21165
C          2.48080        0.61311        0.34369
H          3.14019        1.37906        0.79831
H          1.94507        0.14702        1.19340
C         -2.40619        0.52525        0.41488
H         -2.94165        1.11981        1.18165
H         -1.70518       -0.11842        0.98101
C         -3.39946       -0.33824       -0.34013
H         -4.09802        0.31149       -0.90497
H         -2.86365       -0.92791       -1.11096
C         -4.19304       -1.27736        0.55137
H         -3.49066       -1.92152        1.11416
H         -4.72425       -0.68398        1.32009
C         -5.18048       -2.13372       -0.21661
H         -5.74802       -2.80871        0.44282
H         -5.91088       -1.51038       -0.76012
H         -4.66711       -2.75855       -0.96725
end

embed
 huzfermi
 cycles 3000
 conv 1e-8
 method m06
end

basis cc-pVTZ
method cas[2,2]/nevpt2
grid 4
conv 1e-8
grad 1e-8
maxiter 100
supsmearsig 0.001
================================== End Input ===================================
tot grids = 725328

                      Getting subsystem overlap integrals                       

                          Initial subsystem densities                           
Guessing initial subsystem densities
Initial guess from superpostion of atomic densties.
Guessing initial subsystem densities
Initial guess from superpostion of atomic densties.

=========================== Starting Freeze-and-Thaw ===========================
 iter:   1:1        |ddm|: 1.149609e+01     Tr[DP]  1.002671e+00
 iter:   1:2        |ddm|: 5.358149e+00     Tr[DP]  2.604703e-01
 iter:   2:1        |ddm|: 2.402047e+01     Tr[DP]  5.777918e-01
 iter:   2:2        |ddm|: 1.459102e+01     Tr[DP]  5.854898e-01
 iter:   3:1        |ddm|: 1.474642e+01     Tr[DP]  2.612457e-01
 iter:   3:2        |ddm|: 1.259785e+01     Tr[DP]  2.808275e-01
 iter:   4:1        |ddm|: 3.629806e+00     Tr[DP]  2.979778e-01
 iter:   4:2        |ddm|: 2.209809e+00     Tr[DP]  3.060991e-01
 iter:   5:1        |ddm|: 1.540580e+00     Tr[DP]  3.292015e-01
 iter:   5:2        |ddm|: 6.577525e-01     Tr[DP]  3.166477e-01
 iter:   6:1        |ddm|: 1.009616e+00     Tr[DP]  3.415034e-01
 iter:   6:2        |ddm|: 4.347244e-01     Tr[DP]  3.283955e-01
 iter:   7:1        |ddm|: 9.820189e-01     Tr[DP]  3.530038e-01
 iter:   7:2        |ddm|: 3.895181e-01     Tr[DP]  3.376569e-01
 iter:   8:1        |ddm|: 8.326428e-01     Tr[DP]  3.582108e-01
 iter:   8:2        |ddm|: 3.124645e-01     Tr[DP]  3.457182e-01
 iter:   9:1        |ddm|: 7.348492e-01     Tr[DP]  3.625612e-01
 iter:   9:2        |ddm|: 2.714667e-01     Tr[DP]  3.521804e-01
 iter:  10:1        |ddm|: 6.398910e-01     Tr[DP]  3.655379e-01
 iter:  10:2        |ddm|: 2.361202e-01     Tr[DP]  3.577283e-01
 iter:  11:1        |ddm|: 5.162019e-01     Tr[DP]  3.682991e-01
 iter:  11:2        |ddm|: 2.153773e-01     Tr[DP]  3.624090e-01
 iter:  12:1        |ddm|: 4.278577e-01     Tr[DP]  3.709851e-01
 iter:  12:2        |ddm|: 1.862417e-01     Tr[DP]  3.651914e-01
 iter:  13:1        |ddm|: 3.735385e-01     Tr[DP]  3.713861e-01
 iter:  13:2        |ddm|: 1.538409e-01     Tr[DP]  3.680083e-01
 iter:  14:1        |ddm|: 2.877951e-01     Tr[DP]  3.725621e-01
 iter:  14:2        |ddm|: 1.285349e-01     Tr[DP]  3.697759e-01
 iter:  15:1        |ddm|: 2.273648e-01     Tr[DP]  3.730146e-01
 iter:  15:2        |ddm|: 1.023701e-01     Tr[DP]  3.710817e-01
 iter:  16:1        |ddm|: 1.796055e-01     Tr[DP]  3.733469e-01
 iter:  16:2        |ddm|: 8.297120e-02     Tr[DP]  3.721147e-01
 iter:  17:1        |ddm|: 1.389721e-01     Tr[DP]  3.736709e-01
 iter:  17:2        |ddm|: 6.780992e-02     Tr[DP]  3.728447e-01
 iter:  18:1        |ddm|: 1.071740e-01     Tr[DP]  3.739152e-01
 iter:  18:2        |ddm|: 5.390153e-02     Tr[DP]  3.733839e-01
 iter:  19:1        |ddm|: 8.303498e-02     Tr[DP]  3.740741e-01
 iter:  19:2        |ddm|: 4.293302e-02     Tr[DP]  3.737881e-01
 iter:  20:1        |ddm|: 6.400095e-02     Tr[DP]  3.742145e-01
 iter:  20:2        |ddm|: 3.427940e-02     Tr[DP]  3.740902e-01
 iter:  21:1        |ddm|: 5.001345e-02     Tr[DP]  3.743099e-01
 iter:  21:2        |ddm|: 2.579831e-02     Tr[DP]  3.743355e-01
 iter:  22:1        |ddm|: 3.752661e-02     Tr[DP]  3.744586e-01
 iter:  22:2        |ddm|: 2.132449e-02     Tr[DP]  3.744911e-01
 iter:  23:1        |ddm|: 2.717313e-02     Tr[DP]  3.745664e-01
 iter:  23:2        |ddm|: 1.593601e-02     Tr[DP]  3.746052e-01
 iter:  24:1        |ddm|: 2.036538e-02     Tr[DP]  3.746296e-01
 iter:  24:2        |ddm|: 1.232704e-02     Tr[DP]  3.746775e-01
 iter:  25:1        |ddm|: 7.704735e-02     Tr[DP]  3.745070e-01
 iter:  25:2        |ddm|: 5.125032e-02     Tr[DP]  3.752629e-01
 iter:  26:1        |ddm|: 3.555230e-02     Tr[DP]  3.751403e-01
 iter:  26:2        |ddm|: 2.474024e-02     Tr[DP]  3.753408e-01
 iter:  27:1        |ddm|: 2.784398e-02     Tr[DP]  3.753108e-01
 iter:  27:2        |ddm|: 2.144678e-02     Tr[DP]  3.755418e-01
 iter:  28:1        |ddm|: 2.422108e-02     Tr[DP]  3.754452e-01
 iter:  28:2        |ddm|: 1.876419e-02     Tr[DP]  3.756759e-01
 iter:  29:1        |ddm|: 2.724846e-02     Tr[DP]  3.755340e-01
 iter:  29:2        |ddm|: 2.228082e-02     Tr[DP]  3.758496e-01
 iter:  30:1        |ddm|: 1.981563e-02     Tr[DP]  3.757009e-01
 iter:  30:2        |ddm|: 1.602775e-02     Tr[DP]  3.759424e-01
 iter:  31:1        |ddm|: 1.611633e-02     Tr[DP]  3.758127e-01
 iter:  31:2        |ddm|: 1.301220e-02     Tr[DP]  3.760173e-01
 iter:  32:1        |ddm|: 1.301412e-02     Tr[DP]  3.758872e-01
 iter:  32:2        |ddm|: 1.053741e-02     Tr[DP]  3.760724e-01
 iter:  33:1        |ddm|: 9.610812e-03     Tr[DP]  3.759477e-01
 iter:  33:2        |ddm|: 7.826892e-03     Tr[DP]  3.761019e-01
 iter:  34:1        |ddm|: 7.996399e-03     Tr[DP]  3.759882e-01
 iter:  34:2        |ddm|: 6.689371e-03     Tr[DP]  3.761291e-01
 iter:  35:1        |ddm|: 6.759086e-03     Tr[DP]  3.760206e-01
 iter:  35:2        |ddm|: 6.262994e-03     Tr[DP]  3.761542e-01
 iter:  36:1        |ddm|: 4.898696e-03     Tr[DP]  3.760575e-01
 iter:  36:2        |ddm|: 4.707434e-03     Tr[DP]  3.761681e-01
 iter:  37:1        |ddm|: 4.222039e-03     Tr[DP]  3.760857e-01
 iter:  37:2        |ddm|: 3.968062e-03     Tr[DP]  3.761827e-01
 iter:  38:1        |ddm|: 3.778566e-03     Tr[DP]  3.761084e-01
 iter:  38:2        |ddm|: 3.640430e-03     Tr[DP]  3.761954e-01
 iter:  39:1        |ddm|: 3.112029e-03     Tr[DP]  3.761291e-01
 iter:  39:2        |ddm|: 3.099320e-03     Tr[DP]  3.762058e-01
 iter:  40:1        |ddm|: 2.311225e-03     Tr[DP]  3.761492e-01
 iter:  40:2        |ddm|: 2.348281e-03     Tr[DP]  3.762117e-01
 iter:  41:1        |ddm|: 1.841717e-03     Tr[DP]  3.761642e-01
 iter:  41:2        |ddm|: 1.673069e-03     Tr[DP]  3.762151e-01
 iter:  42:1        |ddm|: 1.967335e-03     Tr[DP]  3.761746e-01
 iter:  42:2        |ddm|: 2.017210e-03     Tr[DP]  3.762199e-01
 iter:  43:1        |ddm|: 1.417400e-03     Tr[DP]  3.761825e-01
 iter:  43:2        |ddm|: 1.606742e-03     Tr[DP]  3.762224e-01
 iter:  44:1        |ddm|: 1.244919e-03     Tr[DP]  3.761906e-01
 iter:  44:2        |ddm|: 1.323855e-03     Tr[DP]  3.762266e-01
 iter:  45:1        |ddm|: 1.454923e-03     Tr[DP]  3.762023e-01
 iter:  45:2        |ddm|: 1.246923e-03     Tr[DP]  3.762261e-01
 iter:  46:1        |ddm|: 2.203677e-03     Tr[DP]  3.762078e-01
 iter:  46:2        |ddm|: 2.078068e-03     Tr[DP]  3.762267e-01
 iter:  47:1        |ddm|: 1.202389e-03     Tr[DP]  3.762072e-01
 iter:  47:2        |ddm|: 1.421780e-03     Tr[DP]  3.762321e-01
 iter:  48:1        |ddm|: 1.016625e-03     Tr[DP]  3.762136e-01
 iter:  48:2        |ddm|: 1.061070e-03     Tr[DP]  3.762376e-01
 iter:  49:1        |ddm|: 8.618861e-04     Tr[DP]  3.762221e-01
 iter:  49:2        |ddm|: 9.288795e-04     Tr[DP]  3.762404e-01
 iter:  50:1        |ddm|: 7.951843e-04     Tr[DP]  3.762272e-01
 iter:  50:2        |ddm|: 8.101663e-04     Tr[DP]  3.762434e-01
 iter:  51:1        |ddm|: 7.208330e-04     Tr[DP]  3.762316e-01
 iter:  51:2        |ddm|: 7.259992e-04     Tr[DP]  3.762455e-01
 iter:  52:1        |ddm|: 6.469418e-04     Tr[DP]  3.762351e-01
 iter:  52:2        |ddm|: 6.283279e-04     Tr[DP]  3.762471e-01
 iter:  53:1        |ddm|: 5.880932e-04     Tr[DP]  3.762382e-01
 iter:  53:2        |ddm|: 5.353101e-04     Tr[DP]  3.762482e-01
 iter:  54:1        |ddm|: 5.573874e-04     Tr[DP]  3.762405e-01
 iter:  54:2        |ddm|: 4.909818e-04     Tr[DP]  3.762488e-01
 iter:  55:1        |ddm|: 5.412109e-04     Tr[DP]  3.762421e-01
 iter:  55:2        |ddm|: 4.882714e-04     Tr[DP]  3.762491e-01
 iter:  56:1        |ddm|: 4.946463e-04     Tr[DP]  3.762434e-01
 iter:  56:2        |ddm|: 4.496054e-04     Tr[DP]  3.762493e-01
 iter:  57:1        |ddm|: 4.857332e-04     Tr[DP]  3.762446e-01
 iter:  57:2        |ddm|: 4.340508e-04     Tr[DP]  3.762494e-01
 iter:  58:1        |ddm|: 4.752103e-04     Tr[DP]  3.762455e-01
 iter:  58:2        |ddm|: 4.234920e-04     Tr[DP]  3.762494e-01
 iter:  59:1        |ddm|: 4.687751e-04     Tr[DP]  3.762461e-01
 iter:  59:2        |ddm|: 4.156952e-04     Tr[DP]  3.762494e-01
 iter:  60:1        |ddm|: 5.270425e-04     Tr[DP]  3.762465e-01
 iter:  60:2        |ddm|: 4.511562e-04     Tr[DP]  3.762493e-01
 iter:  61:1        |ddm|: 4.354712e-04     Tr[DP]  3.762470e-01
 iter:  61:2        |ddm|: 3.980541e-04     Tr[DP]  3.762494e-01
 iter:  62:1        |ddm|: 7.893854e-04     Tr[DP]  3.762470e-01
 iter:  62:2        |ddm|: 7.004775e-04     Tr[DP]  3.762490e-01
 iter:  63:1        |ddm|: 4.191399e-04     Tr[DP]  3.762476e-01
 iter:  63:2        |ddm|: 3.574003e-04     Tr[DP]  3.762498e-01
 iter:  64:1        |ddm|: 3.585124e-04     Tr[DP]  3.762482e-01
 iter:  64:2        |ddm|: 3.056530e-04     Tr[DP]  3.762499e-01
 iter:  65:1        |ddm|: 3.868177e-04     Tr[DP]  3.762484e-01
 iter:  65:2        |ddm|: 3.283589e-04     Tr[DP]  3.762499e-01
 iter:  66:1        |ddm|: 3.606074e-04     Tr[DP]  3.762487e-01
 iter:  66:2        |ddm|: 3.152064e-04     Tr[DP]  3.762498e-01
 iter:  67:1        |ddm|: 3.681364e-04     Tr[DP]  3.762489e-01
 iter:  67:2        |ddm|: 3.184472e-04     Tr[DP]  3.762498e-01
 iter:  68:1        |ddm|: 3.566692e-04     Tr[DP]  3.762490e-01
 iter:  68:2        |ddm|: 3.145150e-04     Tr[DP]  3.762497e-01
 iter:  69:1        |ddm|: 3.546605e-04     Tr[DP]  3.762491e-01
 iter:  69:2        |ddm|: 3.128506e-04     Tr[DP]  3.762497e-01
 iter:  70:1        |ddm|: 3.590257e-04     Tr[DP]  3.762491e-01
 iter:  70:2        |ddm|: 3.144570e-04     Tr[DP]  3.762496e-01
 iter:  71:1        |ddm|: 3.578960e-04     Tr[DP]  3.762491e-01
 iter:  71:2        |ddm|: 3.147191e-04     Tr[DP]  3.762495e-01
 iter:  72:1        |ddm|: 3.561944e-04     Tr[DP]  3.762491e-01
 iter:  72:2        |ddm|: 3.134369e-04     Tr[DP]  3.762494e-01
 iter:  73:1        |ddm|: 3.720641e-04     Tr[DP]  3.762490e-01
 iter:  73:2        |ddm|: 3.250167e-04     Tr[DP]  3.762492e-01
 iter:  74:1        |ddm|: 3.544848e-04     Tr[DP]  3.762489e-01
 iter:  74:2        |ddm|: 3.120153e-04     Tr[DP]  3.762491e-01
 iter:  75:1        |ddm|: 3.281449e-04     Tr[DP]  3.762489e-01
 iter:  75:2        |ddm|: 2.916888e-04     Tr[DP]  3.762491e-01
 iter:  76:1        |ddm|: 3.881929e-04     Tr[DP]  3.762487e-01
 iter:  76:2        |ddm|: 3.379349e-04     Tr[DP]  3.762489e-01
 iter:  77:1        |ddm|: 2.845824e-04     Tr[DP]  3.762489e-01
 iter:  77:2        |ddm|: 2.574106e-04     Tr[DP]  3.762489e-01
 iter:  78:1        |ddm|: 4.113153e-04     Tr[DP]  3.762486e-01
 iter:  78:2        |ddm|: 3.537869e-04     Tr[DP]  3.762486e-01
 iter:  79:1        |ddm|: 2.596433e-04     Tr[DP]  3.762487e-01
 iter:  79:2        |ddm|: 2.385740e-04     Tr[DP]  3.762486e-01
 iter:  80:1        |ddm|: 2.563235e-04     Tr[DP]  3.762486e-01
 iter:  80:2        |ddm|: 2.238979e-04     Tr[DP]  3.762486e-01
 iter:  81:1        |ddm|: 2.660899e-04     Tr[DP]  3.762485e-01
 iter:  81:2        |ddm|: 2.274928e-04     Tr[DP]  3.762485e-01
 iter:  82:1        |ddm|: 2.571389e-04     Tr[DP]  3.762485e-01
 iter:  82:2        |ddm|: 2.245780e-04     Tr[DP]  3.762485e-01
 iter:  83:1        |ddm|: 2.612839e-04     Tr[DP]  3.762484e-01
 iter:  83:2        |ddm|: 2.259379e-04     Tr[DP]  3.762484e-01
 iter:  84:1        |ddm|: 2.680877e-04     Tr[DP]  3.762483e-01
 iter:  84:2        |ddm|: 2.335761e-04     Tr[DP]  3.762483e-01
 iter:  85:1        |ddm|: 2.662623e-04     Tr[DP]  3.762482e-01
 iter:  85:2        |ddm|: 2.332224e-04     Tr[DP]  3.762482e-01
 iter:  86:1        |ddm|: 2.520356e-04     Tr[DP]  3.762482e-01
 iter:  86:2        |ddm|: 2.246179e-04     Tr[DP]  3.762482e-01
 iter:  87:1        |ddm|: 2.666757e-04     Tr[DP]  3.762481e-01
 iter:  87:2        |ddm|: 2.311253e-04     Tr[DP]  3.762481e-01
 iter:  88:1        |ddm|: 2.381479e-04     Tr[DP]  3.762481e-01
 iter:  88:2        |ddm|: 2.169100e-04     Tr[DP]  3.762481e-01
 iter:  89:1        |ddm|: 4.654981e-04     Tr[DP]  3.762477e-01
 iter:  89:2        |ddm|: 3.891610e-04     Tr[DP]  3.762477e-01
 iter:  90:1        |ddm|: 2.079572e-04     Tr[DP]  3.762479e-01
 iter:  90:2        |ddm|: 1.966305e-04     Tr[DP]  3.762478e-01
 iter:  91:1        |ddm|: 2.052438e-04     Tr[DP]  3.762478e-01
 iter:  91:2        |ddm|: 1.788104e-04     Tr[DP]  3.762477e-01
 iter:  92:1        |ddm|: 2.096102e-04     Tr[DP]  3.762478e-01
 iter:  92:2        |ddm|: 1.856646e-04     Tr[DP]  3.762477e-01
 iter:  93:1        |ddm|: 2.258027e-04     Tr[DP]  3.762477e-01
 iter:  93:2        |ddm|: 1.879834e-04     Tr[DP]  3.762476e-01
 iter:  94:1        |ddm|: 2.950180e-04     Tr[DP]  3.762475e-01
 iter:  94:2        |ddm|: 2.530034e-04     Tr[DP]  3.762474e-01
 iter:  95:1        |ddm|: 1.885381e-04     Tr[DP]  3.762476e-01
 iter:  95:2        |ddm|: 1.741705e-04     Tr[DP]  3.762475e-01
 iter:  96:1        |ddm|: 2.201774e-04     Tr[DP]  3.762474e-01
 iter:  96:2        |ddm|: 1.889525e-04     Tr[DP]  3.762474e-01
 iter:  97:1        |ddm|: 2.201270e-04     Tr[DP]  3.762473e-01
 iter:  97:2        |ddm|: 1.985370e-04     Tr[DP]  3.762472e-01
 iter:  98:1        |ddm|: 1.714850e-04     Tr[DP]  3.762474e-01
 iter:  98:2        |ddm|: 1.549271e-04     Tr[DP]  3.762473e-01
 iter:  99:1        |ddm|: 1.804002e-04     Tr[DP]  3.762473e-01
 iter:  99:2        |ddm|: 1.533995e-04     Tr[DP]  3.762472e-01
 iter: 100:1        |ddm|: 1.788548e-04     Tr[DP]  3.762472e-01
 iter: 100:2        |ddm|: 1.548060e-04     Tr[DP]  3.762471e-01
 iter: 101:1        |ddm|: 1.793094e-04     Tr[DP]  3.762471e-01
 iter: 101:2        |ddm|: 1.559927e-04     Tr[DP]  3.762471e-01
 iter: 102:1        |ddm|: 1.742906e-04     Tr[DP]  3.762471e-01
 iter: 102:2        |ddm|: 1.528173e-04     Tr[DP]  3.762470e-01
 iter: 103:1        |ddm|: 1.760083e-04     Tr[DP]  3.762470e-01
 iter: 103:2        |ddm|: 1.535017e-04     Tr[DP]  3.762470e-01
 iter: 104:1        |ddm|: 1.727840e-04     Tr[DP]  3.762470e-01
 iter: 104:2        |ddm|: 1.520055e-04     Tr[DP]  3.762469e-01
 iter: 105:1        |ddm|: 1.715196e-04     Tr[DP]  3.762470e-01
 iter: 105:2        |ddm|: 1.508084e-04     Tr[DP]  3.762469e-01
 iter: 106:1        |ddm|: 1.736242e-04     Tr[DP]  3.762469e-01
 iter: 106:2        |ddm|: 1.520266e-04     Tr[DP]  3.762468e-01
 iter: 107:1        |ddm|: 1.675451e-04     Tr[DP]  3.762469e-01
 iter: 107:2        |ddm|: 1.481964e-04     Tr[DP]  3.762468e-01
 iter: 108:1        |ddm|: 1.648085e-04     Tr[DP]  3.762468e-01
 iter: 108:2        |ddm|: 1.454943e-04     Tr[DP]  3.762468e-01
 iter: 109:1        |ddm|: 1.654901e-04     Tr[DP]  3.762468e-01
 iter: 109:2        |ddm|: 1.444419e-04     Tr[DP]  3.762467e-01
 iter: 110:1        |ddm|: 1.583618e-04     Tr[DP]  3.762467e-01
 iter: 110:2        |ddm|: 1.402463e-04     Tr[DP]  3.762467e-01
 iter: 111:1        |ddm|: 1.544979e-04     Tr[DP]  3.762467e-01
 iter: 111:2        |ddm|: 1.370958e-04     Tr[DP]  3.762467e-01
 iter: 112:1        |ddm|: 1.722927e-04     Tr[DP]  3.762466e-01
 iter: 112:2        |ddm|: 1.473247e-04     Tr[DP]  3.762466e-01
 iter: 113:1        |ddm|: 1.545514e-04     Tr[DP]  3.762466e-01
 iter: 113:2        |ddm|: 1.370607e-04     Tr[DP]  3.762465e-01
 iter: 114:1        |ddm|: 3.821714e-04     Tr[DP]  3.762463e-01
 iter: 114:2        |ddm|: 3.297563e-04     Tr[DP]  3.762463e-01
 iter: 115:1        |ddm|: 2.016967e-04     Tr[DP]  3.762466e-01
 iter: 115:2        |ddm|: 1.624798e-04     Tr[DP]  3.762465e-01
 iter: 116:1        |ddm|: 1.780600e-04     Tr[DP]  3.762464e-01
 iter: 116:2        |ddm|: 1.397890e-04     Tr[DP]  3.762463e-01
 iter: 117:1        |ddm|: 1.157863e-04     Tr[DP]  3.762464e-01
 iter: 117:2        |ddm|: 1.036793e-04     Tr[DP]  3.762463e-01
 iter: 118:1        |ddm|: 1.154518e-04     Tr[DP]  3.762464e-01
 iter: 118:2        |ddm|: 1.009695e-04     Tr[DP]  3.762463e-01
 iter: 119:1        |ddm|: 1.443931e-04     Tr[DP]  3.762463e-01
 iter: 119:2        |ddm|: 1.153424e-04     Tr[DP]  3.762462e-01
 iter: 120:1        |ddm|: 1.233783e-04     Tr[DP]  3.762463e-01
 iter: 120:2        |ddm|: 1.146720e-04     Tr[DP]  3.762462e-01
 iter: 121:1        |ddm|: 1.246487e-04     Tr[DP]  3.762463e-01
 iter: 121:2        |ddm|: 1.138104e-04     Tr[DP]  3.762462e-01
 iter: 122:1        |ddm|: 1.448627e-04     Tr[DP]  3.762462e-01
 iter: 122:2        |ddm|: 1.217444e-04     Tr[DP]  3.762462e-01
 iter: 123:1        |ddm|: 1.292146e-04     Tr[DP]  3.762462e-01
 iter: 123:2        |ddm|: 1.151471e-04     Tr[DP]  3.762461e-01
 iter: 124:1        |ddm|: 1.512104e-04     Tr[DP]  3.762461e-01
 iter: 124:2        |ddm|: 1.349298e-04     Tr[DP]  3.762461e-01
 iter: 125:1        |ddm|: 1.416708e-04     Tr[DP]  3.762460e-01
 iter: 125:2        |ddm|: 1.289916e-04     Tr[DP]  3.762460e-01
 iter: 126:1        |ddm|: 9.843415e-05     Tr[DP]  3.762461e-01
 iter: 126:2        |ddm|: 9.089728e-05     Tr[DP]  3.762460e-01
 iter: 127:1        |ddm|: 9.745104e-05     Tr[DP]  3.762460e-01
 iter: 127:2        |ddm|: 8.593340e-05     Tr[DP]  3.762459e-01
 iter: 128:1        |ddm|: 9.110347e-05     Tr[DP]  3.762460e-01
 iter: 128:2        |ddm|: 7.960549e-05     Tr[DP]  3.762459e-01
 iter: 129:1        |ddm|: 9.264850e-05     Tr[DP]  3.762460e-01
 iter: 129:2        |ddm|: 7.982067e-05     Tr[DP]  3.762459e-01
 iter: 130:1        |ddm|: 9.664872e-05     Tr[DP]  3.762459e-01
 iter: 130:2        |ddm|: 8.252837e-05     Tr[DP]  3.762459e-01
 iter: 131:1        |ddm|: 9.546608e-05     Tr[DP]  3.762459e-01
 iter: 131:2        |ddm|: 8.318012e-05     Tr[DP]  3.762459e-01
 iter: 132:1        |ddm|: 1.018899e-04     Tr[DP]  3.762458e-01
 iter: 132:2        |ddm|: 8.803037e-05     Tr[DP]  3.762458e-01
 iter: 133:1        |ddm|: 9.813277e-05     Tr[DP]  3.762458e-01
 iter: 133:2        |ddm|: 8.664986e-05     Tr[DP]  3.762458e-01
 iter: 134:1        |ddm|: 9.977663e-05     Tr[DP]  3.762458e-01
 iter: 134:2        |ddm|: 8.861063e-05     Tr[DP]  3.762457e-01
 iter: 135:1        |ddm|: 9.514321e-05     Tr[DP]  3.762457e-01
 iter: 135:2        |ddm|: 8.572553e-05     Tr[DP]  3.762457e-01
 iter: 136:1        |ddm|: 7.835062e-05     Tr[DP]  3.762457e-01
 iter: 136:2        |ddm|: 7.093956e-05     Tr[DP]  3.762457e-01
 iter: 137:1        |ddm|: 7.502964e-05     Tr[DP]  3.762457e-01
 iter: 137:2        |ddm|: 6.589111e-05     Tr[DP]  3.762457e-01
 iter: 138:1        |ddm|: 8.097944e-05     Tr[DP]  3.762457e-01
 iter: 138:2        |ddm|: 7.164392e-05     Tr[DP]  3.762457e-01
 iter: 139:1        |ddm|: 8.607010e-05     Tr[DP]  3.762456e-01
 iter: 139:2        |ddm|: 7.182382e-05     Tr[DP]  3.762456e-01
 iter: 140:1        |ddm|: 9.656409e-05     Tr[DP]  3.762456e-01
 iter: 140:2        |ddm|: 8.296256e-05     Tr[DP]  3.762456e-01
 iter: 141:1        |ddm|: 8.022211e-05     Tr[DP]  3.762456e-01
 iter: 141:2        |ddm|: 7.283922e-05     Tr[DP]  3.762456e-01
 iter: 142:1        |ddm|: 7.612778e-05     Tr[DP]  3.762456e-01
 iter: 142:2        |ddm|: 6.803057e-05     Tr[DP]  3.762455e-01
 iter: 143:1        |ddm|: 7.494545e-05     Tr[DP]  3.762455e-01
 iter: 143:2        |ddm|: 6.628398e-05     Tr[DP]  3.762455e-01
 iter: 144:1        |ddm|: 8.596658e-05     Tr[DP]  3.762455e-01
 iter: 144:2        |ddm|: 7.592763e-05     Tr[DP]  3.762455e-01
 iter: 145:1        |ddm|: 6.620706e-05     Tr[DP]  3.762455e-01
 iter: 145:2        |ddm|: 5.931123e-05     Tr[DP]  3.762455e-01
 iter: 146:1        |ddm|: 6.854895e-05     Tr[DP]  3.762455e-01
 iter: 146:2        |ddm|: 5.731877e-05     Tr[DP]  3.762455e-01
 iter: 147:1        |ddm|: 6.620040e-05     Tr[DP]  3.762455e-01
 iter: 147:2        |ddm|: 5.775532e-05     Tr[DP]  3.762454e-01
 iter: 148:1        |ddm|: 6.686046e-05     Tr[DP]  3.762454e-01
 iter: 148:2        |ddm|: 5.834867e-05     Tr[DP]  3.762454e-01
 iter: 149:1        |ddm|: 6.906237e-05     Tr[DP]  3.762454e-01
 iter: 149:2        |ddm|: 5.996167e-05     Tr[DP]  3.762454e-01
 iter: 150:1        |ddm|: 7.564532e-05     Tr[DP]  3.762454e-01
 iter: 150:2        |ddm|: 6.602337e-05     Tr[DP]  3.762454e-01
 iter: 151:1        |ddm|: 6.577940e-05     Tr[DP]  3.762454e-01
 iter: 151:2        |ddm|: 5.959334e-05     Tr[DP]  3.762453e-01
 iter: 152:1        |ddm|: 5.964184e-05     Tr[DP]  3.762454e-01
 iter: 152:2        |ddm|: 5.344813e-05     Tr[DP]  3.762453e-01
 iter: 153:1        |ddm|: 5.999083e-05     Tr[DP]  3.762453e-01
 iter: 153:2        |ddm|: 5.258146e-05     Tr[DP]  3.762453e-01
 iter: 154:1        |ddm|: 7.116571e-05     Tr[DP]  3.762453e-01
 iter: 154:2        |ddm|: 6.232666e-05     Tr[DP]  3.762453e-01
 iter: 155:1        |ddm|: 5.785691e-05     Tr[DP]  3.762453e-01
 iter: 155:2        |ddm|: 5.309564e-05     Tr[DP]  3.762453e-01
 iter: 156:1        |ddm|: 5.338373e-05     Tr[DP]  3.762453e-01
 iter: 156:2        |ddm|: 4.730527e-05     Tr[DP]  3.762453e-01
 iter: 157:1        |ddm|: 5.539842e-05     Tr[DP]  3.762453e-01
 iter: 157:2        |ddm|: 4.565834e-05     Tr[DP]  3.762452e-01
 iter: 158:1        |ddm|: 5.256427e-05     Tr[DP]  3.762453e-01
 iter: 158:2        |ddm|: 4.575688e-05     Tr[DP]  3.762452e-01
 iter: 159:1        |ddm|: 5.265593e-05     Tr[DP]  3.762452e-01
 iter: 159:2        |ddm|: 4.595325e-05     Tr[DP]  3.762452e-01
 iter: 160:1        |ddm|: 5.525367e-05     Tr[DP]  3.762452e-01
 iter: 160:2        |ddm|: 4.791897e-05     Tr[DP]  3.762452e-01
 iter: 161:1        |ddm|: 5.045632e-05     Tr[DP]  3.762452e-01
 iter: 161:2        |ddm|: 4.490133e-05     Tr[DP]  3.762452e-01
 iter: 162:1        |ddm|: 5.058882e-05     Tr[DP]  3.762452e-01
 iter: 162:2        |ddm|: 4.434288e-05     Tr[DP]  3.762452e-01
 iter: 163:1        |ddm|: 4.886528e-05     Tr[DP]  3.762452e-01
 iter: 163:2        |ddm|: 4.308505e-05     Tr[DP]  3.762452e-01
 iter: 164:1        |ddm|: 4.751836e-05     Tr[DP]  3.762452e-01
 iter: 164:2        |ddm|: 4.191301e-05     Tr[DP]  3.762452e-01
 iter: 165:1        |ddm|: 4.879578e-05     Tr[DP]  3.762452e-01
 iter: 165:2        |ddm|: 4.240460e-05     Tr[DP]  3.762451e-01
 iter: 166:1        |ddm|: 4.816726e-05     Tr[DP]  3.762451e-01
 iter: 166:2        |ddm|: 4.233153e-05     Tr[DP]  3.762451e-01
 iter: 167:1        |ddm|: 5.319103e-05     Tr[DP]  3.762451e-01
 iter: 167:2        |ddm|: 4.626800e-05     Tr[DP]  3.762451e-01
 iter: 168:1        |ddm|: 4.536626e-05     Tr[DP]  3.762451e-01
 iter: 168:2        |ddm|: 4.091172e-05     Tr[DP]  3.762451e-01
 iter: 169:1        |ddm|: 4.317440e-05     Tr[DP]  3.762451e-01
 iter: 169:2        |ddm|: 3.843175e-05     Tr[DP]  3.762451e-01
 iter: 170:1        |ddm|: 4.474333e-05     Tr[DP]  3.762451e-01
 iter: 170:2        |ddm|: 3.869198e-05     Tr[DP]  3.762451e-01
 iter: 171:1        |ddm|: 4.359249e-05     Tr[DP]  3.762451e-01
 iter: 171:2        |ddm|: 3.821882e-05     Tr[DP]  3.762451e-01
 iter: 172:1        |ddm|: 4.666707e-05     Tr[DP]  3.762451e-01
 iter: 172:2        |ddm|: 4.257661e-05     Tr[DP]  3.762451e-01
 iter: 173:1        |ddm|: 1.146428e-04     Tr[DP]  3.762450e-01
 iter: 173:2        |ddm|: 9.553880e-05     Tr[DP]  3.762450e-01
 iter: 174:1        |ddm|: 4.732680e-05     Tr[DP]  3.762450e-01
 iter: 174:2        |ddm|: 4.895363e-05     Tr[DP]  3.762450e-01
 iter: 175:1        |ddm|: 3.759962e-05     Tr[DP]  3.762450e-01
 iter: 175:2        |ddm|: 3.289474e-05     Tr[DP]  3.762450e-01
 iter: 176:1        |ddm|: 3.340954e-05     Tr[DP]  3.762450e-01
 iter: 176:2        |ddm|: 2.777240e-05     Tr[DP]  3.762450e-01
 iter: 177:1        |ddm|: 3.528272e-05     Tr[DP]  3.762450e-01
 iter: 177:2        |ddm|: 2.948520e-05     Tr[DP]  3.762450e-01
 iter: 178:1        |ddm|: 3.427027e-05     Tr[DP]  3.762450e-01
 iter: 178:2        |ddm|: 2.961018e-05     Tr[DP]  3.762450e-01
 iter: 179:1        |ddm|: 3.506132e-05     Tr[DP]  3.762450e-01
 iter: 179:2        |ddm|: 3.017417e-05     Tr[DP]  3.762450e-01
 iter: 180:1        |ddm|: 3.579780e-05     Tr[DP]  3.762450e-01
 iter: 180:2        |ddm|: 3.275913e-05     Tr[DP]  3.762450e-01
 iter: 181:1        |ddm|: 3.514616e-05     Tr[DP]  3.762450e-01
 iter: 181:2        |ddm|: 3.073101e-05     Tr[DP]  3.762450e-01
 iter: 182:1        |ddm|: 4.241363e-05     Tr[DP]  3.762449e-01
 iter: 182:2        |ddm|: 3.532892e-05     Tr[DP]  3.762449e-01
 iter: 183:1        |ddm|: 4.134785e-05     Tr[DP]  3.762449e-01
 iter: 183:2        |ddm|: 3.632559e-05     Tr[DP]  3.762449e-01
 iter: 184:1        |ddm|: 4.587588e-05     Tr[DP]  3.762449e-01
 iter: 184:2        |ddm|: 4.119812e-05     Tr[DP]  3.762449e-01
 iter: 185:1        |ddm|: 2.776322e-05     Tr[DP]  3.762449e-01
 iter: 185:2        |ddm|: 2.635710e-05     Tr[DP]  3.762449e-01
 iter: 186:1        |ddm|: 2.942298e-05     Tr[DP]  3.762449e-01
 iter: 186:2        |ddm|: 2.665230e-05     Tr[DP]  3.762449e-01
 iter: 187:1        |ddm|: 2.540784e-05     Tr[DP]  3.762449e-01
 iter: 187:2        |ddm|: 2.285442e-05     Tr[DP]  3.762449e-01
 iter: 188:1        |ddm|: 2.703660e-05     Tr[DP]  3.762449e-01
 iter: 188:2        |ddm|: 2.266428e-05     Tr[DP]  3.762449e-01
 iter: 189:1        |ddm|: 2.644207e-05     Tr[DP]  3.762449e-01
 iter: 189:2        |ddm|: 2.288503e-05     Tr[DP]  3.762449e-01
 iter: 190:1        |ddm|: 2.636354e-05     Tr[DP]  3.762449e-01
 iter: 190:2        |ddm|: 2.290758e-05     Tr[DP]  3.762449e-01
 iter: 191:1        |ddm|: 2.546140e-05     Tr[DP]  3.762449e-01
 iter: 191:2        |ddm|: 2.228560e-05     Tr[DP]  3.762448e-01
 iter: 192:1        |ddm|: 2.495731e-05     Tr[DP]  3.762449e-01
 iter: 192:2        |ddm|: 2.210617e-05     Tr[DP]  3.762448e-01
 iter: 193:1        |ddm|: 2.795915e-05     Tr[DP]  3.762448e-01
 iter: 193:2        |ddm|: 2.360153e-05     Tr[DP]  3.762448e-01
 iter: 194:1        |ddm|: 2.495833e-05     Tr[DP]  3.762448e-01
 iter: 194:2        |ddm|: 2.228012e-05     Tr[DP]  3.762448e-01
 iter: 195:1        |ddm|: 2.525921e-05     Tr[DP]  3.762448e-01
 iter: 195:2        |ddm|: 2.211677e-05     Tr[DP]  3.762448e-01
 iter: 196:1        |ddm|: 2.476877e-05     Tr[DP]  3.762448e-01
 iter: 196:2        |ddm|: 2.178998e-05     Tr[DP]  3.762448e-01
 iter: 197:1        |ddm|: 2.433200e-05     Tr[DP]  3.762448e-01
 iter: 197:2        |ddm|: 2.141280e-05     Tr[DP]  3.762448e-01
 iter: 198:1        |ddm|: 2.324419e-05     Tr[DP]  3.762448e-01
 iter: 198:2        |ddm|: 2.041058e-05     Tr[DP]  3.762448e-01
 iter: 199:1        |ddm|: 2.316262e-05     Tr[DP]  3.762448e-01
 iter: 199:2        |ddm|: 2.096819e-05     Tr[DP]  3.762448e-01
 iter: 200:1        |ddm|: 2.885963e-05     Tr[DP]  3.762448e-01
 iter: 200:2        |ddm|: 2.688074e-05     Tr[DP]  3.762448e-01
 iter: 201:1        |ddm|: 6.255814e-05     Tr[DP]  3.762448e-01
 iter: 201:2        |ddm|: 5.103591e-05     Tr[DP]  3.762448e-01
 iter: 202:1        |ddm|: 2.262411e-05     Tr[DP]  3.762448e-01
 iter: 202:2        |ddm|: 2.267899e-05     Tr[DP]  3.762448e-01
 iter: 203:1        |ddm|: 1.925141e-05     Tr[DP]  3.762448e-01
 iter: 203:2        |ddm|: 1.779345e-05     Tr[DP]  3.762448e-01
 iter: 204:1        |ddm|: 2.058532e-05     Tr[DP]  3.762448e-01
 iter: 204:2        |ddm|: 1.802316e-05     Tr[DP]  3.762448e-01
 iter: 205:1        |ddm|: 1.771787e-05     Tr[DP]  3.762448e-01
 iter: 205:2        |ddm|: 1.570748e-05     Tr[DP]  3.762448e-01
 iter: 206:1        |ddm|: 1.766635e-05     Tr[DP]  3.762448e-01
 iter: 206:2        |ddm|: 1.519281e-05     Tr[DP]  3.762447e-01
 iter: 207:1        |ddm|: 1.756301e-05     Tr[DP]  3.762448e-01
 iter: 207:2        |ddm|: 1.527156e-05     Tr[DP]  3.762447e-01
 iter: 208:1        |ddm|: 1.857453e-05     Tr[DP]  3.762447e-01
 iter: 208:2        |ddm|: 1.595191e-05     Tr[DP]  3.762447e-01
 iter: 209:1        |ddm|: 1.786309e-05     Tr[DP]  3.762447e-01
 iter: 209:2        |ddm|: 1.572411e-05     Tr[DP]  3.762447e-01
 iter: 210:1        |ddm|: 1.801369e-05     Tr[DP]  3.762447e-01
 iter: 210:2        |ddm|: 1.621378e-05     Tr[DP]  3.762447e-01
 iter: 211:1        |ddm|: 2.610962e-05     Tr[DP]  3.762447e-01
 iter: 211:2        |ddm|: 2.168778e-05     Tr[DP]  3.762447e-01
 iter: 212:1        |ddm|: 1.655176e-05     Tr[DP]  3.762447e-01
 iter: 212:2        |ddm|: 1.534350e-05     Tr[DP]  3.762447e-01
 iter: 213:1        |ddm|: 1.546672e-05     Tr[DP]  3.762447e-01
 iter: 213:2        |ddm|: 1.379121e-05     Tr[DP]  3.762447e-01
 iter: 214:1        |ddm|: 1.611579e-05     Tr[DP]  3.762447e-01
 iter: 214:2        |ddm|: 1.386820e-05     Tr[DP]  3.762447e-01
 iter: 215:1        |ddm|: 1.604345e-05     Tr[DP]  3.762447e-01
 iter: 215:2        |ddm|: 1.398716e-05     Tr[DP]  3.762447e-01
 iter: 216:1        |ddm|: 1.533601e-05     Tr[DP]  3.762447e-01
 iter: 216:2        |ddm|: 1.362472e-05     Tr[DP]  3.762447e-01
 iter: 217:1        |ddm|: 1.692843e-05     Tr[DP]  3.762447e-01
 iter: 217:2        |ddm|: 1.444421e-05     Tr[DP]  3.762447e-01
 iter: 218:1        |ddm|: 1.690504e-05     Tr[DP]  3.762447e-01
 iter: 218:2        |ddm|: 1.482926e-05     Tr[DP]  3.762447e-01
 iter: 219:1        |ddm|: 1.423997e-05     Tr[DP]  3.762447e-01
 iter: 219:2        |ddm|: 1.292835e-05     Tr[DP]  3.762447e-01
 iter: 220:1        |ddm|: 1.549088e-05     Tr[DP]  3.762447e-01
 iter: 220:2        |ddm|: 1.338702e-05     Tr[DP]  3.762447e-01
 iter: 221:1        |ddm|: 1.619153e-05     Tr[DP]  3.762447e-01
 iter: 221:2        |ddm|: 1.404383e-05     Tr[DP]  3.762447e-01
 iter: 222:1        |ddm|: 2.860088e-05     Tr[DP]  3.762447e-01
 iter: 222:2        |ddm|: 2.534938e-05     Tr[DP]  3.762447e-01
 iter: 223:1        |ddm|: 1.761225e-05     Tr[DP]  3.762447e-01
 iter: 223:2        |ddm|: 1.457666e-05     Tr[DP]  3.762447e-01
 iter: 224:1        |ddm|: 1.349883e-05     Tr[DP]  3.762447e-01
 iter: 224:2        |ddm|: 1.065089e-05     Tr[DP]  3.762447e-01
 iter: 225:1        |ddm|: 1.181993e-05     Tr[DP]  3.762447e-01
 iter: 225:2        |ddm|: 1.034478e-05     Tr[DP]  3.762447e-01
 iter: 226:1        |ddm|: 1.252101e-05     Tr[DP]  3.762447e-01
 iter: 226:2        |ddm|: 1.052503e-05     Tr[DP]  3.762447e-01
 iter: 227:1        |ddm|: 1.237964e-05     Tr[DP]  3.762447e-01
 iter: 227:2        |ddm|: 1.070971e-05     Tr[DP]  3.762447e-01
 iter: 228:1        |ddm|: 1.701208e-05     Tr[DP]  3.762446e-01
 iter: 228:2        |ddm|: 1.470406e-05     Tr[DP]  3.762446e-01
 iter: 229:1        |ddm|: 1.066893e-05     Tr[DP]  3.762446e-01
 iter: 229:2        |ddm|: 9.892019e-06     Tr[DP]  3.762446e-01
 iter: 230:1        |ddm|: 1.090645e-05     Tr[DP]  3.762446e-01
 iter: 230:2        |ddm|: 9.674551e-06     Tr[DP]  3.762446e-01
 iter: 231:1        |ddm|: 1.089245e-05     Tr[DP]  3.762446e-01
 iter: 231:2        |ddm|: 9.569594e-06     Tr[DP]  3.762446e-01
 iter: 232:1        |ddm|: 1.045667e-05     Tr[DP]  3.762446e-01
 iter: 232:2        |ddm|: 9.191391e-06     Tr[DP]  3.762446e-01
 iter: 233:1        |ddm|: 1.078221e-05     Tr[DP]  3.762446e-01
 iter: 233:2        |ddm|: 9.298210e-06     Tr[DP]  3.762446e-01
 iter: 234:1        |ddm|: 1.035933e-05     Tr[DP]  3.762446e-01
 iter: 234:2        |ddm|: 9.166505e-06     Tr[DP]  3.762446e-01
 iter: 235:1        |ddm|: 1.116422e-05     Tr[DP]  3.762446e-01
 iter: 235:2        |ddm|: 9.560760e-06     Tr[DP]  3.762446e-01
 iter: 236:1        |ddm|: 1.050918e-05     Tr[DP]  3.762446e-01
 iter: 236:2        |ddm|: 9.319387e-06     Tr[DP]  3.762446e-01
 iter: 237:1        |ddm|: 1.023597e-05     Tr[DP]  3.762446e-01
 iter: 237:2        |ddm|: 9.052289e-06     Tr[DP]  3.762446e-01
 iter: 238:1        |ddm|: 1.017056e-05     Tr[DP]  3.762446e-01
 iter: 238:2        |ddm|: 8.947043e-06     Tr[DP]  3.762446e-01
 iter: 239:1        |ddm|: 1.050694e-05     Tr[DP]  3.762446e-01
 iter: 239:2        |ddm|: 9.144406e-06     Tr[DP]  3.762446e-01
 iter: 240:1        |ddm|: 1.084646e-05     Tr[DP]  3.762446e-01
 iter: 240:2        |ddm|: 9.508759e-06     Tr[DP]  3.762446e-01
 iter: 241:1        |ddm|: 1.017290e-05     Tr[DP]  3.762446e-01
 iter: 241:2        |ddm|: 9.071071e-06     Tr[DP]  3.762446e-01
 iter: 242:1        |ddm|: 9.600383e-06     Tr[DP]  3.762446e-01
 iter: 242:2        |ddm|: 8.810665e-06     Tr[DP]  3.762446e-01
 iter: 243:1        |ddm|: 7.655905e-06     Tr[DP]  3.762446e-01
 iter: 243:2        |ddm|: 6.869816e-06     Tr[DP]  3.762446e-01
 iter: 244:1        |ddm|: 7.925482e-06     Tr[DP]  3.762446e-01
 iter: 244:2        |ddm|: 6.823990e-06     Tr[DP]  3.762446e-01
 iter: 245:1        |ddm|: 7.941515e-06     Tr[DP]  3.762446e-01
 iter: 245:2        |ddm|: 6.862874e-06     Tr[DP]  3.762446e-01
 iter: 246:1        |ddm|: 7.890015e-06     Tr[DP]  3.762446e-01
 iter: 246:2        |ddm|: 6.856191e-06     Tr[DP]  3.762446e-01
 iter: 247:1        |ddm|: 7.741736e-06     Tr[DP]  3.762446e-01
 iter: 247:2        |ddm|: 6.764409e-06     Tr[DP]  3.762446e-01
 iter: 248:1        |ddm|: 7.723066e-06     Tr[DP]  3.762446e-01
 iter: 248:2        |ddm|: 6.746876e-06     Tr[DP]  3.762446e-01
 iter: 249:1        |ddm|: 8.092312e-06     Tr[DP]  3.762446e-01
 iter: 249:2        |ddm|: 7.033066e-06     Tr[DP]  3.762446e-01
 iter: 250:1        |ddm|: 7.552791e-06     Tr[DP]  3.762446e-01
 iter: 250:2        |ddm|: 6.698087e-06     Tr[DP]  3.762446e-01
 iter: 251:1        |ddm|: 7.661916e-06     Tr[DP]  3.762446e-01
 iter: 251:2        |ddm|: 6.702582e-06     Tr[DP]  3.762446e-01
 iter: 252:1        |ddm|: 7.463060e-06     Tr[DP]  3.762446e-01
 iter: 252:2        |ddm|: 6.575048e-06     Tr[DP]  3.762446e-01
 iter: 253:1        |ddm|: 7.158963e-06     Tr[DP]  3.762446e-01
 iter: 253:2        |ddm|: 6.417514e-06     Tr[DP]  3.762446e-01
 iter: 254:1        |ddm|: 7.656083e-06     Tr[DP]  3.762446e-01
 iter: 254:2        |ddm|: 6.685652e-06     Tr[DP]  3.762446e-01
 iter: 255:1        |ddm|: 7.386670e-06     Tr[DP]  3.762446e-01
 iter: 255:2        |ddm|: 6.323942e-06     Tr[DP]  3.762446e-01
 iter: 256:1        |ddm|: 6.891728e-06     Tr[DP]  3.762446e-01
 iter: 256:2        |ddm|: 6.191722e-06     Tr[DP]  3.762446e-01
 iter: 257:1        |ddm|: 6.801916e-06     Tr[DP]  3.762446e-01
 iter: 257:2        |ddm|: 6.087804e-06     Tr[DP]  3.762446e-01
 iter: 258:1        |ddm|: 7.575153e-06     Tr[DP]  3.762446e-01
 iter: 258:2        |ddm|: 6.450424e-06     Tr[DP]  3.762446e-01
 iter: 259:1        |ddm|: 7.008923e-06     Tr[DP]  3.762446e-01
 iter: 259:2        |ddm|: 6.264368e-06     Tr[DP]  3.762446e-01
 iter: 260:1        |ddm|: 6.711139e-06     Tr[DP]  3.762446e-01
 iter: 260:2        |ddm|: 5.930333e-06     Tr[DP]  3.762446e-01
 iter: 261:1        |ddm|: 7.200270e-06     Tr[DP]  3.762446e-01
 iter: 261:2        |ddm|: 6.386253e-06     Tr[DP]  3.762446e-01
 iter: 262:1        |ddm|: 7.435554e-06     Tr[DP]  3.762446e-01
 iter: 262:2        |ddm|: 6.216646e-06     Tr[DP]  3.762446e-01
 iter: 263:1        |ddm|: 2.117478e-05     Tr[DP]  3.762445e-01
 iter: 263:2        |ddm|: 1.862302e-05     Tr[DP]  3.762446e-01
 iter: 264:1        |ddm|: 1.102078e-05     Tr[DP]  3.762446e-01
 iter: 264:2        |ddm|: 7.962927e-06     Tr[DP]  3.762446e-01
 iter: 265:1        |ddm|: 4.845539e-06     Tr[DP]  3.762446e-01
 iter: 265:2        |ddm|: 4.230663e-06     Tr[DP]  3.762446e-01
 iter: 266:1        |ddm|: 4.822611e-06     Tr[DP]  3.762446e-01
 iter: 266:2        |ddm|: 3.876830e-06     Tr[DP]  3.762446e-01
 iter: 267:1        |ddm|: 4.961257e-06     Tr[DP]  3.762446e-01
 iter: 267:2        |ddm|: 4.139268e-06     Tr[DP]  3.762446e-01
 iter: 268:1        |ddm|: 4.943653e-06     Tr[DP]  3.762446e-01
 iter: 268:2        |ddm|: 4.244706e-06     Tr[DP]  3.762445e-01
 iter: 269:1        |ddm|: 4.829016e-06     Tr[DP]  3.762446e-01
 iter: 269:2        |ddm|: 4.214436e-06     Tr[DP]  3.762445e-01
 iter: 270:1        |ddm|: 4.801452e-06     Tr[DP]  3.762445e-01
 iter: 270:2        |ddm|: 4.190103e-06     Tr[DP]  3.762445e-01
 iter: 271:1        |ddm|: 4.690805e-06     Tr[DP]  3.762445e-01
 iter: 271:2        |ddm|: 4.139036e-06     Tr[DP]  3.762445e-01
 iter: 272:1        |ddm|: 4.887149e-06     Tr[DP]  3.762445e-01
 iter: 272:2        |ddm|: 4.201255e-06     Tr[DP]  3.762445e-01
 iter: 273:1        |ddm|: 4.729213e-06     Tr[DP]  3.762445e-01
 iter: 273:2        |ddm|: 4.169675e-06     Tr[DP]  3.762445e-01
 iter: 274:1        |ddm|: 4.601635e-06     Tr[DP]  3.762445e-01
 iter: 274:2        |ddm|: 4.065983e-06     Tr[DP]  3.762445e-01
 iter: 275:1        |ddm|: 4.497317e-06     Tr[DP]  3.762445e-01
 iter: 275:2        |ddm|: 3.988194e-06     Tr[DP]  3.762445e-01
 iter: 276:1        |ddm|: 4.510619e-06     Tr[DP]  3.762445e-01
 iter: 276:2        |ddm|: 3.970779e-06     Tr[DP]  3.762445e-01
 iter: 277:1        |ddm|: 4.372913e-06     Tr[DP]  3.762445e-01
 iter: 277:2        |ddm|: 3.953474e-06     Tr[DP]  3.762445e-01
 iter: 278:1        |ddm|: 4.749910e-06     Tr[DP]  3.762445e-01
 iter: 278:2        |ddm|: 4.067524e-06     Tr[DP]  3.762445e-01
 iter: 279:1        |ddm|: 4.616828e-06     Tr[DP]  3.762445e-01
 iter: 279:2        |ddm|: 3.946332e-06     Tr[DP]  3.762445e-01
 iter: 280:1        |ddm|: 5.635416e-06     Tr[DP]  3.762445e-01
 iter: 280:2        |ddm|: 5.149388e-06     Tr[DP]  3.762445e-01
 iter: 281:1        |ddm|: 1.018632e-05     Tr[DP]  3.762445e-01
 iter: 281:2        |ddm|: 8.160970e-06     Tr[DP]  3.762445e-01
 iter: 282:1        |ddm|: 4.470831e-06     Tr[DP]  3.762445e-01
 iter: 282:2        |ddm|: 4.370242e-06     Tr[DP]  3.762445e-01
 iter: 283:1        |ddm|: 3.752593e-06     Tr[DP]  3.762445e-01
 iter: 283:2        |ddm|: 3.560579e-06     Tr[DP]  3.762445e-01
 iter: 284:1        |ddm|: 3.172748e-06     Tr[DP]  3.762445e-01
 iter: 284:2        |ddm|: 2.916288e-06     Tr[DP]  3.762445e-01
 iter: 285:1        |ddm|: 3.118691e-06     Tr[DP]  3.762445e-01
 iter: 285:2        |ddm|: 2.722671e-06     Tr[DP]  3.762445e-01
 iter: 286:1        |ddm|: 3.136806e-06     Tr[DP]  3.762445e-01
 iter: 286:2        |ddm|: 2.696068e-06     Tr[DP]  3.762445e-01
 iter: 287:1        |ddm|: 3.289358e-06     Tr[DP]  3.762445e-01
 iter: 287:2        |ddm|: 2.882455e-06     Tr[DP]  3.762445e-01
 iter: 288:1        |ddm|: 3.147148e-06     Tr[DP]  3.762445e-01
 iter: 288:2        |ddm|: 2.756123e-06     Tr[DP]  3.762445e-01
 iter: 289:1        |ddm|: 2.981372e-06     Tr[DP]  3.762445e-01
 iter: 289:2        |ddm|: 2.612966e-06     Tr[DP]  3.762445e-01
 iter: 290:1        |ddm|: 3.129026e-06     Tr[DP]  3.762445e-01
 iter: 290:2        |ddm|: 2.667832e-06     Tr[DP]  3.762445e-01
 iter: 291:1        |ddm|: 3.119638e-06     Tr[DP]  3.762445e-01
 iter: 291:2        |ddm|: 2.720818e-06     Tr[DP]  3.762445e-01
 iter: 292:1        |ddm|: 3.065911e-06     Tr[DP]  3.762445e-01
 iter: 292:2        |ddm|: 2.699380e-06     Tr[DP]  3.762445e-01
 iter: 293:1        |ddm|: 3.067285e-06     Tr[DP]  3.762445e-01
 iter: 293:2        |ddm|: 2.694943e-06     Tr[DP]  3.762445e-01
 iter: 294:1        |ddm|: 2.985228e-06     Tr[DP]  3.762445e-01
 iter: 294:2        |ddm|: 2.639905e-06     Tr[DP]  3.762445e-01
 iter: 295:1        |ddm|: 2.882688e-06     Tr[DP]  3.762445e-01
 iter: 295:2        |ddm|: 2.722316e-06     Tr[DP]  3.762445e-01
 iter: 296:1        |ddm|: 3.616228e-06     Tr[DP]  3.762445e-01
 iter: 296:2        |ddm|: 3.352083e-06     Tr[DP]  3.762445e-01
 iter: 297:1        |ddm|: 7.846678e-06     Tr[DP]  3.762445e-01
 iter: 297:2        |ddm|: 6.314844e-06     Tr[DP]  3.762445e-01
 iter: 298:1        |ddm|: 2.790322e-06     Tr[DP]  3.762445e-01
 iter: 298:2        |ddm|: 2.732337e-06     Tr[DP]  3.762445e-01
 iter: 299:1        |ddm|: 2.498568e-06     Tr[DP]  3.762445e-01
 iter: 299:2        |ddm|: 2.293195e-06     Tr[DP]  3.762445e-01
 iter: 300:1        |ddm|: 2.384184e-06     Tr[DP]  3.762445e-01
 iter: 300:2        |ddm|: 2.111833e-06     Tr[DP]  3.762445e-01
 iter: 301:1        |ddm|: 2.312245e-06     Tr[DP]  3.762445e-01
 iter: 301:2        |ddm|: 2.017296e-06     Tr[DP]  3.762445e-01
 iter: 302:1        |ddm|: 2.275893e-06     Tr[DP]  3.762445e-01
 iter: 302:2        |ddm|: 1.973075e-06     Tr[DP]  3.762445e-01
 iter: 303:1        |ddm|: 2.312452e-06     Tr[DP]  3.762445e-01
 iter: 303:2        |ddm|: 2.164264e-06     Tr[DP]  3.762445e-01
 iter: 304:1        |ddm|: 2.451839e-06     Tr[DP]  3.762445e-01
 iter: 304:2        |ddm|: 2.082307e-06     Tr[DP]  3.762445e-01
 iter: 305:1        |ddm|: 2.075946e-06     Tr[DP]  3.762445e-01
 iter: 305:2        |ddm|: 1.795711e-06     Tr[DP]  3.762445e-01
 iter: 306:1        |ddm|: 2.275733e-06     Tr[DP]  3.762445e-01
 iter: 306:2        |ddm|: 1.949108e-06     Tr[DP]  3.762445e-01
 iter: 307:1        |ddm|: 2.080967e-06     Tr[DP]  3.762445e-01
 iter: 307:2        |ddm|: 1.835751e-06     Tr[DP]  3.762445e-01
 iter: 308:1        |ddm|: 2.028382e-06     Tr[DP]  3.762445e-01
 iter: 308:2        |ddm|: 1.773008e-06     Tr[DP]  3.762445e-01
 iter: 309:1        |ddm|: 2.020246e-06     Tr[DP]  3.762445e-01
 iter: 309:2        |ddm|: 1.763531e-06     Tr[DP]  3.762445e-01
 iter: 310:1        |ddm|: 2.054724e-06     Tr[DP]  3.762445e-01
 iter: 310:2        |ddm|: 1.793717e-06     Tr[DP]  3.762445e-01
 iter: 311:1        |ddm|: 2.148292e-06     Tr[DP]  3.762445e-01
 iter: 311:2        |ddm|: 1.864414e-06     Tr[DP]  3.762445e-01
 iter: 312:1        |ddm|: 1.976878e-06     Tr[DP]  3.762445e-01
 iter: 312:2        |ddm|: 1.765442e-06     Tr[DP]  3.762445e-01
 iter: 313:1        |ddm|: 1.975472e-06     Tr[DP]  3.762445e-01
 iter: 313:2        |ddm|: 1.746578e-06     Tr[DP]  3.762445e-01
 iter: 314:1        |ddm|: 1.908607e-06     Tr[DP]  3.762445e-01
 iter: 314:2        |ddm|: 1.715630e-06     Tr[DP]  3.762445e-01
 iter: 315:1        |ddm|: 1.900929e-06     Tr[DP]  3.762445e-01
 iter: 315:2        |ddm|: 1.722938e-06     Tr[DP]  3.762445e-01
 iter: 316:1        |ddm|: 2.027277e-06     Tr[DP]  3.762445e-01
 iter: 316:2        |ddm|: 1.807875e-06     Tr[DP]  3.762445e-01
 iter: 317:1        |ddm|: 2.101894e-06     Tr[DP]  3.762445e-01
 iter: 317:2        |ddm|: 1.680027e-06     Tr[DP]  3.762445e-01
 iter: 318:1        |ddm|: 1.907592e-06     Tr[DP]  3.762445e-01
 iter: 318:2        |ddm|: 1.737801e-06     Tr[DP]  3.762445e-01
 iter: 319:1        |ddm|: 2.690958e-06     Tr[DP]  3.762445e-01
 iter: 319:2        |ddm|: 2.203587e-06     Tr[DP]  3.762445e-01
 iter: 320:1        |ddm|: 2.102049e-06     Tr[DP]  3.762445e-01
 iter: 320:2        |ddm|: 1.887058e-06     Tr[DP]  3.762445e-01
 iter: 321:1        |ddm|: 2.217090e-06     Tr[DP]  3.762445e-01
 iter: 321:2        |ddm|: 2.038788e-06     Tr[DP]  3.762445e-01
 iter: 322:1        |ddm|: 1.377334e-06     Tr[DP]  3.762445e-01
 iter: 322:2        |ddm|: 1.278162e-06     Tr[DP]  3.762445e-01
 iter: 323:1        |ddm|: 1.390509e-06     Tr[DP]  3.762445e-01
 iter: 323:2        |ddm|: 1.214091e-06     Tr[DP]  3.762445e-01
 iter: 324:1        |ddm|: 1.394301e-06     Tr[DP]  3.762445e-01
 iter: 324:2        |ddm|: 1.200928e-06     Tr[DP]  3.762445e-01
 iter: 325:1        |ddm|: 1.397996e-06     Tr[DP]  3.762445e-01
 iter: 325:2        |ddm|: 1.211110e-06     Tr[DP]  3.762445e-01
 iter: 326:1        |ddm|: 1.415779e-06     Tr[DP]  3.762445e-01
 iter: 326:2        |ddm|: 1.243312e-06     Tr[DP]  3.762445e-01
 iter: 327:1        |ddm|: 1.375758e-06     Tr[DP]  3.762445e-01
 iter: 327:2        |ddm|: 1.190227e-06     Tr[DP]  3.762445e-01
 iter: 328:1        |ddm|: 1.481835e-06     Tr[DP]  3.762445e-01
 iter: 328:2        |ddm|: 1.272272e-06     Tr[DP]  3.762445e-01
 iter: 329:1        |ddm|: 1.374842e-06     Tr[DP]  3.762445e-01
 iter: 329:2        |ddm|: 1.220728e-06     Tr[DP]  3.762445e-01
 iter: 330:1        |ddm|: 1.359845e-06     Tr[DP]  3.762445e-01
 iter: 330:2        |ddm|: 1.199880e-06     Tr[DP]  3.762445e-01
 iter: 331:1        |ddm|: 1.347432e-06     Tr[DP]  3.762445e-01
 iter: 331:2        |ddm|: 1.183275e-06     Tr[DP]  3.762445e-01
 iter: 332:1        |ddm|: 1.326505e-06     Tr[DP]  3.762445e-01
 iter: 332:2        |ddm|: 1.168804e-06     Tr[DP]  3.762445e-01
 iter: 333:1        |ddm|: 1.271952e-06     Tr[DP]  3.762445e-01
 iter: 333:2        |ddm|: 1.181205e-06     Tr[DP]  3.762445e-01
 iter: 334:1        |ddm|: 1.426065e-06     Tr[DP]  3.762445e-01
 iter: 334:2        |ddm|: 1.164706e-06     Tr[DP]  3.762445e-01
 iter: 335:1        |ddm|: 1.373849e-06     Tr[DP]  3.762445e-01
 iter: 335:2        |ddm|: 1.250810e-06     Tr[DP]  3.762445e-01
 iter: 336:1        |ddm|: 1.386920e-06     Tr[DP]  3.762445e-01
 iter: 336:2        |ddm|: 1.177623e-06     Tr[DP]  3.762445e-01
 iter: 337:1        |ddm|: 1.315675e-06     Tr[DP]  3.762445e-01
 iter: 337:2        |ddm|: 1.175747e-06     Tr[DP]  3.762445e-01
 iter: 338:1        |ddm|: 2.400818e-06     Tr[DP]  3.762445e-01
 iter: 338:2        |ddm|: 2.131088e-06     Tr[DP]  3.762445e-01
 iter: 339:1        |ddm|: 1.355921e-06     Tr[DP]  3.762445e-01
 iter: 339:2        |ddm|: 1.124346e-06     Tr[DP]  3.762445e-01
 iter: 340:1        |ddm|: 1.012436e-06     Tr[DP]  3.762445e-01
 iter: 340:2        |ddm|: 8.183907e-07     Tr[DP]  3.762445e-01
 iter: 341:1        |ddm|: 9.892989e-07     Tr[DP]  3.762445e-01
 iter: 341:2        |ddm|: 8.487829e-07     Tr[DP]  3.762445e-01
 iter: 342:1        |ddm|: 9.886411e-07     Tr[DP]  3.762445e-01
 iter: 342:2        |ddm|: 8.527373e-07     Tr[DP]  3.762445e-01
 iter: 343:1        |ddm|: 9.814144e-07     Tr[DP]  3.762445e-01
 iter: 343:2        |ddm|: 8.518388e-07     Tr[DP]  3.762445e-01
 iter: 344:1        |ddm|: 9.713803e-07     Tr[DP]  3.762445e-01
 iter: 344:2        |ddm|: 8.465645e-07     Tr[DP]  3.762445e-01
 iter: 345:1        |ddm|: 9.633098e-07     Tr[DP]  3.762445e-01
 iter: 345:2        |ddm|: 8.831927e-07     Tr[DP]  3.762445e-01
 iter: 346:1        |ddm|: 1.212741e-06     Tr[DP]  3.762445e-01
 iter: 346:2        |ddm|: 9.917082e-07     Tr[DP]  3.762445e-01
 iter: 347:1        |ddm|: 9.323365e-07     Tr[DP]  3.762445e-01
 iter: 347:2        |ddm|: 8.412811e-07     Tr[DP]  3.762445e-01
 iter: 348:1        |ddm|: 9.257037e-07     Tr[DP]  3.762445e-01
 iter: 348:2        |ddm|: 8.179942e-07     Tr[DP]  3.762445e-01
 iter: 349:1        |ddm|: 9.168312e-07     Tr[DP]  3.762445e-01
 iter: 349:2        |ddm|: 8.045798e-07     Tr[DP]  3.762445e-01
 iter: 350:1        |ddm|: 9.314485e-07     Tr[DP]  3.762445e-01
 iter: 350:2        |ddm|: 8.055162e-07     Tr[DP]  3.762445e-01
 iter: 351:1        |ddm|: 1.747732e-06     Tr[DP]  3.762445e-01
 iter: 351:2        |ddm|: 1.438799e-06     Tr[DP]  3.762445e-01
 iter: 352:1        |ddm|: 1.009239e-06     Tr[DP]  3.762445e-01
 iter: 352:2        |ddm|: 8.679057e-07     Tr[DP]  3.762445e-01
 iter: 353:1        |ddm|: 8.551245e-07     Tr[DP]  3.762445e-01
 iter: 353:2        |ddm|: 6.503021e-07     Tr[DP]  3.762445e-01
 iter: 354:1        |ddm|: 7.646329e-07     Tr[DP]  3.762445e-01
 iter: 354:2        |ddm|: 6.630975e-07     Tr[DP]  3.762445e-01
 iter: 355:1        |ddm|: 7.553283e-07     Tr[DP]  3.762445e-01
 iter: 355:2        |ddm|: 6.588381e-07     Tr[DP]  3.762445e-01
 iter: 356:1        |ddm|: 7.452501e-07     Tr[DP]  3.762445e-01
 iter: 356:2        |ddm|: 6.515084e-07     Tr[DP]  3.762445e-01
 iter: 357:1        |ddm|: 7.286566e-07     Tr[DP]  3.762445e-01
 iter: 357:2        |ddm|: 6.394396e-07     Tr[DP]  3.762445e-01
 iter: 358:1        |ddm|: 7.255203e-07     Tr[DP]  3.762445e-01
 iter: 358:2        |ddm|: 6.389011e-07     Tr[DP]  3.762445e-01
 iter: 359:1        |ddm|: 7.756795e-07     Tr[DP]  3.762445e-01
 iter: 359:2        |ddm|: 6.723064e-07     Tr[DP]  3.762445e-01
 iter: 360:1        |ddm|: 7.245885e-07     Tr[DP]  3.762445e-01
 iter: 360:2        |ddm|: 6.474852e-07     Tr[DP]  3.762445e-01
 iter: 361:1        |ddm|: 7.063837e-07     Tr[DP]  3.762445e-01
 iter: 361:2        |ddm|: 6.307125e-07     Tr[DP]  3.762445e-01
 iter: 362:1        |ddm|: 6.859144e-07     Tr[DP]  3.762445e-01
 iter: 362:2        |ddm|: 6.194843e-07     Tr[DP]  3.762445e-01
 iter: 363:1        |ddm|: 6.604146e-07     Tr[DP]  3.762445e-01
 iter: 363:2        |ddm|: 6.269949e-07     Tr[DP]  3.762445e-01
 iter: 364:1        |ddm|: 7.012804e-07     Tr[DP]  3.762445e-01
 iter: 364:2        |ddm|: 7.040391e-07     Tr[DP]  3.762445e-01
 iter: 365:1        |ddm|: 8.533214e-07     Tr[DP]  3.762445e-01
 iter: 365:2        |ddm|: 5.489812e-07     Tr[DP]  3.762445e-01
 iter: 366:1        |ddm|: 6.336793e-07     Tr[DP]  3.762445e-01
 iter: 366:2        |ddm|: 5.810781e-07     Tr[DP]  3.762445e-01
 iter: 367:1        |ddm|: 6.614323e-07     Tr[DP]  3.762445e-01
 iter: 367:2        |ddm|: 5.980439e-07     Tr[DP]  3.762445e-01
 iter: 368:1        |ddm|: 1.115016e-06     Tr[DP]  3.762445e-01
 iter: 368:2        |ddm|: 9.076547e-07     Tr[DP]  3.762445e-01
 iter: 369:1        |ddm|: 9.347845e-07     Tr[DP]  3.762445e-01
 iter: 369:2        |ddm|: 8.931432e-07     Tr[DP]  3.762445e-01
 iter: 370:1        |ddm|: 6.188450e-07     Tr[DP]  3.762445e-01
 iter: 370:2        |ddm|: 5.282393e-07     Tr[DP]  3.762445e-01
 iter: 371:1        |ddm|: 5.073089e-07     Tr[DP]  3.762445e-01
 iter: 371:2        |ddm|: 4.265366e-07     Tr[DP]  3.762445e-01
 iter: 372:1        |ddm|: 5.068169e-07     Tr[DP]  3.762445e-01
 iter: 372:2        |ddm|: 4.308054e-07     Tr[DP]  3.762445e-01
 iter: 373:1        |ddm|: 5.024250e-07     Tr[DP]  3.762445e-01
 iter: 373:2        |ddm|: 4.337021e-07     Tr[DP]  3.762445e-01
 iter: 374:1        |ddm|: 5.023660e-07     Tr[DP]  3.762445e-01
 iter: 374:2        |ddm|: 4.360568e-07     Tr[DP]  3.762445e-01
 iter: 375:1        |ddm|: 4.956113e-07     Tr[DP]  3.762445e-01
 iter: 375:2        |ddm|: 4.324212e-07     Tr[DP]  3.762445e-01
 iter: 376:1        |ddm|: 4.913212e-07     Tr[DP]  3.762445e-01
 iter: 376:2        |ddm|: 4.451396e-07     Tr[DP]  3.762445e-01
 iter: 377:1        |ddm|: 6.094573e-07     Tr[DP]  3.762445e-01
 iter: 377:2        |ddm|: 4.981012e-07     Tr[DP]  3.762445e-01
 iter: 378:1        |ddm|: 4.775815e-07     Tr[DP]  3.762445e-01
 iter: 378:2        |ddm|: 4.341170e-07     Tr[DP]  3.762445e-01
 iter: 379:1        |ddm|: 4.752572e-07     Tr[DP]  3.762445e-01
 iter: 379:2        |ddm|: 4.200432e-07     Tr[DP]  3.762445e-01
 iter: 380:1        |ddm|: 4.696770e-07     Tr[DP]  3.762445e-01
 iter: 380:2        |ddm|: 4.126141e-07     Tr[DP]  3.762445e-01
 iter: 381:1        |ddm|: 4.620936e-07     Tr[DP]  3.762445e-01
 iter: 381:2        |ddm|: 4.073968e-07     Tr[DP]  3.762445e-01
 iter: 382:1        |ddm|: 4.722381e-07     Tr[DP]  3.762445e-01
 iter: 382:2        |ddm|: 4.325867e-07     Tr[DP]  3.762445e-01
 iter: 383:1        |ddm|: 6.866556e-07     Tr[DP]  3.762445e-01
 iter: 383:2        |ddm|: 6.245535e-07     Tr[DP]  3.762445e-01
 iter: 384:1        |ddm|: 1.107358e-06     Tr[DP]  3.762445e-01
 iter: 384:2        |ddm|: 8.740842e-07     Tr[DP]  3.762445e-01
 iter: 385:1        |ddm|: 4.196295e-07     Tr[DP]  3.762445e-01
 iter: 385:2        |ddm|: 4.089767e-07     Tr[DP]  3.762445e-01
 iter: 386:1        |ddm|: 4.158816e-07     Tr[DP]  3.762445e-01
 iter: 386:2        |ddm|: 3.771184e-07     Tr[DP]  3.762445e-01
 iter: 387:1        |ddm|: 3.796524e-07     Tr[DP]  3.762445e-01
 iter: 387:2        |ddm|: 3.411860e-07     Tr[DP]  3.762445e-01
 iter: 388:1        |ddm|: 3.551786e-07     Tr[DP]  3.762445e-01
 iter: 388:2        |ddm|: 3.146016e-07     Tr[DP]  3.762445e-01
 iter: 389:1        |ddm|: 3.436390e-07     Tr[DP]  3.762445e-01
 iter: 389:2        |ddm|: 3.017822e-07     Tr[DP]  3.762445e-01
 iter: 390:1        |ddm|: 3.564324e-07     Tr[DP]  3.762445e-01
 iter: 390:2        |ddm|: 3.156132e-07     Tr[DP]  3.762445e-01
 iter: 391:1        |ddm|: 3.420325e-07     Tr[DP]  3.762445e-01
 iter: 391:2        |ddm|: 2.926377e-07     Tr[DP]  3.762445e-01
 iter: 392:1        |ddm|: 3.502512e-07     Tr[DP]  3.762445e-01
 iter: 392:2        |ddm|: 3.027914e-07     Tr[DP]  3.762445e-01
 iter: 393:1        |ddm|: 3.282054e-07     Tr[DP]  3.762445e-01
 iter: 393:2        |ddm|: 2.914716e-07     Tr[DP]  3.762445e-01
 iter: 394:1        |ddm|: 3.136921e-07     Tr[DP]  3.762445e-01
 iter: 394:2        |ddm|: 2.745263e-07     Tr[DP]  3.762445e-01
 iter: 395:1        |ddm|: 3.199383e-07     Tr[DP]  3.762445e-01
 iter: 395:2        |ddm|: 2.771504e-07     Tr[DP]  3.762445e-01
 iter: 396:1        |ddm|: 3.098537e-07     Tr[DP]  3.762445e-01
 iter: 396:2        |ddm|: 2.728087e-07     Tr[DP]  3.762445e-01
 iter: 397:1        |ddm|: 3.242496e-07     Tr[DP]  3.762445e-01
 iter: 397:2        |ddm|: 2.808769e-07     Tr[DP]  3.762445e-01
 iter: 398:1        |ddm|: 3.204414e-07     Tr[DP]  3.762445e-01
 iter: 398:2        |ddm|: 2.809999e-07     Tr[DP]  3.762445e-01
 iter: 399:1        |ddm|: 3.120677e-07     Tr[DP]  3.762445e-01
 iter: 399:2        |ddm|: 2.744980e-07     Tr[DP]  3.762445e-01
 iter: 400:1        |ddm|: 2.999016e-07     Tr[DP]  3.762445e-01
 iter: 400:2        |ddm|: 2.682007e-07     Tr[DP]  3.762445e-01
 iter: 401:1        |ddm|: 2.985092e-07     Tr[DP]  3.762445e-01
 iter: 401:2        |ddm|: 2.647852e-07     Tr[DP]  3.762445e-01
 iter: 402:1        |ddm|: 2.894370e-07     Tr[DP]  3.762445e-01
 iter: 402:2        |ddm|: 2.645853e-07     Tr[DP]  3.762445e-01
 iter: 403:1        |ddm|: 3.267576e-07     Tr[DP]  3.762445e-01
 iter: 403:2        |ddm|: 2.876157e-07     Tr[DP]  3.762445e-01
 iter: 404:1        |ddm|: 2.758459e-07     Tr[DP]  3.762445e-01
 iter: 404:2        |ddm|: 2.617252e-07     Tr[DP]  3.762445e-01
 iter: 405:1        |ddm|: 3.530610e-07     Tr[DP]  3.762445e-01
 iter: 405:2        |ddm|: 2.601173e-07     Tr[DP]  3.762445e-01
 iter: 406:1        |ddm|: 2.984509e-07     Tr[DP]  3.762445e-01
 iter: 406:2        |ddm|: 2.659843e-07     Tr[DP]  3.762445e-01
 iter: 407:1        |ddm|: 5.642851e-07     Tr[DP]  3.762445e-01
 iter: 407:2        |ddm|: 4.947614e-07     Tr[DP]  3.762445e-01
 iter: 408:1        |ddm|: 3.670601e-07     Tr[DP]  3.762445e-01
 iter: 408:2        |ddm|: 2.985189e-07     Tr[DP]  3.762445e-01
 iter: 409:1        |ddm|: 2.412286e-07     Tr[DP]  3.762445e-01
 iter: 409:2        |ddm|: 1.901224e-07     Tr[DP]  3.762445e-01
 iter: 410:1        |ddm|: 2.309099e-07     Tr[DP]  3.762445e-01
 iter: 410:2        |ddm|: 1.973196e-07     Tr[DP]  3.762445e-01
 iter: 411:1        |ddm|: 2.264502e-07     Tr[DP]  3.762445e-01
 iter: 411:2        |ddm|: 2.001946e-07     Tr[DP]  3.762445e-01
 iter: 412:1        |ddm|: 2.264737e-07     Tr[DP]  3.762445e-01
 iter: 412:2        |ddm|: 1.967823e-07     Tr[DP]  3.762445e-01
 iter: 413:1        |ddm|: 2.244936e-07     Tr[DP]  3.762445e-01
 iter: 413:2        |ddm|: 1.955593e-07     Tr[DP]  3.762445e-01
 iter: 414:1        |ddm|: 2.387803e-07     Tr[DP]  3.762445e-01
 iter: 414:2        |ddm|: 2.223438e-07     Tr[DP]  3.762445e-01
 iter: 415:1        |ddm|: 3.310919e-07     Tr[DP]  3.762445e-01
 iter: 415:2        |ddm|: 2.607758e-07     Tr[DP]  3.762445e-01
 iter: 416:1        |ddm|: 2.119252e-07     Tr[DP]  3.762445e-01
 iter: 416:2        |ddm|: 1.932311e-07     Tr[DP]  3.762445e-01
 iter: 417:1        |ddm|: 2.138240e-07     Tr[DP]  3.762445e-01
 iter: 417:2        |ddm|: 1.857737e-07     Tr[DP]  3.762445e-01
 iter: 418:1        |ddm|: 2.135679e-07     Tr[DP]  3.762445e-01
 iter: 418:2        |ddm|: 1.878922e-07     Tr[DP]  3.762445e-01
 iter: 419:1        |ddm|: 2.235862e-07     Tr[DP]  3.762445e-01
 iter: 419:2        |ddm|: 1.952704e-07     Tr[DP]  3.762445e-01
 iter: 420:1        |ddm|: 2.046259e-07     Tr[DP]  3.762445e-01
 iter: 420:2        |ddm|: 1.820655e-07     Tr[DP]  3.762445e-01
 iter: 421:1        |ddm|: 1.669472e-07     Tr[DP]  3.762445e-01
 iter: 421:2        |ddm|: 1.535368e-07     Tr[DP]  3.762445e-01
 iter: 422:1        |ddm|: 1.742083e-07     Tr[DP]  3.762445e-01
 iter: 422:2        |ddm|: 1.498403e-07     Tr[DP]  3.762445e-01
 iter: 423:1        |ddm|: 1.741424e-07     Tr[DP]  3.762445e-01
 iter: 423:2        |ddm|: 1.512988e-07     Tr[DP]  3.762445e-01
 iter: 424:1        |ddm|: 1.723033e-07     Tr[DP]  3.762445e-01
 iter: 424:2        |ddm|: 1.508782e-07     Tr[DP]  3.762445e-01
 iter: 425:1        |ddm|: 1.676367e-07     Tr[DP]  3.762445e-01
 iter: 425:2        |ddm|: 1.472734e-07     Tr[DP]  3.762445e-01
 iter: 426:1        |ddm|: 1.729453e-07     Tr[DP]  3.762445e-01
 iter: 426:2        |ddm|: 1.492634e-07     Tr[DP]  3.762445e-01
 iter: 427:1        |ddm|: 1.734519e-07     Tr[DP]  3.762445e-01
 iter: 427:2        |ddm|: 1.504049e-07     Tr[DP]  3.762445e-01
 iter: 428:1        |ddm|: 1.688620e-07     Tr[DP]  3.762445e-01
 iter: 428:2        |ddm|: 1.490564e-07     Tr[DP]  3.762445e-01
 iter: 429:1        |ddm|: 1.670267e-07     Tr[DP]  3.762445e-01
 iter: 429:2        |ddm|: 1.460300e-07     Tr[DP]  3.762445e-01
 iter: 430:1        |ddm|: 1.638480e-07     Tr[DP]  3.762445e-01
 iter: 430:2        |ddm|: 1.421457e-07     Tr[DP]  3.762445e-01
 iter: 431:1        |ddm|: 1.633325e-07     Tr[DP]  3.762445e-01
 iter: 431:2        |ddm|: 1.390078e-07     Tr[DP]  3.762445e-01
 iter: 432:1        |ddm|: 1.935648e-07     Tr[DP]  3.762445e-01
 iter: 432:2        |ddm|: 1.517324e-07     Tr[DP]  3.762445e-01
 iter: 433:1        |ddm|: 1.442254e-07     Tr[DP]  3.762445e-01
 iter: 433:2        |ddm|: 1.521079e-07     Tr[DP]  3.762445e-01
 iter: 434:1        |ddm|: 1.428359e-07     Tr[DP]  3.762445e-01
 iter: 434:2        |ddm|: 1.294096e-07     Tr[DP]  3.762445e-01
 iter: 435:1        |ddm|: 1.603644e-07     Tr[DP]  3.762445e-01
 iter: 435:2        |ddm|: 1.352199e-07     Tr[DP]  3.762445e-01
 iter: 436:1        |ddm|: 1.626100e-07     Tr[DP]  3.762445e-01
 iter: 436:2        |ddm|: 1.432075e-07     Tr[DP]  3.762445e-01
 iter: 437:1        |ddm|: 2.690289e-07     Tr[DP]  3.762445e-01
 iter: 437:2        |ddm|: 2.259957e-07     Tr[DP]  3.762445e-01
 iter: 438:1        |ddm|: 1.146420e-07     Tr[DP]  3.762445e-01
 iter: 438:2        |ddm|: 1.181912e-07     Tr[DP]  3.762445e-01
 iter: 439:1        |ddm|: 1.137835e-07     Tr[DP]  3.762445e-01
 iter: 439:2        |ddm|: 9.644691e-08     Tr[DP]  3.762445e-01
 iter: 440:1        |ddm|: 1.170277e-07     Tr[DP]  3.762445e-01
 iter: 440:2        |ddm|: 9.943194e-08     Tr[DP]  3.762445e-01
 iter: 441:1        |ddm|: 1.152316e-07     Tr[DP]  3.762445e-01
 iter: 441:2        |ddm|: 9.987592e-08     Tr[DP]  3.762445e-01
 iter: 442:1        |ddm|: 1.152537e-07     Tr[DP]  3.762445e-01
 iter: 442:2        |ddm|: 1.002778e-07     Tr[DP]  3.762445e-01
 iter: 443:1        |ddm|: 1.156027e-07     Tr[DP]  3.762445e-01
 iter: 443:2        |ddm|: 1.016647e-07     Tr[DP]  3.762445e-01
 iter: 444:1        |ddm|: 1.352457e-07     Tr[DP]  3.762445e-01
 iter: 444:2        |ddm|: 1.093410e-07     Tr[DP]  3.762445e-01
 iter: 445:1        |ddm|: 1.129927e-07     Tr[DP]  3.762445e-01
 iter: 445:2        |ddm|: 1.036189e-07     Tr[DP]  3.762445e-01
 iter: 446:1        |ddm|: 1.117239e-07     Tr[DP]  3.762445e-01
 iter: 446:2        |ddm|: 9.939509e-08     Tr[DP]  3.762445e-01
 iter: 447:1        |ddm|: 1.111528e-07     Tr[DP]  3.762445e-01
 iter: 447:2        |ddm|: 9.763855e-08     Tr[DP]  3.762445e-01
 iter: 448:1        |ddm|: 1.080844e-07     Tr[DP]  3.762445e-01
 iter: 448:2        |ddm|: 9.576092e-08     Tr[DP]  3.762445e-01
 iter: 449:1        |ddm|: 1.045910e-07     Tr[DP]  3.762445e-01
 iter: 449:2        |ddm|: 1.027292e-07     Tr[DP]  3.762445e-01
 iter: 450:1        |ddm|: 1.436035e-07     Tr[DP]  3.762445e-01
 iter: 450:2        |ddm|: 1.286827e-07     Tr[DP]  3.762445e-01
 iter: 451:1        |ddm|: 1.026603e-07     Tr[DP]  3.762445e-01
 iter: 451:2        |ddm|: 9.258633e-08     Tr[DP]  3.762445e-01
 iter: 452:1        |ddm|: 1.210162e-07     Tr[DP]  3.762445e-01
 iter: 452:2        |ddm|: 9.040080e-08     Tr[DP]  3.762445e-01
 iter: 453:1        |ddm|: 1.315595e-07     Tr[DP]  3.762445e-01
 iter: 453:2        |ddm|: 1.068493e-07     Tr[DP]  3.762445e-01
 iter: 454:1        |ddm|: 8.527684e-08     Tr[DP]  3.762445e-01
 iter: 454:2        |ddm|: 8.247565e-08     Tr[DP]  3.762445e-01
 iter: 455:1        |ddm|: 8.048730e-08     Tr[DP]  3.762445e-01
 iter: 455:2        |ddm|: 7.176831e-08     Tr[DP]  3.762445e-01
 iter: 456:1        |ddm|: 8.110039e-08     Tr[DP]  3.762445e-01
 iter: 456:2        |ddm|: 7.419341e-08     Tr[DP]  3.762445e-01
 iter: 457:1        |ddm|: 8.338726e-08     Tr[DP]  3.762445e-01
 iter: 457:2        |ddm|: 7.064896e-08     Tr[DP]  3.762445e-01
 iter: 458:1        |ddm|: 8.404390e-08     Tr[DP]  3.762445e-01
 iter: 458:2        |ddm|: 7.086758e-08     Tr[DP]  3.762445e-01
 iter: 459:1        |ddm|: 8.974934e-08     Tr[DP]  3.762445e-01
 iter: 459:2        |ddm|: 7.568940e-08     Tr[DP]  3.762445e-01
 iter: 460:1        |ddm|: 8.065632e-08     Tr[DP]  3.762445e-01
 iter: 460:2        |ddm|: 6.623120e-08     Tr[DP]  3.762445e-01
 iter: 461:1        |ddm|: 7.752849e-08     Tr[DP]  3.762445e-01
 iter: 461:2        |ddm|: 6.550619e-08     Tr[DP]  3.762445e-01
 iter: 462:1        |ddm|: 7.382246e-08     Tr[DP]  3.762445e-01
 iter: 462:2        |ddm|: 6.289135e-08     Tr[DP]  3.762445e-01
 iter: 463:1        |ddm|: 7.104462e-08     Tr[DP]  3.762445e-01
 iter: 463:2        |ddm|: 6.184975e-08     Tr[DP]  3.762445e-01
 iter: 464:1        |ddm|: 6.952109e-08     Tr[DP]  3.762445e-01
 iter: 464:2        |ddm|: 6.046720e-08     Tr[DP]  3.762445e-01
 iter: 465:1        |ddm|: 6.867408e-08     Tr[DP]  3.762445e-01
 iter: 465:2        |ddm|: 5.968093e-08     Tr[DP]  3.762445e-01
 iter: 466:1        |ddm|: 6.824759e-08     Tr[DP]  3.762445e-01
 iter: 466:2        |ddm|: 6.048435e-08     Tr[DP]  3.762445e-01
 iter: 467:1        |ddm|: 6.754758e-08     Tr[DP]  3.762445e-01
 iter: 467:2        |ddm|: 5.969497e-08     Tr[DP]  3.762445e-01
 iter: 468:1        |ddm|: 6.678497e-08     Tr[DP]  3.762445e-01
 iter: 468:2        |ddm|: 5.884111e-08     Tr[DP]  3.762445e-01
 iter: 469:1        |ddm|: 6.550922e-08     Tr[DP]  3.762445e-01
 iter: 469:2        |ddm|: 5.753369e-08     Tr[DP]  3.762445e-01
 iter: 470:1        |ddm|: 6.393476e-08     Tr[DP]  3.762445e-01
 iter: 470:2        |ddm|: 5.615576e-08     Tr[DP]  3.762445e-01
 iter: 471:1        |ddm|: 6.240277e-08     Tr[DP]  3.762445e-01
 iter: 471:2        |ddm|: 5.467627e-08     Tr[DP]  3.762445e-01
 iter: 472:1        |ddm|: 6.102220e-08     Tr[DP]  3.762445e-01
 iter: 472:2        |ddm|: 5.326202e-08     Tr[DP]  3.762445e-01
 iter: 473:1        |ddm|: 5.974186e-08     Tr[DP]  3.762445e-01
 iter: 473:2        |ddm|: 5.242041e-08     Tr[DP]  3.762445e-01
 iter: 474:1        |ddm|: 5.860613e-08     Tr[DP]  3.762445e-01
 iter: 474:2        |ddm|: 5.160788e-08     Tr[DP]  3.762445e-01
 iter: 475:1        |ddm|: 5.757530e-08     Tr[DP]  3.762445e-01
 iter: 475:2        |ddm|: 5.082363e-08     Tr[DP]  3.762445e-01
 iter: 476:1        |ddm|: 5.656266e-08     Tr[DP]  3.762445e-01
 iter: 476:2        |ddm|: 4.997720e-08     Tr[DP]  3.762445e-01
 iter: 477:1        |ddm|: 5.550696e-08     Tr[DP]  3.762445e-01
 iter: 477:2        |ddm|: 4.906349e-08     Tr[DP]  3.762445e-01
 iter: 478:1        |ddm|: 5.442401e-08     Tr[DP]  3.762445e-01
 iter: 478:2        |ddm|: 4.803565e-08     Tr[DP]  3.762445e-01
 iter: 479:1        |ddm|: 5.333878e-08     Tr[DP]  3.762445e-01
 iter: 479:2        |ddm|: 4.693447e-08     Tr[DP]  3.762445e-01
 iter: 480:1        |ddm|: 5.224222e-08     Tr[DP]  3.762445e-01
 iter: 480:2        |ddm|: 4.593342e-08     Tr[DP]  3.762445e-01
 iter: 481:1        |ddm|: 5.116326e-08     Tr[DP]  3.762445e-01
 iter: 481:2        |ddm|: 4.497903e-08     Tr[DP]  3.762445e-01
 iter: 482:1        |ddm|: 5.013921e-08     Tr[DP]  3.762445e-01
 iter: 482:2        |ddm|: 4.411189e-08     Tr[DP]  3.762445e-01
 iter: 483:1        |ddm|: 4.914085e-08     Tr[DP]  3.762445e-01
 iter: 483:2        |ddm|: 4.329624e-08     Tr[DP]  3.762445e-01
 iter: 484:1        |ddm|: 4.816522e-08     Tr[DP]  3.762445e-01
 iter: 484:2        |ddm|: 4.250861e-08     Tr[DP]  3.762445e-01
 iter: 485:1        |ddm|: 4.723482e-08     Tr[DP]  3.762445e-01
 iter: 485:2        |ddm|: 4.170589e-08     Tr[DP]  3.762445e-01
 iter: 486:1        |ddm|: 4.631472e-08     Tr[DP]  3.762445e-01
 iter: 486:2        |ddm|: 4.086840e-08     Tr[DP]  3.762445e-01
 iter: 487:1        |ddm|: 4.541677e-08     Tr[DP]  3.762445e-01
 iter: 487:2        |ddm|: 4.004750e-08     Tr[DP]  3.762445e-01
 iter: 488:1        |ddm|: 4.451506e-08     Tr[DP]  3.762445e-01
 iter: 488:2        |ddm|: 3.922249e-08     Tr[DP]  3.762445e-01
 iter: 489:1        |ddm|: 4.361971e-08     Tr[DP]  3.762445e-01
 iter: 489:2        |ddm|: 3.842102e-08     Tr[DP]  3.762445e-01
 iter: 490:1        |ddm|: 4.275528e-08     Tr[DP]  3.762445e-01
 iter: 490:2        |ddm|: 3.763964e-08     Tr[DP]  3.762445e-01
 iter: 491:1        |ddm|: 4.189590e-08     Tr[DP]  3.762445e-01
 iter: 491:2        |ddm|: 3.692142e-08     Tr[DP]  3.762445e-01
 iter: 492:1        |ddm|: 4.105659e-08     Tr[DP]  3.762445e-01
 iter: 492:2        |ddm|: 3.619186e-08     Tr[DP]  3.762445e-01
 iter: 493:1        |ddm|: 4.024392e-08     Tr[DP]  3.762445e-01
 iter: 493:2        |ddm|: 3.549468e-08     Tr[DP]  3.762445e-01
 iter: 494:1        |ddm|: 3.944815e-08     Tr[DP]  3.762445e-01
 iter: 494:2        |ddm|: 3.479265e-08     Tr[DP]  3.762445e-01
 iter: 495:1        |ddm|: 3.867602e-08     Tr[DP]  3.762445e-01
 iter: 495:2        |ddm|: 3.410556e-08     Tr[DP]  3.762445e-01
 iter: 496:1        |ddm|: 3.791654e-08     Tr[DP]  3.762445e-01
 iter: 496:2        |ddm|: 3.343090e-08     Tr[DP]  3.762445e-01
 iter: 497:1        |ddm|: 3.715884e-08     Tr[DP]  3.762445e-01
 iter: 497:2        |ddm|: 3.273389e-08     Tr[DP]  3.762445e-01
 iter: 498:1        |ddm|: 3.642528e-08     Tr[DP]  3.762445e-01
 iter: 498:2        |ddm|: 3.209197e-08     Tr[DP]  3.762445e-01
 iter: 499:1        |ddm|: 3.569723e-08     Tr[DP]  3.762445e-01
 iter: 499:2        |ddm|: 3.145302e-08     Tr[DP]  3.762445e-01
 iter: 500:1        |ddm|: 3.498965e-08     Tr[DP]  3.762445e-01
 iter: 500:2        |ddm|: 3.085449e-08     Tr[DP]  3.762445e-01
 iter: 501:1        |ddm|: 3.429612e-08     Tr[DP]  3.762445e-01
 iter: 501:2        |ddm|: 3.022482e-08     Tr[DP]  3.762445e-01
 iter: 502:1        |ddm|: 3.360414e-08     Tr[DP]  3.762445e-01
 iter: 502:2        |ddm|: 2.961548e-08     Tr[DP]  3.762445e-01
 iter: 503:1        |ddm|: 3.295240e-08     Tr[DP]  3.762445e-01
 iter: 503:2        |ddm|: 2.905258e-08     Tr[DP]  3.762445e-01
 iter: 504:1        |ddm|: 3.229805e-08     Tr[DP]  3.762445e-01
 iter: 504:2        |ddm|: 2.846684e-08     Tr[DP]  3.762445e-01
 iter: 505:1        |ddm|: 3.166078e-08     Tr[DP]  3.762445e-01
 iter: 505:2        |ddm|: 2.788635e-08     Tr[DP]  3.762445e-01
 iter: 506:1        |ddm|: 3.102053e-08     Tr[DP]  3.762445e-01
 iter: 506:2        |ddm|: 2.733523e-08     Tr[DP]  3.762445e-01
 iter: 507:1        |ddm|: 3.041321e-08     Tr[DP]  3.762445e-01
 iter: 507:2        |ddm|: 2.680399e-08     Tr[DP]  3.762445e-01
 iter: 508:1        |ddm|: 2.981708e-08     Tr[DP]  3.762445e-01
 iter: 508:2        |ddm|: 2.629741e-08     Tr[DP]  3.762445e-01
 iter: 509:1        |ddm|: 2.920690e-08     Tr[DP]  3.762445e-01
 iter: 509:2        |ddm|: 2.575281e-08     Tr[DP]  3.762445e-01
 iter: 510:1        |ddm|: 2.863552e-08     Tr[DP]  3.762445e-01
 iter: 510:2        |ddm|: 2.525348e-08     Tr[DP]  3.762445e-01
 iter: 511:1        |ddm|: 2.806783e-08     Tr[DP]  3.762445e-01
 iter: 511:2        |ddm|: 2.476055e-08     Tr[DP]  3.762445e-01
 iter: 512:1        |ddm|: 2.752234e-08     Tr[DP]  3.762445e-01
 iter: 512:2        |ddm|: 2.425132e-08     Tr[DP]  3.762445e-01
 iter: 513:1        |ddm|: 2.695943e-08     Tr[DP]  3.762445e-01
 iter: 513:2        |ddm|: 2.376595e-08     Tr[DP]  3.762445e-01
 iter: 514:1        |ddm|: 2.642690e-08     Tr[DP]  3.762445e-01
 iter: 514:2        |ddm|: 2.328986e-08     Tr[DP]  3.762445e-01
 iter: 515:1        |ddm|: 2.590876e-08     Tr[DP]  3.762445e-01
 iter: 515:2        |ddm|: 2.283683e-08     Tr[DP]  3.762445e-01
 iter: 516:1        |ddm|: 2.538749e-08     Tr[DP]  3.762445e-01
 iter: 516:2        |ddm|: 2.238498e-08     Tr[DP]  3.762445e-01
 iter: 517:1        |ddm|: 2.488355e-08     Tr[DP]  3.762445e-01
 iter: 517:2        |ddm|: 2.192903e-08     Tr[DP]  3.762445e-01
 iter: 518:1        |ddm|: 2.437841e-08     Tr[DP]  3.762445e-01
 iter: 518:2        |ddm|: 2.150460e-08     Tr[DP]  3.762445e-01
 iter: 519:1        |ddm|: 2.391735e-08     Tr[DP]  3.762445e-01
 iter: 519:2        |ddm|: 2.107266e-08     Tr[DP]  3.762445e-01
 iter: 520:1        |ddm|: 2.343046e-08     Tr[DP]  3.762445e-01
 iter: 520:2        |ddm|: 2.065130e-08     Tr[DP]  3.762445e-01
 iter: 521:1        |ddm|: 2.297734e-08     Tr[DP]  3.762445e-01
 iter: 521:2        |ddm|: 2.024751e-08     Tr[DP]  3.762445e-01
 iter: 522:1        |ddm|: 2.252212e-08     Tr[DP]  3.762445e-01
 iter: 522:2        |ddm|: 1.984184e-08     Tr[DP]  3.762445e-01
 iter: 523:1        |ddm|: 2.208154e-08     Tr[DP]  3.762445e-01
 iter: 523:2        |ddm|: 1.946117e-08     Tr[DP]  3.762445e-01
 iter: 524:1        |ddm|: 2.164273e-08     Tr[DP]  3.762445e-01
 iter: 524:2        |ddm|: 1.905994e-08     Tr[DP]  3.762445e-01
 iter: 525:1        |ddm|: 2.120151e-08     Tr[DP]  3.762445e-01
 iter: 525:2        |ddm|: 1.869892e-08     Tr[DP]  3.762445e-01
 iter: 526:1        |ddm|: 2.078968e-08     Tr[DP]  3.762445e-01
 iter: 526:2        |ddm|: 1.832740e-08     Tr[DP]  3.762445e-01
 iter: 527:1        |ddm|: 2.036817e-08     Tr[DP]  3.762445e-01
 iter: 527:2        |ddm|: 1.794956e-08     Tr[DP]  3.762445e-01
 iter: 528:1        |ddm|: 1.996116e-08     Tr[DP]  3.762445e-01
 iter: 528:2        |ddm|: 1.759761e-08     Tr[DP]  3.762445e-01
 iter: 529:1        |ddm|: 1.956980e-08     Tr[DP]  3.762445e-01
 iter: 529:2        |ddm|: 1.723876e-08     Tr[DP]  3.762445e-01
 iter: 530:1        |ddm|: 1.917987e-08     Tr[DP]  3.762445e-01
 iter: 530:2        |ddm|: 1.691259e-08     Tr[DP]  3.762445e-01
 iter: 531:1        |ddm|: 1.880510e-08     Tr[DP]  3.762445e-01
 iter: 531:2        |ddm|: 1.657938e-08     Tr[DP]  3.762445e-01
 iter: 532:1        |ddm|: 1.842457e-08     Tr[DP]  3.762445e-01
 iter: 532:2        |ddm|: 1.624698e-08     Tr[DP]  3.762445e-01
 iter: 533:1        |ddm|: 1.807332e-08     Tr[DP]  3.762445e-01
 iter: 533:2        |ddm|: 1.591564e-08     Tr[DP]  3.762445e-01
 iter: 534:1        |ddm|: 1.770965e-08     Tr[DP]  3.762445e-01
 iter: 534:2        |ddm|: 1.560913e-08     Tr[DP]  3.762445e-01
 iter: 535:1        |ddm|: 1.734997e-08     Tr[DP]  3.762445e-01
 iter: 535:2        |ddm|: 1.529870e-08     Tr[DP]  3.762445e-01
 iter: 536:1        |ddm|: 1.700980e-08     Tr[DP]  3.762445e-01
 iter: 536:2        |ddm|: 1.499024e-08     Tr[DP]  3.762445e-01
 iter: 537:1        |ddm|: 1.667537e-08     Tr[DP]  3.762445e-01
 iter: 537:2        |ddm|: 1.469461e-08     Tr[DP]  3.762445e-01
 iter: 538:1        |ddm|: 1.634475e-08     Tr[DP]  3.762445e-01
 iter: 538:2        |ddm|: 1.440146e-08     Tr[DP]  3.762445e-01
 iter: 539:1        |ddm|: 1.601771e-08     Tr[DP]  3.762445e-01
 iter: 539:2        |ddm|: 1.413972e-08     Tr[DP]  3.762445e-01
 iter: 540:1        |ddm|: 1.570236e-08     Tr[DP]  3.762445e-01
 iter: 540:2        |ddm|: 1.384231e-08     Tr[DP]  3.762445e-01
 iter: 541:1        |ddm|: 1.539094e-08     Tr[DP]  3.762445e-01
 iter: 541:2        |ddm|: 1.357248e-08     Tr[DP]  3.762445e-01
 iter: 542:1        |ddm|: 1.509836e-08     Tr[DP]  3.762445e-01
 iter: 542:2        |ddm|: 1.330148e-08     Tr[DP]  3.762445e-01
 iter: 543:1        |ddm|: 1.478541e-08     Tr[DP]  3.762445e-01
 iter: 543:2        |ddm|: 1.303208e-08     Tr[DP]  3.762445e-01
 iter: 544:1        |ddm|: 1.449452e-08     Tr[DP]  3.762445e-01
 iter: 544:2        |ddm|: 1.276967e-08     Tr[DP]  3.762445e-01
 iter: 545:1        |ddm|: 1.419532e-08     Tr[DP]  3.762445e-01
 iter: 545:2        |ddm|: 1.251227e-08     Tr[DP]  3.762445e-01
 iter: 546:1        |ddm|: 1.392323e-08     Tr[DP]  3.762445e-01
 iter: 546:2        |ddm|: 1.227486e-08     Tr[DP]  3.762445e-01
 iter: 547:1        |ddm|: 1.365054e-08     Tr[DP]  3.762445e-01
 iter: 547:2        |ddm|: 1.201945e-08     Tr[DP]  3.762445e-01
 iter: 548:1        |ddm|: 1.336212e-08     Tr[DP]  3.762445e-01
 iter: 548:2        |ddm|: 1.178789e-08     Tr[DP]  3.762445e-01
 iter: 549:1        |ddm|: 1.310131e-08     Tr[DP]  3.762445e-01
 iter: 549:2        |ddm|: 1.155541e-08     Tr[DP]  3.762445e-01
 iter: 550:1        |ddm|: 1.284398e-08     Tr[DP]  3.762445e-01
 iter: 550:2        |ddm|: 1.132831e-08     Tr[DP]  3.762445e-01
 iter: 551:1        |ddm|: 1.260606e-08     Tr[DP]  3.762445e-01
 iter: 551:2        |ddm|: 1.110237e-08     Tr[DP]  3.762445e-01
 iter: 552:1        |ddm|: 1.233820e-08     Tr[DP]  3.762445e-01
 iter: 552:2        |ddm|: 1.087894e-08     Tr[DP]  3.762445e-01
 iter: 553:1        |ddm|: 1.209409e-08     Tr[DP]  3.762445e-01
 iter: 553:2        |ddm|: 1.068100e-08     Tr[DP]  3.762445e-01
 iter: 554:1        |ddm|: 1.185662e-08     Tr[DP]  3.762445e-01
 iter: 554:2        |ddm|: 1.046357e-08     Tr[DP]  3.762445e-01
 iter: 555:1        |ddm|: 1.162690e-08     Tr[DP]  3.762445e-01
 iter: 555:2        |ddm|: 1.024654e-08     Tr[DP]  3.762445e-01
 iter: 556:1        |ddm|: 1.139240e-08     Tr[DP]  3.762445e-01
 iter: 556:2        |ddm|: 1.004830e-08     Tr[DP]  3.762445e-01
 iter: 557:1        |ddm|: 1.116399e-08     Tr[DP]  3.762445e-01
 iter: 557:2        |ddm|: 9.859634e-09     Tr[DP]  3.762445e-01
 iter: 558:1        |ddm|: 1.094679e-08     Tr[DP]  3.762445e-01
 iter: 558:2        |ddm|: 9.665968e-09     Tr[DP]  3.762445e-01
 iter: 559:1        |ddm|: 1.073538e-08     Tr[DP]  3.762445e-01
 iter: 559:2        |ddm|: 9.454817e-09     Tr[DP]  3.762445e-01
 iter: 560:1        |ddm|: 1.051735e-08     Tr[DP]  3.762445e-01
 iter: 560:2        |ddm|: 9.268360e-09     Tr[DP]  3.762445e-01
 iter: 561:1        |ddm|: 1.031309e-08     Tr[DP]  3.762445e-01
 iter: 561:2        |ddm|: 9.095207e-09     Tr[DP]  3.762445e-01
 iter: 562:1        |ddm|: 1.010814e-08     Tr[DP]  3.762445e-01
 iter: 562:2        |ddm|: 8.918545e-09     Tr[DP]  3.762445e-01
 iter: 563:1        |ddm|: 9.904556e-09     Tr[DP]  3.762445e-01
 iter: 563:2        |ddm|: 8.715705e-09     Tr[DP]  3.762445e-01
 iter: 564:1        |ddm|: 9.713108e-09     Tr[DP]  3.762445e-01
 iter: 564:2        |ddm|: 8.543825e-09     Tr[DP]  3.762445e-01
 iter: 565:1        |ddm|: 9.519380e-09     Tr[DP]  3.762445e-01
 iter: 565:2        |ddm|: 8.391026e-09     Tr[DP]  3.762445e-01
 iter: 566:1        |ddm|: 9.324663e-09     Tr[DP]  3.762445e-01
 iter: 566:2        |ddm|: 8.213383e-09     Tr[DP]  3.762445e-01
 iter: 567:1        |ddm|: 9.138743e-09     Tr[DP]  3.762445e-01
 iter: 567:2        |ddm|: 8.042652e-09     Tr[DP]  3.762445e-01
 iter: 568:1        |ddm|: 8.954550e-09     Tr[DP]  3.762445e-01
 iter: 568:2        |ddm|: 7.892960e-09     Tr[DP]  3.762445e-01
 iter: 569:1        |ddm|: 8.782998e-09     Tr[DP]  3.762445e-01
 iter: 569:2        |ddm|: 7.735912e-09     Tr[DP]  3.762445e-01
 iter: 570:1        |ddm|: 8.605438e-09     Tr[DP]  3.762445e-01
 iter: 570:2        |ddm|: 7.583472e-09     Tr[DP]  3.762445e-01
 iter: 571:1        |ddm|: 8.428774e-09     Tr[DP]  3.762445e-01
 iter: 571:2        |ddm|: 7.422417e-09     Tr[DP]  3.762445e-01
 iter: 572:1        |ddm|: 8.278169e-09     Tr[DP]  3.762445e-01
 iter: 572:2        |ddm|: 7.287285e-09     Tr[DP]  3.762445e-01
 iter: 573:1        |ddm|: 8.111926e-09     Tr[DP]  3.762445e-01
 iter: 573:2        |ddm|: 7.147325e-09     Tr[DP]  3.762445e-01
 iter: 574:1        |ddm|: 7.948523e-09     Tr[DP]  3.762445e-01
 iter: 574:2        |ddm|: 6.995447e-09     Tr[DP]  3.762445e-01
 iter: 575:1        |ddm|: 7.791323e-09     Tr[DP]  3.762445e-01
 iter: 575:2        |ddm|: 6.871514e-09     Tr[DP]  3.762445e-01
 iter: 576:1        |ddm|: 7.635540e-09     Tr[DP]  3.762445e-01
 iter: 576:2        |ddm|: 6.722295e-09     Tr[DP]  3.762445e-01
 iter: 577:1        |ddm|: 7.475267e-09     Tr[DP]  3.762445e-01
 iter: 577:2        |ddm|: 6.596894e-09     Tr[DP]  3.762445e-01
 iter: 578:1        |ddm|: 7.322103e-09     Tr[DP]  3.762445e-01
 iter: 578:2        |ddm|: 6.472699e-09     Tr[DP]  3.762445e-01
 iter: 579:1        |ddm|: 7.184087e-09     Tr[DP]  3.762445e-01
 iter: 579:2        |ddm|: 6.352487e-09     Tr[DP]  3.762445e-01
 iter: 580:1        |ddm|: 7.051851e-09     Tr[DP]  3.762445e-01
 iter: 580:2        |ddm|: 6.209592e-09     Tr[DP]  3.762445e-01
 iter: 581:1        |ddm|: 6.899136e-09     Tr[DP]  3.762445e-01
 iter: 581:2        |ddm|: 6.083991e-09     Tr[DP]  3.762445e-01
 iter: 582:1        |ddm|: 6.760597e-09     Tr[DP]  3.762445e-01
 iter: 582:2        |ddm|: 5.976103e-09     Tr[DP]  3.762445e-01
 iter: 583:1        |ddm|: 6.629551e-09     Tr[DP]  3.762445e-01
 iter: 583:2        |ddm|: 5.852522e-09     Tr[DP]  3.762445e-01
 iter: 584:1        |ddm|: 6.514900e-09     Tr[DP]  3.762445e-01
 iter: 584:2        |ddm|: 5.721667e-09     Tr[DP]  3.762445e-01
 iter: 585:1        |ddm|: 6.376162e-09     Tr[DP]  3.762445e-01
 iter: 585:2        |ddm|: 5.606307e-09     Tr[DP]  3.762445e-01
 iter: 586:1        |ddm|: 6.247674e-09     Tr[DP]  3.762445e-01
 iter: 586:2        |ddm|: 5.500965e-09     Tr[DP]  3.762445e-01
 iter: 587:1        |ddm|: 6.122042e-09     Tr[DP]  3.762445e-01
 iter: 587:2        |ddm|: 5.396813e-09     Tr[DP]  3.762445e-01
 iter: 588:1        |ddm|: 6.016055e-09     Tr[DP]  3.762445e-01
 iter: 588:2        |ddm|: 5.290547e-09     Tr[DP]  3.762445e-01
 iter: 589:1        |ddm|: 5.887937e-09     Tr[DP]  3.762445e-01
 iter: 589:2        |ddm|: 5.182467e-09     Tr[DP]  3.762445e-01
 iter: 590:1        |ddm|: 5.764809e-09     Tr[DP]  3.762445e-01
 iter: 590:2        |ddm|: 5.083306e-09     Tr[DP]  3.762445e-01
 iter: 591:1        |ddm|: 5.646250e-09     Tr[DP]  3.762445e-01
 iter: 591:2        |ddm|: 4.978173e-09     Tr[DP]  3.762445e-01
 iter: 592:1        |ddm|: 5.530048e-09     Tr[DP]  3.762445e-01
 iter: 592:2        |ddm|: 4.886500e-09     Tr[DP]  3.762445e-01
 iter: 593:1        |ddm|: 5.429064e-09     Tr[DP]  3.762445e-01
 iter: 593:2        |ddm|: 4.788085e-09     Tr[DP]  3.762445e-01
 iter: 594:1        |ddm|: 5.315926e-09     Tr[DP]  3.762445e-01
 iter: 594:2        |ddm|: 4.698343e-09     Tr[DP]  3.762445e-01
 iter: 595:1        |ddm|: 5.215400e-09     Tr[DP]  3.762445e-01
 iter: 595:2        |ddm|: 4.606563e-09     Tr[DP]  3.762445e-01
                           Freeze-and-Thaw converged!                           

=================== Subsystem 1 at higher mean-field method ====================
  subiter:   1      |ddm|: 7.297397e-01
  subiter:   2      |ddm|: 3.099237e-01
  subiter:   3      |ddm|: 7.813493e-02
  subiter:   4      |ddm|: 1.682161e-02
  subiter:   5      |ddm|: 6.366809e-03
  subiter:   6      |ddm|: 1.765022e-03
  subiter:   7      |ddm|: 6.992688e-04
  subiter:   8      |ddm|: 1.795237e-04
  subiter:   9      |ddm|: 8.234504e-05
  subiter:  10      |ddm|: 3.346558e-05
  subiter:  11      |ddm|: 9.726552e-06
  subiter:  12      |ddm|: 2.947101e-06
  subiter:  13      |ddm|: 1.527349e-06
  subiter:  14      |ddm|: 2.088984e-07
  subiter:  15      |ddm|: 1.416407e-07
  subiter:  16      |ddm|: 2.450438e-08
  subiter:  17      |ddm|: 2.564798e-08
  subiter:  18      |ddm|: 7.828924e-09


******** <class 'pyscf.scf.hf.RHF'> flags ********
method = RHF
initial guess = minao
damping factor = 0
level shift factor = 0
DIIS = <class 'pyscf.scf.diis.CDIIS'>
DIIS start cycle = 1
DIIS space = 8
SCF tol = 1e-09
SCF gradient tol = None
max. SCF cycles = 100
direct_scf = True
direct_scf_tol = 1e-13
chkfile to save SCF result = /panfs/roc/scratch/graha682/2018_smear/201712_ccpVTZ_NEVPT2_m06_165_4c12h24/tmpAxOzEH
max_memory 4000 MB (current use 2299 MB)
Set gradient conv threshold to 3.16228e-05
init E= -153.988334414276
  HOMO = -0.353093794679207  LUMO = 0.165389727893512
cycle= 1 E= -153.988334414275  delta_E= 1.76e-12  |g|= 2.88e-09  |ddm|= 1.26e-08
  HOMO = -0.353093794686905  LUMO = 0.165389727830036
Extra cycle  E= -153.988334414276  delta_E= -1.53e-12  |g|= 1.89e-09  |ddm|= 6.63e-09
converged SCF energy = -153.988334414276
 iter: 596:1        |ddm|: 7.302638e-01     Tr[DP]  4.611862e-01

******** <class 'pyscf.mcscf.mc1step.CASSCF'> flags ********
CAS (1e+1e, 2o), ncore = 14, nvir = 188
max_cycle_macro = 150
max_cycle_micro = 4
conv_tol = 1e-07
conv_tol_grad = None
orbital rotation max_stepsize = 0.02
augmented hessian ah_max_cycle = 30
augmented hessian ah_conv_tol = 1e-12
augmented hessian ah_linear dependence = 1e-14
augmented hessian ah_level shift = 0
augmented hessian ah_start_tol = 2.5
augmented hessian ah_start_cycle = 3
augmented hessian ah_grad_trust_region = 3
kf_trust_region = 3
kf_interval = 4
ci_response_space = 4
ci_grad_trust_region = 3
with_dep4 0
natorb = False
canonicalization = True
sorting_mo_energy = False
chkfile = /panfs/roc/scratch/graha682/2018_smear/201712_ccpVTZ_NEVPT2_m06_165_4c12h24/tmpAxOzEH
max_memory 4000 MB (current use 2298 MB)
internal_rotation = False
******** <class 'pyscf.fci.direct_spin1.FCISolver'> flags ********
max. cycles = 50
conv_tol = 1e-08
davidson only = False
linear dependence = 1e-10
level shift = 0.001
max iter space = 12
max_memory 4000 MB
nroots = 1
pspace_size = 400
spin = None
CASCI E = -153.988428378998  S^2 = 0.0000000
Set conv_tol_grad to 0.000316228
macro iter 1 (21 JK  4 micro), CASSCF E = -153.991016036214  dE = -0.0025876572  S^2 = 0.0000000
               |grad[o]|=0.000677  |grad[c]|= 0.0119525511472  |ddm|=0.000182
macro iter 2 (21 JK  4 micro), CASSCF E = -154.001851634575  dE = -0.010835598  S^2 = 0.0000000
               |grad[o]|=0.00911  |grad[c]|= 0.0169478256201  |ddm|=0.029
macro iter 3 (21 JK  4 micro), CASSCF E = -154.011687878351  dE = -0.0098362438  S^2 = 0.0000000
               |grad[o]|=0.0225  |grad[c]|= 0.0142050239517  |ddm|=0.0293
macro iter 4 (20 JK  4 micro), CASSCF E = -154.012945013694  dE = -0.0012571353  S^2 = 0.0000000
               |grad[o]|=0.014  |grad[c]|= 0.00313549601858  |ddm|=0.00899
macro iter 5 (11 JK  3 micro), CASSCF E = -154.01294636872  dE = -1.3550263e-06  S^2 = 0.0000000
               |grad[o]|=0.00118  |grad[c]|= 1.23699175364e-05  |ddm|=0.000449
macro iter 6 (1 JK  1 micro), CASSCF E = -154.012946368722  dE = -1.7337243e-12  S^2 = 0.0000000
               |grad[o]|=2.81e-05  |grad[c]|= 1.09604304224e-06  |ddm|=1.71e-06
1-step CASSCF converged in 6 macro (95 JK 20 micro) steps
CASSCF canonicalization
CASSCF energy = -154.012946368722
Hartree-Fock Energy:  -153.98833441427627
CAS Correlation:       -0.02461195444596
CAS Energy:          -154.01294636872223
Sr    (-1)',   E = -0.00000000011908
Si    (+1)',   E = -0.00000000050664
Sijrs (0)  ,   E = -0.58748632868140
Sijr  (+1) ,   E = -0.01568048204813
Srsi  (-1) ,   E = -0.07265409315604
Srs   (-2) ,   E = -0.00658963717827
Sij   (+2) ,   E = -0.00096443111753
Sir   (0)' ,   E = -0.04063711301911
Nevpt2 Energy = -0.724012085826199
NEVPT2 =   -0.724012085826199
Total NEVPT2 = -154.736958454548414

============================== Supermolecular DFT ==============================
  subiter:   1      |ddm|: 1.050919e+01
  subiter:   2      |ddm|: 2.883615e-01
  subiter:   3      |ddm|: 9.054033e-02
  subiter:   4      |ddm|: 2.839671e-02
  subiter:   5      |ddm|: 9.243571e-03
  subiter:   6      |ddm|: 3.712239e-03
  subiter:   7      |ddm|: 1.428103e-03
  subiter:   8      |ddm|: 4.536930e-04
  subiter:   9      |ddm|: 3.788641e-04
  subiter:  10      |ddm|: 2.801494e-05
  subiter:  11      |ddm|: 1.338257e-05
  subiter:  12      |ddm|: 4.749776e-06
  subiter:  13      |ddm|: 8.180856e-07
  subiter:  14      |ddm|: 7.898720e-07
  subiter:  15      |ddm|: 1.558591e-07
  subiter:  16      |ddm|: 9.912777e-08
  subiter:  17      |ddm|: 1.406698e-08
  subiter:  18      |ddm|: 7.045954e-09


******** <class 'pyscf.dft.rks.RKS'> flags ********
method = RKS
initial guess = atom
damping factor = 0
level shift factor = 0.0
DIIS = <class 'pyscf.scf.diis.CDIIS'>
DIIS start cycle = 1
DIIS space = 8
SCF tol = 1e-08
SCF gradient tol = 1e-08
max. SCF cycles = 100
direct_scf = True
direct_scf_tol = 1e-13
chkfile to save SCF result = /panfs/roc/scratch/graha682/2018_smear/201712_ccpVTZ_NEVPT2_m06_165_4c12h24/tmp56D9vK
max_memory 4000 MB (current use 2410 MB)
XC functionals = m06
small_rho_cutoff = 1e-20
radial grids: Treutler-Ahlrichs (JCP 102, 346 (M4)) radial grids
becke partition: Becke, JCP, 88, 2547 (1988)
pruning grids: <function nwchem_prune at 0x1832578>
grids dens level: 4
symmetrized grids: False
atomic radii adjust function: <function treutler_atomic_radii_adjust at 0x1832410>
init E= -471.48213579994
  HOMO = -0.249481469799264  LUMO = 0.018403315605417
cycle= 1 E= -471.482135799948  delta_E= -7.73e-12  |g|= 3.34e-09  |ddm|= 1.84e-08
  HOMO = -0.249481469701756  LUMO = 0.0184033156946937
Extra cycle  E= -471.48213579993  delta_E= 1.77e-11  |g|= 4.67e-09  |ddm|= 9.03e-09
converged SCF energy = -471.48213579993
Supermolecular DFT   -471.48213579993910

============================== Embedding Energies ==============================
Subsystem DFT              -155.06505562514320
Interaction                -316.18159338243908
DFT-in-DFT                 -471.24664900758228
Supermolecular DFT         -471.48213579993910
Supmol DFT no F-Smear      -471.48213579994024
Difference                   -0.23548679235682
Corrected DFT-in-DFT       -471.48213579993910
WF-in-DFT                  -470.91855183698749
Corrected WF-in-DFT        -471.15403862934431
================================================================================
TIMING STATISTICS:
     overlap integrals      0.05s   ( 0.00%)
    initial subsystems      0.20s   ( 0.00%)
           2e matrices  48990.05s   (95.58%)
      tot. embed. of 1  49034.58s   (95.66%)
      tot. embed. of 2     22.71s   ( 0.04%)
       freeze and thaw  49057.35s   (95.71%)
                   cas    109.23s   ( 0.21%)
                nevpt2      5.86s   ( 0.01%)
  interaction energies   2083.79s   ( 4.07%)
                 TOTAL  51257.12s
================================================================================

********************************************************************************
*                              END OF CALCULATION                              *
********************************************************************************
