********************************************************************************
*                         FREEZE-AND-THAW CALCULATION                          *
********************************************************************************

================================== Input File ==================================
subsystem
C          0.64482        2.19259       -0.03064
H          1.20650        3.13581        0.06815
C         -0.62564        2.16530        0.37977
H         -0.87194        2.62548        1.35059
C          4.63055       -0.87880        0.48528
H          4.30435       -1.13047        1.51254
H          5.28598        0.00625        0.59609
C          3.41540       -0.49638       -0.34158
H          2.75432       -1.37917       -0.45395
H          3.73636       -0.24083       -1.37155
C          2.62070        0.65785        0.24017
H          3.27913        1.54282        0.34720
H          2.29688        0.40825        1.26928
C          1.39975        1.03320       -0.59065
H          0.72733        0.15924       -0.68198
H          1.73530        1.26681       -1.62116
C         -1.75940        1.52793       -0.35239
H         -1.40372        1.13947       -1.32547
H         -2.52686        2.29110       -0.59260
C         -2.42501        0.40692        0.43639
H         -2.75889        0.79626        1.41878
H         -1.67104       -0.36956        0.67059
C         -3.60232       -0.22238       -0.28483
H         -4.35324        0.55958       -0.51683
H         -3.26857       -0.60598       -1.26995
C         -4.26640       -1.34431        0.49413
H         -3.51178       -2.12044        0.72476
H         -4.59581       -0.95667        1.47720
end

subsystem
C          5.41399       -2.03327       -0.10768
H          5.77649       -1.79061       -1.12117
H          4.78701       -2.93683       -0.19655
H          6.29144       -2.29862        0.50241
C         -5.44008       -1.96354       -0.23884
H         -5.91094       -2.77468        0.33814
H         -6.21971       -1.21200       -0.45050
H         -5.12666       -2.38591       -1.20878
end

embed
 huzinaga
 cycles 300
 conv 1e-8
 method m06
end

basis cc-pVDZ
method cas[2,2]/nevpt2
grid 4
conv 1e-8
grad 1e-8
maxiter 100
================================== End Input ===================================
tot grids = 725328

                      Getting subsystem overlap integrals                       

                          Initial subsystem densities                           
Guessing initial subsystem densities
Initial guess from superpostion of atomic densties.
Guessing initial subsystem densities
Initial guess from superpostion of atomic densties.

=========================== Starting Freeze-and-Thaw ===========================
 iter:   1:1        |ddm|: 5.708612e+00     Tr[DP]  6.826825e-01
 iter:   1:2        |ddm|: 2.747317e+00     Tr[DP]  4.090725e-01
 iter:   2:1        |ddm|: 2.997318e+01     Tr[DP]  7.459019e-01
 iter:   2:2        |ddm|: 2.218729e+00     Tr[DP]  7.569402e-01
 iter:   3:1        |ddm|: 3.019072e+01     Tr[DP]  5.298658e-01
 iter:   3:2        |ddm|: 2.341316e+00     Tr[DP]  5.162946e-01
 iter:   4:1        |ddm|: 3.419716e+00     Tr[DP]  5.681366e-01
 iter:   4:2        |ddm|: 8.583054e-01     Tr[DP]  4.999762e-01
 iter:   5:1        |ddm|: 2.560273e+00     Tr[DP]  5.796463e-01
 iter:   5:2        |ddm|: 3.432122e-01     Tr[DP]  5.200289e-01
 iter:   6:1        |ddm|: 1.027309e+00     Tr[DP]  5.791373e-01
 iter:   6:2        |ddm|: 2.271572e-01     Tr[DP]  5.338443e-01
 iter:   7:1        |ddm|: 6.207712e-01     Tr[DP]  5.726043e-01
 iter:   7:2        |ddm|: 1.151839e-01     Tr[DP]  5.419509e-01
 iter:   8:1        |ddm|: 4.132151e-01     Tr[DP]  5.621609e-01
 iter:   8:2        |ddm|: 9.177307e-02     Tr[DP]  5.461889e-01
 iter:   9:1        |ddm|: 2.368491e-01     Tr[DP]  5.578807e-01
 iter:   9:2        |ddm|: 6.134614e-02     Tr[DP]  5.476386e-01
 iter:  10:1        |ddm|: 1.314988e-01     Tr[DP]  5.550945e-01
 iter:  10:2        |ddm|: 3.102519e-02     Tr[DP]  5.478697e-01
 iter:  11:1        |ddm|: 8.093879e-02     Tr[DP]  5.521305e-01
 iter:  11:2        |ddm|: 2.265986e-02     Tr[DP]  5.479681e-01
 iter:  12:1        |ddm|: 4.322156e-02     Tr[DP]  5.508703e-01
 iter:  12:2        |ddm|: 1.230134e-02     Tr[DP]  5.484911e-01
 iter:  13:1        |ddm|: 2.643230e-02     Tr[DP]  5.502607e-01
 iter:  13:2        |ddm|: 1.022225e-02     Tr[DP]  5.485408e-01
 iter:  14:1        |ddm|: 1.877808e-02     Tr[DP]  5.496008e-01
 iter:  14:2        |ddm|: 9.682388e-03     Tr[DP]  5.486621e-01
 iter:  15:1        |ddm|: 1.465202e-02     Tr[DP]  5.492821e-01
 iter:  15:2        |ddm|: 9.457851e-03     Tr[DP]  5.487138e-01
 iter:  16:1        |ddm|: 1.332007e-02     Tr[DP]  5.490729e-01
 iter:  16:2        |ddm|: 9.415445e-03     Tr[DP]  5.487395e-01
 iter:  17:1        |ddm|: 1.354883e-02     Tr[DP]  5.488072e-01
 iter:  17:2        |ddm|: 9.498590e-03     Tr[DP]  5.487924e-01
 iter:  18:1        |ddm|: 1.322601e-02     Tr[DP]  5.487302e-01
 iter:  18:2        |ddm|: 9.399964e-03     Tr[DP]  5.486964e-01
 iter:  19:1        |ddm|: 1.253250e-02     Tr[DP]  5.486799e-01
 iter:  19:2        |ddm|: 9.211602e-03     Tr[DP]  5.486705e-01
 iter:  20:1        |ddm|: 1.247613e-02     Tr[DP]  5.486476e-01
 iter:  20:2        |ddm|: 9.243574e-03     Tr[DP]  5.486290e-01
 iter:  21:1        |ddm|: 1.249117e-02     Tr[DP]  5.485969e-01
 iter:  21:2        |ddm|: 9.293179e-03     Tr[DP]  5.486115e-01
 iter:  22:1        |ddm|: 1.463641e-02     Tr[DP]  5.484205e-01
 iter:  22:2        |ddm|: 9.385301e-03     Tr[DP]  5.485136e-01
 iter:  23:1        |ddm|: 1.322711e-02     Tr[DP]  5.483707e-01
 iter:  23:2        |ddm|: 9.226494e-03     Tr[DP]  5.484010e-01
 iter:  24:1        |ddm|: 1.237990e-02     Tr[DP]  5.483355e-01
 iter:  24:2        |ddm|: 8.510970e-03     Tr[DP]  5.483001e-01
 iter:  25:1        |ddm|: 1.466031e-02     Tr[DP]  5.481911e-01
 iter:  25:2        |ddm|: 9.443931e-03     Tr[DP]  5.481403e-01
 iter:  26:1        |ddm|: 2.596164e-02     Tr[DP]  5.478681e-01
 iter:  26:2        |ddm|: 1.622127e-02     Tr[DP]  5.479000e-01
 iter:  27:1        |ddm|: 1.094773e-02     Tr[DP]  5.479198e-01
 iter:  27:2        |ddm|: 5.629636e-03     Tr[DP]  5.479313e-01
 iter:  28:1        |ddm|: 7.876959e-03     Tr[DP]  5.479352e-01
 iter:  28:2        |ddm|: 6.032537e-03     Tr[DP]  5.479666e-01
 iter:  29:1        |ddm|: 8.605882e-03     Tr[DP]  5.479509e-01
 iter:  29:2        |ddm|: 6.168036e-03     Tr[DP]  5.479319e-01
 iter:  30:1        |ddm|: 8.748176e-03     Tr[DP]  5.479059e-01
 iter:  30:2        |ddm|: 6.056304e-03     Tr[DP]  5.478995e-01
 iter:  31:1        |ddm|: 8.200279e-03     Tr[DP]  5.478826e-01
 iter:  31:2        |ddm|: 5.882921e-03     Tr[DP]  5.478678e-01
 iter:  32:1        |ddm|: 7.629059e-03     Tr[DP]  5.478691e-01
 iter:  32:2        |ddm|: 5.845027e-03     Tr[DP]  5.478767e-01
 iter:  33:1        |ddm|: 8.053645e-03     Tr[DP]  5.478594e-01
 iter:  33:2        |ddm|: 5.907527e-03     Tr[DP]  5.478621e-01
 iter:  34:1        |ddm|: 8.023490e-03     Tr[DP]  5.478448e-01
 iter:  34:2        |ddm|: 5.891173e-03     Tr[DP]  5.478453e-01
 iter:  35:1        |ddm|: 7.976540e-03     Tr[DP]  5.478282e-01
 iter:  35:2        |ddm|: 5.848716e-03     Tr[DP]  5.478289e-01
 iter:  36:1        |ddm|: 7.950972e-03     Tr[DP]  5.478122e-01
 iter:  36:2        |ddm|: 5.799774e-03     Tr[DP]  5.478099e-01
 iter:  37:1        |ddm|: 7.828041e-03     Tr[DP]  5.477970e-01
 iter:  37:2        |ddm|: 5.739974e-03     Tr[DP]  5.477929e-01
 iter:  38:1        |ddm|: 7.717451e-03     Tr[DP]  5.477832e-01
 iter:  38:2        |ddm|: 5.716170e-03     Tr[DP]  5.477790e-01
 iter:  39:1        |ddm|: 7.775851e-03     Tr[DP]  5.477666e-01
 iter:  39:2        |ddm|: 5.714324e-03     Tr[DP]  5.477687e-01
 iter:  40:1        |ddm|: 7.557097e-03     Tr[DP]  5.477683e-01
 iter:  40:2        |ddm|: 5.788553e-03     Tr[DP]  5.477572e-01
 iter:  41:1        |ddm|: 7.696552e-03     Tr[DP]  5.477602e-01
 iter:  41:2        |ddm|: 5.987262e-03     Tr[DP]  5.477481e-01
 iter:  42:1        |ddm|: 1.150607e-02     Tr[DP]  5.476959e-01
 iter:  42:2        |ddm|: 7.063248e-03     Tr[DP]  5.476792e-01
 iter:  43:1        |ddm|: 1.060367e-02     Tr[DP]  5.476233e-01
 iter:  43:2        |ddm|: 6.696438e-03     Tr[DP]  5.476296e-01
 iter:  44:1        |ddm|: 9.417062e-03     Tr[DP]  5.475717e-01
 iter:  44:2        |ddm|: 5.948965e-03     Tr[DP]  5.475801e-01
 iter:  45:1        |ddm|: 1.177682e-02     Tr[DP]  5.475057e-01
 iter:  45:2        |ddm|: 7.453130e-03     Tr[DP]  5.475079e-01
 iter:  46:1        |ddm|: 5.314829e-03     Tr[DP]  5.475074e-01
 iter:  46:2        |ddm|: 2.964135e-03     Tr[DP]  5.475170e-01
 iter:  47:1        |ddm|: 4.658547e-03     Tr[DP]  5.475037e-01
 iter:  47:2        |ddm|: 3.146185e-03     Tr[DP]  5.475095e-01
 iter:  48:1        |ddm|: 4.502458e-03     Tr[DP]  5.475238e-01
 iter:  48:2        |ddm|: 3.633688e-03     Tr[DP]  5.475188e-01
 iter:  49:1        |ddm|: 5.063781e-03     Tr[DP]  5.475120e-01
 iter:  49:2        |ddm|: 3.529104e-03     Tr[DP]  5.475120e-01
 iter:  50:1        |ddm|: 5.023145e-03     Tr[DP]  5.475008e-01
 iter:  50:2        |ddm|: 3.471185e-03     Tr[DP]  5.474981e-01
 iter:  51:1        |ddm|: 4.303539e-03     Tr[DP]  5.474979e-01
 iter:  51:2        |ddm|: 3.265589e-03     Tr[DP]  5.474981e-01
 iter:  52:1        |ddm|: 5.434944e-03     Tr[DP]  5.475182e-01
 iter:  52:2        |ddm|: 4.459345e-03     Tr[DP]  5.475154e-01
 iter:  53:1        |ddm|: 1.272370e-02     Tr[DP]  5.474655e-01
 iter:  53:2        |ddm|: 7.494062e-03     Tr[DP]  5.474530e-01
 iter:  54:1        |ddm|: 4.200101e-03     Tr[DP]  5.474533e-01
 iter:  54:2        |ddm|: 2.530800e-03     Tr[DP]  5.474531e-01
 iter:  55:1        |ddm|: 3.867408e-03     Tr[DP]  5.474469e-01
 iter:  55:2        |ddm|: 2.642878e-03     Tr[DP]  5.474479e-01
 iter:  56:1        |ddm|: 3.497824e-03     Tr[DP]  5.474471e-01
 iter:  56:2        |ddm|: 2.596767e-03     Tr[DP]  5.474466e-01
 iter:  57:1        |ddm|: 6.307940e-03     Tr[DP]  5.474247e-01
 iter:  57:2        |ddm|: 3.917404e-03     Tr[DP]  5.474219e-01
 iter:  58:1        |ddm|: 3.163888e-03     Tr[DP]  5.474277e-01
 iter:  58:2        |ddm|: 2.287330e-03     Tr[DP]  5.474266e-01
 iter:  59:1        |ddm|: 3.607970e-03     Tr[DP]  5.474228e-01
 iter:  59:2        |ddm|: 2.404867e-03     Tr[DP]  5.474210e-01
 iter:  60:1        |ddm|: 3.105479e-03     Tr[DP]  5.474191e-01
 iter:  60:2        |ddm|: 2.238465e-03     Tr[DP]  5.474178e-01
 iter:  61:1        |ddm|: 3.015113e-03     Tr[DP]  5.474170e-01
 iter:  61:2        |ddm|: 2.214669e-03     Tr[DP]  5.474159e-01
 iter:  62:1        |ddm|: 3.037112e-03     Tr[DP]  5.474148e-01
 iter:  62:2        |ddm|: 2.218878e-03     Tr[DP]  5.474137e-01
 iter:  63:1        |ddm|: 2.954996e-03     Tr[DP]  5.474138e-01
 iter:  63:2        |ddm|: 2.233183e-03     Tr[DP]  5.474127e-01
 iter:  64:1        |ddm|: 3.035073e-03     Tr[DP]  5.474122e-01
 iter:  64:2        |ddm|: 2.249835e-03     Tr[DP]  5.474110e-01
 iter:  65:1        |ddm|: 3.042918e-03     Tr[DP]  5.474103e-01
 iter:  65:2        |ddm|: 2.244236e-03     Tr[DP]  5.474089e-01
 iter:  66:1        |ddm|: 3.055207e-03     Tr[DP]  5.474079e-01
 iter:  66:2        |ddm|: 2.226937e-03     Tr[DP]  5.474065e-01
 iter:  67:1        |ddm|: 3.070942e-03     Tr[DP]  5.474048e-01
 iter:  67:2        |ddm|: 2.198418e-03     Tr[DP]  5.474034e-01
 iter:  68:1        |ddm|: 3.729988e-03     Tr[DP]  5.473974e-01
 iter:  68:2        |ddm|: 2.385259e-03     Tr[DP]  5.473957e-01
 iter:  69:1        |ddm|: 3.200487e-03     Tr[DP]  5.473915e-01
 iter:  69:2        |ddm|: 2.113831e-03     Tr[DP]  5.473897e-01
 iter:  70:1        |ddm|: 2.822138e-03     Tr[DP]  5.473868e-01
 iter:  70:2        |ddm|: 1.888121e-03     Tr[DP]  5.473858e-01
 iter:  71:1        |ddm|: 3.501956e-03     Tr[DP]  5.473796e-01
 iter:  71:2        |ddm|: 2.199430e-03     Tr[DP]  5.473784e-01
 iter:  72:1        |ddm|: 2.369578e-03     Tr[DP]  5.473765e-01
 iter:  72:2        |ddm|: 1.569320e-03     Tr[DP]  5.473757e-01
 iter:  73:1        |ddm|: 1.993780e-03     Tr[DP]  5.473757e-01
 iter:  73:2        |ddm|: 1.431613e-03     Tr[DP]  5.473750e-01
 iter:  74:1        |ddm|: 2.054115e-03     Tr[DP]  5.473778e-01
 iter:  74:2        |ddm|: 1.673506e-03     Tr[DP]  5.473772e-01
 iter:  75:1        |ddm|: 2.426386e-03     Tr[DP]  5.473757e-01
 iter:  75:2        |ddm|: 1.621295e-03     Tr[DP]  5.473747e-01
 iter:  76:1        |ddm|: 2.162853e-03     Tr[DP]  5.473738e-01
 iter:  76:2        |ddm|: 1.532551e-03     Tr[DP]  5.473729e-01
 iter:  77:1        |ddm|: 2.099560e-03     Tr[DP]  5.473722e-01
 iter:  77:2        |ddm|: 1.484137e-03     Tr[DP]  5.473712e-01
 iter:  78:1        |ddm|: 1.947859e-03     Tr[DP]  5.473713e-01
 iter:  78:2        |ddm|: 1.442880e-03     Tr[DP]  5.473705e-01
 iter:  79:1        |ddm|: 1.362022e-02     Tr[DP]  5.473441e-01
 iter:  79:2        |ddm|: 8.749986e-03     Tr[DP]  5.473407e-01
 iter:  80:1        |ddm|: 7.669312e-03     Tr[DP]  5.473278e-01
 iter:  80:2        |ddm|: 5.204835e-03     Tr[DP]  5.473266e-01
 iter:  81:1        |ddm|: 2.141316e-02     Tr[DP]  5.473710e-01
 iter:  81:2        |ddm|: 1.336809e-02     Tr[DP]  5.473753e-01
 iter:  82:1        |ddm|: 1.418792e-02     Tr[DP]  5.473514e-01
 iter:  82:2        |ddm|: 6.989667e-03     Tr[DP]  5.473485e-01
 iter:  83:1        |ddm|: 1.018338e-02     Tr[DP]  5.473677e-01
 iter:  83:2        |ddm|: 6.231239e-03     Tr[DP]  5.473689e-01
 iter:  84:1        |ddm|: 4.393761e-03     Tr[DP]  5.473656e-01
 iter:  84:2        |ddm|: 1.838362e-03     Tr[DP]  5.473644e-01
 iter:  85:1        |ddm|: 2.640226e-03     Tr[DP]  5.473613e-01
 iter:  85:2        |ddm|: 1.616883e-03     Tr[DP]  5.473603e-01
 iter:  86:1        |ddm|: 1.914267e-03     Tr[DP]  5.473591e-01
 iter:  86:2        |ddm|: 1.260531e-03     Tr[DP]  5.473577e-01
 iter:  87:1        |ddm|: 1.414871e-03     Tr[DP]  5.473577e-01
 iter:  87:2        |ddm|: 9.760251e-04     Tr[DP]  5.473571e-01
 iter:  88:1        |ddm|: 1.305642e-03     Tr[DP]  5.473574e-01
 iter:  88:2        |ddm|: 9.488519e-04     Tr[DP]  5.473567e-01
 iter:  89:1        |ddm|: 2.203930e-03     Tr[DP]  5.473547e-01
 iter:  89:2        |ddm|: 1.336915e-03     Tr[DP]  5.473539e-01
 iter:  90:1        |ddm|: 5.705522e-03     Tr[DP]  5.473627e-01
 iter:  90:2        |ddm|: 3.937968e-03     Tr[DP]  5.473635e-01
 iter:  91:1        |ddm|: 2.924623e-03     Tr[DP]  5.473641e-01
 iter:  91:2        |ddm|: 1.774261e-03     Tr[DP]  5.473634e-01
 iter:  92:1        |ddm|: 3.036903e-03     Tr[DP]  5.473607e-01
 iter:  92:2        |ddm|: 1.762688e-03     Tr[DP]  5.473593e-01
 iter:  93:1        |ddm|: 3.074492e-03     Tr[DP]  5.473573e-01
 iter:  93:2        |ddm|: 1.930381e-03     Tr[DP]  5.473554e-01
 iter:  94:1        |ddm|: 5.731428e-03     Tr[DP]  5.473494e-01
 iter:  94:2        |ddm|: 3.739898e-03     Tr[DP]  5.473485e-01
 iter:  95:1        |ddm|: 3.062013e-03     Tr[DP]  5.473517e-01
 iter:  95:2        |ddm|: 1.361487e-03     Tr[DP]  5.473518e-01
 iter:  96:1        |ddm|: 1.184269e-03     Tr[DP]  5.473518e-01
 iter:  96:2        |ddm|: 7.266073e-04     Tr[DP]  5.473514e-01
 iter:  97:1        |ddm|: 9.980315e-04     Tr[DP]  5.473521e-01
 iter:  97:2        |ddm|: 8.193024e-04     Tr[DP]  5.473520e-01
 iter:  98:1        |ddm|: 1.130045e-03     Tr[DP]  5.473529e-01
 iter:  98:2        |ddm|: 8.621500e-04     Tr[DP]  5.473524e-01
 iter:  99:1        |ddm|: 1.766649e-03     Tr[DP]  5.473512e-01
 iter:  99:2        |ddm|: 1.085982e-03     Tr[DP]  5.473500e-01
 iter: 100:1        |ddm|: 1.011549e-03     Tr[DP]  5.473506e-01
 iter: 100:2        |ddm|: 7.107756e-04     Tr[DP]  5.473498e-01
 iter: 101:1        |ddm|: 9.111041e-04     Tr[DP]  5.473504e-01
 iter: 101:2        |ddm|: 6.796889e-04     Tr[DP]  5.473497e-01
 iter: 102:1        |ddm|: 9.133269e-04     Tr[DP]  5.473506e-01
 iter: 102:2        |ddm|: 7.334578e-04     Tr[DP]  5.473497e-01
 iter: 103:1        |ddm|: 1.072265e-03     Tr[DP]  5.473498e-01
 iter: 103:2        |ddm|: 7.363163e-04     Tr[DP]  5.473496e-01
 iter: 104:1        |ddm|: 1.223927e-03     Tr[DP]  5.473505e-01
 iter: 104:2        |ddm|: 1.015769e-03     Tr[DP]  5.473502e-01
 iter: 105:1        |ddm|: 2.037249e-03     Tr[DP]  5.473493e-01
 iter: 105:2        |ddm|: 1.181082e-03     Tr[DP]  5.473489e-01
 iter: 106:1        |ddm|: 1.697375e-03     Tr[DP]  5.473483e-01
 iter: 106:2        |ddm|: 1.092702e-03     Tr[DP]  5.473475e-01
 iter: 107:1        |ddm|: 7.980894e-04     Tr[DP]  5.473479e-01
 iter: 107:2        |ddm|: 4.989948e-04     Tr[DP]  5.473476e-01
 iter: 108:1        |ddm|: 7.196854e-04     Tr[DP]  5.473481e-01
 iter: 108:2        |ddm|: 5.397015e-04     Tr[DP]  5.473476e-01
 iter: 109:1        |ddm|: 7.702939e-04     Tr[DP]  5.473480e-01
 iter: 109:2        |ddm|: 5.558812e-04     Tr[DP]  5.473475e-01
 iter: 110:1        |ddm|: 1.010006e-03     Tr[DP]  5.473475e-01
 iter: 110:2        |ddm|: 6.372710e-04     Tr[DP]  5.473471e-01
 iter: 111:1        |ddm|: 9.014897e-04     Tr[DP]  5.473471e-01
 iter: 111:2        |ddm|: 5.819897e-04     Tr[DP]  5.473467e-01
 iter: 112:1        |ddm|: 6.414665e-04     Tr[DP]  5.473469e-01
 iter: 112:2        |ddm|: 4.434074e-04     Tr[DP]  5.473466e-01
 iter: 113:1        |ddm|: 7.442591e-04     Tr[DP]  5.473472e-01
 iter: 113:2        |ddm|: 6.049013e-04     Tr[DP]  5.473469e-01
 iter: 114:1        |ddm|: 7.702082e-04     Tr[DP]  5.473471e-01
 iter: 114:2        |ddm|: 5.167949e-04     Tr[DP]  5.473467e-01
 iter: 115:1        |ddm|: 9.877020e-04     Tr[DP]  5.473467e-01
 iter: 115:2        |ddm|: 6.108532e-04     Tr[DP]  5.473463e-01
 iter: 116:1        |ddm|: 8.492290e-04     Tr[DP]  5.473469e-01
 iter: 116:2        |ddm|: 6.563919e-04     Tr[DP]  5.473466e-01
 iter: 117:1        |ddm|: 1.372460e-03     Tr[DP]  5.473465e-01
 iter: 117:2        |ddm|: 7.863344e-04     Tr[DP]  5.473461e-01
 iter: 118:1        |ddm|: 1.079113e-03     Tr[DP]  5.473461e-01
 iter: 118:2        |ddm|: 6.937575e-04     Tr[DP]  5.473457e-01
 iter: 119:1        |ddm|: 5.869152e-04     Tr[DP]  5.473459e-01
 iter: 119:2        |ddm|: 3.562517e-04     Tr[DP]  5.473456e-01
 iter: 120:1        |ddm|: 1.230031e-03     Tr[DP]  5.473462e-01
 iter: 120:2        |ddm|: 8.779799e-04     Tr[DP]  5.473460e-01
 iter: 121:1        |ddm|: 8.085216e-04     Tr[DP]  5.473462e-01
 iter: 121:2        |ddm|: 4.610741e-04     Tr[DP]  5.473459e-01
 iter: 122:1        |ddm|: 6.225489e-04     Tr[DP]  5.473460e-01
 iter: 122:2        |ddm|: 4.249741e-04     Tr[DP]  5.473457e-01
 iter: 123:1        |ddm|: 5.795576e-04     Tr[DP]  5.473459e-01
 iter: 123:2        |ddm|: 3.974752e-04     Tr[DP]  5.473457e-01
 iter: 124:1        |ddm|: 7.476952e-04     Tr[DP]  5.473458e-01
 iter: 124:2        |ddm|: 4.695433e-04     Tr[DP]  5.473455e-01
 iter: 125:1        |ddm|: 7.627064e-04     Tr[DP]  5.473456e-01
 iter: 125:2        |ddm|: 4.850526e-04     Tr[DP]  5.473453e-01
 iter: 126:1        |ddm|: 4.021176e-04     Tr[DP]  5.473455e-01
 iter: 126:2        |ddm|: 2.598483e-04     Tr[DP]  5.473453e-01
 iter: 127:1        |ddm|: 5.612663e-04     Tr[DP]  5.473456e-01
 iter: 127:2        |ddm|: 4.423148e-04     Tr[DP]  5.473454e-01
 iter: 128:1        |ddm|: 4.873262e-04     Tr[DP]  5.473456e-01
 iter: 128:2        |ddm|: 3.672453e-04     Tr[DP]  5.473454e-01
 iter: 129:1        |ddm|: 5.747096e-04     Tr[DP]  5.473456e-01
 iter: 129:2        |ddm|: 3.622176e-04     Tr[DP]  5.473453e-01
 iter: 130:1        |ddm|: 6.002065e-04     Tr[DP]  5.473456e-01
 iter: 130:2        |ddm|: 4.848585e-04     Tr[DP]  5.473454e-01
 iter: 131:1        |ddm|: 1.137015e-03     Tr[DP]  5.473454e-01
 iter: 131:2        |ddm|: 6.525984e-04     Tr[DP]  5.473452e-01
 iter: 132:1        |ddm|: 6.146563e-04     Tr[DP]  5.473453e-01
 iter: 132:2        |ddm|: 3.973547e-04     Tr[DP]  5.473451e-01
 iter: 133:1        |ddm|: 4.817044e-04     Tr[DP]  5.473452e-01
 iter: 133:2        |ddm|: 3.038028e-04     Tr[DP]  5.473451e-01
 iter: 134:1        |ddm|: 4.257960e-04     Tr[DP]  5.473452e-01
 iter: 134:2        |ddm|: 2.705342e-04     Tr[DP]  5.473450e-01
 iter: 135:1        |ddm|: 1.439490e-03     Tr[DP]  5.473454e-01
 iter: 135:2        |ddm|: 1.011275e-03     Tr[DP]  5.473453e-01
 iter: 136:1        |ddm|: 1.074262e-03     Tr[DP]  5.473453e-01
 iter: 136:2        |ddm|: 5.308130e-04     Tr[DP]  5.473452e-01
 iter: 137:1        |ddm|: 3.812621e-04     Tr[DP]  5.473453e-01
 iter: 137:2        |ddm|: 2.694075e-04     Tr[DP]  5.473450e-01
 iter: 138:1        |ddm|: 4.843103e-04     Tr[DP]  5.473452e-01
 iter: 138:2        |ddm|: 3.092368e-04     Tr[DP]  5.473450e-01
 iter: 139:1        |ddm|: 3.205117e-04     Tr[DP]  5.473452e-01
 iter: 139:2        |ddm|: 2.186152e-04     Tr[DP]  5.473450e-01
 iter: 140:1        |ddm|: 3.970274e-04     Tr[DP]  5.473451e-01
 iter: 140:2        |ddm|: 2.576200e-04     Tr[DP]  5.473450e-01
 iter: 141:1        |ddm|: 3.456455e-04     Tr[DP]  5.473451e-01
 iter: 141:2        |ddm|: 2.734338e-04     Tr[DP]  5.473449e-01
 iter: 142:1        |ddm|: 3.181063e-04     Tr[DP]  5.473450e-01
 iter: 142:2        |ddm|: 2.435748e-04     Tr[DP]  5.473447e-01
 iter: 143:1        |ddm|: 4.090680e-04     Tr[DP]  5.473450e-01
 iter: 143:2        |ddm|: 2.564482e-04     Tr[DP]  5.473449e-01
 iter: 144:1        |ddm|: 3.866603e-04     Tr[DP]  5.473451e-01
 iter: 144:2        |ddm|: 2.546918e-04     Tr[DP]  5.473449e-01
 iter: 145:1        |ddm|: 2.713338e-04     Tr[DP]  5.473450e-01
 iter: 145:2        |ddm|: 1.867899e-04     Tr[DP]  5.473449e-01
 iter: 146:1        |ddm|: 2.524123e-04     Tr[DP]  5.473450e-01
 iter: 146:2        |ddm|: 1.773119e-04     Tr[DP]  5.473449e-01
 iter: 147:1        |ddm|: 2.688212e-04     Tr[DP]  5.473450e-01
 iter: 147:2        |ddm|: 1.814011e-04     Tr[DP]  5.473449e-01
 iter: 148:1        |ddm|: 2.250634e-04     Tr[DP]  5.473450e-01
 iter: 148:2        |ddm|: 1.650686e-04     Tr[DP]  5.473449e-01
 iter: 149:1        |ddm|: 2.242657e-04     Tr[DP]  5.473450e-01
 iter: 149:2        |ddm|: 1.805580e-04     Tr[DP]  5.473449e-01
 iter: 150:1        |ddm|: 2.468742e-04     Tr[DP]  5.473450e-01
 iter: 150:2        |ddm|: 1.789317e-04     Tr[DP]  5.473449e-01
 iter: 151:1        |ddm|: 2.793976e-04     Tr[DP]  5.473450e-01
 iter: 151:2        |ddm|: 1.850485e-04     Tr[DP]  5.473449e-01
 iter: 152:1        |ddm|: 2.160469e-04     Tr[DP]  5.473450e-01
 iter: 152:2        |ddm|: 1.637881e-04     Tr[DP]  5.473448e-01
 iter: 153:1        |ddm|: 2.353028e-04     Tr[DP]  5.473450e-01
 iter: 153:2        |ddm|: 1.659201e-04     Tr[DP]  5.473448e-01
 iter: 154:1        |ddm|: 2.188431e-04     Tr[DP]  5.473450e-01
 iter: 154:2        |ddm|: 1.613302e-04     Tr[DP]  5.473448e-01
 iter: 155:1        |ddm|: 2.144200e-04     Tr[DP]  5.473449e-01
 iter: 155:2        |ddm|: 1.659713e-04     Tr[DP]  5.473448e-01
 iter: 156:1        |ddm|: 2.255535e-04     Tr[DP]  5.473449e-01
 iter: 156:2        |ddm|: 1.678631e-04     Tr[DP]  5.473448e-01
 iter: 157:1        |ddm|: 2.300828e-04     Tr[DP]  5.473449e-01
 iter: 157:2        |ddm|: 1.667766e-04     Tr[DP]  5.473448e-01
 iter: 158:1        |ddm|: 3.466840e-04     Tr[DP]  5.473449e-01
 iter: 158:2        |ddm|: 2.192966e-04     Tr[DP]  5.473448e-01
 iter: 159:1        |ddm|: 1.907309e-04     Tr[DP]  5.473449e-01
 iter: 159:2        |ddm|: 1.447785e-04     Tr[DP]  5.473448e-01
 iter: 160:1        |ddm|: 2.357041e-04     Tr[DP]  5.473449e-01
 iter: 160:2        |ddm|: 1.548978e-04     Tr[DP]  5.473448e-01
 iter: 161:1        |ddm|: 2.026388e-04     Tr[DP]  5.473449e-01
 iter: 161:2        |ddm|: 1.411520e-04     Tr[DP]  5.473448e-01
 iter: 162:1        |ddm|: 1.868464e-04     Tr[DP]  5.473449e-01
 iter: 162:2        |ddm|: 1.334589e-04     Tr[DP]  5.473448e-01
 iter: 163:1        |ddm|: 7.029028e-04     Tr[DP]  5.473448e-01
 iter: 163:2        |ddm|: 5.434604e-04     Tr[DP]  5.473448e-01
 iter: 164:1        |ddm|: 6.338885e-04     Tr[DP]  5.473448e-01
 iter: 164:2        |ddm|: 5.103771e-04     Tr[DP]  5.473447e-01
 iter: 165:1        |ddm|: 1.477212e-03     Tr[DP]  5.473450e-01
 iter: 165:2        |ddm|: 9.239859e-04     Tr[DP]  5.473448e-01
 iter: 166:1        |ddm|: 3.860364e-04     Tr[DP]  5.473450e-01
 iter: 166:2        |ddm|: 1.301571e-04     Tr[DP]  5.473449e-01
 iter: 167:1        |ddm|: 3.091060e-04     Tr[DP]  5.473450e-01
 iter: 167:2        |ddm|: 1.974149e-04     Tr[DP]  5.473449e-01
 iter: 168:1        |ddm|: 3.022181e-04     Tr[DP]  5.473450e-01
 iter: 168:2        |ddm|: 1.995526e-04     Tr[DP]  5.473448e-01
 iter: 169:1        |ddm|: 2.139063e-04     Tr[DP]  5.473450e-01
 iter: 169:2        |ddm|: 1.351539e-04     Tr[DP]  5.473449e-01
 iter: 170:1        |ddm|: 1.916943e-04     Tr[DP]  5.473451e-01
 iter: 170:2        |ddm|: 1.225270e-04     Tr[DP]  5.473450e-01
 iter: 171:1        |ddm|: 1.112720e-04     Tr[DP]  5.473450e-01
 iter: 171:2        |ddm|: 6.189474e-05     Tr[DP]  5.473450e-01
 iter: 172:1        |ddm|: 1.032661e-04     Tr[DP]  5.473450e-01
 iter: 172:2        |ddm|: 8.632848e-05     Tr[DP]  5.473443e-01
 iter: 173:1        |ddm|: 1.455608e-04     Tr[DP]  5.473447e-01
 iter: 173:2        |ddm|: 7.907914e-05     Tr[DP]  5.473453e-01
 iter: 174:1        |ddm|: 9.911085e-05     Tr[DP]  5.473452e-01
 iter: 174:2        |ddm|: 6.540500e-05     Tr[DP]  5.473452e-01
 iter: 175:1        |ddm|: 9.917661e-05     Tr[DP]  5.473450e-01
 iter: 175:2        |ddm|: 6.525364e-05     Tr[DP]  5.473447e-01
 iter: 176:1        |ddm|: 8.774691e-05     Tr[DP]  5.473451e-01
 iter: 176:2        |ddm|: 5.724245e-05     Tr[DP]  5.473452e-01
 iter: 177:1        |ddm|: 8.821157e-05     Tr[DP]  5.473451e-01
 iter: 177:2        |ddm|: 6.391095e-05     Tr[DP]  5.473450e-01
 iter: 178:1        |ddm|: 8.286641e-05     Tr[DP]  5.473450e-01
 iter: 178:2        |ddm|: 5.574623e-05     Tr[DP]  5.473450e-01
 iter: 179:1        |ddm|: 7.472753e-05     Tr[DP]  5.473451e-01
 iter: 179:2        |ddm|: 5.362752e-05     Tr[DP]  5.473451e-01
 iter: 180:1        |ddm|: 7.739439e-05     Tr[DP]  5.473451e-01
 iter: 180:2        |ddm|: 5.411661e-05     Tr[DP]  5.473450e-01
 iter: 181:1        |ddm|: 9.926931e-05     Tr[DP]  5.473450e-01
 iter: 181:2        |ddm|: 6.299245e-05     Tr[DP]  5.473449e-01
 iter: 182:1        |ddm|: 7.966080e-05     Tr[DP]  5.473450e-01
 iter: 182:2        |ddm|: 6.234766e-05     Tr[DP]  5.473450e-01
 iter: 183:1        |ddm|: 7.828799e-05     Tr[DP]  5.473450e-01
 iter: 183:2        |ddm|: 5.404602e-05     Tr[DP]  5.473450e-01
 iter: 184:1        |ddm|: 7.714920e-05     Tr[DP]  5.473450e-01
 iter: 184:2        |ddm|: 5.306455e-05     Tr[DP]  5.473450e-01
 iter: 185:1        |ddm|: 7.087163e-05     Tr[DP]  5.473450e-01
 iter: 185:2        |ddm|: 5.015900e-05     Tr[DP]  5.473450e-01
 iter: 186:1        |ddm|: 6.454989e-05     Tr[DP]  5.473450e-01
 iter: 186:2        |ddm|: 5.111233e-05     Tr[DP]  5.473450e-01
 iter: 187:1        |ddm|: 8.626596e-05     Tr[DP]  5.473451e-01
 iter: 187:2        |ddm|: 5.419482e-05     Tr[DP]  5.473450e-01
 iter: 188:1        |ddm|: 9.632736e-05     Tr[DP]  5.473451e-01
 iter: 188:2        |ddm|: 5.989373e-05     Tr[DP]  5.473450e-01
 iter: 189:1        |ddm|: 1.068649e-04     Tr[DP]  5.473450e-01
 iter: 189:2        |ddm|: 7.725197e-05     Tr[DP]  5.473450e-01
 iter: 190:1        |ddm|: 1.150839e-04     Tr[DP]  5.473450e-01
 iter: 190:2        |ddm|: 6.386703e-05     Tr[DP]  5.473450e-01
 iter: 191:1        |ddm|: 5.737405e-05     Tr[DP]  5.473450e-01
 iter: 191:2        |ddm|: 4.395932e-05     Tr[DP]  5.473450e-01
 iter: 192:1        |ddm|: 6.533156e-05     Tr[DP]  5.473450e-01
 iter: 192:2        |ddm|: 4.489664e-05     Tr[DP]  5.473450e-01
 iter: 193:1        |ddm|: 8.122351e-05     Tr[DP]  5.473451e-01
 iter: 193:2        |ddm|: 5.075840e-05     Tr[DP]  5.473450e-01
 iter: 194:1        |ddm|: 8.170391e-05     Tr[DP]  5.473451e-01
 iter: 194:2        |ddm|: 5.100755e-05     Tr[DP]  5.473451e-01
 iter: 195:1        |ddm|: 4.694312e-05     Tr[DP]  5.473451e-01
 iter: 195:2        |ddm|: 3.216570e-05     Tr[DP]  5.473450e-01
 iter: 196:1        |ddm|: 4.833595e-05     Tr[DP]  5.473451e-01
 iter: 196:2        |ddm|: 3.332920e-05     Tr[DP]  5.473450e-01
 iter: 197:1        |ddm|: 5.832026e-05     Tr[DP]  5.473451e-01
 iter: 197:2        |ddm|: 3.701390e-05     Tr[DP]  5.473451e-01
 iter: 198:1        |ddm|: 4.551335e-05     Tr[DP]  5.473451e-01
 iter: 198:2        |ddm|: 3.626040e-05     Tr[DP]  5.473450e-01
 iter: 199:1        |ddm|: 4.782571e-05     Tr[DP]  5.473451e-01
 iter: 199:2        |ddm|: 3.389040e-05     Tr[DP]  5.473450e-01
 iter: 200:1        |ddm|: 4.775187e-05     Tr[DP]  5.473451e-01
 iter: 200:2        |ddm|: 3.340103e-05     Tr[DP]  5.473450e-01
 iter: 201:1        |ddm|: 4.345303e-05     Tr[DP]  5.473451e-01
 iter: 201:2        |ddm|: 3.194978e-05     Tr[DP]  5.473450e-01
 iter: 202:1        |ddm|: 4.230762e-05     Tr[DP]  5.473451e-01
 iter: 202:2        |ddm|: 3.301813e-05     Tr[DP]  5.473450e-01
 iter: 203:1        |ddm|: 4.972438e-05     Tr[DP]  5.473450e-01
 iter: 203:2        |ddm|: 4.014544e-05     Tr[DP]  5.473450e-01
 iter: 204:1        |ddm|: 4.954821e-05     Tr[DP]  5.473451e-01
 iter: 204:2        |ddm|: 3.852952e-05     Tr[DP]  5.473451e-01
 iter: 205:1        |ddm|: 2.355707e-04     Tr[DP]  5.473451e-01
 iter: 205:2        |ddm|: 1.421959e-04     Tr[DP]  5.473451e-01
 iter: 206:1        |ddm|: 1.008948e-04     Tr[DP]  5.473451e-01
 iter: 206:2        |ddm|: 4.206895e-05     Tr[DP]  5.473451e-01
 iter: 207:1        |ddm|: 3.796063e-05     Tr[DP]  5.473451e-01
 iter: 207:2        |ddm|: 2.313238e-05     Tr[DP]  5.473451e-01
 iter: 208:1        |ddm|: 3.312487e-05     Tr[DP]  5.473451e-01
 iter: 208:2        |ddm|: 2.232013e-05     Tr[DP]  5.473451e-01
 iter: 209:1        |ddm|: 2.736625e-05     Tr[DP]  5.473451e-01
 iter: 209:2        |ddm|: 2.036566e-05     Tr[DP]  5.473451e-01
 iter: 210:1        |ddm|: 3.021360e-05     Tr[DP]  5.473451e-01
 iter: 210:2        |ddm|: 2.087804e-05     Tr[DP]  5.473451e-01
 iter: 211:1        |ddm|: 2.665082e-05     Tr[DP]  5.473451e-01
 iter: 211:2        |ddm|: 2.084624e-05     Tr[DP]  5.473451e-01
 iter: 212:1        |ddm|: 3.085615e-05     Tr[DP]  5.473451e-01
 iter: 212:2        |ddm|: 2.109779e-05     Tr[DP]  5.473451e-01
 iter: 213:1        |ddm|: 2.700911e-05     Tr[DP]  5.473451e-01
 iter: 213:2        |ddm|: 2.016675e-05     Tr[DP]  5.473451e-01
 iter: 214:1        |ddm|: 2.753343e-05     Tr[DP]  5.473451e-01
 iter: 214:2        |ddm|: 2.021301e-05     Tr[DP]  5.473451e-01
 iter: 215:1        |ddm|: 2.837551e-05     Tr[DP]  5.473451e-01
 iter: 215:2        |ddm|: 2.009014e-05     Tr[DP]  5.473451e-01
 iter: 216:1        |ddm|: 2.638752e-05     Tr[DP]  5.473451e-01
 iter: 216:2        |ddm|: 1.963313e-05     Tr[DP]  5.473451e-01
 iter: 217:1        |ddm|: 2.729518e-05     Tr[DP]  5.473451e-01
 iter: 217:2        |ddm|: 1.958844e-05     Tr[DP]  5.473451e-01
 iter: 218:1        |ddm|: 2.655985e-05     Tr[DP]  5.473451e-01
 iter: 218:2        |ddm|: 1.927553e-05     Tr[DP]  5.473451e-01
 iter: 219:1        |ddm|: 2.572847e-05     Tr[DP]  5.473451e-01
 iter: 219:2        |ddm|: 2.078868e-05     Tr[DP]  5.473451e-01
 iter: 220:1        |ddm|: 2.885230e-05     Tr[DP]  5.473451e-01
 iter: 220:2        |ddm|: 2.363322e-05     Tr[DP]  5.473451e-01
 iter: 221:1        |ddm|: 4.468654e-05     Tr[DP]  5.473451e-01
 iter: 221:2        |ddm|: 2.643152e-05     Tr[DP]  5.473451e-01
 iter: 222:1        |ddm|: 4.607267e-05     Tr[DP]  5.473451e-01
 iter: 222:2        |ddm|: 2.879114e-05     Tr[DP]  5.473451e-01
 iter: 223:1        |ddm|: 3.158639e-05     Tr[DP]  5.473451e-01
 iter: 223:2        |ddm|: 1.980921e-05     Tr[DP]  5.473451e-01
 iter: 224:1        |ddm|: 2.835386e-05     Tr[DP]  5.473451e-01
 iter: 224:2        |ddm|: 1.766958e-05     Tr[DP]  5.473451e-01
 iter: 225:1        |ddm|: 1.794350e-05     Tr[DP]  5.473451e-01
 iter: 225:2        |ddm|: 1.156002e-05     Tr[DP]  5.473451e-01
 iter: 226:1        |ddm|: 1.634994e-05     Tr[DP]  5.473451e-01
 iter: 226:2        |ddm|: 1.146276e-05     Tr[DP]  5.473451e-01
 iter: 227:1        |ddm|: 1.599125e-05     Tr[DP]  5.473451e-01
 iter: 227:2        |ddm|: 1.289228e-05     Tr[DP]  5.473451e-01
 iter: 228:1        |ddm|: 1.790621e-05     Tr[DP]  5.473451e-01
 iter: 228:2        |ddm|: 1.269153e-05     Tr[DP]  5.473451e-01
 iter: 229:1        |ddm|: 1.810368e-05     Tr[DP]  5.473451e-01
 iter: 229:2        |ddm|: 1.519431e-05     Tr[DP]  5.473451e-01
 iter: 230:1        |ddm|: 2.538527e-05     Tr[DP]  5.473451e-01
 iter: 230:2        |ddm|: 1.544877e-05     Tr[DP]  5.473451e-01
 iter: 231:1        |ddm|: 2.776559e-05     Tr[DP]  5.473451e-01
 iter: 231:2        |ddm|: 1.781060e-05     Tr[DP]  5.473451e-01
 iter: 232:1        |ddm|: 1.598369e-05     Tr[DP]  5.473451e-01
 iter: 232:2        |ddm|: 1.048151e-05     Tr[DP]  5.473451e-01
 iter: 233:1        |ddm|: 1.481582e-05     Tr[DP]  5.473452e-01
 iter: 233:2        |ddm|: 9.903115e-06     Tr[DP]  5.473451e-01
 iter: 234:1        |ddm|: 1.287342e-05     Tr[DP]  5.473452e-01
 iter: 234:2        |ddm|: 9.058099e-06     Tr[DP]  5.473451e-01
 iter: 235:1        |ddm|: 1.375495e-05     Tr[DP]  5.473452e-01
 iter: 235:2        |ddm|: 9.327557e-06     Tr[DP]  5.473451e-01
 iter: 236:1        |ddm|: 1.487922e-05     Tr[DP]  5.473452e-01
 iter: 236:2        |ddm|: 9.879478e-06     Tr[DP]  5.473451e-01
 iter: 237:1        |ddm|: 1.106723e-05     Tr[DP]  5.473452e-01
 iter: 237:2        |ddm|: 8.825068e-06     Tr[DP]  5.473451e-01
 iter: 238:1        |ddm|: 1.421004e-05     Tr[DP]  5.473452e-01
 iter: 238:2        |ddm|: 9.164554e-06     Tr[DP]  5.473451e-01
 iter: 239:1        |ddm|: 1.054208e-05     Tr[DP]  5.473452e-01
 iter: 239:2        |ddm|: 8.356661e-06     Tr[DP]  5.473451e-01
 iter: 240:1        |ddm|: 1.162964e-05     Tr[DP]  5.473452e-01
 iter: 240:2        |ddm|: 8.424649e-06     Tr[DP]  5.473451e-01
 iter: 241:1        |ddm|: 1.143115e-05     Tr[DP]  5.473452e-01
 iter: 241:2        |ddm|: 8.343732e-06     Tr[DP]  5.473451e-01
 iter: 242:1        |ddm|: 1.135753e-05     Tr[DP]  5.473452e-01
 iter: 242:2        |ddm|: 8.247453e-06     Tr[DP]  5.473451e-01
 iter: 243:1        |ddm|: 1.092356e-05     Tr[DP]  5.473452e-01
 iter: 243:2        |ddm|: 8.174444e-06     Tr[DP]  5.473451e-01
 iter: 244:1        |ddm|: 1.162548e-05     Tr[DP]  5.473452e-01
 iter: 244:2        |ddm|: 8.173226e-06     Tr[DP]  5.473451e-01
 iter: 245:1        |ddm|: 1.090470e-05     Tr[DP]  5.473452e-01
 iter: 245:2        |ddm|: 7.918885e-06     Tr[DP]  5.473451e-01
 iter: 246:1        |ddm|: 1.074166e-05     Tr[DP]  5.473452e-01
 iter: 246:2        |ddm|: 7.796172e-06     Tr[DP]  5.473451e-01
 iter: 247:1        |ddm|: 1.087965e-05     Tr[DP]  5.473452e-01
 iter: 247:2        |ddm|: 8.954369e-06     Tr[DP]  5.473451e-01
 iter: 248:1        |ddm|: 1.469570e-05     Tr[DP]  5.473452e-01
 iter: 248:2        |ddm|: 9.086101e-06     Tr[DP]  5.473451e-01
 iter: 249:1        |ddm|: 1.021790e-05     Tr[DP]  5.473452e-01
 iter: 249:2        |ddm|: 7.536570e-06     Tr[DP]  5.473451e-01
 iter: 250:1        |ddm|: 3.217174e-05     Tr[DP]  5.473452e-01
 iter: 250:2        |ddm|: 1.969228e-05     Tr[DP]  5.473452e-01
 iter: 251:1        |ddm|: 1.066145e-05     Tr[DP]  5.473452e-01
 iter: 251:2        |ddm|: 4.660255e-06     Tr[DP]  5.473452e-01
 iter: 252:1        |ddm|: 9.256655e-06     Tr[DP]  5.473452e-01
 iter: 252:2        |ddm|: 7.036935e-06     Tr[DP]  5.473452e-01
 iter: 253:1        |ddm|: 1.625975e-05     Tr[DP]  5.473452e-01
 iter: 253:2        |ddm|: 9.225451e-06     Tr[DP]  5.473452e-01
 iter: 254:1        |ddm|: 8.909582e-06     Tr[DP]  5.473452e-01
 iter: 254:2        |ddm|: 6.473373e-06     Tr[DP]  5.473452e-01
 iter: 255:1        |ddm|: 8.274950e-06     Tr[DP]  5.473452e-01
 iter: 255:2        |ddm|: 5.553622e-06     Tr[DP]  5.473452e-01
 iter: 256:1        |ddm|: 8.651021e-06     Tr[DP]  5.473452e-01
 iter: 256:2        |ddm|: 5.698635e-06     Tr[DP]  5.473452e-01
 iter: 257:1        |ddm|: 7.673542e-06     Tr[DP]  5.473452e-01
 iter: 257:2        |ddm|: 5.191494e-06     Tr[DP]  5.473452e-01
 iter: 258:1        |ddm|: 1.851875e-05     Tr[DP]  5.473452e-01
 iter: 258:2        |ddm|: 1.172005e-05     Tr[DP]  5.473452e-01
 iter: 259:1        |ddm|: 1.281903e-05     Tr[DP]  5.473452e-01
 iter: 259:2        |ddm|: 7.469179e-06     Tr[DP]  5.473452e-01
 iter: 260:1        |ddm|: 6.909715e-06     Tr[DP]  5.473452e-01
 iter: 260:2        |ddm|: 4.288094e-06     Tr[DP]  5.473452e-01
 iter: 261:1        |ddm|: 5.852362e-06     Tr[DP]  5.473452e-01
 iter: 261:2        |ddm|: 4.106900e-06     Tr[DP]  5.473452e-01
 iter: 262:1        |ddm|: 6.063278e-06     Tr[DP]  5.473452e-01
 iter: 262:2        |ddm|: 4.101280e-06     Tr[DP]  5.473452e-01
 iter: 263:1        |ddm|: 5.686765e-06     Tr[DP]  5.473452e-01
 iter: 263:2        |ddm|: 3.913633e-06     Tr[DP]  5.473452e-01
 iter: 264:1        |ddm|: 5.154346e-06     Tr[DP]  5.473452e-01
 iter: 264:2        |ddm|: 3.655865e-06     Tr[DP]  5.473452e-01
 iter: 265:1        |ddm|: 4.983010e-06     Tr[DP]  5.473452e-01
 iter: 265:2        |ddm|: 3.547896e-06     Tr[DP]  5.473452e-01
 iter: 266:1        |ddm|: 4.792297e-06     Tr[DP]  5.473452e-01
 iter: 266:2        |ddm|: 3.440432e-06     Tr[DP]  5.473452e-01
 iter: 267:1        |ddm|: 4.707950e-06     Tr[DP]  5.473452e-01
 iter: 267:2        |ddm|: 3.380046e-06     Tr[DP]  5.473452e-01
 iter: 268:1        |ddm|: 4.478269e-06     Tr[DP]  5.473452e-01
 iter: 268:2        |ddm|: 3.367360e-06     Tr[DP]  5.473452e-01
 iter: 269:1        |ddm|: 4.623591e-06     Tr[DP]  5.473452e-01
 iter: 269:2        |ddm|: 3.397075e-06     Tr[DP]  5.473452e-01
 iter: 270:1        |ddm|: 4.650142e-06     Tr[DP]  5.473452e-01
 iter: 270:2        |ddm|: 3.378385e-06     Tr[DP]  5.473452e-01
 iter: 271:1        |ddm|: 4.480240e-06     Tr[DP]  5.473452e-01
 iter: 271:2        |ddm|: 3.357095e-06     Tr[DP]  5.473452e-01
 iter: 272:1        |ddm|: 4.675649e-06     Tr[DP]  5.473452e-01
 iter: 272:2        |ddm|: 3.354339e-06     Tr[DP]  5.473452e-01
 iter: 273:1        |ddm|: 4.633241e-06     Tr[DP]  5.473452e-01
 iter: 273:2        |ddm|: 3.290996e-06     Tr[DP]  5.473452e-01
 iter: 274:1        |ddm|: 4.350541e-06     Tr[DP]  5.473452e-01
 iter: 274:2        |ddm|: 3.205819e-06     Tr[DP]  5.473452e-01
 iter: 275:1        |ddm|: 4.304893e-06     Tr[DP]  5.473452e-01
 iter: 275:2        |ddm|: 3.212148e-06     Tr[DP]  5.473452e-01
 iter: 276:1        |ddm|: 4.411488e-06     Tr[DP]  5.473452e-01
 iter: 276:2        |ddm|: 3.211956e-06     Tr[DP]  5.473452e-01
 iter: 277:1        |ddm|: 4.231920e-06     Tr[DP]  5.473452e-01
 iter: 277:2        |ddm|: 3.256362e-06     Tr[DP]  5.473452e-01
 iter: 278:1        |ddm|: 4.378106e-06     Tr[DP]  5.473452e-01
 iter: 278:2        |ddm|: 3.307017e-06     Tr[DP]  5.473452e-01
 iter: 279:1        |ddm|: 6.129706e-06     Tr[DP]  5.473452e-01
 iter: 279:2        |ddm|: 3.783991e-06     Tr[DP]  5.473452e-01
 iter: 280:1        |ddm|: 6.786570e-06     Tr[DP]  5.473452e-01
 iter: 280:2        |ddm|: 4.289601e-06     Tr[DP]  5.473452e-01
 iter: 281:1        |ddm|: 4.914919e-06     Tr[DP]  5.473452e-01
 iter: 281:2        |ddm|: 3.111360e-06     Tr[DP]  5.473452e-01
 iter: 282:1        |ddm|: 5.017586e-06     Tr[DP]  5.473452e-01
 iter: 282:2        |ddm|: 3.199340e-06     Tr[DP]  5.473452e-01
 iter: 283:1        |ddm|: 2.754711e-06     Tr[DP]  5.473452e-01
 iter: 283:2        |ddm|: 1.764664e-06     Tr[DP]  5.473452e-01
 iter: 284:1        |ddm|: 3.044984e-06     Tr[DP]  5.473452e-01
 iter: 284:2        |ddm|: 1.950265e-06     Tr[DP]  5.473452e-01
 iter: 285:1        |ddm|: 2.396432e-06     Tr[DP]  5.473452e-01
 iter: 285:2        |ddm|: 1.851362e-06     Tr[DP]  5.473452e-01
 iter: 286:1        |ddm|: 2.652241e-06     Tr[DP]  5.473452e-01
 iter: 286:2        |ddm|: 1.938939e-06     Tr[DP]  5.473452e-01
 iter: 287:1        |ddm|: 3.396933e-06     Tr[DP]  5.473452e-01
 iter: 287:2        |ddm|: 2.114269e-06     Tr[DP]  5.473452e-01
 iter: 288:1        |ddm|: 2.774969e-06     Tr[DP]  5.473452e-01
 iter: 288:2        |ddm|: 1.806440e-06     Tr[DP]  5.473452e-01
 iter: 289:1        |ddm|: 2.068568e-06     Tr[DP]  5.473452e-01
 iter: 289:2        |ddm|: 1.578059e-06     Tr[DP]  5.473452e-01
 iter: 290:1        |ddm|: 2.284654e-06     Tr[DP]  5.473452e-01
 iter: 290:2        |ddm|: 1.622318e-06     Tr[DP]  5.473452e-01
 iter: 291:1        |ddm|: 2.163238e-06     Tr[DP]  5.473452e-01
 iter: 291:2        |ddm|: 1.607521e-06     Tr[DP]  5.473452e-01
 iter: 292:1        |ddm|: 2.165634e-06     Tr[DP]  5.473452e-01
 iter: 292:2        |ddm|: 1.623356e-06     Tr[DP]  5.473452e-01
 iter: 293:1        |ddm|: 2.229721e-06     Tr[DP]  5.473452e-01
 iter: 293:2        |ddm|: 1.624129e-06     Tr[DP]  5.473452e-01
 iter: 294:1        |ddm|: 2.268344e-06     Tr[DP]  5.473452e-01
 iter: 294:2        |ddm|: 1.609049e-06     Tr[DP]  5.473452e-01
 iter: 295:1        |ddm|: 2.118257e-06     Tr[DP]  5.473452e-01
 iter: 295:2        |ddm|: 1.556188e-06     Tr[DP]  5.473452e-01
 iter: 296:1        |ddm|: 2.094931e-06     Tr[DP]  5.473452e-01
 iter: 296:2        |ddm|: 1.556804e-06     Tr[DP]  5.473452e-01
 iter: 297:1        |ddm|: 2.081949e-06     Tr[DP]  5.473452e-01
 iter: 297:2        |ddm|: 1.583954e-06     Tr[DP]  5.473452e-01
 iter: 298:1        |ddm|: 2.220805e-06     Tr[DP]  5.473452e-01
 iter: 298:2        |ddm|: 1.589382e-06     Tr[DP]  5.473452e-01
 iter: 299:1        |ddm|: 2.070209e-06     Tr[DP]  5.473452e-01
 iter: 299:2        |ddm|: 1.541742e-06     Tr[DP]  5.473452e-01
 iter: 300:1        |ddm|: 2.370994e-06     Tr[DP]  5.473452e-01
 iter: 300:2        |ddm|: 1.606281e-06     Tr[DP]  5.473452e-01
                         Freeze-and-Thaw NOT converged!                         

=================== Subsystem 1 at higher mean-field method ====================
  subiter:   1      |ddm|: 7.655435e-01
  subiter:   2      |ddm|: 1.485906e-01
  subiter:   3      |ddm|: 2.865206e-02
  subiter:   4      |ddm|: 1.937998e-02
  subiter:   5      |ddm|: 2.682722e-03
  subiter:   6      |ddm|: 1.381364e-03
  subiter:   7      |ddm|: 6.535118e-04
  subiter:   8      |ddm|: 1.764295e-04
  subiter:   9      |ddm|: 6.241873e-05
  subiter:  10      |ddm|: 2.143953e-05
  subiter:  11      |ddm|: 1.392435e-05
  subiter:  12      |ddm|: 4.371737e-06
  subiter:  13      |ddm|: 2.247546e-06
  subiter:  14      |ddm|: 8.613279e-07
  subiter:  15      |ddm|: 3.369825e-07
  subiter:  16      |ddm|: 1.633780e-07
  subiter:  17      |ddm|: 3.161991e-08
  subiter:  18      |ddm|: 3.370156e-08
  subiter:  19      |ddm|: 6.537010e-09


******** <class 'pyscf.scf.hf.RHF'> flags ********
method = RHF
initial guess = minao
damping factor = 0
level shift factor = 0
DIIS = <class 'pyscf.scf.diis.CDIIS'>
DIIS start cycle = 1
DIIS space = 8
SCF tol = 1e-09
SCF gradient tol = None
max. SCF cycles = 100
direct_scf = True
direct_scf_tol = 1e-13
chkfile to save SCF result = /panfs/roc/scratch/graha682/D135/201712_ccpVDZ_NEVPT2_m06_135_10c12h24/tmpj9XNSp
max_memory 4000 MB (current use 3085 MB)
Set gradient conv threshold to 3.16228e-05
init E= -388.267238152881
  HOMO = -0.299397085209234  LUMO = 0.143810005620415
cycle= 1 E= -388.267238152881  delta_E= 1.14e-13  |g|= 4.06e-09  |ddm|= 1.46e-08
  HOMO = -0.299397084989115  LUMO = 0.143810005772999
Extra cycle  E= -388.267238152882  delta_E= -1.14e-12  |g|= 2.42e-09  |ddm|= 7.37e-09
converged SCF energy = -388.267238152882


******** <class 'pyscf.dft.rks.RKS'> flags ********
method = RKS
initial guess = atom
damping factor = 0
level shift factor = 0.0
DIIS = <class 'pyscf.scf.diis.CDIIS'>
DIIS start cycle = 1
DIIS space = 8
SCF tol = 1e-08
SCF gradient tol = 1e-08
max. SCF cycles = 1
direct_scf = True
direct_scf_tol = 1e-13
chkfile to save SCF result = /panfs/roc/scratch/graha682/D135/201712_ccpVDZ_NEVPT2_m06_135_10c12h24/tmpsSE8TT
max_memory 4000 MB (current use 3086 MB)
XC functionals = m06
small_rho_cutoff = 1e-20
radial grids: Treutler-Ahlrichs (JCP 102, 346 (M4)) radial grids
becke partition: Becke, JCP, 88, 2547 (1988)
pruning grids: <function nwchem_prune at 0x15ae5f0>
grids dens level: 4
symmetrized grids: False
atomic radii adjust function: <function treutler_atomic_radii_adjust at 0x15ae488>
init E= -390.83736843028
  HOMO = -0.214729072883017  LUMO = -0.00391250193822866
cycle= 1 E= -390.83736843028  delta_E= 7.96e-13  |g|= 1.39e-06  |ddm|= 2.04e-06
  HOMO = -0.21472907801899  LUMO = -0.00391250236271911
Extra cycle  E= -390.83736843028  delta_E=    0  |g|= 2.37e-06  |ddm|= 2.91e-06
SCF not converged.
SCF energy = -390.83736843028 after 1 cycles
 iter: 301:1        |ddm|: 8.925720e-01     Tr[DP]  6.433131e-01

******** <class 'pyscf.mcscf.mc1step.CASSCF'> flags ********
CAS (1e+1e, 2o), ncore = 38, nvir = 190
max_cycle_macro = 50
max_cycle_micro = 4
conv_tol = 1e-07
conv_tol_grad = None
orbital rotation max_stepsize = 0.02
augmented hessian ah_max_cycle = 30
augmented hessian ah_conv_tol = 1e-12
augmented hessian ah_linear dependence = 1e-14
augmented hessian ah_level shift = 0
augmented hessian ah_start_tol = 2.5
augmented hessian ah_start_cycle = 3
augmented hessian ah_grad_trust_region = 3
kf_trust_region = 3
kf_interval = 4
ci_response_space = 4
ci_grad_trust_region = 3
with_dep4 0
natorb = False
canonicalization = True
sorting_mo_energy = False
chkfile = /panfs/roc/scratch/graha682/D135/201712_ccpVDZ_NEVPT2_m06_135_10c12h24/tmpj9XNSp
max_memory 4000 MB (current use 3108 MB)
internal_rotation = False
******** <class 'pyscf.fci.direct_spin1.FCISolver'> flags ********
max. cycles = 50
conv_tol = 1e-08
davidson only = False
linear dependence = 1e-10
level shift = 0.001
max iter space = 12
max_memory 4000 MB
nroots = 1
pspace_size = 400
spin = None
CASCI E = -388.27593281308  S^2 = 0.0000000
Set conv_tol_grad to 0.000316228
macro iter 1 (21 JK  4 micro), CASSCF E = -388.294889055329  dE = -0.018956242  S^2 = 0.0000000
               |grad[o]|=0.0255  |grad[c]|= 0.0818822662768  |ddm|=0.0229
macro iter 2 (15 JK  4 micro), CASSCF E = -388.297774245504  dE = -0.0028851902  S^2 = 0.0000000
               |grad[o]|=0.0221  |grad[c]|= 0.0127618090773  |ddm|=0.00577
macro iter 3 (16 JK  4 micro), CASSCF E = -388.297840545919  dE = -6.6300415e-05  S^2 = 0.0000000
               |grad[o]|=0.00356  |grad[c]|= 0.00031138363473  |ddm|=0.00158
macro iter 4 (4 JK  1 micro), CASSCF E = -388.297840574868  dE = -2.8948875e-08  S^2 = 0.0000000
               |grad[o]|=7.91e-05  |grad[c]|= 6.66073745718e-06  |ddm|=1.75e-05
1-step CASSCF converged in 4 macro (56 JK 13 micro) steps
CASSCF canonicalization
CASSCF energy = -388.297840574868
Hartree-Fock Energy:  -388.26723815288165
CAS Correlation:       -0.03060242198615
CAS Energy:          -388.29784057486779
Sr    (-1)',   E = 0.00000000000347
Si    (+1)',   E = -0.00000000031630
Sijrs (0)  ,   E = -1.33707121152714
Sijr  (+1) ,   E = -0.01858419506366
Srsi  (-1) ,   E = -0.06083338438124
Srs   (-2) ,   E = -0.00443227449666
Sij   (+2) ,   E = -0.00094734662891
Sir   (0)' ,   E = -0.03488523278865
Nevpt2 Energy = -1.456753645199084
NEVPT2 =   -1.456753645199084
Total NEVPT2 = -389.754594220066849

============================== Supermolecular DFT ==============================
  subiter:   1      |ddm|: 3.336851e+00
  subiter:   2      |ddm|: 2.914293e-01
  subiter:   3      |ddm|: 1.672109e-01
  subiter:   4      |ddm|: 1.851896e-02
  subiter:   5      |ddm|: 5.020498e-03
  subiter:   6      |ddm|: 1.611593e-03
  subiter:   7      |ddm|: 3.442415e-04
  subiter:   8      |ddm|: 1.267741e-04
  subiter:   9      |ddm|: 6.176528e-05
  subiter:  10      |ddm|: 1.903461e-05
  subiter:  11      |ddm|: 6.196732e-06
  subiter:  12      |ddm|: 3.236983e-06
  subiter:  13      |ddm|: 8.274254e-07
  subiter:  14      |ddm|: 3.261559e-07
  subiter:  15      |ddm|: 9.500422e-08
  subiter:  16      |ddm|: 3.680636e-08
  subiter:  17      |ddm|: 1.441849e-08
  subiter:  18      |ddm|: 4.264899e-09


******** <class 'pyscf.dft.rks.RKS'> flags ********
method = RKS
initial guess = atom
damping factor = 0
level shift factor = 0.0
DIIS = <class 'pyscf.scf.diis.CDIIS'>
DIIS start cycle = 1
DIIS space = 8
SCF tol = 1e-08
SCF gradient tol = 1e-08
max. SCF cycles = 100
direct_scf = True
direct_scf_tol = 1e-13
chkfile to save SCF result = /panfs/roc/scratch/graha682/D135/201712_ccpVDZ_NEVPT2_m06_135_10c12h24/tmpiJ_Iw2
max_memory 4000 MB (current use 3123 MB)
XC functionals = m06
small_rho_cutoff = 1e-20
radial grids: Treutler-Ahlrichs (JCP 102, 346 (M4)) radial grids
becke partition: Becke, JCP, 88, 2547 (1988)
pruning grids: <function nwchem_prune at 0x15ae5f0>
grids dens level: 4
symmetrized grids: False
atomic radii adjust function: <function treutler_atomic_radii_adjust at 0x15ae488>
init E= -471.286305799459
  HOMO = -0.216941225998653  LUMO = -0.00667031692759219
cycle= 1 E= -471.286305799457  delta_E= 1.59e-12  |g|= 7.43e-09  |ddm|= 1.12e-08
  HOMO = -0.216941225869023  LUMO = -0.00667031681831002
Extra cycle  E= -471.286305799456  delta_E= 6.82e-13  |g|= 1.32e-08  |ddm|= 1.83e-08
converged SCF energy = -471.286305799456
Supermolecular DFT   -471.28630579946025

============================== Embedding Energies ==============================
Subsystem DFT              -390.83736843027998
Interaction                 -80.15818311810233
DFT-in-DFT                 -470.99555154838231
Supermolecular DFT         -471.28630579946025
Difference                   -0.29075425107794
Corrected DFT-in-DFT       -471.28630579946025
WF-in-DFT                  -469.91277733816918
Corrected WF-in-DFT        -470.20353158924712
================================================================================
TIMING STATISTICS:
     overlap integrals      0.03s   ( 0.00%)
    initial subsystems      0.11s   ( 0.00%)
           2e matrices   9098.59s   (88.93%)
      tot. embed. of 1   9231.73s   (90.23%)
      tot. embed. of 2      0.53s   ( 0.01%)
       freeze and thaw   9232.32s   (90.24%)
                   cas    248.95s   ( 2.43%)
                nevpt2     23.03s   ( 0.23%)
  interaction energies    724.70s   ( 7.08%)
                 TOTAL  10231.16s
================================================================================

********************************************************************************
*                              END OF CALCULATION                              *
********************************************************************************
