********************************************************************************
*                         FREEZE-AND-THAW CALCULATION                          *
********************************************************************************

================================== Input File ==================================
subsystem
C          0.64482        2.19259       -0.03064
H          1.20650        3.13581        0.06815
C         -0.62564        2.16530        0.37977
H         -0.87194        2.62548        1.35059
C          1.39975        1.03320       -0.59065
H          0.72733        0.15924       -0.68198
H          1.73530        1.26681       -1.62116
C         -1.75940        1.52793       -0.35239
H         -1.40372        1.13947       -1.32547
H         -2.52686        2.29110       -0.59260
end

subsystem
C          5.41399       -2.03327       -0.10768
H          5.77649       -1.79061       -1.12117
H          4.78701       -2.93683       -0.19655
H          6.29144       -2.29862        0.50241
C          4.63055       -0.87880        0.48528
H          4.30435       -1.13047        1.51254
H          5.28598        0.00625        0.59609
C          3.41540       -0.49638       -0.34158
H          2.75432       -1.37917       -0.45395
H          3.73636       -0.24083       -1.37155
C          2.62070        0.65785        0.24017
H          3.27913        1.54282        0.34720
H          2.29688        0.40825        1.26928
C         -2.42501        0.40692        0.43639
H         -2.75889        0.79626        1.41878
H         -1.67104       -0.36956        0.67059
C         -3.60232       -0.22238       -0.28483
H         -4.35324        0.55958       -0.51683
H         -3.26857       -0.60598       -1.26995
C         -4.26640       -1.34431        0.49413
H         -3.51178       -2.12044        0.72476
H         -4.59581       -0.95667        1.47720
C         -5.44008       -1.96354       -0.23884
H         -5.91094       -2.77468        0.33814
H         -6.21971       -1.21200       -0.45050
H         -5.12666       -2.38591       -1.20878
end

embed
 huzinaga
 cycles 300
 conv 1e-8
 method m06
end

basis aug-cc-pVDZ
method cas[2,2]/nevpt2
grid 4
conv 1e-8
grad 1e-8
maxiter 100
================================== End Input ===================================
tot grids = 725328

                      Getting subsystem overlap integrals                       

                          Initial subsystem densities                           
Guessing initial subsystem densities
Initial guess from superpostion of atomic densties.
Guessing initial subsystem densities
Initial guess from superpostion of atomic densties.

=========================== Starting Freeze-and-Thaw ===========================
 iter:   1:1        |ddm|: 8.301252e+01     Tr[DP]  9.840733e-01
 iter:   1:2        |ddm|: 8.300966e+01     Tr[DP]  1.894027e-01
 iter:   2:1        |ddm|: 3.247123e+02     Tr[DP]  2.673231e-01
 iter:   2:2        |ddm|: 8.335832e+01     Tr[DP]  1.415445e-01
 iter:   3:1        |ddm|: 2.782464e+02     Tr[DP]  1.925449e-01
 iter:   3:2        |ddm|: 9.364905e+01     Tr[DP]  1.828543e-01
 iter:   4:1        |ddm|: 3.457668e+01     Tr[DP]  1.679575e-01
 iter:   4:2        |ddm|: 3.639729e+01     Tr[DP]  1.603839e-01
 iter:   5:1        |ddm|: 1.923192e+01     Tr[DP]  1.685723e-01
 iter:   5:2        |ddm|: 1.004602e+01     Tr[DP]  1.681512e-01
 iter:   6:1        |ddm|: 9.192254e+00     Tr[DP]  1.820477e-01
 iter:   6:2        |ddm|: 8.454251e+00     Tr[DP]  1.774586e-01
 iter:   7:1        |ddm|: 7.453960e+00     Tr[DP]  1.956986e-01
 iter:   7:2        |ddm|: 7.628278e+00     Tr[DP]  1.863897e-01
 iter:   8:1        |ddm|: 6.458569e+00     Tr[DP]  2.054716e-01
 iter:   8:2        |ddm|: 8.564892e+00     Tr[DP]  1.940252e-01
 iter:   9:1        |ddm|: 7.304137e+00     Tr[DP]  2.122992e-01
 iter:   9:2        |ddm|: 7.123451e+00     Tr[DP]  2.007595e-01
 iter:  10:1        |ddm|: 8.297593e+00     Tr[DP]  2.171812e-01
 iter:  10:2        |ddm|: 6.005371e+00     Tr[DP]  2.062900e-01
 iter:  11:1        |ddm|: 7.254483e+00     Tr[DP]  2.212858e-01
 iter:  11:2        |ddm|: 4.990670e+00     Tr[DP]  2.109234e-01
 iter:  12:1        |ddm|: 5.488009e+00     Tr[DP]  2.251355e-01
 iter:  12:2        |ddm|: 3.163629e+00     Tr[DP]  2.146597e-01
 iter:  13:1        |ddm|: 5.245957e+00     Tr[DP]  2.270157e-01
 iter:  13:2        |ddm|: 3.853000e+00     Tr[DP]  2.180847e-01
 iter:  14:1        |ddm|: 5.774937e+00     Tr[DP]  2.292931e-01
 iter:  14:2        |ddm|: 4.332447e+00     Tr[DP]  2.214978e-01
 iter:  15:1        |ddm|: 5.121824e+00     Tr[DP]  2.321691e-01
 iter:  15:2        |ddm|: 3.519153e+00     Tr[DP]  2.246415e-01
 iter:  16:1        |ddm|: 4.569391e+00     Tr[DP]  2.346202e-01
 iter:  16:2        |ddm|: 2.993338e+00     Tr[DP]  2.275719e-01
 iter:  17:1        |ddm|: 3.587283e+00     Tr[DP]  2.369219e-01
 iter:  17:2        |ddm|: 2.163091e+00     Tr[DP]  2.301114e-01
 iter:  18:1        |ddm|: 3.181614e+00     Tr[DP]  2.384940e-01
 iter:  18:2        |ddm|: 2.012780e+00     Tr[DP]  2.323383e-01
 iter:  19:1        |ddm|: 2.759051e+00     Tr[DP]  2.399894e-01
 iter:  19:2        |ddm|: 1.745795e+00     Tr[DP]  2.343301e-01
 iter:  20:1        |ddm|: 2.235908e+00     Tr[DP]  2.413118e-01
 iter:  20:2        |ddm|: 1.460192e+00     Tr[DP]  2.360102e-01
 iter:  21:1        |ddm|: 2.230369e+00     Tr[DP]  2.420938e-01
 iter:  21:2        |ddm|: 1.546478e+00     Tr[DP]  2.375533e-01
 iter:  22:1        |ddm|: 2.313307e+00     Tr[DP]  2.429737e-01
 iter:  22:2        |ddm|: 1.596168e+00     Tr[DP]  2.390880e-01
 iter:  23:1        |ddm|: 2.095375e+00     Tr[DP]  2.440950e-01
 iter:  23:2        |ddm|: 1.406683e+00     Tr[DP]  2.405702e-01
 iter:  24:1        |ddm|: 1.645414e+00     Tr[DP]  2.452526e-01
 iter:  24:2        |ddm|: 1.113040e+00     Tr[DP]  2.418527e-01
 iter:  25:1        |ddm|: 1.436692e+00     Tr[DP]  2.460008e-01
 iter:  25:2        |ddm|: 1.028405e+00     Tr[DP]  2.429602e-01
 iter:  26:1        |ddm|: 1.313273e+00     Tr[DP]  2.466488e-01
 iter:  26:2        |ddm|: 9.677676e-01     Tr[DP]  2.439642e-01
 iter:  27:1        |ddm|: 1.054335e+00     Tr[DP]  2.473487e-01
 iter:  27:2        |ddm|: 8.102325e-01     Tr[DP]  2.448187e-01
 iter:  28:1        |ddm|: 9.971017e-01     Tr[DP]  2.476942e-01
 iter:  28:2        |ddm|: 8.195939e-01     Tr[DP]  2.455720e-01
 iter:  29:1        |ddm|: 9.209847e-01     Tr[DP]  2.481393e-01
 iter:  29:2        |ddm|: 7.721219e-01     Tr[DP]  2.462715e-01
 iter:  30:1        |ddm|: 8.222548e-01     Tr[DP]  2.485500e-01
 iter:  30:2        |ddm|: 7.237043e-01     Tr[DP]  2.469010e-01
 iter:  31:1        |ddm|: 7.231227e-01     Tr[DP]  2.489364e-01
 iter:  31:2        |ddm|: 6.589607e-01     Tr[DP]  2.474696e-01
 iter:  32:1        |ddm|: 5.329176e-01     Tr[DP]  2.493344e-01
 iter:  32:2        |ddm|: 5.273964e-01     Tr[DP]  2.479396e-01
 iter:  33:1        |ddm|: 6.499432e-01     Tr[DP]  2.493925e-01
 iter:  33:2        |ddm|: 6.612213e-01     Tr[DP]  2.483706e-01
 iter:  34:1        |ddm|: 1.089467e+00     Tr[DP]  2.494138e-01
 iter:  34:2        |ddm|: 1.013664e+00     Tr[DP]  2.488766e-01
 iter:  35:1        |ddm|: 5.863367e-01     Tr[DP]  2.502844e-01
 iter:  35:2        |ddm|: 5.383161e-01     Tr[DP]  2.494139e-01
 iter:  36:1        |ddm|: 4.549746e-01     Tr[DP]  2.505935e-01
 iter:  36:2        |ddm|: 4.758009e-01     Tr[DP]  2.498077e-01
 iter:  37:1        |ddm|: 4.135417e-01     Tr[DP]  2.508434e-01
 iter:  37:2        |ddm|: 4.477215e-01     Tr[DP]  2.501521e-01
 iter:  38:1        |ddm|: 4.071130e-01     Tr[DP]  2.510335e-01
 iter:  38:2        |ddm|: 4.612300e-01     Tr[DP]  2.504578e-01
 iter:  39:1        |ddm|: 3.550653e-01     Tr[DP]  2.512638e-01
 iter:  39:2        |ddm|: 4.320637e-01     Tr[DP]  2.507369e-01
 iter:  40:1        |ddm|: 3.135978e-01     Tr[DP]  2.514497e-01
 iter:  40:2        |ddm|: 3.955385e-01     Tr[DP]  2.509887e-01
 iter:  41:1        |ddm|: 2.752926e-01     Tr[DP]  2.515980e-01
 iter:  41:2        |ddm|: 3.629430e-01     Tr[DP]  2.512090e-01
 iter:  42:1        |ddm|: 2.319518e-01     Tr[DP]  2.517475e-01
 iter:  42:2        |ddm|: 3.221048e-01     Tr[DP]  2.513993e-01
 iter:  43:1        |ddm|: 2.420351e-01     Tr[DP]  2.518220e-01
 iter:  43:2        |ddm|: 3.552028e-01     Tr[DP]  2.515749e-01
 iter:  44:1        |ddm|: 2.564429e-01     Tr[DP]  2.519249e-01
 iter:  44:2        |ddm|: 4.045488e-01     Tr[DP]  2.517083e-01
 iter:  45:1        |ddm|: 3.281745e-01     Tr[DP]  2.519946e-01
 iter:  45:2        |ddm|: 4.635507e-01     Tr[DP]  2.518941e-01
 iter:  46:1        |ddm|: 2.655954e-01     Tr[DP]  2.521440e-01
 iter:  46:2        |ddm|: 4.307156e-01     Tr[DP]  2.520351e-01
 iter:  47:1        |ddm|: 2.366123e-01     Tr[DP]  2.523076e-01
 iter:  47:2        |ddm|: 3.947030e-01     Tr[DP]  2.521798e-01
 iter:  48:1        |ddm|: 2.175964e-01     Tr[DP]  2.524363e-01
 iter:  48:2        |ddm|: 3.343654e-01     Tr[DP]  2.523408e-01
 iter:  49:1        |ddm|: 1.632209e-01     Tr[DP]  2.525878e-01
 iter:  49:2        |ddm|: 2.570476e-01     Tr[DP]  2.524881e-01
 iter:  50:1        |ddm|: 1.552493e-01     Tr[DP]  2.526825e-01
 iter:  50:2        |ddm|: 2.545161e-01     Tr[DP]  2.526024e-01
 iter:  51:1        |ddm|: 1.415263e-01     Tr[DP]  2.527762e-01
 iter:  51:2        |ddm|: 2.376656e-01     Tr[DP]  2.527094e-01
 iter:  52:1        |ddm|: 1.256600e-01     Tr[DP]  2.528590e-01
 iter:  52:2        |ddm|: 2.176498e-01     Tr[DP]  2.528018e-01
 iter:  53:1        |ddm|: 1.257097e-01     Tr[DP]  2.529185e-01
 iter:  53:2        |ddm|: 2.226840e-01     Tr[DP]  2.528803e-01
 iter:  54:1        |ddm|: 1.180963e-01     Tr[DP]  2.529765e-01
 iter:  54:2        |ddm|: 2.153902e-01     Tr[DP]  2.529493e-01
 iter:  55:1        |ddm|: 1.300094e-01     Tr[DP]  2.530174e-01
 iter:  55:2        |ddm|: 2.387083e-01     Tr[DP]  2.530060e-01
 iter:  56:1        |ddm|: 1.151344e-01     Tr[DP]  2.530728e-01
 iter:  56:2        |ddm|: 2.183858e-01     Tr[DP]  2.530642e-01
 iter:  57:1        |ddm|: 1.092609e-01     Tr[DP]  2.531160e-01
 iter:  57:2        |ddm|: 2.104622e-01     Tr[DP]  2.531131e-01
 iter:  58:1        |ddm|: 1.174285e-01     Tr[DP]  2.531459e-01
 iter:  58:2        |ddm|: 2.245381e-01     Tr[DP]  2.531553e-01
 iter:  59:1        |ddm|: 1.030447e-01     Tr[DP]  2.531890e-01
 iter:  59:2        |ddm|: 2.018475e-01     Tr[DP]  2.531976e-01
 iter:  60:1        |ddm|: 9.796157e-02     Tr[DP]  2.532221e-01
 iter:  60:2        |ddm|: 1.925984e-01     Tr[DP]  2.532335e-01
 iter:  61:1        |ddm|: 9.861802e-02     Tr[DP]  2.532486e-01
 iter:  61:2        |ddm|: 1.935455e-01     Tr[DP]  2.532634e-01
 iter:  62:1        |ddm|: 1.152201e-01     Tr[DP]  2.532638e-01
 iter:  62:2        |ddm|: 2.224307e-01     Tr[DP]  2.532851e-01
 iter:  63:1        |ddm|: 1.431995e-01     Tr[DP]  2.532742e-01
 iter:  63:2        |ddm|: 2.698027e-01     Tr[DP]  2.533030e-01
 iter:  64:1        |ddm|: 1.157507e-01     Tr[DP]  2.533117e-01
 iter:  64:2        |ddm|: 2.282542e-01     Tr[DP]  2.533328e-01
 iter:  65:1        |ddm|: 8.210811e-02     Tr[DP]  2.533478e-01
 iter:  65:2        |ddm|: 1.667108e-01     Tr[DP]  2.533609e-01
 iter:  66:1        |ddm|: 9.931854e-02     Tr[DP]  2.533576e-01
 iter:  66:2        |ddm|: 1.934040e-01     Tr[DP]  2.533750e-01
 iter:  67:1        |ddm|: 1.015685e-01     Tr[DP]  2.533722e-01
 iter:  67:2        |ddm|: 1.962635e-01     Tr[DP]  2.533899e-01
 iter:  68:1        |ddm|: 1.318220e-01     Tr[DP]  2.533767e-01
 iter:  68:2        |ddm|: 2.462774e-01     Tr[DP]  2.533962e-01
 iter:  69:1        |ddm|: 6.264627e-02     Tr[DP]  2.534114e-01
 iter:  69:2        |ddm|: 1.240137e-01     Tr[DP]  2.534261e-01
 iter:  70:1        |ddm|: 7.128808e-02     Tr[DP]  2.534193e-01
 iter:  70:2        |ddm|: 1.380718e-01     Tr[DP]  2.534361e-01
 iter:  71:1        |ddm|: 7.327243e-02     Tr[DP]  2.534296e-01
 iter:  71:2        |ddm|: 1.409595e-01     Tr[DP]  2.534467e-01
 iter:  72:1        |ddm|: 5.841722e-02     Tr[DP]  2.534441e-01
 iter:  72:2        |ddm|: 1.130581e-01     Tr[DP]  2.534620e-01
 iter:  73:1        |ddm|: 8.640015e-02     Tr[DP]  2.534449e-01
 iter:  73:2        |ddm|: 1.604123e-01     Tr[DP]  2.534648e-01
 iter:  74:1        |ddm|: 7.891143e-02     Tr[DP]  2.534539e-01
 iter:  74:2        |ddm|: 1.504980e-01     Tr[DP]  2.534719e-01
 iter:  75:1        |ddm|: 7.078953e-02     Tr[DP]  2.534623e-01
 iter:  75:2        |ddm|: 1.367055e-01     Tr[DP]  2.534796e-01
 iter:  76:1        |ddm|: 7.066383e-02     Tr[DP]  2.534682e-01
 iter:  76:2        |ddm|: 1.356718e-01     Tr[DP]  2.534857e-01
 iter:  77:1        |ddm|: 6.921805e-02     Tr[DP]  2.534741e-01
 iter:  77:2        |ddm|: 1.328119e-01     Tr[DP]  2.534913e-01
 iter:  78:1        |ddm|: 9.376966e-02     Tr[DP]  2.534728e-01
 iter:  78:2        |ddm|: 1.731998e-01     Tr[DP]  2.534889e-01
 iter:  79:1        |ddm|: 7.471032e-02     Tr[DP]  2.534803e-01
 iter:  79:2        |ddm|: 1.432738e-01     Tr[DP]  2.534935e-01
 iter:  80:1        |ddm|: 7.394909e-02     Tr[DP]  2.534831e-01
 iter:  80:2        |ddm|: 1.410434e-01     Tr[DP]  2.534950e-01
 iter:  81:1        |ddm|: 7.723405e-02     Tr[DP]  2.534841e-01
 iter:  81:2        |ddm|: 1.453925e-01     Tr[DP]  2.534947e-01
 iter:  82:1        |ddm|: 6.936885e-02     Tr[DP]  2.534868e-01
 iter:  82:2        |ddm|: 1.318727e-01     Tr[DP]  2.534961e-01
 iter:  83:1        |ddm|: 8.446797e-02     Tr[DP]  2.534840e-01
 iter:  83:2        |ddm|: 1.553571e-01     Tr[DP]  2.534918e-01
 iter:  84:1        |ddm|: 5.514806e-02     Tr[DP]  2.534893e-01
 iter:  84:2        |ddm|: 1.046441e-01     Tr[DP]  2.534960e-01
 iter:  85:1        |ddm|: 5.492282e-02     Tr[DP]  2.534894e-01
 iter:  85:2        |ddm|: 1.039330e-01     Tr[DP]  2.534972e-01
 iter:  86:1        |ddm|: 5.084904e-02     Tr[DP]  2.534913e-01
 iter:  86:2        |ddm|: 9.598123e-02     Tr[DP]  2.534996e-01
 iter:  87:1        |ddm|: 5.281805e-02     Tr[DP]  2.534922e-01
 iter:  87:2        |ddm|: 9.937655e-02     Tr[DP]  2.535012e-01
 iter:  88:1        |ddm|: 5.460585e-02     Tr[DP]  2.534932e-01
 iter:  88:2        |ddm|: 1.029152e-01     Tr[DP]  2.535025e-01
 iter:  89:1        |ddm|: 7.014514e-02     Tr[DP]  2.534916e-01
 iter:  89:2        |ddm|: 1.280471e-01     Tr[DP]  2.534994e-01
 iter:  90:1        |ddm|: 6.004874e-02     Tr[DP]  2.534928e-01
 iter:  90:2        |ddm|: 1.130384e-01     Tr[DP]  2.534994e-01
 iter:  91:1        |ddm|: 5.197954e-02     Tr[DP]  2.534938e-01
 iter:  91:2        |ddm|: 9.913896e-02     Tr[DP]  2.535006e-01
 iter:  92:1        |ddm|: 6.269650e-02     Tr[DP]  2.534923e-01
 iter:  92:2        |ddm|: 1.164325e-01     Tr[DP]  2.534983e-01
 iter:  93:1        |ddm|: 5.558304e-02     Tr[DP]  2.534928e-01
 iter:  93:2        |ddm|: 1.047764e-01     Tr[DP]  2.534982e-01
 iter:  94:1        |ddm|: 5.540068e-02     Tr[DP]  2.534923e-01
 iter:  94:2        |ddm|: 1.048457e-01     Tr[DP]  2.534972e-01
 iter:  95:1        |ddm|: 5.894262e-02     Tr[DP]  2.534911e-01
 iter:  95:2        |ddm|: 1.096172e-01     Tr[DP]  2.534951e-01
 iter:  96:1        |ddm|: 5.230462e-02     Tr[DP]  2.534908e-01
 iter:  96:2        |ddm|: 9.883043e-02     Tr[DP]  2.534947e-01
 iter:  97:1        |ddm|: 1.138228e-01     Tr[DP]  2.534810e-01
 iter:  97:2        |ddm|: 1.922642e-01     Tr[DP]  2.534779e-01
 iter:  98:1        |ddm|: 4.465622e-02     Tr[DP]  2.534892e-01
 iter:  98:2        |ddm|: 4.792362e-02     Tr[DP]  2.534893e-01
 iter:  99:1        |ddm|: 4.313825e-02     Tr[DP]  2.534835e-01
 iter:  99:2        |ddm|: 7.901713e-02     Tr[DP]  2.534862e-01
 iter: 100:1        |ddm|: 4.533829e-02     Tr[DP]  2.534826e-01
 iter: 100:2        |ddm|: 8.318014e-02     Tr[DP]  2.534851e-01
 iter: 101:1        |ddm|: 5.289429e-02     Tr[DP]  2.534805e-01
 iter: 101:2        |ddm|: 9.565456e-02     Tr[DP]  2.534817e-01
 iter: 102:1        |ddm|: 4.767554e-02     Tr[DP]  2.534790e-01
 iter: 102:2        |ddm|: 8.743882e-02     Tr[DP]  2.534794e-01
 iter: 103:1        |ddm|: 4.202571e-02     Tr[DP]  2.534775e-01
 iter: 103:2        |ddm|: 7.797239e-02     Tr[DP]  2.534780e-01
 iter: 104:1        |ddm|: 3.942278e-02     Tr[DP]  2.534760e-01
 iter: 104:2        |ddm|: 7.345617e-02     Tr[DP]  2.534769e-01
 iter: 105:1        |ddm|: 6.241659e-02     Tr[DP]  2.534718e-01
 iter: 105:2        |ddm|: 1.077617e-01     Tr[DP]  2.534703e-01
 iter: 106:1        |ddm|: 3.670324e-02     Tr[DP]  2.534709e-01
 iter: 106:2        |ddm|: 6.761189e-02     Tr[DP]  2.534695e-01
 iter: 107:1        |ddm|: 3.249556e-02     Tr[DP]  2.534688e-01
 iter: 107:2        |ddm|: 6.042328e-02     Tr[DP]  2.534686e-01
 iter: 108:1        |ddm|: 2.609765e-02     Tr[DP]  2.534682e-01
 iter: 108:2        |ddm|: 4.874922e-02     Tr[DP]  2.534699e-01
 iter: 109:1        |ddm|: 3.294640e-02     Tr[DP]  2.534673e-01
 iter: 109:2        |ddm|: 6.147862e-02     Tr[DP]  2.534698e-01
 iter: 110:1        |ddm|: 3.950918e-02     Tr[DP]  2.534667e-01
 iter: 110:2        |ddm|: 7.256732e-02     Tr[DP]  2.534687e-01
 iter: 111:1        |ddm|: 4.000724e-02     Tr[DP]  2.534661e-01
 iter: 111:2        |ddm|: 7.405758e-02     Tr[DP]  2.534676e-01
 iter: 112:1        |ddm|: 3.716565e-02     Tr[DP]  2.534656e-01
 iter: 112:2        |ddm|: 6.987037e-02     Tr[DP]  2.534670e-01
 iter: 113:1        |ddm|: 3.750676e-02     Tr[DP]  2.534649e-01
 iter: 113:2        |ddm|: 7.037765e-02     Tr[DP]  2.534663e-01
 iter: 114:1        |ddm|: 3.619603e-02     Tr[DP]  2.534644e-01
 iter: 114:2        |ddm|: 6.833776e-02     Tr[DP]  2.534658e-01
 iter: 115:1        |ddm|: 3.682225e-02     Tr[DP]  2.534638e-01
 iter: 115:2        |ddm|: 6.943916e-02     Tr[DP]  2.534650e-01
 iter: 116:1        |ddm|: 3.571661e-02     Tr[DP]  2.534633e-01
 iter: 116:2        |ddm|: 6.756833e-02     Tr[DP]  2.534646e-01
 iter: 117:1        |ddm|: 3.418966e-02     Tr[DP]  2.534630e-01
 iter: 117:2        |ddm|: 6.490001e-02     Tr[DP]  2.534644e-01
 iter: 118:1        |ddm|: 3.230144e-02     Tr[DP]  2.534628e-01
 iter: 118:2        |ddm|: 6.194029e-02     Tr[DP]  2.534647e-01
 iter: 119:1        |ddm|: 3.564565e-02     Tr[DP]  2.534626e-01
 iter: 119:2        |ddm|: 6.737685e-02     Tr[DP]  2.534643e-01
 iter: 120:1        |ddm|: 4.075401e-02     Tr[DP]  2.534619e-01
 iter: 120:2        |ddm|: 7.549479e-02     Tr[DP]  2.534629e-01
 iter: 121:1        |ddm|: 4.121151e-02     Tr[DP]  2.534612e-01
 iter: 121:2        |ddm|: 7.653079e-02     Tr[DP]  2.534611e-01
 iter: 122:1        |ddm|: 4.482812e-02     Tr[DP]  2.534596e-01
 iter: 122:2        |ddm|: 8.176644e-02     Tr[DP]  2.534583e-01
 iter: 123:1        |ddm|: 4.141109e-02     Tr[DP]  2.534580e-01
 iter: 123:2        |ddm|: 7.570484e-02     Tr[DP]  2.534554e-01
 iter: 124:1        |ddm|: 3.876781e-02     Tr[DP]  2.534558e-01
 iter: 124:2        |ddm|: 7.069092e-02     Tr[DP]  2.534524e-01
 iter: 125:1        |ddm|: 2.667099e-02     Tr[DP]  2.534542e-01
 iter: 125:2        |ddm|: 4.972127e-02     Tr[DP]  2.534514e-01
 iter: 126:1        |ddm|: 1.958332e-02     Tr[DP]  2.534529e-01
 iter: 126:2        |ddm|: 3.574842e-02     Tr[DP]  2.534516e-01
 iter: 127:1        |ddm|: 2.075563e-02     Tr[DP]  2.534518e-01
 iter: 127:2        |ddm|: 3.922388e-02     Tr[DP]  2.534516e-01
 iter: 128:1        |ddm|: 2.718812e-02     Tr[DP]  2.534510e-01
 iter: 128:2        |ddm|: 4.935392e-02     Tr[DP]  2.534508e-01
 iter: 129:1        |ddm|: 2.858715e-02     Tr[DP]  2.534502e-01
 iter: 129:2        |ddm|: 5.191029e-02     Tr[DP]  2.534498e-01
 iter: 130:1        |ddm|: 2.617824e-02     Tr[DP]  2.534494e-01
 iter: 130:2        |ddm|: 4.852176e-02     Tr[DP]  2.534490e-01
 iter: 131:1        |ddm|: 2.524909e-02     Tr[DP]  2.534486e-01
 iter: 131:2        |ddm|: 4.695864e-02     Tr[DP]  2.534483e-01
 iter: 132:1        |ddm|: 2.191065e-02     Tr[DP]  2.534481e-01
 iter: 132:2        |ddm|: 4.155230e-02     Tr[DP]  2.534482e-01
 iter: 133:1        |ddm|: 3.354463e-02     Tr[DP]  2.534469e-01
 iter: 133:2        |ddm|: 5.936127e-02     Tr[DP]  2.534461e-01
 iter: 134:1        |ddm|: 3.497837e-02     Tr[DP]  2.534455e-01
 iter: 134:2        |ddm|: 6.182319e-02     Tr[DP]  2.534434e-01
 iter: 135:1        |ddm|: 2.021178e-02     Tr[DP]  2.534445e-01
 iter: 135:2        |ddm|: 3.771388e-02     Tr[DP]  2.534429e-01
 iter: 136:1        |ddm|: 1.874723e-02     Tr[DP]  2.534433e-01
 iter: 136:2        |ddm|: 3.522729e-02     Tr[DP]  2.534425e-01
 iter: 137:1        |ddm|: 2.045159e-02     Tr[DP]  2.534425e-01
 iter: 137:2        |ddm|: 3.800580e-02     Tr[DP]  2.534420e-01
 iter: 138:1        |ddm|: 2.183524e-02     Tr[DP]  2.534418e-01
 iter: 138:2        |ddm|: 4.020658e-02     Tr[DP]  2.534413e-01
 iter: 139:1        |ddm|: 1.844005e-02     Tr[DP]  2.534413e-01
 iter: 139:2        |ddm|: 3.485974e-02     Tr[DP]  2.534413e-01
 iter: 140:1        |ddm|: 2.326612e-02     Tr[DP]  2.534407e-01
 iter: 140:2        |ddm|: 4.235716e-02     Tr[DP]  2.534404e-01
 iter: 141:1        |ddm|: 1.830201e-02     Tr[DP]  2.534404e-01
 iter: 141:2        |ddm|: 3.469372e-02     Tr[DP]  2.534405e-01
 iter: 142:1        |ddm|: 1.911321e-02     Tr[DP]  2.534400e-01
 iter: 142:2        |ddm|: 3.617568e-02     Tr[DP]  2.534404e-01
 iter: 143:1        |ddm|: 2.441400e-02     Tr[DP]  2.534396e-01
 iter: 143:2        |ddm|: 4.448021e-02     Tr[DP]  2.534395e-01
 iter: 144:1        |ddm|: 2.016379e-02     Tr[DP]  2.534393e-01
 iter: 144:2        |ddm|: 3.799957e-02     Tr[DP]  2.534393e-01
 iter: 145:1        |ddm|: 2.160175e-02     Tr[DP]  2.534389e-01
 iter: 145:2        |ddm|: 4.016031e-02     Tr[DP]  2.534386e-01
 iter: 146:1        |ddm|: 1.836656e-02     Tr[DP]  2.534385e-01
 iter: 146:2        |ddm|: 3.484247e-02     Tr[DP]  2.534385e-01
 iter: 147:1        |ddm|: 1.821913e-02     Tr[DP]  2.534382e-01
 iter: 147:2        |ddm|: 3.454597e-02     Tr[DP]  2.534384e-01
 iter: 148:1        |ddm|: 2.088386e-02     Tr[DP]  2.534379e-01
 iter: 148:2        |ddm|: 3.882954e-02     Tr[DP]  2.534379e-01
 iter: 149:1        |ddm|: 1.830391e-02     Tr[DP]  2.534377e-01
 iter: 149:2        |ddm|: 3.465882e-02     Tr[DP]  2.534378e-01
 iter: 150:1        |ddm|: 1.461611e-02     Tr[DP]  2.534377e-01
 iter: 150:2        |ddm|: 2.831601e-02     Tr[DP]  2.534383e-01
 iter: 151:1        |ddm|: 1.615002e-02     Tr[DP]  2.534377e-01
 iter: 151:2        |ddm|: 3.102885e-02     Tr[DP]  2.534387e-01
 iter: 152:1        |ddm|: 1.581240e-02     Tr[DP]  2.534380e-01
 iter: 152:2        |ddm|: 3.060124e-02     Tr[DP]  2.534395e-01
 iter: 153:1        |ddm|: 2.742121e-02     Tr[DP]  2.534379e-01
 iter: 153:2        |ddm|: 4.880972e-02     Tr[DP]  2.534384e-01
 iter: 154:1        |ddm|: 2.821162e-02     Tr[DP]  2.534377e-01
 iter: 154:2        |ddm|: 5.086226e-02     Tr[DP]  2.534369e-01
 iter: 155:1        |ddm|: 2.001920e-02     Tr[DP]  2.534382e-01
 iter: 155:2        |ddm|: 1.892299e-02     Tr[DP]  2.534406e-01
 iter: 156:1        |ddm|: 6.027856e-02     Tr[DP]  2.534367e-01
 iter: 156:2        |ddm|: 9.538240e-02     Tr[DP]  2.534351e-01
 iter: 157:1        |ddm|: 2.751134e-02     Tr[DP]  2.534365e-01
 iter: 157:2        |ddm|: 4.906983e-02     Tr[DP]  2.534332e-01
 iter: 158:1        |ddm|: 1.344000e-02     Tr[DP]  2.534352e-01
 iter: 158:2        |ddm|: 2.403260e-02     Tr[DP]  2.534327e-01
 iter: 159:1        |ddm|: 1.081046e-02     Tr[DP]  2.534340e-01
 iter: 159:2        |ddm|: 1.976958e-02     Tr[DP]  2.534324e-01
 iter: 160:1        |ddm|: 9.559473e-03     Tr[DP]  2.534334e-01
 iter: 160:2        |ddm|: 1.780662e-02     Tr[DP]  2.534325e-01
 iter: 161:1        |ddm|: 1.426800e-02     Tr[DP]  2.534330e-01
 iter: 161:2        |ddm|: 2.501932e-02     Tr[DP]  2.534320e-01
 iter: 162:1        |ddm|: 1.366490e-02     Tr[DP]  2.534324e-01
 iter: 162:2        |ddm|: 2.412558e-02     Tr[DP]  2.534315e-01
 iter: 163:1        |ddm|: 1.398683e-02     Tr[DP]  2.534317e-01
 iter: 163:2        |ddm|: 2.484755e-02     Tr[DP]  2.534308e-01
 iter: 164:1        |ddm|: 1.118578e-02     Tr[DP]  2.534311e-01
 iter: 164:2        |ddm|: 2.104792e-02     Tr[DP]  2.534305e-01
 iter: 165:1        |ddm|: 1.058060e-02     Tr[DP]  2.534307e-01
 iter: 165:2        |ddm|: 1.988256e-02     Tr[DP]  2.534304e-01
 iter: 166:1        |ddm|: 9.274696e-03     Tr[DP]  2.534304e-01
 iter: 166:2        |ddm|: 1.794856e-02     Tr[DP]  2.534307e-01
 iter: 167:1        |ddm|: 6.446344e-03     Tr[DP]  2.534307e-01
 iter: 167:2        |ddm|: 1.213160e-02     Tr[DP]  2.534318e-01
 iter: 168:1        |ddm|: 2.622231e-02     Tr[DP]  2.534307e-01
 iter: 168:2        |ddm|: 4.191374e-02     Tr[DP]  2.534303e-01
 iter: 169:1        |ddm|: 1.622936e-02     Tr[DP]  2.534302e-01
 iter: 169:2        |ddm|: 2.921503e-02     Tr[DP]  2.534293e-01
 iter: 170:1        |ddm|: 1.149328e-02     Tr[DP]  2.534296e-01
 iter: 170:2        |ddm|: 2.150977e-02     Tr[DP]  2.534288e-01
 iter: 171:1        |ddm|: 1.258038e-02     Tr[DP]  2.534290e-01
 iter: 171:2        |ddm|: 2.287984e-02     Tr[DP]  2.534282e-01
 iter: 172:1        |ddm|: 1.256608e-02     Tr[DP]  2.534285e-01
 iter: 172:2        |ddm|: 2.265779e-02     Tr[DP]  2.534275e-01
 iter: 173:1        |ddm|: 9.240649e-03     Tr[DP]  2.534279e-01
 iter: 173:2        |ddm|: 1.724277e-02     Tr[DP]  2.534272e-01
 iter: 174:1        |ddm|: 8.598033e-03     Tr[DP]  2.534275e-01
 iter: 174:2        |ddm|: 1.613822e-02     Tr[DP]  2.534271e-01
 iter: 175:1        |ddm|: 1.034696e-02     Tr[DP]  2.534272e-01
 iter: 175:2        |ddm|: 1.877264e-02     Tr[DP]  2.534268e-01
 iter: 176:1        |ddm|: 1.020978e-02     Tr[DP]  2.534269e-01
 iter: 176:2        |ddm|: 1.857712e-02     Tr[DP]  2.534264e-01
 iter: 177:1        |ddm|: 9.245610e-03     Tr[DP]  2.534266e-01
 iter: 177:2        |ddm|: 1.710045e-02     Tr[DP]  2.534262e-01
 iter: 178:1        |ddm|: 6.804104e-03     Tr[DP]  2.534263e-01
 iter: 178:2        |ddm|: 1.312293e-02     Tr[DP]  2.534264e-01
 iter: 179:1        |ddm|: 1.047005e-02     Tr[DP]  2.534262e-01
 iter: 179:2        |ddm|: 1.887946e-02     Tr[DP]  2.534262e-01
 iter: 180:1        |ddm|: 1.010028e-02     Tr[DP]  2.534261e-01
 iter: 180:2        |ddm|: 1.854601e-02     Tr[DP]  2.534260e-01
 iter: 181:1        |ddm|: 1.008079e-02     Tr[DP]  2.534259e-01
 iter: 181:2        |ddm|: 1.854255e-02     Tr[DP]  2.534257e-01
 iter: 182:1        |ddm|: 8.444450e-03     Tr[DP]  2.534258e-01
 iter: 182:2        |ddm|: 1.600390e-02     Tr[DP]  2.534257e-01
 iter: 183:1        |ddm|: 8.450256e-03     Tr[DP]  2.534256e-01
 iter: 183:2        |ddm|: 1.599106e-02     Tr[DP]  2.534256e-01
 iter: 184:1        |ddm|: 8.574334e-03     Tr[DP]  2.534255e-01
 iter: 184:2        |ddm|: 1.619512e-02     Tr[DP]  2.534256e-01
 iter: 185:1        |ddm|: 9.895349e-03     Tr[DP]  2.534255e-01
 iter: 185:2        |ddm|: 1.830400e-02     Tr[DP]  2.534254e-01
 iter: 186:1        |ddm|: 8.752594e-03     Tr[DP]  2.534254e-01
 iter: 186:2        |ddm|: 1.638411e-02     Tr[DP]  2.534254e-01
 iter: 187:1        |ddm|: 8.824939e-03     Tr[DP]  2.534253e-01
 iter: 187:2        |ddm|: 1.648183e-02     Tr[DP]  2.534252e-01
 iter: 188:1        |ddm|: 8.724602e-03     Tr[DP]  2.534252e-01
 iter: 188:2        |ddm|: 1.620321e-02     Tr[DP]  2.534251e-01
 iter: 189:1        |ddm|: 9.658945e-03     Tr[DP]  2.534250e-01
 iter: 189:2        |ddm|: 1.769435e-02     Tr[DP]  2.534248e-01
 iter: 190:1        |ddm|: 2.254606e-02     Tr[DP]  2.534247e-01
 iter: 190:2        |ddm|: 3.623416e-02     Tr[DP]  2.534229e-01
 iter: 191:1        |ddm|: 9.757452e-03     Tr[DP]  2.534241e-01
 iter: 191:2        |ddm|: 9.565753e-03     Tr[DP]  2.534235e-01
 iter: 192:1        |ddm|: 5.307603e-03     Tr[DP]  2.534237e-01
 iter: 192:2        |ddm|: 9.635738e-03     Tr[DP]  2.534235e-01
 iter: 193:1        |ddm|: 5.878825e-03     Tr[DP]  2.534236e-01
 iter: 193:2        |ddm|: 1.087479e-02     Tr[DP]  2.534236e-01
 iter: 194:1        |ddm|: 5.806856e-03     Tr[DP]  2.534236e-01
 iter: 194:2        |ddm|: 1.098164e-02     Tr[DP]  2.534237e-01
 iter: 195:1        |ddm|: 7.288999e-03     Tr[DP]  2.534236e-01
 iter: 195:2        |ddm|: 1.328041e-02     Tr[DP]  2.534236e-01
 iter: 196:1        |ddm|: 8.431250e-03     Tr[DP]  2.534235e-01
 iter: 196:2        |ddm|: 1.503265e-02     Tr[DP]  2.534234e-01
 iter: 197:1        |ddm|: 6.958243e-03     Tr[DP]  2.534234e-01
 iter: 197:2        |ddm|: 1.302007e-02     Tr[DP]  2.534233e-01
 iter: 198:1        |ddm|: 4.939773e-03     Tr[DP]  2.534233e-01
 iter: 198:2        |ddm|: 9.662883e-03     Tr[DP]  2.534234e-01
 iter: 199:1        |ddm|: 8.777285e-03     Tr[DP]  2.534232e-01
 iter: 199:2        |ddm|: 1.554695e-02     Tr[DP]  2.534231e-01
 iter: 200:1        |ddm|: 7.536143e-03     Tr[DP]  2.534231e-01
 iter: 200:2        |ddm|: 1.380653e-02     Tr[DP]  2.534229e-01
 iter: 201:1        |ddm|: 7.131253e-03     Tr[DP]  2.534230e-01
 iter: 201:2        |ddm|: 1.312890e-02     Tr[DP]  2.534227e-01
 iter: 202:1        |ddm|: 5.679878e-03     Tr[DP]  2.534228e-01
 iter: 202:2        |ddm|: 1.074866e-02     Tr[DP]  2.534226e-01
 iter: 203:1        |ddm|: 5.788827e-03     Tr[DP]  2.534227e-01
 iter: 203:2        |ddm|: 1.082919e-02     Tr[DP]  2.534225e-01
 iter: 204:1        |ddm|: 6.826801e-03     Tr[DP]  2.534226e-01
 iter: 204:2        |ddm|: 1.237384e-02     Tr[DP]  2.534223e-01
 iter: 205:1        |ddm|: 5.009416e-03     Tr[DP]  2.534224e-01
 iter: 205:2        |ddm|: 9.508966e-03     Tr[DP]  2.534223e-01
 iter: 206:1        |ddm|: 3.567070e-03     Tr[DP]  2.534223e-01
 iter: 206:2        |ddm|: 7.013129e-03     Tr[DP]  2.534225e-01
 iter: 207:1        |ddm|: 8.304180e-03     Tr[DP]  2.534224e-01
 iter: 207:2        |ddm|: 1.421415e-02     Tr[DP]  2.534223e-01
 iter: 208:1        |ddm|: 5.273497e-03     Tr[DP]  2.534223e-01
 iter: 208:2        |ddm|: 9.967066e-03     Tr[DP]  2.534222e-01
 iter: 209:1        |ddm|: 6.041124e-03     Tr[DP]  2.534222e-01
 iter: 209:2        |ddm|: 1.107501e-02     Tr[DP]  2.534221e-01
 iter: 210:1        |ddm|: 4.665217e-03     Tr[DP]  2.534221e-01
 iter: 210:2        |ddm|: 8.905231e-03     Tr[DP]  2.534220e-01
 iter: 211:1        |ddm|: 4.754070e-03     Tr[DP]  2.534220e-01
 iter: 211:2        |ddm|: 9.029958e-03     Tr[DP]  2.534221e-01
 iter: 212:1        |ddm|: 5.501302e-03     Tr[DP]  2.534220e-01
 iter: 212:2        |ddm|: 1.016426e-02     Tr[DP]  2.534220e-01
 iter: 213:1        |ddm|: 5.538986e-03     Tr[DP]  2.534220e-01
 iter: 213:2        |ddm|: 1.021176e-02     Tr[DP]  2.534219e-01
 iter: 214:1        |ddm|: 5.443143e-03     Tr[DP]  2.534219e-01
 iter: 214:2        |ddm|: 1.005188e-02     Tr[DP]  2.534218e-01
 iter: 215:1        |ddm|: 5.494669e-03     Tr[DP]  2.534218e-01
 iter: 215:2        |ddm|: 1.007135e-02     Tr[DP]  2.534216e-01
 iter: 216:1        |ddm|: 3.377609e-03     Tr[DP]  2.534217e-01
 iter: 216:2        |ddm|: 6.568411e-03     Tr[DP]  2.534218e-01
 iter: 217:1        |ddm|: 8.747056e-03     Tr[DP]  2.534217e-01
 iter: 217:2        |ddm|: 1.451640e-02     Tr[DP]  2.534213e-01
 iter: 218:1        |ddm|: 6.580469e-03     Tr[DP]  2.534215e-01
 iter: 218:2        |ddm|: 1.149111e-02     Tr[DP]  2.534208e-01
 iter: 219:1        |ddm|: 2.892848e-03     Tr[DP]  2.534212e-01
 iter: 219:2        |ddm|: 3.806648e-03     Tr[DP]  2.534210e-01
 iter: 220:1        |ddm|: 2.759601e-03     Tr[DP]  2.534210e-01
 iter: 220:2        |ddm|: 5.238242e-03     Tr[DP]  2.534210e-01
 iter: 221:1        |ddm|: 2.859375e-03     Tr[DP]  2.534210e-01
 iter: 221:2        |ddm|: 5.488779e-03     Tr[DP]  2.534212e-01
 iter: 222:1        |ddm|: 4.099073e-03     Tr[DP]  2.534211e-01
 iter: 222:2        |ddm|: 7.499644e-03     Tr[DP]  2.534212e-01
 iter: 223:1        |ddm|: 5.378404e-03     Tr[DP]  2.534211e-01
 iter: 223:2        |ddm|: 9.482034e-03     Tr[DP]  2.534211e-01
 iter: 224:1        |ddm|: 4.179722e-03     Tr[DP]  2.534211e-01
 iter: 224:2        |ddm|: 7.792703e-03     Tr[DP]  2.534210e-01
 iter: 225:1        |ddm|: 4.080145e-03     Tr[DP]  2.534210e-01
 iter: 225:2        |ddm|: 7.604445e-03     Tr[DP]  2.534210e-01
 iter: 226:1        |ddm|: 3.832305e-03     Tr[DP]  2.534210e-01
 iter: 226:2        |ddm|: 7.185226e-03     Tr[DP]  2.534209e-01
 iter: 227:1        |ddm|: 3.376141e-03     Tr[DP]  2.534209e-01
 iter: 227:2        |ddm|: 6.455579e-03     Tr[DP]  2.534209e-01
 iter: 228:1        |ddm|: 2.903613e-03     Tr[DP]  2.534209e-01
 iter: 228:2        |ddm|: 5.699650e-03     Tr[DP]  2.534210e-01
 iter: 229:1        |ddm|: 3.050304e-03     Tr[DP]  2.534210e-01
 iter: 229:2        |ddm|: 5.935278e-03     Tr[DP]  2.534212e-01
 iter: 230:1        |ddm|: 8.438972e-03     Tr[DP]  2.534210e-01
 iter: 230:2        |ddm|: 1.362930e-02     Tr[DP]  2.534207e-01
 iter: 231:1        |ddm|: 2.673856e-03     Tr[DP]  2.534208e-01
 iter: 231:2        |ddm|: 4.159228e-03     Tr[DP]  2.534208e-01
 iter: 232:1        |ddm|: 3.468943e-03     Tr[DP]  2.534208e-01
 iter: 232:2        |ddm|: 6.455586e-03     Tr[DP]  2.534208e-01
 iter: 233:1        |ddm|: 2.429816e-03     Tr[DP]  2.534208e-01
 iter: 233:2        |ddm|: 4.801038e-03     Tr[DP]  2.534209e-01
 iter: 234:1        |ddm|: 6.344262e-03     Tr[DP]  2.534208e-01
 iter: 234:2        |ddm|: 1.053688e-02     Tr[DP]  2.534206e-01
 iter: 235:1        |ddm|: 3.250868e-03     Tr[DP]  2.534207e-01
 iter: 235:2        |ddm|: 6.072053e-03     Tr[DP]  2.534206e-01
 iter: 236:1        |ddm|: 2.079284e-03     Tr[DP]  2.534206e-01
 iter: 236:2        |ddm|: 4.117835e-03     Tr[DP]  2.534206e-01
 iter: 237:1        |ddm|: 2.623756e-03     Tr[DP]  2.534206e-01
 iter: 237:2        |ddm|: 5.151674e-03     Tr[DP]  2.534207e-01
 iter: 238:1        |ddm|: 5.165488e-03     Tr[DP]  2.534207e-01
 iter: 238:2        |ddm|: 8.745708e-03     Tr[DP]  2.534205e-01
 iter: 239:1        |ddm|: 6.990692e-03     Tr[DP]  2.534206e-01
 iter: 239:2        |ddm|: 1.135195e-02     Tr[DP]  2.534200e-01
 iter: 240:1        |ddm|: 2.520571e-03     Tr[DP]  2.534203e-01
 iter: 240:2        |ddm|: 2.920910e-03     Tr[DP]  2.534201e-01
 iter: 241:1        |ddm|: 1.400817e-03     Tr[DP]  2.534202e-01
 iter: 241:2        |ddm|: 2.561244e-03     Tr[DP]  2.534202e-01
 iter: 242:1        |ddm|: 2.076637e-03     Tr[DP]  2.534202e-01
 iter: 242:2        |ddm|: 3.828827e-03     Tr[DP]  2.534202e-01
 iter: 243:1        |ddm|: 2.720239e-03     Tr[DP]  2.534202e-01
 iter: 243:2        |ddm|: 4.920002e-03     Tr[DP]  2.534202e-01
 iter: 244:1        |ddm|: 2.643939e-03     Tr[DP]  2.534202e-01
 iter: 244:2        |ddm|: 4.884596e-03     Tr[DP]  2.534202e-01
 iter: 245:1        |ddm|: 3.181436e-03     Tr[DP]  2.534202e-01
 iter: 245:2        |ddm|: 5.700783e-03     Tr[DP]  2.534201e-01
 iter: 246:1        |ddm|: 2.637906e-03     Tr[DP]  2.534202e-01
 iter: 246:2        |ddm|: 4.890910e-03     Tr[DP]  2.534201e-01
 iter: 247:1        |ddm|: 2.434552e-03     Tr[DP]  2.534201e-01
 iter: 247:2        |ddm|: 4.546561e-03     Tr[DP]  2.534201e-01
 iter: 248:1        |ddm|: 2.152006e-03     Tr[DP]  2.534201e-01
 iter: 248:2        |ddm|: 4.087570e-03     Tr[DP]  2.534201e-01
 iter: 249:1        |ddm|: 1.602111e-03     Tr[DP]  2.534201e-01
 iter: 249:2        |ddm|: 3.137505e-03     Tr[DP]  2.534202e-01
 iter: 250:1        |ddm|: 2.716612e-03     Tr[DP]  2.534201e-01
 iter: 250:2        |ddm|: 4.929625e-03     Tr[DP]  2.534202e-01
 iter: 251:1        |ddm|: 2.586253e-03     Tr[DP]  2.534201e-01
 iter: 251:2        |ddm|: 4.797839e-03     Tr[DP]  2.534202e-01
 iter: 252:1        |ddm|: 2.210706e-03     Tr[DP]  2.534201e-01
 iter: 252:2        |ddm|: 4.225829e-03     Tr[DP]  2.534202e-01
 iter: 253:1        |ddm|: 2.632318e-03     Tr[DP]  2.534201e-01
 iter: 253:2        |ddm|: 4.865926e-03     Tr[DP]  2.534201e-01
 iter: 254:1        |ddm|: 3.665528e-03     Tr[DP]  2.534201e-01
 iter: 254:2        |ddm|: 6.390964e-03     Tr[DP]  2.534200e-01
 iter: 255:1        |ddm|: 2.220749e-03     Tr[DP]  2.534201e-01
 iter: 255:2        |ddm|: 4.171144e-03     Tr[DP]  2.534199e-01
 iter: 256:1        |ddm|: 1.707429e-03     Tr[DP]  2.534200e-01
 iter: 256:2        |ddm|: 3.294712e-03     Tr[DP]  2.534199e-01
 iter: 257:1        |ddm|: 1.644813e-03     Tr[DP]  2.534200e-01
 iter: 257:2        |ddm|: 3.166350e-03     Tr[DP]  2.534200e-01
 iter: 258:1        |ddm|: 2.456041e-03     Tr[DP]  2.534200e-01
 iter: 258:2        |ddm|: 4.410189e-03     Tr[DP]  2.534199e-01
 iter: 259:1        |ddm|: 1.886776e-03     Tr[DP]  2.534200e-01
 iter: 259:2        |ddm|: 3.560974e-03     Tr[DP]  2.534199e-01
 iter: 260:1        |ddm|: 1.875241e-03     Tr[DP]  2.534199e-01
 iter: 260:2        |ddm|: 3.536401e-03     Tr[DP]  2.534199e-01
 iter: 261:1        |ddm|: 1.988258e-03     Tr[DP]  2.534199e-01
 iter: 261:2        |ddm|: 3.696616e-03     Tr[DP]  2.534199e-01
 iter: 262:1        |ddm|: 1.525602e-03     Tr[DP]  2.534199e-01
 iter: 262:2        |ddm|: 1.392116e-03     Tr[DP]  2.534202e-01
 iter: 263:1        |ddm|: 1.865211e-03     Tr[DP]  2.534200e-01
 iter: 263:2        |ddm|: 3.428613e-03     Tr[DP]  2.534203e-01
 iter: 264:1        |ddm|: 4.612056e-03     Tr[DP]  2.534202e-01
 iter: 264:2        |ddm|: 7.555074e-03     Tr[DP]  2.534202e-01
 iter: 265:1        |ddm|: 3.039300e-03     Tr[DP]  2.534202e-01
 iter: 265:2        |ddm|: 5.484609e-03     Tr[DP]  2.534201e-01
 iter: 266:1        |ddm|: 2.688138e-03     Tr[DP]  2.534201e-01
 iter: 266:2        |ddm|: 4.887596e-03     Tr[DP]  2.534199e-01
 iter: 267:1        |ddm|: 1.875301e-03     Tr[DP]  2.534200e-01
 iter: 267:2        |ddm|: 3.501387e-03     Tr[DP]  2.534198e-01
 iter: 268:1        |ddm|: 2.041199e-03     Tr[DP]  2.534199e-01
 iter: 268:2        |ddm|: 3.695775e-03     Tr[DP]  2.534198e-01
 iter: 269:1        |ddm|: 1.189500e-03     Tr[DP]  2.534199e-01
 iter: 269:2        |ddm|: 2.211411e-03     Tr[DP]  2.534197e-01
 iter: 270:1        |ddm|: 1.161730e-03     Tr[DP]  2.534198e-01
 iter: 270:2        |ddm|: 2.214818e-03     Tr[DP]  2.534198e-01
 iter: 271:1        |ddm|: 1.348779e-03     Tr[DP]  2.534198e-01
 iter: 271:2        |ddm|: 2.538097e-03     Tr[DP]  2.534198e-01
 iter: 272:1        |ddm|: 1.410523e-03     Tr[DP]  2.534198e-01
 iter: 272:2        |ddm|: 2.530554e-03     Tr[DP]  2.534198e-01
 iter: 273:1        |ddm|: 1.410894e-03     Tr[DP]  2.534198e-01
 iter: 273:2        |ddm|: 2.630118e-03     Tr[DP]  2.534198e-01
 iter: 274:1        |ddm|: 1.821006e-03     Tr[DP]  2.534198e-01
 iter: 274:2        |ddm|: 3.262470e-03     Tr[DP]  2.534197e-01
 iter: 275:1        |ddm|: 1.641105e-03     Tr[DP]  2.534197e-01
 iter: 275:2        |ddm|: 2.983770e-03     Tr[DP]  2.534197e-01
 iter: 276:1        |ddm|: 9.321391e-04     Tr[DP]  2.534197e-01
 iter: 276:2        |ddm|: 1.798408e-03     Tr[DP]  2.534197e-01
 iter: 277:1        |ddm|: 1.234093e-03     Tr[DP]  2.534197e-01
 iter: 277:2        |ddm|: 2.333424e-03     Tr[DP]  2.534198e-01
 iter: 278:1        |ddm|: 1.576659e-03     Tr[DP]  2.534197e-01
 iter: 278:2        |ddm|: 2.878268e-03     Tr[DP]  2.534198e-01
 iter: 279:1        |ddm|: 2.093437e-03     Tr[DP]  2.534197e-01
 iter: 279:2        |ddm|: 3.662870e-03     Tr[DP]  2.534197e-01
 iter: 280:1        |ddm|: 1.265287e-03     Tr[DP]  2.534197e-01
 iter: 280:2        |ddm|: 2.382599e-03     Tr[DP]  2.534197e-01
 iter: 281:1        |ddm|: 1.608638e-03     Tr[DP]  2.534197e-01
 iter: 281:2        |ddm|: 2.898208e-03     Tr[DP]  2.534196e-01
 iter: 282:1        |ddm|: 1.480399e-03     Tr[DP]  2.534196e-01
 iter: 282:2        |ddm|: 2.675562e-03     Tr[DP]  2.534195e-01
 iter: 283:1        |ddm|: 1.049830e-03     Tr[DP]  2.534196e-01
 iter: 283:2        |ddm|: 1.972848e-03     Tr[DP]  2.534195e-01
 iter: 284:1        |ddm|: 9.469944e-04     Tr[DP]  2.534196e-01
 iter: 284:2        |ddm|: 1.797033e-03     Tr[DP]  2.534195e-01
 iter: 285:1        |ddm|: 9.637677e-04     Tr[DP]  2.534195e-01
 iter: 285:2        |ddm|: 1.817406e-03     Tr[DP]  2.534195e-01
 iter: 286:1        |ddm|: 9.650704e-04     Tr[DP]  2.534195e-01
 iter: 286:2        |ddm|: 1.830530e-03     Tr[DP]  2.534196e-01
 iter: 287:1        |ddm|: 1.147911e-03     Tr[DP]  2.534195e-01
 iter: 287:2        |ddm|: 2.115514e-03     Tr[DP]  2.534196e-01
 iter: 288:1        |ddm|: 1.280334e-03     Tr[DP]  2.534195e-01
 iter: 288:2        |ddm|: 2.327491e-03     Tr[DP]  2.534195e-01
 iter: 289:1        |ddm|: 1.131066e-03     Tr[DP]  2.534195e-01
 iter: 289:2        |ddm|: 2.099460e-03     Tr[DP]  2.534195e-01
 iter: 290:1        |ddm|: 1.301192e-03     Tr[DP]  2.534195e-01
 iter: 290:2        |ddm|: 2.351505e-03     Tr[DP]  2.534195e-01
 iter: 291:1        |ddm|: 9.711071e-04     Tr[DP]  2.534195e-01
 iter: 291:2        |ddm|: 1.843840e-03     Tr[DP]  2.534195e-01
 iter: 292:1        |ddm|: 1.473987e-03     Tr[DP]  2.534195e-01
 iter: 292:2        |ddm|: 2.570067e-03     Tr[DP]  2.534194e-01
 iter: 293:1        |ddm|: 8.682294e-04     Tr[DP]  2.534195e-01
 iter: 293:2        |ddm|: 1.644169e-03     Tr[DP]  2.534194e-01
 iter: 294:1        |ddm|: 8.817211e-04     Tr[DP]  2.534194e-01
 iter: 294:2        |ddm|: 1.652599e-03     Tr[DP]  2.534194e-01
 iter: 295:1        |ddm|: 9.443830e-04     Tr[DP]  2.534194e-01
 iter: 295:2        |ddm|: 1.737258e-03     Tr[DP]  2.534194e-01
 iter: 296:1        |ddm|: 8.673024e-04     Tr[DP]  2.534194e-01
 iter: 296:2        |ddm|: 1.617569e-03     Tr[DP]  2.534194e-01
 iter: 297:1        |ddm|: 9.468582e-04     Tr[DP]  2.534194e-01
 iter: 297:2        |ddm|: 1.734140e-03     Tr[DP]  2.534194e-01
 iter: 298:1        |ddm|: 8.731131e-04     Tr[DP]  2.534194e-01
 iter: 298:2        |ddm|: 1.622138e-03     Tr[DP]  2.534194e-01
 iter: 299:1        |ddm|: 9.734429e-04     Tr[DP]  2.534194e-01
 iter: 299:2        |ddm|: 1.766605e-03     Tr[DP]  2.534193e-01
 iter: 300:1        |ddm|: 7.376952e-04     Tr[DP]  2.534194e-01
 iter: 300:2        |ddm|: 1.402667e-03     Tr[DP]  2.534193e-01
                         Freeze-and-Thaw NOT converged!                         

=================== Subsystem 1 at higher mean-field method ====================
  subiter:   1      |ddm|: 7.142160e+00
  subiter:   2      |ddm|: 1.870453e+00
  subiter:   3      |ddm|: 3.985997e-01
  subiter:   4      |ddm|: 1.481202e-01
  subiter:   5      |ddm|: 2.268193e-02
  subiter:   6      |ddm|: 7.132940e-03
  subiter:   7      |ddm|: 4.409655e-03
  subiter:   8      |ddm|: 1.223244e-03
  subiter:   9      |ddm|: 5.657383e-04
  subiter:  10      |ddm|: 2.228533e-04
  subiter:  11      |ddm|: 9.662659e-05
  subiter:  12      |ddm|: 3.386058e-05
  subiter:  13      |ddm|: 4.738949e-06
  subiter:  14      |ddm|: 2.542885e-06
  subiter:  15      |ddm|: 1.012329e-06
  subiter:  16      |ddm|: 2.004572e-07
  subiter:  17      |ddm|: 6.777658e-08
  subiter:  18      |ddm|: 4.004704e-08
  subiter:  19      |ddm|: 2.970502e-08
  subiter:  20      |ddm|: 5.428277e-08
  subiter:  21      |ddm|: 8.832711e-08
  subiter:  22      |ddm|: 1.673428e-08
  subiter:  23      |ddm|: 1.027907e-08
  subiter:  24      |ddm|: 6.449239e-09


******** <class 'pyscf.scf.hf.RHF'> flags ********
method = RHF
initial guess = minao
damping factor = 0
level shift factor = 0
DIIS = <class 'pyscf.scf.diis.CDIIS'>
DIIS start cycle = 1
DIIS space = 8
SCF tol = 1e-09
SCF gradient tol = None
max. SCF cycles = 100
direct_scf = True
direct_scf_tol = 1e-13
chkfile to save SCF result = /panfs/roc/scratch/graha682/D135/201712_augccpVDZ_NEVPT2_m06_135_4c12h24/tmpuR9MXc
max_memory 4000 MB (current use 1227 MB)
Set gradient conv threshold to 3.16228e-05
init E= -153.991338440894
  HOMO = -0.317649530584164  LUMO = 0.0443269014885762
cycle= 1 E= -153.991338440895  delta_E= -1.14e-12  |g|= 1.24e-09  |ddm|= 2.49e-08
  HOMO = -0.317649530517498  LUMO = 0.0443269014869666
Extra cycle  E= -153.991338440895  delta_E= 3.41e-13  |g|= 6.95e-10  |ddm|= 8.84e-09
converged SCF energy = -153.991338440895


******** <class 'pyscf.dft.rks.RKS'> flags ********
method = RKS
initial guess = atom
damping factor = 0
level shift factor = 0.0
DIIS = <class 'pyscf.scf.diis.CDIIS'>
DIIS start cycle = 1
DIIS space = 8
SCF tol = 1e-08
SCF gradient tol = 1e-08
max. SCF cycles = 1
direct_scf = True
direct_scf_tol = 1e-13
chkfile to save SCF result = /panfs/roc/scratch/graha682/D135/201712_augccpVDZ_NEVPT2_m06_135_4c12h24/tmptR2ftz
max_memory 4000 MB (current use 1228 MB)
XC functionals = m06
small_rho_cutoff = 1e-20
radial grids: Treutler-Ahlrichs (JCP 102, 346 (M4)) radial grids
becke partition: Becke, JCP, 88, 2547 (1988)
pruning grids: <function nwchem_prune at 0x15ae5f0>
grids dens level: 4
symmetrized grids: False
atomic radii adjust function: <function treutler_atomic_radii_adjust at 0x15ae488>
init E= -155.066537713361
  HOMO = -0.233841299836684  LUMO = -0.0317773895117143
cycle= 1 E= -155.066537713729  delta_E= -3.68e-10  |g|= 1.89e-05  |ddm|= 0.00088
  HOMO = -0.233841508542283  LUMO = -0.0317772866533432
Extra cycle  E= -155.066537713603  delta_E= 1.26e-10  |g|= 3.16e-05  |ddm|= 0.000544
SCF not converged.
SCF energy = -155.066537713603 after 1 cycles
 iter: 301:1        |ddm|: 8.246940e+00     Tr[DP]  3.279556e-01

******** <class 'pyscf.mcscf.mc1step.CASSCF'> flags ********
CAS (1e+1e, 2o), ncore = 14, nvir = 130
max_cycle_macro = 50
max_cycle_micro = 4
conv_tol = 1e-07
conv_tol_grad = None
orbital rotation max_stepsize = 0.02
augmented hessian ah_max_cycle = 30
augmented hessian ah_conv_tol = 1e-12
augmented hessian ah_linear dependence = 1e-14
augmented hessian ah_level shift = 0
augmented hessian ah_start_tol = 2.5
augmented hessian ah_start_cycle = 3
augmented hessian ah_grad_trust_region = 3
kf_trust_region = 3
kf_interval = 4
ci_response_space = 4
ci_grad_trust_region = 3
with_dep4 0
natorb = False
canonicalization = True
sorting_mo_energy = False
chkfile = /panfs/roc/scratch/graha682/D135/201712_augccpVDZ_NEVPT2_m06_135_4c12h24/tmpuR9MXc
max_memory 4000 MB (current use 1225 MB)
internal_rotation = False
******** <class 'pyscf.fci.direct_spin1.FCISolver'> flags ********
max. cycles = 50
conv_tol = 1e-08
davidson only = False
linear dependence = 1e-10
level shift = 0.001
max iter space = 12
max_memory 4000 MB
nroots = 1
pspace_size = 400
spin = None
CASCI E = -153.991338877195  S^2 = 0.0000000
Set conv_tol_grad to 0.000316228
macro iter 1 (1 JK  1 micro), CASSCF E = -153.991338877195  dE = 3.126388e-13  S^2 = 0.0000000
               |grad[o]|=7.55e-06  |grad[c]|= 1.6295137411e-14  |ddm|=    0
1-step CASSCF converged in 1 macro (1 JK 1 micro) steps
CASSCF canonicalization
CASSCF energy = -153.991338877195
Hartree-Fock Energy:  -153.99133844089471
CAS Correlation:       -0.00000043630033
CAS Energy:          -153.99133887719503
Sr    (-1)',   E = -0.00002711902980
Si    (+1)',   E = -0.00000036395698
Sijrs (0)  ,   E = -0.47010254074218
Sijr  (+1) ,   E = -0.00099346900676
Srsi  (-1) ,   E = -0.11132806452707
Srs   (-2) ,   E = -0.01469833287044
Sij   (+2) ,   E = -0.00000379610646
Sir   (0)' ,   E = -0.00036371910329
Nevpt2 Energy = -0.597517405342979
NEVPT2 =   -0.597517405342979
Total NEVPT2 = -154.588856282538018

============================== Supermolecular DFT ==============================
  subiter:   1      |ddm|: 1.338168e+02
  subiter:   2      |ddm|: 2.871877e+00
  subiter:   3      |ddm|: 9.470755e-01
  subiter:   4      |ddm|: 1.774286e-01
  subiter:   5      |ddm|: 8.104586e-02
  subiter:   6      |ddm|: 2.006561e-02
  subiter:   7      |ddm|: 6.246682e-03
  subiter:   8      |ddm|: 4.254744e-03
  subiter:   9      |ddm|: 7.579338e-04
  subiter:  10      |ddm|: 2.854729e-04
  subiter:  11      |ddm|: 7.611614e-05
  subiter:  12      |ddm|: 4.079841e-05
  subiter:  13      |ddm|: 1.000999e-05
  subiter:  14      |ddm|: 7.480401e-06
  subiter:  15      |ddm|: 1.393705e-06
  subiter:  16      |ddm|: 4.382345e-07
  subiter:  17      |ddm|: 3.839224e-07
  subiter:  18      |ddm|: 7.719074e-08
  subiter:  19      |ddm|: 9.879933e-08
  subiter:  20      |ddm|: 4.066162e-08
  subiter:  21      |ddm|: 3.430557e-08
  subiter:  22      |ddm|: 4.820587e-08
  subiter:  23      |ddm|: 3.800110e-08
  subiter:  24      |ddm|: 3.525088e-08
  subiter:  25      |ddm|: 3.069003e-08
  subiter:  26      |ddm|: 3.236349e-08
  subiter:  27      |ddm|: 3.705568e-08
  subiter:  28      |ddm|: 3.077935e-08
  subiter:  29      |ddm|: 4.664752e-08
  subiter:  30      |ddm|: 3.894302e-08
  subiter:  31      |ddm|: 2.603555e-08
  subiter:  32      |ddm|: 3.495621e-08
  subiter:  33      |ddm|: 4.496122e-08
  subiter:  34      |ddm|: 3.603079e-08
  subiter:  35      |ddm|: 4.325678e-08
  subiter:  36      |ddm|: 2.157965e-08
  subiter:  37      |ddm|: 3.896340e-08
  subiter:  38      |ddm|: 2.749914e-08
  subiter:  39      |ddm|: 5.024971e-08
  subiter:  40      |ddm|: 3.078654e-08
  subiter:  41      |ddm|: 4.305812e-08
  subiter:  42      |ddm|: 2.950737e-08
  subiter:  43      |ddm|: 4.641468e-08
  subiter:  44      |ddm|: 3.121134e-08
  subiter:  45      |ddm|: 4.215370e-08
  subiter:  46      |ddm|: 2.818108e-08
  subiter:  47      |ddm|: 4.796250e-08
  subiter:  48      |ddm|: 3.269920e-08
  subiter:  49      |ddm|: 3.770671e-08
  subiter:  50      |ddm|: 4.489631e-08
  subiter:  51      |ddm|: 4.314965e-08
  subiter:  52      |ddm|: 2.645996e-08
  subiter:  53      |ddm|: 3.281206e-08
  subiter:  54      |ddm|: 3.886146e-08
  subiter:  55      |ddm|: 3.300723e-08
  subiter:  56      |ddm|: 2.784566e-08
  subiter:  57      |ddm|: 3.248086e-08
  subiter:  58      |ddm|: 3.913453e-08
  subiter:  59      |ddm|: 2.846565e-08
  subiter:  60      |ddm|: 5.172395e-08
  subiter:  61      |ddm|: 3.214766e-08
  subiter:  62      |ddm|: 3.912767e-08
  subiter:  63      |ddm|: 4.335888e-08
  subiter:  64      |ddm|: 3.577242e-08
  subiter:  65      |ddm|: 3.626789e-08
  subiter:  66      |ddm|: 5.572561e-08
  subiter:  67      |ddm|: 3.217523e-08
  subiter:  68      |ddm|: 3.281385e-08
  subiter:  69      |ddm|: 2.763181e-08
  subiter:  70      |ddm|: 2.777425e-08
  subiter:  71      |ddm|: 3.879182e-08
  subiter:  72      |ddm|: 3.915524e-08
  subiter:  73      |ddm|: 3.562918e-08
  subiter:  74      |ddm|: 3.695172e-08
  subiter:  75      |ddm|: 3.192403e-08
  subiter:  76      |ddm|: 3.417684e-08
  subiter:  77      |ddm|: 2.655357e-08
  subiter:  78      |ddm|: 4.560515e-08
  subiter:  79      |ddm|: 2.983213e-08
  subiter:  80      |ddm|: 3.839575e-08
  subiter:  81      |ddm|: 3.097678e-08
  subiter:  82      |ddm|: 1.934986e-08
  subiter:  83      |ddm|: 3.928527e-08
  subiter:  84      |ddm|: 3.147191e-08
  subiter:  85      |ddm|: 2.958704e-08
  subiter:  86      |ddm|: 4.580057e-08
  subiter:  87      |ddm|: 4.113837e-08
  subiter:  88      |ddm|: 4.081756e-08
  subiter:  89      |ddm|: 5.161769e-08
  subiter:  90      |ddm|: 3.103098e-08
  subiter:  91      |ddm|: 4.305247e-08
  subiter:  92      |ddm|: 4.340950e-08
  subiter:  93      |ddm|: 3.513171e-08
  subiter:  94      |ddm|: 4.735490e-08
  subiter:  95      |ddm|: 3.976393e-08
  subiter:  96      |ddm|: 2.355407e-08
  subiter:  97      |ddm|: 3.143076e-08
  subiter:  98      |ddm|: 5.399081e-08
  subiter:  99      |ddm|: 3.792666e-08
  subiter: 100      |ddm|: 4.053986e-08


******** <class 'pyscf.dft.rks.RKS'> flags ********
method = RKS
initial guess = atom
damping factor = 0
level shift factor = 0.0
DIIS = <class 'pyscf.scf.diis.CDIIS'>
DIIS start cycle = 1
DIIS space = 8
SCF tol = 1e-08
SCF gradient tol = 1e-08
max. SCF cycles = 100
direct_scf = True
direct_scf_tol = 1e-13
chkfile to save SCF result = /panfs/roc/scratch/graha682/D135/201712_augccpVDZ_NEVPT2_m06_135_4c12h24/tmpyUuqHD
max_memory 4000 MB (current use 1285 MB)
XC functionals = m06
small_rho_cutoff = 1e-20
radial grids: Treutler-Ahlrichs (JCP 102, 346 (M4)) radial grids
becke partition: Becke, JCP, 88, 2547 (1988)
pruning grids: <function nwchem_prune at 0x15ae5f0>
grids dens level: 4
symmetrized grids: False
atomic radii adjust function: <function treutler_atomic_radii_adjust at 0x15ae488>
init E= -471.318680991168
  HOMO = -0.221695183134908  LUMO = -0.04028896479984
cycle= 1 E= -471.31868099117  delta_E= -2.27e-12  |g|= 1.41e-09  |ddm|= 1.5e-07
  HOMO = -0.221695183135094  LUMO = -0.0402889647951142
Extra cycle  E= -471.318680991159  delta_E= 1.14e-11  |g|= 4.05e-09  |ddm|= 7.37e-07
converged SCF energy = -471.318680991159
Supermolecular DFT   -471.31868099116787

============================== Embedding Energies ==============================
Subsystem DFT              -155.06653771360368
Interaction                -315.92143367080655
DFT-in-DFT                 -470.98797138441023
Supermolecular DFT         -471.31868099116787
Difference                   -0.33070960675764
Corrected DFT-in-DFT       -471.31868099116787
WF-in-DFT                  -470.51028995334457
Corrected WF-in-DFT        -470.84099956010220
================================================================================
TIMING STATISTICS:
     overlap integrals      0.07s   ( 0.00%)
    initial subsystems      0.13s   ( 0.00%)
           2e matrices  26690.14s   (73.92%)
      tot. embed. of 1  26736.74s   (74.05%)
      tot. embed. of 2      7.05s   ( 0.02%)
       freeze and thaw  26743.83s   (74.07%)
                   cas      0.93s   ( 0.00%)
                nevpt2      0.54s   ( 0.00%)
  interaction energies   9360.69s   (25.92%)
                 TOTAL  36107.76s
================================================================================

********************************************************************************
*                              END OF CALCULATION                              *
********************************************************************************
