********************************************************************************
*                         FREEZE-AND-THAW CALCULATION                          *
********************************************************************************

================================== Input File ==================================

subsystem
C          3.15317       -0.23738        0.00019
H          3.51666       -1.25785        0.00029
H          3.89561        0.55157        0.00044
C          1.87142        0.03164       -0.00008
C          0.64137        0.29082       -0.00038
C         -0.64897        0.56587       -0.00003
H         -0.96465        1.60768        0.00017
charge -1
end

subsystem
C         -1.69321       -0.42887       -0.00005
H         -1.37362       -1.46581       -0.00038
C         -2.98979       -0.12900        0.00018
H         -3.32626        0.90149        0.00047
H         -3.75168       -0.89552        0.00006
charge +1
end

embed
 huzinaga
 cycles 1000
 conv 1e-6
 method m06
end

basis cc-pVTZ
method ccsd(t)
grid 4
conv 1e-8
grad 1e-8
maxiter 100
================================== End Input ===================================
tot grids = 265536

                      Getting subsystem overlap integrals                       

                          Initial subsystem densities                           
Guessing initial subsystem densities
Initial guess from superpostion of atomic densties.
Guessing initial subsystem densities
Initial guess from superpostion of atomic densties.

=========================== Starting Freeze-and-Thaw ===========================
 iter:   1:1        |ddm|: 9.894665e+00     Tr[DP]  3.889795e-01
 iter:   1:2        |ddm|: 3.355348e+00     Tr[DP]  2.373238e-01
 iter:   2:1        |ddm|: 2.760433e+02     Tr[DP]  2.096763e-01
 iter:   2:2        |ddm|: 2.029865e+00     Tr[DP]  1.665317e-01
 iter:   3:1        |ddm|: 2.719658e+02     Tr[DP]  1.086832e-01
 iter:   3:2        |ddm|: 1.468054e+00     Tr[DP]  1.345802e-01
 iter:   4:1        |ddm|: 2.006932e+00     Tr[DP]  1.163429e-01
 iter:   4:2        |ddm|: 4.455060e-01     Tr[DP]  1.394726e-01
 iter:   5:1        |ddm|: 9.725874e-01     Tr[DP]  1.198430e-01
 iter:   5:2        |ddm|: 2.138651e-01     Tr[DP]  1.342832e-01
 iter:   6:1        |ddm|: 1.124443e+00     Tr[DP]  1.239580e-01
 iter:   6:2        |ddm|: 2.109589e-01     Tr[DP]  1.329628e-01
 iter:   7:1        |ddm|: 7.670397e-01     Tr[DP]  1.263682e-01
 iter:   7:2        |ddm|: 1.019870e-01     Tr[DP]  1.333527e-01
 iter:   8:1        |ddm|: 4.440762e-01     Tr[DP]  1.273698e-01
 iter:   8:2        |ddm|: 7.614580e-02     Tr[DP]  1.328932e-01
 iter:   9:1        |ddm|: 3.014193e-01     Tr[DP]  1.284490e-01
 iter:   9:2        |ddm|: 5.773172e-02     Tr[DP]  1.325986e-01
 iter:  10:1        |ddm|: 1.843054e-01     Tr[DP]  1.291223e-01
 iter:  10:2        |ddm|: 4.542375e-02     Tr[DP]  1.323618e-01
 iter:  11:1        |ddm|: 1.300394e-01     Tr[DP]  1.297243e-01
 iter:  11:2        |ddm|: 3.372497e-02     Tr[DP]  1.322422e-01
 iter:  12:1        |ddm|: 8.133988e-02     Tr[DP]  1.301424e-01
 iter:  12:2        |ddm|: 2.829645e-02     Tr[DP]  1.320871e-01
 iter:  13:1        |ddm|: 5.194735e-02     Tr[DP]  1.304315e-01
 iter:  13:2        |ddm|: 2.357314e-02     Tr[DP]  1.320092e-01
 iter:  14:1        |ddm|: 5.289752e-02     Tr[DP]  1.307468e-01
 iter:  14:2        |ddm|: 1.634536e-02     Tr[DP]  1.319162e-01
 iter:  15:1        |ddm|: 2.850570e-02     Tr[DP]  1.309139e-01
 iter:  15:2        |ddm|: 1.503971e-02     Tr[DP]  1.318443e-01
 iter:  16:1        |ddm|: 2.129516e-02     Tr[DP]  1.310566e-01
 iter:  16:2        |ddm|: 1.185020e-02     Tr[DP]  1.318030e-01
 iter:  17:1        |ddm|: 2.396286e-02     Tr[DP]  1.312077e-01
 iter:  17:2        |ddm|: 8.171021e-03     Tr[DP]  1.317610e-01
 iter:  18:1        |ddm|: 1.490630e-02     Tr[DP]  1.312939e-01
 iter:  18:2        |ddm|: 6.747478e-03     Tr[DP]  1.317267e-01
 iter:  19:1        |ddm|: 9.495210e-03     Tr[DP]  1.313566e-01
 iter:  19:2        |ddm|: 5.676525e-03     Tr[DP]  1.317019e-01
 iter:  20:1        |ddm|: 8.660143e-03     Tr[DP]  1.314166e-01
 iter:  20:2        |ddm|: 4.258275e-03     Tr[DP]  1.316834e-01
 iter:  21:1        |ddm|: 4.265489e-03     Tr[DP]  1.314479e-01
 iter:  21:2        |ddm|: 3.982679e-03     Tr[DP]  1.316712e-01
 iter:  22:1        |ddm|: 8.627472e-03     Tr[DP]  1.315025e-01
 iter:  22:2        |ddm|: 2.151479e-03     Tr[DP]  1.316576e-01
 iter:  23:1        |ddm|: 6.109008e-03     Tr[DP]  1.315316e-01
 iter:  23:2        |ddm|: 1.601920e-03     Tr[DP]  1.316453e-01
 iter:  24:1        |ddm|: 2.915199e-03     Tr[DP]  1.315471e-01
 iter:  24:2        |ddm|: 1.436812e-03     Tr[DP]  1.316377e-01
 iter:  25:1        |ddm|: 2.111600e-03     Tr[DP]  1.315607e-01
 iter:  25:2        |ddm|: 1.170645e-03     Tr[DP]  1.316324e-01
 iter:  26:1        |ddm|: 1.519790e-03     Tr[DP]  1.315710e-01
 iter:  26:2        |ddm|: 9.813430e-04     Tr[DP]  1.316286e-01
 iter:  27:1        |ddm|: 1.100103e-03     Tr[DP]  1.315774e-01
 iter:  27:2        |ddm|: 9.281585e-04     Tr[DP]  1.316263e-01
 iter:  28:1        |ddm|: 1.703947e-03     Tr[DP]  1.315867e-01
 iter:  28:2        |ddm|: 6.125594e-04     Tr[DP]  1.316240e-01
 iter:  29:1        |ddm|: 9.535250e-04     Tr[DP]  1.315894e-01
 iter:  29:2        |ddm|: 6.878349e-04     Tr[DP]  1.316226e-01
 iter:  30:1        |ddm|: 1.539112e-03     Tr[DP]  1.315976e-01
 iter:  30:2        |ddm|: 3.648298e-04     Tr[DP]  1.316210e-01
 iter:  31:1        |ddm|: 7.641368e-04     Tr[DP]  1.316013e-01
 iter:  31:2        |ddm|: 3.430873e-04     Tr[DP]  1.316196e-01
 iter:  32:1        |ddm|: 1.111321e-03     Tr[DP]  1.316044e-01
 iter:  32:2        |ddm|: 2.547417e-04     Tr[DP]  1.316184e-01
 iter:  33:1        |ddm|: 9.813548e-04     Tr[DP]  1.316075e-01
 iter:  33:2        |ddm|: 1.666992e-04     Tr[DP]  1.316174e-01
 iter:  34:1        |ddm|: 4.113155e-04     Tr[DP]  1.316073e-01
 iter:  34:2        |ddm|: 4.294631e-04     Tr[DP]  1.316171e-01
 iter:  35:1        |ddm|: 1.737258e-03     Tr[DP]  1.316094e-01
 iter:  35:2        |ddm|: 2.046722e-04     Tr[DP]  1.316168e-01
 iter:  36:1        |ddm|: 1.160175e-03     Tr[DP]  1.316110e-01
 iter:  36:2        |ddm|: 1.373788e-04     Tr[DP]  1.316163e-01
 iter:  37:1        |ddm|: 4.593273e-04     Tr[DP]  1.316117e-01
 iter:  37:2        |ddm|: 1.621691e-04     Tr[DP]  1.316160e-01
 iter:  38:1        |ddm|: 7.864061e-04     Tr[DP]  1.316125e-01
 iter:  38:2        |ddm|: 1.086254e-04     Tr[DP]  1.316158e-01
 iter:  39:1        |ddm|: 6.581253e-04     Tr[DP]  1.316129e-01
 iter:  39:2        |ddm|: 1.197711e-04     Tr[DP]  1.316156e-01
 iter:  40:1        |ddm|: 6.473697e-04     Tr[DP]  1.316135e-01
 iter:  40:2        |ddm|: 7.733402e-05     Tr[DP]  1.316155e-01
 iter:  41:1        |ddm|: 2.116268e-04     Tr[DP]  1.316138e-01
 iter:  41:2        |ddm|: 4.908435e-05     Tr[DP]  1.316154e-01
 iter:  42:1        |ddm|: 4.673887e-04     Tr[DP]  1.316138e-01
 iter:  42:2        |ddm|: 3.734021e-04     Tr[DP]  1.316153e-01
 iter:  43:1        |ddm|: 1.764941e-03     Tr[DP]  1.316143e-01
 iter:  43:2        |ddm|: 1.318973e-04     Tr[DP]  1.316152e-01
 iter:  44:1        |ddm|: 9.258576e-04     Tr[DP]  1.316145e-01
 iter:  44:2        |ddm|: 1.655781e-04     Tr[DP]  1.316152e-01
 iter:  45:1        |ddm|: 1.919289e-04     Tr[DP]  1.316145e-01
 iter:  45:2        |ddm|: 3.515364e-04     Tr[DP]  1.316151e-01
 iter:  46:1        |ddm|: 1.734700e-03     Tr[DP]  1.316147e-01
 iter:  46:2        |ddm|: 3.087129e-04     Tr[DP]  1.316151e-01
 iter:  47:1        |ddm|: 1.539979e-03     Tr[DP]  1.316147e-01
 iter:  47:2        |ddm|: 6.434433e-04     Tr[DP]  1.316152e-01
 iter:  48:1        |ddm|: 2.505879e-03     Tr[DP]  1.316147e-01
 iter:  48:2        |ddm|: 3.061067e-04     Tr[DP]  1.316152e-01
 iter:  49:1        |ddm|: 2.121424e-03     Tr[DP]  1.316147e-01
 iter:  49:2        |ddm|: 1.334518e-04     Tr[DP]  1.316152e-01
 iter:  50:1        |ddm|: 3.080219e-03     Tr[DP]  1.316147e-01
 iter:  50:2        |ddm|: 3.145363e-03     Tr[DP]  1.316146e-01
 iter:  51:1        |ddm|: 1.394953e-02     Tr[DP]  1.316159e-01
 iter:  51:2        |ddm|: 9.431431e-04     Tr[DP]  1.316148e-01
 iter:  52:1        |ddm|: 4.046637e-03     Tr[DP]  1.316157e-01
 iter:  52:2        |ddm|: 7.287214e-04     Tr[DP]  1.316147e-01
 iter:  53:1        |ddm|: 3.574810e-03     Tr[DP]  1.316158e-01
 iter:  53:2        |ddm|: 2.007843e-03     Tr[DP]  1.316155e-01
 iter:  54:1        |ddm|: 9.981015e-03     Tr[DP]  1.316148e-01
 iter:  54:2        |ddm|: 2.125732e-03     Tr[DP]  1.316157e-01
 iter:  55:1        |ddm|: 1.357326e-02     Tr[DP]  1.316143e-01
 iter:  55:2        |ddm|: 1.206696e-03     Tr[DP]  1.316157e-01
 iter:  56:1        |ddm|: 7.391626e-03     Tr[DP]  1.316143e-01
 iter:  56:2        |ddm|: 3.300337e-03     Tr[DP]  1.316151e-01
 iter:  57:1        |ddm|: 1.299663e-02     Tr[DP]  1.316153e-01
 iter:  57:2        |ddm|: 1.315136e-03     Tr[DP]  1.316147e-01
 iter:  58:1        |ddm|: 1.061009e-02     Tr[DP]  1.316157e-01
 iter:  58:2        |ddm|: 1.220492e-03     Tr[DP]  1.316146e-01
 iter:  59:1        |ddm|: 9.575999e-03     Tr[DP]  1.316162e-01
 iter:  59:2        |ddm|: 1.148723e-03     Tr[DP]  1.316144e-01
 iter:  60:1        |ddm|: 7.804427e-03     Tr[DP]  1.316165e-01
 iter:  60:2        |ddm|: 7.226502e-04     Tr[DP]  1.316148e-01
 iter:  61:1        |ddm|: 3.137118e-03     Tr[DP]  1.316161e-01
 iter:  61:2        |ddm|: 2.131105e-03     Tr[DP]  1.316156e-01
 iter:  62:1        |ddm|: 9.188336e-03     Tr[DP]  1.316149e-01
 iter:  62:2        |ddm|: 3.933186e-04     Tr[DP]  1.316155e-01
 iter:  63:1        |ddm|: 2.749401e-03     Tr[DP]  1.316150e-01
 iter:  63:2        |ddm|: 1.362373e-03     Tr[DP]  1.316150e-01
 iter:  64:1        |ddm|: 6.658603e-03     Tr[DP]  1.316157e-01
 iter:  64:2        |ddm|: 1.751709e-03     Tr[DP]  1.316145e-01
 iter:  65:1        |ddm|: 1.059100e-02     Tr[DP]  1.316165e-01
 iter:  65:2        |ddm|: 1.211914e-03     Tr[DP]  1.316143e-01
 iter:  66:1        |ddm|: 9.184275e-03     Tr[DP]  1.316171e-01
 iter:  66:2        |ddm|: 1.043527e-03     Tr[DP]  1.316143e-01
 iter:  67:1        |ddm|: 7.528360e-03     Tr[DP]  1.316173e-01
 iter:  67:2        |ddm|: 9.133751e-04     Tr[DP]  1.316144e-01
 iter:  68:1        |ddm|: 4.860357e-03     Tr[DP]  1.316172e-01
 iter:  68:2        |ddm|: 4.406472e-03     Tr[DP]  1.316166e-01
 iter:  69:1        |ddm|: 2.429245e-02     Tr[DP]  1.316141e-01
 iter:  69:2        |ddm|: 6.095725e-03     Tr[DP]  1.316184e-01
 iter:  70:1        |ddm|: 3.421995e-02     Tr[DP]  1.316125e-01
 iter:  70:2        |ddm|: 2.217834e-03     Tr[DP]  1.316170e-01
 iter:  71:1        |ddm|: 1.225669e-02     Tr[DP]  1.316133e-01
 iter:  71:2        |ddm|: 3.971641e-03     Tr[DP]  1.316162e-01
 iter:  72:1        |ddm|: 1.482789e-02     Tr[DP]  1.316144e-01
 iter:  72:2        |ddm|: 2.430337e-03     Tr[DP]  1.316149e-01
 iter:  73:1        |ddm|: 1.586174e-02     Tr[DP]  1.316158e-01
 iter:  73:2        |ddm|: 1.131914e-03     Tr[DP]  1.316147e-01
 iter:  74:1        |ddm|: 9.213077e-03     Tr[DP]  1.316160e-01
 iter:  74:2        |ddm|: 9.478676e-04     Tr[DP]  1.316151e-01
 iter:  75:1        |ddm|: 2.331223e-03     Tr[DP]  1.316156e-01
 iter:  75:2        |ddm|: 2.770529e-04     Tr[DP]  1.316151e-01
 iter:  76:1        |ddm|: 9.641335e-04     Tr[DP]  1.316155e-01
 iter:  76:2        |ddm|: 1.554852e-04     Tr[DP]  1.316151e-01
 iter:  77:1        |ddm|: 5.454548e-04     Tr[DP]  1.316155e-01
 iter:  77:2        |ddm|: 2.569904e-04     Tr[DP]  1.316151e-01
 iter:  78:1        |ddm|: 1.757434e-03     Tr[DP]  1.316156e-01
 iter:  78:2        |ddm|: 6.805263e-04     Tr[DP]  1.316149e-01
 iter:  79:1        |ddm|: 3.760704e-03     Tr[DP]  1.316160e-01
 iter:  79:2        |ddm|: 3.937983e-04     Tr[DP]  1.316150e-01
 iter:  80:1        |ddm|: 3.629015e-03     Tr[DP]  1.316161e-01
 iter:  80:2        |ddm|: 1.119714e-03     Tr[DP]  1.316146e-01
 iter:  81:1        |ddm|: 5.080508e-03     Tr[DP]  1.316165e-01
 iter:  81:2        |ddm|: 1.637126e-03     Tr[DP]  1.316155e-01
 iter:  82:1        |ddm|: 5.546281e-03     Tr[DP]  1.316154e-01
 iter:  82:2        |ddm|: 4.205843e-04     Tr[DP]  1.316156e-01
 iter:  83:1        |ddm|: 2.434872e-03     Tr[DP]  1.316152e-01
 iter:  83:2        |ddm|: 1.786312e-03     Tr[DP]  1.316149e-01
 iter:  84:1        |ddm|: 7.425424e-03     Tr[DP]  1.316163e-01
 iter:  84:2        |ddm|: 4.761546e-04     Tr[DP]  1.316149e-01
 iter:  85:1        |ddm|: 4.057609e-03     Tr[DP]  1.316164e-01
 iter:  85:2        |ddm|: 3.168307e-04     Tr[DP]  1.316151e-01
 iter:  86:1        |ddm|: 1.268274e-03     Tr[DP]  1.316162e-01
 iter:  86:2        |ddm|: 6.447666e-04     Tr[DP]  1.316155e-01
 iter:  87:1        |ddm|: 2.637768e-03     Tr[DP]  1.316157e-01
 iter:  87:2        |ddm|: 2.632815e-04     Tr[DP]  1.316155e-01
 iter:  88:1        |ddm|: 4.844971e-04     Tr[DP]  1.316158e-01
 iter:  88:2        |ddm|: 4.950510e-04     Tr[DP]  1.316156e-01
 iter:  89:1        |ddm|: 2.159478e-03     Tr[DP]  1.316155e-01
 iter:  89:2        |ddm|: 6.835900e-04     Tr[DP]  1.316153e-01
 iter:  90:1        |ddm|: 2.233218e-03     Tr[DP]  1.316159e-01
 iter:  90:2        |ddm|: 1.937413e-04     Tr[DP]  1.316154e-01
 iter:  91:1        |ddm|: 3.711122e-03     Tr[DP]  1.316162e-01
 iter:  91:2        |ddm|: 2.449031e-03     Tr[DP]  1.316143e-01
 iter:  92:1        |ddm|: 1.246178e-02     Tr[DP]  1.316178e-01
 iter:  92:2        |ddm|: 1.052908e-03     Tr[DP]  1.316143e-01
 iter:  93:1        |ddm|: 8.130051e-03     Tr[DP]  1.316181e-01
 iter:  93:2        |ddm|: 7.780296e-04     Tr[DP]  1.316145e-01
 iter:  94:1        |ddm|: 5.549099e-03     Tr[DP]  1.316181e-01
 iter:  94:2        |ddm|: 7.617513e-04     Tr[DP]  1.316146e-01
 iter:  95:1        |ddm|: 5.025615e-03     Tr[DP]  1.316182e-01
 iter:  95:2        |ddm|: 4.750225e-04     Tr[DP]  1.316150e-01
 iter:  96:1        |ddm|: 2.814126e-03     Tr[DP]  1.316176e-01
 iter:  96:2        |ddm|: 2.017756e-03     Tr[DP]  1.316165e-01
 iter:  97:1        |ddm|: 8.375679e-03     Tr[DP]  1.316156e-01
 iter:  97:2        |ddm|: 5.637636e-04     Tr[DP]  1.316165e-01
 iter:  98:1        |ddm|: 3.904410e-03     Tr[DP]  1.316156e-01
 iter:  98:2        |ddm|: 3.596795e-03     Tr[DP]  1.316144e-01
 iter:  99:1        |ddm|: 1.391846e-02     Tr[DP]  1.316188e-01
 iter:  99:2        |ddm|: 9.036122e-04     Tr[DP]  1.316152e-01
 iter: 100:1        |ddm|: 5.796864e-03     Tr[DP]  1.316183e-01
 iter: 100:2        |ddm|: 3.312465e-03     Tr[DP]  1.316132e-01
 iter: 101:1        |ddm|: 1.639604e-02     Tr[DP]  1.316214e-01
 iter: 101:2        |ddm|: 1.149656e-03     Tr[DP]  1.316142e-01
 iter: 102:1        |ddm|: 7.105304e-03     Tr[DP]  1.316206e-01
 iter: 102:2        |ddm|: 1.180630e-03     Tr[DP]  1.316142e-01
 iter: 103:1        |ddm|: 6.347542e-03     Tr[DP]  1.316208e-01
 iter: 103:2        |ddm|: 1.900106e-03     Tr[DP]  1.316165e-01
 iter: 104:1        |ddm|: 5.642659e-03     Tr[DP]  1.316180e-01
 iter: 104:2        |ddm|: 1.613521e-04     Tr[DP]  1.316166e-01
 iter: 105:1        |ddm|: 1.573711e-03     Tr[DP]  1.316177e-01
 iter: 105:2        |ddm|: 5.511671e-04     Tr[DP]  1.316162e-01
 iter: 106:1        |ddm|: 3.390311e-03     Tr[DP]  1.316183e-01
 iter: 106:2        |ddm|: 1.653715e-03     Tr[DP]  1.316151e-01
 iter: 107:1        |ddm|: 8.047566e-03     Tr[DP]  1.316202e-01
 iter: 107:2        |ddm|: 7.219751e-04     Tr[DP]  1.316153e-01
 iter: 108:1        |ddm|: 5.938132e-03     Tr[DP]  1.316207e-01
 iter: 108:2        |ddm|: 2.817006e-03     Tr[DP]  1.316134e-01
 iter: 109:1        |ddm|: 1.328410e-02     Tr[DP]  1.316239e-01
 iter: 109:2        |ddm|: 1.282885e-03     Tr[DP]  1.316140e-01
 iter: 110:1        |ddm|: 9.241370e-03     Tr[DP]  1.316238e-01
 iter: 110:2        |ddm|: 9.422549e-04     Tr[DP]  1.316147e-01
 iter: 111:1        |ddm|: 6.851978e-03     Tr[DP]  1.316236e-01
 iter: 111:2        |ddm|: 1.191031e-03     Tr[DP]  1.316146e-01
 iter: 112:1        |ddm|: 7.092445e-03     Tr[DP]  1.316242e-01
 iter: 112:2        |ddm|: 8.312477e-04     Tr[DP]  1.316153e-01
 iter: 113:1        |ddm|: 5.361309e-03     Tr[DP]  1.316240e-01
 iter: 113:2        |ddm|: 7.926867e-04     Tr[DP]  1.316157e-01
 iter: 114:1        |ddm|: 4.657974e-03     Tr[DP]  1.316238e-01
 iter: 114:2        |ddm|: 6.475145e-04     Tr[DP]  1.316171e-01
 iter: 115:1        |ddm|: 1.581275e-03     Tr[DP]  1.316224e-01
 iter: 115:2        |ddm|: 1.728784e-03     Tr[DP]  1.316156e-01
 iter: 116:1        |ddm|: 7.931102e-03     Tr[DP]  1.316247e-01
 iter: 116:2        |ddm|: 6.429831e-04     Tr[DP]  1.316165e-01
 iter: 117:1        |ddm|: 4.503973e-03     Tr[DP]  1.316242e-01
 iter: 117:2        |ddm|: 4.422815e-04     Tr[DP]  1.316173e-01
 iter: 118:1        |ddm|: 2.386303e-03     Tr[DP]  1.316234e-01
 iter: 118:2        |ddm|: 5.139327e-04     Tr[DP]  1.316175e-01
 iter: 119:1        |ddm|: 2.276413e-03     Tr[DP]  1.316235e-01
 iter: 119:2        |ddm|: 3.326953e-04     Tr[DP]  1.316183e-01
 iter: 120:1        |ddm|: 9.724204e-04     Tr[DP]  1.316226e-01
 iter: 120:2        |ddm|: 3.248260e-04     Tr[DP]  1.316191e-01
 iter: 121:1        |ddm|: 1.186774e-03     Tr[DP]  1.316219e-01
 iter: 121:2        |ddm|: 1.714420e-03     Tr[DP]  1.316172e-01
 iter: 122:1        |ddm|: 8.245548e-03     Tr[DP]  1.316248e-01
 iter: 122:2        |ddm|: 9.323247e-04     Tr[DP]  1.316172e-01
 iter: 123:1        |ddm|: 1.522977e-02     Tr[DP]  1.316290e-01
 iter: 123:2        |ddm|: 1.140865e-02     Tr[DP]  1.316026e-01
 iter: 124:1        |ddm|: 4.924146e-02     Tr[DP]  1.316506e-01
 iter: 124:2        |ddm|: 6.894456e-03     Tr[DP]  1.316179e-01
 iter: 125:1        |ddm|: 9.437055e-03     Tr[DP]  1.316320e-01
 iter: 125:2        |ddm|: 2.130800e-03     Tr[DP]  1.316150e-01
 iter: 126:1        |ddm|: 1.146037e-02     Tr[DP]  1.316362e-01
 iter: 126:2        |ddm|: 4.726829e-03     Tr[DP]  1.316094e-01
 iter: 127:1        |ddm|: 2.543247e-02     Tr[DP]  1.316466e-01
 iter: 127:2        |ddm|: 3.817211e-03     Tr[DP]  1.316080e-01
 iter: 128:1        |ddm|: 2.222744e-02     Tr[DP]  1.316503e-01
 iter: 128:2        |ddm|: 5.446604e-03     Tr[DP]  1.316232e-01
 iter: 129:1        |ddm|: 1.141161e-02     Tr[DP]  1.316328e-01
 iter: 129:2        |ddm|: 2.818572e-03     Tr[DP]  1.316180e-01
 iter: 130:1        |ddm|: 9.348730e-03     Tr[DP]  1.316390e-01
 iter: 130:2        |ddm|: 1.479224e-03     Tr[DP]  1.316182e-01
 iter: 131:1        |ddm|: 9.262140e-03     Tr[DP]  1.316403e-01
 iter: 131:2        |ddm|: 8.050167e-04     Tr[DP]  1.316207e-01
 iter: 132:1        |ddm|: 5.034988e-03     Tr[DP]  1.316390e-01
 iter: 132:2        |ddm|: 2.491518e-03     Tr[DP]  1.316177e-01
 iter: 133:1        |ddm|: 1.254535e-02     Tr[DP]  1.316447e-01
 iter: 133:2        |ddm|: 2.518464e-03     Tr[DP]  1.316162e-01
 iter: 134:1        |ddm|: 1.485214e-02     Tr[DP]  1.316492e-01
 iter: 134:2        |ddm|: 1.833298e-03     Tr[DP]  1.316173e-01
 iter: 135:1        |ddm|: 1.231768e-02     Tr[DP]  1.316500e-01
 iter: 135:2        |ddm|: 1.619413e-03     Tr[DP]  1.316186e-01
 iter: 136:1        |ddm|: 1.019443e-02     Tr[DP]  1.316496e-01
 iter: 136:2        |ddm|: 1.236354e-03     Tr[DP]  1.316238e-01
 iter: 137:1        |ddm|: 5.139305e-03     Tr[DP]  1.316427e-01
 iter: 137:2        |ddm|: 2.883930e-03     Tr[DP]  1.316324e-01
 iter: 138:1        |ddm|: 1.033190e-02     Tr[DP]  1.316320e-01
 iter: 138:2        |ddm|: 1.362526e-03     Tr[DP]  1.316291e-01
 iter: 139:1        |ddm|: 3.145899e-03     Tr[DP]  1.316361e-01
 iter: 139:2        |ddm|: 1.575741e-03     Tr[DP]  1.316265e-01
 iter: 140:1        |ddm|: 7.850717e-03     Tr[DP]  1.316412e-01
 iter: 140:2        |ddm|: 2.086506e-03     Tr[DP]  1.316237e-01
 iter: 141:1        |ddm|: 1.434684e-02     Tr[DP]  1.316488e-01
 iter: 141:2        |ddm|: 5.357985e-03     Tr[DP]  1.316140e-01
 iter: 142:1        |ddm|: 2.882414e-02     Tr[DP]  1.316660e-01
 iter: 142:2        |ddm|: 4.005727e-03     Tr[DP]  1.316113e-01
 iter: 143:1        |ddm|: 2.632002e-02     Tr[DP]  1.316738e-01
 iter: 143:2        |ddm|: 2.387500e-03     Tr[DP]  1.316161e-01
 iter: 144:1        |ddm|: 1.643140e-02     Tr[DP]  1.316707e-01
 iter: 144:2        |ddm|: 2.297548e-03     Tr[DP]  1.316183e-01
 iter: 145:1        |ddm|: 1.469762e-02     Tr[DP]  1.316711e-01
 iter: 145:2        |ddm|: 1.621012e-03     Tr[DP]  1.316226e-01
 iter: 146:1        |ddm|: 9.984054e-03     Tr[DP]  1.316683e-01
 iter: 146:2        |ddm|: 1.300085e-03     Tr[DP]  1.316260e-01
 iter: 147:1        |ddm|: 7.394266e-03     Tr[DP]  1.316653e-01
 iter: 147:2        |ddm|: 1.192777e-03     Tr[DP]  1.316332e-01
 iter: 148:1        |ddm|: 2.286908e-03     Tr[DP]  1.316590e-01
 iter: 148:2        |ddm|: 3.034552e-03     Tr[DP]  1.316270e-01
 iter: 149:1        |ddm|: 1.340870e-02     Tr[DP]  1.316683e-01
 iter: 149:2        |ddm|: 1.074359e-03     Tr[DP]  1.316317e-01
 iter: 150:1        |ddm|: 8.095652e-03     Tr[DP]  1.316661e-01
 iter: 150:2        |ddm|: 3.086422e-03     Tr[DP]  1.316262e-01
 iter: 151:1        |ddm|: 1.984461e-02     Tr[DP]  1.316787e-01
 iter: 151:2        |ddm|: 6.347209e-03     Tr[DP]  1.316128e-01
 iter: 152:1        |ddm|: 3.607150e-02     Tr[DP]  1.317049e-01
 iter: 152:2        |ddm|: 5.818800e-03     Tr[DP]  1.316068e-01
 iter: 153:1        |ddm|: 4.004471e-02     Tr[DP]  1.317245e-01
 iter: 153:2        |ddm|: 7.337035e-03     Tr[DP]  1.315963e-01
 iter: 154:1        |ddm|: 4.520587e-02     Tr[DP]  1.317472e-01
 iter: 154:2        |ddm|: 3.963801e-03     Tr[DP]  1.316103e-01
 iter: 155:1        |ddm|: 2.588911e-02     Tr[DP]  1.317383e-01
 iter: 155:2        |ddm|: 4.098942e-03     Tr[DP]  1.316132e-01
 iter: 156:1        |ddm|: 2.448812e-02     Tr[DP]  1.317405e-01
 iter: 156:2        |ddm|: 2.622661e-03     Tr[DP]  1.316303e-01
 iter: 157:1        |ddm|: 1.095791e-02     Tr[DP]  1.317250e-01
 iter: 157:2        |ddm|: 2.367747e-03     Tr[DP]  1.316335e-01
 iter: 158:1        |ddm|: 1.217039e-02     Tr[DP]  1.317237e-01
 iter: 158:2        |ddm|: 1.644408e-03     Tr[DP]  1.316468e-01
 iter: 159:1        |ddm|: 4.779508e-03     Tr[DP]  1.317093e-01
 iter: 159:2        |ddm|: 1.139205e-03     Tr[DP]  1.316566e-01
 iter: 160:1        |ddm|: 9.797959e-03     Tr[DP]  1.317048e-01
 iter: 160:2        |ddm|: 1.084114e-02     Tr[DP]  1.316153e-01
 iter: 161:1        |ddm|: 4.818077e-02     Tr[DP]  1.317659e-01
 iter: 161:2        |ddm|: 3.698223e-03     Tr[DP]  1.316278e-01
 iter: 162:1        |ddm|: 2.726040e-02     Tr[DP]  1.317619e-01
 iter: 162:2        |ddm|: 3.503241e-03     Tr[DP]  1.316320e-01
 iter: 163:1        |ddm|: 2.227326e-02     Tr[DP]  1.317625e-01
 iter: 163:2        |ddm|: 2.519200e-03     Tr[DP]  1.316432e-01
 iter: 164:1        |ddm|: 1.488877e-02     Tr[DP]  1.317546e-01
 iter: 164:2        |ddm|: 2.063241e-03     Tr[DP]  1.316514e-01
 iter: 165:1        |ddm|: 1.250557e-02     Tr[DP]  1.317519e-01
 iter: 165:2        |ddm|: 2.656191e-03     Tr[DP]  1.316508e-01
 iter: 166:1        |ddm|: 1.550937e-02     Tr[DP]  1.317554e-01
 iter: 166:2        |ddm|: 1.895628e-03     Tr[DP]  1.316694e-01
 iter: 167:1        |ddm|: 5.204121e-03     Tr[DP]  1.317355e-01
 iter: 167:2        |ddm|: 1.681070e-03     Tr[DP]  1.316827e-01
 iter: 168:1        |ddm|: 3.800541e-03     Tr[DP]  1.317186e-01
 iter: 168:2        |ddm|: 2.863467e-03     Tr[DP]  1.316715e-01
 iter: 169:1        |ddm|: 1.337574e-02     Tr[DP]  1.317341e-01
 iter: 169:2        |ddm|: 2.621720e-03     Tr[DP]  1.316673e-01
 iter: 170:1        |ddm|: 1.836674e-02     Tr[DP]  1.317482e-01
 iter: 170:2        |ddm|: 5.409853e-03     Tr[DP]  1.316504e-01
 iter: 171:1        |ddm|: 3.052167e-02     Tr[DP]  1.317827e-01
 iter: 171:2        |ddm|: 5.626646e-03     Tr[DP]  1.316401e-01
 iter: 172:1        |ddm|: 3.772731e-02     Tr[DP]  1.318169e-01
 iter: 172:2        |ddm|: 9.232517e-03     Tr[DP]  1.316133e-01
 iter: 173:1        |ddm|: 5.485385e-02     Tr[DP]  1.318798e-01
 iter: 173:2        |ddm|: 1.113006e-02     Tr[DP]  1.315877e-01
 iter: 174:1        |ddm|: 7.243942e-02     Tr[DP]  1.319462e-01
 iter: 174:2        |ddm|: 1.192673e-02     Tr[DP]  1.315610e-01
 iter: 175:1        |ddm|: 7.903284e-02     Tr[DP]  1.320058e-01
 iter: 175:2        |ddm|: 9.877844e-03     Tr[DP]  1.315720e-01
 iter: 176:1        |ddm|: 6.647798e-02     Tr[DP]  1.320284e-01
 iter: 176:2        |ddm|: 7.947390e-03     Tr[DP]  1.315915e-01
 iter: 177:1        |ddm|: 4.652815e-02     Tr[DP]  1.320053e-01
 iter: 177:2        |ddm|: 1.061053e-02     Tr[DP]  1.317006e-01
 iter: 178:1        |ddm|: 2.411187e-02     Tr[DP]  1.318747e-01
 iter: 178:2        |ddm|: 2.472012e-03     Tr[DP]  1.317168e-01
 iter: 179:1        |ddm|: 1.072014e-02     Tr[DP]  1.318707e-01
 iter: 179:2        |ddm|: 8.646393e-03     Tr[DP]  1.316683e-01
 iter: 180:1        |ddm|: 4.564665e-02     Tr[DP]  1.319514e-01
 iter: 180:2        |ddm|: 1.094760e-02     Tr[DP]  1.316321e-01
 iter: 181:1        |ddm|: 6.690399e-02     Tr[DP]  1.320395e-01
 iter: 181:2        |ddm|: 1.012309e-02     Tr[DP]  1.316143e-01
 iter: 182:1        |ddm|: 7.098113e-02     Tr[DP]  1.321009e-01
 iter: 182:2        |ddm|: 1.212418e-02     Tr[DP]  1.315896e-01
 iter: 183:1        |ddm|: 8.174167e-02     Tr[DP]  1.321915e-01
 iter: 183:2        |ddm|: 1.991550e-02     Tr[DP]  1.315118e-01
 iter: 184:1        |ddm|: 1.156772e-01     Tr[DP]  1.323371e-01
 iter: 184:2        |ddm|: 1.101387e-02     Tr[DP]  1.316357e-01
 iter: 185:1        |ddm|: 4.332787e-02     Tr[DP]  1.322061e-01
 iter: 185:2        |ddm|: 6.788037e-03     Tr[DP]  1.316772e-01
 iter: 186:1        |ddm|: 2.638488e-02     Tr[DP]  1.321569e-01
 iter: 186:2        |ddm|: 5.131550e-03     Tr[DP]  1.317274e-01
 iter: 187:1        |ddm|: 1.831094e-02     Tr[DP]  1.320971e-01
 iter: 187:2        |ddm|: 7.629406e-03     Tr[DP]  1.318252e-01
 iter: 188:1        |ddm|: 2.384231e-02     Tr[DP]  1.319935e-01
 iter: 188:2        |ddm|: 6.785872e-03     Tr[DP]  1.317797e-01
 iter: 189:1        |ddm|: 5.073032e-02     Tr[DP]  1.321106e-01
 iter: 189:2        |ddm|: 2.937206e-02     Tr[DP]  1.315546e-01
 iter: 190:1        |ddm|: 1.508081e-01     Tr[DP]  1.324588e-01
 iter: 190:2        |ddm|: 1.317355e-02     Tr[DP]  1.315939e-01
 iter: 191:1        |ddm|: 9.584645e-02     Tr[DP]  1.324754e-01
 iter: 191:2        |ddm|: 1.513933e-02     Tr[DP]  1.315704e-01
 iter: 192:1        |ddm|: 9.861824e-02     Tr[DP]  1.325538e-01
 iter: 192:2        |ddm|: 1.281657e-02     Tr[DP]  1.315988e-01
 iter: 193:1        |ddm|: 8.978866e-02     Tr[DP]  1.325908e-01
 iter: 193:2        |ddm|: 1.988875e-02     Tr[DP]  1.315153e-01
 iter: 194:1        |ddm|: 1.276641e-01     Tr[DP]  1.327625e-01
 iter: 194:2        |ddm|: 1.590049e-02     Tr[DP]  1.315523e-01
 iter: 195:1        |ddm|: 9.777949e-02     Tr[DP]  1.327758e-01
 iter: 195:2        |ddm|: 1.235409e-02     Tr[DP]  1.317036e-01
 iter: 196:1        |ddm|: 6.219418e-02     Tr[DP]  1.325746e-01
 iter: 196:2        |ddm|: 3.056576e-02     Tr[DP]  1.321167e-01
 iter: 197:1        |ddm|: 1.060921e-01     Tr[DP]  1.320952e-01
 iter: 197:2        |ddm|: 2.416675e-02     Tr[DP]  1.318079e-01
 iter: 198:1        |ddm|: 7.863110e-02     Tr[DP]  1.324797e-01
 iter: 198:2        |ddm|: 9.674234e-03     Tr[DP]  1.317990e-01
 iter: 199:1        |ddm|: 9.747607e-02     Tr[DP]  1.326383e-01
 iter: 199:2        |ddm|: 3.740403e-02     Tr[DP]  1.314395e-01
 iter: 200:1        |ddm|: 2.253369e-01     Tr[DP]  1.332239e-01
 iter: 200:2        |ddm|: 3.146027e-02     Tr[DP]  1.313136e-01
 iter: 201:1        |ddm|: 2.274297e-01     Tr[DP]  1.335049e-01
 iter: 201:2        |ddm|: 2.583975e-02     Tr[DP]  1.313643e-01
 iter: 202:1        |ddm|: 1.616321e-01     Tr[DP]  1.334837e-01
 iter: 202:2        |ddm|: 2.255594e-02     Tr[DP]  1.317095e-01
 iter: 203:1        |ddm|: 4.623023e-02     Tr[DP]  1.330801e-01
 iter: 203:2        |ddm|: 1.257112e-02     Tr[DP]  1.318237e-01
 iter: 204:1        |ddm|: 3.137840e-02     Tr[DP]  1.329548e-01
 iter: 204:2        |ddm|: 1.015057e-02     Tr[DP]  1.319022e-01
 iter: 205:1        |ddm|: 3.212010e-02     Tr[DP]  1.328997e-01
 iter: 205:2        |ddm|: 9.117696e-03     Tr[DP]  1.319453e-01
 iter: 206:1        |ddm|: 6.032141e-02     Tr[DP]  1.329537e-01
 iter: 206:2        |ddm|: 2.426009e-02     Tr[DP]  1.317003e-01
 iter: 207:1        |ddm|: 1.915802e-01     Tr[DP]  1.334021e-01
 iter: 207:2        |ddm|: 4.024140e-02     Tr[DP]  1.313310e-01
 iter: 208:1        |ddm|: 3.322608e-01     Tr[DP]  1.341374e-01
 iter: 208:2        |ddm|: 5.831525e-02     Tr[DP]  1.308292e-01
 iter: 209:1        |ddm|: 4.429268e-01     Tr[DP]  1.349666e-01
 iter: 209:2        |ddm|: 4.690207e-02     Tr[DP]  1.308256e-01
 iter: 210:1        |ddm|: 3.660863e-01     Tr[DP]  1.351947e-01
 iter: 210:2        |ddm|: 4.940342e-02     Tr[DP]  1.306713e-01
 iter: 211:1        |ddm|: 3.442167e-01     Tr[DP]  1.355730e-01
 iter: 211:2        |ddm|: 4.988450e-02     Tr[DP]  1.305606e-01
 iter: 212:1        |ddm|: 3.624086e-01     Tr[DP]  1.358257e-01
 iter: 212:2        |ddm|: 4.447402e-02     Tr[DP]  1.307709e-01
 iter: 213:1        |ddm|: 3.219529e-01     Tr[DP]  1.357594e-01
 iter: 213:2        |ddm|: 4.575977e-02     Tr[DP]  1.306603e-01
 iter: 214:1        |ddm|: 3.106110e-01     Tr[DP]  1.356304e-01
 iter: 214:2        |ddm|: 6.799718e-02     Tr[DP]  1.321076e-01
 iter: 215:1        |ddm|: 1.952333e-01     Tr[DP]  1.342993e-01
 iter: 215:2        |ddm|: 6.399527e-02     Tr[DP]  1.308763e-01
 iter: 216:1        |ddm|: 4.085127e-01     Tr[DP]  1.356532e-01
 iter: 216:2        |ddm|: 3.800069e-02     Tr[DP]  1.310801e-01
 iter: 217:1        |ddm|: 2.849842e-01     Tr[DP]  1.358282e-01
 iter: 217:2        |ddm|: 6.591174e-02     Tr[DP]  1.302604e-01
 iter: 218:1        |ddm|: 5.421637e-01     Tr[DP]  1.373460e-01
 iter: 218:2        |ddm|: 9.090501e-02     Tr[DP]  1.292006e-01
 iter: 219:1        |ddm|: 8.504090e-01     Tr[DP]  1.391595e-01
 iter: 219:2        |ddm|: 1.032242e-01     Tr[DP]  1.283790e-01
 iter: 220:1        |ddm|: 1.074163e+00     Tr[DP]  1.401099e-01
 iter: 220:2        |ddm|: 9.870932e-02     Tr[DP]  1.282124e-01
 iter: 221:1        |ddm|: 1.045381e+00     Tr[DP]  1.402478e-01
 iter: 221:2        |ddm|: 9.476562e-02     Tr[DP]  1.280388e-01
 iter: 222:1        |ddm|: 9.688897e-01     Tr[DP]  1.407877e-01
 iter: 222:2        |ddm|: 1.057982e-01     Tr[DP]  1.273219e-01
 iter: 223:1        |ddm|: 1.224104e+00     Tr[DP]  1.420360e-01
 iter: 223:2        |ddm|: 1.163110e-01     Tr[DP]  1.267770e-01
 iter: 224:1        |ddm|: 1.529901e+00     Tr[DP]  1.437558e-01
 iter: 224:2        |ddm|: 1.487959e-01     Tr[DP]  1.253380e-01
 iter: 225:1        |ddm|: 2.292207e+00     Tr[DP]  1.463764e-01
 iter: 225:2        |ddm|: 1.906467e-01     Tr[DP]  1.233506e-01
 iter: 226:1        |ddm|: 3.741673e+00     Tr[DP]  1.489918e-01
 iter: 226:2        |ddm|: 2.169475e-01     Tr[DP]  1.222711e-01
 iter: 227:1        |ddm|: 4.427104e+00     Tr[DP]  1.543695e-01
 iter: 227:2        |ddm|: 2.940756e-01     Tr[DP]  1.196777e-01
 iter: 228:1        |ddm|: 7.033024e+00     Tr[DP]  1.685694e-01
 iter: 228:2        |ddm|: 4.860234e-01     Tr[DP]  1.149523e-01
 iter: 229:1        |ddm|: 1.514071e+01     Tr[DP]  2.012660e-01
 iter: 229:2        |ddm|: 7.806845e-01     Tr[DP]  1.106176e-01
 iter: 230:1        |ddm|: 3.380093e+01     Tr[DP]  2.619980e-01
 iter: 230:2        |ddm|: 9.712710e-01     Tr[DP]  1.105984e-01
 iter: 231:1        |ddm|: 5.580392e+01     Tr[DP]  3.050059e-01
 iter: 231:2        |ddm|: 6.976815e-01     Tr[DP]  1.234679e-01
 iter: 232:1        |ddm|: 5.811664e+01     Tr[DP]  3.003762e-01
 iter: 232:2        |ddm|: 3.999133e-01     Tr[DP]  1.365875e-01
 iter: 233:1        |ddm|: 1.652019e+01     Tr[DP]  2.580037e-01
 iter: 233:2        |ddm|: 3.093265e-01     Tr[DP]  1.662145e-01
 iter: 234:1        |ddm|: 2.328507e+01     Tr[DP]  2.451437e-01
 iter: 234:2        |ddm|: 2.062912e-01     Tr[DP]  1.789897e-01
 iter: 235:1        |ddm|: 2.545449e+01     Tr[DP]  2.408300e-01
 iter: 235:2        |ddm|: 1.689069e-01     Tr[DP]  1.880367e-01
 iter: 236:1        |ddm|: 2.959516e+01     Tr[DP]  2.211254e-01
 iter: 236:2        |ddm|: 2.881974e-01     Tr[DP]  1.976780e-01
 iter: 237:1        |ddm|: 1.119090e+01     Tr[DP]  2.143734e-01
 iter: 237:2        |ddm|: 3.053976e-01     Tr[DP]  2.029570e-01
 iter: 238:1        |ddm|: 1.396963e+01     Tr[DP]  1.828218e-01
 iter: 238:2        |ddm|: 6.739505e-01     Tr[DP]  1.672210e-01
 iter: 239:1        |ddm|: 7.174288e+00     Tr[DP]  1.994871e-01
 iter: 239:2        |ddm|: 3.135320e-01     Tr[DP]  1.797388e-01
 iter: 240:1        |ddm|: 5.400368e+00     Tr[DP]  2.022006e-01
 iter: 240:2        |ddm|: 2.593451e-01     Tr[DP]  1.859662e-01
 iter: 241:1        |ddm|: 5.281879e+00     Tr[DP]  2.017777e-01
 iter: 241:2        |ddm|: 4.596821e-02     Tr[DP]  1.883089e-01
 iter: 242:1        |ddm|: 2.225677e+00     Tr[DP]  1.991539e-01
 iter: 242:2        |ddm|: 3.626040e-02     Tr[DP]  1.882245e-01
 iter: 243:1        |ddm|: 2.584096e+00     Tr[DP]  1.977297e-01
 iter: 243:2        |ddm|: 2.319799e-02     Tr[DP]  1.889613e-01
 iter: 244:1        |ddm|: 2.307697e+00     Tr[DP]  1.967785e-01
 iter: 244:2        |ddm|: 2.057753e-02     Tr[DP]  1.900604e-01
 iter: 245:1        |ddm|: 1.940442e+00     Tr[DP]  1.962020e-01
 iter: 245:2        |ddm|: 1.446329e-02     Tr[DP]  1.907376e-01
 iter: 246:1        |ddm|: 1.455240e+00     Tr[DP]  1.955898e-01
 iter: 246:2        |ddm|: 1.356505e-02     Tr[DP]  1.911535e-01
 iter: 247:1        |ddm|: 1.123650e+00     Tr[DP]  1.952046e-01
 iter: 247:2        |ddm|: 1.089271e-02     Tr[DP]  1.916915e-01
 iter: 248:1        |ddm|: 1.074352e+00     Tr[DP]  1.948862e-01
 iter: 248:2        |ddm|: 1.043067e-02     Tr[DP]  1.920254e-01
 iter: 249:1        |ddm|: 6.388635e-01     Tr[DP]  1.946821e-01
 iter: 249:2        |ddm|: 8.991024e-03     Tr[DP]  1.923474e-01
 iter: 250:1        |ddm|: 5.446378e-01     Tr[DP]  1.943328e-01
 iter: 250:2        |ddm|: 6.062187e-03     Tr[DP]  1.925843e-01
 iter: 251:1        |ddm|: 4.305191e-01     Tr[DP]  1.941168e-01
 iter: 251:2        |ddm|: 4.577994e-03     Tr[DP]  1.927597e-01
 iter: 252:1        |ddm|: 4.143256e-01     Tr[DP]  1.939872e-01
 iter: 252:2        |ddm|: 4.298807e-03     Tr[DP]  1.928983e-01
 iter: 253:1        |ddm|: 2.742774e-01     Tr[DP]  1.939006e-01
 iter: 253:2        |ddm|: 3.257716e-03     Tr[DP]  1.930219e-01
 iter: 254:1        |ddm|: 2.187515e-01     Tr[DP]  1.937897e-01
 iter: 254:2        |ddm|: 2.339074e-03     Tr[DP]  1.931115e-01
 iter: 255:1        |ddm|: 1.928452e-01     Tr[DP]  1.937155e-01
 iter: 255:2        |ddm|: 1.977423e-03     Tr[DP]  1.931799e-01
 iter: 256:1        |ddm|: 1.375930e-01     Tr[DP]  1.936655e-01
 iter: 256:2        |ddm|: 1.520236e-03     Tr[DP]  1.932392e-01
 iter: 257:1        |ddm|: 1.147346e-01     Tr[DP]  1.936164e-01
 iter: 257:2        |ddm|: 1.174991e-03     Tr[DP]  1.932829e-01
 iter: 258:1        |ddm|: 9.323413e-02     Tr[DP]  1.935834e-01
 iter: 258:2        |ddm|: 9.421551e-04     Tr[DP]  1.933181e-01
 iter: 259:1        |ddm|: 6.715040e-02     Tr[DP]  1.935558e-01
 iter: 259:2        |ddm|: 7.465427e-04     Tr[DP]  1.933469e-01
 iter: 260:1        |ddm|: 4.850071e-02     Tr[DP]  1.935282e-01
 iter: 260:2        |ddm|: 5.666602e-04     Tr[DP]  1.933685e-01
 iter: 261:1        |ddm|: 3.715118e-02     Tr[DP]  1.935056e-01
 iter: 261:2        |ddm|: 4.194654e-04     Tr[DP]  1.933842e-01
 iter: 262:1        |ddm|: 3.197941e-02     Tr[DP]  1.934903e-01
 iter: 262:2        |ddm|: 3.341502e-04     Tr[DP]  1.933960e-01
 iter: 263:1        |ddm|: 2.822946e-02     Tr[DP]  1.934817e-01
 iter: 263:2        |ddm|: 2.768225e-04     Tr[DP]  1.934057e-01
 iter: 264:1        |ddm|: 2.431209e-02     Tr[DP]  1.934766e-01
 iter: 264:2        |ddm|: 2.317633e-04     Tr[DP]  1.934140e-01
 iter: 265:1        |ddm|: 2.169025e-02     Tr[DP]  1.934734e-01
 iter: 265:2        |ddm|: 2.051393e-04     Tr[DP]  1.934211e-01
 iter: 266:1        |ddm|: 1.696806e-02     Tr[DP]  1.934709e-01
 iter: 266:2        |ddm|: 1.647452e-04     Tr[DP]  1.934273e-01
 iter: 267:1        |ddm|: 1.248315e-02     Tr[DP]  1.934674e-01
 iter: 267:2        |ddm|: 1.325429e-04     Tr[DP]  1.934324e-01
 iter: 268:1        |ddm|: 8.615228e-03     Tr[DP]  1.934634e-01
 iter: 268:2        |ddm|: 1.022546e-04     Tr[DP]  1.934363e-01
 iter: 269:1        |ddm|: 6.425578e-03     Tr[DP]  1.934596e-01
 iter: 269:2        |ddm|: 7.395419e-05     Tr[DP]  1.934390e-01
 iter: 270:1        |ddm|: 5.026354e-03     Tr[DP]  1.934569e-01
 iter: 270:2        |ddm|: 5.571290e-05     Tr[DP]  1.934411e-01
 iter: 271:1        |ddm|: 4.217468e-03     Tr[DP]  1.934550e-01
 iter: 271:2        |ddm|: 4.393990e-05     Tr[DP]  1.934427e-01
 iter: 272:1        |ddm|: 6.978397e-03     Tr[DP]  1.934550e-01
 iter: 272:2        |ddm|: 1.040348e-04     Tr[DP]  1.934439e-01
 iter: 273:1        |ddm|: 4.205743e-03     Tr[DP]  1.934562e-01
 iter: 273:2        |ddm|: 5.436139e-05     Tr[DP]  1.934457e-01
 iter: 274:1        |ddm|: 3.936186e-03     Tr[DP]  1.934556e-01
 iter: 274:2        |ddm|: 3.860368e-05     Tr[DP]  1.934469e-01
 iter: 275:1        |ddm|: 6.017782e-04     Tr[DP]  1.934544e-01
 iter: 275:2        |ddm|: 7.147761e-05     Tr[DP]  1.934481e-01
 iter: 276:1        |ddm|: 1.016419e-03     Tr[DP]  1.934523e-01
 iter: 276:2        |ddm|: 2.428953e-05     Tr[DP]  1.934484e-01
 iter: 277:1        |ddm|: 7.814587e-04     Tr[DP]  1.934517e-01
 iter: 277:2        |ddm|: 9.523730e-06     Tr[DP]  1.934487e-01
 iter: 278:1        |ddm|: 8.125016e-04     Tr[DP]  1.934513e-01
 iter: 278:2        |ddm|: 8.285342e-06     Tr[DP]  1.934490e-01
 iter: 279:1        |ddm|: 8.241804e-04     Tr[DP]  1.934512e-01
 iter: 279:2        |ddm|: 7.759776e-06     Tr[DP]  1.934492e-01
 iter: 280:1        |ddm|: 5.967936e-04     Tr[DP]  1.934511e-01
 iter: 280:2        |ddm|: 6.316511e-06     Tr[DP]  1.934494e-01
 iter: 281:1        |ddm|: 3.279871e-04     Tr[DP]  1.934509e-01
 iter: 281:2        |ddm|: 6.479204e-06     Tr[DP]  1.934496e-01
 iter: 282:1        |ddm|: 3.079248e-04     Tr[DP]  1.934507e-01
 iter: 282:2        |ddm|: 3.251017e-06     Tr[DP]  1.934497e-01
 iter: 283:1        |ddm|: 2.551728e-04     Tr[DP]  1.934506e-01
 iter: 283:2        |ddm|: 2.769293e-06     Tr[DP]  1.934498e-01
 iter: 284:1        |ddm|: 2.050867e-04     Tr[DP]  1.934505e-01
 iter: 284:2        |ddm|: 2.153334e-06     Tr[DP]  1.934499e-01
 iter: 285:1        |ddm|: 2.042614e-04     Tr[DP]  1.934505e-01
 iter: 285:2        |ddm|: 2.171451e-06     Tr[DP]  1.934500e-01
 iter: 286:1        |ddm|: 1.161057e-04     Tr[DP]  1.934505e-01
 iter: 286:2        |ddm|: 1.818140e-06     Tr[DP]  1.934501e-01
 iter: 287:1        |ddm|: 9.512560e-05     Tr[DP]  1.934504e-01
 iter: 287:2        |ddm|: 1.073906e-06     Tr[DP]  1.934501e-01
 iter: 288:1        |ddm|: 7.341293e-05     Tr[DP]  1.934504e-01
 iter: 288:2        |ddm|: 8.097524e-07     Tr[DP]  1.934501e-01
 iter: 289:1        |ddm|: 5.837183e-05     Tr[DP]  1.934503e-01
 iter: 289:2        |ddm|: 6.283041e-07     Tr[DP]  1.934501e-01
 iter: 290:1        |ddm|: 4.559595e-05     Tr[DP]  1.934503e-01
 iter: 290:2        |ddm|: 4.862711e-07     Tr[DP]  1.934502e-01
 iter: 291:1        |ddm|: 4.202445e-05     Tr[DP]  1.934503e-01
 iter: 291:2        |ddm|: 4.283143e-07     Tr[DP]  1.934502e-01
 iter: 292:1        |ddm|: 3.386131e-05     Tr[DP]  1.934503e-01
 iter: 292:2        |ddm|: 3.294494e-07     Tr[DP]  1.934502e-01
 iter: 293:1        |ddm|: 3.421880e-05     Tr[DP]  1.934503e-01
 iter: 293:2        |ddm|: 3.457571e-07     Tr[DP]  1.934502e-01
 iter: 294:1        |ddm|: 2.339075e-05     Tr[DP]  1.934503e-01
 iter: 294:2        |ddm|: 2.587743e-07     Tr[DP]  1.934502e-01
 iter: 295:1        |ddm|: 1.674637e-05     Tr[DP]  1.934503e-01
 iter: 295:2        |ddm|: 1.918405e-07     Tr[DP]  1.934502e-01
 iter: 296:1        |ddm|: 1.282213e-05     Tr[DP]  1.934503e-01
 iter: 296:2        |ddm|: 1.411356e-07     Tr[DP]  1.934502e-01
 iter: 297:1        |ddm|: 1.019166e-05     Tr[DP]  1.934503e-01
 iter: 297:2        |ddm|: 1.084625e-07     Tr[DP]  1.934502e-01
 iter: 298:1        |ddm|: 8.113824e-06     Tr[DP]  1.934503e-01
 iter: 298:2        |ddm|: 8.505657e-08     Tr[DP]  1.934502e-01
 iter: 299:1        |ddm|: 5.772563e-06     Tr[DP]  1.934503e-01
 iter: 299:2        |ddm|: 6.687195e-08     Tr[DP]  1.934502e-01
 iter: 300:1        |ddm|: 4.459288e-06     Tr[DP]  1.934502e-01
 iter: 300:2        |ddm|: 4.934729e-08     Tr[DP]  1.934502e-01
 iter: 301:1        |ddm|: 2.969567e-06     Tr[DP]  1.934502e-01
 iter: 301:2        |ddm|: 3.845016e-08     Tr[DP]  1.934502e-01
 iter: 302:1        |ddm|: 3.163891e-06     Tr[DP]  1.934502e-01
 iter: 302:2        |ddm|: 3.628359e-08     Tr[DP]  1.934502e-01
 iter: 303:1        |ddm|: 2.653392e-06     Tr[DP]  1.934502e-01
 iter: 303:2        |ddm|: 2.578080e-08     Tr[DP]  1.934502e-01
 iter: 304:1        |ddm|: 2.506201e-06     Tr[DP]  1.934502e-01
 iter: 304:2        |ddm|: 2.395087e-08     Tr[DP]  1.934502e-01
 iter: 305:1        |ddm|: 2.956340e-06     Tr[DP]  1.934502e-01
 iter: 305:2        |ddm|: 3.074626e-08     Tr[DP]  1.934502e-01
 iter: 306:1        |ddm|: 1.699860e-06     Tr[DP]  1.934502e-01
 iter: 306:2        |ddm|: 2.429803e-08     Tr[DP]  1.934502e-01
 iter: 307:1        |ddm|: 1.516982e-06     Tr[DP]  1.934502e-01
 iter: 307:2        |ddm|: 1.397956e-08     Tr[DP]  1.934502e-01
 iter: 308:1        |ddm|: 1.015767e-06     Tr[DP]  1.934502e-01
 iter: 308:2        |ddm|: 1.199228e-08     Tr[DP]  1.934502e-01
 iter: 309:1        |ddm|: 7.913352e-07     Tr[DP]  1.934502e-01
 iter: 309:2        |ddm|: 8.683500e-09     Tr[DP]  1.934502e-01
                           Freeze-and-Thaw converged!                           

=================== Subsystem 1 at higher mean-field method ====================
  subiter:   1      |ddm|: 5.860037e+00
  subiter:   2      |ddm|: 2.520679e+00
  subiter:   3      |ddm|: 4.656742e-02
  subiter:   4      |ddm|: 4.488125e-02
  subiter:   5      |ddm|: 4.887264e-02
  subiter:   6      |ddm|: 1.156895e-02
  subiter:   7      |ddm|: 2.131510e-03
  subiter:   8      |ddm|: 5.604239e-04
  subiter:   9      |ddm|: 1.022899e-04
  subiter:  10      |ddm|: 1.052600e-04
  subiter:  11      |ddm|: 3.025495e-05
  subiter:  12      |ddm|: 3.046684e-06
  subiter:  13      |ddm|: 1.328767e-06
  subiter:  14      |ddm|: 2.532488e-06
  subiter:  15      |ddm|: 8.077456e-07
  subiter:  16      |ddm|: 2.857954e-07
  subiter:  17      |ddm|: 2.866464e-07
  subiter:  18      |ddm|: 3.127859e-08
  subiter:  19      |ddm|: 1.339543e-07
  subiter:  20      |ddm|: 2.392031e-08
  subiter:  21      |ddm|: 2.371277e-08
  subiter:  22      |ddm|: 3.736920e-08
  subiter:  23      |ddm|: 2.364716e-08
  subiter:  24      |ddm|: 1.102224e-08
  subiter:  25      |ddm|: 1.316310e-08
  subiter:  26      |ddm|: 2.452561e-09


******** <class 'pyscf.scf.hf.RHF'> flags ********
method = RHF
initial guess = minao
damping factor = 0
level shift factor = 0
DIIS = <class 'pyscf.scf.diis.CDIIS'>
DIIS start cycle = 1
DIIS space = 8
SCF tol = 1e-09
SCF gradient tol = None
max. SCF cycles = 100
direct_scf = True
direct_scf_tol = 1e-13
chkfile to save SCF result = /panfs/roc/scratch/graha682/20170717_ccpVTZ_m06_ccsdt_ft_4hexa1235ene_m/tmp03ForX
max_memory 4000 MB (current use 1587 MB)
Set gradient conv threshold to 3.16228e-05
init E= -160.751704876772
  HOMO = -0.312259646198698  LUMO = 0.103324298659584
cycle= 1 E= -160.751704876771  delta_E= 3.98e-13  |g|= 1.27e-09  |ddm|= 4.53e-08
  HOMO = -0.312259646304655  LUMO = 0.103324298694251
Extra cycle  E= -160.751704876772  delta_E= -3.41e-13  |g|= 7.51e-10  |ddm|= 1.3e-08
converged SCF energy = -160.751704876772


******** <class 'pyscf.dft.rks.RKS'> flags ********
method = RKS
initial guess = atom
damping factor = 0
level shift factor = 0.0
DIIS = <class 'pyscf.scf.diis.CDIIS'>
DIIS start cycle = 1
DIIS space = 8
SCF tol = 1e-08
SCF gradient tol = 1e-08
max. SCF cycles = 1
direct_scf = True
direct_scf_tol = 1e-13
chkfile to save SCF result = /panfs/roc/scratch/graha682/20170717_ccpVTZ_m06_ccsdt_ft_4hexa1235ene_m/tmpTZsTxW
max_memory 4000 MB (current use 1588 MB)
XC functionals = m06
small_rho_cutoff = 1e-20
radial grids: Treutler-Ahlrichs (JCP 102, 346 (M4)) radial grids
becke partition: Becke, JCP, 88, 2547 (1988)
pruning grids: <function nwchem_prune at 0x17a5578>
grids dens level: 4
symmetrized grids: False
atomic radii adjust function: <function treutler_atomic_radii_adjust at 0x17a5410>
init E= -161.660993372692
  HOMO = -0.234545198890919  LUMO = -0.0316962185956794
cycle= 1 E= -161.660993372692  delta_E= 2.84e-13  |g|= 7.11e-10  |ddm|= 5.92e-07
  HOMO = -0.234545199053384  LUMO = -0.0316962187576722
Extra cycle  E= -161.660993372691  delta_E= 2.84e-13  |g|= 7.88e-10  |ddm|= 2.55e-08
converged SCF energy = -161.660993372691
 iter: 310:1        |ddm|: 8.356982e+00     Tr[DP]  1.983707e-01

==================== Doing CCSD Calculation on Subsystem 1 =====================

******** <class 'pyscf.cc.ccsd.CCSD'> flags ********
CCSD nocc = 14, nvir = 148
max_cycle = 50
direct = 0
conv_tol = 1e-07
conv_tol_normt = 1e-05
diis_space = 6
diis_start_cycle = 0
diis_start_energy_diff = 1e+09
max_memory 4000 MB (current use 1576 MB)
Build MO integrals with outcore ao2mo
Init t2, MP2 energy = -0.66515542912218
cycle = 1  E(CCSD) = -0.67052940483299  dE = -0.670529405  norm(t1,t2) = 0.113843
cycle = 2  E(CCSD) = -0.689709063560733  dE = -0.0191796587  norm(t1,t2) = 0.0410402
cycle = 3  E(CCSD) = -0.690107308109323  dE = -0.000398244549  norm(t1,t2) = 0.023049
cycle = 4  E(CCSD) = -0.692088126282018  dE = -0.00198081817  norm(t1,t2) = 0.0108352
cycle = 5  E(CCSD) = -0.693545974604118  dE = -0.00145784832  norm(t1,t2) = 0.00721
cycle = 6  E(CCSD) = -0.693289241444471  dE = 0.00025673316  norm(t1,t2) = 0.00129594
cycle = 7  E(CCSD) = -0.693258706611466  dE = 3.0534833e-05  norm(t1,t2) = 0.0007509
cycle = 8  E(CCSD) = -0.69328100762528  dE = -2.23010138e-05  norm(t1,t2) = 0.000215598
cycle = 9  E(CCSD) = -0.693274943632828  dE = 6.06399245e-06  norm(t1,t2) = 0.000111945
cycle = 10  E(CCSD) = -0.69328073180069  dE = -5.78816786e-06  norm(t1,t2) = 5.09134e-05
cycle = 11  E(CCSD) = -0.693280498663802  dE = 2.33136888e-07  norm(t1,t2) = 1.29994e-05
cycle = 12  E(CCSD) = -0.693279961540567  dE = 5.37123234e-07  norm(t1,t2) = 4.60702e-06
cycle = 13  E(CCSD) = -0.693279975877777  dE = -1.43372096e-08  norm(t1,t2) = 1.95696e-06
CCSD converged
E(CCSD) = -161.4449848526496  E_corr = -0.6932799758777771
Hartree-Fock Energy:  -160.75170487677184
CCSD Correlation:       -0.69327997587778
CCSD Energy:          -161.44498485264961

=================== Doing CCSD(T) Calculation on Subsystem 1 ===================
Build MO integrals with outcore ao2mo
CCSD(T) correction = -0.0343131563723048
Hartree-Fock Energy:  -160.75170487677184
CCSD(T) Correlation:       -0.72759313225008
CCSD(T) Energy:          -161.47929800902193

============================== Supermolecular DFT ==============================
  subiter:   1      |ddm|: 5.348292e+01
  subiter:   2      |ddm|: 6.050170e-01
  subiter:   3      |ddm|: 1.983213e-01
  subiter:   4      |ddm|: 4.085900e-02
  subiter:   5      |ddm|: 2.134372e-02
  subiter:   6      |ddm|: 1.022113e-02
  subiter:   7      |ddm|: 4.561454e-03
  subiter:   8      |ddm|: 7.486067e-04
  subiter:   9      |ddm|: 4.237649e-04
  subiter:  10      |ddm|: 2.842186e-04
  subiter:  11      |ddm|: 4.796635e-05
  subiter:  12      |ddm|: 1.658064e-05
  subiter:  13      |ddm|: 4.146328e-06
  subiter:  14      |ddm|: 1.938083e-06
  subiter:  15      |ddm|: 1.006241e-06
  subiter:  16      |ddm|: 2.975808e-07
  subiter:  17      |ddm|: 1.722809e-07
  subiter:  18      |ddm|: 8.197144e-08
  subiter:  19      |ddm|: 2.473261e-08
  subiter:  20      |ddm|: 3.550360e-09


******** <class 'pyscf.dft.rks.RKS'> flags ********
method = RKS
initial guess = atom
damping factor = 0
level shift factor = 0.0
DIIS = <class 'pyscf.scf.diis.CDIIS'>
DIIS start cycle = 1
DIIS space = 8
SCF tol = 1e-08
SCF gradient tol = 1e-08
max. SCF cycles = 100
direct_scf = True
direct_scf_tol = 1e-13
chkfile to save SCF result = /panfs/roc/scratch/graha682/20170717_ccpVTZ_m06_ccsdt_ft_4hexa1235ene_m/tmpB7u2pl
max_memory 4000 MB (current use 1914 MB)
XC functionals = m06
small_rho_cutoff = 1e-20
radial grids: Treutler-Ahlrichs (JCP 102, 346 (M4)) radial grids
becke partition: Becke, JCP, 88, 2547 (1988)
pruning grids: <function nwchem_prune at 0x17a5578>
grids dens level: 4
symmetrized grids: False
atomic radii adjust function: <function treutler_atomic_radii_adjust at 0x17a5410>
init E= -232.022122220369
  HOMO = -0.235474779816408  LUMO = -0.0680545874758444
cycle= 1 E= -232.022122220367  delta_E= 1.93e-12  |g|= 6.35e-09  |ddm|= 8.99e-09
  HOMO = -0.235474779719594  LUMO = -0.0680545872712298
Extra cycle  E= -232.022122220369  delta_E= -1.19e-12  |g|= 1.1e-08  |ddm|= 1.48e-08
converged SCF energy = -232.022122220369
Supermolecular DFT   -232.02212222036883

============================== Embedding Energies ==============================
Subsystem DFT              -161.66099337269156
Interaction                 -70.25678783008414
DFT-in-DFT                 -231.91778120277570
Supermolecular DFT         -232.02212222036883
Difference                   -0.10434101759313
Corrected DFT-in-DFT       -232.02212222036883
WF-in-DFT                  -231.73608583910607
Corrected WF-in-DFT        -231.84042685669920

============================== Embedding Energies ==============================
Subsystem DFT              -161.66099337269202
Interaction                 -70.25678783008334
DFT-in-DFT                 -231.91778120277536
Supermolecular DFT         -232.02212222036883
Difference                   -0.10434101759347
Corrected DFT-in-DFT       -232.02212222036883
WF-in-DFT                  -231.73608583910527
Corrected WF-in-DFT        -231.84042685669874
================================================================================
TIMING STATISTICS:
     overlap integrals      0.02s   ( 0.00%)
    initial subsystems      0.25s   ( 0.01%)
           2e matrices   3222.84s   (87.60%)
      tot. embed. of 1   3243.88s   (88.17%)
      tot. embed. of 2      0.96s   ( 0.03%)
       freeze and thaw   3244.87s   (88.20%)
                  ccsd     79.92s   ( 2.17%)
               ccsd(t)     47.78s   ( 1.30%)
  interaction energies    305.68s   ( 8.31%)
                 TOTAL   3679.05s
================================================================================

********************************************************************************
*                              END OF CALCULATION                              *
********************************************************************************
