********************************************************************************
*                         FREEZE-AND-THAW CALCULATION                          *
********************************************************************************

================================== Input File ==================================
subsystem
C         -6.81481       -0.41548        0.09427
C         -5.56147        0.43724        0.09293
H         -7.73235        0.19145        0.14286
H         -6.82758       -1.10435        0.95610
H         -6.87608       -1.03602       -0.81602
C         -4.28367       -0.38105        0.02769
H         -5.53674        1.07534        0.99707
H         -5.58393        1.14193       -0.76040
C         -3.01934        0.45821        0.02466
H         -4.30287       -1.02140       -0.87709
H         -4.25513       -1.08694        0.88206
C         -1.74266       -0.35996       -0.03904
H         -3.00073        1.09895        0.92897
H         -3.04751        1.16305       -0.83038
C         -0.47847        0.47976       -0.04293
H         -1.76110       -1.00126       -0.94291
H         -1.71376       -1.06425        0.81636
charge -1
end

subsystem
C          0.79802       -0.33884       -0.10519
H         -0.46016        1.12166        0.86050
H         -0.50661        1.18343       -0.89888
C          2.06201        0.50110       -0.10952
H          0.77977       -0.98112       -1.00834
H          0.82667       -1.04194        0.75104
C          3.33732       -0.31885       -0.17142
H          2.08070        1.14303        0.79380
H          2.03456        1.20444       -0.96582
C          4.60273        0.52974       -0.16842
H          3.32338       -0.95585       -1.07806
H          3.36999       -1.02442        0.68131
C          5.85144       -0.28251       -0.26720
H          4.63440        1.15499        0.74374
H          4.55410        1.23655       -1.02099
C          6.83934       -0.29091        0.62655
H          6.79249        0.32749        1.53124
H          7.73182       -0.91026        0.49647
H          5.93403       -0.92517       -1.15692
charge +1
end

embed
 huzinaga
 cycles 300
 conv 1e-8
 method m06
end

basis cc-pVTZ
method cas[2,2]/nevpt2
grid 4
conv 1e-8
grad 1e-8
maxiter 100
================================== End Input ===================================
tot grids = 725328

                      Getting subsystem overlap integrals                       

                          Initial subsystem densities                           
Guessing initial subsystem densities
Initial guess from superpostion of atomic densties.
Guessing initial subsystem densities
Initial guess from superpostion of atomic densties.

=========================== Starting Freeze-and-Thaw ===========================
 iter:   1:1        |ddm|: 1.978339e+01     Tr[DP]  8.311608e-01
 iter:   1:2        |ddm|: 3.545446e+00     Tr[DP]  3.662744e-01
 iter:   2:1        |ddm|: 3.802265e+01     Tr[DP]  2.944264e-01
 iter:   2:2        |ddm|: 2.921344e+00     Tr[DP]  2.050232e-01
 iter:   3:1        |ddm|: 3.830868e+01     Tr[DP]  2.017934e-01
 iter:   3:2        |ddm|: 1.972445e+00     Tr[DP]  2.087096e-01
 iter:   4:1        |ddm|: 2.898109e+00     Tr[DP]  1.913075e-01
 iter:   4:2        |ddm|: 5.214036e-01     Tr[DP]  1.748037e-01
 iter:   5:1        |ddm|: 1.577292e+00     Tr[DP]  1.944829e-01
 iter:   5:2        |ddm|: 3.333411e-01     Tr[DP]  1.598188e-01
 iter:   6:1        |ddm|: 1.245047e+00     Tr[DP]  1.919120e-01
 iter:   6:2        |ddm|: 2.444759e-01     Tr[DP]  1.523576e-01
 iter:   7:1        |ddm|: 9.506266e-01     Tr[DP]  1.833970e-01
 iter:   7:2        |ddm|: 1.576867e-01     Tr[DP]  1.471807e-01
 iter:   8:1        |ddm|: 6.965476e-01     Tr[DP]  1.741216e-01
 iter:   8:2        |ddm|: 1.061257e-01     Tr[DP]  1.444918e-01
 iter:   9:1        |ddm|: 5.034625e-01     Tr[DP]  1.664267e-01
 iter:   9:2        |ddm|: 7.565004e-02     Tr[DP]  1.412892e-01
 iter:  10:1        |ddm|: 3.959430e-01     Tr[DP]  1.601061e-01
 iter:  10:2        |ddm|: 7.316246e-02     Tr[DP]  1.412552e-01
 iter:  11:1        |ddm|: 3.365045e-01     Tr[DP]  1.540173e-01
 iter:  11:2        |ddm|: 6.085183e-02     Tr[DP]  1.360719e-01
 iter:  12:1        |ddm|: 2.111704e-01     Tr[DP]  1.489808e-01
 iter:  12:2        |ddm|: 3.872134e-02     Tr[DP]  1.356654e-01
 iter:  13:1        |ddm|: 1.684859e-01     Tr[DP]  1.451417e-01
 iter:  13:2        |ddm|: 3.234178e-02     Tr[DP]  1.348148e-01
 iter:  14:1        |ddm|: 1.373394e-01     Tr[DP]  1.420170e-01
 iter:  14:2        |ddm|: 2.814178e-02     Tr[DP]  1.335790e-01
 iter:  15:1        |ddm|: 1.090136e-01     Tr[DP]  1.398441e-01
 iter:  15:2        |ddm|: 2.646448e-02     Tr[DP]  1.339432e-01
 iter:  16:1        |ddm|: 9.579116e-02     Tr[DP]  1.380138e-01
 iter:  16:2        |ddm|: 2.280309e-02     Tr[DP]  1.328714e-01
 iter:  17:1        |ddm|: 7.486293e-02     Tr[DP]  1.364640e-01
 iter:  17:2        |ddm|: 1.982998e-02     Tr[DP]  1.321579e-01
 iter:  18:1        |ddm|: 6.059123e-02     Tr[DP]  1.352135e-01
 iter:  18:2        |ddm|: 1.778107e-02     Tr[DP]  1.316158e-01
 iter:  19:1        |ddm|: 5.507339e-02     Tr[DP]  1.341700e-01
 iter:  19:2        |ddm|: 1.720914e-02     Tr[DP]  1.309260e-01
 iter:  20:1        |ddm|: 3.897033e-02     Tr[DP]  1.333686e-01
 iter:  20:2        |ddm|: 1.523770e-02     Tr[DP]  1.307824e-01
 iter:  21:1        |ddm|: 4.223072e-02     Tr[DP]  1.326205e-01
 iter:  21:2        |ddm|: 1.597056e-02     Tr[DP]  1.301329e-01
 iter:  22:1        |ddm|: 2.974254e-02     Tr[DP]  1.321518e-01
 iter:  22:2        |ddm|: 1.445604e-02     Tr[DP]  1.301736e-01
 iter:  23:1        |ddm|: 3.137576e-02     Tr[DP]  1.318372e-01
 iter:  23:2        |ddm|: 1.684237e-02     Tr[DP]  1.301315e-01
 iter:  24:1        |ddm|: 3.408079e-02     Tr[DP]  1.314142e-01
 iter:  24:2        |ddm|: 1.584391e-02     Tr[DP]  1.295684e-01
 iter:  25:1        |ddm|: 2.793949e-02     Tr[DP]  1.310733e-01
 iter:  25:2        |ddm|: 1.644640e-02     Tr[DP]  1.293334e-01
 iter:  26:1        |ddm|: 2.802437e-02     Tr[DP]  1.307059e-01
 iter:  26:2        |ddm|: 1.575765e-02     Tr[DP]  1.289456e-01
 iter:  27:1        |ddm|: 2.907536e-02     Tr[DP]  1.302736e-01
 iter:  27:2        |ddm|: 1.472812e-02     Tr[DP]  1.284191e-01
 iter:  28:1        |ddm|: 2.438231e-02     Tr[DP]  1.298878e-01
 iter:  28:2        |ddm|: 1.382026e-02     Tr[DP]  1.280723e-01
 iter:  29:1        |ddm|: 2.301879e-02     Tr[DP]  1.295301e-01
 iter:  29:2        |ddm|: 1.343096e-02     Tr[DP]  1.277426e-01
 iter:  30:1        |ddm|: 2.257549e-02     Tr[DP]  1.291720e-01
 iter:  30:2        |ddm|: 1.299272e-02     Tr[DP]  1.273919e-01
 iter:  31:1        |ddm|: 1.928630e-02     Tr[DP]  1.289048e-01
 iter:  31:2        |ddm|: 1.298172e-02     Tr[DP]  1.272095e-01
 iter:  32:1        |ddm|: 2.012768e-02     Tr[DP]  1.286240e-01
 iter:  32:2        |ddm|: 1.290973e-02     Tr[DP]  1.269185e-01
 iter:  33:1        |ddm|: 1.928333e-02     Tr[DP]  1.283462e-01
 iter:  33:2        |ddm|: 1.271299e-02     Tr[DP]  1.266481e-01
 iter:  34:1        |ddm|: 1.899616e-02     Tr[DP]  1.280731e-01
 iter:  34:2        |ddm|: 1.249988e-02     Tr[DP]  1.263725e-01
 iter:  35:1        |ddm|: 1.792560e-02     Tr[DP]  1.278225e-01
 iter:  35:2        |ddm|: 1.248165e-02     Tr[DP]  1.261410e-01
 iter:  36:1        |ddm|: 1.782786e-02     Tr[DP]  1.275731e-01
 iter:  36:2        |ddm|: 1.253406e-02     Tr[DP]  1.259024e-01
 iter:  37:1        |ddm|: 1.864986e-02     Tr[DP]  1.273095e-01
 iter:  37:2        |ddm|: 1.222048e-02     Tr[DP]  1.256028e-01
 iter:  38:1        |ddm|: 1.775842e-02     Tr[DP]  1.270482e-01
 iter:  38:2        |ddm|: 1.192168e-02     Tr[DP]  1.253356e-01
 iter:  39:1        |ddm|: 1.694725e-02     Tr[DP]  1.268027e-01
 iter:  39:2        |ddm|: 1.184898e-02     Tr[DP]  1.251030e-01
 iter:  40:1        |ddm|: 1.664800e-02     Tr[DP]  1.265663e-01
 iter:  40:2        |ddm|: 1.194726e-02     Tr[DP]  1.248783e-01
 iter:  41:1        |ddm|: 1.754582e-02     Tr[DP]  1.263153e-01
 iter:  41:2        |ddm|: 1.166464e-02     Tr[DP]  1.245968e-01
 iter:  42:1        |ddm|: 1.606339e-02     Tr[DP]  1.260926e-01
 iter:  42:2        |ddm|: 1.183000e-02     Tr[DP]  1.243730e-01
 iter:  43:1        |ddm|: 1.660071e-02     Tr[DP]  1.258462e-01
 iter:  43:2        |ddm|: 1.156504e-02     Tr[DP]  1.241223e-01
 iter:  44:1        |ddm|: 1.770895e-02     Tr[DP]  1.255479e-01
 iter:  44:2        |ddm|: 1.079389e-02     Tr[DP]  1.238308e-01
 iter:  45:1        |ddm|: 1.470993e-02     Tr[DP]  1.253619e-01
 iter:  45:2        |ddm|: 1.239939e-02     Tr[DP]  1.236729e-01
 iter:  46:1        |ddm|: 1.930277e-02     Tr[DP]  1.250754e-01
 iter:  46:2        |ddm|: 1.117053e-02     Tr[DP]  1.233215e-01
 iter:  47:1        |ddm|: 2.872345e-02     Tr[DP]  1.250866e-01
 iter:  47:2        |ddm|: 2.102396e-02     Tr[DP]  1.235159e-01
 iter:  48:1        |ddm|: 2.994544e-02     Tr[DP]  1.247493e-01
 iter:  48:2        |ddm|: 1.322661e-02     Tr[DP]  1.228358e-01
 iter:  49:1        |ddm|: 1.825934e-02     Tr[DP]  1.245720e-01
 iter:  49:2        |ddm|: 1.566643e-02     Tr[DP]  1.227413e-01
 iter:  50:1        |ddm|: 1.926310e-02     Tr[DP]  1.242495e-01
 iter:  50:2        |ddm|: 1.275418e-02     Tr[DP]  1.223200e-01
 iter:  51:1        |ddm|: 1.735106e-02     Tr[DP]  1.239523e-01
 iter:  51:2        |ddm|: 1.236681e-02     Tr[DP]  1.219898e-01
 iter:  52:1        |ddm|: 1.667614e-02     Tr[DP]  1.236777e-01
 iter:  52:2        |ddm|: 1.252761e-02     Tr[DP]  1.216957e-01
 iter:  53:1        |ddm|: 1.877027e-02     Tr[DP]  1.233433e-01
 iter:  53:2        |ddm|: 1.183797e-02     Tr[DP]  1.213252e-01
 iter:  54:1        |ddm|: 1.770128e-02     Tr[DP]  1.230242e-01
 iter:  54:2        |ddm|: 1.131206e-02     Tr[DP]  1.210111e-01
 iter:  55:1        |ddm|: 1.678717e-02     Tr[DP]  1.227309e-01
 iter:  55:2        |ddm|: 1.108998e-02     Tr[DP]  1.207300e-01
 iter:  56:1        |ddm|: 1.672174e-02     Tr[DP]  1.224383e-01
 iter:  56:2        |ddm|: 1.089279e-02     Tr[DP]  1.204497e-01
 iter:  57:1        |ddm|: 1.618636e-02     Tr[DP]  1.221581e-01
 iter:  57:2        |ddm|: 1.070955e-02     Tr[DP]  1.201849e-01
 iter:  58:1        |ddm|: 1.579867e-02     Tr[DP]  1.218883e-01
 iter:  58:2        |ddm|: 1.059693e-02     Tr[DP]  1.199282e-01
 iter:  59:1        |ddm|: 1.539619e-02     Tr[DP]  1.216272e-01
 iter:  59:2        |ddm|: 1.051434e-02     Tr[DP]  1.196783e-01
 iter:  60:1        |ddm|: 1.464737e-02     Tr[DP]  1.213825e-01
 iter:  60:2        |ddm|: 1.052769e-02     Tr[DP]  1.194451e-01
 iter:  61:1        |ddm|: 1.523193e-02     Tr[DP]  1.211271e-01
 iter:  61:2        |ddm|: 1.045969e-02     Tr[DP]  1.191861e-01
 iter:  62:1        |ddm|: 1.484825e-02     Tr[DP]  1.208747e-01
 iter:  62:2        |ddm|: 1.033212e-02     Tr[DP]  1.189366e-01
 iter:  63:1        |ddm|: 1.489317e-02     Tr[DP]  1.206202e-01
 iter:  63:2        |ddm|: 1.021067e-02     Tr[DP]  1.186846e-01
 iter:  64:1        |ddm|: 1.475735e-02     Tr[DP]  1.203664e-01
 iter:  64:2        |ddm|: 1.005629e-02     Tr[DP]  1.184373e-01
 iter:  65:1        |ddm|: 1.449130e-02     Tr[DP]  1.201214e-01
 iter:  65:2        |ddm|: 9.928272e-03     Tr[DP]  1.182025e-01
 iter:  66:1        |ddm|: 1.460514e-02     Tr[DP]  1.198644e-01
 iter:  66:2        |ddm|: 9.834504e-03     Tr[DP]  1.179560e-01
 iter:  67:1        |ddm|: 1.348367e-02     Tr[DP]  1.196400e-01
 iter:  67:2        |ddm|: 9.901012e-03     Tr[DP]  1.177347e-01
 iter:  68:1        |ddm|: 1.330106e-02     Tr[DP]  1.194172e-01
 iter:  68:2        |ddm|: 1.008257e-02     Tr[DP]  1.175052e-01
 iter:  69:1        |ddm|: 1.253942e-02     Tr[DP]  1.192083e-01
 iter:  69:2        |ddm|: 1.020513e-02     Tr[DP]  1.172883e-01
 iter:  70:1        |ddm|: 1.781949e-02     Tr[DP]  1.189090e-01
 iter:  70:2        |ddm|: 9.863363e-03     Tr[DP]  1.169483e-01
 iter:  71:1        |ddm|: 2.216650e-02     Tr[DP]  1.185491e-01
 iter:  71:2        |ddm|: 1.000390e-02     Tr[DP]  1.166305e-01
 iter:  72:1        |ddm|: 1.472700e-02     Tr[DP]  1.183698e-01
 iter:  72:2        |ddm|: 8.750945e-03     Tr[DP]  1.164798e-01
 iter:  73:1        |ddm|: 4.462193e-02     Tr[DP]  1.185011e-01
 iter:  73:2        |ddm|: 2.263151e-02     Tr[DP]  1.167464e-01
 iter:  74:1        |ddm|: 1.828007e-02     Tr[DP]  1.182623e-01
 iter:  74:2        |ddm|: 1.352072e-02     Tr[DP]  1.162039e-01
 iter:  75:1        |ddm|: 1.772665e-02     Tr[DP]  1.179147e-01
 iter:  75:2        |ddm|: 1.272321e-02     Tr[DP]  1.157054e-01
 iter:  76:1        |ddm|: 1.605798e-02     Tr[DP]  1.176083e-01
 iter:  76:2        |ddm|: 1.274045e-02     Tr[DP]  1.153076e-01
 iter:  77:1        |ddm|: 1.911046e-02     Tr[DP]  1.172086e-01
 iter:  77:2        |ddm|: 1.158784e-02     Tr[DP]  1.148677e-01
 iter:  78:1        |ddm|: 1.747937e-02     Tr[DP]  1.168451e-01
 iter:  78:2        |ddm|: 1.100801e-02     Tr[DP]  1.145070e-01
 iter:  79:1        |ddm|: 2.032040e-02     Tr[DP]  1.164407e-01
 iter:  79:2        |ddm|: 1.018926e-02     Tr[DP]  1.141381e-01
 iter:  80:1        |ddm|: 1.423083e-02     Tr[DP]  1.161698e-01
 iter:  80:2        |ddm|: 1.050456e-02     Tr[DP]  1.138949e-01
 iter:  81:1        |ddm|: 1.515283e-02     Tr[DP]  1.158740e-01
 iter:  81:2        |ddm|: 1.059720e-02     Tr[DP]  1.135981e-01
 iter:  82:1        |ddm|: 1.675417e-02     Tr[DP]  1.155482e-01
 iter:  82:2        |ddm|: 1.016714e-02     Tr[DP]  1.132830e-01
 iter:  83:1        |ddm|: 1.375368e-02     Tr[DP]  1.152861e-01
 iter:  83:2        |ddm|: 1.056482e-02     Tr[DP]  1.130252e-01
 iter:  84:1        |ddm|: 1.498935e-02     Tr[DP]  1.149946e-01
 iter:  84:2        |ddm|: 1.045378e-02     Tr[DP]  1.127242e-01
 iter:  85:1        |ddm|: 1.347864e-02     Tr[DP]  1.147363e-01
 iter:  85:2        |ddm|: 1.095782e-02     Tr[DP]  1.124475e-01
 iter:  86:1        |ddm|: 1.585353e-02     Tr[DP]  1.144244e-01
 iter:  86:2        |ddm|: 1.048719e-02     Tr[DP]  1.121193e-01
 iter:  87:1        |ddm|: 1.482911e-02     Tr[DP]  1.141312e-01
 iter:  87:2        |ddm|: 1.042611e-02     Tr[DP]  1.118213e-01
 iter:  88:1        |ddm|: 1.498535e-02     Tr[DP]  1.138355e-01
 iter:  88:2        |ddm|: 1.031885e-02     Tr[DP]  1.115217e-01
 iter:  89:1        |ddm|: 1.514301e-02     Tr[DP]  1.135386e-01
 iter:  89:2        |ddm|: 1.016944e-02     Tr[DP]  1.112246e-01
 iter:  90:1        |ddm|: 1.380043e-02     Tr[DP]  1.132714e-01
 iter:  90:2        |ddm|: 1.045639e-02     Tr[DP]  1.109494e-01
 iter:  91:1        |ddm|: 2.648284e-02     Tr[DP]  1.128321e-01
 iter:  91:2        |ddm|: 9.813420e-03     Tr[DP]  1.105738e-01
 iter:  92:1        |ddm|: 2.333928e-02     Tr[DP]  1.128487e-01
 iter:  92:2        |ddm|: 1.556545e-02     Tr[DP]  1.105281e-01
 iter:  93:1        |ddm|: 1.938938e-02     Tr[DP]  1.124728e-01
 iter:  93:2        |ddm|: 1.120325e-02     Tr[DP]  1.100646e-01
 iter:  94:1        |ddm|: 1.345831e-02     Tr[DP]  1.122066e-01
 iter:  94:2        |ddm|: 1.192097e-02     Tr[DP]  1.097480e-01
 iter:  95:1        |ddm|: 1.734712e-02     Tr[DP]  1.118466e-01
 iter:  95:2        |ddm|: 1.087135e-02     Tr[DP]  1.093570e-01
 iter:  96:1        |ddm|: 1.629765e-02     Tr[DP]  1.115063e-01
 iter:  96:2        |ddm|: 1.060644e-02     Tr[DP]  1.090164e-01
 iter:  97:1        |ddm|: 1.805526e-02     Tr[DP]  1.111487e-01
 iter:  97:2        |ddm|: 9.949009e-03     Tr[DP]  1.086825e-01
 iter:  98:1        |ddm|: 1.424481e-02     Tr[DP]  1.108629e-01
 iter:  98:2        |ddm|: 1.012153e-02     Tr[DP]  1.084101e-01
 iter:  99:1        |ddm|: 1.354481e-02     Tr[DP]  1.105912e-01
 iter:  99:2        |ddm|: 1.065638e-02     Tr[DP]  1.081177e-01
 iter: 100:1        |ddm|: 1.526669e-02     Tr[DP]  1.102787e-01
 iter: 100:2        |ddm|: 1.044190e-02     Tr[DP]  1.077905e-01
 iter: 101:1        |ddm|: 1.322870e-02     Tr[DP]  1.100085e-01
 iter: 101:2        |ddm|: 1.104228e-02     Tr[DP]  1.074869e-01
 iter: 102:1        |ddm|: 2.001582e-02     Tr[DP]  1.096231e-01
 iter: 102:2        |ddm|: 9.906657e-03     Tr[DP]  1.071183e-01
 iter: 103:1        |ddm|: 1.389187e-02     Tr[DP]  1.093412e-01
 iter: 103:2        |ddm|: 1.006807e-02     Tr[DP]  1.068485e-01
 iter: 104:1        |ddm|: 1.290046e-02     Tr[DP]  1.091478e-01
 iter: 104:2        |ddm|: 1.269646e-02     Tr[DP]  1.065787e-01
 iter: 105:1        |ddm|: 1.864938e-02     Tr[DP]  1.087693e-01
 iter: 105:2        |ddm|: 1.079720e-02     Tr[DP]  1.061621e-01
 iter: 106:1        |ddm|: 1.323727e-02     Tr[DP]  1.085095e-01
 iter: 106:2        |ddm|: 1.217295e-02     Tr[DP]  1.058428e-01
 iter: 107:1        |ddm|: 1.747377e-02     Tr[DP]  1.081403e-01
 iter: 107:2        |ddm|: 1.115920e-02     Tr[DP]  1.054315e-01
 iter: 108:1        |ddm|: 1.761063e-02     Tr[DP]  1.079690e-01
 iter: 108:2        |ddm|: 1.519661e-02     Tr[DP]  1.051091e-01
 iter: 109:1        |ddm|: 2.871929e-02     Tr[DP]  1.074195e-01
 iter: 109:2        |ddm|: 1.148888e-02     Tr[DP]  1.045366e-01
 iter: 110:1        |ddm|: 1.902099e-02     Tr[DP]  1.070159e-01
 iter: 110:2        |ddm|: 1.050921e-02     Tr[DP]  1.041822e-01
 iter: 111:1        |ddm|: 1.633422e-02     Tr[DP]  1.066707e-01
 iter: 111:2        |ddm|: 1.070072e-02     Tr[DP]  1.038547e-01
 iter: 112:1        |ddm|: 1.694956e-02     Tr[DP]  1.063193e-01
 iter: 112:2        |ddm|: 1.061944e-02     Tr[DP]  1.035139e-01
 iter: 113:1        |ddm|: 1.723755e-02     Tr[DP]  1.059683e-01
 iter: 113:2        |ddm|: 1.040829e-02     Tr[DP]  1.031807e-01
 iter: 114:1        |ddm|: 1.720608e-02     Tr[DP]  1.056246e-01
 iter: 114:2        |ddm|: 1.019459e-02     Tr[DP]  1.028613e-01
 iter: 115:1        |ddm|: 2.347543e-02     Tr[DP]  1.052232e-01
 iter: 115:2        |ddm|: 9.523170e-03     Tr[DP]  1.025456e-01
 iter: 116:1        |ddm|: 1.796129e-02     Tr[DP]  1.049092e-01
 iter: 116:2        |ddm|: 9.000584e-03     Tr[DP]  1.023186e-01
 iter: 117:1        |ddm|: 2.519345e-02     Tr[DP]  1.049040e-01
 iter: 117:2        |ddm|: 1.611052e-02     Tr[DP]  1.021429e-01
 iter: 118:1        |ddm|: 1.897358e-02     Tr[DP]  1.045106e-01
 iter: 118:2        |ddm|: 1.198577e-02     Tr[DP]  1.016317e-01
 iter: 119:1        |ddm|: 1.837283e-02     Tr[DP]  1.041141e-01
 iter: 119:2        |ddm|: 1.104396e-02     Tr[DP]  1.012147e-01
 iter: 120:1        |ddm|: 1.856117e-02     Tr[DP]  1.037277e-01
 iter: 120:2        |ddm|: 1.052855e-02     Tr[DP]  1.008406e-01
 iter: 121:1        |ddm|: 1.406625e-02     Tr[DP]  1.034189e-01
 iter: 121:2        |ddm|: 1.141214e-02     Tr[DP]  1.005031e-01
 iter: 122:1        |ddm|: 1.537666e-02     Tr[DP]  1.030758e-01
 iter: 122:2        |ddm|: 1.138070e-02     Tr[DP]  1.001273e-01
 iter: 123:1        |ddm|: 1.929481e-02     Tr[DP]  1.026835e-01
 iter: 123:2        |ddm|: 1.051569e-02     Tr[DP]  9.974020e-02
 iter: 124:1        |ddm|: 1.743820e-02     Tr[DP]  1.023199e-01
 iter: 124:2        |ddm|: 1.038673e-02     Tr[DP]  9.939877e-02
 iter: 125:1        |ddm|: 1.635483e-02     Tr[DP]  1.019810e-01
 iter: 125:2        |ddm|: 1.035416e-02     Tr[DP]  9.907247e-02
 iter: 126:1        |ddm|: 1.779768e-02     Tr[DP]  1.016320e-01
 iter: 126:2        |ddm|: 9.889681e-03     Tr[DP]  9.873865e-02
 iter: 127:1        |ddm|: 1.683334e-02     Tr[DP]  1.012941e-01
 iter: 127:2        |ddm|: 1.002796e-02     Tr[DP]  9.842846e-02
 iter: 128:1        |ddm|: 1.958099e-02     Tr[DP]  1.009326e-01
 iter: 128:2        |ddm|: 9.552850e-03     Tr[DP]  9.812213e-02
 iter: 129:1        |ddm|: 2.368608e-02     Tr[DP]  1.005565e-01
 iter: 129:2        |ddm|: 8.967512e-03     Tr[DP]  9.785542e-02
 iter: 130:1        |ddm|: 3.377935e-02     Tr[DP]  1.005830e-01
 iter: 130:2        |ddm|: 1.801726e-02     Tr[DP]  9.767530e-02
 iter: 131:1        |ddm|: 1.650251e-02     Tr[DP]  1.002164e-01
 iter: 131:2        |ddm|: 1.320791e-02     Tr[DP]  9.711223e-02
 iter: 132:1        |ddm|: 1.762309e-02     Tr[DP]  9.980781e-02
 iter: 132:2        |ddm|: 1.247845e-02     Tr[DP]  9.661131e-02
 iter: 133:1        |ddm|: 3.097444e-02     Tr[DP]  9.927208e-02
 iter: 133:2        |ddm|: 1.052359e-02     Tr[DP]  9.613607e-02
 iter: 134:1        |ddm|: 1.578155e-02     Tr[DP]  9.900109e-02
 iter: 134:2        |ddm|: 1.394977e-02     Tr[DP]  9.582950e-02
 iter: 135:1        |ddm|: 2.579626e-02     Tr[DP]  9.852807e-02
 iter: 135:2        |ddm|: 1.060980e-02     Tr[DP]  9.537512e-02
 iter: 136:1        |ddm|: 1.418438e-02     Tr[DP]  9.829085e-02
 iter: 136:2        |ddm|: 1.271879e-02     Tr[DP]  9.503218e-02
 iter: 137:1        |ddm|: 2.569272e-02     Tr[DP]  9.779963e-02
 iter: 137:2        |ddm|: 1.108311e-02     Tr[DP]  9.454887e-02
 iter: 138:1        |ddm|: 3.000297e-02     Tr[DP]  9.730480e-02
 iter: 138:2        |ddm|: 9.740523e-03     Tr[DP]  9.419233e-02
 iter: 139:1        |ddm|: 2.584665e-02     Tr[DP]  9.690330e-02
 iter: 139:2        |ddm|: 9.049788e-03     Tr[DP]  9.396619e-02
 iter: 140:1        |ddm|: 4.913999e-02     Tr[DP]  9.702760e-02
 iter: 140:2        |ddm|: 2.098712e-02     Tr[DP]  9.375818e-02
 iter: 141:1        |ddm|: 2.277384e-02     Tr[DP]  9.656663e-02
 iter: 141:2        |ddm|: 1.408341e-02     Tr[DP]  9.305221e-02
 iter: 142:1        |ddm|: 2.877013e-02     Tr[DP]  9.600053e-02
 iter: 142:2        |ddm|: 1.176866e-02     Tr[DP]  9.249472e-02
 iter: 143:1        |ddm|: 1.912808e-02     Tr[DP]  9.556341e-02
 iter: 143:2        |ddm|: 1.165300e-02     Tr[DP]  9.207402e-02
 iter: 144:1        |ddm|: 1.738883e-02     Tr[DP]  9.516554e-02
 iter: 144:2        |ddm|: 1.199193e-02     Tr[DP]  9.164602e-02
 iter: 145:1        |ddm|: 2.327154e-02     Tr[DP]  9.470899e-02
 iter: 145:2        |ddm|: 1.119196e-02     Tr[DP]  9.120352e-02
 iter: 146:1        |ddm|: 2.279122e-02     Tr[DP]  9.426741e-02
 iter: 146:2        |ddm|: 1.071910e-02     Tr[DP]  9.082475e-02
 iter: 147:1        |ddm|: 1.871933e-02     Tr[DP]  9.387574e-02
 iter: 147:2        |ddm|: 1.081652e-02     Tr[DP]  9.048924e-02
 iter: 148:1        |ddm|: 1.439254e-02     Tr[DP]  9.355408e-02
 iter: 148:2        |ddm|: 1.167805e-02     Tr[DP]  9.014036e-02
 iter: 149:1        |ddm|: 1.490650e-02     Tr[DP]  9.321551e-02
 iter: 149:2        |ddm|: 1.242319e-02     Tr[DP]  8.972242e-02
 iter: 150:1        |ddm|: 1.656642e-02     Tr[DP]  9.283730e-02
 iter: 150:2        |ddm|: 1.243396e-02     Tr[DP]  8.926290e-02
 iter: 151:1        |ddm|: 1.723420e-02     Tr[DP]  9.243693e-02
 iter: 151:2        |ddm|: 1.256020e-02     Tr[DP]  8.879021e-02
 iter: 152:1        |ddm|: 1.723774e-02     Tr[DP]  9.210172e-02
 iter: 152:2        |ddm|: 1.489132e-02     Tr[DP]  8.829000e-02
 iter: 153:1        |ddm|: 2.890253e-02     Tr[DP]  9.156255e-02
 iter: 153:2        |ddm|: 1.235359e-02     Tr[DP]  8.771197e-02
 iter: 154:1        |ddm|: 2.283318e-02     Tr[DP]  9.107724e-02
 iter: 154:2        |ddm|: 1.185337e-02     Tr[DP]  8.726099e-02
 iter: 155:1        |ddm|: 2.633628e-02     Tr[DP]  9.059101e-02
 iter: 155:2        |ddm|: 1.119095e-02     Tr[DP]  8.684578e-02
 iter: 156:1        |ddm|: 1.724959e-02     Tr[DP]  9.020525e-02
 iter: 156:2        |ddm|: 1.174875e-02     Tr[DP]  8.648006e-02
 iter: 157:1        |ddm|: 1.898509e-02     Tr[DP]  8.980486e-02
 iter: 157:2        |ddm|: 1.177793e-02     Tr[DP]  8.606899e-02
 iter: 158:1        |ddm|: 2.175915e-02     Tr[DP]  8.937585e-02
 iter: 158:2        |ddm|: 1.136043e-02     Tr[DP]  8.566226e-02
 iter: 159:1        |ddm|: 1.774542e-02     Tr[DP]  8.898820e-02
 iter: 159:2        |ddm|: 1.169092e-02     Tr[DP]  8.527768e-02
 iter: 160:1        |ddm|: 2.049478e-02     Tr[DP]  8.857730e-02
 iter: 160:2        |ddm|: 1.138605e-02     Tr[DP]  8.487534e-02
 iter: 161:1        |ddm|: 1.513312e-02     Tr[DP]  8.824002e-02
 iter: 161:2        |ddm|: 1.298085e-02     Tr[DP]  8.447106e-02
 iter: 162:1        |ddm|: 2.120013e-02     Tr[DP]  8.781131e-02
 iter: 162:2        |ddm|: 1.198496e-02     Tr[DP]  8.399732e-02
 iter: 163:1        |ddm|: 2.235183e-02     Tr[DP]  8.736479e-02
 iter: 163:2        |ddm|: 1.151217e-02     Tr[DP]  8.356922e-02
 iter: 164:1        |ddm|: 1.751725e-02     Tr[DP]  8.697029e-02
 iter: 164:2        |ddm|: 1.200808e-02     Tr[DP]  8.316449e-02
 iter: 165:1        |ddm|: 2.247887e-02     Tr[DP]  8.653673e-02
 iter: 165:2        |ddm|: 1.139772e-02     Tr[DP]  8.274163e-02
 iter: 166:1        |ddm|: 2.180036e-02     Tr[DP]  8.611072e-02
 iter: 166:2        |ddm|: 1.114073e-02     Tr[DP]  8.235840e-02
 iter: 167:1        |ddm|: 2.137734e-02     Tr[DP]  8.570010e-02
 iter: 167:2        |ddm|: 1.092605e-02     Tr[DP]  8.199730e-02
 iter: 168:1        |ddm|: 1.936283e-02     Tr[DP]  8.531345e-02
 iter: 168:2        |ddm|: 1.092128e-02     Tr[DP]  8.164857e-02
 iter: 169:1        |ddm|: 1.483043e-02     Tr[DP]  8.498106e-02
 iter: 169:2        |ddm|: 1.197995e-02     Tr[DP]  8.127642e-02
 iter: 170:1        |ddm|: 2.043264e-02     Tr[DP]  8.458049e-02
 iter: 170:2        |ddm|: 1.136040e-02     Tr[DP]  8.084987e-02
 iter: 171:1        |ddm|: 2.084424e-02     Tr[DP]  8.416662e-02
 iter: 171:2        |ddm|: 1.105357e-02     Tr[DP]  8.045755e-02
 iter: 172:1        |ddm|: 1.916387e-02     Tr[DP]  8.377278e-02
 iter: 172:2        |ddm|: 1.102780e-02     Tr[DP]  8.008328e-02
 iter: 173:1        |ddm|: 2.163874e-02     Tr[DP]  8.336885e-02
 iter: 173:2        |ddm|: 1.066648e-02     Tr[DP]  7.971739e-02
 iter: 174:1        |ddm|: 3.425634e-02     Tr[DP]  8.290751e-02
 iter: 174:2        |ddm|: 9.874065e-03     Tr[DP]  7.941183e-02
 iter: 175:1        |ddm|: 1.560156e-02     Tr[DP]  8.259235e-02
 iter: 175:2        |ddm|: 1.015046e-02     Tr[DP]  7.919091e-02
 iter: 176:1        |ddm|: 1.343691e-02     Tr[DP]  8.232201e-02
 iter: 176:2        |ddm|: 1.111734e-02     Tr[DP]  7.887034e-02
 iter: 177:1        |ddm|: 1.657498e-02     Tr[DP]  8.198253e-02
 iter: 177:2        |ddm|: 1.081123e-02     Tr[DP]  7.848177e-02
 iter: 178:1        |ddm|: 2.315522e-02     Tr[DP]  8.158445e-02
 iter: 178:2        |ddm|: 1.006239e-02     Tr[DP]  7.812266e-02
 iter: 179:1        |ddm|: 4.347071e-02     Tr[DP]  8.143582e-02
 iter: 179:2        |ddm|: 1.825910e-02     Tr[DP]  7.770175e-02
 iter: 180:1        |ddm|: 2.290778e-02     Tr[DP]  8.104939e-02
 iter: 180:2        |ddm|: 1.433596e-02     Tr[DP]  7.699657e-02
 iter: 181:1        |ddm|: 3.192258e-02     Tr[DP]  8.050160e-02
 iter: 181:2        |ddm|: 1.243687e-02     Tr[DP]  7.639849e-02
 iter: 182:1        |ddm|: 2.476809e-02     Tr[DP]  8.000098e-02
 iter: 182:2        |ddm|: 1.195232e-02     Tr[DP]  7.593163e-02
 iter: 183:1        |ddm|: 2.223839e-02     Tr[DP]  7.954621e-02
 iter: 183:2        |ddm|: 1.193455e-02     Tr[DP]  7.548994e-02
 iter: 184:1        |ddm|: 2.092382e-02     Tr[DP]  7.911478e-02
 iter: 184:2        |ddm|: 1.207383e-02     Tr[DP]  7.505007e-02
 iter: 185:1        |ddm|: 1.880044e-02     Tr[DP]  7.871236e-02
 iter: 185:2        |ddm|: 1.290559e-02     Tr[DP]  7.460254e-02
 iter: 186:1        |ddm|: 2.540993e-02     Tr[DP]  7.825296e-02
 iter: 186:2        |ddm|: 1.186003e-02     Tr[DP]  7.413004e-02
 iter: 187:1        |ddm|: 2.222935e-02     Tr[DP]  7.790511e-02
 iter: 187:2        |ddm|: 1.493573e-02     Tr[DP]  7.365716e-02
 iter: 188:1        |ddm|: 5.229559e-02     Tr[DP]  7.733360e-02
 iter: 188:2        |ddm|: 1.209019e-02     Tr[DP]  7.315059e-02
 iter: 189:1        |ddm|: 1.989430e-02     Tr[DP]  7.688566e-02
 iter: 189:2        |ddm|: 1.169105e-02     Tr[DP]  7.285068e-02
 iter: 190:1        |ddm|: 2.177599e-02     Tr[DP]  7.649590e-02
 iter: 190:2        |ddm|: 1.144693e-02     Tr[DP]  7.248756e-02
 iter: 191:1        |ddm|: 2.174920e-02     Tr[DP]  7.609396e-02
 iter: 191:2        |ddm|: 1.130249e-02     Tr[DP]  7.213060e-02
 iter: 192:1        |ddm|: 2.349620e-02     Tr[DP]  7.568982e-02
 iter: 192:2        |ddm|: 1.098200e-02     Tr[DP]  7.178893e-02
 iter: 193:1        |ddm|: 1.879868e-02     Tr[DP]  7.531877e-02
 iter: 193:2        |ddm|: 1.127435e-02     Tr[DP]  7.145724e-02
 iter: 194:1        |ddm|: 1.842836e-02     Tr[DP]  7.496047e-02
 iter: 194:2        |ddm|: 1.142494e-02     Tr[DP]  7.109622e-02
 iter: 195:1        |ddm|: 2.462389e-02     Tr[DP]  7.456341e-02
 iter: 195:2        |ddm|: 1.075150e-02     Tr[DP]  7.074012e-02
 iter: 196:1        |ddm|: 1.941727e-02     Tr[DP]  7.418976e-02
 iter: 196:2        |ddm|: 1.091563e-02     Tr[DP]  7.041909e-02
 iter: 197:1        |ddm|: 2.071574e-02     Tr[DP]  7.382505e-02
 iter: 197:2        |ddm|: 1.067885e-02     Tr[DP]  7.008943e-02
 iter: 198:1        |ddm|: 1.939046e-02     Tr[DP]  7.346649e-02
 iter: 198:2        |ddm|: 1.068700e-02     Tr[DP]  6.976690e-02
 iter: 199:1        |ddm|: 2.093973e-02     Tr[DP]  7.310563e-02
 iter: 199:2        |ddm|: 1.041551e-02     Tr[DP]  6.944742e-02
 iter: 200:1        |ddm|: 1.900422e-02     Tr[DP]  7.275580e-02
 iter: 200:2        |ddm|: 1.044972e-02     Tr[DP]  6.913910e-02
 iter: 201:1        |ddm|: 1.606743e-02     Tr[DP]  7.244049e-02
 iter: 201:2        |ddm|: 1.123633e-02     Tr[DP]  6.880428e-02
 iter: 202:1        |ddm|: 2.078123e-02     Tr[DP]  7.209333e-02
 iter: 202:2        |ddm|: 1.063043e-02     Tr[DP]  6.844029e-02
 iter: 203:1        |ddm|: 2.049203e-02     Tr[DP]  7.172916e-02
 iter: 203:2        |ddm|: 1.045078e-02     Tr[DP]  6.810889e-02
 iter: 204:1        |ddm|: 1.906507e-02     Tr[DP]  7.138120e-02
 iter: 204:2        |ddm|: 1.048531e-02     Tr[DP]  6.778735e-02
 iter: 205:1        |ddm|: 3.014651e-02     Tr[DP]  7.113845e-02
 iter: 205:2        |ddm|: 1.485255e-02     Tr[DP]  6.738485e-02
 iter: 206:1        |ddm|: 3.740063e-02     Tr[DP]  7.074494e-02
 iter: 206:2        |ddm|: 1.118439e-02     Tr[DP]  6.689960e-02
 iter: 207:1        |ddm|: 2.473352e-02     Tr[DP]  7.031356e-02
 iter: 207:2        |ddm|: 1.062858e-02     Tr[DP]  6.658290e-02
 iter: 208:1        |ddm|: 1.744784e-02     Tr[DP]  6.998715e-02
 iter: 208:2        |ddm|: 1.196883e-02     Tr[DP]  6.624447e-02
 iter: 209:1        |ddm|: 1.998593e-02     Tr[DP]  6.965230e-02
 iter: 209:2        |ddm|: 1.169842e-02     Tr[DP]  6.584509e-02
 iter: 210:1        |ddm|: 3.043521e-02     Tr[DP]  6.925179e-02
 iter: 210:2        |ddm|: 1.055727e-02     Tr[DP]  6.549581e-02
 iter: 211:1        |ddm|: 2.651024e-02     Tr[DP]  6.885705e-02
 iter: 211:2        |ddm|: 1.007940e-02     Tr[DP]  6.523473e-02
 iter: 212:1        |ddm|: 1.815438e-02     Tr[DP]  6.852782e-02
 iter: 212:2        |ddm|: 1.044185e-02     Tr[DP]  6.498040e-02
 iter: 213:1        |ddm|: 1.894589e-02     Tr[DP]  6.821798e-02
 iter: 213:2        |ddm|: 1.031176e-02     Tr[DP]  6.469117e-02
 iter: 214:1        |ddm|: 1.958251e-02     Tr[DP]  6.789728e-02
 iter: 214:2        |ddm|: 1.017384e-02     Tr[DP]  6.440436e-02
 iter: 215:1        |ddm|: 2.292224e-02     Tr[DP]  6.756597e-02
 iter: 215:2        |ddm|: 9.681143e-03     Tr[DP]  6.413923e-02
 iter: 216:1        |ddm|: 1.738800e-02     Tr[DP]  6.725946e-02
 iter: 216:2        |ddm|: 1.003901e-02     Tr[DP]  6.388815e-02
 iter: 217:1        |ddm|: 3.919434e-02     Tr[DP]  6.690287e-02
 iter: 217:2        |ddm|: 9.126268e-03     Tr[DP]  6.368733e-02
 iter: 218:1        |ddm|: 1.765583e-02     Tr[DP]  6.660906e-02
 iter: 218:2        |ddm|: 9.344848e-03     Tr[DP]  6.355369e-02
 iter: 219:1        |ddm|: 2.493427e-02     Tr[DP]  6.634344e-02
 iter: 219:2        |ddm|: 8.279877e-03     Tr[DP]  6.337407e-02
 iter: 220:1        |ddm|: 7.978219e-02     Tr[DP]  6.626529e-02
 iter: 220:2        |ddm|: 2.150793e-02     Tr[DP]  6.301273e-02
 iter: 221:1        |ddm|: 7.010664e-02     Tr[DP]  6.597884e-02
 iter: 221:2        |ddm|: 1.217528e-02     Tr[DP]  6.249721e-02
 iter: 222:1        |ddm|: 1.870908e-02     Tr[DP]  6.555167e-02
 iter: 222:2        |ddm|: 1.027586e-02     Tr[DP]  6.229810e-02
 iter: 223:1        |ddm|: 1.908783e-02     Tr[DP]  6.532410e-02
 iter: 223:2        |ddm|: 1.206129e-02     Tr[DP]  6.197961e-02
 iter: 224:1        |ddm|: 3.028533e-02     Tr[DP]  6.501967e-02
 iter: 224:2        |ddm|: 9.882645e-03     Tr[DP]  6.164938e-02
 iter: 225:1        |ddm|: 2.102452e-02     Tr[DP]  6.468424e-02
 iter: 225:2        |ddm|: 9.774633e-03     Tr[DP]  6.141107e-02
 iter: 226:1        |ddm|: 2.387664e-02     Tr[DP]  6.438094e-02
 iter: 226:2        |ddm|: 9.117308e-03     Tr[DP]  6.119203e-02
 iter: 227:1        |ddm|: 1.931365e-02     Tr[DP]  6.409178e-02
 iter: 227:2        |ddm|: 9.090863e-03     Tr[DP]  6.099719e-02
 iter: 228:1        |ddm|: 2.136484e-02     Tr[DP]  6.381907e-02
 iter: 228:2        |ddm|: 8.612103e-03     Tr[DP]  6.081106e-02
 iter: 229:1        |ddm|: 1.581685e-02     Tr[DP]  6.357757e-02
 iter: 229:2        |ddm|: 9.667399e-03     Tr[DP]  6.060527e-02
 iter: 230:1        |ddm|: 1.767082e-02     Tr[DP]  6.334822e-02
 iter: 230:2        |ddm|: 9.025378e-03     Tr[DP]  6.036318e-02
 iter: 231:1        |ddm|: 2.081572e-02     Tr[DP]  6.308111e-02
 iter: 231:2        |ddm|: 8.515719e-03     Tr[DP]  6.015763e-02
 iter: 232:1        |ddm|: 1.527441e-02     Tr[DP]  6.284074e-02
 iter: 232:2        |ddm|: 9.333907e-03     Tr[DP]  5.995082e-02
 iter: 233:1        |ddm|: 1.732048e-02     Tr[DP]  6.261447e-02
 iter: 233:2        |ddm|: 8.892552e-03     Tr[DP]  5.972025e-02
 iter: 234:1        |ddm|: 1.701158e-02     Tr[DP]  6.237129e-02
 iter: 234:2        |ddm|: 8.878802e-03     Tr[DP]  5.950422e-02
 iter: 235:1        |ddm|: 1.909400e-02     Tr[DP]  6.212730e-02
 iter: 235:2        |ddm|: 8.454628e-03     Tr[DP]  5.930405e-02
 iter: 236:1        |ddm|: 1.718255e-02     Tr[DP]  6.188679e-02
 iter: 236:2        |ddm|: 8.432253e-03     Tr[DP]  5.912070e-02
 iter: 237:1        |ddm|: 1.808725e-02     Tr[DP]  6.165654e-02
 iter: 237:2        |ddm|: 8.104373e-03     Tr[DP]  5.894513e-02
 iter: 238:1        |ddm|: 1.913250e-02     Tr[DP]  6.142451e-02
 iter: 238:2        |ddm|: 7.746860e-03     Tr[DP]  5.879169e-02
 iter: 239:1        |ddm|: 1.697901e-02     Tr[DP]  6.120273e-02
 iter: 239:2        |ddm|: 7.633076e-03     Tr[DP]  5.865196e-02
 iter: 240:1        |ddm|: 1.614592e-02     Tr[DP]  6.099584e-02
 iter: 240:2        |ddm|: 7.444862e-03     Tr[DP]  5.851302e-02
 iter: 241:1        |ddm|: 1.348560e-02     Tr[DP]  6.080098e-02
 iter: 241:2        |ddm|: 7.823909e-03     Tr[DP]  5.835867e-02
 iter: 242:1        |ddm|: 1.502959e-02     Tr[DP]  6.061870e-02
 iter: 242:2        |ddm|: 7.484783e-03     Tr[DP]  5.819154e-02
 iter: 243:1        |ddm|: 1.545377e-02     Tr[DP]  6.042267e-02
 iter: 243:2        |ddm|: 7.323261e-03     Tr[DP]  5.803804e-02
 iter: 244:1        |ddm|: 1.451255e-02     Tr[DP]  6.023205e-02
 iter: 244:2        |ddm|: 7.331832e-03     Tr[DP]  5.788816e-02
 iter: 245:1        |ddm|: 1.511870e-02     Tr[DP]  6.004761e-02
 iter: 245:2        |ddm|: 7.107395e-03     Tr[DP]  5.774231e-02
 iter: 246:1        |ddm|: 3.145095e-02     Tr[DP]  5.984074e-02
 iter: 246:2        |ddm|: 7.306740e-03     Tr[DP]  5.768833e-02
 iter: 247:1        |ddm|: 2.634492e-02     Tr[DP]  5.961422e-02
 iter: 247:2        |ddm|: 7.416118e-03     Tr[DP]  5.770813e-02
 iter: 248:1        |ddm|: 3.232604e-02     Tr[DP]  5.942887e-02
 iter: 248:2        |ddm|: 9.152278e-03     Tr[DP]  5.779322e-02
 iter: 249:1        |ddm|: 7.728795e-02     Tr[DP]  5.936052e-02
 iter: 249:2        |ddm|: 1.752353e-02     Tr[DP]  5.761120e-02
 iter: 250:1        |ddm|: 2.517224e-02     Tr[DP]  5.941396e-02
 iter: 250:2        |ddm|: 1.183042e-02     Tr[DP]  5.722627e-02
 iter: 251:1        |ddm|: 2.163757e-02     Tr[DP]  5.923568e-02
 iter: 251:2        |ddm|: 9.468766e-03     Tr[DP]  5.695236e-02
 iter: 252:1        |ddm|: 1.608267e-02     Tr[DP]  5.904664e-02
 iter: 252:2        |ddm|: 9.777107e-03     Tr[DP]  5.671660e-02
 iter: 253:1        |ddm|: 2.304728e-02     Tr[DP]  5.885780e-02
 iter: 253:2        |ddm|: 8.001501e-03     Tr[DP]  5.652716e-02
 iter: 254:1        |ddm|: 1.837799e-02     Tr[DP]  5.864829e-02
 iter: 254:2        |ddm|: 7.560735e-03     Tr[DP]  5.638458e-02
 iter: 255:1        |ddm|: 1.892610e-02     Tr[DP]  5.845896e-02
 iter: 255:2        |ddm|: 6.791339e-03     Tr[DP]  5.627333e-02
 iter: 256:1        |ddm|: 1.494572e-02     Tr[DP]  5.827992e-02
 iter: 256:2        |ddm|: 6.815984e-03     Tr[DP]  5.616621e-02
 iter: 257:1        |ddm|: 1.336892e-02     Tr[DP]  5.812644e-02
 iter: 257:2        |ddm|: 6.817508e-03     Tr[DP]  5.604678e-02
 iter: 258:1        |ddm|: 1.516725e-02     Tr[DP]  5.797323e-02
 iter: 258:2        |ddm|: 6.322435e-03     Tr[DP]  5.593997e-02
 iter: 259:1        |ddm|: 1.448529e-02     Tr[DP]  5.782975e-02
 iter: 259:2        |ddm|: 8.278148e-03     Tr[DP]  5.578677e-02
 iter: 260:1        |ddm|: 1.309424e-02     Tr[DP]  5.771528e-02
 iter: 260:2        |ddm|: 8.057172e-03     Tr[DP]  5.560646e-02
 iter: 261:1        |ddm|: 2.394784e-02     Tr[DP]  5.755542e-02
 iter: 261:2        |ddm|: 6.367043e-03     Tr[DP]  5.549861e-02
 iter: 262:1        |ddm|: 1.814977e-02     Tr[DP]  5.736564e-02
 iter: 262:2        |ddm|: 5.982693e-03     Tr[DP]  5.544081e-02
 iter: 263:1        |ddm|: 1.254085e-02     Tr[DP]  5.722025e-02
 iter: 263:2        |ddm|: 6.308320e-03     Tr[DP]  5.535696e-02
 iter: 264:1        |ddm|: 1.198512e-02     Tr[DP]  5.710083e-02
 iter: 264:2        |ddm|: 5.981665e-03     Tr[DP]  5.525955e-02
 iter: 265:1        |ddm|: 1.525169e-02     Tr[DP]  5.696628e-02
 iter: 265:2        |ddm|: 5.495678e-03     Tr[DP]  5.518787e-02
 iter: 266:1        |ddm|: 1.290242e-02     Tr[DP]  5.682918e-02
 iter: 266:2        |ddm|: 5.454879e-03     Tr[DP]  5.512437e-02
 iter: 267:1        |ddm|: 2.095268e-02     Tr[DP]  5.672864e-02
 iter: 267:2        |ddm|: 9.115707e-03     Tr[DP]  5.496682e-02
 iter: 268:1        |ddm|: 2.114400e-02     Tr[DP]  5.664954e-02
 iter: 268:2        |ddm|: 5.817565e-03     Tr[DP]  5.485026e-02
 iter: 269:1        |ddm|: 1.458711e-02     Tr[DP]  5.648781e-02
 iter: 269:2        |ddm|: 5.584511e-03     Tr[DP]  5.477999e-02
 iter: 270:1        |ddm|: 1.262733e-02     Tr[DP]  5.636448e-02
 iter: 270:2        |ddm|: 5.351905e-03     Tr[DP]  5.471435e-02
 iter: 271:1        |ddm|: 1.077132e-02     Tr[DP]  5.624869e-02
 iter: 271:2        |ddm|: 5.497825e-03     Tr[DP]  5.463625e-02
 iter: 272:1        |ddm|: 1.030577e-02     Tr[DP]  5.614826e-02
 iter: 272:2        |ddm|: 6.102942e-03     Tr[DP]  5.453222e-02
 iter: 273:1        |ddm|: 1.088403e-02     Tr[DP]  5.605258e-02
 iter: 273:2        |ddm|: 5.794451e-03     Tr[DP]  5.442895e-02
 iter: 274:1        |ddm|: 1.082777e-02     Tr[DP]  5.594428e-02
 iter: 274:2        |ddm|: 5.935855e-03     Tr[DP]  5.432795e-02
 iter: 275:1        |ddm|: 1.377288e-02     Tr[DP]  5.583838e-02
 iter: 275:2        |ddm|: 5.211021e-03     Tr[DP]  5.425294e-02
 iter: 276:1        |ddm|: 1.337933e-02     Tr[DP]  5.572084e-02
 iter: 276:2        |ddm|: 4.938695e-03     Tr[DP]  5.420089e-02
 iter: 277:1        |ddm|: 1.208427e-02     Tr[DP]  5.561087e-02
 iter: 277:2        |ddm|: 4.743688e-03     Tr[DP]  5.415589e-02
 iter: 278:1        |ddm|: 1.023937e-02     Tr[DP]  5.551112e-02
 iter: 278:2        |ddm|: 4.717685e-03     Tr[DP]  5.410320e-02
 iter: 279:1        |ddm|: 9.661140e-03     Tr[DP]  5.542215e-02
 iter: 279:2        |ddm|: 4.617129e-03     Tr[DP]  5.404556e-02
 iter: 280:1        |ddm|: 9.304072e-03     Tr[DP]  5.533494e-02
 iter: 280:2        |ddm|: 5.360803e-03     Tr[DP]  5.396262e-02
 iter: 281:1        |ddm|: 9.605874e-03     Tr[DP]  5.526068e-02
 iter: 281:2        |ddm|: 4.904940e-03     Tr[DP]  5.388408e-02
 iter: 282:1        |ddm|: 9.372104e-03     Tr[DP]  5.517181e-02
 iter: 282:2        |ddm|: 5.112788e-03     Tr[DP]  5.380461e-02
 iter: 283:1        |ddm|: 1.078442e-02     Tr[DP]  5.508818e-02
 iter: 283:2        |ddm|: 4.651165e-03     Tr[DP]  5.374032e-02
 iter: 284:1        |ddm|: 9.304138e-03     Tr[DP]  5.499732e-02
 iter: 284:2        |ddm|: 4.927357e-03     Tr[DP]  5.367086e-02
 iter: 285:1        |ddm|: 9.147092e-03     Tr[DP]  5.491929e-02
 iter: 285:2        |ddm|: 4.922043e-03     Tr[DP]  5.359752e-02
 iter: 286:1        |ddm|: 1.058953e-02     Tr[DP]  5.483959e-02
 iter: 286:2        |ddm|: 4.486067e-03     Tr[DP]  5.353942e-02
 iter: 287:1        |ddm|: 9.822899e-03     Tr[DP]  5.475196e-02
 iter: 287:2        |ddm|: 4.390629e-03     Tr[DP]  5.348819e-02
 iter: 288:1        |ddm|: 1.037854e-02     Tr[DP]  5.467250e-02
 iter: 288:2        |ddm|: 4.091810e-03     Tr[DP]  5.344817e-02
 iter: 289:1        |ddm|: 9.217052e-03     Tr[DP]  5.459025e-02
 iter: 289:2        |ddm|: 4.048987e-03     Tr[DP]  5.340824e-02
 iter: 290:1        |ddm|: 8.628702e-03     Tr[DP]  5.451759e-02
 iter: 290:2        |ddm|: 3.955141e-03     Tr[DP]  5.336637e-02
 iter: 291:1        |ddm|: 8.051297e-03     Tr[DP]  5.444800e-02
 iter: 291:2        |ddm|: 4.020927e-03     Tr[DP]  5.331814e-02
 iter: 292:1        |ddm|: 8.061025e-03     Tr[DP]  5.438311e-02
 iter: 292:2        |ddm|: 3.922778e-03     Tr[DP]  5.327080e-02
 iter: 293:1        |ddm|: 1.084921e-02     Tr[DP]  5.431707e-02
 iter: 293:2        |ddm|: 3.536497e-03     Tr[DP]  5.325020e-02
 iter: 294:1        |ddm|: 1.169528e-02     Tr[DP]  5.423994e-02
 iter: 294:2        |ddm|: 5.556645e-03     Tr[DP]  5.316882e-02
 iter: 295:1        |ddm|: 9.078396e-03     Tr[DP]  5.420739e-02
 iter: 295:2        |ddm|: 4.028934e-03     Tr[DP]  5.310954e-02
 iter: 296:1        |ddm|: 9.690705e-03     Tr[DP]  5.413561e-02
 iter: 296:2        |ddm|: 3.707545e-03     Tr[DP]  5.307132e-02
 iter: 297:1        |ddm|: 8.744082e-03     Tr[DP]  5.406626e-02
 iter: 297:2        |ddm|: 3.571456e-03     Tr[DP]  5.303941e-02
 iter: 298:1        |ddm|: 8.115408e-03     Tr[DP]  5.400272e-02
 iter: 298:2        |ddm|: 3.445341e-03     Tr[DP]  5.300923e-02
 iter: 299:1        |ddm|: 7.719768e-03     Tr[DP]  5.394295e-02
 iter: 299:2        |ddm|: 3.326226e-03     Tr[DP]  5.298081e-02
 iter: 300:1        |ddm|: 7.435177e-03     Tr[DP]  5.388559e-02
 iter: 300:2        |ddm|: 3.231065e-03     Tr[DP]  5.295309e-02
                         Freeze-and-Thaw NOT converged!                         

=================== Subsystem 1 at higher mean-field method ====================
  subiter:   1      |ddm|: 8.600017e-01
  subiter:   2      |ddm|: 2.046806e-01
  subiter:   3      |ddm|: 1.975817e-02
  subiter:   4      |ddm|: 1.259513e-02
  subiter:   5      |ddm|: 3.375193e-03
  subiter:   6      |ddm|: 1.069094e-03
  subiter:   7      |ddm|: 2.297677e-04
  subiter:   8      |ddm|: 1.018093e-04
  subiter:   9      |ddm|: 2.239027e-05
  subiter:  10      |ddm|: 2.486886e-06
  subiter:  11      |ddm|: 9.798126e-07
  subiter:  12      |ddm|: 4.599438e-07
  subiter:  13      |ddm|: 8.528536e-08
  subiter:  14      |ddm|: 1.296059e-08
  subiter:  15      |ddm|: 6.750429e-09


******** <class 'pyscf.scf.hf.RHF'> flags ********
method = RHF
initial guess = minao
damping factor = 0
level shift factor = 0
DIIS = <class 'pyscf.scf.diis.CDIIS'>
DIIS start cycle = 1
DIIS space = 8
SCF tol = 1e-09
SCF gradient tol = None
max. SCF cycles = 100
direct_scf = True
direct_scf_tol = 1e-13
chkfile to save SCF result = /panfs/roc/scratch/graha682/D0/201711_ccpVTZ_NEVPT2_m06_0_6c12h24/tmp4aQ3y8
max_memory 4000 MB (current use 488 MB)
Set gradient conv threshold to 3.16228e-05
init E= -243.325682892534
  HOMO = -0.460060675626545  LUMO = 0.138587438555563
cycle= 1 E= -243.325682892532  delta_E= 1.99e-12  |g|= 1.99e-09  |ddm|= 8.84e-09
  HOMO = -0.460060675713168  LUMO = 0.138587438569031
Extra cycle  E= -243.325682892536  delta_E= -3.47e-12  |g|= 8.45e-10  |ddm|= 6.93e-09
converged SCF energy = -243.325682892536


******** <class 'pyscf.dft.rks.RKS'> flags ********
method = RKS
initial guess = atom
damping factor = 0
level shift factor = 0.0
DIIS = <class 'pyscf.scf.diis.CDIIS'>
DIIS start cycle = 1
DIIS space = 8
SCF tol = 1e-08
SCF gradient tol = 1e-08
max. SCF cycles = 1
direct_scf = True
direct_scf_tol = 1e-13
chkfile to save SCF result = /panfs/roc/scratch/graha682/D0/201711_ccpVTZ_NEVPT2_m06_0_6c12h24/tmpCShiy6
max_memory 4000 MB (current use 484 MB)
XC functionals = m06
small_rho_cutoff = 1e-20
radial grids: Treutler-Ahlrichs (JCP 102, 346 (M4)) radial grids
becke partition: Becke, JCP, 88, 2547 (1988)
pruning grids: <function nwchem_prune at 0x17435f0>
grids dens level: 4
symmetrized grids: False
atomic radii adjust function: <function treutler_atomic_radii_adjust at 0x1743488>
init E= -244.773412793931
  HOMO = -0.333873889721744  LUMO = 0.0367715832727865
cycle= 1 E= -244.773419960689  delta_E= -7.17e-06  |g|= 0.000676  |ddm|= 0.0067
  HOMO = -0.333897193822771  LUMO = 0.0367543321257995
Extra cycle  E= -244.773420051657  delta_E= -9.1e-08  |g|= 0.000357  |ddm|= 0.00251
SCF not converged.
SCF energy = -244.773420051657 after 1 cycles
 iter: 301:1        |ddm|: 1.047704e+00     Tr[DP]  6.151524e-02

******** <class 'pyscf.mcscf.mc1step.CASSCF'> flags ********
CAS (1e+1e, 2o), ncore = 23, nvir = 309
max_cycle_macro = 50
max_cycle_micro = 4
conv_tol = 1e-07
conv_tol_grad = None
orbital rotation max_stepsize = 0.02
augmented hessian ah_max_cycle = 30
augmented hessian ah_conv_tol = 1e-12
augmented hessian ah_linear dependence = 1e-14
augmented hessian ah_level shift = 0
augmented hessian ah_start_tol = 2.5
augmented hessian ah_start_cycle = 3
augmented hessian ah_grad_trust_region = 3
kf_trust_region = 3
kf_interval = 4
ci_response_space = 4
ci_grad_trust_region = 3
with_dep4 0
natorb = False
canonicalization = True
sorting_mo_energy = False
chkfile = /panfs/roc/scratch/graha682/D0/201711_ccpVTZ_NEVPT2_m06_0_6c12h24/tmp4aQ3y8
max_memory 4000 MB (current use 487 MB)
internal_rotation = False
******** <class 'pyscf.fci.direct_spin1.FCISolver'> flags ********
max. cycles = 50
conv_tol = 1e-08
davidson only = False
linear dependence = 1e-10
level shift = 0.001
max iter space = 12
max_memory 4000 MB
nroots = 1
pspace_size = 400
spin = None
CASCI E = -243.325686431721  S^2 = 0.0000000
Set conv_tol_grad to 0.000316228
macro iter 1 (6 JK  1 micro), CASSCF E = -243.325686825932  dE = -3.9421056e-07  S^2 = 0.0000000
               |grad[o]|=3.16e-05  |grad[c]|= 8.1037060924e-05  |ddm|=6.96e-06
macro iter 2 (6 JK  1 micro), CASSCF E = -243.325687844022  dE = -1.0180899e-06  S^2 = 0.0000000
               |grad[o]|=3.27e-05  |grad[c]|= 0.00019016771609  |ddm|=2.94e-05
macro iter 3 (6 JK  1 micro), CASSCF E = -243.325690001691  dE = -2.1576694e-06  S^2 = 0.0000000
               |grad[o]|=3.81e-05  |grad[c]|= 0.00041339753543  |ddm|=7.53e-06
macro iter 4 (6 JK  1 micro), CASSCF E = -243.325703224837  dE = -1.3223146e-05  S^2 = 0.0000000
               |grad[o]|=5.28e-05  |grad[c]|= 0.00190704154147  |ddm|=7.62e-05
macro iter 5 (6 JK  1 micro), CASSCF E = -243.325771547731  dE = -6.8322894e-05  S^2 = 0.0000000
               |grad[o]|=0.000141  |grad[c]|= 0.00519330777856  |ddm|=0.000316
macro iter 6 (12 JK  3 micro), CASSCF E = -243.32610859075  dE = -0.00033704302  S^2 = 0.0000000
               |grad[o]|=0.00048  |grad[c]|= 0.00241139515035  |ddm|=0.00359
macro iter 7 (21 JK  4 micro), CASSCF E = -243.327242844885  dE = -0.0011342541  S^2 = 0.0000000
               |grad[o]|=0.00161  |grad[c]|= 0.016730306666  |ddm|=0.0074
macro iter 8 (21 JK  4 micro), CASSCF E = -243.330263145532  dE = -0.0030203006  S^2 = 0.0000000
               |grad[o]|=0.00444  |grad[c]|= 0.0168799067979  |ddm|=0.00873
macro iter 9 (21 JK  4 micro), CASSCF E = -243.337850532738  dE = -0.0075873872  S^2 = 0.0000000
               |grad[o]|=0.00685  |grad[c]|= 0.0285256554618  |ddm|=0.0164
macro iter 10 (21 JK  4 micro), CASSCF E = -243.340900932159  dE = -0.0030503994  S^2 = 0.0000000
               |grad[o]|=0.0177  |grad[c]|= 0.00476635827678  |ddm|=0.00559
macro iter 11 (20 JK  4 micro), CASSCF E = -243.34096288272  dE = -6.195056e-05  S^2 = 0.0000000
               |grad[o]|=0.00496  |grad[c]|= 0.000731694363846  |ddm|=0.000575
macro iter 12 (8 JK  1 micro), CASSCF E = -243.340963040027  dE = -1.5730708e-07  S^2 = 0.0000000
               |grad[o]|=0.000123  |grad[c]|= 4.51443721874e-05  |ddm|=1.52e-05
macro iter 13 (4 JK  1 micro), CASSCF E = -243.340963043625  dE = -3.5979042e-09  S^2 = 0.0000000
               |grad[o]|=5.84e-05  |grad[c]|= 3.71299441826e-06  |ddm|=3.19e-06
1-step CASSCF converged in 13 macro (158 JK 30 micro) steps
CASSCF canonicalization
CASSCF energy = -243.340963043625
Hartree-Fock Energy:  -243.32568289253561
CAS Correlation:       -0.01528015108912
CAS Energy:          -243.34096304362473
Sr    (-1)',   E = -0.00000000002141
Si    (+1)',   E = -0.00000000033061
Sijrs (0)  ,   E = -0.93928666573895
Sijr  (+1) ,   E = -0.01066698087333
Srsi  (-1) ,   E = -0.06176603835682
Srs   (-2) ,   E = -0.01093931511154
Sij   (+2) ,   E = -0.00044176695638
Sir   (0)' ,   E = -0.02964574952369
Nevpt2 Energy = -1.052746516912725
NEVPT2 =   -1.052746516912725
Total NEVPT2 = -244.393709560537445

============================== Supermolecular DFT ==============================
  subiter:   1      |ddm|: 7.781115e+00
  subiter:   2      |ddm|: 3.725893e-01
  subiter:   3      |ddm|: 1.570164e-01
  subiter:   4      |ddm|: 3.007518e-02
  subiter:   5      |ddm|: 1.007268e-02
  subiter:   6      |ddm|: 4.170649e-03
  subiter:   7      |ddm|: 8.063817e-04
  subiter:   8      |ddm|: 4.797126e-04
  subiter:   9      |ddm|: 1.065872e-04
  subiter:  10      |ddm|: 6.888575e-05
  subiter:  11      |ddm|: 1.668229e-05
  subiter:  12      |ddm|: 6.520894e-06
  subiter:  13      |ddm|: 3.286804e-06
  subiter:  14      |ddm|: 5.132496e-07
  subiter:  15      |ddm|: 3.677422e-07
  subiter:  16      |ddm|: 9.122040e-08
  subiter:  17      |ddm|: 4.820947e-08
  subiter:  18      |ddm|: 1.356601e-08
  subiter:  19      |ddm|: 3.542388e-09


******** <class 'pyscf.dft.rks.RKS'> flags ********
method = RKS
initial guess = atom
damping factor = 0
level shift factor = 0.0
DIIS = <class 'pyscf.scf.diis.CDIIS'>
DIIS start cycle = 1
DIIS space = 8
SCF tol = 1e-08
SCF gradient tol = 1e-08
max. SCF cycles = 100
direct_scf = True
direct_scf_tol = 1e-13
chkfile to save SCF result = /panfs/roc/scratch/graha682/D0/201711_ccpVTZ_NEVPT2_m06_0_6c12h24/tmpjnXDyF
max_memory 4000 MB (current use 621 MB)
XC functionals = m06
small_rho_cutoff = 1e-20
radial grids: Treutler-Ahlrichs (JCP 102, 346 (M4)) radial grids
becke partition: Becke, JCP, 88, 2547 (1988)
pruning grids: <function nwchem_prune at 0x17435f0>
grids dens level: 4
symmetrized grids: False
atomic radii adjust function: <function treutler_atomic_radii_adjust at 0x1743488>
init E= -471.484632526276
  HOMO = -0.268905208645906  LUMO = 0.016805304491999
cycle= 1 E= -471.484632526274  delta_E= 1.59e-12  |g|= 2.85e-09  |ddm|= 1.02e-08
  HOMO = -0.268905208598389  LUMO = 0.0168053044990521
Extra cycle  E= -471.484632526258  delta_E= 1.68e-11  |g|= 4.53e-09  |ddm|= 6.82e-09
converged SCF energy = -471.484632526258
Supermolecular DFT   -471.48463252627630

============================== Embedding Energies ==============================
Subsystem DFT              -244.77342005165656
Interaction                -226.32954315466941
DFT-in-DFT                 -471.10296320632597
Supermolecular DFT         -471.48463252627630
Difference                   -0.38166931995033
Corrected DFT-in-DFT       -471.48463252627630
WF-in-DFT                  -470.72325271520685
Corrected WF-in-DFT        -471.10492203515719
================================================================================
TIMING STATISTICS:
     overlap integrals      0.07s   ( 0.00%)
    initial subsystems      0.30s   ( 0.00%)
           2e matrices  28203.58s   (88.15%)
      tot. embed. of 1  28392.01s   (88.74%)
      tot. embed. of 2      7.48s   ( 0.02%)
       freeze and thaw  28399.53s   (88.77%)
                   cas   1264.51s   ( 3.95%)
                nevpt2     40.79s   ( 0.13%)
  interaction energies   2286.87s   ( 7.15%)
                 TOTAL  31993.60s
================================================================================

********************************************************************************
*                              END OF CALCULATION                              *
********************************************************************************
