********************************************************************************
*                         FREEZE-AND-THAW CALCULATION                          *
********************************************************************************

================================== Input File ==================================
subsystem
C         -6.81481       -0.41548        0.09427
C         -5.56147        0.43724        0.09293
H         -7.73235        0.19145        0.14286
H         -6.82758       -1.10435        0.95610
H         -6.87608       -1.03602       -0.81602
C         -4.28367       -0.38105        0.02769
H         -5.53674        1.07534        0.99707
H         -5.58393        1.14193       -0.76040
C         -3.01934        0.45821        0.02466
H         -4.30287       -1.02140       -0.87709
H         -4.25513       -1.08694        0.88206
charge -1
end

subsystem
C         -1.74266       -0.35996       -0.03904
H         -3.00073        1.09895        0.92897
H         -3.04751        1.16305       -0.83038
C         -0.47847        0.47976       -0.04293
H         -1.76110       -1.00126       -0.94291
H         -1.71376       -1.06425        0.81636
C          0.79802       -0.33884       -0.10519
H         -0.46016        1.12166        0.86050
H         -0.50661        1.18343       -0.89888
C          2.06201        0.50110       -0.10952
H          0.77977       -0.98112       -1.00834
H          0.82667       -1.04194        0.75104
C          3.33732       -0.31885       -0.17142
H          2.08070        1.14303        0.79380
H          2.03456        1.20444       -0.96582
C          4.60273        0.52974       -0.16842
H          3.32338       -0.95585       -1.07806
H          3.36999       -1.02442        0.68131
C          5.85144       -0.28251       -0.26720
H          4.63440        1.15499        0.74374
H          4.55410        1.23655       -1.02099
C          6.83934       -0.29091        0.62655
H          6.79249        0.32749        1.53124
H          7.73182       -0.91026        0.49647
H          5.93403       -0.92517       -1.15692
charge +1
end

embed
 huzinaga
 cycles 300
 conv 1e-8
 method m06
end

basis aug-cc-pVDZ
method cas[2,2]/nevpt2
grid 4
conv 1e-8
grad 1e-8
maxiter 100
================================== End Input ===================================
tot grids = 725328

                      Getting subsystem overlap integrals                       

                          Initial subsystem densities                           
Guessing initial subsystem densities
Initial guess from superpostion of atomic densties.
Guessing initial subsystem densities
Initial guess from superpostion of atomic densties.

=========================== Starting Freeze-and-Thaw ===========================
 iter:   1:1        |ddm|: 2.040281e+01     Tr[DP]  7.643707e-01
 iter:   1:2        |ddm|: 4.271627e+01     Tr[DP]  2.849758e-01
 iter:   2:1        |ddm|: 1.746796e+02     Tr[DP]  1.116831e-01
 iter:   2:2        |ddm|: 4.616708e+01     Tr[DP]  1.490212e-01
 iter:   3:1        |ddm|: 1.679766e+02     Tr[DP]  2.193159e-01
 iter:   3:2        |ddm|: 4.171621e+01     Tr[DP]  1.759002e-01
 iter:   4:1        |ddm|: 4.502456e+01     Tr[DP]  1.260770e-01
 iter:   4:2        |ddm|: 1.439433e+01     Tr[DP]  1.316455e-01
 iter:   5:1        |ddm|: 1.490829e+01     Tr[DP]  1.288644e-01
 iter:   5:2        |ddm|: 1.062158e+01     Tr[DP]  1.247566e-01
 iter:   6:1        |ddm|: 8.732581e+00     Tr[DP]  1.374376e-01
 iter:   6:2        |ddm|: 7.766026e+00     Tr[DP]  1.200425e-01
 iter:   7:1        |ddm|: 6.940863e+00     Tr[DP]  1.423568e-01
 iter:   7:2        |ddm|: 4.437982e+00     Tr[DP]  1.202003e-01
 iter:   8:1        |ddm|: 6.807509e+00     Tr[DP]  1.452989e-01
 iter:   8:2        |ddm|: 2.651032e+00     Tr[DP]  1.237605e-01
 iter:   9:1        |ddm|: 5.787089e+00     Tr[DP]  1.467176e-01
 iter:   9:2        |ddm|: 1.757131e+00     Tr[DP]  1.273248e-01
 iter:  10:1        |ddm|: 3.930672e+00     Tr[DP]  1.480626e-01
 iter:  10:2        |ddm|: 1.416706e+00     Tr[DP]  1.291783e-01
 iter:  11:1        |ddm|: 3.454869e+00     Tr[DP]  1.487404e-01
 iter:  11:2        |ddm|: 9.286187e-01     Tr[DP]  1.318794e-01
 iter:  12:1        |ddm|: 2.961457e+00     Tr[DP]  1.496084e-01
 iter:  12:2        |ddm|: 7.139653e-01     Tr[DP]  1.343562e-01
 iter:  13:1        |ddm|: 2.335567e+00     Tr[DP]  1.502763e-01
 iter:  13:2        |ddm|: 6.844165e-01     Tr[DP]  1.359739e-01
 iter:  14:1        |ddm|: 2.656669e+00     Tr[DP]  1.507782e-01
 iter:  14:2        |ddm|: 6.458983e-01     Tr[DP]  1.384448e-01
 iter:  15:1        |ddm|: 3.304441e+00     Tr[DP]  1.516757e-01
 iter:  15:2        |ddm|: 8.825738e-01     Tr[DP]  1.412412e-01
 iter:  16:1        |ddm|: 1.954976e+00     Tr[DP]  1.529490e-01
 iter:  16:2        |ddm|: 7.682172e-01     Tr[DP]  1.412041e-01
 iter:  17:1        |ddm|: 1.350751e+00     Tr[DP]  1.532661e-01
 iter:  17:2        |ddm|: 5.279038e-01     Tr[DP]  1.412645e-01
 iter:  18:1        |ddm|: 1.237507e+00     Tr[DP]  1.530620e-01
 iter:  18:2        |ddm|: 4.674669e-01     Tr[DP]  1.419097e-01
 iter:  19:1        |ddm|: 1.061031e+00     Tr[DP]  1.528424e-01
 iter:  19:2        |ddm|: 4.651386e-01     Tr[DP]  1.422931e-01
 iter:  20:1        |ddm|: 1.142859e+00     Tr[DP]  1.525447e-01
 iter:  20:2        |ddm|: 4.903708e-01     Tr[DP]  1.432300e-01
 iter:  21:1        |ddm|: 1.034758e+00     Tr[DP]  1.524361e-01
 iter:  21:2        |ddm|: 3.847478e-01     Tr[DP]  1.436169e-01
 iter:  22:1        |ddm|: 1.134018e+00     Tr[DP]  1.522602e-01
 iter:  22:2        |ddm|: 4.116253e-01     Tr[DP]  1.442734e-01
 iter:  23:1        |ddm|: 7.956096e-01     Tr[DP]  1.521525e-01
 iter:  23:2        |ddm|: 3.530204e-01     Tr[DP]  1.438194e-01
 iter:  24:1        |ddm|: 7.663540e-01     Tr[DP]  1.517264e-01
 iter:  24:2        |ddm|: 3.911701e-01     Tr[DP]  1.438979e-01
 iter:  25:1        |ddm|: 7.047269e-01     Tr[DP]  1.513218e-01
 iter:  25:2        |ddm|: 4.178682e-01     Tr[DP]  1.439016e-01
 iter:  26:1        |ddm|: 5.905021e-01     Tr[DP]  1.509455e-01
 iter:  26:2        |ddm|: 4.157966e-01     Tr[DP]  1.437041e-01
 iter:  27:1        |ddm|: 7.212723e-01     Tr[DP]  1.504810e-01
 iter:  27:2        |ddm|: 3.851155e-01     Tr[DP]  1.440885e-01
 iter:  28:1        |ddm|: 5.544310e-01     Tr[DP]  1.501426e-01
 iter:  28:2        |ddm|: 3.468441e-01     Tr[DP]  1.437399e-01
 iter:  29:1        |ddm|: 5.704231e-01     Tr[DP]  1.496796e-01
 iter:  29:2        |ddm|: 3.531571e-01     Tr[DP]  1.436993e-01
 iter:  30:1        |ddm|: 6.476587e-01     Tr[DP]  1.492725e-01
 iter:  30:2        |ddm|: 3.239357e-01     Tr[DP]  1.438300e-01
 iter:  31:1        |ddm|: 5.228313e-01     Tr[DP]  1.489188e-01
 iter:  31:2        |ddm|: 2.889315e-01     Tr[DP]  1.433786e-01
 iter:  32:1        |ddm|: 4.787541e-01     Tr[DP]  1.484881e-01
 iter:  32:2        |ddm|: 3.100571e-01     Tr[DP]  1.430601e-01
 iter:  33:1        |ddm|: 5.449979e-01     Tr[DP]  1.480413e-01
 iter:  33:2        |ddm|: 3.021175e-01     Tr[DP]  1.429752e-01
 iter:  34:1        |ddm|: 4.887235e-01     Tr[DP]  1.476406e-01
 iter:  34:2        |ddm|: 2.745102e-01     Tr[DP]  1.426105e-01
 iter:  35:1        |ddm|: 4.681996e-01     Tr[DP]  1.471928e-01
 iter:  35:2        |ddm|: 2.750166e-01     Tr[DP]  1.422388e-01
 iter:  36:1        |ddm|: 4.152249e-01     Tr[DP]  1.467418e-01
 iter:  36:2        |ddm|: 2.780277e-01     Tr[DP]  1.417577e-01
 iter:  37:1        |ddm|: 3.875029e-01     Tr[DP]  1.462659e-01
 iter:  37:2        |ddm|: 2.905952e-01     Tr[DP]  1.412975e-01
 iter:  38:1        |ddm|: 3.842647e-01     Tr[DP]  1.457951e-01
 iter:  38:2        |ddm|: 2.889586e-01     Tr[DP]  1.409663e-01
 iter:  39:1        |ddm|: 3.369025e-01     Tr[DP]  1.452839e-01
 iter:  39:2        |ddm|: 3.006356e-01     Tr[DP]  1.403914e-01
 iter:  40:1        |ddm|: 3.285939e-01     Tr[DP]  1.447863e-01
 iter:  40:2        |ddm|: 3.115132e-01     Tr[DP]  1.399983e-01
 iter:  41:1        |ddm|: 3.308662e-01     Tr[DP]  1.443179e-01
 iter:  41:2        |ddm|: 2.954467e-01     Tr[DP]  1.397087e-01
 iter:  42:1        |ddm|: 2.908720e-01     Tr[DP]  1.438087e-01
 iter:  42:2        |ddm|: 2.992130e-01     Tr[DP]  1.391481e-01
 iter:  43:1        |ddm|: 2.820032e-01     Tr[DP]  1.433062e-01
 iter:  43:2        |ddm|: 3.121033e-01     Tr[DP]  1.387270e-01
 iter:  44:1        |ddm|: 2.971221e-01     Tr[DP]  1.428801e-01
 iter:  44:2        |ddm|: 2.882955e-01     Tr[DP]  1.385400e-01
 iter:  45:1        |ddm|: 2.635954e-01     Tr[DP]  1.423682e-01
 iter:  45:2        |ddm|: 2.744427e-01     Tr[DP]  1.379851e-01
 iter:  46:1        |ddm|: 3.077127e-01     Tr[DP]  1.419610e-01
 iter:  46:2        |ddm|: 2.615502e-01     Tr[DP]  1.378462e-01
 iter:  47:1        |ddm|: 2.392845e-01     Tr[DP]  1.413826e-01
 iter:  47:2        |ddm|: 2.680764e-01     Tr[DP]  1.369873e-01
 iter:  48:1        |ddm|: 2.455418e-01     Tr[DP]  1.409083e-01
 iter:  48:2        |ddm|: 2.876463e-01     Tr[DP]  1.366251e-01
 iter:  49:1        |ddm|: 2.360610e-01     Tr[DP]  1.404345e-01
 iter:  49:2        |ddm|: 2.810190e-01     Tr[DP]  1.362392e-01
 iter:  50:1        |ddm|: 2.192664e-01     Tr[DP]  1.399406e-01
 iter:  50:2        |ddm|: 2.863966e-01     Tr[DP]  1.357732e-01
 iter:  51:1        |ddm|: 1.981797e-01     Tr[DP]  1.393986e-01
 iter:  51:2        |ddm|: 3.410178e-01     Tr[DP]  1.351971e-01
 iter:  52:1        |ddm|: 2.358966e-01     Tr[DP]  1.391096e-01
 iter:  52:2        |ddm|: 2.868814e-01     Tr[DP]  1.353282e-01
 iter:  53:1        |ddm|: 2.330748e-01     Tr[DP]  1.387444e-01
 iter:  53:2        |ddm|: 2.262872e-01     Tr[DP]  1.350702e-01
 iter:  54:1        |ddm|: 2.061065e-01     Tr[DP]  1.382184e-01
 iter:  54:2        |ddm|: 1.956197e-01     Tr[DP]  1.343827e-01
 iter:  55:1        |ddm|: 2.101338e-01     Tr[DP]  1.377062e-01
 iter:  55:2        |ddm|: 2.167996e-01     Tr[DP]  1.338413e-01
 iter:  56:1        |ddm|: 1.938860e-01     Tr[DP]  1.371885e-01
 iter:  56:2        |ddm|: 2.506816e-01     Tr[DP]  1.332702e-01
 iter:  57:1        |ddm|: 2.365876e-01     Tr[DP]  1.368876e-01
 iter:  57:2        |ddm|: 2.427085e-01     Tr[DP]  1.331984e-01
 iter:  58:1        |ddm|: 1.913113e-01     Tr[DP]  1.363540e-01
 iter:  58:2        |ddm|: 1.944999e-01     Tr[DP]  1.325163e-01
 iter:  59:1        |ddm|: 1.939612e-01     Tr[DP]  1.358532e-01
 iter:  59:2        |ddm|: 2.070868e-01     Tr[DP]  1.319510e-01
 iter:  60:1        |ddm|: 1.895876e-01     Tr[DP]  1.352726e-01
 iter:  60:2        |ddm|: 2.447791e-01     Tr[DP]  1.313637e-01
 iter:  61:1        |ddm|: 1.942165e-01     Tr[DP]  1.349134e-01
 iter:  61:2        |ddm|: 2.251439e-01     Tr[DP]  1.310959e-01
 iter:  62:1        |ddm|: 2.009515e-01     Tr[DP]  1.345626e-01
 iter:  62:2        |ddm|: 2.045237e-01     Tr[DP]  1.307154e-01
 iter:  63:1        |ddm|: 1.851725e-01     Tr[DP]  1.339182e-01
 iter:  63:2        |ddm|: 1.918967e-01     Tr[DP]  1.299053e-01
 iter:  64:1        |ddm|: 1.911500e-01     Tr[DP]  1.333789e-01
 iter:  64:2        |ddm|: 2.135745e-01     Tr[DP]  1.293435e-01
 iter:  65:1        |ddm|: 1.845109e-01     Tr[DP]  1.327552e-01
 iter:  65:2        |ddm|: 2.565667e-01     Tr[DP]  1.287458e-01
 iter:  66:1        |ddm|: 1.890429e-01     Tr[DP]  1.324543e-01
 iter:  66:2        |ddm|: 2.235374e-01     Tr[DP]  1.285098e-01
 iter:  67:1        |ddm|: 1.725917e-01     Tr[DP]  1.318940e-01
 iter:  67:2        |ddm|: 1.999344e-01     Tr[DP]  1.278816e-01
 iter:  68:1        |ddm|: 1.758203e-01     Tr[DP]  1.313147e-01
 iter:  68:2        |ddm|: 2.162111e-01     Tr[DP]  1.272870e-01
 iter:  69:1        |ddm|: 1.731794e-01     Tr[DP]  1.307658e-01
 iter:  69:2        |ddm|: 2.301399e-01     Tr[DP]  1.267742e-01
 iter:  70:1        |ddm|: 1.670740e-01     Tr[DP]  1.302232e-01
 iter:  70:2        |ddm|: 2.401370e-01     Tr[DP]  1.263033e-01
 iter:  71:1        |ddm|: 1.597054e-01     Tr[DP]  1.297196e-01
 iter:  71:2        |ddm|: 2.396238e-01     Tr[DP]  1.258872e-01
 iter:  72:1        |ddm|: 1.525230e-01     Tr[DP]  1.292664e-01
 iter:  72:2        |ddm|: 2.255284e-01     Tr[DP]  1.255017e-01
 iter:  73:1        |ddm|: 1.474687e-01     Tr[DP]  1.287967e-01
 iter:  73:2        |ddm|: 2.135696e-01     Tr[DP]  1.250741e-01
 iter:  74:1        |ddm|: 1.450022e-01     Tr[DP]  1.283077e-01
 iter:  74:2        |ddm|: 2.094554e-01     Tr[DP]  1.246219e-01
 iter:  75:1        |ddm|: 1.462800e-01     Tr[DP]  1.279405e-01
 iter:  75:2        |ddm|: 1.900467e-01     Tr[DP]  1.242224e-01
 iter:  76:1        |ddm|: 1.434824e-01     Tr[DP]  1.273698e-01
 iter:  76:2        |ddm|: 1.902346e-01     Tr[DP]  1.236282e-01
 iter:  77:1        |ddm|: 1.500199e-01     Tr[DP]  1.268776e-01
 iter:  77:2        |ddm|: 1.934559e-01     Tr[DP]  1.231618e-01
 iter:  78:1        |ddm|: 1.473252e-01     Tr[DP]  1.263499e-01
 iter:  78:2        |ddm|: 1.988228e-01     Tr[DP]  1.226650e-01
 iter:  79:1        |ddm|: 1.437907e-01     Tr[DP]  1.259187e-01
 iter:  79:2        |ddm|: 1.887049e-01     Tr[DP]  1.222173e-01
 iter:  80:1        |ddm|: 1.656293e-01     Tr[DP]  1.256897e-01
 iter:  80:2        |ddm|: 2.133570e-01     Tr[DP]  1.217410e-01
 iter:  81:1        |ddm|: 1.690336e-01     Tr[DP]  1.247304e-01
 iter:  81:2        |ddm|: 2.244089e-01     Tr[DP]  1.207767e-01
 iter:  82:1        |ddm|: 1.624796e-01     Tr[DP]  1.243401e-01
 iter:  82:2        |ddm|: 1.941865e-01     Tr[DP]  1.203554e-01
 iter:  83:1        |ddm|: 1.498596e-01     Tr[DP]  1.237546e-01
 iter:  83:2        |ddm|: 1.944216e-01     Tr[DP]  1.197415e-01
 iter:  84:1        |ddm|: 1.501922e-01     Tr[DP]  1.231790e-01
 iter:  84:2        |ddm|: 2.012762e-01     Tr[DP]  1.191646e-01
 iter:  85:1        |ddm|: 1.480198e-01     Tr[DP]  1.226883e-01
 iter:  85:2        |ddm|: 1.918339e-01     Tr[DP]  1.186179e-01
 iter:  86:1        |ddm|: 1.497240e-01     Tr[DP]  1.220144e-01
 iter:  86:2        |ddm|: 2.127746e-01     Tr[DP]  1.179749e-01
 iter:  87:1        |ddm|: 1.470837e-01     Tr[DP]  1.214926e-01
 iter:  87:2        |ddm|: 2.072592e-01     Tr[DP]  1.174706e-01
 iter:  88:1        |ddm|: 1.413306e-01     Tr[DP]  1.209622e-01
 iter:  88:2        |ddm|: 1.988906e-01     Tr[DP]  1.169193e-01
 iter:  89:1        |ddm|: 1.415561e-01     Tr[DP]  1.203531e-01
 iter:  89:2        |ddm|: 2.059013e-01     Tr[DP]  1.163298e-01
 iter:  90:1        |ddm|: 1.401703e-01     Tr[DP]  1.198467e-01
 iter:  90:2        |ddm|: 1.963807e-01     Tr[DP]  1.157948e-01
 iter:  91:1        |ddm|: 1.399933e-01     Tr[DP]  1.192118e-01
 iter:  91:2        |ddm|: 2.071173e-01     Tr[DP]  1.151890e-01
 iter:  92:1        |ddm|: 1.385748e-01     Tr[DP]  1.187168e-01
 iter:  92:2        |ddm|: 1.952101e-01     Tr[DP]  1.146608e-01
 iter:  93:1        |ddm|: 1.389324e-01     Tr[DP]  1.180544e-01
 iter:  93:2        |ddm|: 2.118580e-01     Tr[DP]  1.140493e-01
 iter:  94:1        |ddm|: 1.408375e-01     Tr[DP]  1.174178e-01
 iter:  94:2        |ddm|: 2.356438e-01     Tr[DP]  1.135532e-01
 iter:  95:1        |ddm|: 1.297596e-01     Tr[DP]  1.169036e-01
 iter:  95:2        |ddm|: 2.274080e-01     Tr[DP]  1.131593e-01
 iter:  96:1        |ddm|: 1.198870e-01     Tr[DP]  1.164032e-01
 iter:  96:2        |ddm|: 2.168023e-01     Tr[DP]  1.127604e-01
 iter:  97:1        |ddm|: 1.138543e-01     Tr[DP]  1.159311e-01
 iter:  97:2        |ddm|: 2.023072e-01     Tr[DP]  1.123579e-01
 iter:  98:1        |ddm|: 1.117100e-01     Tr[DP]  1.155545e-01
 iter:  98:2        |ddm|: 1.759084e-01     Tr[DP]  1.119211e-01
 iter:  99:1        |ddm|: 1.122519e-01     Tr[DP]  1.149853e-01
 iter:  99:2        |ddm|: 1.759018e-01     Tr[DP]  1.113531e-01
 iter: 100:1        |ddm|: 1.155621e-01     Tr[DP]  1.145283e-01
 iter: 100:2        |ddm|: 1.676551e-01     Tr[DP]  1.108430e-01
 iter: 101:1        |ddm|: 1.179401e-01     Tr[DP]  1.139356e-01
 iter: 101:2        |ddm|: 1.815784e-01     Tr[DP]  1.102747e-01
 iter: 102:1        |ddm|: 1.183999e-01     Tr[DP]  1.135480e-01
 iter: 102:2        |ddm|: 1.664776e-01     Tr[DP]  1.097608e-01
 iter: 103:1        |ddm|: 1.251223e-01     Tr[DP]  1.131810e-01
 iter: 103:2        |ddm|: 1.854737e-01     Tr[DP]  1.090471e-01
 iter: 104:1        |ddm|: 1.437806e-01     Tr[DP]  1.122731e-01
 iter: 104:2        |ddm|: 1.937063e-01     Tr[DP]  1.081369e-01
 iter: 105:1        |ddm|: 1.520676e-01     Tr[DP]  1.115370e-01
 iter: 105:2        |ddm|: 2.340047e-01     Tr[DP]  1.075522e-01
 iter: 106:1        |ddm|: 1.351578e-01     Tr[DP]  1.109588e-01
 iter: 106:2        |ddm|: 2.344775e-01     Tr[DP]  1.071210e-01
 iter: 107:1        |ddm|: 1.193717e-01     Tr[DP]  1.104328e-01
 iter: 107:2        |ddm|: 2.230863e-01     Tr[DP]  1.067137e-01
 iter: 108:1        |ddm|: 1.100745e-01     Tr[DP]  1.099392e-01
 iter: 108:2        |ddm|: 2.055190e-01     Tr[DP]  1.062997e-01
 iter: 109:1        |ddm|: 1.058914e-01     Tr[DP]  1.095086e-01
 iter: 109:2        |ddm|: 1.796956e-01     Tr[DP]  1.058481e-01
 iter: 110:1        |ddm|: 1.058295e-01     Tr[DP]  1.089434e-01
 iter: 110:2        |ddm|: 1.812552e-01     Tr[DP]  1.053059e-01
 iter: 111:1        |ddm|: 1.126987e-01     Tr[DP]  1.083479e-01
 iter: 111:2        |ddm|: 2.051338e-01     Tr[DP]  1.048288e-01
 iter: 112:1        |ddm|: 1.056069e-01     Tr[DP]  1.078945e-01
 iter: 112:2        |ddm|: 1.876943e-01     Tr[DP]  1.044450e-01
 iter: 113:1        |ddm|: 9.806809e-02     Tr[DP]  1.074301e-01
 iter: 113:2        |ddm|: 1.776112e-01     Tr[DP]  1.040239e-01
 iter: 114:1        |ddm|: 9.824622e-02     Tr[DP]  1.069927e-01
 iter: 114:2        |ddm|: 1.656255e-01     Tr[DP]  1.035791e-01
 iter: 115:1        |ddm|: 9.944836e-02     Tr[DP]  1.064310e-01
 iter: 115:2        |ddm|: 1.816225e-01     Tr[DP]  1.030979e-01
 iter: 116:1        |ddm|: 9.671549e-02     Tr[DP]  1.060124e-01
 iter: 116:2        |ddm|: 1.650211e-01     Tr[DP]  1.026918e-01
 iter: 117:1        |ddm|: 9.982763e-02     Tr[DP]  1.054537e-01
 iter: 117:2        |ddm|: 1.896916e-01     Tr[DP]  1.022516e-01
 iter: 118:1        |ddm|: 9.363763e-02     Tr[DP]  1.050346e-01
 iter: 118:2        |ddm|: 1.771508e-01     Tr[DP]  1.019271e-01
 iter: 119:1        |ddm|: 8.775189e-02     Tr[DP]  1.047464e-01
 iter: 119:2        |ddm|: 1.490655e-01     Tr[DP]  1.015363e-01
 iter: 120:1        |ddm|: 8.314625e-02     Tr[DP]  1.042659e-01
 iter: 120:2        |ddm|: 1.378138e-01     Tr[DP]  1.009808e-01
 iter: 121:1        |ddm|: 9.166335e-02     Tr[DP]  1.037842e-01
 iter: 121:2        |ddm|: 1.399990e-01     Tr[DP]  1.004402e-01
 iter: 122:1        |ddm|: 1.122812e-01     Tr[DP]  1.035509e-01
 iter: 122:2        |ddm|: 1.946897e-01     Tr[DP]  9.980846e-02
 iter: 123:1        |ddm|: 1.346345e-01     Tr[DP]  1.026335e-01
 iter: 123:2        |ddm|: 2.008956e-01     Tr[DP]  9.895531e-02
 iter: 124:1        |ddm|: 1.214351e-01     Tr[DP]  1.020965e-01
 iter: 124:2        |ddm|: 1.764942e-01     Tr[DP]  9.846371e-02
 iter: 125:1        |ddm|: 1.105672e-01     Tr[DP]  1.015256e-01
 iter: 125:2        |ddm|: 1.889147e-01     Tr[DP]  9.795858e-02
 iter: 126:1        |ddm|: 1.040481e-01     Tr[DP]  1.010008e-01
 iter: 126:2        |ddm|: 1.864827e-01     Tr[DP]  9.750088e-02
 iter: 127:1        |ddm|: 1.005272e-01     Tr[DP]  1.004649e-01
 iter: 127:2        |ddm|: 1.931307e-01     Tr[DP]  9.706216e-02
 iter: 128:1        |ddm|: 9.318258e-02     Tr[DP]  1.000523e-01
 iter: 128:2        |ddm|: 1.638522e-01     Tr[DP]  9.664527e-02
 iter: 129:1        |ddm|: 8.947982e-02     Tr[DP]  9.957524e-02
 iter: 129:2        |ddm|: 1.551797e-01     Tr[DP]  9.613611e-02
 iter: 130:1        |ddm|: 9.481706e-02     Tr[DP]  9.904186e-02
 iter: 130:2        |ddm|: 1.631174e-01     Tr[DP]  9.561693e-02
 iter: 131:1        |ddm|: 1.033724e-01     Tr[DP]  9.845738e-02
 iter: 131:2        |ddm|: 1.967452e-01     Tr[DP]  9.516380e-02
 iter: 132:1        |ddm|: 9.137468e-02     Tr[DP]  9.806229e-02
 iter: 132:2        |ddm|: 1.631862e-01     Tr[DP]  9.479338e-02
 iter: 133:1        |ddm|: 8.358404e-02     Tr[DP]  9.764436e-02
 iter: 133:2        |ddm|: 1.473223e-01     Tr[DP]  9.432552e-02
 iter: 134:1        |ddm|: 8.894972e-02     Tr[DP]  9.712070e-02
 iter: 134:2        |ddm|: 1.569427e-01     Tr[DP]  9.381679e-02
 iter: 135:1        |ddm|: 9.408735e-02     Tr[DP]  9.659907e-02
 iter: 135:2        |ddm|: 1.718663e-01     Tr[DP]  9.337134e-02
 iter: 136:1        |ddm|: 8.726083e-02     Tr[DP]  9.617489e-02
 iter: 136:2        |ddm|: 1.552891e-01     Tr[DP]  9.296667e-02
 iter: 137:1        |ddm|: 8.306110e-02     Tr[DP]  9.573455e-02
 iter: 137:2        |ddm|: 1.476675e-01     Tr[DP]  9.251543e-02
 iter: 138:1        |ddm|: 8.650976e-02     Tr[DP]  9.523839e-02
 iter: 138:2        |ddm|: 1.572623e-01     Tr[DP]  9.205568e-02
 iter: 139:1        |ddm|: 8.905081e-02     Tr[DP]  9.474630e-02
 iter: 139:2        |ddm|: 1.698819e-01     Tr[DP]  9.164906e-02
 iter: 140:1        |ddm|: 8.328167e-02     Tr[DP]  9.431654e-02
 iter: 140:2        |ddm|: 1.614589e-01     Tr[DP]  9.128927e-02
 iter: 141:1        |ddm|: 7.751076e-02     Tr[DP]  9.397130e-02
 iter: 141:2        |ddm|: 1.357141e-01     Tr[DP]  9.089592e-02
 iter: 142:1        |ddm|: 8.046650e-02     Tr[DP]  9.347747e-02
 iter: 142:2        |ddm|: 1.489654e-01     Tr[DP]  9.042834e-02
 iter: 143:1        |ddm|: 8.202533e-02     Tr[DP]  9.303773e-02
 iter: 143:2        |ddm|: 1.474410e-01     Tr[DP]  9.002760e-02
 iter: 144:1        |ddm|: 7.758526e-02     Tr[DP]  9.264341e-02
 iter: 144:2        |ddm|: 1.353248e-01     Tr[DP]  8.962080e-02
 iter: 145:1        |ddm|: 7.844607e-02     Tr[DP]  9.219531e-02
 iter: 145:2        |ddm|: 1.403402e-01     Tr[DP]  8.917872e-02
 iter: 146:1        |ddm|: 7.825079e-02     Tr[DP]  9.178316e-02
 iter: 146:2        |ddm|: 1.332303e-01     Tr[DP]  8.874970e-02
 iter: 147:1        |ddm|: 8.481270e-02     Tr[DP]  9.128578e-02
 iter: 147:2        |ddm|: 1.597904e-01     Tr[DP]  8.831822e-02
 iter: 148:1        |ddm|: 7.833536e-02     Tr[DP]  9.093213e-02
 iter: 148:2        |ddm|: 1.312198e-01     Tr[DP]  8.793955e-02
 iter: 149:1        |ddm|: 8.045229e-02     Tr[DP]  9.044748e-02
 iter: 149:2        |ddm|: 1.522843e-01     Tr[DP]  8.749848e-02
 iter: 150:1        |ddm|: 8.028180e-02     Tr[DP]  9.001449e-02
 iter: 150:2        |ddm|: 1.533466e-01     Tr[DP]  8.713823e-02
 iter: 151:1        |ddm|: 7.507909e-02     Tr[DP]  8.961418e-02
 iter: 151:2        |ddm|: 1.481051e-01     Tr[DP]  8.679966e-02
 iter: 152:1        |ddm|: 7.260843e-02     Tr[DP]  8.921285e-02
 iter: 152:2        |ddm|: 1.486510e-01     Tr[DP]  8.646869e-02
 iter: 153:1        |ddm|: 7.316875e-02     Tr[DP]  8.880247e-02
 iter: 153:2        |ddm|: 1.607821e-01     Tr[DP]  8.616974e-02
 iter: 154:1        |ddm|: 6.954862e-02     Tr[DP]  8.855258e-02
 iter: 154:2        |ddm|: 1.193647e-01     Tr[DP]  8.588153e-02
 iter: 155:1        |ddm|: 7.438469e-02     Tr[DP]  8.808477e-02
 iter: 155:2        |ddm|: 1.573420e-01     Tr[DP]  8.548676e-02
 iter: 156:1        |ddm|: 6.737513e-02     Tr[DP]  8.777462e-02
 iter: 156:2        |ddm|: 1.208892e-01     Tr[DP]  8.521395e-02
 iter: 157:1        |ddm|: 6.168394e-02     Tr[DP]  8.747747e-02
 iter: 157:2        |ddm|: 1.075955e-01     Tr[DP]  8.485665e-02
 iter: 158:1        |ddm|: 6.533361e-02     Tr[DP]  8.719201e-02
 iter: 158:2        |ddm|: 1.201350e-01     Tr[DP]  8.439230e-02
 iter: 159:1        |ddm|: 8.149795e-02     Tr[DP]  8.668423e-02
 iter: 159:2        |ddm|: 1.295048e-01     Tr[DP]  8.384720e-02
 iter: 160:1        |ddm|: 8.685801e-02     Tr[DP]  8.621719e-02
 iter: 160:2        |ddm|: 1.502294e-01     Tr[DP]  8.344789e-02
 iter: 161:1        |ddm|: 7.857575e-02     Tr[DP]  8.580893e-02
 iter: 161:2        |ddm|: 1.521643e-01     Tr[DP]  8.312589e-02
 iter: 162:1        |ddm|: 6.992932e-02     Tr[DP]  8.543214e-02
 iter: 162:2        |ddm|: 1.477479e-01     Tr[DP]  8.282528e-02
 iter: 163:1        |ddm|: 6.471265e-02     Tr[DP]  8.508697e-02
 iter: 163:2        |ddm|: 1.341000e-01     Tr[DP]  8.253624e-02
 iter: 164:1        |ddm|: 6.027734e-02     Tr[DP]  8.477702e-02
 iter: 164:2        |ddm|: 1.134056e-01     Tr[DP]  8.222105e-02
 iter: 165:1        |ddm|: 6.733938e-02     Tr[DP]  8.438164e-02
 iter: 165:2        |ddm|: 1.343430e-01     Tr[DP]  8.187809e-02
 iter: 166:1        |ddm|: 6.278394e-02     Tr[DP]  8.406485e-02
 iter: 166:2        |ddm|: 1.137539e-01     Tr[DP]  8.158377e-02
 iter: 167:1        |ddm|: 5.959719e-02     Tr[DP]  8.375409e-02
 iter: 167:2        |ddm|: 1.043727e-01     Tr[DP]  8.124390e-02
 iter: 168:1        |ddm|: 6.205098e-02     Tr[DP]  8.340166e-02
 iter: 168:2        |ddm|: 1.068748e-01     Tr[DP]  8.086305e-02
 iter: 169:1        |ddm|: 6.786031e-02     Tr[DP]  8.302140e-02
 iter: 169:2        |ddm|: 1.204142e-01     Tr[DP]  8.049730e-02
 iter: 170:1        |ddm|: 6.857002e-02     Tr[DP]  8.264983e-02
 iter: 170:2        |ddm|: 1.299093e-01     Tr[DP]  8.017588e-02
 iter: 171:1        |ddm|: 6.555214e-02     Tr[DP]  8.229728e-02
 iter: 171:2        |ddm|: 1.335301e-01     Tr[DP]  7.989107e-02
 iter: 172:1        |ddm|: 6.041124e-02     Tr[DP]  8.197418e-02
 iter: 172:2        |ddm|: 1.254774e-01     Tr[DP]  7.962740e-02
 iter: 173:1        |ddm|: 5.704767e-02     Tr[DP]  8.166758e-02
 iter: 173:2        |ddm|: 1.162325e-01     Tr[DP]  7.936396e-02
 iter: 174:1        |ddm|: 5.655666e-02     Tr[DP]  8.135463e-02
 iter: 174:2        |ddm|: 1.158982e-01     Tr[DP]  7.909594e-02
 iter: 175:1        |ddm|: 5.746231e-02     Tr[DP]  8.103851e-02
 iter: 175:2        |ddm|: 1.214240e-01     Tr[DP]  7.884557e-02
 iter: 176:1        |ddm|: 5.290439e-02     Tr[DP]  8.080112e-02
 iter: 176:2        |ddm|: 9.280018e-02     Tr[DP]  7.859990e-02
 iter: 177:1        |ddm|: 7.267557e-02     Tr[DP]  8.040587e-02
 iter: 177:2        |ddm|: 1.635681e-01     Tr[DP]  7.831903e-02
 iter: 178:1        |ddm|: 5.469662e-02     Tr[DP]  8.017393e-02
 iter: 178:2        |ddm|: 1.110631e-01     Tr[DP]  7.818022e-02
 iter: 179:1        |ddm|: 4.462421e-02     Tr[DP]  7.994616e-02
 iter: 179:2        |ddm|: 9.261665e-02     Tr[DP]  7.796929e-02
 iter: 180:1        |ddm|: 4.527323e-02     Tr[DP]  7.974291e-02
 iter: 180:2        |ddm|: 8.180094e-02     Tr[DP]  7.770544e-02
 iter: 181:1        |ddm|: 4.577492e-02     Tr[DP]  7.949637e-02
 iter: 181:2        |ddm|: 8.275353e-02     Tr[DP]  7.735537e-02
 iter: 182:1        |ddm|: 5.760925e-02     Tr[DP]  7.916958e-02
 iter: 182:2        |ddm|: 9.008943e-02     Tr[DP]  7.698212e-02
 iter: 183:1        |ddm|: 6.137045e-02     Tr[DP]  7.884614e-02
 iter: 183:2        |ddm|: 9.981967e-02     Tr[DP]  7.666148e-02
 iter: 184:1        |ddm|: 6.069142e-02     Tr[DP]  7.852670e-02
 iter: 184:2        |ddm|: 1.109409e-01     Tr[DP]  7.637572e-02
 iter: 185:1        |ddm|: 6.209782e-02     Tr[DP]  7.820080e-02
 iter: 185:2        |ddm|: 1.328703e-01     Tr[DP]  7.613441e-02
 iter: 186:1        |ddm|: 5.355666e-02     Tr[DP]  7.792888e-02
 iter: 186:2        |ddm|: 1.192748e-01     Tr[DP]  7.594905e-02
 iter: 187:1        |ddm|: 4.781993e-02     Tr[DP]  7.767749e-02
 iter: 187:2        |ddm|: 1.083623e-01     Tr[DP]  7.576156e-02
 iter: 188:1        |ddm|: 4.416838e-02     Tr[DP]  7.744554e-02
 iter: 188:2        |ddm|: 9.305769e-02     Tr[DP]  7.556674e-02
 iter: 189:1        |ddm|: 4.425963e-02     Tr[DP]  7.720289e-02
 iter: 189:2        |ddm|: 9.170951e-02     Tr[DP]  7.535467e-02
 iter: 190:1        |ddm|: 6.600319e-02     Tr[DP]  7.686856e-02
 iter: 190:2        |ddm|: 1.666433e-01     Tr[DP]  7.517950e-02
 iter: 191:1        |ddm|: 4.644284e-02     Tr[DP]  7.672125e-02
 iter: 191:2        |ddm|: 9.346382e-02     Tr[DP]  7.513318e-02
 iter: 192:1        |ddm|: 6.010116e-02     Tr[DP]  7.643206e-02
 iter: 192:2        |ddm|: 1.789733e-01     Tr[DP]  7.502623e-02
 iter: 193:1        |ddm|: 5.226411e-02     Tr[DP]  7.636821e-02
 iter: 193:2        |ddm|: 8.493607e-02     Tr[DP]  7.504431e-02
 iter: 194:1        |ddm|: 8.980966e-02     Tr[DP]  7.643378e-02
 iter: 194:2        |ddm|: 2.186827e-01     Tr[DP]  7.482599e-02
 iter: 195:1        |ddm|: 5.570296e-02     Tr[DP]  7.612780e-02
 iter: 195:2        |ddm|: 9.329947e-02     Tr[DP]  7.432516e-02
 iter: 196:1        |ddm|: 6.085760e-02     Tr[DP]  7.583154e-02
 iter: 196:2        |ddm|: 8.062224e-02     Tr[DP]  7.399948e-02
 iter: 197:1        |ddm|: 5.612195e-02     Tr[DP]  7.556191e-02
 iter: 197:2        |ddm|: 8.717682e-02     Tr[DP]  7.373315e-02
 iter: 198:1        |ddm|: 5.005422e-02     Tr[DP]  7.531432e-02
 iter: 198:2        |ddm|: 8.379757e-02     Tr[DP]  7.349723e-02
 iter: 199:1        |ddm|: 5.514156e-02     Tr[DP]  7.503126e-02
 iter: 199:2        |ddm|: 1.169123e-01     Tr[DP]  7.326457e-02
 iter: 200:1        |ddm|: 4.665296e-02     Tr[DP]  7.480142e-02
 iter: 200:2        |ddm|: 9.788233e-02     Tr[DP]  7.310700e-02
 iter: 201:1        |ddm|: 4.209027e-02     Tr[DP]  7.457790e-02
 iter: 201:2        |ddm|: 9.721567e-02     Tr[DP]  7.293593e-02
 iter: 202:1        |ddm|: 3.869071e-02     Tr[DP]  7.437643e-02
 iter: 202:2        |ddm|: 7.958285e-02     Tr[DP]  7.277671e-02
 iter: 203:1        |ddm|: 3.871735e-02     Tr[DP]  7.422251e-02
 iter: 203:2        |ddm|: 6.627176e-02     Tr[DP]  7.258342e-02
 iter: 204:1        |ddm|: 4.037660e-02     Tr[DP]  7.400460e-02
 iter: 204:2        |ddm|: 6.823048e-02     Tr[DP]  7.231558e-02
 iter: 205:1        |ddm|: 4.471621e-02     Tr[DP]  7.377545e-02
 iter: 205:2        |ddm|: 7.241676e-02     Tr[DP]  7.206986e-02
 iter: 206:1        |ddm|: 4.721414e-02     Tr[DP]  7.353870e-02
 iter: 206:2        |ddm|: 8.139425e-02     Tr[DP]  7.183652e-02
 iter: 207:1        |ddm|: 4.669677e-02     Tr[DP]  7.330470e-02
 iter: 207:2        |ddm|: 8.748728e-02     Tr[DP]  7.162903e-02
 iter: 208:1        |ddm|: 4.194483e-02     Tr[DP]  7.309218e-02
 iter: 208:2        |ddm|: 7.708738e-02     Tr[DP]  7.143420e-02
 iter: 209:1        |ddm|: 4.406993e-02     Tr[DP]  7.286921e-02
 iter: 209:2        |ddm|: 8.726296e-02     Tr[DP]  7.123687e-02
 iter: 210:1        |ddm|: 4.342382e-02     Tr[DP]  7.264929e-02
 iter: 210:2        |ddm|: 9.109441e-02     Tr[DP]  7.106332e-02
 iter: 211:1        |ddm|: 3.939902e-02     Tr[DP]  7.244985e-02
 iter: 211:2        |ddm|: 8.242328e-02     Tr[DP]  7.090710e-02
 iter: 212:1        |ddm|: 3.787921e-02     Tr[DP]  7.225580e-02
 iter: 212:2        |ddm|: 8.012229e-02     Tr[DP]  7.074933e-02
 iter: 213:1        |ddm|: 3.717429e-02     Tr[DP]  7.206555e-02
 iter: 213:2        |ddm|: 7.879265e-02     Tr[DP]  7.059798e-02
 iter: 214:1        |ddm|: 3.509751e-02     Tr[DP]  7.188871e-02
 iter: 214:2        |ddm|: 7.076922e-02     Tr[DP]  7.045182e-02
 iter: 215:1        |ddm|: 3.335306e-02     Tr[DP]  7.172281e-02
 iter: 215:2        |ddm|: 6.208209e-02     Tr[DP]  7.029541e-02
 iter: 216:1        |ddm|: 3.299933e-02     Tr[DP]  7.155797e-02
 iter: 216:2        |ddm|: 5.730275e-02     Tr[DP]  7.011951e-02
 iter: 217:1        |ddm|: 4.185178e-02     Tr[DP]  7.135310e-02
 iter: 217:2        |ddm|: 8.304062e-02     Tr[DP]  6.993896e-02
 iter: 218:1        |ddm|: 3.614606e-02     Tr[DP]  7.117775e-02
 iter: 218:2        |ddm|: 7.123935e-02     Tr[DP]  6.980759e-02
 iter: 219:1        |ddm|: 3.183279e-02     Tr[DP]  7.102378e-02
 iter: 219:2        |ddm|: 5.836306e-02     Tr[DP]  6.966488e-02
 iter: 220:1        |ddm|: 3.081503e-02     Tr[DP]  7.087104e-02
 iter: 220:2        |ddm|: 5.288697e-02     Tr[DP]  6.949491e-02
 iter: 221:1        |ddm|: 3.355313e-02     Tr[DP]  7.070235e-02
 iter: 221:2        |ddm|: 5.598104e-02     Tr[DP]  6.930502e-02
 iter: 222:1        |ddm|: 3.892604e-02     Tr[DP]  7.051256e-02
 iter: 222:2        |ddm|: 6.934855e-02     Tr[DP]  6.912336e-02
 iter: 223:1        |ddm|: 3.700552e-02     Tr[DP]  7.033358e-02
 iter: 223:2        |ddm|: 6.945077e-02     Tr[DP]  6.897147e-02
 iter: 224:1        |ddm|: 3.677383e-02     Tr[DP]  7.015444e-02
 iter: 224:2        |ddm|: 7.748836e-02     Tr[DP]  6.883102e-02
 iter: 225:1        |ddm|: 3.365719e-02     Tr[DP]  6.998898e-02
 iter: 225:2        |ddm|: 7.288599e-02     Tr[DP]  6.871147e-02
 iter: 226:1        |ddm|: 3.059146e-02     Tr[DP]  6.983833e-02
 iter: 226:2        |ddm|: 6.424287e-02     Tr[DP]  6.859420e-02
 iter: 227:1        |ddm|: 2.918705e-02     Tr[DP]  6.969288e-02
 iter: 227:2        |ddm|: 5.861099e-02     Tr[DP]  6.846986e-02
 iter: 228:1        |ddm|: 2.967288e-02     Tr[DP]  6.954488e-02
 iter: 228:2        |ddm|: 5.910467e-02     Tr[DP]  6.834230e-02
 iter: 229:1        |ddm|: 3.009507e-02     Tr[DP]  6.939689e-02
 iter: 229:2        |ddm|: 6.020302e-02     Tr[DP]  6.822161e-02
 iter: 230:1        |ddm|: 2.953119e-02     Tr[DP]  6.929832e-02
 iter: 230:2        |ddm|: 5.055371e-02     Tr[DP]  6.808975e-02
 iter: 231:1        |ddm|: 4.446434e-02     Tr[DP]  6.911012e-02
 iter: 231:2        |ddm|: 8.329046e-02     Tr[DP]  6.790542e-02
 iter: 232:1        |ddm|: 3.128453e-02     Tr[DP]  6.897538e-02
 iter: 232:2        |ddm|: 5.020042e-02     Tr[DP]  6.780439e-02
 iter: 233:1        |ddm|: 3.916047e-02     Tr[DP]  6.880327e-02
 iter: 233:2        |ddm|: 9.162344e-02     Tr[DP]  6.767937e-02
 iter: 234:1        |ddm|: 2.883274e-02     Tr[DP]  6.869067e-02
 iter: 234:2        |ddm|: 4.978684e-02     Tr[DP]  6.760953e-02
 iter: 235:1        |ddm|: 2.360137e-02     Tr[DP]  6.857260e-02
 iter: 235:2        |ddm|: 4.553812e-02     Tr[DP]  6.748626e-02
 iter: 236:1        |ddm|: 2.438602e-02     Tr[DP]  6.846428e-02
 iter: 236:2        |ddm|: 4.102344e-02     Tr[DP]  6.735087e-02
 iter: 237:1        |ddm|: 2.926322e-02     Tr[DP]  6.832527e-02
 iter: 237:2        |ddm|: 4.722663e-02     Tr[DP]  6.718517e-02
 iter: 238:1        |ddm|: 3.697687e-02     Tr[DP]  6.816239e-02
 iter: 238:2        |ddm|: 7.028570e-02     Tr[DP]  6.704958e-02
 iter: 239:1        |ddm|: 2.873666e-02     Tr[DP]  6.803109e-02
 iter: 239:2        |ddm|: 5.446451e-02     Tr[DP]  6.695315e-02
 iter: 240:1        |ddm|: 2.839189e-02     Tr[DP]  6.789556e-02
 iter: 240:2        |ddm|: 6.233090e-02     Tr[DP]  6.684647e-02
 iter: 241:1        |ddm|: 2.629607e-02     Tr[DP]  6.776972e-02
 iter: 241:2        |ddm|: 5.718524e-02     Tr[DP]  6.675764e-02
 iter: 242:1        |ddm|: 2.452940e-02     Tr[DP]  6.765142e-02
 iter: 242:2        |ddm|: 5.283040e-02     Tr[DP]  6.666955e-02
 iter: 243:1        |ddm|: 2.453206e-02     Tr[DP]  6.756759e-02
 iter: 243:2        |ddm|: 3.992553e-02     Tr[DP]  6.656828e-02
 iter: 244:1        |ddm|: 2.475003e-02     Tr[DP]  6.745084e-02
 iter: 244:2        |ddm|: 4.069887e-02     Tr[DP]  6.641301e-02
 iter: 245:1        |ddm|: 2.654845e-02     Tr[DP]  6.732842e-02
 iter: 245:2        |ddm|: 4.070346e-02     Tr[DP]  6.627157e-02
 iter: 246:1        |ddm|: 3.127786e-02     Tr[DP]  6.718980e-02
 iter: 246:2        |ddm|: 5.328361e-02     Tr[DP]  6.613173e-02
 iter: 247:1        |ddm|: 2.678456e-02     Tr[DP]  6.706750e-02
 iter: 247:2        |ddm|: 4.310106e-02     Tr[DP]  6.601261e-02
 iter: 248:1        |ddm|: 4.227040e-02     Tr[DP]  6.690326e-02
 iter: 248:2        |ddm|: 9.562295e-02     Tr[DP]  6.589676e-02
 iter: 249:1        |ddm|: 2.693908e-02     Tr[DP]  6.679011e-02
 iter: 249:2        |ddm|: 5.656271e-02     Tr[DP]  6.585106e-02
 iter: 250:1        |ddm|: 2.276849e-02     Tr[DP]  6.671008e-02
 iter: 250:2        |ddm|: 3.749036e-02     Tr[DP]  6.575836e-02
 iter: 251:1        |ddm|: 2.452686e-02     Tr[DP]  6.659811e-02
 iter: 251:2        |ddm|: 4.217027e-02     Tr[DP]  6.561975e-02
 iter: 252:1        |ddm|: 2.876496e-02     Tr[DP]  6.647173e-02
 iter: 252:2        |ddm|: 5.178130e-02     Tr[DP]  6.550640e-02
 iter: 253:1        |ddm|: 2.711642e-02     Tr[DP]  6.635037e-02
 iter: 253:2        |ddm|: 5.617894e-02     Tr[DP]  6.541561e-02
 iter: 254:1        |ddm|: 2.321958e-02     Tr[DP]  6.624287e-02
 iter: 254:2        |ddm|: 4.724538e-02     Tr[DP]  6.533507e-02
 iter: 255:1        |ddm|: 2.250166e-02     Tr[DP]  6.613725e-02
 iter: 255:2        |ddm|: 4.751525e-02     Tr[DP]  6.524988e-02
 iter: 256:1        |ddm|: 2.205793e-02     Tr[DP]  6.603372e-02
 iter: 256:2        |ddm|: 4.618315e-02     Tr[DP]  6.517020e-02
 iter: 257:1        |ddm|: 2.103756e-02     Tr[DP]  6.593537e-02
 iter: 257:2        |ddm|: 4.302242e-02     Tr[DP]  6.509338e-02
 iter: 258:1        |ddm|: 2.027516e-02     Tr[DP]  6.584071e-02
 iter: 258:2        |ddm|: 4.001510e-02     Tr[DP]  6.501599e-02
 iter: 259:1        |ddm|: 2.048147e-02     Tr[DP]  6.574596e-02
 iter: 259:2        |ddm|: 4.107272e-02     Tr[DP]  6.493818e-02
 iter: 260:1        |ddm|: 2.032209e-02     Tr[DP]  6.565248e-02
 iter: 260:2        |ddm|: 4.148714e-02     Tr[DP]  6.486571e-02
 iter: 261:1        |ddm|: 1.944775e-02     Tr[DP]  6.556281e-02
 iter: 261:2        |ddm|: 3.999545e-02     Tr[DP]  6.479729e-02
 iter: 262:1        |ddm|: 1.892814e-02     Tr[DP]  6.547565e-02
 iter: 262:2        |ddm|: 3.960793e-02     Tr[DP]  6.473130e-02
 iter: 263:1        |ddm|: 1.833587e-02     Tr[DP]  6.539155e-02
 iter: 263:2        |ddm|: 3.834859e-02     Tr[DP]  6.466874e-02
 iter: 264:1        |ddm|: 1.723133e-02     Tr[DP]  6.531266e-02
 iter: 264:2        |ddm|: 3.443314e-02     Tr[DP]  6.460715e-02
 iter: 265:1        |ddm|: 1.658150e-02     Tr[DP]  6.523696e-02
 iter: 265:2        |ddm|: 3.167709e-02     Tr[DP]  6.454188e-02
 iter: 266:1        |ddm|: 2.127778e-02     Tr[DP]  6.514467e-02
 iter: 266:2        |ddm|: 4.931595e-02     Tr[DP]  6.448111e-02
 iter: 267:1        |ddm|: 1.689156e-02     Tr[DP]  6.508220e-02
 iter: 267:2        |ddm|: 2.779921e-02     Tr[DP]  6.444174e-02
 iter: 268:1        |ddm|: 1.708445e-02     Tr[DP]  6.504207e-02
 iter: 268:2        |ddm|: 3.472612e-02     Tr[DP]  6.436243e-02
 iter: 269:1        |ddm|: 2.209625e-02     Tr[DP]  6.495505e-02
 iter: 269:2        |ddm|: 3.373324e-02     Tr[DP]  6.424568e-02
 iter: 270:1        |ddm|: 2.079174e-02     Tr[DP]  6.486688e-02
 iter: 270:2        |ddm|: 3.338889e-02     Tr[DP]  6.416859e-02
 iter: 271:1        |ddm|: 1.907296e-02     Tr[DP]  6.478391e-02
 iter: 271:2        |ddm|: 3.518332e-02     Tr[DP]  6.409785e-02
 iter: 272:1        |ddm|: 1.749106e-02     Tr[DP]  6.470546e-02
 iter: 272:2        |ddm|: 3.285552e-02     Tr[DP]  6.403143e-02
 iter: 273:1        |ddm|: 1.790221e-02     Tr[DP]  6.462546e-02
 iter: 273:2        |ddm|: 3.624232e-02     Tr[DP]  6.396615e-02
 iter: 274:1        |ddm|: 1.712273e-02     Tr[DP]  6.454701e-02
 iter: 274:2        |ddm|: 3.668970e-02     Tr[DP]  6.390908e-02
 iter: 275:1        |ddm|: 1.677433e-02     Tr[DP]  6.447096e-02
 iter: 275:2        |ddm|: 3.817258e-02     Tr[DP]  6.385962e-02
 iter: 276:1        |ddm|: 1.523880e-02     Tr[DP]  6.440209e-02
 iter: 276:2        |ddm|: 3.424869e-02     Tr[DP]  6.381681e-02
 iter: 277:1        |ddm|: 1.508080e-02     Tr[DP]  6.433358e-02
 iter: 277:2        |ddm|: 3.630178e-02     Tr[DP]  6.377469e-02
 iter: 278:1        |ddm|: 1.331891e-02     Tr[DP]  6.427972e-02
 iter: 278:2        |ddm|: 2.226986e-02     Tr[DP]  6.373416e-02
 iter: 279:1        |ddm|: 1.214109e-02     Tr[DP]  6.422333e-02
 iter: 279:2        |ddm|: 2.194232e-02     Tr[DP]  6.367580e-02
 iter: 280:1        |ddm|: 1.302811e-02     Tr[DP]  6.416859e-02
 iter: 280:2        |ddm|: 2.041196e-02     Tr[DP]  6.361588e-02
 iter: 281:1        |ddm|: 1.431864e-02     Tr[DP]  6.410640e-02
 iter: 281:2        |ddm|: 2.377834e-02     Tr[DP]  6.354940e-02
 iter: 282:1        |ddm|: 1.625340e-02     Tr[DP]  6.406843e-02
 iter: 282:2        |ddm|: 3.611938e-02     Tr[DP]  6.347587e-02
 iter: 283:1        |ddm|: 2.264649e-02     Tr[DP]  6.399271e-02
 iter: 283:2        |ddm|: 3.275115e-02     Tr[DP]  6.336533e-02
 iter: 284:1        |ddm|: 2.103489e-02     Tr[DP]  6.390885e-02
 iter: 284:2        |ddm|: 3.535974e-02     Tr[DP]  6.329453e-02
 iter: 285:1        |ddm|: 1.773460e-02     Tr[DP]  6.383404e-02
 iter: 285:2        |ddm|: 3.483388e-02     Tr[DP]  6.323749e-02
 iter: 286:1        |ddm|: 1.638637e-02     Tr[DP]  6.376259e-02
 iter: 286:2        |ddm|: 3.551572e-02     Tr[DP]  6.318540e-02
 iter: 287:1        |ddm|: 1.472378e-02     Tr[DP]  6.369662e-02
 iter: 287:2        |ddm|: 3.143193e-02     Tr[DP]  6.313838e-02
 iter: 288:1        |ddm|: 1.308406e-02     Tr[DP]  6.363906e-02
 iter: 288:2        |ddm|: 2.317145e-02     Tr[DP]  6.308718e-02
 iter: 289:1        |ddm|: 1.254692e-02     Tr[DP]  6.358776e-02
 iter: 289:2        |ddm|: 2.101557e-02     Tr[DP]  6.302065e-02
 iter: 290:1        |ddm|: 1.980204e-02     Tr[DP]  6.351622e-02
 iter: 290:2        |ddm|: 3.548687e-02     Tr[DP]  6.294493e-02
 iter: 291:1        |ddm|: 1.456016e-02     Tr[DP]  6.345362e-02
 iter: 291:2        |ddm|: 2.228098e-02     Tr[DP]  6.289168e-02
 iter: 292:1        |ddm|: 1.907691e-02     Tr[DP]  6.338233e-02
 iter: 292:2        |ddm|: 4.011993e-02     Tr[DP]  6.283145e-02
 iter: 293:1        |ddm|: 1.387034e-02     Tr[DP]  6.332348e-02
 iter: 293:2        |ddm|: 2.285835e-02     Tr[DP]  6.279018e-02
 iter: 294:1        |ddm|: 1.412053e-02     Tr[DP]  6.326394e-02
 iter: 294:2        |ddm|: 2.857451e-02     Tr[DP]  6.273453e-02
 iter: 295:1        |ddm|: 1.335020e-02     Tr[DP]  6.320487e-02
 iter: 295:2        |ddm|: 2.512410e-02     Tr[DP]  6.268675e-02
 iter: 296:1        |ddm|: 1.319317e-02     Tr[DP]  6.314762e-02
 iter: 296:2        |ddm|: 2.568943e-02     Tr[DP]  6.263766e-02
 iter: 297:1        |ddm|: 1.363027e-02     Tr[DP]  6.308898e-02
 iter: 297:2        |ddm|: 2.817901e-02     Tr[DP]  6.259226e-02
 iter: 298:1        |ddm|: 1.214671e-02     Tr[DP]  6.303567e-02
 iter: 298:2        |ddm|: 2.318978e-02     Tr[DP]  6.255082e-02
 iter: 299:1        |ddm|: 1.187481e-02     Tr[DP]  6.298375e-02
 iter: 299:2        |ddm|: 2.280716e-02     Tr[DP]  6.250529e-02
 iter: 300:1        |ddm|: 1.251313e-02     Tr[DP]  6.292991e-02
 iter: 300:2        |ddm|: 2.500325e-02     Tr[DP]  6.246168e-02
                         Freeze-and-Thaw NOT converged!                         

=================== Subsystem 1 at higher mean-field method ====================
  subiter:   1      |ddm|: 3.931195e+00
  subiter:   2      |ddm|: 4.073054e-01
  subiter:   3      |ddm|: 3.693521e-02
  subiter:   4      |ddm|: 3.304096e-02
  subiter:   5      |ddm|: 4.883134e-03
  subiter:   6      |ddm|: 1.847211e-03
  subiter:   7      |ddm|: 3.541431e-04
  subiter:   8      |ddm|: 1.453370e-04
  subiter:   9      |ddm|: 5.748078e-05
  subiter:  10      |ddm|: 9.347877e-06
  subiter:  11      |ddm|: 1.935768e-06
  subiter:  12      |ddm|: 3.537230e-07
  subiter:  13      |ddm|: 5.308843e-08
  subiter:  14      |ddm|: 2.146671e-08
  subiter:  15      |ddm|: 2.464154e-08
  subiter:  16      |ddm|: 1.210478e-08
  subiter:  17      |ddm|: 2.080628e-08
  subiter:  18      |ddm|: 3.213942e-08
  subiter:  19      |ddm|: 6.474724e-09


******** <class 'pyscf.scf.hf.RHF'> flags ********
method = RHF
initial guess = minao
damping factor = 0
level shift factor = 0
DIIS = <class 'pyscf.scf.diis.CDIIS'>
DIIS start cycle = 1
DIIS space = 8
SCF tol = 1e-09
SCF gradient tol = None
max. SCF cycles = 100
direct_scf = True
direct_scf_tol = 1e-13
chkfile to save SCF result = /panfs/roc/scratch/graha682/D0/201711_augccpVDZ_NEVPT2_m06_0_4c12h24/tmp74wFqh
max_memory 4000 MB (current use 1517 MB)
Set gradient conv threshold to 3.16228e-05
init E= -163.463710776171
  HOMO = -0.462397084228549  LUMO = 0.0363696382334602
cycle= 1 E= -163.463710776172  delta_E= -8.53e-13  |g|= 9.26e-10  |ddm|= 1.56e-08
  HOMO = -0.462397084236397  LUMO = 0.0363696382207852
Extra cycle  E= -163.463710776173  delta_E= -1.02e-12  |g|= 4.1e-10  |ddm|= 6.45e-09
converged SCF energy = -163.463710776173


******** <class 'pyscf.dft.rks.RKS'> flags ********
method = RKS
initial guess = atom
damping factor = 0
level shift factor = 0.0
DIIS = <class 'pyscf.scf.diis.CDIIS'>
DIIS start cycle = 1
DIIS space = 8
SCF tol = 1e-08
SCF gradient tol = 1e-08
max. SCF cycles = 1
direct_scf = True
direct_scf_tol = 1e-13
chkfile to save SCF result = /panfs/roc/scratch/graha682/D0/201711_augccpVDZ_NEVPT2_m06_0_4c12h24/tmpmAvzlH
max_memory 4000 MB (current use 1513 MB)
XC functionals = m06
small_rho_cutoff = 1e-20
radial grids: Treutler-Ahlrichs (JCP 102, 346 (M4)) radial grids
becke partition: Becke, JCP, 88, 2547 (1988)
pruning grids: <function nwchem_prune at 0x15315f0>
grids dens level: 4
symmetrized grids: False
atomic radii adjust function: <function treutler_atomic_radii_adjust at 0x1531488>
init E= -164.427166502784
  HOMO = -0.335735271913522  LUMO = -0.0401802595495135
cycle= 1 E= -164.427167807834  delta_E= -1.31e-06  |g|= 0.000201  |ddm|= 0.0116
  HOMO = -0.335733205132756  LUMO = -0.0401820155783634
Extra cycle  E= -164.427167816766  delta_E= -8.93e-09  |g|= 0.00013  |ddm|= 0.00204
SCF not converged.
SCF energy = -164.427167816766 after 1 cycles
 iter: 301:1        |ddm|: 4.323182e+00     Tr[DP]  8.154771e-02

******** <class 'pyscf.mcscf.mc1step.CASSCF'> flags ********
CAS (1e+1e, 2o), ncore = 15, nvir = 138
max_cycle_macro = 50
max_cycle_micro = 4
conv_tol = 1e-07
conv_tol_grad = None
orbital rotation max_stepsize = 0.02
augmented hessian ah_max_cycle = 30
augmented hessian ah_conv_tol = 1e-12
augmented hessian ah_linear dependence = 1e-14
augmented hessian ah_level shift = 0
augmented hessian ah_start_tol = 2.5
augmented hessian ah_start_cycle = 3
augmented hessian ah_grad_trust_region = 3
kf_trust_region = 3
kf_interval = 4
ci_response_space = 4
ci_grad_trust_region = 3
with_dep4 0
natorb = False
canonicalization = True
sorting_mo_energy = False
chkfile = /panfs/roc/scratch/graha682/D0/201711_augccpVDZ_NEVPT2_m06_0_4c12h24/tmp74wFqh
max_memory 4000 MB (current use 1517 MB)
internal_rotation = False
******** <class 'pyscf.fci.direct_spin1.FCISolver'> flags ********
max. cycles = 50
conv_tol = 1e-08
davidson only = False
linear dependence = 1e-10
level shift = 0.001
max iter space = 12
max_memory 4000 MB
nroots = 1
pspace_size = 400
spin = None
CASCI E = -163.463711023481  S^2 = 0.0000000
Set conv_tol_grad to 0.000316228
macro iter 1 (1 JK  1 micro), CASSCF E = -163.463711023481  dE = 0  S^2 = 0.0000000
               |grad[o]|=3.34e-06  |grad[c]|= 1.05048529556e-14  |ddm|=    0
1-step CASSCF converged in 1 macro (1 JK 1 micro) steps
CASSCF canonicalization
CASSCF energy = -163.463711023481
Hartree-Fock Energy:  -163.46371077617277
CAS Correlation:       -0.00000024730832
CAS Energy:          -163.46371102348110
Sr    (-1)',   E = -0.00000636256821
Si    (+1)',   E = -0.00000011582934
Sijrs (0)  ,   E = -0.45929589391126
Sijr  (+1) ,   E = -0.00227211933854
Srsi  (-1) ,   E = -0.08035421456148
Srs   (-2) ,   E = -0.00608589348083
Sij   (+2) ,   E = -0.00001048311301
Sir   (0)' ,   E = -0.00024944017695
Nevpt2 Energy = -0.548274522979628
NEVPT2 =   -0.548274522979628
Total NEVPT2 = -164.011985546460721

============================== Supermolecular DFT ==============================
  subiter:   1      |ddm|: 4.221303e+01
  subiter:   2      |ddm|: 5.768501e+00
  subiter:   3      |ddm|: 1.057632e+00
  subiter:   4      |ddm|: 3.650132e-01
  subiter:   5      |ddm|: 1.108429e-01
  subiter:   6      |ddm|: 4.283100e-02
  subiter:   7      |ddm|: 1.136010e-02
  subiter:   8      |ddm|: 5.168263e-03
  subiter:   9      |ddm|: 2.427073e-03
  subiter:  10      |ddm|: 6.578311e-04
  subiter:  11      |ddm|: 4.730535e-04
  subiter:  12      |ddm|: 5.812564e-05
  subiter:  13      |ddm|: 3.094715e-05
  subiter:  14      |ddm|: 1.513369e-05
  subiter:  15      |ddm|: 1.162447e-06
  subiter:  16      |ddm|: 3.204414e-06
  subiter:  17      |ddm|: 5.748293e-07
  subiter:  18      |ddm|: 2.472228e-07
  subiter:  19      |ddm|: 8.600738e-08
  subiter:  20      |ddm|: 1.327323e-07
  subiter:  21      |ddm|: 1.920299e-07
  subiter:  22      |ddm|: 1.454677e-07
  subiter:  23      |ddm|: 8.218187e-08
  subiter:  24      |ddm|: 1.795821e-07
  subiter:  25      |ddm|: 9.425542e-08
  subiter:  26      |ddm|: 1.054211e-07
  subiter:  27      |ddm|: 9.440599e-08
  subiter:  28      |ddm|: 9.784470e-08
  subiter:  29      |ddm|: 1.280907e-07
  subiter:  30      |ddm|: 1.514488e-07
  subiter:  31      |ddm|: 1.058159e-07
  subiter:  32      |ddm|: 8.342138e-08
  subiter:  33      |ddm|: 6.570186e-08
  subiter:  34      |ddm|: 1.015900e-07
  subiter:  35      |ddm|: 1.760388e-07
  subiter:  36      |ddm|: 7.066716e-08
  subiter:  37      |ddm|: 9.201163e-08
  subiter:  38      |ddm|: 1.075194e-07
  subiter:  39      |ddm|: 1.008832e-07
  subiter:  40      |ddm|: 9.124027e-08
  subiter:  41      |ddm|: 9.566797e-08
  subiter:  42      |ddm|: 7.509983e-08
  subiter:  43      |ddm|: 1.098381e-07
  subiter:  44      |ddm|: 9.188080e-08
  subiter:  45      |ddm|: 1.040599e-07
  subiter:  46      |ddm|: 1.652371e-07
  subiter:  47      |ddm|: 9.661225e-08
  subiter:  48      |ddm|: 8.902825e-08
  subiter:  49      |ddm|: 1.615869e-07
  subiter:  50      |ddm|: 9.654161e-08
  subiter:  51      |ddm|: 1.405107e-07
  subiter:  52      |ddm|: 1.710190e-07
  subiter:  53      |ddm|: 7.248558e-08
  subiter:  54      |ddm|: 9.936596e-08
  subiter:  55      |ddm|: 7.887066e-08
  subiter:  56      |ddm|: 9.444168e-08
  subiter:  57      |ddm|: 8.893572e-08
  subiter:  58      |ddm|: 9.274547e-08
  subiter:  59      |ddm|: 8.213790e-08
  subiter:  60      |ddm|: 9.377355e-08
  subiter:  61      |ddm|: 7.975361e-08
  subiter:  62      |ddm|: 1.085555e-07
  subiter:  63      |ddm|: 1.084203e-07
  subiter:  64      |ddm|: 1.080436e-07
  subiter:  65      |ddm|: 7.880591e-08
  subiter:  66      |ddm|: 7.224444e-08
  subiter:  67      |ddm|: 7.692404e-08
  subiter:  68      |ddm|: 8.775549e-08
  subiter:  69      |ddm|: 1.037384e-07
  subiter:  70      |ddm|: 1.091335e-07
  subiter:  71      |ddm|: 1.064850e-07
  subiter:  72      |ddm|: 6.885053e-08
  subiter:  73      |ddm|: 9.196346e-08
  subiter:  74      |ddm|: 5.274643e-08
  subiter:  75      |ddm|: 1.074595e-07
  subiter:  76      |ddm|: 7.665476e-08
  subiter:  77      |ddm|: 1.895449e-07
  subiter:  78      |ddm|: 8.905961e-08
  subiter:  79      |ddm|: 9.511660e-08
  subiter:  80      |ddm|: 6.708665e-08
  subiter:  81      |ddm|: 9.563806e-08
  subiter:  82      |ddm|: 9.889456e-08
  subiter:  83      |ddm|: 1.248140e-07
  subiter:  84      |ddm|: 7.474532e-08
  subiter:  85      |ddm|: 8.103058e-08
  subiter:  86      |ddm|: 6.833792e-08
  subiter:  87      |ddm|: 1.266595e-07
  subiter:  88      |ddm|: 5.809725e-08
  subiter:  89      |ddm|: 6.016015e-08
  subiter:  90      |ddm|: 7.671198e-08
  subiter:  91      |ddm|: 1.183840e-07
  subiter:  92      |ddm|: 9.032668e-08
  subiter:  93      |ddm|: 8.625797e-08
  subiter:  94      |ddm|: 6.104228e-08
  subiter:  95      |ddm|: 6.440433e-08
  subiter:  96      |ddm|: 9.436236e-08
  subiter:  97      |ddm|: 1.389035e-07
  subiter:  98      |ddm|: 1.253242e-07
  subiter:  99      |ddm|: 8.345415e-08
  subiter: 100      |ddm|: 1.056579e-07


******** <class 'pyscf.dft.rks.RKS'> flags ********
method = RKS
initial guess = atom
damping factor = 0
level shift factor = 0.0
DIIS = <class 'pyscf.scf.diis.CDIIS'>
DIIS start cycle = 1
DIIS space = 8
SCF tol = 1e-08
SCF gradient tol = 1e-08
max. SCF cycles = 100
direct_scf = True
direct_scf_tol = 1e-13
chkfile to save SCF result = /panfs/roc/scratch/graha682/D0/201711_augccpVDZ_NEVPT2_m06_0_4c12h24/tmpWRoOm6
max_memory 4000 MB (current use 1582 MB)
XC functionals = m06
small_rho_cutoff = 1e-20
radial grids: Treutler-Ahlrichs (JCP 102, 346 (M4)) radial grids
becke partition: Becke, JCP, 88, 2547 (1988)
pruning grids: <function nwchem_prune at 0x15315f0>
grids dens level: 4
symmetrized grids: False
atomic radii adjust function: <function treutler_atomic_radii_adjust at 0x1531488>
init E= -471.353604225802
  HOMO = -0.270803653787318  LUMO = -0.0385182454061737
cycle= 1 E= -471.353604225789  delta_E= 1.3e-11  |g|= 1.64e-09  |ddm|= 4.44e-07
  HOMO = -0.270803653787108  LUMO = -0.0385182454075479
Extra cycle  E= -471.353604225793  delta_E= -3.87e-12  |g|= 2.2e-09  |ddm|= 1.76e-06
converged SCF energy = -471.353604225793
Supermolecular DFT   -471.35360422580197

============================== Embedding Energies ==============================
Subsystem DFT              -164.42716781676586
Interaction                -306.51526164682969
DFT-in-DFT                 -470.94242946359554
Supermolecular DFT         -471.35360422580197
Difference                   -0.41117476220643
Corrected DFT-in-DFT       -471.35360422580197
WF-in-DFT                  -470.52724719329041
Corrected WF-in-DFT        -470.93842195549684
================================================================================
TIMING STATISTICS:
     overlap integrals      0.05s   ( 0.00%)
    initial subsystems      0.50s   ( 0.00%)
           2e matrices  19143.46s   (73.97%)
      tot. embed. of 1  19187.80s   (74.14%)
      tot. embed. of 2      6.01s   ( 0.02%)
       freeze and thaw  19193.85s   (74.16%)
                   cas      2.63s   ( 0.01%)
                nevpt2      0.54s   ( 0.00%)
  interaction energies   6681.33s   (25.82%)
                 TOTAL  25880.74s
================================================================================

********************************************************************************
*                              END OF CALCULATION                              *
********************************************************************************
