********************************************************************************
*                         FREEZE-AND-THAW CALCULATION                          *
********************************************************************************

================================== Input File ==================================


subsystem
C          2.54760        0.45280       -0.06306
H          2.53850        0.52681       -1.13378
H          3.46126        0.72069        0.43284
Cl         3.02895       -1.68098       -0.11957
F          2.39041        2.51644       -0.34198
C          1.26805        0.43592        0.70002
H          1.32181       -0.31300        1.49612
H          1.17517        1.42500        1.15525
C          0.07166        0.17055       -0.18618
H          0.04321        0.94744       -0.95865
H          0.21000       -0.79019       -0.69730
C         -1.23725        0.16073        0.57438
H         -1.20232       -0.61181        1.35426
H         -1.35794        1.11575        1.10232
C         -2.44387       -0.07690       -0.30964
H         -2.47971        0.69544       -1.08867
H         -2.32330       -1.02967       -0.84136
C         -3.75852       -0.08750        0.44438
H         -3.72048       -0.86001        1.22077
H         -3.87506        0.86413        0.97517
charge -2
end

subsystem
C         -4.95137       -0.32315       -0.45894
H         -4.86251       -1.28108       -0.97775
H         -5.89445       -0.32892        0.09099
H         -5.01790        0.45332       -1.22535
charge +1
end

embed
 huzinaga
 cycles 300
 conv 1e-6
 method m06
end

basis cc-pVDZ
method ccsd(t)
grid 4
conv 1e-8
grad 1e-8
maxiter 300
================================== End Input ===================================
tot grids = 497398

                      Getting subsystem overlap integrals                       

                          Initial subsystem densities                           
Guessing initial subsystem densities
Initial guess from superpostion of atomic densties.
Guessing initial subsystem densities
Initial guess from superpostion of atomic densties.

=========================== Starting Freeze-and-Thaw ===========================
 iter:   1:1        |ddm|: 4.684566e+00     Tr[DP]  3.403530e-01
 iter:   1:2        |ddm|: 1.764544e+00     Tr[DP]  1.042851e-01
 iter:   2:1        |ddm|: 6.373446e+01     Tr[DP]  6.651208e-01
 iter:   2:2        |ddm|: 6.152919e-01     Tr[DP]  3.600679e-01
 iter:   3:1        |ddm|: 6.217076e+01     Tr[DP]  3.453711e-01
 iter:   3:2        |ddm|: 6.418629e-01     Tr[DP]  1.912489e-01
 iter:   4:1        |ddm|: 4.273275e+00     Tr[DP]  3.692887e-01
 iter:   4:2        |ddm|: 2.830039e-01     Tr[DP]  2.279083e-01
 iter:   5:1        |ddm|: 2.308948e+00     Tr[DP]  3.624614e-01
 iter:   5:2        |ddm|: 1.565171e-01     Tr[DP]  2.593343e-01
 iter:   6:1        |ddm|: 1.084134e+00     Tr[DP]  3.410970e-01
 iter:   6:2        |ddm|: 9.080111e-02     Tr[DP]  2.745039e-01
 iter:   7:1        |ddm|: 6.120154e-01     Tr[DP]  3.200436e-01
 iter:   7:2        |ddm|: 6.245081e-02     Tr[DP]  2.792065e-01
 iter:   8:1        |ddm|: 3.311908e-01     Tr[DP]  3.101705e-01
 iter:   8:2        |ddm|: 4.152047e-02     Tr[DP]  2.831043e-01
 iter:   9:1        |ddm|: 1.879454e-01     Tr[DP]  3.029030e-01
 iter:   9:2        |ddm|: 2.161762e-02     Tr[DP]  2.868088e-01
 iter:  10:1        |ddm|: 1.142632e-01     Tr[DP]  2.968682e-01
 iter:  10:2        |ddm|: 1.420389e-02     Tr[DP]  2.882203e-01
 iter:  11:1        |ddm|: 5.877094e-02     Tr[DP]  2.941911e-01
 iter:  11:2        |ddm|: 7.097294e-03     Tr[DP]  2.893539e-01
 iter:  12:1        |ddm|: 3.321793e-02     Tr[DP]  2.924271e-01
 iter:  12:2        |ddm|: 3.717986e-03     Tr[DP]  2.898366e-01
 iter:  13:1        |ddm|: 1.722948e-02     Tr[DP]  2.915502e-01
 iter:  13:2        |ddm|: 1.876465e-03     Tr[DP]  2.901766e-01
 iter:  14:1        |ddm|: 9.554498e-03     Tr[DP]  2.910115e-01
 iter:  14:2        |ddm|: 1.081448e-03     Tr[DP]  2.903014e-01
 iter:  15:1        |ddm|: 5.949982e-03     Tr[DP]  2.906804e-01
 iter:  15:2        |ddm|: 8.077173e-04     Tr[DP]  2.903214e-01
 iter:  16:1        |ddm|: 2.672022e-03     Tr[DP]  2.906524e-01
 iter:  16:2        |ddm|: 4.819359e-04     Tr[DP]  2.904299e-01
 iter:  17:1        |ddm|: 1.626295e-03     Tr[DP]  2.905315e-01
 iter:  17:2        |ddm|: 2.372243e-04     Tr[DP]  2.904309e-01
 iter:  18:1        |ddm|: 8.210199e-04     Tr[DP]  2.904929e-01
 iter:  18:2        |ddm|: 9.397033e-05     Tr[DP]  2.904380e-01
 iter:  19:1        |ddm|: 4.611966e-04     Tr[DP]  2.904694e-01
 iter:  19:2        |ddm|: 6.110538e-05     Tr[DP]  2.904411e-01
 iter:  20:1        |ddm|: 3.036734e-04     Tr[DP]  2.904543e-01
 iter:  20:2        |ddm|: 4.749828e-05     Tr[DP]  2.904404e-01
 iter:  21:1        |ddm|: 1.122758e-04     Tr[DP]  2.904538e-01
 iter:  21:2        |ddm|: 1.878533e-05     Tr[DP]  2.904448e-01
 iter:  22:1        |ddm|: 7.277250e-05     Tr[DP]  2.904489e-01
 iter:  22:2        |ddm|: 1.105808e-05     Tr[DP]  2.904447e-01
 iter:  23:1        |ddm|: 3.477188e-05     Tr[DP]  2.904475e-01
 iter:  23:2        |ddm|: 3.903451e-06     Tr[DP]  2.904451e-01
 iter:  24:1        |ddm|: 1.808123e-05     Tr[DP]  2.904466e-01
 iter:  24:2        |ddm|: 2.028906e-06     Tr[DP]  2.904454e-01
 iter:  25:1        |ddm|: 9.772695e-06     Tr[DP]  2.904462e-01
 iter:  25:2        |ddm|: 1.171785e-06     Tr[DP]  2.904455e-01
 iter:  26:1        |ddm|: 6.214350e-06     Tr[DP]  2.904458e-01
 iter:  26:2        |ddm|: 8.328881e-07     Tr[DP]  2.904455e-01
 iter:  27:1        |ddm|: 2.774618e-06     Tr[DP]  2.904457e-01
 iter:  27:2        |ddm|: 2.964690e-07     Tr[DP]  2.904455e-01
 iter:  28:1        |ddm|: 1.365545e-06     Tr[DP]  2.904457e-01
 iter:  28:2        |ddm|: 1.476692e-07     Tr[DP]  2.904456e-01
 iter:  29:1        |ddm|: 7.259477e-07     Tr[DP]  2.904456e-01
 iter:  29:2        |ddm|: 7.831220e-08     Tr[DP]  2.904456e-01
                           Freeze-and-Thaw converged!                           

=================== Subsystem 1 at higher mean-field method ====================
  subiter:   1      |ddm|: 6.597851e-01
  subiter:   2      |ddm|: 1.429280e-01
  subiter:   3      |ddm|: 3.887257e-02
  subiter:   4      |ddm|: 2.268424e-02
  subiter:   5      |ddm|: 1.002853e-02
  subiter:   6      |ddm|: 4.594412e-03
  subiter:   7      |ddm|: 2.064893e-03
  subiter:   8      |ddm|: 4.639043e-04
  subiter:   9      |ddm|: 7.215365e-05
  subiter:  10      |ddm|: 3.162116e-05
  subiter:  11      |ddm|: 1.954668e-05
  subiter:  12      |ddm|: 4.861440e-06
  subiter:  13      |ddm|: 1.790849e-06
  subiter:  14      |ddm|: 4.295982e-07
  subiter:  15      |ddm|: 6.504514e-08
  subiter:  16      |ddm|: 9.002655e-08
  subiter:  17      |ddm|: 1.398307e-08
  subiter:  18      |ddm|: 8.548060e-09


******** <class 'pyscf.scf.hf.RHF'> flags ********
method = RHF
initial guess = minao
damping factor = 0
level shift factor = 0
DIIS = <class 'pyscf.scf.diis.CDIIS'>
DIIS start cycle = 1
DIIS space = 8
SCF tol = 1e-09
SCF gradient tol = None
max. SCF cycles = 300
direct_scf = True
direct_scf_tol = 1e-13
chkfile to save SCF result = /panfs/roc/scratch/graha682/201707_freezeAndThaw/20170714_ccpVDZ_m06_ccsdt_ft_6chloroflouroheptane/tmpxQbygr
max_memory 4000 MB (current use 2901 MB)
Set gradient conv threshold to 3.16228e-05
init E= -804.027695701974
  HOMO = -0.196652851806413  LUMO = 0.303675476412279
cycle= 1 E= -804.027695701971  delta_E= 2.5e-12  |g|= 2.79e-09  |ddm|= 1.31e-08
  HOMO = -0.196652851905703  LUMO = 0.303675476495543
Extra cycle  E= -804.027695701973  delta_E= -1.36e-12  |g|= 2.79e-09  |ddm|= 5.33e-09
converged SCF energy = -804.027695701973


******** <class 'pyscf.dft.rks.RKS'> flags ********
method = RKS
initial guess = atom
damping factor = 0
level shift factor = 0.0
DIIS = <class 'pyscf.scf.diis.CDIIS'>
DIIS start cycle = 1
DIIS space = 8
SCF tol = 1e-08
SCF gradient tol = 1e-08
max. SCF cycles = 1
direct_scf = True
direct_scf_tol = 1e-13
chkfile to save SCF result = /panfs/roc/scratch/graha682/201707_freezeAndThaw/20170714_ccpVDZ_m06_ccsdt_ft_6chloroflouroheptane/tmpehre2F
max_memory 4000 MB (current use 2903 MB)
XC functionals = m06
small_rho_cutoff = 1e-20
radial grids: Treutler-Ahlrichs (JCP 102, 346 (M4)) radial grids
becke partition: Becke, JCP, 88, 2547 (1988)
pruning grids: <function nwchem_prune at 0x1787ed8>
grids dens level: 4
symmetrized grids: False
atomic radii adjust function: <function treutler_atomic_radii_adjust at 0x1787d70>
init E= -806.602249012616
  HOMO = -0.0535838819195538  LUMO = 0.185329558028428
cycle= 1 E= -806.602249012615  delta_E= 6.82e-13  |g|= 1.5e-08  |ddm|= 3.8e-07
SCF not converged.
SCF energy = -806.602249012615 after 1 cycles
 iter:  30:1        |ddm|: 7.802529e-01     Tr[DP]  3.056155e-01

==================== Doing CCSD Calculation on Subsystem 1 =====================

******** <class 'pyscf.cc.ccsd.CCSD'> flags ********
CCSD nocc = 38, nvir = 138
max_cycle = 50
direct = 0
conv_tol = 1e-07
conv_tol_normt = 1e-05
diis_space = 6
diis_start_cycle = 0
diis_start_energy_diff = 1e+09
max_memory 4000 MB (current use 2905 MB)
Init t2, MP2 energy = -1.21296643770896
cycle = 1  E(CCSD) = -1.26677442499334  dE = -1.26677442  norm(t1,t2) = 0.156113
cycle = 2  E(CCSD) = -1.2970588742005  dE = -0.0302844492  norm(t1,t2) = 0.0545436
cycle = 3  E(CCSD) = -1.29959364825241  dE = -0.00253477405  norm(t1,t2) = 0.0409279
cycle = 4  E(CCSD) = -1.30269065501156  dE = -0.00309700676  norm(t1,t2) = 0.0219043
cycle = 5  E(CCSD) = -1.30539896560544  dE = -0.00270831059  norm(t1,t2) = 0.00972896
cycle = 6  E(CCSD) = -1.30543216229727  dE = -3.31966918e-05  norm(t1,t2) = 0.00301901
cycle = 7  E(CCSD) = -1.30507281600518  dE = 0.000359346292  norm(t1,t2) = 0.00143289
cycle = 8  E(CCSD) = -1.3050742000665  dE = -1.38406131e-06  norm(t1,t2) = 0.000487012
cycle = 9  E(CCSD) = -1.30509061622214  dE = -1.64161556e-05  norm(t1,t2) = 0.000247053
cycle = 10  E(CCSD) = -1.30510880451542  dE = -1.81882933e-05  norm(t1,t2) = 0.00012892
cycle = 11  E(CCSD) = -1.30511148436859  dE = -2.67985317e-06  norm(t1,t2) = 4.94691e-05
cycle = 12  E(CCSD) = -1.30511175420716  dE = -2.69838577e-07  norm(t1,t2) = 1.74067e-05
cycle = 13  E(CCSD) = -1.30511231538448  dE = -5.61177318e-07  norm(t1,t2) = 8.90555e-06
cycle = 14  E(CCSD) = -1.30511234782134  dE = -3.24368641e-08  norm(t1,t2) = 4.32023e-06
CCSD converged
E(CCSD) = -805.3328080497942  E_corr = -1.305112347821345
Hartree-Fock Energy:  -804.02769570197279
CCSD Correlation:       -1.30511234782134
CCSD Energy:          -805.33280804979415

=================== Doing CCSD(T) Calculation on Subsystem 1 ===================
CCSD(T) correction = -0.0355901682082695
Hartree-Fock Energy:  -804.02769570197279
CCSD(T) Correlation:       -1.34070251602961
CCSD(T) Energy:          -805.36839821800243

============================== Supermolecular DFT ==============================
  subiter:   1      |ddm|: 2.622360e+00
  subiter:   2      |ddm|: 4.551606e-01
  subiter:   3      |ddm|: 2.587660e-01
  subiter:   4      |ddm|: 2.815072e-02
  subiter:   5      |ddm|: 8.737757e-03
  subiter:   6      |ddm|: 1.813535e-03
  subiter:   7      |ddm|: 5.928047e-04
  subiter:   8      |ddm|: 2.001802e-04
  subiter:   9      |ddm|: 6.344805e-05
  subiter:  10      |ddm|: 3.527126e-05
  subiter:  11      |ddm|: 1.082575e-05
  subiter:  12      |ddm|: 2.918378e-06
  subiter:  13      |ddm|: 8.548554e-07
  subiter:  14      |ddm|: 2.647864e-07
  subiter:  15      |ddm|: 8.309578e-08
  subiter:  16      |ddm|: 3.873791e-08
  subiter:  17      |ddm|: 8.226723e-09


******** <class 'pyscf.dft.rks.RKS'> flags ********
method = RKS
initial guess = atom
damping factor = 0
level shift factor = 0.0
DIIS = <class 'pyscf.scf.diis.CDIIS'>
DIIS start cycle = 1
DIIS space = 8
SCF tol = 1e-08
SCF gradient tol = 1e-08
max. SCF cycles = 300
direct_scf = True
direct_scf_tol = 1e-13
chkfile to save SCF result = /panfs/roc/scratch/graha682/201707_freezeAndThaw/20170714_ccpVDZ_m06_ccsdt_ft_6chloroflouroheptane/tmpi81OVk
max_memory 4000 MB (current use 3410 MB)
XC functionals = m06
small_rho_cutoff = 1e-20
radial grids: Treutler-Ahlrichs (JCP 102, 346 (M4)) radial grids
becke partition: Becke, JCP, 88, 2547 (1988)
pruning grids: <function nwchem_prune at 0x1787ed8>
grids dens level: 4
symmetrized grids: False
atomic radii adjust function: <function treutler_atomic_radii_adjust at 0x1787d70>
init E= -835.566675167864
  HOMO = -0.0594633899004404  LUMO = 0.155195767580124
cycle= 1 E= -835.566675167864  delta_E= -4.55e-13  |g|= 1.95e-08  |ddm|= 2.83e-08
  HOMO = -0.0594633830865744  LUMO = 0.155195767452016
cycle= 2 E= -835.566675167864  delta_E= 4.55e-13  |g|= 3.81e-08  |ddm|= 5.39e-08
  HOMO = -0.0594633898977216  LUMO = 0.155195767533517
cycle= 3 E= -835.566675167865  delta_E= -1.59e-12  |g|= 1.94e-08  |ddm|= 5.36e-08
  HOMO = -0.0594633876038004  LUMO = 0.155195767525961
cycle= 4 E= -835.566675167862  delta_E= 3.18e-12  |g|= 4.03e-10  |ddm|= 1.82e-08
  HOMO = -0.0594633876766248  LUMO = 0.155195767523725
Extra cycle  E= -835.566675167863  delta_E= -9.09e-13  |g|= 4.03e-10  |ddm|= 9.54e-10
converged SCF energy = -835.566675167863
Supermolecular DFT   -835.56667516786308

============================== Embedding Energies ==============================
Subsystem DFT              -806.60224901261518
Interaction                 -28.83156935225463
DFT-in-DFT                 -835.43381836486981
Supermolecular DFT         -835.56667516786308
Difference                   -0.13285680299327
Corrected DFT-in-DFT       -835.56667516786308
WF-in-DFT                  -834.19996757025706
Corrected WF-in-DFT        -834.33282437325033
================================================================================
TIMING STATISTICS:
     overlap integrals      0.01s   ( 0.00%)
    initial subsystems      0.21s   ( 0.01%)
           2e matrices    368.49s   (23.64%)
      tot. embed. of 1    422.92s   (27.13%)
      tot. embed. of 2      0.02s   ( 0.00%)
       freeze and thaw    422.97s   (27.14%)
                  ccsd    286.65s   (18.39%)
               ccsd(t)    599.44s   (38.46%)
  interaction energies    248.72s   (15.96%)
                 TOTAL   1558.61s
================================================================================

********************************************************************************
*                              END OF CALCULATION                              *
********************************************************************************
