********************************************************************************
*                         FREEZE-AND-THAW CALCULATION                          *
********************************************************************************

================================== Input File ==================================

subsystem
C                  4.34897800   -0.45553500    0.00023000
H                  5.16969100    0.25150300    0.00028400
H                  4.60295000   -1.50848600    0.00030300
C                  3.10140300   -0.05278700    0.00008000
C                  1.90690500    0.33445500   -0.00006300
end

subsystem
C                  0.64990000    0.74588600   -0.00020200
H                  0.45037000    1.81620200   -0.00030400
C                 -0.48880800   -0.12324200   -0.00023900
H                 -0.29617300   -1.19252400   -0.00039000
C                 -1.75745100    0.31681500   -0.00010700
H                 -1.94276100    1.38936700    0.00004900
C                 -2.90788300   -0.54357500   -0.00016900
H                 -2.71111500   -1.61271500   -0.00071500
C                 -4.16586400   -0.10707000    0.00038900
H                 -5.00630900   -0.78663200    0.00031200
H                 -4.38973500    0.95361200    0.00094600
end

embed
 huzinaga
 cycles 300
 conv 1e-6
 method m06
end

basis aug-cc-pVDZ
method ccsd(t)
grid 4
conv 1e-8
grad 1e-8
maxiter 100
================================== End Input ===================================
tot grids = 354048

                      Getting subsystem overlap integrals                       

                          Initial subsystem densities                           
Guessing initial subsystem densities
Initial guess from superpostion of atomic densties.
Guessing initial subsystem densities
Initial guess from superpostion of atomic densties.

=========================== Starting Freeze-and-Thaw ===========================
 iter:   1:1        |ddm|: 8.265826e+00     Tr[DP]  2.842051e-01
 iter:   1:2        |ddm|: 1.261520e+02     Tr[DP]  2.526197e-01
 iter:   2:1        |ddm|: 1.030715e+03     Tr[DP]  1.866919e-01
 iter:   2:2        |ddm|: 1.088968e+02     Tr[DP]  1.887782e-01
 iter:   3:1        |ddm|: 1.031188e+03     Tr[DP]  9.949271e-02
 iter:   3:2        |ddm|: 6.266946e+01     Tr[DP]  1.727987e-01
 iter:   4:1        |ddm|: 4.404702e+00     Tr[DP]  1.388488e-01
 iter:   4:2        |ddm|: 1.882724e+01     Tr[DP]  1.617611e-01
 iter:   5:1        |ddm|: 1.611597e+00     Tr[DP]  1.379053e-01
 iter:   5:2        |ddm|: 1.768274e+01     Tr[DP]  1.527893e-01
 iter:   6:1        |ddm|: 9.309051e-01     Tr[DP]  1.436743e-01
 iter:   6:2        |ddm|: 1.579851e+01     Tr[DP]  1.506894e-01
 iter:   7:1        |ddm|: 6.493512e-01     Tr[DP]  1.467527e-01
 iter:   7:2        |ddm|: 8.255227e+00     Tr[DP]  1.521573e-01
 iter:   8:1        |ddm|: 5.923198e-01     Tr[DP]  1.471867e-01
 iter:   8:2        |ddm|: 6.388100e+00     Tr[DP]  1.520723e-01
 iter:   9:1        |ddm|: 3.822573e-01     Tr[DP]  1.473059e-01
 iter:   9:2        |ddm|: 4.873604e+00     Tr[DP]  1.522373e-01
 iter:  10:1        |ddm|: 1.973875e-01     Tr[DP]  1.471898e-01
 iter:  10:2        |ddm|: 2.930382e+00     Tr[DP]  1.529752e-01
 iter:  11:1        |ddm|: 1.625026e-01     Tr[DP]  1.476721e-01
 iter:  11:2        |ddm|: 3.096476e+00     Tr[DP]  1.527084e-01
 iter:  12:1        |ddm|: 9.518876e-02     Tr[DP]  1.483127e-01
 iter:  12:2        |ddm|: 2.215512e+00     Tr[DP]  1.522673e-01
 iter:  13:1        |ddm|: 6.633307e-02     Tr[DP]  1.488143e-01
 iter:  13:2        |ddm|: 1.942821e+00     Tr[DP]  1.520008e-01
 iter:  14:1        |ddm|: 4.657554e-02     Tr[DP]  1.491982e-01
 iter:  14:2        |ddm|: 1.405078e+00     Tr[DP]  1.518872e-01
 iter:  15:1        |ddm|: 3.797609e-02     Tr[DP]  1.495304e-01
 iter:  15:2        |ddm|: 1.198651e+00     Tr[DP]  1.517683e-01
 iter:  16:1        |ddm|: 3.509325e-02     Tr[DP]  1.498313e-01
 iter:  16:2        |ddm|: 1.211146e+00     Tr[DP]  1.517536e-01
 iter:  17:1        |ddm|: 3.337009e-02     Tr[DP]  1.500770e-01
 iter:  17:2        |ddm|: 7.057811e-01     Tr[DP]  1.516427e-01
 iter:  18:1        |ddm|: 2.230040e-02     Tr[DP]  1.502653e-01
 iter:  18:2        |ddm|: 6.877588e-01     Tr[DP]  1.515581e-01
 iter:  19:1        |ddm|: 1.908352e-02     Tr[DP]  1.504258e-01
 iter:  19:2        |ddm|: 5.299904e-01     Tr[DP]  1.514785e-01
 iter:  20:1        |ddm|: 1.575790e-02     Tr[DP]  1.505527e-01
 iter:  20:2        |ddm|: 4.145108e-01     Tr[DP]  1.514046e-01
 iter:  21:1        |ddm|: 1.172833e-02     Tr[DP]  1.506565e-01
 iter:  21:2        |ddm|: 3.681539e-01     Tr[DP]  1.513540e-01
 iter:  22:1        |ddm|: 9.450261e-03     Tr[DP]  1.507454e-01
 iter:  22:2        |ddm|: 3.182465e-01     Tr[DP]  1.513229e-01
 iter:  23:1        |ddm|: 1.014893e-02     Tr[DP]  1.508281e-01
 iter:  23:2        |ddm|: 3.409060e-01     Tr[DP]  1.513285e-01
 iter:  24:1        |ddm|: 8.153065e-03     Tr[DP]  1.508983e-01
 iter:  24:2        |ddm|: 2.122217e-01     Tr[DP]  1.513104e-01
 iter:  25:1        |ddm|: 5.966074e-03     Tr[DP]  1.509507e-01
 iter:  25:2        |ddm|: 1.872262e-01     Tr[DP]  1.512926e-01
 iter:  26:1        |ddm|: 4.855732e-03     Tr[DP]  1.509961e-01
 iter:  26:2        |ddm|: 1.652527e-01     Tr[DP]  1.512826e-01
 iter:  27:1        |ddm|: 4.262008e-03     Tr[DP]  1.510339e-01
 iter:  27:2        |ddm|: 1.247143e-01     Tr[DP]  1.512703e-01
 iter:  28:1        |ddm|: 3.433610e-03     Tr[DP]  1.510639e-01
 iter:  28:2        |ddm|: 1.035617e-01     Tr[DP]  1.512589e-01
 iter:  29:1        |ddm|: 2.770478e-03     Tr[DP]  1.510895e-01
 iter:  29:2        |ddm|: 9.452138e-02     Tr[DP]  1.512530e-01
 iter:  30:1        |ddm|: 2.652229e-03     Tr[DP]  1.511105e-01
 iter:  30:2        |ddm|: 6.440688e-02     Tr[DP]  1.512434e-01
 iter:  31:1        |ddm|: 2.009267e-03     Tr[DP]  1.511263e-01
 iter:  31:2        |ddm|: 5.273428e-02     Tr[DP]  1.512342e-01
 iter:  32:1        |ddm|: 1.503575e-03     Tr[DP]  1.511393e-01
 iter:  32:2        |ddm|: 4.580043e-02     Tr[DP]  1.512278e-01
 iter:  33:1        |ddm|: 1.288805e-03     Tr[DP]  1.511501e-01
 iter:  33:2        |ddm|: 3.532920e-02     Tr[DP]  1.512220e-01
 iter:  34:1        |ddm|: 9.732332e-04     Tr[DP]  1.511589e-01
 iter:  34:2        |ddm|: 3.200995e-02     Tr[DP]  1.512183e-01
 iter:  35:1        |ddm|: 8.081301e-04     Tr[DP]  1.511666e-01
 iter:  35:2        |ddm|: 2.705219e-02     Tr[DP]  1.512158e-01
 iter:  36:1        |ddm|: 6.774375e-04     Tr[DP]  1.511730e-01
 iter:  36:2        |ddm|: 2.239920e-02     Tr[DP]  1.512138e-01
 iter:  37:1        |ddm|: 5.797213e-04     Tr[DP]  1.511785e-01
 iter:  37:2        |ddm|: 2.065404e-02     Tr[DP]  1.512129e-01
 iter:  38:1        |ddm|: 5.477658e-04     Tr[DP]  1.511835e-01
 iter:  38:2        |ddm|: 1.944582e-02     Tr[DP]  1.512131e-01
 iter:  39:1        |ddm|: 4.584280e-04     Tr[DP]  1.511879e-01
 iter:  39:2        |ddm|: 1.626313e-02     Tr[DP]  1.512133e-01
 iter:  40:1        |ddm|: 4.104379e-04     Tr[DP]  1.511915e-01
 iter:  40:2        |ddm|: 1.120133e-02     Tr[DP]  1.512125e-01
 iter:  41:1        |ddm|: 3.448645e-04     Tr[DP]  1.511941e-01
 iter:  41:2        |ddm|: 8.462361e-03     Tr[DP]  1.512113e-01
 iter:  42:1        |ddm|: 2.648009e-04     Tr[DP]  1.511962e-01
 iter:  42:2        |ddm|: 6.924732e-03     Tr[DP]  1.512101e-01
 iter:  43:1        |ddm|: 2.125552e-04     Tr[DP]  1.511978e-01
 iter:  43:2        |ddm|: 5.383808e-03     Tr[DP]  1.512091e-01
 iter:  44:1        |ddm|: 1.545357e-04     Tr[DP]  1.511992e-01
 iter:  44:2        |ddm|: 4.914744e-03     Tr[DP]  1.512085e-01
 iter:  45:1        |ddm|: 1.318874e-04     Tr[DP]  1.512003e-01
 iter:  45:2        |ddm|: 3.937287e-03     Tr[DP]  1.512080e-01
 iter:  46:1        |ddm|: 1.105488e-04     Tr[DP]  1.512013e-01
 iter:  46:2        |ddm|: 3.095771e-03     Tr[DP]  1.512075e-01
 iter:  47:1        |ddm|: 1.224712e-04     Tr[DP]  1.512020e-01
 iter:  47:2        |ddm|: 1.926903e-03     Tr[DP]  1.512069e-01
 iter:  48:1        |ddm|: 1.230383e-04     Tr[DP]  1.512024e-01
 iter:  48:2        |ddm|: 1.063549e-03     Tr[DP]  1.512061e-01
 iter:  49:1        |ddm|: 2.699108e-04     Tr[DP]  1.512030e-01
 iter:  49:2        |ddm|: 4.435083e-03     Tr[DP]  1.512068e-01
 iter:  50:1        |ddm|: 8.151677e-05     Tr[DP]  1.512038e-01
 iter:  50:2        |ddm|: 2.294843e-03     Tr[DP]  1.512071e-01
 iter:  51:1        |ddm|: 7.250483e-05     Tr[DP]  1.512044e-01
 iter:  51:2        |ddm|: 2.259819e-03     Tr[DP]  1.512074e-01
 iter:  52:1        |ddm|: 7.390941e-05     Tr[DP]  1.512049e-01
 iter:  52:2        |ddm|: 2.209433e-03     Tr[DP]  1.512076e-01
 iter:  53:1        |ddm|: 5.164364e-05     Tr[DP]  1.512053e-01
 iter:  53:2        |ddm|: 1.368966e-03     Tr[DP]  1.512077e-01
 iter:  54:1        |ddm|: 4.399623e-05     Tr[DP]  1.512057e-01
 iter:  54:2        |ddm|: 9.932220e-04     Tr[DP]  1.512076e-01
 iter:  55:1        |ddm|: 3.187123e-05     Tr[DP]  1.512059e-01
 iter:  55:2        |ddm|: 8.130798e-04     Tr[DP]  1.512075e-01
 iter:  56:1        |ddm|: 2.480645e-05     Tr[DP]  1.512061e-01
 iter:  56:2        |ddm|: 7.073585e-04     Tr[DP]  1.512074e-01
 iter:  57:1        |ddm|: 2.087388e-05     Tr[DP]  1.512063e-01
 iter:  57:2        |ddm|: 5.616180e-04     Tr[DP]  1.512074e-01
 iter:  58:1        |ddm|: 2.112385e-05     Tr[DP]  1.512064e-01
 iter:  58:2        |ddm|: 3.606510e-04     Tr[DP]  1.512073e-01
 iter:  59:1        |ddm|: 1.357209e-05     Tr[DP]  1.512065e-01
 iter:  59:2        |ddm|: 4.400041e-04     Tr[DP]  1.512072e-01
 iter:  60:1        |ddm|: 1.169270e-05     Tr[DP]  1.512066e-01
 iter:  60:2        |ddm|: 4.000267e-04     Tr[DP]  1.512072e-01
 iter:  61:1        |ddm|: 9.738884e-06     Tr[DP]  1.512067e-01
 iter:  61:2        |ddm|: 3.132172e-04     Tr[DP]  1.512072e-01
 iter:  62:1        |ddm|: 8.272988e-06     Tr[DP]  1.512068e-01
 iter:  62:2        |ddm|: 2.531234e-04     Tr[DP]  1.512072e-01
 iter:  63:1        |ddm|: 7.319870e-06     Tr[DP]  1.512068e-01
 iter:  63:2        |ddm|: 2.411527e-04     Tr[DP]  1.512072e-01
 iter:  64:1        |ddm|: 6.455555e-06     Tr[DP]  1.512069e-01
 iter:  64:2        |ddm|: 2.149082e-04     Tr[DP]  1.512072e-01
 iter:  65:1        |ddm|: 5.829892e-06     Tr[DP]  1.512069e-01
 iter:  65:2        |ddm|: 1.415486e-04     Tr[DP]  1.512072e-01
 iter:  66:1        |ddm|: 4.414268e-06     Tr[DP]  1.512070e-01
 iter:  66:2        |ddm|: 1.170847e-04     Tr[DP]  1.512072e-01
 iter:  67:1        |ddm|: 3.512622e-06     Tr[DP]  1.512070e-01
 iter:  67:2        |ddm|: 9.453325e-05     Tr[DP]  1.512072e-01
 iter:  68:1        |ddm|: 2.788450e-06     Tr[DP]  1.512070e-01
 iter:  68:2        |ddm|: 7.743560e-05     Tr[DP]  1.512072e-01
 iter:  69:1        |ddm|: 2.394592e-06     Tr[DP]  1.512071e-01
 iter:  69:2        |ddm|: 5.858194e-05     Tr[DP]  1.512072e-01
 iter:  70:1        |ddm|: 2.005040e-06     Tr[DP]  1.512071e-01
 iter:  70:2        |ddm|: 4.405375e-05     Tr[DP]  1.512072e-01
 iter:  71:1        |ddm|: 1.383249e-06     Tr[DP]  1.512071e-01
 iter:  71:2        |ddm|: 3.869784e-05     Tr[DP]  1.512072e-01
 iter:  72:1        |ddm|: 1.061321e-06     Tr[DP]  1.512071e-01
 iter:  72:2        |ddm|: 3.627515e-05     Tr[DP]  1.512072e-01
 iter:  73:1        |ddm|: 9.084864e-07     Tr[DP]  1.512071e-01
 iter:  73:2        |ddm|: 2.996897e-05     Tr[DP]  1.512072e-01
 iter:  74:1        |ddm|: 7.735141e-07     Tr[DP]  1.512071e-01
 iter:  74:2        |ddm|: 2.644919e-05     Tr[DP]  1.512072e-01
 iter:  75:1        |ddm|: 1.097907e-06     Tr[DP]  1.512071e-01
 iter:  75:2        |ddm|: 3.209749e-05     Tr[DP]  1.512072e-01
 iter:  76:1        |ddm|: 1.124951e-06     Tr[DP]  1.512071e-01
 iter:  76:2        |ddm|: 3.171411e-05     Tr[DP]  1.512072e-01
 iter:  77:1        |ddm|: 7.953567e-07     Tr[DP]  1.512071e-01
 iter:  77:2        |ddm|: 1.702853e-05     Tr[DP]  1.512072e-01
 iter:  78:1        |ddm|: 5.611723e-07     Tr[DP]  1.512071e-01
 iter:  78:2        |ddm|: 1.324047e-05     Tr[DP]  1.512072e-01
 iter:  79:1        |ddm|: 4.184881e-07     Tr[DP]  1.512071e-01
 iter:  79:2        |ddm|: 1.084027e-05     Tr[DP]  1.512072e-01
 iter:  80:1        |ddm|: 3.289146e-07     Tr[DP]  1.512071e-01
 iter:  80:2        |ddm|: 8.992932e-06     Tr[DP]  1.512072e-01
 iter:  81:1        |ddm|: 2.520445e-07     Tr[DP]  1.512071e-01
 iter:  81:2        |ddm|: 8.066623e-06     Tr[DP]  1.512072e-01
 iter:  82:1        |ddm|: 2.493156e-07     Tr[DP]  1.512071e-01
 iter:  82:2        |ddm|: 6.203750e-06     Tr[DP]  1.512072e-01
 iter:  83:1        |ddm|: 1.716323e-07     Tr[DP]  1.512071e-01
 iter:  83:2        |ddm|: 5.198296e-06     Tr[DP]  1.512072e-01
 iter:  84:1        |ddm|: 1.329978e-07     Tr[DP]  1.512071e-01
 iter:  84:2        |ddm|: 4.428201e-06     Tr[DP]  1.512072e-01
 iter:  85:1        |ddm|: 1.038931e-07     Tr[DP]  1.512071e-01
 iter:  85:2        |ddm|: 3.598634e-06     Tr[DP]  1.512072e-01
 iter:  86:1        |ddm|: 8.686986e-08     Tr[DP]  1.512071e-01
 iter:  86:2        |ddm|: 2.906627e-06     Tr[DP]  1.512072e-01
 iter:  87:1        |ddm|: 7.413009e-08     Tr[DP]  1.512071e-01
 iter:  87:2        |ddm|: 2.416358e-06     Tr[DP]  1.512072e-01
 iter:  88:1        |ddm|: 6.578425e-08     Tr[DP]  1.512071e-01
 iter:  88:2        |ddm|: 2.048219e-06     Tr[DP]  1.512072e-01
 iter:  89:1        |ddm|: 5.651423e-08     Tr[DP]  1.512071e-01
 iter:  89:2        |ddm|: 1.752078e-06     Tr[DP]  1.512071e-01
 iter:  90:1        |ddm|: 4.842909e-08     Tr[DP]  1.512071e-01
 iter:  90:2        |ddm|: 1.460325e-06     Tr[DP]  1.512071e-01
 iter:  91:1        |ddm|: 4.232203e-08     Tr[DP]  1.512071e-01
 iter:  91:2        |ddm|: 1.245542e-06     Tr[DP]  1.512071e-01
 iter:  92:1        |ddm|: 3.528819e-08     Tr[DP]  1.512071e-01
 iter:  92:2        |ddm|: 1.080326e-06     Tr[DP]  1.512071e-01
 iter:  93:1        |ddm|: 2.918616e-08     Tr[DP]  1.512071e-01
 iter:  93:2        |ddm|: 9.051013e-07     Tr[DP]  1.512071e-01
                           Freeze-and-Thaw converged!                           

=================== Subsystem 1 at higher mean-field method ====================
  subiter:   1      |ddm|: 2.333461e+00
  subiter:   2      |ddm|: 3.949286e-01
  subiter:   3      |ddm|: 5.110735e-02
  subiter:   4      |ddm|: 5.323447e-02
  subiter:   5      |ddm|: 1.391252e-02
  subiter:   6      |ddm|: 9.786133e-03
  subiter:   7      |ddm|: 3.489181e-03
  subiter:   8      |ddm|: 2.330306e-03
  subiter:   9      |ddm|: 7.097873e-04
  subiter:  10      |ddm|: 1.011006e-04
  subiter:  11      |ddm|: 1.991083e-05
  subiter:  12      |ddm|: 4.547518e-06
  subiter:  13      |ddm|: 2.433418e-06
  subiter:  14      |ddm|: 5.869415e-07
  subiter:  15      |ddm|: 6.120877e-08
  subiter:  16      |ddm|: 4.039482e-08
  subiter:  17      |ddm|: 8.610665e-08
  subiter:  18      |ddm|: 1.664679e-08
  subiter:  19      |ddm|: 4.854698e-08
  subiter:  20      |ddm|: 1.711258e-08
  subiter:  21      |ddm|: 6.218231e-09


******** <class 'pyscf.scf.hf.RHF'> flags ********
method = RHF
initial guess = minao
damping factor = 0
level shift factor = 0
DIIS = <class 'pyscf.scf.diis.CDIIS'>
DIIS start cycle = 1
DIIS space = 8
SCF tol = 1e-09
SCF gradient tol = None
max. SCF cycles = 100
direct_scf = True
direct_scf_tol = 1e-13
chkfile to save SCF result = /panfs/roc/scratch/graha682/20170717_augccpVDZ_m06_ccsdt_ft_3octa1235ene/tmpjxIjaL
max_memory 4000 MB (current use 354 MB)
Set gradient conv threshold to 3.16228e-05
init E= -111.538871435786
  HOMO = -0.240785945191907  LUMO = 0.0600581894796786
cycle= 1 E= -111.538871435786  delta_E= -3.41e-13  |g|= 2.02e-09  |ddm|= 2.26e-08
  HOMO = -0.240785945122805  LUMO = 0.0600581894655688
Extra cycle  E= -111.538871435786  delta_E= 5.12e-13  |g|= 2.02e-09  |ddm|= 1.25e-08
converged SCF energy = -111.538871435786


******** <class 'pyscf.dft.rks.RKS'> flags ********
method = RKS
initial guess = atom
damping factor = 0
level shift factor = 0.0
DIIS = <class 'pyscf.scf.diis.CDIIS'>
DIIS start cycle = 1
DIIS space = 8
SCF tol = 1e-08
SCF gradient tol = 1e-08
max. SCF cycles = 1
direct_scf = True
direct_scf_tol = 1e-13
chkfile to save SCF result = /panfs/roc/scratch/graha682/20170717_augccpVDZ_m06_ccsdt_ft_3octa1235ene/tmpGKcpIh
max_memory 4000 MB (current use 349 MB)
XC functionals = m06
small_rho_cutoff = 1e-20
radial grids: Treutler-Ahlrichs (JCP 102, 346 (M4)) radial grids
becke partition: Becke, JCP, 88, 2547 (1988)
pruning grids: <function nwchem_prune at 0x1788ed8>
grids dens level: 4
symmetrized grids: False
atomic radii adjust function: <function treutler_atomic_radii_adjust at 0x1788d70>
init E= -112.248156881709
  HOMO = -0.168507288185927  LUMO = -0.0129993370180882
cycle= 1 E= -112.248156881709  delta_E= -5.68e-14  |g|= 4.89e-10  |ddm|= 2.41e-08
  HOMO = -0.168507288258841  LUMO = -0.0129993370299199
Extra cycle  E= -112.248156881709  delta_E= 8.53e-14  |g|= 4.89e-10  |ddm|= 4.25e-09
converged SCF energy = -112.248156881709
 iter:  94:1        |ddm|: 2.625090e+00     Tr[DP]  1.922143e-01

==================== Doing CCSD Calculation on Subsystem 1 =====================

******** <class 'pyscf.cc.ccsd.CCSD'> flags ********
CCSD nocc = 10, nvir = 77
max_cycle = 50
direct = 0
conv_tol = 1e-07
conv_tol_normt = 1e-05
diis_space = 6
diis_start_cycle = 0
diis_start_energy_diff = 1e+09
max_memory 4000 MB (current use 360 MB)
Init t2, MP2 energy = -0.376110750107432
cycle = 1  E(CCSD) = -0.385281171840016  dE = -0.385281172  norm(t1,t2) = 0.0875851
cycle = 2  E(CCSD) = -0.395205587484308  dE = -0.00992441564  norm(t1,t2) = 0.0279648
cycle = 3  E(CCSD) = -0.39638876092353  dE = -0.00118317344  norm(t1,t2) = 0.0138787
cycle = 4  E(CCSD) = -0.397765803304311  dE = -0.00137704238  norm(t1,t2) = 0.0062816
cycle = 5  E(CCSD) = -0.398076667623319  dE = -0.000310864319  norm(t1,t2) = 0.00285151
cycle = 6  E(CCSD) = -0.397994758933496  dE = 8.19086898e-05  norm(t1,t2) = 0.000577723
cycle = 7  E(CCSD) = -0.397997930145238  dE = -3.17121174e-06  norm(t1,t2) = 0.000165663
cycle = 8  E(CCSD) = -0.398003142999908  dE = -5.21285467e-06  norm(t1,t2) = 7.14494e-05
cycle = 9  E(CCSD) = -0.398001615358611  dE = 1.5276413e-06  norm(t1,t2) = 2.60631e-05
cycle = 10  E(CCSD) = -0.398002217314599  dE = -6.01955988e-07  norm(t1,t2) = 1.08216e-05
cycle = 11  E(CCSD) = -0.39800202455339  dE = 1.92761209e-07  norm(t1,t2) = 4.82849e-06
cycle = 12  E(CCSD) = -0.398002126207768  dE = -1.01654378e-07  norm(t1,t2) = 1.61321e-06
cycle = 13  E(CCSD) = -0.398002180071042  dE = -5.38632736e-08  norm(t1,t2) = 5.66166e-07
CCSD converged
E(CCSD) = -111.9368736158568  E_corr = -0.3980021800710415
Hartree-Fock Energy:  -111.53887143578574
CCSD Correlation:       -0.39800218007104
CCSD Energy:          -111.93687361585678

=================== Doing CCSD(T) Calculation on Subsystem 1 ===================
CCSD(T) correction = -0.0173307293195133
Hartree-Fock Energy:  -111.53887143578574
CCSD(T) Correlation:       -0.41533290939055
CCSD(T) Energy:          -111.95420434517629

============================== Supermolecular DFT ==============================
  subiter:   1      |ddm|: 8.629926e+01
  subiter:   2      |ddm|: 9.787775e+00
  subiter:   3      |ddm|: 4.973803e+00
  subiter:   4      |ddm|: 6.314775e-01
  subiter:   5      |ddm|: 3.047763e-01
  subiter:   6      |ddm|: 1.993115e-01
  subiter:   7      |ddm|: 6.542237e-02
  subiter:   8      |ddm|: 2.212941e-02
  subiter:   9      |ddm|: 6.416790e-03
  subiter:  10      |ddm|: 5.475101e-03
  subiter:  11      |ddm|: 1.654999e-03
  subiter:  12      |ddm|: 3.037900e-04
  subiter:  13      |ddm|: 1.967971e-04
  subiter:  14      |ddm|: 5.754732e-05
  subiter:  15      |ddm|: 1.446845e-05
  subiter:  16      |ddm|: 6.977835e-06
  subiter:  17      |ddm|: 9.387270e-06
  subiter:  18      |ddm|: 2.070459e-06
  subiter:  19      |ddm|: 8.642668e-07
  subiter:  20      |ddm|: 3.705607e-07
  subiter:  21      |ddm|: 2.468526e-07
  subiter:  22      |ddm|: 1.229504e-07
  subiter:  23      |ddm|: 5.987010e-08
  subiter:  24      |ddm|: 3.371562e-08
  subiter:  25      |ddm|: 4.142501e-08
  subiter:  26      |ddm|: 2.518926e-08
  subiter:  27      |ddm|: 5.581081e-08
  subiter:  28      |ddm|: 4.319156e-08
  subiter:  29      |ddm|: 3.463205e-08
  subiter:  30      |ddm|: 2.551773e-08
  subiter:  31      |ddm|: 4.216601e-08
  subiter:  32      |ddm|: 4.216038e-08
  subiter:  33      |ddm|: 1.584801e-08
  subiter:  34      |ddm|: 3.501772e-08
  subiter:  35      |ddm|: 1.482972e-08
  subiter:  36      |ddm|: 2.333185e-08
  subiter:  37      |ddm|: 3.114372e-08
  subiter:  38      |ddm|: 2.506907e-08
  subiter:  39      |ddm|: 4.116557e-08
  subiter:  40      |ddm|: 2.849285e-08
  subiter:  41      |ddm|: 3.400352e-08
  subiter:  42      |ddm|: 2.378678e-08
  subiter:  43      |ddm|: 2.937695e-08
  subiter:  44      |ddm|: 2.618208e-08
  subiter:  45      |ddm|: 3.858476e-08
  subiter:  46      |ddm|: 2.977789e-08
  subiter:  47      |ddm|: 4.812749e-08
  subiter:  48      |ddm|: 1.660382e-08
  subiter:  49      |ddm|: 2.370807e-08
  subiter:  50      |ddm|: 3.271419e-08
  subiter:  51      |ddm|: 3.350536e-08
  subiter:  52      |ddm|: 2.985572e-08
  subiter:  53      |ddm|: 3.472829e-08
  subiter:  54      |ddm|: 3.944042e-08
  subiter:  55      |ddm|: 1.744217e-08
  subiter:  56      |ddm|: 3.830824e-08
  subiter:  57      |ddm|: 3.892405e-08
  subiter:  58      |ddm|: 4.576385e-08
  subiter:  59      |ddm|: 3.119491e-08
  subiter:  60      |ddm|: 4.444642e-08
  subiter:  61      |ddm|: 3.207329e-08
  subiter:  62      |ddm|: 3.228717e-08
  subiter:  63      |ddm|: 3.039171e-08
  subiter:  64      |ddm|: 3.669775e-08
  subiter:  65      |ddm|: 3.027998e-08
  subiter:  66      |ddm|: 3.965512e-08
  subiter:  67      |ddm|: 4.722854e-08
  subiter:  68      |ddm|: 2.459176e-08
  subiter:  69      |ddm|: 3.290555e-08
  subiter:  70      |ddm|: 4.478123e-08
  subiter:  71      |ddm|: 2.247323e-08
  subiter:  72      |ddm|: 5.147441e-08
  subiter:  73      |ddm|: 4.499770e-08
  subiter:  74      |ddm|: 3.132695e-08
  subiter:  75      |ddm|: 3.077291e-08
  subiter:  76      |ddm|: 2.364650e-08
  subiter:  77      |ddm|: 3.375691e-08
  subiter:  78      |ddm|: 4.230916e-08
  subiter:  79      |ddm|: 2.604468e-08
  subiter:  80      |ddm|: 3.107346e-08
  subiter:  81      |ddm|: 1.579032e-08
  subiter:  82      |ddm|: 3.458576e-08
  subiter:  83      |ddm|: 2.462610e-08
  subiter:  84      |ddm|: 4.231509e-08
  subiter:  85      |ddm|: 4.270057e-08
  subiter:  86      |ddm|: 4.283956e-08
  subiter:  87      |ddm|: 3.797236e-08
  subiter:  88      |ddm|: 2.956457e-08
  subiter:  89      |ddm|: 2.970940e-08
  subiter:  90      |ddm|: 2.914299e-08
  subiter:  91      |ddm|: 3.504010e-08
  subiter:  92      |ddm|: 3.977667e-08
  subiter:  93      |ddm|: 3.591723e-08
  subiter:  94      |ddm|: 5.362423e-08
  subiter:  95      |ddm|: 4.706194e-08
  subiter:  96      |ddm|: 3.480765e-08
  subiter:  97      |ddm|: 2.529504e-08
  subiter:  98      |ddm|: 3.655147e-08
  subiter:  99      |ddm|: 4.893742e-08
  subiter: 100      |ddm|: 4.176384e-08


******** <class 'pyscf.dft.rks.RKS'> flags ********
method = RKS
initial guess = atom
damping factor = 0
level shift factor = 0.0
DIIS = <class 'pyscf.scf.diis.CDIIS'>
DIIS start cycle = 1
DIIS space = 8
SCF tol = 1e-08
SCF gradient tol = 1e-08
max. SCF cycles = 100
direct_scf = True
direct_scf_tol = 1e-13
chkfile to save SCF result = /panfs/roc/scratch/graha682/20170717_augccpVDZ_m06_ccsdt_ft_3octa1235ene/tmpgGpjhb
max_memory 4000 MB (current use 420 MB)
XC functionals = m06
small_rho_cutoff = 1e-20
radial grids: Treutler-Ahlrichs (JCP 102, 346 (M4)) radial grids
becke partition: Becke, JCP, 88, 2547 (1988)
pruning grids: <function nwchem_prune at 0x1788ed8>
grids dens level: 4
symmetrized grids: False
atomic radii adjust function: <function treutler_atomic_radii_adjust at 0x1788d70>
init E= -309.30375791638
  HOMO = -0.225093515175771  LUMO = -0.0813994343118323
cycle= 1 E= -309.30375791638  delta_E=    0  |g|= 1.17e-10  |ddm|= 1.71e-07
  HOMO = -0.225093515175766  LUMO = -0.0813994343117691
Extra cycle  E= -309.30375791638  delta_E= -4.55e-13  |g|= 1.17e-10  |ddm|= 1.69e-07
converged SCF energy = -309.30375791638
Supermolecular DFT   -309.30375791638039

============================== Embedding Energies ==============================
Subsystem DFT              -112.24815688170874
Interaction                -196.79281953229179
DFT-in-DFT                 -309.04097641400051
Supermolecular DFT         -309.30375791638039
Difference                   -0.26278150237988
Corrected DFT-in-DFT       -309.30375791638039
WF-in-DFT                  -308.74702387746811
Corrected WF-in-DFT        -309.00980537984799
================================================================================
TIMING STATISTICS:
     overlap integrals      0.02s   ( 0.00%)
    initial subsystems      0.13s   ( 0.00%)
           2e matrices   1347.17s   (47.12%)
      tot. embed. of 1   1359.51s   (47.55%)
      tot. embed. of 2      0.57s   ( 0.02%)
       freeze and thaw   1360.13s   (47.57%)
                  ccsd      5.07s   ( 0.18%)
               ccsd(t)      1.91s   ( 0.07%)
  interaction energies   1491.58s   (52.17%)
                 TOTAL   2859.19s
================================================================================

********************************************************************************
*                              END OF CALCULATION                              *
********************************************************************************
