********************************************************************************
*                         FREEZE-AND-THAW CALCULATION                          *
********************************************************************************

================================== Input File ==================================

subsystem
C                  4.34897800   -0.45553500    0.00023000
H                  5.16969100    0.25150300    0.00028400
H                  4.60295000   -1.50848600    0.00030300
C                  3.10140300   -0.05278700    0.00008000
end

subsystem
C                  1.90690500    0.33445500   -0.00006300
C                  0.64990000    0.74588600   -0.00020200
H                  0.45037000    1.81620200   -0.00030400
C                 -0.48880800   -0.12324200   -0.00023900
H                 -0.29617300   -1.19252400   -0.00039000
C                 -1.75745100    0.31681500   -0.00010700
H                 -1.94276100    1.38936700    0.00004900
C                 -2.90788300   -0.54357500   -0.00016900
H                 -2.71111500   -1.61271500   -0.00071500
C                 -4.16586400   -0.10707000    0.00038900
H                 -5.00630900   -0.78663200    0.00031200
H                 -4.38973500    0.95361200    0.00094600
end

embed
 huzinaga
 cycles 300
 conv 1e-6
 method m06
end

basis 6-311g
method ccsd(t)
grid 4
conv 1e-8
grad 1e-8
maxiter 100
================================== End Input ===================================
tot grids = 354048

                      Getting subsystem overlap integrals                       

                          Initial subsystem densities                           
Guessing initial subsystem densities
Initial guess from superpostion of atomic densties.
Guessing initial subsystem densities
Initial guess from superpostion of atomic densties.

=========================== Starting Freeze-and-Thaw ===========================
 iter:   1:1        |ddm|: 2.223362e+00     Tr[DP]  4.241783e-01
 iter:   1:2        |ddm|: 3.501871e+00     Tr[DP]  3.000431e-01
 iter:   2:1        |ddm|: 2.106591e+00     Tr[DP]  2.487468e-01
 iter:   2:2        |ddm|: 2.033858e+00     Tr[DP]  2.850932e-01
 iter:   3:1        |ddm|: 9.454866e-01     Tr[DP]  2.000950e-01
 iter:   3:2        |ddm|: 1.591658e+00     Tr[DP]  2.117840e-01
 iter:   4:1        |ddm|: 4.477011e-01     Tr[DP]  2.072610e-01
 iter:   4:2        |ddm|: 9.092877e-01     Tr[DP]  2.318711e-01
 iter:   5:1        |ddm|: 1.150942e-01     Tr[DP]  2.120722e-01
 iter:   5:2        |ddm|: 2.023734e-01     Tr[DP]  2.251623e-01
 iter:   6:1        |ddm|: 4.134173e-02     Tr[DP]  2.178627e-01
 iter:   6:2        |ddm|: 1.172937e-01     Tr[DP]  2.244997e-01
 iter:   7:1        |ddm|: 2.675774e-02     Tr[DP]  2.186629e-01
 iter:   7:2        |ddm|: 9.909376e-02     Tr[DP]  2.248351e-01
 iter:   8:1        |ddm|: 1.645892e-02     Tr[DP]  2.198572e-01
 iter:   8:2        |ddm|: 7.294484e-02     Tr[DP]  2.242978e-01
 iter:   9:1        |ddm|: 8.062314e-03     Tr[DP]  2.207032e-01
 iter:   9:2        |ddm|: 5.335391e-02     Tr[DP]  2.238503e-01
 iter:  10:1        |ddm|: 5.499708e-03     Tr[DP]  2.212253e-01
 iter:  10:2        |ddm|: 3.934887e-02     Tr[DP]  2.236720e-01
 iter:  11:1        |ddm|: 3.845108e-03     Tr[DP]  2.217295e-01
 iter:  11:2        |ddm|: 2.847550e-02     Tr[DP]  2.234383e-01
 iter:  12:1        |ddm|: 2.369541e-03     Tr[DP]  2.221164e-01
 iter:  12:2        |ddm|: 1.869325e-02     Tr[DP]  2.232428e-01
 iter:  13:1        |ddm|: 9.012434e-03     Tr[DP]  2.221694e-01
 iter:  13:2        |ddm|: 2.286937e-02     Tr[DP]  2.234832e-01
 iter:  14:1        |ddm|: 3.438144e-03     Tr[DP]  2.225498e-01
 iter:  14:2        |ddm|: 1.083682e-02     Tr[DP]  2.232481e-01
 iter:  15:1        |ddm|: 1.800327e-03     Tr[DP]  2.227231e-01
 iter:  15:2        |ddm|: 6.557124e-03     Tr[DP]  2.231143e-01
 iter:  16:1        |ddm|: 5.413972e-04     Tr[DP]  2.227826e-01
 iter:  16:2        |ddm|: 4.967012e-03     Tr[DP]  2.230694e-01
 iter:  17:1        |ddm|: 3.624365e-04     Tr[DP]  2.228364e-01
 iter:  17:2        |ddm|: 3.409421e-03     Tr[DP]  2.230367e-01
 iter:  18:1        |ddm|: 2.848347e-04     Tr[DP]  2.228727e-01
 iter:  18:2        |ddm|: 2.448568e-03     Tr[DP]  2.230171e-01
 iter:  19:1        |ddm|: 2.768590e-04     Tr[DP]  2.228975e-01
 iter:  19:2        |ddm|: 1.857639e-03     Tr[DP]  2.230071e-01
 iter:  20:1        |ddm|: 1.636243e-04     Tr[DP]  2.229209e-01
 iter:  20:2        |ddm|: 1.264120e-03     Tr[DP]  2.229970e-01
 iter:  21:1        |ddm|: 2.411973e-04     Tr[DP]  2.229406e-01
 iter:  21:2        |ddm|: 6.616909e-04     Tr[DP]  2.229793e-01
 iter:  22:1        |ddm|: 4.204226e-04     Tr[DP]  2.229372e-01
 iter:  22:2        |ddm|: 9.716973e-04     Tr[DP]  2.229906e-01
 iter:  23:1        |ddm|: 4.545105e-04     Tr[DP]  2.229430e-01
 iter:  23:2        |ddm|: 1.042079e-03     Tr[DP]  2.230025e-01
 iter:  24:1        |ddm|: 1.327150e-04     Tr[DP]  2.229610e-01
 iter:  24:2        |ddm|: 5.426525e-04     Tr[DP]  2.229962e-01
 iter:  25:1        |ddm|: 7.368597e-05     Tr[DP]  2.229691e-01
 iter:  25:2        |ddm|: 3.907271e-04     Tr[DP]  2.229933e-01
 iter:  26:1        |ddm|: 3.718319e-04     Tr[DP]  2.229691e-01
 iter:  26:2        |ddm|: 6.529846e-04     Tr[DP]  2.230045e-01
 iter:  27:1        |ddm|: 1.040391e-04     Tr[DP]  2.229785e-01
 iter:  27:2        |ddm|: 3.846890e-04     Tr[DP]  2.230028e-01
 iter:  28:1        |ddm|: 5.132793e-05     Tr[DP]  2.229849e-01
 iter:  28:2        |ddm|: 2.416227e-04     Tr[DP]  2.230003e-01
 iter:  29:1        |ddm|: 2.777855e-05     Tr[DP]  2.229885e-01
 iter:  29:2        |ddm|: 1.607813e-04     Tr[DP]  2.229984e-01
 iter:  30:1        |ddm|: 2.082976e-05     Tr[DP]  2.229905e-01
 iter:  30:2        |ddm|: 1.231296e-04     Tr[DP]  2.229979e-01
 iter:  31:1        |ddm|: 1.311045e-05     Tr[DP]  2.229920e-01
 iter:  31:2        |ddm|: 8.636424e-05     Tr[DP]  2.229972e-01
 iter:  32:1        |ddm|: 8.816674e-05     Tr[DP]  2.229946e-01
 iter:  32:2        |ddm|: 6.818093e-05     Tr[DP]  2.229934e-01
 iter:  33:1        |ddm|: 9.870773e-05     Tr[DP]  2.229919e-01
 iter:  33:2        |ddm|: 1.136957e-04     Tr[DP]  2.229970e-01
 iter:  34:1        |ddm|: 1.431198e-05     Tr[DP]  2.229936e-01
 iter:  34:2        |ddm|: 4.745040e-05     Tr[DP]  2.229967e-01
 iter:  35:1        |ddm|: 7.470233e-06     Tr[DP]  2.229944e-01
 iter:  35:2        |ddm|: 3.244833e-05     Tr[DP]  2.229964e-01
 iter:  36:1        |ddm|: 7.341043e-06     Tr[DP]  2.229948e-01
 iter:  36:2        |ddm|: 2.735160e-05     Tr[DP]  2.229964e-01
 iter:  37:1        |ddm|: 5.317413e-06     Tr[DP]  2.229951e-01
 iter:  37:2        |ddm|: 2.100713e-05     Tr[DP]  2.229964e-01
 iter:  38:1        |ddm|: 3.219158e-06     Tr[DP]  2.229954e-01
 iter:  38:2        |ddm|: 1.510903e-05     Tr[DP]  2.229963e-01
 iter:  39:1        |ddm|: 2.020860e-06     Tr[DP]  2.229956e-01
 iter:  39:2        |ddm|: 1.075789e-05     Tr[DP]  2.229963e-01
 iter:  40:1        |ddm|: 1.564837e-06     Tr[DP]  2.229957e-01
 iter:  40:2        |ddm|: 7.962354e-06     Tr[DP]  2.229962e-01
 iter:  41:1        |ddm|: 9.415405e-07     Tr[DP]  2.229959e-01
 iter:  41:2        |ddm|: 4.745993e-06     Tr[DP]  2.229962e-01
 iter:  42:1        |ddm|: 4.300466e-07     Tr[DP]  2.229959e-01
 iter:  42:2        |ddm|: 3.272977e-06     Tr[DP]  2.229961e-01
 iter:  43:1        |ddm|: 3.022597e-07     Tr[DP]  2.229960e-01
 iter:  43:2        |ddm|: 2.466755e-06     Tr[DP]  2.229961e-01
 iter:  44:1        |ddm|: 2.641019e-07     Tr[DP]  2.229960e-01
 iter:  44:2        |ddm|: 1.824829e-06     Tr[DP]  2.229961e-01
 iter:  45:1        |ddm|: 1.752109e-07     Tr[DP]  2.229960e-01
 iter:  45:2        |ddm|: 1.118598e-06     Tr[DP]  2.229961e-01
 iter:  46:1        |ddm|: 8.822387e-08     Tr[DP]  2.229960e-01
 iter:  46:2        |ddm|: 7.961770e-07     Tr[DP]  2.229961e-01
                           Freeze-and-Thaw converged!                           

=================== Subsystem 1 at higher mean-field method ====================
  subiter:   1      |ddm|: 1.640249e-01
  subiter:   2      |ddm|: 6.394529e-02
  subiter:   3      |ddm|: 1.364032e-02
  subiter:   4      |ddm|: 1.220855e-02
  subiter:   5      |ddm|: 4.601608e-03
  subiter:   6      |ddm|: 6.717395e-04
  subiter:   7      |ddm|: 1.444749e-04
  subiter:   8      |ddm|: 4.571712e-05
  subiter:   9      |ddm|: 1.052011e-05
  subiter:  10      |ddm|: 1.580225e-06
  subiter:  11      |ddm|: 4.102511e-07
  subiter:  12      |ddm|: 2.609868e-08
  subiter:  13      |ddm|: 2.523730e-08
  subiter:  14      |ddm|: 8.683684e-08
  subiter:  15      |ddm|: 3.777175e-09


******** <class 'pyscf.scf.hf.RHF'> flags ********
method = RHF
initial guess = minao
damping factor = 0
level shift factor = 0
DIIS = <class 'pyscf.scf.diis.CDIIS'>
DIIS start cycle = 1
DIIS space = 8
SCF tol = 1e-09
SCF gradient tol = None
max. SCF cycles = 100
direct_scf = True
direct_scf_tol = 1e-13
chkfile to save SCF result = /panfs/roc/scratch/graha682/20170717_6311g_m06_ccsdt_ft_2octa1235ene/tmpw4DTkJ
max_memory 4000 MB (current use 432 MB)
Set gradient conv threshold to 3.16228e-05
init E= -74.675084435197
  HOMO = -0.281202830163836  LUMO = 0.222535948179987
cycle= 1 E= -74.6750844351968  delta_E= 1.42e-13  |g|= 8.33e-10  |ddm|= 6.88e-09
  HOMO = -0.281202830197869  LUMO = 0.222535948199523
Extra cycle  E= -74.675084435197  delta_E= -1.99e-13  |g|= 8.33e-10  |ddm|= 2.42e-09
converged SCF energy = -74.675084435197


******** <class 'pyscf.dft.rks.RKS'> flags ********
method = RKS
initial guess = atom
damping factor = 0
level shift factor = 0.0
DIIS = <class 'pyscf.scf.diis.CDIIS'>
DIIS start cycle = 1
DIIS space = 8
SCF tol = 1e-08
SCF gradient tol = 1e-08
max. SCF cycles = 1
direct_scf = True
direct_scf_tol = 1e-13
chkfile to save SCF result = /panfs/roc/scratch/graha682/20170717_6311g_m06_ccsdt_ft_2octa1235ene/tmplsLE3k
max_memory 4000 MB (current use 433 MB)
XC functionals = m06
small_rho_cutoff = 1e-20
radial grids: Treutler-Ahlrichs (JCP 102, 346 (M4)) radial grids
becke partition: Becke, JCP, 88, 2547 (1988)
pruning grids: <function nwchem_prune at 0x1961ed8>
grids dens level: 4
symmetrized grids: False
atomic radii adjust function: <function treutler_atomic_radii_adjust at 0x1961d70>
init E= -75.1822671272755
  HOMO = -0.185728617582922  LUMO = 0.0769398310788325
cycle= 1 E= -75.1822671272757  delta_E= -1.14e-13  |g|= 1.55e-08  |ddm|= 6.56e-08
SCF not converged.
SCF energy = -75.1822671272757 after 1 cycles
 iter:  47:1        |ddm|: 2.096203e-01     Tr[DP]  2.510815e-01

==================== Doing CCSD Calculation on Subsystem 1 =====================

******** <class 'pyscf.cc.ccsd.CCSD'> flags ********
CCSD nocc = 7, nvir = 25
max_cycle = 50
direct = 0
conv_tol = 1e-07
conv_tol_normt = 1e-05
diis_space = 6
diis_start_cycle = 0
diis_start_energy_diff = 1e+09
max_memory 4000 MB (current use 408 MB)
Init t2, MP2 energy = -0.193201935482054
cycle = 1  E(CCSD) = -0.207317902034677  dE = -0.207317902  norm(t1,t2) = 0.072913
cycle = 2  E(CCSD) = -0.214020380528609  dE = -0.00670247849  norm(t1,t2) = 0.0301811
cycle = 3  E(CCSD) = -0.216023523952916  dE = -0.00200314342  norm(t1,t2) = 0.0155907
cycle = 4  E(CCSD) = -0.218199986179094  dE = -0.00217646223  norm(t1,t2) = 0.00851128
cycle = 5  E(CCSD) = -0.21804103090354  dE = 0.000158955276  norm(t1,t2) = 0.000975221
cycle = 6  E(CCSD) = -0.218042771421928  dE = -1.74051839e-06  norm(t1,t2) = 0.000322183
cycle = 7  E(CCSD) = -0.218046707303075  dE = -3.93588115e-06  norm(t1,t2) = 7.04111e-05
cycle = 8  E(CCSD) = -0.2180461783134  dE = 5.28989675e-07  norm(t1,t2) = 2.21186e-05
cycle = 9  E(CCSD) = -0.21804645958238  dE = -2.8126898e-07  norm(t1,t2) = 8.60052e-06
cycle = 10  E(CCSD) = -0.218046358742661  dE = 1.00839719e-07  norm(t1,t2) = 3.05326e-06
cycle = 11  E(CCSD) = -0.218046382321862  dE = -2.35792011e-08  norm(t1,t2) = 5.88484e-07
CCSD converged
E(CCSD) = -74.89313081751888  E_corr = -0.218046382321862
Hartree-Fock Energy:   -74.67508443519702
CCSD Correlation:       -0.21804638232186
CCSD Energy:           -74.89313081751888

=================== Doing CCSD(T) Calculation on Subsystem 1 ===================
CCSD(T) correction = -0.00637154048661624
Hartree-Fock Energy:   -74.67508443519702
CCSD(T) Correlation:       -0.22441792280848
CCSD(T) Energy:           -74.89950235800551

============================== Supermolecular DFT ==============================
  subiter:   1      |ddm|: 3.263716e+00
  subiter:   2      |ddm|: 1.521050e+00
  subiter:   3      |ddm|: 1.027985e+00
  subiter:   4      |ddm|: 1.364354e-01
  subiter:   5      |ddm|: 6.941909e-02
  subiter:   6      |ddm|: 1.996665e-02
  subiter:   7      |ddm|: 7.072951e-03
  subiter:   8      |ddm|: 3.379976e-03
  subiter:   9      |ddm|: 1.281103e-03
  subiter:  10      |ddm|: 5.081909e-04
  subiter:  11      |ddm|: 1.326946e-04
  subiter:  12      |ddm|: 9.810680e-05
  subiter:  13      |ddm|: 3.579222e-05
  subiter:  14      |ddm|: 1.069941e-05
  subiter:  15      |ddm|: 4.897240e-06
  subiter:  16      |ddm|: 2.487531e-06
  subiter:  17      |ddm|: 4.833508e-07
  subiter:  18      |ddm|: 1.650083e-07
  subiter:  19      |ddm|: 8.305887e-08
  subiter:  20      |ddm|: 6.167216e-08
  subiter:  21      |ddm|: 1.427810e-08
  subiter:  22      |ddm|: 1.047493e-08
  subiter:  23      |ddm|: 7.139086e-09


******** <class 'pyscf.dft.rks.RKS'> flags ********
method = RKS
initial guess = atom
damping factor = 0
level shift factor = 0.0
DIIS = <class 'pyscf.scf.diis.CDIIS'>
DIIS start cycle = 1
DIIS space = 8
SCF tol = 1e-08
SCF gradient tol = 1e-08
max. SCF cycles = 100
direct_scf = True
direct_scf_tol = 1e-13
chkfile to save SCF result = /panfs/roc/scratch/graha682/20170717_6311g_m06_ccsdt_ft_2octa1235ene/tmpMubXU3
max_memory 4000 MB (current use 453 MB)
XC functionals = m06
small_rho_cutoff = 1e-20
radial grids: Treutler-Ahlrichs (JCP 102, 346 (M4)) radial grids
becke partition: Becke, JCP, 88, 2547 (1988)
pruning grids: <function nwchem_prune at 0x1961ed8>
grids dens level: 4
symmetrized grids: False
atomic radii adjust function: <function treutler_atomic_radii_adjust at 0x1961d70>
init E= -309.288201114885
  HOMO = -0.221799138881466  LUMO = -0.0752325249109892
cycle= 1 E= -309.288201114884  delta_E= 1.36e-12  |g|= 9.86e-09  |ddm|= 1.4e-08
  HOMO = -0.221799139003444  LUMO = -0.0752325250987105
Extra cycle  E= -309.288201114884  delta_E= -1.14e-13  |g|= 9.86e-09  |ddm|= 2.26e-08
converged SCF energy = -309.288201114884
Supermolecular DFT   -309.28820111488392

============================== Embedding Energies ==============================
Subsystem DFT               -75.18226712727565
Interaction                -233.73999057252510
DFT-in-DFT                 -308.92225769980075
Supermolecular DFT         -309.28820111488392
Difference                   -0.36594341508317
Corrected DFT-in-DFT       -309.28820111488392
WF-in-DFT                  -308.63949293053059
Corrected WF-in-DFT        -309.00543634561376
================================================================================
TIMING STATISTICS:
     overlap integrals      0.02s   ( 0.00%)
    initial subsystems      0.15s   ( 0.04%)
           2e matrices    241.70s   (63.17%)
      tot. embed. of 1    245.97s   (64.29%)
      tot. embed. of 2      0.10s   ( 0.03%)
       freeze and thaw    246.09s   (64.32%)
                  ccsd      0.50s   ( 0.13%)
               ccsd(t)      0.20s   ( 0.05%)
  interaction energies    135.25s   (35.35%)
                 TOTAL    382.60s
================================================================================

********************************************************************************
*                              END OF CALCULATION                              *
********************************************************************************
