********************************************************************************
*                         FREEZE-AND-THAW CALCULATION                          *
********************************************************************************

================================== Input File ==================================

subsystem
C                  4.34897800   -0.45553500    0.00023000
H                  5.16969100    0.25150300    0.00028400
H                  4.60295000   -1.50848600    0.00030300
C                  3.10140300   -0.05278700    0.00008000
C                  1.90690500    0.33445500   -0.00006300
C                  0.64990000    0.74588600   -0.00020200
H                  0.45037000    1.81620200   -0.00030400
C                 -0.48880800   -0.12324200   -0.00023900
H                 -0.29617300   -1.19252400   -0.00039000
end

subsystem
C                 -1.75745100    0.31681500   -0.00010700
H                 -1.94276100    1.38936700    0.00004900
C                 -2.90788300   -0.54357500   -0.00016900
H                 -2.71111500   -1.61271500   -0.00071500
C                 -4.16586400   -0.10707000    0.00038900
H                 -5.00630900   -0.78663200    0.00031200
H                 -4.38973500    0.95361200    0.00094600
end

embed
 huzinaga
 cycles 300
 conv 1e-6
 method m06
end

basis cc-pVTZ
method ccsd(t)
grid 4
conv 1e-8
grad 1e-8
maxiter 100
================================== End Input ===================================
tot grids = 354048

                      Getting subsystem overlap integrals                       

                          Initial subsystem densities                           
Guessing initial subsystem densities
Initial guess from superpostion of atomic densties.
Guessing initial subsystem densities
Initial guess from superpostion of atomic densties.

=========================== Starting Freeze-and-Thaw ===========================
 iter:   1:1        |ddm|: 1.798673e+01     Tr[DP]  4.247846e-01
 iter:   1:2        |ddm|: 4.001251e+00     Tr[DP]  2.955756e-01
 iter:   2:1        |ddm|: 6.002937e+00     Tr[DP]  1.997912e-01
 iter:   2:2        |ddm|: 3.416394e+00     Tr[DP]  2.439318e-01
 iter:   3:1        |ddm|: 8.136812e+00     Tr[DP]  1.535045e-01
 iter:   3:2        |ddm|: 1.831777e+00     Tr[DP]  2.008672e-01
 iter:   4:1        |ddm|: 1.376786e+00     Tr[DP]  1.648635e-01
 iter:   4:2        |ddm|: 7.038706e-01     Tr[DP]  2.009038e-01
 iter:   5:1        |ddm|: 3.983426e-01     Tr[DP]  1.687538e-01
 iter:   5:2        |ddm|: 4.242886e-01     Tr[DP]  1.935695e-01
 iter:   6:1        |ddm|: 3.558289e-01     Tr[DP]  1.716011e-01
 iter:   6:2        |ddm|: 2.678983e-01     Tr[DP]  1.904935e-01
 iter:   7:1        |ddm|: 2.476491e-01     Tr[DP]  1.742954e-01
 iter:   7:2        |ddm|: 1.924295e-01     Tr[DP]  1.895669e-01
 iter:   8:1        |ddm|: 1.224392e-01     Tr[DP]  1.763096e-01
 iter:   8:2        |ddm|: 1.599348e-01     Tr[DP]  1.880250e-01
 iter:   9:1        |ddm|: 8.357504e-02     Tr[DP]  1.779843e-01
 iter:   9:2        |ddm|: 1.322979e-01     Tr[DP]  1.869214e-01
 iter:  10:1        |ddm|: 5.681609e-02     Tr[DP]  1.791717e-01
 iter:  10:2        |ddm|: 1.119104e-01     Tr[DP]  1.863285e-01
 iter:  11:1        |ddm|: 5.912379e-02     Tr[DP]  1.801853e-01
 iter:  11:2        |ddm|: 8.317920e-02     Tr[DP]  1.860385e-01
 iter:  12:1        |ddm|: 4.735446e-02     Tr[DP]  1.808645e-01
 iter:  12:2        |ddm|: 8.284112e-02     Tr[DP]  1.856102e-01
 iter:  13:1        |ddm|: 5.251979e-02     Tr[DP]  1.816257e-01
 iter:  13:2        |ddm|: 5.596867e-02     Tr[DP]  1.852566e-01
 iter:  14:1        |ddm|: 2.558067e-02     Tr[DP]  1.821383e-01
 iter:  14:2        |ddm|: 4.552815e-02     Tr[DP]  1.849381e-01
 iter:  15:1        |ddm|: 1.849000e-02     Tr[DP]  1.825325e-01
 iter:  15:2        |ddm|: 3.558826e-02     Tr[DP]  1.846924e-01
 iter:  16:1        |ddm|: 1.569250e-02     Tr[DP]  1.828489e-01
 iter:  16:2        |ddm|: 2.574986e-02     Tr[DP]  1.844822e-01
 iter:  17:1        |ddm|: 1.855772e-02     Tr[DP]  1.830049e-01
 iter:  17:2        |ddm|: 2.636090e-02     Tr[DP]  1.843635e-01
 iter:  18:1        |ddm|: 8.154258e-03     Tr[DP]  1.831881e-01
 iter:  18:2        |ddm|: 2.129823e-02     Tr[DP]  1.842937e-01
 iter:  19:1        |ddm|: 7.055710e-03     Tr[DP]  1.833425e-01
 iter:  19:2        |ddm|: 1.688246e-02     Tr[DP]  1.842281e-01
 iter:  20:1        |ddm|: 7.514127e-03     Tr[DP]  1.834404e-01
 iter:  20:2        |ddm|: 1.659921e-02     Tr[DP]  1.841948e-01
 iter:  21:1        |ddm|: 1.155196e-02     Tr[DP]  1.835759e-01
 iter:  21:2        |ddm|: 9.808938e-03     Tr[DP]  1.841475e-01
 iter:  22:1        |ddm|: 4.099827e-03     Tr[DP]  1.836515e-01
 iter:  22:2        |ddm|: 8.005477e-03     Tr[DP]  1.840999e-01
 iter:  23:1        |ddm|: 2.710067e-03     Tr[DP]  1.837097e-01
 iter:  23:2        |ddm|: 6.574708e-03     Tr[DP]  1.840658e-01
 iter:  24:1        |ddm|: 2.087680e-03     Tr[DP]  1.837562e-01
 iter:  24:2        |ddm|: 5.396671e-03     Tr[DP]  1.840410e-01
 iter:  25:1        |ddm|: 1.748765e-03     Tr[DP]  1.837950e-01
 iter:  25:2        |ddm|: 4.264538e-03     Tr[DP]  1.840217e-01
 iter:  26:1        |ddm|: 1.409886e-03     Tr[DP]  1.838259e-01
 iter:  26:2        |ddm|: 3.356869e-03     Tr[DP]  1.840058e-01
 iter:  27:1        |ddm|: 1.133963e-03     Tr[DP]  1.838507e-01
 iter:  27:2        |ddm|: 2.607311e-03     Tr[DP]  1.839926e-01
 iter:  28:1        |ddm|: 8.504089e-04     Tr[DP]  1.838694e-01
 iter:  28:2        |ddm|: 2.100878e-03     Tr[DP]  1.839821e-01
 iter:  29:1        |ddm|: 6.591741e-04     Tr[DP]  1.838840e-01
 iter:  29:2        |ddm|: 1.721138e-03     Tr[DP]  1.839743e-01
 iter:  30:1        |ddm|: 6.634336e-04     Tr[DP]  1.838972e-01
 iter:  30:2        |ddm|: 1.250398e-03     Tr[DP]  1.839675e-01
 iter:  31:1        |ddm|: 4.404165e-04     Tr[DP]  1.839060e-01
 iter:  31:2        |ddm|: 1.049896e-03     Tr[DP]  1.839621e-01
 iter:  32:1        |ddm|: 3.962730e-04     Tr[DP]  1.839141e-01
 iter:  32:2        |ddm|: 7.665559e-04     Tr[DP]  1.839576e-01
 iter:  33:1        |ddm|: 2.901459e-04     Tr[DP]  1.839202e-01
 iter:  33:2        |ddm|: 5.641528e-04     Tr[DP]  1.839536e-01
 iter:  34:1        |ddm|: 2.030517e-04     Tr[DP]  1.839245e-01
 iter:  34:2        |ddm|: 4.517190e-04     Tr[DP]  1.839505e-01
 iter:  35:1        |ddm|: 2.440857e-04     Tr[DP]  1.839270e-01
 iter:  35:2        |ddm|: 4.561804e-04     Tr[DP]  1.839488e-01
 iter:  36:1        |ddm|: 1.613895e-04     Tr[DP]  1.839302e-01
 iter:  36:2        |ddm|: 3.423592e-04     Tr[DP]  1.839477e-01
 iter:  37:1        |ddm|: 1.107875e-04     Tr[DP]  1.839326e-01
 iter:  37:2        |ddm|: 2.672368e-04     Tr[DP]  1.839465e-01
 iter:  38:1        |ddm|: 8.918756e-05     Tr[DP]  1.839343e-01
 iter:  38:2        |ddm|: 2.362587e-04     Tr[DP]  1.839458e-01
 iter:  39:1        |ddm|: 6.792140e-05     Tr[DP]  1.839358e-01
 iter:  39:2        |ddm|: 1.966284e-04     Tr[DP]  1.839452e-01
 iter:  40:1        |ddm|: 1.240283e-04     Tr[DP]  1.839374e-01
 iter:  40:2        |ddm|: 1.177985e-04     Tr[DP]  1.839445e-01
 iter:  41:1        |ddm|: 5.333054e-05     Tr[DP]  1.839384e-01
 iter:  41:2        |ddm|: 8.476858e-05     Tr[DP]  1.839438e-01
 iter:  42:1        |ddm|: 3.578223e-05     Tr[DP]  1.839391e-01
 iter:  42:2        |ddm|: 6.995830e-05     Tr[DP]  1.839432e-01
 iter:  43:1        |ddm|: 2.348880e-05     Tr[DP]  1.839396e-01
 iter:  43:2        |ddm|: 5.796210e-05     Tr[DP]  1.839428e-01
 iter:  44:1        |ddm|: 4.345597e-05     Tr[DP]  1.839398e-01
 iter:  44:2        |ddm|: 6.630649e-05     Tr[DP]  1.839427e-01
 iter:  45:1        |ddm|: 2.136782e-05     Tr[DP]  1.839401e-01
 iter:  45:2        |ddm|: 6.482999e-05     Tr[DP]  1.839427e-01
 iter:  46:1        |ddm|: 2.239608e-05     Tr[DP]  1.839404e-01
 iter:  46:2        |ddm|: 6.426328e-05     Tr[DP]  1.839428e-01
 iter:  47:1        |ddm|: 5.155645e-05     Tr[DP]  1.839409e-01
 iter:  47:2        |ddm|: 3.601519e-05     Tr[DP]  1.839427e-01
 iter:  48:1        |ddm|: 1.946448e-05     Tr[DP]  1.839412e-01
 iter:  48:2        |ddm|: 2.330280e-05     Tr[DP]  1.839426e-01
 iter:  49:1        |ddm|: 2.540990e-05     Tr[DP]  1.839415e-01
 iter:  49:2        |ddm|: 1.091922e-05     Tr[DP]  1.839424e-01
 iter:  50:1        |ddm|: 1.662523e-05     Tr[DP]  1.839416e-01
 iter:  50:2        |ddm|: 1.142455e-05     Tr[DP]  1.839423e-01
 iter:  51:1        |ddm|: 3.561541e-06     Tr[DP]  1.839416e-01
 iter:  51:2        |ddm|: 9.544414e-06     Tr[DP]  1.839422e-01
 iter:  52:1        |ddm|: 3.137957e-06     Tr[DP]  1.839417e-01
 iter:  52:2        |ddm|: 8.459782e-06     Tr[DP]  1.839422e-01
 iter:  53:1        |ddm|: 2.654944e-06     Tr[DP]  1.839418e-01
 iter:  53:2        |ddm|: 6.685719e-06     Tr[DP]  1.839421e-01
 iter:  54:1        |ddm|: 2.066987e-06     Tr[DP]  1.839418e-01
 iter:  54:2        |ddm|: 5.463301e-06     Tr[DP]  1.839421e-01
 iter:  55:1        |ddm|: 2.071587e-06     Tr[DP]  1.839418e-01
 iter:  55:2        |ddm|: 5.154794e-06     Tr[DP]  1.839421e-01
 iter:  56:1        |ddm|: 2.894243e-06     Tr[DP]  1.839419e-01
 iter:  56:2        |ddm|: 3.318409e-06     Tr[DP]  1.839421e-01
 iter:  57:1        |ddm|: 1.247289e-06     Tr[DP]  1.839419e-01
 iter:  57:2        |ddm|: 2.646301e-06     Tr[DP]  1.839421e-01
 iter:  58:1        |ddm|: 8.885908e-07     Tr[DP]  1.839419e-01
 iter:  58:2        |ddm|: 2.099994e-06     Tr[DP]  1.839420e-01
 iter:  59:1        |ddm|: 6.941895e-07     Tr[DP]  1.839419e-01
 iter:  59:2        |ddm|: 1.653122e-06     Tr[DP]  1.839420e-01
 iter:  60:1        |ddm|: 5.494244e-07     Tr[DP]  1.839420e-01
 iter:  60:2        |ddm|: 1.293147e-06     Tr[DP]  1.839420e-01
 iter:  61:1        |ddm|: 4.510565e-07     Tr[DP]  1.839420e-01
 iter:  61:2        |ddm|: 9.803940e-07     Tr[DP]  1.839420e-01
 iter:  62:1        |ddm|: 1.290655e-06     Tr[DP]  1.839420e-01
 iter:  62:2        |ddm|: 4.224602e-07     Tr[DP]  1.839420e-01
 iter:  63:1        |ddm|: 2.112494e-06     Tr[DP]  1.839420e-01
 iter:  63:2        |ddm|: 1.069597e-06     Tr[DP]  1.839420e-01
 iter:  64:1        |ddm|: 6.066282e-07     Tr[DP]  1.839420e-01
 iter:  64:2        |ddm|: 7.375175e-07     Tr[DP]  1.839420e-01
 iter:  65:1        |ddm|: 2.401175e-07     Tr[DP]  1.839420e-01
 iter:  65:2        |ddm|: 5.791256e-07     Tr[DP]  1.839420e-01
                           Freeze-and-Thaw converged!                           

=================== Subsystem 1 at higher mean-field method ====================
  subiter:   1      |ddm|: 2.781213e+00
  subiter:   2      |ddm|: 5.660329e-01
  subiter:   3      |ddm|: 3.686813e-02
  subiter:   4      |ddm|: 3.184095e-02
  subiter:   5      |ddm|: 1.449065e-02
  subiter:   6      |ddm|: 4.200254e-03
  subiter:   7      |ddm|: 2.764431e-03
  subiter:   8      |ddm|: 7.094812e-04
  subiter:   9      |ddm|: 2.428805e-04
  subiter:  10      |ddm|: 7.774912e-05
  subiter:  11      |ddm|: 4.104076e-05
  subiter:  12      |ddm|: 2.131893e-05
  subiter:  13      |ddm|: 8.159789e-06
  subiter:  14      |ddm|: 5.350395e-06
  subiter:  15      |ddm|: 2.121486e-06
  subiter:  16      |ddm|: 3.964219e-07
  subiter:  17      |ddm|: 2.006245e-07
  subiter:  18      |ddm|: 4.110853e-08
  subiter:  19      |ddm|: 1.874830e-08
  subiter:  20      |ddm|: 1.650859e-08
  subiter:  21      |ddm|: 2.863847e-08
  subiter:  22      |ddm|: 2.121922e-08
  subiter:  23      |ddm|: 4.540692e-09


******** <class 'pyscf.scf.hf.RHF'> flags ********
method = RHF
initial guess = minao
damping factor = 0
level shift factor = 0
DIIS = <class 'pyscf.scf.diis.CDIIS'>
DIIS start cycle = 1
DIIS space = 8
SCF tol = 1e-09
SCF gradient tol = None
max. SCF cycles = 100
direct_scf = True
direct_scf_tol = 1e-13
chkfile to save SCF result = /panfs/roc/scratch/graha682/20170717_ccpVTZ_m06_ccsdt_ft_5octa1235ene/tmp_mUoPM
max_memory 4000 MB (current use 2050 MB)
Set gradient conv threshold to 3.16228e-05
init E= -188.239089227683
  HOMO = -0.2241389638215  LUMO = 0.140825882090762
cycle= 1 E= -188.239089227683  delta_E= -9.09e-13  |g|= 1.71e-09  |ddm|= 8.56e-09
  HOMO = -0.224138963902784  LUMO = 0.14082588205821
Extra cycle  E= -188.239089227683  delta_E= 6.82e-13  |g|= 1.71e-09  |ddm|= 1.17e-08
converged SCF energy = -188.239089227683


******** <class 'pyscf.dft.rks.RKS'> flags ********
method = RKS
initial guess = atom
damping factor = 0
level shift factor = 0.0
DIIS = <class 'pyscf.scf.diis.CDIIS'>
DIIS start cycle = 1
DIIS space = 8
SCF tol = 1e-08
SCF gradient tol = 1e-08
max. SCF cycles = 1
direct_scf = True
direct_scf_tol = 1e-13
chkfile to save SCF result = /panfs/roc/scratch/graha682/20170717_ccpVTZ_m06_ccsdt_ft_5octa1235ene/tmpugKRMg
max_memory 4000 MB (current use 2053 MB)
XC functionals = m06
small_rho_cutoff = 1e-20
radial grids: Treutler-Ahlrichs (JCP 102, 346 (M4)) radial grids
becke partition: Becke, JCP, 88, 2547 (1988)
pruning grids: <function nwchem_prune at 0x1961ed8>
grids dens level: 4
symmetrized grids: False
atomic radii adjust function: <function treutler_atomic_radii_adjust at 0x1961d70>
init E= -189.401739077574
  HOMO = -0.160485660815786  LUMO = 0.0123665147482731
cycle= 1 E= -189.401739077574  delta_E= 4.55e-13  |g|= 1.06e-08  |ddm|= 1.91e-07
SCF not converged.
SCF energy = -189.401739077574 after 1 cycles
 iter:  66:1        |ddm|: 3.327304e+00     Tr[DP]  2.309186e-01

==================== Doing CCSD Calculation on Subsystem 1 =====================

******** <class 'pyscf.cc.ccsd.CCSD'> flags ********
CCSD nocc = 17, nvir = 189
max_cycle = 50
direct = 0
conv_tol = 1e-07
conv_tol_normt = 1e-05
diis_space = 6
diis_start_cycle = 0
diis_start_energy_diff = 1e+09
max_memory 4000 MB (current use 2084 MB)
Init t2, MP2 energy = -0.821571597257406
cycle = 1  E(CCSD) = -0.824740549471349  dE = -0.824740549  norm(t1,t2) = 0.129033
cycle = 2  E(CCSD) = -0.847704753173602  dE = -0.0229642037  norm(t1,t2) = 0.0441466
cycle = 3  E(CCSD) = -0.84731073098453  dE = 0.000394022189  norm(t1,t2) = 0.024912
cycle = 4  E(CCSD) = -0.84938479595642  dE = -0.00207406497  norm(t1,t2) = 0.0114286
cycle = 5  E(CCSD) = -0.850836255427433  dE = -0.00145145947  norm(t1,t2) = 0.00670612
cycle = 6  E(CCSD) = -0.850623872058536  dE = 0.000212383369  norm(t1,t2) = 0.00137316
cycle = 7  E(CCSD) = -0.850552210704349  dE = 7.16613542e-05  norm(t1,t2) = 0.000711055
cycle = 8  E(CCSD) = -0.85057487152456  dE = -2.26608202e-05  norm(t1,t2) = 0.000172495
cycle = 9  E(CCSD) = -0.850571184925051  dE = 3.68659951e-06  norm(t1,t2) = 8.55187e-05
cycle = 10  E(CCSD) = -0.850577316720157  dE = -6.13179511e-06  norm(t1,t2) = 4.16561e-05
cycle = 11  E(CCSD) = -0.850577210690811  dE = 1.06029346e-07  norm(t1,t2) = 1.22679e-05
cycle = 12  E(CCSD) = -0.850577055779786  dE = 1.54911024e-07  norm(t1,t2) = 7.53873e-06
cycle = 13  E(CCSD) = -0.850577147747007  dE = -9.19672202e-08  norm(t1,t2) = 3.06456e-06
CCSD converged
E(CCSD) = -189.0896663754298  E_corr = -0.8505771477470067
Hartree-Fock Energy:  -188.23908922768277
CCSD Correlation:       -0.85057714774701
CCSD Energy:          -189.08966637542977

=================== Doing CCSD(T) Calculation on Subsystem 1 ===================
CCSD(T) correction = -0.0419752367835054
Hartree-Fock Energy:  -188.23908922768277
CCSD(T) Correlation:       -0.89255238453051
CCSD(T) Energy:          -189.13164161221329

============================== Supermolecular DFT ==============================
  subiter:   1      |ddm|: 1.260455e+01
  subiter:   2      |ddm|: 1.270416e+00
  subiter:   3      |ddm|: 8.338875e-01
  subiter:   4      |ddm|: 8.533818e-02
  subiter:   5      |ddm|: 4.116443e-02
  subiter:   6      |ddm|: 1.502369e-02
  subiter:   7      |ddm|: 1.055290e-02
  subiter:   8      |ddm|: 2.235731e-03
  subiter:   9      |ddm|: 1.921249e-03
  subiter:  10      |ddm|: 4.996052e-04
  subiter:  11      |ddm|: 1.331206e-04
  subiter:  12      |ddm|: 4.321569e-05
  subiter:  13      |ddm|: 3.524017e-05
  subiter:  14      |ddm|: 1.047302e-05
  subiter:  15      |ddm|: 5.282068e-06
  subiter:  16      |ddm|: 3.120680e-06
  subiter:  17      |ddm|: 1.639934e-06
  subiter:  18      |ddm|: 8.389049e-07
  subiter:  19      |ddm|: 3.103025e-07
  subiter:  20      |ddm|: 1.957061e-07
  subiter:  21      |ddm|: 6.776702e-08
  subiter:  22      |ddm|: 4.370166e-08
  subiter:  23      |ddm|: 7.029008e-09


******** <class 'pyscf.dft.rks.RKS'> flags ********
method = RKS
initial guess = atom
damping factor = 0
level shift factor = 0.0
DIIS = <class 'pyscf.scf.diis.CDIIS'>
DIIS start cycle = 1
DIIS space = 8
SCF tol = 1e-08
SCF gradient tol = 1e-08
max. SCF cycles = 100
direct_scf = True
direct_scf_tol = 1e-13
chkfile to save SCF result = /panfs/roc/scratch/graha682/20170717_ccpVTZ_m06_ccsdt_ft_5octa1235ene/tmpOUtfk0
max_memory 4000 MB (current use 2501 MB)
XC functionals = m06
small_rho_cutoff = 1e-20
radial grids: Treutler-Ahlrichs (JCP 102, 346 (M4)) radial grids
becke partition: Becke, JCP, 88, 2547 (1988)
pruning grids: <function nwchem_prune at 0x1961ed8>
grids dens level: 4
symmetrized grids: False
atomic radii adjust function: <function treutler_atomic_radii_adjust at 0x1961d70>
init E= -309.3906034376
  HOMO = -0.221689123748893  LUMO = -0.0764586367485908
cycle= 1 E= -309.3906034376  delta_E= 1.14e-13  |g|= 1.01e-08  |ddm|= 1.44e-08
  HOMO = -0.221689123995908  LUMO = -0.0764586368458791
cycle= 2 E= -309.390603437599  delta_E= 9.09e-13  |g|= 1.9e-08  |ddm|= 1.8e-08
  HOMO = -0.221689124091461  LUMO = -0.0764586368993026
cycle= 3 E= -309.3906034376  delta_E= -1.25e-12  |g|= 9.58e-09  |ddm|= 1.78e-08
  HOMO = -0.221689123712475  LUMO = -0.076458636554442
Extra cycle  E= -309.3906034376  delta_E= 5.68e-13  |g|= 9.58e-09  |ddm|= 1.91e-08
converged SCF energy = -309.3906034376
Supermolecular DFT   -309.39060343759979

============================== Embedding Energies ==============================
Subsystem DFT              -189.40173907757361
Interaction                -119.76660179506706
DFT-in-DFT                 -309.16834087264067
Supermolecular DFT         -309.39060343759979
Difference                   -0.22226256495912
Corrected DFT-in-DFT       -309.39060343759979
WF-in-DFT                  -308.89824340728035
Corrected WF-in-DFT        -309.12050597223947
================================================================================
TIMING STATISTICS:
     overlap integrals      0.02s   ( 0.00%)
    initial subsystems      0.15s   ( 0.01%)
           2e matrices   1406.55s   (57.32%)
      tot. embed. of 1   1464.62s   (59.68%)
      tot. embed. of 2      0.33s   ( 0.01%)
       freeze and thaw   1464.98s   (59.70%)
                  ccsd    218.01s   ( 8.88%)
               ccsd(t)    169.06s   ( 6.89%)
  interaction energies    601.53s   (24.51%)
                 TOTAL   2454.03s
================================================================================

********************************************************************************
*                              END OF CALCULATION                              *
********************************************************************************
