********************************************************************************
*                         FREEZE-AND-THAW CALCULATION                          *
********************************************************************************

================================== Input File ==================================

subsystem
C                  4.34897800   -0.45553500    0.00023000
H                  5.16969100    0.25150300    0.00028400
H                  4.60295000   -1.50848600    0.00030300
C                  3.10140300   -0.05278700    0.00008000
C                  1.90690500    0.33445500   -0.00006300
end

subsystem
C                  0.64990000    0.74588600   -0.00020200
H                  0.45037000    1.81620200   -0.00030400
C                 -0.48880800   -0.12324200   -0.00023900
H                 -0.29617300   -1.19252400   -0.00039000
C                 -1.75745100    0.31681500   -0.00010700
H                 -1.94276100    1.38936700    0.00004900
C                 -2.90788300   -0.54357500   -0.00016900
H                 -2.71111500   -1.61271500   -0.00071500
C                 -4.16586400   -0.10707000    0.00038900
H                 -5.00630900   -0.78663200    0.00031200
H                 -4.38973500    0.95361200    0.00094600
end

embed
 huzinaga
 cycles 300
 conv 1e-6
 method m06
end

basis aug-cc-pVTZ
method ccsd(t)
grid 4
conv 1e-8
grad 1e-8
maxiter 100
================================== End Input ===================================
tot grids = 354048

                      Getting subsystem overlap integrals                       

                          Initial subsystem densities                           
Guessing initial subsystem densities
Initial guess from superpostion of atomic densties.
Guessing initial subsystem densities
Initial guess from superpostion of atomic densties.

=========================== Starting Freeze-and-Thaw ===========================
 iter:   1:1        |ddm|: 9.098422e+00     Tr[DP]  2.820263e-01
 iter:   1:2        |ddm|: 4.245250e+01     Tr[DP]  2.444495e-01
 iter:   2:1        |ddm|: 8.267140e+02     Tr[DP]  1.623508e-01
 iter:   2:2        |ddm|: 4.547175e+01     Tr[DP]  1.817597e-01
 iter:   3:1        |ddm|: 8.286122e+02     Tr[DP]  7.079595e-02
 iter:   3:2        |ddm|: 3.699225e+01     Tr[DP]  1.797091e-01
 iter:   4:1        |ddm|: 4.730530e+00     Tr[DP]  1.071562e-01
 iter:   4:2        |ddm|: 1.309077e+01     Tr[DP]  1.633992e-01
 iter:   5:1        |ddm|: 2.006748e+00     Tr[DP]  1.073295e-01
 iter:   5:2        |ddm|: 6.058992e+00     Tr[DP]  1.464925e-01
 iter:   6:1        |ddm|: 2.271749e+00     Tr[DP]  1.148851e-01
 iter:   6:2        |ddm|: 4.372752e+00     Tr[DP]  1.378903e-01
 iter:   7:1        |ddm|: 1.954689e+00     Tr[DP]  1.196894e-01
 iter:   7:2        |ddm|: 2.822726e+00     Tr[DP]  1.355553e-01
 iter:   8:1        |ddm|: 1.323398e+00     Tr[DP]  1.202890e-01
 iter:   8:2        |ddm|: 2.296638e+00     Tr[DP]  1.333240e-01
 iter:   9:1        |ddm|: 9.222575e-01     Tr[DP]  1.206270e-01
 iter:   9:2        |ddm|: 1.923567e+00     Tr[DP]  1.320561e-01
 iter:  10:1        |ddm|: 5.757490e-01     Tr[DP]  1.206181e-01
 iter:  10:2        |ddm|: 1.482769e+00     Tr[DP]  1.320079e-01
 iter:  11:1        |ddm|: 4.664637e-01     Tr[DP]  1.210740e-01
 iter:  11:2        |ddm|: 1.325540e+00     Tr[DP]  1.309007e-01
 iter:  12:1        |ddm|: 4.211833e-01     Tr[DP]  1.217782e-01
 iter:  12:2        |ddm|: 1.173055e+00     Tr[DP]  1.300609e-01
 iter:  13:1        |ddm|: 3.925051e-01     Tr[DP]  1.224714e-01
 iter:  13:2        |ddm|: 1.033038e+00     Tr[DP]  1.292028e-01
 iter:  14:1        |ddm|: 3.320975e-01     Tr[DP]  1.229480e-01
 iter:  14:2        |ddm|: 8.901576e-01     Tr[DP]  1.287647e-01
 iter:  15:1        |ddm|: 2.819552e-01     Tr[DP]  1.234022e-01
 iter:  15:2        |ddm|: 7.741618e-01     Tr[DP]  1.283019e-01
 iter:  16:1        |ddm|: 2.341677e-01     Tr[DP]  1.238186e-01
 iter:  16:2        |ddm|: 6.677855e-01     Tr[DP]  1.279616e-01
 iter:  17:1        |ddm|: 2.072854e-01     Tr[DP]  1.241225e-01
 iter:  17:2        |ddm|: 6.002320e-01     Tr[DP]  1.276849e-01
 iter:  18:1        |ddm|: 1.800699e-01     Tr[DP]  1.244037e-01
 iter:  18:2        |ddm|: 5.149027e-01     Tr[DP]  1.274218e-01
 iter:  19:1        |ddm|: 1.553277e-01     Tr[DP]  1.246152e-01
 iter:  19:2        |ddm|: 4.622844e-01     Tr[DP]  1.272163e-01
 iter:  20:1        |ddm|: 1.318544e-01     Tr[DP]  1.247989e-01
 iter:  20:2        |ddm|: 3.891911e-01     Tr[DP]  1.270228e-01
 iter:  21:1        |ddm|: 1.082885e-01     Tr[DP]  1.249798e-01
 iter:  21:2        |ddm|: 3.257404e-01     Tr[DP]  1.268488e-01
 iter:  22:1        |ddm|: 9.222871e-02     Tr[DP]  1.251189e-01
 iter:  22:2        |ddm|: 2.920319e-01     Tr[DP]  1.267200e-01
 iter:  23:1        |ddm|: 8.193232e-02     Tr[DP]  1.252136e-01
 iter:  23:2        |ddm|: 2.610189e-01     Tr[DP]  1.266140e-01
 iter:  24:1        |ddm|: 6.840852e-02     Tr[DP]  1.253010e-01
 iter:  24:2        |ddm|: 2.125633e-01     Tr[DP]  1.265025e-01
 iter:  25:1        |ddm|: 5.545558e-02     Tr[DP]  1.253829e-01
 iter:  25:2        |ddm|: 1.749744e-01     Tr[DP]  1.263896e-01
 iter:  26:1        |ddm|: 4.609568e-02     Tr[DP]  1.254710e-01
 iter:  26:2        |ddm|: 1.445975e-01     Tr[DP]  1.263004e-01
 iter:  27:1        |ddm|: 5.341218e-02     Tr[DP]  1.255990e-01
 iter:  27:2        |ddm|: 1.230283e-01     Tr[DP]  1.262311e-01
 iter:  28:1        |ddm|: 4.354389e-02     Tr[DP]  1.257017e-01
 iter:  28:2        |ddm|: 1.283516e-01     Tr[DP]  1.262342e-01
 iter:  29:1        |ddm|: 3.592660e-02     Tr[DP]  1.257552e-01
 iter:  29:2        |ddm|: 1.314958e-01     Tr[DP]  1.262705e-01
 iter:  30:1        |ddm|: 3.517116e-02     Tr[DP]  1.257941e-01
 iter:  30:2        |ddm|: 1.165341e-01     Tr[DP]  1.262744e-01
 iter:  31:1        |ddm|: 3.079146e-02     Tr[DP]  1.258311e-01
 iter:  31:2        |ddm|: 9.927635e-02     Tr[DP]  1.262651e-01
 iter:  32:1        |ddm|: 2.660422e-02     Tr[DP]  1.258600e-01
 iter:  32:2        |ddm|: 8.457839e-02     Tr[DP]  1.262443e-01
 iter:  33:1        |ddm|: 2.156512e-02     Tr[DP]  1.258893e-01
 iter:  33:2        |ddm|: 6.953961e-02     Tr[DP]  1.262235e-01
 iter:  34:1        |ddm|: 1.765426e-02     Tr[DP]  1.259144e-01
 iter:  34:2        |ddm|: 5.871534e-02     Tr[DP]  1.262040e-01
 iter:  35:1        |ddm|: 1.442753e-02     Tr[DP]  1.259373e-01
 iter:  35:2        |ddm|: 4.853817e-02     Tr[DP]  1.261876e-01
 iter:  36:1        |ddm|: 1.227199e-02     Tr[DP]  1.259568e-01
 iter:  36:2        |ddm|: 4.343446e-02     Tr[DP]  1.261747e-01
 iter:  37:1        |ddm|: 1.126030e-02     Tr[DP]  1.259782e-01
 iter:  37:2        |ddm|: 3.632664e-02     Tr[DP]  1.261553e-01
 iter:  38:1        |ddm|: 9.142672e-03     Tr[DP]  1.259981e-01
 iter:  38:2        |ddm|: 3.512769e-02     Tr[DP]  1.261641e-01
 iter:  39:1        |ddm|: 9.540068e-03     Tr[DP]  1.260067e-01
 iter:  39:2        |ddm|: 2.988139e-02     Tr[DP]  1.261508e-01
 iter:  40:1        |ddm|: 7.968055e-03     Tr[DP]  1.260184e-01
 iter:  40:2        |ddm|: 2.793156e-02     Tr[DP]  1.261481e-01
 iter:  41:1        |ddm|: 6.816284e-03     Tr[DP]  1.260290e-01
 iter:  41:2        |ddm|: 2.278332e-02     Tr[DP]  1.261412e-01
 iter:  42:1        |ddm|: 5.957908e-03     Tr[DP]  1.260377e-01
 iter:  42:2        |ddm|: 2.034588e-02     Tr[DP]  1.261356e-01
 iter:  43:1        |ddm|: 5.281178e-03     Tr[DP]  1.260455e-01
 iter:  43:2        |ddm|: 1.732264e-02     Tr[DP]  1.261292e-01
 iter:  44:1        |ddm|: 4.459687e-03     Tr[DP]  1.260517e-01
 iter:  44:2        |ddm|: 1.495369e-02     Tr[DP]  1.261252e-01
 iter:  45:1        |ddm|: 3.818673e-03     Tr[DP]  1.260569e-01
 iter:  45:2        |ddm|: 1.290540e-02     Tr[DP]  1.261209e-01
 iter:  46:1        |ddm|: 3.240041e-03     Tr[DP]  1.260615e-01
 iter:  46:2        |ddm|: 1.080370e-02     Tr[DP]  1.261164e-01
 iter:  47:1        |ddm|: 2.758183e-03     Tr[DP]  1.260652e-01
 iter:  47:2        |ddm|: 9.264341e-03     Tr[DP]  1.261124e-01
 iter:  48:1        |ddm|: 2.297850e-03     Tr[DP]  1.260690e-01
 iter:  48:2        |ddm|: 7.607703e-03     Tr[DP]  1.261088e-01
 iter:  49:1        |ddm|: 2.054121e-03     Tr[DP]  1.260733e-01
 iter:  49:2        |ddm|: 6.403924e-03     Tr[DP]  1.261061e-01
 iter:  50:1        |ddm|: 1.685046e-03     Tr[DP]  1.260759e-01
 iter:  50:2        |ddm|: 6.273514e-03     Tr[DP]  1.261050e-01
 iter:  51:1        |ddm|: 1.634061e-03     Tr[DP]  1.260790e-01
 iter:  51:2        |ddm|: 5.179799e-03     Tr[DP]  1.261037e-01
 iter:  52:1        |ddm|: 1.358255e-03     Tr[DP]  1.260810e-01
 iter:  52:2        |ddm|: 5.032921e-03     Tr[DP]  1.261033e-01
 iter:  53:1        |ddm|: 1.263634e-03     Tr[DP]  1.260827e-01
 iter:  53:2        |ddm|: 4.292619e-03     Tr[DP]  1.261024e-01
 iter:  54:1        |ddm|: 1.111980e-03     Tr[DP]  1.260840e-01
 iter:  54:2        |ddm|: 3.754769e-03     Tr[DP]  1.261013e-01
 iter:  55:1        |ddm|: 9.108327e-04     Tr[DP]  1.260852e-01
 iter:  55:2        |ddm|: 3.044452e-03     Tr[DP]  1.261003e-01
 iter:  56:1        |ddm|: 7.420162e-04     Tr[DP]  1.260865e-01
 iter:  56:2        |ddm|: 2.501849e-03     Tr[DP]  1.260992e-01
 iter:  57:1        |ddm|: 6.348066e-04     Tr[DP]  1.260874e-01
 iter:  57:2        |ddm|: 2.282797e-03     Tr[DP]  1.260986e-01
 iter:  58:1        |ddm|: 5.678356e-04     Tr[DP]  1.260883e-01
 iter:  58:2        |ddm|: 1.946636e-03     Tr[DP]  1.260979e-01
 iter:  59:1        |ddm|: 4.868257e-04     Tr[DP]  1.260890e-01
 iter:  59:2        |ddm|: 1.653405e-03     Tr[DP]  1.260972e-01
 iter:  60:1        |ddm|: 4.138127e-04     Tr[DP]  1.260897e-01
 iter:  60:2        |ddm|: 1.443476e-03     Tr[DP]  1.260967e-01
 iter:  61:1        |ddm|: 3.588401e-04     Tr[DP]  1.260903e-01
 iter:  61:2        |ddm|: 1.219776e-03     Tr[DP]  1.260963e-01
 iter:  62:1        |ddm|: 3.072309e-04     Tr[DP]  1.260907e-01
 iter:  62:2        |ddm|: 1.107206e-03     Tr[DP]  1.260960e-01
 iter:  63:1        |ddm|: 3.178540e-04     Tr[DP]  1.260914e-01
 iter:  63:2        |ddm|: 8.440337e-04     Tr[DP]  1.260957e-01
 iter:  64:1        |ddm|: 2.268444e-04     Tr[DP]  1.260918e-01
 iter:  64:2        |ddm|: 9.421526e-04     Tr[DP]  1.260958e-01
 iter:  65:1        |ddm|: 2.343191e-04     Tr[DP]  1.260920e-01
 iter:  65:2        |ddm|: 8.062180e-04     Tr[DP]  1.260956e-01
 iter:  66:1        |ddm|: 1.982662e-04     Tr[DP]  1.260923e-01
 iter:  66:2        |ddm|: 6.541118e-04     Tr[DP]  1.260954e-01
 iter:  67:1        |ddm|: 1.651168e-04     Tr[DP]  1.260926e-01
 iter:  67:2        |ddm|: 5.747786e-04     Tr[DP]  1.260953e-01
 iter:  68:1        |ddm|: 1.423021e-04     Tr[DP]  1.260928e-01
 iter:  68:2        |ddm|: 4.822934e-04     Tr[DP]  1.260951e-01
 iter:  69:1        |ddm|: 1.265619e-04     Tr[DP]  1.260930e-01
 iter:  69:2        |ddm|: 4.457994e-04     Tr[DP]  1.260950e-01
 iter:  70:1        |ddm|: 1.099806e-04     Tr[DP]  1.260931e-01
 iter:  70:2        |ddm|: 3.643760e-04     Tr[DP]  1.260949e-01
 iter:  71:1        |ddm|: 9.005914e-05     Tr[DP]  1.260932e-01
 iter:  71:2        |ddm|: 3.082751e-04     Tr[DP]  1.260948e-01
 iter:  72:1        |ddm|: 7.681648e-05     Tr[DP]  1.260934e-01
 iter:  72:2        |ddm|: 2.665226e-04     Tr[DP]  1.260947e-01
 iter:  73:1        |ddm|: 6.595689e-05     Tr[DP]  1.260935e-01
 iter:  73:2        |ddm|: 2.277603e-04     Tr[DP]  1.260946e-01
 iter:  74:1        |ddm|: 5.541166e-05     Tr[DP]  1.260935e-01
 iter:  74:2        |ddm|: 1.909212e-04     Tr[DP]  1.260945e-01
 iter:  75:1        |ddm|: 4.765071e-05     Tr[DP]  1.260936e-01
 iter:  75:2        |ddm|: 1.668847e-04     Tr[DP]  1.260945e-01
 iter:  76:1        |ddm|: 4.132886e-05     Tr[DP]  1.260937e-01
 iter:  76:2        |ddm|: 1.464856e-04     Tr[DP]  1.260944e-01
 iter:  77:1        |ddm|: 3.596871e-05     Tr[DP]  1.260938e-01
 iter:  77:2        |ddm|: 1.268275e-04     Tr[DP]  1.260944e-01
 iter:  78:1        |ddm|: 4.240144e-05     Tr[DP]  1.260938e-01
 iter:  78:2        |ddm|: 9.819822e-05     Tr[DP]  1.260943e-01
 iter:  79:1        |ddm|: 2.705816e-05     Tr[DP]  1.260939e-01
 iter:  79:2        |ddm|: 1.099336e-04     Tr[DP]  1.260943e-01
 iter:  80:1        |ddm|: 3.255118e-05     Tr[DP]  1.260939e-01
 iter:  80:2        |ddm|: 1.116274e-04     Tr[DP]  1.260943e-01
 iter:  81:1        |ddm|: 2.603210e-05     Tr[DP]  1.260939e-01
 iter:  81:2        |ddm|: 7.729293e-05     Tr[DP]  1.260943e-01
 iter:  82:1        |ddm|: 1.904066e-05     Tr[DP]  1.260940e-01
 iter:  82:2        |ddm|: 6.510215e-05     Tr[DP]  1.260943e-01
 iter:  83:1        |ddm|: 1.609974e-05     Tr[DP]  1.260940e-01
 iter:  83:2        |ddm|: 5.554321e-05     Tr[DP]  1.260943e-01
 iter:  84:1        |ddm|: 1.372425e-05     Tr[DP]  1.260940e-01
 iter:  84:2        |ddm|: 4.644276e-05     Tr[DP]  1.260942e-01
 iter:  85:1        |ddm|: 1.162662e-05     Tr[DP]  1.260940e-01
 iter:  85:2        |ddm|: 4.179546e-05     Tr[DP]  1.260942e-01
 iter:  86:1        |ddm|: 1.036902e-05     Tr[DP]  1.260941e-01
 iter:  86:2        |ddm|: 3.599802e-05     Tr[DP]  1.260942e-01
 iter:  87:1        |ddm|: 9.049768e-06     Tr[DP]  1.260941e-01
 iter:  87:2        |ddm|: 3.260750e-05     Tr[DP]  1.260942e-01
 iter:  88:1        |ddm|: 8.094705e-06     Tr[DP]  1.260941e-01
 iter:  88:2        |ddm|: 2.823488e-05     Tr[DP]  1.260942e-01
 iter:  89:1        |ddm|: 6.929129e-06     Tr[DP]  1.260941e-01
 iter:  89:2        |ddm|: 2.380522e-05     Tr[DP]  1.260942e-01
 iter:  90:1        |ddm|: 5.859800e-06     Tr[DP]  1.260941e-01
 iter:  90:2        |ddm|: 2.029955e-05     Tr[DP]  1.260942e-01
 iter:  91:1        |ddm|: 5.125604e-06     Tr[DP]  1.260941e-01
 iter:  91:2        |ddm|: 1.800998e-05     Tr[DP]  1.260942e-01
 iter:  92:1        |ddm|: 4.332321e-06     Tr[DP]  1.260941e-01
 iter:  92:2        |ddm|: 1.463467e-05     Tr[DP]  1.260942e-01
 iter:  93:1        |ddm|: 3.566867e-06     Tr[DP]  1.260941e-01
 iter:  93:2        |ddm|: 1.267527e-05     Tr[DP]  1.260942e-01
 iter:  94:1        |ddm|: 3.078372e-06     Tr[DP]  1.260941e-01
 iter:  94:2        |ddm|: 1.107599e-05     Tr[DP]  1.260942e-01
 iter:  95:1        |ddm|: 2.699930e-06     Tr[DP]  1.260941e-01
 iter:  95:2        |ddm|: 9.106206e-06     Tr[DP]  1.260942e-01
 iter:  96:1        |ddm|: 2.322153e-06     Tr[DP]  1.260941e-01
 iter:  96:2        |ddm|: 8.401073e-06     Tr[DP]  1.260942e-01
 iter:  97:1        |ddm|: 2.190854e-06     Tr[DP]  1.260941e-01
 iter:  97:2        |ddm|: 6.899398e-06     Tr[DP]  1.260942e-01
 iter:  98:1        |ddm|: 1.680843e-06     Tr[DP]  1.260941e-01
 iter:  98:2        |ddm|: 5.882494e-06     Tr[DP]  1.260942e-01
 iter:  99:1        |ddm|: 1.919604e-06     Tr[DP]  1.260941e-01
 iter:  99:2        |ddm|: 5.077867e-06     Tr[DP]  1.260942e-01
 iter: 100:1        |ddm|: 1.237159e-06     Tr[DP]  1.260941e-01
 iter: 100:2        |ddm|: 5.336836e-06     Tr[DP]  1.260942e-01
 iter: 101:1        |ddm|: 1.299206e-06     Tr[DP]  1.260941e-01
 iter: 101:2        |ddm|: 4.697093e-06     Tr[DP]  1.260942e-01
 iter: 102:1        |ddm|: 1.160325e-06     Tr[DP]  1.260941e-01
 iter: 102:2        |ddm|: 3.985788e-06     Tr[DP]  1.260942e-01
 iter: 103:1        |ddm|: 9.897997e-07     Tr[DP]  1.260941e-01
 iter: 103:2        |ddm|: 3.367686e-06     Tr[DP]  1.260942e-01
 iter: 104:1        |ddm|: 8.402051e-07     Tr[DP]  1.260941e-01
 iter: 104:2        |ddm|: 2.886624e-06     Tr[DP]  1.260942e-01
 iter: 105:1        |ddm|: 7.431592e-07     Tr[DP]  1.260941e-01
 iter: 105:2        |ddm|: 2.507651e-06     Tr[DP]  1.260942e-01
 iter: 106:1        |ddm|: 6.412228e-07     Tr[DP]  1.260941e-01
 iter: 106:2        |ddm|: 2.120098e-06     Tr[DP]  1.260942e-01
 iter: 107:1        |ddm|: 5.320762e-07     Tr[DP]  1.260941e-01
 iter: 107:2        |ddm|: 1.820366e-06     Tr[DP]  1.260942e-01
 iter: 108:1        |ddm|: 4.495598e-07     Tr[DP]  1.260941e-01
 iter: 108:2        |ddm|: 1.571863e-06     Tr[DP]  1.260942e-01
 iter: 109:1        |ddm|: 3.804957e-07     Tr[DP]  1.260942e-01
 iter: 109:2        |ddm|: 1.354441e-06     Tr[DP]  1.260942e-01
 iter: 110:1        |ddm|: 3.303470e-07     Tr[DP]  1.260942e-01
 iter: 110:2        |ddm|: 1.169793e-06     Tr[DP]  1.260942e-01
 iter: 111:1        |ddm|: 2.775273e-07     Tr[DP]  1.260942e-01
 iter: 111:2        |ddm|: 1.001270e-06     Tr[DP]  1.260942e-01
 iter: 112:1        |ddm|: 2.454363e-07     Tr[DP]  1.260942e-01
 iter: 112:2        |ddm|: 8.806851e-07     Tr[DP]  1.260942e-01
 iter: 113:1        |ddm|: 2.182048e-07     Tr[DP]  1.260942e-01
 iter: 113:2        |ddm|: 7.593502e-07     Tr[DP]  1.260942e-01
                           Freeze-and-Thaw converged!                           

=================== Subsystem 1 at higher mean-field method ====================
  subiter:   1      |ddm|: 4.663463e+00
  subiter:   2      |ddm|: 8.044481e-01
  subiter:   3      |ddm|: 8.979107e-02
  subiter:   4      |ddm|: 7.475563e-02
  subiter:   5      |ddm|: 2.793959e-02
  subiter:   6      |ddm|: 1.302076e-02
  subiter:   7      |ddm|: 5.842158e-03
  subiter:   8      |ddm|: 3.736928e-03
  subiter:   9      |ddm|: 9.979543e-04
  subiter:  10      |ddm|: 1.261332e-04
  subiter:  11      |ddm|: 5.691824e-05
  subiter:  12      |ddm|: 1.255504e-05
  subiter:  13      |ddm|: 1.053440e-05
  subiter:  14      |ddm|: 1.557729e-06
  subiter:  15      |ddm|: 2.121125e-07
  subiter:  16      |ddm|: 1.265657e-07
  subiter:  17      |ddm|: 2.307700e-08
  subiter:  18      |ddm|: 1.907325e-08
  subiter:  19      |ddm|: 3.850728e-08
  subiter:  20      |ddm|: 5.196611e-09


******** <class 'pyscf.scf.hf.RHF'> flags ********
method = RHF
initial guess = minao
damping factor = 0
level shift factor = 0
DIIS = <class 'pyscf.scf.diis.CDIIS'>
DIIS start cycle = 1
DIIS space = 8
SCF tol = 1e-09
SCF gradient tol = None
max. SCF cycles = 100
direct_scf = True
direct_scf_tol = 1e-13
chkfile to save SCF result = /panfs/roc/scratch/graha682/20170717_augccpVTZ_m06_ccsdt_ft_3octa1235ene/tmpRr2kLh
max_memory 4000 MB (current use 2631 MB)
Set gradient conv threshold to 3.16228e-05
init E= -110.901912388615
  HOMO = -0.240422638514984  LUMO = 0.0490162390453251
cycle= 1 E= -110.901912388615  delta_E= 4.26e-13  |g|= 1.23e-09  |ddm|= 1.44e-08
  HOMO = -0.240422638633409  LUMO = 0.0490162390422227
Extra cycle  E= -110.901912388616  delta_E= -5.4e-13  |g|= 1.23e-09  |ddm|= 6.62e-09
converged SCF energy = -110.901912388616


******** <class 'pyscf.dft.rks.RKS'> flags ********
method = RKS
initial guess = atom
damping factor = 0
level shift factor = 0.0
DIIS = <class 'pyscf.scf.diis.CDIIS'>
DIIS start cycle = 1
DIIS space = 8
SCF tol = 1e-08
SCF gradient tol = 1e-08
max. SCF cycles = 1
direct_scf = True
direct_scf_tol = 1e-13
chkfile to save SCF result = /panfs/roc/scratch/graha682/20170717_augccpVTZ_m06_ccsdt_ft_3octa1235ene/tmpDnod3j
max_memory 4000 MB (current use 2629 MB)
XC functionals = m06
small_rho_cutoff = 1e-20
radial grids: Treutler-Ahlrichs (JCP 102, 346 (M4)) radial grids
becke partition: Becke, JCP, 88, 2547 (1988)
pruning grids: <function nwchem_prune at 0x1788ed8>
grids dens level: 4
symmetrized grids: False
atomic radii adjust function: <function treutler_atomic_radii_adjust at 0x1788d70>
init E= -111.62974718872
  HOMO = -0.168594776775334  LUMO = -0.0155434609891313
cycle= 1 E= -111.62974718872  delta_E= -2.84e-13  |g|= 1.46e-09  |ddm|= 1.88e-07
  HOMO = -0.168594776861827  LUMO = -0.0155434610083835
Extra cycle  E= -111.62974718872  delta_E= 3.13e-13  |g|= 1.46e-09  |ddm|= 5.15e-08
converged SCF energy = -111.62974718872
 iter: 114:1        |ddm|: 5.416569e+00     Tr[DP]  1.860547e-01

==================== Doing CCSD Calculation on Subsystem 1 =====================

******** <class 'pyscf.cc.ccsd.CCSD'> flags ********
CCSD nocc = 10, nvir = 174
max_cycle = 50
direct = 0
conv_tol = 1e-07
conv_tol_normt = 1e-05
diis_space = 6
diis_start_cycle = 0
diis_start_energy_diff = 1e+09
max_memory 4000 MB (current use 2630 MB)
Init t2, MP2 energy = -0.488987062464885
cycle = 1  E(CCSD) = -0.490681831948553  dE = -0.490681832  norm(t1,t2) = 0.0918839
cycle = 2  E(CCSD) = -0.503335682955356  dE = -0.012653851  norm(t1,t2) = 0.0282551
cycle = 3  E(CCSD) = -0.503495971965897  dE = -0.000160289011  norm(t1,t2) = 0.0144529
cycle = 4  E(CCSD) = -0.504813151874255  dE = -0.00131717991  norm(t1,t2) = 0.0061271
cycle = 5  E(CCSD) = -0.505249612083098  dE = -0.000436460209  norm(t1,t2) = 0.00345702
cycle = 6  E(CCSD) = -0.505151022162142  dE = 9.8589921e-05  norm(t1,t2) = 0.00058048
cycle = 7  E(CCSD) = -0.505149064029261  dE = 1.95813288e-06  norm(t1,t2) = 0.000220806
cycle = 8  E(CCSD) = -0.505155239442605  dE = -6.17541334e-06  norm(t1,t2) = 6.8173e-05
cycle = 9  E(CCSD) = -0.505152598597236  dE = 2.64084537e-06  norm(t1,t2) = 2.6448e-05
cycle = 10  E(CCSD) = -0.505154006754412  dE = -1.40815718e-06  norm(t1,t2) = 1.18905e-05
cycle = 11  E(CCSD) = -0.505153882073801  dE = 1.24680612e-07  norm(t1,t2) = 3.87902e-06
cycle = 12  E(CCSD) = -0.505153888980893  dE = -6.90709234e-09  norm(t1,t2) = 1.7225e-06
CCSD converged
E(CCSD) = -111.4070662775965  E_corr = -0.5051538889808931
Hartree-Fock Energy:  -110.90191238861560
CCSD Correlation:       -0.50515388898089
CCSD Energy:          -111.40706627759650

=================== Doing CCSD(T) Calculation on Subsystem 1 ===================
CCSD(T) correction = -0.0243363015950029
Hartree-Fock Energy:  -110.90191238861560
CCSD(T) Correlation:       -0.52949019057590
CCSD(T) Energy:          -111.43140257919150

============================== Supermolecular DFT ==============================
  subiter:   1      |ddm|: 3.292481e+01
  subiter:   2      |ddm|: 6.358076e+00
  subiter:   3      |ddm|: 3.388122e+00
  subiter:   4      |ddm|: 7.036821e-01
  subiter:   5      |ddm|: 5.182664e-01
  subiter:   6      |ddm|: 2.214492e-01
  subiter:   7      |ddm|: 1.632530e-01
  subiter:   8      |ddm|: 4.679295e-02
  subiter:   9      |ddm|: 2.093079e-02
  subiter:  10      |ddm|: 1.555719e-02
  subiter:  11      |ddm|: 2.756951e-03
  subiter:  12      |ddm|: 3.824848e-04
  subiter:  13      |ddm|: 6.881245e-04
  subiter:  14      |ddm|: 1.249785e-04
  subiter:  15      |ddm|: 4.301338e-05
  subiter:  16      |ddm|: 1.163199e-05
  subiter:  17      |ddm|: 3.408537e-05
  subiter:  18      |ddm|: 2.952350e-06
  subiter:  19      |ddm|: 3.772714e-06
  subiter:  20      |ddm|: 9.497379e-07
  subiter:  21      |ddm|: 1.083839e-06
  subiter:  22      |ddm|: 2.320345e-07
  subiter:  23      |ddm|: 1.446519e-07
  subiter:  24      |ddm|: 8.756226e-08
  subiter:  25      |ddm|: 8.342461e-08
  subiter:  26      |ddm|: 8.390208e-08
  subiter:  27      |ddm|: 7.456136e-08
  subiter:  28      |ddm|: 8.135786e-08
  subiter:  29      |ddm|: 6.188382e-08
  subiter:  30      |ddm|: 6.948030e-08
  subiter:  31      |ddm|: 5.070501e-08
  subiter:  32      |ddm|: 6.657856e-08
  subiter:  33      |ddm|: 5.901571e-08
  subiter:  34      |ddm|: 6.381509e-08
  subiter:  35      |ddm|: 6.459724e-08
  subiter:  36      |ddm|: 7.380826e-08
  subiter:  37      |ddm|: 7.649609e-08
  subiter:  38      |ddm|: 5.653952e-08
  subiter:  39      |ddm|: 6.615635e-08
  subiter:  40      |ddm|: 7.685738e-08
  subiter:  41      |ddm|: 6.336447e-08
  subiter:  42      |ddm|: 7.362486e-08
  subiter:  43      |ddm|: 5.451956e-08
  subiter:  44      |ddm|: 7.806042e-08
  subiter:  45      |ddm|: 6.737819e-08
  subiter:  46      |ddm|: 7.580068e-08
  subiter:  47      |ddm|: 5.509969e-08
  subiter:  48      |ddm|: 7.486666e-08
  subiter:  49      |ddm|: 6.456480e-08
  subiter:  50      |ddm|: 9.568005e-08
  subiter:  51      |ddm|: 1.152734e-07
  subiter:  52      |ddm|: 7.001118e-08
  subiter:  53      |ddm|: 9.081013e-08
  subiter:  54      |ddm|: 7.687102e-08
  subiter:  55      |ddm|: 1.025436e-07
  subiter:  56      |ddm|: 8.752418e-08
  subiter:  57      |ddm|: 7.980123e-08
  subiter:  58      |ddm|: 7.349423e-08
  subiter:  59      |ddm|: 7.694094e-08
  subiter:  60      |ddm|: 6.952691e-08
  subiter:  61      |ddm|: 7.305952e-08
  subiter:  62      |ddm|: 8.893269e-08
  subiter:  63      |ddm|: 9.565439e-08
  subiter:  64      |ddm|: 8.457154e-08
  subiter:  65      |ddm|: 9.009292e-08
  subiter:  66      |ddm|: 5.468919e-08
  subiter:  67      |ddm|: 1.001745e-07
  subiter:  68      |ddm|: 4.086444e-08
  subiter:  69      |ddm|: 1.001364e-07
  subiter:  70      |ddm|: 1.137933e-07
  subiter:  71      |ddm|: 9.544323e-08
  subiter:  72      |ddm|: 5.644934e-08
  subiter:  73      |ddm|: 1.095139e-07
  subiter:  74      |ddm|: 8.854053e-08
  subiter:  75      |ddm|: 8.679638e-08
  subiter:  76      |ddm|: 1.206966e-07
  subiter:  77      |ddm|: 1.229093e-07
  subiter:  78      |ddm|: 7.594776e-08
  subiter:  79      |ddm|: 6.078601e-08
  subiter:  80      |ddm|: 6.868498e-08
  subiter:  81      |ddm|: 5.663631e-08
  subiter:  82      |ddm|: 8.401640e-08
  subiter:  83      |ddm|: 1.195718e-07
  subiter:  84      |ddm|: 8.016882e-08
  subiter:  85      |ddm|: 7.092768e-08
  subiter:  86      |ddm|: 7.608778e-08
  subiter:  87      |ddm|: 7.971716e-08
  subiter:  88      |ddm|: 8.451837e-08
  subiter:  89      |ddm|: 6.996861e-08
  subiter:  90      |ddm|: 7.631335e-08
  subiter:  91      |ddm|: 5.991049e-08
  subiter:  92      |ddm|: 7.767714e-08
  subiter:  93      |ddm|: 6.894205e-08
  subiter:  94      |ddm|: 7.346458e-08
  subiter:  95      |ddm|: 5.591517e-08
  subiter:  96      |ddm|: 5.714123e-08
  subiter:  97      |ddm|: 5.890905e-08
  subiter:  98      |ddm|: 8.138066e-08
  subiter:  99      |ddm|: 6.960049e-08
  subiter: 100      |ddm|: 7.319696e-08


******** <class 'pyscf.dft.rks.RKS'> flags ********
method = RKS
initial guess = atom
damping factor = 0
level shift factor = 0.0
DIIS = <class 'pyscf.scf.diis.CDIIS'>
DIIS start cycle = 1
DIIS space = 8
SCF tol = 1e-08
SCF gradient tol = 1e-08
max. SCF cycles = 100
direct_scf = True
direct_scf_tol = 1e-13
chkfile to save SCF result = /panfs/roc/scratch/graha682/20170717_augccpVTZ_m06_ccsdt_ft_3octa1235ene/tmpLh5taK
max_memory 4000 MB (current use 2948 MB)
XC functionals = m06
small_rho_cutoff = 1e-20
radial grids: Treutler-Ahlrichs (JCP 102, 346 (M4)) radial grids
becke partition: Becke, JCP, 88, 2547 (1988)
pruning grids: <function nwchem_prune at 0x1788ed8>
grids dens level: 4
symmetrized grids: False
atomic radii adjust function: <function treutler_atomic_radii_adjust at 0x1788d70>
init E= -309.395592848539
  HOMO = -0.222751382032976  LUMO = -0.0787367595878402
cycle= 1 E= -309.395592848539  delta_E= -4.55e-13  |g|= 3e-10  |ddm|= 4.44e-07
  HOMO = -0.222751382033093  LUMO = -0.0787367595878572
Extra cycle  E= -309.395592848539  delta_E= 5.68e-13  |g|= 3e-10  |ddm|= 5.91e-07
converged SCF energy = -309.395592848539
Supermolecular DFT   -309.39559284853863

============================== Embedding Energies ==============================
Subsystem DFT              -111.62974718872003
Interaction                -197.57023262464753
DFT-in-DFT                 -309.19997981336758
Supermolecular DFT         -309.39559284853863
Difference                   -0.19561303517105
Corrected DFT-in-DFT       -309.39559284853863
WF-in-DFT                  -309.00163520383904
Corrected WF-in-DFT        -309.19724823901009
================================================================================
TIMING STATISTICS:
     overlap integrals      0.04s   ( 0.00%)
    initial subsystems      0.20s   ( 0.00%)
           2e matrices   8218.29s   (51.89%)
      tot. embed. of 1   8247.78s   (52.07%)
      tot. embed. of 2      2.90s   ( 0.02%)
       freeze and thaw   8250.72s   (52.09%)
                  ccsd    106.26s   ( 0.67%)
               ccsd(t)     47.63s   ( 0.30%)
  interaction energies   7433.69s   (46.93%)
                 TOTAL  15838.92s
================================================================================

********************************************************************************
*                              END OF CALCULATION                              *
********************************************************************************
