********************************************************************************
*                         FREEZE-AND-THAW CALCULATION                          *
********************************************************************************

================================== Input File ==================================

subsystem
C                  4.34897800   -0.45553500    0.00023000
H                  5.16969100    0.25150300    0.00028400
H                  4.60295000   -1.50848600    0.00030300
C                  3.10140300   -0.05278700    0.00008000
C                  1.90690500    0.33445500   -0.00006300
C                  0.64990000    0.74588600   -0.00020200
H                  0.45037000    1.81620200   -0.00030400
C                 -0.48880800   -0.12324200   -0.00023900
H                 -0.29617300   -1.19252400   -0.00039000
end

subsystem
C                 -1.75745100    0.31681500   -0.00010700
H                 -1.94276100    1.38936700    0.00004900
C                 -2.90788300   -0.54357500   -0.00016900
H                 -2.71111500   -1.61271500   -0.00071500
C                 -4.16586400   -0.10707000    0.00038900
H                 -5.00630900   -0.78663200    0.00031200
H                 -4.38973500    0.95361200    0.00094600
end

embed
 huzinaga
 cycles 300
 conv 1e-6
 method m06
end

basis 3-21g
method ccsd(t)
grid 4
conv 1e-8
grad 1e-8
maxiter 100
================================== End Input ===================================
tot grids = 354048

                      Getting subsystem overlap integrals                       

                          Initial subsystem densities                           
Guessing initial subsystem densities
Initial guess from superpostion of atomic densties.
Guessing initial subsystem densities
Initial guess from superpostion of atomic densties.

=========================== Starting Freeze-and-Thaw ===========================
 iter:   1:1        |ddm|: 3.684925e+00     Tr[DP]  4.217687e-01
 iter:   1:2        |ddm|: 3.035851e+00     Tr[DP]  4.042837e-01
 iter:   2:1        |ddm|: 3.036132e+00     Tr[DP]  3.224007e-01
 iter:   2:2        |ddm|: 9.099795e-01     Tr[DP]  4.005755e-01
 iter:   3:1        |ddm|: 2.341396e+00     Tr[DP]  3.183644e-01
 iter:   3:2        |ddm|: 4.176116e-01     Tr[DP]  3.377292e-01
 iter:   4:1        |ddm|: 7.323715e-01     Tr[DP]  3.167332e-01
 iter:   4:2        |ddm|: 3.161200e-01     Tr[DP]  3.310556e-01
 iter:   5:1        |ddm|: 1.842553e-01     Tr[DP]  3.190516e-01
 iter:   5:2        |ddm|: 1.003783e-01     Tr[DP]  3.259266e-01
 iter:   6:1        |ddm|: 8.452370e-02     Tr[DP]  3.188928e-01
 iter:   6:2        |ddm|: 3.963617e-02     Tr[DP]  3.233228e-01
 iter:   7:1        |ddm|: 1.787755e-02     Tr[DP]  3.195067e-01
 iter:   7:2        |ddm|: 2.473036e-02     Tr[DP]  3.221107e-01
 iter:   8:1        |ddm|: 7.771222e-03     Tr[DP]  3.198932e-01
 iter:   8:2        |ddm|: 1.490133e-02     Tr[DP]  3.212732e-01
 iter:   9:1        |ddm|: 5.913299e-03     Tr[DP]  3.199844e-01
 iter:   9:2        |ddm|: 9.871410e-03     Tr[DP]  3.208130e-01
 iter:  10:1        |ddm|: 2.519765e-03     Tr[DP]  3.203058e-01
 iter:  10:2        |ddm|: 2.824165e-03     Tr[DP]  3.206426e-01
 iter:  11:1        |ddm|: 1.403935e-03     Tr[DP]  3.202760e-01
 iter:  11:2        |ddm|: 2.880490e-03     Tr[DP]  3.205097e-01
 iter:  12:1        |ddm|: 5.412690e-04     Tr[DP]  3.203431e-01
 iter:  12:2        |ddm|: 9.619017e-04     Tr[DP]  3.204452e-01
 iter:  13:1        |ddm|: 2.263243e-04     Tr[DP]  3.203616e-01
 iter:  13:2        |ddm|: 5.414778e-04     Tr[DP]  3.204142e-01
 iter:  14:1        |ddm|: 1.049775e-04     Tr[DP]  3.203743e-01
 iter:  14:2        |ddm|: 2.394738e-04     Tr[DP]  3.204003e-01
 iter:  15:1        |ddm|: 5.573627e-05     Tr[DP]  3.203795e-01
 iter:  15:2        |ddm|: 1.227846e-04     Tr[DP]  3.203918e-01
 iter:  16:1        |ddm|: 3.042271e-05     Tr[DP]  3.203812e-01
 iter:  16:2        |ddm|: 7.241636e-05     Tr[DP]  3.203878e-01
 iter:  17:1        |ddm|: 1.391612e-05     Tr[DP]  3.203832e-01
 iter:  17:2        |ddm|: 2.292167e-05     Tr[DP]  3.203859e-01
 iter:  18:1        |ddm|: 5.035891e-06     Tr[DP]  3.203838e-01
 iter:  18:2        |ddm|: 1.160207e-05     Tr[DP]  3.203850e-01
 iter:  19:1        |ddm|: 5.565716e-06     Tr[DP]  3.203836e-01
 iter:  19:2        |ddm|: 1.230570e-05     Tr[DP]  3.203845e-01
 iter:  20:1        |ddm|: 2.238494e-06     Tr[DP]  3.203841e-01
 iter:  20:2        |ddm|: 2.370790e-06     Tr[DP]  3.203843e-01
 iter:  21:1        |ddm|: 5.429007e-07     Tr[DP]  3.203841e-01
 iter:  21:2        |ddm|: 1.429343e-06     Tr[DP]  3.203842e-01
 iter:  22:1        |ddm|: 4.400922e-07     Tr[DP]  3.203841e-01
 iter:  22:2        |ddm|: 1.176293e-06     Tr[DP]  3.203842e-01
 iter:  23:1        |ddm|: 2.732957e-07     Tr[DP]  3.203841e-01
 iter:  23:2        |ddm|: 5.979993e-07     Tr[DP]  3.203842e-01
                           Freeze-and-Thaw converged!                           

=================== Subsystem 1 at higher mean-field method ====================
  subiter:   1      |ddm|: 1.061451e+00
  subiter:   2      |ddm|: 2.018382e-01
  subiter:   3      |ddm|: 2.523166e-02
  subiter:   4      |ddm|: 1.910934e-02
  subiter:   5      |ddm|: 7.798755e-03
  subiter:   6      |ddm|: 2.593973e-03
  subiter:   7      |ddm|: 1.829820e-03
  subiter:   8      |ddm|: 3.577023e-04
  subiter:   9      |ddm|: 9.074112e-05
  subiter:  10      |ddm|: 4.541116e-05
  subiter:  11      |ddm|: 2.373097e-05
  subiter:  12      |ddm|: 8.471086e-06
  subiter:  13      |ddm|: 2.797836e-06
  subiter:  14      |ddm|: 9.027548e-07
  subiter:  15      |ddm|: 3.465848e-07
  subiter:  16      |ddm|: 8.945743e-08
  subiter:  17      |ddm|: 1.800420e-07
  subiter:  18      |ddm|: 3.545324e-08
  subiter:  19      |ddm|: 9.283944e-09


******** <class 'pyscf.scf.hf.RHF'> flags ********
method = RHF
initial guess = minao
damping factor = 0
level shift factor = 0
DIIS = <class 'pyscf.scf.diis.CDIIS'>
DIIS start cycle = 1
DIIS space = 8
SCF tol = 1e-09
SCF gradient tol = None
max. SCF cycles = 100
direct_scf = True
direct_scf_tol = 1e-13
chkfile to save SCF result = /panfs/roc/scratch/graha682/20170717_321g_m06_ccsdt_ft_5octa1235ene/tmps5nkau
max_memory 4000 MB (current use 221 MB)
Set gradient conv threshold to 3.16228e-05
init E= -187.854740738218
  HOMO = -0.215620652503421  LUMO = 0.163864754445308
cycle= 1 E= -187.854740738217  delta_E= 1.08e-12  |g|= 1.97e-09  |ddm|= 1.03e-08
  HOMO = -0.215620652556838  LUMO = 0.163864754330223
Extra cycle  E= -187.854740738218  delta_E= -7.96e-13  |g|= 1.97e-09  |ddm|= 4.51e-09
converged SCF energy = -187.854740738218


******** <class 'pyscf.dft.rks.RKS'> flags ********
method = RKS
initial guess = atom
damping factor = 0
level shift factor = 0.0
DIIS = <class 'pyscf.scf.diis.CDIIS'>
DIIS start cycle = 1
DIIS space = 8
SCF tol = 1e-08
SCF gradient tol = 1e-08
max. SCF cycles = 1
direct_scf = True
direct_scf_tol = 1e-13
chkfile to save SCF result = /panfs/roc/scratch/graha682/20170717_321g_m06_ccsdt_ft_5octa1235ene/tmpqtxBDf
max_memory 4000 MB (current use 222 MB)
XC functionals = m06
small_rho_cutoff = 1e-20
radial grids: Treutler-Ahlrichs (JCP 102, 346 (M4)) radial grids
becke partition: Becke, JCP, 88, 2547 (1988)
pruning grids: <function nwchem_prune at 0x1749ed8>
grids dens level: 4
symmetrized grids: False
atomic radii adjust function: <function treutler_atomic_radii_adjust at 0x1749d70>
init E= -189.076206333394
  HOMO = -0.14705994003709  LUMO = 0.0337474407486708
cycle= 1 E= -189.076206333395  delta_E= -2.27e-13  |g|= 9.21e-09  |ddm|= 1.21e-07
  HOMO = -0.147059942565658  LUMO = 0.0337474385178826
Extra cycle  E= -189.076206333395  delta_E=    0  |g|= 9.21e-09  |ddm|= 2.87e-08
converged SCF energy = -189.076206333395
 iter:  24:1        |ddm|: 1.252753e+00     Tr[DP]  3.624676e-01

==================== Doing CCSD Calculation on Subsystem 1 =====================

******** <class 'pyscf.cc.ccsd.CCSD'> flags ********
CCSD nocc = 17, nvir = 36
max_cycle = 50
direct = 0
conv_tol = 1e-07
conv_tol_normt = 1e-05
diis_space = 6
diis_start_cycle = 0
diis_start_energy_diff = 1e+09
max_memory 4000 MB (current use 210 MB)
Init t2, MP2 energy = -0.41239900788386
cycle = 1  E(CCSD) = -0.429063544942771  dE = -0.429063545  norm(t1,t2) = 0.123149
cycle = 2  E(CCSD) = -0.445186801489457  dE = -0.0161232565  norm(t1,t2) = 0.0474341
cycle = 3  E(CCSD) = -0.448409092047888  dE = -0.00322229056  norm(t1,t2) = 0.0272448
cycle = 4  E(CCSD) = -0.451767231991635  dE = -0.00335813994  norm(t1,t2) = 0.0146739
cycle = 5  E(CCSD) = -0.453308080322725  dE = -0.00154084833  norm(t1,t2) = 0.00830813
cycle = 6  E(CCSD) = -0.453036054262483  dE = 0.00027202606  norm(t1,t2) = 0.00212416
cycle = 7  E(CCSD) = -0.453037767775533  dE = -1.71351305e-06  norm(t1,t2) = 0.000694219
cycle = 8  E(CCSD) = -0.453059289595261  dE = -2.15218197e-05  norm(t1,t2) = 0.000251373
cycle = 9  E(CCSD) = -0.453055568573102  dE = 3.72102216e-06  norm(t1,t2) = 7.69847e-05
cycle = 10  E(CCSD) = -0.453056356770752  dE = -7.8819765e-07  norm(t1,t2) = 3.62277e-05
cycle = 11  E(CCSD) = -0.453055690228609  dE = 6.66542143e-07  norm(t1,t2) = 1.62551e-05
cycle = 12  E(CCSD) = -0.453055904621591  dE = -2.14392982e-07  norm(t1,t2) = 6.04952e-06
cycle = 13  E(CCSD) = -0.453056152954789  dE = -2.48333198e-07  norm(t1,t2) = 2.17247e-06
cycle = 14  E(CCSD) = -0.453056198219001  dE = -4.52642121e-08  norm(t1,t2) = 1.09519e-06
CCSD converged
E(CCSD) = -188.3077969364366  E_corr = -0.4530561982190007
Hartree-Fock Energy:  -187.85474073821757
CCSD Correlation:       -0.45305619821900
CCSD Energy:          -188.30779693643657

=================== Doing CCSD(T) Calculation on Subsystem 1 ===================
CCSD(T) correction = -0.0176508849083945
Hartree-Fock Energy:  -187.85474073821757
CCSD(T) Correlation:       -0.47070708312740
CCSD(T) Energy:          -188.32544782134497

============================== Supermolecular DFT ==============================
  subiter:   1      |ddm|: 2.691483e+00
  subiter:   2      |ddm|: 2.368462e+00
  subiter:   3      |ddm|: 1.417102e+00
  subiter:   4      |ddm|: 1.134497e-01
  subiter:   5      |ddm|: 6.373946e-02
  subiter:   6      |ddm|: 2.820282e-02
  subiter:   7      |ddm|: 1.076492e-02
  subiter:   8      |ddm|: 3.654112e-03
  subiter:   9      |ddm|: 1.423395e-03
  subiter:  10      |ddm|: 6.190916e-04
  subiter:  11      |ddm|: 2.746791e-04
  subiter:  12      |ddm|: 4.498724e-05
  subiter:  13      |ddm|: 2.291110e-05
  subiter:  14      |ddm|: 1.132370e-05
  subiter:  15      |ddm|: 4.628673e-06
  subiter:  16      |ddm|: 3.683816e-06
  subiter:  17      |ddm|: 1.382107e-06
  subiter:  18      |ddm|: 3.409379e-07
  subiter:  19      |ddm|: 2.600277e-07
  subiter:  20      |ddm|: 1.397853e-07
  subiter:  21      |ddm|: 7.256922e-08
  subiter:  22      |ddm|: 1.619781e-08
  subiter:  23      |ddm|: 9.494545e-09


******** <class 'pyscf.dft.rks.RKS'> flags ********
method = RKS
initial guess = atom
damping factor = 0
level shift factor = 0.0
DIIS = <class 'pyscf.scf.diis.CDIIS'>
DIIS start cycle = 1
DIIS space = 8
SCF tol = 1e-08
SCF gradient tol = 1e-08
max. SCF cycles = 100
direct_scf = True
direct_scf_tol = 1e-13
chkfile to save SCF result = /panfs/roc/scratch/graha682/20170717_321g_m06_ccsdt_ft_5octa1235ene/tmpiKgM2I
max_memory 4000 MB (current use 411 MB)
XC functionals = m06
small_rho_cutoff = 1e-20
radial grids: Treutler-Ahlrichs (JCP 102, 346 (M4)) radial grids
becke partition: Becke, JCP, 88, 2547 (1988)
pruning grids: <function nwchem_prune at 0x1749ed8>
grids dens level: 4
symmetrized grids: False
atomic radii adjust function: <function treutler_atomic_radii_adjust at 0x1749d70>
init E= -307.680131276586
  HOMO = -0.216346121775581  LUMO = -0.0686155249962505
cycle= 1 E= -307.680131276587  delta_E= -1.59e-12  |g|= 1.18e-08  |ddm|= 2.04e-08
  HOMO = -0.216346121247562  LUMO = -0.0686155245370513
cycle= 2 E= -307.680131276587  delta_E= 3.41e-13  |g|= 2.48e-08  |ddm|= 4.08e-08
  HOMO = -0.216346121810873  LUMO = -0.0686155249544093
cycle= 3 E= -307.680131276588  delta_E= -9.09e-13  |g|= 1.42e-08  |ddm|= 4.39e-08
  HOMO = -0.216346121594575  LUMO = -0.068615524801303
cycle= 4 E= -307.680131276588  delta_E= -1.14e-13  |g|= 9.23e-10  |ddm|= 1.72e-08
  HOMO = -0.216346121652074  LUMO = -0.0686155248335582
Extra cycle  E= -307.680131276587  delta_E= 6.82e-13  |g|= 9.23e-10  |ddm|= 3.39e-09
converged SCF energy = -307.680131276587
Supermolecular DFT   -307.68013127658719

============================== Embedding Energies ==============================
Subsystem DFT              -189.07620633339462
Interaction                -118.30195789271801
DFT-in-DFT                 -307.37816422611263
Supermolecular DFT         -307.68013127658719
Difference                   -0.30196705047456
Corrected DFT-in-DFT       -307.68013127658719
WF-in-DFT                  -306.62740571406300
Corrected WF-in-DFT        -306.92937276453756
================================================================================
TIMING STATISTICS:
     overlap integrals      0.01s   ( 0.00%)
    initial subsystems      0.11s   ( 0.05%)
           2e matrices     95.94s   (42.79%)
      tot. embed. of 1    105.52s   (47.06%)
      tot. embed. of 2      0.02s   ( 0.01%)
       freeze and thaw    105.56s   (47.08%)
                  ccsd      3.16s   ( 1.41%)
               ccsd(t)      0.80s   ( 0.36%)
  interaction energies    114.20s   (50.93%)
                 TOTAL    224.23s
================================================================================

********************************************************************************
*                              END OF CALCULATION                              *
********************************************************************************
