********************************************************************************
*                         FREEZE-AND-THAW CALCULATION                          *
********************************************************************************

================================== Input File ==================================
subsystem
C          0.57265        1.45610       -0.26891
H          0.84845        2.40898       -0.74939
C         -0.53847        1.41735        0.47079
H         -0.43619        1.39807        1.56810
C          3.89131       -0.54079       -0.22038
H          3.50223       -1.46495        0.25241
H          3.93029       -0.76396       -1.30567
C          2.92022        0.59879        0.02574
H          3.30520        1.52180       -0.45176
H          2.87668        0.82618        1.10863
C          1.51182        0.31589       -0.48245
H          1.11343       -0.59243        0.00800
H          1.57071        0.07605       -1.56325
C         -1.93206        1.36293       -0.06085
H         -1.91298        1.43054       -1.16509
H         -2.50106        2.24837        0.28753
C         -2.68513        0.10838        0.36444
H         -2.68148        0.03412        1.47016
H         -2.13365       -0.78396        0.00970
C         -4.11509        0.06196       -0.14084
H         -4.66176        0.95763        0.21707
H         -4.11791        0.14251       -1.24650
end

subsystem
C          6.25404       -1.41394        0.03683
H          6.33882       -1.63326       -1.04121
H          5.90731       -2.33889        0.52841
H          7.26735       -1.20057        0.41133
C          5.29554       -0.26685        0.28912
H          5.25003       -0.04254        1.37200
H          5.67838        0.65755       -0.18429
C         -4.86909       -1.18901        0.27519
H         -4.31768       -2.07945       -0.08267
H         -4.86156       -1.26568        1.37939
C         -6.29549       -1.22164       -0.23716
H         -6.82894       -2.13383        0.07252
H         -6.87284       -0.35803        0.13473
H         -6.32447       -1.17917       -1.33932
end

embed
 huzfermi
 cycles 3000
 conv 1e-8
 method m06
 wfguess dft
end

basis cc-pVDZ
method cas[2,2]/nevpt2
grid 4
conv 1e-8
grad 1e-8
maxiter 100
================================== End Input ===================================
tot grids = 725328

                      Getting subsystem overlap integrals                       

                          Initial subsystem densities                           
Guessing initial subsystem densities
Initial guess from superpostion of atomic densties.
Guessing initial subsystem densities
Initial guess from superpostion of atomic densties.

=========================== Starting Freeze-and-Thaw ===========================
 iter:   1:1        |ddm|: 5.372435e+00     Tr[DP]  7.042035e-01
 iter:   1:2        |ddm|: 3.780983e+00     Tr[DP]  4.165379e-01
 iter:   2:1        |ddm|: 2.688684e+01     Tr[DP]  9.706862e-01
 iter:   2:2        |ddm|: 1.211485e+01     Tr[DP]  1.048968e+00
 iter:   3:1        |ddm|: 3.069199e+01     Tr[DP]  4.033394e-01
 iter:   3:2        |ddm|: 1.217634e+01     Tr[DP]  5.722588e-01
 iter:   4:1        |ddm|: 1.537383e+01     Tr[DP]  3.260784e-01
 iter:   4:2        |ddm|: 2.095798e+00     Tr[DP]  4.416837e-01
 iter:   5:1        |ddm|: 5.597812e+00     Tr[DP]  6.005167e-01
 iter:   5:2        |ddm|: 9.824613e-01     Tr[DP]  5.245160e-01
 iter:   6:1        |ddm|: 1.600581e+00     Tr[DP]  6.276304e-01
 iter:   6:2        |ddm|: 4.743954e-01     Tr[DP]  5.673131e-01
 iter:   7:1        |ddm|: 1.567628e+00     Tr[DP]  6.236953e-01
 iter:   7:2        |ddm|: 3.136031e-01     Tr[DP]  5.738049e-01
 iter:   8:1        |ddm|: 8.073478e-01     Tr[DP]  6.182816e-01
 iter:   8:2        |ddm|: 1.625158e-01     Tr[DP]  5.798871e-01
 iter:   9:1        |ddm|: 6.309515e-01     Tr[DP]  6.029602e-01
 iter:   9:2        |ddm|: 1.665814e-01     Tr[DP]  5.779100e-01
 iter:  10:1        |ddm|: 3.380859e-01     Tr[DP]  5.913647e-01
 iter:  10:2        |ddm|: 9.821029e-02     Tr[DP]  5.783650e-01
 iter:  11:1        |ddm|: 3.664213e-01     Tr[DP]  5.799455e-01
 iter:  11:2        |ddm|: 1.784397e-01     Tr[DP]  5.715453e-01
 iter:  12:1        |ddm|: 1.895027e-01     Tr[DP]  5.940851e-01
 iter:  12:2        |ddm|: 6.949035e-02     Tr[DP]  5.830843e-01
 iter:  13:1        |ddm|: 1.030549e-01     Tr[DP]  5.877190e-01
 iter:  13:2        |ddm|: 5.041842e-02     Tr[DP]  5.832167e-01
 iter:  14:1        |ddm|: 4.735482e-02     Tr[DP]  5.826759e-01
 iter:  14:2        |ddm|: 2.577887e-02     Tr[DP]  5.826485e-01
 iter:  15:1        |ddm|: 2.817148e-02     Tr[DP]  5.826299e-01
 iter:  15:2        |ddm|: 1.740307e-02     Tr[DP]  5.822476e-01
 iter:  16:1        |ddm|: 2.259597e-02     Tr[DP]  5.821750e-01
 iter:  16:2        |ddm|: 1.786487e-02     Tr[DP]  5.819093e-01
 iter:  17:1        |ddm|: 2.330394e-02     Tr[DP]  5.815178e-01
 iter:  17:2        |ddm|: 1.857660e-02     Tr[DP]  5.814205e-01
 iter:  18:1        |ddm|: 2.187071e-02     Tr[DP]  5.813925e-01
 iter:  18:2        |ddm|: 1.903795e-02     Tr[DP]  5.813248e-01
 iter:  19:1        |ddm|: 2.219475e-02     Tr[DP]  5.812131e-01
 iter:  19:2        |ddm|: 1.912122e-02     Tr[DP]  5.811744e-01
 iter:  20:1        |ddm|: 2.223840e-02     Tr[DP]  5.812024e-01
 iter:  20:2        |ddm|: 1.917426e-02     Tr[DP]  5.812580e-01
 iter:  21:1        |ddm|: 2.338984e-02     Tr[DP]  5.808323e-01
 iter:  21:2        |ddm|: 2.019660e-02     Tr[DP]  5.808403e-01
 iter:  22:1        |ddm|: 2.450129e-02     Tr[DP]  5.803745e-01
 iter:  22:2        |ddm|: 2.121014e-02     Tr[DP]  5.803433e-01
 iter:  23:1        |ddm|: 2.369953e-02     Tr[DP]  5.802021e-01
 iter:  23:2        |ddm|: 2.045408e-02     Tr[DP]  5.801795e-01
 iter:  24:1        |ddm|: 2.427805e-02     Tr[DP]  5.799316e-01
 iter:  24:2        |ddm|: 2.093785e-02     Tr[DP]  5.798967e-01
 iter:  25:1        |ddm|: 2.396971e-02     Tr[DP]  5.801479e-01
 iter:  25:2        |ddm|: 2.065613e-02     Tr[DP]  5.801717e-01
 iter:  26:1        |ddm|: 2.638183e-02     Tr[DP]  5.795215e-01
 iter:  26:2        |ddm|: 2.264294e-02     Tr[DP]  5.794817e-01
 iter:  27:1        |ddm|: 2.480316e-02     Tr[DP]  5.792871e-01
 iter:  27:2        |ddm|: 2.137037e-02     Tr[DP]  5.792668e-01
 iter:  28:1        |ddm|: 2.456797e-02     Tr[DP]  5.792274e-01
 iter:  28:2        |ddm|: 2.120286e-02     Tr[DP]  5.792270e-01
 iter:  29:1        |ddm|: 2.519184e-02     Tr[DP]  5.790177e-01
 iter:  29:2        |ddm|: 2.165598e-02     Tr[DP]  5.790115e-01
 iter:  30:1        |ddm|: 2.536654e-02     Tr[DP]  5.788307e-01
 iter:  30:2        |ddm|: 2.179774e-02     Tr[DP]  5.788244e-01
 iter:  31:1        |ddm|: 2.594915e-02     Tr[DP]  5.785354e-01
 iter:  31:2        |ddm|: 2.222177e-02     Tr[DP]  5.785205e-01
 iter:  32:1        |ddm|: 2.564746e-02     Tr[DP]  5.783601e-01
 iter:  32:2        |ddm|: 2.205526e-02     Tr[DP]  5.783524e-01
 iter:  33:1        |ddm|: 2.560222e-02     Tr[DP]  5.782674e-01
 iter:  33:2        |ddm|: 2.210028e-02     Tr[DP]  5.782687e-01
 iter:  34:1        |ddm|: 3.289098e-02     Tr[DP]  5.772194e-01
 iter:  34:2        |ddm|: 2.762263e-02     Tr[DP]  5.771405e-01
 iter:  35:1        |ddm|: 2.520539e-02     Tr[DP]  5.770837e-01
 iter:  35:2        |ddm|: 2.200476e-02     Tr[DP]  5.770538e-01
 iter:  36:1        |ddm|: 2.661249e-02     Tr[DP]  5.767382e-01
 iter:  36:2        |ddm|: 2.278582e-02     Tr[DP]  5.767066e-01
 iter:  37:1        |ddm|: 2.576046e-02     Tr[DP]  5.766156e-01
 iter:  37:2        |ddm|: 2.217691e-02     Tr[DP]  5.766016e-01
 iter:  38:1        |ddm|: 2.643936e-02     Tr[DP]  5.763533e-01
 iter:  38:2        |ddm|: 2.256466e-02     Tr[DP]  5.763323e-01
 iter:  39:1        |ddm|: 2.743295e-02     Tr[DP]  5.758767e-01
 iter:  39:2        |ddm|: 2.338503e-02     Tr[DP]  5.758388e-01
 iter:  40:1        |ddm|: 2.882455e-02     Tr[DP]  5.766191e-01
 iter:  40:2        |ddm|: 2.619132e-02     Tr[DP]  5.766820e-01
 iter:  41:1        |ddm|: 3.191889e-02     Tr[DP]  5.759497e-01
 iter:  41:2        |ddm|: 2.574550e-02     Tr[DP]  5.759110e-01
 iter:  42:1        |ddm|: 2.641501e-02     Tr[DP]  5.757753e-01
 iter:  42:2        |ddm|: 2.290841e-02     Tr[DP]  5.757456e-01
 iter:  43:1        |ddm|: 2.636133e-02     Tr[DP]  5.758058e-01
 iter:  43:2        |ddm|: 2.296975e-02     Tr[DP]  5.758089e-01
 iter:  44:1        |ddm|: 3.265419e-02     Tr[DP]  5.750023e-01
 iter:  44:2        |ddm|: 2.677320e-02     Tr[DP]  5.749279e-01
 iter:  45:1        |ddm|: 2.642834e-02     Tr[DP]  5.747196e-01
 iter:  45:2        |ddm|: 2.269661e-02     Tr[DP]  5.746821e-01
 iter:  46:1        |ddm|: 2.836025e-02     Tr[DP]  5.742575e-01
 iter:  46:2        |ddm|: 2.360222e-02     Tr[DP]  5.742111e-01
 iter:  47:1        |ddm|: 2.437636e-02     Tr[DP]  5.741615e-01
 iter:  47:2        |ddm|: 2.127194e-02     Tr[DP]  5.741504e-01
 iter:  48:1        |ddm|: 2.715356e-02     Tr[DP]  5.737548e-01
 iter:  48:2        |ddm|: 2.259766e-02     Tr[DP]  5.737495e-01
 iter:  49:1        |ddm|: 7.743653e-02     Tr[DP]  5.712024e-01
 iter:  49:2        |ddm|: 6.303344e-02     Tr[DP]  5.710415e-01
 iter:  50:1        |ddm|: 3.697358e-02     Tr[DP]  5.722769e-01
 iter:  50:2        |ddm|: 2.668071e-02     Tr[DP]  5.722812e-01
 iter:  51:1        |ddm|: 2.072551e-02     Tr[DP]  5.724033e-01
 iter:  51:2        |ddm|: 1.798975e-02     Tr[DP]  5.724063e-01
 iter:  52:1        |ddm|: 2.135193e-02     Tr[DP]  5.724853e-01
 iter:  52:2        |ddm|: 1.873203e-02     Tr[DP]  5.724771e-01
 iter:  53:1        |ddm|: 2.581886e-02     Tr[DP]  5.721132e-01
 iter:  53:2        |ddm|: 2.055298e-02     Tr[DP]  5.720615e-01
 iter:  54:1        |ddm|: 1.986211e-02     Tr[DP]  5.720606e-01
 iter:  54:2        |ddm|: 1.748869e-02     Tr[DP]  5.720444e-01
 iter:  55:1        |ddm|: 2.034721e-02     Tr[DP]  5.720942e-01
 iter:  55:2        |ddm|: 1.799167e-02     Tr[DP]  5.720771e-01
 iter:  56:1        |ddm|: 2.531249e-02     Tr[DP]  5.717466e-01
 iter:  56:2        |ddm|: 2.003394e-02     Tr[DP]  5.717037e-01
 iter:  57:1        |ddm|: 1.988812e-02     Tr[DP]  5.716110e-01
 iter:  57:2        |ddm|: 1.702596e-02     Tr[DP]  5.715830e-01
 iter:  58:1        |ddm|: 2.034953e-02     Tr[DP]  5.714453e-01
 iter:  58:2        |ddm|: 1.702807e-02     Tr[DP]  5.714185e-01
 iter:  59:1        |ddm|: 2.147420e-02     Tr[DP]  5.711914e-01
 iter:  59:2        |ddm|: 1.748250e-02     Tr[DP]  5.711614e-01
 iter:  60:1        |ddm|: 1.822017e-02     Tr[DP]  5.710647e-01
 iter:  60:2        |ddm|: 1.551209e-02     Tr[DP]  5.710429e-01
 iter:  61:1        |ddm|: 2.483663e-02     Tr[DP]  5.706632e-01
 iter:  61:2        |ddm|: 1.953476e-02     Tr[DP]  5.706231e-01
 iter:  62:1        |ddm|: 1.483675e-02     Tr[DP]  5.707388e-01
 iter:  62:2        |ddm|: 1.339913e-02     Tr[DP]  5.707305e-01
 iter:  63:1        |ddm|: 1.620974e-02     Tr[DP]  5.707168e-01
 iter:  63:2        |ddm|: 1.397995e-02     Tr[DP]  5.707012e-01
 iter:  64:1        |ddm|: 1.623637e-02     Tr[DP]  5.707170e-01
 iter:  64:2        |ddm|: 1.429840e-02     Tr[DP]  5.707016e-01
 iter:  65:1        |ddm|: 1.703904e-02     Tr[DP]  5.706771e-01
 iter:  65:2        |ddm|: 1.454443e-02     Tr[DP]  5.706565e-01
 iter:  66:1        |ddm|: 2.155545e-02     Tr[DP]  5.704272e-01
 iter:  66:2        |ddm|: 1.672045e-02     Tr[DP]  5.703900e-01
 iter:  67:1        |ddm|: 1.476873e-02     Tr[DP]  5.703661e-01
 iter:  67:2        |ddm|: 1.289082e-02     Tr[DP]  5.703438e-01
 iter:  68:1        |ddm|: 1.520216e-02     Tr[DP]  5.703024e-01
 iter:  68:2        |ddm|: 1.293687e-02     Tr[DP]  5.702802e-01
 iter:  69:1        |ddm|: 1.447867e-02     Tr[DP]  5.703063e-01
 iter:  69:2        |ddm|: 1.292107e-02     Tr[DP]  5.702910e-01
 iter:  70:1        |ddm|: 1.609793e-02     Tr[DP]  5.702287e-01
 iter:  70:2        |ddm|: 1.333699e-02     Tr[DP]  5.702056e-01
 iter:  71:1        |ddm|: 1.515191e-02     Tr[DP]  5.702898e-01
 iter:  71:2        |ddm|: 1.411809e-02     Tr[DP]  5.702751e-01
 iter:  72:1        |ddm|: 1.680773e-02     Tr[DP]  5.702536e-01
 iter:  72:2        |ddm|: 1.408880e-02     Tr[DP]  5.702302e-01
 iter:  73:1        |ddm|: 1.644837e-02     Tr[DP]  5.702094e-01
 iter:  73:2        |ddm|: 1.397174e-02     Tr[DP]  5.701850e-01
 iter:  74:1        |ddm|: 2.431923e-02     Tr[DP]  5.699464e-01
 iter:  74:2        |ddm|: 1.849229e-02     Tr[DP]  5.699045e-01
 iter:  75:1        |ddm|: 1.333785e-02     Tr[DP]  5.698780e-01
 iter:  75:2        |ddm|: 1.156122e-02     Tr[DP]  5.698558e-01
 iter:  76:1        |ddm|: 1.749478e-02     Tr[DP]  5.697273e-01
 iter:  76:2        |ddm|: 1.393358e-02     Tr[DP]  5.697027e-01
 iter:  77:1        |ddm|: 2.759742e-02     Tr[DP]  5.694199e-01
 iter:  77:2        |ddm|: 2.212181e-02     Tr[DP]  5.693915e-01
 iter:  78:1        |ddm|: 1.497943e-02     Tr[DP]  5.692815e-01
 iter:  78:2        |ddm|: 1.225967e-02     Tr[DP]  5.692670e-01
 iter:  79:1        |ddm|: 8.162308e-03     Tr[DP]  5.693045e-01
 iter:  79:2        |ddm|: 5.882278e-03     Tr[DP]  5.693033e-01
 iter:  80:1        |ddm|: 8.765045e-03     Tr[DP]  5.693749e-01
 iter:  80:2        |ddm|: 8.038784e-03     Tr[DP]  5.693733e-01
 iter:  81:1        |ddm|: 1.005018e-02     Tr[DP]  5.694421e-01
 iter:  81:2        |ddm|: 9.368802e-03     Tr[DP]  5.694341e-01
 iter:  82:1        |ddm|: 1.232699e-02     Tr[DP]  5.693839e-01
 iter:  82:2        |ddm|: 9.109384e-03     Tr[DP]  5.693672e-01
 iter:  83:1        |ddm|: 8.755024e-03     Tr[DP]  5.693695e-01
 iter:  83:2        |ddm|: 7.647747e-03     Tr[DP]  5.693564e-01
 iter:  84:1        |ddm|: 8.793306e-03     Tr[DP]  5.693789e-01
 iter:  84:2        |ddm|: 7.937137e-03     Tr[DP]  5.693659e-01
 iter:  85:1        |ddm|: 9.491586e-03     Tr[DP]  5.693702e-01
 iter:  85:2        |ddm|: 8.071263e-03     Tr[DP]  5.693562e-01
 iter:  86:1        |ddm|: 9.637192e-03     Tr[DP]  5.693501e-01
 iter:  86:2        |ddm|: 8.095530e-03     Tr[DP]  5.693346e-01
 iter:  87:1        |ddm|: 9.104114e-03     Tr[DP]  5.693454e-01
 iter:  87:2        |ddm|: 8.016757e-03     Tr[DP]  5.693333e-01
 iter:  88:1        |ddm|: 9.607922e-03     Tr[DP]  5.693280e-01
 iter:  88:2        |ddm|: 8.143778e-03     Tr[DP]  5.693107e-01
 iter:  89:1        |ddm|: 9.703755e-03     Tr[DP]  5.693031e-01
 iter:  89:2        |ddm|: 8.116649e-03     Tr[DP]  5.692893e-01
 iter:  90:1        |ddm|: 9.559190e-03     Tr[DP]  5.692792e-01
 iter:  90:2        |ddm|: 7.941076e-03     Tr[DP]  5.692621e-01
 iter:  91:1        |ddm|: 9.134488e-03     Tr[DP]  5.692467e-01
 iter:  91:2        |ddm|: 7.635013e-03     Tr[DP]  5.692388e-01
 iter:  92:1        |ddm|: 1.021043e-02     Tr[DP]  5.692171e-01
 iter:  92:2        |ddm|: 8.052603e-03     Tr[DP]  5.692050e-01
 iter:  93:1        |ddm|: 1.122148e-02     Tr[DP]  5.692524e-01
 iter:  93:2        |ddm|: 1.007726e-02     Tr[DP]  5.692394e-01
 iter:  94:1        |ddm|: 2.630417e-02     Tr[DP]  5.691007e-01
 iter:  94:2        |ddm|: 1.823276e-02     Tr[DP]  5.690914e-01
 iter:  95:1        |ddm|: 9.935013e-03     Tr[DP]  5.690595e-01
 iter:  95:2        |ddm|: 7.845592e-03     Tr[DP]  5.690548e-01
 iter:  96:1        |ddm|: 5.470935e-03     Tr[DP]  5.690617e-01
 iter:  96:2        |ddm|: 4.332368e-03     Tr[DP]  5.690588e-01
 iter:  97:1        |ddm|: 5.161251e-03     Tr[DP]  5.690603e-01
 iter:  97:2        |ddm|: 4.443543e-03     Tr[DP]  5.690550e-01
 iter:  98:1        |ddm|: 6.094469e-03     Tr[DP]  5.690451e-01
 iter:  98:2        |ddm|: 4.923080e-03     Tr[DP]  5.690392e-01
 iter:  99:1        |ddm|: 5.666336e-03     Tr[DP]  5.690377e-01
 iter:  99:2        |ddm|: 4.812520e-03     Tr[DP]  5.690281e-01
 iter: 100:1        |ddm|: 5.653119e-03     Tr[DP]  5.690098e-01
 iter: 100:2        |ddm|: 4.725745e-03     Tr[DP]  5.690029e-01
 iter: 101:1        |ddm|: 5.840064e-03     Tr[DP]  5.689984e-01
 iter: 101:2        |ddm|: 4.656556e-03     Tr[DP]  5.689969e-01
 iter: 102:1        |ddm|: 3.751666e-03     Tr[DP]  5.690041e-01
 iter: 102:2        |ddm|: 3.343555e-03     Tr[DP]  5.689969e-01
 iter: 103:1        |ddm|: 4.625834e-03     Tr[DP]  5.689940e-01
 iter: 103:2        |ddm|: 3.767236e-03     Tr[DP]  5.689882e-01
 iter: 104:1        |ddm|: 3.859027e-03     Tr[DP]  5.689907e-01
 iter: 104:2        |ddm|: 3.318097e-03     Tr[DP]  5.689848e-01
 iter: 105:1        |ddm|: 4.165174e-03     Tr[DP]  5.689835e-01
 iter: 105:2        |ddm|: 3.427747e-03     Tr[DP]  5.689780e-01
 iter: 106:1        |ddm|: 3.655703e-03     Tr[DP]  5.689793e-01
 iter: 106:2        |ddm|: 3.120950e-03     Tr[DP]  5.689747e-01
 iter: 107:1        |ddm|: 4.027809e-03     Tr[DP]  5.689737e-01
 iter: 107:2        |ddm|: 3.266986e-03     Tr[DP]  5.689688e-01
 iter: 108:1        |ddm|: 3.312790e-03     Tr[DP]  5.689725e-01
 iter: 108:2        |ddm|: 2.922505e-03     Tr[DP]  5.689680e-01
 iter: 109:1        |ddm|: 3.691757e-03     Tr[DP]  5.689685e-01
 iter: 109:2        |ddm|: 3.035128e-03     Tr[DP]  5.689637e-01
 iter: 110:1        |ddm|: 3.743543e-03     Tr[DP]  5.689737e-01
 iter: 110:2        |ddm|: 3.501958e-03     Tr[DP]  5.689686e-01
 iter: 111:1        |ddm|: 4.504574e-03     Tr[DP]  5.689683e-01
 iter: 111:2        |ddm|: 3.426840e-03     Tr[DP]  5.689627e-01
 iter: 112:1        |ddm|: 3.958336e-03     Tr[DP]  5.689624e-01
 iter: 112:2        |ddm|: 3.179985e-03     Tr[DP]  5.689576e-01
 iter: 113:1        |ddm|: 3.172591e-03     Tr[DP]  5.689618e-01
 iter: 113:2        |ddm|: 2.868851e-03     Tr[DP]  5.689570e-01
 iter: 114:1        |ddm|: 4.831670e-03     Tr[DP]  5.689536e-01
 iter: 114:2        |ddm|: 3.585188e-03     Tr[DP]  5.689492e-01
 iter: 115:1        |ddm|: 3.199824e-03     Tr[DP]  5.689492e-01
 iter: 115:2        |ddm|: 2.661971e-03     Tr[DP]  5.689457e-01
 iter: 116:1        |ddm|: 2.860080e-03     Tr[DP]  5.689470e-01
 iter: 116:2        |ddm|: 2.420727e-03     Tr[DP]  5.689435e-01
 iter: 117:1        |ddm|: 2.649430e-03     Tr[DP]  5.689463e-01
 iter: 117:2        |ddm|: 2.357099e-03     Tr[DP]  5.689425e-01
 iter: 118:1        |ddm|: 2.858443e-03     Tr[DP]  5.689448e-01
 iter: 118:2        |ddm|: 2.430595e-03     Tr[DP]  5.689409e-01
 iter: 119:1        |ddm|: 3.006014e-03     Tr[DP]  5.689423e-01
 iter: 119:2        |ddm|: 2.462427e-03     Tr[DP]  5.689384e-01
 iter: 120:1        |ddm|: 2.734097e-03     Tr[DP]  5.689403e-01
 iter: 120:2        |ddm|: 2.313634e-03     Tr[DP]  5.689367e-01
 iter: 121:1        |ddm|: 3.300127e-03     Tr[DP]  5.689368e-01
 iter: 121:2        |ddm|: 2.575072e-03     Tr[DP]  5.689336e-01
 iter: 122:1        |ddm|: 3.043756e-03     Tr[DP]  5.689333e-01
 iter: 122:2        |ddm|: 2.417476e-03     Tr[DP]  5.689306e-01
 iter: 123:1        |ddm|: 6.653130e-03     Tr[DP]  5.689251e-01
 iter: 123:2        |ddm|: 5.179828e-03     Tr[DP]  5.689239e-01
 iter: 124:1        |ddm|: 3.763130e-03     Tr[DP]  5.689271e-01
 iter: 124:2        |ddm|: 2.446351e-03     Tr[DP]  5.689256e-01
 iter: 125:1        |ddm|: 2.020485e-03     Tr[DP]  5.689294e-01
 iter: 125:2        |ddm|: 1.872608e-03     Tr[DP]  5.689268e-01
 iter: 126:1        |ddm|: 2.139882e-03     Tr[DP]  5.689302e-01
 iter: 126:2        |ddm|: 1.907468e-03     Tr[DP]  5.689269e-01
 iter: 127:1        |ddm|: 2.381407e-03     Tr[DP]  5.689292e-01
 iter: 127:2        |ddm|: 1.874677e-03     Tr[DP]  5.689261e-01
 iter: 128:1        |ddm|: 2.827763e-03     Tr[DP]  5.689269e-01
 iter: 128:2        |ddm|: 2.159423e-03     Tr[DP]  5.689244e-01
 iter: 129:1        |ddm|: 1.806063e-03     Tr[DP]  5.689257e-01
 iter: 129:2        |ddm|: 1.530361e-03     Tr[DP]  5.689235e-01
 iter: 130:1        |ddm|: 1.944787e-03     Tr[DP]  5.689246e-01
 iter: 130:2        |ddm|: 1.582496e-03     Tr[DP]  5.689226e-01
 iter: 131:1        |ddm|: 1.493142e-03     Tr[DP]  5.689240e-01
 iter: 131:2        |ddm|: 1.297108e-03     Tr[DP]  5.689220e-01
 iter: 132:1        |ddm|: 1.529476e-03     Tr[DP]  5.689240e-01
 iter: 132:2        |ddm|: 1.437368e-03     Tr[DP]  5.689218e-01
 iter: 133:1        |ddm|: 1.941970e-03     Tr[DP]  5.689245e-01
 iter: 133:2        |ddm|: 1.812460e-03     Tr[DP]  5.689217e-01
 iter: 134:1        |ddm|: 3.240179e-03     Tr[DP]  5.689233e-01
 iter: 134:2        |ddm|: 2.360912e-03     Tr[DP]  5.689210e-01
 iter: 135:1        |ddm|: 1.405717e-03     Tr[DP]  5.689224e-01
 iter: 135:2        |ddm|: 1.258131e-03     Tr[DP]  5.689204e-01
 iter: 136:1        |ddm|: 1.712028e-03     Tr[DP]  5.689220e-01
 iter: 136:2        |ddm|: 1.378899e-03     Tr[DP]  5.689200e-01
 iter: 137:1        |ddm|: 1.393134e-03     Tr[DP]  5.689215e-01
 iter: 137:2        |ddm|: 1.218270e-03     Tr[DP]  5.689195e-01
 iter: 138:1        |ddm|: 1.954058e-03     Tr[DP]  5.689210e-01
 iter: 138:2        |ddm|: 1.499958e-03     Tr[DP]  5.689193e-01
 iter: 139:1        |ddm|: 1.367997e-03     Tr[DP]  5.689204e-01
 iter: 139:2        |ddm|: 1.135836e-03     Tr[DP]  5.689189e-01
 iter: 140:1        |ddm|: 1.210820e-03     Tr[DP]  5.689202e-01
 iter: 140:2        |ddm|: 1.123240e-03     Tr[DP]  5.689184e-01
 iter: 141:1        |ddm|: 1.327428e-03     Tr[DP]  5.689201e-01
 iter: 141:2        |ddm|: 1.152413e-03     Tr[DP]  5.689181e-01
 iter: 142:1        |ddm|: 1.352757e-03     Tr[DP]  5.689198e-01
 iter: 142:2        |ddm|: 1.206830e-03     Tr[DP]  5.689177e-01
 iter: 143:1        |ddm|: 1.665474e-03     Tr[DP]  5.689195e-01
 iter: 143:2        |ddm|: 1.283080e-03     Tr[DP]  5.689177e-01
 iter: 144:1        |ddm|: 1.931371e-03     Tr[DP]  5.689193e-01
 iter: 144:2        |ddm|: 1.444432e-03     Tr[DP]  5.689179e-01
 iter: 145:1        |ddm|: 1.273561e-03     Tr[DP]  5.689189e-01
 iter: 145:2        |ddm|: 1.051515e-03     Tr[DP]  5.689178e-01
 iter: 146:1        |ddm|: 1.125313e-03     Tr[DP]  5.689188e-01
 iter: 146:2        |ddm|: 9.323082e-04     Tr[DP]  5.689176e-01
 iter: 147:1        |ddm|: 1.534383e-03     Tr[DP]  5.689188e-01
 iter: 147:2        |ddm|: 1.182356e-03     Tr[DP]  5.689180e-01
 iter: 148:1        |ddm|: 7.606757e-04     Tr[DP]  5.689185e-01
 iter: 148:2        |ddm|: 6.427897e-04     Tr[DP]  5.689176e-01
 iter: 149:1        |ddm|: 8.750926e-04     Tr[DP]  5.689183e-01
 iter: 149:2        |ddm|: 8.121759e-04     Tr[DP]  5.689170e-01
 iter: 150:1        |ddm|: 9.414755e-04     Tr[DP]  5.689183e-01
 iter: 150:2        |ddm|: 7.895985e-04     Tr[DP]  5.689169e-01
 iter: 151:1        |ddm|: 9.143225e-04     Tr[DP]  5.689180e-01
 iter: 151:2        |ddm|: 8.277248e-04     Tr[DP]  5.689166e-01
 iter: 152:1        |ddm|: 9.928646e-04     Tr[DP]  5.689179e-01
 iter: 152:2        |ddm|: 8.331304e-04     Tr[DP]  5.689165e-01
 iter: 153:1        |ddm|: 1.324908e-03     Tr[DP]  5.689181e-01
 iter: 153:2        |ddm|: 9.894584e-04     Tr[DP]  5.689169e-01
 iter: 154:1        |ddm|: 1.256463e-03     Tr[DP]  5.689183e-01
 iter: 154:2        |ddm|: 9.800540e-04     Tr[DP]  5.689176e-01
 iter: 155:1        |ddm|: 9.731910e-04     Tr[DP]  5.689185e-01
 iter: 155:2        |ddm|: 7.780556e-04     Tr[DP]  5.689178e-01
 iter: 156:1        |ddm|: 6.120681e-04     Tr[DP]  5.689183e-01
 iter: 156:2        |ddm|: 5.148790e-04     Tr[DP]  5.689176e-01
 iter: 157:1        |ddm|: 5.542035e-04     Tr[DP]  5.689181e-01
 iter: 157:2        |ddm|: 5.010304e-04     Tr[DP]  5.689173e-01
 iter: 158:1        |ddm|: 6.708120e-04     Tr[DP]  5.689179e-01
 iter: 158:2        |ddm|: 6.258311e-04     Tr[DP]  5.689169e-01
 iter: 159:1        |ddm|: 7.619873e-04     Tr[DP]  5.689180e-01
 iter: 159:2        |ddm|: 6.084489e-04     Tr[DP]  5.689170e-01
 iter: 160:1        |ddm|: 7.310224e-04     Tr[DP]  5.689180e-01
 iter: 160:2        |ddm|: 5.927201e-04     Tr[DP]  5.689171e-01
 iter: 161:1        |ddm|: 7.882767e-04     Tr[DP]  5.689182e-01
 iter: 161:2        |ddm|: 6.224118e-04     Tr[DP]  5.689174e-01
 iter: 162:1        |ddm|: 5.934615e-04     Tr[DP]  5.689182e-01
 iter: 162:2        |ddm|: 4.994307e-04     Tr[DP]  5.689174e-01
 iter: 163:1        |ddm|: 6.665239e-04     Tr[DP]  5.689183e-01
 iter: 163:2        |ddm|: 5.346296e-04     Tr[DP]  5.689177e-01
 iter: 164:1        |ddm|: 4.822552e-04     Tr[DP]  5.689182e-01
 iter: 164:2        |ddm|: 4.180177e-04     Tr[DP]  5.689176e-01
 iter: 165:1        |ddm|: 4.853138e-04     Tr[DP]  5.689180e-01
 iter: 165:2        |ddm|: 4.531767e-04     Tr[DP]  5.689172e-01
 iter: 166:1        |ddm|: 6.023070e-04     Tr[DP]  5.689182e-01
 iter: 166:2        |ddm|: 4.703170e-04     Tr[DP]  5.689174e-01
 iter: 167:1        |ddm|: 4.875479e-04     Tr[DP]  5.689180e-01
 iter: 167:2        |ddm|: 4.412707e-04     Tr[DP]  5.689172e-01
 iter: 168:1        |ddm|: 6.993960e-04     Tr[DP]  5.689183e-01
 iter: 168:2        |ddm|: 5.327096e-04     Tr[DP]  5.689177e-01
 iter: 169:1        |ddm|: 4.347535e-04     Tr[DP]  5.689181e-01
 iter: 169:2        |ddm|: 3.929128e-04     Tr[DP]  5.689175e-01
 iter: 170:1        |ddm|: 4.657288e-04     Tr[DP]  5.689180e-01
 iter: 170:2        |ddm|: 4.172467e-04     Tr[DP]  5.689173e-01
 iter: 171:1        |ddm|: 1.054310e-03     Tr[DP]  5.689187e-01
 iter: 171:2        |ddm|: 7.718026e-04     Tr[DP]  5.689183e-01
 iter: 172:1        |ddm|: 3.622191e-04     Tr[DP]  5.689185e-01
 iter: 172:2        |ddm|: 2.971576e-04     Tr[DP]  5.689181e-01
 iter: 173:1        |ddm|: 3.536447e-04     Tr[DP]  5.689185e-01
 iter: 173:2        |ddm|: 3.082848e-04     Tr[DP]  5.689180e-01
 iter: 174:1        |ddm|: 3.614246e-04     Tr[DP]  5.689184e-01
 iter: 174:2        |ddm|: 3.322467e-04     Tr[DP]  5.689178e-01
 iter: 175:1        |ddm|: 4.837538e-04     Tr[DP]  5.689186e-01
 iter: 175:2        |ddm|: 3.685327e-04     Tr[DP]  5.689181e-01
 iter: 176:1        |ddm|: 4.017274e-04     Tr[DP]  5.689186e-01
 iter: 176:2        |ddm|: 3.253915e-04     Tr[DP]  5.689182e-01
 iter: 177:1        |ddm|: 3.237848e-04     Tr[DP]  5.689186e-01
 iter: 177:2        |ddm|: 2.870834e-04     Tr[DP]  5.689181e-01
 iter: 178:1        |ddm|: 4.942175e-04     Tr[DP]  5.689181e-01
 iter: 178:2        |ddm|: 4.437263e-04     Tr[DP]  5.689175e-01
 iter: 179:1        |ddm|: 4.715847e-04     Tr[DP]  5.689182e-01
 iter: 179:2        |ddm|: 3.689817e-04     Tr[DP]  5.689176e-01
 iter: 180:1        |ddm|: 4.576454e-04     Tr[DP]  5.689183e-01
 iter: 180:2        |ddm|: 3.601479e-04     Tr[DP]  5.689177e-01
 iter: 181:1        |ddm|: 5.533000e-04     Tr[DP]  5.689186e-01
 iter: 181:2        |ddm|: 4.157927e-04     Tr[DP]  5.689182e-01
 iter: 182:1        |ddm|: 3.646261e-04     Tr[DP]  5.689187e-01
 iter: 182:2        |ddm|: 3.057958e-04     Tr[DP]  5.689183e-01
 iter: 183:1        |ddm|: 6.857640e-04     Tr[DP]  5.689192e-01
 iter: 183:2        |ddm|: 5.324042e-04     Tr[DP]  5.689190e-01
 iter: 184:1        |ddm|: 2.506909e-04     Tr[DP]  5.689191e-01
 iter: 184:2        |ddm|: 1.860640e-04     Tr[DP]  5.689188e-01
 iter: 185:1        |ddm|: 2.346812e-04     Tr[DP]  5.689191e-01
 iter: 185:2        |ddm|: 1.977807e-04     Tr[DP]  5.689188e-01
 iter: 186:1        |ddm|: 2.288630e-04     Tr[DP]  5.689191e-01
 iter: 186:2        |ddm|: 1.966560e-04     Tr[DP]  5.689188e-01
 iter: 187:1        |ddm|: 2.405400e-04     Tr[DP]  5.689189e-01
 iter: 187:2        |ddm|: 2.245270e-04     Tr[DP]  5.689186e-01
 iter: 188:1        |ddm|: 2.645000e-04     Tr[DP]  5.689189e-01
 iter: 188:2        |ddm|: 2.236353e-04     Tr[DP]  5.689186e-01
 iter: 189:1        |ddm|: 2.657236e-04     Tr[DP]  5.689190e-01
 iter: 189:2        |ddm|: 2.210423e-04     Tr[DP]  5.689186e-01
 iter: 190:1        |ddm|: 2.490031e-04     Tr[DP]  5.689189e-01
 iter: 190:2        |ddm|: 2.197202e-04     Tr[DP]  5.689185e-01
 iter: 191:1        |ddm|: 3.867614e-04     Tr[DP]  5.689192e-01
 iter: 191:2        |ddm|: 2.892975e-04     Tr[DP]  5.689189e-01
 iter: 192:1        |ddm|: 2.960302e-04     Tr[DP]  5.689193e-01
 iter: 192:2        |ddm|: 2.345667e-04     Tr[DP]  5.689191e-01
 iter: 193:1        |ddm|: 2.604518e-04     Tr[DP]  5.689195e-01
 iter: 193:2        |ddm|: 2.062738e-04     Tr[DP]  5.689193e-01
 iter: 194:1        |ddm|: 1.721607e-04     Tr[DP]  5.689195e-01
 iter: 194:2        |ddm|: 1.440182e-04     Tr[DP]  5.689193e-01
 iter: 195:1        |ddm|: 2.389695e-04     Tr[DP]  5.689197e-01
 iter: 195:2        |ddm|: 1.923781e-04     Tr[DP]  5.689195e-01
 iter: 196:1        |ddm|: 2.637623e-04     Tr[DP]  5.689194e-01
 iter: 196:2        |ddm|: 2.302351e-04     Tr[DP]  5.689191e-01
 iter: 197:1        |ddm|: 1.998016e-04     Tr[DP]  5.689194e-01
 iter: 197:2        |ddm|: 1.607876e-04     Tr[DP]  5.689191e-01
 iter: 198:1        |ddm|: 2.303205e-04     Tr[DP]  5.689195e-01
 iter: 198:2        |ddm|: 1.761316e-04     Tr[DP]  5.689193e-01
 iter: 199:1        |ddm|: 1.643003e-04     Tr[DP]  5.689195e-01
 iter: 199:2        |ddm|: 1.398575e-04     Tr[DP]  5.689193e-01
 iter: 200:1        |ddm|: 1.623910e-04     Tr[DP]  5.689195e-01
 iter: 200:2        |ddm|: 1.362541e-04     Tr[DP]  5.689193e-01
 iter: 201:1        |ddm|: 1.741455e-04     Tr[DP]  5.689196e-01
 iter: 201:2        |ddm|: 1.405828e-04     Tr[DP]  5.689194e-01
 iter: 202:1        |ddm|: 1.757496e-04     Tr[DP]  5.689197e-01
 iter: 202:2        |ddm|: 1.403731e-04     Tr[DP]  5.689196e-01
 iter: 203:1        |ddm|: 1.239792e-04     Tr[DP]  5.689196e-01
 iter: 203:2        |ddm|: 1.134576e-04     Tr[DP]  5.689194e-01
 iter: 204:1        |ddm|: 1.646962e-04     Tr[DP]  5.689197e-01
 iter: 204:2        |ddm|: 1.287080e-04     Tr[DP]  5.689196e-01
 iter: 205:1        |ddm|: 1.374589e-04     Tr[DP]  5.689198e-01
 iter: 205:2        |ddm|: 1.135960e-04     Tr[DP]  5.689196e-01
 iter: 206:1        |ddm|: 1.211503e-04     Tr[DP]  5.689198e-01
 iter: 206:2        |ddm|: 1.031093e-04     Tr[DP]  5.689196e-01
 iter: 207:1        |ddm|: 1.319663e-04     Tr[DP]  5.689198e-01
 iter: 207:2        |ddm|: 1.070062e-04     Tr[DP]  5.689197e-01
 iter: 208:1        |ddm|: 1.045502e-04     Tr[DP]  5.689198e-01
 iter: 208:2        |ddm|: 9.529415e-05     Tr[DP]  5.689196e-01
 iter: 209:1        |ddm|: 1.146945e-04     Tr[DP]  5.689198e-01
 iter: 209:2        |ddm|: 9.927195e-05     Tr[DP]  5.689196e-01
 iter: 210:1        |ddm|: 1.162518e-04     Tr[DP]  5.689198e-01
 iter: 210:2        |ddm|: 1.008950e-04     Tr[DP]  5.689196e-01
 iter: 211:1        |ddm|: 1.301635e-04     Tr[DP]  5.689198e-01
 iter: 211:2        |ddm|: 1.045420e-04     Tr[DP]  5.689197e-01
 iter: 212:1        |ddm|: 1.095776e-04     Tr[DP]  5.689198e-01
 iter: 212:2        |ddm|: 9.558869e-05     Tr[DP]  5.689196e-01
 iter: 213:1        |ddm|: 1.195450e-04     Tr[DP]  5.689198e-01
 iter: 213:2        |ddm|: 9.799053e-05     Tr[DP]  5.689197e-01
 iter: 214:1        |ddm|: 1.109845e-04     Tr[DP]  5.689199e-01
 iter: 214:2        |ddm|: 9.322732e-05     Tr[DP]  5.689197e-01
 iter: 215:1        |ddm|: 1.047478e-04     Tr[DP]  5.689199e-01
 iter: 215:2        |ddm|: 8.954621e-05     Tr[DP]  5.689197e-01
 iter: 216:1        |ddm|: 1.011218e-04     Tr[DP]  5.689198e-01
 iter: 216:2        |ddm|: 9.149051e-05     Tr[DP]  5.689197e-01
 iter: 217:1        |ddm|: 1.181263e-04     Tr[DP]  5.689197e-01
 iter: 217:2        |ddm|: 1.103397e-04     Tr[DP]  5.689195e-01
 iter: 218:1        |ddm|: 1.742873e-04     Tr[DP]  5.689199e-01
 iter: 218:2        |ddm|: 1.273264e-04     Tr[DP]  5.689197e-01
 iter: 219:1        |ddm|: 1.170846e-04     Tr[DP]  5.689197e-01
 iter: 219:2        |ddm|: 1.091751e-04     Tr[DP]  5.689196e-01
 iter: 220:1        |ddm|: 1.982118e-04     Tr[DP]  5.689199e-01
 iter: 220:2        |ddm|: 1.441808e-04     Tr[DP]  5.689198e-01
 iter: 221:1        |ddm|: 9.495062e-05     Tr[DP]  5.689199e-01
 iter: 221:2        |ddm|: 8.140855e-05     Tr[DP]  5.689198e-01
 iter: 222:1        |ddm|: 1.155384e-04     Tr[DP]  5.689200e-01
 iter: 222:2        |ddm|: 9.207455e-05     Tr[DP]  5.689199e-01
 iter: 223:1        |ddm|: 2.100374e-04     Tr[DP]  5.689202e-01
 iter: 223:2        |ddm|: 1.659992e-04     Tr[DP]  5.689202e-01
 iter: 224:1        |ddm|: 1.128987e-04     Tr[DP]  5.689203e-01
 iter: 224:2        |ddm|: 9.147638e-05     Tr[DP]  5.689203e-01
 iter: 225:1        |ddm|: 6.481474e-05     Tr[DP]  5.689203e-01
 iter: 225:2        |ddm|: 4.232466e-05     Tr[DP]  5.689202e-01
 iter: 226:1        |ddm|: 6.476114e-05     Tr[DP]  5.689203e-01
 iter: 226:2        |ddm|: 5.078878e-05     Tr[DP]  5.689203e-01
 iter: 227:1        |ddm|: 9.911976e-05     Tr[DP]  5.689202e-01
 iter: 227:2        |ddm|: 8.568981e-05     Tr[DP]  5.689201e-01
 iter: 228:1        |ddm|: 7.698124e-05     Tr[DP]  5.689202e-01
 iter: 228:2        |ddm|: 5.553818e-05     Tr[DP]  5.689201e-01
 iter: 229:1        |ddm|: 5.830593e-05     Tr[DP]  5.689202e-01
 iter: 229:2        |ddm|: 5.106539e-05     Tr[DP]  5.689201e-01
 iter: 230:1        |ddm|: 5.990850e-05     Tr[DP]  5.689202e-01
 iter: 230:2        |ddm|: 5.121514e-05     Tr[DP]  5.689201e-01
 iter: 231:1        |ddm|: 6.166043e-05     Tr[DP]  5.689202e-01
 iter: 231:2        |ddm|: 5.069897e-05     Tr[DP]  5.689201e-01
 iter: 232:1        |ddm|: 6.327488e-05     Tr[DP]  5.689202e-01
 iter: 232:2        |ddm|: 5.071526e-05     Tr[DP]  5.689201e-01
 iter: 233:1        |ddm|: 5.752034e-05     Tr[DP]  5.689202e-01
 iter: 233:2        |ddm|: 4.796280e-05     Tr[DP]  5.689202e-01
 iter: 234:1        |ddm|: 5.578449e-05     Tr[DP]  5.689202e-01
 iter: 234:2        |ddm|: 5.213803e-05     Tr[DP]  5.689201e-01
 iter: 235:1        |ddm|: 6.869923e-05     Tr[DP]  5.689202e-01
 iter: 235:2        |ddm|: 5.294354e-05     Tr[DP]  5.689201e-01
 iter: 236:1        |ddm|: 5.356294e-05     Tr[DP]  5.689202e-01
 iter: 236:2        |ddm|: 4.675211e-05     Tr[DP]  5.689201e-01
 iter: 237:1        |ddm|: 7.128349e-05     Tr[DP]  5.689202e-01
 iter: 237:2        |ddm|: 6.681110e-05     Tr[DP]  5.689200e-01
 iter: 238:1        |ddm|: 9.804726e-05     Tr[DP]  5.689202e-01
 iter: 238:2        |ddm|: 6.755082e-05     Tr[DP]  5.689201e-01
 iter: 239:1        |ddm|: 8.514046e-05     Tr[DP]  5.689203e-01
 iter: 239:2        |ddm|: 6.621205e-05     Tr[DP]  5.689202e-01
 iter: 240:1        |ddm|: 7.655792e-05     Tr[DP]  5.689204e-01
 iter: 240:2        |ddm|: 5.773635e-05     Tr[DP]  5.689203e-01
 iter: 241:1        |ddm|: 8.853112e-05     Tr[DP]  5.689204e-01
 iter: 241:2        |ddm|: 7.120805e-05     Tr[DP]  5.689204e-01
 iter: 242:1        |ddm|: 3.815160e-05     Tr[DP]  5.689204e-01
 iter: 242:2        |ddm|: 2.366809e-05     Tr[DP]  5.689204e-01
 iter: 243:1        |ddm|: 3.128635e-05     Tr[DP]  5.689204e-01
 iter: 243:2        |ddm|: 2.485850e-05     Tr[DP]  5.689204e-01
 iter: 244:1        |ddm|: 2.757301e-05     Tr[DP]  5.689204e-01
 iter: 244:2        |ddm|: 2.501058e-05     Tr[DP]  5.689204e-01
 iter: 245:1        |ddm|: 3.191401e-05     Tr[DP]  5.689204e-01
 iter: 245:2        |ddm|: 2.648360e-05     Tr[DP]  5.689204e-01
 iter: 246:1        |ddm|: 2.957037e-05     Tr[DP]  5.689204e-01
 iter: 246:2        |ddm|: 2.477794e-05     Tr[DP]  5.689204e-01
 iter: 247:1        |ddm|: 3.078482e-05     Tr[DP]  5.689204e-01
 iter: 247:2        |ddm|: 2.929444e-05     Tr[DP]  5.689204e-01
 iter: 248:1        |ddm|: 4.593772e-05     Tr[DP]  5.689205e-01
 iter: 248:2        |ddm|: 3.439036e-05     Tr[DP]  5.689204e-01
 iter: 249:1        |ddm|: 3.198939e-05     Tr[DP]  5.689205e-01
 iter: 249:2        |ddm|: 2.579619e-05     Tr[DP]  5.689204e-01
 iter: 250:1        |ddm|: 3.775868e-05     Tr[DP]  5.689205e-01
 iter: 250:2        |ddm|: 2.945110e-05     Tr[DP]  5.689204e-01
 iter: 251:1        |ddm|: 2.073307e-05     Tr[DP]  5.689205e-01
 iter: 251:2        |ddm|: 1.777494e-05     Tr[DP]  5.689204e-01
 iter: 252:1        |ddm|: 2.017232e-05     Tr[DP]  5.689205e-01
 iter: 252:2        |ddm|: 1.814120e-05     Tr[DP]  5.689204e-01
 iter: 253:1        |ddm|: 2.227423e-05     Tr[DP]  5.689205e-01
 iter: 253:2        |ddm|: 1.893488e-05     Tr[DP]  5.689204e-01
 iter: 254:1        |ddm|: 2.529432e-05     Tr[DP]  5.689205e-01
 iter: 254:2        |ddm|: 2.434124e-05     Tr[DP]  5.689204e-01
 iter: 255:1        |ddm|: 3.714829e-05     Tr[DP]  5.689205e-01
 iter: 255:2        |ddm|: 2.770018e-05     Tr[DP]  5.689204e-01
 iter: 256:1        |ddm|: 2.189210e-05     Tr[DP]  5.689205e-01
 iter: 256:2        |ddm|: 1.859457e-05     Tr[DP]  5.689205e-01
 iter: 257:1        |ddm|: 2.013180e-05     Tr[DP]  5.689205e-01
 iter: 257:2        |ddm|: 1.737146e-05     Tr[DP]  5.689205e-01
 iter: 258:1        |ddm|: 1.959243e-05     Tr[DP]  5.689205e-01
 iter: 258:2        |ddm|: 1.758344e-05     Tr[DP]  5.689205e-01
 iter: 259:1        |ddm|: 2.386686e-05     Tr[DP]  5.689205e-01
 iter: 259:2        |ddm|: 1.874892e-05     Tr[DP]  5.689205e-01
 iter: 260:1        |ddm|: 2.119783e-05     Tr[DP]  5.689205e-01
 iter: 260:2        |ddm|: 1.741714e-05     Tr[DP]  5.689205e-01
 iter: 261:1        |ddm|: 1.810697e-05     Tr[DP]  5.689205e-01
 iter: 261:2        |ddm|: 1.643769e-05     Tr[DP]  5.689205e-01
 iter: 262:1        |ddm|: 2.188326e-05     Tr[DP]  5.689205e-01
 iter: 262:2        |ddm|: 1.746409e-05     Tr[DP]  5.689205e-01
 iter: 263:1        |ddm|: 3.121275e-05     Tr[DP]  5.689205e-01
 iter: 263:2        |ddm|: 2.347869e-05     Tr[DP]  5.689205e-01
 iter: 264:1        |ddm|: 2.884894e-05     Tr[DP]  5.689206e-01
 iter: 264:2        |ddm|: 2.279988e-05     Tr[DP]  5.689206e-01
 iter: 265:1        |ddm|: 1.252189e-05     Tr[DP]  5.689206e-01
 iter: 265:2        |ddm|: 9.632530e-06     Tr[DP]  5.689205e-01
 iter: 266:1        |ddm|: 1.390754e-05     Tr[DP]  5.689205e-01
 iter: 266:2        |ddm|: 1.263843e-05     Tr[DP]  5.689205e-01
 iter: 267:1        |ddm|: 1.562261e-05     Tr[DP]  5.689205e-01
 iter: 267:2        |ddm|: 1.225981e-05     Tr[DP]  5.689205e-01
 iter: 268:1        |ddm|: 1.322591e-05     Tr[DP]  5.689205e-01
 iter: 268:2        |ddm|: 1.136318e-05     Tr[DP]  5.689205e-01
 iter: 269:1        |ddm|: 1.323841e-05     Tr[DP]  5.689205e-01
 iter: 269:2        |ddm|: 1.225717e-05     Tr[DP]  5.689205e-01
 iter: 270:1        |ddm|: 1.907567e-05     Tr[DP]  5.689206e-01
 iter: 270:2        |ddm|: 1.417371e-05     Tr[DP]  5.689205e-01
 iter: 271:1        |ddm|: 2.757292e-05     Tr[DP]  5.689206e-01
 iter: 271:2        |ddm|: 2.103594e-05     Tr[DP]  5.689206e-01
 iter: 272:1        |ddm|: 1.234938e-05     Tr[DP]  5.689206e-01
 iter: 272:2        |ddm|: 9.886634e-06     Tr[DP]  5.689206e-01
 iter: 273:1        |ddm|: 8.957265e-06     Tr[DP]  5.689206e-01
 iter: 273:2        |ddm|: 7.317806e-06     Tr[DP]  5.689206e-01
 iter: 274:1        |ddm|: 1.657819e-05     Tr[DP]  5.689206e-01
 iter: 274:2        |ddm|: 1.421656e-05     Tr[DP]  5.689206e-01
 iter: 275:1        |ddm|: 1.489958e-05     Tr[DP]  5.689206e-01
 iter: 275:2        |ddm|: 1.354782e-05     Tr[DP]  5.689205e-01
 iter: 276:1        |ddm|: 1.783079e-05     Tr[DP]  5.689206e-01
 iter: 276:2        |ddm|: 1.239309e-05     Tr[DP]  5.689206e-01
 iter: 277:1        |ddm|: 1.182844e-05     Tr[DP]  5.689206e-01
 iter: 277:2        |ddm|: 9.649676e-06     Tr[DP]  5.689206e-01
 iter: 278:1        |ddm|: 1.156685e-05     Tr[DP]  5.689206e-01
 iter: 278:2        |ddm|: 9.391224e-06     Tr[DP]  5.689206e-01
 iter: 279:1        |ddm|: 1.015250e-05     Tr[DP]  5.689206e-01
 iter: 279:2        |ddm|: 8.442531e-06     Tr[DP]  5.689206e-01
 iter: 280:1        |ddm|: 9.416783e-06     Tr[DP]  5.689206e-01
 iter: 280:2        |ddm|: 7.819613e-06     Tr[DP]  5.689206e-01
 iter: 281:1        |ddm|: 7.564288e-06     Tr[DP]  5.689206e-01
 iter: 281:2        |ddm|: 6.777250e-06     Tr[DP]  5.689206e-01
 iter: 282:1        |ddm|: 8.246676e-06     Tr[DP]  5.689206e-01
 iter: 282:2        |ddm|: 7.096929e-06     Tr[DP]  5.689206e-01
 iter: 283:1        |ddm|: 8.877863e-06     Tr[DP]  5.689206e-01
 iter: 283:2        |ddm|: 7.258284e-06     Tr[DP]  5.689206e-01
 iter: 284:1        |ddm|: 9.017051e-06     Tr[DP]  5.689206e-01
 iter: 284:2        |ddm|: 7.310817e-06     Tr[DP]  5.689206e-01
 iter: 285:1        |ddm|: 6.946794e-06     Tr[DP]  5.689206e-01
 iter: 285:2        |ddm|: 6.208514e-06     Tr[DP]  5.689206e-01
 iter: 286:1        |ddm|: 7.470172e-06     Tr[DP]  5.689206e-01
 iter: 286:2        |ddm|: 6.407215e-06     Tr[DP]  5.689206e-01
 iter: 287:1        |ddm|: 7.556342e-06     Tr[DP]  5.689206e-01
 iter: 287:2        |ddm|: 6.426923e-06     Tr[DP]  5.689206e-01
 iter: 288:1        |ddm|: 7.398456e-06     Tr[DP]  5.689206e-01
 iter: 288:2        |ddm|: 6.374689e-06     Tr[DP]  5.689206e-01
 iter: 289:1        |ddm|: 7.618718e-06     Tr[DP]  5.689206e-01
 iter: 289:2        |ddm|: 6.395853e-06     Tr[DP]  5.689206e-01
 iter: 290:1        |ddm|: 7.412730e-06     Tr[DP]  5.689206e-01
 iter: 290:2        |ddm|: 6.266766e-06     Tr[DP]  5.689206e-01
 iter: 291:1        |ddm|: 7.501134e-06     Tr[DP]  5.689206e-01
 iter: 291:2        |ddm|: 6.237802e-06     Tr[DP]  5.689206e-01
 iter: 292:1        |ddm|: 6.792292e-06     Tr[DP]  5.689206e-01
 iter: 292:2        |ddm|: 5.955976e-06     Tr[DP]  5.689206e-01
 iter: 293:1        |ddm|: 6.951977e-06     Tr[DP]  5.689206e-01
 iter: 293:2        |ddm|: 6.021022e-06     Tr[DP]  5.689206e-01
 iter: 294:1        |ddm|: 7.061065e-06     Tr[DP]  5.689206e-01
 iter: 294:2        |ddm|: 6.164078e-06     Tr[DP]  5.689206e-01
 iter: 295:1        |ddm|: 7.248400e-06     Tr[DP]  5.689206e-01
 iter: 295:2        |ddm|: 6.230636e-06     Tr[DP]  5.689206e-01
 iter: 296:1        |ddm|: 9.618366e-06     Tr[DP]  5.689206e-01
 iter: 296:2        |ddm|: 7.309725e-06     Tr[DP]  5.689206e-01
 iter: 297:1        |ddm|: 6.219307e-06     Tr[DP]  5.689206e-01
 iter: 297:2        |ddm|: 5.466909e-06     Tr[DP]  5.689206e-01
 iter: 298:1        |ddm|: 1.100236e-05     Tr[DP]  5.689206e-01
 iter: 298:2        |ddm|: 8.318705e-06     Tr[DP]  5.689206e-01
 iter: 299:1        |ddm|: 5.184717e-06     Tr[DP]  5.689206e-01
 iter: 299:2        |ddm|: 4.351413e-06     Tr[DP]  5.689206e-01
 iter: 300:1        |ddm|: 1.765018e-05     Tr[DP]  5.689206e-01
 iter: 300:2        |ddm|: 1.364737e-05     Tr[DP]  5.689206e-01
 iter: 301:1        |ddm|: 9.471347e-06     Tr[DP]  5.689206e-01
 iter: 301:2        |ddm|: 6.104544e-06     Tr[DP]  5.689206e-01
 iter: 302:1        |ddm|: 4.991949e-06     Tr[DP]  5.689206e-01
 iter: 302:2        |ddm|: 3.733866e-06     Tr[DP]  5.689206e-01
 iter: 303:1        |ddm|: 3.690837e-06     Tr[DP]  5.689206e-01
 iter: 303:2        |ddm|: 3.213001e-06     Tr[DP]  5.689206e-01
 iter: 304:1        |ddm|: 3.743044e-06     Tr[DP]  5.689206e-01
 iter: 304:2        |ddm|: 3.223396e-06     Tr[DP]  5.689206e-01
 iter: 305:1        |ddm|: 3.848897e-06     Tr[DP]  5.689206e-01
 iter: 305:2        |ddm|: 3.256528e-06     Tr[DP]  5.689206e-01
 iter: 306:1        |ddm|: 4.979087e-06     Tr[DP]  5.689206e-01
 iter: 306:2        |ddm|: 3.817661e-06     Tr[DP]  5.689206e-01
 iter: 307:1        |ddm|: 3.124821e-06     Tr[DP]  5.689206e-01
 iter: 307:2        |ddm|: 2.728371e-06     Tr[DP]  5.689206e-01
 iter: 308:1        |ddm|: 3.692074e-06     Tr[DP]  5.689206e-01
 iter: 308:2        |ddm|: 3.028183e-06     Tr[DP]  5.689206e-01
 iter: 309:1        |ddm|: 2.927526e-06     Tr[DP]  5.689206e-01
 iter: 309:2        |ddm|: 2.539477e-06     Tr[DP]  5.689206e-01
 iter: 310:1        |ddm|: 3.277078e-06     Tr[DP]  5.689206e-01
 iter: 310:2        |ddm|: 2.671705e-06     Tr[DP]  5.689206e-01
 iter: 311:1        |ddm|: 2.726564e-06     Tr[DP]  5.689206e-01
 iter: 311:2        |ddm|: 2.387331e-06     Tr[DP]  5.689206e-01
 iter: 312:1        |ddm|: 2.805527e-06     Tr[DP]  5.689206e-01
 iter: 312:2        |ddm|: 2.408743e-06     Tr[DP]  5.689206e-01
 iter: 313:1        |ddm|: 2.756127e-06     Tr[DP]  5.689206e-01
 iter: 313:2        |ddm|: 2.471962e-06     Tr[DP]  5.689206e-01
 iter: 314:1        |ddm|: 3.017038e-06     Tr[DP]  5.689206e-01
 iter: 314:2        |ddm|: 2.528697e-06     Tr[DP]  5.689206e-01
 iter: 315:1        |ddm|: 3.056154e-06     Tr[DP]  5.689206e-01
 iter: 315:2        |ddm|: 2.520763e-06     Tr[DP]  5.689206e-01
 iter: 316:1        |ddm|: 2.944865e-06     Tr[DP]  5.689206e-01
 iter: 316:2        |ddm|: 2.424545e-06     Tr[DP]  5.689206e-01
 iter: 317:1        |ddm|: 2.654636e-06     Tr[DP]  5.689206e-01
 iter: 317:2        |ddm|: 2.281258e-06     Tr[DP]  5.689206e-01
 iter: 318:1        |ddm|: 2.985834e-06     Tr[DP]  5.689206e-01
 iter: 318:2        |ddm|: 2.391382e-06     Tr[DP]  5.689206e-01
 iter: 319:1        |ddm|: 3.382960e-06     Tr[DP]  5.689206e-01
 iter: 319:2        |ddm|: 2.635812e-06     Tr[DP]  5.689206e-01
 iter: 320:1        |ddm|: 2.956463e-06     Tr[DP]  5.689206e-01
 iter: 320:2        |ddm|: 2.673014e-06     Tr[DP]  5.689206e-01
 iter: 321:1        |ddm|: 5.823866e-06     Tr[DP]  5.689206e-01
 iter: 321:2        |ddm|: 4.140111e-06     Tr[DP]  5.689206e-01
 iter: 322:1        |ddm|: 1.889821e-06     Tr[DP]  5.689206e-01
 iter: 322:2        |ddm|: 1.575640e-06     Tr[DP]  5.689206e-01
 iter: 323:1        |ddm|: 1.795734e-06     Tr[DP]  5.689206e-01
 iter: 323:2        |ddm|: 1.563629e-06     Tr[DP]  5.689206e-01
 iter: 324:1        |ddm|: 1.872307e-06     Tr[DP]  5.689206e-01
 iter: 324:2        |ddm|: 1.605642e-06     Tr[DP]  5.689206e-01
 iter: 325:1        |ddm|: 2.043848e-06     Tr[DP]  5.689206e-01
 iter: 325:2        |ddm|: 1.684709e-06     Tr[DP]  5.689206e-01
 iter: 326:1        |ddm|: 1.714169e-06     Tr[DP]  5.689206e-01
 iter: 326:2        |ddm|: 1.579205e-06     Tr[DP]  5.689206e-01
 iter: 327:1        |ddm|: 1.930902e-06     Tr[DP]  5.689206e-01
 iter: 327:2        |ddm|: 1.627790e-06     Tr[DP]  5.689206e-01
 iter: 328:1        |ddm|: 1.857384e-06     Tr[DP]  5.689206e-01
 iter: 328:2        |ddm|: 1.612895e-06     Tr[DP]  5.689206e-01
 iter: 329:1        |ddm|: 2.103906e-06     Tr[DP]  5.689206e-01
 iter: 329:2        |ddm|: 1.674795e-06     Tr[DP]  5.689206e-01
 iter: 330:1        |ddm|: 1.751895e-06     Tr[DP]  5.689206e-01
 iter: 330:2        |ddm|: 1.499289e-06     Tr[DP]  5.689206e-01
 iter: 331:1        |ddm|: 1.980770e-06     Tr[DP]  5.689206e-01
 iter: 331:2        |ddm|: 1.587254e-06     Tr[DP]  5.689206e-01
 iter: 332:1        |ddm|: 5.112173e-06     Tr[DP]  5.689206e-01
 iter: 332:2        |ddm|: 3.911316e-06     Tr[DP]  5.689206e-01
 iter: 333:1        |ddm|: 3.026859e-06     Tr[DP]  5.689206e-01
 iter: 333:2        |ddm|: 2.085960e-06     Tr[DP]  5.689206e-01
 iter: 334:1        |ddm|: 1.572751e-06     Tr[DP]  5.689206e-01
 iter: 334:2        |ddm|: 1.194109e-06     Tr[DP]  5.689206e-01
 iter: 335:1        |ddm|: 1.367765e-06     Tr[DP]  5.689206e-01
 iter: 335:2        |ddm|: 1.138288e-06     Tr[DP]  5.689206e-01
 iter: 336:1        |ddm|: 1.293866e-06     Tr[DP]  5.689206e-01
 iter: 336:2        |ddm|: 1.091581e-06     Tr[DP]  5.689206e-01
 iter: 337:1        |ddm|: 1.235254e-06     Tr[DP]  5.689206e-01
 iter: 337:2        |ddm|: 1.057237e-06     Tr[DP]  5.689206e-01
 iter: 338:1        |ddm|: 1.519320e-06     Tr[DP]  5.689206e-01
 iter: 338:2        |ddm|: 1.187230e-06     Tr[DP]  5.689206e-01
 iter: 339:1        |ddm|: 1.317693e-06     Tr[DP]  5.689206e-01
 iter: 339:2        |ddm|: 1.069729e-06     Tr[DP]  5.689206e-01
 iter: 340:1        |ddm|: 9.535033e-07     Tr[DP]  5.689206e-01
 iter: 340:2        |ddm|: 8.548181e-07     Tr[DP]  5.689206e-01
 iter: 341:1        |ddm|: 1.090152e-06     Tr[DP]  5.689206e-01
 iter: 341:2        |ddm|: 8.927061e-07     Tr[DP]  5.689206e-01
 iter: 342:1        |ddm|: 1.008875e-06     Tr[DP]  5.689206e-01
 iter: 342:2        |ddm|: 8.541436e-07     Tr[DP]  5.689206e-01
 iter: 343:1        |ddm|: 9.778913e-07     Tr[DP]  5.689206e-01
 iter: 343:2        |ddm|: 8.321950e-07     Tr[DP]  5.689206e-01
 iter: 344:1        |ddm|: 9.299774e-07     Tr[DP]  5.689206e-01
 iter: 344:2        |ddm|: 8.181926e-07     Tr[DP]  5.689206e-01
 iter: 345:1        |ddm|: 9.637436e-07     Tr[DP]  5.689206e-01
 iter: 345:2        |ddm|: 8.759751e-07     Tr[DP]  5.689206e-01
 iter: 346:1        |ddm|: 1.208785e-06     Tr[DP]  5.689206e-01
 iter: 346:2        |ddm|: 9.403375e-07     Tr[DP]  5.689206e-01
 iter: 347:1        |ddm|: 9.575747e-07     Tr[DP]  5.689206e-01
 iter: 347:2        |ddm|: 8.128309e-07     Tr[DP]  5.689206e-01
 iter: 348:1        |ddm|: 9.537828e-07     Tr[DP]  5.689206e-01
 iter: 348:2        |ddm|: 7.987629e-07     Tr[DP]  5.689206e-01
 iter: 349:1        |ddm|: 9.075895e-07     Tr[DP]  5.689206e-01
 iter: 349:2        |ddm|: 7.728914e-07     Tr[DP]  5.689206e-01
 iter: 350:1        |ddm|: 8.711967e-07     Tr[DP]  5.689206e-01
 iter: 350:2        |ddm|: 7.636254e-07     Tr[DP]  5.689206e-01
 iter: 351:1        |ddm|: 9.854061e-07     Tr[DP]  5.689206e-01
 iter: 351:2        |ddm|: 9.240289e-07     Tr[DP]  5.689206e-01
 iter: 352:1        |ddm|: 1.738419e-06     Tr[DP]  5.689206e-01
 iter: 352:2        |ddm|: 1.220273e-06     Tr[DP]  5.689206e-01
 iter: 353:1        |ddm|: 1.012534e-06     Tr[DP]  5.689206e-01
 iter: 353:2        |ddm|: 8.106947e-07     Tr[DP]  5.689206e-01
 iter: 354:1        |ddm|: 9.431326e-07     Tr[DP]  5.689206e-01
 iter: 354:2        |ddm|: 7.698782e-07     Tr[DP]  5.689206e-01
 iter: 355:1        |ddm|: 7.857477e-07     Tr[DP]  5.689207e-01
 iter: 355:2        |ddm|: 6.389586e-07     Tr[DP]  5.689206e-01
 iter: 356:1        |ddm|: 5.955281e-07     Tr[DP]  5.689207e-01
 iter: 356:2        |ddm|: 5.079888e-07     Tr[DP]  5.689206e-01
 iter: 357:1        |ddm|: 6.370274e-07     Tr[DP]  5.689207e-01
 iter: 357:2        |ddm|: 5.359989e-07     Tr[DP]  5.689207e-01
 iter: 358:1        |ddm|: 5.397722e-07     Tr[DP]  5.689207e-01
 iter: 358:2        |ddm|: 4.594621e-07     Tr[DP]  5.689207e-01
 iter: 359:1        |ddm|: 5.302802e-07     Tr[DP]  5.689207e-01
 iter: 359:2        |ddm|: 4.544219e-07     Tr[DP]  5.689207e-01
 iter: 360:1        |ddm|: 5.503113e-07     Tr[DP]  5.689207e-01
 iter: 360:2        |ddm|: 4.601069e-07     Tr[DP]  5.689207e-01
 iter: 361:1        |ddm|: 5.636614e-07     Tr[DP]  5.689207e-01
 iter: 361:2        |ddm|: 4.517047e-07     Tr[DP]  5.689207e-01
 iter: 362:1        |ddm|: 4.761604e-07     Tr[DP]  5.689207e-01
 iter: 362:2        |ddm|: 4.130923e-07     Tr[DP]  5.689207e-01
 iter: 363:1        |ddm|: 4.753068e-07     Tr[DP]  5.689207e-01
 iter: 363:2        |ddm|: 4.069099e-07     Tr[DP]  5.689207e-01
 iter: 364:1        |ddm|: 5.894273e-07     Tr[DP]  5.689207e-01
 iter: 364:2        |ddm|: 4.497727e-07     Tr[DP]  5.689207e-01
 iter: 365:1        |ddm|: 4.022159e-07     Tr[DP]  5.689207e-01
 iter: 365:2        |ddm|: 3.689831e-07     Tr[DP]  5.689207e-01
 iter: 366:1        |ddm|: 4.482038e-07     Tr[DP]  5.689207e-01
 iter: 366:2        |ddm|: 3.832677e-07     Tr[DP]  5.689207e-01
 iter: 367:1        |ddm|: 4.491317e-07     Tr[DP]  5.689207e-01
 iter: 367:2        |ddm|: 3.854381e-07     Tr[DP]  5.689207e-01
 iter: 368:1        |ddm|: 4.770157e-07     Tr[DP]  5.689207e-01
 iter: 368:2        |ddm|: 3.906657e-07     Tr[DP]  5.689207e-01
 iter: 369:1        |ddm|: 4.369440e-07     Tr[DP]  5.689207e-01
 iter: 369:2        |ddm|: 3.697176e-07     Tr[DP]  5.689207e-01
 iter: 370:1        |ddm|: 4.220712e-07     Tr[DP]  5.689207e-01
 iter: 370:2        |ddm|: 3.615338e-07     Tr[DP]  5.689207e-01
 iter: 371:1        |ddm|: 4.156566e-07     Tr[DP]  5.689207e-01
 iter: 371:2        |ddm|: 3.766958e-07     Tr[DP]  5.689207e-01
 iter: 372:1        |ddm|: 5.068300e-07     Tr[DP]  5.689207e-01
 iter: 372:2        |ddm|: 4.011583e-07     Tr[DP]  5.689207e-01
 iter: 373:1        |ddm|: 4.153351e-07     Tr[DP]  5.689207e-01
 iter: 373:2        |ddm|: 3.597601e-07     Tr[DP]  5.689207e-01
 iter: 374:1        |ddm|: 5.035456e-07     Tr[DP]  5.689207e-01
 iter: 374:2        |ddm|: 3.586788e-07     Tr[DP]  5.689207e-01
 iter: 375:1        |ddm|: 3.646899e-07     Tr[DP]  5.689207e-01
 iter: 375:2        |ddm|: 3.356164e-07     Tr[DP]  5.689207e-01
 iter: 376:1        |ddm|: 4.295413e-07     Tr[DP]  5.689207e-01
 iter: 376:2        |ddm|: 3.474647e-07     Tr[DP]  5.689207e-01
 iter: 377:1        |ddm|: 7.522367e-07     Tr[DP]  5.689207e-01
 iter: 377:2        |ddm|: 5.484006e-07     Tr[DP]  5.689207e-01
 iter: 378:1        |ddm|: 5.498529e-07     Tr[DP]  5.689207e-01
 iter: 378:2        |ddm|: 4.385294e-07     Tr[DP]  5.689207e-01
 iter: 379:1        |ddm|: 2.585670e-07     Tr[DP]  5.689207e-01
 iter: 379:2        |ddm|: 1.952597e-07     Tr[DP]  5.689207e-01
 iter: 380:1        |ddm|: 2.450750e-07     Tr[DP]  5.689207e-01
 iter: 380:2        |ddm|: 2.156196e-07     Tr[DP]  5.689207e-01