********************************************************************************
*                         FREEZE-AND-THAW CALCULATION                          *
********************************************************************************

================================== Input File ==================================
subsystem
C          0.57265        1.45610       -0.26891
H          0.84845        2.40898       -0.74939
C         -0.53847        1.41735        0.47079
H         -0.43619        1.39807        1.56810
C          5.29554       -0.26685        0.28912
H          5.25003       -0.04254        1.37200
H          5.67838        0.65755       -0.18429
C          3.89131       -0.54079       -0.22038
H          3.50223       -1.46495        0.25241
H          3.93029       -0.76396       -1.30567
C          2.92022        0.59879        0.02574
H          3.30520        1.52180       -0.45176
H          2.87668        0.82618        1.10863
C          1.51182        0.31589       -0.48245
H          1.11343       -0.59243        0.00800
H          1.57071        0.07605       -1.56325
C         -1.93206        1.36293       -0.06085
H         -1.91298        1.43054       -1.16509
H         -2.50106        2.24837        0.28753
C         -2.68513        0.10838        0.36444
H         -2.68148        0.03412        1.47016
H         -2.13365       -0.78396        0.00970
C         -4.11509        0.06196       -0.14084
H         -4.66176        0.95763        0.21707
H         -4.11791        0.14251       -1.24650
C         -4.86909       -1.18901        0.27519
H         -4.31768       -2.07945       -0.08267
H         -4.86156       -1.26568        1.37939
end

subsystem
C          6.25404       -1.41394        0.03683
H          6.33882       -1.63326       -1.04121
H          5.90731       -2.33889        0.52841
H          7.26735       -1.20057        0.41133
C         -6.29549       -1.22164       -0.23716
H         -6.82894       -2.13383        0.07252
H         -6.87284       -0.35803        0.13473
H         -6.32447       -1.17917       -1.33932
end

embed
 huzfermi
 cycles 3000
 conv 1e-8
 method m06
 wfguess dft
end

basis cc-pVTZ
method cas[2,2]/nevpt2
grid 4
conv 1e-8
grad 1e-8
maxiter 100
================================== End Input ===================================
tot grids = 725328

                      Getting subsystem overlap integrals                       

                          Initial subsystem densities                           
Guessing initial subsystem densities
Initial guess from superpostion of atomic densties.
Guessing initial subsystem densities
Initial guess from superpostion of atomic densties.

=========================== Starting Freeze-and-Thaw ===========================
 iter:   1:1        |ddm|: 6.449440e+00     Tr[DP]  7.337413e-01
 iter:   1:2        |ddm|: 2.421298e+00     Tr[DP]  3.040339e-01
 iter:   2:1        |ddm|: 1.626676e+02     Tr[DP]  1.016019e+00
 iter:   2:2        |ddm|: 8.776707e+00     Tr[DP]  1.015961e+00
 iter:   3:1        |ddm|: 1.742771e+02     Tr[DP]  2.282612e-01
 iter:   3:2        |ddm|: 3.362095e+01     Tr[DP]  4.384189e-01
 iter:   4:1        |ddm|: 6.673212e+01     Tr[DP]  2.247548e-01
 iter:   4:2        |ddm|: 3.253387e+01     Tr[DP]  4.033243e-01
 iter:   5:1        |ddm|: 5.947128e+00     Tr[DP]  2.570150e-01
 iter:   5:2        |ddm|: 1.553486e+00     Tr[DP]  3.384350e-01
 iter:   6:1        |ddm|: 1.377926e+00     Tr[DP]  3.021300e-01
 iter:   6:2        |ddm|: 5.263855e-01     Tr[DP]  3.711382e-01
 iter:   7:1        |ddm|: 1.735889e+00     Tr[DP]  3.392541e-01
 iter:   7:2        |ddm|: 5.860369e-01     Tr[DP]  3.738811e-01
 iter:   8:1        |ddm|: 1.243009e+00     Tr[DP]  3.683405e-01
 iter:   8:2        |ddm|: 2.466082e-01     Tr[DP]  3.976479e-01
 iter:   9:1        |ddm|: 8.408699e-01     Tr[DP]  3.907127e-01
 iter:   9:2        |ddm|: 2.167008e-01     Tr[DP]  4.042666e-01
 iter:  10:1        |ddm|: 7.908514e-01     Tr[DP]  3.906448e-01
 iter:  10:2        |ddm|: 1.442095e-01     Tr[DP]  3.982836e-01
 iter:  11:1        |ddm|: 4.563030e-01     Tr[DP]  3.937297e-01
 iter:  11:2        |ddm|: 9.589500e-02     Tr[DP]  3.968639e-01
 iter:  12:1        |ddm|: 3.600069e-01     Tr[DP]  3.967969e-01
 iter:  12:2        |ddm|: 6.920652e-02     Tr[DP]  3.964980e-01
 iter:  13:1        |ddm|: 2.553826e-01     Tr[DP]  3.973942e-01
 iter:  13:2        |ddm|: 4.883254e-02     Tr[DP]  3.966207e-01
 iter:  14:1        |ddm|: 2.198690e-01     Tr[DP]  3.979625e-01
 iter:  14:2        |ddm|: 3.738065e-02     Tr[DP]  3.965894e-01
 iter:  15:1        |ddm|: 1.489472e-01     Tr[DP]  3.989131e-01
 iter:  15:2        |ddm|: 2.589274e-02     Tr[DP]  3.970933e-01
 iter:  16:1        |ddm|: 1.207946e-01     Tr[DP]  3.989291e-01
 iter:  16:2        |ddm|: 1.938748e-02     Tr[DP]  3.972347e-01
 iter:  17:1        |ddm|: 9.344712e-02     Tr[DP]  3.989943e-01
 iter:  17:2        |ddm|: 1.454311e-02     Tr[DP]  3.973967e-01
 iter:  18:1        |ddm|: 6.817756e-02     Tr[DP]  3.991185e-01
 iter:  18:2        |ddm|: 1.000867e-02     Tr[DP]  3.975445e-01
 iter:  19:1        |ddm|: 5.039495e-02     Tr[DP]  3.990526e-01
 iter:  19:2        |ddm|: 7.378452e-03     Tr[DP]  3.977075e-01
 iter:  20:1        |ddm|: 3.899669e-02     Tr[DP]  3.989316e-01
 iter:  20:2        |ddm|: 5.943618e-03     Tr[DP]  3.978373e-01
 iter:  21:1        |ddm|: 2.984866e-02     Tr[DP]  3.988583e-01
 iter:  21:2        |ddm|: 4.869882e-03     Tr[DP]  3.979562e-01
 iter:  22:1        |ddm|: 2.255102e-02     Tr[DP]  3.987953e-01
 iter:  22:2        |ddm|: 4.241586e-03     Tr[DP]  3.980466e-01
 iter:  23:1        |ddm|: 1.784980e-02     Tr[DP]  3.987130e-01
 iter:  23:2        |ddm|: 3.939545e-03     Tr[DP]  3.981239e-01
 iter:  24:1        |ddm|: 1.491349e-02     Tr[DP]  3.986453e-01
 iter:  24:2        |ddm|: 3.812915e-03     Tr[DP]  3.981921e-01
 iter:  25:1        |ddm|: 1.322017e-02     Tr[DP]  3.985808e-01
 iter:  25:2        |ddm|: 3.783623e-03     Tr[DP]  3.982624e-01
 iter:  26:1        |ddm|: 1.153888e-02     Tr[DP]  3.985621e-01
 iter:  26:2        |ddm|: 3.671697e-03     Tr[DP]  3.983004e-01
 iter:  27:1        |ddm|: 1.175535e-02     Tr[DP]  3.985057e-01
 iter:  27:2        |ddm|: 3.702812e-03     Tr[DP]  3.983297e-01
 iter:  28:1        |ddm|: 1.011201e-02     Tr[DP]  3.985302e-01
 iter:  28:2        |ddm|: 3.663249e-03     Tr[DP]  3.983447e-01
 iter:  29:1        |ddm|: 1.654963e-02     Tr[DP]  3.983660e-01
 iter:  29:2        |ddm|: 4.234054e-03     Tr[DP]  3.983697e-01
 iter:  30:1        |ddm|: 1.219690e-02     Tr[DP]  3.984042e-01
 iter:  30:2        |ddm|: 3.805745e-03     Tr[DP]  3.983534e-01
 iter:  31:1        |ddm|: 1.084458e-02     Tr[DP]  3.985233e-01
 iter:  31:2        |ddm|: 3.673145e-03     Tr[DP]  3.983629e-01
 iter:  32:1        |ddm|: 1.613630e-02     Tr[DP]  3.984520e-01
 iter:  32:2        |ddm|: 5.516377e-03     Tr[DP]  3.981455e-01
 iter:  33:1        |ddm|: 1.236452e-02     Tr[DP]  3.983544e-01
 iter:  33:2        |ddm|: 4.080569e-03     Tr[DP]  3.983434e-01
 iter:  34:1        |ddm|: 1.227930e-02     Tr[DP]  3.983016e-01
 iter:  34:2        |ddm|: 4.482107e-03     Tr[DP]  3.983492e-01
 iter:  35:1        |ddm|: 1.047923e-02     Tr[DP]  3.983767e-01
 iter:  35:2        |ddm|: 3.730018e-03     Tr[DP]  3.983416e-01
 iter:  36:1        |ddm|: 9.804861e-03     Tr[DP]  3.983651e-01
 iter:  36:2        |ddm|: 3.761653e-03     Tr[DP]  3.983256e-01
 iter:  37:1        |ddm|: 9.863964e-03     Tr[DP]  3.983459e-01
 iter:  37:2        |ddm|: 3.790696e-03     Tr[DP]  3.983057e-01
 iter:  38:1        |ddm|: 9.580619e-03     Tr[DP]  3.983543e-01
 iter:  38:2        |ddm|: 3.755572e-03     Tr[DP]  3.983052e-01
 iter:  39:1        |ddm|: 9.467073e-03     Tr[DP]  3.983470e-01
 iter:  39:2        |ddm|: 3.740710e-03     Tr[DP]  3.983170e-01
 iter:  40:1        |ddm|: 9.803414e-03     Tr[DP]  3.982992e-01
 iter:  40:2        |ddm|: 3.774256e-03     Tr[DP]  3.983234e-01
 iter:  41:1        |ddm|: 9.687167e-03     Tr[DP]  3.982883e-01
 iter:  41:2        |ddm|: 3.784577e-03     Tr[DP]  3.983044e-01
 iter:  42:1        |ddm|: 9.622449e-03     Tr[DP]  3.982842e-01
 iter:  42:2        |ddm|: 3.785775e-03     Tr[DP]  3.982954e-01
 iter:  43:1        |ddm|: 1.020841e-02     Tr[DP]  3.982552e-01
 iter:  43:2        |ddm|: 3.843153e-03     Tr[DP]  3.982666e-01
 iter:  44:1        |ddm|: 9.843381e-03     Tr[DP]  3.982450e-01
 iter:  44:2        |ddm|: 3.840201e-03     Tr[DP]  3.982504e-01
 iter:  45:1        |ddm|: 1.029023e-02     Tr[DP]  3.982148e-01
 iter:  45:2        |ddm|: 3.915415e-03     Tr[DP]  3.982220e-01
 iter:  46:1        |ddm|: 9.847048e-03     Tr[DP]  3.982104e-01
 iter:  46:2        |ddm|: 3.855643e-03     Tr[DP]  3.982148e-01
 iter:  47:1        |ddm|: 1.085347e-02     Tr[DP]  3.981675e-01
 iter:  47:2        |ddm|: 4.026420e-03     Tr[DP]  3.981764e-01
 iter:  48:1        |ddm|: 1.173183e-02     Tr[DP]  3.981142e-01
 iter:  48:2        |ddm|: 4.311544e-03     Tr[DP]  3.981196e-01
 iter:  49:1        |ddm|: 1.033452e-02     Tr[DP]  3.981321e-01
 iter:  49:2        |ddm|: 3.940912e-03     Tr[DP]  3.981324e-01
 iter:  50:1        |ddm|: 1.004642e-02     Tr[DP]  3.981204e-01
 iter:  50:2        |ddm|: 3.926158e-03     Tr[DP]  3.981271e-01
 iter:  51:1        |ddm|: 1.015563e-02     Tr[DP]  3.981033e-01
 iter:  51:2        |ddm|: 3.940379e-03     Tr[DP]  3.981125e-01
 iter:  52:1        |ddm|: 1.035837e-02     Tr[DP]  3.980789e-01
 iter:  52:2        |ddm|: 3.983494e-03     Tr[DP]  3.980892e-01
 iter:  53:1        |ddm|: 1.158021e-02     Tr[DP]  3.981389e-01
 iter:  53:2        |ddm|: 4.369999e-03     Tr[DP]  3.981435e-01
 iter:  54:1        |ddm|: 1.563971e-02     Tr[DP]  3.980226e-01
 iter:  54:2        |ddm|: 4.637557e-03     Tr[DP]  3.980446e-01
 iter:  55:1        |ddm|: 1.052073e-02     Tr[DP]  3.980504e-01
 iter:  55:2        |ddm|: 3.993644e-03     Tr[DP]  3.980554e-01
 iter:  56:1        |ddm|: 1.006765e-02     Tr[DP]  3.980456e-01
 iter:  56:2        |ddm|: 3.978387e-03     Tr[DP]  3.980526e-01
 iter:  57:1        |ddm|: 1.056032e-02     Tr[DP]  3.980164e-01
 iter:  57:2        |ddm|: 4.019613e-03     Tr[DP]  3.980268e-01
 iter:  58:1        |ddm|: 1.112611e-02     Tr[DP]  3.979763e-01
 iter:  58:2        |ddm|: 4.162170e-03     Tr[DP]  3.979878e-01
 iter:  59:1        |ddm|: 1.029349e-02     Tr[DP]  3.979907e-01
 iter:  59:2        |ddm|: 4.029495e-03     Tr[DP]  3.979954e-01
 iter:  60:1        |ddm|: 1.025895e-02     Tr[DP]  3.979774e-01
 iter:  60:2        |ddm|: 4.018435e-03     Tr[DP]  3.979859e-01
 iter:  61:1        |ddm|: 1.020259e-02     Tr[DP]  3.979687e-01
 iter:  61:2        |ddm|: 4.023664e-03     Tr[DP]  3.979777e-01
 iter:  62:1        |ddm|: 1.071925e-02     Tr[DP]  3.979384e-01
 iter:  62:2        |ddm|: 4.075564e-03     Tr[DP]  3.979497e-01
 iter:  63:1        |ddm|: 1.022378e-02     Tr[DP]  3.979479e-01