********************************************************************************
*                         FREEZE-AND-THAW CALCULATION                          *
********************************************************************************

================================== Input File ==================================

subsystem
C                  4.34897800   -0.45553500    0.00023000
H                  5.16969100    0.25150300    0.00028400
H                  4.60295000   -1.50848600    0.00030300
C                  3.10140300   -0.05278700    0.00008000
C                  1.90690500    0.33445500   -0.00006300
C                  0.64990000    0.74588600   -0.00020200
H                  0.45037000    1.81620200   -0.00030400
charge +1
end

subsystem
C                 -0.48880800   -0.12324200   -0.00023900
H                 -0.29617300   -1.19252400   -0.00039000
C                 -1.75745100    0.31681500   -0.00010700
H                 -1.94276100    1.38936700    0.00004900
C                 -2.90788300   -0.54357500   -0.00016900
H                 -2.71111500   -1.61271500   -0.00071500
C                 -4.16586400   -0.10707000    0.00038900
H                 -5.00630900   -0.78663200    0.00031200
H                 -4.38973500    0.95361200    0.00094600
charge -1
end

embed
 huzinaga
 cycles 300
 conv 1e-6
 method m06
end

basis aug-cc-pVTZ
method ccsd(t)
grid 4
conv 1e-8
grad 1e-8
maxiter 100
================================== End Input ===================================
tot grids = 354048

                      Getting subsystem overlap integrals                       

                          Initial subsystem densities                           
Guessing initial subsystem densities
Initial guess from superpostion of atomic densties.
Guessing initial subsystem densities
Initial guess from superpostion of atomic densties.

=========================== Starting Freeze-and-Thaw ===========================
 iter:   1:1        |ddm|: 1.100330e+02     Tr[DP]  3.388038e-01
 iter:   1:2        |ddm|: 1.171269e+02     Tr[DP]  1.846846e-01
 iter:   2:1        |ddm|: 8.577198e+01     Tr[DP]  8.582252e-02
 iter:   2:2        |ddm|: 1.803115e+02     Tr[DP]  1.986006e-01
 iter:   3:1        |ddm|: 2.217833e+01     Tr[DP]  7.315652e-02
 iter:   3:2        |ddm|: 1.319123e+02     Tr[DP]  1.320199e-01
 iter:   4:1        |ddm|: 6.094467e+00     Tr[DP]  8.457390e-02
 iter:   4:2        |ddm|: 2.186023e+01     Tr[DP]  1.359443e-01
 iter:   5:1        |ddm|: 1.744622e+00     Tr[DP]  8.697826e-02
 iter:   5:2        |ddm|: 1.266049e+01     Tr[DP]  1.336601e-01
 iter:   6:1        |ddm|: 1.301546e+00     Tr[DP]  9.192859e-02
 iter:   6:2        |ddm|: 1.171137e+01     Tr[DP]  1.310627e-01
 iter:   7:1        |ddm|: 7.102739e-01     Tr[DP]  9.511558e-02
 iter:   7:2        |ddm|: 9.712984e+00     Tr[DP]  1.291293e-01
 iter:   8:1        |ddm|: 5.678950e-01     Tr[DP]  9.820971e-02
 iter:   8:2        |ddm|: 7.840876e+00     Tr[DP]  1.285501e-01
 iter:   9:1        |ddm|: 4.115943e-01     Tr[DP]  1.007939e-01
 iter:   9:2        |ddm|: 6.920966e+00     Tr[DP]  1.271413e-01
 iter:  10:1        |ddm|: 3.483198e-01     Tr[DP]  1.029652e-01
 iter:  10:2        |ddm|: 6.096600e+00     Tr[DP]  1.259436e-01
 iter:  11:1        |ddm|: 3.206451e-01     Tr[DP]  1.049212e-01
 iter:  11:2        |ddm|: 4.827802e+00     Tr[DP]  1.253997e-01
 iter:  12:1        |ddm|: 2.565385e-01     Tr[DP]  1.064618e-01
 iter:  12:2        |ddm|: 4.164662e+00     Tr[DP]  1.247677e-01
 iter:  13:1        |ddm|: 2.161697e-01     Tr[DP]  1.078472e-01
 iter:  13:2        |ddm|: 3.616238e+00     Tr[DP]  1.242293e-01
 iter:  14:1        |ddm|: 4.935116e-01     Tr[DP]  1.087949e-01
 iter:  14:2        |ddm|: 3.431714e+00     Tr[DP]  1.240405e-01
 iter:  15:1        |ddm|: 5.186282e-01     Tr[DP]  1.104730e-01
 iter:  15:2        |ddm|: 2.983185e+00     Tr[DP]  1.237859e-01
 iter:  16:1        |ddm|: 2.004344e-01     Tr[DP]  1.111796e-01
 iter:  16:2        |ddm|: 2.232663e+00     Tr[DP]  1.231481e-01
 iter:  17:1        |ddm|: 1.584409e-01     Tr[DP]  1.119606e-01
 iter:  17:2        |ddm|: 2.095122e+00     Tr[DP]  1.227592e-01
 iter:  18:1        |ddm|: 1.438632e-01     Tr[DP]  1.127031e-01
 iter:  18:2        |ddm|: 1.880422e+00     Tr[DP]  1.224740e-01
 iter:  19:1        |ddm|: 1.315639e-01     Tr[DP]  1.133627e-01
 iter:  19:2        |ddm|: 1.668857e+00     Tr[DP]  1.222165e-01
 iter:  20:1        |ddm|: 1.200702e-01     Tr[DP]  1.139491e-01
 iter:  20:2        |ddm|: 1.480722e+00     Tr[DP]  1.219753e-01
 iter:  21:1        |ddm|: 2.077947e-01     Tr[DP]  1.143449e-01
 iter:  21:2        |ddm|: 1.390012e+00     Tr[DP]  1.217268e-01
 iter:  22:1        |ddm|: 1.653257e-01     Tr[DP]  1.150305e-01
 iter:  22:2        |ddm|: 1.256545e+00     Tr[DP]  1.217156e-01
 iter:  23:1        |ddm|: 9.237414e-02     Tr[DP]  1.154045e-01
 iter:  23:2        |ddm|: 1.014656e+00     Tr[DP]  1.214333e-01
 iter:  24:1        |ddm|: 8.149106e-02     Tr[DP]  1.157610e-01
 iter:  24:2        |ddm|: 9.212060e-01     Tr[DP]  1.212040e-01
 iter:  25:1        |ddm|: 7.385594e-02     Tr[DP]  1.161009e-01
 iter:  25:2        |ddm|: 8.317197e-01     Tr[DP]  1.210194e-01
 iter:  26:1        |ddm|: 6.854894e-02     Tr[DP]  1.163916e-01
 iter:  26:2        |ddm|: 7.443633e-01     Tr[DP]  1.208413e-01
 iter:  27:1        |ddm|: 6.140444e-02     Tr[DP]  1.166847e-01
 iter:  27:2        |ddm|: 6.662357e-01     Tr[DP]  1.207064e-01
 iter:  28:1        |ddm|: 8.149594e-02     Tr[DP]  1.169758e-01
 iter:  28:2        |ddm|: 5.746028e-01     Tr[DP]  1.205706e-01
 iter:  29:1        |ddm|: 5.022876e-02     Tr[DP]  1.171295e-01
 iter:  29:2        |ddm|: 4.854026e-01     Tr[DP]  1.203382e-01
 iter:  30:1        |ddm|: 1.402953e-01     Tr[DP]  1.172088e-01
 iter:  30:2        |ddm|: 5.227769e-01     Tr[DP]  1.201390e-01
 iter:  31:1        |ddm|: 1.105739e-01     Tr[DP]  1.173891e-01
 iter:  31:2        |ddm|: 5.395531e-01     Tr[DP]  1.201268e-01
 iter:  32:1        |ddm|: 6.610132e-02     Tr[DP]  1.176031e-01
 iter:  32:2        |ddm|: 4.919051e-01     Tr[DP]  1.201768e-01
 iter:  33:1        |ddm|: 5.196927e-02     Tr[DP]  1.177835e-01
 iter:  33:2        |ddm|: 4.334305e-01     Tr[DP]  1.201901e-01
 iter:  34:1        |ddm|: 1.081217e-01     Tr[DP]  1.178691e-01
 iter:  34:2        |ddm|: 4.308177e-01     Tr[DP]  1.201304e-01
 iter:  35:1        |ddm|: 1.391583e-01     Tr[DP]  1.182023e-01
 iter:  35:2        |ddm|: 4.021947e-01     Tr[DP]  1.202909e-01
 iter:  36:1        |ddm|: 3.504491e-02     Tr[DP]  1.182539e-01
 iter:  36:2        |ddm|: 2.514964e-01     Tr[DP]  1.201127e-01
 iter:  37:1        |ddm|: 2.879833e-02     Tr[DP]  1.183350e-01
 iter:  37:2        |ddm|: 2.459970e-01     Tr[DP]  1.199952e-01
 iter:  38:1        |ddm|: 5.628584e-02     Tr[DP]  1.183866e-01
 iter:  38:2        |ddm|: 2.516844e-01     Tr[DP]  1.198909e-01
 iter:  39:1        |ddm|: 2.845040e-02     Tr[DP]  1.184998e-01
 iter:  39:2        |ddm|: 2.412057e-01     Tr[DP]  1.198918e-01
 iter:  40:1        |ddm|: 2.472444e-02     Tr[DP]  1.185863e-01
 iter:  40:2        |ddm|: 2.132296e-01     Tr[DP]  1.198694e-01
 iter:  41:1        |ddm|: 2.063782e-02     Tr[DP]  1.186683e-01
 iter:  41:2        |ddm|: 1.917145e-01     Tr[DP]  1.198470e-01
 iter:  42:1        |ddm|: 4.466052e-02     Tr[DP]  1.186974e-01
 iter:  42:2        |ddm|: 1.882339e-01     Tr[DP]  1.197845e-01
 iter:  43:1        |ddm|: 2.699711e-02     Tr[DP]  1.188090e-01
 iter:  43:2        |ddm|: 1.739584e-01     Tr[DP]  1.198223e-01
 iter:  44:1        |ddm|: 1.604659e-02     Tr[DP]  1.188589e-01
 iter:  44:2        |ddm|: 1.413085e-01     Tr[DP]  1.197809e-01
 iter:  45:1        |ddm|: 1.388232e-02     Tr[DP]  1.189216e-01
 iter:  45:2        |ddm|: 1.291823e-01     Tr[DP]  1.197584e-01
 iter:  46:1        |ddm|: 1.176973e-02     Tr[DP]  1.189696e-01
 iter:  46:2        |ddm|: 1.129731e-01     Tr[DP]  1.197235e-01
 iter:  47:1        |ddm|: 1.071321e-02     Tr[DP]  1.190116e-01
 iter:  47:2        |ddm|: 1.017338e-01     Tr[DP]  1.196893e-01
 iter:  48:1        |ddm|: 9.695068e-03     Tr[DP]  1.190502e-01
 iter:  48:2        |ddm|: 9.210791e-02     Tr[DP]  1.196600e-01
 iter:  49:1        |ddm|: 1.022414e-02     Tr[DP]  1.190824e-01
 iter:  49:2        |ddm|: 8.429036e-02     Tr[DP]  1.196322e-01
 iter:  50:1        |ddm|: 8.671182e-03     Tr[DP]  1.191152e-01
 iter:  50:2        |ddm|: 7.744911e-02     Tr[DP]  1.196126e-01
 iter:  51:1        |ddm|: 7.489069e-03     Tr[DP]  1.191451e-01
 iter:  51:2        |ddm|: 6.947387e-02     Tr[DP]  1.195955e-01
 iter:  52:1        |ddm|: 6.716820e-03     Tr[DP]  1.191709e-01
 iter:  52:2        |ddm|: 6.223812e-02     Tr[DP]  1.195782e-01
 iter:  53:1        |ddm|: 5.902826e-03     Tr[DP]  1.191952e-01
 iter:  53:2        |ddm|: 5.581754e-02     Tr[DP]  1.195630e-01
 iter:  54:1        |ddm|: 6.438485e-03     Tr[DP]  1.192135e-01
 iter:  54:2        |ddm|: 5.077274e-02     Tr[DP]  1.195459e-01
 iter:  55:1        |ddm|: 6.253740e-03     Tr[DP]  1.192316e-01
 iter:  55:2        |ddm|: 4.761461e-02     Tr[DP]  1.195332e-01
 iter:  56:1        |ddm|: 7.486750e-03     Tr[DP]  1.192466e-01
 iter:  56:2        |ddm|: 4.522031e-02     Tr[DP]  1.195223e-01
 iter:  57:1        |ddm|: 5.188154e-03     Tr[DP]  1.192650e-01
 iter:  57:2        |ddm|: 4.187751e-02     Tr[DP]  1.195187e-01
 iter:  58:1        |ddm|: 4.803103e-03     Tr[DP]  1.192799e-01
 iter:  58:2        |ddm|: 3.768105e-02     Tr[DP]  1.195130e-01
 iter:  59:1        |ddm|: 4.454797e-03     Tr[DP]  1.192937e-01
 iter:  59:2        |ddm|: 3.462129e-02     Tr[DP]  1.195079e-01
 iter:  60:1        |ddm|: 3.647590e-03     Tr[DP]  1.193068e-01
 iter:  60:2        |ddm|: 3.140643e-02     Tr[DP]  1.195031e-01
 iter:  61:1        |ddm|: 3.746358e-03     Tr[DP]  1.193175e-01
 iter:  61:2        |ddm|: 2.862618e-02     Tr[DP]  1.194971e-01
 iter:  62:1        |ddm|: 2.872483e-03     Tr[DP]  1.193303e-01
 iter:  62:2        |ddm|: 2.596372e-02     Tr[DP]  1.194948e-01
 iter:  63:1        |ddm|: 3.350199e-03     Tr[DP]  1.193377e-01
 iter:  63:2        |ddm|: 2.326258e-02     Tr[DP]  1.194877e-01
 iter:  64:1        |ddm|: 2.361029e-03     Tr[DP]  1.193479e-01
 iter:  64:2        |ddm|: 2.156834e-02     Tr[DP]  1.194849e-01
 iter:  65:1        |ddm|: 2.417248e-03     Tr[DP]  1.193551e-01
 iter:  65:2        |ddm|: 1.921659e-02     Tr[DP]  1.194795e-01
 iter:  66:1        |ddm|: 1.992978e-03     Tr[DP]  1.193627e-01
 iter:  66:2        |ddm|: 1.768705e-02     Tr[DP]  1.194760e-01
 iter:  67:1        |ddm|: 1.721400e-03     Tr[DP]  1.193698e-01
 iter:  67:2        |ddm|: 1.583395e-02     Tr[DP]  1.194728e-01
 iter:  68:1        |ddm|: 2.068606e-03     Tr[DP]  1.193746e-01
 iter:  68:2        |ddm|: 1.444583e-02     Tr[DP]  1.194680e-01
 iter:  69:1        |ddm|: 1.527066e-03     Tr[DP]  1.193806e-01
 iter:  69:2        |ddm|: 1.345482e-02     Tr[DP]  1.194658e-01
 iter:  70:1        |ddm|: 1.370314e-03     Tr[DP]  1.193856e-01
 iter:  70:2        |ddm|: 1.204951e-02     Tr[DP]  1.194632e-01
 iter:  71:1        |ddm|: 1.239011e-03     Tr[DP]  1.193901e-01
 iter:  71:2        |ddm|: 1.089612e-02     Tr[DP]  1.194607e-01
 iter:  72:1        |ddm|: 1.190049e-03     Tr[DP]  1.193940e-01
 iter:  72:2        |ddm|: 9.928236e-03     Tr[DP]  1.194582e-01
 iter:  73:1        |ddm|: 4.490251e-03     Tr[DP]  1.193939e-01
 iter:  73:2        |ddm|: 1.161543e-02     Tr[DP]  1.194531e-01
 iter:  74:1        |ddm|: 3.778321e-03     Tr[DP]  1.194039e-01
 iter:  74:2        |ddm|: 1.068287e-02     Tr[DP]  1.194596e-01
 iter:  75:1        |ddm|: 9.763218e-04     Tr[DP]  1.194054e-01
 iter:  75:2        |ddm|: 6.679482e-03     Tr[DP]  1.194551e-01
 iter:  76:1        |ddm|: 9.513599e-04     Tr[DP]  1.194073e-01
 iter:  76:2        |ddm|: 6.509700e-03     Tr[DP]  1.194518e-01
 iter:  77:1        |ddm|: 7.334977e-04     Tr[DP]  1.194100e-01
 iter:  77:2        |ddm|: 6.227364e-03     Tr[DP]  1.194502e-01
 iter:  78:1        |ddm|: 7.516098e-04     Tr[DP]  1.194121e-01
 iter:  78:2        |ddm|: 5.723374e-03     Tr[DP]  1.194487e-01
 iter:  79:1        |ddm|: 6.311187e-04     Tr[DP]  1.194143e-01
 iter:  79:2        |ddm|: 5.266413e-03     Tr[DP]  1.194477e-01
 iter:  80:1        |ddm|: 6.850083e-04     Tr[DP]  1.194161e-01
 iter:  80:2        |ddm|: 4.850059e-03     Tr[DP]  1.194466e-01
 iter:  81:1        |ddm|: 5.040950e-04     Tr[DP]  1.194181e-01
 iter:  81:2        |ddm|: 4.442401e-03     Tr[DP]  1.194460e-01
 iter:  82:1        |ddm|: 4.339750e-04     Tr[DP]  1.194198e-01
 iter:  82:2        |ddm|: 3.934559e-03     Tr[DP]  1.194453e-01
 iter:  83:1        |ddm|: 4.182093e-04     Tr[DP]  1.194212e-01
 iter:  83:2        |ddm|: 3.539527e-03     Tr[DP]  1.194443e-01
 iter:  84:1        |ddm|: 3.765314e-04     Tr[DP]  1.194225e-01
 iter:  84:2        |ddm|: 3.248443e-03     Tr[DP]  1.194435e-01
 iter:  85:1        |ddm|: 3.670698e-04     Tr[DP]  1.194237e-01
 iter:  85:2        |ddm|: 2.975276e-03     Tr[DP]  1.194428e-01
 iter:  86:1        |ddm|: 3.126993e-04     Tr[DP]  1.194249e-01
 iter:  86:2        |ddm|: 2.719444e-03     Tr[DP]  1.194423e-01
 iter:  87:1        |ddm|: 3.151220e-04     Tr[DP]  1.194258e-01
 iter:  87:2        |ddm|: 2.478672e-03     Tr[DP]  1.194417e-01
 iter:  88:1        |ddm|: 2.660714e-04     Tr[DP]  1.194268e-01
 iter:  88:2        |ddm|: 2.274309e-03     Tr[DP]  1.194412e-01
 iter:  89:1        |ddm|: 2.258533e-04     Tr[DP]  1.194277e-01
 iter:  89:2        |ddm|: 2.043653e-03     Tr[DP]  1.194409e-01
 iter:  90:1        |ddm|: 1.989554e-04     Tr[DP]  1.194285e-01
 iter:  90:2        |ddm|: 1.811910e-03     Tr[DP]  1.194405e-01
 iter:  91:1        |ddm|: 1.728974e-04     Tr[DP]  1.194292e-01
 iter:  91:2        |ddm|: 1.594575e-03     Tr[DP]  1.194400e-01
 iter:  92:1        |ddm|: 2.084224e-04     Tr[DP]  1.194297e-01
 iter:  92:2        |ddm|: 1.459972e-03     Tr[DP]  1.194394e-01
 iter:  93:1        |ddm|: 1.680863e-04     Tr[DP]  1.194302e-01
 iter:  93:2        |ddm|: 1.379213e-03     Tr[DP]  1.194391e-01
 iter:  94:1        |ddm|: 1.537761e-04     Tr[DP]  1.194308e-01
 iter:  94:2        |ddm|: 1.259151e-03     Tr[DP]  1.194388e-01
 iter:  95:1        |ddm|: 1.394463e-04     Tr[DP]  1.194312e-01
 iter:  95:2        |ddm|: 1.149397e-03     Tr[DP]  1.194385e-01
 iter:  96:1        |ddm|: 1.582799e-04     Tr[DP]  1.194316e-01
 iter:  96:2        |ddm|: 1.068538e-03     Tr[DP]  1.194383e-01
 iter:  97:1        |ddm|: 2.404237e-04     Tr[DP]  1.194319e-01
 iter:  97:2        |ddm|: 1.066702e-03     Tr[DP]  1.194380e-01
 iter:  98:1        |ddm|: 1.200132e-04     Tr[DP]  1.194324e-01
 iter:  98:2        |ddm|: 9.838502e-04     Tr[DP]  1.194381e-01
 iter:  99:1        |ddm|: 1.273934e-04     Tr[DP]  1.194328e-01
 iter:  99:2        |ddm|: 8.329951e-04     Tr[DP]  1.194381e-01
 iter: 100:1        |ddm|: 8.291990e-05     Tr[DP]  1.194331e-01
 iter: 100:2        |ddm|: 6.980832e-04     Tr[DP]  1.194378e-01
 iter: 101:1        |ddm|: 6.925944e-05     Tr[DP]  1.194334e-01
 iter: 101:2        |ddm|: 6.486601e-04     Tr[DP]  1.194377e-01
 iter: 102:1        |ddm|: 6.256289e-05     Tr[DP]  1.194336e-01
 iter: 102:2        |ddm|: 5.813193e-04     Tr[DP]  1.194375e-01
 iter: 103:1        |ddm|: 8.142740e-05     Tr[DP]  1.194338e-01
 iter: 103:2        |ddm|: 5.336334e-04     Tr[DP]  1.194373e-01
 iter: 104:1        |ddm|: 6.455769e-05     Tr[DP]  1.194340e-01
 iter: 104:2        |ddm|: 5.079866e-04     Tr[DP]  1.194372e-01
 iter: 105:1        |ddm|: 5.179195e-05     Tr[DP]  1.194342e-01
 iter: 105:2        |ddm|: 4.587720e-04     Tr[DP]  1.194371e-01
 iter: 106:1        |ddm|: 4.932641e-05     Tr[DP]  1.194343e-01
 iter: 106:2        |ddm|: 4.128213e-04     Tr[DP]  1.194370e-01
 iter: 107:1        |ddm|: 4.252127e-05     Tr[DP]  1.194345e-01
 iter: 107:2        |ddm|: 3.758622e-04     Tr[DP]  1.194369e-01
 iter: 108:1        |ddm|: 1.087636e-04     Tr[DP]  1.194346e-01
 iter: 108:2        |ddm|: 3.853831e-04     Tr[DP]  1.194368e-01
 iter: 109:1        |ddm|: 5.198471e-05     Tr[DP]  1.194348e-01
 iter: 109:2        |ddm|: 3.529626e-04     Tr[DP]  1.194369e-01
 iter: 110:1        |ddm|: 3.337383e-05     Tr[DP]  1.194349e-01
 iter: 110:2        |ddm|: 2.859904e-04     Tr[DP]  1.194368e-01
 iter: 111:1        |ddm|: 2.871003e-05     Tr[DP]  1.194350e-01
 iter: 111:2        |ddm|: 2.546645e-04     Tr[DP]  1.194367e-01
 iter: 112:1        |ddm|: 2.708101e-05     Tr[DP]  1.194351e-01
 iter: 112:2        |ddm|: 2.350603e-04     Tr[DP]  1.194367e-01
 iter: 113:1        |ddm|: 2.595187e-05     Tr[DP]  1.194352e-01
 iter: 113:2        |ddm|: 2.159778e-04     Tr[DP]  1.194366e-01
 iter: 114:1        |ddm|: 2.229951e-05     Tr[DP]  1.194353e-01
 iter: 114:2        |ddm|: 1.971420e-04     Tr[DP]  1.194366e-01
 iter: 115:1        |ddm|: 2.679818e-05     Tr[DP]  1.194353e-01
 iter: 115:2        |ddm|: 1.821499e-04     Tr[DP]  1.194365e-01
 iter: 116:1        |ddm|: 2.215141e-05     Tr[DP]  1.194354e-01
 iter: 116:2        |ddm|: 1.706053e-04     Tr[DP]  1.194365e-01
 iter: 117:1        |ddm|: 1.757658e-05     Tr[DP]  1.194355e-01
 iter: 117:2        |ddm|: 1.538506e-04     Tr[DP]  1.194364e-01
 iter: 118:1        |ddm|: 1.552534e-05     Tr[DP]  1.194355e-01
 iter: 118:2        |ddm|: 1.374686e-04     Tr[DP]  1.194364e-01
 iter: 119:1        |ddm|: 1.408005e-05     Tr[DP]  1.194356e-01
 iter: 119:2        |ddm|: 1.242026e-04     Tr[DP]  1.194364e-01
 iter: 120:1        |ddm|: 1.275267e-05     Tr[DP]  1.194356e-01
 iter: 120:2        |ddm|: 1.126549e-04     Tr[DP]  1.194364e-01
 iter: 121:1        |ddm|: 1.582183e-05     Tr[DP]  1.194357e-01
 iter: 121:2        |ddm|: 1.002598e-04     Tr[DP]  1.194364e-01
 iter: 122:1        |ddm|: 1.879999e-05     Tr[DP]  1.194357e-01
 iter: 122:2        |ddm|: 8.886698e-05     Tr[DP]  1.194363e-01
 iter: 123:1        |ddm|: 1.007132e-05     Tr[DP]  1.194357e-01
 iter: 123:2        |ddm|: 8.657278e-05     Tr[DP]  1.194363e-01
 iter: 124:1        |ddm|: 9.097221e-06     Tr[DP]  1.194358e-01
 iter: 124:2        |ddm|: 7.717433e-05     Tr[DP]  1.194363e-01
 iter: 125:1        |ddm|: 8.707053e-06     Tr[DP]  1.194358e-01
 iter: 125:2        |ddm|: 7.025003e-05     Tr[DP]  1.194363e-01
 iter: 126:1        |ddm|: 9.347326e-06     Tr[DP]  1.194358e-01
 iter: 126:2        |ddm|: 6.547885e-05     Tr[DP]  1.194362e-01
 iter: 127:1        |ddm|: 1.107337e-05     Tr[DP]  1.194358e-01
 iter: 127:2        |ddm|: 6.275479e-05     Tr[DP]  1.194362e-01
 iter: 128:1        |ddm|: 6.628645e-06     Tr[DP]  1.194359e-01
 iter: 128:2        |ddm|: 5.702475e-05     Tr[DP]  1.194362e-01
 iter: 129:1        |ddm|: 5.728325e-06     Tr[DP]  1.194359e-01
 iter: 129:2        |ddm|: 4.944848e-05     Tr[DP]  1.194362e-01
 iter: 130:1        |ddm|: 5.061181e-06     Tr[DP]  1.194359e-01
 iter: 130:2        |ddm|: 4.486224e-05     Tr[DP]  1.194362e-01
 iter: 131:1        |ddm|: 4.587579e-06     Tr[DP]  1.194359e-01
 iter: 131:2        |ddm|: 4.069318e-05     Tr[DP]  1.194362e-01
 iter: 132:1        |ddm|: 4.085690e-06     Tr[DP]  1.194359e-01
 iter: 132:2        |ddm|: 3.679846e-05     Tr[DP]  1.194362e-01
 iter: 133:1        |ddm|: 3.598473e-06     Tr[DP]  1.194360e-01
 iter: 133:2        |ddm|: 3.308110e-05     Tr[DP]  1.194362e-01
 iter: 134:1        |ddm|: 3.198794e-06     Tr[DP]  1.194360e-01
 iter: 134:2        |ddm|: 2.931313e-05     Tr[DP]  1.194362e-01
 iter: 135:1        |ddm|: 3.604797e-06     Tr[DP]  1.194360e-01
 iter: 135:2        |ddm|: 2.657577e-05     Tr[DP]  1.194362e-01
 iter: 136:1        |ddm|: 2.902676e-06     Tr[DP]  1.194360e-01
 iter: 136:2        |ddm|: 2.500298e-05     Tr[DP]  1.194362e-01
 iter: 137:1        |ddm|: 2.643944e-06     Tr[DP]  1.194360e-01
 iter: 137:2        |ddm|: 2.258317e-05     Tr[DP]  1.194362e-01
 iter: 138:1        |ddm|: 3.419900e-06     Tr[DP]  1.194360e-01
 iter: 138:2        |ddm|: 2.115394e-05     Tr[DP]  1.194361e-01
 iter: 139:1        |ddm|: 5.867628e-06     Tr[DP]  1.194360e-01
 iter: 139:2        |ddm|: 2.225058e-05     Tr[DP]  1.194361e-01
 iter: 140:1        |ddm|: 2.795912e-06     Tr[DP]  1.194360e-01
 iter: 140:2        |ddm|: 1.993798e-05     Tr[DP]  1.194361e-01
 iter: 141:1        |ddm|: 1.918986e-06     Tr[DP]  1.194360e-01
 iter: 141:2        |ddm|: 1.648940e-05     Tr[DP]  1.194361e-01
 iter: 142:1        |ddm|: 1.688521e-06     Tr[DP]  1.194360e-01
 iter: 142:2        |ddm|: 1.494972e-05     Tr[DP]  1.194361e-01
 iter: 143:1        |ddm|: 1.520057e-06     Tr[DP]  1.194360e-01
 iter: 143:2        |ddm|: 1.351970e-05     Tr[DP]  1.194361e-01
 iter: 144:1        |ddm|: 1.339145e-06     Tr[DP]  1.194361e-01
 iter: 144:2        |ddm|: 1.224216e-05     Tr[DP]  1.194361e-01
 iter: 145:1        |ddm|: 1.253672e-06     Tr[DP]  1.194361e-01
 iter: 145:2        |ddm|: 1.103757e-05     Tr[DP]  1.194361e-01
 iter: 146:1        |ddm|: 1.198442e-06     Tr[DP]  1.194361e-01
 iter: 146:2        |ddm|: 1.007946e-05     Tr[DP]  1.194361e-01
 iter: 147:1        |ddm|: 1.314607e-06     Tr[DP]  1.194361e-01
 iter: 147:2        |ddm|: 8.914507e-06     Tr[DP]  1.194361e-01
 iter: 148:1        |ddm|: 9.887710e-07     Tr[DP]  1.194361e-01
 iter: 148:2        |ddm|: 8.432553e-06     Tr[DP]  1.194361e-01
 iter: 149:1        |ddm|: 1.184456e-06     Tr[DP]  1.194361e-01
 iter: 149:2        |ddm|: 7.541610e-06     Tr[DP]  1.194361e-01
 iter: 150:1        |ddm|: 1.118756e-06     Tr[DP]  1.194361e-01
 iter: 150:2        |ddm|: 7.260232e-06     Tr[DP]  1.194361e-01
 iter: 151:1        |ddm|: 1.007343e-06     Tr[DP]  1.194361e-01
 iter: 151:2        |ddm|: 6.751588e-06     Tr[DP]  1.194361e-01
 iter: 152:1        |ddm|: 7.251418e-07     Tr[DP]  1.194361e-01
 iter: 152:2        |ddm|: 6.307081e-06     Tr[DP]  1.194361e-01
 iter: 153:1        |ddm|: 6.319901e-07     Tr[DP]  1.194361e-01
 iter: 153:2        |ddm|: 5.508767e-06     Tr[DP]  1.194361e-01
 iter: 154:1        |ddm|: 5.562279e-07     Tr[DP]  1.194361e-01
 iter: 154:2        |ddm|: 4.890134e-06     Tr[DP]  1.194361e-01
 iter: 155:1        |ddm|: 4.979733e-07     Tr[DP]  1.194361e-01
 iter: 155:2        |ddm|: 4.470269e-06     Tr[DP]  1.194361e-01
 iter: 156:1        |ddm|: 4.511440e-07     Tr[DP]  1.194361e-01
 iter: 156:2        |ddm|: 4.114150e-06     Tr[DP]  1.194361e-01
 iter: 157:1        |ddm|: 3.996888e-07     Tr[DP]  1.194361e-01
 iter: 157:2        |ddm|: 3.649671e-06     Tr[DP]  1.194361e-01
 iter: 158:1        |ddm|: 3.466551e-07     Tr[DP]  1.194361e-01
 iter: 158:2        |ddm|: 3.111580e-06     Tr[DP]  1.194361e-01
 iter: 159:1        |ddm|: 3.238254e-07     Tr[DP]  1.194361e-01
 iter: 159:2        |ddm|: 2.891193e-06     Tr[DP]  1.194361e-01
 iter: 160:1        |ddm|: 2.940116e-07     Tr[DP]  1.194361e-01
 iter: 160:2        |ddm|: 2.799352e-06     Tr[DP]  1.194361e-01
 iter: 161:1        |ddm|: 2.934489e-07     Tr[DP]  1.194361e-01
 iter: 161:2        |ddm|: 2.494113e-06     Tr[DP]  1.194361e-01
 iter: 162:1        |ddm|: 3.549974e-07     Tr[DP]  1.194361e-01
 iter: 162:2        |ddm|: 2.542697e-06     Tr[DP]  1.194361e-01
 iter: 163:1        |ddm|: 7.699993e-07     Tr[DP]  1.194361e-01
 iter: 163:2        |ddm|: 2.899303e-06     Tr[DP]  1.194361e-01
 iter: 164:1        |ddm|: 3.090402e-07     Tr[DP]  1.194361e-01
 iter: 164:2        |ddm|: 1.381142e-06     Tr[DP]  1.194361e-01
 iter: 165:1        |ddm|: 1.992135e-07     Tr[DP]  1.194361e-01
 iter: 165:2        |ddm|: 1.664003e-06     Tr[DP]  1.194361e-01
 iter: 166:1        |ddm|: 1.680595e-07     Tr[DP]  1.194361e-01
 iter: 166:2        |ddm|: 1.671626e-06     Tr[DP]  1.194361e-01
 iter: 167:1        |ddm|: 1.732158e-07     Tr[DP]  1.194361e-01
 iter: 167:2        |ddm|: 1.479676e-06     Tr[DP]  1.194361e-01
 iter: 168:1        |ddm|: 1.620997e-07     Tr[DP]  1.194361e-01
 iter: 168:2        |ddm|: 1.516386e-06     Tr[DP]  1.194361e-01
 iter: 169:1        |ddm|: 1.510885e-07     Tr[DP]  1.194361e-01
 iter: 169:2        |ddm|: 1.220708e-06     Tr[DP]  1.194361e-01
 iter: 170:1        |ddm|: 1.255837e-07     Tr[DP]  1.194361e-01
 iter: 170:2        |ddm|: 1.080117e-06     Tr[DP]  1.194361e-01
 iter: 171:1        |ddm|: 1.329033e-07     Tr[DP]  1.194361e-01
 iter: 171:2        |ddm|: 1.024261e-06     Tr[DP]  1.194361e-01
 iter: 172:1        |ddm|: 1.230573e-07     Tr[DP]  1.194361e-01
 iter: 172:2        |ddm|: 9.659429e-07     Tr[DP]  1.194361e-01
 iter: 173:1        |ddm|: 1.017406e-07     Tr[DP]  1.194361e-01
 iter: 173:2        |ddm|: 8.773123e-07     Tr[DP]  1.194361e-01
                           Freeze-and-Thaw converged!                           

=================== Subsystem 1 at higher mean-field method ====================
  subiter:   1      |ddm|: 5.758173e+00
  subiter:   2      |ddm|: 8.053192e-01
  subiter:   3      |ddm|: 1.001856e-01
  subiter:   4      |ddm|: 5.509634e-02
  subiter:   5      |ddm|: 2.643425e-02
  subiter:   6      |ddm|: 3.712743e-03
  subiter:   7      |ddm|: 8.160025e-04
  subiter:   8      |ddm|: 2.298618e-04
  subiter:   9      |ddm|: 1.766032e-04
  subiter:  10      |ddm|: 2.055783e-05
  subiter:  11      |ddm|: 1.937151e-05
  subiter:  12      |ddm|: 6.710181e-06
  subiter:  13      |ddm|: 2.619671e-06
  subiter:  14      |ddm|: 1.506304e-06
  subiter:  15      |ddm|: 4.675606e-07
  subiter:  16      |ddm|: 9.669245e-08
  subiter:  17      |ddm|: 1.144965e-07
  subiter:  18      |ddm|: 1.751319e-08
  subiter:  19      |ddm|: 2.053848e-08
  subiter:  20      |ddm|: 1.879199e-08
  subiter:  21      |ddm|: 2.968001e-09


******** <class 'pyscf.scf.hf.RHF'> flags ********
method = RHF
initial guess = minao
damping factor = 0
level shift factor = 0
DIIS = <class 'pyscf.scf.diis.CDIIS'>
DIIS start cycle = 1
DIIS space = 8
SCF tol = 1e-09
SCF gradient tol = None
max. SCF cycles = 100
direct_scf = True
direct_scf_tol = 1e-13
chkfile to save SCF result = /panfs/roc/scratch/graha682/20170815_augccpVTZ_m06_ccsdt_ft_4octa1234ene_p/tmp87D2Xm
max_memory 4000 MB (current use 237 MB)
Set gradient conv threshold to 3.16228e-05
init E= -144.372398228506
  HOMO = -0.340688548698965  LUMO = 0.0296755953727252
cycle= 1 E= -144.372398228506  delta_E= -2.27e-13  |g|= 1.2e-09  |ddm|= 2.05e-08
  HOMO = -0.340688548609405  LUMO = 0.0296755953764768
Extra cycle  E= -144.372398228507  delta_E= -1.42e-12  |g|= 1.2e-09  |ddm|= 7.42e-08
converged SCF energy = -144.372398228507


******** <class 'pyscf.dft.rks.RKS'> flags ********
method = RKS
initial guess = atom
damping factor = 0
level shift factor = 0.0
DIIS = <class 'pyscf.scf.diis.CDIIS'>
DIIS start cycle = 1
DIIS space = 8
SCF tol = 1e-08
SCF gradient tol = 1e-08
max. SCF cycles = 1
direct_scf = True
direct_scf_tol = 1e-13
chkfile to save SCF result = /panfs/roc/scratch/graha682/20170815_augccpVTZ_m06_ccsdt_ft_4octa1234ene_p/tmp4Q5_dQ
max_memory 4000 MB (current use 238 MB)
XC functionals = m06
small_rho_cutoff = 1e-20
radial grids: Treutler-Ahlrichs (JCP 102, 346 (M4)) radial grids
becke partition: Becke, JCP, 88, 2547 (1988)
pruning grids: <function nwchem_prune at 0x1788ed8>
grids dens level: 4
symmetrized grids: False
atomic radii adjust function: <function treutler_atomic_radii_adjust at 0x1788d70>
init E= -145.286928812447
  HOMO = -0.26763856005528  LUMO = -0.0652571502016944
cycle= 1 E= -145.286928812448  delta_E= -3.69e-13  |g|= 1.4e-09  |ddm|= 9.72e-08
  HOMO = -0.267638560272458  LUMO = -0.0652571503815796
Extra cycle  E= -145.286928812448  delta_E= -1.71e-13  |g|= 1.4e-09  |ddm|= 5.78e-08
converged SCF energy = -145.286928812448
 iter: 174:1        |ddm|: 6.508814e+00     Tr[DP]  1.904028e-01

==================== Doing CCSD Calculation on Subsystem 1 =====================

******** <class 'pyscf.cc.ccsd.CCSD'> flags ********
CCSD nocc = 13, nvir = 240
max_cycle = 50
direct = 0
conv_tol = 1e-07
conv_tol_normt = 1e-05
diis_space = 6
diis_start_cycle = 0
diis_start_energy_diff = 1e+09
max_memory 4000 MB (current use 249 MB)
Init t2, MP2 energy = -0.639940168592738
cycle = 1  E(CCSD) = -0.644689542807662  dE = -0.644689543  norm(t1,t2) = 0.110776
cycle = 2  E(CCSD) = -0.662379350420483  dE = -0.0176898076  norm(t1,t2) = 0.0388079
cycle = 3  E(CCSD) = -0.662904683291773  dE = -0.000525332871  norm(t1,t2) = 0.0215003
cycle = 4  E(CCSD) = -0.664798770791211  dE = -0.0018940875  norm(t1,t2) = 0.00982796
cycle = 5  E(CCSD) = -0.666013484427019  dE = -0.00121471364  norm(t1,t2) = 0.00648058
cycle = 6  E(CCSD) = -0.66579872338659  dE = 0.00021476104  norm(t1,t2) = 0.00112377
cycle = 7  E(CCSD) = -0.665793928495947  dE = 4.79489064e-06  norm(t1,t2) = 0.000561074
cycle = 8  E(CCSD) = -0.665811802118006  dE = -1.78736221e-05  norm(t1,t2) = 0.00015739
cycle = 9  E(CCSD) = -0.665807400790618  dE = 4.40132739e-06  norm(t1,t2) = 7.25331e-05
cycle = 10  E(CCSD) = -0.665810977089528  dE = -3.57629891e-06  norm(t1,t2) = 3.07955e-05
cycle = 11  E(CCSD) = -0.665810521090567  dE = 4.5599896e-07  norm(t1,t2) = 1.0099e-05
cycle = 12  E(CCSD) = -0.665810203295683  dE = 3.17794885e-07  norm(t1,t2) = 4.53568e-06
cycle = 13  E(CCSD) = -0.665810198664468  dE = 4.63121486e-09  norm(t1,t2) = 1.33623e-06
CCSD converged
E(CCSD) = -145.0382084271719  E_corr = -0.6658101986644678
Hartree-Fock Energy:  -144.37239822850742
CCSD Correlation:       -0.66581019866447
CCSD Energy:          -145.03820842717190

=================== Doing CCSD(T) Calculation on Subsystem 1 ===================
CCSD(T) correction = -0.0332874791179677
Hartree-Fock Energy:  -144.37239822850742
CCSD(T) Correlation:       -0.69909767778244
CCSD(T) Energy:          -145.07149590628987

============================== Supermolecular DFT ==============================
  subiter:   1      |ddm|: 4.446259e+01
  subiter:   2      |ddm|: 2.948067e+00
  subiter:   3      |ddm|: 7.606134e-01
  subiter:   4      |ddm|: 3.161764e-01
  subiter:   5      |ddm|: 2.367197e-01
  subiter:   6      |ddm|: 8.860135e-02
  subiter:   7      |ddm|: 4.130355e-02
  subiter:   8      |ddm|: 9.973857e-03
  subiter:   9      |ddm|: 2.924187e-03
  subiter:  10      |ddm|: 5.282991e-03
  subiter:  11      |ddm|: 8.701982e-04
  subiter:  12      |ddm|: 4.635341e-04
  subiter:  13      |ddm|: 1.022079e-04
  subiter:  14      |ddm|: 3.203438e-05
  subiter:  15      |ddm|: 3.067732e-05
  subiter:  16      |ddm|: 2.962392e-06
  subiter:  17      |ddm|: 3.340045e-06
  subiter:  18      |ddm|: 6.936021e-07
  subiter:  19      |ddm|: 5.357218e-07
  subiter:  20      |ddm|: 1.303050e-07
  subiter:  21      |ddm|: 1.435219e-07
  subiter:  22      |ddm|: 6.200165e-08
  subiter:  23      |ddm|: 9.663180e-08
  subiter:  24      |ddm|: 6.040713e-08
  subiter:  25      |ddm|: 6.337683e-08
  subiter:  26      |ddm|: 6.022837e-08
  subiter:  27      |ddm|: 6.282217e-08
  subiter:  28      |ddm|: 5.593337e-08
  subiter:  29      |ddm|: 9.225759e-08
  subiter:  30      |ddm|: 7.272790e-08
  subiter:  31      |ddm|: 6.375242e-08
  subiter:  32      |ddm|: 7.018144e-08
  subiter:  33      |ddm|: 5.602883e-08
  subiter:  34      |ddm|: 6.449508e-08
  subiter:  35      |ddm|: 6.774212e-08
  subiter:  36      |ddm|: 6.837045e-08
  subiter:  37      |ddm|: 7.940641e-08
  subiter:  38      |ddm|: 7.468028e-08
  subiter:  39      |ddm|: 8.185164e-08
  subiter:  40      |ddm|: 8.815125e-08
  subiter:  41      |ddm|: 5.779835e-08
  subiter:  42      |ddm|: 8.240775e-08
  subiter:  43      |ddm|: 1.042613e-07
  subiter:  44      |ddm|: 8.224058e-08
  subiter:  45      |ddm|: 7.096558e-08
  subiter:  46      |ddm|: 1.011606e-07
  subiter:  47      |ddm|: 5.302402e-08
  subiter:  48      |ddm|: 8.461167e-08
  subiter:  49      |ddm|: 5.429623e-08
  subiter:  50      |ddm|: 3.859551e-08
  subiter:  51      |ddm|: 7.891794e-08
  subiter:  52      |ddm|: 1.003581e-07
  subiter:  53      |ddm|: 8.884927e-08
  subiter:  54      |ddm|: 7.439014e-08
  subiter:  55      |ddm|: 7.913285e-08
  subiter:  56      |ddm|: 6.879967e-08
  subiter:  57      |ddm|: 8.420149e-08
  subiter:  58      |ddm|: 9.090866e-08
  subiter:  59      |ddm|: 6.473970e-08
  subiter:  60      |ddm|: 5.506683e-08
  subiter:  61      |ddm|: 8.500378e-08
  subiter:  62      |ddm|: 5.364385e-08
  subiter:  63      |ddm|: 6.829450e-08
  subiter:  64      |ddm|: 7.071545e-08
  subiter:  65      |ddm|: 6.183406e-08
  subiter:  66      |ddm|: 7.179649e-08
  subiter:  67      |ddm|: 7.672158e-08
  subiter:  68      |ddm|: 9.103655e-08
  subiter:  69      |ddm|: 5.579947e-08
  subiter:  70      |ddm|: 6.937053e-08
  subiter:  71      |ddm|: 7.367903e-08
  subiter:  72      |ddm|: 5.212131e-08
  subiter:  73      |ddm|: 9.040926e-08
  subiter:  74      |ddm|: 9.193260e-08
  subiter:  75      |ddm|: 7.504200e-08
  subiter:  76      |ddm|: 1.285892e-07
  subiter:  77      |ddm|: 1.033982e-07
  subiter:  78      |ddm|: 6.676526e-08
  subiter:  79      |ddm|: 1.052137e-07
  subiter:  80      |ddm|: 1.150351e-07
  subiter:  81      |ddm|: 7.128194e-08
  subiter:  82      |ddm|: 8.527520e-08
  subiter:  83      |ddm|: 1.061402e-07
  subiter:  84      |ddm|: 5.827069e-08
  subiter:  85      |ddm|: 7.035526e-08
  subiter:  86      |ddm|: 7.923541e-08
  subiter:  87      |ddm|: 8.165046e-08
  subiter:  88      |ddm|: 6.460115e-08
  subiter:  89      |ddm|: 7.686171e-08
  subiter:  90      |ddm|: 7.142432e-08
  subiter:  91      |ddm|: 7.143470e-08
  subiter:  92      |ddm|: 7.052328e-08
  subiter:  93      |ddm|: 5.275362e-08
  subiter:  94      |ddm|: 6.298374e-08
  subiter:  95      |ddm|: 7.982497e-08
  subiter:  96      |ddm|: 9.751336e-08
  subiter:  97      |ddm|: 9.479648e-08
  subiter:  98      |ddm|: 4.854670e-08
  subiter:  99      |ddm|: 6.278988e-08
  subiter: 100      |ddm|: 6.889761e-08


******** <class 'pyscf.dft.rks.RKS'> flags ********
method = RKS
initial guess = atom
damping factor = 0
level shift factor = 0.0
DIIS = <class 'pyscf.scf.diis.CDIIS'>
DIIS start cycle = 1
DIIS space = 8
SCF tol = 1e-08
SCF gradient tol = 1e-08
max. SCF cycles = 100
direct_scf = True
direct_scf_tol = 1e-13
chkfile to save SCF result = /panfs/roc/scratch/graha682/20170815_augccpVTZ_m06_ccsdt_ft_4octa1234ene_p/tmpeV7n8z
max_memory 4000 MB (current use 726 MB)
XC functionals = m06
small_rho_cutoff = 1e-20
radial grids: Treutler-Ahlrichs (JCP 102, 346 (M4)) radial grids
becke partition: Becke, JCP, 88, 2547 (1988)
pruning grids: <function nwchem_prune at 0x1788ed8>
grids dens level: 4
symmetrized grids: False
atomic radii adjust function: <function treutler_atomic_radii_adjust at 0x1788d70>
init E= -309.395592848538
  HOMO = -0.222751382032967  LUMO = -0.0787367595878389
cycle= 1 E= -309.395592848538  delta_E= 5.68e-13  |g|= 2.29e-10  |ddm|= 3.59e-07
  HOMO = -0.222751382033199  LUMO = -0.0787367595880027
Extra cycle  E= -309.395592848539  delta_E= -1.59e-12  |g|= 2.29e-10  |ddm|= 3.33e-07
converged SCF energy = -309.395592848539
Supermolecular DFT   -309.39559284853920

============================== Embedding Energies ==============================
Subsystem DFT              -145.28692881244797
Interaction                -164.00820913867653
DFT-in-DFT                 -309.29513795112450
Supermolecular DFT         -309.39559284853920
Difference                   -0.10045489741469
Corrected DFT-in-DFT       -309.39559284853920
WF-in-DFT                  -309.07970504496643
Corrected WF-in-DFT        -309.18015994238112
================================================================================
TIMING STATISTICS:
     overlap integrals      0.03s   ( 0.00%)
    initial subsystems      0.18s   ( 0.00%)
           2e matrices  12076.29s   (60.35%)
      tot. embed. of 1  12186.95s   (60.90%)
      tot. embed. of 2      2.75s   ( 0.01%)
       freeze and thaw  12189.77s   (60.92%)
                  ccsd    390.28s   ( 1.95%)
               ccsd(t)    238.08s   ( 1.19%)
  interaction energies   7191.76s   (35.94%)
                 TOTAL  20010.34s
================================================================================

********************************************************************************
*                              END OF CALCULATION                              *
********************************************************************************
