********************************************************************************
*                         FREEZE-AND-THAW CALCULATION                          *
********************************************************************************

================================== Input File ==================================

subsystem
C                  4.34897800   -0.45553500    0.00023000
H                  5.16969100    0.25150300    0.00028400
H                  4.60295000   -1.50848600    0.00030300
C                  3.10140300   -0.05278700    0.00008000
C                  1.90690500    0.33445500   -0.00006300
C                  0.64990000    0.74588600   -0.00020200
H                  0.45037000    1.81620200   -0.00030400
charge +1
end

subsystem
C                 -0.48880800   -0.12324200   -0.00023900
H                 -0.29617300   -1.19252400   -0.00039000
C                 -1.75745100    0.31681500   -0.00010700
H                 -1.94276100    1.38936700    0.00004900
C                 -2.90788300   -0.54357500   -0.00016900
H                 -2.71111500   -1.61271500   -0.00071500
C                 -4.16586400   -0.10707000    0.00038900
H                 -5.00630900   -0.78663200    0.00031200
H                 -4.38973500    0.95361200    0.00094600
charge -1
end

embed
 huzinaga
 cycles 300
 conv 1e-6
 method m06
end

basis cc-pVDZ
method ccsd(t)
grid 4
conv 1e-8
grad 1e-8
maxiter 100
================================== End Input ===================================
tot grids = 354048

                      Getting subsystem overlap integrals                       

                          Initial subsystem densities                           
Guessing initial subsystem densities
Initial guess from superpostion of atomic densties.
Guessing initial subsystem densities
Initial guess from superpostion of atomic densties.

=========================== Starting Freeze-and-Thaw ===========================
 iter:   1:1        |ddm|: 6.262385e+00     Tr[DP]  3.408791e-01
 iter:   1:2        |ddm|: 5.197641e+00     Tr[DP]  2.603975e-01
 iter:   2:1        |ddm|: 3.668997e+00     Tr[DP]  1.950762e-01
 iter:   2:2        |ddm|: 5.334242e+00     Tr[DP]  3.852024e-01
 iter:   3:1        |ddm|: 2.428369e+00     Tr[DP]  2.290697e-01
 iter:   3:2        |ddm|: 4.043983e+00     Tr[DP]  2.641874e-01
 iter:   4:1        |ddm|: 8.336780e-01     Tr[DP]  2.396431e-01
 iter:   4:2        |ddm|: 7.285388e-01     Tr[DP]  2.733793e-01
 iter:   5:1        |ddm|: 3.981861e-01     Tr[DP]  2.403367e-01
 iter:   5:2        |ddm|: 4.193833e-01     Tr[DP]  2.683636e-01
 iter:   6:1        |ddm|: 2.670036e-01     Tr[DP]  2.453672e-01
 iter:   6:2        |ddm|: 3.237716e-01     Tr[DP]  2.633127e-01
 iter:   7:1        |ddm|: 1.966240e-01     Tr[DP]  2.461036e-01
 iter:   7:2        |ddm|: 3.097048e-01     Tr[DP]  2.595534e-01
 iter:   8:1        |ddm|: 1.161712e-01     Tr[DP]  2.490420e-01
 iter:   8:2        |ddm|: 1.246688e-01     Tr[DP]  2.574266e-01
 iter:   9:1        |ddm|: 9.129277e-02     Tr[DP]  2.504218e-01
 iter:   9:2        |ddm|: 1.013035e-01     Tr[DP]  2.557035e-01
 iter:  10:1        |ddm|: 5.276106e-02     Tr[DP]  2.507646e-01
 iter:  10:2        |ddm|: 8.586798e-02     Tr[DP]  2.544889e-01
 iter:  11:1        |ddm|: 3.725882e-02     Tr[DP]  2.515330e-01
 iter:  11:2        |ddm|: 3.986513e-02     Tr[DP]  2.537753e-01
 iter:  12:1        |ddm|: 2.411787e-02     Tr[DP]  2.518546e-01
 iter:  12:2        |ddm|: 2.821438e-02     Tr[DP]  2.532802e-01
 iter:  13:1        |ddm|: 1.484861e-02     Tr[DP]  2.520238e-01
 iter:  13:2        |ddm|: 2.041552e-02     Tr[DP]  2.529634e-01
 iter:  14:1        |ddm|: 9.824559e-03     Tr[DP]  2.521600e-01
 iter:  14:2        |ddm|: 1.232818e-02     Tr[DP]  2.527544e-01
 iter:  15:1        |ddm|: 6.238056e-03     Tr[DP]  2.522444e-01
 iter:  15:2        |ddm|: 8.082372e-03     Tr[DP]  2.526296e-01
 iter:  16:1        |ddm|: 4.110730e-03     Tr[DP]  2.523004e-01
 iter:  16:2        |ddm|: 5.030658e-03     Tr[DP]  2.525420e-01
 iter:  17:1        |ddm|: 2.643288e-03     Tr[DP]  2.523368e-01
 iter:  17:2        |ddm|: 3.165837e-03     Tr[DP]  2.524893e-01
 iter:  18:1        |ddm|: 1.682960e-03     Tr[DP]  2.523630e-01
 iter:  18:2        |ddm|: 1.813228e-03     Tr[DP]  2.524560e-01
 iter:  19:1        |ddm|: 1.547114e-03     Tr[DP]  2.524191e-01
 iter:  19:2        |ddm|: 1.417204e-03     Tr[DP]  2.524409e-01
 iter:  20:1        |ddm|: 7.599953e-04     Tr[DP]  2.523753e-01
 iter:  20:2        |ddm|: 2.368377e-03     Tr[DP]  2.524278e-01
 iter:  21:1        |ddm|: 4.003716e-04     Tr[DP]  2.523740e-01
 iter:  21:2        |ddm|: 1.300050e-03     Tr[DP]  2.524157e-01
 iter:  22:1        |ddm|: 4.785030e-04     Tr[DP]  2.523856e-01
 iter:  22:2        |ddm|: 4.479860e-04     Tr[DP]  2.524085e-01
 iter:  23:1        |ddm|: 3.043814e-04     Tr[DP]  2.523890e-01
 iter:  23:2        |ddm|: 3.362233e-04     Tr[DP]  2.524038e-01
 iter:  24:1        |ddm|: 1.770590e-04     Tr[DP]  2.523903e-01
 iter:  24:2        |ddm|: 2.482121e-04     Tr[DP]  2.524006e-01
 iter:  25:1        |ddm|: 1.166001e-04     Tr[DP]  2.523911e-01
 iter:  25:2        |ddm|: 1.845186e-04     Tr[DP]  2.523984e-01
 iter:  26:1        |ddm|: 8.630657e-05     Tr[DP]  2.523920e-01
 iter:  26:2        |ddm|: 1.139643e-04     Tr[DP]  2.523968e-01
 iter:  27:1        |ddm|: 6.037010e-05     Tr[DP]  2.523930e-01
 iter:  27:2        |ddm|: 5.968018e-05     Tr[DP]  2.523959e-01
 iter:  28:1        |ddm|: 3.825801e-05     Tr[DP]  2.523935e-01
 iter:  28:2        |ddm|: 3.442248e-05     Tr[DP]  2.523953e-01
 iter:  29:1        |ddm|: 2.039871e-05     Tr[DP]  2.523937e-01
 iter:  29:2        |ddm|: 2.445093e-05     Tr[DP]  2.523949e-01
 iter:  30:1        |ddm|: 1.234437e-05     Tr[DP]  2.523939e-01
 iter:  30:2        |ddm|: 1.668906e-05     Tr[DP]  2.523946e-01
 iter:  31:1        |ddm|: 8.462137e-06     Tr[DP]  2.523940e-01
 iter:  31:2        |ddm|: 1.100496e-05     Tr[DP]  2.523945e-01
 iter:  32:1        |ddm|: 5.157811e-06     Tr[DP]  2.523941e-01
 iter:  32:2        |ddm|: 5.925258e-06     Tr[DP]  2.523944e-01
 iter:  33:1        |ddm|: 3.064492e-06     Tr[DP]  2.523940e-01
 iter:  33:2        |ddm|: 7.015705e-06     Tr[DP]  2.523943e-01
 iter:  34:1        |ddm|: 2.762350e-06     Tr[DP]  2.523941e-01
 iter:  34:2        |ddm|: 2.278278e-06     Tr[DP]  2.523942e-01
 iter:  35:1        |ddm|: 1.713600e-06     Tr[DP]  2.523941e-01
 iter:  35:2        |ddm|: 1.579450e-06     Tr[DP]  2.523942e-01
 iter:  36:1        |ddm|: 9.064239e-07     Tr[DP]  2.523941e-01
 iter:  36:2        |ddm|: 1.076706e-06     Tr[DP]  2.523942e-01
 iter:  37:1        |ddm|: 5.644431e-07     Tr[DP]  2.523942e-01
 iter:  37:2        |ddm|: 6.637705e-07     Tr[DP]  2.523942e-01
 iter:  38:1        |ddm|: 3.439047e-07     Tr[DP]  2.523942e-01
 iter:  38:2        |ddm|: 4.364661e-07     Tr[DP]  2.523942e-01
                           Freeze-and-Thaw converged!                           

=================== Subsystem 1 at higher mean-field method ====================
  subiter:   1      |ddm|: 1.520456e+00
  subiter:   2      |ddm|: 1.489170e-01
  subiter:   3      |ddm|: 3.538680e-02
  subiter:   4      |ddm|: 1.858091e-02
  subiter:   5      |ddm|: 3.072845e-03
  subiter:   6      |ddm|: 1.538372e-03
  subiter:   7      |ddm|: 4.103630e-04
  subiter:   8      |ddm|: 1.108526e-04
  subiter:   9      |ddm|: 7.720384e-05
  subiter:  10      |ddm|: 3.179345e-05
  subiter:  11      |ddm|: 2.737037e-06
  subiter:  12      |ddm|: 5.370612e-06
  subiter:  13      |ddm|: 1.774468e-06
  subiter:  14      |ddm|: 3.208083e-07
  subiter:  15      |ddm|: 7.770456e-08
  subiter:  16      |ddm|: 7.436159e-08
  subiter:  17      |ddm|: 6.601662e-09


******** <class 'pyscf.scf.hf.RHF'> flags ********
method = RHF
initial guess = minao
damping factor = 0
level shift factor = 0
DIIS = <class 'pyscf.scf.diis.CDIIS'>
DIIS start cycle = 1
DIIS space = 8
SCF tol = 1e-09
SCF gradient tol = None
max. SCF cycles = 100
direct_scf = True
direct_scf_tol = 1e-13
chkfile to save SCF result = /panfs/roc/scratch/graha682/20170815_ccpVDZ_m06_ccsdt_ft_4octa1234ene_p/tmpGDZVmG
max_memory 4000 MB (current use 755 MB)
Set gradient conv threshold to 3.16228e-05
init E= -145.725397787535
  HOMO = -0.35413613102716  LUMO = 0.0634725274850487
cycle= 1 E= -145.725397787536  delta_E= -7.39e-13  |g|= 4.3e-09  |ddm|= 2.05e-08
  HOMO = -0.354136130786231  LUMO = 0.0634725274289165
Extra cycle  E= -145.725397787535  delta_E= 4.55e-13  |g|= 4.3e-09  |ddm|= 7.47e-09
converged SCF energy = -145.725397787535


******** <class 'pyscf.dft.rks.RKS'> flags ********
method = RKS
initial guess = atom
damping factor = 0
level shift factor = 0.0
DIIS = <class 'pyscf.scf.diis.CDIIS'>
DIIS start cycle = 1
DIIS space = 8
SCF tol = 1e-08
SCF gradient tol = 1e-08
max. SCF cycles = 1
direct_scf = True
direct_scf_tol = 1e-13
chkfile to save SCF result = /panfs/roc/scratch/graha682/20170815_ccpVDZ_m06_ccsdt_ft_4octa1234ene_p/tmpHdzr_Z
max_memory 4000 MB (current use 756 MB)
XC functionals = m06
small_rho_cutoff = 1e-20
radial grids: Treutler-Ahlrichs (JCP 102, 346 (M4)) radial grids
becke partition: Becke, JCP, 88, 2547 (1988)
pruning grids: <function nwchem_prune at 0x1786ed8>
grids dens level: 4
symmetrized grids: False
atomic radii adjust function: <function treutler_atomic_radii_adjust at 0x1786d70>
init E= -146.610469943046
  HOMO = -0.280198245310951  LUMO = -0.0787529148521629
cycle= 1 E= -146.610469943046  delta_E= -3.41e-13  |g|= 4.05e-09  |ddm|= 2.22e-07
  HOMO = -0.280198245360925  LUMO = -0.0787529149139064
Extra cycle  E= -146.610469943046  delta_E= 8.53e-14  |g|= 4.05e-09  |ddm|= 2.81e-08
converged SCF energy = -146.610469943046
 iter:  39:1        |ddm|: 1.629150e+00     Tr[DP]  2.986327e-01

==================== Doing CCSD Calculation on Subsystem 1 =====================

******** <class 'pyscf.cc.ccsd.CCSD'> flags ********
CCSD nocc = 13, nvir = 58
max_cycle = 50
direct = 0
conv_tol = 1e-07
conv_tol_normt = 1e-05
diis_space = 6
diis_start_cycle = 0
diis_start_energy_diff = 1e+09
max_memory 4000 MB (current use 757 MB)
Init t2, MP2 energy = -0.475715778099779
cycle = 1  E(CCSD) = -0.490993616958712  dE = -0.490993617  norm(t1,t2) = 0.111237
cycle = 2  E(CCSD) = -0.50611994187601  dE = -0.0151263249  norm(t1,t2) = 0.0417262
cycle = 3  E(CCSD) = -0.508389116957673  dE = -0.00226917508  norm(t1,t2) = 0.0237431
cycle = 4  E(CCSD) = -0.510830810657697  dE = -0.0024416937  norm(t1,t2) = 0.0116292
cycle = 5  E(CCSD) = -0.51221897606827  dE = -0.00138816541  norm(t1,t2) = 0.00759626
cycle = 6  E(CCSD) = -0.51195968393124  dE = 0.000259292137  norm(t1,t2) = 0.0016675
cycle = 7  E(CCSD) = -0.511976507796252  dE = -1.6823865e-05  norm(t1,t2) = 0.000566884
cycle = 8  E(CCSD) = -0.511993470473106  dE = -1.69626769e-05  norm(t1,t2) = 0.0002352
cycle = 9  E(CCSD) = -0.511985837117393  dE = 7.63335571e-06  norm(t1,t2) = 7.79999e-05
cycle = 10  E(CCSD) = -0.511986871534653  dE = -1.03441726e-06  norm(t1,t2) = 3.19639e-05
cycle = 11  E(CCSD) = -0.511985145844638  dE = 1.72569002e-06  norm(t1,t2) = 1.3733e-05
cycle = 12  E(CCSD) = -0.511984934353613  dE = 2.11491024e-07  norm(t1,t2) = 3.19401e-06
cycle = 13  E(CCSD) = -0.511984920430361  dE = 1.39232521e-08  norm(t1,t2) = 1.57272e-06
CCSD converged
E(CCSD) = -146.2373827079658  E_corr = -0.5119849204303613
Hartree-Fock Energy:  -145.72539778753546
CCSD Correlation:       -0.51198492043036
CCSD Energy:          -146.23738270796582

=================== Doing CCSD(T) Calculation on Subsystem 1 ===================
CCSD(T) correction = -0.0228447035172522
Hartree-Fock Energy:  -145.72539778753546
CCSD(T) Correlation:       -0.53482962394761
CCSD(T) Energy:          -146.26022741148307

============================== Supermolecular DFT ==============================
  subiter:   1      |ddm|: 7.273212e+00
  subiter:   2      |ddm|: 7.409244e-01
  subiter:   3      |ddm|: 5.300419e-01
  subiter:   4      |ddm|: 1.053589e-01
  subiter:   5      |ddm|: 2.729298e-02
  subiter:   6      |ddm|: 9.767201e-03
  subiter:   7      |ddm|: 3.276799e-03
  subiter:   8      |ddm|: 1.437671e-03
  subiter:   9      |ddm|: 6.347895e-04
  subiter:  10      |ddm|: 3.156085e-04
  subiter:  11      |ddm|: 2.039675e-04
  subiter:  12      |ddm|: 8.736694e-05
  subiter:  13      |ddm|: 2.979029e-05
  subiter:  14      |ddm|: 9.906232e-06
  subiter:  15      |ddm|: 2.169526e-06
  subiter:  16      |ddm|: 1.307618e-06
  subiter:  17      |ddm|: 2.741154e-07
  subiter:  18      |ddm|: 8.587650e-08
  subiter:  19      |ddm|: 5.728471e-08
  subiter:  20      |ddm|: 1.244460e-08
  subiter:  21      |ddm|: 8.637482e-09


******** <class 'pyscf.dft.rks.RKS'> flags ********
method = RKS
initial guess = atom
damping factor = 0
level shift factor = 0.0
DIIS = <class 'pyscf.scf.diis.CDIIS'>
DIIS start cycle = 1
DIIS space = 8
SCF tol = 1e-08
SCF gradient tol = 1e-08
max. SCF cycles = 100
direct_scf = True
direct_scf_tol = 1e-13
chkfile to save SCF result = /panfs/roc/scratch/graha682/20170815_ccpVDZ_m06_ccsdt_ft_4octa1234ene_p/tmpU_Wj7s
max_memory 4000 MB (current use 1061 MB)
XC functionals = m06
small_rho_cutoff = 1e-20
radial grids: Treutler-Ahlrichs (JCP 102, 346 (M4)) radial grids
becke partition: Becke, JCP, 88, 2547 (1988)
pruning grids: <function nwchem_prune at 0x1786ed8>
grids dens level: 4
symmetrized grids: False
atomic radii adjust function: <function treutler_atomic_radii_adjust at 0x1786d70>
init E= -309.287669585321
  HOMO = -0.220028901804346  LUMO = -0.0745419474691867
cycle= 1 E= -309.287669585321  delta_E= -2.27e-13  |g|= 1.63e-08  |ddm|= 2.5e-08
  HOMO = -0.220028901694462  LUMO = -0.0745419475627609
cycle= 2 E= -309.287669585321  delta_E= 5.68e-13  |g|= 2.9e-08  |ddm|= 4.67e-08
  HOMO = -0.220028901748608  LUMO = -0.0745419473090465
cycle= 3 E= -309.287669585322  delta_E= -7.96e-13  |g|= 1.23e-08  |ddm|= 4.34e-08
  HOMO = -0.220028901774514  LUMO = -0.0745419474337197
cycle= 4 E= -309.287669585321  delta_E= 4.55e-13  |g|= 6.65e-10  |ddm|= 1.31e-08
  HOMO = -0.220028901767867  LUMO = -0.0745419474350228
Extra cycle  E= -309.287669585321  delta_E= 3.41e-13  |g|= 6.65e-10  |ddm|= 1.8e-09
converged SCF energy = -309.287669585321
Supermolecular DFT   -309.28766958532071

============================== Embedding Energies ==============================
Subsystem DFT              -146.61046994304604
Interaction                -162.51007919708786
DFT-in-DFT                 -309.12054914013390
Supermolecular DFT         -309.28766958532071
Difference                   -0.16712044518681
Corrected DFT-in-DFT       -309.28766958532071
WF-in-DFT                  -308.77030660857093
Corrected WF-in-DFT        -308.93742705375774
================================================================================
TIMING STATISTICS:
     overlap integrals      0.01s   ( 0.00%)
    initial subsystems      0.10s   ( 0.02%)
           2e matrices    245.60s   (57.50%)
      tot. embed. of 1    255.23s   (59.75%)
      tot. embed. of 2      0.07s   ( 0.02%)
       freeze and thaw    255.32s   (59.77%)
                  ccsd      4.36s   ( 1.02%)
               ccsd(t)      1.33s   ( 0.31%)
  interaction energies    165.70s   (38.79%)
                 TOTAL    427.14s
================================================================================

********************************************************************************
*                              END OF CALCULATION                              *
********************************************************************************
