********************************************************************************
*                         FREEZE-AND-THAW CALCULATION                          *
********************************************************************************

================================== Input File ==================================
subsystem
C         -6.85287       -0.34988        0.01138
C         -5.58636        0.47964       -0.06560
H         -7.76144        0.26830       -0.05902
H         -6.90596       -0.90958        0.96079
H         -6.89355       -1.09231       -0.80386
charge -1
end

subsystem
C         -4.32078       -0.35451        0.02937
H         -5.58107        1.23826        0.74045
H         -5.56898        1.05739       -1.00962
C         -3.04351        0.46141       -0.04557
H         -4.32009       -1.11482       -0.77747
H         -4.33261       -0.93418        0.97430
C         -1.77915       -0.37262        0.04929
H         -3.04430        1.22126        0.76148
H         -3.03188        1.04087       -0.99045
C         -0.50199        0.44374       -0.02514
H         -1.77780       -1.13227       -0.75789
H         -1.79062       -0.95231        0.99397
C          0.76209       -0.39069        0.06938
H         -0.50292        1.20308        0.78232
H         -0.49045        1.02372       -0.96967
C          2.03924        0.42572       -0.00395
H          0.76357       -1.14967       -0.73837
H          0.75044       -0.97096        1.01359
C          3.30262       -0.40949        0.09054
H          2.03751        1.18471        0.80372
H          2.05092        1.00603       -0.94856
C          4.57531        0.41518        0.00307
H          3.30360       -1.17023       -0.71552
H          3.29800       -0.98435        1.03624
C          5.85184       -0.37715       -0.08160
H          4.59462        1.16545        0.81870
H          4.56678        0.99974       -0.93644
C          7.13820       -0.01362        0.06259
H          7.53737        0.42889        0.98700
H          7.85825       -0.14602       -0.75292
H          5.73291       -1.02739       -0.97527
charge +1
end

embed
 huzinaga
 cycles 300
 conv 1e-8
 method m06
end

basis cc-pVDZ
method cas[2,2]/nevpt2
grid 4
conv 1e-8
grad 1e-8
maxiter 100
================================== End Input ===================================
tot grids = 725328

                      Getting subsystem overlap integrals                       

                          Initial subsystem densities                           
Guessing initial subsystem densities
Initial guess from superpostion of atomic densties.
Guessing initial subsystem densities
Initial guess from superpostion of atomic densties.

=========================== Starting Freeze-and-Thaw ===========================
 iter:   1:1        |ddm|: 3.583131e+00     Tr[DP]  1.039777e+00
 iter:   1:2        |ddm|: 5.673872e+00     Tr[DP]  3.299403e-01
 iter:   2:1        |ddm|: 3.705461e+00     Tr[DP]  6.031565e-01
 iter:   2:2        |ddm|: 3.139401e+00     Tr[DP]  2.620922e-01
 iter:   3:1        |ddm|: 1.901302e+00     Tr[DP]  2.712027e-01
 iter:   3:2        |ddm|: 2.007403e+00     Tr[DP]  2.379861e-01
 iter:   4:1        |ddm|: 3.788616e-01     Tr[DP]  2.347283e-01
 iter:   4:2        |ddm|: 4.097692e-01     Tr[DP]  2.322112e-01
 iter:   5:1        |ddm|: 2.057435e-01     Tr[DP]  2.324756e-01
 iter:   5:2        |ddm|: 2.052338e-01     Tr[DP]  2.082109e-01
 iter:   6:1        |ddm|: 9.477844e-02     Tr[DP]  2.188202e-01
 iter:   6:2        |ddm|: 9.759826e-02     Tr[DP]  2.039738e-01
 iter:   7:1        |ddm|: 6.763396e-02     Tr[DP]  2.106660e-01
 iter:   7:2        |ddm|: 6.796906e-02     Tr[DP]  2.001759e-01
 iter:   8:1        |ddm|: 5.466908e-02     Tr[DP]  2.060278e-01
 iter:   8:2        |ddm|: 5.708634e-02     Tr[DP]  1.962635e-01
 iter:   9:1        |ddm|: 5.048256e-02     Tr[DP]  2.028493e-01
 iter:   9:2        |ddm|: 5.792389e-02     Tr[DP]  1.926618e-01
 iter:  10:1        |ddm|: 5.030775e-02     Tr[DP]  1.998039e-01
 iter:  10:2        |ddm|: 6.096862e-02     Tr[DP]  1.891707e-01
 iter:  11:1        |ddm|: 4.313772e-02     Tr[DP]  1.956873e-01
 iter:  11:2        |ddm|: 4.692305e-02     Tr[DP]  1.858787e-01
 iter:  12:1        |ddm|: 3.876607e-02     Tr[DP]  1.931625e-01
 iter:  12:2        |ddm|: 4.656733e-02     Tr[DP]  1.834105e-01
 iter:  13:1        |ddm|: 3.807764e-02     Tr[DP]  1.907947e-01
 iter:  13:2        |ddm|: 4.585340e-02     Tr[DP]  1.809469e-01
 iter:  14:1        |ddm|: 3.720311e-02     Tr[DP]  1.883517e-01
 iter:  14:2        |ddm|: 4.373941e-02     Tr[DP]  1.785637e-01
 iter:  15:1        |ddm|: 3.662805e-02     Tr[DP]  1.862714e-01
 iter:  15:2        |ddm|: 4.458172e-02     Tr[DP]  1.762315e-01
 iter:  16:1        |ddm|: 3.677517e-02     Tr[DP]  1.840939e-01
 iter:  16:2        |ddm|: 4.462952e-02     Tr[DP]  1.737953e-01
 iter:  17:1        |ddm|: 3.637775e-02     Tr[DP]  1.816762e-01
 iter:  17:2        |ddm|: 4.261546e-02     Tr[DP]  1.713771e-01
 iter:  18:1        |ddm|: 3.766682e-02     Tr[DP]  1.798530e-01
 iter:  18:2        |ddm|: 4.891284e-02     Tr[DP]  1.688229e-01
 iter:  19:1        |ddm|: 3.738009e-02     Tr[DP]  1.771026e-01
 iter:  19:2        |ddm|: 4.315127e-02     Tr[DP]  1.661741e-01
 iter:  20:1        |ddm|: 3.751985e-02     Tr[DP]  1.749182e-01
 iter:  20:2        |ddm|: 4.626651e-02     Tr[DP]  1.635954e-01
 iter:  21:1        |ddm|: 3.700855e-02     Tr[DP]  1.722385e-01
 iter:  21:2        |ddm|: 4.240944e-02     Tr[DP]  1.610428e-01
 iter:  22:1        |ddm|: 3.607237e-02     Tr[DP]  1.697300e-01
 iter:  22:2        |ddm|: 4.074323e-02     Tr[DP]  1.587259e-01
 iter:  23:1        |ddm|: 3.505661e-02     Tr[DP]  1.674117e-01
 iter:  23:2        |ddm|: 3.967436e-02     Tr[DP]  1.565456e-01
 iter:  24:1        |ddm|: 3.498812e-02     Tr[DP]  1.654048e-01
 iter:  24:2        |ddm|: 4.150581e-02     Tr[DP]  1.542209e-01
 iter:  25:1        |ddm|: 3.746066e-02     Tr[DP]  1.634064e-01
 iter:  25:2        |ddm|: 4.648509e-02     Tr[DP]  1.514614e-01
 iter:  26:1        |ddm|: 3.746630e-02     Tr[DP]  1.605265e-01
 iter:  26:2        |ddm|: 4.106468e-02     Tr[DP]  1.488457e-01
 iter:  27:1        |ddm|: 3.591491e-02     Tr[DP]  1.580270e-01
 iter:  27:2        |ddm|: 4.024521e-02     Tr[DP]  1.465066e-01
 iter:  28:1        |ddm|: 3.538425e-02     Tr[DP]  1.557318e-01
 iter:  28:2        |ddm|: 3.968146e-02     Tr[DP]  1.443861e-01
 iter:  29:1        |ddm|: 3.559130e-02     Tr[DP]  1.534701e-01
 iter:  29:2        |ddm|: 4.462468e-02     Tr[DP]  1.417111e-01
 iter:  30:1        |ddm|: 3.624157e-02     Tr[DP]  1.509549e-01
 iter:  30:2        |ddm|: 3.803773e-02     Tr[DP]  1.402759e-01
 iter:  31:1        |ddm|: 3.193037e-02     Tr[DP]  1.490837e-01
 iter:  31:2        |ddm|: 3.606077e-02     Tr[DP]  1.383454e-01
 iter:  32:1        |ddm|: 3.269163e-02     Tr[DP]  1.471628e-01
 iter:  32:2        |ddm|: 3.722291e-02     Tr[DP]  1.363575e-01
 iter:  33:1        |ddm|: 3.324124e-02     Tr[DP]  1.450080e-01
 iter:  33:2        |ddm|: 3.625434e-02     Tr[DP]  1.343162e-01
 iter:  34:1        |ddm|: 3.226185e-02     Tr[DP]  1.429627e-01
 iter:  34:2        |ddm|: 3.624594e-02     Tr[DP]  1.322709e-01
 iter:  35:1        |ddm|: 9.604420e-02     Tr[DP]  1.388056e-01
 iter:  35:2        |ddm|: 1.226222e-01     Tr[DP]  1.371820e-01
 iter:  36:1        |ddm|: 1.577627e-01     Tr[DP]  1.454975e-01
 iter:  36:2        |ddm|: 2.422578e-01     Tr[DP]  1.284002e-01
 iter:  37:1        |ddm|: 8.674841e-02     Tr[DP]  1.381143e-01
 iter:  37:2        |ddm|: 7.944860e-02     Tr[DP]  1.212201e-01
 iter:  38:1        |ddm|: 5.245422e-02     Tr[DP]  1.331768e-01
 iter:  38:2        |ddm|: 5.733637e-02     Tr[DP]  1.180715e-01
 iter:  39:1        |ddm|: 4.687600e-02     Tr[DP]  1.300327e-01
 iter:  39:2        |ddm|: 5.130228e-02     Tr[DP]  1.155970e-01
 iter:  40:1        |ddm|: 4.466365e-02     Tr[DP]  1.273502e-01
 iter:  40:2        |ddm|: 4.767465e-02     Tr[DP]  1.134238e-01
 iter:  41:1        |ddm|: 4.302839e-02     Tr[DP]  1.248346e-01
 iter:  41:2        |ddm|: 4.599876e-02     Tr[DP]  1.113877e-01
 iter:  42:1        |ddm|: 4.183983e-02     Tr[DP]  1.224632e-01
 iter:  42:2        |ddm|: 4.019491e-02     Tr[DP]  1.100177e-01
 iter:  43:1        |ddm|: 3.790628e-02     Tr[DP]  1.204087e-01
 iter:  43:2        |ddm|: 3.712785e-02     Tr[DP]  1.088760e-01
 iter:  44:1        |ddm|: 3.565545e-02     Tr[DP]  1.185896e-01
 iter:  44:2        |ddm|: 3.972238e-02     Tr[DP]  1.073299e-01
 iter:  45:1        |ddm|: 3.768055e-02     Tr[DP]  1.167222e-01
 iter:  45:2        |ddm|: 4.656396e-02     Tr[DP]  1.052432e-01
 iter:  46:1        |ddm|: 3.943033e-02     Tr[DP]  1.147020e-01
 iter:  46:2        |ddm|: 4.539217e-02     Tr[DP]  1.032507e-01
 iter:  47:1        |ddm|: 3.927147e-02     Tr[DP]  1.126855e-01
 iter:  47:2        |ddm|: 4.556805e-02     Tr[DP]  1.013793e-01
 iter:  48:1        |ddm|: 3.844103e-02     Tr[DP]  1.107404e-01
 iter:  48:2        |ddm|: 4.209804e-02     Tr[DP]  9.978987e-02
 iter:  49:1        |ddm|: 4.860423e-02     Tr[DP]  1.088443e-01
 iter:  49:2        |ddm|: 7.541500e-02     Tr[DP]  9.672123e-02
 iter:  50:1        |ddm|: 4.665644e-02     Tr[DP]  1.068990e-01
 iter:  50:2        |ddm|: 4.412227e-02     Tr[DP]  9.512422e-02
 iter:  51:1        |ddm|: 4.123181e-02     Tr[DP]  1.049419e-01
 iter:  51:2        |ddm|: 4.258054e-02     Tr[DP]  9.396882e-02
 iter:  52:1        |ddm|: 3.850040e-02     Tr[DP]  1.032750e-01
 iter:  52:2        |ddm|: 3.915842e-02     Tr[DP]  9.301699e-02
 iter:  53:1        |ddm|: 3.649162e-02     Tr[DP]  1.017823e-01
 iter:  53:2        |ddm|: 3.529667e-02     Tr[DP]  9.228748e-02
 iter:  54:1        |ddm|: 3.390896e-02     Tr[DP]  1.004234e-01
 iter:  54:2        |ddm|: 3.244473e-02     Tr[DP]  9.169596e-02
 iter:  55:1        |ddm|: 3.146267e-02     Tr[DP]  9.917776e-02
 iter:  55:2        |ddm|: 3.203168e-02     Tr[DP]  9.103284e-02
 iter:  56:1        |ddm|: 3.038885e-02     Tr[DP]  9.809593e-02
 iter:  56:2        |ddm|: 2.767778e-02     Tr[DP]  9.064710e-02
 iter:  57:1        |ddm|: 2.802863e-02     Tr[DP]  9.698552e-02
 iter:  57:2        |ddm|: 3.272621e-02     Tr[DP]  8.985601e-02
 iter:  58:1        |ddm|: 2.946498e-02     Tr[DP]  9.601121e-02
 iter:  58:2        |ddm|: 3.623139e-02     Tr[DP]  8.892952e-02
 iter:  59:1        |ddm|: 2.913125e-02     Tr[DP]  9.509788e-02
 iter:  59:2        |ddm|: 3.131203e-02     Tr[DP]  8.826477e-02
 iter:  60:1        |ddm|: 2.805358e-02     Tr[DP]  9.416729e-02
 iter:  60:2        |ddm|: 3.169509e-02     Tr[DP]  8.761025e-02
 iter:  61:1        |ddm|: 2.725713e-02     Tr[DP]  9.339974e-02
 iter:  61:2        |ddm|: 2.587658e-02     Tr[DP]  8.727832e-02
 iter:  62:1        |ddm|: 2.458682e-02     Tr[DP]  9.263527e-02
 iter:  62:2        |ddm|: 2.338422e-02     Tr[DP]  8.703445e-02
 iter:  63:1        |ddm|: 2.376693e-02     Tr[DP]  9.206393e-02
 iter:  63:2        |ddm|: 1.987240e-02     Tr[DP]  8.704038e-02
 iter:  64:1        |ddm|: 2.048937e-02     Tr[DP]  9.135951e-02
 iter:  64:2        |ddm|: 2.232019e-02     Tr[DP]  8.671632e-02
 iter:  65:1        |ddm|: 2.144706e-02     Tr[DP]  9.072432e-02
 iter:  65:2        |ddm|: 2.843888e-02     Tr[DP]  8.613088e-02
 iter:  66:1        |ddm|: 2.207314e-02     Tr[DP]  9.017580e-02
 iter:  66:2        |ddm|: 2.815175e-02     Tr[DP]  8.560191e-02
 iter:  67:1        |ddm|: 2.242177e-02     Tr[DP]  8.961737e-02
 iter:  67:2        |ddm|: 2.896897e-02     Tr[DP]  8.508451e-02
 iter:  68:1        |ddm|: 2.199469e-02     Tr[DP]  8.911698e-02
 iter:  68:2        |ddm|: 2.679906e-02     Tr[DP]  8.468020e-02
 iter:  69:1        |ddm|: 2.074146e-02     Tr[DP]  8.870799e-02
 iter:  69:2        |ddm|: 2.038390e-02     Tr[DP]  8.455504e-02
 iter:  70:1        |ddm|: 1.902205e-02     Tr[DP]  8.829389e-02
 iter:  70:2        |ddm|: 1.833864e-02     Tr[DP]  8.446742e-02
 iter:  71:1        |ddm|: 1.760365e-02     Tr[DP]  8.795154e-02
 iter:  71:2        |ddm|: 1.579413e-02     Tr[DP]  8.447321e-02
 iter:  72:1        |ddm|: 1.599632e-02     Tr[DP]  8.763245e-02
 iter:  72:2        |ddm|: 1.419775e-02     Tr[DP]  8.448876e-02
 iter:  73:1        |ddm|: 1.460032e-02     Tr[DP]  8.728425e-02
 iter:  73:2        |ddm|: 1.514305e-02     Tr[DP]  8.438881e-02
 iter:  74:1        |ddm|: 1.389949e-02     Tr[DP]  8.702202e-02
 iter:  74:2        |ddm|: 1.395066e-02     Tr[DP]  8.431836e-02
 iter:  75:1        |ddm|: 1.307536e-02     Tr[DP]  8.681806e-02
 iter:  75:2        |ddm|: 1.188360e-02     Tr[DP]  8.433501e-02
 iter:  76:1        |ddm|: 1.268834e-02     Tr[DP]  8.648160e-02
 iter:  76:2        |ddm|: 1.649347e-02     Tr[DP]  8.411693e-02
 iter:  77:1        |ddm|: 1.226350e-02     Tr[DP]  8.631237e-02
 iter:  77:2        |ddm|: 1.300568e-02     Tr[DP]  8.404108e-02
 iter:  78:1        |ddm|: 1.156529e-02     Tr[DP]  8.613570e-02
 iter:  78:2        |ddm|: 1.169958e-02     Tr[DP]  8.400016e-02
 iter:  79:1        |ddm|: 1.076733e-02     Tr[DP]  8.597780e-02
 iter:  79:2        |ddm|: 1.027671e-02     Tr[DP]  8.399909e-02
 iter:  80:1        |ddm|: 9.974886e-03     Tr[DP]  8.584606e-02
 iter:  80:2        |ddm|: 8.906805e-03     Tr[DP]  8.403800e-02
 iter:  81:1        |ddm|: 9.335094e-03     Tr[DP]  8.563498e-02
 iter:  81:2        |ddm|: 1.106765e-02     Tr[DP]  8.394484e-02
 iter:  82:1        |ddm|: 8.978980e-03     Tr[DP]  8.552221e-02
 iter:  82:2        |ddm|: 9.450248e-03     Tr[DP]  8.391404e-02
 iter:  83:1        |ddm|: 8.413924e-03     Tr[DP]  8.542299e-02
 iter:  83:2        |ddm|: 8.026770e-03     Tr[DP]  8.392712e-02
 iter:  84:1        |ddm|: 7.753526e-03     Tr[DP]  8.532448e-02
 iter:  84:2        |ddm|: 7.169314e-03     Tr[DP]  8.395032e-02
 iter:  85:1        |ddm|: 7.126233e-03     Tr[DP]  8.521847e-02
 iter:  85:2        |ddm|: 6.847382e-03     Tr[DP]  8.395319e-02
 iter:  86:1        |ddm|: 6.642696e-03     Tr[DP]  8.514972e-02
 iter:  86:2        |ddm|: 5.969396e-03     Tr[DP]  8.398684e-02
 iter:  87:1        |ddm|: 6.127795e-03     Tr[DP]  8.509561e-02
 iter:  87:2        |ddm|: 5.144977e-03     Tr[DP]  8.404378e-02
 iter:  88:1        |ddm|: 5.708437e-03     Tr[DP]  8.496247e-02
 iter:  88:2        |ddm|: 7.160289e-03     Tr[DP]  8.398337e-02
 iter:  89:1        |ddm|: 5.673869e-03     Tr[DP]  8.487667e-02
 iter:  89:2        |ddm|: 7.243581e-03     Tr[DP]  8.392681e-02
 iter:  90:1        |ddm|: 5.661521e-03     Tr[DP]  8.479389e-02
 iter:  90:2        |ddm|: 7.364446e-03     Tr[DP]  8.386385e-02
 iter:  91:1        |ddm|: 5.428050e-03     Tr[DP]  8.473886e-02
 iter:  91:2        |ddm|: 6.359159e-03     Tr[DP]  8.383433e-02
 iter:  92:1        |ddm|: 5.508762e-03     Tr[DP]  8.464467e-02
 iter:  92:2        |ddm|: 7.630758e-03     Tr[DP]  8.376005e-02
 iter:  93:1        |ddm|: 5.893863e-03     Tr[DP]  8.454131e-02
 iter:  93:2        |ddm|: 8.970466e-03     Tr[DP]  8.365134e-02
 iter:  94:1        |ddm|: 5.272467e-03     Tr[DP]  8.454018e-02
 iter:  94:2        |ddm|: 5.142520e-03     Tr[DP]  8.367836e-02
 iter:  95:1        |ddm|: 4.808775e-03     Tr[DP]  8.450081e-02
 iter:  95:2        |ddm|: 4.501780e-03     Tr[DP]  8.370169e-02
 iter:  96:1        |ddm|: 4.394257e-03     Tr[DP]  8.444810e-02
 iter:  96:2        |ddm|: 4.368450e-03     Tr[DP]  8.370952e-02
 iter:  97:1        |ddm|: 4.090955e-03     Tr[DP]  8.440588e-02
 iter:  97:2        |ddm|: 4.029604e-03     Tr[DP]  8.372031e-02
 iter:  98:1        |ddm|: 3.841516e-03     Tr[DP]  8.439465e-02
 iter:  98:2        |ddm|: 3.222150e-03     Tr[DP]  8.377171e-02
 iter:  99:1        |ddm|: 3.500009e-03     Tr[DP]  8.432342e-02
 iter:  99:2        |ddm|: 4.230191e-03     Tr[DP]  8.374675e-02
 iter: 100:1        |ddm|: 3.272060e-03     Tr[DP]  8.430985e-02
 iter: 100:2        |ddm|: 3.003483e-03     Tr[DP]  8.377014e-02
 iter: 101:1        |ddm|: 3.007283e-03     Tr[DP]  8.429027e-02
 iter: 101:2        |ddm|: 2.625687e-03     Tr[DP]  8.379762e-02
 iter: 102:1        |ddm|: 2.717793e-03     Tr[DP]  8.425919e-02
 iter: 102:2        |ddm|: 2.574627e-03     Tr[DP]  8.380843e-02
 iter: 103:1        |ddm|: 2.613473e-03     Tr[DP]  8.421683e-02
 iter: 103:2        |ddm|: 3.130757e-03     Tr[DP]  8.379215e-02
 iter: 104:1        |ddm|: 2.748070e-03     Tr[DP]  8.416976e-02
 iter: 104:2        |ddm|: 3.959059e-03     Tr[DP]  8.375279e-02
 iter: 105:1        |ddm|: 2.496318e-03     Tr[DP]  8.417045e-02
 iter: 105:2        |ddm|: 2.405274e-03     Tr[DP]  8.377015e-02
 iter: 106:1        |ddm|: 2.287770e-03     Tr[DP]  8.415507e-02
 iter: 106:2        |ddm|: 2.138003e-03     Tr[DP]  8.378475e-02
 iter: 107:1        |ddm|: 2.393413e-03     Tr[DP]  8.417584e-02
 iter: 107:2        |ddm|: 2.448847e-03     Tr[DP]  8.385204e-02
 iter: 108:1        |ddm|: 2.122013e-03     Tr[DP]  8.410188e-02
 iter: 108:2        |ddm|: 3.499831e-03     Tr[DP]  8.380238e-02
 iter: 109:1        |ddm|: 1.813315e-03     Tr[DP]  8.410008e-02
 iter: 109:2        |ddm|: 1.896557e-03     Tr[DP]  8.380945e-02
 iter: 110:1        |ddm|: 1.723464e-03     Tr[DP]  8.408335e-02
 iter: 110:2        |ddm|: 1.910913e-03     Tr[DP]  8.380744e-02
 iter: 111:1        |ddm|: 1.761431e-03     Tr[DP]  8.405459e-02
 iter: 111:2        |ddm|: 2.471130e-03     Tr[DP]  8.378718e-02
 iter: 112:1        |ddm|: 1.651114e-03     Tr[DP]  8.404410e-02
 iter: 112:2        |ddm|: 1.923923e-03     Tr[DP]  8.378436e-02
 iter: 113:1        |ddm|: 1.539937e-03     Tr[DP]  8.403817e-02
 iter: 113:2        |ddm|: 1.501069e-03     Tr[DP]  8.379269e-02
 iter: 114:1        |ddm|: 1.417161e-03     Tr[DP]  8.402955e-02
 iter: 114:2        |ddm|: 1.314823e-03     Tr[DP]  8.380231e-02
 iter: 115:1        |ddm|: 1.302674e-03     Tr[DP]  8.402464e-02
 iter: 115:2        |ddm|: 1.109563e-03     Tr[DP]  8.381763e-02
 iter: 116:1        |ddm|: 1.164024e-03     Tr[DP]  8.401468e-02
 iter: 116:2        |ddm|: 1.033921e-03     Tr[DP]  8.382686e-02
 iter: 117:1        |ddm|: 1.060955e-03     Tr[DP]  8.400610e-02
 iter: 117:2        |ddm|: 9.635643e-04     Tr[DP]  8.383458e-02
 iter: 118:1        |ddm|: 9.740470e-04     Tr[DP]  8.399844e-02
 iter: 118:2        |ddm|: 8.969618e-04     Tr[DP]  8.384116e-02
 iter: 119:1        |ddm|: 8.964641e-04     Tr[DP]  8.399178e-02
 iter: 119:2        |ddm|: 8.254072e-04     Tr[DP]  8.384732e-02
 iter: 120:1        |ddm|: 8.323748e-04     Tr[DP]  8.398248e-02
 iter: 120:2        |ddm|: 8.651980e-04     Tr[DP]  8.384854e-02
 iter: 121:1        |ddm|: 8.320209e-04     Tr[DP]  8.398878e-02
 iter: 121:2        |ddm|: 7.631163e-04     Tr[DP]  8.386895e-02
 iter: 122:1        |ddm|: 6.601222e-04     Tr[DP]  8.397788e-02
 iter: 122:2        |ddm|: 6.184817e-04     Tr[DP]  8.387093e-02
 iter: 123:1        |ddm|: 6.270539e-04     Tr[DP]  8.396840e-02
 iter: 123:2        |ddm|: 7.370625e-04     Tr[DP]  8.386839e-02
 iter: 124:1        |ddm|: 5.883717e-04     Tr[DP]  8.396589e-02
 iter: 124:2        |ddm|: 5.689930e-04     Tr[DP]  8.387198e-02
 iter: 125:1        |ddm|: 6.634342e-04     Tr[DP]  8.395094e-02
 iter: 125:2        |ddm|: 1.067512e-03     Tr[DP]  8.385887e-02
 iter: 126:1        |ddm|: 6.913664e-04     Tr[DP]  8.394149e-02
 iter: 126:2        |ddm|: 1.106609e-03     Tr[DP]  8.384700e-02
 iter: 127:1        |ddm|: 6.966042e-04     Tr[DP]  8.393350e-02
 iter: 127:2        |ddm|: 1.070706e-03     Tr[DP]  8.383661e-02
 iter: 128:1        |ddm|: 6.187748e-04     Tr[DP]  8.393375e-02
 iter: 128:2        |ddm|: 6.617338e-04     Tr[DP]  8.383843e-02
 iter: 129:1        |ddm|: 5.741223e-04     Tr[DP]  8.393095e-02
 iter: 129:2        |ddm|: 5.743656e-04     Tr[DP]  8.384089e-02
 iter: 130:1        |ddm|: 5.277451e-04     Tr[DP]  8.392811e-02
 iter: 130:2        |ddm|: 4.951840e-04     Tr[DP]  8.384451e-02
 iter: 131:1        |ddm|: 4.839741e-04     Tr[DP]  8.392511e-02
 iter: 131:2        |ddm|: 4.449462e-04     Tr[DP]  8.384813e-02
 iter: 132:1        |ddm|: 4.484404e-04     Tr[DP]  8.392460e-02
 iter: 132:2        |ddm|: 3.732258e-04     Tr[DP]  8.385491e-02
 iter: 133:1        |ddm|: 3.929343e-04     Tr[DP]  8.392056e-02
 iter: 133:2        |ddm|: 3.562476e-04     Tr[DP]  8.385749e-02
 iter: 134:1        |ddm|: 3.944444e-04     Tr[DP]  8.391278e-02
 iter: 134:2        |ddm|: 5.471714e-04     Tr[DP]  8.385297e-02
 iter: 135:1        |ddm|: 3.683547e-04     Tr[DP]  8.391085e-02
 iter: 135:2        |ddm|: 4.116561e-04     Tr[DP]  8.385318e-02
 iter: 136:1        |ddm|: 3.469986e-04     Tr[DP]  8.390878e-02
 iter: 136:2        |ddm|: 3.608374e-04     Tr[DP]  8.385413e-02
 iter: 137:1        |ddm|: 3.377657e-04     Tr[DP]  8.390438e-02
 iter: 137:2        |ddm|: 4.205930e-04     Tr[DP]  8.385220e-02
 iter: 138:1        |ddm|: 3.177434e-04     Tr[DP]  8.390252e-02
 iter: 138:2        |ddm|: 3.442509e-04     Tr[DP]  8.385268e-02
 iter: 139:1        |ddm|: 2.964799e-04     Tr[DP]  8.390244e-02
 iter: 139:2        |ddm|: 2.594205e-04     Tr[DP]  8.385618e-02
 iter: 140:1        |ddm|: 2.712105e-04     Tr[DP]  8.390221e-02
 iter: 140:2        |ddm|: 2.241675e-04     Tr[DP]  8.386063e-02
 iter: 141:1        |ddm|: 2.344682e-04     Tr[DP]  8.389914e-02
 iter: 141:2        |ddm|: 2.253348e-04     Tr[DP]  8.386147e-02
 iter: 142:1        |ddm|: 2.185276e-04     Tr[DP]  8.389701e-02
 iter: 142:2        |ddm|: 2.228846e-04     Tr[DP]  8.386207e-02
 iter: 143:1        |ddm|: 2.078566e-04     Tr[DP]  8.389489e-02
 iter: 143:2        |ddm|: 2.288229e-04     Tr[DP]  8.386201e-02
 iter: 144:1        |ddm|: 2.135862e-04     Tr[DP]  8.389150e-02
 iter: 144:2        |ddm|: 2.989113e-04     Tr[DP]  8.385966e-02
 iter: 145:1        |ddm|: 2.174890e-04     Tr[DP]  8.388875e-02
 iter: 145:2        |ddm|: 3.145003e-04     Tr[DP]  8.385713e-02
 iter: 146:1        |ddm|: 1.970469e-04     Tr[DP]  8.388887e-02
 iter: 146:2        |ddm|: 1.989107e-04     Tr[DP]  8.385830e-02
 iter: 147:1        |ddm|: 1.836327e-04     Tr[DP]  8.388916e-02
 iter: 147:2        |ddm|: 1.548622e-04     Tr[DP]  8.386107e-02
 iter: 148:1        |ddm|: 1.605246e-04     Tr[DP]  8.388793e-02
 iter: 148:2        |ddm|: 1.393124e-04     Tr[DP]  8.386255e-02
 iter: 149:1        |ddm|: 1.458328e-04     Tr[DP]  8.388630e-02
 iter: 149:2        |ddm|: 1.458660e-04     Tr[DP]  8.386298e-02
 iter: 150:1        |ddm|: 1.358075e-04     Tr[DP]  8.388598e-02
 iter: 150:2        |ddm|: 1.175953e-04     Tr[DP]  8.386458e-02
 iter: 151:1        |ddm|: 1.254950e-04     Tr[DP]  8.388419e-02
 iter: 151:2        |ddm|: 1.406580e-04     Tr[DP]  8.386431e-02
 iter: 152:1        |ddm|: 1.338597e-04     Tr[DP]  8.388177e-02
 iter: 152:2        |ddm|: 2.001049e-04     Tr[DP]  8.386240e-02
 iter: 153:1        |ddm|: 1.309840e-04     Tr[DP]  8.388047e-02
 iter: 153:2        |ddm|: 1.817663e-04     Tr[DP]  8.386119e-02
 iter: 154:1        |ddm|: 1.194279e-04     Tr[DP]  8.388068e-02
 iter: 154:2        |ddm|: 1.147127e-04     Tr[DP]  8.386219e-02
 iter: 155:1        |ddm|: 1.174020e-04     Tr[DP]  8.388163e-02
 iter: 155:2        |ddm|: 1.077536e-04     Tr[DP]  8.386509e-02
 iter: 156:1        |ddm|: 1.022069e-04     Tr[DP]  8.387883e-02
 iter: 156:2        |ddm|: 1.473671e-04     Tr[DP]  8.386356e-02
 iter: 157:1        |ddm|: 9.215359e-05     Tr[DP]  8.387926e-02
 iter: 157:2        |ddm|: 8.100540e-05     Tr[DP]  8.386500e-02
 iter: 158:1        |ddm|: 8.288793e-05     Tr[DP]  8.387836e-02
 iter: 158:2        |ddm|: 8.409675e-05     Tr[DP]  8.386520e-02
 iter: 159:1        |ddm|: 7.952623e-05     Tr[DP]  8.387735e-02
 iter: 159:2        |ddm|: 9.521367e-05     Tr[DP]  8.386494e-02
 iter: 160:1        |ddm|: 7.401728e-05     Tr[DP]  8.387725e-02
 iter: 160:2        |ddm|: 7.019244e-05     Tr[DP]  8.386562e-02
 iter: 161:1        |ddm|: 6.806402e-05     Tr[DP]  8.387700e-02
 iter: 161:2        |ddm|: 5.896992e-05     Tr[DP]  8.386632e-02
 iter: 162:1        |ddm|: 6.142673e-05     Tr[DP]  8.387649e-02
 iter: 162:2        |ddm|: 5.680239e-05     Tr[DP]  8.386671e-02
 iter: 163:1        |ddm|: 5.647643e-05     Tr[DP]  8.387612e-02
 iter: 163:2        |ddm|: 5.182459e-05     Tr[DP]  8.386714e-02
 iter: 164:1        |ddm|: 5.190512e-05     Tr[DP]  8.387579e-02
 iter: 164:2        |ddm|: 4.722196e-05     Tr[DP]  8.386755e-02
 iter: 165:1        |ddm|: 4.758619e-05     Tr[DP]  8.387552e-02
 iter: 165:2        |ddm|: 4.259157e-05     Tr[DP]  8.386798e-02
 iter: 166:1        |ddm|: 4.344577e-05     Tr[DP]  8.387520e-02
 iter: 166:2        |ddm|: 4.003618e-05     Tr[DP]  8.386828e-02
 iter: 167:1        |ddm|: 4.011323e-05     Tr[DP]  8.387510e-02
 iter: 167:2        |ddm|: 3.412450e-05     Tr[DP]  8.386882e-02
 iter: 168:1        |ddm|: 3.589269e-05     Tr[DP]  8.387472e-02
 iter: 168:2        |ddm|: 3.399125e-05     Tr[DP]  8.386898e-02
 iter: 169:1        |ddm|: 3.318399e-05     Tr[DP]  8.387459e-02
 iter: 169:2        |ddm|: 2.897111e-05     Tr[DP]  8.386934e-02
 iter: 170:1        |ddm|: 3.147406e-05     Tr[DP]  8.387407e-02
 iter: 170:2        |ddm|: 3.834177e-05     Tr[DP]  8.386916e-02
 iter: 171:1        |ddm|: 2.984065e-05     Tr[DP]  8.387385e-02
 iter: 171:2        |ddm|: 3.280790e-05     Tr[DP]  8.386917e-02
 iter: 172:1        |ddm|: 3.102393e-05     Tr[DP]  8.387335e-02
 iter: 172:2        |ddm|: 4.414395e-05     Tr[DP]  8.386879e-02
 iter: 173:1        |ddm|: 4.220605e-05     Tr[DP]  8.387239e-02
 iter: 173:2        |ddm|: 7.851033e-05     Tr[DP]  8.386759e-02
 iter: 174:1        |ddm|: 3.244824e-05     Tr[DP]  8.387297e-02
 iter: 174:2        |ddm|: 2.977637e-05     Tr[DP]  8.386825e-02
 iter: 175:1        |ddm|: 2.786430e-05     Tr[DP]  8.387273e-02
 iter: 175:2        |ddm|: 2.655538e-05     Tr[DP]  8.386837e-02
 iter: 176:1        |ddm|: 2.556155e-05     Tr[DP]  8.387269e-02
 iter: 176:2        |ddm|: 2.152365e-05     Tr[DP]  8.386873e-02
 iter: 177:1        |ddm|: 2.264300e-05     Tr[DP]  8.387248e-02
 iter: 177:2        |ddm|: 2.053639e-05     Tr[DP]  8.386888e-02
 iter: 178:1        |ddm|: 2.082139e-05     Tr[DP]  8.387242e-02
 iter: 178:2        |ddm|: 1.777203e-05     Tr[DP]  8.386916e-02
 iter: 179:1        |ddm|: 2.044059e-05     Tr[DP]  8.387199e-02
 iter: 179:2        |ddm|: 2.844689e-05     Tr[DP]  8.386890e-02
 iter: 180:1        |ddm|: 1.864752e-05     Tr[DP]  8.387207e-02
 iter: 180:2        |ddm|: 1.715471e-05     Tr[DP]  8.386919e-02
 iter: 181:1        |ddm|: 1.739248e-05     Tr[DP]  8.387180e-02
 iter: 181:2        |ddm|: 2.113545e-05     Tr[DP]  8.386909e-02
 iter: 182:1        |ddm|: 1.692981e-05     Tr[DP]  8.387162e-02
 iter: 182:2        |ddm|: 2.091679e-05     Tr[DP]  8.386901e-02
 iter: 183:1        |ddm|: 1.628930e-05     Tr[DP]  8.387148e-02
 iter: 183:2        |ddm|: 1.934441e-05     Tr[DP]  8.386897e-02
 iter: 184:1        |ddm|: 1.531220e-05     Tr[DP]  8.387140e-02
 iter: 184:2        |ddm|: 1.620860e-05     Tr[DP]  8.386901e-02
 iter: 185:1        |ddm|: 1.431378e-05     Tr[DP]  8.387131e-02
 iter: 185:2        |ddm|: 1.463174e-05     Tr[DP]  8.386906e-02
 iter: 186:1        |ddm|: 1.333321e-05     Tr[DP]  8.387122e-02
 iter: 186:2        |ddm|: 1.337434e-05     Tr[DP]  8.386911e-02
 iter: 187:1        |ddm|: 1.281383e-05     Tr[DP]  8.387106e-02
 iter: 187:2        |ddm|: 1.537973e-05     Tr[DP]  8.386907e-02
 iter: 188:1        |ddm|: 1.216201e-05     Tr[DP]  8.387112e-02
 iter: 188:2        |ddm|: 1.030897e-05     Tr[DP]  8.386929e-02
 iter: 189:1        |ddm|: 1.048280e-05     Tr[DP]  8.387104e-02
 iter: 189:2        |ddm|: 8.927173e-06     Tr[DP]  8.386939e-02
 iter: 190:1        |ddm|: 9.424302e-06     Tr[DP]  8.387095e-02
 iter: 190:2        |ddm|: 8.884192e-06     Tr[DP]  8.386945e-02
 iter: 191:1        |ddm|: 8.718693e-06     Tr[DP]  8.387089e-02
 iter: 191:2        |ddm|: 8.287846e-06     Tr[DP]  8.386950e-02
 iter: 192:1        |ddm|: 8.095277e-06     Tr[DP]  8.387082e-02
 iter: 192:2        |ddm|: 7.927987e-06     Tr[DP]  8.386954e-02
 iter: 193:1        |ddm|: 7.521749e-06     Tr[DP]  8.387077e-02
 iter: 193:2        |ddm|: 7.216317e-06     Tr[DP]  8.386958e-02
 iter: 194:1        |ddm|: 7.568725e-06     Tr[DP]  8.387064e-02
 iter: 194:2        |ddm|: 1.036609e-05     Tr[DP]  8.386951e-02
 iter: 195:1        |ddm|: 7.249553e-06     Tr[DP]  8.387072e-02
 iter: 195:2        |ddm|: 6.474375e-06     Tr[DP]  8.386967e-02
 iter: 196:1        |ddm|: 5.964366e-06     Tr[DP]  8.387066e-02
 iter: 196:2        |ddm|: 5.076532e-06     Tr[DP]  8.386972e-02
 iter: 197:1        |ddm|: 7.044758e-06     Tr[DP]  8.387077e-02
 iter: 197:2        |ddm|: 9.183844e-06     Tr[DP]  8.386998e-02
 iter: 198:1        |ddm|: 6.350610e-06     Tr[DP]  8.387050e-02
 iter: 198:2        |ddm|: 1.209166e-05     Tr[DP]  8.386977e-02
 iter: 199:1        |ddm|: 5.990722e-06     Tr[DP]  8.387042e-02
 iter: 199:2        |ddm|: 9.943338e-06     Tr[DP]  8.386965e-02
 iter: 200:1        |ddm|: 5.704662e-06     Tr[DP]  8.387038e-02
 iter: 200:2        |ddm|: 8.443208e-06     Tr[DP]  8.386959e-02
 iter: 201:1        |ddm|: 5.130231e-06     Tr[DP]  8.387038e-02
 iter: 201:2        |ddm|: 5.689664e-06     Tr[DP]  8.386960e-02
 iter: 202:1        |ddm|: 4.741036e-06     Tr[DP]  8.387036e-02
 iter: 202:2        |ddm|: 4.661671e-06     Tr[DP]  8.386962e-02
 iter: 203:1        |ddm|: 4.447307e-06     Tr[DP]  8.387032e-02
 iter: 203:2        |ddm|: 4.981560e-06     Tr[DP]  8.386962e-02
 iter: 204:1        |ddm|: 4.271114e-06     Tr[DP]  8.387027e-02
 iter: 204:2        |ddm|: 5.147975e-06     Tr[DP]  8.386961e-02
 iter: 205:1        |ddm|: 3.972667e-06     Tr[DP]  8.387027e-02
 iter: 205:2        |ddm|: 3.619118e-06     Tr[DP]  8.386965e-02
 iter: 206:1        |ddm|: 3.727085e-06     Tr[DP]  8.387027e-02
 iter: 206:2        |ddm|: 3.066101e-06     Tr[DP]  8.386971e-02
 iter: 207:1        |ddm|: 3.164313e-06     Tr[DP]  8.387024e-02
 iter: 207:2        |ddm|: 2.810357e-06     Tr[DP]  8.386974e-02
 iter: 208:1        |ddm|: 3.001272e-06     Tr[DP]  8.387019e-02
 iter: 208:2        |ddm|: 3.708134e-06     Tr[DP]  8.386972e-02
 iter: 209:1        |ddm|: 2.831915e-06     Tr[DP]  8.387017e-02
 iter: 209:2        |ddm|: 3.048924e-06     Tr[DP]  8.386973e-02
 iter: 210:1        |ddm|: 2.667941e-06     Tr[DP]  8.387016e-02
 iter: 210:2        |ddm|: 2.757624e-06     Tr[DP]  8.386974e-02
 iter: 211:1        |ddm|: 2.502421e-06     Tr[DP]  8.387014e-02
 iter: 211:2        |ddm|: 2.601648e-06     Tr[DP]  8.386974e-02
 iter: 212:1        |ddm|: 2.838762e-06     Tr[DP]  8.387008e-02
 iter: 212:2        |ddm|: 4.625331e-06     Tr[DP]  8.386969e-02
 iter: 213:1        |ddm|: 2.444361e-06     Tr[DP]  8.387009e-02
 iter: 213:2        |ddm|: 2.219690e-06     Tr[DP]  8.386972e-02
 iter: 214:1        |ddm|: 2.215280e-06     Tr[DP]  8.387008e-02
 iter: 214:2        |ddm|: 2.091151e-06     Tr[DP]  8.386973e-02
 iter: 215:1        |ddm|: 2.022016e-06     Tr[DP]  8.387007e-02
 iter: 215:2        |ddm|: 1.927402e-06     Tr[DP]  8.386975e-02
 iter: 216:1        |ddm|: 1.868174e-06     Tr[DP]  8.387005e-02
 iter: 216:2        |ddm|: 1.788362e-06     Tr[DP]  8.386976e-02
 iter: 217:1        |ddm|: 1.728397e-06     Tr[DP]  8.387004e-02
 iter: 217:2        |ddm|: 1.640262e-06     Tr[DP]  8.386977e-02
 iter: 218:1        |ddm|: 1.596123e-06     Tr[DP]  8.387003e-02
 iter: 218:2        |ddm|: 1.402879e-06     Tr[DP]  8.386978e-02
 iter: 219:1        |ddm|: 1.452717e-06     Tr[DP]  8.387003e-02
 iter: 219:2        |ddm|: 1.241778e-06     Tr[DP]  8.386980e-02
 iter: 220:1        |ddm|: 1.307613e-06     Tr[DP]  8.387002e-02
 iter: 220:2        |ddm|: 1.278233e-06     Tr[DP]  8.386981e-02
 iter: 221:1        |ddm|: 1.215758e-06     Tr[DP]  8.387000e-02
 iter: 221:2        |ddm|: 1.220699e-06     Tr[DP]  8.386981e-02
 iter: 222:1        |ddm|: 1.136335e-06     Tr[DP]  8.387000e-02
 iter: 222:2        |ddm|: 1.070517e-06     Tr[DP]  8.386982e-02
 iter: 223:1        |ddm|: 1.048538e-06     Tr[DP]  8.386999e-02
 iter: 223:2        |ddm|: 9.250596e-07     Tr[DP]  8.386983e-02
 iter: 224:1        |ddm|: 9.673501e-07     Tr[DP]  8.386999e-02
 iter: 224:2        |ddm|: 8.102323e-07     Tr[DP]  8.386984e-02
 iter: 225:1        |ddm|: 9.640433e-07     Tr[DP]  8.386997e-02
 iter: 225:2        |ddm|: 1.516592e-06     Tr[DP]  8.386983e-02
 iter: 226:1        |ddm|: 9.005792e-07     Tr[DP]  8.386996e-02
 iter: 226:2        |ddm|: 1.078109e-06     Tr[DP]  8.386982e-02
 iter: 227:1        |ddm|: 1.083898e-06     Tr[DP]  8.386994e-02
 iter: 227:2        |ddm|: 1.847766e-06     Tr[DP]  8.386980e-02
 iter: 228:1        |ddm|: 9.394473e-07     Tr[DP]  8.386994e-02
 iter: 228:2        |ddm|: 1.149966e-06     Tr[DP]  8.386980e-02
 iter: 229:1        |ddm|: 8.795699e-07     Tr[DP]  8.386994e-02
 iter: 229:2        |ddm|: 9.628843e-07     Tr[DP]  8.386980e-02
 iter: 230:1        |ddm|: 8.142442e-07     Tr[DP]  8.386993e-02
 iter: 230:2        |ddm|: 8.093910e-07     Tr[DP]  8.386980e-02
 iter: 231:1        |ddm|: 7.540720e-07     Tr[DP]  8.386993e-02
 iter: 231:2        |ddm|: 7.649780e-07     Tr[DP]  8.386981e-02
 iter: 232:1        |ddm|: 6.998999e-07     Tr[DP]  8.386992e-02
 iter: 232:2        |ddm|: 6.872081e-07     Tr[DP]  8.386981e-02
 iter: 233:1        |ddm|: 7.658806e-07     Tr[DP]  8.386993e-02
 iter: 233:2        |ddm|: 8.454411e-07     Tr[DP]  8.386983e-02
 iter: 234:1        |ddm|: 6.111827e-07     Tr[DP]  8.386991e-02
 iter: 234:2        |ddm|: 9.500646e-07     Tr[DP]  8.386982e-02
 iter: 235:1        |ddm|: 5.428231e-07     Tr[DP]  8.386991e-02
 iter: 235:2        |ddm|: 5.977262e-07     Tr[DP]  8.386982e-02
 iter: 236:1        |ddm|: 5.153026e-07     Tr[DP]  8.386991e-02
 iter: 236:2        |ddm|: 5.538542e-07     Tr[DP]  8.386982e-02
 iter: 237:1        |ddm|: 4.880854e-07     Tr[DP]  8.386990e-02
 iter: 237:2        |ddm|: 5.373883e-07     Tr[DP]  8.386982e-02
 iter: 238:1        |ddm|: 4.686789e-07     Tr[DP]  8.386990e-02
 iter: 238:2        |ddm|: 5.462097e-07     Tr[DP]  8.386982e-02
 iter: 239:1        |ddm|: 4.520779e-07     Tr[DP]  8.386989e-02
 iter: 239:2        |ddm|: 5.390031e-07     Tr[DP]  8.386982e-02
 iter: 240:1        |ddm|: 4.336586e-07     Tr[DP]  8.386989e-02
 iter: 240:2        |ddm|: 5.113030e-07     Tr[DP]  8.386982e-02
 iter: 241:1        |ddm|: 4.020712e-07     Tr[DP]  8.386989e-02
 iter: 241:2        |ddm|: 3.712216e-07     Tr[DP]  8.386982e-02
 iter: 242:1        |ddm|: 3.691547e-07     Tr[DP]  8.386989e-02
 iter: 242:2        |ddm|: 3.519978e-07     Tr[DP]  8.386983e-02
 iter: 243:1        |ddm|: 3.399228e-07     Tr[DP]  8.386988e-02
 iter: 243:2        |ddm|: 3.263497e-07     Tr[DP]  8.386983e-02
 iter: 244:1        |ddm|: 3.140006e-07     Tr[DP]  8.386988e-02
 iter: 244:2        |ddm|: 2.897063e-07     Tr[DP]  8.386983e-02
 iter: 245:1        |ddm|: 2.905068e-07     Tr[DP]  8.386988e-02
 iter: 245:2        |ddm|: 2.432439e-07     Tr[DP]  8.386984e-02
 iter: 246:1        |ddm|: 2.582394e-07     Tr[DP]  8.386988e-02
 iter: 246:2        |ddm|: 2.520702e-07     Tr[DP]  8.386984e-02
 iter: 247:1        |ddm|: 2.395870e-07     Tr[DP]  8.386988e-02
 iter: 247:2        |ddm|: 2.248112e-07     Tr[DP]  8.386984e-02
 iter: 248:1        |ddm|: 2.207055e-07     Tr[DP]  8.386987e-02
 iter: 248:2        |ddm|: 2.116684e-07     Tr[DP]  8.386984e-02
 iter: 249:1        |ddm|: 2.046307e-07     Tr[DP]  8.386987e-02
 iter: 249:2        |ddm|: 1.951240e-07     Tr[DP]  8.386984e-02
 iter: 250:1        |ddm|: 1.899504e-07     Tr[DP]  8.386987e-02
 iter: 250:2        |ddm|: 1.703820e-07     Tr[DP]  8.386984e-02
 iter: 251:1        |ddm|: 1.769839e-07     Tr[DP]  8.386987e-02
 iter: 251:2        |ddm|: 1.902703e-07     Tr[DP]  8.386984e-02
 iter: 252:1        |ddm|: 1.504266e-07     Tr[DP]  8.386987e-02
 iter: 252:2        |ddm|: 1.601873e-07     Tr[DP]  8.386984e-02
 iter: 253:1        |ddm|: 1.492099e-07     Tr[DP]  8.386987e-02
 iter: 253:2        |ddm|: 1.481279e-07     Tr[DP]  8.386985e-02
 iter: 254:1        |ddm|: 1.808928e-07     Tr[DP]  8.386986e-02
 iter: 254:2        |ddm|: 4.072563e-07     Tr[DP]  8.386984e-02
 iter: 255:1        |ddm|: 1.496113e-07     Tr[DP]  8.386986e-02
 iter: 255:2        |ddm|: 2.023025e-07     Tr[DP]  8.386984e-02
 iter: 256:1        |ddm|: 1.678959e-07     Tr[DP]  8.386986e-02
 iter: 256:2        |ddm|: 2.441652e-07     Tr[DP]  8.386984e-02
 iter: 257:1        |ddm|: 1.509947e-07     Tr[DP]  8.386986e-02
 iter: 257:2        |ddm|: 1.781474e-07     Tr[DP]  8.386984e-02
 iter: 258:1        |ddm|: 1.391314e-07     Tr[DP]  8.386986e-02
 iter: 258:2        |ddm|: 1.427999e-07     Tr[DP]  8.386984e-02
 iter: 259:1        |ddm|: 1.283609e-07     Tr[DP]  8.386986e-02
 iter: 259:2        |ddm|: 1.281261e-07     Tr[DP]  8.386984e-02
 iter: 260:1        |ddm|: 1.204873e-07     Tr[DP]  8.386986e-02
 iter: 260:2        |ddm|: 1.345473e-07     Tr[DP]  8.386984e-02
 iter: 261:1        |ddm|: 1.112259e-07     Tr[DP]  8.386986e-02
 iter: 261:2        |ddm|: 1.072987e-07     Tr[DP]  8.386984e-02
 iter: 262:1        |ddm|: 1.035034e-07     Tr[DP]  8.386986e-02
 iter: 262:2        |ddm|: 9.626858e-08     Tr[DP]  8.386984e-02
 iter: 263:1        |ddm|: 9.338611e-08     Tr[DP]  8.386986e-02
 iter: 263:2        |ddm|: 9.264795e-08     Tr[DP]  8.386984e-02
 iter: 264:1        |ddm|: 8.743690e-08     Tr[DP]  8.386986e-02
 iter: 264:2        |ddm|: 8.830942e-08     Tr[DP]  8.386984e-02
 iter: 265:1        |ddm|: 8.203676e-08     Tr[DP]  8.386986e-02
 iter: 265:2        |ddm|: 8.273893e-08     Tr[DP]  8.386984e-02
 iter: 266:1        |ddm|: 7.699402e-08     Tr[DP]  8.386985e-02
 iter: 266:2        |ddm|: 7.768634e-08     Tr[DP]  8.386984e-02
 iter: 267:1        |ddm|: 7.239041e-08     Tr[DP]  8.386985e-02
 iter: 267:2        |ddm|: 7.390340e-08     Tr[DP]  8.386984e-02
 iter: 268:1        |ddm|: 6.761761e-08     Tr[DP]  8.386985e-02
 iter: 268:2        |ddm|: 6.830199e-08     Tr[DP]  8.386984e-02
 iter: 269:1        |ddm|: 6.325987e-08     Tr[DP]  8.386985e-02
 iter: 269:2        |ddm|: 6.453802e-08     Tr[DP]  8.386984e-02
 iter: 270:1        |ddm|: 5.927177e-08     Tr[DP]  8.386985e-02
 iter: 270:2        |ddm|: 6.073315e-08     Tr[DP]  8.386984e-02
 iter: 271:1        |ddm|: 5.557309e-08     Tr[DP]  8.386985e-02
 iter: 271:2        |ddm|: 5.700303e-08     Tr[DP]  8.386984e-02
 iter: 272:1        |ddm|: 5.211035e-08     Tr[DP]  8.386985e-02
 iter: 272:2        |ddm|: 5.334088e-08     Tr[DP]  8.386984e-02
 iter: 273:1        |ddm|: 4.888214e-08     Tr[DP]  8.386985e-02
 iter: 273:2        |ddm|: 4.991253e-08     Tr[DP]  8.386984e-02
 iter: 274:1        |ddm|: 4.588962e-08     Tr[DP]  8.386985e-02
 iter: 274:2        |ddm|: 4.694603e-08     Tr[DP]  8.386984e-02
 iter: 275:1        |ddm|: 4.304912e-08     Tr[DP]  8.386985e-02
 iter: 275:2        |ddm|: 4.400915e-08     Tr[DP]  8.386984e-02
 iter: 276:1        |ddm|: 4.037279e-08     Tr[DP]  8.386985e-02
 iter: 276:2        |ddm|: 4.137254e-08     Tr[DP]  8.386984e-02
 iter: 277:1        |ddm|: 3.785120e-08     Tr[DP]  8.386985e-02
 iter: 277:2        |ddm|: 3.886487e-08     Tr[DP]  8.386984e-02
 iter: 278:1        |ddm|: 3.548377e-08     Tr[DP]  8.386985e-02
 iter: 278:2        |ddm|: 3.647860e-08     Tr[DP]  8.386984e-02
 iter: 279:1        |ddm|: 3.326464e-08     Tr[DP]  8.386985e-02
 iter: 279:2        |ddm|: 3.419398e-08     Tr[DP]  8.386984e-02
 iter: 280:1        |ddm|: 3.118952e-08     Tr[DP]  8.386985e-02
 iter: 280:2        |ddm|: 3.202253e-08     Tr[DP]  8.386984e-02
 iter: 281:1        |ddm|: 2.925480e-08     Tr[DP]  8.386985e-02
 iter: 281:2        |ddm|: 3.001447e-08     Tr[DP]  8.386984e-02
 iter: 282:1        |ddm|: 2.744367e-08     Tr[DP]  8.386985e-02
 iter: 282:2        |ddm|: 2.812670e-08     Tr[DP]  8.386984e-02
 iter: 283:1        |ddm|: 2.574539e-08     Tr[DP]  8.386985e-02
 iter: 283:2        |ddm|: 2.638775e-08     Tr[DP]  8.386984e-02
 iter: 284:1        |ddm|: 2.414861e-08     Tr[DP]  8.386985e-02
 iter: 284:2        |ddm|: 2.476906e-08     Tr[DP]  8.386984e-02
 iter: 285:1        |ddm|: 2.264690e-08     Tr[DP]  8.386985e-02
 iter: 285:2        |ddm|: 2.325211e-08     Tr[DP]  8.386985e-02
 iter: 286:1        |ddm|: 2.123554e-08     Tr[DP]  8.386985e-02
 iter: 286:2        |ddm|: 2.181899e-08     Tr[DP]  8.386985e-02
 iter: 287:1        |ddm|: 1.991106e-08     Tr[DP]  8.386985e-02
 iter: 287:2        |ddm|: 2.046065e-08     Tr[DP]  8.386985e-02
 iter: 288:1        |ddm|: 1.867068e-08     Tr[DP]  8.386985e-02
 iter: 288:2        |ddm|: 1.918065e-08     Tr[DP]  8.386985e-02
 iter: 289:1        |ddm|: 1.750963e-08     Tr[DP]  8.386985e-02
 iter: 289:2        |ddm|: 1.797539e-08     Tr[DP]  8.386985e-02
 iter: 290:1        |ddm|: 1.642269e-08     Tr[DP]  8.386985e-02
 iter: 290:2        |ddm|: 1.685066e-08     Tr[DP]  8.386985e-02
 iter: 291:1        |ddm|: 1.540408e-08     Tr[DP]  8.386985e-02
 iter: 291:2        |ddm|: 1.580167e-08     Tr[DP]  8.386985e-02
 iter: 292:1        |ddm|: 1.444811e-08     Tr[DP]  8.386985e-02
 iter: 292:2        |ddm|: 1.482458e-08     Tr[DP]  8.386985e-02
 iter: 293:1        |ddm|: 1.355054e-08     Tr[DP]  8.386985e-02
 iter: 293:2        |ddm|: 1.391003e-08     Tr[DP]  8.386985e-02
 iter: 294:1        |ddm|: 1.270760e-08     Tr[DP]  8.386985e-02
 iter: 294:2        |ddm|: 1.305095e-08     Tr[DP]  8.386985e-02
 iter: 295:1        |ddm|: 1.191654e-08     Tr[DP]  8.386985e-02
 iter: 295:2        |ddm|: 1.224142e-08     Tr[DP]  8.386985e-02
 iter: 296:1        |ddm|: 1.117477e-08     Tr[DP]  8.386985e-02
 iter: 296:2        |ddm|: 1.147792e-08     Tr[DP]  8.386985e-02
 iter: 297:1        |ddm|: 1.047968e-08     Tr[DP]  8.386985e-02
 iter: 297:2        |ddm|: 1.076136e-08     Tr[DP]  8.386985e-02
 iter: 298:1        |ddm|: 9.828497e-09     Tr[DP]  8.386985e-02
 iter: 298:2        |ddm|: 1.008954e-08     Tr[DP]  8.386985e-02
 iter: 299:1        |ddm|: 9.218093e-09     Tr[DP]  8.386985e-02
 iter: 299:2        |ddm|: 9.460600e-09     Tr[DP]  8.386985e-02
 iter: 300:1        |ddm|: 8.645587e-09     Tr[DP]  8.386985e-02
 iter: 300:2        |ddm|: 8.872721e-09     Tr[DP]  8.386985e-02
                         Freeze-and-Thaw NOT converged!                         

=================== Subsystem 1 at higher mean-field method ====================
  subiter:   1      |ddm|: 1.782600e-01
  subiter:   2      |ddm|: 4.123798e-02
  subiter:   3      |ddm|: 7.643024e-03
  subiter:   4      |ddm|: 3.619408e-03
  subiter:   5      |ddm|: 5.959797e-04
  subiter:   6      |ddm|: 3.398834e-04
  subiter:   7      |ddm|: 5.110123e-05
  subiter:   8      |ddm|: 8.982143e-06
  subiter:   9      |ddm|: 1.724509e-06
  subiter:  10      |ddm|: 4.159442e-07
  subiter:  11      |ddm|: 2.528104e-08
  subiter:  12      |ddm|: 4.199871e-08
  subiter:  13      |ddm|: 2.557863e-09


******** <class 'pyscf.scf.hf.RHF'> flags ********
method = RHF
initial guess = minao
damping factor = 0
level shift factor = 0
DIIS = <class 'pyscf.scf.diis.CDIIS'>
DIIS start cycle = 1
DIIS space = 8
SCF tol = 1e-09
SCF gradient tol = None
max. SCF cycles = 100
direct_scf = True
direct_scf_tol = 1e-13
chkfile to save SCF result = /panfs/roc/scratch/graha682/D60/201711_ccpVDZ_NEVPT2_m06_60_2c12h24/tmpD5n5Gs
max_memory 4000 MB (current use 514 MB)
Set gradient conv threshold to 3.16228e-05
init E= -83.3808537084746
  HOMO = -0.47913790491021  LUMO = 0.200758422831505
cycle= 1 E= -83.3808537084744  delta_E= 2.7e-13  |g|= 9.04e-10  |ddm|= 5.18e-09
  HOMO = -0.479137904938627  LUMO = 0.200758422810446
Extra cycle  E= -83.3808537084749  delta_E= -5.26e-13  |g|= 3.32e-10  |ddm|= 1.71e-09
converged SCF energy = -83.3808537084749


******** <class 'pyscf.dft.rks.RKS'> flags ********
method = RKS
initial guess = atom
damping factor = 0
level shift factor = 0.0
DIIS = <class 'pyscf.scf.diis.CDIIS'>
DIIS start cycle = 1
DIIS space = 8
SCF tol = 1e-08
SCF gradient tol = 1e-08
max. SCF cycles = 1
direct_scf = True
direct_scf_tol = 1e-13
chkfile to save SCF result = /panfs/roc/scratch/graha682/D60/201711_ccpVDZ_NEVPT2_m06_60_2c12h24/tmpk4OShB
max_memory 4000 MB (current use 511 MB)
XC functionals = m06
small_rho_cutoff = 1e-20
radial grids: Treutler-Ahlrichs (JCP 102, 346 (M4)) radial grids
becke partition: Becke, JCP, 88, 2547 (1988)
pruning grids: <function nwchem_prune at 0x17435f0>
grids dens level: 4
symmetrized grids: False
atomic radii adjust function: <function treutler_atomic_radii_adjust at 0x1743488>
init E= -83.8448733112345
  HOMO = -0.352618321046493  LUMO = 0.0880283530667443
cycle= 1 E= -83.8448733112346  delta_E= -8.53e-14  |g|= 1.68e-09  |ddm|= 8.11e-09
  HOMO = -0.352618321043678  LUMO = 0.0880283530216434
Extra cycle  E= -83.8448733112346  delta_E= -2.84e-14  |g|= 7.14e-10  |ddm|= 2.18e-09
converged SCF energy = -83.8448733112346
 iter: 301:1        |ddm|: 2.080621e-01     Tr[DP]  8.907292e-02

******** <class 'pyscf.mcscf.mc1step.CASSCF'> flags ********
CAS (1e+1e, 2o), ncore = 7, nvir = 34
max_cycle_macro = 50
max_cycle_micro = 4
conv_tol = 1e-07
conv_tol_grad = None
orbital rotation max_stepsize = 0.02
augmented hessian ah_max_cycle = 30
augmented hessian ah_conv_tol = 1e-12
augmented hessian ah_linear dependence = 1e-14
augmented hessian ah_level shift = 0
augmented hessian ah_start_tol = 2.5
augmented hessian ah_start_cycle = 3
augmented hessian ah_grad_trust_region = 3
kf_trust_region = 3
kf_interval = 4
ci_response_space = 4
ci_grad_trust_region = 3
with_dep4 0
natorb = False
canonicalization = True
sorting_mo_energy = False
chkfile = /panfs/roc/scratch/graha682/D60/201711_ccpVDZ_NEVPT2_m06_60_2c12h24/tmpD5n5Gs
max_memory 4000 MB (current use 520 MB)
internal_rotation = False
******** <class 'pyscf.fci.direct_spin1.FCISolver'> flags ********
max. cycles = 50
conv_tol = 1e-08
davidson only = False
linear dependence = 1e-10
level shift = 0.001
max iter space = 12
max_memory 4000 MB
nroots = 1
pspace_size = 400
spin = None
CASCI E = -83.3808978363187  S^2 = 0.0000000
Set conv_tol_grad to 0.000316228
macro iter 1 (7 JK  2 micro), CASSCF E = -83.3809376253061  dE = -3.9788987e-05  S^2 = 0.0000000
               |grad[o]|=0.000226  |grad[c]|= 0.000907510521915  |ddm|=0.000111
macro iter 2 (21 JK  4 micro), CASSCF E = -83.3815578458672  dE = -0.00062022056  S^2 = 0.0000000
               |grad[o]|=0.000369  |grad[c]|= 0.000555432873484  |ddm|=0.000805
macro iter 3 (12 JK  3 micro), CASSCF E = -83.3824637431158  dE = -0.00090589725  S^2 = 0.0000000
               |grad[o]|=0.0023  |grad[c]|= 0.00199248018086  |ddm|=0.00165
macro iter 4 (12 JK  3 micro), CASSCF E = -83.3838676608945  dE = -0.0014039178  S^2 = 0.0000000
               |grad[o]|=0.00403  |grad[c]|= 0.00365661752902  |ddm|=0.00198
macro iter 5 (21 JK  4 micro), CASSCF E = -83.3852047946989  dE = -0.0013371338  S^2 = 0.0000000
               |grad[o]|=0.0054  |grad[c]|= 0.00320906044435  |ddm|=0.000863
macro iter 6 (20 JK  4 micro), CASSCF E = -83.3853421403174  dE = -0.00013734562  S^2 = 0.0000000
               |grad[o]|=0.00325  |grad[c]|= 0.00445238576694  |ddm|=0.000622
macro iter 7 (20 JK  4 micro), CASSCF E = -83.3854097683981  dE = -6.7628081e-05  S^2 = 0.0000000
               |grad[o]|=0.00269  |grad[c]|= 0.00356519339555  |ddm|=0.00063
macro iter 8 (20 JK  4 micro), CASSCF E = -83.3855167939765  dE = -0.00010702558  S^2 = 0.0000000
               |grad[o]|=0.00262  |grad[c]|= 0.00584891335055  |ddm|=0.00153
macro iter 9 (21 JK  4 micro), CASSCF E = -83.3856046263741  dE = -8.7832398e-05  S^2 = 0.0000000
               |grad[o]|=0.00269  |grad[c]|= 0.00785403939587  |ddm|=0.00236
macro iter 10 (21 JK  4 micro), CASSCF E = -83.3856325025371  dE = -2.7876163e-05  S^2 = 0.0000000
               |grad[o]|=0.00287  |grad[c]|= 0.00377274288182  |ddm|=0.0018
macro iter 11 (21 JK  4 micro), CASSCF E = -83.3857343194805  dE = -0.00010181694  S^2 = 0.0000000
               |grad[o]|=0.00225  |grad[c]|= 0.00761029495639  |ddm|=0.00185
macro iter 12 (21 JK  4 micro), CASSCF E = -83.3857435016049  dE = -9.1821244e-06  S^2 = 0.0000000
               |grad[o]|=0.00231  |grad[c]|= 0.00332272372869  |ddm|=0.000961
macro iter 13 (21 JK  4 micro), CASSCF E = -83.3857436170414  dE = -1.1543653e-07  S^2 = 0.0000000
               |grad[o]|=0.00167  |grad[c]|= 0.00320321080184  |ddm|=0.000601
macro iter 14 (21 JK  4 micro), CASSCF E = -83.38574069365  dE = 2.9233914e-06  S^2 = 0.0000000
               |grad[o]|=0.00162  |grad[c]|= 0.0032137887255  |ddm|=0.000599
macro iter 15 (21 JK  4 micro), CASSCF E = -83.3858437476631  dE = -0.00010305401  S^2 = 0.0000000
               |grad[o]|=0.00166  |grad[c]|= 0.00337437814222  |ddm|=0.00161
macro iter 16 (16 JK  4 micro), CASSCF E = -83.3858561045632  dE = -1.23569e-05  S^2 = 0.0000000
               |grad[o]|=0.00166  |grad[c]|= 0.00110944902622  |ddm|=0.00104
macro iter 17 (12 JK  3 micro), CASSCF E = -83.3858593408342  dE = -3.236271e-06  S^2 = 0.0000000
               |grad[o]|=0.000722  |grad[c]|= 0.000124246786191  |ddm|=0.000327
macro iter 18 (3 JK  1 micro), CASSCF E = -83.3858594218982  dE = -8.1064044e-08  S^2 = 0.0000000
               |grad[o]|=0.000102  |grad[c]|= 2.45057982395e-05  |ddm|=2.52e-05
1-step CASSCF converged in 18 macro (311 JK 64 micro) steps
CASSCF canonicalization
CASSCF energy = -83.3858594218982
Hartree-Fock Energy:   -83.38085370847490
CAS Correlation:       -0.00500571342332
CAS Energy:           -83.38585942189822
Sr    (-1)',   E = -0.00000000123106
Si    (+1)',   E = 0.00000000046234
Sijrs (0)  ,   E = -0.15407560725407
Sijr  (+1) ,   E = -0.00630486160189
Srsi  (-1) ,   E = -0.04457526618721
Srs   (-2) ,   E = -0.01065275734178
Sij   (+2) ,   E = -0.00201990622596
Sir   (0)' ,   E = -0.01356913892224
Nevpt2 Energy = -0.231197538301873
NEVPT2 =   -0.231197538301873
Total NEVPT2 =  -83.617056960200088

============================== Supermolecular DFT ==============================
  subiter:   1      |ddm|: 3.859931e+00
  subiter:   2      |ddm|: 4.579209e-01
  subiter:   3      |ddm|: 2.265434e-01
  subiter:   4      |ddm|: 4.642997e-02
  subiter:   5      |ddm|: 1.120431e-02
  subiter:   6      |ddm|: 3.366034e-03
  subiter:   7      |ddm|: 8.843071e-04
  subiter:   8      |ddm|: 3.615172e-04
  subiter:   9      |ddm|: 1.575417e-04
  subiter:  10      |ddm|: 4.098568e-05
  subiter:  11      |ddm|: 1.729855e-05
  subiter:  12      |ddm|: 4.988156e-06
  subiter:  13      |ddm|: 1.899792e-06
  subiter:  14      |ddm|: 7.578910e-07
  subiter:  15      |ddm|: 3.929778e-07
  subiter:  16      |ddm|: 1.992537e-07
  subiter:  17      |ddm|: 5.412598e-08
  subiter:  18      |ddm|: 7.910269e-09


******** <class 'pyscf.dft.rks.RKS'> flags ********
method = RKS
initial guess = atom
damping factor = 0
level shift factor = 0.0
DIIS = <class 'pyscf.scf.diis.CDIIS'>
DIIS start cycle = 1
DIIS space = 8
SCF tol = 1e-08
SCF gradient tol = 1e-08
max. SCF cycles = 100
direct_scf = True
direct_scf_tol = 1e-13
chkfile to save SCF result = /panfs/roc/scratch/graha682/D60/201711_ccpVDZ_NEVPT2_m06_60_2c12h24/tmpI3ECBn
max_memory 4000 MB (current use 526 MB)
XC functionals = m06
small_rho_cutoff = 1e-20
radial grids: Treutler-Ahlrichs (JCP 102, 346 (M4)) radial grids
becke partition: Becke, JCP, 88, 2547 (1988)
pruning grids: <function nwchem_prune at 0x17435f0>
grids dens level: 4
symmetrized grids: False
atomic radii adjust function: <function treutler_atomic_radii_adjust at 0x1743488>
init E= -471.28282346106
  HOMO = -0.244347188791403  LUMO = -0.013783445498404
cycle= 1 E= -471.28282346106  delta_E= 4.55e-13  |g|= 1.23e-08  |ddm|= 1.71e-08
  HOMO = -0.244347189080023  LUMO = -0.0137834459185893
cycle= 2 E= -471.28282346106  delta_E=    0  |g|= 1.75e-08  |ddm|= 2.39e-08
  HOMO = -0.244347188881482  LUMO = -0.0137834455951359
cycle= 3 E= -471.28282346106  delta_E= 2.27e-13  |g|= 5.61e-09  |ddm|= 1.82e-08
  HOMO = -0.244347188981571  LUMO = -0.0137834458092702
Extra cycle  E= -471.28282346106  delta_E= -2.27e-13  |g|= 1.05e-08  |ddm|= 1.32e-08
converged SCF energy = -471.28282346106
Supermolecular DFT   -471.28282346105902

============================== Embedding Energies ==============================
Subsystem DFT               -83.84487331123459
Interaction                -386.95286822040492
DFT-in-DFT                 -470.79774153163953
Supermolecular DFT         -471.28282346105902
Difference                   -0.48508192941949
Corrected DFT-in-DFT       -471.28282346105902
WF-in-DFT                  -470.56992518060503
Corrected WF-in-DFT        -471.05500711002452
================================================================================
TIMING STATISTICS:
     overlap integrals      0.02s   ( 0.00%)
    initial subsystems      2.82s   ( 0.04%)
           2e matrices   6770.09s   (92.26%)
      tot. embed. of 1   6780.53s   (92.40%)
      tot. embed. of 2      3.23s   ( 0.04%)
       freeze and thaw   6784.97s   (92.46%)
                   cas      1.56s   ( 0.02%)
                nevpt2      0.01s   ( 0.00%)
  interaction energies    547.65s   ( 7.46%)
                 TOTAL   7338.24s
================================================================================

********************************************************************************
*                              END OF CALCULATION                              *
********************************************************************************
