********************************************************************************
*                         FREEZE-AND-THAW CALCULATION                          *
********************************************************************************

================================== Input File ==================================
subsystem
C         -6.85287       -0.34988        0.01138
C         -5.58636        0.47964       -0.06560
H         -7.76144        0.26830       -0.05902
H         -6.90596       -0.90958        0.96079
H         -6.89355       -1.09231       -0.80386
C         -4.32078       -0.35451        0.02937
H         -5.58107        1.23826        0.74045
H         -5.56898        1.05739       -1.00962
charge -1
end

subsystem
C         -3.04351        0.46141       -0.04557
H         -4.32009       -1.11482       -0.77747
H         -4.33261       -0.93418        0.97430
C         -1.77915       -0.37262        0.04929
H         -3.04430        1.22126        0.76148
H         -3.03188        1.04087       -0.99045
C         -0.50199        0.44374       -0.02514
H         -1.77780       -1.13227       -0.75789
H         -1.79062       -0.95231        0.99397
C          0.76209       -0.39069        0.06938
H         -0.50292        1.20308        0.78232
H         -0.49045        1.02372       -0.96967
C          2.03924        0.42572       -0.00395
H          0.76357       -1.14967       -0.73837
H          0.75044       -0.97096        1.01359
C          3.30262       -0.40949        0.09054
H          2.03751        1.18471        0.80372
H          2.05092        1.00603       -0.94856
C          4.57531        0.41518        0.00307
H          3.30360       -1.17023       -0.71552
H          3.29800       -0.98435        1.03624
C          5.85184       -0.37715       -0.08160
H          4.59462        1.16545        0.81870
H          4.56678        0.99974       -0.93644
C          7.13820       -0.01362        0.06259
H          7.53737        0.42889        0.98700
H          7.85825       -0.14602       -0.75292
H          5.73291       -1.02739       -0.97527
charge +1
end

embed
 huzinaga
 cycles 300
 conv 1e-8
 method m06
end

basis aug-cc-pVTZ
method cas[2,2]/nevpt2
grid 4
conv 1e-8
grad 1e-8
maxiter 100
================================== End Input ===================================
tot grids = 725328

                      Getting subsystem overlap integrals                       

                          Initial subsystem densities                           
Guessing initial subsystem densities
Initial guess from superpostion of atomic densties.
Guessing initial subsystem densities
Initial guess from superpostion of atomic densties.

=========================== Starting Freeze-and-Thaw ===========================
 iter:   1:1        |ddm|: 8.480442e+01     Tr[DP]  7.747175e-01
 iter:   1:2        |ddm|: 1.107557e+02     Tr[DP]  2.706682e-01
 iter:   2:1        |ddm|: 1.054792e+02     Tr[DP]  7.088124e-02
 iter:   2:2        |ddm|: 1.426165e+02     Tr[DP]  1.410866e-01
 iter:   3:1        |ddm|: 1.338716e+02     Tr[DP]  1.891580e-01
 iter:   3:2        |ddm|: 1.135245e+02     Tr[DP]  1.767482e-01
 iter:   4:1        |ddm|: 7.489321e+01     Tr[DP]  9.797917e-02
 iter:   4:2        |ddm|: 1.567178e+01     Tr[DP]  1.327755e-01
 iter:   5:1        |ddm|: 3.597775e+01     Tr[DP]  9.485511e-02
 iter:   5:2        |ddm|: 1.076439e+01     Tr[DP]  1.174615e-01
 iter:   6:1        |ddm|: 1.735065e+01     Tr[DP]  9.761278e-02
 iter:   6:2        |ddm|: 8.444642e+00     Tr[DP]  1.047578e-01
 iter:   7:1        |ddm|: 1.204179e+01     Tr[DP]  9.957957e-02
 iter:   7:2        |ddm|: 5.631835e+00     Tr[DP]  9.651127e-02
 iter:   8:1        |ddm|: 9.452467e+00     Tr[DP]  1.007020e-01
 iter:   8:2        |ddm|: 3.910718e+00     Tr[DP]  9.333518e-02
 iter:   9:1        |ddm|: 8.027464e+00     Tr[DP]  1.010626e-01
 iter:   9:2        |ddm|: 2.953784e+00     Tr[DP]  9.219095e-02
 iter:  10:1        |ddm|: 6.242846e+00     Tr[DP]  1.013708e-01
 iter:  10:2        |ddm|: 2.477322e+00     Tr[DP]  9.061043e-02
 iter:  11:1        |ddm|: 4.860065e+00     Tr[DP]  1.020892e-01
 iter:  11:2        |ddm|: 1.970369e+00     Tr[DP]  9.090300e-02
 iter:  12:1        |ddm|: 4.309694e+00     Tr[DP]  1.024719e-01
 iter:  12:2        |ddm|: 1.698424e+00     Tr[DP]  9.075567e-02
 iter:  13:1        |ddm|: 3.576299e+00     Tr[DP]  1.025946e-01
 iter:  13:2        |ddm|: 1.455459e+00     Tr[DP]  9.040317e-02
 iter:  14:1        |ddm|: 2.977189e+00     Tr[DP]  1.024289e-01
 iter:  14:2        |ddm|: 1.225366e+00     Tr[DP]  9.006079e-02
 iter:  15:1        |ddm|: 2.570915e+00     Tr[DP]  1.025192e-01
 iter:  15:2        |ddm|: 1.017516e+00     Tr[DP]  9.112387e-02
 iter:  16:1        |ddm|: 2.353029e+00     Tr[DP]  1.026490e-01
 iter:  16:2        |ddm|: 9.151995e-01     Tr[DP]  9.168800e-02
 iter:  17:1        |ddm|: 2.070086e+00     Tr[DP]  1.026505e-01
 iter:  17:2        |ddm|: 8.211726e-01     Tr[DP]  9.195424e-02
 iter:  18:1        |ddm|: 1.887594e+00     Tr[DP]  1.025965e-01
 iter:  18:2        |ddm|: 7.586688e-01     Tr[DP]  9.276946e-02
 iter:  19:1        |ddm|: 1.661625e+00     Tr[DP]  1.026076e-01
 iter:  19:2        |ddm|: 6.823256e-01     Tr[DP]  9.270385e-02
 iter:  20:1        |ddm|: 1.489437e+00     Tr[DP]  1.023886e-01
 iter:  20:2        |ddm|: 6.119107e-01     Tr[DP]  9.291533e-02
 iter:  21:1        |ddm|: 1.317048e+00     Tr[DP]  1.021141e-01
 iter:  21:2        |ddm|: 5.561874e-01     Tr[DP]  9.279250e-02
 iter:  22:1        |ddm|: 1.161553e+00     Tr[DP]  1.017227e-01
 iter:  22:2        |ddm|: 4.915818e-01     Tr[DP]  9.274200e-02
 iter:  23:1        |ddm|: 1.042158e+00     Tr[DP]  1.013059e-01
 iter:  23:2        |ddm|: 4.439682e-01     Tr[DP]  9.289490e-02
 iter:  24:1        |ddm|: 9.325579e-01     Tr[DP]  1.009121e-01
 iter:  24:2        |ddm|: 4.104248e-01     Tr[DP]  9.292407e-02
 iter:  25:1        |ddm|: 8.395262e-01     Tr[DP]  1.004867e-01
 iter:  25:2        |ddm|: 3.805818e-01     Tr[DP]  9.301212e-02
 iter:  26:1        |ddm|: 7.538081e-01     Tr[DP]  1.000877e-01
 iter:  26:2        |ddm|: 3.522906e-01     Tr[DP]  9.309749e-02
 iter:  27:1        |ddm|: 6.818659e-01     Tr[DP]  9.972316e-02
 iter:  27:2        |ddm|: 3.301330e-01     Tr[DP]  9.317867e-02
 iter:  28:1        |ddm|: 6.235726e-01     Tr[DP]  9.936263e-02
 iter:  28:2        |ddm|: 3.187203e-01     Tr[DP]  9.323591e-02
 iter:  29:1        |ddm|: 5.701385e-01     Tr[DP]  9.899988e-02
 iter:  29:2        |ddm|: 3.042608e-01     Tr[DP]  9.332428e-02
 iter:  30:1        |ddm|: 5.166085e-01     Tr[DP]  9.870207e-02
 iter:  30:2        |ddm|: 2.840014e-01     Tr[DP]  9.334557e-02
 iter:  31:1        |ddm|: 4.749542e-01     Tr[DP]  9.841678e-02
 iter:  31:2        |ddm|: 2.751948e-01     Tr[DP]  9.331442e-02
 iter:  32:1        |ddm|: 4.348704e-01     Tr[DP]  9.810220e-02
 iter:  32:2        |ddm|: 2.666822e-01     Tr[DP]  9.329190e-02
 iter:  33:1        |ddm|: 3.916708e-01     Tr[DP]  9.778682e-02
 iter:  33:2        |ddm|: 2.517203e-01     Tr[DP]  9.323302e-02
 iter:  34:1        |ddm|: 6.692653e-01     Tr[DP]  9.719944e-02
 iter:  34:2        |ddm|: 5.474276e-01     Tr[DP]  9.517792e-02
 iter:  35:1        |ddm|: 3.750769e-01     Tr[DP]  9.749284e-02
 iter:  35:2        |ddm|: 3.592044e-01     Tr[DP]  9.404105e-02
 iter:  36:1        |ddm|: 3.398889e-01     Tr[DP]  9.725321e-02
 iter:  36:2        |ddm|: 2.558246e-01     Tr[DP]  9.380649e-02
 iter:  37:1        |ddm|: 3.525751e-01     Tr[DP]  9.699173e-02
 iter:  37:2        |ddm|: 2.679707e-01     Tr[DP]  9.402230e-02
 iter:  38:1        |ddm|: 3.470138e-01     Tr[DP]  9.679426e-02
 iter:  38:2        |ddm|: 2.937446e-01     Tr[DP]  9.414712e-02
 iter:  39:1        |ddm|: 3.537470e-01     Tr[DP]  9.659601e-02
 iter:  39:2        |ddm|: 3.132423e-01     Tr[DP]  9.434313e-02
 iter:  40:1        |ddm|: 2.690542e-01     Tr[DP]  9.658325e-02
 iter:  40:2        |ddm|: 2.704610e-01     Tr[DP]  9.352642e-02
 iter:  41:1        |ddm|: 2.621088e-01     Tr[DP]  9.632384e-02
 iter:  41:2        |ddm|: 2.164003e-01     Tr[DP]  9.350488e-02
 iter:  42:1        |ddm|: 2.399429e-01     Tr[DP]  9.613738e-02
 iter:  42:2        |ddm|: 2.132929e-01     Tr[DP]  9.337922e-02
 iter:  43:1        |ddm|: 2.256339e-01     Tr[DP]  9.595014e-02
 iter:  43:2        |ddm|: 2.065648e-01     Tr[DP]  9.325951e-02
 iter:  44:1        |ddm|: 2.018471e-01     Tr[DP]  9.578960e-02
 iter:  44:2        |ddm|: 1.929981e-01     Tr[DP]  9.301019e-02
 iter:  45:1        |ddm|: 1.980027e-01     Tr[DP]  9.558739e-02
 iter:  45:2        |ddm|: 1.880289e-01     Tr[DP]  9.296379e-02
 iter:  46:1        |ddm|: 1.692567e-01     Tr[DP]  9.545692e-02
 iter:  46:2        |ddm|: 1.782373e-01     Tr[DP]  9.261622e-02
 iter:  47:1        |ddm|: 2.533655e-01     Tr[DP]  9.513105e-02
 iter:  47:2        |ddm|: 2.623083e-01     Tr[DP]  9.327762e-02
 iter:  48:1        |ddm|: 1.897276e-01     Tr[DP]  9.502255e-02
 iter:  48:2        |ddm|: 2.330931e-01     Tr[DP]  9.319543e-02
 iter:  49:1        |ddm|: 1.665021e-01     Tr[DP]  9.492449e-02
 iter:  49:2        |ddm|: 2.018770e-01     Tr[DP]  9.296669e-02
 iter:  50:1        |ddm|: 1.535441e-01     Tr[DP]  9.480908e-02
 iter:  50:2        |ddm|: 1.820471e-01     Tr[DP]  9.275217e-02
 iter:  51:1        |ddm|: 1.443820e-01     Tr[DP]  9.468106e-02
 iter:  51:2        |ddm|: 1.703940e-01     Tr[DP]  9.258363e-02
 iter:  52:1        |ddm|: 1.444901e-01     Tr[DP]  9.453348e-02
 iter:  52:2        |ddm|: 1.689522e-01     Tr[DP]  9.252963e-02
 iter:  53:1        |ddm|: 1.348876e-01     Tr[DP]  9.440571e-02
 iter:  53:2        |ddm|: 1.663599e-01     Tr[DP]  9.242667e-02
 iter:  54:1        |ddm|: 1.279553e-01     Tr[DP]  9.428120e-02
 iter:  54:2        |ddm|: 1.616456e-01     Tr[DP]  9.232397e-02
 iter:  55:1        |ddm|: 1.293206e-01     Tr[DP]  9.414877e-02
 iter:  55:2        |ddm|: 1.635432e-01     Tr[DP]  9.230181e-02
 iter:  56:1        |ddm|: 1.132322e-01     Tr[DP]  9.405263e-02
 iter:  56:2        |ddm|: 1.564062e-01     Tr[DP]  9.213513e-02
 iter:  57:1        |ddm|: 1.178726e-01     Tr[DP]  9.392959e-02
 iter:  57:2        |ddm|: 1.549528e-01     Tr[DP]  9.210077e-02
 iter:  58:1        |ddm|: 1.163196e-01     Tr[DP]  9.381002e-02
 iter:  58:2        |ddm|: 1.577994e-01     Tr[DP]  9.206908e-02
 iter:  59:1        |ddm|: 1.112488e-01     Tr[DP]  9.370032e-02
 iter:  59:2        |ddm|: 1.560619e-01     Tr[DP]  9.200205e-02
 iter:  60:1        |ddm|: 1.076876e-01     Tr[DP]  9.370969e-02
 iter:  60:2        |ddm|: 1.861233e-01     Tr[DP]  9.129710e-02
 iter:  61:1        |ddm|: 3.326545e-01     Tr[DP]  9.330560e-02
 iter:  61:2        |ddm|: 4.203247e-01     Tr[DP]  9.284970e-02
 iter:  62:1        |ddm|: 1.094328e-01     Tr[DP]  9.334619e-02
 iter:  62:2        |ddm|: 2.503794e-01     Tr[DP]  9.213390e-02
 iter:  63:1        |ddm|: 9.831022e-02     Tr[DP]  9.328982e-02
 iter:  63:2        |ddm|: 1.595583e-01     Tr[DP]  9.188462e-02
 iter:  64:1        |ddm|: 9.393342e-02     Tr[DP]  9.321487e-02
 iter:  64:2        |ddm|: 1.442721e-01     Tr[DP]  9.171990e-02
 iter:  65:1        |ddm|: 9.564552e-02     Tr[DP]  9.312304e-02
 iter:  65:2        |ddm|: 1.411339e-01     Tr[DP]  9.164416e-02
 iter:  66:1        |ddm|: 2.415920e-01     Tr[DP]  9.290540e-02
 iter:  66:2        |ddm|: 3.337577e-01     Tr[DP]  9.255256e-02
 iter:  67:1        |ddm|: 1.490522e-01     Tr[DP]  9.300864e-02
 iter:  67:2        |ddm|: 2.831712e-01     Tr[DP]  9.121072e-02
 iter:  68:1        |ddm|: 9.142772e-02     Tr[DP]  9.290365e-02
 iter:  68:2        |ddm|: 1.251061e-01     Tr[DP]  9.120335e-02
 iter:  69:1        |ddm|: 7.950709e-02     Tr[DP]  9.280754e-02
 iter:  69:2        |ddm|: 1.175697e-01     Tr[DP]  9.111513e-02
 iter:  70:1        |ddm|: 8.765698e-02     Tr[DP]  9.270123e-02
 iter:  70:2        |ddm|: 1.260773e-01     Tr[DP]  9.115906e-02
 iter:  71:1        |ddm|: 7.607435e-02     Tr[DP]  9.261918e-02
 iter:  71:2        |ddm|: 1.234620e-01     Tr[DP]  9.105363e-02
 iter:  72:1        |ddm|: 9.546293e-02     Tr[DP]  9.251068e-02
 iter:  72:2        |ddm|: 1.402745e-01     Tr[DP]  9.116339e-02
 iter:  73:1        |ddm|: 8.150380e-02     Tr[DP]  9.242864e-02
 iter:  73:2        |ddm|: 1.374806e-01     Tr[DP]  9.109052e-02
 iter:  74:1        |ddm|: 6.517513e-02     Tr[DP]  9.238873e-02
 iter:  74:2        |ddm|: 1.256001e-01     Tr[DP]  9.077937e-02
 iter:  75:1        |ddm|: 7.488007e-02     Tr[DP]  9.230042e-02
 iter:  75:2        |ddm|: 1.131722e-01     Tr[DP]  9.078555e-02
 iter:  76:1        |ddm|: 7.213802e-02     Tr[DP]  9.221426e-02
 iter:  76:2        |ddm|: 1.170136e-01     Tr[DP]  9.075300e-02
 iter:  77:1        |ddm|: 6.414746e-02     Tr[DP]  9.214512e-02
 iter:  77:2        |ddm|: 1.125089e-01     Tr[DP]  9.062515e-02
 iter:  78:1        |ddm|: 5.934664e-02     Tr[DP]  9.208270e-02
 iter:  78:2        |ddm|: 1.079083e-01     Tr[DP]  9.045577e-02
 iter:  79:1        |ddm|: 1.312715e-01     Tr[DP]  9.193730e-02
 iter:  79:2        |ddm|: 1.851785e-01     Tr[DP]  9.092315e-02
 iter:  80:1        |ddm|: 6.894006e-02     Tr[DP]  9.187524e-02
 iter:  80:2        |ddm|: 1.468252e-01     Tr[DP]  9.071777e-02
 iter:  81:1        |ddm|: 6.944283e-02     Tr[DP]  9.181227e-02
 iter:  81:2        |ddm|: 1.241369e-01     Tr[DP]  9.061478e-02
 iter:  82:1        |ddm|: 6.285709e-02     Tr[DP]  9.175255e-02
 iter:  82:2        |ddm|: 1.144747e-01     Tr[DP]  9.047880e-02
 iter:  83:1        |ddm|: 6.664119e-02     Tr[DP]  9.168217e-02
 iter:  83:2        |ddm|: 1.106297e-01     Tr[DP]  9.042957e-02
 iter:  84:1        |ddm|: 5.972747e-02     Tr[DP]  9.161842e-02
 iter:  84:2        |ddm|: 1.064205e-01     Tr[DP]  9.031289e-02
 iter:  85:1        |ddm|: 6.174288e-02     Tr[DP]  9.155002e-02
 iter:  85:2        |ddm|: 1.038421e-01     Tr[DP]  9.026726e-02
 iter:  86:1        |ddm|: 6.078458e-02     Tr[DP]  9.148096e-02
 iter:  86:2        |ddm|: 1.042786e-01     Tr[DP]  9.021772e-02
 iter:  87:1        |ddm|: 6.118545e-02     Tr[DP]  9.141197e-02
 iter:  87:2        |ddm|: 1.050191e-01     Tr[DP]  9.018082e-02
 iter:  88:1        |ddm|: 5.091346e-02     Tr[DP]  9.136003e-02
 iter:  88:2        |ddm|: 9.934666e-02     Tr[DP]  9.000612e-02
 iter:  89:1        |ddm|: 6.241048e-02     Tr[DP]  9.133408e-02
 iter:  89:2        |ddm|: 1.259316e-01     Tr[DP]  8.961801e-02
 iter:  90:1        |ddm|: 2.055040e-01     Tr[DP]  9.115319e-02
 iter:  90:2        |ddm|: 2.971563e-01     Tr[DP]  9.067908e-02
 iter:  91:1        |ddm|: 7.016569e-02     Tr[DP]  9.112353e-02
 iter:  91:2        |ddm|: 1.739594e-01     Tr[DP]  9.003385e-02
 iter:  92:1        |ddm|: 5.677145e-02     Tr[DP]  9.108010e-02
 iter:  92:2        |ddm|: 9.950540e-02     Tr[DP]  8.994126e-02
 iter:  93:1        |ddm|: 5.602683e-02     Tr[DP]  9.102008e-02
 iter:  93:2        |ddm|: 9.621208e-02     Tr[DP]  8.988615e-02
 iter:  94:1        |ddm|: 5.341547e-02     Tr[DP]  9.096014e-02
 iter:  94:2        |ddm|: 9.461315e-02     Tr[DP]  8.981202e-02
 iter:  95:1        |ddm|: 4.944137e-02     Tr[DP]  9.090346e-02
 iter:  95:2        |ddm|: 8.998748e-02     Tr[DP]  8.970452e-02
 iter:  96:1        |ddm|: 4.604982e-02     Tr[DP]  9.084968e-02
 iter:  96:2        |ddm|: 8.557555e-02     Tr[DP]  8.955849e-02
 iter:  97:1        |ddm|: 6.427248e-02     Tr[DP]  9.078248e-02
 iter:  97:2        |ddm|: 9.895344e-02     Tr[DP]  8.969066e-02
 iter:  98:1        |ddm|: 5.110655e-02     Tr[DP]  9.071680e-02
 iter:  98:2        |ddm|: 9.689351e-02     Tr[DP]  8.962373e-02
 iter:  99:1        |ddm|: 5.875247e-02     Tr[DP]  9.065120e-02
 iter:  99:2        |ddm|: 1.011302e-01     Tr[DP]  8.964163e-02
 iter: 100:1        |ddm|: 4.727236e-02     Tr[DP]  9.059541e-02
 iter: 100:2        |ddm|: 9.300576e-02     Tr[DP]  8.950939e-02
 iter: 101:1        |ddm|: 4.896036e-02     Tr[DP]  9.053985e-02
 iter: 101:2        |ddm|: 8.628846e-02     Tr[DP]  8.945255e-02
 iter: 102:1        |ddm|: 5.283280e-02     Tr[DP]  9.047907e-02
 iter: 102:2        |ddm|: 9.026880e-02     Tr[DP]  8.944886e-02
 iter: 103:1        |ddm|: 4.585548e-02     Tr[DP]  9.042289e-02
 iter: 103:2        |ddm|: 8.621937e-02     Tr[DP]  8.935247e-02
 iter: 104:1        |ddm|: 4.567878e-02     Tr[DP]  9.036834e-02
 iter: 104:2        |ddm|: 8.150557e-02     Tr[DP]  8.928646e-02
 iter: 105:1        |ddm|: 4.352956e-02     Tr[DP]  9.031404e-02
 iter: 105:2        |ddm|: 7.843667e-02     Tr[DP]  8.921048e-02
 iter: 106:1        |ddm|: 4.261325e-02     Tr[DP]  9.025980e-02
 iter: 106:2        |ddm|: 7.586614e-02     Tr[DP]  8.914654e-02
 iter: 107:1        |ddm|: 4.290494e-02     Tr[DP]  9.020411e-02
 iter: 107:2        |ddm|: 7.531870e-02     Tr[DP]  8.910882e-02
 iter: 108:1        |ddm|: 3.892176e-02     Tr[DP]  9.015171e-02
 iter: 108:2        |ddm|: 7.304672e-02     Tr[DP]  8.901137e-02
 iter: 109:1        |ddm|: 5.047530e-02     Tr[DP]  9.009148e-02
 iter: 109:2        |ddm|: 8.201696e-02     Tr[DP]  8.908694e-02
 iter: 110:1        |ddm|: 4.533388e-02     Tr[DP]  9.003151e-02
 iter: 110:2        |ddm|: 8.477797e-02     Tr[DP]  8.906694e-02
 iter: 111:1        |ddm|: 4.164432e-02     Tr[DP]  8.997861e-02
 iter: 111:2        |ddm|: 7.971551e-02     Tr[DP]  8.899827e-02
 iter: 112:1        |ddm|: 4.630785e-02     Tr[DP]  8.992466e-02
 iter: 112:2        |ddm|: 8.167863e-02     Tr[DP]  8.899842e-02
 iter: 113:1        |ddm|: 4.071327e-02     Tr[DP]  8.987266e-02
 iter: 113:2        |ddm|: 7.815333e-02     Tr[DP]  8.892097e-02
 iter: 114:1        |ddm|: 4.965141e-02     Tr[DP]  8.981879e-02
 iter: 114:2        |ddm|: 8.526277e-02     Tr[DP]  8.895471e-02
 iter: 115:1        |ddm|: 4.215278e-02     Tr[DP]  8.976546e-02
 iter: 115:2        |ddm|: 8.189022e-02     Tr[DP]  8.888072e-02
 iter: 116:1        |ddm|: 3.752928e-02     Tr[DP]  8.971921e-02
 iter: 116:2        |ddm|: 7.301138e-02     Tr[DP]  8.875956e-02
 iter: 117:1        |ddm|: 3.763275e-02     Tr[DP]  8.967309e-02
 iter: 117:2        |ddm|: 6.675651e-02     Tr[DP]  8.869560e-02
 iter: 118:1        |ddm|: 3.625154e-02     Tr[DP]  8.962477e-02
 iter: 118:2        |ddm|: 6.457477e-02     Tr[DP]  8.863287e-02
 iter: 119:1        |ddm|: 3.637258e-02     Tr[DP]  8.957561e-02
 iter: 119:2        |ddm|: 6.378947e-02     Tr[DP]  8.859600e-02
 iter: 120:1        |ddm|: 3.752368e-02     Tr[DP]  8.952501e-02
 iter: 120:2        |ddm|: 6.583024e-02     Tr[DP]  8.858222e-02
 iter: 121:1        |ddm|: 3.655546e-02     Tr[DP]  8.947463e-02
 iter: 121:2        |ddm|: 6.650610e-02     Tr[DP]  8.854991e-02
 iter: 122:1        |ddm|: 3.611322e-02     Tr[DP]  8.942571e-02
 iter: 122:2        |ddm|: 6.597708e-02     Tr[DP]  8.851419e-02
 iter: 123:1        |ddm|: 3.528554e-02     Tr[DP]  8.937770e-02
 iter: 123:2        |ddm|: 6.478730e-02     Tr[DP]  8.847127e-02
 iter: 124:1        |ddm|: 3.476608e-02     Tr[DP]  8.933038e-02
 iter: 124:2        |ddm|: 6.354096e-02     Tr[DP]  8.842995e-02
 iter: 125:1        |ddm|: 3.216879e-02     Tr[DP]  8.928588e-02
 iter: 125:2        |ddm|: 6.334582e-02     Tr[DP]  8.827570e-02
 iter: 126:1        |ddm|: 3.353637e-02     Tr[DP]  