********************************************************************************
*                         FREEZE-AND-THAW CALCULATION                          *
********************************************************************************

================================== Input File ==================================
subsystem
C         -6.85287       -0.34988        0.01138
C         -5.58636        0.47964       -0.06560
H         -7.76144        0.26830       -0.05902
H         -6.90596       -0.90958        0.96079
H         -6.89355       -1.09231       -0.80386
C         -4.32078       -0.35451        0.02937
H         -5.58107        1.23826        0.74045
H         -5.56898        1.05739       -1.00962
C         -3.04351        0.46141       -0.04557
H         -4.32009       -1.11482       -0.77747
H         -4.33261       -0.93418        0.97430
C         -1.77915       -0.37262        0.04929
H         -3.04430        1.22126        0.76148
H         -3.03188        1.04087       -0.99045
C         -0.50199        0.44374       -0.02514
H         -1.77780       -1.13227       -0.75789
H         -1.79062       -0.95231        0.99397
C          0.76209       -0.39069        0.06938
H         -0.50292        1.20308        0.78232
H         -0.49045        1.02372       -0.96967
charge -1
end

subsystem
C          2.03924        0.42572       -0.00395
H          0.76357       -1.14967       -0.73837
H          0.75044       -0.97096        1.01359
C          3.30262       -0.40949        0.09054
H          2.03751        1.18471        0.80372
H          2.05092        1.00603       -0.94856
C          4.57531        0.41518        0.00307
H          3.30360       -1.17023       -0.71552
H          3.29800       -0.98435        1.03624
C          5.85184       -0.37715       -0.08160
H          4.59462        1.16545        0.81870
H          4.56678        0.99974       -0.93644
C          7.13820       -0.01362        0.06259
H          7.53737        0.42889        0.98700
H          7.85825       -0.14602       -0.75292
H          5.73291       -1.02739       -0.97527
charge +1
end

embed
 huzinaga
 cycles 300
 conv 1e-8
 method m06
end

basis cc-pVTZ
method cas[2,2]/nevpt2
grid 4
conv 1e-8
grad 1e-8
maxiter 100
================================== End Input ===================================
tot grids = 725328

                      Getting subsystem overlap integrals                       

                          Initial subsystem densities                           
Guessing initial subsystem densities
Initial guess from superpostion of atomic densties.
Guessing initial subsystem densities
Initial guess from superpostion of atomic densties.

=========================== Starting Freeze-and-Thaw ===========================
 iter:   1:1        |ddm|: 2.064437e+01     Tr[DP]  8.310972e-01
 iter:   1:2        |ddm|: 3.306926e+00     Tr[DP]  3.664365e-01
 iter:   2:1        |ddm|: 3.938656e+01     Tr[DP]  2.717797e-01
 iter:   2:2        |ddm|: 2.611675e+00     Tr[DP]  2.029010e-01
 iter:   3:1        |ddm|: 3.996035e+01     Tr[DP]  1.997307e-01
 iter:   3:2        |ddm|: 1.651223e+00     Tr[DP]  2.084884e-01
 iter:   4:1        |ddm|: 3.172061e+00     Tr[DP]  1.883199e-01
 iter:   4:2        |ddm|: 5.337334e-01     Tr[DP]  1.707552e-01
 iter:   5:1        |ddm|: 1.760955e+00     Tr[DP]  1.926720e-01
 iter:   5:2        |ddm|: 3.232432e-01     Tr[DP]  1.570392e-01
 iter:   6:1        |ddm|: 1.364748e+00     Tr[DP]  1.925754e-01
 iter:   6:2        |ddm|: 2.655926e-01     Tr[DP]  1.509038e-01
 iter:   7:1        |ddm|: 1.084134e+00     Tr[DP]  1.858471e-01
 iter:   7:2        |ddm|: 1.672767e-01     Tr[DP]  1.458788e-01
 iter:   8:1        |ddm|: 8.200202e-01     Tr[DP]  1.771020e-01
 iter:   8:2        |ddm|: 1.118345e-01     Tr[DP]  1.440932e-01
 iter:   9:1        |ddm|: 6.045111e-01     Tr[DP]  1.689967e-01
 iter:   9:2        |ddm|: 8.075270e-02     Tr[DP]  1.413845e-01
 iter:  10:1        |ddm|: 4.497165e-01     Tr[DP]  1.620904e-01
 iter:  10:2        |ddm|: 7.094004e-02     Tr[DP]  1.410979e-01
 iter:  11:1        |ddm|: 3.445783e-01     Tr[DP]  1.564628e-01
 iter:  11:2        |ddm|: 5.537584e-02     Tr[DP]  1.375799e-01
 iter:  12:1        |ddm|: 2.601486e-01     Tr[DP]  1.514307e-01
 iter:  12:2        |ddm|: 4.607270e-02     Tr[DP]  1.372726e-01
 iter:  13:1        |ddm|: 2.126971e-01     Tr[DP]  1.472226e-01
 iter:  13:2        |ddm|: 3.813237e-02     Tr[DP]  1.354725e-01
 iter:  14:1        |ddm|: 1.593786e-01     Tr[DP]  1.437803e-01
 iter:  14:2        |ddm|: 3.077841e-02     Tr[DP]  1.345466e-01
 iter:  15:1        |ddm|: 1.278217e-01     Tr[DP]  1.410336e-01
 iter:  15:2        |ddm|: 2.638296e-02     Tr[DP]  1.335474e-01
 iter:  16:1        |ddm|: 9.626554e-02     Tr[DP]  1.388721e-01
 iter:  16:2        |ddm|: 2.229324e-02     Tr[DP]  1.329228e-01
 iter:  17:1        |ddm|: 7.595182e-02     Tr[DP]  1.373863e-01
 iter:  17:2        |ddm|: 2.046522e-02     Tr[DP]  1.331641e-01
 iter:  18:1        |ddm|: 6.786804e-02     Tr[DP]  1.362230e-01
 iter:  18:2        |ddm|: 1.941382e-02     Tr[DP]  1.326912e-01
 iter:  19:1        |ddm|: 5.869944e-02     Tr[DP]  1.352636e-01
 iter:  19:2        |ddm|: 1.862445e-02     Tr[DP]  1.322986e-01
 iter:  20:1        |ddm|: 6.139969e-02     Tr[DP]  1.343405e-01
 iter:  20:2        |ddm|: 1.850614e-02     Tr[DP]  1.313926e-01
 iter:  21:1        |ddm|: 4.141615e-02     Tr[DP]  1.334700e-01
 iter:  21:2        |ddm|: 1.584193e-02     Tr[DP]  1.309421e-01
 iter:  22:1        |ddm|: 4.005047e-02     Tr[DP]  1.328820e-01
 iter:  22:2        |ddm|: 1.577670e-02     Tr[DP]  1.310897e-01
 iter:  23:1        |ddm|: 3.982896e-02     Tr[DP]  1.324336e-01
 iter:  23:2        |ddm|: 1.528977e-02     Tr[DP]  1.305107e-01
 iter:  24:1        |ddm|: 3.181865e-02     Tr[DP]  1.319637e-01
 iter:  24:2        |ddm|: 1.452003e-02     Tr[DP]  1.301213e-01
 iter:  25:1        |ddm|: 2.908821e-02     Tr[DP]  1.317051e-01
 iter:  25:2        |ddm|: 1.574292e-02     Tr[DP]  1.301030e-01
 iter:  26:1        |ddm|: 3.074332e-02     Tr[DP]  1.313852e-01
 iter:  26:2        |ddm|: 1.603162e-02     Tr[DP]  1.297380e-01
 iter:  27:1        |ddm|: 2.929540e-02     Tr[DP]  1.310776e-01
 iter:  27:2        |ddm|: 1.688500e-02     Tr[DP]  1.294378e-01
 iter:  28:1        |ddm|: 3.121821e-02     Tr[DP]  1.306760e-01
 iter:  28:2        |ddm|: 1.505416e-02     Tr[DP]  1.289353e-01
 iter:  29:1        |ddm|: 2.623592e-02     Tr[DP]  1.303168e-01
 iter:  29:2        |ddm|: 1.486670e-02     Tr[DP]  1.286067e-01
 iter:  30:1        |ddm|: 2.508366e-02     Tr[DP]  1.300052e-01
 iter:  30:2        |ddm|: 1.511412e-02     Tr[DP]  1.283178e-01
 iter:  31:1        |ddm|: 2.624395e-02     Tr[DP]  1.296511e-01
 iter:  31:2        |ddm|: 1.411348e-02     Tr[DP]  1.278912e-01
 iter:  32:1        |ddm|: 2.370344e-02     Tr[DP]  1.293145e-01
 iter:  32:2        |ddm|: 1.358377e-02     Tr[DP]  1.275592e-01
 iter:  33:1        |ddm|: 2.207820e-02     Tr[DP]  1.290160e-01
 iter:  33:2        |ddm|: 1.362917e-02     Tr[DP]  1.272898e-01
 iter:  34:1        |ddm|: 2.401161e-02     Tr[DP]  1.286695e-01
 iter:  34:2        |ddm|: 1.300396e-02     Tr[DP]  1.268921e-01
 iter:  35:1        |ddm|: 2.078122e-02     Tr[DP]  1.283636e-01
 iter:  35:2        |ddm|: 1.244036e-02     Tr[DP]  1.266217e-01
 iter:  36:1        |ddm|: 1.943856e-02     Tr[DP]  1.281097e-01
 iter:  36:2        |ddm|: 1.264519e-02     Tr[DP]  1.264071e-01
 iter:  37:1        |ddm|: 1.922233e-02     Tr[DP]  1.278742e-01
 iter:  37:2        |ddm|: 1.303780e-02     Tr[DP]  1.261810e-01
 iter:  38:1        |ddm|: 2.002805e-02     Tr[DP]  1.276099e-01
 iter:  38:2        |ddm|: 1.276715e-02     Tr[DP]  1.258851e-01
 iter:  39:1        |ddm|: 2.030309e-02     Tr[DP]  1.273224e-01
 iter:  39:2        |ddm|: 1.229852e-02     Tr[DP]  1.255699e-01
 iter:  40:1        |ddm|: 1.909439e-02     Tr[DP]  1.270499e-01
 iter:  40:2        |ddm|: 1.200244e-02     Tr[DP]  1.253019e-01
 iter:  41:1        |ddm|: 1.762394e-02     Tr[DP]  1.268380e-01
 iter:  41:2        |ddm|: 1.295783e-02     Tr[DP]  1.251384e-01
 iter:  42:1        |ddm|: 1.943317e-02     Tr[DP]  1.265809e-01
 iter:  42:2        |ddm|: 1.237505e-02     Tr[DP]  1.248300e-01
 iter:  43:1        |ddm|: 1.892035e-02     Tr[DP]  1.263103e-01
 iter:  43:2        |ddm|: 1.195230e-02     Tr[DP]  1.245371e-01
 iter:  44:1        |ddm|: 1.838570e-02     Tr[DP]  1.260449e-01
 iter:  44:2        |ddm|: 1.168067e-02     Tr[DP]  1.242633e-01
 iter:  45:1        |ddm|: 1.779418e-02     Tr[DP]  1.257885e-01
 iter:  45:2        |ddm|: 1.157843e-02     Tr[DP]  1.240113e-01
 iter:  46:1        |ddm|: 1.786260e-02     Tr[DP]  1.255218e-01
 iter:  46:2        |ddm|: 1.139491e-02     Tr[DP]  1.237569e-01
 iter:  47:1        |ddm|: 1.739514e-02     Tr[DP]  1.252772e-01
 iter:  47:2        |ddm|: 1.124992e-02     Tr[DP]  1.235087e-01
 iter:  48:1        |ddm|: 1.691671e-02     Tr[DP]  1.250380e-01
 iter:  48:2        |ddm|: 1.119624e-02     Tr[DP]  1.232702e-01
 iter:  49:1        |ddm|: 1.684872e-02     Tr[DP]  1.247950e-01
 iter:  49:2        |ddm|: 1.109942e-02     Tr[DP]  1.230297e-01
 iter:  50:1        |ddm|: 1.687428e-02     Tr[DP]  1.245496e-01
 iter:  50:2        |ddm|: 1.097190e-02     Tr[DP]  1.227797e-01
 iter:  51:1        |ddm|: 1.695154e-02     Tr[DP]  1.243038e-01
 iter:  51:2        |ddm|: 1.079444e-02     Tr[DP]  1.225189e-01
 iter:  52:1        |ddm|: 1.642024e-02     Tr[DP]  1.240547e-01
 iter:  52:2        |ddm|: 1.056847e-02     Tr[DP]  1.222752e-01
 iter:  53:1        |ddm|: 1.655107e-02     Tr[DP]  1.239264e-01
 iter:  53:2        |ddm|: 1.421354e-02     Tr[DP]  1.222078e-01
 iter:  54:1        |ddm|: 1.839819e-02     Tr[DP]  1.236660e-01
 iter:  54:2        |ddm|: 1.176736e-02     Tr[DP]  1.218506e-01
 iter:  55:1        |ddm|: 1.691443e-02     Tr[DP]  1.234002e-01
 iter:  55:2        |ddm|: 1.124775e-02     Tr[DP]  1.215506e-01
 iter:  56:1        |ddm|: 1.693402e-02     Tr[DP]  1.231309e-01
 iter:  56:2        |ddm|: 1.089831e-02     Tr[DP]  1.212667e-01
 iter:  57:1        |ddm|: 1.512024e-02     Tr[DP]  1.229576e-01
 iter:  57:2        |ddm|: 1.292391e-02     Tr[DP]  1.211070e-01
 iter:  58:1        |ddm|: 2.053476e-02     Tr[DP]  1.228849e-01
 iter:  58:2        |ddm|: 1.985305e-02     Tr[DP]  1.209841e-01
 iter:  59:1        |ddm|: 2.816748e-02     Tr[DP]  1.224327e-01
 iter:  59:2        |ddm|: 1.236107e-02     Tr[DP]  1.203760e-01
 iter:  60:1        |ddm|: 1.711883e-02     Tr[DP]  1.221340e-01
 iter:  60:2        |ddm|: 1.200364e-02     Tr[DP]  1.200846e-01
 iter:  61:1        |ddm|: 1.638555e-02     Tr[DP]  1.218916e-01
 iter:  61:2        |ddm|: 1.312621e-02     Tr[DP]  1.198259e-01
 iter:  62:1        |ddm|: 2.122810e-02     Tr[DP]  1.215279e-01
 iter:  62:2        |ddm|: 1.157559e-02     Tr[DP]  1.193969e-01
 iter:  63:1        |ddm|: 1.747847e-02     Tr[DP]  1.212197e-01
 iter:  63:2        |ddm|: 1.138390e-02     Tr[DP]  1.190980e-01
 iter:  64:1        |ddm|: 1.810423e-02     Tr[DP]  1.208997e-01
 iter:  64:2        |ddm|: 1.105501e-02     Tr[DP]  1.187802e-01
 iter:  65:1        |ddm|: 1.966000e-02     Tr[DP]  1.205571e-01
 iter:  65:2        |ddm|: 1.042085e-02     Tr[DP]  1.184514e-01
 iter:  66:1        |ddm|: 1.551268e-02     Tr[DP]  1.202982e-01
 iter:  66:2        |ddm|: 1.068346e-02     Tr[DP]  1.182270e-01
 iter:  67:1        |ddm|: 1.594690e-02     Tr[DP]  1.200316e-01
 iter:  67:2        |ddm|: 1.074353e-02     Tr[DP]  1.179631e-01
 iter:  68:1        |ddm|: 1.795143e-02     Tr[DP]  1.197269e-01
 iter:  68:2        |ddm|: 1.026751e-02     Tr[DP]  1.176599e-01
 iter:  69:1        |ddm|: 1.412237e-02     Tr[DP]  1.195574e-01
 iter:  69:2        |ddm|: 1.231257e-02     Tr[DP]  1.175054e-01
 iter:  70:1        |ddm|: 2.097550e-02     Tr[DP]  1.192127e-01
 iter:  70:2        |ddm|: 1.055731e-02     Tr[DP]  1.171115e-01
 iter:  71:1        |ddm|: 1.620262e-02     Tr[DP]  1.189312e-01
 iter:  71:2        |ddm|: 1.012922e-02     Tr[DP]  1.168508e-01
 iter:  72:1        |ddm|: 1.846296e-02     Tr[DP]  1.186173e-01
 iter:  72:2        |ddm|: 9.655055e-03     Tr[DP]  1.165604e-01
 iter:  73:1        |ddm|: 1.380892e-02     Tr[DP]  1.184817e-01
 iter:  73:2        |ddm|: 1.220715e-02     Tr[DP]  1.164388e-01
 iter:  74:1        |ddm|: 1.410963e-02     Tr[DP]  1.182555e-01
 iter:  74:2        |ddm|: 1.192830e-02     Tr[DP]  1.161472e-01
 iter:  75:1        |ddm|: 1.672225e-02     Tr[DP]  1.179553e-01
 iter:  75:2        |ddm|: 1.111325e-02     Tr[DP]  1.157973e-01
 iter:  76:1        |ddm|: 2.056903e-02     Tr[DP]  1.175868e-01
 iter:  76:2        |ddm|: 1.000626e-02     Tr[DP]  1.154348e-01
 iter:  77:1        |ddm|: 2.829288e-02     Tr[DP]  1.176461e-01
 iter:  77:2        |ddm|: 1.976760e-02     Tr[DP]  1.154163e-01
 iter:  78:1        |ddm|: 3.152677e-02     Tr[DP]  1.171125e-01
 iter:  78:2        |ddm|: 1.218164e-02     Tr[DP]  1.147632e-01
 iter:  79:1        |ddm|: 1.941246e-02     Tr[DP]  1.167331e-01
 iter:  79:2        |ddm|: 1.028644e-02     Tr[DP]  1.144256e-01
 iter:  80:1        |ddm|: 1.724071e-02     Tr[DP]  1.164141e-01
 iter:  80:2        |ddm|: 1.009542e-02     Tr[DP]  1.141431e-01
 iter:  81:1        |ddm|: 1.570829e-02     Tr[DP]  1.161308e-01
 iter:  81:2        |ddm|: 1.024022e-02     Tr[DP]  1.138804e-01
 iter:  82:1        |ddm|: 1.462553e-02     Tr[DP]  1.158715e-01
 iter:  82:2        |ddm|: 1.070480e-02     Tr[DP]  1.136182e-01
 iter:  83:1        |ddm|: 1.693784e-02     Tr[DP]  1.155628e-01
 iter:  83:2        |ddm|: 1.027926e-02     Tr[DP]  1.133060e-01
 iter:  84:1        |ddm|: 1.678893e-02     Tr[DP]  1.152596e-01
 iter:  84:2        |ddm|: 9.933291e-03     Tr[DP]  1.130167e-01
 iter:  85:1        |ddm|: 1.432235e-02     Tr[DP]  1.150063e-01
 iter:  85:2        |ddm|: 1.030497e-02     Tr[DP]  1.127646e-01
 iter:  86:1        |ddm|: 1.603255e-02     Tr[DP]  1.147063e-01
 iter:  86:2        |ddm|: 9.916379e-03     Tr[DP]  1.124759e-01
 iter:  87:1        |ddm|: 1.627181e-02     Tr[DP]  1.144187e-01
 iter:  87:2        |ddm|: 9.747250e-03     Tr[DP]  1.121983e-01
 iter:  88:1        |ddm|: 1.372482e-02     Tr[DP]  1.141779e-01
 iter:  88:2        |ddm|: 1.009289e-02     Tr[DP]  1.119568e-01
 iter:  89:1        |ddm|: 1.329304e-02     Tr[DP]  1.139407e-01
 iter:  89:2        |ddm|: 1.063048e-02     Tr[DP]  1.116932e-01
 iter:  90:1        |ddm|: 1.383528e-02     Tr[DP]  1.136868e-01
 iter:  90:2        |ddm|: 1.083082e-02     Tr[DP]  1.113885e-01
 iter:  91:1        |ddm|: 1.404463e-02     Tr[DP]  1.135059e-01
 iter:  91:2        |ddm|: 1.369143e-02     Tr[DP]  1.111271e-01
 iter:  92:1        |ddm|: 1.509570e-02     Tr[DP]  1.132092e-01
 iter:  92:2        |ddm|: 1.315927e-02     Tr[DP]  1.107305e-01
 iter:  93:1        |ddm|: 1.754010e-02     Tr[DP]  1.128520e-01
 iter:  93:2        |ddm|: 1.202147e-02     Tr[DP]  1.103005e-01
 iter:  94:1        |ddm|: 1.898612e-02     Tr[DP]  1.124662e-01
 iter:  94:2        |ddm|: 1.134261e-02     Tr[DP]  1.098903e-01
 iter:  95:1        |ddm|: 1.885207e-02     Tr[DP]  1.120923e-01
 iter:  95:2        |ddm|: 1.070491e-02     Tr[DP]  1.095217e-01
 iter:  96:1        |ddm|: 1.765598e-02     Tr[DP]  1.117440e-01
 iter:  96:2        |ddm|: 1.060921e-02     Tr[DP]  1.091862e-01
 iter:  97:1        |ddm|: 2.128862e-02     Tr[DP]  1.113563e-01
 iter:  97:2        |ddm|: 9.836578e-03     Tr[DP]  1.088422e-01
 iter:  98:1        |ddm|: 1.534724e-02     Tr[DP]  1.110674e-01
 iter:  98:2        |ddm|: 1.006946e-02     Tr[DP]  1.085858e-01
 iter:  99:1        |ddm|: 1.529327e-02     Tr[DP]  1.107790e-01
 iter:  99:2        |ddm|: 1.027143e-02     Tr[DP]  1.083020e-01
 iter: 100:1        |ddm|: 1.874817e-02     Tr[DP]  1.104426e-01
 iter: 100:2        |ddm|: 9.660349e-03     Tr[DP]  1.079897e-01
 iter: 101:1        |ddm|: 1.264106e-02     Tr[DP]  1.102244e-01
 iter: 101:2        |ddm|: 1.092627e-02     Tr[DP]  1.077535e-01
 iter: 102:1        |ddm|: 1.447640e-02     Tr[DP]  1.099418e-01
 iter: 102:2        |ddm|: 1.093711e-02     Tr[DP]  1.074287e-01
 iter: 103:1        |ddm|: 1.700336e-02     Tr[DP]  1.096131e-01
 iter: 103:2        |ddm|: 1.037702e-02     Tr[DP]  1.070839e-01
 iter: 104:1        |ddm|: 1.444388e-02     Tr[DP]  1.093243e-01
 iter: 104:2        |ddm|: 1.097054e-02     Tr[DP]  1.067761e-01
 iter: 105:1        |ddm|: 1.777934e-02     Tr[DP]  1.089825e-01
 iter: 105:2        |ddm|: 1.016866e-02     Tr[DP]  1.064354e-01
 iter: 106:1        |ddm|: 1.681570e-02     Tr[DP]  1.086612e-01
 iter: 106:2        |ddm|: 9.915486e-03     Tr[DP]  1.061279e-01
 iter: 107:1        |ddm|: 1.769559e-02     Tr[DP]  1.083348e-01
 iter: 107:2        |ddm|: 9.504231e-03     Tr[DP]  1.058302e-01
 iter: 108:1        |ddm|: 1.649921e-02     Tr[DP]  1.080313e-01
 iter: 108:2        |ddm|: 9.424018e-03     Tr[DP]  1.055566e-01
 iter: 109:1        |ddm|: 1.205586e-02     Tr[DP]  1.078210e-01
 iter: 109:2        |ddm|: 1.074081e-02     Tr[DP]  1.053132e-01
 iter: 110:1        |ddm|: 1.460091e-02     Tr[DP]  1.075281e-01
 iter: 110:2        |ddm|: 1.052226e-02     Tr[DP]  1.049765e-01
 iter: 111:1        |ddm|: 1.539175e-02     Tr[DP]  1.072179e-01
 iter: 111:2        |ddm|: 1.037280e-02     Tr[DP]  1.046441e-01
 iter: 112:1        |ddm|: 1.448701e-02     Tr[DP]  1.069155e-01
 iter: 112:2        |ddm|: 1.050229e-02     Tr[DP]  1.043260e-01
 iter: 113:1        |ddm|: 1.281026e-02     Tr[DP]  1.066803e-01
 iter: 113:2        |ddm|: 1.266009e-02     Tr[DP]  1.039911e-01
 iter: 114:1        |ddm|: 2.442054e-02     Tr[DP]  1.062339e-01
 iter: 114:2        |ddm|: 9.708064e-03     Tr[DP]  1.035573e-01
 iter: 115:1        |ddm|: 8.943675e-02     Tr[DP]  1.052884e-01
 iter: 115:2        |ddm|: 2.530499e-02     Tr[DP]  1.031607e-01
 iter: 116:1        |ddm|: 9.899980e-02     Tr[DP]  1.060737e-01
 iter: 116:2        |ddm|: 3.388018e-02     Tr[DP]  1.036808e-01
 iter: 117:1        |ddm|: 1.622849e-02     Tr[DP]  1.057873e-01
 iter: 117:2        |ddm|: 1.680178e-02     Tr[DP]  1.029664e-01
 iter: 118:1        |ddm|: 2.094768e-02     Tr[DP]  1.053253e-01
 iter: 118:2        |ddm|: 1.388738e-02     Tr[DP]  1.023403e-01
 iter: 119:1        |ddm|: 2.310815e-02     Tr[DP]  1.048317e-01
 iter: 119:2        |ddm|: 1.190864e-02     Tr[DP]  1.018045e-01
 iter: 120:1        |ddm|: 2.094862e-02     Tr[DP]  1.043866e-01
 iter: 120:2        |ddm|: 1.127835e-02     Tr[DP]  1.013609e-01
 iter: 121:1        |ddm|: 1.913875e-02     Tr[DP]  1.039824e-01
 iter: 121:2        |ddm|: 1.108143e-02     Tr[DP]  1.009588e-01
 iter: 122:1        |ddm|: 2.217739e-02     Tr[DP]  1.035522e-01
 iter: 122:2        |ddm|: 1.042719e-02     Tr[DP]  1.005670e-01
 iter: 123:1        |ddm|: 2.231825e-02     Tr[DP]  1.031346e-01
 iter: 123:2        |ddm|: 9.847268e-03     Tr[DP]  1.002253e-01
 iter: 124:1        |ddm|: 1.379697e-02     Tr[DP]  1.028595e-01
 iter: 124:2        |ddm|: 1.096526e-02     Tr[DP]  9.993730e-02
 iter: 125:1        |ddm|: 1.496928e-02     Tr[DP]  1.026427e-01
 iter: 125:2        |ddm|: 1.380845e-02     Tr[DP]  9.958400e-02
 iter: 126:1        |ddm|: 2.148816e-02     Tr[DP]  1.022101e-01
 iter: 126:2        |ddm|: 1.181813e-02     Tr[DP]  9.908677e-02
 iter: 127:1        |ddm|: 2.185287e-02     Tr[DP]  1.017728e-01
 iter: 127:2        |ddm|: 1.090467e-02     Tr[DP]  9.866541e-02
 iter: 128:1        |ddm|: 1.732954e-02     Tr[DP]  1.014071e-01
 iter: 128:2        |ddm|: 1.117732e-02     Tr[DP]  9.829921e-02
 iter: 129:1        |ddm|: 1.683694e-02     Tr[DP]  1.010497e-01
 iter: 129:2        |ddm|: 1.144295e-02     Tr[DP]  9.791903e-02
 iter: 130:1        |ddm|: 1.946853e-02     Tr[DP]  1.006567e-01
 iter: 130:2        |ddm|: 1.099785e-02     Tr[DP]  9.752399e-02
 iter: 131:1        |ddm|: 1.931409e-02     Tr[DP]  1.002716e-01
 iter: 131:2        |ddm|: 1.074365e-02     Tr[DP]  9.715435e-02
 iter: 132:1        |ddm|: 1.849329e-02     Tr[DP]  9.990332e-02
 iter: 132:2        |ddm|: 1.064452e-02     Tr[DP]  9.680233e-02
 iter: 133:1        |ddm|: 1.745660e-02     Tr[DP]  9.955171e-02
 iter: 133:2        |ddm|: 1.067968e-02     Tr[DP]  9.645677e-02
 iter: 134:1        |ddm|: 2.078378e-02     Tr[DP]  9.916833e-02
 iter: 134:2        |ddm|: 1.021067e-02     Tr[DP]  9.610591e-02
 iter: 135:1        |ddm|: 1.771410e-02     Tr[DP]  9.882489e-02
 iter: 135:2        |ddm|: 1.021688e-02     Tr[DP]  9.579169e-02
 iter: 136:1        |ddm|: 1.770299e-02     Tr[DP]  9.848576e-02
 iter: 136:2        |ddm|: 1.015738e-02     Tr[DP]  9.547352e-02
 iter: 137:1        |ddm|: 1.341075e-02     Tr[DP]  9.824610e-02
 iter: 137:2        |ddm|: 1.224150e-02     Tr[DP]  9.515363e-02
 iter: 138:1        |ddm|: 1.764291e-02     Tr[DP]  9.788053e-02
 iter: 138:2        |ddm|: 1.139014e-02     Tr[DP]  9.472707e-02
 iter: 139:1        |ddm|: 2.249648e-02     Tr[DP]  9.746051e-02
 iter: 139:2        |ddm|: 1.033781e-02     Tr[DP]  9.432671e-02
 iter: 140:1        |ddm|: 1.509546e-02     Tr[DP]  9.713570e-02
 iter: 140:2        |ddm|: 1.110400e-02     Tr[DP]  9.398727e-02
 iter: 141:1        |ddm|: 1.493492e-02     Tr[DP]  9.686926e-02
 iter: 141:2        |ddm|: 1.377290e-02     Tr[DP]  9.359531e-02
 iter: 142:1        |ddm|: 1.581000e-02     Tr[DP]  9.653008e-02
 iter: 142:2        |ddm|: 1.414777e-02     Tr[DP]  9.309534e-02
 iter: 143:1        |ddm|: 2.542495e-02     Tr[DP]  9.603336e-02
 iter: 143:2        |ddm|: 1.173944e-02     Tr[DP]  9.255769e-02
 iter: 144:1        |ddm|: 2.251857e-02     Tr[DP]  9.557595e-02
 iter: 144:2        |ddm|: 1.122257e-02     Tr[DP]  9.212107e-02
 iter: 145:1        |ddm|: 2.541869e-02     Tr[DP]  9.511342e-02
 iter: 145:2        |ddm|: 1.051329e-02     Tr[DP]  9.172727e-02
 iter: 146:1        |ddm|: 2.294973e-02     Tr[DP]  9.470001e-02
 iter: 146:2        |ddm|: 1.013325e-02     Tr[DP]  9.139766e-02
 iter: 147:1        |ddm|: 1.441174e-02     Tr[DP]  9.439764e-02
 iter: 147:2        |ddm|: 1.122372e-02     Tr[DP]  9.108778e-02
 iter: 148:1        |ddm|: 1.425397e-02     Tr[DP]  9.410497e-02
 iter: 148:2        |ddm|: 1.270095e-02     Tr[DP]  9.069129e-02
 iter: 149:1        |ddm|: 1.765530e-02     Tr[DP]  9.372050e-02
 iter: 149:2        |ddm|: 1.230490e-02     Tr[DP]  9.021805e-02
 iter: 150:1        |ddm|: 1.954455e-02     Tr[DP]  9.330038e-02
 iter: 150:2        |ddm|: 1.197487e-02     Tr[DP]  8.975204e-02
 iter: 151:1        |ddm|: 3.034426e-02     Tr[DP]  9.279560e-02
 iter: 151:2        |ddm|: 1.056810e-02     Tr[DP]  8.931726e-02
 iter: 152:1        |ddm|: 2.750540e-02     Tr[DP]  9.260910e-02
 iter: 152:2        |ddm|: 1.688301e-02     Tr[DP]  8.895315e-02
 iter: 153:1        |ddm|: 2.312826e-02     Tr[DP]  9.214521e-02
 iter: 153:2        |ddm|: 1.330368e-02     Tr[DP]  8.834302e-02
 iter: 154:1        |ddm|: 2.604066e-02     Tr[DP]  9.163204e-02
 iter: 154:2        |ddm|: 1.205531e-02     Tr[DP]  8.782005e-02
 iter: 155:1        |ddm|: 2.493555e-02     Tr[DP]  9.114658e-02
 iter: 155:2        |ddm|: 1.154883e-02     Tr[DP]  8.737159e-02
 iter: 156:1        |ddm|: 2.385498e-02     Tr[DP]  9.069079e-02
 iter: 156:2        |ddm|: 1.123628e-02     Tr[DP]  8.696760e-02
 iter: 157:1        |ddm|: 2.412678e-02     Tr[DP]  9.025089e-02
 iter: 157:2        |ddm|: 1.090176e-02     Tr[DP]  8.659461e-02
 iter: 158:1        |ddm|: 1.883378e-02     Tr[DP]  8.987009e-02
 iter: 158:2        |ddm|: 1.120402e-02     Tr[DP]  8.624502e-02
 iter: 159:1        |ddm|: 1.657431e-02     Tr[DP]  8.951650e-02
 iter: 159:2        |ddm|: 1.182043e-02     Tr[DP]  8.586303e-02
 iter: 160:1        |ddm|: 2.068038e-02     Tr[DP]  8.911159e-02
 iter: 160:2        |ddm|: 1.139956e-02     Tr[DP]  8.544495e-02
 iter: 161:1        |ddm|: 1.912817e-02     Tr[DP]  8.871614e-02
 iter: 161:2        |ddm|: 1.150839e-02     Tr[DP]  8.504671e-02
 iter: 162:1        |ddm|: 2.135390e-02     Tr[DP]  8.830373e-02
 iter: 162:2        |ddm|: 1.113616e-02     Tr[DP]  8.464349e-02
 iter: 163:1        |ddm|: 1.821334e-02     Tr[DP]  8.792149e-02
 iter: 163:2        |ddm|: 1.129474e-02     Tr[DP]  8.425354e-02
 iter: 164:1        |ddm|: 1.983319e-02     Tr[DP]  8.751608e-02
 iter: 164:2        |ddm|: 1.197321e-02     Tr[DP]  8.384901e-02
 iter: 165:1        |ddm|: 3.250623e-02     Tr[DP]  8.704134e-02
 iter: 165:2        |ddm|: 1.030267e-02     Tr[DP]  8.348175e-02
 iter: 166:1        |ddm|: 2.168717e-02     Tr[DP]  8.666217e-02
 iter: 166:2        |ddm|: 9.884205e-03     Tr[DP]  8.321695e-02
 iter: 167:1        |ddm|: 1.453899e-02     Tr[DP]  8.638964e-02
 iter: 167:2        |ddm|: 1.163684e-02     Tr[DP]  8.290617e-02
 iter: 168:1        |ddm|: 1.473603e-02     Tr[DP]  8.608397e-02
 iter: 168:2        |ddm|: 1.262893e-02     Tr[DP]  8.249652e-02
 iter: 169:1        |ddm|: 2.784823e-02     Tr[DP]  8.584110e-02
 iter: 169:2        |ddm|: 1.723141e-02     Tr[DP]  8.197490e-02
 iter: 170:1        |ddm|: 2.731892e-02     Tr[DP]  8.535404e-02
 iter: 170:2        |ddm|: 1.316978e-02     Tr[DP]  8.132309e-02
 iter: 171:1        |ddm|: 2.203709e-02     Tr[DP]  8.486887e-02
 iter: 171:2        |ddm|: 1.313921e-02     Tr[DP]  8.077473e-02
 iter: 172:1        |ddm|: 2.325060e-02     Tr[DP]  8.438803e-02
 iter: 172:2        |ddm|: 1.287489e-02     Tr[DP]  8.023749e-02
 iter: 173:1        |ddm|: 2.599221e-02     Tr[DP]  8.388597e-02
 iter: 173:2        |ddm|: 1.235785e-02     Tr[DP]  7.972959e-02
 iter: 174:1        |ddm|: 2.619707e-02     Tr[DP]  8.339164e-02
 iter: 174:2        |ddm|: 1.194513e-02     Tr[DP]  7.927032e-02
 iter: 175:1        |ddm|: 2.493698e-02     Tr[DP]  8.292269e-02
 iter: 175:2        |ddm|: 1.172002e-02     Tr[DP]  7.884949e-02
 iter: 176:1        |ddm|: 2.599659e-02     Tr[DP]  8.246426e-02
 iter: 176:2        |ddm|: 1.135892e-02     Tr[DP]  7.845710e-02
 iter: 177:1        |ddm|: 2.099963e-02     Tr[DP]  8.205149e-02
 iter: 177:2        |ddm|: 1.154510e-02     Tr[DP]  7.808701e-02
 iter: 178:1        |ddm|: 2.441735e-02     Tr[DP]  8.162716e-02
 iter: 178:2        |ddm|: 1.116991e-02     Tr[DP]  7.771060e-02
 iter: 179:1        |ddm|: 2.153581e-02     Tr[DP]  8.122437e-02
 iter: 179:2        |ddm|: 1.115886e-02     Tr[DP]  7.735765e-02
 iter: 180:1        |ddm|: 1.946265e-02     Tr[DP]  8.084423e-02
 iter: 180:2        |ddm|: 1.134345e-02     Tr[DP]  7.699527e-02
 iter: 181:1        |ddm|: 2.023829e-02     Tr[DP]  8.045858e-02
 iter: 181:2        |ddm|: 1.129208e-02     Tr[DP]  7.661670e-02
 iter: 182:1        |ddm|: 2.209786e-02     Tr[DP]  8.005828e-02
 iter: 182:2        |ddm|: 1.101426e-02     Tr[DP]  7.624293e-02
 iter: 183:1        |ddm|: 2.044810e-02     Tr[DP]  7.967005e-02
 iter: 183:2        |ddm|: 1.100628e-02     Tr[DP]  7.588256e-02
 iter: 184:1        |ddm|: 2.051565e-02     Tr[DP]  7.928625e-02
 iter: 184:2        |ddm|: 1.093131e-02     Tr[DP]  7.552181e-02
 iter: 185:1        |ddm|: 2.825725e-02     Tr[DP]  7.886608e-02
 iter: 185:2        |ddm|: 1.016761e-02     Tr[DP]  7.518535e-02
 iter: 186:1        |ddm|: 2.424360e-02     Tr[DP]  7.847587e-02
 iter: 186:2        |ddm|: 9.819480e-03     Tr[DP]  7.491554e-02
 iter: 187:1        |ddm|: 1.730397e-02     Tr[DP]  7.815022e-02
 iter: 187:2        |ddm|: 1.030701e-02     Tr[DP]  7.464324e-02
 iter: 188:1        |ddm|: 1.658755e-02     Tr[DP]  7.783185e-02
 iter: 188:2        |ddm|: 1.032724e-02     Tr[DP]  7.432596e-02
 iter: 189:1        |ddm|: 2.069313e-02     Tr[DP]  7.757097e-02
 iter: 189:2        |ddm|: 1.322825e-02     Tr[DP]  7.393590e-02
 iter: 190:1        |ddm|: 1.860210e-02     Tr[DP]  7.722397e-02
 iter: 190:2        |ddm|: 1.227603e-02     Tr[DP]  7.343096e-02
 iter: 191:1        |ddm|: 2.212368e-02     Tr[DP]  7.688842e-02
 iter: 191:2        |ddm|: 1.471333e-02     Tr[DP]  7.291648e-02
 iter: 192:1        |ddm|: 2.830393e-02     Tr[DP]  7.643985e-02
 iter: 192:2        |ddm|: 1.248063e-02     Tr[DP]  7.234380e-02
 iter: 193:1        |ddm|: 2.372514e-02     Tr[DP]  7.597683e-02
 iter: 193:2        |ddm|: 1.230955e-02     Tr[DP]  7.186130e-02
 iter: 194:1        |ddm|: 2.749670e-02     Tr[DP]  7.551496e-02
 iter: 194:2        |ddm|: 1.174115e-02     Tr[DP]  7.141480e-02
 iter: 195:1        |ddm|: 3.230273e-02     Tr[DP]  7.503837e-02
 iter: 195:2        |ddm|: 1.092386e-02     Tr[DP]  7.104022e-02
 iter: 196:1        |ddm|: 2.141847e-02     Tr[DP]  7.463340e-02
 iter: 196:2        |ddm|: 1.113186e-02     Tr[DP]  7.071659e-02
 iter: 197:1        |ddm|: 2.000567e-02     Tr[DP]  7.431887e-02
 iter: 197:2        |ddm|: 1.327038e-02     Tr[DP]  7.031761e-02
 iter: 198:1        |ddm|: 3.481353e-02     Tr[DP]  7.388149e-02
 iter: 198:2        |ddm|: 1.118043e-02     Tr[DP]  6.987465e-02
 iter: 199:1        |ddm|: 2.101794e-02     Tr[DP]  7.346788e-02
 iter: 199:2        |ddm|: 1.136339e-02     Tr[DP]  6.953312e-02
 iter: 200:1        |ddm|: 2.581219e-02     Tr[DP]  7.306997e-02
 iter: 200:2        |ddm|: 1.080348e-02     Tr[DP]  6.918325e-02
 iter: 201:1        |ddm|: 1.823445e-02     Tr[DP]  7.272167e-02
 iter: 201:2        |ddm|: 1.193199e-02     Tr[DP]  6.883674e-02
 iter: 202:1        |ddm|: 2.613816e-02     Tr[DP]  7.233687e-02
 iter: 202:2        |ddm|: 1.092075e-02     Tr[DP]  6.845471e-02
 iter: 203:1        |ddm|: 2.423510e-02     Tr[DP]  7.193912e-02
 iter: 203:2        |ddm|: 1.064515e-02     Tr[DP]  6.813149e-02
 iter: 204:1        |ddm|: 2.292209e-02     Tr[DP]  7.156556e-02
 iter: 204:2        |ddm|: 1.046040e-02     Tr[DP]  6.782793e-02
 iter: 205:1        |ddm|: 2.241677e-02     Tr[DP]  7.120512e-02
 iter: 205:2        |ddm|: 1.026337e-02     Tr[DP]  6.753612e-02
 iter: 206:1        |ddm|: 2.020598e-02     Tr[DP]  7.086710e-02
 iter: 206:2        |ddm|: 1.041613e-02     Tr[DP]  6.724594e-02
 iter: 207:1        |ddm|: 2.069638e-02     Tr[DP]  7.053029e-02
 iter: 207:2        |ddm|: 1.016033e-02     Tr[DP]  6.694831e-02
 iter: 208:1        |ddm|: 2.726309e-02     Tr[DP]  7.016430e-02
 iter: 208:2        |ddm|: 9.479208e-03     Tr[DP]  6.668154e-02
 iter: 209:1        |ddm|: 2.440535e-02     Tr[DP]  6.981537e-02
 iter: 209:2        |ddm|: 9.170266e-03     Tr[DP]  6.647076e-02
 iter: 210:1        |ddm|: 2.126864e-02     Tr[DP]  6.957065e-02
 iter: 210:2        |ddm|: 1.148232e-02     Tr[DP]  6.621003e-02
 iter: 211:1        |ddm|: 1.715732e-02     Tr[DP]  6.932361e-02
 iter: 211:2        |ddm|: 1.148107e-02     Tr[DP]  6.582383e-02
 iter: 212:1        |ddm|: 1.918355e-02     Tr[DP]  6.901319e-02
 iter: 212:2        |ddm|: 1.135174e-02     Tr[DP]  6.542318e-02
 iter: 213:1        |ddm|: 2.785807e-02     Tr[DP]  6.864128e-02
 iter: 213:2        |ddm|: 1.018517e-02     Tr[DP]  6.506471e-02
 iter: 214:1        |ddm|: 1.891695e-02     Tr[DP]  6.829971e-02
 iter: 214:2        |ddm|: 1.066571e-02     Tr[DP]  6.476082e-02
 iter: 215:1        |ddm|: 2.268373e-02     Tr[DP]  6.796692e-02
 iter: 215:2        |ddm|: 1.015406e-02     Tr[DP]  6.444392e-02
 iter: 216:1        |ddm|: 2.603165e-02     Tr[DP]  6.761272e-02
 iter: 216:2        |ddm|: 9.531910e-03     Tr[DP]  6.417559e-02
 iter: 217:1        |ddm|: 2.012924e-02     Tr[DP]  6.733486e-02
 iter: 217:2        |ddm|: 1.185221e-02     Tr[DP]  6.388424e-02
 iter: 218:1        |ddm|: 2.914603e-02     Tr[DP]  6.701882e-02
 iter: 218:2        |ddm|: 9.822745e-03     Tr[DP]  6.354694e-02
 iter: 219:1        |ddm|: 1.775200e-02     Tr[DP]  6.669942e-02
 iter: 219:2        |ddm|: 1.095566e-02     Tr[DP]  6.326091e-02
 iter: 220:1        |ddm|: 2.149306e-02     Tr[DP]  6.639937e-02
 iter: 220:2        |ddm|: 1.033150e-02     Tr[DP]  6.293700e-02
 iter: 221:1        |ddm|: 2.729693e-02     Tr[DP]  6.605714e-02
 iter: 221:2        |ddm|: 9.482538e-03     Tr[DP]  6.266809e-02
 iter: 222:1        |ddm|: 1.772215e-02     Tr[DP]  6.575655e-02
 iter: 222:2        |ddm|: 1.039516e-02     Tr[DP]  6.241608e-02
 iter: 223:1        |ddm|: 2.213000e-02     Tr[DP]  6.546725e-02
 iter: 223:2        |ddm|: 9.650011e-03     Tr[DP]  6.213653e-02
 iter: 224:1        |ddm|: 2.230176e-02     Tr[DP]  6.515550e-02
 iter: 224:2        |ddm|: 9.316492e-03     Tr[DP]  6.189622e-02
 iter: 225:1        |ddm|: 2.027121e-02     Tr[DP]  6.486226e-02
 iter: 225:2        |ddm|: 9.211783e-03     Tr[DP]  6.167227e-02
 iter: 226:1        |ddm|: 2.106171e-02     Tr[DP]  6.457908e-02
 iter: 226:2        |ddm|: 8.895166e-03     Tr[DP]  6.145765e-02
 iter: 227:1        |ddm|: 2.036518e-02     Tr[DP]  6.430142e-02
 iter: 227:2        |ddm|: 8.677889e-03     Tr[DP]  6.125928e-02
 iter: 228:1        |ddm|: 1.894897e-02     Tr[DP]  6.403758e-02
 iter: 228:2        |ddm|: 8.562481e-03     Tr[DP]  6.106691e-02
 iter: 229:1        |ddm|: 1.851062e-02     Tr[DP]  6.378383e-02
 iter: 229:2        |ddm|: 8.396790e-03     Tr[DP]  6.087594e-02
 iter: 230:1        |ddm|: 1.612914e-02     Tr[DP]  6.354346e-02
 iter: 230:2        |ddm|: 8.699288e-03     Tr[DP]  6.067576e-02
 iter: 231:1        |ddm|: 1.778963e-02     Tr[DP]  6.330858e-02
 iter: 231:2        |ddm|: 8.388508e-03     Tr[DP]  6.046413e-02
 iter: 232:1        |ddm|: 1.808360e-02     Tr[DP]  6.306319e-02
 iter: 232:2        |ddm|: 8.211017e-03     Tr[DP]  6.026741e-02
 iter: 233:1        |ddm|: 1.563231e-02     Tr[DP]  6.284059e-02
 iter: 233:2        |ddm|: 9.839603e-03     Tr[DP]  6.003767e-02
 iter: 234:1        |ddm|: 3.405000e-02     Tr[DP]  6.259283e-02
 iter: 234:2        |ddm|: 7.899419e-03     Tr[DP]  5.985045e-02
 iter: 235:1        |ddm|: 2.254043e-02     Tr[DP]  6.231483e-02
 iter: 235:2        |ddm|: 7.396874e-03     Tr[DP]  5.975939e-02
 iter: 236:1        |ddm|: 2.237751e-02     Tr[DP]  6.209155e-02
 iter: 236:2        |ddm|: 7.001039e-03     Tr[DP]  5.967588e-02
 iter: 237:1        |ddm|: 1.650696e-02     Tr[DP]  6.190623e-02
 iter: 237:2        |ddm|: 7.822230e-03     Tr[DP]  5.955671e-02
 iter: 238:1        |ddm|: 2.650569e-02     Tr[DP]  6.179072e-02
 iter: 238:2        |ddm|: 1.111898e-02     Tr[DP]  5.930455e-02
 iter: 239:1        |ddm|: 1.738398e-02     Tr[DP]  6.164202e-02
 iter: 239:2        |ddm|: 1.009877e-02     Tr[DP]  5.898788e-02
 iter: 240:1        |ddm|: 1.947711e-02     Tr[DP]  6.141709e-02
 iter: 240:2        |ddm|: 9.349625e-03     Tr[DP]  5.871776e-02
 iter: 241:1        |ddm|: 1.679574e-02     Tr[DP]  6.119583e-02
 iter: 241:2        |ddm|: 9.921151e-03     Tr[DP]  5.845988e-02
 iter: 242:1        |ddm|: 2.208958e-02     Tr[DP]  6.096773e-02
 iter: 242:2        |ddm|: 8.805143e-03     Tr[DP]  5.822514e-02
 iter: 243:1        |ddm|: 2.167604e-02     Tr[DP]  6.071728e-02
 iter: 243:2        |ddm|: 8.174964e-03     Tr[DP]  5.804166e-02
 iter: 244:1        |ddm|: 2.051448e-02     Tr[DP]  6.047885e-02
 iter: 244:2        |ddm|: 7.691715e-03     Tr[DP]  5.789016e-02
 iter: 245:1        |ddm|: 1.843658e-02     Tr[DP]  6.026018e-02
 iter: 245:2        |ddm|: 7.470587e-03     Tr[DP]  5.775167e-02
 iter: 246:1        |ddm|: 1.744928e-02     Tr[DP]  6.005565e-02
 iter: 246:2        |ddm|: 7.238257e-03     Tr[DP]  5.761923e-02
 iter: 247:1        |ddm|: 1.624678e-02     Tr[DP]  5.986141e-02
 iter: 247:2        |ddm|: 7.143977e-03     Tr[DP]  5.748751e-02
 iter: 248:1        |ddm|: 1.607460e-02     Tr[DP]  5.967518e-02
 iter: 248:2        |ddm|: 6.952156e-03     Tr[DP]  5.735906e-02
 iter: 249:1        |ddm|: 1.461835e-02     Tr[DP]  5.948861e-02
 iter: 249:2        |ddm|: 7.077722e-03     Tr[DP]  5.722599e-02
 iter: 250:1        |ddm|: 1.633190e-02     Tr[DP]  5.931890e-02
 iter: 250:2        |ddm|: 6.629157e-03     Tr[DP]  5.709868e-02
 iter: 251:1        |ddm|: 1.532593e-02     Tr[DP]  5.914024e-02
 iter: 251:2        |ddm|: 6.514819e-03     Tr[DP]  5.698418e-02
 iter: 252:1        |ddm|: 1.728288e-02     Tr[DP]  5.896988e-02
 iter: 252:2        |ddm|: 6.161976e-03     Tr[DP]  5.689175e-02
 iter: 253:1        |ddm|: 1.529416e-02     Tr[DP]  5.880259e-02
 iter: 253:2        |ddm|: 5.924881e-03     Tr[DP]  5.680462e-02
 iter: 254:1        |ddm|: 1.348419e-02     Tr[DP]  5.865071e-02
 iter: 254:2        |ddm|: 5.883426e-03     Tr[DP]  5.671457e-02
 iter: 255:1        |ddm|: 1.294922e-02     Tr[DP]  5.850656e-02
 iter: 255:2        |ddm|: 5.698901e-03     Tr[DP]  5.662125e-02
 iter: 256:1        |ddm|: 1.170253e-02     Tr[DP]  5.835984e-02
 iter: 256:2        |ddm|: 5.983256e-03     Tr[DP]  5.652096e-02
 iter: 257:1        |ddm|: 1.171922e-02     Tr[DP]  5.823245e-02
 iter: 257:2        |ddm|: 5.826474e-03     Tr[DP]  5.641070e-02
 iter: 258:1        |ddm|: 1.477528e-02     Tr[DP]  5.808302e-02
 iter: 258:2        |ddm|: 5.430873e-03     Tr[DP]  5.630302e-02
 iter: 259:1        |ddm|: 3.423020e-02     Tr[DP]  5.790000e-02
 iter: 259:2        |ddm|: 7.671907e-03     Tr[DP]  5.635729e-02
 iter: 260:1        |ddm|: 4.384793e-02     Tr[DP]  5.781459e-02
 iter: 260:2        |ddm|: 1.103659e-02     Tr[DP]  5.623091e-02
 iter: 261:1        |ddm|: 1.997534e-02     Tr[DP]  5.783438e-02
 iter: 261:2        |ddm|: 1.068557e-02     Tr[DP]  5.594149e-02
 iter: 262:1        |ddm|: 1.862331e-02     Tr[DP]  5.771898e-02
 iter: 262:2        |ddm|: 8.314413e-03     Tr[DP]  5.571857e-02
 iter: 263:1        |ddm|: 1.659640e-02     Tr[DP]  5.754837e-02
 iter: 263:2        |ddm|: 7.676798e-03     Tr[DP]  5.555138e-02
 iter: 264:1        |ddm|: 1.548155e-02     Tr[DP]  5.738886e-02
 iter: 264:2        |ddm|: 7.398544e-03     Tr[DP]  5.540304e-02
 iter: 265:1        |ddm|: 1.337800e-02     Tr[DP]  5.723507e-02
 iter: 265:2        |ddm|: 8.961363e-03     Tr[DP]  5.522813e-02
 iter: 266:1        |ddm|: 2.383796e-02     Tr[DP]  5.710271e-02
 iter: 266:2        |ddm|: 6.547200e-03     Tr[DP]  5.511082e-02
 iter: 267:1        |ddm|: 1.558164e-02     Tr[DP]  5.692343e-02
 iter: 267:2        |ddm|: 6.299617e-03     Tr[DP]  5.502133e-02
 iter: 268:1        |ddm|: 1.379120e-02     Tr[DP]  5.678656e-02
 iter: 268:2        |ddm|: 6.113794e-03     Tr[DP]  5.492633e-02
 iter: 269:1        |ddm|: 1.643445e-02     Tr[DP]  5.665247e-02
 iter: 269:2        |ddm|: 5.491596e-03     Tr[DP]  5.485562e-02
 iter: 270:1        |ddm|: 1.244989e-02     Tr[DP]  5.651534e-02
 iter: 270:2        |ddm|: 6.236688e-03     Tr[DP]  5.476322e-02
 iter: 271:1        |ddm|: 1.254741e-02     Tr[DP]  5.640936e-02
 iter: 271:2        |ddm|: 5.697112e-03     Tr[DP]  5.466748e-02
 iter: 272:1        |ddm|: 1.390129e-02     Tr[DP]  5.628466e-02
 iter: 272:2        |ddm|: 5.322978e-03     Tr[DP]  5.459223e-02
 iter: 273:1        |ddm|: 1.280036e-02     Tr[DP]  5.616091e-02
 iter: 273:2        |ddm|: 5.221674e-03     Tr[DP]  5.452416e-02
 iter: 274:1        |ddm|: 1.176331e-02     Tr[DP]  5.604888e-02
 iter: 274:2        |ddm|: 5.188285e-03     Tr[DP]  5.445201e-02
 iter: 275:1        |ddm|: 1.076194e-02     Tr[DP]  5.594427e-02
 iter: 275:2        |ddm|: 5.526719e-03     Tr[DP]  5.436636e-02
 iter: 276:1        |ddm|: 1.198726e-02     Tr[DP]  5.584611e-02
 iter: 276:2        |ddm|: 5.057067e-03     Tr[DP]  5.428856e-02
 iter: 277:1        |ddm|: 1.222451e-02     Tr[DP]  5.573621e-02
 iter: 277:2        |ddm|: 4.846756e-03     Tr[DP]  5.422468e-02
 iter: 278:1        |ddm|: 1.092138e-02     Tr[DP]  5.563144e-02
 iter: 278:2        |ddm|: 4.879499e-03     Tr[DP]  5.416048e-02
 iter: 279:1        |ddm|: 1.153382e-02     Tr[DP]  5.553585e-02
 iter: 279:2        |ddm|: 4.567020e-03     Tr[DP]  5.410253e-02
 iter: 280:1        |ddm|: 1.058089e-02     Tr[DP]  5.543706e-02
 iter: 280:2        |ddm|: 4.582424e-03     Tr[DP]  5.404467e-02
 iter: 281:1        |ddm|: 1.077957e-02     Tr[DP]  5.534686e-02
 iter: 281:2        |ddm|: 4.340368e-03     Tr[DP]  5.399203e-02
 iter: 282:1        |ddm|: 1.000421e-02     Tr[DP]  5.525522e-02
 iter: 282:2        |ddm|: 4.352572e-03     Tr[DP]  5.393866e-02
 iter: 283:1        |ddm|: 9.510736e-03     Tr[DP]  5.517150e-02
 iter: 283:2        |ddm|: 4.339084e-03     Tr[DP]  5.388162e-02
 iter: 284:1        |ddm|: 1.005429e-02     Tr[DP]  5.509048e-02
 iter: 284:2        |ddm|: 4.090447e-03     Tr[DP]  5.383060e-02
 iter: 285:1        |ddm|: 9.937700e-03     Tr[DP]  5.500610e-02
 iter: 285:2        |ddm|: 3.952469e-03     Tr[DP]  5.378613e-02
 iter: 286:1        |ddm|: 8.956586e-03     Tr[DP]  5.492673e-02
 iter: 286:2        |ddm|: 4.014849e-03     Tr[DP]  5.373757e-02
 iter: 287:1        |ddm|: 9.263074e-03     Tr[DP]  5.485411e-02
 iter: 287:2        |ddm|: 3.765898e-03     Tr[DP]  5.369495e-02
 iter: 288:1        |ddm|: 1.051625e-02     Tr[DP]  5.477764e-02
 iter: 288:2        |ddm|: 3.511336e-03     Tr[DP]  5.366744e-02
 iter: 289:1        |ddm|: 8.742894e-03     Tr[DP]  5.469916e-02
 iter: 289:2        |ddm|: 3.496937e-03     Tr[DP]  5.363593e-02
 iter: 290:1        |ddm|: 1.183615e-02     Tr[DP]  5.463701e-02
 iter: 290:2        |ddm|: 5.457074e-03     Tr[DP]  5.355010e-02
 iter: 291:1        |ddm|: 9.716989e-03     Tr[DP]  5.460094e-02
 iter: 291:2        |ddm|: 5.836089e-03     Tr[DP]  5.343982e-02
 iter: 292:1        |ddm|: 1.015607e-02     Tr[DP]  5.454363e-02
 iter: 292:2        |ddm|: 4.994775e-03     Tr[DP]  5.335336e-02
 iter: 293:1        |ddm|: 9.597203e-03     Tr[DP]  5.446766e-02
 iter: 293:2        |ddm|: 4.946861e-03     Tr[DP]  5.327531e-02
 iter: 294:1        |ddm|: 9.224285e-03     Tr[DP]  5.439301e-02
 iter: 294:2        |ddm|: 4.911185e-03     Tr[DP]  5.320252e-02
 iter: 295:1        |ddm|: 1.157676e-02     Tr[DP]  5.432155e-02
 iter: 295:2        |ddm|: 4.149712e-03     Tr[DP]  5.315191e-02
 iter: 296:1        |ddm|: 8.805805e-03     Tr[DP]  5.423500e-02
 iter: 296:2        |ddm|: 4.940151e-03     Tr[DP]  5.308493e-02
 iter: 297:1        |ddm|: 1.156381e-02     Tr[DP]  5.418000e-02
 iter: 297:2        |ddm|: 3.894523e-03     Tr[DP]  5.304412e-02
 iter: 298:1        |ddm|: 8.675461e-03     Tr[DP]  5.409391e-02
 iter: 298:2        |ddm|: 4.346286e-03     Tr[DP]  5.299116e-02
 iter: 299:1        |ddm|: 9.816256e-03     Tr[DP]  5.403907e-02
 iter: 299:2        |ddm|: 3.675286e-03     Tr[DP]  5.295337e-02
 iter: 300:1        |ddm|: 8.748514e-03     Tr[DP]  5.396628e-02
 iter: 300:2        |ddm|: 3.675892e-03     Tr[DP]  5.291572e-02
                         Freeze-and-Thaw NOT converged!                         

=================== Subsystem 1 at higher mean-field method ====================
  subiter:   1      |ddm|: 9.040232e-01
  subiter:   2      |ddm|: 2.118370e-01
  subiter:   3      |ddm|: 2.137518e-02
  subiter:   4      |ddm|: 1.394456e-02
  subiter:   5      |ddm|: 3.469528e-03
  subiter:   6      |ddm|: 1.104389e-03
  subiter:   7      |ddm|: 2.251489e-04
  subiter:   8      |ddm|: 1.045075e-04
  subiter:   9      |ddm|: 2.233213e-05
  subiter:  10      |ddm|: 3.902879e-06
  subiter:  11      |ddm|: 1.387493e-06
  subiter:  12      |ddm|: 4.969885e-07
  subiter:  13      |ddm|: 8.038806e-08
  subiter:  14      |ddm|: 1.397769e-08
  subiter:  15      |ddm|: 7.293671e-09


******** <class 'pyscf.scf.hf.RHF'> flags ********
method = RHF
initial guess = minao
damping factor = 0
level shift factor = 0
DIIS = <class 'pyscf.scf.diis.CDIIS'>
DIIS start cycle = 1
DIIS space = 8
SCF tol = 1e-09
SCF gradient tol = None
max. SCF cycles = 100
direct_scf = True
direct_scf_tol = 1e-13
chkfile to save SCF result = /panfs/roc/scratch/graha682/D60/201711_ccpVTZ_NEVPT2_m06_60_7c12h24/tmpt2a6UG
max_memory 4000 MB (current use 522 MB)
Set gradient conv threshold to 3.16228e-05
init E= -282.960543058194
  HOMO = -0.451908010594562  LUMO = 0.138368998348287
cycle= 1 E= -282.960543058193  delta_E= 1.48e-12  |g|= 1.92e-09  |ddm|= 8.15e-09
  HOMO = -0.4519080106699  LUMO = 0.138368998349655
Extra cycle  E= -282.960543058201  delta_E= -7.73e-12  |g|= 8.36e-10  |ddm|= 9.26e-09
converged SCF energy = -282.960543058201


******** <class 'pyscf.dft.rks.RKS'> flags ********
method = RKS
initial guess = atom
damping factor = 0
level shift factor = 0.0
DIIS = <class 'pyscf.scf.diis.CDIIS'>
DIIS start cycle = 1
DIIS space = 8
SCF tol = 1e-08
SCF gradient tol = 1e-08
max. SCF cycles = 1
direct_scf = True
direct_scf_tol = 1e-13
chkfile to save SCF result = /panfs/roc/scratch/graha682/D60/201711_ccpVTZ_NEVPT2_m06_60_7c12h24/tmpMbt7jT
max_memory 4000 MB (current use 494 MB)
XC functionals = m06
small_rho_cutoff = 1e-20
radial grids: Treutler-Ahlrichs (JCP 102, 346 (M4)) radial grids
becke partition: Becke, JCP, 88, 2547 (1988)
pruning grids: <function nwchem_prune at 0x17435f0>
grids dens level: 4
symmetrized grids: False
atomic radii adjust function: <function treutler_atomic_radii_adjust at 0x1743488>
init E= -284.654615842682
  HOMO = -0.332416497005594  LUMO = 0.036253186406559
cycle= 1 E= -284.654624289978  delta_E= -8.45e-06  |g|= 0.000739  |ddm|= 0.00878
  HOMO = -0.332437900881564  LUMO = 0.0362324728470477
Extra cycle  E= -284.654624393707  delta_E= -1.04e-07  |g|= 0.000396  |ddm|= 0.00265
SCF not converged.
SCF energy = -284.654624393707 after 1 cycles
 iter: 301:1        |ddm|: 1.099435e+00     Tr[DP]  6.178111e-02

******** <class 'pyscf.mcscf.mc1step.CASSCF'> flags ********
CAS (1e+1e, 2o), ncore = 27, nvir = 363
max_cycle_macro = 50
max_cycle_micro = 4
conv_tol = 1e-07
conv_tol_grad = None
orbital rotation max_stepsize = 0.02
augmented hessian ah_max_cycle = 30
augmented hessian ah_conv_tol = 1e-12
augmented hessian ah_linear dependence = 1e-14
augmented hessian ah_level shift = 0
augmented hessian ah_start_tol = 2.5
augmented hessian ah_start_cycle = 3
augmented hessian ah_grad_trust_region = 3
kf_trust_region = 3
kf_interval = 4
ci_response_space = 4
ci_grad_trust_region = 3
with_dep4 0
natorb = False
canonicalization = True
sorting_mo_energy = False
chkfile = /panfs/roc/scratch/graha682/D60/201711_ccpVTZ_NEVPT2_m06_60_7c12h24/tmpt2a6UG
max_memory 4000 MB (current use 498 MB)
internal_rotation = False
******** <class 'pyscf.fci.direct_spin1.FCISolver'> flags ********
max. cycles = 50
conv_tol = 1e-08
davidson only = False
linear dependence = 1e-10
level shift = 0.001
max iter space = 12
max_memory 4000 MB
nroots = 1
pspace_size = 400
spin = None
CASCI E = -282.960544930652  S^2 = 0.0000000
Set conv_tol_grad to 0.000316228
macro iter 1 (1 JK  1 micro), CASSCF E = -282.960544930652  dE = 5.6843419e-14  S^2 = 0.0000000
               |grad[o]|=1.72e-05  |grad[c]|= 1.37623044428e-14  |ddm|=    0
1-step CASSCF converged in 1 macro (1 JK 1 micro) steps
CASSCF canonicalization
CASSCF energy = -282.960544930652
Hartree-Fock Energy:  -282.96054305820059
CAS Correlation:       -0.00000187245143
CAS Energy:          -282.96054493065202
Sr    (-1)',   E = -0.00002077124229
Si    (+1)',   E = -0.00000318415657
Sijrs (0)  ,   E = -1.09825233124768
Sijr  (+1) ,   E = -0.01356440620778
Srsi  (-1) ,   E = -0.14378461688371
Srs   (-2) ,   E = -0.00726151443089
Sij   (+2) ,   E = -0.00021002435320
Sir   (0)' ,   E = -0.00163955443642
Nevpt2 Energy = -1.264736402958533
NEVPT2 =   -1.264736402958533
Total NEVPT2 = -284.225281333610553

============================== Supermolecular DFT ==============================
  subiter:   1      |ddm|: 8.030241e+00
  subiter:   2      |ddm|: 3.747694e-01
  subiter:   3      |ddm|: 1.568730e-01
  subiter:   4      |ddm|: 3.091318e-02
  subiter:   5      |ddm|: 1.137474e-02
  subiter:   6      |ddm|: 5.663504e-03
  subiter:   7      |ddm|: 1.650624e-03
  subiter:   8      |ddm|: 5.375492e-04
  subiter:   9      |ddm|: 1.131597e-04
  subiter:  10      |ddm|: 7.354937e-05
  subiter:  11      |ddm|: 1.768965e-05
  subiter:  12      |ddm|: 7.842816e-06
  subiter:  13      |ddm|: 2.936226e-06
  subiter:  14      |ddm|: 3.018088e-07
  subiter:  15      |ddm|: 1.665768e-07
  subiter:  16      |ddm|: 4.974578e-08
  subiter:  17      |ddm|: 3.532288e-08
  subiter:  18      |ddm|: 4.672698e-09


******** <class 'pyscf.dft.rks.RKS'> flags ********
method = RKS
initial guess = atom
damping factor = 0
level shift factor = 0.0
DIIS = <class 'pyscf.scf.diis.CDIIS'>
DIIS start cycle = 1
DIIS space = 8
SCF tol = 1e-08
SCF gradient tol = 1e-08
max. SCF cycles = 100
direct_scf = True
direct_scf_tol = 1e-13
chkfile to save SCF result = /panfs/roc/scratch/graha682/D60/201711_ccpVTZ_NEVPT2_m06_60_7c12h24/tmp1522K_
max_memory 4000 MB (current use 655 MB)
XC functionals = m06
small_rho_cutoff = 1e-20
radial grids: Treutler-Ahlrichs (JCP 102, 346 (M4)) radial grids
becke partition: Becke, JCP, 88, 2547 (1988)
pruning grids: <function nwchem_prune at 0x17435f0>
grids dens level: 4
symmetrized grids: False
atomic radii adjust function: <function treutler_atomic_radii_adjust at 0x1743488>
init E= -471.445583711821
  HOMO = -0.247664476532673  LUMO = -0.0197333778116752
cycle= 1 E= -471.445583711818  delta_E= 2.27e-12  |g|= 3.49e-09  |ddm|= 1.08e-08
  HOMO = -0.247664476610682  LUMO = -0.0197333779081906
Extra cycle  E= -471.445583711818  delta_E= 2.27e-13  |g|= 5.37e-09  |ddm|= 6.47e-09
converged SCF energy = -471.445583711818
Supermolecular DFT   -471.44558371182029

============================== Embedding Energies ==============================
Subsystem DFT              -284.65462439370759
Interaction                -186.40962980613625
DFT-in-DFT                 -471.06425419984384
Supermolecular DFT         -471.44558371182029
Difference                   -0.38132951197645
Corrected DFT-in-DFT       -471.44558371182029
WF-in-DFT                  -470.63491113974681
Corrected WF-in-DFT        -471.01624065172325
================================================================================
TIMING STATISTICS:
     overlap integrals      0.05s   ( 0.00%)
    initial subsystems      1.64s   ( 0.01%)
           2e matrices  24379.73s   (91.54%)
      tot. embed. of 1  24607.13s   (92.39%)
      tot. embed. of 2      5.80s   ( 0.02%)
       freeze and thaw  24612.97s   (92.42%)
                   cas     56.22s   ( 0.21%)
                nevpt2     53.39s   ( 0.20%)
  interaction energies   1907.25s   ( 7.16%)
                 TOTAL  26632.83s
================================================================================

********************************************************************************
*                              END OF CALCULATION                              *
********************************************************************************
