********************************************************************************
*                         FREEZE-AND-THAW CALCULATION                          *
********************************************************************************

================================== Input File ==================================
subsystem
C          0.54080        0.92354       -0.34680
H          0.63842        1.78008       -1.03362
C         -0.51488        0.88298        0.47000
H         -0.34937        0.61437        1.52611
C          4.13483       -0.50720       -0.14850
H          3.92056       -1.35428        0.53380
H          4.15942       -0.95126       -1.16407
C          3.00623        0.50369       -0.06712
H          3.21643        1.34804       -0.75346
H          2.97636        0.95063        0.94559
C          1.63950       -0.08559       -0.39374
H          1.41433       -0.91493        0.30324
H          1.68660       -0.54186       -1.40306
C         -1.92991        1.13988        0.07075
H         -1.96865        1.43969       -0.99363
H         -2.33059        2.00066        0.64317
C         -2.84252       -0.05849        0.30083
H         -2.78232       -0.36822        1.36319
H         -2.46059       -0.92211       -0.27755
C         -4.29052        0.20558       -0.06770
H         -4.66698        1.07106        0.51401
H         -4.34891        0.52127       -1.12879
end

subsystem
C          6.61604       -0.94821        0.09673
H          6.68551       -1.38028       -0.91616
H          6.44452       -1.78579        0.79419
H          7.59820       -0.51284        0.33835
C          5.49894        0.07310        0.18158
H          5.46762        0.51679        1.19507
H          5.70699        0.91936       -0.50089
C         -5.20405       -0.98721        0.15417
H         -4.82209       -1.84832       -0.42686
H         -5.14049       -1.29949        1.21419
C         -6.64682       -0.70879       -0.21878
H         -7.29644       -1.58221       -0.05237
H         -7.05769        0.12700        0.37289
H         -6.73674       -0.42700       -1.28176
end

embed
 huzinaga
 cycles 300
 conv 1e-8
 method m06
end

basis aug-cc-pVDZ
method cas[2,2]/nevpt2
grid 4
conv 1e-8
grad 1e-8
maxiter 100
================================== End Input ===================================
tot grids = 725328

                      Getting subsystem overlap integrals                       

                          Initial subsystem densities                           
Guessing initial subsystem densities
Initial guess from superpostion of atomic densties.
Guessing initial subsystem densities
Initial guess from superpostion of atomic densties.

=========================== Starting Freeze-and-Thaw ===========================
 iter:   1:1        |ddm|: 2.047298e+02     Tr[DP]  9.688772e-01
 iter:   1:2        |ddm|: 2.397050e+01     Tr[DP]  1.896097e-01
 iter:   2:1        |ddm|: 1.021005e+03     Tr[DP]  2.569313e-01
 iter:   2:2        |ddm|: 4.461703e+01     Tr[DP]  1.586900e-01
 iter:   3:1        |ddm|: 1.337347e+03     Tr[DP]  2.153951e-01
 iter:   3:2        |ddm|: 5.667810e+01     Tr[DP]  1.498149e-01
 iter:   4:1        |ddm|: 5.553709e+02     Tr[DP]  1.546923e-01
 iter:   4:2        |ddm|: 3.974799e+01     Tr[DP]  1.530887e-01
 iter:   5:1        |ddm|: 2.136034e+02     Tr[DP]  1.466481e-01
 iter:   5:2        |ddm|: 8.369666e+00     Tr[DP]  1.627375e-01
 iter:   6:1        |ddm|: 1.113001e+02     Tr[DP]  1.597812e-01
 iter:   6:2        |ddm|: 1.003001e+01     Tr[DP]  1.684773e-01
 iter:   7:1        |ddm|: 5.601537e+01     Tr[DP]  1.747394e-01
 iter:   7:2        |ddm|: 5.861954e+00     Tr[DP]  1.779312e-01
 iter:   8:1        |ddm|: 3.370783e+01     Tr[DP]  1.881942e-01
 iter:   8:2        |ddm|: 4.012836e+00     Tr[DP]  1.869249e-01
 iter:   9:1        |ddm|: 2.980508e+01     Tr[DP]  1.994706e-01
 iter:   9:2        |ddm|: 3.400806e+00     Tr[DP]  1.956359e-01
 iter:  10:1        |ddm|: 3.418986e+01     Tr[DP]  2.061961e-01
 iter:  10:2        |ddm|: 2.889743e+00     Tr[DP]  2.016954e-01
 iter:  11:1        |ddm|: 1.954153e+01     Tr[DP]  2.142563e-01
 iter:  11:2        |ddm|: 1.951789e+00     Tr[DP]  2.075152e-01
 iter:  12:1        |ddm|: 2.227639e+01     Tr[DP]  2.190929e-01
 iter:  12:2        |ddm|: 1.637923e+00     Tr[DP]  2.134396e-01
 iter:  13:1        |ddm|: 1.673687e+01     Tr[DP]  2.239299e-01
 iter:  13:2        |ddm|: 1.355303e+00     Tr[DP]  2.175855e-01
 iter:  14:1        |ddm|: 1.561142e+01     Tr[DP]  2.282007e-01
 iter:  14:2        |ddm|: 1.234644e+00     Tr[DP]  2.218945e-01
 iter:  15:1        |ddm|: 1.300977e+01     Tr[DP]  2.320816e-01
 iter:  15:2        |ddm|: 9.662993e-01     Tr[DP]  2.256700e-01
 iter:  16:1        |ddm|: 1.262496e+01     Tr[DP]  2.353430e-01
 iter:  16:2        |ddm|: 9.643913e-01     Tr[DP]  2.295255e-01
 iter:  17:1        |ddm|: 1.011723e+01     Tr[DP]  2.388419e-01
 iter:  17:2        |ddm|: 7.426203e-01     Tr[DP]  2.325861e-01
 iter:  18:1        |ddm|: 8.980619e+00     Tr[DP]  2.414500e-01
 iter:  18:2        |ddm|: 6.418371e-01     Tr[DP]  2.354118e-01
 iter:  19:1        |ddm|: 7.712102e+00     Tr[DP]  2.438311e-01
 iter:  19:2        |ddm|: 5.323417e-01     Tr[DP]  2.378244e-01
 iter:  20:1        |ddm|: 7.086918e+00     Tr[DP]  2.457002e-01
 iter:  20:2        |ddm|: 4.748230e-01     Tr[DP]  2.400986e-01
 iter:  21:1        |ddm|: 6.211103e+00     Tr[DP]  2.475036e-01
 iter:  21:2        |ddm|: 3.967745e-01     Tr[DP]  2.420929e-01
 iter:  22:1        |ddm|: 5.520403e+00     Tr[DP]  2.489959e-01
 iter:  22:2        |ddm|: 3.650170e-01     Tr[DP]  2.438736e-01
 iter:  23:1        |ddm|: 4.884706e+00     Tr[DP]  2.503538e-01
 iter:  23:2        |ddm|: 3.105706e-01     Tr[DP]  2.454725e-01
 iter:  24:1        |ddm|: 4.702937e+00     Tr[DP]  2.514047e-01
 iter:  24:2        |ddm|: 2.900089e-01     Tr[DP]  2.470408e-01
 iter:  25:1        |ddm|: 4.253867e+00     Tr[DP]  2.525349e-01
 iter:  25:2        |ddm|: 2.561981e-01     Tr[DP]  2.484726e-01
 iter:  26:1        |ddm|: 4.180375e+00     Tr[DP]  2.534579e-01
 iter:  26:2        |ddm|: 2.504350e-01     Tr[DP]  2.499056e-01
 iter:  27:1        |ddm|: 4.092774e+00     Tr[DP]  2.544313e-01
 iter:  27:2        |ddm|: 2.460493e-01     Tr[DP]  2.513339e-01
 iter:  28:1        |ddm|: 3.793121e+00     Tr[DP]  2.554875e-01
 iter:  28:2        |ddm|: 2.358926e-01     Tr[DP]  2.526816e-01
 iter:  29:1        |ddm|: 3.395160e+00     Tr[DP]  2.565251e-01
 iter:  29:2        |ddm|: 2.211630e-01     Tr[DP]  2.539059e-01
 iter:  30:1        |ddm|: 3.126901e+00     Tr[DP]  2.574428e-01
 iter:  30:2        |ddm|: 2.095981e-01     Tr[DP]  2.550475e-01
 iter:  31:1        |ddm|: 2.728166e+00     Tr[DP]  2.583495e-01
 iter:  31:2        |ddm|: 1.913312e-01     Tr[DP]  2.560546e-01
 iter:  32:1        |ddm|: 2.378298e+00     Tr[DP]  2.591337e-01
 iter:  32:2        |ddm|: 1.730119e-01     Tr[DP]  2.569372e-01
 iter:  33:1        |ddm|: 2.226075e+00     Tr[DP]  2.597617e-01
 iter:  33:2        |ddm|: 1.594905e-01     Tr[DP]  2.577638e-01
 iter:  34:1        |ddm|: 1.931455e+00     Tr[DP]  2.604009e-01
 iter:  34:2        |ddm|: 1.402126e-01     Tr[DP]  2.584853e-01
 iter:  35:1        |ddm|: 1.621444e+00     Tr[DP]  2.609483e-01
 iter:  35:2        |ddm|: 1.204701e-01     Tr[DP]  2.590864e-01
 iter:  36:1        |ddm|: 1.648114e+00     Tr[DP]  2.612845e-01
 iter:  36:2        |ddm|: 1.139422e-01     Tr[DP]  2.596863e-01
 iter:  37:1        |ddm|: 1.399558e+00     Tr[DP]  2.617444e-01
 iter:  37:2        |ddm|: 9.886561e-02     Tr[DP]  2.602041e-01
 iter:  38:1        |ddm|: 1.233665e+00     Tr[DP]  2.620981e-01
 iter:  38:2        |ddm|: 8.754347e-02     Tr[DP]  2.606567e-01
 iter:  39:1        |ddm|: 1.118811e+00     Tr[DP]  2.623922e-01
 iter:  39:2        |ddm|: 7.758045e-02     Tr[DP]  2.610649e-01
 iter:  40:1        |ddm|: 1.092405e+00     Tr[DP]  2.626287e-01
 iter:  40:2        |ddm|: 7.234902e-02     Tr[DP]  2.614614e-01
 iter:  41:1        |ddm|: 1.151372e+00     Tr[DP]  2.628435e-01
 iter:  41:2        |ddm|: 7.365378e-02     Tr[DP]  2.618809e-01
 iter:  42:1        |ddm|: 8.144273e-01     Tr[DP]  2.632292e-01
 iter:  42:2        |ddm|: 6.023436e-02     Tr[DP]  2.621913e-01
 iter:  43:1        |ddm|: 7.594537e-01     Tr[DP]  2.634089e-01
 iter:  43:2        |ddm|: 5.379181e-02     Tr[DP]  2.624709e-01
 iter:  44:1        |ddm|: 7.671825e-01     Tr[DP]  2.635602e-01
 iter:  44:2        |ddm|: 5.059428e-02     Tr[DP]  2.627508e-01
 iter:  45:1        |ddm|: 7.222828e-01     Tr[DP]  2.637420e-01
 iter:  45:2        |ddm|: 4.791320e-02     Tr[DP]  2.630159e-01
 iter:  46:1        |ddm|: 6.079491e-01     Tr[DP]  2.639414e-01
 iter:  46:2        |ddm|: 4.291657e-02     Tr[DP]  2.632433e-01
 iter:  47:1        |ddm|: 5.315178e-01     Tr[DP]  2.640976e-01
 iter:  47:2        |ddm|: 3.823395e-02     Tr[DP]  2.634419e-01
 iter:  48:1        |ddm|: 5.241851e-01     Tr[DP]  2.642087e-01
 iter:  48:2        |ddm|: 3.567137e-02     Tr[DP]  2.636345e-01
 iter:  49:1        |ddm|: 5.305804e-01     Tr[DP]  2.643177e-01
 iter:  49:2        |ddm|: 3.202076e-02     Tr[DP]  2.638328e-01
 iter:  50:1        |ddm|: 4.338921e-01     Tr[DP]  2.644619e-01
 iter:  50:2        |ddm|: 3.044899e-02     Tr[DP]  2.639900e-01
 iter:  51:1        |ddm|: 3.842761e-01     Tr[DP]  2.645705e-01
 iter:  51:2        |ddm|: 2.825930e-02     Tr[DP]  2.641317e-01
 iter:  52:1        |ddm|: 3.403434e-01     Tr[DP]  2.646684e-01
 iter:  52:2        |ddm|: 2.566248e-02     Tr[DP]  2.642581e-01
 iter:  53:1        |ddm|: 4.037717e-01     Tr[DP]  2.647179e-01
 iter:  53:2        |ddm|: 2.451591e-02     Tr[DP]  2.644104e-01
 iter:  54:1        |ddm|: 2.560064e-01     Tr[DP]  2.648562e-01
 iter:  54:2        |ddm|: 2.101023e-02     Tr[DP]  2.645054e-01
 iter:  55:1        |ddm|: 2.814529e-01     Tr[DP]  2.648985e-01
 iter:  55:2        |ddm|: 2.123105e-02     Tr[DP]  2.646054e-01
 iter:  56:1        |ddm|: 2.807817e-01     Tr[DP]  2.649523e-01
 iter:  56:2        |ddm|: 2.005339e-02     Tr[DP]  2.647036e-01
 iter:  57:1        |ddm|: 3.971284e-01     Tr[DP]  2.649815e-01
 iter:  57:2        |ddm|: 3.270675e-02     Tr[DP]  2.648243e-01
 iter:  58:1        |ddm|: 4.167886e-01     Tr[DP]  2.650818e-01
 iter:  58:2        |ddm|: 2.684626e-02     Tr[DP]  2.649870e-01
 iter:  59:1        |ddm|: 2.456234e-01     Tr[DP]  2.652439e-01
 iter:  59:2        |ddm|: 2.244050e-02     Tr[DP]  2.650839e-01
 iter:  60:1        |ddm|: 2.066986e-01     Tr[DP]  2.653388e-01
 iter:  60:2        |ddm|: 2.073054e-02     Tr[DP]  2.651722e-01
 iter:  61:1        |ddm|: 1.785236e-01     Tr[DP]  2.654138e-01
 iter:  61:2        |ddm|: 1.881727e-02     Tr[DP]  2.652489e-01
 iter:  62:1        |ddm|: 1.729056e-01     Tr[DP]  2.654709e-01
 iter:  62:2        |ddm|: 1.763258e-02     Tr[DP]  2.653170e-01
 iter:  63:1        |ddm|: 1.612572e-01     Tr[DP]  2.655241e-01
 iter:  63:2        |ddm|: 1.516108e-02     Tr[DP]  2.653827e-01
 iter:  64:1        |ddm|: 1.416317e-01     Tr[DP]  2.655712e-01
 iter:  64:2        |ddm|: 1.321459e-02     Tr[DP]  2.654384e-01
 iter:  65:1        |ddm|: 1.324093e-01     Tr[DP]  2.656069e-01
 iter:  65:2        |ddm|: 1.256372e-02     Tr[DP]  2.654877e-01
 iter:  66:1        |ddm|: 1.233119e-01     Tr[DP]  2.656419e-01
 iter:  66:2        |ddm|: 1.202781e-02     Tr[DP]  2.655324e-01
 iter:  67:1        |ddm|: 1.186169e-01     Tr[DP]  2.656723e-01
 iter:  67:2        |ddm|: 1.151536e-02     Tr[DP]  2.655764e-01
 iter:  68:1        |ddm|: 9.848811e-02     Tr[DP]  2.657079e-01
 iter:  68:2        |ddm|: 1.024181e-02     Tr[DP]  2.656125e-01
 iter:  69:1        |ddm|: 9.520256e-02     Tr[DP]  2.657326e-01
 iter:  69:2        |ddm|: 9.870316e-03     Tr[DP]  2.656467e-01
 iter:  70:1        |ddm|: 4.483263e-02     Tr[DP]  2.657768e-01
 iter:  70:2        |ddm|: 7.000117e-03     Tr[DP]  2.656617e-01
 iter:  71:1        |ddm|: 1.463251e-01     Tr[DP]  2.657467e-01
 iter:  71:2        |ddm|: 1.578063e-02     Tr[DP]  2.656940e-01
 iter:  72:1        |ddm|: 1.211528e-01     Tr[DP]  2.657735e-01
 iter:  72:2        |ddm|: 1.345024e-02     Tr[DP]  2.657325e-01
 iter:  73:1        |ddm|: 6.791586e-02     Tr[DP]  2.658160e-01
 iter:  73:2        |ddm|: 7.773505e-03     Tr[DP]  2.657612e-01
 iter:  74:1        |ddm|: 6.320380e-02     Tr[DP]  2.658365e-01
 iter:  74:2        |ddm|: 7.269501e-03     Tr[DP]  2.657844e-01
 iter:  75:1        |ddm|: 6.002888e-02     Tr[DP]  2.658534e-01
 iter:  75:2        |ddm|: 7.096085e-03     Tr[DP]  2.658054e-01
 iter:  76:1        |ddm|: 5.016279e-02     Tr[DP]  2.658706e-01
 iter:  76:2        |ddm|: 6.316823e-03     Tr[DP]  2.658233e-01
 iter:  77:1        |ddm|: 4.028208e-02     Tr[DP]  2.658850e-01
 iter:  77:2        |ddm|: 5.567311e-03     Tr[DP]  2.658373e-01
 iter:  78:1        |ddm|: 3.877335e-02     Tr[DP]  2.658937e-01
 iter:  78:2        |ddm|: 5.753467e-03     Tr[DP]  2.658485e-01
 iter:  79:1        |ddm|: 7.499428e-02     Tr[DP]  2.658906e-01
 iter:  79:2        |ddm|: 1.022152e-02     Tr[DP]  2.658650e-01
 iter:  80:1        |ddm|: 4.996190e-02     Tr[DP]  2.659082e-01
 iter:  80:2        |ddm|: 7.455231e-03     Tr[DP]  2.658811e-01
 iter:  81:1        |ddm|: 4.094365e-02     Tr[DP]  2.659220e-01
 iter:  81:2        |ddm|: 6.200574e-03     Tr[DP]  2.658944e-01
 iter:  82:1        |ddm|: 3.875654e-02     Tr[DP]  2.659320e-01
 iter:  82:2        |ddm|: 6.019675e-03     Tr[DP]  2.659059e-01
 iter:  83:1        |ddm|: 3.530433e-02     Tr[DP]  2.659409e-01
 iter:  83:2        |ddm|: 5.578133e-03     Tr[DP]  2.659164e-01
 iter:  84:1        |ddm|: 2.929981e-02     Tr[DP]  2.659488e-01
 iter:  84:2        |ddm|: 4.930504e-03     Tr[DP]  2.659245e-01
 iter:  85:1        |ddm|: 4.600572e-02     Tr[DP]  2.659504e-01
 iter:  85:2        |ddm|: 7.567055e-03     Tr[DP]  2.659328e-01
 iter:  86:1        |ddm|: 1.756726e-02     Tr[DP]  2.659626e-01
 iter:  86:2        |ddm|: 3.758940e-03     Tr[DP]  2.659397e-01
 iter:  87:1        |ddm|: 3.949604e-02     Tr[DP]  2.659587e-01
 iter:  87:2        |ddm|: 6.408878e-03     Tr[DP]  2.659464e-01
 iter:  88:1        |ddm|: 3.638917e-02     Tr[DP]  2.659643e-01
 iter:  88:2        |ddm|: 6.522974e-03     Tr[DP]  2.659537e-01
 iter:  89:1        |ddm|: 2.651075e-02     Tr[DP]  2.659738e-01
 iter:  89:2        |ddm|: 5.668066e-03     Tr[DP]  2.659572e-01
 iter:  90:1        |ddm|: 2.784864e-02     Tr[DP]  2.659785e-01
 iter:  90:2        |ddm|: 5.380138e-03     Tr[DP]  2.659627e-01
 iter:  91:1        |ddm|: 5.496075e-02     Tr[DP]  2.659782e-01
 iter:  91:2        |ddm|: 8.756720e-03     Tr[DP]  2.659687e-01
 iter:  92:1        |ddm|: 3.323554e-02     Tr[DP]  2.659854e-01
 iter:  92:2        |ddm|: 6.864349e-03     Tr[DP]  2.659770e-01
 iter:  93:1        |ddm|: 4.064507e-02     Tr[DP]  2.659869e-01
 iter:  93:2        |ddm|: 7.177534e-03     Tr[DP]  2.659792e-01
 iter:  94:1        |ddm|: 3.092873e-02     Tr[DP]  2.659919e-01
 iter:  94:2        |ddm|: 5.229003e-03     Tr[DP]  2.659880e-01
 iter:  95:1        |ddm|: 1.810074e-02     Tr[DP]  2.659982e-01
 iter:  95:2        |ddm|: 3.559706e-03     Tr[DP]  2.659917e-01
 iter:  96:1        |ddm|: 1.743860e-02     Tr[DP]  2.660022e-01
 iter:  96:2        |ddm|: 3.343042e-03     Tr[DP]  2.659955e-01
 iter:  97:1        |ddm|: 1.145055e-02     Tr[DP]  2.660059e-01
 iter:  97:2        |ddm|: 2.629111e-03     Tr[DP]  2.659987e-01
 iter:  98:1        |ddm|: 2.609282e-02     Tr[DP]  2.660068e-01
 iter:  98:2        |ddm|: 4.690845e-03     Tr[DP]  2.660015e-01
 iter:  99:1        |ddm|: 2.348675e-02     Tr[DP]  2.660092e-01
 iter:  99:2        |ddm|: 4.664629e-03     Tr[DP]  2.660046e-01
 iter: 100:1        |ddm|: 1.959972e-02     Tr[DP]  2.660119e-01
 iter: 100:2        |ddm|: 4.067885e-03     Tr[DP]  2.660073e-01
 iter: 101:1        |ddm|: 1.858113e-02     Tr[DP]  2.660141e-01
 iter: 101:2        |ddm|: 3.837466e-03     Tr[DP]  2.660097e-01
 iter: 102:1        |ddm|: 1.183888e-02     Tr[DP]  2.660164e-01
 iter: 102:2        |ddm|: 2.900567e-03     Tr[DP]  2.660117e-01
 iter: 103:1        |ddm|: 3.686368e-02     Tr[DP]  2.660160e-01
 iter: 103:2        |ddm|: 6.334428e-03     Tr[DP]  2.660136e-01
 iter: 104:1        |ddm|: 1.566197e-02     Tr[DP]  2.660189e-01
 iter: 104:2        |ddm|: 3.677445e-03     Tr[DP]  2.660158e-01
 iter: 105:1        |ddm|: 1.309536e-02     Tr[DP]  2.660208e-01
 iter: 105:2        |ddm|: 2.960800e-03     Tr[DP]  2.660174e-01
 iter: 106:1        |ddm|: 1.766001e-02     Tr[DP]  2.660216e-01
 iter: 106:2        |ddm|: 3.589893e-03     Tr[DP]  2.660188e-01
 iter: 107:1        |ddm|: 1.868846e-02     Tr[DP]  2.660225e-01
 iter: 107:2        |ddm|: 3.863066e-03     Tr[DP]  2.660201e-01
 iter: 108:1        |ddm|: 9.007476e-03     Tr[DP]  2.660240e-01
 iter: 108:2        |ddm|: 2.514768e-03     Tr[DP]  2.660212e-01
 iter: 109:1        |ddm|: 2.250512e-02     Tr[DP]  2.660241e-01
 iter: 109:2        |ddm|: 4.310634e-03     Tr[DP]  2.660221e-01
 iter: 110:1        |ddm|: 1.515107e-02     Tr[DP]  2.660251e-01
 iter: 110:2        |ddm|: 3.555550e-03     Tr[DP]  2.660230e-01
 iter: 111:1        |ddm|: 1.647378e-02     Tr[DP]  2.660257e-01
 iter: 111:2        |ddm|: 3.641762e-03     Tr[DP]  2.660238e-01
 iter: 112:1        |ddm|: 1.962366e-02     Tr[DP]  2.660260e-01
 iter: 112:2        |ddm|: 4.097221e-03     Tr[DP]  2.660246e-01
 iter: 113:1        |ddm|: 1.833895e-02     Tr[DP]  2.660266e-01
 iter: 113:2        |ddm|: 3.973122e-03     Tr[DP]  2.660252e-01
 iter: 114:1        |ddm|: 1.684015e-02     Tr[DP]  2.660271e-01
 iter: 114:2        |ddm|: 3.716047e-03     Tr[DP]  2.660259e-01
 iter: 115:1        |ddm|: 1.654558e-02     Tr[DP]  2.660275e-01
 iter: 115:2        |ddm|: 3.643932e-03     Tr[DP]  2.660264e-01
 iter: 116:1        |ddm|: 1.470002e-02     Tr[DP]  2.660280e-01
 iter: 116:2        |ddm|: 3.377498e-03     Tr[DP]  2.660270e-01
 iter: 117:1        |ddm|: 1.242227e-02     Tr[DP]  2.660284e-01
 iter: 117:2        |ddm|: 3.056179e-03     Tr[DP]  2.660275e-01
 iter: 118:1        |ddm|: 1.007561e-02     Tr[DP]  2.660288e-01
 iter: 118:2        |ddm|: 2.778706e-03     Tr[DP]  2.660280e-01
 iter: 119:1        |ddm|: 8.432962e-03     Tr[DP]  2.660292e-01
 iter: 119:2        |ddm|: 2.638148e-03     Tr[DP]  2.660282e-01
 iter: 120:1        |ddm|: 6.542108e-02     Tr[DP]  2.660275e-01
 iter: 120:2        |ddm|: 1.077111e-02     Tr[DP]  2.660277e-01
 iter: 121:1        |ddm|: 1.844100e-02     Tr[DP]  2.660289e-01
 iter: 121:2        |ddm|: 4.483321e-03     Tr[DP]  2.660285e-01
 iter: 122:1        |ddm|: 1.305651e-02     Tr[DP]  2.660294e-01
 iter: 122:2        |ddm|: 2.820614e-03     Tr[DP]  2.660289e-01
 iter: 123:1        |ddm|: 2.150725e-02     Tr[DP]  2.660295e-01
 iter: 123:2        |ddm|: 3.959533e-03     Tr[DP]  2.660290e-01
 iter: 124:1        |ddm|: 2.667332e-02     Tr[DP]  2.660294e-01
 iter: 124:2        |ddm|: 4.933118e-03     Tr[DP]  2.660291e-01
 iter: 125:1        |ddm|: 1.187866e-02     Tr[DP]  2.660299e-01
 iter: 125:2        |ddm|: 2.589301e-03     Tr[DP]  2.660296e-01
 iter: 126:1        |ddm|: 8.025184e-03     Tr[DP]  2.660302e-01
 iter: 126:2        |ddm|: 1.751829e-03     Tr[DP]  2.660298e-01
 iter: 127:1        |ddm|: 7.143339e-03     Tr[DP]  2.660303e-01
 iter: 127:2        |ddm|: 1.692742e-03     Tr[DP]  2.660300e-01
 iter: 128:1        |ddm|: 1.207212e-02     Tr[DP]  2.660303e-01
 iter: 128:2        |ddm|: 2.518160e-03     Tr[DP]  2.660301e-01
 iter: 129:1        |ddm|: 1.281891e-02     Tr[DP]  2.660303e-01
 iter: 129:2        |ddm|: 2.756840e-03     Tr[DP]  2.660302e-01
 iter: 130:1        |ddm|: 1.309367e-02     Tr[DP]  2.660304e-01
 iter: 130:2        |ddm|: 2.818886e-03     Tr[DP]  2.660303e-01
 iter: 131:1        |ddm|: 1.457213e-02     Tr[DP]  2.660304e-01
 iter: 131:2        |ddm|: 3.029377e-03     Tr[DP]  2.660303e-01
 iter: 132:1        |ddm|: 2.055811e-02     Tr[DP]  2.660302e-01
 iter: 132:2        |ddm|: 3.919717e-03     Tr[DP]  2.660303e-01
 iter: 133:1        |ddm|: 7.116886e-03     Tr[DP]  2.660306e-01
 iter: 133:2        |ddm|: 1.769277e-03     Tr[DP]  2.660304e-01
 iter: 134:1        |ddm|: 9.305775e-03     Tr[DP]  2.660305e-01
 iter: 134:2        |ddm|: 2.000742e-03     Tr[DP]  2.660305e-01
 iter: 135:1        |ddm|: 1.042873e-02     Tr[DP]  2.660305e-01
 iter: 135:2        |ddm|: 2.268507e-03     Tr[DP]  2.660305e-01
 iter: 136:1        |ddm|: 7.475345e-03     Tr[DP]  2.660306e-01
 iter: 136:2        |ddm|: 1.913869e-03     Tr[DP]  2.660306e-01
 iter: 137:1        |ddm|: 1.288034e-02     Tr[DP]  2.660305e-01
 iter: 137:2        |ddm|: 2.686055e-03     Tr[DP]  2.660306e-01
 iter: 138:1        |ddm|: 1.172131e-02     Tr[DP]  2.660306e-01
 iter: 138:2        |ddm|: 2.627403e-03     Tr[DP]  2.660306e-01
 iter: 139:1        |ddm|: 1.171636e-02     Tr[DP]  2.660306e-01
 iter: 139:2        |ddm|: 2.604406e-03     Tr[DP]  2.660306e-01
 iter: 140:1        |ddm|: 1.294643e-02     Tr[DP]  2.660305e-01
 iter: 140:2        |ddm|: 2.759574e-03     Tr[DP]  2.660306e-01
 iter: 141:1        |ddm|: 1.000289e-02     Tr[DP]  2.660305e-01
 iter: 141:2        |ddm|: 2.324737e-03     Tr[DP]  2.660307e-01
 iter: 142:1        |ddm|: 9.716202e-03     Tr[DP]  2.660305e-01
 iter: 142:2        |ddm|: 2.244564e-03     Tr[DP]  2.660307e-01
 iter: 143:1        |ddm|: 1.310288e-02     Tr[DP]  2.660305e-01
 iter: 143:2        |ddm|: 2.774302e-03     Tr[DP]  2.660306e-01
 iter: 144:1        |ddm|: 1.107973e-02     Tr[DP]  2.660305e-01
 iter: 144:2        |ddm|: 2.518592e-03     Tr[DP]  2.660307e-01
 iter: 145:1        |ddm|: 9.511521e-03     Tr[DP]  2.660305e-01
 iter: 145:2        |ddm|: 2.254755e-03     Tr[DP]  2.660307e-01
 iter: 146:1        |ddm|: 1.196923e-02     Tr[DP]  2.660305e-01
 iter: 146:2        |ddm|: 2.602058e-03     Tr[DP]  2.660307e-01
 iter: 147:1        |ddm|: 1.494306e-02     Tr[DP]  2.660304e-01
 iter: 147:2        |ddm|: 3.078934e-03     Tr[DP]  2.660306e-01
 iter: 148:1        |ddm|: 1.104650e-02     Tr[DP]  2.660304e-01
 iter: 148:2        |ddm|: 2.541851e-03     Tr[DP]  2.660306e-01
 iter: 149:1        |ddm|: 1.463012e-02     Tr[DP]  2.660303e-01
 iter: 149:2        |ddm|: 2.993748e-03     Tr[DP]  2.660306e-01
 iter: 150:1        |ddm|: 1.764443e-02     Tr[DP]  2.660303e-01
 iter: 150:2        |ddm|: 3.475525e-03     Tr[DP]  2.660304e-01
 iter: 151:1        |ddm|: 2.097557e-02     Tr[DP]  2.660301e-01
 iter: 151:2        |ddm|: 3.938090e-03     Tr[DP]  2.660302e-01
 iter: 152:1        |ddm|: 9.672858e-03     Tr[DP]  2.660302e-01
 iter: 152:2        |ddm|: 2.118631e-03     Tr[DP]  2.660302e-01
 iter: 153:1        |ddm|: 7.265620e-03     Tr[DP]  2.660302e-01
 iter: 153:2        |ddm|: 1.530879e-03     Tr[DP]  2.660302e-01
 iter: 154:1        |ddm|: 6.456836e-03     Tr[DP]  2.660301e-01
 iter: 154:2        |ddm|: 1.408930e-03     Tr[DP]  2.660302e-01
 iter: 155:1        |ddm|: 6.960343e-03     Tr[DP]  2.660301e-01
 iter: 155:2        |ddm|: 1.567716e-03     Tr[DP]  2.660302e-01
 iter: 156:1        |ddm|: 8.190231e-03     Tr[DP]  2.660300e-01
 iter: 156:2        |ddm|: 1.784899e-03     Tr[DP]  2.660302e-01
 iter: 157:1        |ddm|: 9.642442e-03     Tr[DP]  2.660300e-01
 iter: 157:2        |ddm|: 2.036796e-03     Tr[DP]  2.660301e-01
 iter: 158:1        |ddm|: 1.260157e-02     Tr[DP]  2.660299e-01
 iter: 158:2        |ddm|: 2.488111e-03     Tr[DP]  2.660300e-01
 iter: 159:1        |ddm|: 6.387600e-03     Tr[DP]  2.660299e-01
 iter: 159:2        |ddm|: 1.545786e-03     Tr[DP]  2.660300e-01
 iter: 160:1        |ddm|: 8.996435e-03     Tr[DP]  2.660298e-01
 iter: 160:2        |ddm|: 1.851013e-03     Tr[DP]  2.660299e-01
 iter: 161:1        |ddm|: 7.526436e-03     Tr[DP]  2.660297e-01
 iter: 161:2        |ddm|: 1.675361e-03     Tr[DP]  2.660299e-01
 iter: 162:1        |ddm|: 8.221488e-03     Tr[DP]  2.660297e-01
 iter: 162:2        |ddm|: 1.764420e-03     Tr[DP]  2.660298e-01
 iter: 163:1        |ddm|: 7.286092e-03     Tr[DP]  2.660297e-01
 iter: 163:2        |ddm|: 1.634135e-03     Tr[DP]  2.660298e-01
 iter: 164:1        |ddm|: 7.475128e-03     Tr[DP]  2.660296e-01
 iter: 164:2        |ddm|: 1.652612e-03     Tr[DP]  2.660298e-01
 iter: 165:1        |ddm|: 7.597808e-03     Tr[DP]  2.660296e-01
 iter: 165:2        |ddm|: 1.684303e-03     Tr[DP]  2.660297e-01
 iter: 166:1        |ddm|: 6.138254e-03     Tr[DP]  2.660296e-01
 iter: 166:2        |ddm|: 1.475092e-03     Tr[DP]  2.660297e-01
 iter: 167:1        |ddm|: 1.001018e-02     Tr[DP]  2.660295e-01
 iter: 167:2        |ddm|: 2.040032e-03     Tr[DP]  2.660297e-01
 iter: 168:1        |ddm|: 7.907508e-03     Tr[DP]  2.660295e-01
 iter: 168:2        |ddm|: 1.786013e-03     Tr[DP]  2.660296e-01
 iter: 169:1        |ddm|: 7.470467e-03     Tr[DP]  2.660294e-01
 iter: 169:2        |ddm|: 1.676403e-03     Tr[DP]  2.660296e-01
 iter: 170:1        |ddm|: 7.333358e-03     Tr[DP]  2.660294e-01
 iter: 170:2        |ddm|: 1.650280e-03     Tr[DP]  2.660296e-01
 iter: 171:1        |ddm|: 8.229802e-03     Tr[DP]  2.660294e-01
 iter: 171:2        |ddm|: 1.788454e-03     Tr[DP]  2.660295e-01
 iter: 172:1        |ddm|: 7.425327e-03     Tr[DP]  2.660294e-01
 iter: 172:2        |ddm|: 1.677300e-03     Tr[DP]  2.660295e-01
 iter: 173:1        |ddm|: 7.808980e-03     Tr[DP]  2.660293e-01
 iter: 173:2        |ddm|: 1.726963e-03     Tr[DP]  2.660295e-01
 iter: 174:1        |ddm|: 8.139135e-03     Tr[DP]  2.660293e-01
 iter: 174:2        |ddm|: 1.784890e-03     Tr[DP]  2.660295e-01
 iter: 175:1        |ddm|: 8.016847e-03     Tr[DP]  2.660293e-01
 iter: 175:2        |ddm|: 1.769523e-03     Tr[DP]  2.660294e-01
 iter: 176:1        |ddm|: 6.265133e-03     Tr[DP]  2.660293e-01
 iter: 176:2        |ddm|: 1.503881e-03     Tr[DP]  2.660295e-01
 iter: 177:1        |ddm|: 6.370648e-03     Tr[DP]  2.660293e-01
 iter: 177:2        |ddm|: 1.504199e-03     Tr[DP]  2.660295e-01
 iter: 178:1        |ddm|: 2.152906e-02     Tr[DP]  2.660290e-01
 iter: 178:2        |ddm|: 3.789610e-03     Tr[DP]  2.660292e-01
 iter: 179:1        |ddm|: 6.409784e-03     Tr[DP]  2.660291e-01
 iter: 179:2        |ddm|: 1.539580e-03     Tr[DP]  2.660292e-01
 iter: 180:1        |ddm|: 8.133344e-03     Tr[DP]  2.660291e-01
 iter: 180:2        |ddm|: 1.607948e-03     Tr[DP]  2.660292e-01
 iter: 181:1        |ddm|: 4.903722e-03     Tr[DP]  2.660291e-01
 iter: 181:2        |ddm|: 1.121738e-03     Tr[DP]  2.660292e-01
 iter: 182:1        |ddm|: 9.914941e-03     Tr[DP]  2.660290e-01
 iter: 182:2        |ddm|: 1.855405e-03     Tr[DP]  2.660291e-01
 iter: 183:1        |ddm|: 5.811241e-03     Tr[DP]  2.660290e-01
 iter: 183:2        |ddm|: 1.296310e-03     Tr[DP]  2.660291e-01
 iter: 184:1        |ddm|: 3.775679e-03     Tr[DP]  2.660290e-01
 iter: 184:2        |ddm|: 9.606317e-04     Tr[DP]  2.660291e-01
 iter: 185:1        |ddm|: 6.572046e-03     Tr[DP]  2.660289e-01
 iter: 185:2        |ddm|: 1.328593e-03     Tr[DP]  2.660290e-01
 iter: 186:1        |ddm|: 6.853161e-03     Tr[DP]  2.660289e-01
 iter: 186:2        |ddm|: 1.451764e-03     Tr[DP]  2.660290e-01
 iter: 187:1        |ddm|: 4.161299e-03     Tr[DP]  2.660289e-01
 iter: 187:2        |ddm|: 1.032811e-03     Tr[DP]  2.660290e-01
 iter: 188:1        |ddm|: 5.505194e-03     Tr[DP]  2.660289e-01
 iter: 188:2        |ddm|: 1.211525e-03     Tr[DP]  2.660290e-01
 iter: 189:1        |ddm|: 9.893095e-03     Tr[DP]  2.660288e-01
 iter: 189:2        |ddm|: 1.954120e-03     Tr[DP]  2.660289e-01
 iter: 190:1        |ddm|: 5.048553e-03     Tr[DP]  2.660288e-01
 iter: 190:2        |ddm|: 1.224530e-03     Tr[DP]  2.660289e-01
 iter: 191:1        |ddm|: 5.302324e-03     Tr[DP]  2.660288e-01
 iter: 191:2        |ddm|: 1.175541e-03     Tr[DP]  2.660289e-01
 iter: 192:1        |ddm|: 5.679556e-03     Tr[DP]  2.660287e-01
 iter: 192:2        |ddm|: 1.248642e-03     Tr[DP]  2.660289e-01
 iter: 193:1        |ddm|: 5.040289e-03     Tr[DP]  2.660287e-01
 iter: 193:2        |ddm|: 1.165700e-03     Tr[DP]  2.660288e-01
 iter: 194:1        |ddm|: 4.645501e-03     Tr[DP]  2.660287e-01
 iter: 194:2        |ddm|: 1.085017e-03     Tr[DP]  2.660288e-01
 iter: 195:1        |ddm|: 4.695020e-03     Tr[DP]  2.660287e-01
 iter: 195:2        |ddm|: 1.149215e-03     Tr[DP]  2.660289e-01
 iter: 196:1        |ddm|: 4.757619e-03     Tr[DP]  2.660287e-01
 iter: 196:2        |ddm|: 1.155855e-03     Tr[DP]  2.660289e-01
 iter: 197:1        |ddm|: 1.646613e-02     Tr[DP]  2.660285e-01
 iter: 197:2        |ddm|: 2.935147e-03     Tr[DP]  2.660287e-01
 iter: 198:1        |ddm|: 4.928659e-03     Tr[DP]  2.660286e-01
 iter: 198:2        |ddm|: 1.224769e-03     Tr[DP]  2.660287e-01
 iter: 199:1        |ddm|: 4.569737e-03     Tr[DP]  2.660286e-01
 iter: 199:2        |ddm|: 9.701460e-04     Tr[DP]  2.660287e-01
 iter: 200:1        |ddm|: 5.050141e-03     Tr[DP]  2.660286e-01
 iter: 200:2        |ddm|: 1.083842e-03     Tr[DP]  2.660287e-01
 iter: 201:1        |ddm|: 6.244840e-03     Tr[DP]  2.660285e-01
 iter: 201:2        |ddm|: 1.358151e-03     Tr[DP]  2.660286e-01
 iter: 202:1        |ddm|: 2.850596e-03     Tr[DP]  2.660286e-01
 iter: 202:2        |ddm|: 7.920822e-04     Tr[DP]  2.660287e-01
 iter: 203:1        |ddm|: 4.682211e-03     Tr[DP]  2.660286e-01
 iter: 203:2        |ddm|: 1.073745e-03     Tr[DP]  2.660287e-01
 iter: 204:1        |ddm|: 5.340552e-03     Tr[DP]  2.660285e-01
 iter: 204:2        |ddm|: 1.231369e-03     Tr[DP]  2.660287e-01
 iter: 205:1        |ddm|: 1.093963e-02     Tr[DP]  2.660285e-01
 iter: 205:2        |ddm|: 2.069104e-03     Tr[DP]  2.660286e-01
 iter: 206:1        |ddm|: 9.965838e-03     Tr[DP]  2.660284e-01
 iter: 206:2        |ddm|: 1.989164e-03     Tr[DP]  2.660285e-01
 iter: 207:1        |ddm|: 5.498566e-03     Tr[DP]  2.660284e-01
 iter: 207:2        |ddm|: 1.200700e-03     Tr[DP]  2.660285e-01
 iter: 208:1        |ddm|: 1.201333e-02     Tr[DP]  2.660283e-01
 iter: 208:2        |ddm|: 2.159596e-03     Tr[DP]  2.660284e-01
 iter: 209:1        |ddm|: 5.078216e-03     Tr[DP]  2.660284e-01
 iter: 209:2        |ddm|: 5.046415e-04     Tr[DP]  2.660285e-01
 iter: 210:1        |ddm|: 7.120415e-03     Tr[DP]  2.660283e-01
 iter: 210:2        |ddm|: 1.187188e-03     Tr[DP]  2.660284e-01
 iter: 211:1        |ddm|: 3.078222e-03     Tr[DP]  2.660283e-01
 iter: 211:2        |ddm|: 7.201795e-04     Tr[DP]  2.660284e-01
 iter: 212:1        |ddm|: 3.043074e-03     Tr[DP]  2.660283e-01
 iter: 212:2        |ddm|: 6.732385e-04     Tr[DP]  2.660284e-01
 iter: 213:1        |ddm|: 3.473288e-03     Tr[DP]  2.660283e-01
 iter: 213:2        |ddm|: 7.575906e-04     Tr[DP]  2.660283e-01
 iter: 214:1        |ddm|: 2.665411e-03     Tr[DP]  2.660283e-01
 iter: 214:2        |ddm|: 6.614410e-04     Tr[DP]  2.660283e-01
 iter: 215:1        |ddm|: 4.616043e-03     Tr[DP]  2.660282e-01
 iter: 215:2        |ddm|: 9.458147e-04     Tr[DP]  2.660283e-01
 iter: 216:1        |ddm|: 5.152150e-03     Tr[DP]  2.660282e-01
 iter: 216:2        |ddm|: 1.067682e-03     Tr[DP]  2.660283e-01
 iter: 217:1        |ddm|: 3.867468e-03     Tr[DP]  2.660282e-01
 iter: 217:2        |ddm|: 8.875078e-04     Tr[DP]  2.660282e-01
 iter: 218:1        |ddm|: 7.712444e-03     Tr[DP]  2.660281e-01
 iter: 218:2        |ddm|: 1.437396e-03     Tr[DP]  2.660282e-01
 iter: 219:1        |ddm|: 3.558662e-03     Tr[DP]  2.660281e-01
 iter: 219:2        |ddm|: 8.129618e-04     Tr[DP]  2.660281e-01
 iter: 220:1        |ddm|: 2.377531e-03     Tr[DP]  2.660281e-01
 iter: 220:2        |ddm|: 5.396431e-04     Tr[DP]  2.660281e-01
 iter: 221:1        |ddm|: 1.819761e-03     Tr[DP]  2.660281e-01
 iter: 221:2        |ddm|: 4.518595e-04     Tr[DP]  2.660281e-01
 iter: 222:1        |ddm|: 1.937621e-03     Tr[DP]  2.660281e-01
 iter: 222:2        |ddm|: 5.048768e-04     Tr[DP]  2.660281e-01
 iter: 223:1        |ddm|: 4.913165e-03     Tr[DP]  2.660280e-01
 iter: 223:2        |ddm|: 9.691874e-04     Tr[DP]  2.660281e-01
 iter: 224:1        |ddm|: 3.849426e-03     Tr[DP]  2.660280e-01
 iter: 224:2        |ddm|: 8.663484e-04     Tr[DP]  2.660281e-01
 iter: 225:1        |ddm|: 3.856314e-03     Tr[DP]  2.660280e-01
 iter: 225:2        |ddm|: 8.447359e-04     Tr[DP]  2.660281e-01
 iter: 226:1        |ddm|: 5.463646e-03     Tr[DP]  2.660280e-01
 iter: 226:2        |ddm|: 1.091099e-03     Tr[DP]  2.660280e-01
 iter: 227:1        |ddm|: 3.161887e-03     Tr[DP]  2.660280e-01
 iter: 227:2        |ddm|: 7.296417e-04     Tr[DP]  2.660280e-01
 iter: 228:1        |ddm|: 3.213991e-03     Tr[DP]  2.660279e-01
 iter: 228:2        |ddm|: 6.963907e-04     Tr[DP]  2.660280e-01
 iter: 229:1        |ddm|: 2.700623e-03     Tr[DP]  2.660279e-01
 iter: 229:2        |ddm|: 6.169575e-04     Tr[DP]  2.660280e-01
 iter: 230:1        |ddm|: 4.288669e-03     Tr[DP]  2.660279e-01
 iter: 230:2        |ddm|: 8.638607e-04     Tr[DP]  2.660280e-01
 iter: 231:1        |ddm|: 2.467454e-03     Tr[DP]  2.660279e-01
 iter: 231:2        |ddm|: 5.979129e-04     Tr[DP]  2.660280e-01
 iter: 232:1        |ddm|: 3.118398e-03     Tr[DP]  2.660279e-01
 iter: 232:2        |ddm|: 6.754121e-04     Tr[DP]  2.660280e-01
 iter: 233:1        |ddm|: 3.369256e-03     Tr[DP]  2.660279e-01
 iter: 233:2        |ddm|: 7.302032e-04     Tr[DP]  2.660279e-01
 iter: 234:1        |ddm|: 3.062466e-03     Tr[DP]  2.660279e-01
 iter: 234:2        |ddm|: 6.875989e-04     Tr[DP]  2.660279e-01
 iter: 235:1        |ddm|: 3.077224e-03     Tr[DP]  2.660278e-01
 iter: 235:2        |ddm|: 6.856041e-04     Tr[DP]  2.660279e-01
 iter: 236:1        |ddm|: 2.899203e-03     Tr[DP]  2.660278e-01
 iter: 236:2        |ddm|: 6.596318e-04     Tr[DP]  2.660279e-01
 iter: 237:1        |ddm|: 3.763671e-03     Tr[DP]  2.660278e-01
 iter: 237:2        |ddm|: 7.918698e-04     Tr[DP]  2.660279e-01
 iter: 238:1        |ddm|: 3.067813e-03     Tr[DP]  2.660278e-01
 iter: 238:2        |ddm|: 6.959753e-04     Tr[DP]  2.660279e-01
 iter: 239:1        |ddm|: 3.019895e-03     Tr[DP]  2.660278e-01
 iter: 239:2        |ddm|: 6.750174e-04     Tr[DP]  2.660279e-01
 iter: 240:1        |ddm|: 3.353183e-03     Tr[DP]  2.660278e-01
 iter: 240:2        |ddm|: 7.272269e-04     Tr[DP]  2.660279e-01
 iter: 241:1        |ddm|: 2.934805e-03     Tr[DP]  2.660278e-01
 iter: 241:2        |ddm|: 6.657826e-04     Tr[DP]  2.660279e-01
 iter: 242:1        |ddm|: 2.958388e-03     Tr[DP]  2.660278e-01
 iter: 242:2        |ddm|: 6.641514e-04     Tr[DP]  2.660279e-01
 iter: 243:1        |ddm|: 2.093720e-03     Tr[DP]  2.660278e-01
 iter: 243:2        |ddm|: 5.340002e-04     Tr[DP]  2.660279e-01
 iter: 244:1        |ddm|: 3.154862e-03     Tr[DP]  2.660278e-01
 iter: 244:2        |ddm|: 6.925000e-04     Tr[DP]  2.660279e-01
 iter: 245:1        |ddm|: 3.678405e-03     Tr[DP]  2.660278e-01
 iter: 245:2        |ddm|: 7.964111e-04     Tr[DP]  2.660279e-01
 iter: 246:1        |ddm|: 6.762174e-03     Tr[DP]  2.660277e-01
 iter: 246:2        |ddm|: 1.286141e-03     Tr[DP]  2.660278e-01
 iter: 247:1        |ddm|: 4.382984e-03     Tr[DP]  2.660277e-01
 iter: 247:2        |ddm|: 9.368419e-04     Tr[DP]  2.660278e-01
 iter: 248:1        |ddm|: 3.106869e-03     Tr[DP]  2.660277e-01
 iter: 248:2        |ddm|: 6.613555e-04     Tr[DP]  2.660278e-01
 iter: 249:1        |ddm|: 3.296475e-03     Tr[DP]  2.660277e-01
 iter: 249:2        |ddm|: 6.636261e-04     Tr[DP]  2.660278e-01
 iter: 250:1        |ddm|: 3.797809e-03     Tr[DP]  2.660277e-01
 iter: 250:2        |ddm|: 7.446185e-04     Tr[DP]  2.660277e-01
 iter: 251:1        |ddm|: 1.580265e-03     Tr[DP]  2.660277e-01
 iter: 251:2        |ddm|: 3.612982e-04     Tr[DP]  2.660277e-01
 iter: 252:1        |ddm|: 1.825526e-03     Tr[DP]  2.660277e-01
 iter: 252:2        |ddm|: 3.955583e-04     Tr[DP]  2.660277e-01
 iter: 253:1        |ddm|: 2.057362e-03     Tr[DP]  2.660277e-01
 iter: 253:2        |ddm|: 4.500893e-04     Tr[DP]  2.660277e-01
 iter: 254:1        |ddm|: 2.479260e-03     Tr[DP]  2.660277e-01
 iter: 254:2        |ddm|: 5.284679e-04     Tr[DP]  2.660277e-01
 iter: 255:1        |ddm|: 2.598596e-03     Tr[DP]  2.660277e-01
 iter: 255:2        |ddm|: 5.566266e-04     Tr[DP]  2.660277e-01
 iter: 256:1        |ddm|: 2.972841e-03     Tr[DP]  2.660276e-01
 iter: 256:2        |ddm|: 6.151002e-04     Tr[DP]  2.660277e-01
 iter: 257:1        |ddm|: 5.561009e-03     Tr[DP]  2.660276e-01
 iter: 257:2        |ddm|: 1.024856e-03     Tr[DP]  2.660276e-01
 iter: 258:1        |ddm|: 2.750177e-03     Tr[DP]  2.660276e-01
 iter: 258:2        |ddm|: 2.746671e-04     Tr[DP]  2.660277e-01
 iter: 259:1        |ddm|: 3.044913e-03     Tr[DP]  2.660276e-01
 iter: 259:2        |ddm|: 5.111679e-04     Tr[DP]  2.660276e-01
 iter: 260:1        |ddm|: 8.462880e-04     Tr[DP]  2.660276e-01
 iter: 260:2        |ddm|: 2.250932e-04     Tr[DP]  2.660277e-01
 iter: 261:1        |ddm|: 2.995660e-03     Tr[DP]  2.660276e-01
 iter: 261:2        |ddm|: 5.736692e-04     Tr[DP]  2.660276e-01
 iter: 262:1        |ddm|: 2.091738e-03     Tr[DP]  2.660276e-01
 iter: 262:2        |ddm|: 4.890441e-04     Tr[DP]  2.660276e-01
 iter: 263:1        |ddm|: 2.862746e-03     Tr[DP]  2.660276e-01
 iter: 263:2        |ddm|: 5.923185e-04     Tr[DP]  2.660276e-01
 iter: 264:1        |ddm|: 2.713523e-03     Tr[DP]  2.660276e-01
 iter: 264:2        |ddm|: 5.748846e-04     Tr[DP]  2.660276e-01
 iter: 265:1        |ddm|: 1.521680e-03     Tr[DP]  2.660276e-01
 iter: 265:2        |ddm|: 3.704253e-04     Tr[DP]  2.660276e-01
 iter: 266:1        |ddm|: 1.932043e-03     Tr[DP]  2.660275e-01
 iter: 266:2        |ddm|: 4.205504e-04     Tr[DP]  2.660276e-01
 iter: 267:1        |ddm|: 2.421798e-03     Tr[DP]  2.660275e-01
 iter: 267:2        |ddm|: 5.074952e-04     Tr[DP]  2.660276e-01
 iter: 268:1        |ddm|: 2.707721e-03     Tr[DP]  2.660275e-01
 iter: 268:2        |ddm|: 5.608159e-04     Tr[DP]  2.660276e-01
 iter: 269:1        |ddm|: 2.548850e-03     Tr[DP]  2.660275e-01
 iter: 269:2        |ddm|: 5.354587e-04     Tr[DP]  2.660276e-01
 iter: 270:1        |ddm|: 1.272364e-03     Tr[DP]  2.660275e-01
 iter: 270:2        |ddm|: 3.122083e-04     Tr[DP]  2.660276e-01
 iter: 271:1        |ddm|: 1.639746e-03     Tr[DP]  2.660275e-01
 iter: 271:2        |ddm|: 3.599183e-04     Tr[DP]  2.660275e-01
 iter: 272:1        |ddm|: 1.362482e-03     Tr[DP]  2.660275e-01
 iter: 272:2        |ddm|: 3.300954e-04     Tr[DP]  2.660276e-01
 iter: 273:1        |ddm|: 2.067250e-03     Tr[DP]  2.660275e-01
 iter: 273:2        |ddm|: 4.407314e-04     Tr[DP]  2.660275e-01
 iter: 274:1        |ddm|: 2.664531e-03     Tr[DP]  2.660275e-01
 iter: 274:2        |ddm|: 5.486043e-04     Tr[DP]  2.660275e-01
 iter: 275:1        |ddm|: 2.271486e-03     Tr[DP]  2.660275e-01
 iter: 275:2        |ddm|: 4.933398e-04     Tr[DP]  2.660275e-01
 iter: 276:1        |ddm|: 2.318504e-03     Tr[DP]  2.660275e-01
 iter: 276:2        |ddm|: 4.880045e-04     Tr[DP]  2.660275e-01
 iter: 277:1        |ddm|: 1.893264e-03     Tr[DP]  2.660275e-01
 iter: 277:2        |ddm|: 4.138377e-04     Tr[DP]  2.660275e-01
 iter: 278:1        |ddm|: 2.161772e-03     Tr[DP]  2.660275e-01
 iter: 278:2        |ddm|: 4.465780e-04     Tr[DP]  2.660275e-01
 iter: 279:1        |ddm|: 1.012469e-03     Tr[DP]  2.660275e-01
 iter: 279:2        |ddm|: 2.566368e-04     Tr[DP]  2.660275e-01
 iter: 280:1        |ddm|: 1.137012e-03     Tr[DP]  2.660275e-01
 iter: 280:2        |ddm|: 2.731711e-04     Tr[DP]  2.660275e-01
 iter: 281:1        |ddm|: 2.278705e-03     Tr[DP]  2.660274e-01
 iter: 281:2        |ddm|: 4.591155e-04     Tr[DP]  2.660275e-01
 iter: 282:1        |ddm|: 2.234893e-03     Tr[DP]  2.660274e-01
 iter: 282:2        |ddm|: 4.747012e-04     Tr[DP]  2.660275e-01
 iter: 283:1        |ddm|: 1.942542e-03     Tr[DP]  2.660274e-01
 iter: 283:2        |ddm|: 4.229413e-04     Tr[DP]  2.660275e-01
 iter: 284:1        |ddm|: 1.565670e-03     Tr[DP]  2.660274e-01
 iter: 284:2        |ddm|: 3.525660e-04     Tr[DP]  2.660275e-01
 iter: 285:1        |ddm|: 1.211689e-03     Tr[DP]  2.660274e-01
 iter: 285:2        |ddm|: 2.898219e-04     Tr[DP]  2.660275e-01
 iter: 286:1        |ddm|: 2.104123e-03     Tr[DP]  2.660274e-01
 iter: 286:2        |ddm|: 4.275708e-04     Tr[DP]  2.660275e-01
 iter: 287:1        |ddm|: 2.045897e-03     Tr[DP]  2.660274e-01
 iter: 287:2        |ddm|: 4.351575e-04     Tr[DP]  2.660275e-01
 iter: 288:1        |ddm|: 1.957654e-03     Tr[DP]  2.660274e-01
 iter: 288:2        |ddm|: 4.161427e-04     Tr[DP]  2.660274e-01
 iter: 289:1        |ddm|: 1.737295e-03     Tr[DP]  2.660274e-01
 iter: 289:2        |ddm|: 3.741911e-04     Tr[DP]  2.660274e-01
 iter: 290:1        |ddm|: 2.209719e-03     Tr[DP]  2.660274e-01
 iter: 290:2        |ddm|: 4.429602e-04     Tr[DP]  2.660274e-01
 iter: 291:1        |ddm|: 1.093426e-03     Tr[DP]  2.660274e-01
 iter: 291:2        |ddm|: 2.597103e-04     Tr[DP]  2.660274e-01
 iter: 292:1        |ddm|: 8.853110e-04     Tr[DP]  2.660274e-01
 iter: 292:2        |ddm|: 2.151592e-04     Tr[DP]  2.660274e-01
 iter: 293:1        |ddm|: 1.333849e-03     Tr[DP]  2.660274e-01
 iter: 293:2        |ddm|: 2.897492e-04     Tr[DP]  2.660274e-01
 iter: 294:1        |ddm|: 1.585753e-03     Tr[DP]  2.660274e-01
 iter: 294:2        |ddm|: 3.421980e-04     Tr[DP]  2.660274e-01
 iter: 295:1        |ddm|: 1.531211e-03     Tr[DP]  2.660274e-01
 iter: 295:2        |ddm|: 3.392335e-04     Tr[DP]  2.660274e-01
 iter: 296:1        |ddm|: 2.444154e-03     Tr[DP]  2.660274e-01
 iter: 296:2        |ddm|: 4.816693e-04     Tr[DP]  2.660274e-01
 iter: 297:1        |ddm|: 1.647991e-03     Tr[DP]  2.660274e-01
 iter: 297:2        |ddm|: 3.629892e-04     Tr[DP]  2.660274e-01
 iter: 298:1        |ddm|: 2.120685e-03     Tr[DP]  2.660274e-01
 iter: 298:2        |ddm|: 4.196814e-04     Tr[DP]  2.660274e-01
 iter: 299:1        |ddm|: 8.099525e-04     Tr[DP]  2.660274e-01
 iter: 299:2        |ddm|: 1.925065e-04     Tr[DP]  2.660274e-01
 iter: 300:1        |ddm|: 8.100755e-04     Tr[DP]  2.660274e-01
 iter: 300:2        |ddm|: 1.880291e-04     Tr[DP]  2.660274e-01
                         Freeze-and-Thaw NOT converged!                         

=================== Subsystem 1 at higher mean-field method ====================
  subiter:   1      |ddm|: 1.575105e+01
  subiter:   2      |ddm|: 3.496831e+00
  subiter:   3      |ddm|: 1.271002e+00
  subiter:   4      |ddm|: 4.128175e-01
  subiter:   5      |ddm|: 4.355308e-02
  subiter:   6      |ddm|: 1.016427e-02
  subiter:   7      |ddm|: 4.308845e-03
  subiter:   8      |ddm|: 2.231990e-03
  subiter:   9      |ddm|: 3.056831e-04
  subiter:  10      |ddm|: 2.477111e-04
  subiter:  11      |ddm|: 7.844734e-05
  subiter:  12      |ddm|: 6.101712e-05
  subiter:  13      |ddm|: 1.183422e-05
  subiter:  14      |ddm|: 9.626207e-06
  subiter:  15      |ddm|: 3.443279e-06
  subiter:  16      |ddm|: 1.229330e-06
  subiter:  17      |ddm|: 3.630843e-07
  subiter:  18      |ddm|: 3.603026e-07
  subiter:  19      |ddm|: 3.380744e-07
  subiter:  20      |ddm|: 2.801347e-07
  subiter:  21      |ddm|: 4.537918e-08
  subiter:  22      |ddm|: 2.053199e-07
  subiter:  23      |ddm|: 1.052607e-07
  subiter:  24      |ddm|: 2.495362e-07
  subiter:  25      |ddm|: 5.584061e-08
  subiter:  26      |ddm|: 1.378107e-07
  subiter:  27      |ddm|: 1.566028e-07
  subiter:  28      |ddm|: 9.917158e-08
  subiter:  29      |ddm|: 1.696683e-07
  subiter:  30      |ddm|: 7.968168e-08
  subiter:  31      |ddm|: 1.275919e-07
  subiter:  32      |ddm|: 1.689322e-07
  subiter:  33      |ddm|: 2.007839e-07
  subiter:  34      |ddm|: 1.054328e-07
  subiter:  35      |ddm|: 1.850354e-07
  subiter:  36      |ddm|: 8.895167e-08
  subiter:  37      |ddm|: 1.372449e-07
  subiter:  38      |ddm|: 1.919457e-07
  subiter:  39      |ddm|: 9.353191e-08
  subiter:  40      |ddm|: 9.753440e-08
  subiter:  41      |ddm|: 1.691795e-07
  subiter:  42      |ddm|: 1.198931e-07
  subiter:  43      |ddm|: 1.018896e-07
  subiter:  44      |ddm|: 9.336730e-08
  subiter:  45      |ddm|: 3.867396e-08
  subiter:  46      |ddm|: 1.069837e-07
  subiter:  47      |ddm|: 1.033539e-07
  subiter:  48      |ddm|: 1.658373e-07
  subiter:  49      |ddm|: 2.093211e-07
  subiter:  50      |ddm|: 2.059953e-07
  subiter:  51      |ddm|: 1.195061e-07
  subiter:  52      |ddm|: 1.031078e-07
  subiter:  53      |ddm|: 7.612174e-08
  subiter:  54      |ddm|: 3.888606e-08
  subiter:  55      |ddm|: 1.058070e-07
  subiter:  56      |ddm|: 1.101072e-07
  subiter:  57      |ddm|: 1.728778e-07
  subiter:  58      |ddm|: 8.124180e-08
  subiter:  59      |ddm|: 1.840574e-07
  subiter:  60      |ddm|: 1.774835e-07
  subiter:  61      |ddm|: 1.614181e-07
  subiter:  62      |ddm|: 1.517550e-07
  subiter:  63      |ddm|: 1.290535e-07
  subiter:  64      |ddm|: 8.706142e-08
  subiter:  65      |ddm|: 1.447686e-07
  subiter:  66      |ddm|: 1.271663e-07
  subiter:  67      |ddm|: 1.981149e-07
  subiter:  68      |ddm|: 1.863073e-07
  subiter:  69      |ddm|: 1.400992e-07
  subiter:  70      |ddm|: 9.403202e-08
  subiter:  71      |ddm|: 6.432037e-08
  subiter:  72      |ddm|: 1.798377e-07
  subiter:  73      |ddm|: 1.196562e-07
  subiter:  74      |ddm|: 9.282436e-08
  subiter:  75      |ddm|: 1.455828e-07
  subiter:  76      |ddm|: 9.028167e-08
  subiter:  77      |ddm|: 1.192532e-07
  subiter:  78      |ddm|: 2.737472e-07
  subiter:  79      |ddm|: 9.839395e-08
  subiter:  80      |ddm|: 1.721137e-07
  subiter:  81      |ddm|: 8.780803e-08
  subiter:  82      |ddm|: 1.396398e-07
  subiter:  83      |ddm|: 1.007654e-07
  subiter:  84      |ddm|: 9.562086e-08
  subiter:  85      |ddm|: 1.872077e-07
  subiter:  86      |ddm|: 1.200105e-07
  subiter:  87      |ddm|: 8.490913e-08
  subiter:  88      |ddm|: 9.072783e-08
  subiter:  89      |ddm|: 5.426018e-08
  subiter:  90      |ddm|: 2.294460e-08
  subiter:  91      |ddm|: 1.101585e-07
  subiter:  92      |ddm|: 1.140467e-07
  subiter:  93      |ddm|: 9.960456e-08
  subiter:  94      |ddm|: 1.105427e-07
  subiter:  95      |ddm|: 6.234297e-08
  subiter:  96      |ddm|: 1.273364e-07
  subiter:  97      |ddm|: 1.350006e-07
  subiter:  98      |ddm|: 1.833536e-07
  subiter:  99      |ddm|: 1.211229e-07
  subiter: 100      |ddm|: 1.347342e-07


******** <class 'pyscf.scf.hf.RHF'> flags ********
method = RHF
initial guess = minao
damping factor = 0
level shift factor = 0
DIIS = <class 'pyscf.scf.diis.CDIIS'>
DIIS start cycle = 1
DIIS space = 8
SCF tol = 1e-09
SCF gradient tol = None
max. SCF cycles = 100
direct_scf = True
direct_scf_tol = 1e-13
chkfile to save SCF result = /panfs/roc/scratch/graha682/D45/201712_augccpVDZ_NEVPT2_m06_45_8c12h24/tmpVbqZph
max_memory 4000 MB (current use 262 MB)
Set gradient conv threshold to 3.16228e-05
init E= -309.88955756735
  HOMO = -0.302219483662196  LUMO = 0.0415112513864681
cycle= 1 E= -309.889557567354  delta_E= -3.52e-12  |g|= 7.6e-10  |ddm|= 3.34e-07
  HOMO = -0.30221948366221  LUMO = 0.0415112513853556
Extra cycle  E= -309.889557567342  delta_E= 1.18e-11  |g|= 1.37e-09  |ddm|= 8.62e-07
converged SCF energy = -309.889557567342


******** <class 'pyscf.dft.rks.RKS'> flags ********
method = RKS
initial guess = atom
damping factor = 0
level shift factor = 0.0
DIIS = <class 'pyscf.scf.diis.CDIIS'>
DIIS start cycle = 1
DIIS space = 8
SCF tol = 1e-08
SCF gradient tol = 1e-08
max. SCF cycles = 1
direct_scf = True
direct_scf_tol = 1e-13
chkfile to save SCF result = /panfs/roc/scratch/graha682/D45/201712_augccpVDZ_NEVPT2_m06_45_8c12h24/tmpBJLQjU
max_memory 4000 MB (current use 263 MB)
XC functionals = m06
small_rho_cutoff = 1e-20
radial grids: Treutler-Ahlrichs (JCP 102, 346 (M4)) radial grids
becke partition: Becke, JCP, 88, 2547 (1988)
pruning grids: <function nwchem_prune at 0x15ae5f0>
grids dens level: 4
symmetrized grids: False
atomic radii adjust function: <function treutler_atomic_radii_adjust at 0x15ae488>
init E= -311.983159753229
  HOMO = -0.223022979882864  LUMO = -0.0381157440648584
cycle= 1 E= -311.983159753285  delta_E= -5.62e-11  |g|= 3.03e-05  |ddm|= 0.000553
  HOMO = -0.22302284331748  LUMO = -0.0381154817776454
Extra cycle  E= -311.983159752999  delta_E= 2.86e-10  |g|= 4.92e-05  |ddm|= 0.00142
SCF not converged.
SCF energy = -311.983159752999 after 1 cycles
 iter: 301:1        |ddm|: 1.714488e+01     Tr[DP]  3.496937e-01

******** <class 'pyscf.mcscf.mc1step.CASSCF'> flags ********
CAS (1e+1e, 2o), ncore = 30, nvir = 278
max_cycle_macro = 50
max_cycle_micro = 4
conv_tol = 1e-07
conv_tol_grad = None
orbital rotation max_stepsize = 0.02
augmented hessian ah_max_cycle = 30
augmented hessian ah_conv_tol = 1e-12
augmented hessian ah_linear dependence = 1e-14
augmented hessian ah_level shift = 0
augmented hessian ah_start_tol = 2.5
augmented hessian ah_start_cycle = 3
augmented hessian ah_grad_trust_region = 3
kf_trust_region = 3
kf_interval = 4
ci_response_space = 4
ci_grad_trust_region = 3
with_dep4 0
natorb = False
canonicalization = True
sorting_mo_energy = False
chkfile = /panfs/roc/scratch/graha682/D45/201712_augccpVDZ_NEVPT2_m06_45_8c12h24/tmpVbqZph
max_memory 4000 MB (current use 263 MB)
internal_rotation = False
******** <class 'pyscf.fci.direct_spin1.FCISolver'> flags ********
max. cycles = 50
conv_tol = 1e-08
davidson only = False
linear dependence = 1e-10
level shift = 0.001
max iter space = 12
max_memory 4000 MB
nroots = 1
pspace_size = 400
spin = None
CASCI E = -309.88955776517  S^2 = 0.0000000
Set conv_tol_grad to 0.000316228
macro iter 1 (1 JK  1 micro), CASSCF E = -309.889557765164  dE = 5.4569682e-12  S^2 = 0.0000000
               |grad[o]|=3.51e-06  |grad[c]|= 2.7051907397e-13  |ddm|=    0
1-step CASSCF converged in 1 macro (1 JK 1 micro) steps
CASSCF canonicalization
CASSCF energy = -309.889557765164
Hartree-Fock Energy:  -309.88955756734191
CAS Correlation:       -0.00000019782254
CAS Energy:          -309.88955776516445
Sr    (-1)',   E = -0.00000978012713
Si    (+1)',   E = -0.00000021832031
Sijrs (0)  ,   E = -1.08096233805422
Sijr  (+1) ,   E = -0.00209869417324
Srsi  (-1) ,   E = -0.11941482148511
Srs   (-2) ,   E = -0.01387768770732
Sij   (+2) ,   E = -0.00000500594989
Sir   (0)' ,   E = -0.00031250850586
Nevpt2 Energy = -1.216681054323084
NEVPT2 =   -1.216681054323084
Total NEVPT2 = -311.106238819487544

============================== Supermolecular DFT ==============================
  subiter:   1      |ddm|: 1.596013e+02
  subiter:   2      |ddm|: 2.079967e+00
  subiter:   3      |ddm|: 7.017189e-01
  subiter:   4      |ddm|: 1.355365e-01
  subiter:   5      |ddm|: 6.989866e-02
  subiter:   6      |ddm|: 1.450289e-02
  subiter:   7      |ddm|: 4.225445e-03
  subiter:   8      |ddm|: 1.995724e-03
  subiter:   9      |ddm|: 4.215539e-04
  subiter:  10      |ddm|: 1.993057e-04
  subiter:  11      |ddm|: 5.159079e-05
  subiter:  12      |ddm|: 1.733002e-05
  subiter:  13      |ddm|: 1.235563e-05
  subiter:  14      |ddm|: 1.641797e-06
  subiter:  15      |ddm|: 2.200323e-06
  subiter:  16      |ddm|: 5.475162e-07
  subiter:  17      |ddm|: 1.044334e-07
  subiter:  18      |ddm|: 5.312099e-08
  subiter:  19      |ddm|: 4.535671e-08
  subiter:  20      |ddm|: 3.321015e-08
  subiter:  21      |ddm|: 3.099649e-08
  subiter:  22      |ddm|: 2.516774e-08
  subiter:  23      |ddm|: 2.527500e-08
  subiter:  24      |ddm|: 3.314717e-08
  subiter:  25      |ddm|: 2.873579e-08
  subiter:  26      |ddm|: 3.031460e-08
  subiter:  27      |ddm|: 2.066732e-08
  subiter:  28      |ddm|: 3.199806e-08
  subiter:  29      |ddm|: 3.296624e-08
  subiter:  30      |ddm|: 2.574826e-08
  subiter:  31      |ddm|: 3.335157e-08
  subiter:  32      |ddm|: 2.951801e-08
  subiter:  33      |ddm|: 3.078607e-08
  subiter:  34      |ddm|: 4.018595e-08
  subiter:  35      |ddm|: 2.856627e-08
  subiter:  36      |ddm|: 2.999636e-08
  subiter:  37      |ddm|: 3.336301e-08
  subiter:  38      |ddm|: 2.752480e-08
  subiter:  39      |ddm|: 3.136711e-08
  subiter:  40      |ddm|: 2.572040e-08
  subiter:  41      |ddm|: 2.493828e-08
  subiter:  42      |ddm|: 3.226418e-08
  subiter:  43      |ddm|: 3.027791e-08
  subiter:  44      |ddm|: 3.433968e-08
  subiter:  45      |ddm|: 3.013916e-08
  subiter:  46      |ddm|: 2.951638e-08
  subiter:  47      |ddm|: 3.229774e-08
  subiter:  48      |ddm|: 2.256735e-08
  subiter:  49      |ddm|: 5.998879e-08
  subiter:  50      |ddm|: 2.107116e-08
  subiter:  51      |ddm|: 3.817903e-08
  subiter:  52      |ddm|: 3.434861e-08
  subiter:  53      |ddm|: 2.886654e-08
  subiter:  54      |ddm|: 2.753017e-08
  subiter:  55      |ddm|: 6.201300e-08
  subiter:  56      |ddm|: 4.024901e-08
  subiter:  57      |ddm|: 3.123202e-08
  subiter:  58      |ddm|: 4.224372e-08
  subiter:  59      |ddm|: 2.651663e-08
  subiter:  60      |ddm|: 2.604074e-08
  subiter:  61      |ddm|: 3.842425e-08
  subiter:  62      |ddm|: 4.488846e-08
  subiter:  63      |ddm|: 3.419779e-08
  subiter:  64      |ddm|: 2.890811e-08
  subiter:  65      |ddm|: 3.974762e-08
  subiter:  66      |ddm|: 2.612130e-08
  subiter:  67      |ddm|: 3.122774e-08
  subiter:  68      |ddm|: 2.226783e-08
  subiter:  69      |ddm|: 2.173247e-08
  subiter:  70      |ddm|: 3.537333e-08
  subiter:  71      |ddm|: 3.981735e-08
  subiter:  72      |ddm|: 2.101235e-08
  subiter:  73      |ddm|: 2.757345e-08
  subiter:  74      |ddm|: 5.467313e-08
  subiter:  75      |ddm|: 3.174193e-08
  subiter:  76      |ddm|: 2.283553e-08
  subiter:  77      |ddm|: 3.788306e-08
  subiter:  78      |ddm|: 2.389026e-08
  subiter:  79      |ddm|: 3.359424e-08
  subiter:  80      |ddm|: 3.122476e-08
  subiter:  81      |ddm|: 5.890211e-08
  subiter:  82      |ddm|: 2.489923e-08
  subiter:  83      |ddm|: 2.763415e-08
  subiter:  84      |ddm|: 4.278808e-08
  subiter:  85      |ddm|: 3.126094e-08
  subiter:  86      |ddm|: 2.767707e-08
  subiter:  87      |ddm|: 4.496161e-08
  subiter:  88      |ddm|: 2.576292e-08
  subiter:  89      |ddm|: 3.076835e-08
  subiter:  90      |ddm|: 3.702413e-08
  subiter:  91      |ddm|: 2.750403e-08
  subiter:  92      |ddm|: 2.572654e-08
  subiter:  93      |ddm|: 2.275421e-08
  subiter:  94      |ddm|: 2.938259e-08
  subiter:  95      |ddm|: 3.297243e-08
  subiter:  96      |ddm|: 3.787925e-08
  subiter:  97      |ddm|: 3.338160e-08
  subiter:  98      |ddm|: 2.734315e-08
  subiter:  99      |ddm|: 3.299034e-08
  subiter: 100      |ddm|: 2.328279e-08


******** <class 'pyscf.dft.rks.RKS'> flags ********
method = RKS
initial guess = atom
damping factor = 0
level shift factor = 0.0
DIIS = <class 'pyscf.scf.diis.CDIIS'>
DIIS start cycle = 1
DIIS space = 8
SCF tol = 1e-08
SCF gradient tol = 1e-08
max. SCF cycles = 100
direct_scf = True
direct_scf_tol = 1e-13
chkfile to save SCF result = /panfs/roc/scratch/graha682/D45/201712_augccpVDZ_NEVPT2_m06_45_8c12h24/tmp9wTXl8
max_memory 4000 MB (current use 326 MB)
XC functionals = m06
small_rho_cutoff = 1e-20
radial grids: Treutler-Ahlrichs (JCP 102, 346 (M4)) radial grids
becke partition: Becke, JCP, 88, 2547 (1988)
pruning grids: <function nwchem_prune at 0x15ae5f0>
grids dens level: 4
symmetrized grids: False
atomic radii adjust function: <function treutler_atomic_radii_adjust at 0x15ae488>
init E= -471.318384425278
  HOMO = -0.22249930412573  LUMO = -0.0376730629564259
cycle= 1 E= -471.318384425283  delta_E= -4.77e-12  |g|= 1.57e-09  |ddm|= 1.34e-07
  HOMO = -0.222499304125871  LUMO = -0.0376730629529854
Extra cycle  E= -471.318384425294  delta_E= -1.05e-11  |g|= 4.39e-09  |ddm|= 1.01e-06
converged SCF energy = -471.318384425294
Supermolecular DFT   -471.31838442527692

============================== Embedding Energies ==============================
Subsystem DFT              -311.98315975299187
Interaction                -158.99508364684067
DFT-in-DFT                 -470.97824339983254
Supermolecular DFT         -471.31838442527692
Difference                   -0.34014102544438
Corrected DFT-in-DFT       -471.31838442527692
WF-in-DFT                  -470.10132246632821
Corrected WF-in-DFT        -470.44146349177259
================================================================================
TIMING STATISTICS:
     overlap integrals      0.07s   ( 0.00%)
    initial subsystems      0.12s   ( 0.00%)
           2e matrices  25041.71s   (71.63%)
      tot. embed. of 1  26091.20s   (74.63%)
      tot. embed. of 2      2.68s   ( 0.01%)
       freeze and thaw  26093.91s   (74.64%)
                   cas     66.17s   ( 0.19%)
                nevpt2     56.41s   ( 0.16%)
  interaction energies   8739.99s   (25.00%)
                 TOTAL  34958.40s
================================================================================

********************************************************************************
*                              END OF CALCULATION                              *
********************************************************************************
