********************************************************************************
*                         FREEZE-AND-THAW CALCULATION                          *
********************************************************************************

================================== Input File ==================================
subsystem
C          0.54080        0.92354       -0.34680
H          0.63842        1.78008       -1.03362
C         -0.51488        0.88298        0.47000
H         -0.34937        0.61437        1.52611
C          5.49894        0.07310        0.18158
H          5.46762        0.51679        1.19507
H          5.70699        0.91936       -0.50089
C          4.13483       -0.50720       -0.14850
H          3.92056       -1.35428        0.53380
H          4.15942       -0.95126       -1.16407
C          3.00623        0.50369       -0.06712
H          3.21643        1.34804       -0.75346
H          2.97636        0.95063        0.94559
C          1.63950       -0.08559       -0.39374
H          1.41433       -0.91493        0.30324
H          1.68660       -0.54186       -1.40306
C         -1.92991        1.13988        0.07075
H         -1.96865        1.43969       -0.99363
H         -2.33059        2.00066        0.64317
C         -2.84252       -0.05849        0.30083
H         -2.78232       -0.36822        1.36319
H         -2.46059       -0.92211       -0.27755
C         -4.29052        0.20558       -0.06770
H         -4.66698        1.07106        0.51401
H         -4.34891        0.52127       -1.12879
C         -5.20405       -0.98721        0.15417
H         -4.82209       -1.84832       -0.42686
H         -5.14049       -1.29949        1.21419
end

subsystem
C          6.61604       -0.94821        0.09673
H          6.68551       -1.38028       -0.91616
H          6.44452       -1.78579        0.79419
H          7.59820       -0.51284        0.33835
C         -6.64682       -0.70879       -0.21878
H         -7.29644       -1.58221       -0.05237
H         -7.05769        0.12700        0.37289
H         -6.73674       -0.42700       -1.28176
end

embed
 huzinaga
 cycles 300
 conv 1e-8
 method m06
end

basis cc-pVDZ
method cas[2,2]/nevpt2
grid 4
conv 1e-8
grad 1e-8
maxiter 100
================================== End Input ===================================
tot grids = 725328

                      Getting subsystem overlap integrals                       

                          Initial subsystem densities                           
Guessing initial subsystem densities
Initial guess from superpostion of atomic densties.
Guessing initial subsystem densities
Initial guess from superpostion of atomic densties.

=========================== Starting Freeze-and-Thaw ===========================
 iter:   1:1        |ddm|: 5.693784e+00     Tr[DP]  6.825506e-01
 iter:   1:2        |ddm|: 2.747272e+00     Tr[DP]  4.090303e-01
 iter:   2:1        |ddm|: 2.986080e+01     Tr[DP]  7.450717e-01
 iter:   2:2        |ddm|: 2.331019e+00     Tr[DP]  7.714195e-01
 iter:   3:1        |ddm|: 3.023117e+01     Tr[DP]  5.153052e-01
 iter:   3:2        |ddm|: 2.464586e+00     Tr[DP]  5.154068e-01
 iter:   4:1        |ddm|: 3.308765e+00     Tr[DP]  5.644622e-01
 iter:   4:2        |ddm|: 8.776719e-01     Tr[DP]  5.034145e-01
 iter:   5:1        |ddm|: 2.730637e+00     Tr[DP]  5.805704e-01
 iter:   5:2        |ddm|: 3.645677e-01     Tr[DP]  5.227332e-01
 iter:   6:1        |ddm|: 1.063916e+00     Tr[DP]  5.814255e-01
 iter:   6:2        |ddm|: 2.344526e-01     Tr[DP]  5.355638e-01
 iter:   7:1        |ddm|: 6.467803e-01     Tr[DP]  5.751070e-01
 iter:   7:2        |ddm|: 1.213275e-01     Tr[DP]  5.432382e-01
 iter:   8:1        |ddm|: 4.311091e-01     Tr[DP]  5.639436e-01
 iter:   8:2        |ddm|: 9.499605e-02     Tr[DP]  5.472509e-01
 iter:   9:1        |ddm|: 2.537704e-01     Tr[DP]  5.589001e-01
 iter:   9:2        |ddm|: 6.799364e-02     Tr[DP]  5.487071e-01
 iter:  10:1        |ddm|: 1.360080e-01     Tr[DP]  5.564041e-01
 iter:  10:2        |ddm|: 3.253066e-02     Tr[DP]  5.488284e-01
 iter:  11:1        |ddm|: 8.175950e-02     Tr[DP]  5.534847e-01
 iter:  11:2        |ddm|: 2.105076e-02     Tr[DP]  5.488742e-01
 iter:  12:1        |ddm|: 4.533628e-02     Tr[DP]  5.518504e-01
 iter:  12:2        |ddm|: 1.365729e-02     Tr[DP]  5.494309e-01
 iter:  13:1        |ddm|: 2.723593e-02     Tr[DP]  5.512360e-01
 iter:  13:2        |ddm|: 1.143855e-02     Tr[DP]  5.494708e-01
 iter:  14:1        |ddm|: 1.982655e-02     Tr[DP]  5.505942e-01
 iter:  14:2        |ddm|: 1.106884e-02     Tr[DP]  5.496184e-01
 iter:  15:1        |ddm|: 1.656646e-02     Tr[DP]  5.501793e-01
 iter:  15:2        |ddm|: 1.110094e-02     Tr[DP]  5.497034e-01
 iter:  16:1        |ddm|: 1.544867e-02     Tr[DP]  5.499728e-01
 iter:  16:2        |ddm|: 1.102596e-02     Tr[DP]  5.496857e-01
 iter:  17:1        |ddm|: 1.500831e-02     Tr[DP]  5.498269e-01
 iter:  17:2        |ddm|: 1.096848e-02     Tr[DP]  5.496550e-01
 iter:  18:1        |ddm|: 1.481064e-02     Tr[DP]  5.497019e-01
 iter:  18:2        |ddm|: 1.091348e-02     Tr[DP]  5.496269e-01
 iter:  19:1        |ddm|: 1.480202e-02     Tr[DP]  5.496249e-01
 iter:  19:2        |ddm|: 1.093604e-02     Tr[DP]  5.495817e-01
 iter:  20:1        |ddm|: 1.503394e-02     Tr[DP]  5.494756e-01
 iter:  20:2        |ddm|: 1.092495e-02     Tr[DP]  5.495448e-01
 iter:  21:1        |ddm|: 1.491183e-02     Tr[DP]  5.494649e-01
 iter:  21:2        |ddm|: 1.098831e-02     Tr[DP]  5.494932e-01
 iter:  22:1        |ddm|: 1.510251e-02     Tr[DP]  5.493816e-01
 iter:  22:2        |ddm|: 1.093704e-02     Tr[DP]  5.493938e-01
 iter:  23:1        |ddm|: 1.456782e-02     Tr[DP]  5.493356e-01
 iter:  23:2        |ddm|: 1.083070e-02     Tr[DP]  5.493384e-01
 iter:  24:1        |ddm|: 1.468185e-02     Tr[DP]  5.492794e-01
 iter:  24:2        |ddm|: 1.083451e-02     Tr[DP]  5.492812e-01
 iter:  25:1        |ddm|: 1.491855e-02     Tr[DP]  5.491695e-01
 iter:  25:2        |ddm|: 1.075618e-02     Tr[DP]  5.491873e-01
 iter:  26:1        |ddm|: 1.452682e-02     Tr[DP]  5.491193e-01
 iter:  26:2        |ddm|: 1.062773e-02     Tr[DP]  5.491204e-01
 iter:  27:1        |ddm|: 1.409956e-02     Tr[DP]  5.490773e-01
 iter:  27:2        |ddm|: 1.066126e-02     Tr[DP]  5.490806e-01
 iter:  28:1        |ddm|: 1.433790e-02     Tr[DP]  5.490395e-01
 iter:  28:2        |ddm|: 1.079887e-02     Tr[DP]  5.490453e-01
 iter:  29:1        |ddm|: 2.345851e-02     Tr[DP]  5.487477e-01
 iter:  29:2        |ddm|: 1.444417e-02     Tr[DP]  5.487619e-01
 iter:  30:1        |ddm|: 1.586519e-02     Tr[DP]  5.486159e-01
 iter:  30:2        |ddm|: 1.030740e-02     Tr[DP]  5.486151e-01
 iter:  31:1        |ddm|: 1.406330e-02     Tr[DP]  5.485061e-01
 iter:  31:2        |ddm|: 9.391578e-03     Tr[DP]  5.485042e-01
 iter:  32:1        |ddm|: 1.172129e-02     Tr[DP]  5.484486e-01
 iter:  32:2        |ddm|: 7.953150e-03     Tr[DP]  5.484468e-01
 iter:  33:1        |ddm|: 2.559077e-02     Tr[DP]  5.481869e-01
 iter:  33:2        |ddm|: 1.628082e-02     Tr[DP]  5.481748e-01
 iter:  34:1        |ddm|: 1.241609e-02     Tr[DP]  5.480816e-01
 iter:  34:2        |ddm|: 7.521322e-03     Tr[DP]  5.480868e-01
 iter:  35:1        |ddm|: 7.750823e-03     Tr[DP]  5.481088e-01
 iter:  35:2        |ddm|: 5.054813e-03     Tr[DP]  5.481258e-01
 iter:  36:1        |ddm|: 7.451624e-03     Tr[DP]  5.481091e-01
 iter:  36:2        |ddm|: 5.345780e-03     Tr[DP]  5.481174e-01
 iter:  37:1        |ddm|: 8.608385e-03     Tr[DP]  5.481644e-01
 iter:  37:2        |ddm|: 7.215917e-03     Tr[DP]  5.481690e-01
 iter:  38:1        |ddm|: 9.154119e-03     Tr[DP]  5.481398e-01
 iter:  38:2        |ddm|: 6.331246e-03     Tr[DP]  5.481465e-01
 iter:  39:1        |ddm|: 8.888568e-03     Tr[DP]  5.481132e-01
 iter:  39:2        |ddm|: 6.153927e-03     Tr[DP]  5.481071e-01
 iter:  40:1        |ddm|: 8.492591e-03     Tr[DP]  5.480785e-01
 iter:  40:2        |ddm|: 5.892513e-03     Tr[DP]  5.480716e-01
 iter:  41:1        |ddm|: 7.903354e-03     Tr[DP]  5.480482e-01
 iter:  41:2        |ddm|: 5.579031e-03     Tr[DP]  5.480455e-01
 iter:  42:1        |ddm|: 1.990246e-02     Tr[DP]  5.478919e-01
 iter:  42:2        |ddm|: 1.258049e-02     Tr[DP]  5.478814e-01
 iter:  43:1        |ddm|: 7.089230e-03     Tr[DP]  5.478823e-01
 iter:  43:2        |ddm|: 3.651721e-03     Tr[DP]  5.478870e-01
 iter:  44:1        |ddm|: 5.637292e-03     Tr[DP]  5.478724e-01
 iter:  44:2        |ddm|: 3.728879e-03     Tr[DP]  5.478726e-01
 iter:  45:1        |ddm|: 5.986932e-03     Tr[DP]  5.479066e-01
 iter:  45:2        |ddm|: 4.881790e-03     Tr[DP]  5.479056e-01
 iter:  46:1        |ddm|: 6.023435e-03     Tr[DP]  5.479149e-01
 iter:  46:2        |ddm|: 4.695201e-03     Tr[DP]  5.479130e-01
 iter:  47:1        |ddm|: 7.150640e-03     Tr[DP]  5.478896e-01
 iter:  47:2        |ddm|: 4.636388e-03     Tr[DP]  5.478867e-01
 iter:  48:1        |ddm|: 5.433924e-03     Tr[DP]  5.478927e-01
 iter:  48:2        |ddm|: 4.350741e-03     Tr[DP]  5.478909e-01
 iter:  49:1        |ddm|: 1.129740e-02     Tr[DP]  5.478303e-01
 iter:  49:2        |ddm|: 6.931300e-03     Tr[DP]  5.478188e-01
 iter:  50:1        |ddm|: 4.959469e-03     Tr[DP]  5.478146e-01
 iter:  50:2        |ddm|: 3.329933e-03     Tr[DP]  5.478169e-01
 iter:  51:1        |ddm|: 5.981628e-03     Tr[DP]  5.477931e-01
 iter:  51:2        |ddm|: 3.843989e-03     Tr[DP]  5.477939e-01
 iter:  52:1        |ddm|: 4.462143e-03     Tr[DP]  5.477835e-01
 iter:  52:2        |ddm|: 3.108263e-03     Tr[DP]  5.477832e-01
 iter:  53:1        |ddm|: 4.082785e-03     Tr[DP]  5.477815e-01
 iter:  53:2        |ddm|: 3.068398e-03     Tr[DP]  5.477860e-01
 iter:  54:1        |ddm|: 5.959218e-03     Tr[DP]  5.478137e-01
 iter:  54:2        |ddm|: 4.944378e-03     Tr[DP]  5.478140e-01
 iter:  55:1        |ddm|: 5.718814e-03     Tr[DP]  5.478086e-01
 iter:  55:2        |ddm|: 3.832215e-03     Tr[DP]  5.478053e-01
 iter:  56:1        |ddm|: 7.899320e-03     Tr[DP]  5.477772e-01
 iter:  56:2        |ddm|: 4.863271e-03     Tr[DP]  5.477635e-01
 iter:  57:1        |ddm|: 4.042749e-03     Tr[DP]  5.477682e-01
 iter:  57:2        |ddm|: 2.991249e-03     Tr[DP]  5.477696e-01
 iter:  58:1        |ddm|: 6.146809e-03     Tr[DP]  5.477465e-01
 iter:  58:2        |ddm|: 3.842015e-03     Tr[DP]  5.477454e-01
 iter:  59:1        |ddm|: 3.825358e-03     Tr[DP]  5.477420e-01
 iter:  59:2        |ddm|: 2.689566e-03     Tr[DP]  5.477397e-01
 iter:  60:1        |ddm|: 3.645758e-03     Tr[DP]  5.477393e-01
 iter:  60:2        |ddm|: 2.674315e-03     Tr[DP]  5.477377e-01
 iter:  61:1        |ddm|: 5.192874e-03     Tr[DP]  5.477595e-01
 iter:  61:2        |ddm|: 4.256021e-03     Tr[DP]  5.477593e-01
 iter:  62:1        |ddm|: 5.585366e-03     Tr[DP]  5.477475e-01
 iter:  62:2        |ddm|: 3.415016e-03     Tr[DP]  5.477434e-01
 iter:  63:1        |ddm|: 4.499638e-03     Tr[DP]  5.477357e-01
 iter:  63:2        |ddm|: 3.081256e-03     Tr[DP]  5.477336e-01
 iter:  64:1        |ddm|: 3.732675e-03     Tr[DP]  5.477325e-01
 iter:  64:2        |ddm|: 2.800555e-03     Tr[DP]  5.477310e-01
 iter:  65:1        |ddm|: 3.764535e-03     Tr[DP]  5.477313e-01
 iter:  65:2        |ddm|: 2.866037e-03     Tr[DP]  5.477296e-01
 iter:  66:1        |ddm|: 4.836569e-03     Tr[DP]  5.477197e-01
 iter:  66:2        |ddm|: 3.105491e-03     Tr[DP]  5.477177e-01
 iter:  67:1        |ddm|: 3.510158e-03     Tr[DP]  5.477162e-01
 iter:  67:2        |ddm|: 2.614065e-03     Tr[DP]  5.477144e-01
 iter:  68:1        |ddm|: 4.460827e-03     Tr[DP]  5.477063e-01
 iter:  68:2        |ddm|: 2.894096e-03     Tr[DP]  5.477038e-01
 iter:  69:1        |ddm|: 3.248411e-03     Tr[DP]  5.477037e-01
 iter:  69:2        |ddm|: 2.415519e-03     Tr[DP]  5.477020e-01
 iter:  70:1        |ddm|: 3.796415e-03     Tr[DP]  5.476972e-01
 iter:  70:2        |ddm|: 2.542569e-03     Tr[DP]  5.476954e-01
 iter:  71:1        |ddm|: 4.645817e-02     Tr[DP]  5.475341e-01
 iter:  71:2        |ddm|: 3.120898e-02     Tr[DP]  5.475297e-01
 iter:  72:1        |ddm|: 4.838640e-02     Tr[DP]  5.476847e-01
 iter:  72:2        |ddm|: 2.753601e-02     Tr[DP]  5.476955e-01
 iter:  73:1        |ddm|: 1.192510e-02     Tr[DP]  5.476934e-01
 iter:  73:2        |ddm|: 3.951322e-03     Tr[DP]  5.476906e-01
 iter:  74:1        |ddm|: 4.520140e-03     Tr[DP]  5.476946e-01
 iter:  74:2        |ddm|: 3.197507e-03     Tr[DP]  5.476908e-01
 iter:  75:1        |ddm|: 7.298424e-03     Tr[DP]  5.476739e-01
 iter:  75:2        |ddm|: 4.237135e-03     Tr[DP]  5.476702e-01
 iter:  76:1        |ddm|: 2.502192e-03     Tr[DP]  5.476703e-01
 iter:  76:2        |ddm|: 1.728413e-03     Tr[DP]  5.476684e-01
 iter:  77:1        |ddm|: 2.533384e-03     Tr[DP]  5.476674e-01
 iter:  77:2        |ddm|: 1.751874e-03     Tr[DP]  5.476659e-01
 iter:  78:1        |ddm|: 2.803775e-03     Tr[DP]  5.476628e-01
 iter:  78:2        |ddm|: 1.836832e-03     Tr[DP]  5.476616e-01
 iter:  79:1        |ddm|: 2.302135e-03     Tr[DP]  5.476605e-01
 iter:  79:2        |ddm|: 1.595081e-03     Tr[DP]  5.476592e-01
 iter:  80:1        |ddm|: 2.347004e-03     Tr[DP]  5.476636e-01
 iter:  80:2        |ddm|: 1.932992e-03     Tr[DP]  5.476624e-01
 iter:  81:1        |ddm|: 2.666412e-03     Tr[DP]  5.476616e-01
 iter:  81:2        |ddm|: 1.760387e-03     Tr[DP]  5.476602e-01
 iter:  82:1        |ddm|: 3.367292e-03     Tr[DP]  5.476554e-01
 iter:  82:2        |ddm|: 2.115146e-03     Tr[DP]  5.476543e-01
 iter:  83:1        |ddm|: 2.483490e-03     Tr[DP]  5.476515e-01
 iter:  83:2        |ddm|: 1.634941e-03     Tr[DP]  5.476505e-01
 iter:  84:1        |ddm|: 3.047249e-03     Tr[DP]  5.476460e-01
 iter:  84:2        |ddm|: 1.949313e-03     Tr[DP]  5.476450e-01
 iter:  85:1        |ddm|: 1.897614e-03     Tr[DP]  5.476483e-01
 iter:  85:2        |ddm|: 1.351021e-03     Tr[DP]  5.476478e-01
 iter:  86:1        |ddm|: 2.446501e-03     Tr[DP]  5.476527e-01
 iter:  86:2        |ddm|: 2.041037e-03     Tr[DP]  5.476521e-01
 iter:  87:1        |ddm|: 2.404748e-03     Tr[DP]  5.476514e-01
 iter:  87:2        |ddm|: 1.547633e-03     Tr[DP]  5.476502e-01
 iter:  88:1        |ddm|: 2.275719e-03     Tr[DP]  5.476490e-01
 iter:  88:2        |ddm|: 1.511199e-03     Tr[DP]  5.476477e-01
 iter:  89:1        |ddm|: 1.983640e-03     Tr[DP]  5.476471e-01
 iter:  89:2        |ddm|: 1.365306e-03     Tr[DP]  5.476460e-01
 iter:  90:1        |ddm|: 2.227735e-03     Tr[DP]  5.476443e-01
 iter:  90:2        |ddm|: 1.447022e-03     Tr[DP]  5.476433e-01
 iter:  91:1        |ddm|: 1.814385e-03     Tr[DP]  5.476426e-01
 iter:  91:2        |ddm|: 1.215375e-03     Tr[DP]  5.476418e-01
 iter:  92:1        |ddm|: 1.525357e-03     Tr[DP]  5.476418e-01
 iter:  92:2        |ddm|: 1.074614e-03     Tr[DP]  5.476410e-01
 iter:  93:1        |ddm|: 1.444158e-03     Tr[DP]  5.476425e-01
 iter:  93:2        |ddm|: 1.165381e-03     Tr[DP]  5.476416e-01
 iter:  94:1        |ddm|: 1.608470e-03     Tr[DP]  5.476420e-01
 iter:  94:2        |ddm|: 1.157462e-03     Tr[DP]  5.476411e-01
 iter:  95:1        |ddm|: 1.758350e-03     Tr[DP]  5.476407e-01
 iter:  95:2        |ddm|: 1.175314e-03     Tr[DP]  5.476398e-01
 iter:  96:1        |ddm|: 1.915856e-03     Tr[DP]  5.476388e-01
 iter:  96:2        |ddm|: 1.237071e-03     Tr[DP]  5.476379e-01
 iter:  97:1        |ddm|: 1.278347e-03     Tr[DP]  5.476386e-01
 iter:  97:2        |ddm|: 9.593473e-04     Tr[DP]  5.476379e-01
 iter:  98:1        |ddm|: 1.318503e-03     Tr[DP]  5.476386e-01
 iter:  98:2        |ddm|: 1.011848e-03     Tr[DP]  5.476378e-01
 iter:  99:1        |ddm|: 1.379865e-03     Tr[DP]  5.476389e-01
 iter:  99:2        |ddm|: 1.112614e-03     Tr[DP]  5.476381e-01
 iter: 100:1        |ddm|: 1.950687e-03     Tr[DP]  5.476373e-01
 iter: 100:2        |ddm|: 1.212617e-03     Tr[DP]  5.476365e-01
 iter: 101:1        |ddm|: 1.645720e-03     Tr[DP]  5.476360e-01
 iter: 101:2        |ddm|: 1.085742e-03     Tr[DP]  5.476352e-01
 iter: 102:1        |ddm|: 1.341784e-03     Tr[DP]  5.476367e-01
 iter: 102:2        |ddm|: 1.076836e-03     Tr[DP]  5.476360e-01
 iter: 103:1        |ddm|: 2.181832e-03     Tr[DP]  5.476349e-01
 iter: 103:2        |ddm|: 1.302259e-03     Tr[DP]  5.476342e-01
 iter: 104:1        |ddm|: 1.133125e-03     Tr[DP]  5.476351e-01
 iter: 104:2        |ddm|: 8.745494e-04     Tr[DP]  5.476344e-01
 iter: 105:1        |ddm|: 1.452039e-03     Tr[DP]  5.476343e-01
 iter: 105:2        |ddm|: 9.365702e-04     Tr[DP]  5.476337e-01
 iter: 106:1        |ddm|: 2.140716e-03     Tr[DP]  5.476325e-01
 iter: 106:2        |ddm|: 1.352888e-03     Tr[DP]  5.476320e-01
 iter: 107:1        |ddm|: 1.265210e-03     Tr[DP]  5.476333e-01
 iter: 107:2        |ddm|: 8.898103e-04     Tr[DP]  5.476327e-01
 iter: 108:1        |ddm|: 1.780616e-03     Tr[DP]  5.476347e-01
 iter: 108:2        |ddm|: 1.456897e-03     Tr[DP]  5.476339e-01
 iter: 109:1        |ddm|: 2.032358e-03     Tr[DP]  5.476334e-01
 iter: 109:2        |ddm|: 1.135471e-03     Tr[DP]  5.476327e-01
 iter: 110:1        |ddm|: 4.489961e-03     Tr[DP]  5.476300e-01
 iter: 110:2        |ddm|: 2.930147e-03     Tr[DP]  5.476297e-01
 iter: 111:1        |ddm|: 2.557209e-03     Tr[DP]  5.476315e-01
 iter: 111:2        |ddm|: 1.322894e-03     Tr[DP]  5.476310e-01
 iter: 112:1        |ddm|: 9.945663e-04     Tr[DP]  5.476315e-01
 iter: 112:2        |ddm|: 6.658333e-04     Tr[DP]  5.476310e-01
 iter: 113:1        |ddm|: 1.342951e-03     Tr[DP]  5.476309e-01
 iter: 113:2        |ddm|: 8.164423e-04     Tr[DP]  5.476304e-01
 iter: 114:1        |ddm|: 7.414602e-04     Tr[DP]  5.476309e-01
 iter: 114:2        |ddm|: 5.644150e-04     Tr[DP]  5.476304e-01
 iter: 115:1        |ddm|: 7.742478e-04     Tr[DP]  5.476309e-01
 iter: 115:2        |ddm|: 5.978071e-04     Tr[DP]  5.476304e-01
 iter: 116:1        |ddm|: 1.016936e-03     Tr[DP]  5.476305e-01
 iter: 116:2        |ddm|: 6.499195e-04     Tr[DP]  5.476300e-01
 iter: 117:1        |ddm|: 7.565735e-04     Tr[DP]  5.476304e-01
 iter: 117:2        |ddm|: 5.451949e-04     Tr[DP]  5.476299e-01
 iter: 118:1        |ddm|: 7.663788e-04     Tr[DP]  5.476302e-01
 iter: 118:2        |ddm|: 5.394188e-04     Tr[DP]  5.476298e-01
 iter: 119:1        |ddm|: 7.626578e-04     Tr[DP]  5.476301e-01
 iter: 119:2        |ddm|: 5.307122e-04     Tr[DP]  5.476296e-01
 iter: 120:1        |ddm|: 2.935432e-03     Tr[DP]  5.476312e-01
 iter: 120:2        |ddm|: 2.153091e-03     Tr[DP]  5.476304e-01
 iter: 121:1        |ddm|: 5.055413e-03     Tr[DP]  5.476292e-01
 iter: 121:2        |ddm|: 2.984513e-03     Tr[DP]  5.476290e-01
 iter: 122:1        |ddm|: 2.129796e-03     Tr[DP]  5.476299e-01
 iter: 122:2        |ddm|: 1.071786e-03     Tr[DP]  5.476294e-01
 iter: 123:1        |ddm|: 1.200322e-03     Tr[DP]  5.476295e-01
 iter: 123:2        |ddm|: 6.553592e-04     Tr[DP]  5.476292e-01
 iter: 124:1        |ddm|: 7.169554e-04     Tr[DP]  5.476294e-01
 iter: 124:2        |ddm|: 4.860618e-04     Tr[DP]  5.476290e-01
 iter: 125:1        |ddm|: 7.267154e-04     Tr[DP]  5.476293e-01
 iter: 125:2        |ddm|: 4.777968e-04     Tr[DP]  5.476289e-01
 iter: 126:1        |ddm|: 7.673789e-04     Tr[DP]  5.476291e-01
 iter: 126:2        |ddm|: 4.937087e-04     Tr[DP]  5.476288e-01
 iter: 127:1        |ddm|: 4.931732e-04     Tr[DP]  5.476291e-01
 iter: 127:2        |ddm|: 3.610138e-04     Tr[DP]  5.476288e-01
 iter: 128:1        |ddm|: 5.172122e-04     Tr[DP]  5.476291e-01
 iter: 128:2        |ddm|: 3.767915e-04     Tr[DP]  5.476288e-01
 iter: 129:1        |ddm|: 5.191912e-04     Tr[DP]  5.476291e-01
 iter: 129:2        |ddm|: 3.804856e-04     Tr[DP]  5.476287e-01
 iter: 130:1        |ddm|: 5.060025e-04     Tr[DP]  5.476290e-01
 iter: 130:2        |ddm|: 3.851785e-04     Tr[DP]  5.476287e-01
 iter: 131:1        |ddm|: 5.481885e-04     Tr[DP]  5.476290e-01
 iter: 131:2        |ddm|: 3.866988e-04     Tr[DP]  5.476286e-01
 iter: 132:1        |ddm|: 5.213410e-04     Tr[DP]  5.476289e-01
 iter: 132:2        |ddm|: 3.752034e-04     Tr[DP]  5.476286e-01
 iter: 133:1        |ddm|: 5.261806e-04     Tr[DP]  5.476289e-01
 iter: 133:2        |ddm|: 3.698579e-04     Tr[DP]  5.476286e-01
 iter: 134:1        |ddm|: 4.870463e-04     Tr[DP]  5.476288e-01
 iter: 134:2        |ddm|: 3.563789e-04     Tr[DP]  5.476285e-01
 iter: 135:1        |ddm|: 5.554794e-04     Tr[DP]  5.476288e-01
 iter: 135:2        |ddm|: 3.702794e-04     Tr[DP]  5.476285e-01
 iter: 136:1        |ddm|: 4.418944e-04     Tr[DP]  5.476288e-01
 iter: 136:2        |ddm|: 3.533268e-04     Tr[DP]  5.476284e-01
 iter: 137:1        |ddm|: 5.079668e-04     Tr[DP]  5.476287e-01
 iter: 137:2        |ddm|: 3.537118e-04     Tr[DP]  5.476284e-01
 iter: 138:1        |ddm|: 4.635362e-04     Tr[DP]  5.476287e-01
 iter: 138:2        |ddm|: 3.794574e-04     Tr[DP]  5.476284e-01
 iter: 139:1        |ddm|: 6.513585e-04     Tr[DP]  5.476286e-01
 iter: 139:2        |ddm|: 4.069748e-04     Tr[DP]  5.476284e-01
 iter: 140:1        |ddm|: 4.624783e-04     Tr[DP]  5.476286e-01
 iter: 140:2        |ddm|: 3.290964e-04     Tr[DP]  5.476283e-01
 iter: 141:1        |ddm|: 5.501093e-04     Tr[DP]  5.476286e-01
 iter: 141:2        |ddm|: 3.581958e-04     Tr[DP]  5.476284e-01
 iter: 142:1        |ddm|: 4.057420e-04     Tr[DP]  5.476286e-01
 iter: 142:2        |ddm|: 2.884674e-04     Tr[DP]  5.476284e-01
 iter: 143:1        |ddm|: 1.095419e-03     Tr[DP]  5.476286e-01
 iter: 143:2        |ddm|: 6.965153e-04     Tr[DP]  5.476285e-01
 iter: 144:1        |ddm|: 4.151932e-04     Tr[DP]  5.476287e-01
 iter: 144:2        |ddm|: 2.253721e-04     Tr[DP]  5.476286e-01
 iter: 145:1        |ddm|: 1.643718e-03     Tr[DP]  5.476288e-01
 iter: 145:2        |ddm|: 1.101925e-03     Tr[DP]  5.476288e-01
 iter: 146:1        |ddm|: 2.446117e-03     Tr[DP]  5.476288e-01
 iter: 146:2        |ddm|: 1.534427e-03     Tr[DP]  5.476283e-01
 iter: 147:1        |ddm|: 1.114052e-03     Tr[DP]  5.476286e-01
 iter: 147:2        |ddm|: 4.578961e-04     Tr[DP]  5.476285e-01
 iter: 148:1        |ddm|: 2.909488e-04     Tr[DP]  5.476286e-01
 iter: 148:2        |ddm|: 2.320142e-04     Tr[DP]  5.476284e-01
 iter: 149:1        |ddm|: 3.636976e-04     Tr[DP]  5.476286e-01
 iter: 149:2        |ddm|: 2.375787e-04     Tr[DP]  5.476285e-01
 iter: 150:1        |ddm|: 2.687144e-04     Tr[DP]  5.476286e-01
 iter: 150:2        |ddm|: 2.114843e-04     Tr[DP]  5.476284e-01
 iter: 151:1        |ddm|: 5.219167e-04     Tr[DP]  5.476287e-01
 iter: 151:2        |ddm|: 3.202895e-04     Tr[DP]  5.476287e-01
 iter: 152:1        |ddm|: 3.814915e-04     Tr[DP]  5.476287e-01
 iter: 152:2        |ddm|: 2.822865e-04     Tr[DP]  5.476284e-01
 iter: 153:1        |ddm|: 4.512170e-04     Tr[DP]  5.476287e-01
 iter: 153:2        |ddm|: 2.530850e-04     Tr[DP]  5.476285e-01
 iter: 154:1        |ddm|: 2.490953e-04     Tr[DP]  5.476287e-01
 iter: 154:2        |ddm|: 1.798783e-04     Tr[DP]  5.476286e-01
 iter: 155:1        |ddm|: 6.583824e-04     Tr[DP]  5.476288e-01
 iter: 155:2        |ddm|: 4.138214e-04     Tr[DP]  5.476287e-01
 iter: 156:1        |ddm|: 2.547102e-04     Tr[DP]  5.476289e-01
 iter: 156:2        |ddm|: 1.384993e-04     Tr[DP]  5.476288e-01
 iter: 157:1        |ddm|: 3.856901e-04     Tr[DP]  5.476288e-01
 iter: 157:2        |ddm|: 2.786522e-04     Tr[DP]  5.476286e-01
 iter: 158:1        |ddm|: 2.536061e-04     Tr[DP]  5.476287e-01
 iter: 158:2        |ddm|: 1.794939e-04     Tr[DP]  5.476286e-01
 iter: 159:1        |ddm|: 2.589239e-04     Tr[DP]  5.476287e-01
 iter: 159:2        |ddm|: 1.705214e-04     Tr[DP]  5.476286e-01
 iter: 160:1        |ddm|: 2.156568e-04     Tr[DP]  5.476288e-01
 iter: 160:2        |ddm|: 1.560282e-04     Tr[DP]  5.476286e-01
 iter: 161:1        |ddm|: 2.104772e-04     Tr[DP]  5.476288e-01
 iter: 161:2        |ddm|: 1.518850e-04     Tr[DP]  5.476286e-01
 iter: 162:1        |ddm|: 2.311230e-04     Tr[DP]  5.476287e-01
 iter: 162:2        |ddm|: 1.921238e-04     Tr[DP]  5.476286e-01
 iter: 163:1        |ddm|: 3.607623e-04     Tr[DP]  5.476288e-01
 iter: 163:2        |ddm|: 2.123097e-04     Tr[DP]  5.476286e-01
 iter: 164:1        |ddm|: 3.725332e-04     Tr[DP]  5.476287e-01
 iter: 164:2        |ddm|: 2.815541e-04     Tr[DP]  5.476285e-01
 iter: 165:1        |ddm|: 4.548111e-04     Tr[DP]  5.476287e-01
 iter: 165:2        |ddm|: 2.537443e-04     Tr[DP]  5.476286e-01
 iter: 166:1        |ddm|: 2.023512e-04     Tr[DP]  5.476287e-01
 iter: 166:2        |ddm|: 1.447258e-04     Tr[DP]  5.476286e-01
 iter: 167:1        |ddm|: 2.953799e-04     Tr[DP]  5.476288e-01
 iter: 167:2        |ddm|: 1.842324e-04     Tr[DP]  5.476287e-01
 iter: 168:1        |ddm|: 2.908440e-04     Tr[DP]  5.476289e-01
 iter: 168:2        |ddm|: 1.837167e-04     Tr[DP]  5.476288e-01
 iter: 169:1        |ddm|: 1.644018e-04     Tr[DP]  5.476289e-01
 iter: 169:2        |ddm|: 1.144678e-04     Tr[DP]  5.476287e-01
 iter: 170:1        |ddm|: 1.806088e-04     Tr[DP]  5.476289e-01
 iter: 170:2        |ddm|: 1.171729e-04     Tr[DP]  5.476288e-01
 iter: 171:1        |ddm|: 1.772972e-04     Tr[DP]  5.476289e-01
 iter: 171:2        |ddm|: 1.189707e-04     Tr[DP]  5.476288e-01
 iter: 172:1        |ddm|: 1.379622e-04     Tr[DP]  5.476289e-01
 iter: 172:2        |ddm|: 1.087752e-04     Tr[DP]  5.476288e-01
 iter: 173:1        |ddm|: 1.699859e-04     Tr[DP]  5.476289e-01
 iter: 173:2        |ddm|: 1.122490e-04     Tr[DP]  5.476288e-01
 iter: 174:1        |ddm|: 1.380593e-04     Tr[DP]  5.476289e-01
 iter: 174:2        |ddm|: 1.058473e-04     Tr[DP]  5.476288e-01
 iter: 175:1        |ddm|: 1.430786e-04     Tr[DP]  5.476289e-01
 iter: 175:2        |ddm|: 1.133868e-04     Tr[DP]  5.476288e-01
 iter: 176:1        |ddm|: 1.787671e-04     Tr[DP]  5.476289e-01
 iter: 176:2        |ddm|: 1.157946e-04     Tr[DP]  5.476288e-01
 iter: 177:1        |ddm|: 2.211184e-04     Tr[DP]  5.476289e-01
 iter: 177:2        |ddm|: 1.359307e-04     Tr[DP]  5.476289e-01
 iter: 178:1        |ddm|: 1.622896e-04     Tr[DP]  5.476290e-01
 iter: 178:2        |ddm|: 1.075184e-04     Tr[DP]  5.476290e-01
 iter: 179:1        |ddm|: 1.174895e-04     Tr[DP]  5.476290e-01
 iter: 179:2        |ddm|: 7.969011e-05     Tr[DP]  5.476289e-01
 iter: 180:1        |ddm|: 1.569760e-04     Tr[DP]  5.476291e-01
 iter: 180:2        |ddm|: 1.010706e-04     Tr[DP]  5.476290e-01
 iter: 181:1        |ddm|: 9.897386e-05     Tr[DP]  5.476290e-01
 iter: 181:2        |ddm|: 7.487123e-05     Tr[DP]  5.476290e-01
 iter: 182:1        |ddm|: 1.164612e-04     Tr[DP]  5.476291e-01
 iter: 182:2        |ddm|: 7.755870e-05     Tr[DP]  5.476290e-01
 iter: 183:1        |ddm|: 9.917174e-05     Tr[DP]  5.476291e-01
 iter: 183:2        |ddm|: 7.185277e-05     Tr[DP]  5.476290e-01
 iter: 184:1        |ddm|: 1.004919e-04     Tr[DP]  5.476291e-01
 iter: 184:2        |ddm|: 7.143976e-05     Tr[DP]  5.476290e-01
 iter: 185:1        |ddm|: 9.412560e-05     Tr[DP]  5.476291e-01
 iter: 185:2        |ddm|: 7.007163e-05     Tr[DP]  5.476290e-01
 iter: 186:1        |ddm|: 9.336161e-05     Tr[DP]  5.476291e-01
 iter: 186:2        |ddm|: 7.244687e-05     Tr[DP]  5.476290e-01
 iter: 187:1        |ddm|: 1.006901e-04     Tr[DP]  5.476291e-01
 iter: 187:2        |ddm|: 7.261200e-05     Tr[DP]  5.476290e-01
 iter: 188:1        |ddm|: 9.436682e-05     Tr[DP]  5.476291e-01
 iter: 188:2        |ddm|: 7.391987e-05     Tr[DP]  5.476290e-01
 iter: 189:1        |ddm|: 1.240047e-04     Tr[DP]  5.476291e-01
 iter: 189:2        |ddm|: 7.941755e-05     Tr[DP]  5.476290e-01
 iter: 190:1        |ddm|: 8.813898e-05     Tr[DP]  5.476291e-01
 iter: 190:2        |ddm|: 6.667937e-05     Tr[DP]  5.476290e-01
 iter: 191:1        |ddm|: 9.340958e-05     Tr[DP]  5.476291e-01
 iter: 191:2        |ddm|: 6.754297e-05     Tr[DP]  5.476290e-01
 iter: 192:1        |ddm|: 9.277118e-05     Tr[DP]  5.476291e-01
 iter: 192:2        |ddm|: 6.655555e-05     Tr[DP]  5.476290e-01
 iter: 193:1        |ddm|: 9.201977e-05     Tr[DP]  5.476291e-01
 iter: 193:2        |ddm|: 6.573136e-05     Tr[DP]  5.476290e-01
 iter: 194:1        |ddm|: 9.934677e-05     Tr[DP]  5.476291e-01
 iter: 194:2        |ddm|: 6.636626e-05     Tr[DP]  5.476291e-01
 iter: 195:1        |ddm|: 8.576116e-05     Tr[DP]  5.476291e-01
 iter: 195:2        |ddm|: 7.018345e-05     Tr[DP]  5.476290e-01
 iter: 196:1        |ddm|: 1.515688e-04     Tr[DP]  5.476291e-01
 iter: 196:2        |ddm|: 9.065707e-05     Tr[DP]  5.476291e-01
 iter: 197:1        |ddm|: 1.113358e-04     Tr[DP]  5.476292e-01
 iter: 197:2        |ddm|: 7.132881e-05     Tr[DP]  5.476291e-01
 iter: 198:1        |ddm|: 9.382066e-05     Tr[DP]  5.476292e-01
 iter: 198:2        |ddm|: 6.015265e-05     Tr[DP]  5.476292e-01
 iter: 199:1        |ddm|: 6.203140e-05     Tr[DP]  5.476292e-01
 iter: 199:2        |ddm|: 4.283755e-05     Tr[DP]  5.476292e-01
 iter: 200:1        |ddm|: 8.037538e-05     Tr[DP]  5.476292e-01
 iter: 200:2        |ddm|: 5.139582e-05     Tr[DP]  5.476292e-01
 iter: 201:1        |ddm|: 6.134780e-05     Tr[DP]  5.476292e-01
 iter: 201:2        |ddm|: 4.203091e-05     Tr[DP]  5.476292e-01
 iter: 202:1        |ddm|: 5.585929e-05     Tr[DP]  5.476293e-01
 iter: 202:2        |ddm|: 3.939951e-05     Tr[DP]  5.476292e-01
 iter: 203:1        |ddm|: 6.328430e-05     Tr[DP]  5.476293e-01
 iter: 203:2        |ddm|: 4.220731e-05     Tr[DP]  5.476292e-01
 iter: 204:1        |ddm|: 4.950705e-05     Tr[DP]  5.476293e-01
 iter: 204:2        |ddm|: 3.598723e-05     Tr[DP]  5.476292e-01
 iter: 205:1        |ddm|: 7.413074e-05     Tr[DP]  5.476293e-01
 iter: 205:2        |ddm|: 4.748781e-05     Tr[DP]  5.476293e-01
 iter: 206:1        |ddm|: 4.394299e-05     Tr[DP]  5.476293e-01
 iter: 206:2        |ddm|: 3.361062e-05     Tr[DP]  5.476293e-01
 iter: 207:1        |ddm|: 4.871884e-05     Tr[DP]  5.476293e-01
 iter: 207:2        |ddm|: 3.413160e-05     Tr[DP]  5.476293e-01
 iter: 208:1        |ddm|: 4.545539e-05     Tr[DP]  5.476293e-01
 iter: 208:2        |ddm|: 3.363341e-05     Tr[DP]  5.476293e-01
 iter: 209:1        |ddm|: 4.580754e-05     Tr[DP]  5.476293e-01
 iter: 209:2        |ddm|: 3.365142e-05     Tr[DP]  5.476293e-01
 iter: 210:1        |ddm|: 4.626777e-05     Tr[DP]  5.476293e-01
 iter: 210:2        |ddm|: 3.345527e-05     Tr[DP]  5.476293e-01
 iter: 211:1        |ddm|: 4.438769e-05     Tr[DP]  5.476293e-01
 iter: 211:2        |ddm|: 3.309468e-05     Tr[DP]  5.476293e-01
 iter: 212:1        |ddm|: 4.509022e-05     Tr[DP]  5.476293e-01
 iter: 212:2        |ddm|: 3.312963e-05     Tr[DP]  5.476293e-01
 iter: 213:1        |ddm|: 4.473222e-05     Tr[DP]  5.476293e-01
 iter: 213:2        |ddm|: 3.295976e-05     Tr[DP]  5.476293e-01
 iter: 214:1        |ddm|: 4.481211e-05     Tr[DP]  5.476293e-01
 iter: 214:2        |ddm|: 3.276778e-05     Tr[DP]  5.476293e-01
 iter: 215:1        |ddm|: 4.469847e-05     Tr[DP]  5.476293e-01
 iter: 215:2        |ddm|: 3.246435e-05     Tr[DP]  5.476293e-01
 iter: 216:1        |ddm|: 4.386474e-05     Tr[DP]  5.476293e-01
 iter: 216:2        |ddm|: 3.202367e-05     Tr[DP]  5.476293e-01
 iter: 217:1        |ddm|: 4.276171e-05     Tr[DP]  5.476293e-01
 iter: 217:2        |ddm|: 3.469537e-05     Tr[DP]  5.476293e-01
 iter: 218:1        |ddm|: 7.791851e-05     Tr[DP]  5.476293e-01
 iter: 218:2        |ddm|: 4.605809e-05     Tr[DP]  5.476293e-01
 iter: 219:1        |ddm|: 3.847955e-05     Tr[DP]  5.476293e-01
 iter: 219:2        |ddm|: 2.718914e-05     Tr[DP]  5.476293e-01
 iter: 220:1        |ddm|: 5.053615e-05     Tr[DP]  5.476293e-01
 iter: 220:2        |ddm|: 3.181198e-05     Tr[DP]  5.476293e-01
 iter: 221:1        |ddm|: 4.714099e-05     Tr[DP]  5.476294e-01
 iter: 221:2        |ddm|: 3.002800e-05     Tr[DP]  5.476293e-01
 iter: 222:1        |ddm|: 3.253229e-05     Tr[DP]  5.476294e-01
 iter: 222:2        |ddm|: 2.220232e-05     Tr[DP]  5.476293e-01
 iter: 223:1        |ddm|: 5.335281e-05     Tr[DP]  5.476294e-01
 iter: 223:2        |ddm|: 3.270902e-05     Tr[DP]  5.476294e-01
 iter: 224:1        |ddm|: 2.694514e-05     Tr[DP]  5.476294e-01
 iter: 224:2        |ddm|: 1.870743e-05     Tr[DP]  5.476294e-01
 iter: 225:1        |ddm|: 2.729163e-05     Tr[DP]  5.476294e-01
 iter: 225:2        |ddm|: 1.955801e-05     Tr[DP]  5.476294e-01
 iter: 226:1        |ddm|: 3.078328e-05     Tr[DP]  5.476294e-01
 iter: 226:2        |ddm|: 2.062916e-05     Tr[DP]  5.476294e-01
 iter: 227:1        |ddm|: 3.079748e-05     Tr[DP]  5.476294e-01
 iter: 227:2        |ddm|: 2.045814e-05     Tr[DP]  5.476294e-01
 iter: 228:1        |ddm|: 3.681029e-05     Tr[DP]  5.476294e-01
 iter: 228:2        |ddm|: 2.392662e-05     Tr[DP]  5.476294e-01
 iter: 229:1        |ddm|: 2.157331e-05     Tr[DP]  5.476294e-01
 iter: 229:2        |ddm|: 1.587071e-05     Tr[DP]  5.476294e-01
 iter: 230:1        |ddm|: 2.438416e-05     Tr[DP]  5.476294e-01
 iter: 230:2        |ddm|: 1.637669e-05     Tr[DP]  5.476294e-01
 iter: 231:1        |ddm|: 2.149024e-05     Tr[DP]  5.476294e-01
 iter: 231:2        |ddm|: 1.549994e-05     Tr[DP]  5.476294e-01
 iter: 232:1        |ddm|: 2.113759e-05     Tr[DP]  5.476294e-01
 iter: 232:2        |ddm|: 1.526870e-05     Tr[DP]  5.476294e-01
 iter: 233:1        |ddm|: 2.015024e-05     Tr[DP]  5.476294e-01
 iter: 233:2        |ddm|: 1.518599e-05     Tr[DP]  5.476294e-01
 iter: 234:1        |ddm|: 2.060503e-05     Tr[DP]  5.476294e-01
 iter: 234:2        |ddm|: 1.541503e-05     Tr[DP]  5.476294e-01
 iter: 235:1        |ddm|: 2.103763e-05     Tr[DP]  5.476294e-01
 iter: 235:2        |ddm|: 1.544591e-05     Tr[DP]  5.476294e-01
 iter: 236:1        |ddm|: 2.085930e-05     Tr[DP]  5.476294e-01
 iter: 236:2        |ddm|: 1.532610e-05     Tr[DP]  5.476294e-01
 iter: 237:1        |ddm|: 2.082881e-05     Tr[DP]  5.476294e-01
 iter: 237:2        |ddm|: 1.520514e-05     Tr[DP]  5.476294e-01
 iter: 238:1        |ddm|: 2.057154e-05     Tr[DP]  5.476294e-01
 iter: 238:2        |ddm|: 1.503778e-05     Tr[DP]  5.476294e-01
 iter: 239:1        |ddm|: 2.022777e-05     Tr[DP]  5.476294e-01
 iter: 239:2        |ddm|: 1.491431e-05     Tr[DP]  5.476294e-01
 iter: 240:1        |ddm|: 2.014897e-05     Tr[DP]  5.476294e-01
 iter: 240:2        |ddm|: 1.486088e-05     Tr[DP]  5.476294e-01
 iter: 241:1        |ddm|: 1.983229e-05     Tr[DP]  5.476294e-01
 iter: 241:2        |ddm|: 1.493839e-05     Tr[DP]  5.476294e-01
 iter: 242:1        |ddm|: 2.014083e-05     Tr[DP]  5.476294e-01
 iter: 242:2        |ddm|: 1.501906e-05     Tr[DP]  5.476294e-01
 iter: 243:1        |ddm|: 2.149528e-05     Tr[DP]  5.476294e-01
 iter: 243:2        |ddm|: 1.501257e-05     Tr[DP]  5.476294e-01
 iter: 244:1        |ddm|: 1.947400e-05     Tr[DP]  5.476294e-01
 iter: 244:2        |ddm|: 1.441057e-05     Tr[DP]  5.476294e-01
 iter: 245:1        |ddm|: 2.001917e-05     Tr[DP]  5.476294e-01
 iter: 245:2        |ddm|: 1.441342e-05     Tr[DP]  5.476294e-01
 iter: 246:1        |ddm|: 2.105844e-05     Tr[DP]  5.476294e-01
 iter: 246:2        |ddm|: 1.430406e-05     Tr[DP]  5.476294e-01
 iter: 247:1        |ddm|: 7.002147e-05     Tr[DP]  5.476294e-01
 iter: 247:2        |ddm|: 5.056661e-05     Tr[DP]  5.476294e-01
 iter: 248:1        |ddm|: 1.108632e-04     Tr[DP]  5.476294e-01
 iter: 248:2        |ddm|: 6.255912e-05     Tr[DP]  5.476294e-01
 iter: 249:1        |ddm|: 3.540660e-05     Tr[DP]  5.476295e-01
 iter: 249:2        |ddm|: 2.094301e-05     Tr[DP]  5.476294e-01
 iter: 250:1        |ddm|: 2.472141e-05     Tr[DP]  5.476295e-01
 iter: 250:2        |ddm|: 1.490762e-05     Tr[DP]  5.476295e-01
 iter: 251:1        |ddm|: 1.325500e-05     Tr[DP]  5.476295e-01
 iter: 251:2        |ddm|: 7.097872e-06     Tr[DP]  5.476295e-01
 iter: 252:1        |ddm|: 1.064001e-05     Tr[DP]  5.476295e-01
 iter: 252:2        |ddm|: 7.465768e-06     Tr[DP]  5.476295e-01
 iter: 253:1        |ddm|: 1.338989e-05     Tr[DP]  5.476295e-01
 iter: 253:2        |ddm|: 8.422966e-06     Tr[DP]  5.476295e-01
 iter: 254:1        |ddm|: 1.034848e-05     Tr[DP]  5.476295e-01
 iter: 254:2        |ddm|: 8.362197e-06     Tr[DP]  5.476295e-01
 iter: 255:1        |ddm|: 1.110852e-05     Tr[DP]  5.476295e-01
 iter: 255:2        |ddm|: 8.194877e-06     Tr[DP]  5.476295e-01
 iter: 256:1        |ddm|: 1.172774e-05     Tr[DP]  5.476295e-01
 iter: 256:2        |ddm|: 8.084639e-06     Tr[DP]  5.476295e-01
 iter: 257:1        |ddm|: 1.036372e-05     Tr[DP]  5.476295e-01
 iter: 257:2        |ddm|: 7.914848e-06     Tr[DP]  5.476295e-01
 iter: 258:1        |ddm|: 1.480449e-05     Tr[DP]  5.476295e-01
 iter: 258:2        |ddm|: 9.368049e-06     Tr[DP]  5.476295e-01
 iter: 259:1        |ddm|: 1.121819e-05     Tr[DP]  5.476295e-01
 iter: 259:2        |ddm|: 7.499958e-06     Tr[DP]  5.476295e-01
 iter: 260:1        |ddm|: 3.063982e-05     Tr[DP]  5.476295e-01
 iter: 260:2        |ddm|: 1.958659e-05     Tr[DP]  5.476295e-01
 iter: 261:1        |ddm|: 1.633361e-05     Tr[DP]  5.476295e-01
 iter: 261:2        |ddm|: 8.438495e-06     Tr[DP]  5.476295e-01
 iter: 262:1        |ddm|: 7.871086e-06     Tr[DP]  5.476295e-01
 iter: 262:2        |ddm|: 5.633004e-06     Tr[DP]  5.476295e-01
 iter: 263:1        |ddm|: 9.157892e-06     Tr[DP]  5.476295e-01
 iter: 263:2        |ddm|: 5.935619e-06     Tr[DP]  5.476295e-01
 iter: 264:1        |ddm|: 6.882602e-06     Tr[DP]  5.476295e-01
 iter: 264:2        |ddm|: 5.538575e-06     Tr[DP]  5.476295e-01
 iter: 265:1        |ddm|: 8.330751e-06     Tr[DP]  5.476295e-01
 iter: 265:2        |ddm|: 5.607587e-06     Tr[DP]  5.476295e-01
 iter: 266:1        |ddm|: 7.160334e-06     Tr[DP]  5.476295e-01
 iter: 266:2        |ddm|: 5.235426e-06     Tr[DP]  5.476295e-01
 iter: 267:1        |ddm|: 7.329188e-06     Tr[DP]  5.476295e-01
 iter: 267:2        |ddm|: 6.029724e-06     Tr[DP]  5.476295e-01
 iter: 268:1        |ddm|: 1.104877e-05     Tr[DP]  5.476295e-01
 iter: 268:2        |ddm|: 6.629900e-06     Tr[DP]  5.476295e-01
 iter: 269:1        |ddm|: 6.791822e-06     Tr[DP]  5.476295e-01
 iter: 269:2        |ddm|: 4.892606e-06     Tr[DP]  5.476295e-01
 iter: 270:1        |ddm|: 6.560992e-06     Tr[DP]  5.476295e-01
 iter: 270:2        |ddm|: 4.837924e-06     Tr[DP]  5.476295e-01
 iter: 271:1        |ddm|: 6.550253e-06     Tr[DP]  5.476295e-01
 iter: 271:2        |ddm|: 4.903576e-06     Tr[DP]  5.476295e-01
 iter: 272:1        |ddm|: 7.050541e-06     Tr[DP]  5.476295e-01
 iter: 272:2        |ddm|: 4.933313e-06     Tr[DP]  5.476295e-01
 iter: 273:1        |ddm|: 9.024841e-06     Tr[DP]  5.476295e-01
 iter: 273:2        |ddm|: 5.658568e-06     Tr[DP]  5.476295e-01
 iter: 274:1        |ddm|: 5.613507e-06     Tr[DP]  5.476295e-01
 iter: 274:2        |ddm|: 4.193082e-06     Tr[DP]  5.476295e-01
 iter: 275:1        |ddm|: 6.319274e-06     Tr[DP]  5.476295e-01
 iter: 275:2        |ddm|: 5.221198e-06     Tr[DP]  5.476295e-01
 iter: 276:1        |ddm|: 8.256433e-06     Tr[DP]  5.476295e-01
 iter: 276:2        |ddm|: 5.097690e-06     Tr[DP]  5.476295e-01
 iter: 277:1        |ddm|: 8.814969e-06     Tr[DP]  5.476295e-01
 iter: 277:2        |ddm|: 5.526726e-06     Tr[DP]  5.476295e-01
 iter: 278:1        |ddm|: 5.279454e-06     Tr[DP]  5.476295e-01
 iter: 278:2        |ddm|: 3.721044e-06     Tr[DP]  5.476295e-01
 iter: 279:1        |ddm|: 5.119860e-06     Tr[DP]  5.476295e-01
 iter: 279:2        |ddm|: 3.736225e-06     Tr[DP]  5.476295e-01
 iter: 280:1        |ddm|: 5.703275e-06     Tr[DP]  5.476295e-01
 iter: 280:2        |ddm|: 3.860750e-06     Tr[DP]  5.476295e-01
 iter: 281:1        |ddm|: 8.324662e-06     Tr[DP]  5.476295e-01
 iter: 281:2        |ddm|: 5.095030e-06     Tr[DP]  5.476295e-01
 iter: 282:1        |ddm|: 4.958303e-06     Tr[DP]  5.476295e-01
 iter: 282:2        |ddm|: 3.672111e-06     Tr[DP]  5.476295e-01
 iter: 283:1        |ddm|: 4.880769e-06     Tr[DP]  5.476295e-01
 iter: 283:2        |ddm|: 3.457644e-06     Tr[DP]  5.476295e-01
 iter: 284:1        |ddm|: 5.276889e-06     Tr[DP]  5.476295e-01
 iter: 284:2        |ddm|: 3.538293e-06     Tr[DP]  5.476295e-01
 iter: 285:1        |ddm|: 4.247148e-06     Tr[DP]  5.476295e-01
 iter: 285:2        |ddm|: 3.254452e-06     Tr[DP]  5.476295e-01
 iter: 286:1        |ddm|: 1.131261e-05     Tr[DP]  5.476295e-01
 iter: 286:2        |ddm|: 6.935655e-06     Tr[DP]  5.476295e-01
 iter: 287:1        |ddm|: 4.168922e-06     Tr[DP]  5.476295e-01
 iter: 287:2        |ddm|: 2.395674e-06     Tr[DP]  5.476295e-01
 iter: 288:1        |ddm|: 3.856432e-06     Tr[DP]  5.476295e-01
 iter: 288:2        |ddm|: 2.447490e-06     Tr[DP]  5.476295e-01
 iter: 289:1        |ddm|: 5.390381e-06     Tr[DP]  5.476295e-01
 iter: 289:2        |ddm|: 4.178061e-06     Tr[DP]  5.476295e-01
 iter: 290:1        |ddm|: 4.118205e-06     Tr[DP]  5.476295e-01
 iter: 290:2        |ddm|: 2.954350e-06     Tr[DP]  5.476295e-01
 iter: 291:1        |ddm|: 4.450007e-06     Tr[DP]  5.476295e-01
 iter: 291:2        |ddm|: 2.923247e-06     Tr[DP]  5.476295e-01
 iter: 292:1        |ddm|: 4.546711e-06     Tr[DP]  5.476295e-01
 iter: 292:2        |ddm|: 2.969674e-06     Tr[DP]  5.476295e-01
 iter: 293:1        |ddm|: 3.722919e-06     Tr[DP]  5.476295e-01
 iter: 293:2        |ddm|: 2.517921e-06     Tr[DP]  5.476295e-01
 iter: 294:1        |ddm|: 4.006631e-06     Tr[DP]  5.476295e-01
 iter: 294:2        |ddm|: 2.614734e-06     Tr[DP]  5.476295e-01
 iter: 295:1        |ddm|: 2.653942e-06     Tr[DP]  5.476295e-01
 iter: 295:2        |ddm|: 1.922670e-06     Tr[DP]  5.476295e-01
 iter: 296:1        |ddm|: 2.787796e-06     Tr[DP]  5.476295e-01
 iter: 296:2        |ddm|: 1.986172e-06     Tr[DP]  5.476295e-01
 iter: 297:1        |ddm|: 3.379281e-06     Tr[DP]  5.476295e-01
 iter: 297:2        |ddm|: 2.837205e-06     Tr[DP]  5.476295e-01
 iter: 298:1        |ddm|: 3.406298e-06     Tr[DP]  5.476295e-01
 iter: 298:2        |ddm|: 2.374617e-06     Tr[DP]  5.476295e-01
 iter: 299:1        |ddm|: 4.555520e-06     Tr[DP]  5.476295e-01
 iter: 299:2        |ddm|: 2.836815e-06     Tr[DP]  5.476295e-01
 iter: 300:1        |ddm|: 2.794628e-06     Tr[DP]  5.476295e-01
 iter: 300:2        |ddm|: 1.961704e-06     Tr[DP]  5.476295e-01
                         Freeze-and-Thaw NOT converged!                         

=================== Subsystem 1 at higher mean-field method ====================
  subiter:   1      |ddm|: 7.621478e-01
  subiter:   2      |ddm|: 1.500545e-01
  subiter:   3      |ddm|: 2.827443e-02
  subiter:   4      |ddm|: 1.927622e-02
  subiter:   5      |ddm|: 2.690382e-03
  subiter:   6      |ddm|: 1.474838e-03
  subiter:   7      |ddm|: 6.249407e-04
  subiter:   8      |ddm|: 1.918809e-04
  subiter:   9      |ddm|: 6.801498e-05
  subiter:  10      |ddm|: 2.508624e-05
  subiter:  11      |ddm|: 1.595729e-05
  subiter:  12      |ddm|: 4.780554e-06
  subiter:  13      |ddm|: 2.587552e-06
  subiter:  14      |ddm|: 9.671762e-07
  subiter:  15      |ddm|: 3.105297e-07
  subiter:  16      |ddm|: 2.572787e-07
  subiter:  17      |ddm|: 3.761821e-08
  subiter:  18      |ddm|: 3.703042e-08
  subiter:  19      |ddm|: 1.229693e-08
  subiter:  20      |ddm|: 6.417255e-09


******** <class 'pyscf.scf.hf.RHF'> flags ********
method = RHF
initial guess = minao
damping factor = 0
level shift factor = 0
DIIS = <class 'pyscf.scf.diis.CDIIS'>
DIIS start cycle = 1
DIIS space = 8
SCF tol = 1e-09
SCF gradient tol = None
max. SCF cycles = 100
direct_scf = True
direct_scf_tol = 1e-13
chkfile to save SCF result = /panfs/roc/scratch/graha682/D45/201712_ccpVDZ_NEVPT2_m06_45_10c12h24/tmppkftTo
max_memory 4000 MB (current use 3086 MB)
Set gradient conv threshold to 3.16228e-05
init E= -388.264926298866
  HOMO = -0.299754270502421  LUMO = 0.144110020450974
cycle= 1 E= -388.264926298867  delta_E= -1.02e-12  |g|= 3.72e-09  |ddm|= 1.25e-08
  HOMO = -0.299754270399742  LUMO = 0.144110020479261
Extra cycle  E= -388.264926298869  delta_E= -1.93e-12  |g|= 2.33e-09  |ddm|= 6.51e-09
converged SCF energy = -388.264926298869


******** <class 'pyscf.dft.rks.RKS'> flags ********
method = RKS
initial guess = atom
damping factor = 0
level shift factor = 0.0
DIIS = <class 'pyscf.scf.diis.CDIIS'>
DIIS start cycle = 1
DIIS space = 8
SCF tol = 1e-08
SCF gradient tol = 1e-08
max. SCF cycles = 1
direct_scf = True
direct_scf_tol = 1e-13
chkfile to save SCF result = /panfs/roc/scratch/graha682/D45/201712_ccpVDZ_NEVPT2_m06_45_10c12h24/tmpp4cWki
max_memory 4000 MB (current use 3087 MB)
XC functionals = m06
small_rho_cutoff = 1e-20
radial grids: Treutler-Ahlrichs (JCP 102, 346 (M4)) radial grids
becke partition: Becke, JCP, 88, 2547 (1988)
pruning grids: <function nwchem_prune at 0x15ae5f0>
grids dens level: 4
symmetrized grids: False
atomic radii adjust function: <function treutler_atomic_radii_adjust at 0x15ae488>
init E= -390.837197183372
  HOMO = -0.215515960293714  LUMO = -0.00422776335707866
cycle= 1 E= -390.837197183372  delta_E= 5.68e-13  |g|= 1.56e-06  |ddm|= 2.88e-06
  HOMO = -0.215515965563211  LUMO = -0.00422776329687051
Extra cycle  E= -390.837197183371  delta_E= 4.55e-13  |g|= 2.59e-06  |ddm|= 3.28e-06
SCF not converged.
SCF energy = -390.837197183371 after 1 cycles
 iter: 301:1        |ddm|: 8.913036e-01     Tr[DP]  6.436968e-01

******** <class 'pyscf.mcscf.mc1step.CASSCF'> flags ********
CAS (1e+1e, 2o), ncore = 38, nvir = 190
max_cycle_macro = 50
max_cycle_micro = 4
conv_tol = 1e-07
conv_tol_grad = None
orbital rotation max_stepsize = 0.02
augmented hessian ah_max_cycle = 30
augmented hessian ah_conv_tol = 1e-12
augmented hessian ah_linear dependence = 1e-14
augmented hessian ah_level shift = 0
augmented hessian ah_start_tol = 2.5
augmented hessian ah_start_cycle = 3
augmented hessian ah_grad_trust_region = 3
kf_trust_region = 3
kf_interval = 4
ci_response_space = 4
ci_grad_trust_region = 3
with_dep4 0
natorb = False
canonicalization = True
sorting_mo_energy = False
chkfile = /panfs/roc/scratch/graha682/D45/201712_ccpVDZ_NEVPT2_m06_45_10c12h24/tmppkftTo
max_memory 4000 MB (current use 3107 MB)
internal_rotation = False
******** <class 'pyscf.fci.direct_spin1.FCISolver'> flags ********
max. cycles = 50
conv_tol = 1e-08
davidson only = False
linear dependence = 1e-10
level shift = 0.001
max iter space = 12
max_memory 4000 MB
nroots = 1
pspace_size = 400
spin = None
CASCI E = -388.274583133144  S^2 = 0.0000000
Set conv_tol_grad to 0.000316228
macro iter 1 (21 JK  4 micro), CASSCF E = -388.295082542876  dE = -0.02049941  S^2 = 0.0000000
               |grad[o]|=0.0275  |grad[c]|= 0.0324616715861  |ddm|=0.0655
macro iter 2 (17 JK  4 micro), CASSCF E = -388.29557805126  dE = -0.00049550838  S^2 = 0.0000000
               |grad[o]|=0.0144  |grad[c]|= 0.000965259199845  |ddm|=0.0139
macro iter 3 (8 JK  2 micro), CASSCF E = -388.29557825417  dE = -2.029102e-07  S^2 = 0.0000000
               |grad[o]|=0.000181  |grad[c]|= 6.06286379877e-06  |ddm|=0.000107
macro iter 4 (1 JK  1 micro), CASSCF E = -388.295578254171  dE = -3.4106051e-13  S^2 = 0.0000000
               |grad[o]|=1.84e-05  |grad[c]|= 4.48218028336e-07  |ddm|=1.09e-06
1-step CASSCF converged in 4 macro (47 JK 11 micro) steps
CASSCF canonicalization
CASSCF energy = -388.295578254171
Hartree-Fock Energy:  -388.26492629886900
CAS Correlation:       -0.03065195530172
CAS Energy:          -388.29557825417072
Sr    (-1)',   E = -0.00000000003036
Si    (+1)',   E = -0.00000000009261
Sijrs (0)  ,   E = -1.33756929984770
Sijr  (+1) ,   E = -0.01858567338197
Srsi  (-1) ,   E = -0.06111015661571
Srs   (-2) ,   E = -0.00443678341389
Sij   (+2) ,   E = -0.00094535484849
Sir   (0)' ,   E = -0.03492106527401
Nevpt2 Energy = -1.457568333504749
NEVPT2 =   -1.457568333504749
Total NEVPT2 = -389.753146587675474

============================== Supermolecular DFT ==============================
  subiter:   1      |ddm|: 3.321118e+00
  subiter:   2      |ddm|: 2.910385e-01
  subiter:   3      |ddm|: 1.672575e-01
  subiter:   4      |ddm|: 1.841595e-02
  subiter:   5      |ddm|: 4.954358e-03
  subiter:   6      |ddm|: 1.629452e-03
  subiter:   7      |ddm|: 3.504034e-04
  subiter:   8      |ddm|: 1.459801e-04
  subiter:   9      |ddm|: 6.660493e-05
  subiter:  10      |ddm|: 1.978826e-05
  subiter:  11      |ddm|: 6.300509e-06
  subiter:  12      |ddm|: 3.479949e-06
  subiter:  13      |ddm|: 9.015607e-07
  subiter:  14      |ddm|: 3.555955e-07
  subiter:  15      |ddm|: 1.103278e-07
  subiter:  16      |ddm|: 4.601473e-08
  subiter:  17      |ddm|: 1.185490e-08
  subiter:  18      |ddm|: 4.426230e-09


******** <class 'pyscf.dft.rks.RKS'> flags ********
method = RKS
initial guess = atom
damping factor = 0
level shift factor = 0.0
DIIS = <class 'pyscf.scf.diis.CDIIS'>
DIIS start cycle = 1
DIIS space = 8
SCF tol = 1e-08
SCF gradient tol = 1e-08
max. SCF cycles = 100
direct_scf = True
direct_scf_tol = 1e-13
chkfile to save SCF result = /panfs/roc/scratch/graha682/D45/201712_ccpVDZ_NEVPT2_m06_45_10c12h24/tmpEZGSvl
max_memory 4000 MB (current use 3125 MB)
XC functionals = m06
small_rho_cutoff = 1e-20
radial grids: Treutler-Ahlrichs (JCP 102, 346 (M4)) radial grids
becke partition: Becke, JCP, 88, 2547 (1988)
pruning grids: <function nwchem_prune at 0x15ae5f0>
grids dens level: 4
symmetrized grids: False
atomic radii adjust function: <function treutler_atomic_radii_adjust at 0x15ae488>
init E= -471.286099816025
  HOMO = -0.217733515169501  LUMO = -0.00699187549990793
cycle= 1 E= -471.286099816022  delta_E= 2.73e-12  |g|= 9.29e-09  |ddm|= 1.5e-08
  HOMO = -0.217733515555461  LUMO = -0.00699187586120481
Extra cycle  E= -471.286099816022  delta_E=    0  |g|= 1.65e-08  |ddm|= 2.32e-08
converged SCF energy = -471.286099816022
Supermolecular DFT   -471.28609981602540

============================== Embedding Energies ==============================
Subsystem DFT              -390.83719718337136
Interaction                 -80.15774210389338
DFT-in-DFT                 -470.99493928726474
Supermolecular DFT         -471.28609981602540
Difference                   -0.29116052876066
Corrected DFT-in-DFT       -471.28609981602540
WF-in-DFT                  -469.91088869156886
Corrected WF-in-DFT        -470.20204922032951
================================================================================
TIMING STATISTICS:
     overlap integrals      0.03s   ( 0.00%)
    initial subsystems      0.13s   ( 0.00%)
           2e matrices   8328.85s   (87.48%)
      tot. embed. of 1   8631.77s   (90.66%)
      tot. embed. of 2      0.49s   ( 0.01%)
       freeze and thaw   8632.31s   (90.66%)
                   cas    192.29s   ( 2.02%)
                nevpt2     21.36s   ( 0.22%)
  interaction energies    673.45s   ( 7.07%)
                 TOTAL   9521.20s
================================================================================

********************************************************************************
*                              END OF CALCULATION                              *
********************************************************************************
