********************************************************************************
*                         FREEZE-AND-THAW CALCULATION                          *
********************************************************************************

================================== Input File ==================================


subsystem
C         -1.98931        0.50103        0.00907
H         -2.85869        0.78500        0.57117
H         -2.04732        0.60909       -1.05733
Cl        -2.54900       -1.61160       -0.07519
F         -1.77680        2.56744       -0.21916
C         -0.66467        0.41658        0.68592
H         -0.50483        1.39020        1.15589
H         -0.69718       -0.34920        1.46701
C          0.46311        0.12862       -0.27991
H          0.25255       -0.80888       -0.80921
H          0.48023        0.92713       -1.03032
C          1.81264        0.03688        0.39945
H          2.00991        0.96793        0.94722
H          1.78821       -0.75753        1.15762
C          2.95402       -0.22791       -0.56185
H          2.74919       -1.15226       -1.11352
H          2.98011        0.56891       -1.31318
charge -2
end

subsystem
C          4.29707       -0.32760        0.13179
H          4.29501       -1.13573        0.86804
H          5.11355       -0.51691       -0.56815
H          4.52639        0.59678        0.66861
charge +1
end

embed
 huzinaga
 cycles 100
 conv 1e-6
 method m062x
end

basis aug-cc-pVDZ
method ccsd(t)
grid 4
conv 1e-8
grad 1e-8
maxiter 100
================================== End Input ===================================
tot grids = 436954

                      Getting subsystem overlap integrals                       

                          Initial subsystem densities                           
Guessing initial subsystem densities
Initial guess from superpostion of atomic densties.
Guessing initial subsystem densities
Initial guess from superpostion of atomic densties.

=========================== Starting Freeze-and-Thaw ===========================
 iter:   1:1        |ddm|: 1.490203e+02     Tr[DP]  8.374816e-01
 iter:   1:2        |ddm|: 2.212483e+00     Tr[DP]  4.072561e-02
 iter:   2:1        |ddm|: 1.003243e+03     Tr[DP]  1.236493e-01
 iter:   2:2        |ddm|: 1.133449e+00     Tr[DP]  6.088340e-02
 iter:   3:1        |ddm|: 1.032545e+03     Tr[DP]  4.959053e-02
 iter:   3:2        |ddm|: 1.196755e+00     Tr[DP]  4.410159e-02
 iter:   4:1        |ddm|: 1.788641e+02     Tr[DP]  6.639730e-02
 iter:   4:2        |ddm|: 6.507355e-01     Tr[DP]  3.588190e-02
 iter:   5:1        |ddm|: 3.363597e+01     Tr[DP]  6.393427e-02
 iter:   5:2        |ddm|: 1.988290e-01     Tr[DP]  3.865438e-02
 iter:   6:1        |ddm|: 2.777467e+01     Tr[DP]  7.322134e-02
 iter:   6:2        |ddm|: 2.444094e-01     Tr[DP]  4.486836e-02
 iter:   7:1        |ddm|: 2.029073e+01     Tr[DP]  8.253944e-02
 iter:   7:2        |ddm|: 1.932245e-01     Tr[DP]  5.180101e-02
 iter:   8:1        |ddm|: 1.295071e+01     Tr[DP]  9.030586e-02
 iter:   8:2        |ddm|: 8.955615e-02     Tr[DP]  5.902996e-02
 iter:   9:1        |ddm|: 1.492634e+01     Tr[DP]  9.603074e-02
 iter:   9:2        |ddm|: 1.096526e-01     Tr[DP]  6.618966e-02
 iter:  10:1        |ddm|: 1.330955e+01     Tr[DP]  9.979187e-02
 iter:  10:2        |ddm|: 7.951688e-02     Tr[DP]  7.251601e-02
 iter:  11:1        |ddm|: 1.166791e+01     Tr[DP]  1.030946e-01
 iter:  11:2        |ddm|: 6.646050e-02     Tr[DP]  7.764837e-02
 iter:  12:1        |ddm|: 9.478291e+00     Tr[DP]  1.051581e-01
 iter:  12:2        |ddm|: 6.788843e-02     Tr[DP]  8.237874e-02
 iter:  13:1        |ddm|: 9.468443e+00     Tr[DP]  1.075981e-01
 iter:  13:2        |ddm|: 5.025420e-02     Tr[DP]  8.571954e-02
 iter:  14:1        |ddm|: 1.001327e+01     Tr[DP]  1.111094e-01
 iter:  14:2        |ddm|: 4.955064e-02     Tr[DP]  8.990733e-02
 iter:  15:1        |ddm|: 9.542494e+00     Tr[DP]  1.141395e-01
 iter:  15:2        |ddm|: 4.607549e-02     Tr[DP]  9.366190e-02
 iter:  16:1        |ddm|: 8.610822e+00     Tr[DP]  1.170936e-01
 iter:  16:2        |ddm|: 4.584357e-02     Tr[DP]  9.752126e-02
 iter:  17:1        |ddm|: 8.490136e+00     Tr[DP]  1.198088e-01
 iter:  17:2        |ddm|: 4.178230e-02     Tr[DP]  1.008732e-01
 iter:  18:1        |ddm|: 6.907690e+00     Tr[DP]  1.223288e-01
 iter:  18:2        |ddm|: 4.485491e-02     Tr[DP]  1.046308e-01
 iter:  19:1        |ddm|: 5.842963e+00     Tr[DP]  1.237177e-01
 iter:  19:2        |ddm|: 3.819174e-02     Tr[DP]  1.075607e-01
 iter:  20:1        |ddm|: 4.803883e+00     Tr[DP]  1.248712e-01
 iter:  20:2        |ddm|: 3.748383e-02     Tr[DP]  1.103650e-01
 iter:  21:1        |ddm|: 4.302277e+00     Tr[DP]  1.255776e-01
 iter:  21:2        |ddm|: 3.038494e-02     Tr[DP]  1.125288e-01
 iter:  22:1        |ddm|: 3.849184e+00     Tr[DP]  1.264147e-01
 iter:  22:2        |ddm|: 2.850653e-02     Tr[DP]  1.146265e-01
 iter:  23:1        |ddm|: 3.611383e+00     Tr[DP]  1.271257e-01
 iter:  23:2        |ddm|: 2.442332e-02     Tr[DP]  1.163840e-01
 iter:  24:1        |ddm|: 3.242391e+00     Tr[DP]  1.279395e-01
 iter:  24:2        |ddm|: 2.327978e-02     Tr[DP]  1.181279e-01
 iter:  25:1        |ddm|: 2.615486e+00     Tr[DP]  1.284742e-01
 iter:  25:2        |ddm|: 2.197390e-02     Tr[DP]  1.197030e-01
 iter:  26:1        |ddm|: 1.691722e+00     Tr[DP]  1.284327e-01
 iter:  26:2        |ddm|: 2.550579e-02     Tr[DP]  1.211680e-01
 iter:  27:1        |ddm|: 1.182558e+00     Tr[DP]  1.276283e-01
 iter:  27:2        |ddm|: 2.049204e-02     Tr[DP]  1.220392e-01
 iter:  28:1        |ddm|: 3.562769e+00     Tr[DP]  1.277227e-01
 iter:  28:2        |ddm|: 2.969836e-02     Tr[DP]  1.218969e-01
 iter:  29:1        |ddm|: 3.306973e+00     Tr[DP]  1.299713e-01
 iter:  29:2        |ddm|: 1.453402e-02     Tr[DP]  1.234423e-01
 iter:  30:1        |ddm|: 3.663999e+00     Tr[DP]  1.314524e-01
 iter:  30:2        |ddm|: 1.869744e-02     Tr[DP]  1.245100e-01
 iter:  31:1        |ddm|: 2.866244e+00     Tr[DP]  1.331847e-01
 iter:  31:2        |ddm|: 1.700132e-02     Tr[DP]  1.261809e-01
 iter:  32:1        |ddm|: 2.548764e+00     Tr[DP]  1.341042e-01
 iter:  32:2        |ddm|: 1.540886e-02     Tr[DP]  1.274198e-01
 iter:  33:1        |ddm|: 2.305030e+00     Tr[DP]  1.350445e-01
 iter:  33:2        |ddm|: 1.492730e-02     Tr[DP]  1.286551e-01
 iter:  34:1        |ddm|: 1.959789e+00     Tr[DP]  1.357586e-01
 iter:  34:2        |ddm|: 1.447247e-02     Tr[DP]  1.298242e-01
 iter:  35:1        |ddm|: 1.847099e+00     Tr[DP]  1.362991e-01
 iter:  35:2        |ddm|: 1.286069e-02     Tr[DP]  1.307704e-01
 iter:  36:1        |ddm|: 1.581182e+00     Tr[DP]  1.368464e-01
 iter:  36:2        |ddm|: 1.266615e-02     Tr[DP]  1.317675e-01
 iter:  37:1        |ddm|: 1.822516e+00     Tr[DP]  1.373102e-01
 iter:  37:2        |ddm|: 1.139363e-02     Tr[DP]  1.324270e-01
 iter:  38:1        |ddm|: 1.267543e+00     Tr[DP]  1.379686e-01
 iter:  38:2        |ddm|: 1.376299e-02     Tr[DP]  1.335312e-01
 iter:  39:1        |ddm|: 9.575416e-01     Tr[DP]  1.379574e-01
 iter:  39:2        |ddm|: 9.770592e-03     Tr[DP]  1.341489e-01
 iter:  40:1        |ddm|: 8.466003e-01     Tr[DP]  1.380372e-01
 iter:  40:2        |ddm|: 8.595086e-03     Tr[DP]  1.347153e-01
 iter:  41:1        |ddm|: 7.853380e-01     Tr[DP]  1.380981e-01
 iter:  41:2        |ddm|: 7.042859e-03     Tr[DP]  1.351596e-01
 iter:  42:1        |ddm|: 8.030846e-01     Tr[DP]  1.382466e-01
 iter:  42:2        |ddm|: 6.107793e-03     Tr[DP]  1.355558e-01
 iter:  43:1        |ddm|: 7.067545e-01     Tr[DP]  1.384469e-01
 iter:  43:2        |ddm|: 6.012720e-03     Tr[DP]  1.359941e-01
 iter:  44:1        |ddm|: 5.479239e-01     Tr[DP]  1.385407e-01
 iter:  44:2        |ddm|: 5.764818e-03     Tr[DP]  1.363884e-01
 iter:  45:1        |ddm|: 4.504984e-01     Tr[DP]  1.385481e-01
 iter:  45:2        |ddm|: 4.807869e-03     Tr[DP]  1.366868e-01
 iter:  46:1        |ddm|: 7.678323e-01     Tr[DP]  1.386561e-01
 iter:  46:2        |ddm|: 5.320418e-03     Tr[DP]  1.368010e-01
 iter:  47:1        |ddm|: 3.858927e-01     Tr[DP]  1.389722e-01
 iter:  47:2        |ddm|: 8.679052e-03     Tr[DP]  1.373803e-01
 iter:  48:1        |ddm|: 2.483076e-01     Tr[DP]  1.386930e-01
 iter:  48:2        |ddm|: 3.039985e-03     Tr[DP]  1.374310e-01
 iter:  49:1        |ddm|: 4.072998e-01     Tr[DP]  1.387755e-01
 iter:  49:2        |ddm|: 2.654790e-03     Tr[DP]  1.375681e-01
 iter:  50:1        |ddm|: 3.983252e-01     Tr[DP]  1.389373e-01
 iter:  50:2        |ddm|: 2.617599e-03     Tr[DP]  1.377690e-01
 iter:  51:1        |ddm|: 2.694992e-01     Tr[DP]  1.390447e-01
 iter:  51:2        |ddm|: 3.079540e-03     Tr[DP]  1.380019e-01
 iter:  52:1        |ddm|: 5.401642e-01     Tr[DP]  1.391054e-01
 iter:  52:2        |ddm|: 4.267716e-03     Tr[DP]  1.380267e-01
 iter:  53:1        |ddm|: 9.349527e-01     Tr[DP]  1.395696e-01
 iter:  53:2        |ddm|: 6.241462e-03     Tr[DP]  1.381715e-01
 iter:  54:1        |ddm|: 3.737330e-01     Tr[DP]  1.400747e-01
 iter:  54:2        |ddm|: 7.305958e-03     Tr[DP]  1.387457e-01
 iter:  55:1        |ddm|: 4.179097e-01     Tr[DP]  1.399485e-01
 iter:  55:2        |ddm|: 3.627146e-03     Tr[DP]  1.387839e-01
 iter:  56:1        |ddm|: 3.680366e-01     Tr[DP]  1.401854e-01
 iter:  56:2        |ddm|: 3.065529e-03     Tr[DP]  1.390554e-01
 iter:  57:1        |ddm|: 2.922106e-01     Tr[DP]  1.402505e-01
 iter:  57:2        |ddm|: 2.536249e-03     Tr[DP]  1.392340e-01
 iter:  58:1        |ddm|: 2.611245e-01     Tr[DP]  1.403175e-01
 iter:  58:2        |ddm|: 2.302922e-03     Tr[DP]  1.393998e-01
 iter:  59:1        |ddm|: 1.732845e-01     Tr[DP]  1.403469e-01
 iter:  59:2        |ddm|: 2.541364e-03     Tr[DP]  1.395697e-01
 iter:  60:1        |ddm|: 2.078989e-01     Tr[DP]  1.403330e-01
 iter:  60:2        |ddm|: 1.645437e-03     Tr[DP]  1.396332e-01
 iter:  61:1        |ddm|: 1.991254e-01     Tr[DP]  1.404130e-01
 iter:  61:2        |ddm|: 1.608411e-03     Tr[DP]  1.397571e-01
 iter:  62:1        |ddm|: 1.610147e-01     Tr[DP]  1.404503e-01
 iter:  62:2        |ddm|: 1.485025e-03     Tr[DP]  1.398617e-01
 iter:  63:1        |ddm|: 1.302664e-01     Tr[DP]  1.404712e-01
 iter:  63:2        |ddm|: 1.364878e-03     Tr[DP]  1.399540e-01
 iter:  64:1        |ddm|: 1.568449e-01     Tr[DP]  1.404915e-01
 iter:  64:2        |ddm|: 1.106959e-03     Tr[DP]  1.400085e-01
 iter:  65:1        |ddm|: 1.771908e-01     Tr[DP]  1.405615e-01
 iter:  65:2        |ddm|: 1.092104e-03     Tr[DP]  1.400822e-01
 iter:  66:1        |ddm|: 1.077293e-01     Tr[DP]  1.406194e-01
 iter:  66:2        |ddm|: 1.464357e-03     Tr[DP]  1.401931e-01
 iter:  67:1        |ddm|: 6.424880e-02     Tr[DP]  1.405973e-01
 iter:  67:2        |ddm|: 1.122425e-03     Tr[DP]  1.402552e-01
 iter:  68:1        |ddm|: 6.533466e-02     Tr[DP]  1.405761e-01
 iter:  68:2        |ddm|: 6.865048e-04     Tr[DP]  1.402865e-01
 iter:  69:1        |ddm|: 4.302841e-02     Tr[DP]  1.405703e-01
 iter:  69:2        |ddm|: 1.012505e-03     Tr[DP]  1.403386e-01
 iter:  70:1        |ddm|: 8.105068e-02     Tr[DP]  1.405508e-01
 iter:  70:2        |ddm|: 7.806565e-04     Tr[DP]  1.403333e-01
 iter:  71:1        |ddm|: 1.248561e-01     Tr[DP]  1.406144e-01
 iter:  71:2        |ddm|: 7.374775e-04     Tr[DP]  1.403656e-01
 iter:  72:1        |ddm|: 1.050763e-01     Tr[DP]  1.406816e-01
 iter:  72:2        |ddm|: 6.146755e-04     Tr[DP]  1.404215e-01
 iter:  73:1        |ddm|: 9.075687e-02     Tr[DP]  1.407249e-01
 iter:  73:2        |ddm|: 6.047453e-04     Tr[DP]  1.404721e-01
 iter:  74:1        |ddm|: 1.014291e-01     Tr[DP]  1.407643e-01
 iter:  74:2        |ddm|: 6.365127e-04     Tr[DP]  1.405123e-01
 iter:  75:1        |ddm|: 9.703946e-02     Tr[DP]  1.408095e-01
 iter:  75:2        |ddm|: 5.972745e-04     Tr[DP]  1.405571e-01
 iter:  76:1        |ddm|: 7.584899e-02     Tr[DP]  1.408474e-01
 iter:  76:2        |ddm|: 6.211936e-04     Tr[DP]  1.406089e-01
 iter:  77:1        |ddm|: 6.336411e-02     Tr[DP]  1.408657e-01
 iter:  77:2        |ddm|: 5.457357e-04     Tr[DP]  1.406489e-01
 iter:  78:1        |ddm|: 5.705115e-02     Tr[DP]  1.408813e-01
 iter:  78:2        |ddm|: 4.894676e-04     Tr[DP]  1.406841e-01
 iter:  79:1        |ddm|: 6.849455e-02     Tr[DP]  1.409001e-01
 iter:  79:2        |ddm|: 4.632717e-04     Tr[DP]  1.407089e-01
 iter:  80:1        |ddm|: 3.858019e-02     Tr[DP]  1.409224e-01
 iter:  80:2        |ddm|: 6.869034e-04     Tr[DP]  1.407582e-01
 iter:  81:1        |ddm|: 3.627494e-02     Tr[DP]  1.409105e-01
 iter:  81:2        |ddm|: 3.382631e-04     Tr[DP]  1.407696e-01
 iter:  82:1        |ddm|: 3.611655e-02     Tr[DP]  1.409229e-01
 iter:  82:2        |ddm|: 3.282223e-04     Tr[DP]  1.407937e-01
 iter:  83:1        |ddm|: 3.109496e-02     Tr[DP]  1.409280e-01
 iter:  83:2        |ddm|: 2.835649e-04     Tr[DP]  1.408125e-01
 iter:  84:1        |ddm|: 2.676641e-02     Tr[DP]  1.409330e-01
 iter:  84:2        |ddm|: 2.614170e-04     Tr[DP]  1.408303e-01
 iter:  85:1        |ddm|: 2.190537e-02     Tr[DP]  1.409353e-01
 iter:  85:2        |ddm|: 2.356264e-04     Tr[DP]  1.408456e-01
 iter:  86:1        |ddm|: 2.510395e-02     Tr[DP]  1.409384e-01
 iter:  86:2        |ddm|: 1.896125e-04     Tr[DP]  1.408559e-01
 iter:  87:1        |ddm|: 2.180582e-02     Tr[DP]  1.409459e-01
 iter:  87:2        |ddm|: 1.893042e-04     Tr[DP]  1.408698e-01
 iter:  88:1        |ddm|: 1.670908e-02     Tr[DP]  1.409487e-01
 iter:  88:2        |ddm|: 1.777155e-04     Tr[DP]  1.408817e-01
 iter:  89:1        |ddm|: 1.658107e-02     Tr[DP]  1.409504e-01
 iter:  89:2        |ddm|: 1.394126e-04     Tr[DP]  1.408902e-01
 iter:  90:1        |ddm|: 1.685793e-02     Tr[DP]  1.409548e-01
 iter:  90:2        |ddm|: 1.285769e-04     Tr[DP]  1.408989e-01
 iter:  91:1        |ddm|: 2.046086e-02     Tr[DP]  1.409611e-01
 iter:  91:2        |ddm|: 1.320376e-04     Tr[DP]  1.409063e-01
 iter:  92:1        |ddm|: 3.098354e-02     Tr[DP]  1.409732e-01
 iter:  92:2        |ddm|: 2.092779e-04     Tr[DP]  1.409123e-01
 iter:  93:1        |ddm|: 2.016764e-02     Tr[DP]  1.409899e-01
 iter:  93:2        |ddm|: 1.872381e-04     Tr[DP]  1.409294e-01
 iter:  94:1        |ddm|: 1.321112e-02     Tr[DP]  1.409923e-01
 iter:  94:2        |ddm|: 1.478636e-04     Tr[DP]  1.409399e-01
 iter:  95:1        |ddm|: 9.973822e-03     Tr[DP]  1.409928e-01
 iter:  95:2        |ddm|: 1.305422e-04     Tr[DP]  1.409483e-01
 iter:  96:1        |ddm|: 8.914712e-03     Tr[DP]  1.409920e-01
 iter:  96:2        |ddm|: 9.665404e-05     Tr[DP]  1.409540e-01
 iter:  97:1        |ddm|: 1.061137e-02     Tr[DP]  1.409933e-01
 iter:  97:2        |ddm|: 7.923354e-05     Tr[DP]  1.409582e-01
 iter:  98:1        |ddm|: 9.532114e-03     Tr[DP]  1.409969e-01
 iter:  98:2        |ddm|: 8.064837e-05     Tr[DP]  1.409643e-01
 iter:  99:1        |ddm|: 8.229158e-03     Tr[DP]  1.409988e-01
 iter:  99:2        |ddm|: 7.197475e-05     Tr[DP]  1.409693e-01
 iter: 100:1        |ddm|: 1.239387e-02     Tr[DP]  1.410019e-01
 iter: 100:2        |ddm|: 8.671115e-05     Tr[DP]  1.409718e-01
                         Freeze-and-Thaw NOT converged!                         

=================== Subsystem 1 at higher mean-field method ====================
  subiter:   1      |ddm|: 6.851779e+00
  subiter:   2      |ddm|: 1.480210e+00
  subiter:   3      |ddm|: 2.650902e-01
  subiter:   4      |ddm|: 1.402924e-01
  subiter:   5      |ddm|: 3.767991e-02
  subiter:   6      |ddm|: 2.443122e-02
  subiter:   7      |ddm|: 4.393294e-03
  subiter:   8      |ddm|: 2.304524e-03
  subiter:   9      |ddm|: 4.840413e-04
  subiter:  10      |ddm|: 2.209678e-04
  subiter:  11      |ddm|: 5.078970e-05
  subiter:  12      |ddm|: 1.074196e-05
  subiter:  13      |ddm|: 3.793807e-06
  subiter:  14      |ddm|: 2.118836e-06
  subiter:  15      |ddm|: 7.406662e-07
  subiter:  16      |ddm|: 2.320850e-07
  subiter:  17      |ddm|: 1.221715e-07
  subiter:  18      |ddm|: 8.097387e-08
  subiter:  19      |ddm|: 9.597007e-08
  subiter:  20      |ddm|: 9.481167e-08
  subiter:  21      |ddm|: 1.929088e-08
  subiter:  22      |ddm|: 1.163821e-07
  subiter:  23      |ddm|: 1.244462e-08
  subiter:  24      |ddm|: 2.050980e-08
  subiter:  25      |ddm|: 4.852258e-08
  subiter:  26      |ddm|: 1.130777e-07
  subiter:  27      |ddm|: 8.809697e-08
  subiter:  28      |ddm|: 4.852751e-08
  subiter:  29      |ddm|: 3.262980e-08
  subiter:  30      |ddm|: 3.015346e-08
  subiter:  31      |ddm|: 6.869686e-08
  subiter:  32      |ddm|: 4.545284e-08
  subiter:  33      |ddm|: 8.159350e-08
  subiter:  34      |ddm|: 4.520597e-08
  subiter:  35      |ddm|: 4.066992e-08
  subiter:  36      |ddm|: 7.463058e-08
  subiter:  37      |ddm|: 1.447721e-08
  subiter:  38      |ddm|: 3.287803e-08
  subiter:  39      |ddm|: 3.151380e-08
  subiter:  40      |ddm|: 8.799155e-08
  subiter:  41      |ddm|: 7.929106e-08
  subiter:  42      |ddm|: 2.861439e-08
  subiter:  43      |ddm|: 4.295344e-08
  subiter:  44      |ddm|: 1.285547e-07
  subiter:  45      |ddm|: 5.013592e-08
  subiter:  46      |ddm|: 1.152409e-07
  subiter:  47      |ddm|: 5.716290e-08
  subiter:  48      |ddm|: 7.813848e-08
  subiter:  49      |ddm|: 2.102589e-08
  subiter:  50      |ddm|: 4.968020e-08
  subiter:  51      |ddm|: 2.425927e-08
  subiter:  52      |ddm|: 4.476404e-08
  subiter:  53      |ddm|: 1.570995e-08
  subiter:  54      |ddm|: 5.225881e-08
  subiter:  55      |ddm|: 5.309362e-08
  subiter:  56      |ddm|: 6.798518e-08
  subiter:  57      |ddm|: 2.206091e-08
  subiter:  58      |ddm|: 4.320898e-08
  subiter:  59      |ddm|: 1.845188e-08
  subiter:  60      |ddm|: 1.362960e-08
  subiter:  61      |ddm|: 8.606730e-08
  subiter:  62      |ddm|: 2.898457e-08
  subiter:  63      |ddm|: 1.472590e-08
  subiter:  64      |ddm|: 3.385958e-08
  subiter:  65      |ddm|: 5.578150e-08
  subiter:  66      |ddm|: 5.098229e-08
  subiter:  67      |ddm|: 3.532573e-08
  subiter:  68      |ddm|: 9.355320e-09


******** <class 'pyscf.scf.hf.RHF'> flags ********
method = RHF
initial guess = minao
damping factor = 0
level shift factor = 0
DIIS = <class 'pyscf.scf.diis.CDIIS'>
DIIS start cycle = 1
DIIS space = 8
SCF tol = 1e-09
SCF gradient tol = None
max. SCF cycles = 100
direct_scf = True
direct_scf_tol = 1e-13
chkfile to save SCF result = /panfs/roc/scratch/graha682/201707_freezeAndThaw/20170714_augccpVDZ_m06_ccsdt_ft_5chloroflourohexane/tmpXxmtDG
max_memory 4000 MB (current use 242 MB)
Set gradient conv threshold to 3.16228e-05
init E= -764.947401450211
  HOMO = -0.22945865928619  LUMO = 0.120747873575514
cycle= 1 E= -764.947401450208  delta_E= 2.5e-12  |g|= 3.24e-10  |ddm|= 5.3e-07
  HOMO = -0.229458659285708  LUMO = 0.120747873576949
Extra cycle  E= -764.947401450218  delta_E= -9.32e-12  |g|= 3.24e-10  |ddm|= 1.19e-07
converged SCF energy = -764.947401450218


******** <class 'pyscf.dft.rks.RKS'> flags ********
method = RKS
initial guess = atom
damping factor = 0
level shift factor = 0.0
DIIS = <class 'pyscf.scf.diis.CDIIS'>
DIIS start cycle = 1
DIIS space = 8
SCF tol = 1e-08
SCF gradient tol = 1e-08
max. SCF cycles = 1
direct_scf = True
direct_scf_tol = 1e-13
chkfile to save SCF result = /panfs/roc/scratch/graha682/201707_freezeAndThaw/20170714_augccpVDZ_m06_ccsdt_ft_5chloroflourohexane/tmpNl5W6V
max_memory 4000 MB (current use 243 MB)
XC functionals = m062x
small_rho_cutoff = 1e-20
radial grids: Treutler-Ahlrichs (JCP 102, 346 (M4)) radial grids
becke partition: Becke, JCP, 88, 2547 (1988)
pruning grids: <function nwchem_prune at 0x170bed8>
grids dens level: 4
symmetrized grids: False
atomic radii adjust function: <function treutler_atomic_radii_adjust at 0x170bd70>
init E= -767.342666751555
  HOMO = -0.145418058409783  LUMO = 0.0787799935660695
cycle= 1 E= -767.342666753513  delta_E= -1.96e-09  |g|= 1.15e-05  |ddm|= 0.00979
SCF not converged.
SCF energy = -767.342666753513 after 1 cycles
 iter: 101:1        |ddm|: 7.934245e+00     Tr[DP]  1.568819e-01

==================== Doing CCSD Calculation on Subsystem 1 =====================

******** <class 'pyscf.cc.ccsd.CCSD'> flags ********
CCSD nocc = 34, nvir = 221
max_cycle = 50
direct = 0
conv_tol = 1e-07
conv_tol_normt = 1e-05
diis_space = 6
diis_start_cycle = 0
diis_start_energy_diff = 1e+09
max_memory 4000 MB (current use 249 MB)
Init t2, MP2 energy = -1.15215772147784
cycle = 1  E(CCSD) = -1.18693934878011  dE = -1.18693935  norm(t1,t2) = 0.167248
cycle = 2  E(CCSD) = -1.22039119132129  dE = -0.0334518425  norm(t1,t2) = 0.0641758
cycle = 3  E(CCSD) = -1.21970520025213  dE = 0.000685991069  norm(t1,t2) = 0.04621
cycle = 4  E(CCSD) = -1.22352063231235  dE = -0.00381543206  norm(t1,t2) = 0.0274656
cycle = 5  E(CCSD) = -1.22565667609731  dE = -0.00213604378  norm(t1,t2) = 0.00877002
cycle = 6  E(CCSD) = -1.22587418048014  dE = -0.000217504383  norm(t1,t2) = 0.00321007
cycle = 7  E(CCSD) = -1.22568258798688  dE = 0.000191592493  norm(t1,t2) = 0.00117396
cycle = 8  E(CCSD) = -1.22562008310651  dE = 6.25048804e-05  norm(t1,t2) = 0.000638778
cycle = 9  E(CCSD) = -1.22563507929089  dE = -1.49961844e-05  norm(t1,t2) = 0.000215201
cycle = 10  E(CCSD) = -1.22563642600534  dE = -1.34671445e-06  norm(t1,t2) = 0.000126322
cycle = 11  E(CCSD) = -1.22564216851221  dE = -5.74250687e-06  norm(t1,t2) = 7.17314e-05
cycle = 12  E(CCSD) = -1.22564418156149  dE = -2.01304928e-06  norm(t1,t2) = 3.4157e-05
cycle = 13  E(CCSD) = -1.22564334604062  dE = 8.3552087e-07  norm(t1,t2) = 1.41913e-05
cycle = 14  E(CCSD) = -1.22564366058203  dE = -3.14541408e-07  norm(t1,t2) = 8.17577e-06
cycle = 15  E(CCSD) = -1.2256437246479  dE = -6.40658746e-08  norm(t1,t2) = 4.13481e-06
CCSD converged
E(CCSD) = -766.1730451748655  E_corr = -1.225643724647901
Hartree-Fock Energy:  -764.94740145021763
CCSD Correlation:       -1.22564372464790
CCSD Energy:          -766.17304517486548

=================== Doing CCSD(T) Calculation on Subsystem 1 ===================
CCSD(T) correction = -0.0412734272055115
Hartree-Fock Energy:  -764.94740145021763
CCSD(T) Correlation:       -1.26691715185341
CCSD(T) Energy:          -766.21431860207099

============================== Supermolecular DFT ==============================
  subiter:   1      |ddm|: 1.143031e+02
  subiter:   2      |ddm|: 1.302197e+00
  subiter:   3      |ddm|: 3.406181e-01
  subiter:   4      |ddm|: 9.520179e-02
  subiter:   5      |ddm|: 3.056786e-02
  subiter:   6      |ddm|: 5.197473e-03
  subiter:   7      |ddm|: 1.803708e-03
  subiter:   8      |ddm|: 5.278504e-04
  subiter:   9      |ddm|: 2.353626e-04
  subiter:  10      |ddm|: 6.171596e-05
  subiter:  11      |ddm|: 2.381629e-05
  subiter:  12      |ddm|: 4.976651e-06
  subiter:  13      |ddm|: 3.000977e-06
  subiter:  14      |ddm|: 1.081066e-06
  subiter:  15      |ddm|: 5.444056e-07
  subiter:  16      |ddm|: 1.779831e-07
  subiter:  17      |ddm|: 5.853961e-08
  subiter:  18      |ddm|: 2.656480e-08
  subiter:  19      |ddm|: 8.658130e-08
  subiter:  20      |ddm|: 3.012585e-08
  subiter:  21      |ddm|: 5.889260e-09


******** <class 'pyscf.dft.rks.RKS'> flags ********
method = RKS
initial guess = atom
damping factor = 0
level shift factor = 0.0
DIIS = <class 'pyscf.scf.diis.CDIIS'>
DIIS start cycle = 1
DIIS space = 8
SCF tol = 1e-08
SCF gradient tol = 1e-08
max. SCF cycles = 100
direct_scf = True
direct_scf_tol = 1e-13
chkfile to save SCF result = /panfs/roc/scratch/graha682/201707_freezeAndThaw/20170714_augccpVDZ_m06_ccsdt_ft_5chloroflourohexane/tmpgPe6L_
max_memory 4000 MB (current use 1232 MB)
XC functionals = m062x
small_rho_cutoff = 1e-20
radial grids: Treutler-Ahlrichs (JCP 102, 346 (M4)) radial grids
becke partition: Becke, JCP, 88, 2547 (1988)
pruning grids: <function nwchem_prune at 0x170bed8>
grids dens level: 4
symmetrized grids: False
atomic radii adjust function: <function treutler_atomic_radii_adjust at 0x170bd70>
init E= -796.41248127129
  HOMO = -0.149278708710411  LUMO = 0.0690045527120449
cycle= 1 E= -796.412481271288  delta_E= 1.82e-12  |g|= 1.7e-09  |ddm|= 2.64e-08
  HOMO = -0.149278708813756  LUMO = 0.069004552722418
Extra cycle  E= -796.412481271288  delta_E= -2.27e-13  |g|= 1.7e-09  |ddm|= 2.39e-08
converged SCF energy = -796.412481271288
Supermolecular DFT   -796.41248127128813

============================== Embedding Energies ==============================
Subsystem DFT              -767.34266675350943
Interaction                 -28.90074322931923
DFT-in-DFT                 -796.24340998282867
Supermolecular DFT         -796.41248127128813
Difference                   -0.16907128845946
Corrected DFT-in-DFT       -796.41248127128813
WF-in-DFT                  -795.11506183139022
Corrected WF-in-DFT        -795.28413311984968
================================================================================
TIMING STATISTICS:
     overlap integrals      0.02s   ( 0.00%)
    initial subsystems      0.15s   ( 0.00%)
           2e matrices   2626.04s   (35.11%)
      tot. embed. of 1   3029.41s   (40.50%)
      tot. embed. of 2      0.16s   ( 0.00%)
       freeze and thaw   3029.59s   (40.51%)
                  ccsd   1200.04s   (16.04%)
               ccsd(t)   2574.20s   (34.42%)
  interaction energies    675.01s   ( 9.02%)
                 TOTAL   7479.45s
================================================================================

********************************************************************************
*                              END OF CALCULATION                              *
********************************************************************************
