********************************************************************************
*                         FREEZE-AND-THAW CALCULATION                          *
********************************************************************************

================================== Input File ==================================
subsystem
C          6.75784       -0.52823        0.01766
C          5.52823        0.33899       -0.16657
H          7.69142        0.02957       -0.15514
H          6.75007       -1.38418       -0.67860
H          6.80406       -0.94317        1.03899
C          4.22882       -0.41262        0.06371
H          5.51984        0.77249       -1.18503
H          5.57078        1.20692        0.51911
C          2.98802        0.44224       -0.11573
H          4.23169       -0.84858        1.08303
H          4.18003       -1.28140       -0.62326
C          1.68969       -0.31046        0.10975
H          2.98706        0.88041       -1.13391
H          3.03527        1.30896        0.57366
C          0.44920        0.54551       -0.06771
H          1.69088       -0.75030        1.12716
H          1.64129       -1.17595       -0.58103
charge -1
end

subsystem
C         -0.84890       -0.20898        0.15325
H          0.44936        0.98783       -1.08401
H          0.49555        1.40926        0.62537
C         -2.08883        0.64885       -0.02161
H         -0.84842       -0.65324        1.16864
H         -0.89671       -1.07098       -0.54165
C         -3.38308       -0.11434        0.19462
H         -2.08772        1.09543       -1.03565
H         -2.04401        1.50822        0.67657
C         -4.61940        0.75659        0.00992
H         -3.38787       -0.55721        1.20975
H         -3.43875       -0.97216       -0.50234
C         -5.85100       -0.05814        0.29252
H         -4.61828        1.16911       -1.01814
H         -4.54430        1.62931        0.68669
C         -6.50012       -0.96474       -0.45943
H         -6.62344       -1.99904       -0.11888
H         -6.93724       -0.72823       -1.44077
H         -5.72343       -0.44099        1.32723
charge +1
end

embed
 huzinaga
 cycles 300
 conv 1e-8
 method m06
end

basis aug-cc-pVDZ
method cas[2,2]/nevpt2
grid 4
conv 1e-8
grad 1e-8
maxiter 100

================================== End Input ===================================
tot grids = 725328

                      Getting subsystem overlap integrals                       

                          Initial subsystem densities                           
Guessing initial subsystem densities
Initial guess from superpostion of atomic densties.
Guessing initial subsystem densities
Initial guess from superpostion of atomic densties.

=========================== Starting Freeze-and-Thaw ===========================
 iter:   1:1        |ddm|: 1.124329e+02     Tr[DP]  7.635409e-01
 iter:   1:2        |ddm|: 2.970446e+01     Tr[DP]  2.825137e-01
 iter:   2:1        |ddm|: 2.151242e+02     Tr[DP]  1.150082e-01
 iter:   2:2        |ddm|: 2.726414e+01     Tr[DP]  1.461598e-01
 iter:   3:1        |ddm|: 2.085720e+02     Tr[DP]  1.628095e-01
 iter:   3:2        |ddm|: 1.719496e+01     Tr[DP]  1.725757e-01
 iter:   4:1        |ddm|: 6.290398e+01     Tr[DP]  1.209220e-01
 iter:   4:2        |ddm|: 9.577751e+00     Tr[DP]  1.331027e-01
 iter:   5:1        |ddm|: 2.318081e+01     Tr[DP]  1.261331e-01
 iter:   5:2        |ddm|: 6.943349e+00     Tr[DP]  1.238535e-01
 iter:   6:1        |ddm|: 1.490805e+01     Tr[DP]  1.340037e-01
 iter:   6:2        |ddm|: 4.142803e+00     Tr[DP]  1.190674e-01
 iter:   7:1        |ddm|: 1.122025e+01     Tr[DP]  1.393185e-01
 iter:   7:2        |ddm|: 2.553206e+00     Tr[DP]  1.191870e-01
 iter:   8:1        |ddm|: 7.627332e+00     Tr[DP]  1.424418e-01
 iter:   8:2        |ddm|: 1.560048e+00     Tr[DP]  1.223693e-01
 iter:   9:1        |ddm|: 5.541587e+00     Tr[DP]  1.441239e-01
 iter:   9:2        |ddm|: 9.977624e-01     Tr[DP]  1.258475e-01
 iter:  10:1        |ddm|: 4.107221e+00     Tr[DP]  1.457484e-01
 iter:  10:2        |ddm|: 7.847569e-01     Tr[DP]  1.275822e-01
 iter:  11:1        |ddm|: 4.035832e+00     Tr[DP]  1.461880e-01
 iter:  11:2        |ddm|: 9.729246e-01     Tr[DP]  1.284097e-01
 iter:  12:1        |ddm|: 3.077549e+00     Tr[DP]  1.460046e-01
 iter:  12:2        |ddm|: 8.240209e-01     Tr[DP]  1.299616e-01
 iter:  13:1        |ddm|: 8.342599e+00     Tr[DP]  1.465676e-01
 iter:  13:2        |ddm|: 1.520586e+00     Tr[DP]  1.378213e-01
 iter:  14:1        |ddm|: 2.630648e+00     Tr[DP]  1.497043e-01
 iter:  14:2        |ddm|: 6.305722e-01     Tr[DP]  1.375791e-01
 iter:  15:1        |ddm|: 2.092161e+00     Tr[DP]  1.503883e-01
 iter:  15:2        |ddm|: 3.446919e-01     Tr[DP]  1.383355e-01
 iter:  16:1        |ddm|: 1.837141e+00     Tr[DP]  1.508087e-01
 iter:  16:2        |ddm|: 3.076419e-01     Tr[DP]  1.392636e-01
 iter:  17:1        |ddm|: 3.520609e+00     Tr[DP]  1.514604e-01
 iter:  17:2        |ddm|: 5.987051e-01     Tr[DP]  1.419367e-01
 iter:  18:1        |ddm|: 1.621339e+00     Tr[DP]  1.525534e-01
 iter:  18:2        |ddm|: 4.255719e-01     Tr[DP]  1.407016e-01
 iter:  19:1        |ddm|: 1.295896e+00     Tr[DP]  1.521892e-01
 iter:  19:2        |ddm|: 4.115267e-01     Tr[DP]  1.410269e-01
 iter:  20:1        |ddm|: 1.274688e+00     Tr[DP]  1.518311e-01
 iter:  20:2        |ddm|: 3.874160e-01     Tr[DP]  1.418450e-01
 iter:  21:1        |ddm|: 1.084951e+00     Tr[DP]  1.516505e-01
 iter:  21:2        |ddm|: 3.763712e-01     Tr[DP]  1.420039e-01
 iter:  22:1        |ddm|: 1.085670e+00     Tr[DP]  1.512854e-01
 iter:  22:2        |ddm|: 3.556696e-01     Tr[DP]  1.425822e-01
 iter:  23:1        |ddm|: 9.569739e-01     Tr[DP]  1.510443e-01
 iter:  23:2        |ddm|: 3.308621e-01     Tr[DP]  1.427372e-01
 iter:  24:1        |ddm|: 8.621614e-01     Tr[DP]  1.507054e-01
 iter:  24:2        |ddm|: 3.437714e-01     Tr[DP]  1.427725e-01
 iter:  25:1        |ddm|: 8.665683e-01     Tr[DP]  1.503066e-01
 iter:  25:2        |ddm|: 3.252614e-01     Tr[DP]  1.430110e-01
 iter:  26:1        |ddm|: 7.727703e-01     Tr[DP]  1.499782e-01
 iter:  26:2        |ddm|: 3.124969e-01     Tr[DP]  1.429687e-01
 iter:  27:1        |ddm|: 6.955518e-01     Tr[DP]  1.496006e-01
 iter:  27:2        |ddm|: 3.250914e-01     Tr[DP]  1.428300e-01
 iter:  28:1        |ddm|: 7.070624e-01     Tr[DP]  1.491708e-01
 iter:  28:2        |ddm|: 3.061017e-01     Tr[DP]  1.429073e-01
 iter:  29:1        |ddm|: 6.791968e-01     Tr[DP]  1.488026e-01
 iter:  29:2        |ddm|: 2.808763e-01     Tr[DP]  1.428627e-01
 iter:  30:1        |ddm|: 7.138765e-01     Tr[DP]  1.484414e-01
 iter:  30:2        |ddm|: 2.578849e-01     Tr[DP]  1.428511e-01
 iter:  31:1        |ddm|: 5.976444e-01     Tr[DP]  1.480920e-01
 iter:  31:2        |ddm|: 2.524792e-01     Tr[DP]  1.425079e-01
 iter:  32:1        |ddm|: 5.399412e-01     Tr[DP]  1.476663e-01
 iter:  32:2        |ddm|: 2.759498e-01     Tr[DP]  1.420999e-01
 iter:  33:1        |ddm|: 1.208507e+00     Tr[DP]  1.473383e-01
 iter:  33:2        |ddm|: 3.218420e-01     Tr[DP]  1.430175e-01
 iter:  34:1        |ddm|: 5.763388e-01     Tr[DP]  1.469780e-01
 iter:  34:2        |ddm|: 1.912462e-01     Tr[DP]  1.419200e-01
 iter:  35:1        |ddm|: 5.321659e-01     Tr[DP]  1.465306e-01
 iter:  35:2        |ddm|: 2.227359e-01     Tr[DP]  1.412602e-01
 iter:  36:1        |ddm|: 4.986645e-01     Tr[DP]  1.460540e-01
 iter:  36:2        |ddm|: 2.517201e-01     Tr[DP]  1.408017e-01
 iter:  37:1        |ddm|: 4.723236e-01     Tr[DP]  1.455597e-01
 iter:  37:2        |ddm|: 2.618126e-01     Tr[DP]  1.403898e-01
 iter:  38:1        |ddm|: 4.429474e-01     Tr[DP]  1.450585e-01
 iter:  38:2        |ddm|: 2.677895e-01     Tr[DP]  1.399634e-01
 iter:  39:1        |ddm|: 4.102747e-01     Tr[DP]  1.445501e-01
 iter:  39:2        |ddm|: 2.852259e-01     Tr[DP]  1.394795e-01
 iter:  40:1        |ddm|: 4.280105e-01     Tr[DP]  1.440935e-01
 iter:  40:2        |ddm|: 2.634431e-01     Tr[DP]  1.393747e-01
 iter:  41:1        |ddm|: 4.273971e-01     Tr[DP]  1.436545e-01
 iter:  41:2        |ddm|: 2.301784e-01     Tr[DP]  1.391539e-01
 iter:  42:1        |ddm|: 3.957953e-01     Tr[DP]  1.432022e-01
 iter:  42:2        |ddm|: 2.135600e-01     Tr[DP]  1.387531e-01
 iter:  43:1        |ddm|: 3.594562e-01     Tr[DP]  1.426878e-01
 iter:  43:2        |ddm|: 2.218857e-01     Tr[DP]  1.381604e-01
 iter:  44:1        |ddm|: 5.533358e-01     Tr[DP]  1.423052e-01
 iter:  44:2        |ddm|: 2.176059e-01     Tr[DP]  1.382417e-01
 iter:  45:1        |ddm|: 3.487737e-01     Tr[DP]  1.417893e-01
 iter:  45:2        |ddm|: 1.842415e-01     Tr[DP]  1.374289e-01
 iter:  46:1        |ddm|: 3.553179e-01     Tr[DP]  1.413074e-01
 iter:  46:2        |ddm|: 1.998625e-01     Tr[DP]  1.369534e-01
 iter:  47:1        |ddm|: 3.382195e-01     Tr[DP]  1.408120e-01
 iter:  47:2        |ddm|: 2.047023e-01     Tr[DP]  1.364540e-01
 iter:  48:1        |ddm|: 3.230143e-01     Tr[DP]  1.403031e-01
 iter:  48:2        |ddm|: 2.115968e-01     Tr[DP]  1.359465e-01
 iter:  49:1        |ddm|: 3.429960e-01     Tr[DP]  1.398442e-01
 iter:  49:2        |ddm|: 2.039379e-01     Tr[DP]  1.356138e-01
 iter:  50:1        |ddm|: 3.019207e-01     Tr[DP]  1.392981e-01
 iter:  50:2        |ddm|: 2.112236e-01     Tr[DP]  1.349890e-01
 iter:  51:1        |ddm|: 2.954295e-01     Tr[DP]  1.388179e-01
 iter:  51:2        |ddm|: 2.183904e-01     Tr[DP]  1.345969e-01
 iter:  52:1        |ddm|: 2.797452e-01     Tr[DP]  1.383345e-01
 iter:  52:2        |ddm|: 2.175022e-01     Tr[DP]  1.341853e-01
 iter:  53:1        |ddm|: 2.910026e-01     Tr[DP]  1.379078e-01
 iter:  53:2        |ddm|: 2.010259e-01     Tr[DP]  1.339115e-01
 iter:  54:1        |ddm|: 2.990508e-01     Tr[DP]  1.374872e-01
 iter:  54:2        |ddm|: 1.796676e-01     Tr[DP]  1.335927e-01
 iter:  55:1        |ddm|: 2.607250e-01     Tr[DP]  1.369835e-01
 iter:  55:2        |ddm|: 1.739003e-01     Tr[DP]  1.330343e-01
 iter:  56:1        |ddm|: 2.594473e-01     Tr[DP]  1.364866e-01
 iter:  56:2        |ddm|: 1.838512e-01     Tr[DP]  1.325521e-01
 iter:  57:1        |ddm|: 2.584958e-01     Tr[DP]  1.360446e-01
 iter:  57:2        |ddm|: 1.813487e-01     Tr[DP]  1.321653e-01
 iter:  58:1        |ddm|: 2.882088e-01     Tr[DP]  1.356185e-01
 iter:  58:2        |ddm|: 1.717516e-01     Tr[DP]  1.318411e-01
 iter:  59:1        |ddm|: 2.433311e-01     Tr[DP]  1.350702e-01
 iter:  59:2        |ddm|: 1.717806e-01     Tr[DP]  1.312456e-01
 iter:  60:1        |ddm|: 2.395157e-01     Tr[DP]  1.346071e-01
 iter:  60:2        |ddm|: 1.802361e-01     Tr[DP]  1.308184e-01
 iter:  61:1        |ddm|: 2.358727e-01     Tr[DP]  1.341684e-01
 iter:  61:2        |ddm|: 1.766869e-01     Tr[DP]  1.304530e-01
 iter:  62:1        |ddm|: 2.403848e-01     Tr[DP]  1.336024e-01
 iter:  62:2        |ddm|: 1.937625e-01     Tr[DP]  1.299581e-01
 iter:  63:1        |ddm|: 2.901028e-01     Tr[DP]  1.333313e-01
 iter:  63:2        |ddm|: 1.701643e-01     Tr[DP]  1.298536e-01
 iter:  64:1        |ddm|: 2.219022e-01     Tr[DP]  1.329225e-01
 iter:  64:2        |ddm|: 1.468243e-01     Tr[DP]  1.294547e-01
 iter:  65:1        |ddm|: 2.154682e-01     Tr[DP]  1.324882e-01
 iter:  65:2        |ddm|: 1.395094e-01     Tr[DP]  1.289801e-01
 iter:  66:1        |ddm|: 2.506061e-01     Tr[DP]  1.321141e-01
 iter:  66:2        |ddm|: 1.375334e-01     Tr[DP]  1.285561e-01
 iter:  67:1        |ddm|: 4.730718e-01     Tr[DP]  1.319383e-01
 iter:  67:2        |ddm|: 1.964145e-01     Tr[DP]  1.282276e-01
 iter:  68:1        |ddm|: 2.746920e-01     Tr[DP]  1.311216e-01
 iter:  68:2        |ddm|: 1.242197e-01     Tr[DP]  1.270126e-01
 iter:  69:1        |ddm|: 2.553533e-01     Tr[DP]  1.304295e-01
 iter:  69:2        |ddm|: 1.530678e-01     Tr[DP]  1.262484e-01
 iter:  70:1        |ddm|: 2.579340e-01     Tr[DP]  1.298782e-01
 iter:  70:2        |ddm|: 1.672584e-01     Tr[DP]  1.257069e-01
 iter:  71:1        |ddm|: 2.473336e-01     Tr[DP]  1.293381e-01
 iter:  71:2        |ddm|: 1.685885e-01     Tr[DP]  1.251844e-01
 iter:  72:1        |ddm|: 2.381942e-01     Tr[DP]  1.287831e-01
 iter:  72:2        |ddm|: 1.682594e-01     Tr[DP]  1.246489e-01
 iter:  73:1        |ddm|: 2.312087e-01     Tr[DP]  1.282016e-01
 iter:  73:2        |ddm|: 1.722118e-01     Tr[DP]  1.241085e-01
 iter:  74:1        |ddm|: 2.477538e-01     Tr[DP]  1.275065e-01
 iter:  74:2        |ddm|: 2.004190e-01     Tr[DP]  1.235602e-01
 iter:  75:1        |ddm|: 2.536756e-01     Tr[DP]  1.271347e-01
 iter:  75:2        |ddm|: 1.780714e-01     Tr[DP]  1.233229e-01
 iter:  76:1        |ddm|: 2.060008e-01     Tr[DP]  1.266672e-01
 iter:  76:2        |ddm|: 1.605353e-01     Tr[DP]  1.229023e-01
 iter:  77:1        |ddm|: 2.153929e-01     Tr[DP]  1.262397e-01
 iter:  77:2        |ddm|: 1.459667e-01     Tr[DP]  1.224751e-01
 iter:  78:1        |ddm|: 2.200388e-01     Tr[DP]  1.258091e-01
 iter:  78:2        |ddm|: 1.364142e-01     Tr[DP]  1.219554e-01
 iter:  79:1        |ddm|: 2.008488e-01     Tr[DP]  1.252391e-01
 iter:  79:2        |ddm|: 1.349785e-01     Tr[DP]  1.213108e-01
 iter:  80:1        |ddm|: 2.338250e-01     Tr[DP]  1.247877e-01
 iter:  80:2        |ddm|: 1.351586e-01     Tr[DP]  1.207318e-01
 iter:  81:1        |ddm|: 2.101990e-01     Tr[DP]  1.241226e-01
 iter:  81:2        |ddm|: 1.404627e-01     Tr[DP]  1.200049e-01
 iter:  82:1        |ddm|: 2.185395e-01     Tr[DP]  1.235067e-01
 iter:  82:2        |ddm|: 1.518300e-01     Tr[DP]  1.193974e-01
 iter:  83:1        |ddm|: 2.189473e-01     Tr[DP]  1.228680e-01
 iter:  83:2        |ddm|: 1.659173e-01     Tr[DP]  1.188410e-01
 iter:  84:1        |ddm|: 2.243969e-01     Tr[DP]  1.223835e-01
 iter:  84:2        |ddm|: 1.567962e-01     Tr[DP]  1.183903e-01
 iter:  85:1        |ddm|: 2.024207e-01     Tr[DP]  1.218100e-01
 iter:  85:2        |ddm|: 1.557186e-01     Tr[DP]  1.178618e-01
 iter:  86:1        |ddm|: 2.015098e-01     Tr[DP]  1.212417e-01
 iter:  86:2        |ddm|: 1.574929e-01     Tr[DP]  1.173686e-01
 iter:  87:1        |ddm|: 2.057016e-01     Tr[DP]  1.207558e-01
 iter:  87:2        |ddm|: 1.496057e-01     Tr[DP]  1.169174e-01
 iter:  88:1        |ddm|: 1.971264e-01     Tr[DP]  1.202647e-01
 iter:  88:2        |ddm|: 1.413566e-01     Tr[DP]  1.164165e-01
 iter:  89:1        |ddm|: 2.045304e-01     Tr[DP]  1.197971e-01
 iter:  89:2        |ddm|: 1.333985e-01     Tr[DP]  1.158706e-01
 iter:  90:1        |ddm|: 1.932177e-01     Tr[DP]  1.191125e-01
 iter:  90:2        |ddm|: 1.457436e-01     Tr[DP]  1.152353e-01
 iter:  91:1        |ddm|: 1.988077e-01     Tr[DP]  1.185345e-01
 iter:  91:2        |ddm|: 1.550898e-01     Tr[DP]  1.147652e-01
 iter:  92:1        |ddm|: 2.068492e-01     Tr[DP]  1.180733e-01
 iter:  92:2        |ddm|: 1.460486e-01     Tr[DP]  1.143524e-01
 iter:  93:1        |ddm|: 1.802821e-01     Tr[DP]  1.175420e-01
 iter:  93:2        |ddm|: 1.425852e-01     Tr[DP]  1.138711e-01
 iter:  94:1        |ddm|: 1.800275e-01     Tr[DP]  1.170308e-01
 iter:  94:2        |ddm|: 1.403029e-01     Tr[DP]  1.134148e-01
 iter:  95:1        |ddm|: 1.825654e-01     Tr[DP]  1.165672e-01
 iter:  95:2        |ddm|: 1.325396e-01     Tr[DP]  1.129663e-01
 iter:  96:1        |ddm|: 1.700479e-01     Tr[DP]  1.160467e-01
 iter:  96:2        |ddm|: 1.318039e-01     Tr[DP]  1.124759e-01
 iter:  97:1        |ddm|: 1.747112e-01     Tr[DP]  1.154703e-01
 iter:  97:2        |ddm|: 1.418197e-01     Tr[DP]  1.120224e-01
 iter:  98:1        |ddm|: 1.754384e-01     Tr[DP]  1.149898e-01
 iter:  98:2        |ddm|: 1.433227e-01     Tr[DP]  1.116698e-01
 iter:  99:1        |ddm|: 2.703857e-01     Tr[DP]  1.148207e-01
 iter:  99:2        |ddm|: 1.227994e-01     Tr[DP]  1.112947e-01
 iter: 100:1        |ddm|: 1.494843e-01     Tr[DP]  1.142208e-01
 iter: 100:2        |ddm|: 1.109255e-01     Tr[DP]  1.105967e-01
 iter: 101:1        |ddm|: 1.653846e-01     Tr[DP]  1.136351e-01
 iter: 101:2        |ddm|: 1.186978e-01     Tr[DP]  1.099943e-01
 iter: 102:1        |ddm|: 1.795318e-01     Tr[DP]  1.131469e-01
 iter: 102:2        |ddm|: 1.187259e-01     Tr[DP]  1.094471e-01
 iter: 103:1        |ddm|: 1.958947e-01     Tr[DP]  1.126923e-01
 iter: 103:2        |ddm|: 1.172683e-01     Tr[DP]  1.088381e-01
 iter: 104:1        |ddm|: 1.743847e-01     Tr[DP]  1.119972e-01
 iter: 104:2        |ddm|: 1.268917e-01     Tr[DP]  1.081400e-01
 iter: 105:1        |ddm|: 1.864886e-01     Tr[DP]  1.113908e-01
 iter: 105:2        |ddm|: 1.359145e-01     Tr[DP]  1.075860e-01
 iter: 106:1        |ddm|: 1.851823e-01     Tr[DP]  1.108108e-01
 iter: 106:2        |ddm|: 1.413504e-01     Tr[DP]  1.070821e-01
 iter: 107:1        |ddm|: 1.830885e-01     Tr[DP]  1.102929e-01
 iter: 107:2        |ddm|: 1.361085e-01     Tr[DP]  1.066123e-01
 iter: 108:1        |ddm|: 1.721446e-01     Tr[DP]  1.097083e-01
 iter: 108:2        |ddm|: 1.424150e-01     Tr[DP]  1.061426e-01
 iter: 109:1        |ddm|: 1.816300e-01     Tr[DP]  1.092554e-01
 iter: 109:2        |ddm|: 1.304448e-01     Tr[DP]  1.057309e-01
 iter: 110:1        |ddm|: 1.602072e-01     Tr[DP]  1.087529e-01
 iter: 110:2        |ddm|: 1.254761e-01     Tr[DP]  1.052723e-01
 iter: 111:1        |ddm|: 1.592544e-01     Tr[DP]  1.082478e-01
 iter: 111:2        |ddm|: 1.230865e-01     Tr[DP]  1.048089e-01
 iter: 112:1        |ddm|: 1.582903e-01     Tr[DP]  1.077130e-01
 iter: 112:2        |ddm|: 1.299670e-01     Tr[DP]  1.043804e-01
 iter: 113:1        |ddm|: 2.089721e-01     Tr[DP]  1.073942e-01
 iter: 113:2        |ddm|: 1.111999e-01     Tr[DP]  1.039731e-01
 iter: 114:1        |ddm|: 1.447781e-01     Tr[DP]  1.068973e-01
 iter: 114:2        |ddm|: 1.070102e-01     Tr[DP]  1.033897e-01
 iter: 115:1        |ddm|: 1.506897e-01     Tr[DP]  1.063503e-01
 iter: 115:2        |ddm|: 1.105423e-01     Tr[DP]  1.028069e-01
 iter: 116:1        |ddm|: 1.583541e-01     Tr[DP]  1.057823e-01
 iter: 116:2        |ddm|: 1.183801e-01     Tr[DP]  1.022639e-01
 iter: 117:1        |ddm|: 2.124861e-01     Tr[DP]  1.054535e-01
 iter: 117:2        |ddm|: 1.107549e-01     Tr[DP]  1.017151e-01
 iter: 118:1        |ddm|: 1.756370e-01     Tr[DP]  1.046835e-01
 iter: 118:2        |ddm|: 1.269673e-01     Tr[DP]  1.010108e-01
 iter: 119:1        |ddm|: 1.814597e-01     Tr[DP]  1.041467e-01
 iter: 119:2        |ddm|: 1.264394e-01     Tr[DP]  1.005266e-01
 iter: 120:1        |ddm|: 1.701012e-01     Tr[DP]  1.035585e-01
 iter: 120:2        |ddm|: 1.376100e-01     Tr[DP]  1.000599e-01
 iter: 121:1        |ddm|: 1.938104e-01     Tr[DP]  1.031811e-01
 iter: 121:2        |ddm|: 1.145914e-01     Tr[DP]  9.963084e-02
 iter: 122:1        |ddm|: 1.493705e-01     Tr[DP]  1.026482e-01
 iter: 122:2        |ddm|: 1.128492e-01     Tr[DP]  9.906092e-02
 iter: 123:1        |ddm|: 1.558089e-01     Tr[DP]  1.020594e-01
 iter: 123:2        |ddm|: 1.216253e-01     Tr[DP]  9.851977e-02
 iter: 124:1        |ddm|: 1.680551e-01     Tr[DP]  1.015712e-01
 iter: 124:2        |ddm|: 1.164636e-01     Tr[DP]  9.803541e-02
 iter: 125:1        |ddm|: 1.555833e-01     Tr[DP]  1.010072e-01
 iter: 125:2        |ddm|: 1.233591e-01     Tr[DP]  9.753442e-02
 iter: 126:1        |ddm|: 1.639640e-01     Tr[DP]  1.005104e-01
 iter: 126:2        |ddm|: 1.200440e-01     Tr[DP]  9.708640e-02
 iter: 127:1        |ddm|: 1.541331e-01     Tr[DP]  9.997377e-02
 iter: 127:2        |ddm|: 1.258362e-01     Tr[DP]  9.665064e-02
 iter: 128:1        |ddm|: 1.567588e-01     Tr[DP]  9.948200e-02
 iter: 128:2        |ddm|: 1.259895e-01     Tr[DP]  9.627718e-02
 iter: 129:1        |ddm|: 1.519861e-01     Tr[DP]  9.902408e-02
 iter: 129:2        |ddm|: 1.230546e-01     Tr[DP]  9.593868e-02
 iter: 130:1        |ddm|: 1.694363e-01     Tr[DP]  9.871722e-02
 iter: 130:2        |ddm|: 9.793923e-02     Tr[DP]  9.557089e-02
 iter: 131:1        |ddm|: 1.240087e-01     Tr[DP]  9.824937e-02
 iter: 131:2        |ddm|: 9.737639e-02     Tr[DP]  9.507508e-02
 iter: 132:1        |ddm|: 1.343143e-01     Tr[DP]  9.776373e-02
 iter: 132:2        |ddm|: 1.013369e-01     Tr[DP]  9.460790e-02
 iter: 133:1        |ddm|: 1.396606e-01     Tr[DP]  9.728255e-02
 iter: 133:2        |ddm|: 1.061774e-01     Tr[DP]  9.417954e-02
 iter: 134:1        |ddm|: 1.458300e-01     Tr[DP]  9.687541e-02
 iter: 134:2        |ddm|: 9.870495e-02     Tr[DP]  9.376758e-02
 iter: 135:1        |ddm|: 1.387215e-01     Tr[DP]  9.647643e-02
 iter: 135:2        |ddm|: 9.398625e-02     Tr[DP]  9.328841e-02
 iter: 136:1        |ddm|: 1.301067e-01     Tr[DP]  9.598701e-02
 iter: 136:2        |ddm|: 9.541951e-02     Tr[DP]  9.276669e-02
 iter: 137:1        |ddm|: 1.376265e-01     Tr[DP]  9.550998e-02
 iter: 137:2        |ddm|: 9.763598e-02     Tr[DP]  9.225678e-02
 iter: 138:1        |ddm|: 1.405716e-01     Tr[DP]  9.496637e-02
 iter: 138:2        |ddm|: 1.099100e-01     Tr[DP]  9.177489e-02
 iter: 139:1        |ddm|: 1.518924e-01     Tr[DP]  9.450775e-02
 iter: 139:2        |ddm|: 1.075536e-01     Tr[DP]  9.136129e-02
 iter: 140:1        |ddm|: 1.416311e-01     Tr[DP]  9.406678e-02
 iter: 140:2        |ddm|: 1.027383e-01     Tr[DP]  9.093981e-02
 iter: 141:1        |ddm|: 1.350570e-01     Tr[DP]  9.358622e-02
 iter: 141:2        |ddm|: 1.070680e-01     Tr[DP]  9.051796e-02
 iter: 142:1        |ddm|: 1.387222e-01     Tr[DP]  9.311637e-02
 iter: 142:2        |ddm|: 1.118136e-01     Tr[DP]  9.014801e-02
 iter: 143:1        |ddm|: 1.409161e-01     Tr[DP]  9.271914e-02
 iter: 143:2        |ddm|: 1.027599e-01     Tr[DP]  8.981530e-02
 iter: 144:1        |ddm|: 1.294279e-01     Tr[DP]  9.225489e-02
 iter: 144:2        |ddm|: 1.129864e-01     Tr[DP]  8.948912e-02
 iter: 145:1        |ddm|: 1.604100e-01     Tr[DP]  9.198147e-02
 iter: 145:2        |ddm|: 8.567700e-02     Tr[DP]  8.919685e-02
 iter: 146:1        |ddm|: 1.485250e-01     Tr[DP]  9.171887e-02
 iter: 146:2        |ddm|: 8.667670e-02     Tr[DP]  8.872582e-02
 iter: 147:1        |ddm|: 1.136179e-01     Tr[DP]  9.119689e-02
 iter: 147:2        |ddm|: 8.773023e-02     Tr[DP]  8.811660e-02
 iter: 148:1        |ddm|: 1.322665e-01     Tr[DP]  9.067897e-02
 iter: 148:2        |ddm|: 9.703981e-02     Tr[DP]  8.762037e-02
 iter: 149:1        |ddm|: 1.438739e-01     Tr[DP]  9.016026e-02
 iter: 149:2        |ddm|: 1.157028e-01     Tr[DP]  8.722319e-02
 iter: 150:1        |ddm|: 1.494439e-01     Tr[DP]  8.977388e-02
 iter: 150:2        |ddm|: 1.024735e-01     Tr[DP]  8.690046e-02
 iter: 151:1        |ddm|: 1.266494e-01     Tr[DP]  8.936571e-02
 iter: 151:2        |ddm|: 9.954162e-02     Tr[DP]  8.655319e-02
 iter: 152:1        |ddm|: 1.240718e-01     Tr[DP]  8.896104e-02
 iter: 152:2        |ddm|: 9.786576e-02     Tr[DP]  8.622124e-02
 iter: 153:1        |ddm|: 1.235255e-01     Tr[DP]  8.857541e-02
 iter: 153:2        |ddm|: 9.517078e-02     Tr[DP]  8.590931e-02
 iter: 154:1        |ddm|: 1.154127e-01     Tr[DP]  8.819489e-02
 iter: 154:2        |ddm|: 9.248823e-02     Tr[DP]  8.560878e-02
 iter: 155:1        |ddm|: 1.207874e-01     Tr[DP]  8.783405e-02
 iter: 155:2        |ddm|: 9.213849e-02     Tr[DP]  8.534170e-02
 iter: 156:1        |ddm|: 1.212075e-01     Tr[DP]  8.753040e-02
 iter: 156:2        |ddm|: 8.063832e-02     Tr[DP]  8.507720e-02
 iter: 157:1        |ddm|: 1.044451e-01     Tr[DP]  8.720602e-02
 iter: 157:2        |ddm|: 7.618278e-02     Tr[DP]  8.476657e-02
 iter: 158:1        |ddm|: 1.014858e-01     Tr[DP]  8.687193e-02
 iter: 158:2        |ddm|: 7.454438e-02     Tr[DP]  8.444178e-02
 iter: 159:1        |ddm|: 1.025094e-01     Tr[DP]  8.654269e-02
 iter: 159:2        |ddm|: 7.340837e-02     Tr[DP]  8.412430e-02
 iter: 160:1        |ddm|: 2.535417e-01     Tr[DP]  8.655958e-02
 iter: 160:2        |ddm|: 1.610629e-01     Tr[DP]  8.362993e-02
 iter: 161:1        |ddm|: 2.114166e-01     Tr[DP]  8.582104e-02
 iter: 161:2        |ddm|: 1.074511e-01     Tr[DP]  8.280112e-02
 iter: 162:1        |ddm|: 1.705166e-01     Tr[DP]  8.521097e-02
 iter: 162:2        |ddm|: 1.310957e-01     Tr[DP]  8.238592e-02
 iter: 163:1        |ddm|: 1.703647e-01     Tr[DP]  8.482035e-02
 iter: 163:2        |ddm|: 1.199173e-01     Tr[DP]  8.215432e-02
 iter: 164:1        |ddm|: 1.341974e-01     Tr[DP]  8.449512e-02
 iter: 164:2        |ddm|: 9.358437e-02     Tr[DP]  8.189378e-02
 iter: 165:1        |ddm|: 1.132507e-01     Tr[DP]  8.416652e-02
 iter: 165:2        |ddm|: 8.029930e-02     Tr[DP]  8.157143e-02
 iter: 166:1        |ddm|: 1.068291e-01     Tr[DP]  8.377659e-02
 iter: 166:2        |ddm|: 8.711267e-02     Tr[DP]  8.122699e-02
 iter: 167:1        |ddm|: 1.192386e-01     Tr[DP]  8.345459e-02
 iter: 167:2        |ddm|: 7.616694e-02     Tr[DP]  8.091301e-02
 iter: 168:1        |ddm|: 1.044664e-01     Tr[DP]  8.309366e-02
 iter: 168:2        |ddm|: 7.827849e-02     Tr[DP]  8.056037e-02
 iter: 169:1        |ddm|: 1.104331e-01     Tr[DP]  8.274971e-02
 iter: 169:2        |ddm|: 7.561329e-02     Tr[DP]  8.021872e-02
 iter: 170:1        |ddm|: 1.066084e-01     Tr[DP]  8.238097e-02
 iter: 170:2        |ddm|: 8.039496e-02     Tr[DP]  7.987319e-02
 iter: 171:1        |ddm|: 1.113955e-01     Tr[DP]  8.200987e-02
 iter: 171:2        |ddm|: 8.613601e-02     Tr[DP]  7.956273e-02
 iter: 172:1        |ddm|: 1.130797e-01     Tr[DP]  8.167561e-02
 iter: 172:2        |ddm|: 8.250504e-02     Tr[DP]  7.928801e-02
 iter: 173:1        |ddm|: 1.059432e-01     Tr[DP]  8.135846e-02
 iter: 173:2        |ddm|: 7.715758e-02     Tr[DP]  7.901364e-02
 iter: 174:1        |ddm|: 1.031610e-01     Tr[DP]  8.106171e-02
 iter: 174:2        |ddm|: 6.977508e-02     Tr[DP]  7.872837e-02
 iter: 175:1        |ddm|: 9.802821e-02     Tr[DP]  8.071119e-02
 iter: 175:2        |ddm|: 8.044129e-02     Tr[DP]  7.843352e-02
 iter: 176:1        |ddm|: 1.065692e-01     Tr[DP]  8.039231e-02
 iter: 176:2        |ddm|: 8.099646e-02     Tr[DP]  7.819721e-02
 iter: 177:1        |ddm|: 1.038727e-01     Tr[DP]  8.011389e-02
 iter: 177:2        |ddm|: 7.257267e-02     Tr[DP]  7.797658e-02
 iter: 178:1        |ddm|: 9.887976e-02     Tr[DP]  7.987614e-02
 iter: 178:2        |ddm|: 5.922866e-02     Tr[DP]  7.772397e-02
 iter: 179:1        |ddm|: 8.296603e-02     Tr[DP]  7.959515e-02
 iter: 179:2        |ddm|: 6.000653e-02     Tr[DP]  7.741168e-02
 iter: 180:1        |ddm|: 8.921340e-02     Tr[DP]  7.926846e-02
 iter: 180:2        |ddm|: 6.869244e-02     Tr[DP]  7.710678e-02
 iter: 181:1        |ddm|: 9.796515e-02     Tr[DP]  7.898405e-02
 iter: 181:2        |ddm|: 6.476482e-02     Tr[DP]  7.684346e-02
 iter: 182:1        |ddm|: 9.100023e-02     Tr[DP]  7.868586e-02
 iter: 182:2        |ddm|: 6.817046e-02     Tr[DP]  7.657530e-02
 iter: 183:1        |ddm|: 9.374324e-02     Tr[DP]  7.840500e-02
 iter: 183:2        |ddm|: 6.570388e-02     Tr[DP]  7.632648e-02
 iter: 184:1        |ddm|: 9.071901e-02     Tr[DP]  7.811181e-02
 iter: 184:2        |ddm|: 7.062631e-02     Tr[DP]  7.608487e-02
 iter: 185:1        |ddm|: 9.291190e-02     Tr[DP]  7.784013e-02
 iter: 185:2        |ddm|: 6.871813e-02     Tr[DP]  7.587231e-02
 iter: 186:1        |ddm|: 8.687465e-02     Tr[DP]  7.758160e-02
 iter: 186:2        |ddm|: 6.434481e-02     Tr[DP]  7.566472e-02
 iter: 187:1        |ddm|: 8.538825e-02     Tr[DP]  7.733074e-02
 iter: 187:2        |ddm|: 6.369734e-02     Tr[DP]  7.546644e-02
 iter: 188:1        |ddm|: 8.448597e-02     Tr[DP]  7.710708e-02
 iter: 188:2        |ddm|: 5.451910e-02     Tr[DP]  7.526599e-02
 iter: 189:1        |ddm|: 7.609982e-02     Tr[DP]  7.686507e-02
 iter: 189:2        |ddm|: 5.634880e-02     Tr[DP]  7.504596e-02
 iter: 190:1        |ddm|: 7.900301e-02     Tr[DP]  7.663854e-02
 iter: 190:2        |ddm|: 5.197108e-02     Tr[DP]  7.483096e-02
 iter: 191:1        |ddm|: 7.529922e-02     Tr[DP]  7.641397e-02
 iter: 191:2        |ddm|: 4.993595e-02     Tr[DP]  7.459814e-02
 iter: 192:1        |ddm|: 7.348160e-02     Tr[DP]  7.617225e-02
 iter: 192:2        |ddm|: 5.207325e-02     Tr[DP]  7.435298e-02
 iter: 193:1        |ddm|: 9.334218e-02     Tr[DP]  7.600593e-02
 iter: 193:2        |ddm|: 5.698889e-02     Tr[DP]  7.408674e-02
 iter: 194:1        |ddm|: 7.933496e-02     Tr[DP]  7.569308e-02
 iter: 194:2        |ddm|: 6.144987e-02     Tr[DP]  7.372661e-02
 iter: 195:1        |ddm|: 9.158757e-02     Tr[DP]  7.539493e-02
 iter: 195:2        |ddm|: 6.656994e-02     Tr[DP]  7.346756e-02
 iter: 196:1        |ddm|: 9.146210e-02     Tr[DP]  7.512271e-02
 iter: 196:2        |ddm|: 6.928473e-02     Tr[DP]  7.325355e-02
 iter: 197:1        |ddm|: 8.778293e-02     Tr[DP]  7.486932e-02
 iter: 197:2        |ddm|: 6.789787e-02     Tr[DP]  7.306445e-02
 iter: 198:1        |ddm|: 8.341743e-02     Tr[DP]  7.463548e-02
 iter: 198:2        |ddm|: 6.283155e-02     Tr[DP]  7.288812e-02
 iter: 199:1        |ddm|: 7.944244e-02     Tr[DP]  7.442621e-02
 iter: 199:2        |ddm|: 5.297009e-02     Tr[DP]  7.270799e-02
 iter: 200:1        |ddm|: 7.146881e-02     Tr[DP]  7.420872e-02
 iter: 200:2        |ddm|: 5.198092e-02     Tr[DP]  7.250771e-02
 iter: 201:1        |ddm|: 7.224388e-02     Tr[DP]  7.398270e-02
 iter: 201:2        |ddm|: 5.269668e-02     Tr[DP]  7.231121e-02
 iter: 202:1        |ddm|: 7.439064e-02     Tr[DP]  7.378391e-02
 iter: 202:2        |ddm|: 4.680401e-02     Tr[DP]  7.212238e-02
 iter: 203:1        |ddm|: 7.957745e-02     Tr[DP]  7.362822e-02
 iter: 203:2        |ddm|: 4.935604e-02     Tr[DP]  7.189579e-02
 iter: 204:1        |ddm|: 7.220876e-02     Tr[DP]  7.335722e-02
 iter: 204:2        |ddm|: 5.655647e-02     Tr[DP]  7.158969e-02
 iter: 205:1        |ddm|: 8.314189e-02     Tr[DP]  7.309948e-02
 iter: 205:2        |ddm|: 6.103926e-02     Tr[DP]  7.137780e-02
 iter: 206:1        |ddm|: 8.175032e-02     Tr[DP]  7.289071e-02
 iter: 206:2        |ddm|: 5.035413e-02     Tr[DP]  7.119060e-02
 iter: 207:1        |ddm|: 7.321061e-02     Tr[DP]  7.265562e-02
 iter: 207:2        |ddm|: 5.865425e-02     Tr[DP]  7.098409e-02
 iter: 208:1        |ddm|: 7.762964e-02     Tr[DP]  7.246281e-02
 iter: 208:2        |ddm|: 4.539829e-02     Tr[DP]  7.079907e-02
 iter: 209:1        |ddm|: 7.240009e-02     Tr[DP]  7.222180e-02
 iter: 209:2        |ddm|: 6.159747e-02     Tr[DP]  7.058702e-02
 iter: 210:1        |ddm|: 7.878168e-02     Tr[DP]  7.201176e-02
 iter: 210:2        |ddm|: 5.500566e-02     Tr[DP]  7.043078e-02
 iter: 211:1        |ddm|: 7.124505e-02     Tr[DP]  7.181299e-02
 iter: 211:2        |ddm|: 5.270306e-02     Tr[DP]  7.027232e-02
 iter: 212:1        |ddm|: 6.869264e-02     Tr[DP]  7.161929e-02
 iter: 212:2        |ddm|: 5.063924e-02     Tr[DP]  7.011857e-02
 iter: 213:1        |ddm|: 6.690943e-02     Tr[DP]  7.143156e-02
 iter: 213:2        |ddm|: 4.899329e-02     Tr[DP]  6.997051e-02
 iter: 214:1        |ddm|: 6.535730e-02     Tr[DP]  7.125109e-02
 iter: 214:2        |ddm|: 4.724189e-02     Tr[DP]  6.982800e-02
 iter: 215:1        |ddm|: 6.396486e-02     Tr[DP]  7.106429e-02
 iter: 215:2        |ddm|: 5.171573e-02     Tr[DP]  6.969371e-02
 iter: 216:1        |ddm|: 6.554909e-02     Tr[DP]  7.090359e-02
 iter: 216:2        |ddm|: 4.431693e-02     Tr[DP]  6.957998e-02
 iter: 217:1        |ddm|: 6.080331e-02     Tr[DP]  7.076443e-02
 iter: 217:2        |ddm|: 3.531109e-02     Tr[DP]  6.944951e-02
 iter: 218:1        |ddm|: 5.183450e-02     Tr[DP]  7.060229e-02
 iter: 218:2        |ddm|: 3.786860e-02     Tr[DP]  6.929162e-02
 iter: 219:1        |ddm|: 5.663507e-02     Tr[DP]  7.043254e-02
 iter: 219:2        |ddm|: 4.172132e-02     Tr[DP]  6.914936e-02
 iter: 220:1        |ddm|: 6.011606e-02     Tr[DP]  7.029214e-02
 iter: 220:2        |ddm|: 3.380399e-02     Tr[DP]  6.901846e-02
 iter: 221:1        |ddm|: 5.222175e-02     Tr[DP]  7.012515e-02
 iter: 221:2        |ddm|: 4.101808e-02     Tr[DP]  6.886592e-02
 iter: 222:1        |ddm|: 5.802439e-02     Tr[DP]  6.996243e-02
 iter: 222:2        |ddm|: 4.307788e-02     Tr[DP]  6.874464e-02
 iter: 223:1        |ddm|: 5.658869e-02     Tr[DP]  6.982788e-02
 iter: 223:2        |ddm|: 3.369993e-02     Tr[DP]  6.862959e-02
 iter: 224:1        |ddm|: 4.857142e-02     Tr[DP]  6.968702e-02
 iter: 224:2        |ddm|: 3.328042e-02     Tr[DP]  6.849197e-02
 iter: 225:1        |ddm|: 4.980973e-02     Tr[DP]  6.955336e-02
 iter: 225:2        |ddm|: 3.061004e-02     Tr[DP]  6.834872e-02
 iter: 226:1        |ddm|: 4.910064e-02     Tr[DP]  6.939431e-02
 iter: 226:2        |ddm|: 3.699809e-02     Tr[DP]  6.819355e-02
 iter: 227:1        |ddm|: 5.507703e-02     Tr[DP]  6.926378e-02
 iter: 227:2        |ddm|: 3.042130e-02     Tr[DP]  6.805592e-02
 iter: 228:1        |ddm|: 4.646175e-02     Tr[DP]  6.912499e-02
 iter: 228:2        |ddm|: 3.243954e-02     Tr[DP]  6.788386e-02
 iter: 229:1        |ddm|: 7.479026e-02     Tr[DP]  6.890947e-02
 iter: 229:2        |ddm|: 7.168493e-02     Tr[DP]  6.773264e-02
 iter: 230:1        |ddm|: 8.780560e-02     Tr[DP]  6.882340e-02
 iter: 230:2        |ddm|: 3.254233e-02     Tr[DP]  6.765886e-02
 iter: 231:1        |ddm|: 4.732490e-02     Tr[DP]  6.866729e-02
 iter: 231:2        |ddm|: 3.891749e-02     Tr[DP]  6.746965e-02
 iter: 232:1        |ddm|: 5.427545e-02     Tr[DP]  6.851719e-02
 iter: 232:2        |ddm|: 3.413920e-02     Tr[DP]  6.733416e-02
 iter: 233:1        |ddm|: 5.046061e-02     Tr[DP]  6.837195e-02
 iter: 233:2        |ddm|: 3.489454e-02     Tr[DP]  6.719209e-02
 iter: 234:1        |ddm|: 5.085431e-02     Tr[DP]  6.822411e-02
 iter: 234:2        |ddm|: 3.612782e-02     Tr[DP]  6.705390e-02
 iter: 235:1        |ddm|: 5.455389e-02     Tr[DP]  6.806592e-02
 iter: 235:2        |ddm|: 4.509981e-02     Tr[DP]  6.692917e-02
 iter: 236:1        |ddm|: 5.501101e-02     Tr[DP]  6.792778e-02
 iter: 236:2        |ddm|: 3.829662e-02     Tr[DP]  6.683179e-02
 iter: 237:1        |ddm|: 4.874309e-02     Tr[DP]  6.780651e-02
 iter: 237:2        |ddm|: 3.041327e-02     Tr[DP]  6.672496e-02
 iter: 238:1        |ddm|: 4.498283e-02     Tr[DP]  6.767451e-02
 iter: 238:2        |ddm|: 3.361423e-02     Tr[DP]  6.660406e-02
 iter: 239:1        |ddm|: 4.812405e-02     Tr[DP]  6.754077e-02
 iter: 239:2        |ddm|: 3.573191e-02     Tr[DP]  6.649694e-02
 iter: 240:1        |ddm|: 4.763155e-02     Tr[DP]  6.741720e-02
 iter: 240:2        |ddm|: 3.272274e-02     Tr[DP]  6.639973e-02
 iter: 241:1        |ddm|: 4.436959e-02     Tr[DP]  6.730155e-02
 iter: 241:2        |ddm|: 2.918378e-02     Tr[DP]  6.629878e-02
 iter: 242:1        |ddm|: 4.247741e-02     Tr[DP]  6.718225e-02
 iter: 242:2        |ddm|: 3.031587e-02     Tr[DP]  6.619275e-02
 iter: 243:1        |ddm|: 4.355542e-02     Tr[DP]  6.706339e-02
 iter: 243:2        |ddm|: 3.080633e-02     Tr[DP]  6.609322e-02
 iter: 244:1        |ddm|: 4.345794e-02     Tr[DP]  6.694661e-02
 iter: 244:2        |ddm|: 3.141929e-02     Tr[DP]  6.600001e-02
 iter: 245:1        |ddm|: 4.610180e-02     Tr[DP]  6.682050e-02
 iter: 245:2        |ddm|: 4.141273e-02     Tr[DP]  6.591983e-02
 iter: 246:1        |ddm|: 4.925324e-02     Tr[DP]  6.670129e-02
 iter: 246:2        |ddm|: 4.766063e-02     Tr[DP]  6.587489e-02
 iter: 247:1        |ddm|: 5.197571e-02     Tr[DP]  6.663587e-02
 iter: 247:2        |ddm|: 2.066283e-02     Tr[DP]  6.583701e-02
 iter: 248:1        |ddm|: 2.970041e-02     Tr[DP]  6.656671e-02
 iter: 248:2        |ddm|: 2.267284e-02     Tr[DP]  6.573500e-02
 iter: 249:1        |ddm|: 3.048268e-02     Tr[DP]  6.646816e-02
 iter: 249:2        |ddm|: 2.328899e-02     Tr[DP]  6.561457e-02
 iter: 250:1        |ddm|: 3.551235e-02     Tr[DP]  6.637227e-02
 iter: 250:2        |ddm|: 2.243445e-02     Tr[DP]  6.550639e-02
 iter: 251:1        |ddm|: 3.557235e-02     Tr[DP]  6.626801e-02
 iter: 251:2        |ddm|: 2.475529e-02     Tr[DP]  6.539139e-02
 iter: 252:1        |ddm|: 4.043294e-02     Tr[DP]  6.619101e-02
 iter: 252:2        |ddm|: 3.239189e-02     Tr[DP]  6.526907e-02
 iter: 253:1        |ddm|: 4.121813e-02     Tr[DP]  6.606590e-02
 iter: 253:2        |ddm|: 3.208380e-02     Tr[DP]  6.510718e-02
 iter: 254:1        |ddm|: 4.715145e-02     Tr[DP]  6.593310e-02
 iter: 254:2        |ddm|: 3.515970e-02     Tr[DP]  6.499408e-02
 iter: 255:1        |ddm|: 4.612984e-02     Tr[DP]  6.581248e-02
 iter: 255:2        |ddm|: 3.519157e-02     Tr[DP]  6.490322e-02
 iter: 256:1        |ddm|: 4.273308e-02     Tr[DP]  6.570332e-02
 iter: 256:2        |ddm|: 3.129312e-02     Tr[DP]  6.482026e-02
 iter: 257:1        |ddm|: 3.962015e-02     Tr[DP]  6.560769e-02
 iter: 257:2        |ddm|: 2.384955e-02     Tr[DP]  6.473180e-02
 iter: 258:1        |ddm|: 3.839151e-02     Tr[DP]  6.549615e-02
 iter: 258:2        |ddm|: 3.241186e-02     Tr[DP]  6.463340e-02
 iter: 259:1        |ddm|: 4.120213e-02     Tr[DP]  6.539270e-02
 iter: 259:2        |ddm|: 2.876311e-02     Tr[DP]  6.455876e-02
 iter: 260:1        |ddm|: 3.747186e-02     Tr[DP]  6.529921e-02
 iter: 260:2        |ddm|: 2.497419e-02     Tr[DP]  6.448154e-02
 iter: 261:1        |ddm|: 3.561621e-02     Tr[DP]  6.520281e-02
 iter: 261:2        |ddm|: 2.665438e-02     Tr[DP]  6.440113e-02
 iter: 262:1        |ddm|: 3.640122e-02     Tr[DP]  6.510867e-02
 iter: 262:2        |ddm|: 2.626271e-02     Tr[DP]  6.432874e-02
 iter: 263:1        |ddm|: 3.536942e-02     Tr[DP]  6.501895e-02
 iter: 263:2        |ddm|: 2.506827e-02     Tr[DP]  6.425998e-02
 iter: 264:1        |ddm|: 3.390775e-02     Tr[DP]  6.493364e-02
 iter: 264:2        |ddm|: 2.312529e-02     Tr[DP]  6.419187e-02
 iter: 265:1        |ddm|: 3.247107e-02     Tr[DP]  6.485078e-02
 iter: 265:2        |ddm|: 2.213098e-02     Tr[DP]  6.412287e-02
 iter: 266:1        |ddm|: 3.269471e-02     Tr[DP]  6.476347e-02
 iter: 266:2        |ddm|: 2.565312e-02     Tr[DP]  6.405658e-02
 iter: 267:1        |ddm|: 3.320540e-02     Tr[DP]  6.468674e-02
 iter: 267:2        |ddm|: 2.053792e-02     Tr[DP]  6.399911e-02
 iter: 268:1        |ddm|: 2.924674e-02     Tr[DP]  6.461363e-02
 iter: 268:2        |ddm|: 1.872694e-02     Tr[DP]  6.393258e-02
 iter: 269:1        |ddm|: 2.915269e-02     Tr[DP]  6.453485e-02
 iter: 269:2        |ddm|: 2.118201e-02     Tr[DP]  6.386448e-02
 iter: 270:1        |ddm|: 2.994150e-02     Tr[DP]  6.446067e-02
 iter: 270:2        |ddm|: 1.900091e-02     Tr[DP]  6.380272e-02
 iter: 271:1        |ddm|: 2.805479e-02     Tr[DP]  6.438851e-02
 iter: 271:2        |ddm|: 1.836550e-02     Tr[DP]  6.373701e-02
 iter: 272:1        |ddm|: 5.804165e-02     Tr[DP]  6.437697e-02
 iter: 272:2        |ddm|: 6.114050e-02     Tr[DP]  6.363788e-02
 iter: 273:1        |ddm|: 7.385661e-02     Tr[DP]  6.424117e-02
 iter: 273:2        |ddm|: 4.891898e-02     Tr[DP]  6.346235e-02
 iter: 274:1        |ddm|: 5.285329e-02     Tr[DP]  6.412639e-02
 iter: 274:2        |ddm|: 3.917104e-02     Tr[DP]  6.342566e-02
 iter: 275:1        |ddm|: 3.807515e-02     Tr[DP]  6.404713e-02
 iter: 275:2        |ddm|: 2.979081e-02     Tr[DP]  6.338850e-02
 iter: 276:1        |ddm|: 3.067025e-02     Tr[DP]  6.397584e-02
 iter: 276:2        |ddm|: 2.261509e-02     Tr[DP]  6.334192e-02
 iter: 277:1        |ddm|: 2.778138e-02     Tr[DP]  6.390951e-02
 iter: 277:2        |ddm|: 1.787310e-02     Tr[DP]  6.328764e-02
 iter: 278:1        |ddm|: 2.636442e-02     Tr[DP]  6.384966e-02
 iter: 278:2        |ddm|: 1.519395e-02     Tr[DP]  6.322199e-02
 iter: 279:1        |ddm|: 2.430203e-02     Tr[DP]  6.378050e-02
 iter: 279:2        |ddm|: 1.742883e-02     Tr[DP]  6.314263e-02
 iter: 280:1        |ddm|: 2.751674e-02     Tr[DP]  6.370595e-02
 iter: 280:2        |ddm|: 1.903769e-02     Tr[DP]  6.307029e-02
 iter: 281:1        |ddm|: 2.980452e-02     Tr[DP]  6.362702e-02
 iter: 281:2        |ddm|: 2.370598e-02     Tr[DP]  6.300793e-02
 iter: 282:1        |ddm|: 3.018810e-02     Tr[DP]  6.355360e-02
 iter: 282:2        |ddm|: 2.274139e-02     Tr[DP]  6.295949e-02
 iter: 283:1        |ddm|: 2.808412e-02     Tr[DP]  6.348566e-02
 iter: 283:2        |ddm|: 2.147522e-02     Tr[DP]  6.291457e-02
 iter: 284:1        |ddm|: 2.647331e-02     Tr[DP]  6.342214e-02
 iter: 284:2        |ddm|: 1.951793e-02     Tr[DP]  6.287178e-02
 iter: 285:1        |ddm|: 2.532720e-02     Tr[DP]  6.337133e-02
 iter: 285:2        |ddm|: 1.280796e-02     Tr[DP]  6.282313e-02
 iter: 286:1        |ddm|: 2.122978e-02     Tr[DP]  6.331167e-02
 iter: 286:2        |ddm|: 1.537148e-02     Tr[DP]  6.275847e-02
 iter: 287:1        |ddm|: 2.428870e-02     Tr[DP]  6.326012e-02
 iter: 287:2        |ddm|: 1.516026e-02     Tr[DP]  6.269419e-02
 iter: 288:1        |ddm|: 2.370504e-02     Tr[DP]  6.319268e-02
 iter: 288:2        |ddm|: 1.828862e-02     Tr[DP]  6.261561e-02
 iter: 289:1        |ddm|: 2.837350e-02     Tr[DP]  6.311897e-02
 iter: 289:2        |ddm|: 2.218194e-02     Tr[DP]  6.255881e-02
 iter: 290:1        |ddm|: 2.751989e-02     Tr[DP]  6.305349e-02
 iter: 290:2        |ddm|: 1.991082e-02     Tr[DP]  6.251467e-02
 iter: 291:1        |ddm|: 2.495598e-02     Tr[DP]  6.299262e-02
 iter: 291:2        |ddm|: 1.863829e-02     Tr[DP]  6.247108e-02
 iter: 292:1        |ddm|: 2.357697e-02     Tr[DP]  6.293599e-02
 iter: 292:2        |ddm|: 1.603778e-02     Tr[DP]  6.242790e-02
 iter: 293:1        |ddm|: 2.200121e-02     Tr[DP]  6.288345e-02
 iter: 293:2        |ddm|: 1.347923e-02     Tr[DP]  6.238079e-02
 iter: 294:1        |ddm|: 2.079843e-02     Tr[DP]  6.282979e-02
 iter: 294:2        |ddm|: 1.378850e-02     Tr[DP]  6.232848e-02
 iter: 295:1        |ddm|: 2.108884e-02     Tr[DP]  6.278094e-02
 iter: 295:2        |ddm|: 1.263602e-02     Tr[DP]  6.227246e-02
 iter: 296:1        |ddm|: 2.114075e-02     Tr[DP]  6.272213e-02
 iter: 296:2        |ddm|: 1.595237e-02     Tr[DP]  6.220831e-02
 iter: 297:1        |ddm|: 2.468776e-02     Tr[DP]  6.265876e-02
 iter: 297:2        |ddm|: 1.922585e-02     Tr[DP]  6.215888e-02
 iter: 298:1        |ddm|: 2.432025e-02     Tr[DP]  6.260081e-02
 iter: 298:2        |ddm|: 1.786788e-02     Tr[DP]  6.211958e-02
 iter: 299:1        |ddm|: 2.310606e-02     Tr[DP]  6.254394e-02
 iter: 299:2        |ddm|: 1.981538e-02     Tr[DP]  6.208376e-02
 iter: 300:1        |ddm|: 2.252463e-02     Tr[DP]  6.249802e-02
 iter: 300:2        |ddm|: 1.204606e-02     Tr[DP]  6.205111e-02
                         Freeze-and-Thaw NOT converged!                         

=================== Subsystem 1 at higher mean-field method ====================
  subiter:   1      |ddm|: 8.724481e+00
  subiter:   2      |ddm|: 8.011181e-01
  subiter:   3      |ddm|: 6.008211e-02
  subiter:   4      |ddm|: 5.592395e-02
  subiter:   5      |ddm|: 9.132260e-03
  subiter:   6      |ddm|: 3.612818e-03
  subiter:   7      |ddm|: 6.076958e-04
  subiter:   8      |ddm|: 2.672680e-04
  subiter:   9      |ddm|: 8.503304e-05
  subiter:  10      |ddm|: 1.419656e-05
  subiter:  11      |ddm|: 4.000757e-06
  subiter:  12      |ddm|: 1.625024e-06
  subiter:  13      |ddm|: 3.483152e-07
  subiter:  14      |ddm|: 5.772412e-08
  subiter:  15      |ddm|: 3.522683e-08
  subiter:  16      |ddm|: 2.017343e-08
  subiter:  17      |ddm|: 1.053661e-08
  subiter:  18      |ddm|: 1.521329e-08
  subiter:  19      |ddm|: 3.251496e-08
  subiter:  20      |ddm|: 7.860272e-09


******** <class 'pyscf.scf.hf.RHF'> flags ********
method = RHF
initial guess = minao
damping factor = 0
level shift factor = 0
DIIS = <class 'pyscf.scf.diis.CDIIS'>
DIIS start cycle = 1
DIIS space = 8
SCF tol = 1e-09
SCF gradient tol = None
max. SCF cycles = 100
direct_scf = True
direct_scf_tol = 1e-13
chkfile to save SCF result = /panfs/roc/scratch/graha682/D120/201711_augccpVDZ_NEVPT2_m06_120_6c12h24/tmpejZMXu
max_memory 4000 MB (current use 3696 MB)
Set gradient conv threshold to 3.16228e-05
init E= -243.095585963865
  HOMO = -0.459317264874965  LUMO = 0.035810242032739
cycle= 1 E= -243.095585963861  delta_E= 3.64e-12  |g|= 1.06e-09  |ddm|= 1.85e-08
  HOMO = -0.459317264902985  LUMO = 0.0358102420396929
Extra cycle  E= -243.095585963861  delta_E= -3.41e-13  |g|= 7.41e-10  |ddm|= 1.57e-07
converged SCF energy = -243.095585963861


******** <class 'pyscf.dft.rks.RKS'> flags ********
method = RKS
initial guess = atom
damping factor = 0
level shift factor = 0.0
DIIS = <class 'pyscf.scf.diis.CDIIS'>
DIIS start cycle = 1
DIIS space = 8
SCF tol = 1e-08
SCF gradient tol = 1e-08
max. SCF cycles = 1
direct_scf = True
direct_scf_tol = 1e-13
chkfile to save SCF result = /panfs/roc/scratch/graha682/D120/201711_augccpVDZ_NEVPT2_m06_120_6c12h24/tmpAV71SI
max_memory 4000 MB (current use 3693 MB)
XC functionals = m06
small_rho_cutoff = 1e-20
radial grids: Treutler-Ahlrichs (JCP 102, 346 (M4)) radial grids
becke partition: Becke, JCP, 88, 2547 (1988)
pruning grids: <function nwchem_prune at 0x152b5f0>
grids dens level: 4
symmetrized grids: False
atomic radii adjust function: <function treutler_atomic_radii_adjust at 0x152b488>
init E= -244.548279159011
  HOMO = -0.332084816262575  LUMO = -0.0415087410349519
cycle= 1 E= -244.548280429246  delta_E= -1.27e-06  |g|= 0.000202  |ddm|= 0.0181
  HOMO = -0.33208956954168  LUMO = -0.0415103843738323
Extra cycle  E= -244.548280438498  delta_E= -9.25e-09  |g|= 0.000129  |ddm|= 0.00341
SCF not converged.
SCF energy = -244.548280438498 after 1 cycles
 iter: 301:1        |ddm|: 9.476070e+00     Tr[DP]  8.121146e-02

******** <class 'pyscf.mcscf.mc1step.CASSCF'> flags ********
CAS (1e+1e, 2o), ncore = 23, nvir = 212
max_cycle_macro = 50
max_cycle_micro = 4
conv_tol = 1e-07
conv_tol_grad = None
orbital rotation max_stepsize = 0.02
augmented hessian ah_max_cycle = 30
augmented hessian ah_conv_tol = 1e-12
augmented hessian ah_linear dependence = 1e-14
augmented hessian ah_level shift = 0
augmented hessian ah_start_tol = 2.5
augmented hessian ah_start_cycle = 3
augmented hessian ah_grad_trust_region = 3
kf_trust_region = 3
kf_interval = 4
ci_response_space = 4
ci_grad_trust_region = 3
with_dep4 0
natorb = False
canonicalization = True
sorting_mo_energy = False
chkfile = /panfs/roc/scratch/graha682/D120/201711_augccpVDZ_NEVPT2_m06_120_6c12h24/tmpejZMXu
max_memory 4000 MB (current use 3696 MB)
internal_rotation = False
******** <class 'pyscf.fci.direct_spin1.FCISolver'> flags ********
max. cycles = 50
conv_tol = 1e-08
davidson only = False
linear dependence = 1e-10
level shift = 0.001
max iter space = 12
max_memory 4000 MB
nroots = 1
pspace_size = 400
spin = None
CASCI E = -243.095586162878  S^2 = 0.0000000
Set conv_tol_grad to 0.000316228
macro iter 1 (1 JK  1 micro), CASSCF E = -243.095586162878  dE = 0  S^2 = 0.0000000
               |grad[o]|=2.6e-06  |grad[c]|= 5.55622895451e-15  |ddm|=    0
1-step CASSCF converged in 1 macro (1 JK 1 micro) steps
CASSCF canonicalization
CASSCF energy = -243.095586162878
Hartree-Fock Energy:  -243.09558596386148
CAS Correlation:       -0.00000019901637
CAS Energy:          -243.09558616287785
Sr    (-1)',   E = -0.00000466202903
Si    (+1)',   E = -0.00000005248619
Sijrs (0)  ,   E = -0.75794265723725
Sijr  (+1) ,   E = -0.00264680129851
Srsi  (-1) ,   E = -0.08749776290742
Srs   (-2) ,   E = -0.00495489267630
Sij   (+2) ,   E = -0.00000906383180
Sir   (0)' ,   E = -0.00021732016516
Nevpt2 Energy = -0.853273212631654
NEVPT2 =   -0.853273212631654
Total NEVPT2 = -243.948859375509500

============================== Supermolecular DFT ==============================
  subiter:   1      |ddm|: 4.515388e+01
  subiter:   2      |ddm|: 4.298307e+00
  subiter:   3      |ddm|: 1.016247e+00
  subiter:   4      |ddm|: 3.381347e-01
  subiter:   5      |ddm|: 1.093170e-01
  subiter:   6      |ddm|: 3.820215e-02
  subiter:   7      |ddm|: 9.375961e-03
  subiter:   8      |ddm|: 6.048248e-03
  subiter:   9      |ddm|: 2.118645e-03
  subiter:  10      |ddm|: 8.660667e-04
  subiter:  11      |ddm|: 5.681037e-04
  subiter:  12      |ddm|: 8.338630e-05
  subiter:  13      |ddm|: 5.598226e-05
  subiter:  14      |ddm|: 4.970774e-06
  subiter:  15      |ddm|: 6.575763e-06
  subiter:  16      |ddm|: 2.370809e-06
  subiter:  17      |ddm|: 1.471317e-07
  subiter:  18      |ddm|: 4.014996e-07
  subiter:  19      |ddm|: 1.919310e-07
  subiter:  20      |ddm|: 8.911511e-08
  subiter:  21      |ddm|: 6.061504e-08
  subiter:  22      |ddm|: 3.997902e-08
  subiter:  23      |ddm|: 8.609616e-08
  subiter:  24      |ddm|: 6.742731e-08
  subiter:  25      |ddm|: 1.023842e-07
  subiter:  26      |ddm|: 7.392914e-08
  subiter:  27      |ddm|: 8.854719e-08
  subiter:  28      |ddm|: 7.896774e-08
  subiter:  29      |ddm|: 1.339167e-07
  subiter:  30      |ddm|: 8.317740e-08
  subiter:  31      |ddm|: 8.902128e-08
  subiter:  32      |ddm|: 6.273692e-08
  subiter:  33      |ddm|: 8.456882e-08
  subiter:  34      |ddm|: 8.062926e-08
  subiter:  35      |ddm|: 7.677961e-08
  subiter:  36      |ddm|: 1.108793e-07
  subiter:  37      |ddm|: 9.956814e-08
  subiter:  38      |ddm|: 8.183125e-08
  subiter:  39      |ddm|: 6.246805e-08
  subiter:  40      |ddm|: 1.240640e-07
  subiter:  41      |ddm|: 1.085049e-07
  subiter:  42      |ddm|: 7.383627e-08
  subiter:  43      |ddm|: 9.214426e-08
  subiter:  44      |ddm|: 1.029559e-07
  subiter:  45      |ddm|: 9.138517e-08
  subiter:  46      |ddm|: 1.020037e-07
  subiter:  47      |ddm|: 7.120020e-08
  subiter:  48      |ddm|: 7.165158e-08
  subiter:  49      |ddm|: 1.089371e-07
  subiter:  50      |ddm|: 9.893929e-08
  subiter:  51      |ddm|: 1.282163e-07
  subiter:  52      |ddm|: 8.126631e-08
  subiter:  53      |ddm|: 1.020669e-07
  subiter:  54      |ddm|: 5.916975e-08
  subiter:  55      |ddm|: 1.237372e-07
  subiter:  56      |ddm|: 8.737362e-08
  subiter:  57      |ddm|: 9.283935e-08
  subiter:  58      |ddm|: 1.087626e-07
  subiter:  59      |ddm|: 7.893360e-08
  subiter:  60      |ddm|: 8.456916e-08
  subiter:  61      |ddm|: 1.047098e-07
  subiter:  62      |ddm|: 1.048815e-07
  subiter:  63      |ddm|: 1.049272e-07
  subiter:  64      |ddm|: 8.412245e-08
  subiter:  65      |ddm|: 1.112357e-07
  subiter:  66      |ddm|: 9.050816e-08
  subiter:  67      |ddm|: 6.408423e-08
  subiter:  68      |ddm|: 9.632738e-08
  subiter:  69      |ddm|: 6.828392e-08
  subiter:  70      |ddm|: 6.670766e-08
  subiter:  71      |ddm|: 1.268383e-07
  subiter:  72      |ddm|: 8.354910e-08
  subiter:  73      |ddm|: 7.364670e-08
  subiter:  74      |ddm|: 1.300397e-07
  subiter:  75      |ddm|: 1.251390e-07
  subiter:  76      |ddm|: 1.097183e-07
  subiter:  77      |ddm|: 1.542053e-07
  subiter:  78      |ddm|: 8.923493e-08
  subiter:  79      |ddm|: 7.283850e-08
  subiter:  80      |ddm|: 1.796362e-07
  subiter:  81      |ddm|: 8.613193e-08
  subiter:  82      |ddm|: 1.674176e-07
  subiter:  83      |ddm|: 1.111665e-07
  subiter:  84      |ddm|: 8.727947e-08
  subiter:  85      |ddm|: 8.665047e-08
  subiter:  86      |ddm|: 6.965737e-08
  subiter:  87      |ddm|: 7.496475e-08
  subiter:  88      |ddm|: 1.103431e-07
  subiter:  89      |ddm|: 6.806818e-08
  subiter:  90      |ddm|: 1.063654e-07
  subiter:  91      |ddm|: 5.504650e-08
  subiter:  92      |ddm|: 1.354669e-07
  subiter:  93      |ddm|: 1.255873e-07
  subiter:  94      |ddm|: 8.569141e-08
  subiter:  95      |ddm|: 9.927598e-08
  subiter:  96      |ddm|: 1.599366e-07
  subiter:  97      |ddm|: 7.959046e-08
  subiter:  98      |ddm|: 1.322657e-07
  subiter:  99      |ddm|: 1.153645e-07
  subiter: 100      |ddm|: 1.043192e-07


******** <class 'pyscf.dft.rks.RKS'> flags ********
method = RKS
initial guess = atom
damping factor = 0
level shift factor = 0.0
DIIS = <class 'pyscf.scf.diis.CDIIS'>
DIIS start cycle = 1
DIIS space = 8
SCF tol = 1e-08
SCF gradient tol = 1e-08
max. SCF cycles = 100
direct_scf = True
direct_scf_tol = 1e-13
chkfile to save SCF result = /panfs/roc/scratch/graha682/D120/201711_augccpVDZ_NEVPT2_m06_120_6c12h24/tmprsPGe7
max_memory 4000 MB (current use 3774 MB)
XC functionals = m06
small_rho_cutoff = 1e-20
radial grids: Treutler-Ahlrichs (JCP 102, 346 (M4)) radial grids
becke partition: Becke, JCP, 88, 2547 (1988)
pruning grids: <function nwchem_prune at 0x152b5f0>
grids dens level: 4
symmetrized grids: False
atomic radii adjust function: <function treutler_atomic_radii_adjust at 0x152b488>
init E= -471.316910932085
  HOMO = -0.25166614624657  LUMO = -0.0399285876710026
cycle= 1 E= -471.316910932084  delta_E= 2.27e-13  |g|= 1.28e-09  |ddm|= 3.33e-07
  HOMO = -0.251666146246475  LUMO = -0.0399285876690263
Extra cycle  E= -471.316910932092  delta_E= -7.5e-12  |g|= 3e-09  |ddm|= 1.21e-06
converged SCF energy = -471.316910932092
Supermolecular DFT   -471.31691093208383

============================== Embedding Energies ==============================
Subsystem DFT              -244.54828043849858
Interaction                -226.35819399560449
DFT-in-DFT                 -470.90647443410307
Supermolecular DFT         -471.31691093208383
Difference                   -0.41043649798075
Corrected DFT-in-DFT       -471.31691093208383
WF-in-DFT                  -470.30705337111397
Corrected WF-in-DFT        -470.71748986909472
================================================================================
TIMING STATISTICS:
     overlap integrals      0.04s   ( 0.00%)
    initial subsystems      0.23s   ( 0.00%)
           2e matrices  16516.48s   (73.55%)
      tot. embed. of 1  16614.60s   (73.99%)
      tot. embed. of 2      3.77s   ( 0.02%)
       freeze and thaw  16618.41s   (74.00%)
                   cas     15.55s   ( 0.07%)
                nevpt2     30.70s   ( 0.14%)
  interaction energies   5786.68s   (25.77%)
                 TOTAL  22456.02s
================================================================================

********************************************************************************
*                              END OF CALCULATION                              *
********************************************************************************
