********************************************************************************
*                         FREEZE-AND-THAW CALCULATION                          *
********************************************************************************

================================== Input File ==================================
subsystem
C          6.75784       -0.52823        0.01766
C          5.52823        0.33899       -0.16657
H          7.69142        0.02957       -0.15514
H          6.75007       -1.38418       -0.67860
H          6.80406       -0.94317        1.03899
C          4.22882       -0.41262        0.06371
H          5.51984        0.77249       -1.18503
H          5.57078        1.20692        0.51911
C          2.98802        0.44224       -0.11573
H          4.23169       -0.84858        1.08303
H          4.18003       -1.28140       -0.62326
C          1.68969       -0.31046        0.10975
H          2.98706        0.88041       -1.13391
H          3.03527        1.30896        0.57366
C          0.44920        0.54551       -0.06771
H          1.69088       -0.75030        1.12716
H          1.64129       -1.17595       -0.58103
charge -1
end

subsystem
C         -0.84890       -0.20898        0.15325
H          0.44936        0.98783       -1.08401
H          0.49555        1.40926        0.62537
C         -2.08883        0.64885       -0.02161
H         -0.84842       -0.65324        1.16864
H         -0.89671       -1.07098       -0.54165
C         -3.38308       -0.11434        0.19462
H         -2.08772        1.09543       -1.03565
H         -2.04401        1.50822        0.67657
C         -4.61940        0.75659        0.00992
H         -3.38787       -0.55721        1.20975
H         -3.43875       -0.97216       -0.50234
C         -5.85100       -0.05814        0.29252
H         -4.61828        1.16911       -1.01814
H         -4.54430        1.62931        0.68669
C         -6.50012       -0.96474       -0.45943
H         -6.62344       -1.99904       -0.11888
H         -6.93724       -0.72823       -1.44077
H         -5.72343       -0.44099        1.32723
charge +1
end

embed
 huzinaga
 cycles 300
 conv 1e-8
 method m06
end

basis aug-cc-pVTZ
method cas[2,2]/nevpt2
grid 4
conv 1e-8
grad 1e-8
maxiter 100

================================== End Input ===================================
tot grids = 725328

                      Getting subsystem overlap integrals                       

                          Initial subsystem densities                           
Guessing initial subsystem densities
Initial guess from superpostion of atomic densties.
Guessing initial subsystem densities
Initial guess from superpostion of atomic densties.

=========================== Starting Freeze-and-Thaw ===========================
 iter:   1:1        |ddm|: 2.624557e+02     Tr[DP]  7.722534e-01
 iter:   1:2        |ddm|: 6.292198e+01     Tr[DP]  2.680677e-01
 iter:   2:1        |ddm|: 5.952072e+02     Tr[DP]  9.164971e-02
 iter:   2:2        |ddm|: 5.697144e+01     Tr[DP]  1.418614e-01
 iter:   3:1        |ddm|: 5.426248e+02     Tr[DP]  1.051180e-01
 iter:   3:2        |ddm|: 1.853053e+01     Tr[DP]  1.727147e-01
 iter:   4:1        |ddm|: 1.115406e+02     Tr[DP]  8.783182e-02
 iter:   4:2        |ddm|: 8.700289e+00     Tr[DP]  1.373574e-01
 iter:   5:1        |ddm|: 5.617507e+01     Tr[DP]  9.083205e-02
 iter:   5:2        |ddm|: 6.514873e+00     Tr[DP]  1.177228e-01
 iter:   6:1        |ddm|: 3.834321e+01     Tr[DP]  9.418987e-02
 iter:   6:2        |ddm|: 4.626572e+00     Tr[DP]  1.045079e-01
 iter:   7:1        |ddm|: 2.987647e+01     Tr[DP]  9.610199e-02
 iter:   7:2        |ddm|: 3.199343e+00     Tr[DP]  9.657760e-02
 iter:   8:1        |ddm|: 2.419578e+01     Tr[DP]  9.732242e-02
 iter:   8:2        |ddm|: 2.389398e+00     Tr[DP]  9.287324e-02
 iter:   9:1        |ddm|: 2.023276e+01     Tr[DP]  9.778619e-02
 iter:   9:2        |ddm|: 1.851543e+00     Tr[DP]  9.116469e-02
 iter:  10:1        |ddm|: 1.665970e+01     Tr[DP]  9.802242e-02
 iter:  10:2        |ddm|: 1.574421e+00     Tr[DP]  8.910199e-02
 iter:  11:1        |ddm|: 1.281182e+01     Tr[DP]  9.888118e-02
 iter:  11:2        |ddm|: 1.261058e+00     Tr[DP]  8.908019e-02
 iter:  12:1        |ddm|: 1.176675e+01     Tr[DP]  9.925228e-02
 iter:  12:2        |ddm|: 1.077119e+00     Tr[DP]  8.878021e-02
 iter:  13:1        |ddm|: 1.006231e+01     Tr[DP]  9.941019e-02
 iter:  13:2        |ddm|: 9.221925e-01     Tr[DP]  8.846023e-02
 iter:  14:1        |ddm|: 8.718913e+00     Tr[DP]  9.931628e-02
 iter:  14:2        |ddm|: 7.923992e-01     Tr[DP]  8.784189e-02
 iter:  15:1        |ddm|: 7.502863e+00     Tr[DP]  9.884365e-02
 iter:  15:2        |ddm|: 6.686672e-01     Tr[DP]  8.732066e-02
 iter:  16:1        |ddm|: 5.552963e+00     Tr[DP]  9.899514e-02
 iter:  16:2        |ddm|: 5.290135e-01     Tr[DP]  8.931325e-02
 iter:  17:1        |ddm|: 5.951825e+00     Tr[DP]  9.936822e-02
 iter:  17:2        |ddm|: 4.955873e-01     Tr[DP]  8.970155e-02
 iter:  18:1        |ddm|: 5.401426e+00     Tr[DP]  9.935403e-02
 iter:  18:2        |ddm|: 4.633499e-01     Tr[DP]  8.964743e-02
 iter:  19:1        |ddm|: 4.771362e+00     Tr[DP]  9.912884e-02
 iter:  19:2        |ddm|: 4.131634e-01     Tr[DP]  8.953798e-02
 iter:  20:1        |ddm|: 4.094006e+00     Tr[DP]  9.886066e-02
 iter:  20:2        |ddm|: 3.482752e-01     Tr[DP]  8.975958e-02
 iter:  21:1        |ddm|: 3.803129e+00     Tr[DP]  9.859862e-02
 iter:  21:2        |ddm|: 3.357234e-01     Tr[DP]  8.942520e-02
 iter:  22:1        |ddm|: 3.148572e+00     Tr[DP]  9.816842e-02
 iter:  22:2        |ddm|: 2.772714e-01     Tr[DP]  9.008573e-02
 iter:  23:1        |ddm|: 3.026324e+00     Tr[DP]  9.792668e-02
 iter:  23:2        |ddm|: 2.746947e-01     Tr[DP]  9.016418e-02
 iter:  24:1        |ddm|: 2.732887e+00     Tr[DP]  9.762709e-02
 iter:  24:2        |ddm|: 2.582639e-01     Tr[DP]  8.986089e-02
 iter:  25:1        |ddm|: 2.615774e+00     Tr[DP]  9.710637e-02
 iter:  25:2        |ddm|: 3.590145e-01     Tr[DP]  9.189791e-02
 iter:  26:1        |ddm|: 2.581317e+00     Tr[DP]  9.729069e-02
 iter:  26:2        |ddm|: 3.012403e-01     Tr[DP]  9.160754e-02
 iter:  27:1        |ddm|: 2.304864e+00     Tr[DP]  9.716944e-02
 iter:  27:2        |ddm|: 2.580458e-01     Tr[DP]  9.117346e-02
 iter:  28:1        |ddm|: 2.016414e+00     Tr[DP]  9.687484e-02
 iter:  28:2        |ddm|: 2.247713e-01     Tr[DP]  9.108345e-02
 iter:  29:1        |ddm|: 1.832213e+00     Tr[DP]  9.658141e-02
 iter:  29:2        |ddm|: 2.090922e-01     Tr[DP]  9.105697e-02
 iter:  30:1        |ddm|: 1.690928e+00     Tr[DP]  9.631433e-02
 iter:  30:2        |ddm|: 1.965722e-01     Tr[DP]  9.086031e-02
 iter:  31:1        |ddm|: 1.511443e+00     Tr[DP]  9.600407e-02
 iter:  31:2        |ddm|: 1.809019e-01     Tr[DP]  9.074129e-02
 iter:  32:1        |ddm|: 1.344639e+00     Tr[DP]  9.564441e-02
 iter:  32:2        |ddm|: 1.883321e-01     Tr[DP]  9.121297e-02
 iter:  33:1        |ddm|: 1.337485e+00     Tr[DP]  9.544061e-02
 iter:  33:2        |ddm|: 1.946372e-01     Tr[DP]  9.136129e-02
 iter:  34:1        |ddm|: 1.272901e+00     Tr[DP]  9.523284e-02
 iter:  34:2        |ddm|: 1.917963e-01     Tr[DP]  9.146780e-02
 iter:  35:1        |ddm|: 1.196397e+00     Tr[DP]  9.508837e-02
 iter:  35:2        |ddm|: 1.773241e-01     Tr[DP]  9.119700e-02
 iter:  36:1        |ddm|: 1.083041e+00     Tr[DP]  9.488196e-02
 iter:  36:2        |ddm|: 1.600204e-01     Tr[DP]  9.100875e-02
 iter:  37:1        |ddm|: 1.077104e+00     Tr[DP]  9.452263e-02
 iter:  37:2        |ddm|: 1.937653e-01     Tr[DP]  9.164859e-02
 iter:  38:1        |ddm|: 1.025092e+00     Tr[DP]  9.445484e-02
 iter:  38:2        |ddm|: 1.768421e-01     Tr[DP]  9.137043e-02
 iter:  39:1        |ddm|: 9.237326e-01     Tr[DP]  9.430858e-02
 iter:  39:2        |ddm|: 1.548877e-01     Tr[DP]  9.111399e-02
 iter:  40:1        |ddm|: 8.392208e-01     Tr[DP]  9.410974e-02
 iter:  40:2        |ddm|: 1.434050e-01     Tr[DP]  9.102319e-02
 iter:  41:1        |ddm|: 7.781426e-01     Tr[DP]  9.391994e-02
 iter:  41:2        |ddm|: 1.389599e-01     Tr[DP]  9.095680e-02
 iter:  42:1        |ddm|: 7.390121e-01     Tr[DP]  9.376526e-02
 iter:  42:2        |ddm|: 1.327751e-01     Tr[DP]  9.081334e-02
 iter:  43:1        |ddm|: 7.077017e-01     Tr[DP]  9.353443e-02
 iter:  43:2        |ddm|: 1.426586e-01     Tr[DP]  9.104768e-02
 iter:  44:1        |ddm|: 7.070615e-01     Tr[DP]  9.336911e-02
 iter:  44:2        |ddm|: 1.525673e-01     Tr[DP]  9.113933e-02
 iter:  45:1        |ddm|: 7.891700e-01     Tr[DP]  9.315702e-02
 iter:  45:2        |ddm|: 1.874088e-01     Tr[DP]  9.156783e-02
 iter:  46:1        |ddm|: 7.001460e-01     Tr[DP]  9.315088e-02
 iter:  46:2        |ddm|: 1.599642e-01     Tr[DP]  9.111878e-02
 iter:  47:1        |ddm|: 6.234695e-01     Tr[DP]  9.303531e-02
 iter:  47:2        |ddm|: 1.343808e-01     Tr[DP]  9.091989e-02
 iter:  48:1        |ddm|: 5.751613e-01     Tr[DP]  9.292546e-02
 iter:  48:2        |ddm|: 1.246317e-01     Tr[DP]  9.076307e-02
 iter:  49:1        |ddm|: 5.471088e-01     Tr[DP]  9.280036e-02
 iter:  49:2        |ddm|: 1.219611e-01     Tr[DP]  9.068715e-02
 iter:  50:1        |ddm|: 5.239653e-01     Tr[DP]  9.267643e-02
 iter:  50:2        |ddm|: 1.183452e-01     Tr[DP]  9.055376e-02
 iter:  51:1        |ddm|: 4.895603e-01     Tr[DP]  9.255087e-02
 iter:  51:2        |ddm|: 1.119224e-01     Tr[DP]  9.041895e-02
 iter:  52:1        |ddm|: 4.740113e-01     Tr[DP]  9.240671e-02
 iter:  52:2        |ddm|: 1.151064e-01     Tr[DP]  9.047701e-02
 iter:  53:1        |ddm|: 4.629919e-01     Tr[DP]  9.229687e-02
 iter:  53:2        |ddm|: 1.153484e-01     Tr[DP]  9.039702e-02
 iter:  54:1        |ddm|: 4.313308e-01     Tr[DP]  9.221602e-02
 iter:  54:2        |ddm|: 1.057157e-01     Tr[DP]  9.014550e-02
 iter:  55:1        |ddm|: 4.379097e-01     Tr[DP]  9.205487e-02
 iter:  55:2        |ddm|: 1.130505e-01     Tr[DP]  9.032215e-02
 iter:  56:1        |ddm|: 4.105250e-01     Tr[DP]  9.197086e-02
 iter:  56:2        |ddm|: 1.089868e-01     Tr[DP]  9.014902e-02
 iter:  57:1        |ddm|: 4.212831e-01     Tr[DP]  9.183487e-02
 iter:  57:2        |ddm|: 1.140049e-01     Tr[DP]  9.025655e-02
 iter:  58:1        |ddm|: 4.006206e-01     Tr[DP]  9.174532e-02
 iter:  58:2        |ddm|: 1.126775e-01     Tr[DP]  9.017535e-02
 iter:  59:1        |ddm|: 3.783835e-01     Tr[DP]  9.166053e-02
 iter:  59:2        |ddm|: 1.062309e-01     Tr[DP]  9.006350e-02
 iter:  60:1        |ddm|: 3.779371e-01     Tr[DP]  9.155901e-02
 iter:  60:2        |ddm|: 1.065254e-01     Tr[DP]  9.005319e-02
 iter:  61:1        |ddm|: 3.502533e-01     Tr[DP]  9.148997e-02
 iter:  61:2        |ddm|: 1.005382e-01     Tr[DP]  8.988750e-02
 iter:  62:1        |ddm|: 3.295778e-01     Tr[DP]  9.140735e-02
 iter:  62:2        |ddm|: 9.387379e-02     Tr[DP]  8.977063e-02
 iter:  63:1        |ddm|: 3.191184e-01     Tr[DP]  9.131749e-02
 iter:  63:2        |ddm|: 9.198574e-02     Tr[DP]  8.971385e-02
 iter:  64:1        |ddm|: 3.191645e-01     Tr[DP]  9.122242e-02
 iter:  64:2        |ddm|: 9.432045e-02     Tr[DP]  8.969750e-02
 iter:  65:1        |ddm|: 3.290959e-01     Tr[DP]  9.112558e-02
 iter:  65:2        |ddm|: 9.964500e-02     Tr[DP]  8.972478e-02
 iter:  66:1        |ddm|: 3.037883e-01     Tr[DP]  9.105913e-02
 iter:  66:2        |ddm|: 9.388919e-02     Tr[DP]  8.957180e-02
 iter:  67:1        |ddm|: 3.035699e-01     Tr[DP]  9.097107e-02
 iter:  67:2        |ddm|: 9.229821e-02     Tr[DP]  8.956094e-02
 iter:  68:1        |ddm|: 3.224871e-01     Tr[DP]  9.087700e-02
 iter:  68:2        |ddm|: 1.005575e-01     Tr[DP]  8.961085e-02
 iter:  69:1        |ddm|: 2.881117e-01     Tr[DP]  9.082063e-02
 iter:  69:2        |ddm|: 9.261144e-02     Tr[DP]  8.943088e-02
 iter:  70:1        |ddm|: 2.698502e-01     Tr[DP]  9.075330e-02
 iter:  70:2        |ddm|: 8.430516e-02     Tr[DP]  8.931747e-02
 iter:  71:1        |ddm|: 2.654010e-01     Tr[DP]  9.067620e-02
 iter:  71:2        |ddm|: 8.310214e-02     Tr[DP]  8.927152e-02
 iter:  72:1        |ddm|: 2.614381e-01     Tr[DP]  9.060095e-02
 iter:  72:2        |ddm|: 8.336011e-02     Tr[DP]  8.922209e-02
 iter:  73:1        |ddm|: 2.417946e-01     Tr[DP]  9.055759e-02
 iter:  73:2        |ddm|: 7.693053e-02     Tr[DP]  8.894919e-02
 iter:  74:1        |ddm|: 3.005696e-01     Tr[DP]  9.044137e-02
 iter:  74:2        |ddm|: 8.999230e-02     Tr[DP]  8.920838e-02
 iter:  75:1        |ddm|: 2.455496e-01     Tr[DP]  9.038526e-02
 iter:  75:2        |ddm|: 8.436366e-02     Tr[DP]  8.904120e-02
 iter:  76:1        |ddm|: 2.319294e-01     Tr[DP]  9.032136e-02
 iter:  76:2        |ddm|: 7.654918e-02     Tr[DP]  8.895653e-02
 iter:  77:1        |ddm|: 2.242491e-01     Tr[DP]  9.025503e-02
 iter:  77:2        |ddm|: 7.436478e-02     Tr[DP]  8.888907e-02
 iter:  78:1        |ddm|: 2.227072e-01     Tr[DP]  9.018517e-02
 iter:  78:2        |ddm|: 7.424801e-02     Tr[DP]  8.885123e-02
 iter:  79:1        |ddm|: 2.201520e-01     Tr[DP]  9.011736e-02
 iter:  79:2        |ddm|: 7.425558e-02     Tr[DP]  8.880846e-02
 iter:  80:1        |ddm|: 2.118347e-01     Tr[DP]  9.005420e-02
 iter:  80:2        |ddm|: 7.228454e-02     Tr[DP]  8.873909e-02
 iter:  81:1        |ddm|: 2.080471e-01     Tr[DP]  8.998947e-02
 iter:  81:2        |ddm|: 7.095743e-02     Tr[DP]  8.869017e-02
 iter:  82:1        |ddm|: 1.952775e-01     Tr[DP]  8.993135e-02
 iter:  82:2        |ddm|: 6.772880e-02     Tr[DP]  8.859110e-02
 iter:  83:1        |ddm|: 1.873828e-01     Tr[DP]  8.987210e-02
 iter:  83:2        |ddm|: 6.499383e-02     Tr[DP]  8.851957e-02
 iter:  84:1        |ddm|: 1.771545e-01     Tr[DP]  8.981667e-02
 iter:  84:2        |ddm|: 6.240756e-02     Tr[DP]  8.842425e-02
 iter:  85:1        |ddm|: 1.714850e-01     Tr[DP]  8.975452e-02
 iter:  85:2        |ddm|: 6.097437e-02     Tr[DP]  8.837481e-02
 iter:  86:1        |ddm|: 2.626576e-01     Tr[DP]  8.965947e-02
 iter:  86:2        |ddm|: 8.572898e-02     Tr[DP]  8.862335e-02
 iter:  87:1        |ddm|: 2.267342e-01     Tr[DP]  8.959134e-02
 iter:  87:2        |ddm|: 8.664377e-02     Tr[DP]  8.860378e-02
 iter:  88:1        |ddm|: 2.139762e-01     Tr[DP]  8.953617e-02
 iter:  88:2        |ddm|: 7.904706e-02     Tr[DP]  8.853365e-02
 iter:  89:1        |ddm|: 2.521575e-01     Tr[DP]  8.946518e-02
 iter:  89:2        |ddm|: 8.774530e-02     Tr[DP]  8.861279e-02
 iter:  90:1        |ddm|: 2.018326e-01     Tr[DP]  8.942425e-02
 iter:  90:2        |ddm|: 7.639986e-02     Tr[DP]  8.841676e-02
 iter:  91:1        |ddm|: 1.915536e-01     Tr[DP]  8.937705e-02
 iter:  91:2        |ddm|: 6.696468e-02     Tr[DP]  8.833308e-02
 iter:  92:1        |ddm|: 1.801837e-01     Tr[DP]  8.932827e-02
 iter:  92:2        |ddm|: 6.306244e-02     Tr[DP]  8.823702e-02
 iter:  93:1        |ddm|: 1.680178e-01     Tr[DP]  8.928118e-02
 iter:  93:2        |ddm|: 5.833700e-02     Tr[DP]  8.811686e-02
 iter:  94:1        |ddm|: 1.687738e-01     Tr[DP]  8.922543e-02
 iter:  94:2        |ddm|: 5.747046e-02     Tr[DP]  8.809849e-02
 iter:  95:1        |ddm|: 1.769185e-01     Tr[DP]  8.916551e-02
 iter:  95:2        |ddm|: 6.152089e-02     Tr[DP]  8.810374e-02
 iter:  96:1        |ddm|: 1.592360e-01     Tr[DP]  8.912035e-02
 iter:  96:2        |ddm|: 5.633743e-02     Tr[DP]  8.794278e-02
 iter:  97:1        |ddm|: 1.914101e-01     Tr[DP]  8.905484e-02
 iter:  97:2        |ddm|: 6.327683e-02     Tr[DP]  8.805611e-02
 iter:  98:1        |ddm|: 1.670109e-01     Tr[DP]  8.900227e-02
 iter:  98:2        |ddm|: 6.177101e-02     Tr[DP]  8.796975e-02
 iter:  99:1        |ddm|: 1.564836e-01     Tr[DP]  8.895552e-02
 iter:  99:2        |ddm|: 5.590405e-02     Tr[DP]  8.787586e-02
 iter: 100:1        |ddm|: 1.501380e-01     Tr[DP]  8.890608e-02
 iter: 100:2        |ddm|: 5.303242e-02     Tr[DP]  8.781395e-02
 iter: 101:1        |ddm|: 1.561349e-01     Tr[DP]  8.885155e-02
 iter: 101:2        |ddm|: 5.465674e-02     Tr[DP]  8.780820e-02
 iter: 102:1        |ddm|: 1.491369e-01     Tr[DP]  8.880059e-02
 iter: 102:2        |ddm|: 5.378217e-02     Tr[DP]  8.774931e-02
 iter: 103:1        |ddm|: 1.436706e-01     Tr[DP]  8.875149e-02
 iter: 103:2        |ddm|: 5.155521e-02     Tr[DP]  8.769031e-02
 iter: 104:1        |ddm|: 1.601935e-01     Tr[DP]  8.869582e-02
 iter: 104:2        |ddm|: 5.619266e-02     Tr[DP]  8.772517e-02
 iter: 105:1        |ddm|: 1.397911e-01     Tr[DP]  8.865050e-02
 iter: 105:2        |ddm|: 5.139317e-02     Tr[DP]  8.759763e-02
 iter: 106:1        |ddm|: 1.529704e-01     Tr[DP]  8.859819e-02
 iter: 106:2        |ddm|: 5.302020e-02     Tr[DP]  8.763254e-02
 iter: 107:1        |ddm|: 1.510744e-01     Tr[DP]  8.854574e-02
 iter: 107:2        |ddm|: 5.542871e-02     Tr[DP]  8.761244e-02
 iter: 108:1        |ddm|: 1.351617e-01     Tr[DP]  8.850723e-02
 iter: 108:2        |ddm|: 4.844823e-02     Tr[DP]  8.742779e-02
 iter: 109:1        |ddm|: 1.842899e-01     Tr[DP]  8.844865e-02
 iter: 109:2        |ddm|: 5.951807e-02     Tr[DP]  8.759766e-02
 iter: 110:1        |ddm|: 1.471118e-01     Tr[DP]  8.839752e-02
 iter: 110:2        |ddm|: 5.700668e-02     Tr[DP]  8.751520e-02
 iter: 111:1        |ddm|: 1.384484e-01     Tr[DP]  8.835495e-02
 iter: 111:2        |ddm|: 5.064785e-02     Tr[DP]  8.743900e-02
 iter: 112:1        |ddm|: 1.293233e-01     Tr[DP]  8.831322e-02
 iter: 112:2        |ddm|: 4.661132e-02     Tr[DP]  8.736109e-02
 iter: 113:1        |ddm|: 1.330895e-01     Tr[DP]  8.826686e-02
 iter: 113:2        |ddm|: 4.690528e-02     Tr[DP]  8.734779e-02
 iter: 114:1        |ddm|: 1.411782e-01     Tr[DP]  8.821765e-02
 iter: 114:2        |ddm|: 5.069170e-02     Tr[DP]  8.735424e-02
 iter: 115:1        |ddm|: 1.271884e-01     Tr[DP]  8.817438e-02
 iter: 115:2        |ddm|: 4.665128e-02     Tr[DP]  8.725766e-02
 iter: 116:1        |ddm|: 1.283537e-01     Tr[DP]  8.813048e-02
 iter: 116:2        |ddm|: 4.536133e-02     Tr[DP]  8.723847e-02
 iter: 117:1        |ddm|: 1.242444e-01     Tr[DP]  8.808597e-02
 iter: 117:2        |ddm|: 4.489232e-02     Tr[DP]  8.719219e-02
 iter: 118:1        |ddm|: 1.152712e-01     Tr[DP]  8.804494e-02
 iter: 118:2        |ddm|: 4.140760e-02     Tr[DP]  8.709917e-02
 iter: 119:1        |ddm|: 1.241132e-01     Tr[DP]  8.800029e-02
 iter: 119:2        |ddm|: 4.331140e-02     Tr[DP]  8.712333e-02
 iter: 120:1        |ddm|: 1.158526e-01     Tr[DP]  8.795567e-02
 iter: 120:2        |ddm|: 4.256867e-02     Tr[DP]  8.706461e-02
 iter: 121:1        |ddm|: 1.129086e-01     Tr[DP]  8.791357e-02
 iter: 121:2        |ddm|: 4.086088e-02     Tr[DP]  8.702319e-02
 iter: 122:1        |ddm|: 1.099009e-01     Tr[DP]  8.787145e-02
 iter: 122:2        |ddm|: 3.993608e-02     Tr[DP]  8.698203e-02
 iter: 123:1        |ddm|: 1.078769e-01     Tr[DP]  8.782950e-02
 iter: 123:2        |ddm|: 3.934018e-02     Tr[DP]  8.694720e-02
 iter: 124:1        |ddm|: 1.060707e-01     Tr[DP]  8.778769e-02
 iter: 124:2        |ddm|: 3.889336e-02     Tr[DP]  8.691337e-02
 iter: 125:1        |ddm|: 1.013774e-01     Tr[DP]  8.774731e-02
 iter: 125:2        |ddm|: 3.745299e-02     Tr[DP]  8.686098e-02
 iter: 126:1        |ddm|: 9.980070e-02     Tr[DP]  