********************************************************************************
*                         FREEZE-AND-THAW CALCULATION                          *
********************************************************************************

================================== Input File ==================================
subsystem
C         -6.84275       -0.35035        0.08177
C         -5.57775        0.47833       -0.02345
H         -7.75238        0.26706        0.01871
H         -6.88120       -0.90005        1.03770
H         -6.89581       -1.10130       -0.72492
C         -4.31074       -0.35489        0.05937
H         -5.55967        1.24483        0.77494
H         -5.57550        1.04680       -0.97324
C         -3.03505        0.46025       -0.04457
H         -4.32309       -1.12314       -0.73983
H         -4.30710       -0.92519        1.01006
charge -1
end

subsystem
C         -1.76923       -0.37297        0.03626
H         -3.02219        1.22737        0.75546
H         -3.03954        1.03113       -0.99473
C         -0.49371        0.44269       -0.06739
H         -1.78161       -1.13976       -0.76405
H         -1.76448       -0.94424        0.98612
C          0.77193       -0.39096        0.01153
H         -0.48043        1.20860        0.73374
H         -0.49896        1.01497       -1.01667
C          2.04739        0.42480       -0.09100
H          0.75916       -1.15628       -0.79016
H          0.77700       -0.96379        0.96033
C          3.31280       -0.40898       -0.01507
H          2.06120        1.18880        0.71194
H          2.04178        0.99955       -1.03901
C          4.58688        0.41540       -0.11923
H          3.30228       -1.16995       -0.82083
H          3.32203       -0.98468        0.93052
C          5.85731       -0.37284       -0.16011
H          4.62480        1.16664        0.69365
H          4.55882        0.99890       -1.06100
C          7.03284       -0.00189        0.35360
H          7.09265        0.64841        1.23612
H          7.98279       -0.32861       -0.08094
H          5.87990       -1.11756       -0.97406
charge +1
end

embed
 huzinaga
 cycles 300
 conv 1e-8
 method m06
end

basis cc-pVDZ
method cas[2,2]/nevpt2
grid 4
conv 1e-8
grad 1e-8
maxiter 100
================================== End Input ===================================
tot grids = 725328

                      Getting subsystem overlap integrals                       

                          Initial subsystem densities                           
Guessing initial subsystem densities
Initial guess from superpostion of atomic densties.
Guessing initial subsystem densities
Initial guess from superpostion of atomic densties.

=========================== Starting Freeze-and-Thaw ===========================
 iter:   1:1        |ddm|: 4.857976e+00     Tr[DP]  1.006544e+00
 iter:   1:2        |ddm|: 5.067441e+00     Tr[DP]  3.325633e-01
 iter:   2:1        |ddm|: 4.905885e+00     Tr[DP]  6.099076e-01
 iter:   2:2        |ddm|: 2.814835e+00     Tr[DP]  2.713782e-01
 iter:   3:1        |ddm|: 2.818158e+00     Tr[DP]  2.822811e-01
 iter:   3:2        |ddm|: 1.741059e+00     Tr[DP]  2.416898e-01
 iter:   4:1        |ddm|: 4.866152e-01     Tr[DP]  2.440839e-01
 iter:   4:2        |ddm|: 3.646004e-01     Tr[DP]  2.349615e-01
 iter:   5:1        |ddm|: 2.735354e-01     Tr[DP]  2.384184e-01
 iter:   5:2        |ddm|: 1.865947e-01     Tr[DP]  2.136346e-01
 iter:   6:1        |ddm|: 1.591906e-01     Tr[DP]  2.249819e-01
 iter:   6:2        |ddm|: 1.040896e-01     Tr[DP]  2.072998e-01
 iter:   7:1        |ddm|: 1.065396e-01     Tr[DP]  2.149575e-01
 iter:   7:2        |ddm|: 7.114938e-02     Tr[DP]  2.034404e-01
 iter:   8:1        |ddm|: 7.714024e-02     Tr[DP]  2.091255e-01
 iter:   8:2        |ddm|: 5.604736e-02     Tr[DP]  1.995808e-01
 iter:   9:1        |ddm|: 6.868306e-02     Tr[DP]  2.061075e-01
 iter:   9:2        |ddm|: 6.354537e-02     Tr[DP]  1.961055e-01
 iter:  10:1        |ddm|: 6.019321e-02     Tr[DP]  2.018531e-01
 iter:  10:2        |ddm|: 5.320094e-02     Tr[DP]  1.925454e-01
 iter:  11:1        |ddm|: 5.266827e-02     Tr[DP]  1.984414e-01
 iter:  11:2        |ddm|: 4.698662e-02     Tr[DP]  1.895326e-01
 iter:  12:1        |ddm|: 4.524373e-02     Tr[DP]  1.955181e-01
 iter:  12:2        |ddm|: 4.365970e-02     Tr[DP]  1.871067e-01
 iter:  13:1        |ddm|: 4.458476e-02     Tr[DP]  1.937942e-01
 iter:  13:2        |ddm|: 4.935864e-02     Tr[DP]  1.847604e-01
 iter:  14:1        |ddm|: 4.577502e-02     Tr[DP]  1.915190e-01
 iter:  14:2        |ddm|: 4.825386e-02     Tr[DP]  1.820843e-01
 iter:  15:1        |ddm|: 4.473947e-02     Tr[DP]  1.888244e-01
 iter:  15:2        |ddm|: 4.428033e-02     Tr[DP]  1.795165e-01
 iter:  16:1        |ddm|: 4.288648e-02     Tr[DP]  1.861433e-01
 iter:  16:2        |ddm|: 4.068004e-02     Tr[DP]  1.772938e-01
 iter:  17:1        |ddm|: 4.047162e-02     Tr[DP]  1.840021e-01
 iter:  17:2        |ddm|: 3.948000e-02     Tr[DP]  1.752786e-01
 iter:  18:1        |ddm|: 4.238323e-02     Tr[DP]  1.829476e-01
 iter:  18:2        |ddm|: 5.148457e-02     Tr[DP]  1.729021e-01
 iter:  19:1        |ddm|: 4.470097e-02     Tr[DP]  1.804160e-01
 iter:  19:2        |ddm|: 4.577062e-02     Tr[DP]  1.700607e-01
 iter:  20:1        |ddm|: 4.550106e-02     Tr[DP]  1.781481e-01
 iter:  20:2        |ddm|: 4.890691e-02     Tr[DP]  1.672067e-01
 iter:  21:1        |ddm|: 4.558689e-02     Tr[DP]  1.750254e-01
 iter:  21:2        |ddm|: 4.222482e-02     Tr[DP]  1.645149e-01
 iter:  22:1        |ddm|: 4.315477e-02     Tr[DP]  1.721032e-01
 iter:  22:2        |ddm|: 3.823420e-02     Tr[DP]  1.624433e-01
 iter:  23:1        |ddm|: 5.863809e-02     Tr[DP]  1.726253e-01
 iter:  23:2        |ddm|: 8.733292e-02     Tr[DP]  1.590076e-01
 iter:  24:1        |ddm|: 5.758320e-02     Tr[DP]  1.678334e-01
 iter:  24:2        |ddm|: 4.887961e-02     Tr[DP]  1.550655e-01
 iter:  25:1        |ddm|: 4.953882e-02     Tr[DP]  1.642886e-01
 iter:  25:2        |ddm|: 4.449015e-02     Tr[DP]  1.523634e-01
 iter:  26:1        |ddm|: 4.600739e-02     Tr[DP]  1.617910e-01
 iter:  26:2        |ddm|: 4.417434e-02     Tr[DP]  1.498984e-01
 iter:  27:1        |ddm|: 4.535089e-02     Tr[DP]  1.590008e-01
 iter:  27:2        |ddm|: 4.021096e-02     Tr[DP]  1.477264e-01
 iter:  28:1        |ddm|: 4.459561e-02     Tr[DP]  1.562597e-01
 iter:  28:2        |ddm|: 3.695519e-02     Tr[DP]  1.462970e-01
 iter:  29:1        |ddm|: 4.747403e-02     Tr[DP]  1.560216e-01
 iter:  29:2        |ddm|: 6.237794e-02     Tr[DP]  1.433463e-01
 iter:  30:1        |ddm|: 5.182034e-02     Tr[DP]  1.529112e-01
 iter:  30:2        |ddm|: 4.922993e-02     Tr[DP]  1.398301e-01
 iter:  31:1        |ddm|: 5.293497e-02     Tr[DP]  1.502186e-01
 iter:  31:2        |ddm|: 5.653748e-02     Tr[DP]  1.362207e-01
 iter:  32:1        |ddm|: 5.469699e-02     Tr[DP]  1.468249e-01
 iter:  32:2        |ddm|: 5.129936e-02     Tr[DP]  1.328419e-01
 iter:  33:1        |ddm|: 5.294893e-02     Tr[DP]  1.436446e-01
 iter:  33:2        |ddm|: 4.948760e-02     Tr[DP]  1.298578e-01
 iter:  34:1        |ddm|: 5.213351e-02     Tr[DP]  1.409248e-01
 iter:  34:2        |ddm|: 5.112141e-02     Tr[DP]  1.269562e-01
 iter:  35:1        |ddm|: 5.324827e-02     Tr[DP]  1.381243e-01
 iter:  35:2        |ddm|: 5.254327e-02     Tr[DP]  1.238918e-01
 iter:  36:1        |ddm|: 5.475846e-02     Tr[DP]  1.353175e-01
 iter:  36:2        |ddm|: 5.507027e-02     Tr[DP]  1.207548e-01
 iter:  37:1        |ddm|: 5.564223e-02     Tr[DP]  1.323405e-01
 iter:  37:2        |ddm|: 5.273787e-02     Tr[DP]  1.178731e-01
 iter:  38:1        |ddm|: 5.472636e-02     Tr[DP]  1.293856e-01
 iter:  38:2        |ddm|: 4.853785e-02     Tr[DP]  1.154667e-01
 iter:  39:1        |ddm|: 5.299051e-02     Tr[DP]  1.268491e-01
 iter:  39:2        |ddm|: 4.969246e-02     Tr[DP]  1.131243e-01
 iter:  40:1        |ddm|: 5.263293e-02     Tr[DP]  1.243380e-01
 iter:  40:2        |ddm|: 4.808767e-02     Tr[DP]  1.108967e-01
 iter:  41:1        |ddm|: 5.246595e-02     Tr[DP]  1.218276e-01
 iter:  41:2        |ddm|: 4.196703e-02     Tr[DP]  1.092914e-01
 iter:  42:1        |ddm|: 4.785231e-02     Tr[DP]  1.197699e-01
 iter:  42:2        |ddm|: 4.421435e-02     Tr[DP]  1.075311e-01
 iter:  43:1        |ddm|: 4.801667e-02     Tr[DP]  1.176948e-01
 iter:  43:2        |ddm|: 4.160351e-02     Tr[DP]  1.058719e-01
 iter:  44:1        |ddm|: 4.671444e-02     Tr[DP]  1.157541e-01
 iter:  44:2        |ddm|: 4.666768e-02     Tr[DP]  1.039254e-01
 iter:  45:1        |ddm|: 4.829862e-02     Tr[DP]  1.137144e-01
 iter:  45:2        |ddm|: 4.123638e-02     Tr[DP]  1.023186e-01
 iter:  46:1        |ddm|: 4.612792e-02     Tr[DP]  1.117934e-01
 iter:  46:2        |ddm|: 3.809251e-02     Tr[DP]  1.010718e-01
 iter:  47:1        |ddm|: 4.413986e-02     Tr[DP]  1.101116e-01
 iter:  47:2        |ddm|: 4.645225e-02     Tr[DP]  9.932537e-02
 iter:  48:1        |ddm|: 4.700131e-02     Tr[DP]  1.083530e-01
 iter:  48:2        |ddm|: 3.770759e-02     Tr[DP]  9.806177e-02
 iter:  49:1        |ddm|: 4.258931e-02     Tr[DP]  1.066942e-01
 iter:  49:2        |ddm|: 3.846118e-02     Tr[DP]  9.687061e-02
 iter:  50:1        |ddm|: 4.197231e-02     Tr[DP]  1.051900e-01
 iter:  50:2        |ddm|: 3.698877e-02     Tr[DP]  9.573349e-02
 iter:  51:1        |ddm|: 4.090690e-02     Tr[DP]  1.037402e-01
 iter:  51:2        |ddm|: 3.966478e-02     Tr[DP]  9.447260e-02
 iter:  52:1        |ddm|: 4.189549e-02     Tr[DP]  1.023296e-01
 iter:  52:2        |ddm|: 4.485199e-02     Tr[DP]  9.299412e-02
 iter:  53:1        |ddm|: 4.320096e-02     Tr[DP]  1.009468e-01
 iter:  53:2        |ddm|: 3.631942e-02     Tr[DP]  9.201260e-02
 iter:  54:1        |ddm|: 4.080499e-02     Tr[DP]  9.963866e-02
 iter:  54:2        |ddm|: 3.247380e-02     Tr[DP]  9.133879e-02
 iter:  55:1        |ddm|: 3.783073e-02     Tr[DP]  9.846773e-02
 iter:  55:2        |ddm|: 3.182563e-02     Tr[DP]  9.067016e-02
 iter:  56:1        |ddm|: 3.680893e-02     Tr[DP]  9.744238e-02
 iter:  56:2        |ddm|: 2.794400e-02     Tr[DP]  9.019504e-02
 iter:  57:1        |ddm|: 3.448873e-02     Tr[DP]  9.649637e-02
 iter:  57:2        |ddm|: 2.519381e-02     Tr[DP]  8.986372e-02
 iter:  58:1        |ddm|: 3.122980e-02     Tr[DP]  9.558029e-02
 iter:  58:2        |ddm|: 2.890953e-02     Tr[DP]  8.926160e-02
 iter:  59:1        |ddm|: 3.100063e-02     Tr[DP]  9.480329e-02
 iter:  59:2        |ddm|: 2.548856e-02     Tr[DP]  8.879797e-02
 iter:  60:1        |ddm|: 2.972981e-02     Tr[DP]  9.405367e-02
 iter:  60:2        |ddm|: 2.293649e-02     Tr[DP]  8.847193e-02
 iter:  61:1        |ddm|: 2.775645e-02     Tr[DP]  9.337239e-02
 iter:  61:2        |ddm|: 2.136555e-02     Tr[DP]  8.820748e-02
 iter:  62:1        |ddm|: 2.594360e-02     Tr[DP]  9.274823e-02
 iter:  62:2        |ddm|: 2.080548e-02     Tr[DP]  8.790843e-02
 iter:  63:1        |ddm|: 2.557616e-02     Tr[DP]  9.224967e-02
 iter:  63:2        |ddm|: 1.720733e-02     Tr[DP]  8.785102e-02
 iter:  64:1        |ddm|: 2.261153e-02     Tr[DP]  9.172720e-02
 iter:  64:2        |ddm|: 1.659912e-02     Tr[DP]  8.769981e-02
 iter:  65:1        |ddm|: 2.071154e-02     Tr[DP]  9.121440e-02
 iter:  65:2        |ddm|: 1.919744e-02     Tr[DP]  8.737567e-02
 iter:  66:1        |ddm|: 2.087900e-02     Tr[DP]  9.072480e-02
 iter:  66:2        |ddm|: 2.306458e-02     Tr[DP]  8.692018e-02
 iter:  67:1        |ddm|: 2.120516e-02     Tr[DP]  9.032961e-02
 iter:  67:2        |ddm|: 1.919968e-02     Tr[DP]  8.659609e-02
 iter:  68:1        |ddm|: 2.036927e-02     Tr[DP]  8.992915e-02
 iter:  68:2        |ddm|: 1.679941e-02     Tr[DP]  8.641784e-02
 iter:  69:1        |ddm|: 2.787633e-02     Tr[DP]  8.922263e-02
 iter:  69:2        |ddm|: 4.175387e-02     Tr[DP]  8.533587e-02
 iter:  70:1        |ddm|: 2.486983e-02     Tr[DP]  8.884728e-02
 iter:  70:2        |ddm|: 2.742022e-02     Tr[DP]  8.478709e-02
 iter:  71:1        |ddm|: 2.561864e-02     Tr[DP]  8.861297e-02
 iter:  71:2        |ddm|: 1.777564e-02     Tr[DP]  8.479220e-02
 iter:  72:1        |ddm|: 2.198484e-02     Tr[DP]  8.822416e-02
 iter:  72:2        |ddm|: 1.552796e-02     Tr[DP]  8.478342e-02
 iter:  73:1        |ddm|: 1.949646e-02     Tr[DP]  8.786810e-02
 iter:  73:2        |ddm|: 1.512482e-02     Tr[DP]  8.469147e-02
 iter:  74:1        |ddm|: 1.846147e-02     Tr[DP]  8.760588e-02
 iter:  74:2        |ddm|: 1.317048e-02     Tr[DP]  8.469678e-02
 iter:  75:1        |ddm|: 1.684195e-02     Tr[DP]  8.731605e-02
 iter:  75:2        |ddm|: 1.314239e-02     Tr[DP]  8.462149e-02
 iter:  76:1        |ddm|: 1.590889e-02     Tr[DP]  8.703363e-02
 iter:  76:2        |ddm|: 1.437520e-02     Tr[DP]  8.446129e-02
 iter:  77:1        |ddm|: 1.537746e-02     Tr[DP]  8.682469e-02
 iter:  77:2        |ddm|: 1.250637e-02     Tr[DP]  8.439332e-02
 iter:  78:1        |ddm|: 1.476992e-02     Tr[DP]  8.664820e-02
 iter:  78:2        |ddm|: 1.064617e-02     Tr[DP]  8.440665e-02
 iter:  79:1        |ddm|: 1.349897e-02     Tr[DP]  8.644451e-02
 iter:  79:2        |ddm|: 1.053035e-02     Tr[DP]  8.436530e-02
 iter:  80:1        |ddm|: 1.270837e-02     Tr[DP]  8.623317e-02
 iter:  80:2        |ddm|: 1.163600e-02     Tr[DP]  8.425143e-02
 iter:  81:1        |ddm|: 1.229537e-02     Tr[DP]  8.610271e-02
 iter:  81:2        |ddm|: 9.533229e-03     Tr[DP]  8.423943e-02
 iter:  82:1        |ddm|: 1.160487e-02     Tr[DP]  8.596855e-02
 iter:  82:2        |ddm|: 8.547912e-03     Tr[DP]  8.424706e-02
 iter:  83:1        |ddm|: 1.070653e-02     Tr[DP]  8.583381e-02
 iter:  83:2        |ddm|: 8.045917e-03     Tr[DP]  8.424333e-02
 iter:  84:1        |ddm|: 1.039183e-02     Tr[DP]  8.576698e-02
 iter:  84:2        |ddm|: 6.791781e-03     Tr[DP]  8.433158e-02
 iter:  85:1        |ddm|: 9.751879e-03     Tr[DP]  8.554038e-02
 iter:  85:2        |ddm|: 1.153912e-02     Tr[DP]  8.414102e-02
 iter:  86:1        |ddm|: 9.143383e-03     Tr[DP]  8.549803e-02
 iter:  86:2        |ddm|: 6.893903e-03     Tr[DP]  8.416789e-02
 iter:  87:1        |ddm|: 8.566184e-03     Tr[DP]  8.536538e-02
 iter:  87:2        |ddm|: 7.934514e-03     Tr[DP]  8.410113e-02
 iter:  88:1        |ddm|: 1.078052e-02     Tr[DP]  8.512188e-02
 iter:  88:2        |ddm|: 1.575666e-02     Tr[DP]  8.379028e-02
 iter:  89:1        |ddm|: 9.367080e-03     Tr[DP]  8.513999e-02
 iter:  89:2        |ddm|: 7.096763e-03     Tr[DP]  8.385008e-02
 iter:  90:1        |ddm|: 8.615465e-03     Tr[DP]  8.506897e-02
 iter:  90:2        |ddm|: 6.063419e-03     Tr[DP]  8.388510e-02
 iter:  91:1        |ddm|: 7.775443e-03     Tr[DP]  8.499515e-02
 iter:  91:2        |ddm|: 5.495058e-03     Tr[DP]  8.391117e-02
 iter:  92:1        |ddm|: 7.081671e-03     Tr[DP]  8.492164e-02
 iter:  92:2        |ddm|: 5.196551e-03     Tr[DP]  8.392205e-02
 iter:  93:1        |ddm|: 6.621431e-03     Tr[DP]  8.487063e-02
 iter:  93:2        |ddm|: 4.616126e-03     Tr[DP]  8.395253e-02
 iter:  94:1        |ddm|: 6.020796e-03     Tr[DP]  8.478968e-02
 iter:  94:2        |ddm|: 5.218448e-03     Tr[DP]  8.392770e-02
 iter:  95:1        |ddm|: 5.947323e-03     Tr[DP]  8.477674e-02
 iter:  95:2        |ddm|: 4.108098e-03     Tr[DP]  8.400069e-02
 iter:  96:1        |ddm|: 5.180280e-03     Tr[DP]  8.472227e-02
 iter:  96:2        |ddm|: 3.660097e-03     Tr[DP]  8.401205e-02
 iter:  97:1        |ddm|: 4.828697e-03     Tr[DP]  8.464642e-02
 iter:  97:2        |ddm|: 4.637680e-03     Tr[DP]  8.396911e-02
 iter:  98:1        |ddm|: 4.654028e-03     Tr[DP]  8.459424e-02
 iter:  98:2        |ddm|: 4.582117e-03     Tr[DP]  8.393330e-02
 iter:  99:1        |ddm|: 5.098441e-03     Tr[DP]  8.450292e-02
 iter:  99:2        |ddm|: 6.555651e-03     Tr[DP]  8.383213e-02
 iter: 100:1        |ddm|: 4.777898e-03     Tr[DP]  8.450968e-02
 iter: 100:2        |ddm|: 3.604625e-03     Tr[DP]  8.386856e-02
 iter: 101:1        |ddm|: 4.378228e-03     Tr[DP]  8.445421e-02
 iter: 101:2        |ddm|: 3.930827e-03     Tr[DP]  8.384944e-02
 iter: 102:1        |ddm|: 4.130593e-03     Tr[DP]  8.442426e-02
 iter: 102:2        |ddm|: 3.318171e-03     Tr[DP]  8.385412e-02
 iter: 103:1        |ddm|: 3.899746e-03     Tr[DP]  8.438765e-02
 iter: 103:2        |ddm|: 3.280402e-03     Tr[DP]  8.384914e-02
 iter: 104:1        |ddm|: 3.690428e-03     Tr[DP]  8.436108e-02
 iter: 104:2        |ddm|: 2.875388e-03     Tr[DP]  8.385626e-02
 iter: 105:1        |ddm|: 4.373071e-03     Tr[DP]  8.439769e-02
 iter: 105:2        |ddm|: 3.684068e-03     Tr[DP]  8.396495e-02
 iter: 106:1        |ddm|: 3.784917e-03     Tr[DP]  8.428317e-02
 iter: 106:2        |ddm|: 5.373710e-03     Tr[DP]  8.386066e-02
 iter: 107:1        |ddm|: 3.049335e-03     Tr[DP]  8.429869e-02
 iter: 107:2        |ddm|: 2.232646e-03     Tr[DP]  8.389712e-02
 iter: 108:1        |ddm|: 2.788527e-03     Tr[DP]  8.427371e-02
 iter: 108:2        |ddm|: 2.167052e-03     Tr[DP]  8.389907e-02
 iter: 109:1        |ddm|: 2.631918e-03     Tr[DP]  8.426348e-02
 iter: 109:2        |ddm|: 1.777518e-03     Tr[DP]  8.391922e-02
 iter: 110:1        |ddm|: 2.458131e-03     Tr[DP]  8.425301e-02
 iter: 110:2        |ddm|: 1.546715e-03     Tr[DP]  8.394013e-02
 iter: 111:1        |ddm|: 2.165431e-03     Tr[DP]  8.422094e-02
 iter: 111:2        |ddm|: 1.935225e-03     Tr[DP]  8.392698e-02
 iter: 112:1        |ddm|: 2.180062e-03     Tr[DP]  8.418644e-02
 iter: 112:2        |ddm|: 2.602152e-03     Tr[DP]  8.389713e-02
 iter: 113:1        |ddm|: 2.100533e-03     Tr[DP]  8.416827e-02
 iter: 113:2        |ddm|: 2.233825e-03     Tr[DP]  8.388259e-02
 iter: 114:1        |ddm|: 2.038399e-03     Tr[DP]  8.416310e-02
 iter: 114:2        |ddm|: 1.606438e-03     Tr[DP]  8.389146e-02
 iter: 115:1        |ddm|: 1.907914e-03     Tr[DP]  8.414758e-02
 iter: 115:2        |ddm|: 1.558576e-03     Tr[DP]  8.389158e-02
 iter: 116:1        |ddm|: 1.787841e-03     Tr[DP]  8.413667e-02
 iter: 116:2        |ddm|: 1.386646e-03     Tr[DP]  8.389743e-02
 iter: 117:1        |ddm|: 1.675982e-03     Tr[DP]  8.412470e-02
 iter: 117:2        |ddm|: 1.283635e-03     Tr[DP]  8.390088e-02
 iter: 118:1        |ddm|: 1.672317e-03     Tr[DP]  8.412825e-02
 iter: 118:2        |ddm|: 1.134201e-03     Tr[DP]  8.392817e-02
 iter: 119:1        |ddm|: 1.552240e-03     Tr[DP]  8.409299e-02
 iter: 119:2        |ddm|: 1.911797e-03     Tr[DP]  8.389857e-02
 iter: 120:1        |ddm|: 1.380649e-03     Tr[DP]  8.409123e-02
 iter: 120:2        |ddm|: 1.100861e-03     Tr[DP]  8.390547e-02
 iter: 121:1        |ddm|: 1.321253e-03     Tr[DP]  8.407791e-02
 iter: 121:2        |ddm|: 1.208946e-03     Tr[DP]  8.390030e-02
 iter: 122:1        |ddm|: 1.255668e-03     Tr[DP]  8.406871e-02
 iter: 122:2        |ddm|: 1.083620e-03     Tr[DP]  8.389950e-02
 iter: 123:1        |ddm|: 1.268543e-03     Tr[DP]  8.404962e-02
 iter: 123:2        |ddm|: 1.479621e-03     Tr[DP]  8.388322e-02
 iter: 124:1        |ddm|: 1.257504e-03     Tr[DP]  8.405599e-02
 iter: 124:2        |ddm|: 8.692699e-04     Tr[DP]  8.390155e-02
 iter: 125:1        |ddm|: 1.112039e-03     Tr[DP]  8.405012e-02
 iter: 125:2        |ddm|: 7.239546e-04     Tr[DP]  8.390985e-02
 iter: 126:1        |ddm|: 9.820675e-04     Tr[DP]  8.404285e-02
 iter: 126:2        |ddm|: 6.897399e-04     Tr[DP]  8.391449e-02
 iter: 127:1        |ddm|: 8.964629e-04     Tr[DP]  8.403338e-02
 iter: 127:2        |ddm|: 7.624578e-04     Tr[DP]  8.391301e-02
 iter: 128:1        |ddm|: 8.470367e-04     Tr[DP]  8.402665e-02
 iter: 128:2        |ddm|: 7.229925e-04     Tr[DP]  8.391264e-02
 iter: 129:1        |ddm|: 8.105933e-04     Tr[DP]  8.401900e-02
 iter: 129:2        |ddm|: 7.491015e-04     Tr[DP]  8.391002e-02
 iter: 130:1        |ddm|: 7.754695e-04     Tr[DP]  8.401556e-02
 iter: 130:2        |ddm|: 6.078296e-04     Tr[DP]  8.391271e-02
 iter: 131:1        |ddm|: 7.602877e-04     Tr[DP]  8.401539e-02
 iter: 131:2        |ddm|: 4.919830e-04     Tr[DP]  8.392133e-02
 iter: 132:1        |ddm|: 6.646393e-04     Tr[DP]  8.400745e-02
 iter: 132:2        |ddm|: 5.381824e-04     Tr[DP]  8.391963e-02
 iter: 133:1        |ddm|: 6.243099e-04     Tr[DP]  8.400607e-02
 iter: 133:2        |ddm|: 4.361715e-04     Tr[DP]  8.392539e-02
 iter: 134:1        |ddm|: 5.707818e-04     Tr[DP]  8.400209e-02
 iter: 134:2        |ddm|: 4.081637e-04     Tr[DP]  8.392759e-02
 iter: 135:1        |ddm|: 5.295950e-04     Tr[DP]  8.399562e-02
 iter: 135:2        |ddm|: 4.904751e-04     Tr[DP]  8.392483e-02
 iter: 136:1        |ddm|: 6.507867e-04     Tr[DP]  8.398189e-02
 iter: 136:2        |ddm|: 9.645251e-04     Tr[DP]  8.390884e-02
 iter: 137:1        |ddm|: 6.197066e-04     Tr[DP]  8.399078e-02
 iter: 137:2        |ddm|: 4.957315e-04     Tr[DP]  8.392342e-02
 iter: 138:1        |ddm|: 5.153333e-04     Tr[DP]  8.398013e-02
 iter: 138:2        |ddm|: 5.978132e-04     Tr[DP]  8.391530e-02
 iter: 139:1        |ddm|: 4.642669e-04     Tr[DP]  8.397912e-02
 iter: 139:2        |ddm|: 3.701874e-04     Tr[DP]  8.391741e-02
 iter: 140:1        |ddm|: 4.412015e-04     Tr[DP]  8.397542e-02
 iter: 140:2        |ddm|: 3.836474e-04     Tr[DP]  8.391682e-02
 iter: 141:1        |ddm|: 4.178732e-04     Tr[DP]  8.397329e-02
 iter: 141:2        |ddm|: 3.263223e-04     Tr[DP]  8.391815e-02
 iter: 142:1        |ddm|: 4.392054e-04     Tr[DP]  8.396510e-02
 iter: 142:2        |ddm|: 5.710908e-04     Tr[DP]  8.391039e-02
 iter: 143:1        |ddm|: 4.213526e-04     Tr[DP]  8.396810e-02
 iter: 143:2        |ddm|: 2.944160e-04     Tr[DP]  8.391693e-02
 iter: 144:1        |ddm|: 3.791552e-04     Tr[DP]  8.396711e-02
 iter: 144:2        |ddm|: 2.396716e-04     Tr[DP]  8.392094e-02
 iter: 145:1        |ddm|: 3.259523e-04     Tr[DP]  8.396461e-02
 iter: 145:2        |ddm|: 2.232793e-04     Tr[DP]  8.392263e-02
 iter: 146:1        |ddm|: 2.943933e-04     Tr[DP]  8.396162e-02
 iter: 146:2        |ddm|: 2.441423e-04     Tr[DP]  8.392243e-02
 iter: 147:1        |ddm|: 2.778634e-04     Tr[DP]  8.396029e-02
 iter: 147:2        |ddm|: 2.080061e-04     Tr[DP]  8.392370e-02
 iter: 148:1        |ddm|: 2.606251e-04     Tr[DP]  8.395897e-02
 iter: 148:2        |ddm|: 1.886539e-04     Tr[DP]  8.392503e-02
 iter: 149:1        |ddm|: 2.402504e-04     Tr[DP]  8.395733e-02
 iter: 149:2        |ddm|: 1.808245e-04     Tr[DP]  8.392578e-02
 iter: 150:1        |ddm|: 2.251613e-04     Tr[DP]  8.395648e-02
 iter: 150:2        |ddm|: 1.574595e-04     Tr[DP]  8.392740e-02
 iter: 151:1        |ddm|: 2.271893e-04     Tr[DP]  8.395724e-02
 iter: 151:2        |ddm|: 1.557521e-04     Tr[DP]  8.393153e-02
 iter: 152:1        |ddm|: 1.890153e-04     Tr[DP]  8.395637e-02
 iter: 152:2        |ddm|: 1.154862e-04     Tr[DP]  8.393377e-02
 iter: 153:1        |ddm|: 2.071332e-04     Tr[DP]  8.395094e-02
 iter: 153:2        |ddm|: 3.015134e-04     Tr[DP]  8.392832e-02
 iter: 154:1        |ddm|: 1.675437e-04     Tr[DP]  8.395061e-02
 iter: 154:2        |ddm|: 1.625329e-04     Tr[DP]  8.392814e-02
 iter: 155:1        |ddm|: 1.755654e-04     Tr[DP]  8.394825e-02
 iter: 155:2        |ddm|: 2.114166e-04     Tr[DP]  8.392575e-02
 iter: 156:1        |ddm|: 1.667485e-04     Tr[DP]  8.394722e-02
 iter: 156:2        |ddm|: 1.653645e-04     Tr[DP]  8.392508e-02
 iter: 157:1        |ddm|: 1.610427e-04     Tr[DP]  8.394652e-02
 iter: 157:2        |ddm|: 1.344918e-04     Tr[DP]  8.392531e-02
 iter: 158:1        |ddm|: 1.563777e-04     Tr[DP]  8.394461e-02
 iter: 158:2        |ddm|: 1.631878e-04     Tr[DP]  8.392402e-02
 iter: 159:1        |ddm|: 1.503782e-04     Tr[DP]  8.394462e-02
 iter: 159:2        |ddm|: 1.086960e-04     Tr[DP]  8.392527e-02
 iter: 160:1        |ddm|: 1.388309e-04     Tr[DP]  8.394312e-02
 iter: 160:2        |ddm|: 1.243888e-04     Tr[DP]  8.392479e-02
 iter: 161:1        |ddm|: 1.308699e-04     Tr[DP]  8.394229e-02
 iter: 161:2        |ddm|: 1.085200e-04     Tr[DP]  8.392492e-02
 iter: 162:1        |ddm|: 1.254841e-04     Tr[DP]  8.394199e-02
 iter: 162:2        |ddm|: 8.847372e-05     Tr[DP]  8.392585e-02
 iter: 163:1        |ddm|: 1.149747e-04     Tr[DP]  8.394128e-02
 iter: 163:2        |ddm|: 8.332455e-05     Tr[DP]  8.392635e-02
 iter: 164:1        |ddm|: 1.078755e-04     Tr[DP]  8.394102e-02
 iter: 164:2        |ddm|: 7.173150e-05     Tr[DP]  8.392739e-02
 iter: 165:1        |ddm|: 9.634632e-05     Tr[DP]  8.394027e-02
 iter: 165:2        |ddm|: 7.012450e-05     Tr[DP]  8.392772e-02
 iter: 166:1        |ddm|: 8.874309e-05     Tr[DP]  8.393939e-02
 iter: 166:2        |ddm|: 7.597066e-05     Tr[DP]  8.392758e-02
 iter: 167:1        |ddm|: 8.396752e-05     Tr[DP]  8.393884e-02
 iter: 167:2        |ddm|: 6.885074e-05     Tr[DP]  8.392768e-02
 iter: 168:1        |ddm|: 8.097623e-05     Tr[DP]  8.393871e-02
 iter: 168:2        |ddm|: 5.556149e-05     Tr[DP]  8.392841e-02
 iter: 169:1        |ddm|: 7.308474e-05     Tr[DP]  8.393811e-02
 iter: 169:2        |ddm|: 5.606601e-05     Tr[DP]  8.392853e-02
 iter: 170:1        |ddm|: 7.134924e-05     Tr[DP]  8.393820e-02
 iter: 170:2        |ddm|: 4.699479e-05     Tr[DP]  8.392955e-02
 iter: 171:1        |ddm|: 6.230348e-05     Tr[DP]  8.393787e-02
 iter: 171:2        |ddm|: 3.988761e-05     Tr[DP]  8.393009e-02
 iter: 172:1        |ddm|: 6.164433e-05     Tr[DP]  8.393656e-02
 iter: 172:2        |ddm|: 7.807691e-05     Tr[DP]  8.392896e-02
 iter: 173:1        |ddm|: 5.629299e-05     Tr[DP]  8.393617e-02
 iter: 173:2        |ddm|: 5.831728e-05     Tr[DP]  8.392865e-02
 iter: 174:1        |ddm|: 5.515312e-05     Tr[DP]  8.393615e-02
 iter: 174:2        |ddm|: 4.091760e-05     Tr[DP]  8.392904e-02
 iter: 175:1        |ddm|: 5.295241e-05     Tr[DP]  8.393537e-02
 iter: 175:2        |ddm|: 5.751884e-05     Tr[DP]  8.392847e-02
 iter: 176:1        |ddm|: 5.770310e-05     Tr[DP]  8.393441e-02
 iter: 176:2        |ddm|: 7.787611e-05     Tr[DP]  8.392739e-02
 iter: 177:1        |ddm|: 5.212221e-05     Tr[DP]  8.393443e-02
 iter: 177:2        |ddm|: 4.418520e-05     Tr[DP]  8.392757e-02
 iter: 178:1        |ddm|: 5.044389e-05     Tr[DP]  8.393435e-02
 iter: 178:2        |ddm|: 3.571400e-05     Tr[DP]  8.392794e-02
 iter: 179:1        |ddm|: 4.591687e-05     Tr[DP]  8.393408e-02
 iter: 179:2        |ddm|: 3.304745e-05     Tr[DP]  8.392816e-02
 iter: 180:1        |ddm|: 4.219491e-05     Tr[DP]  8.393385e-02
 iter: 180:2        |ddm|: 3.033219e-05     Tr[DP]  8.392837e-02
 iter: 181:1        |ddm|: 3.917589e-05     Tr[DP]  8.393368e-02
 iter: 181:2        |ddm|: 2.704237e-05     Tr[DP]  8.392865e-02
 iter: 182:1        |ddm|: 3.557946e-05     Tr[DP]  8.393338e-02
 iter: 182:2        |ddm|: 2.786308e-05     Tr[DP]  8.392869e-02
 iter: 183:1        |ddm|: 3.356598e-05     Tr[DP]  8.393301e-02
 iter: 183:2        |ddm|: 3.151564e-05     Tr[DP]  8.392854e-02
 iter: 184:1        |ddm|: 3.373455e-05     Tr[DP]  8.393256e-02
 iter: 184:2        |ddm|: 3.853930e-05     Tr[DP]  8.392816e-02
 iter: 185:1        |ddm|: 3.406201e-05     Tr[DP]  8.393216e-02
 iter: 185:2        |ddm|: 4.036857e-05     Tr[DP]  8.392775e-02
 iter: 186:1        |ddm|: 3.250099e-05     Tr[DP]  8.393217e-02
 iter: 186:2        |ddm|: 2.506965e-05     Tr[DP]  8.392796e-02
 iter: 187:1        |ddm|: 3.525199e-05     Tr[DP]  8.393243e-02
 iter: 187:2        |ddm|: 2.624860e-05     Tr[DP]  8.392871e-02
 iter: 188:1        |ddm|: 2.760022e-05     Tr[DP]  8.393228e-02
 iter: 188:2        |ddm|: 1.654234e-05     Tr[DP]  8.392903e-02
 iter: 189:1        |ddm|: 2.282397e-05     Tr[DP]  8.393193e-02
 iter: 189:2        |ddm|: 1.986595e-05     Tr[DP]  8.392893e-02
 iter: 190:1        |ddm|: 2.125065e-05     Tr[DP]  8.393175e-02
 iter: 190:2        |ddm|: 1.860108e-05     Tr[DP]  8.392890e-02
 iter: 191:1        |ddm|: 2.189454e-05     Tr[DP]  8.393142e-02
 iter: 191:2        |ddm|: 2.607181e-05     Tr[DP]  8.392860e-02
 iter: 192:1        |ddm|: 2.068649e-05     Tr[DP]  8.393130e-02
 iter: 192:2        |ddm|: 2.001768e-05     Tr[DP]  8.392854e-02
 iter: 193:1        |ddm|: 2.002506e-05     Tr[DP]  8.393122e-02
 iter: 193:2        |ddm|: 1.613697e-05     Tr[DP]  8.392860e-02
 iter: 194:1        |ddm|: 2.018337e-05     Tr[DP]  8.393129e-02
 iter: 194:2        |ddm|: 1.347184e-05     Tr[DP]  8.392891e-02
 iter: 195:1        |ddm|: 1.900673e-05     Tr[DP]  8.393133e-02
 iter: 195:2        |ddm|: 1.318542e-05     Tr[DP]  8.392927e-02
 iter: 196:1        |ddm|: 1.476409e-05     Tr[DP]  8.393121e-02
 iter: 196:2        |ddm|: 8.960431e-06     Tr[DP]  8.392940e-02
 iter: 197:1        |ddm|: 1.337934e-05     Tr[DP]  8.393096e-02
 iter: 197:2        |ddm|: 1.476146e-05     Tr[DP]  8.392923e-02
 iter: 198:1        |ddm|: 1.390029e-05     Tr[DP]  8.393074e-02
 iter: 198:2        |ddm|: 1.790655e-05     Tr[DP]  8.392900e-02
 iter: 199:1        |ddm|: 1.326359e-05     Tr[DP]  8.393064e-02
 iter: 199:2        |ddm|: 1.460538e-05     Tr[DP]  8.392890e-02
 iter: 200:1        |ddm|: 1.353926e-05     Tr[DP]  8.393049e-02
 iter: 200:2        |ddm|: 1.588181e-05     Tr[DP]  8.392874e-02
 iter: 201:1        |ddm|: 1.302927e-05     Tr[DP]  8.393052e-02
 iter: 201:2        |ddm|: 9.521194e-06     Tr[DP]  8.392886e-02
 iter: 202:1        |ddm|: 1.370391e-05     Tr[DP]  8.393060e-02
 iter: 202:2        |ddm|: 9.966901e-06     Tr[DP]  8.392914e-02
 iter: 203:1        |ddm|: 1.121104e-05     Tr[DP]  8.393058e-02
 iter: 203:2        |ddm|: 7.076324e-06     Tr[DP]  8.392932e-02
 iter: 204:1        |ddm|: 8.783612e-06     Tr[DP]  8.393045e-02
 iter: 204:2        |ddm|: 6.805451e-06     Tr[DP]  8.392930e-02
 iter: 205:1        |ddm|: 8.053097e-06     Tr[DP]  8.393037e-02
 iter: 205:2        |ddm|: 7.078465e-06     Tr[DP]  8.392929e-02
 iter: 206:1        |ddm|: 1.013853e-05     Tr[DP]  8.393015e-02
 iter: 206:2        |ddm|: 1.517457e-05     Tr[DP]  8.392903e-02
 iter: 207:1        |ddm|: 8.954353e-06     Tr[DP]  8.393008e-02
 iter: 207:2        |ddm|: 1.092782e-05     Tr[DP]  8.392893e-02
 iter: 208:1        |ddm|: 8.577431e-06     Tr[DP]  8.393005e-02
 iter: 208:2        |ddm|: 8.186123e-06     Tr[DP]  8.392892e-02
 iter: 209:1        |ddm|: 8.600921e-06     Tr[DP]  8.393008e-02
 iter: 209:2        |ddm|: 5.786821e-06     Tr[DP]  8.392903e-02
 iter: 210:1        |ddm|: 8.014413e-06     Tr[DP]  8.393008e-02
 iter: 210:2        |ddm|: 5.279112e-06     Tr[DP]  8.392915e-02
 iter: 211:1        |ddm|: 6.543393e-06     Tr[DP]  8.392997e-02
 iter: 211:2        |ddm|: 5.755971e-06     Tr[DP]  8.392912e-02
 iter: 212:1        |ddm|: 9.148797e-06     Tr[DP]  8.392976e-02
 iter: 212:2        |ddm|: 1.485972e-05     Tr[DP]  8.392886e-02
 iter: 213:1        |ddm|: 8.432031e-06     Tr[DP]  8.392992e-02
 iter: 213:2        |ddm|: 7.188517e-06     Tr[DP]  8.392908e-02
 iter: 214:1        |ddm|: 6.098114e-06     Tr[DP]  8.392986e-02
 iter: 214:2        |ddm|: 3.994099e-06     Tr[DP]  8.392911e-02
 iter: 215:1        |ddm|: 5.280389e-06     Tr[DP]  8.392981e-02
 iter: 215:2        |ddm|: 3.922597e-06     Tr[DP]  8.392912e-02
 iter: 216:1        |ddm|: 4.910017e-06     Tr[DP]  8.392979e-02
 iter: 216:2        |ddm|: 3.545297e-06     Tr[DP]  8.392915e-02
 iter: 217:1        |ddm|: 4.572020e-06     Tr[DP]  8.392977e-02
 iter: 217:2        |ddm|: 3.205075e-06     Tr[DP]  8.392918e-02
 iter: 218:1        |ddm|: 4.172864e-06     Tr[DP]  8.392973e-02
 iter: 218:2        |ddm|: 3.269014e-06     Tr[DP]  8.392918e-02
 iter: 219:1        |ddm|: 4.023801e-06     Tr[DP]  8.392973e-02
 iter: 219:2        |ddm|: 2.670422e-06     Tr[DP]  8.392923e-02
 iter: 220:1        |ddm|: 3.543870e-06     Tr[DP]  8.392970e-02
 iter: 220:2        |ddm|: 2.768874e-06     Tr[DP]  8.392923e-02
 iter: 221:1        |ddm|: 3.297182e-06     Tr[DP]  8.392968e-02
 iter: 221:2        |ddm|: 2.429504e-06     Tr[DP]  8.392925e-02
 iter: 222:1        |ddm|: 3.074301e-06     Tr[DP]  8.392966e-02
 iter: 222:2        |ddm|: 2.254806e-06     Tr[DP]  8.392926e-02
 iter: 223:1        |ddm|: 2.858331e-06     Tr[DP]  8.392965e-02
 iter: 223:2        |ddm|: 2.033128e-06     Tr[DP]  8.392928e-02
 iter: 224:1        |ddm|: 2.673401e-06     Tr[DP]  8.392961e-02
 iter: 224:2        |ddm|: 2.569774e-06     Tr[DP]  8.392926e-02
 iter: 225:1        |ddm|: 2.581337e-06     Tr[DP]  8.392959e-02
 iter: 225:2        |ddm|: 2.414164e-06     Tr[DP]  8.392925e-02
 iter: 226:1        |ddm|: 2.544320e-06     Tr[DP]  8.392960e-02
 iter: 226:2        |ddm|: 1.765310e-06     Tr[DP]  8.392929e-02
 iter: 227:1        |ddm|: 2.551574e-06     Tr[DP]  8.392961e-02
 iter: 227:2        |ddm|: 1.795889e-06     Tr[DP]  8.392934e-02
 iter: 228:1        |ddm|: 2.969444e-06     Tr[DP]  8.392952e-02
 iter: 228:2        |ddm|: 4.669224e-06     Tr[DP]  8.392924e-02
 iter: 229:1        |ddm|: 2.194923e-06     Tr[DP]  8.392951e-02
 iter: 229:2        |ddm|: 2.518635e-06     Tr[DP]  8.392923e-02
 iter: 230:1        |ddm|: 2.154065e-06     Tr[DP]  8.392950e-02
 iter: 230:2        |ddm|: 2.151992e-06     Tr[DP]  8.392922e-02
 iter: 231:1        |ddm|: 2.069234e-06     Tr[DP]  8.392949e-02
 iter: 231:2        |ddm|: 1.844364e-06     Tr[DP]  8.392922e-02
 iter: 232:1        |ddm|: 1.971613e-06     Tr[DP]  8.392948e-02
 iter: 232:2        |ddm|: 1.575305e-06     Tr[DP]  8.392922e-02
 iter: 233:1        |ddm|: 1.850379e-06     Tr[DP]  8.392947e-02
 iter: 233:2        |ddm|: 1.517958e-06     Tr[DP]  8.392922e-02
 iter: 234:1        |ddm|: 1.854332e-06     Tr[DP]  8.392944e-02
 iter: 234:2        |ddm|: 2.246916e-06     Tr[DP]  8.392920e-02
 iter: 235:1        |ddm|: 1.791442e-06     Tr[DP]  8.392945e-02
 iter: 235:2        |ddm|: 1.246880e-06     Tr[DP]  8.392922e-02
 iter: 236:1        |ddm|: 1.618024e-06     Tr[DP]  8.392944e-02
 iter: 236:2        |ddm|: 1.161678e-06     Tr[DP]  8.392923e-02
 iter: 237:1        |ddm|: 1.469760e-06     Tr[DP]  8.392942e-02
 iter: 237:2        |ddm|: 1.259849e-06     Tr[DP]  8.392923e-02
 iter: 238:1        |ddm|: 1.389044e-06     Tr[DP]  8.392941e-02
 iter: 238:2        |ddm|: 1.092178e-06     Tr[DP]  8.392923e-02
 iter: 239:1        |ddm|: 1.315594e-06     Tr[DP]  8.392941e-02
 iter: 239:2        |ddm|: 9.541764e-07     Tr[DP]  8.392924e-02
 iter: 240:1        |ddm|: 1.258117e-06     Tr[DP]  8.392941e-02
 iter: 240:2        |ddm|: 8.166378e-07     Tr[DP]  8.392925e-02
 iter: 241:1        |ddm|: 1.091307e-06     Tr[DP]  8.392940e-02
 iter: 241:2        |ddm|: 8.438043e-07     Tr[DP]  8.392925e-02
 iter: 242:1        |ddm|: 1.009242e-06     Tr[DP]  8.392939e-02
 iter: 242:2        |ddm|: 7.879603e-07     Tr[DP]  8.392926e-02
 iter: 243:1        |ddm|: 9.508412e-07     Tr[DP]  8.392938e-02
 iter: 243:2        |ddm|: 7.097565e-07     Tr[DP]  8.392926e-02
 iter: 244:1        |ddm|: 8.853705e-07     Tr[DP]  8.392938e-02
 iter: 244:2        |ddm|: 6.663416e-07     Tr[DP]  8.392926e-02
 iter: 245:1        |ddm|: 8.295009e-07     Tr[DP]  8.392938e-02
 iter: 245:2        |ddm|: 5.840676e-07     Tr[DP]  8.392927e-02
 iter: 246:1        |ddm|: 8.397600e-07     Tr[DP]  8.392938e-02
 iter: 246:2        |ddm|: 5.685959e-07     Tr[DP]  8.392928e-02
 iter: 247:1        |ddm|: 7.645731e-07     Tr[DP]  8.392936e-02
 iter: 247:2        |ddm|: 9.812230e-07     Tr[DP]  8.392927e-02
 iter: 248:1        |ddm|: 6.982419e-07     Tr[DP]  8.392935e-02
 iter: 248:2        |ddm|: 7.883823e-07     Tr[DP]  8.392926e-02
 iter: 249:1        |ddm|: 7.110071e-07     Tr[DP]  8.392935e-02
 iter: 249:2        |ddm|: 8.301759e-07     Tr[DP]  8.392925e-02
 iter: 250:1        |ddm|: 6.791678e-07     Tr[DP]  8.392934e-02
 iter: 250:2        |ddm|: 6.412338e-07     Tr[DP]  8.392925e-02
 iter: 251:1        |ddm|: 6.538884e-07     Tr[DP]  8.392934e-02
 iter: 251:2        |ddm|: 5.424049e-07     Tr[DP]  8.392925e-02
 iter: 252:1        |ddm|: 6.175012e-07     Tr[DP]  8.392934e-02
 iter: 252:2        |ddm|: 4.827439e-07     Tr[DP]  8.392925e-02
 iter: 253:1        |ddm|: 5.754738e-07     Tr[DP]  8.392933e-02
 iter: 253:2        |ddm|: 4.766304e-07     Tr[DP]  8.392926e-02
 iter: 254:1        |ddm|: 5.423774e-07     Tr[DP]  8.392933e-02
 iter: 254:2        |ddm|: 4.312814e-07     Tr[DP]  8.392926e-02
 iter: 255:1        |ddm|: 5.134933e-07     Tr[DP]  8.392932e-02
 iter: 255:2        |ddm|: 4.890311e-07     Tr[DP]  8.392925e-02
 iter: 256:1        |ddm|: 4.970254e-07     Tr[DP]  8.392932e-02
 iter: 256:2        |ddm|: 3.476196e-07     Tr[DP]  8.392926e-02
 iter: 257:1        |ddm|: 4.566783e-07     Tr[DP]  8.392932e-02
 iter: 257:2        |ddm|: 4.393391e-07     Tr[DP]  8.392926e-02
 iter: 258:1        |ddm|: 4.332282e-07     Tr[DP]  8.392932e-02
 iter: 258:2        |ddm|: 3.234308e-07     Tr[DP]  8.392926e-02
 iter: 259:1        |ddm|: 4.055063e-07     Tr[DP]  8.392931e-02
 iter: 259:2        |ddm|: 3.038084e-07     Tr[DP]  8.392926e-02
 iter: 260:1        |ddm|: 3.780130e-07     Tr[DP]  8.392931e-02
 iter: 260:2        |ddm|: 2.687013e-07     Tr[DP]  8.392926e-02
 iter: 261:1        |ddm|: 3.530522e-07     Tr[DP]  8.392931e-02
 iter: 261:2        |ddm|: 2.351774e-07     Tr[DP]  8.392927e-02
 iter: 262:1        |ddm|: 3.151741e-07     Tr[DP]  8.392931e-02
 iter: 262:2        |ddm|: 2.575295e-07     Tr[DP]  8.392927e-02
 iter: 263:1        |ddm|: 2.962434e-07     Tr[DP]  8.392931e-02
 iter: 263:2        |ddm|: 2.138762e-07     Tr[DP]  8.392927e-02
 iter: 264:1        |ddm|: 2.757579e-07     Tr[DP]  8.392930e-02
 iter: 264:2        |ddm|: 1.977527e-07     Tr[DP]  8.392927e-02
 iter: 265:1        |ddm|: 2.535839e-07     Tr[DP]  8.392930e-02
 iter: 265:2        |ddm|: 1.856418e-07     Tr[DP]  8.392927e-02
 iter: 266:1        |ddm|: 2.370553e-07     Tr[DP]  8.392930e-02
 iter: 266:2        |ddm|: 1.669364e-07     Tr[DP]  8.392927e-02
 iter: 267:1        |ddm|: 2.180594e-07     Tr[DP]  8.392930e-02
 iter: 267:2        |ddm|: 1.733780e-07     Tr[DP]  8.392927e-02
 iter: 268:1        |ddm|: 1.973563e-07     Tr[DP]  8.392930e-02
 iter: 268:2        |ddm|: 1.674511e-07     Tr[DP]  8.392927e-02
 iter: 269:1        |ddm|: 2.200199e-07     Tr[DP]  8.392929e-02
 iter: 269:2        |ddm|: 3.706572e-07     Tr[DP]  8.392927e-02
 iter: 270:1        |ddm|: 1.877885e-07     Tr[DP]  8.392929e-02
 iter: 270:2        |ddm|: 1.846497e-07     Tr[DP]  8.392927e-02
 iter: 271:1        |ddm|: 1.987085e-07     Tr[DP]  8.392929e-02
 iter: 271:2        |ddm|: 2.194964e-07     Tr[DP]  8.392927e-02
 iter: 272:1        |ddm|: 1.901993e-07     Tr[DP]  8.392929e-02
 iter: 272:2        |ddm|: 1.723520e-07     Tr[DP]  8.392927e-02
 iter: 273:1        |ddm|: 1.820180e-07     Tr[DP]  8.392929e-02
 iter: 273:2        |ddm|: 1.463502e-07     Tr[DP]  8.392927e-02
 iter: 274:1        |ddm|: 1.697627e-07     Tr[DP]  8.392929e-02
 iter: 274:2        |ddm|: 1.382988e-07     Tr[DP]  8.392927e-02
 iter: 275:1        |ddm|: 1.609618e-07     Tr[DP]  8.392929e-02
 iter: 275:2        |ddm|: 1.237086e-07     Tr[DP]  8.392927e-02
 iter: 276:1        |ddm|: 1.487947e-07     Tr[DP]  8.392929e-02
 iter: 276:2        |ddm|: 1.127707e-07     Tr[DP]  8.392927e-02
 iter: 277:1        |ddm|: 1.390183e-07     Tr[DP]  8.392929e-02
 iter: 277:2        |ddm|: 1.030726e-07     Tr[DP]  8.392927e-02
 iter: 278:1        |ddm|: 1.270696e-07     Tr[DP]  8.392929e-02
 iter: 278:2        |ddm|: 1.003268e-07     Tr[DP]  8.392927e-02
 iter: 279:1        |ddm|: 1.188475e-07     Tr[DP]  8.392928e-02
 iter: 279:2        |ddm|: 9.515437e-08     Tr[DP]  8.392927e-02
 iter: 280:1        |ddm|: 1.118395e-07     Tr[DP]  8.392928e-02
 iter: 280:2        |ddm|: 8.942922e-08     Tr[DP]  8.392927e-02
 iter: 281:1        |ddm|: 1.054202e-07     Tr[DP]  8.392928e-02
 iter: 281:2        |ddm|: 8.445065e-08     Tr[DP]  8.392927e-02
 iter: 282:1        |ddm|: 9.932750e-08     Tr[DP]  8.392928e-02
 iter: 282:2        |ddm|: 7.931687e-08     Tr[DP]  8.392927e-02
 iter: 283:1        |ddm|: 9.357616e-08     Tr[DP]  8.392928e-02
 iter: 283:2        |ddm|: 7.477342e-08     Tr[DP]  8.392927e-02
 iter: 284:1        |ddm|: 8.808756e-08     Tr[DP]  8.392928e-02
 iter: 284:2        |ddm|: 7.093708e-08     Tr[DP]  8.392927e-02
 iter: 285:1        |ddm|: 8.302201e-08     Tr[DP]  8.392928e-02
 iter: 285:2        |ddm|: 6.734674e-08     Tr[DP]  8.392927e-02
 iter: 286:1        |ddm|: 7.827962e-08     Tr[DP]  8.392928e-02
 iter: 286:2        |ddm|: 6.366551e-08     Tr[DP]  8.392927e-02
 iter: 287:1        |ddm|: 7.380374e-08     Tr[DP]  8.392928e-02
 iter: 287:2        |ddm|: 6.000048e-08     Tr[DP]  8.392927e-02
 iter: 288:1        |ddm|: 6.959896e-08     Tr[DP]  8.392928e-02
 iter: 288:2        |ddm|: 5.657196e-08     Tr[DP]  8.392927e-02
 iter: 289:1        |ddm|: 6.564222e-08     Tr[DP]  8.392928e-02
 iter: 289:2        |ddm|: 5.327221e-08     Tr[DP]  8.392927e-02
 iter: 290:1        |ddm|: 6.192659e-08     Tr[DP]  8.392928e-02
 iter: 290:2        |ddm|: 5.019055e-08     Tr[DP]  8.392927e-02
 iter: 291:1        |ddm|: 5.842195e-08     Tr[DP]  8.392928e-02
 iter: 291:2        |ddm|: 4.737798e-08     Tr[DP]  8.392927e-02
 iter: 292:1        |ddm|: 5.511020e-08     Tr[DP]  8.392928e-02
 iter: 292:2        |ddm|: 4.476690e-08     Tr[DP]  8.392927e-02
 iter: 293:1        |ddm|: 5.197950e-08     Tr[DP]  8.392928e-02
 iter: 293:2        |ddm|: 4.229391e-08     Tr[DP]  8.392927e-02
 iter: 294:1        |ddm|: 4.902038e-08     Tr[DP]  8.392928e-02
 iter: 294:2        |ddm|: 3.992406e-08     Tr[DP]  8.392927e-02
 iter: 295:1        |ddm|: 4.622916e-08     Tr[DP]  8.392928e-02
 iter: 295:2        |ddm|: 3.766758e-08     Tr[DP]  8.392927e-02
 iter: 296:1        |ddm|: 4.359858e-08     Tr[DP]  8.392928e-02
 iter: 296:2        |ddm|: 3.550835e-08     Tr[DP]  8.392927e-02
 iter: 297:1        |ddm|: 4.112331e-08     Tr[DP]  8.392928e-02
 iter: 297:2        |ddm|: 3.345817e-08     Tr[DP]  8.392927e-02
 iter: 298:1        |ddm|: 3.879321e-08     Tr[DP]  8.392928e-02
 iter: 298:2        |ddm|: 3.154000e-08     Tr[DP]  8.392927e-02
 iter: 299:1        |ddm|: 3.659652e-08     Tr[DP]  8.392928e-02
 iter: 299:2        |ddm|: 2.975231e-08     Tr[DP]  8.392927e-02
 iter: 300:1        |ddm|: 3.452305e-08     Tr[DP]  8.392928e-02
 iter: 300:2        |ddm|: 2.807885e-08     Tr[DP]  8.392927e-02
                         Freeze-and-Thaw NOT converged!                         

=================== Subsystem 1 at higher mean-field method ====================
  subiter:   1      |ddm|: 3.378299e-01
  subiter:   2      |ddm|: 6.802282e-02
  subiter:   3      |ddm|: 1.379198e-02
  subiter:   4      |ddm|: 6.908335e-03
  subiter:   5      |ddm|: 1.398141e-03
  subiter:   6      |ddm|: 5.713201e-04
  subiter:   7      |ddm|: 8.867610e-05
  subiter:   8      |ddm|: 3.420757e-05
  subiter:   9      |ddm|: 9.110946e-06
  subiter:  10      |ddm|: 3.828929e-06
  subiter:  11      |ddm|: 3.550967e-07
  subiter:  12      |ddm|: 2.739801e-08
  subiter:  13      |ddm|: 1.482991e-08
  subiter:  14      |ddm|: 1.555527e-08
  subiter:  15      |ddm|: 1.864619e-09


******** <class 'pyscf.scf.hf.RHF'> flags ********
method = RHF
initial guess = minao
damping factor = 0
level shift factor = 0
DIIS = <class 'pyscf.scf.diis.CDIIS'>
DIIS start cycle = 1
DIIS space = 8
SCF tol = 1e-09
SCF gradient tol = None
max. SCF cycles = 100
direct_scf = True
direct_scf_tol = 1e-13
chkfile to save SCF result = /panfs/roc/scratch/graha682/D30/201711_ccpVDZ_NEVPT2_m06_30_4c12h24/tmpwJR7PQ
max_memory 4000 MB (current use 665 MB)
Set gradient conv threshold to 3.16228e-05
init E= -164.002584355989
  HOMO = -0.460798563977244  LUMO = 0.179530780442165
cycle= 1 E= -164.002584355988  delta_E= 7.96e-13  |g|= 9.17e-10  |ddm|= 5.71e-09
  HOMO = -0.460798563972484  LUMO = 0.179530780430206
Extra cycle  E= -164.002584355988  delta_E=    0  |g|= 3.48e-10  |ddm|= 1.74e-09
converged SCF energy = -164.002584355988


******** <class 'pyscf.dft.rks.RKS'> flags ********
method = RKS
initial guess = atom
damping factor = 0
level shift factor = 0.0
DIIS = <class 'pyscf.scf.diis.CDIIS'>
DIIS start cycle = 1
DIIS space = 8
SCF tol = 1e-08
SCF gradient tol = 1e-08
max. SCF cycles = 1
direct_scf = True
direct_scf_tol = 1e-13
chkfile to save SCF result = /panfs/roc/scratch/graha682/D30/201711_ccpVDZ_NEVPT2_m06_30_4c12h24/tmpk_bycR
max_memory 4000 MB (current use 661 MB)
XC functionals = m06
small_rho_cutoff = 1e-20
radial grids: Treutler-Ahlrichs (JCP 102, 346 (M4)) radial grids
becke partition: Becke, JCP, 88, 2547 (1988)
pruning grids: <function nwchem_prune at 0x17435f0>
grids dens level: 4
symmetrized grids: False
atomic radii adjust function: <function treutler_atomic_radii_adjust at 0x1743488>
init E= -164.952856681807
  HOMO = -0.332513308546244  LUMO = 0.0671911176971794
cycle= 1 E= -164.952856681808  delta_E= -5.12e-13  |g|= 5.43e-09  |ddm|= 3.26e-08
  HOMO = -0.332513308725452  LUMO = 0.0671911174831593
Extra cycle  E= -164.952856681807  delta_E= 4.55e-13  |g|= 2.54e-09  |ddm|= 1.02e-08
converged SCF energy = -164.952856681807
 iter: 301:1        |ddm|: 3.927011e-01     Tr[DP]  8.990594e-02

******** <class 'pyscf.mcscf.mc1step.CASSCF'> flags ********
CAS (1e+1e, 2o), ncore = 15, nvir = 74
max_cycle_macro = 50
max_cycle_micro = 4
conv_tol = 1e-07
conv_tol_grad = None
orbital rotation max_stepsize = 0.02
augmented hessian ah_max_cycle = 30
augmented hessian ah_conv_tol = 1e-12
augmented hessian ah_linear dependence = 1e-14
augmented hessian ah_level shift = 0
augmented hessian ah_start_tol = 2.5
augmented hessian ah_start_cycle = 3
augmented hessian ah_grad_trust_region = 3
kf_trust_region = 3
kf_interval = 4
ci_response_space = 4
ci_grad_trust_region = 3
with_dep4 0
natorb = False
canonicalization = True
sorting_mo_energy = False
chkfile = /panfs/roc/scratch/graha682/D30/201711_ccpVDZ_NEVPT2_m06_30_4c12h24/tmpwJR7PQ
max_memory 4000 MB (current use 662 MB)
internal_rotation = False
******** <class 'pyscf.fci.direct_spin1.FCISolver'> flags ********
max. cycles = 50
conv_tol = 1e-08
davidson only = False
linear dependence = 1e-10
level shift = 0.001
max iter space = 12
max_memory 4000 MB
nroots = 1
pspace_size = 400
spin = None
CASCI E = -164.002601746215  S^2 = 0.0000000
Set conv_tol_grad to 0.000316228
macro iter 1 (6 JK  1 micro), CASSCF E = -164.002603426094  dE = -1.6798786e-06  S^2 = 0.0000000
               |grad[o]|=8.48e-05  |grad[c]|= 0.000200799537127  |ddm|=4.23e-06
macro iter 2 (6 JK  1 micro), CASSCF E = -164.002609378454  dE = -5.9523599e-06  S^2 = 0.0000000
               |grad[o]|=8.82e-05  |grad[c]|= 0.000643124935337  |ddm|=1.91e-05
macro iter 3 (6 JK  1 micro), CASSCF E = -164.002634851524  dE = -2.547307e-05  S^2 = 0.0000000
               |grad[o]|=0.000106  |grad[c]|= 0.00210376126439  |ddm|=0.000173
macro iter 4 (7 JK  2 micro), CASSCF E = -164.002694615143  dE = -5.9763619e-05  S^2 = 0.0000000
               |grad[o]|=0.000211  |grad[c]|= 0.00138924125169  |ddm|=0.0014
macro iter 5 (7 JK  2 micro), CASSCF E = -164.002824251688  dE = -0.00012963655  S^2 = 0.0000000
               |grad[o]|=0.000421  |grad[c]|= 0.00196830380521  |ddm|=0.00107
macro iter 6 (12 JK  3 micro), CASSCF E = -164.003485208596  dE = -0.00066095691  S^2 = 0.0000000
               |grad[o]|=0.00085  |grad[c]|= 0.00705547434218  |ddm|=0.012
macro iter 7 (7 JK  2 micro), CASSCF E = -164.004209484023  dE = -0.00072427543  S^2 = 0.0000000
               |grad[o]|=0.00269  |grad[c]|= 0.00531206981409  |ddm|=0.00147
macro iter 8 (21 JK  4 micro), CASSCF E = -164.012126642827  dE = -0.0079171588  S^2 = 0.0000000
               |grad[o]|=0.00443  |grad[c]|= 0.0533340406572  |ddm|=0.0125
macro iter 9 (21 JK  4 micro), CASSCF E = -164.018412804582  dE = -0.0062861618  S^2 = 0.0000000
               |grad[o]|=0.0167  |grad[c]|= 0.0160754824817  |ddm|=0.0076
macro iter 10 (13 JK  4 micro), CASSCF E = -164.01873621448  dE = -0.0003234099  S^2 = 0.0000000
               |grad[o]|=0.00845  |grad[c]|= 0.00324166347184  |ddm|=0.00112
macro iter 11 (9 JK  3 micro), CASSCF E = -164.018737724383  dE = -1.5099036e-06  S^2 = 0.0000000
               |grad[o]|=0.000663  |grad[c]|= 3.05421252006e-05  |ddm|=0.000387
macro iter 12 (1 JK  1 micro), CASSCF E = -164.018737724395  dE = -1.114131e-11  S^2 = 0.0000000
               |grad[o]|=2.14e-05  |grad[c]|= 4.38116437354e-06  |ddm|=1.71e-06
1-step CASSCF converged in 12 macro (116 JK 28 micro) steps
CASSCF canonicalization
CASSCF energy = -164.018737724395
Hartree-Fock Energy:  -164.00258435598778
CAS Correlation:       -0.01615336840683
CAS Energy:          -164.01873772439461
Sr    (-1)',   E = -0.00000000009836
Si    (+1)',   E = -0.00000000011867
Sijrs (0)  ,   E = -0.45472648218690
Sijr  (+1) ,   E = -0.00443079433222
Srsi  (-1) ,   E = -0.02589695981589
Srs   (-2) ,   E = -0.00943341976244
Sij   (+2) ,   E = -0.00023403956871
Sir   (0)' ,   E = -0.01532260178276
Nevpt2 Energy = -0.510044297665934
NEVPT2 =   -0.510044297665934
Total NEVPT2 = -164.528782022060540

============================== Supermolecular DFT ==============================
  subiter:   1      |ddm|: 4.249178e+00
  subiter:   2      |ddm|: 4.782772e-01
  subiter:   3      |ddm|: 2.384273e-01
  subiter:   4      |ddm|: 4.672154e-02
  subiter:   5      |ddm|: 1.165918e-02
  subiter:   6      |ddm|: 3.444549e-03
  subiter:   7      |ddm|: 7.581949e-04
  subiter:   8      |ddm|: 1.925516e-04
  subiter:   9      |ddm|: 6.543995e-05
  subiter:  10      |ddm|: 1.951551e-05
  subiter:  11      |ddm|: 8.009230e-06
  subiter:  12      |ddm|: 2.353463e-06
  subiter:  13      |ddm|: 9.604536e-07
  subiter:  14      |ddm|: 3.289333e-07
  subiter:  15      |ddm|: 1.198535e-07
  subiter:  16      |ddm|: 3.112973e-08
  subiter:  17      |ddm|: 1.042915e-08
  subiter:  18      |ddm|: 3.378540e-09


******** <class 'pyscf.dft.rks.RKS'> flags ********
method = RKS
initial guess = atom
damping factor = 0
level shift factor = 0.0
DIIS = <class 'pyscf.scf.diis.CDIIS'>
DIIS start cycle = 1
DIIS space = 8
SCF tol = 1e-08
SCF gradient tol = 1e-08
max. SCF cycles = 100
direct_scf = True
direct_scf_tol = 1e-13
chkfile to save SCF result = /panfs/roc/scratch/graha682/D30/201711_ccpVDZ_NEVPT2_m06_30_4c12h24/tmpNf04Db
max_memory 4000 MB (current use 664 MB)
XC functionals = m06
small_rho_cutoff = 1e-20
radial grids: Treutler-Ahlrichs (JCP 102, 346 (M4)) radial grids
becke partition: Becke, JCP, 88, 2547 (1988)
pruning grids: <function nwchem_prune at 0x17435f0>
grids dens level: 4
symmetrized grids: False
atomic radii adjust function: <function treutler_atomic_radii_adjust at 0x1743488>
init E= -471.311183297731
  HOMO = -0.258520411584229  LUMO = 0.0108407131565083
cycle= 1 E= -471.311183297731  delta_E= -6.82e-13  |g|= 1.62e-09  |ddm|= 3.25e-09
  HOMO = -0.258520411624189  LUMO = 0.0108407131079289
Extra cycle  E= -471.311183297725  delta_E= 6.37e-12  |g|= 1.88e-09  |ddm|= 2.76e-09
converged SCF energy = -471.311183297725
Supermolecular DFT   -471.31118329773051

============================== Embedding Energies ==============================
Subsystem DFT              -164.95285668180736
Interaction                -305.87727196062417
DFT-in-DFT                 -470.83012864243153
Supermolecular DFT         -471.31118329773051
Difference                   -0.48105465529898
Corrected DFT-in-DFT       -471.31118329773051
WF-in-DFT                  -470.40605398268474
Corrected WF-in-DFT        -470.88710863798372
================================================================================
TIMING STATISTICS:
     overlap integrals      0.02s   ( 0.00%)
    initial subsystems      0.11s   ( 0.00%)
           2e matrices   7150.00s   (92.41%)
      tot. embed. of 1   7170.54s   (92.67%)
      tot. embed. of 2      2.44s   ( 0.03%)
       freeze and thaw   7173.01s   (92.70%)
                   cas      3.74s   ( 0.05%)
                nevpt2      0.11s   ( 0.00%)
  interaction energies    559.35s   ( 7.23%)
                 TOTAL   7737.54s
================================================================================

********************************************************************************
*                              END OF CALCULATION                              *
********************************************************************************
