********************************************************************************
*                         FREEZE-AND-THAW CALCULATION                          *
********************************************************************************

================================== Input File ==================================
subsystem
C         -6.84275       -0.35035        0.08177
C         -5.57775        0.47833       -0.02345
H         -7.75238        0.26706        0.01871
H         -6.88120       -0.90005        1.03770
H         -6.89581       -1.10130       -0.72492
C         -4.31074       -0.35489        0.05937
H         -5.55967        1.24483        0.77494
H         -5.57550        1.04680       -0.97324
C         -3.03505        0.46025       -0.04457
H         -4.32309       -1.12314       -0.73983
H         -4.30710       -0.92519        1.01006
C         -1.76923       -0.37297        0.03626
H         -3.02219        1.22737        0.75546
H         -3.03954        1.03113       -0.99473
C         -0.49371        0.44269       -0.06739
H         -1.78161       -1.13976       -0.76405
H         -1.76448       -0.94424        0.98612
C          0.77193       -0.39096        0.01153
H         -0.48043        1.20860        0.73374
H         -0.49896        1.01497       -1.01667
C          2.04739        0.42480       -0.09100
H          0.75916       -1.15628       -0.79016
H          0.77700       -0.96379        0.96033
C          3.31280       -0.40898       -0.01507
H          2.06120        1.18880        0.71194
H          2.04178        0.99955       -1.03901
charge -1
end

subsystem
C          4.58688        0.41540       -0.11923
H          3.30228       -1.16995       -0.82083
H          3.32203       -0.98468        0.93052
C          5.85731       -0.37284       -0.16011
H          4.62480        1.16664        0.69365
H          4.55882        0.99890       -1.06100
C          7.03284       -0.00189        0.35360
H          7.09265        0.64841        1.23612
H          7.98279       -0.32861       -0.08094
H          5.87990       -1.11756       -0.97406
charge +1
end

embed
 huzinaga
 cycles 300
 conv 1e-8
 method m06
end

basis aug-cc-pVTZ
method cas[2,2]/nevpt2
grid 4
conv 1e-8
grad 1e-8
maxiter 100
================================== End Input ===================================
tot grids = 725328

                      Getting subsystem overlap integrals                       

                          Initial subsystem densities                           
Guessing initial subsystem densities
Initial guess from superpostion of atomic densties.
Guessing initial subsystem densities
Initial guess from superpostion of atomic densties.

=========================== Starting Freeze-and-Thaw ===========================
 iter:   1:1        |ddm|: 3.049803e+02     Tr[DP]  7.788619e-01
 iter:   1:2        |ddm|: 5.911894e+01     Tr[DP]  2.751528e-01
 iter:   2:1        |ddm|: 1.050168e+03     Tr[DP]  9.716472e-02
 iter:   2:2        |ddm|: 4.629484e+01     Tr[DP]  1.381306e-01
 iter:   3:1        |ddm|: 9.143875e+02     Tr[DP]  9.568636e-02
 iter:   3:2        |ddm|: 1.566984e+01     Tr[DP]  1.741426e-01
 iter:   4:1        |ddm|: 1.359895e+02     Tr[DP]  8.873110e-02
 iter:   4:2        |ddm|: 6.931329e+00     Tr[DP]  1.404546e-01
 iter:   5:1        |ddm|: 7.883053e+01     Tr[DP]  9.263656e-02
 iter:   5:2        |ddm|: 5.800409e+00     Tr[DP]  1.187222e-01
 iter:   6:1        |ddm|: 5.412879e+01     Tr[DP]  9.505294e-02
 iter:   6:2        |ddm|: 4.070842e+00     Tr[DP]  1.065089e-01
 iter:   7:1        |ddm|: 4.462433e+01     Tr[DP]  9.773104e-02
 iter:   7:2        |ddm|: 2.566920e+00     Tr[DP]  9.797137e-02
 iter:   8:1        |ddm|: 3.761366e+01     Tr[DP]  9.890970e-02
 iter:   8:2        |ddm|: 1.582022e+00     Tr[DP]  9.362357e-02
 iter:   9:1        |ddm|: 3.350499e+01     Tr[DP]  9.917126e-02
 iter:   9:2        |ddm|: 9.788593e-01     Tr[DP]  9.166576e-02
 iter:  10:1        |ddm|: 2.617515e+01     Tr[DP]  9.920062e-02
 iter:  10:2        |ddm|: 7.401587e-01     Tr[DP]  8.947135e-02
 iter:  11:1        |ddm|: 2.072995e+01     Tr[DP]  9.987078e-02
 iter:  11:2        |ddm|: 4.485518e-01     Tr[DP]  8.956834e-02
 iter:  12:1        |ddm|: 1.811079e+01     Tr[DP]  1.002196e-01
 iter:  12:2        |ddm|: 3.450821e-01     Tr[DP]  8.951322e-02
 iter:  13:1        |ddm|: 1.516016e+01     Tr[DP]  1.004619e-01
 iter:  13:2        |ddm|: 2.794867e-01     Tr[DP]  8.917971e-02
 iter:  14:1        |ddm|: 1.284016e+01     Tr[DP]  1.002284e-01
 iter:  14:2        |ddm|: 2.874251e-01     Tr[DP]  8.796237e-02
 iter:  15:1        |ddm|: 1.028273e+01     Tr[DP]  1.001896e-01
 iter:  15:2        |ddm|: 1.818680e-01     Tr[DP]  8.925837e-02
 iter:  16:1        |ddm|: 9.697948e+00     Tr[DP]  1.003822e-01
 iter:  16:2        |ddm|: 1.413951e-01     Tr[DP]  8.977932e-02
 iter:  17:1        |ddm|: 8.618754e+00     Tr[DP]  1.003674e-01
 iter:  17:2        |ddm|: 1.298088e-01     Tr[DP]  8.966562e-02
 iter:  18:1        |ddm|: 7.421298e+00     Tr[DP]  1.001624e-01
 iter:  18:2        |ddm|: 1.172489e-01     Tr[DP]  8.957040e-02
 iter:  19:1        |ddm|: 6.421971e+00     Tr[DP]  9.984395e-02
 iter:  19:2        |ddm|: 9.789103e-02     Tr[DP]  8.971167e-02
 iter:  20:1        |ddm|: 5.669680e+00     Tr[DP]  9.951448e-02
 iter:  20:2        |ddm|: 9.030639e-02     Tr[DP]  8.967599e-02
 iter:  21:1        |ddm|: 5.091425e+00     Tr[DP]  9.908744e-02
 iter:  21:2        |ddm|: 1.000354e-01     Tr[DP]  8.932611e-02
 iter:  22:1        |ddm|: 4.133570e+00     Tr[DP]  9.851178e-02
 iter:  22:2        |ddm|: 6.526648e-02     Tr[DP]  8.979983e-02
 iter:  23:1        |ddm|: 4.771010e+00     Tr[DP]  9.815732e-02
 iter:  23:2        |ddm|: 1.749212e-01     Tr[DP]  9.177716e-02
 iter:  24:1        |ddm|: 4.306529e+00     Tr[DP]  9.836384e-02
 iter:  24:2        |ddm|: 6.709967e-02     Tr[DP]  9.146417e-02
 iter:  25:1        |ddm|: 3.725098e+00     Tr[DP]  9.817261e-02
 iter:  25:2        |ddm|: 6.202185e-02     Tr[DP]  9.139548e-02
 iter:  26:1        |ddm|: 3.367495e+00     Tr[DP]  9.795238e-02
 iter:  26:2        |ddm|: 6.170392e-02     Tr[DP]  9.113598e-02
 iter:  27:1        |ddm|: 3.159938e+00     Tr[DP]  9.754159e-02
 iter:  27:2        |ddm|: 7.673886e-02     Tr[DP]  9.186487e-02
 iter:  28:1        |ddm|: 3.069304e+00     Tr[DP]  9.735347e-02
 iter:  28:2        |ddm|: 6.281753e-02     Tr[DP]  9.211403e-02
 iter:  29:1        |ddm|: 2.771788e+00     Tr[DP]  9.721796e-02
 iter:  29:2        |ddm|: 5.167527e-02     Tr[DP]  9.194289e-02
 iter:  30:1        |ddm|: 2.496272e+00     Tr[DP]  9.699333e-02
 iter:  30:2        |ddm|: 4.856078e-02     Tr[DP]  9.182420e-02
 iter:  31:1        |ddm|: 2.271378e+00     Tr[DP]  9.676083e-02
 iter:  31:2        |ddm|: 4.821510e-02     Tr[DP]  9.157967e-02
 iter:  32:1        |ddm|: 2.232938e+00     Tr[DP]  9.638002e-02
 iter:  32:2        |ddm|: 6.731289e-02     Tr[DP]  9.221646e-02
 iter:  33:1        |ddm|: 2.088873e+00     Tr[DP]  9.624676e-02
 iter:  33:2        |ddm|: 4.542773e-02     Tr[DP]  9.210063e-02
 iter:  34:1        |ddm|: 1.896041e+00     Tr[DP]  9.605725e-02
 iter:  34:2        |ddm|: 4.226621e-02     Tr[DP]  9.192972e-02
 iter:  35:1        |ddm|: 1.735884e+00     Tr[DP]  9.584488e-02
 iter:  35:2        |ddm|: 4.055918e-02     Tr[DP]  9.177596e-02
 iter:  36:1        |ddm|: 1.590214e+00     Tr[DP]  9.561720e-02
 iter:  36:2        |ddm|: 3.899210e-02     Tr[DP]  9.165262e-02
 iter:  37:1        |ddm|: 1.479929e+00     Tr[DP]  9.541312e-02
 iter:  37:2        |ddm|: 3.965006e-02     Tr[DP]  9.138804e-02
 iter:  38:1        |ddm|: 1.405887e+00     Tr[DP]  9.520380e-02
 iter:  38:2        |ddm|: 4.566162e-02     Tr[DP]  9.101330e-02
 iter:  39:1        |ddm|: 1.560793e+00     Tr[DP]  9.475331e-02
 iter:  39:2        |ddm|: 7.297104e-02     Tr[DP]  9.201197e-02
 iter:  40:1        |ddm|: 1.314650e+00     Tr[DP]  9.469919e-02
 iter:  40:2        |ddm|: 3.560040e-02     Tr[DP]  9.165102e-02
 iter:  41:1        |ddm|: 1.307190e+00     Tr[DP]  9.445831e-02
 iter:  41:2        |ddm|: 4.686355e-02     Tr[DP]  9.193465e-02
 iter:  42:1        |ddm|: 1.177663e+00     Tr[DP]  9.436708e-02
 iter:  42:2        |ddm|: 3.350179e-02     Tr[DP]  9.167667e-02
 iter:  43:1        |ddm|: 1.067662e+00     Tr[DP]  9.423511e-02
 iter:  43:2        |ddm|: 3.278071e-02     Tr[DP]  9.143245e-02
 iter:  44:1        |ddm|: 1.233331e+00     Tr[DP]  9.395973e-02
 iter:  44:2        |ddm|: 5.240552e-02     Tr[DP]  9.188026e-02
 iter:  45:1        |ddm|: 1.041144e+00     Tr[DP]  9.390051e-02
 iter:  45:2        |ddm|: 3.161713e-02     Tr[DP]  9.156170e-02
 iter:  46:1        |ddm|: 9.364748e-01     Tr[DP]  9.377520e-02
 iter:  46:2        |ddm|: 3.040722e-02     Tr[DP]  9.135763e-02
 iter:  47:1        |ddm|: 8.690638e-01     Tr[DP]  9.362256e-02
 iter:  47:2        |ddm|: 2.976937e-02     Tr[DP]  9.126294e-02
 iter:  48:1        |ddm|: 8.081831e-01     Tr[DP]  9.349666e-02
 iter:  48:2        |ddm|: 2.897529e-02     Tr[DP]  9.106619e-02
 iter:  49:1        |ddm|: 7.571428e-01     Tr[DP]  9.335074e-02
 iter:  49:2        |ddm|: 2.794983e-02     Tr[DP]  9.097944e-02
 iter:  50:1        |ddm|: 7.335665e-01     Tr[DP]  9.319675e-02
 iter:  50:2        |ddm|: 2.781094e-02     Tr[DP]  9.096473e-02
 iter:  51:1        |ddm|: 7.086908e-01     Tr[DP]  9.305770e-02
 iter:  51:2        |ddm|: 2.693422e-02     Tr[DP]  9.091492e-02
 iter:  52:1        |ddm|: 6.803687e-01     Tr[DP]  9.292429e-02
 iter:  52:2        |ddm|: 2.649464e-02     Tr[DP]  9.085730e-02
 iter:  53:1        |ddm|: 7.287594e-01     Tr[DP]  9.276325e-02
 iter:  53:2        |ddm|: 3.229302e-02     Tr[DP]  9.098082e-02
 iter:  54:1        |ddm|: 7.076186e-01     Tr[DP]  9.264553e-02
 iter:  54:2        |ddm|: 2.959977e-02     Tr[DP]  9.097800e-02
 iter:  55:1        |ddm|: 6.767228e-01     Tr[DP]  9.254566e-02
 iter:  55:2        |ddm|: 2.823039e-02     Tr[DP]  9.088794e-02
 iter:  56:1        |ddm|: 6.442608e-01     Tr[DP]  9.245442e-02
 iter:  56:2        |ddm|: 2.594489e-02     Tr[DP]  9.079333e-02
 iter:  57:1        |ddm|: 6.270906e-01     Tr[DP]  9.235370e-02
 iter:  57:2        |ddm|: 2.632076e-02     Tr[DP]  9.072010e-02
 iter:  58:1        |ddm|: 5.758600e-01     Tr[DP]  9.227041e-02
 iter:  58:2        |ddm|: 2.426403e-02     Tr[DP]  9.056206e-02
 iter:  59:1        |ddm|: 5.773255e-01     Tr[DP]  9.216164e-02
 iter:  59:2        |ddm|: 2.558082e-02     Tr[DP]  9.054202e-02
 iter:  60:1        |ddm|: 5.293599e-01     Tr[DP]  9.207961e-02
 iter:  60:2        |ddm|: 2.340977e-02     Tr[DP]  9.036540e-02
 iter:  61:1        |ddm|: 4.827181e-01     Tr[DP]  9.199966e-02
 iter:  61:2        |ddm|: 2.439449e-02     Tr[DP]  9.015913e-02
 iter:  62:1        |ddm|: 5.140510e-01     Tr[DP]  9.187394e-02
 iter:  62:2        |ddm|: 2.533603e-02     Tr[DP]  9.024491e-02
 iter:  63:1        |ddm|: 4.803794e-01     Tr[DP]  9.178278e-02
 iter:  63:2        |ddm|: 2.225736e-02     Tr[DP]  9.015505e-02
 iter:  64:1        |ddm|: 4.886227e-01     Tr[DP]  9.168191e-02
 iter:  64:2        |ddm|: 2.329998e-02     Tr[DP]  9.014079e-02
 iter:  65:1        |ddm|: 4.647968e-01     Tr[DP]  9.159526e-02
 iter:  65:2        |ddm|: 2.193940e-02     Tr[DP]  9.005843e-02
 iter:  66:1        |ddm|: 4.576470e-01     Tr[DP]  9.150607e-02
 iter:  66:2        |ddm|: 2.199532e-02     Tr[DP]  9.000426e-02
 iter:  67:1        |ddm|: 6.288660e-01     Tr[DP]  9.137164e-02
 iter:  67:2        |ddm|: 3.834035e-02     Tr[DP]  9.025359e-02
 iter:  68:1        |ddm|: 4.514424e-01     Tr[DP]  9.134343e-02
 iter:  68:2        |ddm|: 2.347881e-02     Tr[DP]  8.986352e-02
 iter:  69:1        |ddm|: 4.084829e-01     Tr[DP]  9.126884e-02
 iter:  69:2        |ddm|: 2.116981e-02     Tr[DP]  8.976745e-02
 iter:  70:1        |ddm|: 3.877892e-01     Tr[DP]  9.119174e-02
 iter:  70:2        |ddm|: 2.038316e-02     Tr[DP]  8.967166e-02
 iter:  71:1        |ddm|: 3.801718e-01     Tr[DP]  9.111026e-02
 iter:  71:2        |ddm|: 1.993736e-02     Tr[DP]  8.960738e-02
 iter:  72:1        |ddm|: 3.643482e-01     Tr[DP]  9.103314e-02
 iter:  72:2        |ddm|: 1.945700e-02     Tr[DP]  8.952285e-02
 iter:  73:1        |ddm|: 4.031995e-01     Tr[DP]  9.093797e-02
 iter:  73:2        |ddm|: 2.172257e-02     Tr[DP]  8.956557e-02
 iter:  74:1        |ddm|: 3.866915e-01     Tr[DP]  9.085972e-02
 iter:  74:2        |ddm|: 1.988763e-02     Tr[DP]  8.951118e-02
 iter:  75:1        |ddm|: 3.653711e-01     Tr[DP]  9.078740e-02
 iter:  75:2        |ddm|: 1.911101e-02     Tr[DP]  8.943055e-02
 iter:  76:1        |ddm|: 4.640667e-01     Tr[DP]  9.068783e-02
 iter:  76:2        |ddm|: 2.760989e-02     Tr[DP]  8.955841e-02
 iter:  77:1        |ddm|: 3.694848e-01     Tr[DP]  9.063213e-02
 iter:  77:2        |ddm|: 1.854928e-02     Tr[DP]  8.938294e-02
 iter:  78:1        |ddm|: 3.232663e-01     Tr[DP]  9.059834e-02
 iter:  78:2        |ddm|: 2.452467e-02     Tr[DP]  8.907811e-02
 iter:  79:1        |ddm|: 2.868568e-01     Tr[DP]  9.053007e-02
 iter:  79:2        |ddm|: 1.938522e-02     Tr[DP]  8.901936e-02
 iter:  80:1        |ddm|: 3.506377e-01     Tr[DP]  9.043547e-02
 iter:  80:2        |ddm|: 2.081249e-02     Tr[DP]  8.912045e-02
 iter:  81:1        |ddm|: 3.314436e-01     Tr[DP]  9.035972e-02
 iter:  81:2        |ddm|: 1.835362e-02     Tr[DP]  8.908728e-02
 iter:  82:1        |ddm|: 3.908167e-01     Tr[DP]  9.027495e-02
 iter:  82:2        |ddm|: 2.340550e-02     Tr[DP]  8.915864e-02
 iter:  83:1        |ddm|: 3.330080e-01     Tr[DP]  9.021472e-02
 iter:  83:2        |ddm|: 1.751759e-02     Tr[DP]  8.904190e-02
 iter:  84:1        |ddm|: 3.172257e-01     Tr[DP]  9.015571e-02
 iter:  84:2        |ddm|: 1.706126e-02     Tr[DP]  8.894974e-02
 iter:  85:1        |ddm|: 2.773176e-01     Tr[DP]  9.010797e-02
 iter:  85:2        |ddm|: 1.866094e-02     Tr[DP]  8.875472e-02
 iter:  86:1        |ddm|: 2.543415e-01     Tr[DP]  9.005054e-02
 iter:  86:2        |ddm|: 1.776955e-02     Tr[DP]  8.865534e-02
 iter:  87:1        |ddm|: 2.689796e-01     Tr[DP]  8.997833e-02
 iter:  87:2        |ddm|: 1.636193e-02     Tr[DP]  8.866006e-02
 iter:  88:1        |ddm|: 2.668348e-01     Tr[DP]  8.990989e-02
 iter:  88:2        |ddm|: 1.587557e-02     Tr[DP]  8.863177e-02
 iter:  89:1        |ddm|: 3.199175e-01     Tr[DP]  8.983232e-02
 iter:  89:2        |ddm|: 1.980445e-02     Tr[DP]  8.870147e-02
 iter:  90:1        |ddm|: 3.360294e-01     Tr[DP]  8.975946e-02
 iter:  90:2        |ddm|: 2.079480e-02     Tr[DP]  8.873139e-02
 iter:  91:1        |ddm|: 3.072289e-01     Tr[DP]  8.970033e-02
 iter:  91:2        |ddm|: 1.695797e-02     Tr[DP]  8.865695e-02
 iter:  92:1        |ddm|: 2.788625e-01     Tr[DP]  8.964848e-02
 iter:  92:2        |ddm|: 1.532737e-02     Tr[DP]  8.854103e-02
 iter:  93:1        |ddm|: 2.580932e-01     Tr[DP]  8.959678e-02
 iter:  93:2        |ddm|: 1.526469e-02     Tr[DP]  8.843317e-02
 iter:  94:1        |ddm|: 2.444130e-01     Tr[DP]  8.954231e-02
 iter:  94:2        |ddm|: 1.506951e-02     Tr[DP]  8.834823e-02
 iter:  95:1        |ddm|: 2.419166e-01     Tr[DP]  8.948376e-02
 iter:  95:2        |ddm|: 1.466523e-02     Tr[DP]  8.829975e-02
 iter:  96:1        |ddm|: 2.431138e-01     Tr[DP]  8.942332e-02
 iter:  96:2        |ddm|: 1.448501e-02     Tr[DP]  8.826505e-02
 iter:  97:1        |ddm|: 2.313778e-01     Tr[DP]  8.936602e-02
 iter:  97:2        |ddm|: 1.406584e-02     Tr[DP]  8.819677e-02
 iter:  98:1        |ddm|: 2.771626e-01     Tr[DP]  8.930003e-02
 iter:  98:2        |ddm|: 1.726572e-02     Tr[DP]  8.825174e-02
 iter:  99:1        |ddm|: 2.914555e-01     Tr[DP]  8.923454e-02
 iter:  99:2        |ddm|: 1.828338e-02     Tr[DP]  8.827445e-02
 iter: 100:1        |ddm|: 2.571213e-01     Tr[DP]  8.918117e-02
 iter: 100:2        |ddm|: 1.417866e-02     Tr[DP]  8.817861e-02
 iter: 101:1        |ddm|: 2.468506e-01     Tr[DP]  8.913006e-02
 iter: 101:2        |ddm|: 1.389647e-02     Tr[DP]  8.810413e-02
 iter: 102:1        |ddm|: 2.233616e-01     Tr[DP]  8.908140e-02
 iter: 102:2        |ddm|: 1.374195e-02     Tr[DP]  8.799096e-02
 iter: 103:1        |ddm|: 2.153930e-01     Tr[DP]  8.902988e-02
 iter: 103:2        |ddm|: 1.345464e-02     Tr[DP]  8.792756e-02
 iter: 104:1        |ddm|: 2.136459e-01     Tr[DP]  8.897539e-02
 iter: 104:2        |ddm|: 1.311528e-02     Tr[DP]  8.788631e-02
 iter: 105:1        |ddm|: 2.157988e-01     Tr[DP]  8.891959e-02
 iter: 105:2        |ddm|: 1.305277e-02     Tr[DP]  8.785748e-02
 iter: 106:1        |ddm|: 2.076862e-01     Tr[DP]  8.886585e-02
 iter: 106:2        |ddm|: 1.261543e-02     Tr[DP]  8.780096e-02
 iter: 107:1        |ddm|: 2.333440e-01     Tr[DP]  8.880856e-02
 iter: 107:2        |ddm|: 1.444562e-02     Tr[DP]  8.782207e-02
 iter: 108:1        |ddm|: 2.354379e-01     Tr[DP]  8.875238e-02
 iter: 108:2        |ddm|: 1.424145e-02     Tr[DP]  8.780823e-02
 iter: 109:1        |ddm|: 2.237881e-01     Tr[DP]  8.870042e-02
 iter: 109:2        |ddm|: 1.288409e-02     Tr[DP]  8.775158e-02
 iter: 110:1        |ddm|: 2.178971e-01     Tr[DP]  8.865044e-02
 iter: 110:2        |ddm|: 1.256469e-02     Tr[DP]  8.769690e-02
 iter: 111:1        |ddm|: 2.145788e-01     Tr[DP]  8.860047e-02
 iter: 111:2        |ddm|: 1.246316e-02     Tr[DP]  8.764992e-02
 iter: 112:1        |ddm|: 2.041519e-01     Tr[DP]  8.855141e-02
 iter: 112:2        |ddm|: 1.197629e-02     Tr[DP]  8.758532e-02
 iter: 113:1        |ddm|: 1.887707e-01     Tr[DP]  8.850425e-02
 iter: 113:2        |ddm|: 1.196833e-02     Tr[DP]  8.749632e-02
 iter: 114:1        |ddm|: 1.854728e-01     Tr[DP]  8.845591e-02
 iter: 114:2        |ddm|: 1.171034e-02     Tr[DP]  8.745446e-02
 iter: 115:1        |ddm|: 2.029010e-01     Tr[DP]  8.840352e-02
 iter: 115:2        |ddm|: 1.260031e-02     Tr[DP]  8.746389e-02
 iter: 116:1        |ddm|: 1.830568e-01     Tr[DP]  8.835405e-02
 iter: 116:2        |ddm|: 1.115766e-02     Tr[DP]  8.738533e-02
 iter: 117:1        |ddm|: 1.778495e-01     Tr[DP]  8.830693e-02
 iter: 117:2        |ddm|: 1.117861e-02     Tr[DP]  8.733525e-02
 iter: 118:1        |ddm|: 1.834557e-01     Tr[DP]  8.825769e-02
 iter: 118:2        |ddm|: 1.140639e-02     Tr[DP]  8.731887e-02
 iter: 119:1        |ddm|: 1.814906e-01     Tr[DP]  8.820851e-02
 iter: 119:2        |ddm|: 1.112607e-02     Tr[DP]  8.728661e-02
 iter: 120:1        |ddm|: 1.744831e-01     Tr[DP]  8.816130e-02
 iter: 120:2        |ddm|: 1.075214e-02     Tr[DP]  8.723615e-02
 iter: 121:1        |ddm|: 1.714615e-01     Tr[DP]  8.811507e-02
 iter: 121:2        |ddm|: 1.069203e-02     Tr[DP]  8.719585e-02
 iter: 122:1        |ddm|: 1.650847e-01     Tr[DP]  8.806879e-02
 iter: 122:2        |ddm|: 1.050508e-02     Tr[DP]  8.714574e-02
 iter: 123:1        |ddm|: 1.531976e-01     Tr[DP]  8.802436e-02
 iter: 123:2        |ddm|: 1.078823e-02     Tr[DP]  8.707164e-02
 iter: 124:1        |ddm|: 1.656687e-01     Tr[DP]  8.797912e-02
 iter: 124:2        |ddm|: 1.084444e-02     Tr[DP]  8.708057e-02
 iter: 125:1        |ddm|: 1.504936e-01     Tr[DP]  8.793287e-02
 iter: 125:2        |ddm|: 1.006350e-02     Tr[DP]  8.701623e-02
 iter: 126:1        |ddm|: 2.003460e-01     Tr[DP]  