********************************************************************************
*                         FREEZE-AND-THAW CALCULATION                          *
********************************************************************************

================================== Input File ==================================
subsystem
C         -6.84275       -0.35035        0.08177
C         -5.57775        0.47833       -0.02345
H         -7.75238        0.26706        0.01871
H         -6.88120       -0.90005        1.03770
H         -6.89581       -1.10130       -0.72492
C         -4.31074       -0.35489        0.05937
H         -5.55967        1.24483        0.77494
H         -5.57550        1.04680       -0.97324
C         -3.03505        0.46025       -0.04457
H         -4.32309       -1.12314       -0.73983
H         -4.30710       -0.92519        1.01006
charge -1
end

subsystem
C         -1.76923       -0.37297        0.03626
H         -3.02219        1.22737        0.75546
H         -3.03954        1.03113       -0.99473
C         -0.49371        0.44269       -0.06739
H         -1.78161       -1.13976       -0.76405
H         -1.76448       -0.94424        0.98612
C          0.77193       -0.39096        0.01153
H         -0.48043        1.20860        0.73374
H         -0.49896        1.01497       -1.01667
C          2.04739        0.42480       -0.09100
H          0.75916       -1.15628       -0.79016
H          0.77700       -0.96379        0.96033
C          3.31280       -0.40898       -0.01507
H          2.06120        1.18880        0.71194
H          2.04178        0.99955       -1.03901
C          4.58688        0.41540       -0.11923
H          3.30228       -1.16995       -0.82083
H          3.32203       -0.98468        0.93052
C          5.85731       -0.37284       -0.16011
H          4.62480        1.16664        0.69365
H          4.55882        0.99890       -1.06100
C          7.03284       -0.00189        0.35360
H          7.09265        0.64841        1.23612
H          7.98279       -0.32861       -0.08094
H          5.87990       -1.11756       -0.97406
charge +1
end

embed
 huzinaga
 cycles 300
 conv 1e-8
 method m06
end

basis aug-cc-pVTZ
method cas[2,2]/nevpt2
grid 4
conv 1e-8
grad 1e-8
maxiter 100
================================== End Input ===================================
tot grids = 725328

                      Getting subsystem overlap integrals                       

                          Initial subsystem densities                           
Guessing initial subsystem densities
Initial guess from superpostion of atomic densties.
Guessing initial subsystem densities
Initial guess from superpostion of atomic densties.

=========================== Starting Freeze-and-Thaw ===========================
 iter:   1:1        |ddm|: 1.082456e+02     Tr[DP]  7.728562e-01
 iter:   1:2        |ddm|: 9.433083e+01     Tr[DP]  2.694733e-01
 iter:   2:1        |ddm|: 1.409572e+02     Tr[DP]  8.358861e-02
 iter:   2:2        |ddm|: 8.813517e+01     Tr[DP]  1.419958e-01
 iter:   3:1        |ddm|: 1.156774e+02     Tr[DP]  1.281927e-01
 iter:   3:2        |ddm|: 3.832306e+01     Tr[DP]  1.758547e-01
 iter:   4:1        |ddm|: 6.104123e+01     Tr[DP]  9.205359e-02
 iter:   4:2        |ddm|: 1.499692e+01     Tr[DP]  1.350885e-01
 iter:   5:1        |ddm|: 3.254180e+01     Tr[DP]  9.284367e-02
 iter:   5:2        |ddm|: 9.878652e+00     Tr[DP]  1.176568e-01
 iter:   6:1        |ddm|: 1.789886e+01     Tr[DP]  9.669884e-02
 iter:   6:2        |ddm|: 7.618093e+00     Tr[DP]  1.042257e-01
 iter:   7:1        |ddm|: 1.368031e+01     Tr[DP]  9.863501e-02
 iter:   7:2        |ddm|: 5.051124e+00     Tr[DP]  9.633737e-02
 iter:   8:1        |ddm|: 1.114336e+01     Tr[DP]  9.975742e-02
 iter:   8:2        |ddm|: 3.601645e+00     Tr[DP]  9.316681e-02
 iter:   9:1        |ddm|: 9.709358e+00     Tr[DP]  1.000160e-01
 iter:   9:2        |ddm|: 2.744997e+00     Tr[DP]  9.181812e-02
 iter:  10:1        |ddm|: 7.670029e+00     Tr[DP]  1.001814e-01
 iter:  10:2        |ddm|: 2.296691e+00     Tr[DP]  8.986436e-02
 iter:  11:1        |ddm|: 6.226744e+00     Tr[DP]  1.010843e-01
 iter:  11:2        |ddm|: 1.770630e+00     Tr[DP]  9.064989e-02
 iter:  12:1        |ddm|: 5.751385e+00     Tr[DP]  1.014321e-01
 iter:  12:2        |ddm|: 1.542800e+00     Tr[DP]  9.027034e-02
 iter:  13:1        |ddm|: 4.915629e+00     Tr[DP]  1.015843e-01
 iter:  13:2        |ddm|: 1.315814e+00     Tr[DP]  9.010474e-02
 iter:  14:1        |ddm|: 4.223039e+00     Tr[DP]  1.013310e-01
 iter:  14:2        |ddm|: 1.145046e+00     Tr[DP]  8.931635e-02
 iter:  15:1        |ddm|: 3.543755e+00     Tr[DP]  1.009853e-01
 iter:  15:2        |ddm|: 9.028128e-01     Tr[DP]  8.946817e-02
 iter:  16:1        |ddm|: 3.203358e+00     Tr[DP]  1.011203e-01
 iter:  16:2        |ddm|: 7.337753e-01     Tr[DP]  9.047617e-02
 iter:  17:1        |ddm|: 3.041927e+00     Tr[DP]  1.011406e-01
 iter:  17:2        |ddm|: 6.801454e-01     Tr[DP]  9.070210e-02
 iter:  18:1        |ddm|: 2.672313e+00     Tr[DP]  1.009170e-01
 iter:  18:2        |ddm|: 6.088466e-01     Tr[DP]  9.073796e-02
 iter:  19:1        |ddm|: 2.370801e+00     Tr[DP]  1.005838e-01
 iter:  19:2        |ddm|: 5.366368e-01     Tr[DP]  9.080151e-02
 iter:  20:1        |ddm|: 2.100747e+00     Tr[DP]  1.002110e-01
 iter:  20:2        |ddm|: 4.684648e-01     Tr[DP]  9.088837e-02
 iter:  21:1        |ddm|: 1.961579e+00     Tr[DP]  9.986798e-02
 iter:  21:2        |ddm|: 4.043155e-01     Tr[DP]  9.139679e-02
 iter:  22:1        |ddm|: 1.713883e+00     Tr[DP]  9.954050e-02
 iter:  22:2        |ddm|: 4.414217e-01     Tr[DP]  9.086055e-02
 iter:  23:1        |ddm|: 1.714072e+00     Tr[DP]  9.909807e-02
 iter:  23:2        |ddm|: 3.754496e-01     Tr[DP]  9.212230e-02
 iter:  24:1        |ddm|: 1.580612e+00     Tr[DP]  9.907884e-02
 iter:  24:2        |ddm|: 3.657280e-01     Tr[DP]  9.222552e-02
 iter:  25:1        |ddm|: 1.372601e+00     Tr[DP]  9.889587e-02
 iter:  25:2        |ddm|: 3.347558e-01     Tr[DP]  9.200994e-02
 iter:  26:1        |ddm|: 1.226293e+00     Tr[DP]  9.860773e-02
 iter:  26:2        |ddm|: 3.196188e-01     Tr[DP]  9.175800e-02
 iter:  27:1        |ddm|: 1.039155e+00     Tr[DP]  9.820595e-02
 iter:  27:2        |ddm|: 2.897340e-01     Tr[DP]  9.140292e-02
 iter:  28:1        |ddm|: 1.754184e+00     Tr[DP]  9.745464e-02
 iter:  28:2        |ddm|: 6.189359e-01     Tr[DP]  9.452207e-02
 iter:  29:1        |ddm|: 1.219362e+00     Tr[DP]  9.796674e-02
 iter:  29:2        |ddm|: 4.333779e-01     Tr[DP]  9.354206e-02
 iter:  30:1        |ddm|: 1.088184e+00     Tr[DP]  9.778463e-02
 iter:  30:2        |ddm|: 3.291180e-01     Tr[DP]  9.330698e-02
 iter:  31:1        |ddm|: 9.761257e-01     Tr[DP]  9.758865e-02
 iter:  31:2        |ddm|: 2.934967e-01     Tr[DP]  9.305488e-02
 iter:  32:1        |ddm|: 9.192841e-01     Tr[DP]  9.734649e-02
 iter:  32:2        |ddm|: 2.692570e-01     Tr[DP]  9.306322e-02
 iter:  33:1        |ddm|: 8.845611e-01     Tr[DP]  9.710125e-02
 iter:  33:2        |ddm|: 2.666739e-01     Tr[DP]  9.317389e-02
 iter:  34:1        |ddm|: 7.994909e-01     Tr[DP]  9.691273e-02
 iter:  34:2        |ddm|: 2.585782e-01     Tr[DP]  9.296927e-02
 iter:  35:1        |ddm|: 7.298405e-01     Tr[DP]  9.669576e-02
 iter:  35:2        |ddm|: 2.384153e-01     Tr[DP]  9.276247e-02
 iter:  36:1        |ddm|: 6.648608e-01     Tr[DP]  9.645695e-02
 iter:  36:2        |ddm|: 2.205605e-01     Tr[DP]  9.256133e-02
 iter:  37:1        |ddm|: 6.209788e-01     Tr[DP]  9.619776e-02
 iter:  37:2        |ddm|: 2.058123e-01     Tr[DP]  9.248634e-02
 iter:  38:1        |ddm|: 5.837001e-01     Tr[DP]  9.595339e-02
 iter:  38:2        |ddm|: 1.995902e-01     Tr[DP]  9.244148e-02
 iter:  39:1        |ddm|: 5.459581e-01     Tr[DP]  9.572587e-02
 iter:  39:2        |ddm|: 1.947474e-01     Tr[DP]  9.237104e-02
 iter:  40:1        |ddm|: 5.045804e-01     Tr[DP]  9.551493e-02
 iter:  40:2        |ddm|: 1.875007e-01     Tr[DP]  9.226747e-02
 iter:  41:1        |ddm|: 4.732770e-01     Tr[DP]  9.530444e-02
 iter:  41:2        |ddm|: 1.808410e-01     Tr[DP]  9.219071e-02
 iter:  42:1        |ddm|: 4.194755e-01     Tr[DP]  9.513416e-02
 iter:  42:2        |ddm|: 1.727714e-01     Tr[DP]  9.197230e-02
 iter:  43:1        |ddm|: 4.286545e-01     Tr[DP]  9.489937e-02
 iter:  43:2        |ddm|: 1.699138e-01     Tr[DP]  9.208319e-02
 iter:  44:1        |ddm|: 4.053356e-01     Tr[DP]  9.471915e-02
 iter:  44:2        |ddm|: 1.730107e-01     Tr[DP]  9.205294e-02
 iter:  45:1        |ddm|: 4.005157e-01     Tr[DP]  9.452733e-02
 iter:  45:2        |ddm|: 1.755725e-01     Tr[DP]  9.210368e-02
 iter:  46:1        |ddm|: 3.785108e-01     Tr[DP]  9.437169e-02
 iter:  46:2        |ddm|: 1.751012e-01     Tr[DP]  9.206085e-02
 iter:  47:1        |ddm|: 5.102675e-01     Tr[DP]  9.409459e-02
 iter:  47:2        |ddm|: 2.425381e-01     Tr[DP]  9.269456e-02
 iter:  48:1        |ddm|: 4.083186e-01     Tr[DP]  9.404494e-02
 iter:  48:2        |ddm|: 2.302142e-01     Tr[DP]  9.250399e-02
 iter:  49:1        |ddm|: 3.564871e-01     Tr[DP]  9.397640e-02
 iter:  49:2        |ddm|: 1.966551e-01     Tr[DP]  9.219774e-02
 iter:  50:1        |ddm|: 3.242535e-01     Tr[DP]  9.388529e-02
 iter:  50:2        |ddm|: 1.704551e-01     Tr[DP]  9.196134e-02
 iter:  51:1        |ddm|: 2.958594e-01     Tr[DP]  9.378062e-02
 iter:  51:2        |ddm|: 1.552821e-01     Tr[DP]  9.175404e-02
 iter:  52:1        |ddm|: 2.962987e-01     Tr[DP]  9.363900e-02
 iter:  52:2        |ddm|: 1.479901e-01     Tr[DP]  9.170705e-02
 iter:  53:1        |ddm|: 2.747650e-01     Tr[DP]  9.352537e-02
 iter:  53:2        |ddm|: 1.461026e-01     Tr[DP]  9.157674e-02
 iter:  54:1        |ddm|: 2.549441e-01     Tr[DP]  9.342274e-02
 iter:  54:2        |ddm|: 1.393209e-01     Tr[DP]  9.143560e-02
 iter:  55:1        |ddm|: 2.499639e-01     Tr[DP]  9.330214e-02
 iter:  55:2        |ddm|: 1.361325e-01     Tr[DP]  9.136811e-02
 iter:  56:1        |ddm|: 2.395508e-01     Tr[DP]  9.318572e-02
 iter:  56:2        |ddm|: 1.349720e-01     Tr[DP]  9.128632e-02
 iter:  57:1        |ddm|: 2.366841e-01     Tr[DP]  9.306956e-02
 iter:  57:2        |ddm|: 1.348037e-01     Tr[DP]  9.126019e-02
 iter:  58:1        |ddm|: 2.537602e-01     Tr[DP]  9.293783e-02
 iter:  58:2        |ddm|: 1.441734e-01     Tr[DP]  9.133568e-02
 iter:  59:1        |ddm|: 2.976431e-01     Tr[DP]  9.278645e-02
 iter:  59:2        |ddm|: 1.730399e-01     Tr[DP]  9.156778e-02
 iter:  60:1        |ddm|: 2.444137e-01     Tr[DP]  9.272143e-02
 iter:  60:2        |ddm|: 1.688906e-01     Tr[DP]  9.138459e-02
 iter:  61:1        |ddm|: 2.387232e-01     Tr[DP]  9.264025e-02
 iter:  61:2        |ddm|: 1.521774e-01     Tr[DP]  9.128959e-02
 iter:  62:1        |ddm|: 2.169645e-01     Tr[DP]  9.256885e-02
 iter:  62:2        |ddm|: 1.431773e-01     Tr[DP]  9.112828e-02
 iter:  63:1        |ddm|: 1.911401e-01     Tr[DP]  9.250630e-02
 iter:  63:2        |ddm|: 1.311634e-01     Tr[DP]  9.089456e-02
 iter:  64:1        |ddm|: 1.889736e-01     Tr[DP]  9.241981e-02
 iter:  64:2        |ddm|: 1.191057e-01     Tr[DP]  9.080780e-02
 iter:  65:1        |ddm|: 1.976513e-01     Tr[DP]  9.231741e-02
 iter:  65:2        |ddm|: 1.215566e-01     Tr[DP]  9.081496e-02
 iter:  66:1        |ddm|: 1.940988e-01     Tr[DP]  9.222530e-02
 iter:  66:2        |ddm|: 1.261990e-01     Tr[DP]  9.077956e-02
 iter:  67:1        |ddm|: 2.058995e-01     Tr[DP]  9.212635e-02
 iter:  67:2        |ddm|: 1.325700e-01     Tr[DP]  9.081666e-02
 iter:  68:1        |ddm|: 1.797391e-01     Tr[DP]  9.205825e-02
 iter:  68:2        |ddm|: 1.301739e-01     Tr[DP]  9.066465e-02
 iter:  69:1        |ddm|: 1.809038e-01     Tr[DP]  9.197781e-02
 iter:  69:2        |ddm|: 1.219737e-01     Tr[DP]  9.060432e-02
 iter:  70:1        |ddm|: 1.662521e-01     Tr[DP]  9.190648e-02
 iter:  70:2        |ddm|: 1.182927e-01     Tr[DP]  9.047649e-02
 iter:  71:1        |ddm|: 1.605655e-01     Tr[DP]  9.183326e-02
 iter:  71:2        |ddm|: 1.118954e-01     Tr[DP]  9.038305e-02
 iter:  72:1        |ddm|: 1.611805e-01     Tr[DP]  9.175228e-02
 iter:  72:2        |ddm|: 1.103537e-01     Tr[DP]  9.033726e-02
 iter:  73:1        |ddm|: 1.499553e-01     Tr[DP]  9.168101e-02
 iter:  73:2        |ddm|: 1.085863e-01     Tr[DP]  9.023364e-02
 iter:  74:1        |ddm|: 1.522065e-01     Tr[DP]  9.160240e-02
 iter:  74:2        |ddm|: 1.060956e-01     Tr[DP]  9.019501e-02
 iter:  75:1        |ddm|: 1.474214e-01     Tr[DP]  9.152739e-02
 iter:  75:2        |ddm|: 1.062151e-01     Tr[DP]  9.013586e-02
 iter:  76:1        |ddm|: 1.497160e-01     Tr[DP]  9.144985e-02
 iter:  76:2        |ddm|: 1.066591e-01     Tr[DP]  9.011188e-02
 iter:  77:1        |ddm|: 1.420900e-01     Tr[DP]  9.138009e-02
 iter:  77:2        |ddm|: 1.061253e-01     Tr[DP]  9.004081e-02
 iter:  78:1        |ddm|: 1.375927e-01     Tr[DP]  9.131096e-02
 iter:  78:2        |ddm|: 1.028128e-01     Tr[DP]  8.996938e-02
 iter:  79:1        |ddm|: 1.261522e-01     Tr[DP]  9.125194e-02
 iter:  79:2        |ddm|: 9.872918e-02     Tr[DP]  8.985529e-02
 iter:  80:1        |ddm|: 1.549031e-01     Tr[DP]  9.115991e-02
 iter:  80:2        |ddm|: 1.048726e-01     Tr[DP]  8.995658e-02
 iter:  81:1        |ddm|: 1.393973e-01     Tr[DP]  9.108998e-02
 iter:  81:2        |ddm|: 1.093414e-01     Tr[DP]  8.989786e-02
 iter:  82:1        |ddm|: 1.344906e-01     Tr[DP]  9.102672e-02
 iter:  82:2        |ddm|: 1.045993e-01     Tr[DP]  8.983074e-02
 iter:  83:1        |ddm|: 1.291080e-01     Tr[DP]  9.096569e-02
 iter:  83:2        |ddm|: 1.006009e-01     Tr[DP]  8.975754e-02
 iter:  84:1        |ddm|: 1.052749e-01     Tr[DP]  9.091945e-02
 iter:  84:2        |ddm|: 9.636527e-02     Tr[DP]  8.951015e-02
 iter:  85:1        |ddm|: 1.906593e-01     Tr[DP]  9.081503e-02
 iter:  85:2        |ddm|: 1.222410e-01     Tr[DP]  8.988813e-02
 iter:  86:1        |ddm|: 1.303910e-01     Tr[DP]  9.075724e-02
 iter:  86:2        |ddm|: 1.226322e-01     Tr[DP]  8.972787e-02
 iter:  87:1        |ddm|: 1.173896e-01     Tr[DP]  9.071017e-02
 iter:  87:2        |ddm|: 1.022308e-01     Tr[DP]  8.956303e-02
 iter:  88:1        |ddm|: 1.155244e-01     Tr[DP]  9.065603e-02
 iter:  88:2        |ddm|: 9.059724e-02     Tr[DP]  8.947886e-02
 iter:  89:1        |ddm|: 1.090311e-01     Tr[DP]  9.059862e-02
 iter:  89:2        |ddm|: 8.645828e-02     Tr[DP]  8.938019e-02
 iter:  90:1        |ddm|: 1.062951e-01     Tr[DP]  9.054094e-02
 iter:  90:2        |ddm|: 8.243667e-02     Tr[DP]  8.931233e-02
 iter:  91:1        |ddm|: 1.141777e-01     Tr[DP]  9.047752e-02
 iter:  91:2        |ddm|: 8.460854e-02     Tr[DP]  8.932709e-02
 iter:  92:1        |ddm|: 1.105351e-01     Tr[DP]  9.041685e-02
 iter:  92:2        |ddm|: 8.777361e-02     Tr[DP]  8.928982e-02
 iter:  93:1        |ddm|: 1.065086e-01     Tr[DP]  9.035932e-02
 iter:  93:2        |ddm|: 8.621792e-02     Tr[DP]  8.922786e-02
 iter:  94:1        |ddm|: 1.034063e-01     Tr[DP]  9.030279e-02
 iter:  94:2        |ddm|: 8.337812e-02     Tr[DP]  8.916471e-02
 iter:  95:1        |ddm|: 9.700394e-02     Tr[DP]  9.024665e-02
 iter:  95:2        |ddm|: 7.959310e-02     Tr[DP]  8.907241e-02
 iter:  96:1        |ddm|: 9.320575e-02     Tr[DP]  9.019234e-02
 iter:  96:2        |ddm|: 7.526808e-02     Tr[DP]  8.899806e-02
 iter:  97:1        |ddm|: 9.920935e-02     Tr[DP]  9.013478e-02
 iter:  97:2        |ddm|: 7.575224e-02     Tr[DP]  8.900557e-02
 iter:  98:1        |ddm|: 9.335374e-02     Tr[DP]  9.007788e-02
 iter:  98:2        |ddm|: 7.695772e-02     Tr[DP]  8.895209e-02
 iter:  99:1        |ddm|: 9.573770e-02     Tr[DP]  9.002173e-02
 iter:  99:2        |ddm|: 7.661581e-02     Tr[DP]  8.893311e-02
 iter: 100:1        |ddm|: 9.810150e-02     Tr[DP]  8.996555e-02
 iter: 100:2        |ddm|: 7.941331e-02     Tr[DP]  8.892662e-02
 iter: 101:1        |ddm|: 9.088925e-02     Tr[DP]  8.991270e-02
 iter: 101:2        |ddm|: 7.810837e-02     Tr[DP]  8.885523e-02
 iter: 102:1        |ddm|: 8.221208e-02     Tr[DP]  8.986196e-02
 iter: 102:2        |ddm|: 7.273836e-02     Tr[DP]  8.874493e-02
 iter: 103:1        |ddm|: 7.456236e-02     Tr[DP]  8.981393e-02
 iter: 103:2        |ddm|: 6.975447e-02     Tr[DP]  8.855104e-02
 iter: 104:1        |ddm|: 1.005832e-01     Tr[DP]  8.975632e-02
 iter: 104:2        |ddm|: 7.068101e-02     Tr[DP]  8.872244e-02
 iter: 105:1        |ddm|: 8.986864e-02     Tr[DP]  8.969798e-02
 iter: 105:2        |ddm|: 7.697441e-02     Tr[DP]  8.872685e-02
 iter: 106:1        |ddm|: 1.213245e-01     Tr[DP]  8.962200e-02
 iter: 106:2        |ddm|: 9.811872e-02     Tr[DP]  8.889072e-02
 iter: 107:1        |ddm|: 1.168450e-01     Tr[DP]  8.956966e-02
 iter: 107:2        |ddm|: 1.089868e-01     Tr[DP]  8.888419e-02
 iter: 108:1        |ddm|: 1.060832e-01     Tr[DP]  8.952302e-02
 iter: 108:2        |ddm|: 1.014006e-01     Tr[DP]  8.881458e-02
 iter: 109:1        |ddm|: 8.558643e-02     Tr[DP]  8.948733e-02
 iter: 109:2        |ddm|: 8.662923e-02     Tr[DP]  8.863875e-02
 iter: 110:1        |ddm|: 8.265371e-02     Tr[DP]  8.945300e-02
 iter: 110:2        |ddm|: 7.114635e-02     Tr[DP]  8.854362e-02
 iter: 111:1        |ddm|: 8.170783e-02     Tr[DP]  8.940652e-02
 iter: 111:2        |ddm|: 6.673249e-02     Tr[DP]  8.848129e-02
 iter: 112:1        |ddm|: 8.103354e-02     Tr[DP]  8.935978e-02
 iter: 112:2        |ddm|: 6.514435e-02     Tr[DP]  8.843347e-02
 iter: 113:1        |ddm|: 7.207694e-02     Tr[DP]  8.931404e-02
 iter: 113:2        |ddm|: 6.178043e-02     Tr[DP]  8.830358e-02
 iter: 114:1        |ddm|: 8.064793e-02     Tr[DP]  8.926875e-02
 iter: 114:2        |ddm|: 5.987247e-02     Tr[DP]  8.833589e-02
 iter: 115:1        |ddm|: 7.468816e-02     Tr[DP]  8.921811e-02
 iter: 115:2        |ddm|: 6.197966e-02     Tr[DP]  8.827787e-02
 iter: 116:1        |ddm|: 7.446955e-02     Tr[DP]  8.916982e-02
 iter: 116:2        |ddm|: 6.027313e-02     Tr[DP]  8.823883e-02
 iter: 117:1        |ddm|: 7.480915e-02     Tr[DP]  8.912144e-02
 iter: 117:2        |ddm|: 6.002025e-02     Tr[DP]  8.821046e-02
 iter: 118:1        |ddm|: 6.782561e-02     Tr[DP]  8.907826e-02
 iter: 118:2        |ddm|: 5.835962e-02     Tr[DP]  8.813495e-02
 iter: 119:1        |ddm|: 6.409564e-02     Tr[DP]  8.903649e-02
 iter: 119:2        |ddm|: 5.488687e-02     Tr[DP]  8.805921e-02
 iter: 120:1        |ddm|: 6.274564e-02     Tr[DP]  8.899335e-02
 iter: 120:2        |ddm|: 5.240218e-02     Tr[DP]  8.801180e-02
 iter: 121:1        |ddm|: 1.018778e-01     Tr[DP]  8.893803e-02
 iter: 121:2        |ddm|: 7.608319e-02     Tr[DP]  8.820943e-02
 iter: 122:1        |ddm|: 7.434474e-02     Tr[DP]  8.888456e-02
 iter: 122:2        |ddm|: 7.571303e-02     Tr[DP]  8.811648e-02
 iter: 123:1        |ddm|: 6.879778e-02     Tr[DP]  8.884517e-02
 iter: 123:2        |ddm|: 6.306249e-02     Tr[DP]  8.802089e-02
 iter: 124:1        |ddm|: 7.123017e-02     Tr[DP]  8.880415e-02
 iter: 124:2        |ddm|: 5.812790e-02     Tr[DP]  8.799631e-02
 iter: 125:1        |ddm|: 7.226210e-02     Tr[DP]  8.875982e-02
 iter: 125:2        |ddm|: 5.974401e-02     Tr[DP]  8.797789e-02
 iter: 126:1        |ddm|: 6.628063e-02     Tr[DP]  