********************************************************************************
*                         FREEZE-AND-THAW CALCULATION                          *
********************************************************************************

================================== Input File ==================================
subsystem
C          0.60968        1.88962       -0.16430
H          1.05644        2.87328       -0.38280
C         -0.57841        1.85402        0.44433
H         -0.62142        2.08215        1.52184
smearsig 0.001
end

subsystem
C          5.81609       -1.78257       -0.03350
H          6.00192       -1.77065       -1.12106
H          5.30157       -2.73126        0.19596
H          6.79565       -1.80800        0.46886
C          4.98295       -0.59015        0.39333
H          4.83583       -0.60409        1.49022
H          5.53078        0.34873        0.18454
C          3.62701       -0.53600       -0.28859
H          3.07313       -1.47358       -0.08090
H          3.76812       -0.51946       -1.38813
C          2.78128        0.65238        0.12940
H          3.33155        1.59049       -0.08349
H          2.63649        0.64111        1.22719
C          1.41998        0.69821       -0.55371
H          0.85676       -0.22659       -0.32605
H          1.57811        0.69475       -1.65103
C         -1.87384        1.49450       -0.20398
H         -1.71585        1.32858       -1.28649
H         -2.58028        2.34551       -0.12743
C         -2.53047        0.26613        0.41393
H         -2.66553        0.42911        1.50175
H         -1.83966       -0.59534        0.33095
C         -3.86612       -0.08514       -0.21448
H         -4.55299        0.78090       -0.12868
H         -3.73096       -0.24189       -1.30359
C         -4.52284       -1.31213        0.39355
H         -3.83189       -2.17244        0.30712
H         -4.65359       -1.15127        1.48085
C         -5.85560       -1.65106       -0.24447
H         -6.31921       -2.54215        0.20674
H         -6.57092       -0.81735       -0.14107
H         -5.74237       -1.84756       -1.32427
end

embed
 huzfermi
 cycles 3000
 conv 1e-8
 method m06
end

basis cc-pVTZ
method cas[2,2]/nevpt2
grid 4
conv 1e-8
grad 1e-8
maxiter 100
supsmearsig 0.001
================================== End Input ===================================
tot grids = 725328

                      Getting subsystem overlap integrals                       

                          Initial subsystem densities                           
Guessing initial subsystem densities
Initial guess from superpostion of atomic densties.
Guessing initial subsystem densities
Initial guess from superpostion of atomic densties.

=========================== Starting Freeze-and-Thaw ===========================
 iter:   1:1        |ddm|: 3.817673e+00     Tr[DP]  8.934160e-01
 iter:   1:2        |ddm|: 7.743764e+00     Tr[DP]  3.081527e-01
 iter:   2:1        |ddm|: 4.168168e+01     Tr[DP]  3.800067e-01
 iter:   2:2        |ddm|: 1.773605e+01     Tr[DP]  3.827161e-01
 iter:   3:1        |ddm|: 3.291560e+01     Tr[DP]  3.388037e-01
 iter:   3:2        |ddm|: 1.655722e+01     Tr[DP]  2.809054e-01
 iter:   4:1        |ddm|: 2.713023e+00     Tr[DP]  3.102639e-01
 iter:   4:2        |ddm|: 3.144826e+00     Tr[DP]  3.064881e-01
 iter:   5:1        |ddm|: 9.091064e-01     Tr[DP]  3.242655e-01
 iter:   5:2        |ddm|: 1.031909e+00     Tr[DP]  3.206238e-01
 iter:   6:1        |ddm|: 1.107136e+00     Tr[DP]  3.357142e-01
 iter:   6:2        |ddm|: 6.829910e-01     Tr[DP]  3.309997e-01
 iter:   7:1        |ddm|: 7.338782e-01     Tr[DP]  3.458800e-01
 iter:   7:2        |ddm|: 4.646920e-01     Tr[DP]  3.390307e-01
 iter:   8:1        |ddm|: 6.364945e-01     Tr[DP]  3.516288e-01
 iter:   8:2        |ddm|: 4.055185e-01     Tr[DP]  3.462987e-01
 iter:   9:1        |ddm|: 5.339258e-01     Tr[DP]  3.568842e-01
 iter:   9:2        |ddm|: 3.591698e-01     Tr[DP]  3.532670e-01
 iter:  10:1        |ddm|: 4.649417e-01     Tr[DP]  3.627957e-01
 iter:  10:2        |ddm|: 3.078940e-01     Tr[DP]  3.583908e-01
 iter:  11:1        |ddm|: 4.038016e-01     Tr[DP]  3.658434e-01
 iter:  11:2        |ddm|: 2.433788e-01     Tr[DP]  3.626233e-01
 iter:  12:1        |ddm|: 3.433055e-01     Tr[DP]  3.685124e-01
 iter:  12:2        |ddm|: 1.924267e-01     Tr[DP]  3.656231e-01
 iter:  13:1        |ddm|: 2.786661e-01     Tr[DP]  3.702924e-01
 iter:  13:2        |ddm|: 1.513637e-01     Tr[DP]  3.677482e-01
 iter:  14:1        |ddm|: 2.315911e-01     Tr[DP]  3.712315e-01
 iter:  14:2        |ddm|: 1.230083e-01     Tr[DP]  3.695594e-01
 iter:  15:1        |ddm|: 1.905725e-01     Tr[DP]  3.727733e-01
 iter:  15:2        |ddm|: 9.954385e-02     Tr[DP]  3.702106e-01
 iter:  16:1        |ddm|: 1.465543e-01     Tr[DP]  3.720768e-01
 iter:  16:2        |ddm|: 7.142978e-02     Tr[DP]  3.714139e-01
 iter:  17:1        |ddm|: 1.209646e-01     Tr[DP]  3.722768e-01
 iter:  17:2        |ddm|: 7.979202e-02     Tr[DP]  3.728382e-01
 iter:  18:1        |ddm|: 1.064504e-01     Tr[DP]  3.725749e-01
 iter:  18:2        |ddm|: 1.063160e-01     Tr[DP]  3.747040e-01
 iter:  19:1        |ddm|: 9.417099e-02     Tr[DP]  3.740716e-01
 iter:  19:2        |ddm|: 9.905805e-02     Tr[DP]  3.761822e-01
 iter:  20:1        |ddm|: 8.365085e-02     Tr[DP]  3.752063e-01
 iter:  20:2        |ddm|: 9.606920e-02     Tr[DP]  3.774427e-01
 iter:  21:1        |ddm|: 7.668784e-02     Tr[DP]  3.763330e-01
 iter:  21:2        |ddm|: 8.414940e-02     Tr[DP]  3.783675e-01
 iter:  22:1        |ddm|: 6.845139e-02     Tr[DP]  3.771179e-01
 iter:  22:2        |ddm|: 7.876264e-02     Tr[DP]  3.792132e-01
 iter:  23:1        |ddm|: 6.114698e-02     Tr[DP]  3.780080e-01
 iter:  23:2        |ddm|: 6.280319e-02     Tr[DP]  3.796797e-01
 iter:  24:1        |ddm|: 5.262707e-02     Tr[DP]  3.785207e-01
 iter:  24:2        |ddm|: 5.461638e-02     Tr[DP]  3.801390e-01
 iter:  25:1        |ddm|: 4.556669e-02     Tr[DP]  3.790314e-01
 iter:  25:2        |ddm|: 4.430260e-02     Tr[DP]  3.803790e-01
 iter:  26:1        |ddm|: 3.818097e-02     Tr[DP]  3.793893e-01
 iter:  26:2        |ddm|: 3.652665e-02     Tr[DP]  3.806015e-01
 iter:  27:1        |ddm|: 3.175666e-02     Tr[DP]  3.797020e-01
 iter:  27:2        |ddm|: 2.982460e-02     Tr[DP]  3.807365e-01
 iter:  28:1        |ddm|: 2.587965e-02     Tr[DP]  3.799381e-01
 iter:  28:2        |ddm|: 2.446548e-02     Tr[DP]  3.808505e-01
 iter:  29:1        |ddm|: 2.076228e-02     Tr[DP]  3.801344e-01
 iter:  29:2        |ddm|: 2.133230e-02     Tr[DP]  3.809714e-01
 iter:  30:1        |ddm|: 1.731489e-02     Tr[DP]  3.803440e-01
 iter:  30:2        |ddm|: 1.674885e-02     Tr[DP]  3.809965e-01
 iter:  31:1        |ddm|: 1.380392e-02     Tr[DP]  3.804754e-01
 iter:  31:2        |ddm|: 1.325675e-02     Tr[DP]  3.810378e-01
 iter:  32:1        |ddm|: 1.094228e-02     Tr[DP]  3.805777e-01
 iter:  32:2        |ddm|: 1.112916e-02     Tr[DP]  3.810796e-01
 iter:  33:1        |ddm|: 8.690312e-03     Tr[DP]  3.806469e-01
 iter:  33:2        |ddm|: 1.114540e-02     Tr[DP]  3.811683e-01
 iter:  34:1        |ddm|: 7.360934e-03     Tr[DP]  3.807783e-01
 iter:  34:2        |ddm|: 9.342669e-03     Tr[DP]  3.811995e-01
 iter:  35:1        |ddm|: 6.359974e-03     Tr[DP]  3.808672e-01
 iter:  35:2        |ddm|: 7.622374e-03     Tr[DP]  3.812241e-01
 iter:  36:1        |ddm|: 4.456888e-03     Tr[DP]  3.809331e-01
 iter:  36:2        |ddm|: 8.293697e-03     Tr[DP]  3.812987e-01
 iter:  37:1        |ddm|: 4.729824e-03     Tr[DP]  3.810083e-01
 iter:  37:2        |ddm|: 7.032892e-03     Tr[DP]  3.813290e-01
 iter:  38:1        |ddm|: 5.226162e-03     Tr[DP]  3.810719e-01
 iter:  38:2        |ddm|: 1.103285e-02     Tr[DP]  3.814347e-01
 iter:  39:1        |ddm|: 4.163557e-03     Tr[DP]  3.811803e-01
 iter:  39:2        |ddm|: 8.459666e-03     Tr[DP]  3.815038e-01
 iter:  40:1        |ddm|: 4.435496e-03     Tr[DP]  3.812269e-01
 iter:  40:2        |ddm|: 9.222265e-03     Tr[DP]  3.816108e-01
 iter:  41:1        |ddm|: 4.501850e-03     Tr[DP]  3.813280e-01
 iter:  41:2        |ddm|: 8.389678e-03     Tr[DP]  3.816623e-01
 iter:  42:1        |ddm|: 4.435299e-03     Tr[DP]  3.814079e-01
 iter:  42:2        |ddm|: 6.600076e-03     Tr[DP]  3.816910e-01
 iter:  43:1        |ddm|: 3.611174e-03     Tr[DP]  3.814701e-01
 iter:  43:2        |ddm|: 6.412064e-03     Tr[DP]  3.817357e-01
 iter:  44:1        |ddm|: 3.636105e-03     Tr[DP]  3.815311e-01
 iter:  44:2        |ddm|: 4.904944e-03     Tr[DP]  3.817459e-01
 iter:  45:1        |ddm|: 3.064890e-03     Tr[DP]  3.815795e-01
 iter:  45:2        |ddm|: 3.900369e-03     Tr[DP]  3.817577e-01
 iter:  46:1        |ddm|: 2.578367e-03     Tr[DP]  3.816152e-01
 iter:  46:2        |ddm|: 3.157960e-03     Tr[DP]  3.817655e-01
 iter:  47:1        |ddm|: 2.113399e-03     Tr[DP]  3.816437e-01
 iter:  47:2        |ddm|: 2.741798e-03     Tr[DP]  3.817758e-01
 iter:  48:1        |ddm|: 1.811163e-03     Tr[DP]  3.816700e-01
 iter:  48:2        |ddm|: 2.168620e-03     Tr[DP]  3.817779e-01
 iter:  49:1        |ddm|: 1.535890e-03     Tr[DP]  3.816911e-01
 iter:  49:2        |ddm|: 1.678373e-03     Tr[DP]  3.817774e-01
 iter:  50:1        |ddm|: 1.169815e-03     Tr[DP]  3.817055e-01
 iter:  50:2        |ddm|: 1.463707e-03     Tr[DP]  3.817832e-01
 iter:  51:1        |ddm|: 9.770712e-04     Tr[DP]  3.817190e-01
 iter:  51:2        |ddm|: 1.218632e-03     Tr[DP]  3.817841e-01
 iter:  52:1        |ddm|: 8.033663e-04     Tr[DP]  3.817307e-01
 iter:  52:2        |ddm|: 1.099680e-03     Tr[DP]  3.817886e-01
 iter:  53:1        |ddm|: 6.956604e-04     Tr[DP]  3.817413e-01
 iter:  53:2        |ddm|: 9.429715e-04     Tr[DP]  3.817912e-01
 iter:  54:1        |ddm|: 5.942610e-04     Tr[DP]  3.817497e-01
 iter:  54:2        |ddm|: 8.407107e-04     Tr[DP]  3.817944e-01
 iter:  55:1        |ddm|: 5.426853e-04     Tr[DP]  3.817584e-01
 iter:  55:2        |ddm|: 7.324786e-04     Tr[DP]  3.817965e-01
 iter:  56:1        |ddm|: 4.972030e-04     Tr[DP]  3.817655e-01
 iter:  56:2        |ddm|: 6.252534e-04     Tr[DP]  3.817977e-01
 iter:  57:1        |ddm|: 5.702860e-04     Tr[DP]  3.817736e-01
 iter:  57:2        |ddm|: 7.834968e-04     Tr[DP]  3.817988e-01
 iter:  58:1        |ddm|: 6.918579e-04     Tr[DP]  3.817780e-01
 iter:  58:2        |ddm|: 1.021937e-03     Tr[DP]  3.817933e-01
 iter:  59:1        |ddm|: 7.298544e-04     Tr[DP]  3.817803e-01
 iter:  59:2        |ddm|: 1.049308e-03     Tr[DP]  3.817904e-01
 iter:  60:1        |ddm|: 4.152259e-04     Tr[DP]  3.817845e-01
 iter:  60:2        |ddm|: 4.729447e-04     Tr[DP]  3.817905e-01
 iter:  61:1        |ddm|: 1.090113e-03     Tr[DP]  3.817886e-01
 iter:  61:2        |ddm|: 2.117392e-03     Tr[DP]  3.818037e-01
 iter:  62:1        |ddm|: 1.151307e-03     Tr[DP]  3.817841e-01
 iter:  62:2        |ddm|: 1.845846e-03     Tr[DP]  3.818154e-01
 iter:  63:1        |ddm|: 8.391142e-04     Tr[DP]  3.817877e-01
 iter:  63:2        |ddm|: 1.546911e-03     Tr[DP]  3.818213e-01
 iter:  64:1        |ddm|: 5.755067e-04     Tr[DP]  3.817973e-01
 iter:  64:2        |ddm|: 9.690083e-04     Tr[DP]  3.818238e-01
 iter:  65:1        |ddm|: 4.357013e-04     Tr[DP]  3.818029e-01
 iter:  65:2        |ddm|: 6.597226e-04     Tr[DP]  3.818265e-01
 iter:  66:1        |ddm|: 3.603133e-04     Tr[DP]  3.818080e-01
 iter:  66:2        |ddm|: 5.010072e-04     Tr[DP]  3.818275e-01
 iter:  67:1        |ddm|: 3.164337e-04     Tr[DP]  3.818136e-01
 iter:  67:2        |ddm|: 3.759603e-04     Tr[DP]  3.818256e-01
 iter:  68:1        |ddm|: 2.717689e-04     Tr[DP]  3.818163e-01
 iter:  68:2        |ddm|: 2.807736e-04     Tr[DP]  3.818259e-01
 iter:  69:1        |ddm|: 2.552341e-04     Tr[DP]  3.818172e-01
 iter:  69:2        |ddm|: 2.578290e-04     Tr[DP]  3.818272e-01
 iter:  70:1        |ddm|: 2.439803e-04     Tr[DP]  3.818191e-01
 iter:  70:2        |ddm|: 2.789319e-04     Tr[DP]  3.818273e-01
 iter:  71:1        |ddm|: 3.459741e-04     Tr[DP]  3.818204e-01
 iter:  71:2        |ddm|: 5.986421e-04     Tr[DP]  3.818287e-01
 iter:  72:1        |ddm|: 1.482429e-03     Tr[DP]  3.818230e-01
 iter:  72:2        |ddm|: 2.991582e-03     Tr[DP]  3.818390e-01
 iter:  73:1        |ddm|: 5.847289e-04     Tr[DP]  3.818227e-01
 iter:  73:2        |ddm|: 9.899389e-04     Tr[DP]  3.818393e-01
 iter:  74:1        |ddm|: 4.345334e-04     Tr[DP]  3.818287e-01
 iter:  74:2        |ddm|: 6.772612e-04     Tr[DP]  3.818367e-01
 iter:  75:1        |ddm|: 2.594942e-04     Tr[DP]  3.818306e-01
 iter:  75:2        |ddm|: 3.346682e-04     Tr[DP]  3.818398e-01
 iter:  76:1        |ddm|: 2.632542e-04     Tr[DP]  3.818328e-01
 iter:  76:2        |ddm|: 3.523316e-04     Tr[DP]  3.818384e-01
 iter:  77:1        |ddm|: 2.281971e-04     Tr[DP]  3.818343e-01
 iter:  77:2        |ddm|: 2.123735e-04     Tr[DP]  3.818393e-01
 iter:  78:1        |ddm|: 2.073924e-04     Tr[DP]  3.818348e-01
 iter:  78:2        |ddm|: 2.026804e-04     Tr[DP]  3.818395e-01
 iter:  79:1        |ddm|: 2.275604e-04     Tr[DP]  3.818358e-01
 iter:  79:2        |ddm|: 3.133958e-04     Tr[DP]  3.818395e-01
 iter:  80:1        |ddm|: 2.093787e-04     Tr[DP]  3.818366e-01
 iter:  80:2        |ddm|: 2.300041e-04     Tr[DP]  3.818396e-01
 iter:  81:1        |ddm|: 1.870539e-04     Tr[DP]  3.818370e-01
 iter:  81:2        |ddm|: 1.870460e-04     Tr[DP]  3.818399e-01
 iter:  82:1        |ddm|: 2.734037e-04     Tr[DP]  3.818372e-01
 iter:  82:2        |ddm|: 4.222135e-04     Tr[DP]  3.818402e-01
 iter:  83:1        |ddm|: 1.848443e-04     Tr[DP]  3.818377e-01
 iter:  83:2        |ddm|: 1.971451e-04     Tr[DP]  3.818402e-01
 iter:  84:1        |ddm|: 1.650014e-04     Tr[DP]  3.818384e-01
 iter:  84:2        |ddm|: 1.620601e-04     Tr[DP]  3.818403e-01
 iter:  85:1        |ddm|: 1.718787e-04     Tr[DP]  3.818387e-01
 iter:  85:2        |ddm|: 1.876143e-04     Tr[DP]  3.818406e-01
 iter:  86:1        |ddm|: 1.594031e-04     Tr[DP]  3.818390e-01
 iter:  86:2        |ddm|: 1.642587e-04     Tr[DP]  3.818407e-01
 iter:  87:1        |ddm|: 2.361387e-04     Tr[DP]  3.818390e-01
 iter:  87:2        |ddm|: 3.875612e-04     Tr[DP]  3.818409e-01
 iter:  88:1        |ddm|: 1.584113e-04     Tr[DP]  3.818395e-01
 iter:  88:2        |ddm|: 1.544626e-04     Tr[DP]  3.818410e-01
 iter:  89:1        |ddm|: 1.583971e-04     Tr[DP]  3.818398e-01
 iter:  89:2        |ddm|: 1.717981e-04     Tr[DP]  3.818412e-01
 iter:  90:1        |ddm|: 2.801260e-04     Tr[DP]  3.818397e-01
 iter:  90:2        |ddm|: 5.023792e-04     Tr[DP]  3.818413e-01
 iter:  91:1        |ddm|: 1.574709e-04     Tr[DP]  3.818401e-01
 iter:  91:2        |ddm|: 1.613358e-04     Tr[DP]  3.818415e-01
 iter:  92:1        |ddm|: 1.423069e-04     Tr[DP]  3.818406e-01
 iter:  92:2        |ddm|: 1.498790e-04     Tr[DP]  3.818416e-01
 iter:  93:1        |ddm|: 1.412135e-04     Tr[DP]  3.818408e-01
 iter:  93:2        |ddm|: 1.700882e-04     Tr[DP]  3.818417e-01
 iter:  94:1        |ddm|: 1.444216e-04     Tr[DP]  3.818409e-01
 iter:  94:2        |ddm|: 1.800365e-04     Tr[DP]  3.818418e-01
 iter:  95:1        |ddm|: 1.415307e-04     Tr[DP]  3.818410e-01
 iter:  95:2        |ddm|: 1.659315e-04     Tr[DP]  3.818419e-01
 iter:  96:1        |ddm|: 1.306843e-04     Tr[DP]  3.818412e-01
 iter:  96:2        |ddm|: 1.317377e-04     Tr[DP]  3.818420e-01
 iter:  97:1        |ddm|: 1.266772e-04     Tr[DP]  3.818415e-01
 iter:  97:2        |ddm|: 1.414081e-04     Tr[DP]  3.818421e-01
 iter:  98:1        |ddm|: 2.197883e-04     Tr[DP]  3.818412e-01
 iter:  98:2        |ddm|: 3.868181e-04     Tr[DP]  3.818421e-01
 iter:  99:1        |ddm|: 1.603763e-04     Tr[DP]  3.818414e-01
 iter:  99:2        |ddm|: 2.184047e-04     Tr[DP]  3.818422e-01
 iter: 100:1        |ddm|: 1.188502e-04     Tr[DP]  3.818417e-01
 iter: 100:2        |ddm|: 1.162993e-04     Tr[DP]  3.818423e-01
 iter: 101:1        |ddm|: 1.118079e-04     Tr[DP]  3.818418e-01
 iter: 101:2        |ddm|: 1.072641e-04     Tr[DP]  3.818424e-01
 iter: 102:1        |ddm|: 1.084762e-04     Tr[DP]  3.818420e-01
 iter: 102:2        |ddm|: 1.070090e-04     Tr[DP]  3.818425e-01
 iter: 103:1        |ddm|: 1.236707e-04     Tr[DP]  3.818419e-01
 iter: 103:2        |ddm|: 1.578511e-04     Tr[DP]  3.818425e-01
 iter: 104:1        |ddm|: 1.068016e-04     Tr[DP]  3.818421e-01
 iter: 104:2        |ddm|: 1.053749e-04     Tr[DP]  3.818426e-01
 iter: 105:1        |ddm|: 1.633905e-04     Tr[DP]  3.818420e-01
 iter: 105:2        |ddm|: 2.683590e-04     Tr[DP]  3.818426e-01
 iter: 106:1        |ddm|: 1.292062e-04     Tr[DP]  3.818421e-01
 iter: 106:2        |ddm|: 1.698289e-04     Tr[DP]  3.818427e-01
 iter: 107:1        |ddm|: 1.226413e-04     Tr[DP]  3.818421e-01
 iter: 107:2        |ddm|: 1.593662e-04     Tr[DP]  3.818427e-01
 iter: 108:1        |ddm|: 1.123651e-04     Tr[DP]  3.818422e-01
 iter: 108:2        |ddm|: 1.377216e-04     Tr[DP]  3.818428e-01
 iter: 109:1        |ddm|: 1.168971e-04     Tr[DP]  3.818426e-01
 iter: 109:2        |ddm|: 1.821681e-04     Tr[DP]  3.818429e-01
 iter: 110:1        |ddm|: 9.876898e-05     Tr[DP]  3.818427e-01
 iter: 110:2        |ddm|: 1.205476e-04     Tr[DP]  3.818430e-01
 iter: 111:1        |ddm|: 9.635251e-05     Tr[DP]  3.818426e-01
 iter: 111:2        |ddm|: 1.139123e-04     Tr[DP]  3.818430e-01
 iter: 112:1        |ddm|: 9.724670e-05     Tr[DP]  3.818427e-01
 iter: 112:2        |ddm|: 1.161231e-04     Tr[DP]  3.818430e-01
 iter: 113:1        |ddm|: 1.009972e-04     Tr[DP]  3.818427e-01
 iter: 113:2        |ddm|: 1.269554e-04     Tr[DP]  3.818431e-01
 iter: 114:1        |ddm|: 9.024827e-05     Tr[DP]  3.818428e-01
 iter: 114:2        |ddm|: 9.634240e-05     Tr[DP]  3.818431e-01
 iter: 115:1        |ddm|: 8.162889e-05     Tr[DP]  3.818429e-01
 iter: 115:2        |ddm|: 8.095778e-05     Tr[DP]  3.818432e-01
 iter: 116:1        |ddm|: 8.068931e-05     Tr[DP]  3.818429e-01
 iter: 116:2        |ddm|: 7.965140e-05     Tr[DP]  3.818433e-01
 iter: 117:1        |ddm|: 7.866421e-05     Tr[DP]  3.818431e-01
 iter: 117:2        |ddm|: 8.533139e-05     Tr[DP]  3.818433e-01
 iter: 118:1        |ddm|: 8.136721e-05     Tr[DP]  3.818431e-01
 iter: 118:2        |ddm|: 9.034823e-05     Tr[DP]  3.818433e-01
 iter: 119:1        |ddm|: 7.561887e-05     Tr[DP]  3.818431e-01
 iter: 119:2        |ddm|: 7.453917e-05     Tr[DP]  3.818434e-01
 iter: 120:1        |ddm|: 8.641412e-05     Tr[DP]  3.818431e-01
 iter: 120:2        |ddm|: 1.104759e-04     Tr[DP]  3.818434e-01
 iter: 121:1        |ddm|: 9.092480e-05     Tr[DP]  3.818431e-01
 iter: 121:2        |ddm|: 1.235832e-04     Tr[DP]  3.818434e-01
 iter: 122:1        |ddm|: 8.630453e-05     Tr[DP]  3.818431e-01
 iter: 122:2        |ddm|: 1.112825e-04     Tr[DP]  3.818435e-01
 iter: 123:1        |ddm|: 1.738297e-04     Tr[DP]  3.818430e-01
 iter: 123:2        |ddm|: 3.253707e-04     Tr[DP]  3.818435e-01
 iter: 124:1        |ddm|: 8.669066e-05     Tr[DP]  3.818431e-01
 iter: 124:2        |ddm|: 9.740978e-05     Tr[DP]  3.818435e-01
 iter: 125:1        |ddm|: 7.019704e-05     Tr[DP]  3.818432e-01
 iter: 125:2        |ddm|: 6.923893e-05     Tr[DP]  3.818436e-01
 iter: 126:1        |ddm|: 6.263739e-05     Tr[DP]  3.818434e-01
 iter: 126:2        |ddm|: 5.825417e-05     Tr[DP]  3.818437e-01
 iter: 127:1        |ddm|: 6.096342e-05     Tr[DP]  3.818435e-01
 iter: 127:2        |ddm|: 6.243610e-05     Tr[DP]  3.818437e-01
 iter: 128:1        |ddm|: 5.973497e-05     Tr[DP]  3.818435e-01
 iter: 128:2        |ddm|: 6.252396e-05     Tr[DP]  3.818438e-01
 iter: 129:1        |ddm|: 6.209279e-05     Tr[DP]  3.818435e-01
 iter: 129:2        |ddm|: 7.010096e-05     Tr[DP]  3.818438e-01
 iter: 130:1        |ddm|: 7.021528e-05     Tr[DP]  3.818435e-01
 iter: 130:2        |ddm|: 9.489345e-05     Tr[DP]  3.818438e-01
 iter: 131:1        |ddm|: 6.619615e-05     Tr[DP]  3.818436e-01
 iter: 131:2        |ddm|: 8.210894e-05     Tr[DP]  3.818438e-01
 iter: 132:1        |ddm|: 1.104870e-04     Tr[DP]  3.818435e-01
 iter: 132:2        |ddm|: 1.961965e-04     Tr[DP]  3.818438e-01
 iter: 133:1        |ddm|: 7.456601e-05     Tr[DP]  3.818435e-01
 iter: 133:2        |ddm|: 1.005382e-04     Tr[DP]  3.818439e-01
 iter: 134:1        |ddm|: 5.453736e-05     Tr[DP]  3.818437e-01
 iter: 134:2        |ddm|: 4.989681e-05     Tr[DP]  3.818439e-01
 iter: 135:1        |ddm|: 7.047174e-05     Tr[DP]  3.818438e-01
 iter: 135:2        |ddm|: 1.173747e-04     Tr[DP]  3.818440e-01
 iter: 136:1        |ddm|: 5.751231e-05     Tr[DP]  3.818439e-01
 iter: 136:2        |ddm|: 7.708435e-05     Tr[DP]  3.818440e-01
 iter: 137:1        |ddm|: 5.569345e-05     Tr[DP]  3.818440e-01
 iter: 137:2        |ddm|: 7.746103e-05     Tr[DP]  3.818441e-01
 iter: 138:1        |ddm|: 6.861157e-05     Tr[DP]  3.818439e-01
 iter: 138:2        |ddm|: 1.087911e-04     Tr[DP]  3.818441e-01
 iter: 139:1        |ddm|: 6.374152e-05     Tr[DP]  3.818439e-01
 iter: 139:2        |ddm|: 9.113995e-05     Tr[DP]  3.818441e-01
 iter: 140:1        |ddm|: 6.733901e-05     Tr[DP]  3.818438e-01
 iter: 140:2        |ddm|: 1.006065e-04     Tr[DP]  3.818441e-01
 iter: 141:1        |ddm|: 7.002221e-05     Tr[DP]  3.818438e-01
 iter: 141:2        |ddm|: 1.087123e-04     Tr[DP]  3.818441e-01
 iter: 142:1        |ddm|: 4.750352e-05     Tr[DP]  3.818439e-01
 iter: 142:2        |ddm|: 4.678068e-05     Tr[DP]  3.818442e-01
 iter: 143:1        |ddm|: 4.262191e-05     Tr[DP]  3.818440e-01
 iter: 143:2        |ddm|: 4.174017e-05     Tr[DP]  3.818442e-01
 iter: 144:1        |ddm|: 4.572324e-05     Tr[DP]  3.818441e-01
 iter: 144:2        |ddm|: 6.066456e-05     Tr[DP]  3.818442e-01
 iter: 145:1        |ddm|: 4.295350e-05     Tr[DP]  3.818441e-01
 iter: 145:2        |ddm|: 5.209852e-05     Tr[DP]  3.818443e-01
 iter: 146:1        |ddm|: 4.499197e-05     Tr[DP]  3.818441e-01
 iter: 146:2        |ddm|: 5.695545e-05     Tr[DP]  3.818443e-01
 iter: 147:1        |ddm|: 5.150668e-05     Tr[DP]  3.818441e-01
 iter: 147:2        |ddm|: 7.430390e-05     Tr[DP]  3.818443e-01
 iter: 148:1        |ddm|: 7.034403e-05     Tr[DP]  3.818441e-01
 iter: 148:2        |ddm|: 1.200028e-04     Tr[DP]  3.818443e-01
 iter: 149:1        |ddm|: 5.708548e-05     Tr[DP]  3.818441e-01
 iter: 149:2        |ddm|: 8.463082e-05     Tr[DP]  3.818443e-01
 iter: 150:1        |ddm|: 4.225534e-05     Tr[DP]  3.818441e-01
 iter: 150:2        |ddm|: 4.699753e-05     Tr[DP]  3.818443e-01
 iter: 151:1        |ddm|: 3.603171e-05     Tr[DP]  3.818442e-01
 iter: 151:2        |ddm|: 3.771260e-05     Tr[DP]  3.818444e-01
 iter: 152:1        |ddm|: 3.982367e-05     Tr[DP]  3.818443e-01
 iter: 152:2        |ddm|: 5.626239e-05     Tr[DP]  3.818444e-01
 iter: 153:1        |ddm|: 3.375758e-05     Tr[DP]  3.818443e-01
 iter: 153:2        |ddm|: 3.471218e-05     Tr[DP]  3.818444e-01
 iter: 154:1        |ddm|: 3.659699e-05     Tr[DP]  3.818443e-01
 iter: 154:2        |ddm|: 4.517903e-05     Tr[DP]  3.818444e-01
 iter: 155:1        |ddm|: 4.241084e-05     Tr[DP]  3.818443e-01
 iter: 155:2        |ddm|: 6.090481e-05     Tr[DP]  3.818445e-01
 iter: 156:1        |ddm|: 7.415475e-05     Tr[DP]  3.818442e-01
 iter: 156:2        |ddm|: 1.358816e-04     Tr[DP]  3.818444e-01
 iter: 157:1        |ddm|: 5.039303e-05     Tr[DP]  3.818443e-01
 iter: 157:2        |ddm|: 7.469493e-05     Tr[DP]  3.818445e-01
 iter: 158:1        |ddm|: 3.233477e-05     Tr[DP]  3.818444e-01
 iter: 158:2        |ddm|: 3.328287e-05     Tr[DP]  3.818445e-01
 iter: 159:1        |ddm|: 3.344296e-05     Tr[DP]  3.818444e-01
 iter: 159:2        |ddm|: 4.577161e-05     Tr[DP]  3.818445e-01
 iter: 160:1        |ddm|: 3.940543e-05     Tr[DP]  3.818445e-01
 iter: 160:2        |ddm|: 6.456832e-05     Tr[DP]  3.818446e-01
 iter: 161:1        |ddm|: 2.998558e-05     Tr[DP]  3.818445e-01
 iter: 161:2        |ddm|: 3.459645e-05     Tr[DP]  3.818446e-01
 iter: 162:1        |ddm|: 3.397870e-05     Tr[DP]  3.818445e-01
 iter: 162:2        |ddm|: 4.741482e-05     Tr[DP]  3.818446e-01
 iter: 163:1        |ddm|: 3.994104e-05     Tr[DP]  3.818444e-01
 iter: 163:2        |ddm|: 6.171419e-05     Tr[DP]  3.818446e-01
 iter: 164:1        |ddm|: 5.400089e-05     Tr[DP]  3.818444e-01
 iter: 164:2        |ddm|: 9.471766e-05     Tr[DP]  3.818446e-01
 iter: 165:1        |ddm|: 3.554848e-05     Tr[DP]  3.818445e-01
 iter: 165:2        |ddm|: 4.698800e-05     Tr[DP]  3.818446e-01
 iter: 166:1        |ddm|: 2.895388e-05     Tr[DP]  3.818445e-01
 iter: 166:2        |ddm|: 3.965101e-05     Tr[DP]  3.818446e-01
 iter: 167:1        |ddm|: 3.865107e-05     Tr[DP]  3.818446e-01
 iter: 167:2        |ddm|: 6.777991e-05     Tr[DP]  3.818447e-01
 iter: 168:1        |ddm|: 3.325644e-05     Tr[DP]  3.818447e-01
 iter: 168:2        |ddm|: 5.276415e-05     Tr[DP]  3.818447e-01
 iter: 169:1        |ddm|: 2.481821e-05     Tr[DP]  3.818446e-01
 iter: 169:2        |ddm|: 2.789303e-05     Tr[DP]  3.818447e-01
 iter: 170:1        |ddm|: 4.925233e-05     Tr[DP]  3.818446e-01
 iter: 170:2        |ddm|: 8.983407e-05     Tr[DP]  3.818447e-01
 iter: 171:1        |ddm|: 4.386099e-05     Tr[DP]  3.818446e-01
 iter: 171:2        |ddm|: 7.282349e-05     Tr[DP]  3.818447e-01
 iter: 172:1        |ddm|: 3.243802e-05     Tr[DP]  3.818446e-01
 iter: 172:2        |ddm|: 4.528735e-05     Tr[DP]  3.818447e-01
 iter: 173:1        |ddm|: 2.308131e-05     Tr[DP]  3.818446e-01
 iter: 173:2        |ddm|: 2.230099e-05     Tr[DP]  3.818447e-01
 iter: 174:1        |ddm|: 2.390378e-05     Tr[DP]  3.818447e-01
 iter: 174:2        |ddm|: 3.349507e-05     Tr[DP]  3.818448e-01
 iter: 175:1        |ddm|: 2.701663e-05     Tr[DP]  3.818447e-01
 iter: 175:2        |ddm|: 4.311547e-05     Tr[DP]  3.818448e-01
 iter: 176:1        |ddm|: 2.032356e-05     Tr[DP]  3.818447e-01
 iter: 176:2        |ddm|: 2.165877e-05     Tr[DP]  3.818448e-01
 iter: 177:1        |ddm|: 2.491999e-05     Tr[DP]  3.818447e-01
 iter: 177:2        |ddm|: 3.645512e-05     Tr[DP]  3.818448e-01
 iter: 178:1        |ddm|: 2.942743e-05     Tr[DP]  3.818447e-01
 iter: 178:2        |ddm|: 4.649807e-05     Tr[DP]  3.818448e-01
 iter: 179:1        |ddm|: 5.628134e-05     Tr[DP]  3.818446e-01
 iter: 179:2        |ddm|: 1.069151e-04     Tr[DP]  3.818448e-01
 iter: 180:1        |ddm|: 3.289442e-05     Tr[DP]  3.818447e-01
 iter: 180:2        |ddm|: 4.883538e-05     Tr[DP]  3.818448e-01
 iter: 181:1        |ddm|: 2.218118e-05     Tr[DP]  3.818447e-01
 iter: 181:2        |ddm|: 3.117374e-05     Tr[DP]  3.818448e-01
 iter: 182:1        |ddm|: 2.799056e-05     Tr[DP]  3.818448e-01
 iter: 182:2        |ddm|: 4.907164e-05     Tr[DP]  3.818449e-01
 iter: 183:1        |ddm|: 1.956012e-05     Tr[DP]  3.818448e-01
 iter: 183:2        |ddm|: 2.562038e-05     Tr[DP]  3.818449e-01
 iter: 184:1        |ddm|: 1.645977e-05     Tr[DP]  3.818448e-01
 iter: 184:2        |ddm|: 1.723638e-05     Tr[DP]  3.818449e-01
 iter: 185:1        |ddm|: 3.700159e-05     Tr[DP]  3.818448e-01
 iter: 185:2        |ddm|: 6.884575e-05     Tr[DP]  3.818449e-01
 iter: 186:1        |ddm|: 2.724986e-05     Tr[DP]  3.818448e-01
 iter: 186:2        |ddm|: 4.243119e-05     Tr[DP]  3.818449e-01
 iter: 187:1        |ddm|: 2.639665e-05     Tr[DP]  3.818448e-01
 iter: 187:2        |ddm|: 4.199802e-05     Tr[DP]  3.818449e-01
 iter: 188:1        |ddm|: 1.694706e-05     Tr[DP]  3.818448e-01
 iter: 188:2        |ddm|: 1.739788e-05     Tr[DP]  3.818449e-01
 iter: 189:1        |ddm|: 3.202779e-05     Tr[DP]  3.818449e-01
 iter: 189:2        |ddm|: 6.224448e-05     Tr[DP]  3.818449e-01
 iter: 190:1        |ddm|: 2.723066e-05     Tr[DP]  3.818449e-01
 iter: 190:2        |ddm|: 4.817931e-05     Tr[DP]  3.818449e-01
 iter: 191:1        |ddm|: 1.547991e-05     Tr[DP]  3.818449e-01
 iter: 191:2        |ddm|: 1.743039e-05     Tr[DP]  3.818449e-01
 iter: 192:1        |ddm|: 2.423481e-05     Tr[DP]  3.818449e-01
 iter: 192:2        |ddm|: 4.192755e-05     Tr[DP]  3.818449e-01
 iter: 193:1        |ddm|: 2.928119e-05     Tr[DP]  3.818449e-01
 iter: 193:2        |ddm|: 5.143132e-05     Tr[DP]  3.818449e-01
 iter: 194:1        |ddm|: 2.839456e-05     Tr[DP]  3.818448e-01
 iter: 194:2        |ddm|: 4.859096e-05     Tr[DP]  3.818449e-01
 iter: 195:1        |ddm|: 1.745082e-05     Tr[DP]  3.818449e-01
 iter: 195:2        |ddm|: 2.155603e-05     Tr[DP]  3.818449e-01
 iter: 196:1        |ddm|: 2.203298e-05     Tr[DP]  3.818449e-01
 iter: 196:2        |ddm|: 4.051703e-05     Tr[DP]  3.818450e-01
 iter: 197:1        |ddm|: 1.756392e-05     Tr[DP]  3.818450e-01
 iter: 197:2        |ddm|: 2.772016e-05     Tr[DP]  3.818450e-01
 iter: 198:1        |ddm|: 1.302958e-05     Tr[DP]  3.818450e-01
 iter: 198:2        |ddm|: 1.598935e-05     Tr[DP]  3.818450e-01
 iter: 199:1        |ddm|: 1.438893e-05     Tr[DP]  3.818449e-01
 iter: 199:2        |ddm|: 2.020053e-05     Tr[DP]  3.818450e-01
 iter: 200:1        |ddm|: 3.050602e-05     Tr[DP]  3.818449e-01
 iter: 200:2        |ddm|: 5.721289e-05     Tr[DP]  3.818450e-01
 iter: 201:1        |ddm|: 2.953846e-05     Tr[DP]  3.818449e-01
 iter: 201:2        |ddm|: 5.245196e-05     Tr[DP]  3.818450e-01
 iter: 202:1        |ddm|: 1.795384e-05     Tr[DP]  3.818449e-01
 iter: 202:2        |ddm|: 2.524689e-05     Tr[DP]  3.818450e-01
 iter: 203:1        |ddm|: 2.264998e-05     Tr[DP]  3.818450e-01
 iter: 203:2        |ddm|: 4.344233e-05     Tr[DP]  3.818450e-01
 iter: 204:1        |ddm|: 1.279713e-05     Tr[DP]  3.818450e-01
 iter: 204:2        |ddm|: 1.648353e-05     Tr[DP]  3.818450e-01
 iter: 205:1        |ddm|: 1.496221e-05     Tr[DP]  3.818450e-01
 iter: 205:2        |ddm|: 2.548039e-05     Tr[DP]  3.818450e-01
 iter: 206:1        |ddm|: 1.105227e-05     Tr[DP]  3.818450e-01
 iter: 206:2        |ddm|: 1.402135e-05     Tr[DP]  3.818450e-01
 iter: 207:1        |ddm|: 2.116398e-05     Tr[DP]  3.818450e-01
 iter: 207:2        |ddm|: 3.893468e-05     Tr[DP]  3.818450e-01
 iter: 208:1        |ddm|: 2.750518e-05     Tr[DP]  3.818450e-01
 iter: 208:2        |ddm|: 5.049081e-05     Tr[DP]  3.818450e-01
 iter: 209:1        |ddm|: 2.207698e-05     Tr[DP]  3.818450e-01
 iter: 209:2        |ddm|: 3.775213e-05     Tr[DP]  3.818450e-01
 iter: 210:1        |ddm|: 1.992273e-05     Tr[DP]  3.818450e-01
 iter: 210:2        |ddm|: 3.418693e-05     Tr[DP]  3.818450e-01
 iter: 211:1        |ddm|: 1.145724e-05     Tr[DP]  3.818450e-01
 iter: 211:2        |ddm|: 1.331924e-05     Tr[DP]  3.818450e-01
 iter: 212:1        |ddm|: 2.919981e-05     Tr[DP]  3.818451e-01
 iter: 212:2        |ddm|: 5.905855e-05     Tr[DP]  3.818451e-01
 iter: 213:1        |ddm|: 2.147600e-05     Tr[DP]  3.818451e-01
 iter: 213:2        |ddm|: 3.862423e-05     Tr[DP]  3.818451e-01
 iter: 214:1        |ddm|: 1.003156e-05     Tr[DP]  3.818451e-01
 iter: 214:2        |ddm|: 1.231503e-05     Tr[DP]  3.818451e-01
 iter: 215:1        |ddm|: 9.733286e-06     Tr[DP]  3.818451e-01
 iter: 215:2        |ddm|: 1.375854e-05     Tr[DP]  3.818451e-01
 iter: 216:1        |ddm|: 1.640754e-05     Tr[DP]  3.818450e-01
 iter: 216:2        |ddm|: 3.078538e-05     Tr[DP]  3.818451e-01
 iter: 217:1        |ddm|: 1.913766e-05     Tr[DP]  3.818450e-01
 iter: 217:2        |ddm|: 3.597694e-05     Tr[DP]  3.818451e-01
 iter: 218:1        |ddm|: 1.288920e-05     Tr[DP]  3.818451e-01
 iter: 218:2        |ddm|: 2.035103e-05     Tr[DP]  3.818451e-01
 iter: 219:1        |ddm|: 1.366288e-05     Tr[DP]  3.818450e-01
 iter: 219:2        |ddm|: 2.589212e-05     Tr[DP]  3.818451e-01
 iter: 220:1        |ddm|: 6.572718e-05     Tr[DP]  3.818450e-01
 iter: 220:2        |ddm|: 1.431441e-04     Tr[DP]  3.818452e-01
 iter: 221:1        |ddm|: 2.363801e-05     Tr[DP]  3.818452e-01
 iter: 221:2        |ddm|: 3.096749e-05     Tr[DP]  3.818452e-01
 iter: 222:1        |ddm|: 2.796740e-05     Tr[DP]  3.818452e-01
 iter: 222:2        |ddm|: 5.635376e-05     Tr[DP]  3.818452e-01
 iter: 223:1        |ddm|: 1.046646e-05     Tr[DP]  3.818452e-01
 iter: 223:2        |ddm|: 1.407699e-05     Tr[DP]  3.818452e-01
 iter: 224:1        |ddm|: 8.030545e-06     Tr[DP]  3.818452e-01
 iter: 224:2        |ddm|: 9.336761e-06     Tr[DP]  3.818452e-01
 iter: 225:1        |ddm|: 8.024973e-06     Tr[DP]  3.818452e-01
 iter: 225:2        |ddm|: 9.382297e-06     Tr[DP]  3.818452e-01
 iter: 226:1        |ddm|: 7.886938e-06     Tr[DP]  3.818452e-01
 iter: 226:2        |ddm|: 7.764385e-06     Tr[DP]  3.818452e-01
 iter: 227:1        |ddm|: 7.551929e-06     Tr[DP]  3.818452e-01
 iter: 227:2        |ddm|: 8.264658e-06     Tr[DP]  3.818452e-01
 iter: 228:1        |ddm|: 7.561162e-06     Tr[DP]  3.818452e-01
 iter: 228:2        |ddm|: 7.524645e-06     Tr[DP]  3.818452e-01
 iter: 229:1        |ddm|: 7.397008e-06     Tr[DP]  3.818452e-01
 iter: 229:2        |ddm|: 9.473069e-06     Tr[DP]  3.818452e-01
 iter: 230:1        |ddm|: 7.010896e-06     Tr[DP]  3.818452e-01
 iter: 230:2        |ddm|: 6.762252e-06     Tr[DP]  3.818452e-01
 iter: 231:1        |ddm|: 8.070231e-06     Tr[DP]  3.818452e-01
 iter: 231:2        |ddm|: 9.650249e-06     Tr[DP]  3.818452e-01
 iter: 232:1        |ddm|: 7.419528e-06     Tr[DP]  3.818452e-01
 iter: 232:2        |ddm|: 8.566303e-06     Tr[DP]  3.818452e-01
 iter: 233:1        |ddm|: 6.404870e-06     Tr[DP]  3.818452e-01
 iter: 233:2        |ddm|: 6.066630e-06     Tr[DP]  3.818452e-01
 iter: 234:1        |ddm|: 6.457991e-06     Tr[DP]  3.818452e-01
 iter: 234:2        |ddm|: 6.093009e-06     Tr[DP]  3.818452e-01
 iter: 235:1        |ddm|: 7.741282e-06     Tr[DP]  3.818452e-01
 iter: 235:2        |ddm|: 1.057322e-05     Tr[DP]  3.818452e-01
 iter: 236:1        |ddm|: 9.364186e-06     Tr[DP]  3.818452e-01
 iter: 236:2        |ddm|: 1.451266e-05     Tr[DP]  3.818452e-01
 iter: 237:1        |ddm|: 7.352024e-06     Tr[DP]  3.818452e-01
 iter: 237:2        |ddm|: 9.426643e-06     Tr[DP]  3.818452e-01
 iter: 238:1        |ddm|: 6.724706e-06     Tr[DP]  3.818452e-01
 iter: 238:2        |ddm|: 8.715228e-06     Tr[DP]  3.818452e-01
 iter: 239:1        |ddm|: 6.329128e-06     Tr[DP]  3.818452e-01
 iter: 239:2        |ddm|: 8.127070e-06     Tr[DP]  3.818452e-01
 iter: 240:1        |ddm|: 6.625276e-06     Tr[DP]  3.818452e-01
 iter: 240:2        |ddm|: 9.106004e-06     Tr[DP]  3.818452e-01
 iter: 241:1        |ddm|: 1.001055e-05     Tr[DP]  3.818452e-01
 iter: 241:2        |ddm|: 1.835983e-05     Tr[DP]  3.818453e-01
 iter: 242:1        |ddm|: 6.438005e-06     Tr[DP]  3.818452e-01
 iter: 242:2        |ddm|: 9.312539e-06     Tr[DP]  3.818453e-01
 iter: 243:1        |ddm|: 4.918922e-06     Tr[DP]  3.818452e-01
 iter: 243:2        |ddm|: 4.854168e-06     Tr[DP]  3.818453e-01
 iter: 244:1        |ddm|: 4.739591e-06     Tr[DP]  3.818452e-01
 iter: 244:2        |ddm|: 4.976796e-06     Tr[DP]  3.818453e-01
 iter: 245:1        |ddm|: 4.762553e-06     Tr[DP]  3.818452e-01
 iter: 245:2        |ddm|: 5.099527e-06     Tr[DP]  3.818453e-01
 iter: 246:1        |ddm|: 4.693964e-06     Tr[DP]  3.818453e-01
 iter: 246:2        |ddm|: 4.855043e-06     Tr[DP]  3.818453e-01
 iter: 247:1        |ddm|: 4.541461e-06     Tr[DP]  3.818453e-01
 iter: 247:2        |ddm|: 4.470854e-06     Tr[DP]  3.818453e-01
 iter: 248:1        |ddm|: 4.458010e-06     Tr[DP]  3.818453e-01
 iter: 248:2        |ddm|: 4.300221e-06     Tr[DP]  3.818453e-01
 iter: 249:1        |ddm|: 4.356733e-06     Tr[DP]  3.818453e-01
 iter: 249:2        |ddm|: 4.245338e-06     Tr[DP]  3.818453e-01
 iter: 250:1        |ddm|: 5.462323e-06     Tr[DP]  3.818453e-01
 iter: 250:2        |ddm|: 8.717426e-06     Tr[DP]  3.818453e-01
 iter: 251:1        |ddm|: 4.882196e-06     Tr[DP]  3.818453e-01
 iter: 251:2        |ddm|: 6.071437e-06     Tr[DP]  3.818453e-01
 iter: 252:1        |ddm|: 4.151004e-06     Tr[DP]  3.818453e-01
 iter: 252:2        |ddm|: 4.269463e-06     Tr[DP]  3.818453e-01
 iter: 253:1        |ddm|: 4.093117e-06     Tr[DP]  3.818453e-01
 iter: 253:2        |ddm|: 4.030088e-06     Tr[DP]  3.818453e-01
 iter: 254:1        |ddm|: 5.086789e-06     Tr[DP]  3.818453e-01
 iter: 254:2        |ddm|: 7.234233e-06     Tr[DP]  3.818453e-01
 iter: 255:1        |ddm|: 4.041384e-06     Tr[DP]  3.818453e-01
 iter: 255:2        |ddm|: 4.752739e-06     Tr[DP]  3.818453e-01
 iter: 256:1        |ddm|: 4.631329e-06     Tr[DP]  3.818453e-01
 iter: 256:2        |ddm|: 6.573783e-06     Tr[DP]  3.818453e-01
 iter: 257:1        |ddm|: 4.675778e-06     Tr[DP]  3.818453e-01
 iter: 257:2        |ddm|: 6.968879e-06     Tr[DP]  3.818453e-01
 iter: 258:1        |ddm|: 7.603947e-06     Tr[DP]  3.818453e-01
 iter: 258:2        |ddm|: 1.324931e-05     Tr[DP]  3.818453e-01
 iter: 259:1        |ddm|: 6.715124e-06     Tr[DP]  3.818453e-01
 iter: 259:2        |ddm|: 1.124852e-05     Tr[DP]  3.818453e-01
 iter: 260:1        |ddm|: 5.037567e-06     Tr[DP]  3.818453e-01
 iter: 260:2        |ddm|: 7.552481e-06     Tr[DP]  3.818453e-01
 iter: 261:1        |ddm|: 4.386521e-06     Tr[DP]  3.818453e-01
 iter: 261:2        |ddm|: 6.487780e-06     Tr[DP]  3.818453e-01
 iter: 262:1        |ddm|: 7.371098e-06     Tr[DP]  3.818453e-01
 iter: 262:2        |ddm|: 1.452739e-05     Tr[DP]  3.818453e-01
 iter: 263:1        |ddm|: 3.752502e-06     Tr[DP]  3.818453e-01
 iter: 263:2        |ddm|: 3.803922e-06     Tr[DP]  3.818453e-01
 iter: 264:1        |ddm|: 3.062449e-06     Tr[DP]  3.818453e-01
 iter: 264:2        |ddm|: 2.871543e-06     Tr[DP]  3.818453e-01
 iter: 265:1        |ddm|: 2.905110e-06     Tr[DP]  3.818453e-01
 iter: 265:2        |ddm|: 2.890192e-06     Tr[DP]  3.818453e-01
 iter: 266:1        |ddm|: 2.823403e-06     Tr[DP]  3.818453e-01
 iter: 266:2        |ddm|: 2.910472e-06     Tr[DP]  3.818453e-01
 iter: 267:1        |ddm|: 2.829378e-06     Tr[DP]  3.818453e-01
 iter: 267:2        |ddm|: 3.046563e-06     Tr[DP]  3.818453e-01
 iter: 268:1        |ddm|: 2.826193e-06     Tr[DP]  3.818453e-01
 iter: 268:2        |ddm|: 3.013349e-06     Tr[DP]  3.818453e-01
 iter: 269:1        |ddm|: 2.797111e-06     Tr[DP]  3.818453e-01
 iter: 269:2        |ddm|: 2.945763e-06     Tr[DP]  3.818453e-01
 iter: 270:1        |ddm|: 2.709662e-06     Tr[DP]  3.818453e-01
 iter: 270:2        |ddm|: 2.696669e-06     Tr[DP]  3.818453e-01
 iter: 271:1        |ddm|: 2.665878e-06     Tr[DP]  3.818453e-01
 iter: 271:2        |ddm|: 2.892448e-06     Tr[DP]  3.818453e-01
 iter: 272:1        |ddm|: 2.565146e-06     Tr[DP]  3.818453e-01
 iter: 272:2        |ddm|: 2.506167e-06     Tr[DP]  3.818453e-01
 iter: 273:1        |ddm|: 2.583470e-06     Tr[DP]  3.818453e-01
 iter: 273:2        |ddm|: 2.551725e-06     Tr[DP]  3.818453e-01
 iter: 274:1        |ddm|: 3.320207e-06     Tr[DP]  3.818453e-01
 iter: 274:2        |ddm|: 5.403464e-06     Tr[DP]  3.818453e-01
 iter: 275:1        |ddm|: 3.226726e-06     Tr[DP]  3.818453e-01
 iter: 275:2        |ddm|: 4.633548e-06     Tr[DP]  3.818453e-01
 iter: 276:1        |ddm|: 5.046054e-06     Tr[DP]  3.818453e-01
 iter: 276:2        |ddm|: 8.519739e-06     Tr[DP]  3.818453e-01
 iter: 277:1        |ddm|: 4.822630e-06     Tr[DP]  3.818453e-01
 iter: 277:2        |ddm|: 7.886209e-06     Tr[DP]  3.818453e-01
 iter: 278:1        |ddm|: 3.410714e-06     Tr[DP]  3.818453e-01
 iter: 278:2        |ddm|: 4.788236e-06     Tr[DP]  3.818453e-01
 iter: 279:1        |ddm|: 2.442887e-06     Tr[DP]  3.818453e-01
 iter: 279:2        |ddm|: 2.624450e-06     Tr[DP]  3.818453e-01
 iter: 280:1        |ddm|: 2.053089e-06     Tr[DP]  3.818453e-01
 iter: 280:2        |ddm|: 1.917651e-06     Tr[DP]  3.818453e-01
 iter: 281:1        |ddm|: 1.981776e-06     Tr[DP]  3.818453e-01
 iter: 281:2        |ddm|: 2.196164e-06     Tr[DP]  3.818453e-01
 iter: 282:1        |ddm|: 1.919796e-06     Tr[DP]  3.818453e-01
 iter: 282:2        |ddm|: 2.086518e-06     Tr[DP]  3.818453e-01
 iter: 283:1        |ddm|: 1.870545e-06     Tr[DP]  3.818453e-01
 iter: 283:2        |ddm|: 1.849734e-06     Tr[DP]  3.818453e-01
 iter: 284:1        |ddm|: 1.942157e-06     Tr[DP]  3.818453e-01
 iter: 284:2        |ddm|: 2.289206e-06     Tr[DP]  3.818453e-01
 iter: 285:1        |ddm|: 3.238060e-06     Tr[DP]  3.818453e-01
 iter: 285:2        |ddm|: 5.707759e-06     Tr[DP]  3.818453e-01
 iter: 286:1        |ddm|: 3.024219e-06     Tr[DP]  3.818453e-01
 iter: 286:2        |ddm|: 4.899359e-06     Tr[DP]  3.818453e-01
 iter: 287:1        |ddm|: 2.951977e-06     Tr[DP]  3.818453e-01
 iter: 287:2        |ddm|: 4.825807e-06     Tr[DP]  3.818453e-01
 iter: 288:1        |ddm|: 2.141290e-06     Tr[DP]  3.818453e-01
 iter: 288:2        |ddm|: 2.667484e-06     Tr[DP]  3.818453e-01
 iter: 289:1        |ddm|: 1.715107e-06     Tr[DP]  3.818453e-01
 iter: 289:2        |ddm|: 1.623481e-06     Tr[DP]  3.818453e-01
 iter: 290:1        |ddm|: 2.112169e-06     Tr[DP]  3.818453e-01
 iter: 290:2        |ddm|: 3.348084e-06     Tr[DP]  3.818453e-01
 iter: 291:1        |ddm|: 1.835812e-06     Tr[DP]  3.818453e-01
 iter: 291:2        |ddm|: 2.634772e-06     Tr[DP]  3.818453e-01
 iter: 292:1        |ddm|: 1.557167e-06     Tr[DP]  3.818453e-01
 iter: 292:2        |ddm|: 1.661626e-06     Tr[DP]  3.818453e-01
 iter: 293:1        |ddm|: 2.189449e-06     Tr[DP]  3.818453e-01
 iter: 293:2        |ddm|: 3.528470e-06     Tr[DP]  3.818453e-01
 iter: 294:1        |ddm|: 2.314351e-06     Tr[DP]  3.818453e-01
 iter: 294:2        |ddm|: 3.729263e-06     Tr[DP]  3.818453e-01
 iter: 295:1        |ddm|: 2.374016e-06     Tr[DP]  3.818453e-01
 iter: 295:2        |ddm|: 3.858562e-06     Tr[DP]  3.818453e-01
 iter: 296:1        |ddm|: 1.938590e-06     Tr[DP]  3.818453e-01
 iter: 296:2        |ddm|: 2.687576e-06     Tr[DP]  3.818454e-01
 iter: 297:1        |ddm|: 1.701927e-06     Tr[DP]  3.818453e-01
 iter: 297:2        |ddm|: 2.142046e-06     Tr[DP]  3.818454e-01
 iter: 298:1        |ddm|: 1.436517e-06     Tr[DP]  3.818453e-01
 iter: 298:2        |ddm|: 1.410475e-06     Tr[DP]  3.818454e-01
 iter: 299:1        |ddm|: 1.406238e-06     Tr[DP]  3.818454e-01
 iter: 299:2        |ddm|: 1.636536e-06     Tr[DP]  3.818454e-01
 iter: 300:1        |ddm|: 1.410247e-06     Tr[DP]  3.818454e-01
 iter: 300:2        |ddm|: 1.789590e-06     Tr[DP]  3.818454e-01
 iter: 301:1        |ddm|: 1.277182e-06     Tr[DP]  3.818454e-01
 iter: 301:2        |ddm|: 1.311352e-06     Tr[DP]  3.818454e-01
 iter: 302:1        |ddm|: 1.426045e-06     Tr[DP]  3.818454e-01
 iter: 302:2        |ddm|: 1.838631e-06     Tr[DP]  3.818454e-01
 iter: 303:1        |ddm|: 1.534375e-06     Tr[DP]  3.818454e-01
 iter: 303:2        |ddm|: 2.117014e-06     Tr[DP]  3.818454e-01
 iter: 304:1        |ddm|: 1.514919e-06     Tr[DP]  3.818454e-01
 iter: 304:2        |ddm|: 2.036061e-06     Tr[DP]  3.818454e-01
 iter: 305:1        |ddm|: 1.731334e-06     Tr[DP]  3.818454e-01
 iter: 305:2        |ddm|: 2.732530e-06     Tr[DP]  3.818454e-01
 iter: 306:1        |ddm|: 2.085996e-06     Tr[DP]  3.818454e-01
 iter: 306:2        |ddm|: 3.564609e-06     Tr[DP]  3.818454e-01
 iter: 307:1        |ddm|: 1.302802e-06     Tr[DP]  3.818454e-01
 iter: 307:2        |ddm|: 1.384670e-06     Tr[DP]  3.818454e-01
 iter: 308:1        |ddm|: 1.385153e-06     Tr[DP]  3.818454e-01
 iter: 308:2        |ddm|: 1.787638e-06     Tr[DP]  3.818454e-01
 iter: 309:1        |ddm|: 1.542182e-06     Tr[DP]  3.818454e-01
 iter: 309:2        |ddm|: 2.392384e-06     Tr[DP]  3.818454e-01
 iter: 310:1        |ddm|: 1.509570e-06     Tr[DP]  3.818454e-01
 iter: 310:2        |ddm|: 2.268916e-06     Tr[DP]  3.818454e-01
 iter: 311:1        |ddm|: 1.165181e-06     Tr[DP]  3.818454e-01
 iter: 311:2        |ddm|: 1.210755e-06     Tr[DP]  3.818454e-01
 iter: 312:1        |ddm|: 1.040868e-06     Tr[DP]  3.818454e-01
 iter: 312:2        |ddm|: 1.025278e-06     Tr[DP]  3.818454e-01
 iter: 313:1        |ddm|: 1.024067e-06     Tr[DP]  3.818454e-01
 iter: 313:2        |ddm|: 1.064315e-06     Tr[DP]  3.818454e-01
 iter: 314:1        |ddm|: 1.001177e-06     Tr[DP]  3.818454e-01
 iter: 314:2        |ddm|: 1.035971e-06     Tr[DP]  3.818454e-01
 iter: 315:1        |ddm|: 9.459799e-07     Tr[DP]  3.818454e-01
 iter: 315:2        |ddm|: 9.088484e-07     Tr[DP]  3.818454e-01
 iter: 316:1        |ddm|: 1.025389e-06     Tr[DP]  3.818454e-01
 iter: 316:2        |ddm|: 1.380334e-06     Tr[DP]  3.818454e-01
 iter: 317:1        |ddm|: 9.457438e-07     Tr[DP]  3.818454e-01
 iter: 317:2        |ddm|: 1.093812e-06     Tr[DP]  3.818454e-01
 iter: 318:1        |ddm|: 8.986629e-07     Tr[DP]  3.818454e-01
 iter: 318:2        |ddm|: 9.185510e-07     Tr[DP]  3.818454e-01
 iter: 319:1        |ddm|: 8.824295e-07     Tr[DP]  3.818454e-01
 iter: 319:2        |ddm|: 8.831514e-07     Tr[DP]  3.818454e-01
 iter: 320:1        |ddm|: 8.657742e-07     Tr[DP]  3.818454e-01
 iter: 320:2        |ddm|: 8.506849e-07     Tr[DP]  3.818454e-01
 iter: 321:1        |ddm|: 8.484616e-07     Tr[DP]  3.818454e-01
 iter: 321:2        |ddm|: 8.288740e-07     Tr[DP]  3.818454e-01
 iter: 322:1        |ddm|: 1.050458e-06     Tr[DP]  3.818454e-01
 iter: 322:2        |ddm|: 1.668139e-06     Tr[DP]  3.818454e-01
 iter: 323:1        |ddm|: 8.365686e-07     Tr[DP]  3.818454e-01
 iter: 323:2        |ddm|: 8.954495e-07     Tr[DP]  3.818454e-01
 iter: 324:1        |ddm|: 8.316940e-07     Tr[DP]  3.818454e-01
 iter: 324:2        |ddm|: 9.137862e-07     Tr[DP]  3.818454e-01
 iter: 325:1        |ddm|: 8.207152e-07     Tr[DP]  3.818454e-01
 iter: 325:2        |ddm|: 8.743298e-07     Tr[DP]  3.818454e-01
 iter: 326:1        |ddm|: 9.255882e-07     Tr[DP]  3.818454e-01
 iter: 326:2        |ddm|: 1.189849e-06     Tr[DP]  3.818454e-01
 iter: 327:1        |ddm|: 7.693179e-07     Tr[DP]  3.818454e-01
 iter: 327:2        |ddm|: 7.929510e-07     Tr[DP]  3.818454e-01
 iter: 328:1        |ddm|: 1.417582e-06     Tr[DP]  3.818454e-01
 iter: 328:2        |ddm|: 2.683427e-06     Tr[DP]  3.818454e-01
 iter: 329:1        |ddm|: 2.739624e-06     Tr[DP]  3.818454e-01
 iter: 329:2        |ddm|: 5.317950e-06     Tr[DP]  3.818454e-01
 iter: 330:1        |ddm|: 3.974785e-06     Tr[DP]  3.818454e-01
 iter: 330:2        |ddm|: 7.888061e-06     Tr[DP]  3.818454e-01
 iter: 331:1        |ddm|: 2.556716e-06     Tr[DP]  3.818454e-01
 iter: 331:2        |ddm|: 4.059701e-06     Tr[DP]  3.818454e-01
 iter: 332:1        |ddm|: 1.541777e-06     Tr[DP]  3.818454e-01
 iter: 332:2        |ddm|: 2.277530e-06     Tr[DP]  3.818454e-01
 iter: 333:1        |ddm|: 9.981606e-07     Tr[DP]  3.818454e-01
 iter: 333:2        |ddm|: 1.352646e-06     Tr[DP]  3.818454e-01
 iter: 334:1        |ddm|: 7.154703e-07     Tr[DP]  3.818454e-01
 iter: 334:2        |ddm|: 8.346087e-07     Tr[DP]  3.818454e-01
 iter: 335:1        |ddm|: 6.003802e-07     Tr[DP]  3.818454e-01
 iter: 335:2        |ddm|: 5.806229e-07     Tr[DP]  3.818454e-01
 iter: 336:1        |ddm|: 5.329005e-07     Tr[DP]  3.818454e-01
 iter: 336:2        |ddm|: 5.031380e-07     Tr[DP]  3.818454e-01
 iter: 337:1        |ddm|: 5.162339e-07     Tr[DP]  3.818454e-01
 iter: 337:2        |ddm|: 5.025352e-07     Tr[DP]  3.818454e-01
 iter: 338:1        |ddm|: 5.229214e-07     Tr[DP]  3.818454e-01
 iter: 338:2        |ddm|: 5.681428e-07     Tr[DP]  3.818454e-01
 iter: 339:1        |ddm|: 5.370346e-07     Tr[DP]  3.818454e-01
 iter: 339:2        |ddm|: 6.281808e-07     Tr[DP]  3.818454e-01
 iter: 340:1        |ddm|: 5.626124e-07     Tr[DP]  3.818454e-01
 iter: 340:2        |ddm|: 6.892009e-07     Tr[DP]  3.818454e-01
 iter: 341:1        |ddm|: 7.272071e-07     Tr[DP]  3.818454e-01
 iter: 341:2        |ddm|: 1.174707e-06     Tr[DP]  3.818454e-01
 iter: 342:1        |ddm|: 1.187711e-06     Tr[DP]  3.818454e-01
 iter: 342:2        |ddm|: 2.200764e-06     Tr[DP]  3.818454e-01
 iter: 343:1        |ddm|: 7.799506e-07     Tr[DP]  3.818454e-01
 iter: 343:2        |ddm|: 1.151211e-06     Tr[DP]  3.818454e-01
 iter: 344:1        |ddm|: 6.867219e-07     Tr[DP]  3.818454e-01
 iter: 344:2        |ddm|: 1.018860e-06     Tr[DP]  3.818454e-01
 iter: 345:1        |ddm|: 5.434086e-07     Tr[DP]  3.818454e-01
 iter: 345:2        |ddm|: 6.639208e-07     Tr[DP]  3.818454e-01
 iter: 346:1        |ddm|: 4.585373e-07     Tr[DP]  3.818454e-01
 iter: 346:2        |ddm|: 4.202787e-07     Tr[DP]  3.818454e-01
 iter: 347:1        |ddm|: 4.928501e-07     Tr[DP]  3.818454e-01
 iter: 347:2        |ddm|: 6.732323e-07     Tr[DP]  3.818454e-01
 iter: 348:1        |ddm|: 4.444109e-07     Tr[DP]  3.818454e-01
 iter: 348:2        |ddm|: 5.040146e-07     Tr[DP]  3.818454e-01
 iter: 349:1        |ddm|: 4.638062e-07     Tr[DP]  3.818454e-01
 iter: 349:2        |ddm|: 5.414146e-07     Tr[DP]  3.818454e-01
 iter: 350:1        |ddm|: 4.620661e-07     Tr[DP]  3.818454e-01
 iter: 350:2        |ddm|: 5.596763e-07     Tr[DP]  3.818454e-01
 iter: 351:1        |ddm|: 4.875791e-07     Tr[DP]  3.818454e-01
 iter: 351:2        |ddm|: 6.386313e-07     Tr[DP]  3.818454e-01
 iter: 352:1        |ddm|: 5.662155e-07     Tr[DP]  3.818454e-01
 iter: 352:2        |ddm|: 8.679769e-07     Tr[DP]  3.818454e-01
 iter: 353:1        |ddm|: 6.407839e-07     Tr[DP]  3.818454e-01
 iter: 353:2        |ddm|: 1.036240e-06     Tr[DP]  3.818454e-01
 iter: 354:1        |ddm|: 4.445767e-07     Tr[DP]  3.818454e-01
 iter: 354:2        |ddm|: 5.014533e-07     Tr[DP]  3.818454e-01
 iter: 355:1        |ddm|: 3.843887e-07     Tr[DP]  3.818454e-01
 iter: 355:2        |ddm|: 3.681058e-07     Tr[DP]  3.818454e-01
 iter: 356:1        |ddm|: 3.628279e-07     Tr[DP]  3.818454e-01
 iter: 356:2        |ddm|: 3.627965e-07     Tr[DP]  3.818454e-01
 iter: 357:1        |ddm|: 3.593483e-07     Tr[DP]  3.818454e-01
 iter: 357:2        |ddm|: 3.964606e-07     Tr[DP]  3.818454e-01
 iter: 358:1        |ddm|: 3.459979e-07     Tr[DP]  3.818454e-01
 iter: 358:2        |ddm|: 3.600858e-07     Tr[DP]  3.818454e-01
 iter: 359:1        |ddm|: 3.521604e-07     Tr[DP]  3.818454e-01
 iter: 359:2        |ddm|: 3.859579e-07     Tr[DP]  3.818454e-01
 iter: 360:1        |ddm|: 3.867553e-07     Tr[DP]  3.818454e-01
 iter: 360:2        |ddm|: 4.831977e-07     Tr[DP]  3.818454e-01
 iter: 361:1        |ddm|: 3.979368e-07     Tr[DP]  3.818454e-01
 iter: 361:2        |ddm|: 5.432027e-07     Tr[DP]  3.818454e-01
 iter: 362:1        |ddm|: 4.335376e-07     Tr[DP]  3.818454e-01
 iter: 362:2        |ddm|: 6.116298e-07     Tr[DP]  3.818454e-01
 iter: 363:1        |ddm|: 4.467660e-07     Tr[DP]  3.818454e-01
 iter: 363:2        |ddm|: 6.911204e-07     Tr[DP]  3.818454e-01
 iter: 364:1        |ddm|: 4.149520e-07     Tr[DP]  3.818454e-01
 iter: 364:2        |ddm|: 5.947121e-07     Tr[DP]  3.818454e-01
 iter: 365:1        |ddm|: 4.801326e-07     Tr[DP]  3.818454e-01
 iter: 365:2        |ddm|: 7.015417e-07     Tr[DP]  3.818454e-01
 iter: 366:1        |ddm|: 3.240637e-07     Tr[DP]  3.818454e-01
 iter: 366:2        |ddm|: 3.700726e-07     Tr[DP]  3.818454e-01
 iter: 367:1        |ddm|: 2.842418e-07     Tr[DP]  3.818454e-01
 iter: 367:2        |ddm|: 2.984159e-07     Tr[DP]  3.818454e-01
 iter: 368:1        |ddm|: 2.791819e-07     Tr[DP]  3.818454e-01
 iter: 368:2        |ddm|: 2.729029e-07     Tr[DP]  3.818454e-01
 iter: 369:1        |ddm|: 3.602968e-07     Tr[DP]  3.818454e-01
 iter: 369:2        |ddm|: 5.904096e-07     Tr[DP]  3.818454e-01
 iter: 370:1        |ddm|: 2.820735e-07     Tr[DP]  3.818454e-01
 iter: 370:2        |ddm|: 3.315108e-07     Tr[DP]  3.818454e-01
 iter: 371:1        |ddm|: 2.871128e-07     Tr[DP]  3.818454e-01
 iter: 371:2        |ddm|: 3.448942e-07     Tr[DP]  3.818454e-01
 iter: 372:1        |ddm|: 2.634369e-07     Tr[DP]  3.818454e-01
 iter: 372:2        |ddm|: 2.612941e-07     Tr[DP]  3.818454e-01
 iter: 373:1        |ddm|: 2.529024e-07     Tr[DP]  3.818454e-01
 iter: 373:2        |ddm|: 2.444345e-07     Tr[DP]  3.818454e-01
 iter: 374:1        |ddm|: 2.462732e-07     Tr[DP]  3.818454e-01
 iter: 374:2        |ddm|: 2.412576e-07     Tr[DP]  3.818454e-01
 iter: 375:1        |ddm|: 2.801366e-07     Tr[DP]  3.818454e-01
 iter: 375:2        |ddm|: 3.861544e-07     Tr[DP]  3.818454e-01
 iter: 376:1        |ddm|: 3.040507e-07     Tr[DP]  3.818454e-01
 iter: 376:2        |ddm|: 4.902111e-07     Tr[DP]  3.818454e-01
 iter: 377:1        |ddm|: 3.600356e-07     Tr[DP]  3.818454e-01
 iter: 377:2        |ddm|: 6.096891e-07     Tr[DP]  3.818454e-01
 iter: 378:1        |ddm|: 3.730114e-07     Tr[DP]  3.818454e-01
 iter: 378:2        |ddm|: 5.568908e-07     Tr[DP]  3.818454e-01
 iter: 379:1        |ddm|: 3.107942e-07     Tr[DP]  3.818454e-01
 iter: 379:2        |ddm|: 4.228372e-07     Tr[DP]  3.818454e-01
 iter: 380:1        |ddm|: 3.037607e-07     Tr[DP]  3.818454e-01
 iter: 380:2        |ddm|: 4.379262e-07     Tr[DP]  3.818454e-01
 iter: 381:1        |ddm|: 3.810445e-07     Tr[DP]  3.818454e-01
 iter: 381:2        |ddm|: 6.315519e-07     Tr[DP]  3.818454e-01
 iter: 382:1        |ddm|: 3.395513e-07     Tr[DP]  3.818454e-01
 iter: 382:2        |ddm|: 5.221501e-07     Tr[DP]  3.818454e-01
 iter: 383:1        |ddm|: 2.409441e-07     Tr[DP]  3.818454e-01
 iter: 383:2        |ddm|: 2.823055e-07     Tr[DP]  3.818454e-01
 iter: 384:1        |ddm|: 2.033058e-07     Tr[DP]  3.818454e-01
 iter: 384:2        |ddm|: 2.032310e-07     Tr[DP]  3.818454e-01
 iter: 385:1        |ddm|: 1.854808e-07     Tr[DP]  3.818454e-01
 iter: 385:2        |ddm|: 1.752682e-07     Tr[DP]  3.818454e-01
 iter: 386:1        |ddm|: 1.779467e-07     Tr[DP]  3.818454e-01
 iter: 386:2        |ddm|: 1.714379e-07     Tr[DP]  3.818454e-01
 iter: 387:1        |ddm|: 1.753318e-07     Tr[DP]  3.818454e-01
 iter: 387:2        |ddm|: 1.811525e-07     Tr[DP]  3.818454e-01
 iter: 388:1        |ddm|: 1.715879e-07     Tr[DP]  3.818454e-01
 iter: 388:2        |ddm|: 1.672940e-07     Tr[DP]  3.818454e-01
 iter: 389:1        |ddm|: 2.430291e-07     Tr[DP]  3.818454e-01
 iter: 389:2        |ddm|: 3.982195e-07     Tr[DP]  3.818454e-01
 iter: 390:1        |ddm|: 2.063921e-07     Tr[DP]  3.818454e-01
 iter: 390:2        |ddm|: 2.261750e-07     Tr[DP]  3.818454e-01
 iter: 391:1        |ddm|: 1.711237e-07     Tr[DP]  3.818454e-01
 iter: 391:2        |ddm|: 1.556780e-07     Tr[DP]  3.818454e-01
 iter: 392:1        |ddm|: 1.651732e-07     Tr[DP]  3.818454e-01
 iter: 392:2        |ddm|: 1.513908e-07     Tr[DP]  3.818454e-01
 iter: 393:1        |ddm|: 1.591238e-07     Tr[DP]  3.818454e-01
 iter: 393:2        |ddm|: 1.491249e-07     Tr[DP]  3.818454e-01
 iter: 394:1        |ddm|: 1.556980e-07     Tr[DP]  3.818454e-01
 iter: 394:2        |ddm|: 1.537607e-07     Tr[DP]  3.818454e-01
 iter: 395:1        |ddm|: 2.131840e-07     Tr[DP]  3.818454e-01
 iter: 395:2        |ddm|: 3.501830e-07     Tr[DP]  3.818454e-01
 iter: 396:1        |ddm|: 1.705885e-07     Tr[DP]  3.818454e-01
 iter: 396:2        |ddm|: 2.003954e-07     Tr[DP]  3.818454e-01
 iter: 397:1        |ddm|: 1.684302e-07     Tr[DP]  3.818454e-01
 iter: 397:2        |ddm|: 2.184601e-07     Tr[DP]  3.818454e-01
 iter: 398:1        |ddm|: 1.626833e-07     Tr[DP]  3.818454e-01
 iter: 398:2        |ddm|: 2.254586e-07     Tr[DP]  3.818454e-01
 iter: 399:1        |ddm|: 2.619637e-07     Tr[DP]  3.818454e-01
 iter: 399:2        |ddm|: 4.228010e-07     Tr[DP]  3.818454e-01
 iter: 400:1        |ddm|: 3.657050e-07     Tr[DP]  3.818454e-01
 iter: 400:2        |ddm|: 6.424600e-07     Tr[DP]  3.818454e-01
 iter: 401:1        |ddm|: 2.369835e-07     Tr[DP]  3.818454e-01
 iter: 401:2        |ddm|: 3.506731e-07     Tr[DP]  3.818454e-01
 iter: 402:1        |ddm|: 1.760461e-07     Tr[DP]  3.818454e-01
 iter: 402:2        |ddm|: 2.418974e-07     Tr[DP]  3.818454e-01
 iter: 403:1        |ddm|: 1.229789e-07     Tr[DP]  3.818454e-01
 iter: 403:2        |ddm|: 1.096735e-07     Tr[DP]  3.818454e-01
 iter: 404:1        |ddm|: 1.220114e-07     Tr[DP]  3.818454e-01
 iter: 404:2        |ddm|: 1.510209e-07     Tr[DP]  3.818454e-01
 iter: 405:1        |ddm|: 1.197595e-07     Tr[DP]  3.818454e-01
 iter: 405:2        |ddm|: 1.520075e-07     Tr[DP]  3.818454e-01
 iter: 406:1        |ddm|: 1.110765e-07     Tr[DP]  3.818454e-01
 iter: 406:2        |ddm|: 1.077910e-07     Tr[DP]  3.818454e-01
 iter: 407:1        |ddm|: 1.229817e-07     Tr[DP]  3.818454e-01
 iter: 407:2        |ddm|: 1.762809e-07     Tr[DP]  3.818454e-01
 iter: 408:1        |ddm|: 1.626083e-07     Tr[DP]  3.818454e-01
 iter: 408:2        |ddm|: 2.837786e-07     Tr[DP]  3.818454e-01
 iter: 409:1        |ddm|: 1.756983e-07     Tr[DP]  3.818454e-01
 iter: 409:2        |ddm|: 2.878132e-07     Tr[DP]  3.818454e-01
 iter: 410:1        |ddm|: 2.144581e-07     Tr[DP]  3.818454e-01
 iter: 410:2        |ddm|: 3.886122e-07     Tr[DP]  3.818454e-01
 iter: 411:1        |ddm|: 1.552535e-07     Tr[DP]  3.818454e-01
 iter: 411:2        |ddm|: 2.208243e-07     Tr[DP]  3.818454e-01
 iter: 412:1        |ddm|: 1.230809e-07     Tr[DP]  3.818454e-01
 iter: 412:2        |ddm|: 1.589457e-07     Tr[DP]  3.818454e-01
 iter: 413:1        |ddm|: 1.036849e-07     Tr[DP]  3.818454e-01
 iter: 413:2        |ddm|: 1.206817e-07     Tr[DP]  3.818454e-01
 iter: 414:1        |ddm|: 1.077395e-07     Tr[DP]  3.818454e-01
 iter: 414:2        |ddm|: 1.190753e-07     Tr[DP]  3.818454e-01
 iter: 415:1        |ddm|: 9.459120e-08     Tr[DP]  3.818454e-01
 iter: 415:2        |ddm|: 8.840420e-08     Tr[DP]  3.818454e-01
 iter: 416:1        |ddm|: 9.479393e-08     Tr[DP]  3.818454e-01
 iter: 416:2        |ddm|: 1.075110e-07     Tr[DP]  3.818454e-01
 iter: 417:1        |ddm|: 9.104185e-08     Tr[DP]  3.818454e-01
 iter: 417:2        |ddm|: 1.013624e-07     Tr[DP]  3.818454e-01
 iter: 418:1        |ddm|: 9.464623e-08     Tr[DP]  3.818454e-01
 iter: 418:2        |ddm|: 1.006024e-07     Tr[DP]  3.818454e-01
 iter: 419:1        |ddm|: 9.164301e-08     Tr[DP]  3.818454e-01
 iter: 419:2        |ddm|: 9.328166e-08     Tr[DP]  3.818454e-01
 iter: 420:1        |ddm|: 8.340761e-08     Tr[DP]  3.818454e-01
 iter: 420:2        |ddm|: 8.436179e-08     Tr[DP]  3.818454e-01
 iter: 421:1        |ddm|: 9.599642e-08     Tr[DP]  3.818454e-01
 iter: 421:2        |ddm|: 1.311738e-07     Tr[DP]  3.818454e-01
 iter: 422:1        |ddm|: 1.680713e-07     Tr[DP]  3.818454e-01
 iter: 422:2        |ddm|: 3.025993e-07     Tr[DP]  3.818454e-01
 iter: 423:1        |ddm|: 8.624404e-08     Tr[DP]  3.818454e-01
 iter: 423:2        |ddm|: 1.258052e-07     Tr[DP]  3.818454e-01
 iter: 424:1        |ddm|: 7.869701e-08     Tr[DP]  3.818454e-01
 iter: 424:2        |ddm|: 7.314371e-08     Tr[DP]  3.818454e-01
 iter: 425:1        |ddm|: 7.556301e-08     Tr[DP]  3.818454e-01
 iter: 425:2        |ddm|: 7.613309e-08     Tr[DP]  3.818454e-01
 iter: 426:1        |ddm|: 7.745744e-08     Tr[DP]  3.818454e-01
 iter: 426:2        |ddm|: 8.814711e-08     Tr[DP]  3.818454e-01
 iter: 427:1        |ddm|: 1.418406e-07     Tr[DP]  3.818454e-01
 iter: 427:2        |ddm|: 2.612389e-07     Tr[DP]  3.818454e-01
 iter: 428:1        |ddm|: 1.335164e-07     Tr[DP]  3.818454e-01
 iter: 428:2        |ddm|: 2.124297e-07     Tr[DP]  3.818454e-01
 iter: 429:1        |ddm|: 1.012942e-07     Tr[DP]  3.818454e-01
 iter: 429:2        |ddm|: 1.794404e-07     Tr[DP]  3.818454e-01
 iter: 430:1        |ddm|: 1.370782e-07     Tr[DP]  3.818454e-01
 iter: 430:2        |ddm|: 2.139117e-07     Tr[DP]  3.818454e-01
 iter: 431:1        |ddm|: 9.234206e-08     Tr[DP]  3.818454e-01
 iter: 431:2        |ddm|: 1.161371e-07     Tr[DP]  3.818454e-01
 iter: 432:1        |ddm|: 7.127533e-08     Tr[DP]  3.818454e-01
 iter: 432:2        |ddm|: 8.256617e-08     Tr[DP]  3.818454e-01
 iter: 433:1        |ddm|: 7.605192e-08     Tr[DP]  3.818454e-01
 iter: 433:2        |ddm|: 9.836895e-08     Tr[DP]  3.818454e-01
 iter: 434:1        |ddm|: 6.178420e-08     Tr[DP]  3.818454e-01
 iter: 434:2        |ddm|: 7.062513e-08     Tr[DP]  3.818454e-01
 iter: 435:1        |ddm|: 6.819742e-08     Tr[DP]  3.818454e-01
 iter: 435:2        |ddm|: 9.540097e-08     Tr[DP]  3.818454e-01
 iter: 436:1        |ddm|: 7.742254e-08     Tr[DP]  3.818454e-01
 iter: 436:2        |ddm|: 1.242342e-07     Tr[DP]  3.818454e-01
 iter: 437:1        |ddm|: 6.178332e-08     Tr[DP]  3.818454e-01
 iter: 437:2        |ddm|: 1.004365e-07     Tr[DP]  3.818454e-01
 iter: 438:1        |ddm|: 8.184782e-08     Tr[DP]  3.818454e-01
 iter: 438:2        |ddm|: 1.064534e-07     Tr[DP]  3.818454e-01
 iter: 439:1        |ddm|: 7.886729e-08     Tr[DP]  3.818454e-01
 iter: 439:2        |ddm|: 1.249815e-07     Tr[DP]  3.818454e-01
 iter: 440:1        |ddm|: 7.233190e-08     Tr[DP]  3.818454e-01
 iter: 440:2        |ddm|: 1.073242e-07     Tr[DP]  3.818454e-01
 iter: 441:1        |ddm|: 7.004825e-08     Tr[DP]  3.818454e-01
 iter: 441:2        |ddm|: 1.040388e-07     Tr[DP]  3.818454e-01
 iter: 442:1        |ddm|: 5.676924e-08     Tr[DP]  3.818454e-01
 iter: 442:2        |ddm|: 6.474537e-08     Tr[DP]  3.818454e-01
 iter: 443:1        |ddm|: 5.200213e-08     Tr[DP]  3.818454e-01
 iter: 443:2        |ddm|: 5.625209e-08     Tr[DP]  3.818454e-01
 iter: 444:1        |ddm|: 6.989558e-08     Tr[DP]  3.818454e-01
 iter: 444:2        |ddm|: 9.612375e-08     Tr[DP]  3.818454e-01
 iter: 445:1        |ddm|: 4.993805e-08     Tr[DP]  3.818454e-01
 iter: 445:2        |ddm|: 5.395366e-08     Tr[DP]  3.818454e-01
 iter: 446:1        |ddm|: 4.667250e-08     Tr[DP]  3.818454e-01
 iter: 446:2        |ddm|: 4.804719e-08     Tr[DP]  3.818454e-01
 iter: 447:1        |ddm|: 4.955074e-08     Tr[DP]  3.818454e-01
 iter: 447:2        |ddm|: 5.604798e-08     Tr[DP]  3.818454e-01
 iter: 448:1        |ddm|: 4.921981e-08     Tr[DP]  3.818454e-01
 iter: 448:2        |ddm|: 5.715369e-08     Tr[DP]  3.818454e-01
 iter: 449:1        |ddm|: 4.565139e-08     Tr[DP]  3.818454e-01
 iter: 449:2        |ddm|: 5.046975e-08     Tr[DP]  3.818454e-01
 iter: 450:1        |ddm|: 4.243975e-08     Tr[DP]  3.818454e-01
 iter: 450:2        |ddm|: 4.681581e-08     Tr[DP]  3.818454e-01
 iter: 451:1        |ddm|: 4.441235e-08     Tr[DP]  3.818454e-01
 iter: 451:2        |ddm|: 4.878742e-08     Tr[DP]  3.818454e-01
 iter: 452:1        |ddm|: 4.170176e-08     Tr[DP]  3.818454e-01
 iter: 452:2        |ddm|: 4.397521e-08     Tr[DP]  3.818454e-01
 iter: 453:1        |ddm|: 4.017878e-08     Tr[DP]  3.818454e-01
 iter: 453:2        |ddm|: 4.238294e-08     Tr[DP]  3.818454e-01
 iter: 454:1        |ddm|: 4.035250e-08     Tr[DP]  3.818454e-01
 iter: 454:2        |ddm|: 4.305918e-08     Tr[DP]  3.818454e-01
 iter: 455:1        |ddm|: 4.093690e-08     Tr[DP]  3.818454e-01
 iter: 455:2        |ddm|: 4.527380e-08     Tr[DP]  3.818454e-01
 iter: 456:1        |ddm|: 4.006695e-08     Tr[DP]  3.818454e-01
 iter: 456:2        |ddm|: 4.483708e-08     Tr[DP]  3.818454e-01
 iter: 457:1        |ddm|: 3.761868e-08     Tr[DP]  3.818454e-01
 iter: 457:2        |ddm|: 4.156126e-08     Tr[DP]  3.818454e-01
 iter: 458:1        |ddm|: 3.741341e-08     Tr[DP]  3.818454e-01
 iter: 458:2        |ddm|: 4.157842e-08     Tr[DP]  3.818454e-01
 iter: 459:1        |ddm|: 3.652901e-08     Tr[DP]  3.818454e-01
 iter: 459:2        |ddm|: 4.027025e-08     Tr[DP]  3.818454e-01
 iter: 460:1        |ddm|: 3.512709e-08     Tr[DP]  3.818454e-01
 iter: 460:2        |ddm|: 3.827798e-08     Tr[DP]  3.818454e-01
 iter: 461:1        |ddm|: 3.442603e-08     Tr[DP]  3.818454e-01
 iter: 461:2        |ddm|: 3.730928e-08     Tr[DP]  3.818454e-01
 iter: 462:1        |ddm|: 3.446268e-08     Tr[DP]  3.818454e-01
 iter: 462:2        |ddm|: 3.779746e-08     Tr[DP]  3.818454e-01
 iter: 463:1        |ddm|: 3.435171e-08     Tr[DP]  3.818454e-01
 iter: 463:2        |ddm|: 3.832961e-08     Tr[DP]  3.818454e-01
 iter: 464:1        |ddm|: 3.307732e-08     Tr[DP]  3.818454e-01
 iter: 464:2        |ddm|: 3.682777e-08     Tr[DP]  3.818454e-01
 iter: 465:1        |ddm|: 3.227166e-08     Tr[DP]  3.818454e-01
 iter: 465:2        |ddm|: 3.605538e-08     Tr[DP]  3.818454e-01
 iter: 466:1        |ddm|: 3.154465e-08     Tr[DP]  3.818454e-01
 iter: 466:2        |ddm|: 3.522112e-08     Tr[DP]  3.818454e-01
 iter: 467:1        |ddm|: 3.053486e-08     Tr[DP]  3.818454e-01
 iter: 467:2        |ddm|: 3.387905e-08     Tr[DP]  3.818454e-01
 iter: 468:1        |ddm|: 2.968651e-08     Tr[DP]  3.818454e-01
 iter: 468:2        |ddm|: 3.270977e-08     Tr[DP]  3.818454e-01
 iter: 469:1        |ddm|: 2.931469e-08     Tr[DP]  3.818454e-01
 iter: 469:2        |ddm|: 3.232207e-08     Tr[DP]  3.818454e-01
 iter: 470:1        |ddm|: 2.921192e-08     Tr[DP]  3.818454e-01
 iter: 470:2        |ddm|: 3.254830e-08     Tr[DP]  3.818454e-01
 iter: 471:1        |ddm|: 2.865289e-08     Tr[DP]  3.818454e-01
 iter: 471:2        |ddm|: 3.209765e-08     Tr[DP]  3.818454e-01
 iter: 472:1        |ddm|: 2.795686e-08     Tr[DP]  3.818454e-01
 iter: 472:2        |ddm|: 3.139609e-08     Tr[DP]  3.818454e-01
 iter: 473:1        |ddm|: 2.726146e-08     Tr[DP]  3.818454e-01
 iter: 473:2        |ddm|: 3.063470e-08     Tr[DP]  3.818454e-01
 iter: 474:1        |ddm|: 2.644569e-08     Tr[DP]  3.818454e-01
 iter: 474:2        |ddm|: 2.960408e-08     Tr[DP]  3.818454e-01
 iter: 475:1        |ddm|: 2.563535e-08     Tr[DP]  3.818454e-01
 iter: 475:2        |ddm|: 2.851880e-08     Tr[DP]  3.818454e-01
 iter: 476:1        |ddm|: 2.508443e-08     Tr[DP]  3.818454e-01
 iter: 476:2        |ddm|: 2.781175e-08     Tr[DP]  3.818454e-01
 iter: 477:1        |ddm|: 2.483421e-08     Tr[DP]  3.818454e-01
 iter: 477:2        |ddm|: 2.762353e-08     Tr[DP]  3.818454e-01
 iter: 478:1        |ddm|: 2.455336e-08     Tr[DP]  3.818454e-01
 iter: 478:2        |ddm|: 2.751368e-08     Tr[DP]  3.818454e-01
 iter: 479:1        |ddm|: 2.411914e-08     Tr[DP]  3.818454e-01
 iter: 479:2        |ddm|: 2.718581e-08     Tr[DP]  3.818454e-01
 iter: 480:1        |ddm|: 2.357336e-08     Tr[DP]  3.818454e-01
 iter: 480:2        |ddm|: 2.662292e-08     Tr[DP]  3.818454e-01
 iter: 481:1        |ddm|: 2.290183e-08     Tr[DP]  3.818454e-01
 iter: 481:2        |ddm|: 2.579940e-08     Tr[DP]  3.818454e-01
 iter: 482:1        |ddm|: 2.217511e-08     Tr[DP]  3.818454e-01
 iter: 482:2        |ddm|: 2.483233e-08     Tr[DP]  3.818454e-01
 iter: 483:1        |ddm|: 2.156027e-08     Tr[DP]  3.818454e-01
 iter: 483:2        |ddm|: 2.401275e-08     Tr[DP]  3.818454e-01
 iter: 484:1        |ddm|: 2.117547e-08     Tr[DP]  3.818454e-01
 iter: 484:2        |ddm|: 2.355235e-08     Tr[DP]  3.818454e-01
 iter: 485:1        |ddm|: 2.092841e-08     Tr[DP]  3.818454e-01
 iter: 485:2        |ddm|: 2.336062e-08     Tr[DP]  3.818454e-01
 iter: 486:1        |ddm|: 2.066789e-08     Tr[DP]  3.818454e-01
 iter: 486:2        |ddm|: 2.322933e-08     Tr[DP]  3.818454e-01
 iter: 487:1        |ddm|: 2.031748e-08     Tr[DP]  3.818454e-01
 iter: 487:2        |ddm|: 2.297933e-08     Tr[DP]  3.818454e-01
 iter: 488:1        |ddm|: 1.982002e-08     Tr[DP]  3.818454e-01
 iter: 488:2        |ddm|: 2.243840e-08     Tr[DP]  3.818454e-01
 iter: 489:1        |ddm|: 1.921277e-08     Tr[DP]  3.818454e-01
 iter: 489:2        |ddm|: 2.166417e-08     Tr[DP]  3.818454e-01
 iter: 490:1        |ddm|: 1.860996e-08     Tr[DP]  3.818454e-01
 iter: 490:2        |ddm|: 2.084769e-08     Tr[DP]  3.818454e-01
 iter: 491:1        |ddm|: 1.814656e-08     Tr[DP]  3.818454e-01
 iter: 491:2        |ddm|: 2.022513e-08     Tr[DP]  3.818454e-01
 iter: 492:1        |ddm|: 1.783944e-08     Tr[DP]  3.818454e-01
 iter: 492:2        |ddm|: 1.988663e-08     Tr[DP]  3.818454e-01
 iter: 493:1        |ddm|: 1.762577e-08     Tr[DP]  3.818454e-01
 iter: 493:2        |ddm|: 1.971724e-08     Tr[DP]  3.818454e-01
 iter: 494:1        |ddm|: 1.740755e-08     Tr[DP]  3.818454e-01
 iter: 494:2        |ddm|: 1.962070e-08     Tr[DP]  3.818454e-01
 iter: 495:1        |ddm|: 1.709475e-08     Tr[DP]  3.818454e-01
 iter: 495:2        |ddm|: 1.936165e-08     Tr[DP]  3.818454e-01
 iter: 496:1        |ddm|: 1.664590e-08     Tr[DP]  3.818454e-01
 iter: 496:2        |ddm|: 1.884148e-08     Tr[DP]  3.818454e-01
 iter: 497:1        |ddm|: 1.611651e-08     Tr[DP]  3.818454e-01
 iter: 497:2        |ddm|: 1.816650e-08     Tr[DP]  3.818454e-01
 iter: 498:1        |ddm|: 1.563341e-08     Tr[DP]  3.818454e-01
 iter: 498:2        |ddm|: 1.750117e-08     Tr[DP]  3.818454e-01
 iter: 499:1        |ddm|: 1.526653e-08     Tr[DP]  3.818454e-01
 iter: 499:2        |ddm|: 1.702654e-08     Tr[DP]  3.818454e-01
 iter: 500:1        |ddm|: 1.502176e-08     Tr[DP]  3.818454e-01
 iter: 500:2        |ddm|: 1.674960e-08     Tr[DP]  3.818454e-01
 iter: 501:1        |ddm|: 1.484678e-08     Tr[DP]  3.818454e-01
 iter: 501:2        |ddm|: 1.664817e-08     Tr[DP]  3.818454e-01
 iter: 502:1        |ddm|: 1.465735e-08     Tr[DP]  3.818454e-01
 iter: 502:2        |ddm|: 1.656168e-08     Tr[DP]  3.818454e-01
 iter: 503:1        |ddm|: 1.437003e-08     Tr[DP]  3.818454e-01
 iter: 503:2        |ddm|: 1.630823e-08     Tr[DP]  3.818454e-01
 iter: 504:1        |ddm|: 1.396902e-08     Tr[DP]  3.818454e-01
 iter: 504:2        |ddm|: 1.581771e-08     Tr[DP]  3.818454e-01
 iter: 505:1        |ddm|: 1.352696e-08     Tr[DP]  3.818454e-01
 iter: 505:2        |ddm|: 1.523245e-08     Tr[DP]  3.818454e-01
 iter: 506:1        |ddm|: 1.313316e-08     Tr[DP]  3.818454e-01
 iter: 506:2        |ddm|: 1.470185e-08     Tr[DP]  3.818454e-01
 iter: 507:1        |ddm|: 1.284348e-08     Tr[DP]  3.818454e-01
 iter: 507:2        |ddm|: 1.431516e-08     Tr[DP]  3.818454e-01
 iter: 508:1        |ddm|: 1.265172e-08     Tr[DP]  3.818454e-01
 iter: 508:2        |ddm|: 1.413262e-08     Tr[DP]  3.818454e-01
 iter: 509:1        |ddm|: 1.250788e-08     Tr[DP]  3.818454e-01
 iter: 509:2        |ddm|: 1.404515e-08     Tr[DP]  3.818454e-01
 iter: 510:1        |ddm|: 1.233526e-08     Tr[DP]  3.818454e-01
 iter: 510:2        |ddm|: 1.395902e-08     Tr[DP]  3.818454e-01
 iter: 511:1        |ddm|: 1.206973e-08     Tr[DP]  3.818454e-01
 iter: 511:2        |ddm|: 1.369299e-08     Tr[DP]  3.818454e-01
 iter: 512:1        |ddm|: 1.172335e-08     Tr[DP]  3.818454e-01
 iter: 512:2        |ddm|: 1.326644e-08     Tr[DP]  3.818454e-01
 iter: 513:1        |ddm|: 1.135145e-08     Tr[DP]  3.818454e-01
 iter: 513:2        |ddm|: 1.278041e-08     Tr[DP]  3.818454e-01
 iter: 514:1        |ddm|: 1.103277e-08     Tr[DP]  3.818454e-01
 iter: 514:2        |ddm|: 1.233244e-08     Tr[DP]  3.818454e-01
 iter: 515:1        |ddm|: 1.080469e-08     Tr[DP]  3.818454e-01
 iter: 515:2        |ddm|: 1.204204e-08     Tr[DP]  3.818454e-01
 iter: 516:1        |ddm|: 1.065567e-08     Tr[DP]  3.818454e-01
 iter: 516:2        |ddm|: 1.189726e-08     Tr[DP]  3.818454e-01
 iter: 517:1        |ddm|: 1.053448e-08     Tr[DP]  3.818454e-01
 iter: 517:2        |ddm|: 1.185161e-08     Tr[DP]  3.818454e-01
 iter: 518:1        |ddm|: 1.037622e-08     Tr[DP]  3.818454e-01
 iter: 518:2        |ddm|: 1.175370e-08     Tr[DP]  3.818454e-01
 iter: 519:1        |ddm|: 1.013861e-08     Tr[DP]  3.818454e-01
 iter: 519:2        |ddm|: 1.151384e-08     Tr[DP]  3.818454e-01
 iter: 520:1        |ddm|: 9.834990e-09     Tr[DP]  3.818454e-01
 iter: 520:2        |ddm|: 1.111839e-08     Tr[DP]  3.818454e-01
 iter: 521:1        |ddm|: 9.526907e-09     Tr[DP]  3.818454e-01
 iter: 521:2        |ddm|: 1.071061e-08     Tr[DP]  3.818454e-01
 iter: 522:1        |ddm|: 9.272714e-09     Tr[DP]  3.818454e-01
 iter: 522:2        |ddm|: 1.037647e-08     Tr[DP]  3.818454e-01
 iter: 523:1        |ddm|: 9.093724e-09     Tr[DP]  3.818454e-01
 iter: 523:2        |ddm|: 1.014416e-08     Tr[DP]  3.818454e-01
 iter: 524:1        |ddm|: 8.974590e-09     Tr[DP]  3.818454e-01
 iter: 524:2        |ddm|: 1.003913e-08     Tr[DP]  3.818454e-01
 iter: 525:1        |ddm|: 8.871595e-09     Tr[DP]  3.818454e-01
 iter: 525:2        |ddm|: 9.994962e-09     Tr[DP]  3.818454e-01
 iter: 526:1        |ddm|: 8.728532e-09     Tr[DP]  3.818454e-01
 iter: 526:2        |ddm|: 9.900520e-09     Tr[DP]  3.818454e-01
 iter: 527:1        |ddm|: 8.513333e-09     Tr[DP]  3.818454e-01
 iter: 527:2        |ddm|: 9.655688e-09     Tr[DP]  3.818454e-01
 iter: 528:1        |ddm|: 8.254045e-09     Tr[DP]  3.818454e-01
 iter: 528:2        |ddm|: 9.313574e-09     Tr[DP]  3.818454e-01
 iter: 529:1        |ddm|: 7.998280e-09     Tr[DP]  3.818454e-01
 iter: 529:2        |ddm|: 8.974081e-09     Tr[DP]  3.818454e-01
 iter: 530:1        |ddm|: 7.794841e-09     Tr[DP]  3.818454e-01
 iter: 530:2        |ddm|: 8.706350e-09     Tr[DP]  3.818454e-01
 iter: 531:1        |ddm|: 7.654401e-09     Tr[DP]  3.818454e-01
 iter: 531:2        |ddm|: 8.537025e-09     Tr[DP]  3.818454e-01
 iter: 532:1        |ddm|: 7.556715e-09     Tr[DP]  3.818454e-01
 iter: 532:2        |ddm|: 8.463995e-09     Tr[DP]  3.818454e-01
 iter: 533:1        |ddm|: 7.468992e-09     Tr[DP]  3.818454e-01
 iter: 533:2        |ddm|: 8.426977e-09     Tr[DP]  3.818454e-01
 iter: 534:1        |ddm|: 7.334754e-09     Tr[DP]  3.818454e-01
 iter: 534:2        |ddm|: 8.327405e-09     Tr[DP]  3.818454e-01
 iter: 535:1        |ddm|: 7.146080e-09     Tr[DP]  3.818454e-01
 iter: 535:2        |ddm|: 8.102183e-09     Tr[DP]  3.818454e-01
 iter: 536:1        |ddm|: 6.922268e-09     Tr[DP]  3.818454e-01
 iter: 536:2        |ddm|: 7.811347e-09     Tr[DP]  3.818454e-01
 iter: 537:1        |ddm|: 6.715325e-09     Tr[DP]  3.818454e-01
 iter: 537:2        |ddm|: 7.526648e-09     Tr[DP]  3.818454e-01
 iter: 538:1        |ddm|: 6.556201e-09     Tr[DP]  3.818454e-01
 iter: 538:2        |ddm|: 7.319910e-09     Tr[DP]  3.818454e-01
 iter: 539:1        |ddm|: 6.442468e-09     Tr[DP]  3.818454e-01
 iter: 539:2        |ddm|: 7.193320e-09     Tr[DP]  3.818454e-01
 iter: 540:1        |ddm|: 6.366269e-09     Tr[DP]  3.818454e-01
 iter: 540:2        |ddm|: 7.132248e-09     Tr[DP]  3.818454e-01
 iter: 541:1        |ddm|: 6.286543e-09     Tr[DP]  3.818454e-01
 iter: 541:2        |ddm|: 7.101619e-09     Tr[DP]  3.818454e-01
 iter: 542:1        |ddm|: 6.167385e-09     Tr[DP]  3.818454e-01
 iter: 542:2        |ddm|: 6.999690e-09     Tr[DP]  3.818454e-01
 iter: 543:1        |ddm|: 5.997004e-09     Tr[DP]  3.818454e-01
 iter: 543:2        |ddm|: 6.786146e-09     Tr[DP]  3.818454e-01
 iter: 544:1        |ddm|: 5.808403e-09     Tr[DP]  3.818454e-01
 iter: 544:2        |ddm|: 6.549562e-09     Tr[DP]  3.818454e-01
 iter: 545:1        |ddm|: 5.641467e-09     Tr[DP]  3.818454e-01
 iter: 545:2        |ddm|: 6.326162e-09     Tr[DP]  3.818454e-01
 iter: 546:1        |ddm|: 5.512376e-09     Tr[DP]  3.818454e-01
 iter: 546:2        |ddm|: 6.153388e-09     Tr[DP]  3.818454e-01
 iter: 547:1        |ddm|: 5.427333e-09     Tr[DP]  3.818454e-01
 iter: 547:2        |ddm|: 6.068917e-09     Tr[DP]  3.818454e-01
 iter: 548:1        |ddm|: 5.362783e-09     Tr[DP]  3.818454e-01
 iter: 548:2        |ddm|: 6.023223e-09     Tr[DP]  3.818454e-01
 iter: 549:1        |ddm|: 5.288638e-09     Tr[DP]  3.818454e-01
 iter: 549:2        |ddm|: 5.993573e-09     Tr[DP]  3.818454e-01
 iter: 550:1        |ddm|: 5.178123e-09     Tr[DP]  3.818454e-01
 iter: 550:2        |ddm|: 5.879953e-09     Tr[DP]  3.818454e-01
 iter: 551:1        |ddm|: 5.030810e-09     Tr[DP]  3.818454e-01
 iter: 551:2        |ddm|: 5.684178e-09     Tr[DP]  3.818454e-01
 iter: 552:1        |ddm|: 4.875206e-09     Tr[DP]  3.818454e-01
 iter: 552:2        |ddm|: 5.492219e-09     Tr[DP]  3.818454e-01
 iter: 553:1        |ddm|: 4.736307e-09     Tr[DP]  3.818454e-01
 iter: 553:2        |ddm|: 5.301170e-09     Tr[DP]  3.818454e-01
 iter: 554:1        |ddm|: 4.635121e-09     Tr[DP]  3.818454e-01
 iter: 554:2        |ddm|: 5.177028e-09     Tr[DP]  3.818454e-01
                           Freeze-and-Thaw converged!                           

=================== Subsystem 1 at higher mean-field method ====================
  subiter:   1      |ddm|: 3.940507e-01
  subiter:   2      |ddm|: 2.100713e-01
  subiter:   3      |ddm|: 2.035333e-02
  subiter:   4      |ddm|: 1.923926e-02
  subiter:   5      |ddm|: 5.458203e-03
  subiter:   6      |ddm|: 3.240025e-03
  subiter:   7      |ddm|: 2.347157e-03
  subiter:   8      |ddm|: 9.993913e-04
  subiter:   9      |ddm|: 1.037937e-03
  subiter:  10      |ddm|: 1.062159e-03
  subiter:  11      |ddm|: 4.679180e-04
  subiter:  12      |ddm|: 3.866898e-05
  subiter:  13      |ddm|: 1.254432e-05
  subiter:  14      |ddm|: 2.726116e-06
  subiter:  15      |ddm|: 9.153603e-07
  subiter:  16      |ddm|: 1.524381e-07
  subiter:  17      |ddm|: 1.149007e-07
  subiter:  18      |ddm|: 3.342553e-08
  subiter:  19      |ddm|: 1.284610e-08
  subiter:  20      |ddm|: 3.216353e-08
  subiter:  21      |ddm|: 3.279550e-08
  subiter:  22      |ddm|: 2.610682e-08
  subiter:  23      |ddm|: 1.354924e-08
  subiter:  24      |ddm|: 5.052156e-09


******** <class 'pyscf.scf.hf.RHF'> flags ********
method = RHF
initial guess = minao
damping factor = 0
level shift factor = 0
DIIS = <class 'pyscf.scf.diis.CDIIS'>
DIIS start cycle = 1
DIIS space = 8
SCF tol = 1e-09
SCF gradient tol = None
max. SCF cycles = 100
direct_scf = True
direct_scf_tol = 1e-13
chkfile to save SCF result = /panfs/roc/scratch/graha682/2018_smear/201712_ccpVTZ_NEVPT2_m06_105_2c12h24/tmpkM7dNf
max_memory 4000 MB (current use 664 MB)
Set gradient conv threshold to 3.16228e-05
init E= -75.7233975125556
  HOMO = -0.236265458372463  LUMO = 0.0866329035627085
cycle= 1 E= -75.7233975125557  delta_E= -8.53e-14  |g|= 2.76e-09  |ddm|= 1.19e-08
  HOMO = -0.236265458250065  LUMO = 0.0866329036335359
Extra cycle  E= -75.7233975125554  delta_E= 2.98e-13  |g|= 2.05e-09  |ddm|= 8.35e-09
converged SCF energy = -75.7233975125554
 iter: 555:1        |ddm|: 3.862667e-01     Tr[DP]  4.538711e-01

******** <class 'pyscf.mcscf.mc1step.CASSCF'> flags ********
CAS (1e+1e, 2o), ncore = 6, nvir = 80
max_cycle_macro = 150
max_cycle_micro = 4
conv_tol = 1e-07
conv_tol_grad = None
orbital rotation max_stepsize = 0.02
augmented hessian ah_max_cycle = 30
augmented hessian ah_conv_tol = 1e-12
augmented hessian ah_linear dependence = 1e-14
augmented hessian ah_level shift = 0
augmented hessian ah_start_tol = 2.5
augmented hessian ah_start_cycle = 3
augmented hessian ah_grad_trust_region = 3
kf_trust_region = 3
kf_interval = 4
ci_response_space = 4
ci_grad_trust_region = 3
with_dep4 0
natorb = False
canonicalization = True
sorting_mo_energy = False
chkfile = /panfs/roc/scratch/graha682/2018_smear/201712_ccpVTZ_NEVPT2_m06_105_2c12h24/tmpkM7dNf
max_memory 4000 MB (current use 659 MB)
internal_rotation = False
******** <class 'pyscf.fci.direct_spin1.FCISolver'> flags ********
max. cycles = 50
conv_tol = 1e-08
davidson only = False
linear dependence = 1e-10
level shift = 0.001
max iter space = 12
max_memory 4000 MB
nroots = 1
pspace_size = 400
spin = None
CASCI E = -75.7858813711954  S^2 = 2.0000000
Set conv_tol_grad to 0.000316228
macro iter 1 (15 JK  4 micro), CASSCF E = -75.8216894328924  dE = -0.035808062  S^2 = 2.0000000
               |grad[o]|=0.146  |grad[c]|= 0.0288080106955  |ddm|=1.1e-15
macro iter 2 (7 JK  3 micro), CASSCF E = -75.821706700023  dE = -1.7267131e-05  S^2 = 2.0000000
               |grad[o]|=0.0034  |grad[c]|= 1.5818441264e-05  |ddm|=9.42e-16
macro iter 3 (1 JK  1 micro), CASSCF E = -75.821706700023  dE = 0  S^2 = 2.0000000
               |grad[o]|=2.83e-05  |grad[c]|= 2.30952856934e-16  |ddm|=5.59e-27
1-step CASSCF converged in 3 macro (23 JK 8 micro) steps
CASSCF canonicalization
CASSCF energy = -75.821706700023
Hartree-Fock Energy:   -75.72339751255541
CAS Correlation:       -0.09830918746759
CAS Energy:           -75.82170670002300
Sr    (-1)',   E = -0.00000000009553
Si    (+1)',   E = -0.00000000003306
Sijrs (0)  ,   E = -0.19576594188093
Sijr  (+1) ,   E = -0.01435957785207
Srsi  (-1) ,   E = -0.07659863119322
Srs   (-2) ,   E = -0.00128788949002
Sij   (+2) ,   E = -0.00002242734846
Sir   (0)' ,   E = -0.01690330087981
Nevpt2 Energy = -0.304937768773092
NEVPT2 =   -0.304937768773092
Total NEVPT2 =  -76.126644468796087

============================== Supermolecular DFT ==============================
  subiter:   1      |ddm|: 7.675225e+00
  subiter:   2      |ddm|: 5.163263e-01
  subiter:   3      |ddm|: 1.845967e-01
  subiter:   4      |ddm|: 1.108343e-01
  subiter:   5      |ddm|: 8.278211e-02
  subiter:   6      |ddm|: 1.575755e-02
  subiter:   7      |ddm|: 7.603113e-03
  subiter:   8      |ddm|: 2.911163e-03
  subiter:   9      |ddm|: 1.996484e-03
  subiter:  10      |ddm|: 3.562919e-04
  subiter:  11      |ddm|: 1.431140e-03
  subiter:  12      |ddm|: 5.354389e-04
  subiter:  13      |ddm|: 1.684282e-04
  subiter:  14      |ddm|: 7.171018e-05
  subiter:  15      |ddm|: 6.112654e-05
  subiter:  16      |ddm|: 1.243144e-05
  subiter:  17      |ddm|: 1.599786e-06
  subiter:  18      |ddm|: 3.491298e-06
  subiter:  19      |ddm|: 6.010923e-07
  subiter:  20      |ddm|: 4.773498e-07
  subiter:  21      |ddm|: 1.404179e-08
  subiter:  22      |ddm|: 2.651317e-08
  subiter:  23      |ddm|: 3.352368e-09


******** <class 'pyscf.dft.rks.RKS'> flags ********
method = RKS
initial guess = atom
damping factor = 0
level shift factor = 0.0
DIIS = <class 'pyscf.scf.diis.CDIIS'>
DIIS start cycle = 1
DIIS space = 8
SCF tol = 1e-08
SCF gradient tol = 1e-08
max. SCF cycles = 100
direct_scf = True
direct_scf_tol = 1e-13
chkfile to save SCF result = /panfs/roc/scratch/graha682/2018_smear/201712_ccpVTZ_NEVPT2_m06_105_2c12h24/tmpAPnHZU
max_memory 4000 MB (current use 752 MB)
XC functionals = m06
small_rho_cutoff = 1e-20
radial grids: Treutler-Ahlrichs (JCP 102, 346 (M4)) radial grids
becke partition: Becke, JCP, 88, 2547 (1988)
pruning grids: <function nwchem_prune at 0x17ba410>
grids dens level: 4
symmetrized grids: False
atomic radii adjust function: <function treutler_atomic_radii_adjust at 0x17ba2a8>
init E= -471.288061421528
  HOMO = -0.134394883289259  LUMO = -0.104850277245329
cycle= 1 E= -471.288061444226  delta_E= -2.27e-08  |g|= 5.68e-08  |ddm|= 1.02e-06
  HOMO = -0.134394912669671  LUMO = -0.104850251376596
cycle= 2 E= -471.288061444227  delta_E= -1.14e-12  |g|= 5.65e-08  |ddm|= 2.07e-07
  HOMO = -0.134394911393302  LUMO = -0.104850248752264
cycle= 3 E= -471.288061444226  delta_E= 6.82e-13  |g|= 1.04e-08  |ddm|= 4.81e-08
  HOMO = -0.13439491151908  LUMO = -0.104850248660011
cycle= 4 E= -471.288061444216  delta_E= 9.78e-12  |g|= 5.45e-09  |ddm|= 1.29e-08
  HOMO = -0.134394911893812  LUMO = -0.104850248681095
Extra cycle  E= -471.288061444211  delta_E= 5.23e-12  |g|= 1.51e-08  |ddm|= 3.21e-08
converged SCF energy = -471.288061444211
  subiter:   1      |ddm|: 1.335007e-07
  subiter:   2      |ddm|: 6.572652e-07
  subiter:   3      |ddm|: 5.311173e-07
  subiter:   4      |ddm|: 1.495188e-08
  subiter:   5      |ddm|: 4.140773e-10
Supermolecular DFT   -471.28806142152871

============================== Embedding Energies ==============================
Subsystem DFT               -76.30045166838357
Interaction                -394.79527203043455
DFT-in-DFT                 -471.09572369881812
Supermolecular DFT         -471.28806142152871
Supmol DFT no F-Smear      -471.28806144422606
Difference                   -0.19233772271059
Corrected DFT-in-DFT       -471.28806142152871
WF-in-DFT                  -470.92191649923063
Corrected WF-in-DFT        -471.11425422194122
================================================================================
TIMING STATISTICS:
     overlap integrals      0.05s   ( 0.00%)
    initial subsystems      1.08s   ( 0.00%)
           2e matrices  45047.87s   (93.98%)
      tot. embed. of 1  45063.43s   (94.01%)
      tot. embed. of 2     34.82s   ( 0.07%)
       freeze and thaw  45098.32s   (94.09%)
                   cas      0.67s   ( 0.00%)
                nevpt2      0.06s   ( 0.00%)
  interaction energies   2832.77s   ( 5.91%)
                 TOTAL  47933.41s
================================================================================

********************************************************************************
*                              END OF CALCULATION                              *
********************************************************************************
