********************************************************************************
*                         FREEZE-AND-THAW CALCULATION                          *
********************************************************************************

================================== Input File ==================================
subsystem
C         -6.81481       -0.41548        0.09427
C         -5.56147        0.43724        0.09293
H         -7.73235        0.19145        0.14286
H         -6.82758       -1.10435        0.95610
H         -6.87608       -1.03602       -0.81602
C         -4.28367       -0.38105        0.02769
H         -5.53674        1.07534        0.99707
H         -5.58393        1.14193       -0.76040
C         -3.01934        0.45821        0.02466
H         -4.30287       -1.02140       -0.87709
H         -4.25513       -1.08694        0.88206
C         -1.74266       -0.35996       -0.03904
H         -3.00073        1.09895        0.92897
H         -3.04751        1.16305       -0.83038
C         -0.47847        0.47976       -0.04293
H         -1.76110       -1.00126       -0.94291
H         -1.71376       -1.06425        0.81636
C          0.79802       -0.33884       -0.10519
H         -0.46016        1.12166        0.86050
H         -0.50661        1.18343       -0.89888
C          2.06201        0.50110       -0.10952
H          0.77977       -0.98112       -1.00834
H          0.82667       -1.04194        0.75104
C          3.33732       -0.31885       -0.17142
H          2.08070        1.14303        0.79380
H          2.03456        1.20444       -0.96582
charge -1
end

subsystem
C          4.60273        0.52974       -0.16842
H          3.32338       -0.95585       -1.07806
H          3.36999       -1.02442        0.68131
C          5.85144       -0.28251       -0.26720
H          4.63440        1.15499        0.74374
H          4.55410        1.23655       -1.02099
C          6.83934       -0.29091        0.62655
H          6.79249        0.32749        1.53124
H          7.73182       -0.91026        0.49647
H          5.93403       -0.92517       -1.15692
charge +1
end

embed
 huzinaga
 cycles 300
 conv 1e-8
 method m06
end

basis cc-pVDZ
method cas[2,2]/nevpt2
grid 4
conv 1e-8
grad 1e-8
maxiter 100
================================== End Input ===================================
tot grids = 725328

                      Getting subsystem overlap integrals                       

                          Initial subsystem densities                           
Guessing initial subsystem densities
Initial guess from superpostion of atomic densties.
Guessing initial subsystem densities
Initial guess from superpostion of atomic densties.

=========================== Starting Freeze-and-Thaw ===========================
 iter:   1:1        |ddm|: 6.389052e+00     Tr[DP]  9.986229e-01
 iter:   1:2        |ddm|: 3.167141e+00     Tr[DP]  3.308034e-01
 iter:   2:1        |ddm|: 5.556205e+00     Tr[DP]  6.113902e-01
 iter:   2:2        |ddm|: 1.602491e+00     Tr[DP]  2.624124e-01
 iter:   3:1        |ddm|: 3.045699e+00     Tr[DP]  2.827085e-01
 iter:   3:2        |ddm|: 9.164460e-01     Tr[DP]  2.422006e-01
 iter:   4:1        |ddm|: 5.517392e-01     Tr[DP]  2.450667e-01
 iter:   4:2        |ddm|: 3.029375e-01     Tr[DP]  2.344621e-01
 iter:   5:1        |ddm|: 3.295120e-01     Tr[DP]  2.394356e-01
 iter:   5:2        |ddm|: 1.297057e-01     Tr[DP]  2.119524e-01
 iter:   6:1        |ddm|: 2.077557e-01     Tr[DP]  2.249609e-01
 iter:   6:2        |ddm|: 7.754348e-02     Tr[DP]  2.066102e-01
 iter:   7:1        |ddm|: 1.410318e-01     Tr[DP]  2.147716e-01
 iter:   7:2        |ddm|: 6.294716e-02     Tr[DP]  2.018431e-01
 iter:   8:1        |ddm|: 9.833209e-02     Tr[DP]  2.087126e-01
 iter:   8:2        |ddm|: 5.463740e-02     Tr[DP]  1.978043e-01
 iter:   9:1        |ddm|: 9.064118e-02     Tr[DP]  2.056810e-01
 iter:   9:2        |ddm|: 6.934866e-02     Tr[DP]  1.940353e-01
 iter:  10:1        |ddm|: 7.805856e-02     Tr[DP]  2.000926e-01
 iter:  10:2        |ddm|: 4.818159e-02     Tr[DP]  1.897521e-01
 iter:  11:1        |ddm|: 6.001847e-02     Tr[DP]  1.969358e-01
 iter:  11:2        |ddm|: 4.887852e-02     Tr[DP]  1.869635e-01
 iter:  12:1        |ddm|: 5.616265e-02     Tr[DP]  1.934840e-01
 iter:  12:2        |ddm|: 4.359826e-02     Tr[DP]  1.842194e-01
 iter:  13:1        |ddm|: 5.332155e-02     Tr[DP]  1.917009e-01
 iter:  13:2        |ddm|: 4.958354e-02     Tr[DP]  1.815840e-01
 iter:  14:1        |ddm|: 5.432459e-02     Tr[DP]  1.889761e-01
 iter:  14:2        |ddm|: 4.631396e-02     Tr[DP]  1.786771e-01
 iter:  15:1        |ddm|: 5.730650e-02     Tr[DP]  1.871658e-01
 iter:  15:2        |ddm|: 5.601675e-02     Tr[DP]  1.755527e-01
 iter:  16:1        |ddm|: 6.357625e-02     Tr[DP]  1.846950e-01
 iter:  16:2        |ddm|: 5.968825e-02     Tr[DP]  1.717889e-01
 iter:  17:1        |ddm|: 6.510479e-02     Tr[DP]  1.809670e-01
 iter:  17:2        |ddm|: 5.272203e-02     Tr[DP]  1.679723e-01
 iter:  18:1        |ddm|: 6.380948e-02     Tr[DP]  1.777203e-01
 iter:  18:2        |ddm|: 5.376341e-02     Tr[DP]  1.643017e-01
 iter:  19:1        |ddm|: 6.399231e-02     Tr[DP]  1.743187e-01
 iter:  19:2        |ddm|: 5.251449e-02     Tr[DP]  1.606782e-01
 iter:  20:1        |ddm|: 6.548111e-02     Tr[DP]  1.693028e-01
 iter:  20:2        |ddm|: 4.558075e-02     Tr[DP]  1.583773e-01
 iter:  21:1        |ddm|: 5.722811e-02     Tr[DP]  1.690015e-01
 iter:  21:2        |ddm|: 6.127835e-02     Tr[DP]  1.553745e-01
 iter:  22:1        |ddm|: 6.239208e-02     Tr[DP]  1.654606e-01
 iter:  22:2        |ddm|: 4.889538e-02     Tr[DP]  1.517738e-01
 iter:  23:1        |ddm|: 6.017325e-02     Tr[DP]  1.623170e-01
 iter:  23:2        |ddm|: 4.957184e-02     Tr[DP]  1.484370e-01
 iter:  24:1        |ddm|: 6.052596e-02     Tr[DP]  1.591087e-01
 iter:  24:2        |ddm|: 4.822417e-02     Tr[DP]  1.451940e-01
 iter:  25:1        |ddm|: 6.377556e-02     Tr[DP]  1.566853e-01
 iter:  25:2        |ddm|: 5.964492e-02     Tr[DP]  1.412977e-01
 iter:  26:1        |ddm|: 6.933202e-02     Tr[DP]  1.531149e-01
 iter:  26:2        |ddm|: 5.700994e-02     Tr[DP]  1.371435e-01
 iter:  27:1        |ddm|: 6.947893e-02     Tr[DP]  1.485060e-01
 iter:  27:2        |ddm|: 4.805341e-02     Tr[DP]  1.342146e-01
 iter:  28:1        |ddm|: 6.070357e-02     Tr[DP]  1.455142e-01
 iter:  28:2        |ddm|: 4.270539e-02     Tr[DP]  1.320733e-01
 iter:  29:1        |ddm|: 5.725327e-02     Tr[DP]  1.432095e-01
 iter:  29:2        |ddm|: 4.551429e-02     Tr[DP]  1.294517e-01
 iter:  30:1        |ddm|: 5.885330e-02     Tr[DP]  1.406499e-01
 iter:  30:2        |ddm|: 4.860295e-02     Tr[DP]  1.263517e-01
 iter:  31:1        |ddm|: 6.274007e-02     Tr[DP]  1.378825e-01
 iter:  31:2        |ddm|: 5.400155e-02     Tr[DP]  1.227736e-01
 iter:  32:1        |ddm|: 6.552190e-02     Tr[DP]  1.343155e-01
 iter:  32:2        |ddm|: 4.611031e-02     Tr[DP]  1.199060e-01
 iter:  33:1        |ddm|: 6.321641e-02     Tr[DP]  1.316988e-01
 iter:  33:2        |ddm|: 5.626147e-02     Tr[DP]  1.164701e-01
 iter:  34:1        |ddm|: 6.778488e-02     Tr[DP]  1.284553e-01
 iter:  34:2        |ddm|: 5.236508e-02     Tr[DP]  1.132005e-01
 iter:  35:1        |ddm|: 6.693355e-02     Tr[DP]  1.253106e-01
 iter:  35:2        |ddm|: 5.174517e-02     Tr[DP]  1.102287e-01
 iter:  36:1        |ddm|: 6.712439e-02     Tr[DP]  1.222068e-01
 iter:  36:2        |ddm|: 4.569041e-02     Tr[DP]  1.079478e-01
 iter:  37:1        |ddm|: 6.337916e-02     Tr[DP]  1.195366e-01
 iter:  37:2        |ddm|: 4.381293e-02     Tr[DP]  1.059415e-01
 iter:  38:1        |ddm|: 6.144514e-02     Tr[DP]  1.170820e-01
 iter:  38:2        |ddm|: 4.199094e-02     Tr[DP]  1.040861e-01
 iter:  39:1        |ddm|: 5.973316e-02     Tr[DP]  1.147650e-01
 iter:  39:2        |ddm|: 3.919599e-02     Tr[DP]  1.024940e-01
 iter:  40:1        |ddm|: 5.673895e-02     Tr[DP]  1.126548e-01
 iter:  40:2        |ddm|: 3.818603e-02     Tr[DP]  1.009725e-01
 iter:  41:1        |ddm|: 5.493063e-02     Tr[DP]  1.106654e-01
 iter:  41:2        |ddm|: 3.605137e-02     Tr[DP]  9.959811e-02
 iter:  42:1        |ddm|: 5.212359e-02     Tr[DP]  1.088259e-01
 iter:  42:2        |ddm|: 3.935292e-02     Tr[DP]  9.795158e-02
 iter:  43:1        |ddm|: 5.230039e-02     Tr[DP]  1.069903e-01
 iter:  43:2        |ddm|: 3.777904e-02     Tr[DP]  9.639878e-02
 iter:  44:1        |ddm|: 5.691659e-02     Tr[DP]  1.051969e-01
 iter:  44:2        |ddm|: 2.954499e-02     Tr[DP]  9.597809e-02
 iter:  45:1        |ddm|: 5.478172e-02     Tr[DP]  1.037164e-01
 iter:  45:2        |ddm|: 5.620523e-02     Tr[DP]  9.366995e-02
 iter:  46:1        |ddm|: 5.423170e-02     Tr[DP]  1.020986e-01
 iter:  46:2        |ddm|: 4.285033e-02     Tr[DP]  9.178546e-02
 iter:  47:1        |ddm|: 5.385346e-02     Tr[DP]  1.003322e-01
 iter:  47:2        |ddm|: 3.642836e-02     Tr[DP]  9.059657e-02
 iter:  48:1        |ddm|: 5.161321e-02     Tr[DP]  9.878460e-02
 iter:  48:2        |ddm|: 3.196462e-02     Tr[DP]  8.981441e-02
 iter:  49:1        |ddm|: 4.801426e-02     Tr[DP]  9.742904e-02
 iter:  49:2        |ddm|: 3.009625e-02     Tr[DP]  8.911489e-02
 iter:  50:1        |ddm|: 4.615214e-02     Tr[DP]  9.625295e-02
 iter:  50:2        |ddm|: 2.590729e-02     Tr[DP]  8.872076e-02
 iter:  51:1        |ddm|: 4.264733e-02     Tr[DP]  9.520827e-02
 iter:  51:2        |ddm|: 2.354350e-02     Tr[DP]  8.838427e-02
 iter:  52:1        |ddm|: 3.818018e-02     Tr[DP]  9.423440e-02
 iter:  52:2        |ddm|: 2.570439e-02     Tr[DP]  8.776765e-02
 iter:  53:1        |ddm|: 3.665463e-02     Tr[DP]  9.328084e-02
 iter:  53:2        |ddm|: 3.034562e-02     Tr[DP]  8.685991e-02
 iter:  54:1        |ddm|: 3.690855e-02     Tr[DP]  9.238936e-02
 iter:  54:2        |ddm|: 2.866388e-02     Tr[DP]  8.607837e-02
 iter:  55:1        |ddm|: 3.706768e-02     Tr[DP]  9.155852e-02
 iter:  55:2        |ddm|: 2.394831e-02     Tr[DP]  8.562855e-02
 iter:  56:1        |ddm|: 3.640029e-02     Tr[DP]  9.083490e-02
 iter:  56:2        |ddm|: 1.963938e-02     Tr[DP]  8.551295e-02
 iter:  57:1        |ddm|: 3.364019e-02     Tr[DP]  8.999074e-02
 iter:  57:2        |ddm|: 2.888779e-02     Tr[DP]  8.472911e-02
 iter:  58:1        |ddm|: 3.238413e-02     Tr[DP]  8.940958e-02
 iter:  58:2        |ddm|: 2.209416e-02     Tr[DP]  8.431507e-02
 iter:  59:1        |ddm|: 3.167353e-02     Tr[DP]  8.879483e-02
 iter:  59:2        |ddm|: 1.948435e-02     Tr[DP]  8.408903e-02
 iter:  60:1        |ddm|: 2.971563e-02     Tr[DP]  8.823761e-02
 iter:  60:2        |ddm|: 1.796009e-02     Tr[DP]  8.390460e-02
 iter:  61:1        |ddm|: 2.767335e-02     Tr[DP]  8.773807e-02
 iter:  61:2        |ddm|: 1.687964e-02     Tr[DP]  8.372988e-02
 iter:  62:1        |ddm|: 2.594700e-02     Tr[DP]  8.729718e-02
 iter:  62:2        |ddm|: 1.555895e-02     Tr[DP]  8.359541e-02
 iter:  63:1        |ddm|: 2.435562e-02     Tr[DP]  8.690243e-02
 iter:  63:2        |ddm|: 1.425222e-02     Tr[DP]  8.349405e-02
 iter:  64:1        |ddm|: 2.265639e-02     Tr[DP]  8.654519e-02
 iter:  64:2        |ddm|: 1.306590e-02     Tr[DP]  8.342152e-02
 iter:  65:1        |ddm|: 2.061588e-02     Tr[DP]  8.614595e-02
 iter:  65:2        |ddm|: 1.512550e-02     Tr[DP]  8.320181e-02
 iter:  66:1        |ddm|: 1.981656e-02     Tr[DP]  8.586215e-02
 iter:  66:2        |ddm|: 1.318671e-02     Tr[DP]  8.305550e-02
 iter:  67:1        |ddm|: 1.924619e-02     Tr[DP]  8.559582e-02
 iter:  67:2        |ddm|: 1.144671e-02     Tr[DP]  8.299948e-02
 iter:  68:1        |ddm|: 1.816728e-02     Tr[DP]  8.536195e-02
 iter:  68:2        |ddm|: 9.902145e-03     Tr[DP]  8.302484e-02
 iter:  69:1        |ddm|: 1.648203e-02     Tr[DP]  8.506828e-02
 iter:  69:2        |ddm|: 1.199582e-02     Tr[DP]  8.283979e-02
 iter:  70:1        |ddm|: 1.553337e-02     Tr[DP]  8.488925e-02
 iter:  70:2        |ddm|: 9.317765e-03     Tr[DP]  8.279780e-02
 iter:  71:1        |ddm|: 1.513648e-02     Tr[DP]  8.460322e-02
 iter:  71:2        |ddm|: 1.318607e-02     Tr[DP]  8.253333e-02
 iter:  72:1        |ddm|: 1.507211e-02     Tr[DP]  8.435486e-02
 iter:  72:2        |ddm|: 1.347988e-02     Tr[DP]  8.229069e-02
 iter:  73:1        |ddm|: 1.525512e-02     Tr[DP]  8.411473e-02
 iter:  73:2        |ddm|: 1.377486e-02     Tr[DP]  8.204042e-02
 iter:  74:1        |ddm|: 1.514703e-02     Tr[DP]  8.390070e-02
 iter:  74:2        |ddm|: 1.285411e-02     Tr[DP]  8.185273e-02
 iter:  75:1        |ddm|: 1.494591e-02     Tr[DP]  8.375342e-02
 iter:  75:2        |ddm|: 1.011387e-02     Tr[DP]  8.180699e-02
 iter:  76:1        |ddm|: 1.429066e-02     Tr[DP]  8.358835e-02
 iter:  76:2        |ddm|: 9.151422e-03     Tr[DP]  8.177766e-02
 iter:  77:1        |ddm|: 1.331090e-02     Tr[DP]  8.338469e-02
 iter:  77:2        |ddm|: 1.027726e-02     Tr[DP]  8.166227e-02
 iter:  78:1        |ddm|: 1.311185e-02     Tr[DP]  8.329891e-02
 iter:  78:2        |ddm|: 7.449775e-03     Tr[DP]  8.170469e-02
 iter:  79:1        |ddm|: 1.215413e-02     Tr[DP]  8.317782e-02
 iter:  79:2        |ddm|: 6.874224e-03     Tr[DP]  8.172439e-02
 iter:  80:1        |ddm|: 1.111651e-02     Tr[DP]  8.307406e-02
 iter:  80:2        |ddm|: 6.231423e-03     Tr[DP]  8.174856e-02
 iter:  81:1        |ddm|: 1.008319e-02     Tr[DP]  8.296548e-02
 iter:  81:2        |ddm|: 6.073661e-03     Tr[DP]  8.174563e-02
 iter:  82:1        |ddm|: 9.344732e-03     Tr[DP]  8.287880e-02
 iter:  82:2        |ddm|: 5.537904e-03     Tr[DP]  8.175288e-02
 iter:  83:1        |ddm|: 8.866800e-03     Tr[DP]  8.282122e-02
 iter:  83:2        |ddm|: 4.696137e-03     Tr[DP]  8.180258e-02
 iter:  84:1        |ddm|: 7.899902e-03     Tr[DP]  8.273561e-02
 iter:  84:2        |ddm|: 4.695293e-03     Tr[DP]  8.180051e-02
 iter:  85:1        |ddm|: 7.361661e-03     Tr[DP]  8.262059e-02
 iter:  85:2        |ddm|: 6.004612e-03     Tr[DP]  8.171874e-02
 iter:  86:1        |ddm|: 8.252422e-03     Tr[DP]  8.246832e-02
 iter:  86:2        |ddm|: 8.790625e-03     Tr[DP]  8.153049e-02
 iter:  87:1        |ddm|: 7.614030e-03     Tr[DP]  8.247552e-02
 iter:  87:2        |ddm|: 4.643465e-03     Tr[DP]  8.158244e-02
 iter:  88:1        |ddm|: 7.164524e-03     Tr[DP]  8.241716e-02
 iter:  88:2        |ddm|: 4.194640e-03     Tr[DP]  8.159649e-02
 iter:  89:1        |ddm|: 6.497114e-03     Tr[DP]  8.235920e-02
 iter:  89:2        |ddm|: 3.939955e-03     Tr[DP]  8.160152e-02
 iter:  90:1        |ddm|: 6.102820e-03     Tr[DP]  8.232316e-02
 iter:  90:2        |ddm|: 3.364182e-03     Tr[DP]  8.163126e-02
 iter:  91:1        |ddm|: 5.520544e-03     Tr[DP]  8.227364e-02
 iter:  91:2        |ddm|: 3.265841e-03     Tr[DP]  8.163816e-02
 iter:  92:1        |ddm|: 5.154370e-03     Tr[DP]  8.219614e-02
 iter:  92:2        |ddm|: 4.332528e-03     Tr[DP]  8.158220e-02
 iter:  93:1        |ddm|: 4.826072e-03     Tr[DP]  8.216221e-02
 iter:  93:2        |ddm|: 3.466072e-03     Tr[DP]  8.157802e-02
 iter:  94:1        |ddm|: 4.902260e-03     Tr[DP]  8.215034e-02
 iter:  94:2        |ddm|: 2.725707e-03     Tr[DP]  8.161567e-02
 iter:  95:1        |ddm|: 4.312770e-03     Tr[DP]  8.209589e-02
 iter:  95:2        |ddm|: 3.003865e-03     Tr[DP]  8.159844e-02
 iter:  96:1        |ddm|: 4.030453e-03     Tr[DP]  8.204878e-02
 iter:  96:2        |ddm|: 3.164667e-03     Tr[DP]  8.157069e-02
 iter:  97:1        |ddm|: 3.851582e-03     Tr[DP]  8.201966e-02
 iter:  97:2        |ddm|: 2.775230e-03     Tr[DP]  8.156162e-02
 iter:  98:1        |ddm|: 3.719644e-03     Tr[DP]  8.198055e-02
 iter:  98:2        |ddm|: 2.958807e-03     Tr[DP]  8.153985e-02
 iter:  99:1        |ddm|: 3.670776e-03     Tr[DP]  8.197157e-02
 iter:  99:2        |ddm|: 2.107826e-03     Tr[DP]  8.156419e-02
 iter: 100:1        |ddm|: 3.411597e-03     Tr[DP]  8.195223e-02
 iter: 100:2        |ddm|: 1.884684e-03     Tr[DP]  8.158057e-02
 iter: 101:1        |ddm|: 3.014150e-03     Tr[DP]  8.192204e-02
 iter: 101:2        |ddm|: 2.006746e-03     Tr[DP]  8.157783e-02
 iter: 102:1        |ddm|: 2.818345e-03     Tr[DP]  8.190454e-02
 iter: 102:2        |ddm|: 1.745217e-03     Tr[DP]  8.158443e-02
 iter: 103:1        |ddm|: 2.630126e-03     Tr[DP]  8.188643e-02
 iter: 103:2        |ddm|: 1.624390e-03     Tr[DP]  8.158976e-02
 iter: 104:1        |ddm|: 2.444869e-03     Tr[DP]  8.187049e-02
 iter: 104:2        |ddm|: 1.484862e-03     Tr[DP]  8.159612e-02
 iter: 105:1        |ddm|: 2.261826e-03     Tr[DP]  8.185513e-02
 iter: 105:2        |ddm|: 1.381070e-03     Tr[DP]  8.160145e-02
 iter: 106:1        |ddm|: 2.394341e-03     Tr[DP]  8.186082e-02
 iter: 106:2        |ddm|: 1.189188e-03     Tr[DP]  8.163814e-02
 iter: 107:1        |ddm|: 2.070149e-03     Tr[DP]  8.185528e-02
 iter: 107:2        |ddm|: 9.131749e-04     Tr[DP]  8.166394e-02
 iter: 108:1        |ddm|: 1.900606e-03     Tr[DP]  8.181197e-02
 iter: 108:2        |ddm|: 1.922846e-03     Tr[DP]  8.162527e-02
 iter: 109:1        |ddm|: 1.546754e-03     Tr[DP]  8.180291e-02
 iter: 109:2        |ddm|: 1.264974e-03     Tr[DP]  8.161857e-02
 iter: 110:1        |ddm|: 1.609959e-03     Tr[DP]  8.178317e-02
 iter: 110:2        |ddm|: 1.499160e-03     Tr[DP]  8.159986e-02
 iter: 111:1        |ddm|: 1.527252e-03     Tr[DP]  8.177594e-02
 iter: 111:2        |ddm|: 1.129378e-03     Tr[DP]  8.159873e-02
 iter: 112:1        |ddm|: 1.651590e-03     Tr[DP]  8.174932e-02
 iter: 112:2        |ddm|: 1.690364e-03     Tr[DP]  8.157122e-02
 iter: 113:1        |ddm|: 1.501147e-03     Tr[DP]  8.174729e-02
 iter: 113:2        |ddm|: 1.048906e-03     Tr[DP]  8.157570e-02
 iter: 114:1        |ddm|: 1.469524e-03     Tr[DP]  8.174172e-02
 iter: 114:2        |ddm|: 8.933188e-04     Tr[DP]  8.158221e-02
 iter: 115:1        |ddm|: 1.354169e-03     Tr[DP]  8.173420e-02
 iter: 115:2        |ddm|: 8.067096e-04     Tr[DP]  8.158763e-02
 iter: 116:1        |ddm|: 1.245430e-03     Tr[DP]  8.172775e-02
 iter: 116:2        |ddm|: 7.217915e-04     Tr[DP]  8.159360e-02
 iter: 117:1        |ddm|: 1.133238e-03     Tr[DP]  8.172079e-02
 iter: 117:2        |ddm|: 6.719707e-04     Tr[DP]  8.159776e-02
 iter: 118:1        |ddm|: 1.032208e-03     Tr[DP]  8.171357e-02
 iter: 118:2        |ddm|: 6.443503e-04     Tr[DP]  8.159983e-02
 iter: 119:1        |ddm|: 9.754244e-04     Tr[DP]  8.171058e-02
 iter: 119:2        |ddm|: 5.417333e-04     Tr[DP]  8.160711e-02
 iter: 120:1        |ddm|: 9.616507e-04     Tr[DP]  8.171079e-02
 iter: 120:2        |ddm|: 4.742475e-04     Tr[DP]  8.162005e-02
 iter: 121:1        |ddm|: 7.870501e-04     Tr[DP]  8.170509e-02
 iter: 121:2        |ddm|: 4.015660e-04     Tr[DP]  8.162433e-02
 iter: 122:1        |ddm|: 7.207822e-04     Tr[DP]  8.170378e-02
 iter: 122:2        |ddm|: 3.478225e-04     Tr[DP]  8.163231e-02
 iter: 123:1        |ddm|: 6.988268e-04     Tr[DP]  8.170455e-02
 iter: 123:2        |ddm|: 3.340419e-04     Tr[DP]  8.164356e-02
 iter: 124:1        |ddm|: 1.303082e-03     Tr[DP]  8.167389e-02
 iter: 124:2        |ddm|: 1.465318e-03     Tr[DP]  8.160419e-02
 iter: 125:1        |ddm|: 7.058342e-04     Tr[DP]  8.167245e-02
 iter: 125:2        |ddm|: 6.903279e-04     Tr[DP]  8.159753e-02
 iter: 126:1        |ddm|: 6.626459e-04     Tr[DP]  8.167051e-02
 iter: 126:2        |ddm|: 5.423776e-04     Tr[DP]  8.159591e-02
 iter: 127:1        |ddm|: 7.008461e-04     Tr[DP]  8.167234e-02
 iter: 127:2        |ddm|: 3.871488e-04     Tr[DP]  8.160421e-02
 iter: 128:1        |ddm|: 5.988345e-04     Tr[DP]  8.166334e-02
 iter: 128:2        |ddm|: 5.144753e-04     Tr[DP]  8.159863e-02
 iter: 129:1        |ddm|: 5.482214e-04     Tr[DP]  8.165945e-02
 iter: 129:2        |ddm|: 4.317903e-04     Tr[DP]  8.159725e-02
 iter: 130:1        |ddm|: 5.315206e-04     Tr[DP]  8.165702e-02
 iter: 130:2        |ddm|: 3.672342e-04     Tr[DP]  8.159840e-02
 iter: 131:1        |ddm|: 5.401073e-04     Tr[DP]  8.165716e-02
 iter: 131:2        |ddm|: 2.891396e-04     Tr[DP]  8.160412e-02
 iter: 132:1        |ddm|: 4.677048e-04     Tr[DP]  8.165443e-02
 iter: 132:2        |ddm|: 2.555397e-04     Tr[DP]  8.160663e-02
 iter: 133:1        |ddm|: 4.030378e-04     Tr[DP]  8.165140e-02
 iter: 133:2        |ddm|: 2.600160e-04     Tr[DP]  8.160768e-02
 iter: 134:1        |ddm|: 3.704235e-04     Tr[DP]  8.164808e-02
 iter: 134:2        |ddm|: 2.744785e-04     Tr[DP]  8.160705e-02
 iter: 135:1        |ddm|: 4.560420e-04     Tr[DP]  8.164052e-02
 iter: 135:2        |ddm|: 4.852912e-04     Tr[DP]  8.159891e-02
 iter: 136:1        |ddm|: 3.684524e-04     Tr[DP]  8.163921e-02
 iter: 136:2        |ddm|: 3.168756e-04     Tr[DP]  8.159801e-02
 iter: 137:1        |ddm|: 3.648642e-04     Tr[DP]  8.163650e-02
 iter: 137:2        |ddm|: 3.111757e-04     Tr[DP]  8.159648e-02
 iter: 138:1        |ddm|: 3.543690e-04     Tr[DP]  8.163566e-02
 iter: 138:2        |ddm|: 2.382100e-04     Tr[DP]  8.159814e-02
 iter: 139:1        |ddm|: 3.280168e-04     Tr[DP]  8.163323e-02
 iter: 139:2        |ddm|: 2.439608e-04     Tr[DP]  8.159804e-02
 iter: 140:1        |ddm|: 3.076036e-04     Tr[DP]  8.163174e-02
 iter: 140:2        |ddm|: 2.103493e-04     Tr[DP]  8.159903e-02
 iter: 141:1        |ddm|: 2.915286e-04     Tr[DP]  8.163067e-02
 iter: 141:2        |ddm|: 1.802029e-04     Tr[DP]  8.160067e-02
 iter: 142:1        |ddm|: 2.789702e-04     Tr[DP]  8.163011e-02
 iter: 142:2        |ddm|: 1.502264e-04     Tr[DP]  8.160313e-02
 iter: 143:1        |ddm|: 2.418680e-04     Tr[DP]  8.162883e-02
 iter: 143:2        |ddm|: 1.350716e-04     Tr[DP]  8.160445e-02
 iter: 144:1        |ddm|: 2.461875e-04     Tr[DP]  8.162512e-02
 iter: 144:2        |ddm|: 2.354720e-04     Tr[DP]  8.160157e-02
 iter: 145:1        |ddm|: 2.076375e-04     Tr[DP]  8.162496e-02
 iter: 145:2        |ddm|: 1.456821e-04     Tr[DP]  8.160265e-02
 iter: 146:1        |ddm|: 2.090458e-04     Tr[DP]  8.162249e-02
 iter: 146:2        |ddm|: 1.946299e-04     Tr[DP]  8.160094e-02
 iter: 147:1        |ddm|: 1.952161e-04     Tr[DP]  8.162104e-02
 iter: 147:2        |ddm|: 1.747751e-04     Tr[DP]  8.160021e-02
 iter: 148:1        |ddm|: 2.061969e-04     Tr[DP]  8.161891e-02
 iter: 148:2        |ddm|: 2.051802e-04     Tr[DP]  8.159832e-02
 iter: 149:1        |ddm|: 1.875484e-04     Tr[DP]  8.161846e-02
 iter: 149:2        |ddm|: 1.484588e-04     Tr[DP]  8.159881e-02
 iter: 150:1        |ddm|: 1.801609e-04     Tr[DP]  8.161772e-02
 iter: 150:2        |ddm|: 1.309254e-04     Tr[DP]  8.159937e-02
 iter: 151:1        |ddm|: 1.710941e-04     Tr[DP]  8.161718e-02
 iter: 151:2        |ddm|: 1.107922e-04     Tr[DP]  8.160035e-02
 iter: 152:1        |ddm|: 1.557821e-04     Tr[DP]  8.161652e-02
 iter: 152:2        |ddm|: 9.847773e-05     Tr[DP]  8.160118e-02
 iter: 153:1        |ddm|: 1.388057e-04     Tr[DP]  8.161572e-02
 iter: 153:2        |ddm|: 9.289508e-05     Tr[DP]  8.160166e-02
 iter: 154:1        |ddm|: 1.265097e-04     Tr[DP]  8.161506e-02
 iter: 154:2        |ddm|: 8.528953e-05     Tr[DP]  8.160213e-02
 iter: 155:1        |ddm|: 1.160917e-04     Tr[DP]  8.161445e-02
 iter: 155:2        |ddm|: 7.855621e-05     Tr[DP]  8.160254e-02
 iter: 156:1        |ddm|: 1.059143e-04     Tr[DP]  8.161391e-02
 iter: 156:2        |ddm|: 7.507440e-05     Tr[DP]  8.160297e-02
 iter: 157:1        |ddm|: 1.015663e-04     Tr[DP]  8.161363e-02
 iter: 157:2        |ddm|: 6.208690e-05     Tr[DP]  8.160368e-02
 iter: 158:1        |ddm|: 9.785066e-05     Tr[DP]  8.161348e-02
 iter: 158:2        |ddm|: 5.138275e-05     Tr[DP]  8.160463e-02
 iter: 159:1        |ddm|: 8.998570e-05     Tr[DP]  8.161335e-02
 iter: 159:2        |ddm|: 4.284794e-05     Tr[DP]  8.160560e-02
 iter: 160:1        |ddm|: 7.185963e-05     Tr[DP]  8.161298e-02
 iter: 160:2        |ddm|: 3.621257e-05     Tr[DP]  8.160609e-02
 iter: 161:1        |ddm|: 1.659039e-04     Tr[DP]  8.161036e-02
 iter: 161:2        |ddm|: 1.602268e-04     Tr[DP]  8.160283e-02
 iter: 162:1        |ddm|: 1.082623e-04     Tr[DP]  8.160967e-02
 iter: 162:2        |ddm|: 1.113128e-04     Tr[DP]  8.160149e-02
 iter: 163:1        |ddm|: 8.325973e-05     Tr[DP]  8.160953e-02
 iter: 163:2        |ddm|: 8.108600e-05     Tr[DP]  8.160129e-02
 iter: 164:1        |ddm|: 8.180710e-05     Tr[DP]  8.160895e-02
 iter: 164:2        |ddm|: 8.118603e-05     Tr[DP]  8.160089e-02
 iter: 165:1        |ddm|: 7.762238e-05     Tr[DP]  8.160861e-02
 iter: 165:2        |ddm|: 6.826033e-05     Tr[DP]  8.160095e-02
 iter: 166:1        |ddm|: 8.361025e-05     Tr[DP]  8.160873e-02
 iter: 166:2        |ddm|: 5.127286e-05     Tr[DP]  8.160176e-02
 iter: 167:1        |ddm|: 6.669423e-05     Tr[DP]  8.160826e-02
 iter: 167:2        |ddm|: 5.084060e-05     Tr[DP]  8.160191e-02
 iter: 168:1        |ddm|: 6.005304e-05     Tr[DP]  8.160781e-02
 iter: 168:2        |ddm|: 5.048817e-05     Tr[DP]  8.160194e-02
 iter: 169:1        |ddm|: 5.649084e-05     Tr[DP]  8.160761e-02
 iter: 169:2        |ddm|: 4.351589e-05     Tr[DP]  8.160214e-02
 iter: 170:1        |ddm|: 5.222260e-05     Tr[DP]  8.160733e-02
 iter: 170:2        |ddm|: 4.104297e-05     Tr[DP]  8.160229e-02
 iter: 171:1        |ddm|: 4.850648e-05     Tr[DP]  8.160712e-02
 iter: 171:2        |ddm|: 3.697441e-05     Tr[DP]  8.160244e-02
 iter: 172:1        |ddm|: 4.518206e-05     Tr[DP]  8.160693e-02
 iter: 172:2        |ddm|: 3.261354e-05     Tr[DP]  8.160264e-02
 iter: 173:1        |ddm|: 4.128631e-05     Tr[DP]  8.160675e-02
 iter: 173:2        |ddm|: 2.954110e-05     Tr[DP]  8.160280e-02
 iter: 174:1        |ddm|: 3.733865e-05     Tr[DP]  8.160655e-02
 iter: 174:2        |ddm|: 2.775252e-05     Tr[DP]  8.160293e-02
 iter: 175:1        |ddm|: 3.660575e-05     Tr[DP]  8.160624e-02
 iter: 175:2        |ddm|: 3.490497e-05     Tr[DP]  8.160283e-02
 iter: 176:1        |ddm|: 3.306510e-05     Tr[DP]  8.160614e-02
 iter: 176:2        |ddm|: 2.657239e-05     Tr[DP]  8.160294e-02
 iter: 177:1        |ddm|: 3.080292e-05     Tr[DP]  8.160598e-02
 iter: 177:2        |ddm|: 2.507571e-05     Tr[DP]  8.160301e-02
 iter: 178:1        |ddm|: 2.868160e-05     Tr[DP]  8.160585e-02
 iter: 178:2        |ddm|: 2.282069e-05     Tr[DP]  8.160309e-02
 iter: 179:1        |ddm|: 6.959812e-05     Tr[DP]  8.160627e-02
 iter: 179:2        |ddm|: 3.963730e-05     Tr[DP]  8.160403e-02
 iter: 180:1        |ddm|: 5.153732e-05     Tr[DP]  8.160636e-02
 iter: 180:2        |ddm|: 2.726010e-05     Tr[DP]  8.160465e-02
 iter: 181:1        |ddm|: 1.496550e-04     Tr[DP]  8.160470e-02
 iter: 181:2        |ddm|: 1.171885e-04     Tr[DP]  8.160250e-02
 iter: 182:1        |ddm|: 4.444405e-05     Tr[DP]  8.160488e-02
 iter: 182:2        |ddm|: 3.842026e-05     Tr[DP]  8.160242e-02
 iter: 183:1        |ddm|: 4.097557e-05     Tr[DP]  8.160461e-02
 iter: 183:2        |ddm|: 4.674552e-05     Tr[DP]  8.160198e-02
 iter: 184:1        |ddm|: 3.215551e-05     Tr[DP]  8.160451e-02
 iter: 184:2        |ddm|: 3.537980e-05     Tr[DP]  8.160191e-02
 iter: 185:1        |ddm|: 3.055299e-05     Tr[DP]  8.160443e-02
 iter: 185:2        |ddm|: 3.080299e-05     Tr[DP]  8.160193e-02
 iter: 186:1        |ddm|: 2.887702e-05     Tr[DP]  8.160430e-02
 iter: 186:2        |ddm|: 2.890952e-05     Tr[DP]  8.160193e-02
 iter: 187:1        |ddm|: 2.878161e-05     Tr[DP]  8.160425e-02
 iter: 187:2        |ddm|: 2.311298e-05     Tr[DP]  8.160207e-02
 iter: 188:1        |ddm|: 2.511123e-05     Tr[DP]  8.160411e-02
 iter: 188:2        |ddm|: 2.438883e-05     Tr[DP]  8.160207e-02
 iter: 189:1        |ddm|: 2.321358e-05     Tr[DP]  8.160400e-02
 iter: 189:2        |ddm|: 2.313220e-05     Tr[DP]  8.160209e-02
 iter: 190:1        |ddm|: 2.183170e-05     Tr[DP]  8.160390e-02
 iter: 190:2        |ddm|: 2.140168e-05     Tr[DP]  8.160212e-02
 iter: 191:1        |ddm|: 2.065128e-05     Tr[DP]  8.160383e-02
 iter: 191:2        |ddm|: 1.884302e-05     Tr[DP]  8.160218e-02
 iter: 192:1        |ddm|: 1.919962e-05     Tr[DP]  8.160376e-02
 iter: 192:2        |ddm|: 1.701956e-05     Tr[DP]  8.160223e-02
 iter: 193:1        |ddm|: 2.242078e-05     Tr[DP]  8.160377e-02
 iter: 193:2        |ddm|: 1.289834e-05     Tr[DP]  8.160240e-02
 iter: 194:1        |ddm|: 1.727538e-05     Tr[DP]  8.160363e-02
 iter: 194:2        |ddm|: 1.719038e-05     Tr[DP]  8.160234e-02
 iter: 195:1        |ddm|: 1.781668e-05     Tr[DP]  8.160350e-02
 iter: 195:2        |ddm|: 1.925925e-05     Tr[DP]  8.160227e-02
 iter: 196:1        |ddm|: 1.740382e-05     Tr[DP]  8.160340e-02
 iter: 196:2        |ddm|: 1.960893e-05     Tr[DP]  8.160220e-02
 iter: 197:1        |ddm|: 1.739981e-05     Tr[DP]  8.160331e-02
 iter: 197:2        |ddm|: 2.008943e-05     Tr[DP]  8.160213e-02
 iter: 198:1        |ddm|: 1.516164e-05     Tr[DP]  8.160328e-02
 iter: 198:2        |ddm|: 1.588825e-05     Tr[DP]  8.160216e-02
 iter: 199:1        |ddm|: 1.435042e-05     Tr[DP]  8.160323e-02
 iter: 199:2        |ddm|: 1.442687e-05     Tr[DP]  8.160218e-02
 iter: 200:1        |ddm|: 1.409284e-05     Tr[DP]  8.160321e-02
 iter: 200:2        |ddm|: 1.202852e-05     Tr[DP]  8.160224e-02
 iter: 201:1        |ddm|: 1.219874e-05     Tr[DP]  8.160315e-02
 iter: 201:2        |ddm|: 1.157346e-05     Tr[DP]  8.160227e-02
 iter: 202:1        |ddm|: 1.115028e-05     Tr[DP]  8.160311e-02
 iter: 202:2        |ddm|: 1.064054e-05     Tr[DP]  8.160229e-02
 iter: 203:1        |ddm|: 1.341256e-05     Tr[DP]  8.160312e-02
 iter: 203:2        |ddm|: 7.888612e-06     Tr[DP]  8.160238e-02
 iter: 204:1        |ddm|: 1.231573e-05     Tr[DP]  8.160302e-02
 iter: 204:2        |ddm|: 1.280231e-05     Tr[DP]  8.160233e-02
 iter: 205:1        |ddm|: 1.145347e-05     Tr[DP]  8.160296e-02
 iter: 205:2        |ddm|: 1.290474e-05     Tr[DP]  8.160228e-02
 iter: 206:1        |ddm|: 9.974016e-06     Tr[DP]  8.160292e-02
 iter: 206:2        |ddm|: 1.176800e-05     Tr[DP]  8.160227e-02
 iter: 207:1        |ddm|: 1.020347e-05     Tr[DP]  8.160288e-02
 iter: 207:2        |ddm|: 1.220227e-05     Tr[DP]  8.160224e-02
 iter: 208:1        |ddm|: 1.002015e-05     Tr[DP]  8.160283e-02
 iter: 208:2        |ddm|: 1.207759e-05     Tr[DP]  8.160222e-02
 iter: 209:1        |ddm|: 9.227373e-06     Tr[DP]  8.160282e-02
 iter: 209:2        |ddm|: 9.609090e-06     Tr[DP]  8.160224e-02
 iter: 210:1        |ddm|: 9.189438e-06     Tr[DP]  8.160281e-02
 iter: 210:2        |ddm|: 7.865510e-06     Tr[DP]  8.160228e-02
 iter: 211:1        |ddm|: 7.941338e-06     Tr[DP]  8.160279e-02
 iter: 211:2        |ddm|: 7.124729e-06     Tr[DP]  8.160230e-02
 iter: 212:1        |ddm|: 6.989255e-06     Tr[DP]  8.160276e-02
 iter: 212:2        |ddm|: 6.619941e-06     Tr[DP]  8.160232e-02
 iter: 213:1        |ddm|: 6.538022e-06     Tr[DP]  8.160275e-02
 iter: 213:2        |ddm|: 5.706170e-06     Tr[DP]  8.160234e-02
 iter: 214:1        |ddm|: 5.885720e-06     Tr[DP]  8.160272e-02
 iter: 214:2        |ddm|: 6.468414e-06     Tr[DP]  8.160234e-02
 iter: 215:1        |ddm|: 6.514661e-06     Tr[DP]  8.160269e-02
 iter: 215:2        |ddm|: 7.581680e-06     Tr[DP]  8.160232e-02
 iter: 216:1        |ddm|: 6.585273e-06     Tr[DP]  8.160266e-02
 iter: 216:2        |ddm|: 7.866269e-06     Tr[DP]  8.160230e-02
 iter: 217:1        |ddm|: 9.128450e-06     Tr[DP]  8.160262e-02
 iter: 217:2        |ddm|: 1.020151e-05     Tr[DP]  8.160226e-02
 iter: 218:1        |ddm|: 6.333509e-06     Tr[DP]  8.160262e-02
 iter: 218:2        |ddm|: 6.881120e-06     Tr[DP]  8.160228e-02
 iter: 219:1        |ddm|: 5.968716e-06     Tr[DP]  8.160261e-02
 iter: 219:2        |ddm|: 5.889418e-06     Tr[DP]  8.160229e-02
 iter: 220:1        |ddm|: 5.719568e-06     Tr[DP]  8.160260e-02
 iter: 220:2        |ddm|: 4.896701e-06     Tr[DP]  8.160231e-02
 iter: 221:1        |ddm|: 4.892293e-06     Tr[DP]  8.160259e-02
 iter: 221:2        |ddm|: 4.431676e-06     Tr[DP]  8.160233e-02
 iter: 222:1        |ddm|: 4.384809e-06     Tr[DP]  8.160258e-02
 iter: 222:2        |ddm|: 3.911065e-06     Tr[DP]  8.160234e-02
 iter: 223:1        |ddm|: 4.077502e-06     Tr[DP]  8.160256e-02
 iter: 223:2        |ddm|: 4.685462e-06     Tr[DP]  8.160233e-02
 iter: 224:1        |ddm|: 3.836289e-06     Tr[DP]  8.160255e-02
 iter: 224:2        |ddm|: 4.623929e-06     Tr[DP]  8.160233e-02
 iter: 225:1        |ddm|: 3.823176e-06     Tr[DP]  8.160253e-02
 iter: 225:2        |ddm|: 4.685860e-06     Tr[DP]  8.160233e-02
 iter: 226:1        |ddm|: 4.961475e-06     Tr[DP]  8.160251e-02
 iter: 226:2        |ddm|: 5.832592e-06     Tr[DP]  8.160231e-02
 iter: 227:1        |ddm|: 4.051610e-06     Tr[DP]  8.160250e-02
 iter: 227:2        |ddm|: 5.102530e-06     Tr[DP]  8.160231e-02
 iter: 228:1        |ddm|: 3.748386e-06     Tr[DP]  8.160249e-02
 iter: 228:2        |ddm|: 4.561913e-06     Tr[DP]  8.160231e-02
 iter: 229:1        |ddm|: 3.621226e-06     Tr[DP]  8.160249e-02
 iter: 229:2        |ddm|: 3.874466e-06     Tr[DP]  8.160232e-02
 iter: 230:1        |ddm|: 3.417338e-06     Tr[DP]  8.160248e-02
 iter: 230:2        |ddm|: 3.359463e-06     Tr[DP]  8.160233e-02
 iter: 231:1        |ddm|: 3.193208e-06     Tr[DP]  8.160248e-02
 iter: 231:2        |ddm|: 2.869145e-06     Tr[DP]  8.160234e-02
 iter: 232:1        |ddm|: 2.815817e-06     Tr[DP]  8.160247e-02
 iter: 232:2        |ddm|: 2.541362e-06     Tr[DP]  8.160234e-02
 iter: 233:1        |ddm|: 2.392513e-06     Tr[DP]  8.160247e-02
 iter: 233:2        |ddm|: 2.630081e-06     Tr[DP]  8.160235e-02
 iter: 234:1        |ddm|: 2.222699e-06     Tr[DP]  8.160246e-02
 iter: 234:2        |ddm|: 2.597038e-06     Tr[DP]  8.160235e-02
 iter: 235:1        |ddm|: 2.209673e-06     Tr[DP]  8.160246e-02
 iter: 235:2        |ddm|: 2.074096e-06     Tr[DP]  8.160235e-02
 iter: 236:1        |ddm|: 2.096291e-06     Tr[DP]  8.160245e-02
 iter: 236:2        |ddm|: 2.511676e-06     Tr[DP]  8.160235e-02
 iter: 237:1        |ddm|: 5.684940e-06     Tr[DP]  8.160243e-02
 iter: 237:2        |ddm|: 5.271771e-06     Tr[DP]  8.160233e-02
 iter: 238:1        |ddm|: 3.427346e-06     Tr[DP]  8.160242e-02
 iter: 238:2        |ddm|: 4.070683e-06     Tr[DP]  8.160232e-02
 iter: 239:1        |ddm|: 3.781442e-06     Tr[DP]  8.160243e-02
 iter: 239:2        |ddm|: 2.576106e-06     Tr[DP]  8.160234e-02
 iter: 240:1        |ddm|: 2.300740e-06     Tr[DP]  8.160242e-02
 iter: 240:2        |ddm|: 2.181999e-06     Tr[DP]  8.160234e-02
 iter: 241:1        |ddm|: 1.965820e-06     Tr[DP]  8.160242e-02
 iter: 241:2        |ddm|: 1.995334e-06     Tr[DP]  8.160234e-02
 iter: 242:1        |ddm|: 1.842066e-06     Tr[DP]  8.160242e-02
 iter: 242:2        |ddm|: 1.700142e-06     Tr[DP]  8.160235e-02
 iter: 243:1        |ddm|: 1.743383e-06     Tr[DP]  8.160241e-02
 iter: 243:2        |ddm|: 2.100357e-06     Tr[DP]  8.160234e-02
 iter: 244:1        |ddm|: 1.592644e-06     Tr[DP]  8.160241e-02
 iter: 244:2        |ddm|: 1.999086e-06     Tr[DP]  8.160234e-02
 iter: 245:1        |ddm|: 1.580117e-06     Tr[DP]  8.160241e-02
 iter: 245:2        |ddm|: 1.553749e-06     Tr[DP]  8.160235e-02
 iter: 246:1        |ddm|: 1.354762e-06     Tr[DP]  8.160240e-02
 iter: 246:2        |ddm|: 1.566030e-06     Tr[DP]  8.160235e-02
 iter: 247:1        |ddm|: 1.645769e-06     Tr[DP]  8.160240e-02
 iter: 247:2        |ddm|: 1.986940e-06     Tr[DP]  8.160235e-02
 iter: 248:1        |ddm|: 1.550562e-06     Tr[DP]  8.160240e-02
 iter: 248:2        |ddm|: 1.953254e-06     Tr[DP]  8.160234e-02
 iter: 249:1        |ddm|: 1.338336e-06     Tr[DP]  8.160239e-02
 iter: 249:2        |ddm|: 1.671805e-06     Tr[DP]  8.160234e-02
 iter: 250:1        |ddm|: 1.371047e-06     Tr[DP]  8.160239e-02
 iter: 250:2        |ddm|: 1.761675e-06     Tr[DP]  8.160234e-02
 iter: 251:1        |ddm|: 1.290260e-06     Tr[DP]  8.160239e-02
 iter: 251:2        |ddm|: 1.639533e-06     Tr[DP]  8.160234e-02
 iter: 252:1        |ddm|: 1.221665e-06     Tr[DP]  8.160239e-02
 iter: 252:2        |ddm|: 1.442649e-06     Tr[DP]  8.160235e-02
 iter: 253:1        |ddm|: 1.200883e-06     Tr[DP]  8.160238e-02
 iter: 253:2        |ddm|: 1.522330e-06     Tr[DP]  8.160235e-02
 iter: 254:1        |ddm|: 1.144132e-06     Tr[DP]  8.160238e-02
 iter: 254:2        |ddm|: 1.453006e-06     Tr[DP]  8.160235e-02
 iter: 255:1        |ddm|: 1.086897e-06     Tr[DP]  8.160238e-02
 iter: 255:2        |ddm|: 1.231678e-06     Tr[DP]  8.160235e-02
 iter: 256:1        |ddm|: 1.019272e-06     Tr[DP]  8.160238e-02
 iter: 256:2        |ddm|: 1.095424e-06     Tr[DP]  8.160235e-02
 iter: 257:1        |ddm|: 1.143275e-06     Tr[DP]  8.160238e-02
 iter: 257:2        |ddm|: 8.275104e-07     Tr[DP]  8.160235e-02
 iter: 258:1        |ddm|: 8.079590e-07     Tr[DP]  8.160238e-02
 iter: 258:2        |ddm|: 8.492920e-07     Tr[DP]  8.160235e-02
 iter: 259:1        |ddm|: 7.091448e-07     Tr[DP]  8.160238e-02
 iter: 259:2        |ddm|: 8.077050e-07     Tr[DP]  8.160235e-02
 iter: 260:1        |ddm|: 6.580272e-07     Tr[DP]  8.160238e-02
 iter: 260:2        |ddm|: 7.800849e-07     Tr[DP]  8.160235e-02
 iter: 261:1        |ddm|: 6.174702e-07     Tr[DP]  8.160238e-02
 iter: 261:2        |ddm|: 6.922116e-07     Tr[DP]  8.160235e-02
 iter: 262:1        |ddm|: 5.948659e-07     Tr[DP]  8.160238e-02
 iter: 262:2        |ddm|: 5.917979e-07     Tr[DP]  8.160236e-02
 iter: 263:1        |ddm|: 1.222254e-06     Tr[DP]  8.160238e-02
 iter: 263:2        |ddm|: 5.750842e-07     Tr[DP]  8.160236e-02
 iter: 264:1        |ddm|: 1.693352e-06     Tr[DP]  8.160237e-02
 iter: 264:2        |ddm|: 1.403054e-06     Tr[DP]  8.160235e-02
 iter: 265:1        |ddm|: 7.723574e-07     Tr[DP]  8.160237e-02
 iter: 265:2        |ddm|: 9.047431e-07     Tr[DP]  8.160235e-02
 iter: 266:1        |ddm|: 6.966384e-07     Tr[DP]  8.160237e-02
 iter: 266:2        |ddm|: 8.800904e-07     Tr[DP]  8.160235e-02
 iter: 267:1        |ddm|: 6.193939e-07     Tr[DP]  8.160237e-02
 iter: 267:2        |ddm|: 8.121560e-07     Tr[DP]  8.160235e-02
 iter: 268:1        |ddm|: 5.772537e-07     Tr[DP]  8.160237e-02
 iter: 268:2        |ddm|: 7.365796e-07     Tr[DP]  8.160235e-02
 iter: 269:1        |ddm|: 5.490327e-07     Tr[DP]  8.160237e-02
 iter: 269:2        |ddm|: 6.707970e-07     Tr[DP]  8.160235e-02
 iter: 270:1        |ddm|: 6.760001e-07     Tr[DP]  8.160237e-02
 iter: 270:2        |ddm|: 8.459588e-07     Tr[DP]  8.160235e-02
 iter: 271:1        |ddm|: 5.479020e-07     Tr[DP]  8.160237e-02
 iter: 271:2        |ddm|: 6.298281e-07     Tr[DP]  8.160235e-02
 iter: 272:1        |ddm|: 5.037113e-07     Tr[DP]  8.160237e-02
 iter: 272:2        |ddm|: 6.001372e-07     Tr[DP]  8.160235e-02
 iter: 273:1        |ddm|: 4.723019e-07     Tr[DP]  8.160237e-02
 iter: 273:2        |ddm|: 5.378070e-07     Tr[DP]  8.160235e-02
 iter: 274:1        |ddm|: 4.445220e-07     Tr[DP]  8.160237e-02
 iter: 274:2        |ddm|: 4.725337e-07     Tr[DP]  8.160235e-02
 iter: 275:1        |ddm|: 4.293016e-07     Tr[DP]  8.160236e-02
 iter: 275:2        |ddm|: 3.943859e-07     Tr[DP]  8.160235e-02
 iter: 276:1        |ddm|: 3.683755e-07     Tr[DP]  8.160236e-02
 iter: 276:2        |ddm|: 3.555008e-07     Tr[DP]  8.160236e-02
 iter: 277:1        |ddm|: 3.148007e-07     Tr[DP]  8.160236e-02
 iter: 277:2        |ddm|: 3.432053e-07     Tr[DP]  8.160236e-02
 iter: 278:1        |ddm|: 2.841846e-07     Tr[DP]  8.160236e-02
 iter: 278:2        |ddm|: 3.352597e-07     Tr[DP]  8.160236e-02
 iter: 279:1        |ddm|: 2.655682e-07     Tr[DP]  8.160236e-02
 iter: 279:2        |ddm|: 2.967755e-07     Tr[DP]  8.160236e-02
 iter: 280:1        |ddm|: 2.653169e-07     Tr[DP]  8.160236e-02
 iter: 280:2        |ddm|: 2.455755e-07     Tr[DP]  8.160236e-02
 iter: 281:1        |ddm|: 2.357595e-07     Tr[DP]  8.160236e-02
 iter: 281:2        |ddm|: 3.126344e-07     Tr[DP]  8.160236e-02
 iter: 282:1        |ddm|: 2.087099e-07     Tr[DP]  8.160236e-02
 iter: 282:2        |ddm|: 2.906445e-07     Tr[DP]  8.160236e-02
 iter: 283:1        |ddm|: 2.356314e-07     Tr[DP]  8.160236e-02
 iter: 283:2        |ddm|: 1.697186e-07     Tr[DP]  8.160236e-02
 iter: 284:1        |ddm|: 4.238597e-07     Tr[DP]  8.160236e-02
 iter: 284:2        |ddm|: 4.019675e-07     Tr[DP]  8.160236e-02
 iter: 285:1        |ddm|: 1.091475e-06     Tr[DP]  8.160236e-02
 iter: 285:2        |ddm|: 8.999972e-07     Tr[DP]  8.160235e-02
 iter: 286:1        |ddm|: 5.231276e-07     Tr[DP]  8.160236e-02
 iter: 286:2        |ddm|: 3.858710e-07     Tr[DP]  8.160236e-02
 iter: 287:1        |ddm|: 2.790503e-07     Tr[DP]  8.160236e-02
 iter: 287:2        |ddm|: 3.170953e-07     Tr[DP]  8.160236e-02
 iter: 288:1        |ddm|: 2.496227e-07     Tr[DP]  8.160236e-02
 iter: 288:2        |ddm|: 2.935647e-07     Tr[DP]  8.160236e-02
 iter: 289:1        |ddm|: 2.317629e-07     Tr[DP]  8.160236e-02
 iter: 289:2        |ddm|: 2.760983e-07     Tr[DP]  8.160236e-02
 iter: 290:1        |ddm|: 2.170790e-07     Tr[DP]  8.160236e-02
 iter: 290:2        |ddm|: 2.491617e-07     Tr[DP]  8.160236e-02
 iter: 291:1        |ddm|: 2.003914e-07     Tr[DP]  8.160236e-02
 iter: 291:2        |ddm|: 2.342359e-07     Tr[DP]  8.160236e-02
 iter: 292:1        |ddm|: 4.047695e-07     Tr[DP]  8.160236e-02
 iter: 292:2        |ddm|: 1.960031e-07     Tr[DP]  8.160236e-02
 iter: 293:1        |ddm|: 3.377911e-07     Tr[DP]  8.160236e-02
 iter: 293:2        |ddm|: 3.199579e-07     Tr[DP]  8.160236e-02
 iter: 294:1        |ddm|: 1.754290e-07     Tr[DP]  8.160236e-02
 iter: 294:2        |ddm|: 2.243161e-07     Tr[DP]  8.160236e-02
 iter: 295:1        |ddm|: 2.013531e-07     Tr[DP]  8.160236e-02
 iter: 295:2        |ddm|: 2.542293e-07     Tr[DP]  8.160236e-02
 iter: 296:1        |ddm|: 1.755814e-07     Tr[DP]  8.160236e-02
 iter: 296:2        |ddm|: 2.326191e-07     Tr[DP]  8.160236e-02
 iter: 297:1        |ddm|: 1.760176e-07     Tr[DP]  8.160236e-02
 iter: 297:2        |ddm|: 2.322240e-07     Tr[DP]  8.160236e-02
 iter: 298:1        |ddm|: 1.657505e-07     Tr[DP]  8.160236e-02
 iter: 298:2        |ddm|: 2.159990e-07     Tr[DP]  8.160236e-02
 iter: 299:1        |ddm|: 1.721594e-07     Tr[DP]  8.160236e-02
 iter: 299:2        |ddm|: 2.278216e-07     Tr[DP]  8.160236e-02
 iter: 300:1        |ddm|: 1.563288e-07     Tr[DP]  8.160236e-02
 iter: 300:2        |ddm|: 1.936146e-07     Tr[DP]  8.160236e-02
                         Freeze-and-Thaw NOT converged!                         

=================== Subsystem 1 at higher mean-field method ====================
  subiter:   1      |ddm|: 6.737919e-01
  subiter:   2      |ddm|: 1.113432e-01
  subiter:   3      |ddm|: 2.039146e-02
  subiter:   4      |ddm|: 1.283646e-02
  subiter:   5      |ddm|: 1.793444e-03
  subiter:   6      |ddm|: 7.555718e-04
  subiter:   7      |ddm|: 1.980082e-04
  subiter:   8      |ddm|: 5.080603e-05
  subiter:   9      |ddm|: 1.616524e-05
  subiter:  10      |ddm|: 4.896166e-06
  subiter:  11      |ddm|: 1.733302e-06
  subiter:  12      |ddm|: 2.825069e-07
  subiter:  13      |ddm|: 7.948150e-08
  subiter:  14      |ddm|: 1.095772e-08
  subiter:  15      |ddm|: 9.195744e-09


******** <class 'pyscf.scf.hf.RHF'> flags ********
method = RHF
initial guess = minao
damping factor = 0
level shift factor = 0
DIIS = <class 'pyscf.scf.diis.CDIIS'>
DIIS start cycle = 1
DIIS space = 8
SCF tol = 1e-09
SCF gradient tol = None
max. SCF cycles = 100
direct_scf = True
direct_scf_tol = 1e-13
chkfile to save SCF result = /panfs/roc/scratch/graha682/D0/201711_ccpVDZ_NEVPT2_m06_0_9c12h24/tmpUDeJ7W
max_memory 4000 MB (current use 2385 MB)
Set gradient conv threshold to 3.16228e-05
init E= -362.309129322215
  HOMO = -0.442166295199943  LUMO = 0.176568450579535
cycle= 1 E= -362.30912932222  delta_E= -4.77e-12  |g|= 1.37e-09  |ddm|= 7.81e-09
  HOMO = -0.442166295141222  LUMO = 0.17656845058492
Extra cycle  E= -362.309129322227  delta_E= -7.16e-12  |g|= 5.52e-10  |ddm|= 2.81e-09
converged SCF energy = -362.309129322227


******** <class 'pyscf.dft.rks.RKS'> flags ********
method = RKS
initial guess = atom
damping factor = 0
level shift factor = 0.0
DIIS = <class 'pyscf.scf.diis.CDIIS'>
DIIS start cycle = 1
DIIS space = 8
SCF tol = 1e-08
SCF gradient tol = 1e-08
max. SCF cycles = 1
direct_scf = True
direct_scf_tol = 1e-13
chkfile to save SCF result = /panfs/roc/scratch/graha682/D0/201711_ccpVDZ_NEVPT2_m06_0_9c12h24/tmp9Ny_7d
max_memory 4000 MB (current use 2386 MB)
XC functionals = m06
small_rho_cutoff = 1e-20
radial grids: Treutler-Ahlrichs (JCP 102, 346 (M4)) radial grids
becke partition: Becke, JCP, 88, 2547 (1988)
pruning grids: <function nwchem_prune at 0x17435f0>
grids dens level: 4
symmetrized grids: False
atomic radii adjust function: <function treutler_atomic_radii_adjust at 0x1743488>
init E= -364.474386673527
  HOMO = -0.324097354425565  LUMO = 0.0626905261036027
cycle= 1 E= -364.474386673527  delta_E= 5.68e-13  |g|= 1.46e-08  |ddm|= 1.48e-07
  HOMO = -0.324097354488358  LUMO = 0.0626905260279388
Extra cycle  E= -364.474386673526  delta_E= 9.09e-13  |g|= 4.12e-09  |ddm|= 2.65e-08
converged SCF energy = -364.474386673526
 iter: 301:1        |ddm|: 7.719569e-01     Tr[DP]  8.728128e-02

******** <class 'pyscf.mcscf.mc1step.CASSCF'> flags ********
CAS (1e+1e, 2o), ncore = 35, nvir = 174
max_cycle_macro = 50
max_cycle_micro = 4
conv_tol = 1e-07
conv_tol_grad = None
orbital rotation max_stepsize = 0.02
augmented hessian ah_max_cycle = 30
augmented hessian ah_conv_tol = 1e-12
augmented hessian ah_linear dependence = 1e-14
augmented hessian ah_level shift = 0
augmented hessian ah_start_tol = 2.5
augmented hessian ah_start_cycle = 3
augmented hessian ah_grad_trust_region = 3
kf_trust_region = 3
kf_interval = 4
ci_response_space = 4
ci_grad_trust_region = 3
with_dep4 0
natorb = False
canonicalization = True
sorting_mo_energy = False
chkfile = /panfs/roc/scratch/graha682/D0/201711_ccpVDZ_NEVPT2_m06_0_9c12h24/tmpUDeJ7W
max_memory 4000 MB (current use 2393 MB)
internal_rotation = False
******** <class 'pyscf.fci.direct_spin1.FCISolver'> flags ********
max. cycles = 50
conv_tol = 1e-08
davidson only = False
linear dependence = 1e-10
level shift = 0.001
max iter space = 12
max_memory 4000 MB
nroots = 1
pspace_size = 400
spin = None
CASCI E = -362.309130796493  S^2 = 0.0000000
Set conv_tol_grad to 0.000316228
macro iter 1 (1 JK  1 micro), CASSCF E = -362.309130796493  dE = 0  S^2 = 0.0000000
               |grad[o]|=1.19e-05  |grad[c]|= 3.49318775851e-14  |ddm|=    0
1-step CASSCF converged in 1 macro (1 JK 1 micro) steps
CASSCF canonicalization
CASSCF energy = -362.309130796493
Hartree-Fock Energy:  -362.30912932222674
CAS Correlation:       -0.00000147426613
CAS Energy:          -362.30913079649287
Sr    (-1)',   E = -0.00001237540907
Si    (+1)',   E = -0.00000097394916
Sijrs (0)  ,   E = -1.10724606869825
Sijr  (+1) ,   E = -0.01831988137136
Srsi  (-1) ,   E = -0.12480523728243
Srs   (-2) ,   E = -0.00538131022269
Sij   (+2) ,   E = -0.00032978214276
Sir   (0)' ,   E = -0.00170165376121
Nevpt2 Energy = -1.257797282836937
NEVPT2 =   -1.257797282836937
Total NEVPT2 = -363.566928079329784

============================== Supermolecular DFT ==============================
  subiter:   1      |ddm|: 4.279028e+00
  subiter:   2      |ddm|: 4.786111e-01
  subiter:   3      |ddm|: 2.419101e-01
  subiter:   4      |ddm|: 4.952710e-02
  subiter:   5      |ddm|: 1.519523e-02
  subiter:   6      |ddm|: 4.854012e-03
  subiter:   7      |ddm|: 1.719673e-03
  subiter:   8      |ddm|: 4.408966e-04
  subiter:   9      |ddm|: 1.445714e-04
  subiter:  10      |ddm|: 4.005443e-05
  subiter:  11      |ddm|: 2.310206e-05
  subiter:  12      |ddm|: 8.440115e-06
  subiter:  13      |ddm|: 2.677777e-06
  subiter:  14      |ddm|: 1.125721e-06
  subiter:  15      |ddm|: 1.514147e-07
  subiter:  16      |ddm|: 7.095239e-08
  subiter:  17      |ddm|: 1.371564e-08
  subiter:  18      |ddm|: 1.319808e-08
  subiter:  19      |ddm|: 4.959239e-09


******** <class 'pyscf.dft.rks.RKS'> flags ********
method = RKS
initial guess = atom
damping factor = 0
level shift factor = 0.0
DIIS = <class 'pyscf.scf.diis.CDIIS'>
DIIS start cycle = 1
DIIS space = 8
SCF tol = 1e-08
SCF gradient tol = 1e-08
max. SCF cycles = 100
direct_scf = True
direct_scf_tol = 1e-13
chkfile to save SCF result = /panfs/roc/scratch/graha682/D0/201711_ccpVDZ_NEVPT2_m06_0_9c12h24/tmpSiftUK
max_memory 4000 MB (current use 2397 MB)
XC functionals = m06
small_rho_cutoff = 1e-20
radial grids: Treutler-Ahlrichs (JCP 102, 346 (M4)) radial grids
becke partition: Becke, JCP, 88, 2547 (1988)
pruning grids: <function nwchem_prune at 0x17435f0>
grids dens level: 4
symmetrized grids: False
atomic radii adjust function: <function treutler_atomic_radii_adjust at 0x1743488>
init E= -471.321327838524
  HOMO = -0.265919340446948  LUMO = 0.0236355313599765
cycle= 1 E= -471.321327838526  delta_E= -1.36e-12  |g|= 5.73e-09  |ddm|= 1.01e-08
  HOMO = -0.265919340086367  LUMO = 0.0236355316440922
Extra cycle  E= -471.321327838527  delta_E= -9.09e-13  |g|= 7.76e-09  |ddm|= 1.04e-08
converged SCF energy = -471.321327838527
Supermolecular DFT   -471.32132783852558

============================== Embedding Energies ==============================
Subsystem DFT              -364.47438667352566
Interaction                -106.36695195101817
DFT-in-DFT                 -470.84133862454382
Supermolecular DFT         -471.32132783852558
Difference                   -0.47998921398175
Corrected DFT-in-DFT       -471.32132783852558
WF-in-DFT                  -469.93388003034795
Corrected WF-in-DFT        -470.41386924432970
================================================================================
TIMING STATISTICS:
     overlap integrals      0.02s   ( 0.00%)
    initial subsystems      1.14s   ( 0.01%)
           2e matrices   7623.86s   (89.93%)
      tot. embed. of 1   7709.33s   (90.94%)
      tot. embed. of 2      0.64s   ( 0.01%)
       freeze and thaw   7709.99s   (90.94%)
                   cas     53.62s   ( 0.63%)
                nevpt2     71.74s   ( 0.85%)
  interaction energies    639.42s   ( 7.54%)
                 TOTAL   8477.74s
================================================================================

********************************************************************************
*                              END OF CALCULATION                              *
********************************************************************************
