********************************************************************************
*                         FREEZE-AND-THAW CALCULATION                          *
********************************************************************************

================================== Input File ==================================

subsystem
C          3.15317       -0.23738        0.00019
H          3.51666       -1.25785        0.00029
H          3.89561        0.55157        0.00044
C          1.87142        0.03164       -0.00008
end

subsystem
C          0.64137        0.29082       -0.00038
C         -0.64897        0.56587       -0.00003
H         -0.96465        1.60768        0.00017
C         -1.69321       -0.42887       -0.00005
H         -1.37362       -1.46581       -0.00038
C         -2.98979       -0.12900        0.00018
H         -3.32626        0.90149        0.00047
H         -3.75168       -0.89552        0.00006
end

embed
 huzinaga
 cycles 300
 conv 1e-6
 method m06
end

basis aug-cc-pVDZ
method ccsd(t)
grid 4
conv 1e-8
grad 1e-8
maxiter 100
================================== End Input ===================================
tot grids = 265536

                      Getting subsystem overlap integrals                       

                          Initial subsystem densities                           
Guessing initial subsystem densities
Initial guess from superpostion of atomic densties.
Guessing initial subsystem densities
Initial guess from superpostion of atomic densties.

=========================== Starting Freeze-and-Thaw ===========================
 iter:   1:1        |ddm|: 5.769215e+00     Tr[DP]  3.846470e-01
 iter:   1:2        |ddm|: 2.913632e+01     Tr[DP]  3.098174e-01
 iter:   2:1        |ddm|: 8.469163e+00     Tr[DP]  2.244719e-01
 iter:   2:2        |ddm|: 2.692458e+01     Tr[DP]  2.014013e-01
 iter:   3:1        |ddm|: 6.646735e+00     Tr[DP]  1.317595e-01
 iter:   3:2        |ddm|: 4.185653e+00     Tr[DP]  2.001082e-01
 iter:   4:1        |ddm|: 1.106364e+00     Tr[DP]  1.566437e-01
 iter:   4:2        |ddm|: 5.159911e+00     Tr[DP]  1.872378e-01
 iter:   5:1        |ddm|: 4.507683e-01     Tr[DP]  1.602345e-01
 iter:   5:2        |ddm|: 3.371609e+00     Tr[DP]  1.785962e-01
 iter:   6:1        |ddm|: 2.787213e-01     Tr[DP]  1.634234e-01
 iter:   6:2        |ddm|: 1.836813e+00     Tr[DP]  1.787688e-01
 iter:   7:1        |ddm|: 1.566951e-01     Tr[DP]  1.649977e-01
 iter:   7:2        |ddm|: 1.433836e+00     Tr[DP]  1.774902e-01
 iter:   8:1        |ddm|: 9.528411e-02     Tr[DP]  1.667886e-01
 iter:   8:2        |ddm|: 1.093979e+00     Tr[DP]  1.761365e-01
 iter:   9:1        |ddm|: 6.107386e-02     Tr[DP]  1.681485e-01
 iter:   9:2        |ddm|: 8.260738e-01     Tr[DP]  1.751772e-01
 iter:  10:1        |ddm|: 4.425613e-02     Tr[DP]  1.691588e-01
 iter:  10:2        |ddm|: 5.695574e-01     Tr[DP]  1.746349e-01
 iter:  11:1        |ddm|: 3.338117e-02     Tr[DP]  1.699050e-01
 iter:  11:2        |ddm|: 4.578426e-01     Tr[DP]  1.739981e-01
 iter:  12:1        |ddm|: 2.655270e-02     Tr[DP]  1.704837e-01
 iter:  12:2        |ddm|: 3.236593e-01     Tr[DP]  1.735172e-01
 iter:  13:1        |ddm|: 1.980385e-02     Tr[DP]  1.709097e-01
 iter:  13:2        |ddm|: 3.182382e-01     Tr[DP]  1.732855e-01
 iter:  14:1        |ddm|: 2.063174e-02     Tr[DP]  1.712241e-01
 iter:  14:2        |ddm|: 2.945174e-01     Tr[DP]  1.732362e-01
 iter:  15:1        |ddm|: 1.967920e-02     Tr[DP]  1.714857e-01
 iter:  15:2        |ddm|: 2.203084e-01     Tr[DP]  1.731942e-01
 iter:  16:1        |ddm|: 4.082138e-02     Tr[DP]  1.717301e-01
 iter:  16:2        |ddm|: 3.435644e-01     Tr[DP]  1.733700e-01
 iter:  17:1        |ddm|: 2.970335e-02     Tr[DP]  1.720179e-01
 iter:  17:2        |ddm|: 2.569248e-01     Tr[DP]  1.735176e-01
 iter:  18:1        |ddm|: 1.655107e-02     Tr[DP]  1.722535e-01
 iter:  18:2        |ddm|: 1.365773e-01     Tr[DP]  1.734073e-01
 iter:  19:1        |ddm|: 8.735842e-03     Tr[DP]  1.724401e-01
 iter:  19:2        |ddm|: 9.280239e-02     Tr[DP]  1.733192e-01
 iter:  20:1        |ddm|: 6.321261e-03     Tr[DP]  1.725677e-01
 iter:  20:2        |ddm|: 8.080072e-02     Tr[DP]  1.732595e-01
 iter:  21:1        |ddm|: 5.577316e-03     Tr[DP]  1.726651e-01
 iter:  21:2        |ddm|: 6.846021e-02     Tr[DP]  1.732315e-01
 iter:  22:1        |ddm|: 4.762180e-03     Tr[DP]  1.727505e-01
 iter:  22:2        |ddm|: 5.629253e-02     Tr[DP]  1.732096e-01
 iter:  23:1        |ddm|: 3.650776e-03     Tr[DP]  1.728221e-01
 iter:  23:2        |ddm|: 3.555655e-02     Tr[DP]  1.731597e-01
 iter:  24:1        |ddm|: 2.475893e-03     Tr[DP]  1.728711e-01
 iter:  24:2        |ddm|: 3.266706e-02     Tr[DP]  1.731422e-01
 iter:  25:1        |ddm|: 2.213770e-03     Tr[DP]  1.729112e-01
 iter:  25:2        |ddm|: 2.129856e-02     Tr[DP]  1.731090e-01
 iter:  26:1        |ddm|: 1.541891e-03     Tr[DP]  1.729391e-01
 iter:  26:2        |ddm|: 2.024784e-02     Tr[DP]  1.730981e-01
 iter:  27:1        |ddm|: 2.878323e-03     Tr[DP]  1.729608e-01
 iter:  27:2        |ddm|: 2.489467e-02     Tr[DP]  1.731073e-01
 iter:  28:1        |ddm|: 2.494661e-03     Tr[DP]  1.729844e-01
 iter:  28:2        |ddm|: 9.726777e-03     Tr[DP]  1.730930e-01
 iter:  29:1        |ddm|: 7.821186e-04     Tr[DP]  1.730000e-01
 iter:  29:2        |ddm|: 8.024898e-03     Tr[DP]  1.730811e-01
 iter:  30:1        |ddm|: 1.075579e-03     Tr[DP]  1.730106e-01
 iter:  30:2        |ddm|: 1.021081e-02     Tr[DP]  1.730794e-01
 iter:  31:1        |ddm|: 7.097572e-04     Tr[DP]  1.730211e-01
 iter:  31:2        |ddm|: 6.709368e-03     Tr[DP]  1.730770e-01
 iter:  32:1        |ddm|: 5.205590e-04     Tr[DP]  1.730295e-01
 iter:  32:2        |ddm|: 5.351927e-03     Tr[DP]  1.730748e-01
 iter:  33:1        |ddm|: 4.396862e-04     Tr[DP]  1.730363e-01
 iter:  33:2        |ddm|: 3.960133e-03     Tr[DP]  1.730724e-01
 iter:  34:1        |ddm|: 3.406108e-04     Tr[DP]  1.730416e-01
 iter:  34:2        |ddm|: 3.018429e-03     Tr[DP]  1.730703e-01
 iter:  35:1        |ddm|: 3.061516e-04     Tr[DP]  1.730459e-01
 iter:  35:2        |ddm|: 2.277400e-03     Tr[DP]  1.730676e-01
 iter:  36:1        |ddm|: 2.367918e-04     Tr[DP]  1.730492e-01
 iter:  36:2        |ddm|: 1.686086e-03     Tr[DP]  1.730654e-01
 iter:  37:1        |ddm|: 1.483453e-04     Tr[DP]  1.730514e-01
 iter:  37:2        |ddm|: 1.553860e-03     Tr[DP]  1.730647e-01
 iter:  38:1        |ddm|: 1.528481e-04     Tr[DP]  1.730533e-01
 iter:  38:2        |ddm|: 1.151160e-03     Tr[DP]  1.730638e-01
 iter:  39:1        |ddm|: 1.704931e-04     Tr[DP]  1.730549e-01
 iter:  39:2        |ddm|: 8.323436e-04     Tr[DP]  1.730626e-01
 iter:  40:1        |ddm|: 1.298990e-04     Tr[DP]  1.730559e-01
 iter:  40:2        |ddm|: 9.819144e-04     Tr[DP]  1.730625e-01
 iter:  41:1        |ddm|: 1.032374e-04     Tr[DP]  1.730569e-01
 iter:  41:2        |ddm|: 6.754171e-04     Tr[DP]  1.730624e-01
 iter:  42:1        |ddm|: 7.919460e-05     Tr[DP]  1.730577e-01
 iter:  42:2        |ddm|: 6.268838e-04     Tr[DP]  1.730624e-01
 iter:  43:1        |ddm|: 9.984563e-05     Tr[DP]  1.730585e-01
 iter:  43:2        |ddm|: 4.400458e-04     Tr[DP]  1.730621e-01
 iter:  44:1        |ddm|: 6.623709e-05     Tr[DP]  1.730591e-01
 iter:  44:2        |ddm|: 3.580405e-04     Tr[DP]  1.730619e-01
 iter:  45:1        |ddm|: 4.584318e-05     Tr[DP]  1.730595e-01
 iter:  45:2        |ddm|: 3.003102e-04     Tr[DP]  1.730618e-01
 iter:  46:1        |ddm|: 4.825765e-05     Tr[DP]  1.730598e-01
 iter:  46:2        |ddm|: 2.467318e-04     Tr[DP]  1.730616e-01
 iter:  47:1        |ddm|: 3.162741e-05     Tr[DP]  1.730601e-01
 iter:  47:2        |ddm|: 1.947884e-04     Tr[DP]  1.730615e-01
 iter:  48:1        |ddm|: 2.786353e-05     Tr[DP]  1.730603e-01
 iter:  48:2        |ddm|: 1.613857e-04     Tr[DP]  1.730614e-01
 iter:  49:1        |ddm|: 2.026466e-05     Tr[DP]  1.730605e-01
 iter:  49:2        |ddm|: 1.280049e-04     Tr[DP]  1.730613e-01
 iter:  50:1        |ddm|: 1.506282e-05     Tr[DP]  1.730606e-01
 iter:  50:2        |ddm|: 1.083888e-04     Tr[DP]  1.730613e-01
 iter:  51:1        |ddm|: 1.891894e-05     Tr[DP]  1.730607e-01
 iter:  51:2        |ddm|: 9.322532e-05     Tr[DP]  1.730613e-01
 iter:  52:1        |ddm|: 1.390385e-05     Tr[DP]  1.730608e-01
 iter:  52:2        |ddm|: 9.362320e-05     Tr[DP]  1.730613e-01
 iter:  53:1        |ddm|: 2.107177e-05     Tr[DP]  1.730609e-01
 iter:  53:2        |ddm|: 8.302691e-05     Tr[DP]  1.730614e-01
 iter:  54:1        |ddm|: 1.809573e-05     Tr[DP]  1.730610e-01
 iter:  54:2        |ddm|: 9.517841e-05     Tr[DP]  1.730614e-01
 iter:  55:1        |ddm|: 4.105141e-05     Tr[DP]  1.730611e-01
 iter:  55:2        |ddm|: 1.121912e-04     Tr[DP]  1.730614e-01
 iter:  56:1        |ddm|: 2.422359e-05     Tr[DP]  1.730611e-01
 iter:  56:2        |ddm|: 9.546120e-05     Tr[DP]  1.730614e-01
 iter:  57:1        |ddm|: 1.786880e-05     Tr[DP]  1.730612e-01
 iter:  57:2        |ddm|: 8.125805e-05     Tr[DP]  1.730614e-01
 iter:  58:1        |ddm|: 1.104057e-05     Tr[DP]  1.730612e-01
 iter:  58:2        |ddm|: 6.194168e-05     Tr[DP]  1.730614e-01
 iter:  59:1        |ddm|: 8.957342e-06     Tr[DP]  1.730612e-01
 iter:  59:2        |ddm|: 5.119142e-05     Tr[DP]  1.730614e-01
 iter:  60:1        |ddm|: 6.114324e-06     Tr[DP]  1.730613e-01
 iter:  60:2        |ddm|: 3.989951e-05     Tr[DP]  1.730614e-01
 iter:  61:1        |ddm|: 4.922796e-06     Tr[DP]  1.730613e-01
 iter:  61:2        |ddm|: 3.225431e-05     Tr[DP]  1.730614e-01
 iter:  62:1        |ddm|: 1.214025e-05     Tr[DP]  1.730613e-01
 iter:  62:2        |ddm|: 4.480637e-05     Tr[DP]  1.730614e-01
 iter:  63:1        |ddm|: 3.586560e-06     Tr[DP]  1.730613e-01
 iter:  63:2        |ddm|: 2.160086e-05     Tr[DP]  1.730614e-01
 iter:  64:1        |ddm|: 1.024149e-05     Tr[DP]  1.730613e-01
 iter:  64:2        |ddm|: 3.536596e-05     Tr[DP]  1.730614e-01
 iter:  65:1        |ddm|: 6.743428e-06     Tr[DP]  1.730613e-01
 iter:  65:2        |ddm|: 3.084416e-05     Tr[DP]  1.730614e-01
 iter:  66:1        |ddm|: 4.593914e-06     Tr[DP]  1.730613e-01
 iter:  66:2        |ddm|: 2.467087e-05     Tr[DP]  1.730614e-01
 iter:  67:1        |ddm|: 3.700911e-06     Tr[DP]  1.730613e-01
 iter:  67:2        |ddm|: 2.061426e-05     Tr[DP]  1.730614e-01
 iter:  68:1        |ddm|: 2.615872e-06     Tr[DP]  1.730613e-01
 iter:  68:2        |ddm|: 1.648443e-05     Tr[DP]  1.730614e-01
 iter:  69:1        |ddm|: 3.419403e-06     Tr[DP]  1.730614e-01
 iter:  69:2        |ddm|: 1.688820e-05     Tr[DP]  1.730614e-01
 iter:  70:1        |ddm|: 1.374878e-06     Tr[DP]  1.730614e-01
 iter:  70:2        |ddm|: 1.127530e-05     Tr[DP]  1.730614e-01
 iter:  71:1        |ddm|: 1.319045e-06     Tr[DP]  1.730614e-01
 iter:  71:2        |ddm|: 8.976702e-06     Tr[DP]  1.730614e-01
 iter:  72:1        |ddm|: 8.706538e-07     Tr[DP]  1.730614e-01
 iter:  72:2        |ddm|: 6.873144e-06     Tr[DP]  1.730614e-01
 iter:  73:1        |ddm|: 1.341056e-06     Tr[DP]  1.730614e-01
 iter:  73:2        |ddm|: 7.162629e-06     Tr[DP]  1.730614e-01
 iter:  74:1        |ddm|: 7.660633e-07     Tr[DP]  1.730614e-01
 iter:  74:2        |ddm|: 5.058478e-06     Tr[DP]  1.730614e-01
 iter:  75:1        |ddm|: 1.231965e-06     Tr[DP]  1.730614e-01
 iter:  75:2        |ddm|: 5.648478e-06     Tr[DP]  1.730614e-01
 iter:  76:1        |ddm|: 2.442893e-06     Tr[DP]  1.730614e-01
 iter:  76:2        |ddm|: 8.560348e-06     Tr[DP]  1.730614e-01
 iter:  77:1        |ddm|: 1.303019e-06     Tr[DP]  1.730614e-01
 iter:  77:2        |ddm|: 6.505559e-06     Tr[DP]  1.730614e-01
 iter:  78:1        |ddm|: 1.001766e-06     Tr[DP]  1.730614e-01
 iter:  78:2        |ddm|: 5.352249e-06     Tr[DP]  1.730614e-01
 iter:  79:1        |ddm|: 8.129603e-07     Tr[DP]  1.730614e-01
 iter:  79:2        |ddm|: 4.528699e-06     Tr[DP]  1.730614e-01
 iter:  80:1        |ddm|: 6.773482e-07     Tr[DP]  1.730614e-01
 iter:  80:2        |ddm|: 3.858579e-06     Tr[DP]  1.730614e-01
 iter:  81:1        |ddm|: 5.651800e-07     Tr[DP]  1.730614e-01
 iter:  81:2        |ddm|: 3.333268e-06     Tr[DP]  1.730614e-01
 iter:  82:1        |ddm|: 2.392064e-07     Tr[DP]  1.730614e-01
 iter:  82:2        |ddm|: 2.024730e-06     Tr[DP]  1.730614e-01
 iter:  83:1        |ddm|: 3.955124e-07     Tr[DP]  1.730614e-01
 iter:  83:2        |ddm|: 2.401922e-06     Tr[DP]  1.730614e-01
 iter:  84:1        |ddm|: 3.275727e-07     Tr[DP]  1.730614e-01
 iter:  84:2        |ddm|: 2.029390e-06     Tr[DP]  1.730614e-01
 iter:  85:1        |ddm|: 3.419351e-07     Tr[DP]  1.730614e-01
 iter:  85:2        |ddm|: 1.887215e-06     Tr[DP]  1.730614e-01
 iter:  86:1        |ddm|: 3.613341e-07     Tr[DP]  1.730614e-01
 iter:  86:2        |ddm|: 1.801925e-06     Tr[DP]  1.730614e-01
 iter:  87:1        |ddm|: 3.129727e-07     Tr[DP]  1.730614e-01
 iter:  87:2        |ddm|: 1.607270e-06     Tr[DP]  1.730614e-01
 iter:  88:1        |ddm|: 2.979370e-07     Tr[DP]  1.730614e-01
 iter:  88:2        |ddm|: 1.407893e-06     Tr[DP]  1.730614e-01
 iter:  89:1        |ddm|: 1.396361e-07     Tr[DP]  1.730614e-01
 iter:  89:2        |ddm|: 1.041112e-06     Tr[DP]  1.730614e-01
 iter:  90:1        |ddm|: 1.428225e-07     Tr[DP]  1.730614e-01
 iter:  90:2        |ddm|: 9.162112e-07     Tr[DP]  1.730614e-01
 iter:  91:1        |ddm|: 1.348563e-07     Tr[DP]  1.730614e-01
 iter:  91:2        |ddm|: 8.175883e-07     Tr[DP]  1.730614e-01
                           Freeze-and-Thaw converged!                           

=================== Subsystem 1 at higher mean-field method ====================
  subiter:   1      |ddm|: 1.273304e+00
  subiter:   2      |ddm|: 1.837022e-01
  subiter:   3      |ddm|: 1.756835e-02
  subiter:   4      |ddm|: 1.619913e-02
  subiter:   5      |ddm|: 2.774299e-03
  subiter:   6      |ddm|: 1.109728e-03
  subiter:   7      |ddm|: 4.256396e-04
  subiter:   8      |ddm|: 9.912439e-05
  subiter:   9      |ddm|: 2.898295e-05
  subiter:  10      |ddm|: 9.356559e-06
  subiter:  11      |ddm|: 7.432720e-07
  subiter:  12      |ddm|: 2.344210e-07
  subiter:  13      |ddm|: 2.148171e-08
  subiter:  14      |ddm|: 1.015403e-08
  subiter:  15      |ddm|: 9.424070e-09


******** <class 'pyscf.scf.hf.RHF'> flags ********
method = RHF
initial guess = minao
damping factor = 0
level shift factor = 0
DIIS = <class 'pyscf.scf.diis.CDIIS'>
DIIS start cycle = 1
DIIS space = 8
SCF tol = 1e-09
SCF gradient tol = None
max. SCF cycles = 100
direct_scf = True
direct_scf_tol = 1e-13
chkfile to save SCF result = /panfs/roc/scratch/graha682/20170717_augccpVDZ_m06_ccsdt_ft_2hexa1235ene/tmpnOHbhy
max_memory 4000 MB (current use 1568 MB)
Set gradient conv threshold to 3.16228e-05
init E= -74.1970362417605
  HOMO = -0.294819063958606  LUMO = 0.054865478013953
cycle= 1 E= -74.1970362417608  delta_E= -3.41e-13  |g|= 1.71e-09  |ddm|= 1.71e-08
  HOMO = -0.29481906420958  LUMO = 0.0548654780093386
Extra cycle  E= -74.197036241761  delta_E= -1.71e-13  |g|= 1.71e-09  |ddm|= 7.04e-09
converged SCF energy = -74.197036241761


******** <class 'pyscf.dft.rks.RKS'> flags ********
method = RKS
initial guess = atom
damping factor = 0
level shift factor = 0.0
DIIS = <class 'pyscf.scf.diis.CDIIS'>
DIIS start cycle = 1
DIIS space = 8
SCF tol = 1e-08
SCF gradient tol = 1e-08
max. SCF cycles = 1
direct_scf = True
direct_scf_tol = 1e-13
chkfile to save SCF result = /panfs/roc/scratch/graha682/20170717_augccpVDZ_m06_ccsdt_ft_2hexa1235ene/tmpY7WJeO
max_memory 4000 MB (current use 1570 MB)
XC functionals = m06
small_rho_cutoff = 1e-20
radial grids: Treutler-Ahlrichs (JCP 102, 346 (M4)) radial grids
becke partition: Becke, JCP, 88, 2547 (1988)
pruning grids: <function nwchem_prune at 0x1788ed8>
grids dens level: 4
symmetrized grids: False
atomic radii adjust function: <function treutler_atomic_radii_adjust at 0x1788d70>
init E= -74.7015944150814
  HOMO = -0.21034910966334  LUMO = -0.0170051589355518
cycle= 1 E= -74.7015944150815  delta_E= -1.14e-13  |g|= 7.36e-09  |ddm|= 1.25e-07
  HOMO = -0.210349109632468  LUMO = -0.0170051589244462
Extra cycle  E= -74.7015944150814  delta_E= 2.84e-14  |g|= 7.36e-09  |ddm|= 8.48e-08
converged SCF energy = -74.7015944150814
 iter:  92:1        |ddm|: 1.430180e+00     Tr[DP]  2.097665e-01

==================== Doing CCSD Calculation on Subsystem 1 =====================

******** <class 'pyscf.cc.ccsd.CCSD'> flags ********
CCSD nocc = 7, nvir = 57
max_cycle = 50
direct = 0
conv_tol = 1e-07
conv_tol_normt = 1e-05
diis_space = 6
diis_start_cycle = 0
diis_start_energy_diff = 1e+09
max_memory 4000 MB (current use 1580 MB)
Init t2, MP2 energy = -0.251350225449757
cycle = 1  E(CCSD) = -0.264716466357947  dE = -0.264716466  norm(t1,t2) = 0.0688733
cycle = 2  E(CCSD) = -0.270950749319161  dE = -0.00623428296  norm(t1,t2) = 0.0248233
cycle = 3  E(CCSD) = -0.272450602471451  dE = -0.00149985315  norm(t1,t2) = 0.0122822
cycle = 4  E(CCSD) = -0.273876888932216  dE = -0.00142628646  norm(t1,t2) = 0.00639831
cycle = 5  E(CCSD) = -0.273795167364598  dE = 8.17215676e-05  norm(t1,t2) = 0.00106704
cycle = 6  E(CCSD) = -0.273756661706717  dE = 3.85056579e-05  norm(t1,t2) = 0.000426088
cycle = 7  E(CCSD) = -0.273762943328202  dE = -6.28162149e-06  norm(t1,t2) = 8.4465e-05
cycle = 8  E(CCSD) = -0.273764677065009  dE = -1.73373681e-06  norm(t1,t2) = 3.42666e-05
cycle = 9  E(CCSD) = -0.273764314959171  dE = 3.62105838e-07  norm(t1,t2) = 1.01789e-05
cycle = 10  E(CCSD) = -0.273764260489312  dE = 5.44698589e-08  norm(t1,t2) = 3.95998e-06
CCSD converged
E(CCSD) = -74.47080050225028  E_corr = -0.273764260489312
Hartree-Fock Energy:   -74.19703624176097
CCSD Correlation:       -0.27376426048931
CCSD Energy:           -74.47080050225028

=================== Doing CCSD(T) Calculation on Subsystem 1 ===================
CCSD(T) correction = -0.00983665091303991
Hartree-Fock Energy:   -74.19703624176097
CCSD(T) Correlation:       -0.28360091140235
CCSD(T) Energy:           -74.48063715316331

============================== Supermolecular DFT ==============================
  subiter:   1      |ddm|: 2.346598e+01
  subiter:   2      |ddm|: 3.793523e+00
  subiter:   3      |ddm|: 2.565075e+00
  subiter:   4      |ddm|: 2.615601e-01
  subiter:   5      |ddm|: 1.981657e-01
  subiter:   6      |ddm|: 9.303150e-02
  subiter:   7      |ddm|: 1.748041e-02
  subiter:   8      |ddm|: 1.461661e-02
  subiter:   9      |ddm|: 5.661783e-03
  subiter:  10      |ddm|: 2.215408e-03
  subiter:  11      |ddm|: 5.894086e-04
  subiter:  12      |ddm|: 3.182067e-04
  subiter:  13      |ddm|: 8.279608e-05
  subiter:  14      |ddm|: 1.876115e-05
  subiter:  15      |ddm|: 8.861866e-06
  subiter:  16      |ddm|: 4.822254e-06
  subiter:  17      |ddm|: 3.041244e-06
  subiter:  18      |ddm|: 6.077740e-07
  subiter:  19      |ddm|: 2.679097e-07
  subiter:  20      |ddm|: 9.238939e-08
  subiter:  21      |ddm|: 6.941269e-08
  subiter:  22      |ddm|: 1.218070e-07
  subiter:  23      |ddm|: 2.055098e-08
  subiter:  24      |ddm|: 1.756060e-08
  subiter:  25      |ddm|: 1.139166e-08
  subiter:  26      |ddm|: 1.378291e-08
  subiter:  27      |ddm|: 1.084944e-08
  subiter:  28      |ddm|: 2.505569e-08
  subiter:  29      |ddm|: 1.288339e-08
  subiter:  30      |ddm|: 1.259196e-08
  subiter:  31      |ddm|: 8.470494e-09


******** <class 'pyscf.dft.rks.RKS'> flags ********
method = RKS
initial guess = atom
damping factor = 0
level shift factor = 0.0
DIIS = <class 'pyscf.scf.diis.CDIIS'>
DIIS start cycle = 1
DIIS space = 8
SCF tol = 1e-08
SCF gradient tol = 1e-08
max. SCF cycles = 100
direct_scf = True
direct_scf_tol = 1e-13
chkfile to save SCF result = /panfs/roc/scratch/graha682/20170717_augccpVDZ_m06_ccsdt_ft_2hexa1235ene/tmp3P9hLE
max_memory 4000 MB (current use 1640 MB)
XC functionals = m06
small_rho_cutoff = 1e-20
radial grids: Treutler-Ahlrichs (JCP 102, 346 (M4)) radial grids
becke partition: Becke, JCP, 88, 2547 (1988)
pruning grids: <function nwchem_prune at 0x1788ed8>
grids dens level: 4
symmetrized grids: False
atomic radii adjust function: <function treutler_atomic_radii_adjust at 0x1788d70>
init E= -231.954805428539
  HOMO = -0.238907824378344  LUMO = -0.0734364830191846
cycle= 1 E= -231.954805428538  delta_E= 5.12e-13  |g|= 2.33e-09  |ddm|= 5.07e-08
  HOMO = -0.238907824420456  LUMO = -0.0734364829988933
Extra cycle  E= -231.954805428539  delta_E= -7.96e-13  |g|= 2.33e-09  |ddm|= 3.12e-08
converged SCF energy = -231.954805428539
Supermolecular DFT   -231.95480542853898

============================== Embedding Energies ==============================
Subsystem DFT               -74.70159441508144
Interaction                -156.97118032125070
DFT-in-DFT                 -231.67277473633214
Supermolecular DFT         -231.95480542853898
Difference                   -0.28203069220683
Corrected DFT-in-DFT       -231.95480542853898
WF-in-DFT                  -231.45181747441401
Corrected WF-in-DFT        -231.73384816662085
================================================================================
TIMING STATISTICS:
     overlap integrals      0.01s   ( 0.00%)
    initial subsystems      0.10s   ( 0.01%)
           2e matrices    544.22s   (71.65%)
      tot. embed. of 1    552.03s   (72.67%)
      tot. embed. of 2      0.28s   ( 0.04%)
       freeze and thaw    552.34s   (72.72%)
                  ccsd      1.14s   ( 0.15%)
               ccsd(t)      0.56s   ( 0.07%)
  interaction energies    205.32s   (27.03%)
                 TOTAL    759.60s
================================================================================

********************************************************************************
*                              END OF CALCULATION                              *
********************************************************************************
