********************************************************************************
*                         FREEZE-AND-THAW CALCULATION                          *
********************************************************************************

================================== Input File ==================================

subsystem
C          3.15317       -0.23738        0.00019
H          3.51666       -1.25785        0.00029
H          3.89561        0.55157        0.00044
C          1.87142        0.03164       -0.00008
end

subsystem
C          0.64137        0.29082       -0.00038
C         -0.64897        0.56587       -0.00003
H         -0.96465        1.60768        0.00017
C         -1.69321       -0.42887       -0.00005
H         -1.37362       -1.46581       -0.00038
C         -2.98979       -0.12900        0.00018
H         -3.32626        0.90149        0.00047
H         -3.75168       -0.89552        0.00006
end

embed
 huzinaga
 cycles 300
 conv 1e-6
 method m06
end

basis 6-311g
method ccsd(t)
grid 4
conv 1e-8
grad 1e-8
maxiter 100
================================== End Input ===================================
tot grids = 265536

                      Getting subsystem overlap integrals                       

                          Initial subsystem densities                           
Guessing initial subsystem densities
Initial guess from superpostion of atomic densties.
Guessing initial subsystem densities
Initial guess from superpostion of atomic densties.

=========================== Starting Freeze-and-Thaw ===========================
 iter:   1:1        |ddm|: 2.223766e+00     Tr[DP]  4.227787e-01
 iter:   1:2        |ddm|: 2.885978e+00     Tr[DP]  2.999982e-01
 iter:   2:1        |ddm|: 2.092032e+00     Tr[DP]  2.478731e-01
 iter:   2:2        |ddm|: 1.570343e+00     Tr[DP]  2.797744e-01
 iter:   3:1        |ddm|: 9.175137e-01     Tr[DP]  2.010507e-01
 iter:   3:2        |ddm|: 1.143018e+00     Tr[DP]  2.109780e-01
 iter:   4:1        |ddm|: 4.176162e-01     Tr[DP]  2.070774e-01
 iter:   4:2        |ddm|: 7.678286e-01     Tr[DP]  2.307237e-01
 iter:   5:1        |ddm|: 1.024565e-01     Tr[DP]  2.121044e-01
 iter:   5:2        |ddm|: 1.857516e-01     Tr[DP]  2.247363e-01
 iter:   6:1        |ddm|: 3.759549e-02     Tr[DP]  2.171263e-01
 iter:   6:2        |ddm|: 1.098902e-01     Tr[DP]  2.235960e-01
 iter:   7:1        |ddm|: 2.783276e-02     Tr[DP]  2.178031e-01
 iter:   7:2        |ddm|: 9.423175e-02     Tr[DP]  2.238829e-01
 iter:   8:1        |ddm|: 1.541402e-02     Tr[DP]  2.189974e-01
 iter:   8:2        |ddm|: 6.915520e-02     Tr[DP]  2.233089e-01
 iter:   9:1        |ddm|: 7.849558e-03     Tr[DP]  2.198070e-01
 iter:   9:2        |ddm|: 4.976215e-02     Tr[DP]  2.229006e-01
 iter:  10:1        |ddm|: 5.111558e-03     Tr[DP]  2.203557e-01
 iter:  10:2        |ddm|: 3.587976e-02     Tr[DP]  2.226606e-01
 iter:  11:1        |ddm|: 3.328934e-03     Tr[DP]  2.208432e-01
 iter:  11:2        |ddm|: 2.433469e-02     Tr[DP]  2.223915e-01
 iter:  12:1        |ddm|: 2.309155e-03     Tr[DP]  2.212103e-01
 iter:  12:2        |ddm|: 1.586153e-02     Tr[DP]  2.222243e-01
 iter:  13:1        |ddm|: 1.436150e-03     Tr[DP]  2.213894e-01
 iter:  13:2        |ddm|: 1.086794e-02     Tr[DP]  2.220722e-01
 iter:  14:1        |ddm|: 2.134508e-03     Tr[DP]  2.214777e-01
 iter:  14:2        |ddm|: 9.411744e-03     Tr[DP]  2.220483e-01
 iter:  15:1        |ddm|: 3.570377e-03     Tr[DP]  2.215505e-01
 iter:  15:2        |ddm|: 9.777761e-03     Tr[DP]  2.221252e-01
 iter:  16:1        |ddm|: 2.003027e-03     Tr[DP]  2.216714e-01
 iter:  16:2        |ddm|: 7.246655e-03     Tr[DP]  2.221240e-01
 iter:  17:1        |ddm|: 1.408459e-03     Tr[DP]  2.217694e-01
 iter:  17:2        |ddm|: 5.470832e-03     Tr[DP]  2.221153e-01
 iter:  18:1        |ddm|: 7.057081e-04     Tr[DP]  2.218638e-01
 iter:  18:2        |ddm|: 3.043658e-03     Tr[DP]  2.220681e-01
 iter:  19:1        |ddm|: 3.309626e-04     Tr[DP]  2.219074e-01
 iter:  19:2        |ddm|: 2.081491e-03     Tr[DP]  2.220411e-01
 iter:  20:1        |ddm|: 1.841351e-04     Tr[DP]  2.219343e-01
 iter:  20:2        |ddm|: 1.426665e-03     Tr[DP]  2.220238e-01
 iter:  21:1        |ddm|: 4.180703e-04     Tr[DP]  2.219498e-01
 iter:  21:2        |ddm|: 1.352874e-03     Tr[DP]  2.220298e-01
 iter:  22:1        |ddm|: 1.612246e-04     Tr[DP]  2.219650e-01
 iter:  22:2        |ddm|: 8.152694e-04     Tr[DP]  2.220187e-01
 iter:  23:1        |ddm|: 1.600951e-04     Tr[DP]  2.219750e-01
 iter:  23:2        |ddm|: 6.783956e-04     Tr[DP]  2.220169e-01
 iter:  24:1        |ddm|: 8.840635e-05     Tr[DP]  2.219860e-01
 iter:  24:2        |ddm|: 3.650419e-04     Tr[DP]  2.220103e-01
 iter:  25:1        |ddm|: 5.927234e-04     Tr[DP]  2.219805e-01
 iter:  25:2        |ddm|: 9.166639e-04     Tr[DP]  2.220276e-01
 iter:  26:1        |ddm|: 1.495727e-04     Tr[DP]  2.219969e-01
 iter:  26:2        |ddm|: 3.215705e-04     Tr[DP]  2.220206e-01
 iter:  27:1        |ddm|: 4.835099e-05     Tr[DP]  2.220030e-01
 iter:  27:2        |ddm|: 2.075449e-04     Tr[DP]  2.220169e-01
 iter:  28:1        |ddm|: 2.887324e-05     Tr[DP]  2.220054e-01
 iter:  28:2        |ddm|: 1.676659e-04     Tr[DP]  2.220158e-01
 iter:  29:1        |ddm|: 2.363310e-05     Tr[DP]  2.220074e-01
 iter:  29:2        |ddm|: 1.252981e-04     Tr[DP]  2.220152e-01
 iter:  30:1        |ddm|: 1.259926e-05     Tr[DP]  2.220091e-01
 iter:  30:2        |ddm|: 8.123989e-05     Tr[DP]  2.220143e-01
 iter:  31:1        |ddm|: 7.992017e-06     Tr[DP]  2.220101e-01
 iter:  31:2        |ddm|: 5.734787e-05     Tr[DP]  2.220137e-01
 iter:  32:1        |ddm|: 9.367198e-06     Tr[DP]  2.220107e-01
 iter:  32:2        |ddm|: 4.605274e-05     Tr[DP]  2.220136e-01
 iter:  33:1        |ddm|: 4.567039e-06     Tr[DP]  2.220114e-01
 iter:  33:2        |ddm|: 2.744851e-05     Tr[DP]  2.220132e-01
 iter:  34:1        |ddm|: 7.835515e-06     Tr[DP]  2.220117e-01
 iter:  34:2        |ddm|: 2.668331e-05     Tr[DP]  2.220133e-01
 iter:  35:1        |ddm|: 2.696029e-06     Tr[DP]  2.220121e-01
 iter:  35:2        |ddm|: 1.558165e-05     Tr[DP]  2.220131e-01
 iter:  36:1        |ddm|: 3.706319e-06     Tr[DP]  2.220122e-01
 iter:  36:2        |ddm|: 1.401174e-05     Tr[DP]  2.220131e-01
 iter:  37:1        |ddm|: 1.501903e-06     Tr[DP]  2.220124e-01
 iter:  37:2        |ddm|: 8.801122e-06     Tr[DP]  2.220130e-01
 iter:  38:1        |ddm|: 9.457801e-07     Tr[DP]  2.220125e-01
 iter:  38:2        |ddm|: 6.156447e-06     Tr[DP]  2.220129e-01
 iter:  39:1        |ddm|: 7.441654e-07     Tr[DP]  2.220126e-01
 iter:  39:2        |ddm|: 4.535289e-06     Tr[DP]  2.220129e-01
 iter:  40:1        |ddm|: 4.912285e-07     Tr[DP]  2.220127e-01
 iter:  40:2        |ddm|: 3.186609e-06     Tr[DP]  2.220129e-01
 iter:  41:1        |ddm|: 3.018858e-07     Tr[DP]  2.220127e-01
 iter:  41:2        |ddm|: 2.142994e-06     Tr[DP]  2.220129e-01
 iter:  42:1        |ddm|: 5.842342e-07     Tr[DP]  2.220128e-01
 iter:  42:2        |ddm|: 1.024203e-06     Tr[DP]  2.220128e-01
 iter:  43:1        |ddm|: 3.590827e-07     Tr[DP]  2.220128e-01
 iter:  43:2        |ddm|: 1.121919e-06     Tr[DP]  2.220128e-01
 iter:  44:1        |ddm|: 2.814386e-07     Tr[DP]  2.220128e-01
 iter:  44:2        |ddm|: 9.359087e-07     Tr[DP]  2.220128e-01
 iter:  45:1        |ddm|: 2.189495e-07     Tr[DP]  2.220128e-01
 iter:  45:2        |ddm|: 7.466741e-07     Tr[DP]  2.220128e-01
                           Freeze-and-Thaw converged!                           

=================== Subsystem 1 at higher mean-field method ====================
  subiter:   1      |ddm|: 1.641544e-01
  subiter:   2      |ddm|: 6.383538e-02
  subiter:   3      |ddm|: 1.355065e-02
  subiter:   4      |ddm|: 1.202089e-02
  subiter:   5      |ddm|: 4.626282e-03
  subiter:   6      |ddm|: 5.160541e-04
  subiter:   7      |ddm|: 1.409326e-04
  subiter:   8      |ddm|: 3.439813e-05
  subiter:   9      |ddm|: 1.111259e-05
  subiter:  10      |ddm|: 1.575317e-06
  subiter:  11      |ddm|: 4.050563e-07
  subiter:  12      |ddm|: 3.051166e-08
  subiter:  13      |ddm|: 1.861989e-08
  subiter:  14      |ddm|: 1.248605e-08
  subiter:  15      |ddm|: 7.234316e-08
  subiter:  16      |ddm|: 1.186312e-08
  subiter:  17      |ddm|: 2.573060e-09


******** <class 'pyscf.scf.hf.RHF'> flags ********
method = RHF
initial guess = minao
damping factor = 0
level shift factor = 0
DIIS = <class 'pyscf.scf.diis.CDIIS'>
DIIS start cycle = 1
DIIS space = 8
SCF tol = 1e-09
SCF gradient tol = None
max. SCF cycles = 100
direct_scf = True
direct_scf_tol = 1e-13
chkfile to save SCF result = /panfs/roc/scratch/graha682/20170717_6311g_m06_ccsdt_ft_2hexa1235ene/tmpfnWHpj
max_memory 4000 MB (current use 233 MB)
Set gradient conv threshold to 3.16228e-05
init E= -74.7291864690807
  HOMO = -0.283785967534836  LUMO = 0.220311198243635
cycle= 1 E= -74.7291864690806  delta_E= 5.68e-14  |g|= 1.43e-09  |ddm|= 1.44e-08
  HOMO = -0.283785967516421  LUMO = 0.22031119823274
Extra cycle  E= -74.7291864690806  delta_E=    0  |g|= 1.43e-09  |ddm|= 5.7e-09
converged SCF energy = -74.7291864690806


******** <class 'pyscf.dft.rks.RKS'> flags ********
method = RKS
initial guess = atom
damping factor = 0
level shift factor = 0.0
DIIS = <class 'pyscf.scf.diis.CDIIS'>
DIIS start cycle = 1
DIIS space = 8
SCF tol = 1e-08
SCF gradient tol = 1e-08
max. SCF cycles = 1
direct_scf = True
direct_scf_tol = 1e-13
chkfile to save SCF result = /panfs/roc/scratch/graha682/20170717_6311g_m06_ccsdt_ft_2hexa1235ene/tmpoHOvx0
max_memory 4000 MB (current use 234 MB)
XC functionals = m06
small_rho_cutoff = 1e-20
radial grids: Treutler-Ahlrichs (JCP 102, 346 (M4)) radial grids
becke partition: Becke, JCP, 88, 2547 (1988)
pruning grids: <function nwchem_prune at 0x1961ed8>
grids dens level: 4
symmetrized grids: False
atomic radii adjust function: <function treutler_atomic_radii_adjust at 0x1961d70>
init E= -75.2362062165121
  HOMO = -0.188415711618078  LUMO = 0.0734689085087629
cycle= 1 E= -75.2362062165121  delta_E=    0  |g|= 2.99e-08  |ddm|= 2.32e-07
SCF not converged.
SCF energy = -75.2362062165121 after 1 cycles
 iter:  46:1        |ddm|: 2.096822e-01     Tr[DP]  2.500476e-01

==================== Doing CCSD Calculation on Subsystem 1 =====================

******** <class 'pyscf.cc.ccsd.CCSD'> flags ********
CCSD nocc = 7, nvir = 25
max_cycle = 50
direct = 0
conv_tol = 1e-07
conv_tol_normt = 1e-05
diis_space = 6
diis_start_cycle = 0
diis_start_energy_diff = 1e+09
max_memory 4000 MB (current use 215 MB)
Init t2, MP2 energy = -0.193160077499017
cycle = 1  E(CCSD) = -0.207307391806509  dE = -0.207307392  norm(t1,t2) = 0.0726896
cycle = 2  E(CCSD) = -0.213997776706076  dE = -0.0066903849  norm(t1,t2) = 0.0300064
cycle = 3  E(CCSD) = -0.215998813424084  dE = -0.00200103672  norm(t1,t2) = 0.0154524
cycle = 4  E(CCSD) = -0.218163890028777  dE = -0.0021650766  norm(t1,t2) = 0.00841856
cycle = 5  E(CCSD) = -0.218006249909286  dE = 0.000157640119  norm(t1,t2) = 0.000964909
cycle = 6  E(CCSD) = -0.218008556497067  dE = -2.30658778e-06  norm(t1,t2) = 0.000320631
cycle = 7  E(CCSD) = -0.218012516199872  dE = -3.9597028e-06  norm(t1,t2) = 7.06129e-05
cycle = 8  E(CCSD) = -0.218012003324443  dE = 5.12875429e-07  norm(t1,t2) = 2.21075e-05
cycle = 9  E(CCSD) = -0.218012293028322  dE = -2.89703879e-07  norm(t1,t2) = 8.54358e-06
cycle = 10  E(CCSD) = -0.21801219417587  dE = 9.88524522e-08  norm(t1,t2) = 2.9912e-06
CCSD converged
E(CCSD) = -74.94719866325649  E_corr = -0.21801219417587
Hartree-Fock Energy:   -74.72918646908062
CCSD Correlation:       -0.21801219417587
CCSD Energy:           -74.94719866325649

=================== Doing CCSD(T) Calculation on Subsystem 1 ===================
CCSD(T) correction = -0.00635322903034993
Hartree-Fock Energy:   -74.72918646908062
CCSD(T) Correlation:       -0.22436542320622
CCSD(T) Energy:           -74.95355189228684

============================== Supermolecular DFT ==============================
  subiter:   1      |ddm|: 3.113281e+00
  subiter:   2      |ddm|: 1.516525e+00
  subiter:   3      |ddm|: 1.022561e+00
  subiter:   4      |ddm|: 1.272839e-01
  subiter:   5      |ddm|: 6.597132e-02
  subiter:   6      |ddm|: 1.873745e-02
  subiter:   7      |ddm|: 7.486404e-03
  subiter:   8      |ddm|: 3.247299e-03
  subiter:   9      |ddm|: 1.054077e-03
  subiter:  10      |ddm|: 3.906950e-04
  subiter:  11      |ddm|: 1.619593e-04
  subiter:  12      |ddm|: 6.147879e-05
  subiter:  13      |ddm|: 2.636635e-05
  subiter:  14      |ddm|: 1.083305e-05
  subiter:  15      |ddm|: 3.375586e-06
  subiter:  16      |ddm|: 2.097915e-06
  subiter:  17      |ddm|: 7.852652e-07
  subiter:  18      |ddm|: 2.150980e-07
  subiter:  19      |ddm|: 1.180349e-07
  subiter:  20      |ddm|: 8.552295e-08
  subiter:  21      |ddm|: 9.459694e-09


******** <class 'pyscf.dft.rks.RKS'> flags ********
method = RKS
initial guess = atom
damping factor = 0
level shift factor = 0.0
DIIS = <class 'pyscf.scf.diis.CDIIS'>
DIIS start cycle = 1
DIIS space = 8
SCF tol = 1e-08
SCF gradient tol = 1e-08
max. SCF cycles = 100
direct_scf = True
direct_scf_tol = 1e-13
chkfile to save SCF result = /panfs/roc/scratch/graha682/20170717_6311g_m06_ccsdt_ft_2hexa1235ene/tmp99SN5R
max_memory 4000 MB (current use 260 MB)
XC functionals = m06
small_rho_cutoff = 1e-20
radial grids: Treutler-Ahlrichs (JCP 102, 346 (M4)) radial grids
becke partition: Becke, JCP, 88, 2547 (1988)
pruning grids: <function nwchem_prune at 0x1961ed8>
grids dens level: 4
symmetrized grids: False
atomic radii adjust function: <function treutler_atomic_radii_adjust at 0x1961d70>
init E= -231.94486482947
  HOMO = -0.235776197773114  LUMO = -0.0662788952949447
cycle= 1 E= -231.944864829469  delta_E= 9.66e-13  |g|= 1.37e-08  |ddm|= 2.67e-08
  HOMO = -0.235776197239629  LUMO = -0.0662788947530748
cycle= 2 E= -231.944864829468  delta_E= 8.53e-13  |g|= 2.53e-08  |ddm|= 3.95e-08
  HOMO = -0.235776197684525  LUMO = -0.0662788952461108
cycle= 3 E= -231.944864829469  delta_E= -8.53e-13  |g|= 1.12e-08  |ddm|= 3.7e-08
  HOMO = -0.235776197547012  LUMO = -0.066278895113538
cycle= 4 E= -231.944864829468  delta_E= 3.98e-13  |g|= 7.73e-10  |ddm|= 1.11e-08
  HOMO = -0.235776197553357  LUMO = -0.0662788951135699
Extra cycle  E= -231.944864829469  delta_E= -5.12e-13  |g|= 7.73e-10  |ddm|= 1.83e-09
converged SCF energy = -231.944864829469
Supermolecular DFT   -231.94486482946871

============================== Embedding Energies ==============================
Subsystem DFT               -75.23620621651207
Interaction                -156.34299116241363
DFT-in-DFT                 -231.57919737892570
Supermolecular DFT         -231.94486482946871
Difference                   -0.36566745054301
Corrected DFT-in-DFT       -231.94486482946871
WF-in-DFT                  -231.29654305470046
Corrected WF-in-DFT        -231.66221050524348
================================================================================
TIMING STATISTICS:
     overlap integrals      0.01s   ( 0.01%)
    initial subsystems      0.12s   ( 0.05%)
           2e matrices    142.99s   (61.35%)
      tot. embed. of 1    146.96s   (63.06%)
      tot. embed. of 2      0.07s   ( 0.03%)
       freeze and thaw    147.05s   (63.10%)
                  ccsd      0.94s   ( 0.40%)
               ccsd(t)      0.25s   ( 0.11%)
  interaction energies     84.44s   (36.23%)
                 TOTAL    233.05s
================================================================================

********************************************************************************
*                              END OF CALCULATION                              *
********************************************************************************
