********************************************************************************
*                         FREEZE-AND-THAW CALCULATION                          *
********************************************************************************

================================== Input File ==================================

subsystem
C          3.15317       -0.23738        0.00019
H          3.51666       -1.25785        0.00029
H          3.89561        0.55157        0.00044
end

subsystem
C          1.87142        0.03164       -0.00008
C          0.64137        0.29082       -0.00038
C         -0.64897        0.56587       -0.00003
H         -0.96465        1.60768        0.00017
C         -1.69321       -0.42887       -0.00005
H         -1.37362       -1.46581       -0.00038
C         -2.98979       -0.12900        0.00018
H         -3.32626        0.90149        0.00047
H         -3.75168       -0.89552        0.00006
end

embed
 huzinaga
 cycles 300
 conv 1e-6
 method m06
end

basis cc-pVDZ
method ccsd(t)
grid 4
conv 1e-8
grad 1e-8
maxiter 100
================================== End Input ===================================
tot grids = 265536

                      Getting subsystem overlap integrals                       

                          Initial subsystem densities                           
Guessing initial subsystem densities
Initial guess from superpostion of atomic densties.
Guessing initial subsystem densities
Initial guess from superpostion of atomic densties.

=========================== Starting Freeze-and-Thaw ===========================
 iter:   1:1        |ddm|: 1.973093e+00     Tr[DP]  4.921842e-01
 iter:   1:2        |ddm|: 2.523918e+01     Tr[DP]  2.390851e-01
 iter:   2:1        |ddm|: 1.241401e+00     Tr[DP]  1.615217e-01
 iter:   2:2        |ddm|: 4.757999e+00     Tr[DP]  1.716846e-01
 iter:   3:1        |ddm|: 7.071802e-01     Tr[DP]  1.739177e-01
 iter:   3:2        |ddm|: 3.900726e+00     Tr[DP]  1.767921e-01
 iter:   4:1        |ddm|: 7.347805e-02     Tr[DP]  1.636767e-01
 iter:   4:2        |ddm|: 3.253651e-01     Tr[DP]  1.649209e-01
 iter:   5:1        |ddm|: 4.050567e-02     Tr[DP]  1.582187e-01
 iter:   5:2        |ddm|: 1.506396e+00     Tr[DP]  1.665189e-01
 iter:   6:1        |ddm|: 1.215227e-02     Tr[DP]  1.612385e-01
 iter:   6:2        |ddm|: 8.102773e-01     Tr[DP]  1.672799e-01
 iter:   7:1        |ddm|: 7.273830e-03     Tr[DP]  1.625686e-01
 iter:   7:2        |ddm|: 7.018763e-01     Tr[DP]  1.672138e-01
 iter:   8:1        |ddm|: 5.899543e-03     Tr[DP]  1.633830e-01
 iter:   8:2        |ddm|: 5.499592e-01     Tr[DP]  1.671604e-01
 iter:   9:1        |ddm|: 4.873006e-03     Tr[DP]  1.639983e-01
 iter:   9:2        |ddm|: 3.766696e-01     Tr[DP]  1.668058e-01
 iter:  10:1        |ddm|: 6.670002e-03     Tr[DP]  1.644610e-01
 iter:  10:2        |ddm|: 4.742399e-01     Tr[DP]  1.674529e-01
 iter:  11:1        |ddm|: 3.687925e-03     Tr[DP]  1.650968e-01
 iter:  11:2        |ddm|: 2.799945e-01     Tr[DP]  1.672522e-01
 iter:  12:1        |ddm|: 3.461024e-03     Tr[DP]  1.654967e-01
 iter:  12:2        |ddm|: 2.854709e-01     Tr[DP]  1.674394e-01
 iter:  13:1        |ddm|: 2.454281e-03     Tr[DP]  1.658948e-01
 iter:  13:2        |ddm|: 2.155947e-01     Tr[DP]  1.674601e-01
 iter:  14:1        |ddm|: 2.004830e-03     Tr[DP]  1.661929e-01
 iter:  14:2        |ddm|: 1.746796e-01     Tr[DP]  1.674661e-01
 iter:  15:1        |ddm|: 2.663152e-03     Tr[DP]  1.663992e-01
 iter:  15:2        |ddm|: 6.820224e-02     Tr[DP]  1.670595e-01
 iter:  16:1        |ddm|: 3.045142e-03     Tr[DP]  1.664455e-01
 iter:  16:2        |ddm|: 1.634728e-01     Tr[DP]  1.674678e-01
 iter:  17:1        |ddm|: 1.313725e-03     Tr[DP]  1.667156e-01
 iter:  17:2        |ddm|: 1.099424e-01     Tr[DP]  1.675151e-01
 iter:  18:1        |ddm|: 1.095268e-03     Tr[DP]  1.668947e-01
 iter:  18:2        |ddm|: 9.174555e-02     Tr[DP]  1.675581e-01
 iter:  19:1        |ddm|: 9.029163e-04     Tr[DP]  1.670353e-01
 iter:  19:2        |ddm|: 7.620186e-02     Tr[DP]  1.675886e-01
 iter:  20:1        |ddm|: 7.578157e-04     Tr[DP]  1.671500e-01
 iter:  20:2        |ddm|: 6.390838e-02     Tr[DP]  1.676150e-01
 iter:  21:1        |ddm|: 5.891520e-04     Tr[DP]  1.672444e-01
 iter:  21:2        |ddm|: 5.005080e-02     Tr[DP]  1.676167e-01
 iter:  22:1        |ddm|: 5.809825e-04     Tr[DP]  1.673170e-01
 iter:  22:2        |ddm|: 4.692671e-02     Tr[DP]  1.676521e-01
 iter:  23:1        |ddm|: 4.038938e-04     Tr[DP]  1.673867e-01
 iter:  23:2        |ddm|: 3.154228e-02     Tr[DP]  1.676310e-01
 iter:  24:1        |ddm|: 3.361210e-04     Tr[DP]  1.674280e-01
 iter:  24:2        |ddm|: 2.846851e-02     Tr[DP]  1.676372e-01
 iter:  25:1        |ddm|: 2.634976e-04     Tr[DP]  1.674668e-01
 iter:  25:2        |ddm|: 2.207621e-02     Tr[DP]  1.676331e-01
 iter:  26:1        |ddm|: 2.092810e-04     Tr[DP]  1.674955e-01
 iter:  26:2        |ddm|: 1.676221e-02     Tr[DP]  1.676240e-01
 iter:  27:1        |ddm|: 1.698556e-04     Tr[DP]  1.675161e-01
 iter:  27:2        |ddm|: 1.432424e-02     Tr[DP]  1.676231e-01
 iter:  28:1        |ddm|: 1.396525e-04     Tr[DP]  1.675347e-01
 iter:  28:2        |ddm|: 1.181158e-02     Tr[DP]  1.676228e-01
 iter:  29:1        |ddm|: 1.112784e-04     Tr[DP]  1.675499e-01
 iter:  29:2        |ddm|: 8.486781e-03     Tr[DP]  1.676160e-01
 iter:  30:1        |ddm|: 9.144767e-05     Tr[DP]  1.675601e-01
 iter:  30:2        |ddm|: 7.740902e-03     Tr[DP]  1.676172e-01
 iter:  31:1        |ddm|: 9.336152e-05     Tr[DP]  1.675708e-01
 iter:  31:2        |ddm|: 7.460149e-03     Tr[DP]  1.676238e-01
 iter:  32:1        |ddm|: 1.195658e-04     Tr[DP]  1.675830e-01
 iter:  32:2        |ddm|: 8.015940e-03     Tr[DP]  1.676375e-01
 iter:  33:1        |ddm|: 6.622804e-05     Tr[DP]  1.675970e-01
 iter:  33:2        |ddm|: 5.502380e-03     Tr[DP]  1.676383e-01
 iter:  34:1        |ddm|: 8.928040e-05     Tr[DP]  1.676063e-01
 iter:  34:2        |ddm|: 6.085676e-03     Tr[DP]  1.676480e-01
 iter:  35:1        |ddm|: 8.140403e-05     Tr[DP]  1.676172e-01
 iter:  35:2        |ddm|: 5.676268e-03     Tr[DP]  1.676565e-01
 iter:  36:1        |ddm|: 4.568496e-05     Tr[DP]  1.676272e-01
 iter:  36:2        |ddm|: 3.628669e-03     Tr[DP]  1.676552e-01
 iter:  37:1        |ddm|: 3.449201e-05     Tr[DP]  1.676325e-01
 iter:  37:2        |ddm|: 2.654790e-03     Tr[DP]  1.676532e-01
 iter:  38:1        |ddm|: 3.102572e-05     Tr[DP]  1.676359e-01
 iter:  38:2        |ddm|: 2.538786e-03     Tr[DP]  1.676543e-01
 iter:  39:1        |ddm|: 2.613001e-05     Tr[DP]  1.676395e-01
 iter:  39:2        |ddm|: 2.177920e-03     Tr[DP]  1.676554e-01
 iter:  40:1        |ddm|: 2.250095e-05     Tr[DP]  1.676428e-01
 iter:  40:2        |ddm|: 1.860549e-03     Tr[DP]  1.676564e-01
 iter:  41:1        |ddm|: 1.644680e-05     Tr[DP]  1.676455e-01
 iter:  41:2        |ddm|: 1.328802e-03     Tr[DP]  1.676558e-01
 iter:  42:1        |ddm|: 1.745385e-05     Tr[DP]  1.676474e-01
 iter:  42:2        |ddm|: 1.359410e-03     Tr[DP]  1.676570e-01
 iter:  43:1        |ddm|: 1.275550e-05     Tr[DP]  1.676495e-01
 iter:  43:2        |ddm|: 1.072232e-03     Tr[DP]  1.676574e-01
 iter:  44:1        |ddm|: 9.661689e-06     Tr[DP]  1.676511e-01
 iter:  44:2        |ddm|: 7.339129e-04     Tr[DP]  1.676568e-01
 iter:  45:1        |ddm|: 8.161603e-06     Tr[DP]  1.676520e-01
 iter:  45:2        |ddm|: 6.855532e-04     Tr[DP]  1.676570e-01
 iter:  46:1        |ddm|: 6.541955e-06     Tr[DP]  1.676530e-01
 iter:  46:2        |ddm|: 5.541191e-04     Tr[DP]  1.676571e-01
 iter:  47:1        |ddm|: 5.130302e-06     Tr[DP]  1.676537e-01
 iter:  47:2        |ddm|: 4.023015e-04     Tr[DP]  1.676568e-01
 iter:  48:1        |ddm|: 4.170994e-06     Tr[DP]  1.676542e-01
 iter:  48:2        |ddm|: 3.518955e-04     Tr[DP]  1.676568e-01
 iter:  49:1        |ddm|: 3.349882e-06     Tr[DP]  1.676547e-01
 iter:  49:2        |ddm|: 2.797935e-04     Tr[DP]  1.676568e-01
 iter:  50:1        |ddm|: 2.899846e-06     Tr[DP]  1.676550e-01
 iter:  50:2        |ddm|: 2.455343e-04     Tr[DP]  1.676568e-01
 iter:  51:1        |ddm|: 2.359943e-06     Tr[DP]  1.676554e-01
 iter:  51:2        |ddm|: 2.003077e-04     Tr[DP]  1.676569e-01
 iter:  52:1        |ddm|: 2.350085e-06     Tr[DP]  1.676557e-01
 iter:  52:2        |ddm|: 1.888142e-04     Tr[DP]  1.676570e-01
 iter:  53:1        |ddm|: 5.539245e-06     Tr[DP]  1.676560e-01
 iter:  53:2        |ddm|: 2.844222e-04     Tr[DP]  1.676578e-01
 iter:  54:1        |ddm|: 2.777215e-06     Tr[DP]  1.676565e-01
 iter:  54:2        |ddm|: 9.741833e-05     Tr[DP]  1.676574e-01
 iter:  55:1        |ddm|: 1.407045e-06     Tr[DP]  1.676567e-01
 iter:  55:2        |ddm|: 1.138534e-04     Tr[DP]  1.676575e-01
 iter:  56:1        |ddm|: 1.081150e-06     Tr[DP]  1.676568e-01
 iter:  56:2        |ddm|: 9.152509e-05     Tr[DP]  1.676575e-01
 iter:  57:1        |ddm|: 9.075350e-07     Tr[DP]  1.676569e-01
 iter:  57:2        |ddm|: 7.681985e-05     Tr[DP]  1.676575e-01
 iter:  58:1        |ddm|: 7.070295e-07     Tr[DP]  1.676570e-01
 iter:  58:2        |ddm|: 5.751976e-05     Tr[DP]  1.676575e-01
 iter:  59:1        |ddm|: 7.594869e-07     Tr[DP]  1.676571e-01
 iter:  59:2        |ddm|: 5.918396e-05     Tr[DP]  1.676575e-01
 iter:  60:1        |ddm|: 5.415672e-07     Tr[DP]  1.676572e-01
 iter:  60:2        |ddm|: 4.551157e-05     Tr[DP]  1.676575e-01
 iter:  61:1        |ddm|: 4.595985e-07     Tr[DP]  1.676573e-01
 iter:  61:2        |ddm|: 3.835993e-05     Tr[DP]  1.676576e-01
 iter:  62:1        |ddm|: 4.124762e-07     Tr[DP]  1.676573e-01
 iter:  62:2        |ddm|: 3.402173e-05     Tr[DP]  1.676576e-01
 iter:  63:1        |ddm|: 3.038072e-07     Tr[DP]  1.676574e-01
 iter:  63:2        |ddm|: 2.518816e-05     Tr[DP]  1.676576e-01
 iter:  64:1        |ddm|: 2.487974e-07     Tr[DP]  1.676574e-01
 iter:  64:2        |ddm|: 2.097834e-05     Tr[DP]  1.676576e-01
 iter:  65:1        |ddm|: 2.200554e-07     Tr[DP]  1.676574e-01
 iter:  65:2        |ddm|: 1.841096e-05     Tr[DP]  1.676576e-01
 iter:  66:1        |ddm|: 1.698431e-07     Tr[DP]  1.676575e-01
 iter:  66:2        |ddm|: 1.429687e-05     Tr[DP]  1.676576e-01
 iter:  67:1        |ddm|: 1.391883e-07     Tr[DP]  1.676575e-01
 iter:  67:2        |ddm|: 1.171550e-05     Tr[DP]  1.676576e-01
 iter:  68:1        |ddm|: 1.120994e-07     Tr[DP]  1.676575e-01
 iter:  68:2        |ddm|: 7.979948e-06     Tr[DP]  1.676576e-01
 iter:  69:1        |ddm|: 9.578313e-08     Tr[DP]  1.676575e-01
 iter:  69:2        |ddm|: 8.019005e-06     Tr[DP]  1.676576e-01
 iter:  70:1        |ddm|: 7.446846e-08     Tr[DP]  1.676575e-01
 iter:  70:2        |ddm|: 6.319743e-06     Tr[DP]  1.676576e-01
 iter:  71:1        |ddm|: 6.126655e-08     Tr[DP]  1.676575e-01
 iter:  71:2        |ddm|: 5.200442e-06     Tr[DP]  1.676576e-01
 iter:  72:1        |ddm|: 5.387255e-08     Tr[DP]  1.676575e-01
 iter:  72:2        |ddm|: 4.527823e-06     Tr[DP]  1.676576e-01
 iter:  73:1        |ddm|: 5.395096e-08     Tr[DP]  1.676576e-01
 iter:  73:2        |ddm|: 4.290374e-06     Tr[DP]  1.676576e-01
 iter:  74:1        |ddm|: 1.117644e-07     Tr[DP]  1.676576e-01
 iter:  74:2        |ddm|: 5.724591e-06     Tr[DP]  1.676576e-01
 iter:  75:1        |ddm|: 5.174410e-08     Tr[DP]  1.676576e-01
 iter:  75:2        |ddm|: 2.711863e-06     Tr[DP]  1.676576e-01
 iter:  76:1        |ddm|: 3.443420e-08     Tr[DP]  1.676576e-01
 iter:  76:2        |ddm|: 2.219552e-06     Tr[DP]  1.676576e-01
 iter:  77:1        |ddm|: 2.343600e-08     Tr[DP]  1.676576e-01
 iter:  77:2        |ddm|: 1.989561e-06     Tr[DP]  1.676576e-01
 iter:  78:1        |ddm|: 1.929909e-08     Tr[DP]  1.676576e-01
 iter:  78:2        |ddm|: 1.629650e-06     Tr[DP]  1.676576e-01
 iter:  79:1        |ddm|: 1.590316e-08     Tr[DP]  1.676576e-01
 iter:  79:2        |ddm|: 1.342453e-06     Tr[DP]  1.676576e-01
 iter:  80:1        |ddm|: 1.302619e-08     Tr[DP]  1.676576e-01
 iter:  80:2        |ddm|: 1.145723e-06     Tr[DP]  1.676576e-01
 iter:  81:1        |ddm|: 1.103590e-08     Tr[DP]  1.676576e-01
 iter:  81:2        |ddm|: 8.412735e-07     Tr[DP]  1.676576e-01
                           Freeze-and-Thaw converged!                           

=================== Subsystem 1 at higher mean-field method ====================
  subiter:   1      |ddm|: 1.163492e-01
  subiter:   2      |ddm|: 2.129459e-02
  subiter:   3      |ddm|: 6.589410e-03
  subiter:   4      |ddm|: 3.227229e-03
  subiter:   5      |ddm|: 6.121502e-04
  subiter:   6      |ddm|: 2.606634e-04
  subiter:   7      |ddm|: 4.222980e-05
  subiter:   8      |ddm|: 2.875227e-06
  subiter:   9      |ddm|: 4.132067e-07
  subiter:  10      |ddm|: 2.411842e-08
  subiter:  11      |ddm|: 4.498556e-09


******** <class 'pyscf.scf.hf.RHF'> flags ********
method = RHF
initial guess = minao
damping factor = 0
level shift factor = 0
DIIS = <class 'pyscf.scf.diis.CDIIS'>
DIIS start cycle = 1
DIIS space = 8
SCF tol = 1e-09
SCF gradient tol = None
max. SCF cycles = 100
direct_scf = True
direct_scf_tol = 1e-13
chkfile to save SCF result = /panfs/roc/scratch/graha682/20170717_ccpVDZ_m06_ccsdt_ft_1hexa1235ene/tmpwad2m6
max_memory 4000 MB (current use 321 MB)
Set gradient conv threshold to 3.16228e-05
init E= -37.2663936112906
  HOMO = -0.2637383108505  LUMO = 0.271687743646432
cycle= 1 E= -37.2663936112906  delta_E= 2.13e-14  |g|= 3.4e-09  |ddm|= 1.15e-08
  HOMO = -0.263738310891172  LUMO = 0.271687743761126
Extra cycle  E= -37.2663936112906  delta_E= -7.11e-14  |g|= 3.4e-09  |ddm|= 4.3e-09
converged SCF energy = -37.2663936112906


******** <class 'pyscf.dft.rks.RKS'> flags ********
method = RKS
initial guess = atom
damping factor = 0
level shift factor = 0.0
DIIS = <class 'pyscf.scf.diis.CDIIS'>
DIIS start cycle = 1
DIIS space = 8
SCF tol = 1e-08
SCF gradient tol = 1e-08
max. SCF cycles = 1
direct_scf = True
direct_scf_tol = 1e-13
chkfile to save SCF result = /panfs/roc/scratch/graha682/20170717_ccpVDZ_m06_ccsdt_ft_1hexa1235ene/tmpxcTLwS
max_memory 4000 MB (current use 322 MB)
XC functionals = m06
small_rho_cutoff = 1e-20
radial grids: Treutler-Ahlrichs (JCP 102, 346 (M4)) radial grids
becke partition: Becke, JCP, 88, 2547 (1988)
pruning grids: <function nwchem_prune at 0x1961ed8>
grids dens level: 4
symmetrized grids: False
atomic radii adjust function: <function treutler_atomic_radii_adjust at 0x1961d70>
init E= -37.5332146615623
  HOMO = -0.163982695130641  LUMO = 0.157775156904127
cycle= 1 E= -37.5332146615623  delta_E= 5.68e-14  |g|= 1.79e-09  |ddm|= 1.04e-08
  HOMO = -0.163982695382047  LUMO = 0.157775156541776
Extra cycle  E= -37.5332146615623  delta_E= -7.11e-15  |g|= 1.79e-09  |ddm|= 1.7e-09
converged SCF energy = -37.5332146615623
 iter:  82:1        |ddm|: 1.312140e-01     Tr[DP]  1.968563e-01

==================== Doing CCSD Calculation on Subsystem 1 =====================

******** <class 'pyscf.cc.ccsd.CCSD'> flags ********
CCSD nocc = 4, nvir = 20
max_cycle = 50
direct = 0
conv_tol = 1e-07
conv_tol_normt = 1e-05
diis_space = 6
diis_start_cycle = 0
diis_start_energy_diff = 1e+09
max_memory 4000 MB (current use 302 MB)
Init t2, MP2 energy = -0.118710652747614
cycle = 1  E(CCSD) = -0.13319902881672  dE = -0.133199029  norm(t1,t2) = 0.0445851
cycle = 2  E(CCSD) = -0.136328473657737  dE = -0.00312944484  norm(t1,t2) = 0.0142312
cycle = 3  E(CCSD) = -0.137210542412331  dE = -0.000882068755  norm(t1,t2) = 0.00586077
cycle = 4  E(CCSD) = -0.137753412918079  dE = -0.000542870506  norm(t1,t2) = 0.00260862
cycle = 5  E(CCSD) = -0.137724724287322  dE = 2.86886308e-05  norm(t1,t2) = 0.000310578
cycle = 6  E(CCSD) = -0.1377270998494  dE = -2.37556208e-06  norm(t1,t2) = 4.31139e-05
cycle = 7  E(CCSD) = -0.137726883948208  dE = 2.15901192e-07  norm(t1,t2) = 9.76439e-06
cycle = 8  E(CCSD) = -0.137726763452633  dE = 1.20495575e-07  norm(t1,t2) = 2.22489e-06
cycle = 9  E(CCSD) = -0.137726750763081  dE = 1.26895517e-08  norm(t1,t2) = 3.70397e-07
CCSD converged
E(CCSD) = -37.4041203620537  E_corr = -0.137726750763081
Hartree-Fock Energy:   -37.26639361129062
CCSD Correlation:       -0.13772675076308
CCSD Energy:           -37.40412036205370

=================== Doing CCSD(T) Calculation on Subsystem 1 ===================
CCSD(T) correction = -0.00200161677727063
Hartree-Fock Energy:   -37.26639361129062
CCSD(T) Correlation:       -0.13972836754035
CCSD(T) Energy:           -37.40612197883097

============================== Supermolecular DFT ==============================
  subiter:   1      |ddm|: 1.727433e+01
  subiter:   2      |ddm|: 1.915056e+00
  subiter:   3      |ddm|: 8.725939e-01
  subiter:   4      |ddm|: 1.203000e-01
  subiter:   5      |ddm|: 7.000683e-02
  subiter:   6      |ddm|: 1.658763e-02
  subiter:   7      |ddm|: 6.487565e-03
  subiter:   8      |ddm|: 1.903563e-03
  subiter:   9      |ddm|: 1.931112e-03
  subiter:  10      |ddm|: 2.240121e-04
  subiter:  11      |ddm|: 1.105003e-04
  subiter:  12      |ddm|: 3.813722e-05
  subiter:  13      |ddm|: 9.535991e-06
  subiter:  14      |ddm|: 4.443706e-06
  subiter:  15      |ddm|: 1.037696e-06
  subiter:  16      |ddm|: 5.921201e-07
  subiter:  17      |ddm|: 6.498173e-07
  subiter:  18      |ddm|: 2.303129e-07
  subiter:  19      |ddm|: 1.520300e-08
  subiter:  20      |ddm|: 2.209873e-08
  subiter:  21      |ddm|: 1.015747e-08
  subiter:  22      |ddm|: 8.397532e-09


******** <class 'pyscf.dft.rks.RKS'> flags ********
method = RKS
initial guess = atom
damping factor = 0
level shift factor = 0.0
DIIS = <class 'pyscf.scf.diis.CDIIS'>
DIIS start cycle = 1
DIIS space = 8
SCF tol = 1e-08
SCF gradient tol = 1e-08
max. SCF cycles = 100
direct_scf = True
direct_scf_tol = 1e-13
chkfile to save SCF result = /panfs/roc/scratch/graha682/20170717_ccpVDZ_m06_ccsdt_ft_1hexa1235ene/tmpX491Tw
max_memory 4000 MB (current use 336 MB)
XC functionals = m06
small_rho_cutoff = 1e-20
radial grids: Treutler-Ahlrichs (JCP 102, 346 (M4)) radial grids
becke partition: Becke, JCP, 88, 2547 (1988)
pruning grids: <function nwchem_prune at 0x1961ed8>
grids dens level: 4
symmetrized grids: False
atomic radii adjust function: <function treutler_atomic_radii_adjust at 0x1961d70>
init E= -231.943024644809
  HOMO = -0.233849305518799  LUMO = -0.0657359615357441
cycle= 1 E= -231.943024644809  delta_E= 1.71e-13  |g|= 1.05e-08  |ddm|= 1.82e-08
  HOMO = -0.233849305115331  LUMO = -0.0657359612993596
cycle= 2 E= -231.943024644809  delta_E= -2.84e-13  |g|= 2.14e-08  |ddm|= 3.64e-08
  HOMO = -0.233849305501289  LUMO = -0.0657359614692865
cycle= 3 E= -231.943024644809  delta_E= 1.71e-13  |g|= 1.22e-08  |ddm|= 3.76e-08
  HOMO = -0.233849305356808  LUMO = -0.0657359614164511
cycle= 4 E= -231.943024644809  delta_E= 2.27e-13  |g|= 9.68e-10  |ddm|= 1.43e-08
  HOMO = -0.233849305399484  LUMO = -0.0657359614439778
Extra cycle  E= -231.943024644809  delta_E= -2.84e-13  |g|= 9.68e-10  |ddm|= 3.02e-09
converged SCF energy = -231.943024644809
Supermolecular DFT   -231.94302464480899

============================== Embedding Energies ==============================
Subsystem DFT               -37.53321466156229
Interaction                -194.11118092900949
DFT-in-DFT                 -231.64439559057178
Supermolecular DFT         -231.94302464480899
Difference                   -0.29862905423721
Corrected DFT-in-DFT       -231.94302464480899
WF-in-DFT                  -231.51730290784047
Corrected WF-in-DFT        -231.81593196207768
================================================================================
TIMING STATISTICS:
     overlap integrals      0.01s   ( 0.00%)
    initial subsystems      0.11s   ( 0.03%)
           2e matrices    318.98s   (74.65%)
      tot. embed. of 1    322.89s   (75.57%)
      tot. embed. of 2      0.18s   ( 0.04%)
       freeze and thaw    323.09s   (75.61%)
                  ccsd      0.24s   ( 0.06%)
               ccsd(t)      0.12s   ( 0.03%)
  interaction energies    103.55s   (24.23%)
                 TOTAL    427.30s
================================================================================

********************************************************************************
*                              END OF CALCULATION                              *
********************************************************************************
