********************************************************************************
*                         FREEZE-AND-THAW CALCULATION                          *
********************************************************************************

================================== Input File ==================================

subsystem
C          3.15317       -0.23738        0.00019
H          3.51666       -1.25785        0.00029
H          3.89561        0.55157        0.00044
C          1.87142        0.03164       -0.00008
end

subsystem
C          0.64137        0.29082       -0.00038
C         -0.64897        0.56587       -0.00003
H         -0.96465        1.60768        0.00017
C         -1.69321       -0.42887       -0.00005
H         -1.37362       -1.46581       -0.00038
C         -2.98979       -0.12900        0.00018
H         -3.32626        0.90149        0.00047
H         -3.75168       -0.89552        0.00006
end

embed
 huzinaga
 cycles 300
 conv 1e-6
 method m06
end

basis cc-pVTZ
method ccsd(t)
grid 4
conv 1e-8
grad 1e-8
maxiter 100
================================== End Input ===================================
tot grids = 265536

                      Getting subsystem overlap integrals                       

                          Initial subsystem densities                           
Guessing initial subsystem densities
Initial guess from superpostion of atomic densties.
Guessing initial subsystem densities
Initial guess from superpostion of atomic densties.

=========================== Starting Freeze-and-Thaw ===========================
 iter:   1:1        |ddm|: 2.302580e+00     Tr[DP]  4.242536e-01
 iter:   1:2        |ddm|: 3.074915e+00     Tr[DP]  3.790775e-01
 iter:   2:1        |ddm|: 2.267516e+00     Tr[DP]  2.414127e-01
 iter:   2:2        |ddm|: 3.041950e+00     Tr[DP]  2.887794e-01
 iter:   3:1        |ddm|: 1.130763e+00     Tr[DP]  1.593048e-01
 iter:   3:2        |ddm|: 2.234522e+00     Tr[DP]  2.403292e-01
 iter:   4:1        |ddm|: 3.695084e-01     Tr[DP]  1.871834e-01
 iter:   4:2        |ddm|: 7.280827e-01     Tr[DP]  2.310108e-01
 iter:   5:1        |ddm|: 1.288178e-01     Tr[DP]  1.881077e-01
 iter:   5:2        |ddm|: 2.451119e-01     Tr[DP]  2.119228e-01
 iter:   6:1        |ddm|: 5.496566e-02     Tr[DP]  1.921647e-01
 iter:   6:2        |ddm|: 2.414077e-01     Tr[DP]  2.069707e-01
 iter:   7:1        |ddm|: 6.137574e-02     Tr[DP]  1.927599e-01
 iter:   7:2        |ddm|: 2.373742e-01     Tr[DP]  2.038520e-01
 iter:   8:1        |ddm|: 2.539555e-02     Tr[DP]  1.940496e-01
 iter:   8:2        |ddm|: 1.959094e-01     Tr[DP]  2.015306e-01
 iter:   9:1        |ddm|: 1.763416e-02     Tr[DP]  1.950112e-01
 iter:   9:2        |ddm|: 1.580766e-01     Tr[DP]  2.002994e-01
 iter:  10:1        |ddm|: 1.332625e-02     Tr[DP]  1.955549e-01
 iter:  10:2        |ddm|: 1.228650e-01     Tr[DP]  1.994111e-01
 iter:  11:1        |ddm|: 1.007078e-02     Tr[DP]  1.960334e-01
 iter:  11:2        |ddm|: 9.424503e-02     Tr[DP]  1.988055e-01
 iter:  12:1        |ddm|: 7.794618e-03     Tr[DP]  1.963851e-01
 iter:  12:2        |ddm|: 6.942476e-02     Tr[DP]  1.983571e-01
 iter:  13:1        |ddm|: 5.662935e-03     Tr[DP]  1.966411e-01
 iter:  13:2        |ddm|: 5.125971e-02     Tr[DP]  1.980371e-01
 iter:  14:1        |ddm|: 4.047686e-03     Tr[DP]  1.968094e-01
 iter:  14:2        |ddm|: 3.920123e-02     Tr[DP]  1.978512e-01
 iter:  15:1        |ddm|: 3.352873e-03     Tr[DP]  1.969547e-01
 iter:  15:2        |ddm|: 2.795129e-02     Tr[DP]  1.977057e-01
 iter:  16:1        |ddm|: 3.047133e-03     Tr[DP]  1.970338e-01
 iter:  16:2        |ddm|: 2.337453e-02     Tr[DP]  1.976088e-01
 iter:  17:1        |ddm|: 2.051437e-03     Tr[DP]  1.971103e-01
 iter:  17:2        |ddm|: 1.660334e-02     Tr[DP]  1.975309e-01
 iter:  18:1        |ddm|: 1.517535e-03     Tr[DP]  1.971706e-01
 iter:  18:2        |ddm|: 1.071908e-02     Tr[DP]  1.974671e-01
 iter:  19:1        |ddm|: 8.153235e-04     Tr[DP]  1.972055e-01
 iter:  19:2        |ddm|: 7.969971e-03     Tr[DP]  1.974227e-01
 iter:  20:1        |ddm|: 6.903855e-04     Tr[DP]  1.972298e-01
 iter:  20:2        |ddm|: 6.532076e-03     Tr[DP]  1.973951e-01
 iter:  21:1        |ddm|: 5.197455e-04     Tr[DP]  1.972513e-01
 iter:  21:2        |ddm|: 4.716294e-03     Tr[DP]  1.973727e-01
 iter:  22:1        |ddm|: 3.727838e-04     Tr[DP]  1.972666e-01
 iter:  22:2        |ddm|: 3.561121e-03     Tr[DP]  1.973572e-01
 iter:  23:1        |ddm|: 2.916747e-04     Tr[DP]  1.972779e-01
 iter:  23:2        |ddm|: 2.760178e-03     Tr[DP]  1.973464e-01
 iter:  24:1        |ddm|: 2.496243e-04     Tr[DP]  1.972872e-01
 iter:  24:2        |ddm|: 1.846244e-03     Tr[DP]  1.973363e-01
 iter:  25:1        |ddm|: 1.428380e-04     Tr[DP]  1.972934e-01
 iter:  25:2        |ddm|: 1.327614e-03     Tr[DP]  1.973292e-01
 iter:  26:1        |ddm|: 1.150877e-04     Tr[DP]  1.972975e-01
 iter:  26:2        |ddm|: 1.072036e-03     Tr[DP]  1.973247e-01
 iter:  27:1        |ddm|: 8.763768e-05     Tr[DP]  1.973010e-01
 iter:  27:2        |ddm|: 7.691402e-04     Tr[DP]  1.973209e-01
 iter:  28:1        |ddm|: 6.054468e-05     Tr[DP]  1.973035e-01
 iter:  28:2        |ddm|: 5.673679e-04     Tr[DP]  1.973183e-01
 iter:  29:1        |ddm|: 4.546453e-05     Tr[DP]  1.973054e-01
 iter:  29:2        |ddm|: 4.201947e-04     Tr[DP]  1.973163e-01
 iter:  30:1        |ddm|: 3.668980e-05     Tr[DP]  1.973067e-01
 iter:  30:2        |ddm|: 3.315961e-04     Tr[DP]  1.973150e-01
 iter:  31:1        |ddm|: 2.898122e-05     Tr[DP]  1.973078e-01
 iter:  31:2        |ddm|: 2.317688e-04     Tr[DP]  1.973138e-01
 iter:  32:1        |ddm|: 2.249872e-05     Tr[DP]  1.973086e-01
 iter:  32:2        |ddm|: 1.488959e-04     Tr[DP]  1.973128e-01
 iter:  33:1        |ddm|: 1.343909e-05     Tr[DP]  1.973091e-01
 iter:  33:2        |ddm|: 1.205714e-04     Tr[DP]  1.973123e-01
 iter:  34:1        |ddm|: 1.136688e-05     Tr[DP]  1.973095e-01
 iter:  34:2        |ddm|: 8.223622e-05     Tr[DP]  1.973118e-01
 iter:  35:1        |ddm|: 6.651046e-06     Tr[DP]  1.973098e-01
 iter:  35:2        |ddm|: 5.650037e-05     Tr[DP]  1.973114e-01
 iter:  36:1        |ddm|: 4.976329e-06     Tr[DP]  1.973100e-01
 iter:  36:2        |ddm|: 4.645282e-05     Tr[DP]  1.973112e-01
 iter:  37:1        |ddm|: 5.143755e-06     Tr[DP]  1.973101e-01
 iter:  37:2        |ddm|: 4.069489e-05     Tr[DP]  1.973111e-01
 iter:  38:1        |ddm|: 3.740149e-06     Tr[DP]  1.973102e-01
 iter:  38:2        |ddm|: 2.976816e-05     Tr[DP]  1.973109e-01
 iter:  39:1        |ddm|: 3.652979e-06     Tr[DP]  1.973103e-01
 iter:  39:2        |ddm|: 2.503016e-05     Tr[DP]  1.973109e-01
 iter:  40:1        |ddm|: 5.308122e-06     Tr[DP]  1.973104e-01
 iter:  40:2        |ddm|: 2.577044e-05     Tr[DP]  1.973109e-01
 iter:  41:1        |ddm|: 3.151464e-06     Tr[DP]  1.973104e-01
 iter:  41:2        |ddm|: 1.957814e-05     Tr[DP]  1.973109e-01
 iter:  42:1        |ddm|: 2.402907e-06     Tr[DP]  1.973105e-01
 iter:  42:2        |ddm|: 1.332774e-05     Tr[DP]  1.973108e-01
 iter:  43:1        |ddm|: 1.627174e-06     Tr[DP]  1.973106e-01
 iter:  43:2        |ddm|: 9.244929e-06     Tr[DP]  1.973108e-01
 iter:  44:1        |ddm|: 1.140560e-06     Tr[DP]  1.973106e-01
 iter:  44:2        |ddm|: 6.476950e-06     Tr[DP]  1.973108e-01
 iter:  45:1        |ddm|: 7.896244e-07     Tr[DP]  1.973106e-01
 iter:  45:2        |ddm|: 4.598370e-06     Tr[DP]  1.973107e-01
 iter:  46:1        |ddm|: 1.114264e-06     Tr[DP]  1.973106e-01
 iter:  46:2        |ddm|: 1.911075e-06     Tr[DP]  1.973107e-01
 iter:  47:1        |ddm|: 9.361356e-07     Tr[DP]  1.973106e-01
 iter:  47:2        |ddm|: 2.928782e-06     Tr[DP]  1.973107e-01
 iter:  48:1        |ddm|: 5.133269e-07     Tr[DP]  1.973106e-01
 iter:  48:2        |ddm|: 2.571674e-06     Tr[DP]  1.973107e-01
 iter:  49:1        |ddm|: 4.548892e-07     Tr[DP]  1.973106e-01
 iter:  49:2        |ddm|: 1.984369e-06     Tr[DP]  1.973107e-01
 iter:  50:1        |ddm|: 3.695629e-07     Tr[DP]  1.973107e-01
 iter:  50:2        |ddm|: 1.489213e-06     Tr[DP]  1.973107e-01
 iter:  51:1        |ddm|: 2.973493e-07     Tr[DP]  1.973107e-01
 iter:  51:2        |ddm|: 1.113288e-06     Tr[DP]  1.973107e-01
 iter:  52:1        |ddm|: 2.355387e-07     Tr[DP]  1.973107e-01
 iter:  52:2        |ddm|: 8.321684e-07     Tr[DP]  1.973107e-01
 iter:  53:1        |ddm|: 1.917715e-07     Tr[DP]  1.973107e-01
 iter:  53:2        |ddm|: 6.527921e-07     Tr[DP]  1.973107e-01
                           Freeze-and-Thaw converged!                           

=================== Subsystem 1 at higher mean-field method ====================
  subiter:   1      |ddm|: 2.384342e-01
  subiter:   2      |ddm|: 4.942492e-02
  subiter:   3      |ddm|: 1.100349e-02
  subiter:   4      |ddm|: 7.181469e-03
  subiter:   5      |ddm|: 2.354077e-03
  subiter:   6      |ddm|: 5.778953e-04
  subiter:   7      |ddm|: 6.291622e-04
  subiter:   8      |ddm|: 8.618338e-05
  subiter:   9      |ddm|: 3.063636e-05
  subiter:  10      |ddm|: 7.397858e-06
  subiter:  11      |ddm|: 5.177072e-07
  subiter:  12      |ddm|: 1.515746e-07
  subiter:  13      |ddm|: 4.312101e-08
  subiter:  14      |ddm|: 1.202409e-08
  subiter:  15      |ddm|: 2.333456e-08
  subiter:  16      |ddm|: 2.079607e-09


******** <class 'pyscf.scf.hf.RHF'> flags ********
method = RHF
initial guess = minao
damping factor = 0
level shift factor = 0
DIIS = <class 'pyscf.scf.diis.CDIIS'>
DIIS start cycle = 1
DIIS space = 8
SCF tol = 1e-09
SCF gradient tol = None
max. SCF cycles = 100
direct_scf = True
direct_scf_tol = 1e-13
chkfile to save SCF result = /panfs/roc/scratch/graha682/20170717_ccpVTZ_m06_ccsdt_ft_2hexa1235ene/tmpaXCBTM
max_memory 4000 MB (current use 330 MB)
Set gradient conv threshold to 3.16228e-05
init E= -73.9786038265779
  HOMO = -0.282928114016197  LUMO = 0.203528569999386
cycle= 1 E= -73.9786038265779  delta_E= -5.68e-14  |g|= 8.27e-10  |ddm|= 5.6e-09
  HOMO = -0.282928114109745  LUMO = 0.203528570070993
Extra cycle  E= -73.9786038265779  delta_E= 2.84e-14  |g|= 8.27e-10  |ddm|= 2.35e-09
converged SCF energy = -73.9786038265779


******** <class 'pyscf.dft.rks.RKS'> flags ********
method = RKS
initial guess = atom
damping factor = 0
level shift factor = 0.0
DIIS = <class 'pyscf.scf.diis.CDIIS'>
DIIS start cycle = 1
DIIS space = 8
SCF tol = 1e-08
SCF gradient tol = 1e-08
max. SCF cycles = 1
direct_scf = True
direct_scf_tol = 1e-13
chkfile to save SCF result = /panfs/roc/scratch/graha682/20170717_ccpVTZ_m06_ccsdt_ft_2hexa1235ene/tmp66EeOu
max_memory 4000 MB (current use 331 MB)
XC functionals = m06
small_rho_cutoff = 1e-20
radial grids: Treutler-Ahlrichs (JCP 102, 346 (M4)) radial grids
becke partition: Becke, JCP, 88, 2547 (1988)
pruning grids: <function nwchem_prune at 0x1961ed8>
grids dens level: 4
symmetrized grids: False
atomic radii adjust function: <function treutler_atomic_radii_adjust at 0x1961d70>
init E= -74.485349172746
  HOMO = -0.191872529858014  LUMO = 0.0711167170703378
cycle= 1 E= -74.4853491727459  delta_E= 5.68e-14  |g|= 1.47e-08  |ddm|= 1.71e-07
SCF not converged.
SCF energy = -74.4853491727459 after 1 cycles
 iter:  54:1        |ddm|: 2.655942e-01     Tr[DP]  2.414499e-01

==================== Doing CCSD Calculation on Subsystem 1 =====================

******** <class 'pyscf.cc.ccsd.CCSD'> flags ********
CCSD nocc = 7, nvir = 81
max_cycle = 50
direct = 0
conv_tol = 1e-07
conv_tol_normt = 1e-05
diis_space = 6
diis_start_cycle = 0
diis_start_energy_diff = 1e+09
max_memory 4000 MB (current use 325 MB)
Init t2, MP2 energy = -0.314036621163182
cycle = 1  E(CCSD) = -0.32391768891821  dE = -0.323917689  norm(t1,t2) = 0.0719474
cycle = 2  E(CCSD) = -0.33144839199311  dE = -0.00753070307  norm(t1,t2) = 0.0240563
cycle = 3  E(CCSD) = -0.332501840885922  dE = -0.00105344889  norm(t1,t2) = 0.0122845
cycle = 4  E(CCSD) = -0.333892013445784  dE = -0.00139017256  norm(t1,t2) = 0.00617472
cycle = 5  E(CCSD) = -0.333841458235403  dE = 5.05552104e-05  norm(t1,t2) = 0.0015107
cycle = 6  E(CCSD) = -0.333783098450943  dE = 5.83597845e-05  norm(t1,t2) = 0.000444272
cycle = 7  E(CCSD) = -0.333789820568223  dE = -6.72211728e-06  norm(t1,t2) = 9.9559e-05
cycle = 8  E(CCSD) = -0.333791323664662  dE = -1.50309644e-06  norm(t1,t2) = 3.59323e-05
cycle = 9  E(CCSD) = -0.333790963850573  dE = 3.59814089e-07  norm(t1,t2) = 9.21962e-06
cycle = 10  E(CCSD) = -0.333790784197527  dE = 1.79653046e-07  norm(t1,t2) = 3.11589e-06
cycle = 11  E(CCSD) = -0.33379073466615  dE = 4.95313778e-08  norm(t1,t2) = 6.69174e-07
CCSD converged
E(CCSD) = -74.31239456124403  E_corr = -0.3337907346661497
Hartree-Fock Energy:   -73.97860382657788
CCSD Correlation:       -0.33379073466615
CCSD Energy:           -74.31239456124403

=================== Doing CCSD(T) Calculation on Subsystem 1 ===================
CCSD(T) correction = -0.0136236770917695
Hartree-Fock Energy:   -73.97860382657788
CCSD(T) Correlation:       -0.34741441175792
CCSD(T) Energy:           -74.32601823833581

============================== Supermolecular DFT ==============================
  subiter:   1      |ddm|: 3.656595e+00
  subiter:   2      |ddm|: 1.035664e+00
  subiter:   3      |ddm|: 7.394481e-01
  subiter:   4      |ddm|: 8.465295e-02
  subiter:   5      |ddm|: 4.168903e-02
  subiter:   6      |ddm|: 1.592386e-02
  subiter:   7      |ddm|: 5.621742e-03
  subiter:   8      |ddm|: 2.660007e-03
  subiter:   9      |ddm|: 8.775863e-04
  subiter:  10      |ddm|: 4.825170e-04
  subiter:  11      |ddm|: 1.212666e-04
  subiter:  12      |ddm|: 7.265965e-05
  subiter:  13      |ddm|: 2.792760e-05
  subiter:  14      |ddm|: 9.432238e-06
  subiter:  15      |ddm|: 4.217562e-06
  subiter:  16      |ddm|: 1.315286e-06
  subiter:  17      |ddm|: 6.856530e-07
  subiter:  18      |ddm|: 3.082771e-07
  subiter:  19      |ddm|: 1.685240e-07
  subiter:  20      |ddm|: 1.875223e-08
  subiter:  21      |ddm|: 1.258529e-08
  subiter:  22      |ddm|: 2.549830e-09


******** <class 'pyscf.dft.rks.RKS'> flags ********
method = RKS
initial guess = atom
damping factor = 0
level shift factor = 0.0
DIIS = <class 'pyscf.scf.diis.CDIIS'>
DIIS start cycle = 1
DIIS space = 8
SCF tol = 1e-08
SCF gradient tol = 1e-08
max. SCF cycles = 100
direct_scf = True
direct_scf_tol = 1e-13
chkfile to save SCF result = /panfs/roc/scratch/graha682/20170717_ccpVTZ_m06_ccsdt_ft_2hexa1235ene/tmp3EVMDm
max_memory 4000 MB (current use 377 MB)
XC functionals = m06
small_rho_cutoff = 1e-20
radial grids: Treutler-Ahlrichs (JCP 102, 346 (M4)) radial grids
becke partition: Becke, JCP, 88, 2547 (1988)
pruning grids: <function nwchem_prune at 0x1961ed8>
grids dens level: 4
symmetrized grids: False
atomic radii adjust function: <function treutler_atomic_radii_adjust at 0x1961d70>
init E= -232.022122220285
  HOMO = -0.235474779727768  LUMO = -0.0680545873208906
cycle= 1 E= -232.022122220284  delta_E= 3.41e-13  |g|= 2.37e-09  |ddm|= 3.71e-09
  HOMO = -0.235474779745499  LUMO = -0.0680545873582336
Extra cycle  E= -232.022122220284  delta_E= 4.55e-13  |g|= 2.37e-09  |ddm|= 4.29e-09
converged SCF energy = -232.022122220284
Supermolecular DFT   -232.02212222028379

============================== Embedding Energies ==============================
Subsystem DFT               -74.48534917274591
Interaction                -157.30049984448661
DFT-in-DFT                 -231.78584901723252
Supermolecular DFT         -232.02212222028379
Difference                   -0.23627320305127
Corrected DFT-in-DFT       -232.02212222028379
WF-in-DFT                  -231.62651808282243
Corrected WF-in-DFT        -231.86279128587370
================================================================================
TIMING STATISTICS:
     overlap integrals      0.01s   ( 0.00%)
    initial subsystems      0.15s   ( 0.02%)
           2e matrices    552.58s   (66.55%)
      tot. embed. of 1    559.75s   (67.41%)
      tot. embed. of 2      0.32s   ( 0.04%)
       freeze and thaw    560.09s   (67.45%)
                  ccsd      4.64s   ( 0.56%)
               ccsd(t)      1.65s   ( 0.20%)
  interaction energies    263.65s   (31.75%)
                 TOTAL    830.37s
================================================================================

********************************************************************************
*                              END OF CALCULATION                              *
********************************************************************************
