********************************************************************************
*                              PySCF CALCULATION                               *
********************************************************************************

================================== Input File ==================================
atoms
F    0.0    0.0    0.0
end
charge -1
basis cc-pVDZ

scf
 method ks
 xc m06
 grid 4
 conv 1e-8
 grad 1e-8
 maxiter 100
 #shift 1.0
 #damp 1.0
end

================================== End Input ===================================
#INFO: **** input file is /home/goodpast/shared/repositories/pyscf_wrapper/run_pySCF.py ****
#!/usr/bin/env python

def main():
    '''Python wrapper to read a pySCF input file
    and run the corresponding calculations.'''

    from argparse import ArgumentParser, RawDescriptionHelpFormatter
    from textwrap import dedent
    from read_input import read_input, pstr
    import sys
    from simple_timer import timer
    from scf import do_scf
    from geomopt import do_geomopt
    from vfreq import vibrations

    # generate a parser to read the input files
    parser = ArgumentParser(description=dedent(main.__doc__),
                            formatter_class=RawDescriptionHelpFormatter)
    parser.add_argument('input_files', nargs='*', default=sys.stdin,
                        help='The pySCF input files.')
    args = parser.parse_args()

    # Cycle through all input files
    for files in args.input_files:

        # print header
        pstr ("", delim="*", addline=False)
        pstr ("PySCF CALCULATION", delim="*", fill=False, addline=False)
        pstr ("", delim="*", addline=False)

        # get input data
        inp = read_input(files)

        # start timer
        inp.timer = timer()

        # do single point energy
        inp = do_scf(inp)

        # do geomotry optimization
        if inp.geomopt: inp = do_geomopt(inp)

        if inp.vfreq: vibrations(inp)

        # end timer
        inp.timer.close()

        # print footer
        pstr("", delim="*")
        pstr("END OF CALCULATION", delim="*", fill=False, addline=False)
        pstr("", delim="*", addline=False)

if __name__=='__main__':
    main()
#INFO: ******************** input file end ********************


System: ('Linux', 'cn0023', '2.6.32-696.6.3.el6.x86_64', '#1 SMP Wed Jul 12 14:17:22 UTC 2017', 'x86_64', 'x86_64')  Threads 24
Python 2.7.6 | 64-bit | (default, Sep 15 2014, 17:36:10) 
[GCC 4.1.2 20080704 (Red Hat 4.1.2-54)]
numpy 1.10.4  scipy 0.17.0
Date: Fri Aug 18 14:24:10 2017
PySCF version 1.4a
PySCF path  /home/goodpast/graha682/code/python/pyscf/pyscf
GIT ORIG_HEAD 94b2c398b04426124a84f8d60968bbe95f5efd88
GIT HEAD      ref: refs/heads/master
GIT master branch  9330ea3bfcc413f76711ba39e39d531f72dcda29

[INPUT] VERBOSE 4
[INPUT] num atoms = 1
[INPUT] num electrons = 10
[INPUT] charge = -1
[INPUT] spin (= nelec alpha-beta = 2S) = 0
[INPUT] symmetry False subgroup None
[INPUT]  1 F      0.000000000000   0.000000000000   0.000000000000 AA    0.000000000000   0.000000000000   0.000000000000 Bohr
[INPUT] ---------------- BASIS SET ---------------- 
[INPUT] l, kappa, [nprim/nctr], expnt,             c_1 c_2 ...
[INPUT] F
[INPUT] 0    0    [8    /2   ]  14710             0.000721 -0.000165
                                2207              0.005553 -0.001308
                                502.8             0.028267 -0.006495
                                142.6             0.106444 -0.026691
                                46.47             0.286814 -0.07369
                                16.7              0.448641 -0.170776
                                6.356             0.264761 -0.112327
                                1.316             0.015333 0.562814
[INPUT] 0    0    [1    /1   ]  0.3897               1
[INPUT] 1    0    [3    /1   ]  22.67             0.044878
                                4.977             0.235718
                                1.347             0.508521
[INPUT] 1    0    [1    /1   ]  0.3471               1
[INPUT] 2    0    [1    /1   ]  1.64                 1
nuclear repulsion = 0
number of shells = 5
number of NR pGTOs = 26
number of NR cGTOs = 14
basis = {'F': [[0, [14710.0, 0.000721, -0.000165], [2207.0, 0.005553, -0.001308], [502.8, 0.028267, -0.006495], [142.6, 0.106444, -0.026691], [46.47, 0.286814, -0.07369], [16.7, 0.448641, -0.170776], [6.356, 0.264761, -0.112327], [1.316, 0.015333, 0.562814]], [0, [0.3897, 1.0]], [1, [22.67, 0.044878], [4.977, 0.235718], [1.347, 0.508521]], [1, [0.3471, 1.0]], [2, [1.64, 1.0]]]}
ecp = {}
CPU time:         0.79
tot grids = 29412


******** <class 'pyscf.dft.rks.RKS'> flags ********
method = RKS
initial guess = atom
damping factor = 0
level shift factor = 0
DIIS = <class 'pyscf.scf.diis.CDIIS'>
DIIS start cycle = 1
DIIS space = 8
SCF tol = 1e-08
SCF gradient tol = 1e-08
max. SCF cycles = 100
direct_scf = True
direct_scf_tol = 1e-13
chkfile to save SCF result = /panfs/roc/scratch/graha682/20170815_ccpVDZ_ccsdt_flouride/tmpbOhffF
max_memory 4000 MB (current use 52 MB)
XC functionals = m06
small_rho_cutoff = 1e-20
radial grids: Treutler-Ahlrichs (JCP 102, 346 (M4)) radial grids
becke partition: Becke, JCP, 88, 2547 (1988)
pruning grids: <function nwchem_prune at 0x162f488>
grids dens level: 4
symmetrized grids: False
atomic radii adjust function: <function treutler_atomic_radii_adjust at 0x162f320>
Initial guess from superpostion of atomic densties.
init E= -99.5914574401369
  HOMO = -0.473536549191681  LUMO = 1.0874035558987
cycle= 1 E= -99.6279533207508  delta_E= -0.0365  |g|= 0.903  |ddm|= 0.425
  HOMO = 0.327014382797899  LUMO = 1.82486736544732
cycle= 2 E= -99.5934957737131  delta_E= 0.0345  |g|= 1.03  |ddm|= 0.97
  HOMO = 0.137154016990813  LUMO = 1.64945132504316
cycle= 3 E= -99.7473359792711  delta_E= -0.154  |g|= 0.0175  |ddm|= 0.507
  HOMO = 0.137474836856361  LUMO = 1.64993038986776
cycle= 4 E= -99.7473774497021  delta_E= -4.15e-05  |g|= 0.00128  |ddm|= 0.00835
  HOMO = 0.137496650518167  LUMO = 1.64989076212306
cycle= 5 E= -99.7473776725715  delta_E= -2.23e-07  |g|= 4.35e-05  |ddm|= 0.000707
  HOMO = 0.137500916708303  LUMO = 1.64989685333133
cycle= 6 E= -99.7473776728298  delta_E= -2.58e-10  |g|= 1.09e-07  |ddm|= 2.3e-05
  HOMO = 0.137500903186589  LUMO = 1.6498968280413
cycle= 7 E= -99.7473776728298  delta_E= -4.26e-14  |g|= 5.27e-08  |ddm|= 3.07e-08
  HOMO = 0.137500898838927  LUMO = 1.64989681991073
cycle= 8 E= -99.7473776728298  delta_E= -1.42e-14  |g|= 3.48e-08  |ddm|= 9.87e-09
  HOMO = 0.137500896697425  LUMO = 1.64989681590572
cycle= 9 E= -99.7473776728298  delta_E= 4.26e-14  |g|= 2.59e-08  |ddm|= 4.87e-09
  HOMO = 0.137500891643027  LUMO = 1.64989680610984
cycle= 10 E= -99.7473776728298  delta_E= -4.26e-14  |g|= 6.44e-09  |ddm|= 1.76e-08
  HOMO = 0.137500891809122  LUMO = 1.64989680530521
Extra cycle  E= -99.7473776728298  delta_E=    0  |g|= 6.44e-09  |ddm|= 6.65e-09
converged SCF energy = -99.7473776728298
================================================================================
TIMING STATISTICS:
                 grids      0.01s   ( 0.80%)
                    ks      1.18s   (100.00%)
                 TOTAL      1.18s
================================================================================

********************************************************************************
*                              END OF CALCULATION                              *
********************************************************************************
