********************************************************************************
*                              PySCF CALCULATION                               *
********************************************************************************

================================== Input File ==================================
atoms
C         -1.03022        0.48923        6.76234
H         -1.85846        1.21825        6.76428
H         -0.09919        1.05754        6.92852
H         -1.17179       -0.17407        7.62984
C         -0.97821       -0.27783        5.45578
H         -0.16206       -1.02476        5.48735
H         -1.90675       -0.86592        5.32476
C         -0.78360        0.61904        4.24572
H          0.14654        1.20908        4.37098
H         -1.59993        1.36825        4.20747
C         -0.72898       -0.13512        2.93023
H         -1.66107       -0.72052        2.80109
H          0.08515       -0.88505        2.96224
C         -0.52791        0.76935        1.72053
H          0.41330        1.34004        1.83345
H         -1.34036        1.52360        1.70785
C         -0.51189        0.02301        0.42809
H         -1.42066       -0.55289        0.18854
C          0.51189       -0.02301       -0.42809
H          1.42066        0.55289       -0.18854
C          0.52791       -0.76935       -1.72053
H         -0.41330       -1.34004       -1.83345
H          1.34036       -1.52360       -1.70785
C          0.72898        0.13512       -2.93023
H          1.66107        0.72052       -2.80109
H         -0.08515        0.88505       -2.96224
C          0.78360       -0.61904       -4.24572
H          1.59993       -1.36825       -4.20747
H         -0.14654       -1.20908       -4.37098
C          0.97821        0.27783       -5.45578
H          0.16206        1.02476       -5.48735
H          1.90675        0.86592       -5.32476
C          1.03022       -0.48923       -6.76234
H          1.17179        0.17407       -7.62984
H          1.85846       -1.21825       -6.76428
H          0.09919       -1.05754       -6.92852
end

basis cc-pVTZ
gencube cas
scf
method cas[2,2]/nevpt2
grid 4
conv 1e-8
grad 1e-8
maxiter 100
end
================================== End Input ===================================


******** <class 'pyscf.scf.hf.RHF'> flags ********
method = RHF
initial guess = atom
damping factor = 0
level shift factor = 0
DIIS = <class 'pyscf.scf.diis.CDIIS'>
DIIS start cycle = 1
DIIS space = 8
SCF tol = 1e-08
SCF gradient tol = 1e-08
max. SCF cycles = 100
direct_scf = True
direct_scf_tol = 1e-13
chkfile to save SCF result = /panfs/roc/scratch/graha682/D0/201711_ccpVTZ_NEVPT2_0c12h24/tmptOVXSK
max_memory 4000 MB (current use 45 MB)
Initial guess from superpostion of atomic densties.
init E= -475.929119585031
  HOMO = -0.38578221302462  LUMO = -0.081657666151416
cycle= 1 E= -468.206672647189  delta_E= 7.72  |g|= 1.02  |ddm|= 3.94
  HOMO = -0.273952863540064  LUMO = 0.151982563046982
cycle= 2 E= -468.500284760296  delta_E= -0.294  |g|= 0.364  |ddm|= 0.947
  HOMO = -0.349167728570274  LUMO = 0.136830392958134
cycle= 3 E= -468.539175291999  delta_E= -0.0389  |g|= 0.113  |ddm|= 0.384
  HOMO = -0.341977545842538  LUMO = 0.142923851905705
cycle= 4 E= -468.543762895798  delta_E= -0.00459  |g|= 0.015  |ddm|= 0.132
  HOMO = -0.337696882425211  LUMO = 0.142811653400752
cycle= 5 E= -468.543842675948  delta_E= -7.98e-05  |g|= 0.00534  |ddm|= 0.0192
  HOMO = -0.338961481354845  LUMO = 0.142839131749966
cycle= 6 E= -468.543853996988  delta_E= -1.13e-05  |g|= 0.000779  |ddm|= 0.00917
  HOMO = -0.339008681734568  LUMO = 0.142819985740946
cycle= 7 E= -468.543854303832  delta_E= -3.07e-07  |g|= 0.00022  |ddm|= 0.00171
  HOMO = -0.33900725155134  LUMO = 0.142816656651254
cycle= 8 E= -468.543854323189  delta_E= -1.94e-08  |g|= 5.2e-05  |ddm|= 0.000397
  HOMO = -0.33900874157174  LUMO = 0.142816352945792
cycle= 9 E= -468.54385432441  delta_E= -1.22e-09  |g|= 1.75e-05  |ddm|= 7.91e-05
  HOMO = -0.339007996800025  LUMO = 0.142816440505258
cycle= 10 E= -468.543854324627  delta_E= -2.17e-10  |g|= 7.4e-06  |ddm|= 3.3e-05
  HOMO = -0.339007514567826  LUMO = 0.142816508742636
cycle= 11 E= -468.543854324677  delta_E= -4.96e-11  |g|= 2.01e-06  |ddm|= 2.08e-05
  HOMO = -0.339007632741046  LUMO = 0.14281652289386
cycle= 12 E= -468.543854324681  delta_E= -4.55e-12  |g|= 6.65e-07  |ddm|= 4.05e-06
  HOMO = -0.339007605542501  LUMO = 0.142816522173197
cycle= 13 E= -468.543854324683  delta_E= -1.14e-12  |g|= 1.79e-07  |ddm|= 1.75e-06
  HOMO = -0.339007600465452  LUMO = 0.142816517657196
cycle= 14 E= -468.543854324687  delta_E= -4.32e-12  |g|= 6.52e-08  |ddm|= 3.96e-07
  HOMO = -0.339007608355859  LUMO = 0.142816518573585
cycle= 15 E= -468.543854324693  delta_E= -5.68e-12  |g|= 2.46e-08  |ddm|= 1.04e-07
  HOMO = -0.339007605393917  LUMO = 0.142816517972906
cycle= 16 E= -468.543854324686  delta_E= 6.14e-12  |g|= 6.34e-09  |ddm|= 5.38e-08
  HOMO = -0.339007606275977  LUMO = 0.142816518082463
Extra cycle  E= -468.543854324679  delta_E= 7.73e-12  |g|= 2.95e-09  |ddm|= 1.07e-08
converged SCF energy = -468.543854324679

******** <class 'pyscf.mcscf.mc1step.CASSCF'> flags ********
CAS (1e+1e, 2o), ncore = 47, nvir = 647
max_cycle_macro = 50
max_cycle_micro = 4
conv_tol = 1e-07
conv_tol_grad = None
orbital rotation max_stepsize = 0.02
augmented hessian ah_max_cycle = 30
augmented hessian ah_conv_tol = 1e-12
augmented hessian ah_linear dependence = 1e-14
augmented hessian ah_level shift = 0
augmented hessian ah_start_tol = 2.5
augmented hessian ah_start_cycle = 3
augmented hessian ah_grad_trust_region = 3
kf_trust_region = 3
kf_interval = 4
ci_response_space = 4
ci_grad_trust_region = 3
with_dep4 0
natorb = False
canonicalization = True
sorting_mo_energy = True
chkfile = /panfs/roc/scratch/graha682/D0/201711_ccpVTZ_NEVPT2_0c12h24/tmptOVXSK
max_memory 4000 MB (current use 171 MB)
internal_rotation = False
******** <class 'pyscf.fci.direct_spin1.FCISolver'> flags ********
max. cycles = 50
conv_tol = 1e-08
davidson only = False
linear dependence = 1e-10
level shift = 0.001
max iter space = 12
max_memory 4000 MB
nroots = 1
pspace_size = 400
spin = None
CASCI E = -468.54385465861  S^2 = 0.0000000
Set conv_tol_grad to 0.000316228
macro iter 1 (1 JK  1 micro), CASSCF E = -468.54385465861  dE = -1.1368684e-13  S^2 = 0.0000000
               |grad[o]|=6.07e-06  |grad[c]|= 2.66650460156e-14  |ddm|=4.42e-12
1-step CASSCF converged in 1 macro (1 JK 1 micro) steps
CASSCF canonicalization
CASSCF energy = -468.54385465861
Sr    (-1)',   E = -0.00002839328275
Si    (+1)',   E = -0.00000029631133
Sijrs (0)  ,   E = -2.10630175286187
Sijr  (+1) ,   E = -0.01493643464823
Srsi  (-1) ,   E = -0.13200450841495
Srs   (-2) ,   E = -0.01575174733301
Sij   (+2) ,   E = -0.00011392381885
Sir   (0)' ,   E = -0.00054268839153
Nevpt2 Energy = -2.269679745062521
Total NEVPT2 = -470.813534403672463
================================================================================
TIMING STATISTICS:
                    hf    576.29s   ( 6.89%)
                   cas    540.84s   ( 6.47%)
                nevpt2   7229.36s   (86.46%)
                 TOTAL   8361.20s
================================================================================

********************************************************************************
*                              END OF CALCULATION                              *
********************************************************************************
