********************************************************************************
*                         FREEZE-AND-THAW CALCULATION                          *
********************************************************************************

================================== Input File ==================================
subsystem
C         -6.77790       -0.49042        0.01259
C         -5.53842        0.36579        0.18186
H         -7.70473        0.07823        0.18644
H         -6.77437       -1.34057        0.71595
H         -6.83471       -0.91338       -1.00492
C         -4.24810       -0.40067       -0.05079
H         -5.51898        0.80727        1.19674
H         -5.57675        1.22860       -0.51049
C         -2.99749        0.44280        0.11438
H         -4.26183       -0.84418       -1.06675
H         -4.20376       -1.26473        0.64239
C         -1.70829       -0.32425       -0.11542
H         -2.98489        0.88737        1.12970
H         -3.04101        1.30557       -0.58020
C         -0.45788        0.51991        0.04893
H         -1.72076       -0.76967       -1.13033
H         -1.66405       -1.18637        0.57983
C          0.83111       -0.24829       -0.17844
H         -0.44597        0.96657        1.06327
H         -0.50093        1.38115       -0.64750
charge -1
end

subsystem
C          2.08121        0.59672       -0.01508
H          0.81907       -0.69576       -1.19239
H          0.87490       -1.10865        0.51877
C          3.36756       -0.17655       -0.24030
H          2.09335        1.04473        0.99847
H          2.03929        1.45615       -0.71353
C          4.61881        0.67613       -0.06409
H          3.36110       -0.61886       -1.25608
H          3.41765       -1.03715        0.45419
C          5.84720       -0.13450       -0.32905
H          4.64314        1.08429        0.96463
H          4.54848        1.54967       -0.74166
C          6.59964       -0.73841        0.59442
H          7.15293       -1.65795        0.37933
H          6.69277       -0.33347        1.61078
H          5.88529       -0.54839       -1.35076
charge +1
end

embed
 huzinaga
 cycles 300
 conv 1e-8
 method m06
end

basis aug-cc-pVDZ
method cas[2,2]/nevpt2
grid 4
conv 1e-8
grad 1e-8
maxiter 100
================================== End Input ===================================
tot grids = 725328

                      Getting subsystem overlap integrals                       

                          Initial subsystem densities                           
Guessing initial subsystem densities
Initial guess from superpostion of atomic densties.
Guessing initial subsystem densities
Initial guess from superpostion of atomic densties.

=========================== Starting Freeze-and-Thaw ===========================
 iter:   1:1        |ddm|: 1.821790e+02     Tr[DP]  7.639743e-01
 iter:   1:2        |ddm|: 1.957831e+01     Tr[DP]  2.805294e-01
 iter:   2:1        |ddm|: 2.730740e+02     Tr[DP]  1.128347e-01
 iter:   2:2        |ddm|: 2.060648e+01     Tr[DP]  1.432201e-01
 iter:   3:1        |ddm|: 2.528429e+02     Tr[DP]  1.558463e-01
 iter:   3:2        |ddm|: 1.388655e+01     Tr[DP]  1.693806e-01
 iter:   4:1        |ddm|: 1.057158e+02     Tr[DP]  1.198556e-01
 iter:   4:2        |ddm|: 6.402903e+00     Tr[DP]  1.320150e-01
 iter:   5:1        |ddm|: 3.768171e+01     Tr[DP]  1.245867e-01
 iter:   5:2        |ddm|: 4.664804e+00     Tr[DP]  1.230474e-01
 iter:   6:1        |ddm|: 2.251296e+01     Tr[DP]  1.326491e-01
 iter:   6:2        |ddm|: 2.637760e+00     Tr[DP]  1.181365e-01
 iter:   7:1        |ddm|: 1.703535e+01     Tr[DP]  1.380908e-01
 iter:   7:2        |ddm|: 1.729836e+00     Tr[DP]  1.182923e-01
 iter:   8:1        |ddm|: 1.229188e+01     Tr[DP]  1.413557e-01
 iter:   8:2        |ddm|: 1.039572e+00     Tr[DP]  1.217029e-01
 iter:   9:1        |ddm|: 8.811457e+00     Tr[DP]  1.429136e-01
 iter:   9:2        |ddm|: 6.957513e-01     Tr[DP]  1.251969e-01
 iter:  10:1        |ddm|: 6.530463e+00     Tr[DP]  1.446329e-01
 iter:  10:2        |ddm|: 5.390728e-01     Tr[DP]  1.270477e-01
 iter:  11:1        |ddm|: 5.209578e+00     Tr[DP]  1.455777e-01
 iter:  11:2        |ddm|: 5.057076e-01     Tr[DP]  1.289183e-01
 iter:  12:1        |ddm|: 5.677531e+00     Tr[DP]  1.464334e-01
 iter:  12:2        |ddm|: 3.672750e-01     Tr[DP]  1.334482e-01
 iter:  13:1        |ddm|: 4.441409e+00     Tr[DP]  1.482889e-01
 iter:  13:2        |ddm|: 3.116169e-01     Tr[DP]  1.354652e-01
 iter:  14:1        |ddm|: 3.278498e+00     Tr[DP]  1.493989e-01
 iter:  14:2        |ddm|: 3.209080e-01     Tr[DP]  1.360776e-01
 iter:  15:1        |ddm|: 2.764555e+00     Tr[DP]  1.497823e-01
 iter:  15:2        |ddm|: 2.896459e-01     Tr[DP]  1.373513e-01
 iter:  16:1        |ddm|: 2.999145e+00     Tr[DP]  1.498949e-01
 iter:  16:2        |ddm|: 4.813303e-01     Tr[DP]  1.370568e-01
 iter:  17:1        |ddm|: 5.317536e+00     Tr[DP]  1.496330e-01
 iter:  17:2        |ddm|: 6.341352e-01     Tr[DP]  1.416148e-01
 iter:  18:1        |ddm|: 2.633553e+00     Tr[DP]  1.514982e-01
 iter:  18:2        |ddm|: 3.629321e-01     Tr[DP]  1.399799e-01
 iter:  19:1        |ddm|: 1.870406e+00     Tr[DP]  1.509939e-01
 iter:  19:2        |ddm|: 2.963150e-01     Tr[DP]  1.410872e-01
 iter:  20:1        |ddm|: 1.689390e+00     Tr[DP]  1.510424e-01
 iter:  20:2        |ddm|: 2.551687e-01     Tr[DP]  1.415600e-01
 iter:  21:1        |ddm|: 1.523522e+00     Tr[DP]  1.509299e-01
 iter:  21:2        |ddm|: 2.657336e-01     Tr[DP]  1.418575e-01
 iter:  22:1        |ddm|: 1.394159e+00     Tr[DP]  1.507058e-01
 iter:  22:2        |ddm|: 2.686431e-01     Tr[DP]  1.421657e-01
 iter:  23:1        |ddm|: 1.257353e+00     Tr[DP]  1.504779e-01
 iter:  23:2        |ddm|: 2.745630e-01     Tr[DP]  1.422735e-01
 iter:  24:1        |ddm|: 1.169135e+00     Tr[DP]  1.501250e-01
 iter:  24:2        |ddm|: 2.644999e-01     Tr[DP]  1.425902e-01
 iter:  25:1        |ddm|: 1.076449e+00     Tr[DP]  1.498486e-01
 iter:  25:2        |ddm|: 2.512697e-01     Tr[DP]  1.426161e-01
 iter:  26:1        |ddm|: 1.016836e+00     Tr[DP]  1.494905e-01
 iter:  26:2        |ddm|: 2.856872e-01     Tr[DP]  1.423709e-01
 iter:  27:1        |ddm|: 1.054734e+00     Tr[DP]  1.490022e-01
 iter:  27:2        |ddm|: 2.490353e-01     Tr[DP]  1.428259e-01
 iter:  28:1        |ddm|: 9.140710e-01     Tr[DP]  1.488717e-01
 iter:  28:2        |ddm|: 2.112010e-01     Tr[DP]  1.426610e-01
 iter:  29:1        |ddm|: 8.355846e-01     Tr[DP]  1.485200e-01
 iter:  29:2        |ddm|: 2.221382e-01     Tr[DP]  1.425072e-01
 iter:  30:1        |ddm|: 8.121806e-01     Tr[DP]  1.481384e-01
 iter:  30:2        |ddm|: 2.109743e-01     Tr[DP]  1.424519e-01
 iter:  31:1        |ddm|: 8.353260e-01     Tr[DP]  1.477959e-01
 iter:  31:2        |ddm|: 1.930135e-01     Tr[DP]  1.425293e-01
 iter:  32:1        |ddm|: 1.035671e+00     Tr[DP]  1.474702e-01
 iter:  32:2        |ddm|: 1.766264e-01     Tr[DP]  1.427800e-01
 iter:  33:1        |ddm|: 7.594728e-01     Tr[DP]  1.471919e-01
 iter:  33:2        |ddm|: 1.527618e-01     Tr[DP]  1.418120e-01
 iter:  34:1        |ddm|: 7.181662e-01     Tr[DP]  1.467661e-01
 iter:  34:2        |ddm|: 1.811891e-01     Tr[DP]  1.415818e-01
 iter:  35:1        |ddm|: 9.750217e-01     Tr[DP]  1.464190e-01
 iter:  35:2        |ddm|: 1.716458e-01     Tr[DP]  1.418134e-01
 iter:  36:1        |ddm|: 7.360948e-01     Tr[DP]  1.459795e-01
 iter:  36:2        |ddm|: 1.548019e-01     Tr[DP]  1.406832e-01
 iter:  37:1        |ddm|: 6.312689e-01     Tr[DP]  1.454898e-01
 iter:  37:2        |ddm|: 1.897077e-01     Tr[DP]  1.401981e-01
 iter:  38:1        |ddm|: 5.944784e-01     Tr[DP]  1.449931e-01
 iter:  38:2        |ddm|: 1.965317e-01     Tr[DP]  1.397912e-01
 iter:  39:1        |ddm|: 5.720305e-01     Tr[DP]  1.444726e-01
 iter:  39:2        |ddm|: 2.061526e-01     Tr[DP]  1.392743e-01
 iter:  40:1        |ddm|: 5.327344e-01     Tr[DP]  1.439923e-01
 iter:  40:2        |ddm|: 1.972496e-01     Tr[DP]  1.390434e-01
 iter:  41:1        |ddm|: 5.140570e-01     Tr[DP]  1.434889e-01
 iter:  41:2        |ddm|: 1.928779e-01     Tr[DP]  1.385693e-01
 iter:  42:1        |ddm|: 4.830414e-01     Tr[DP]  1.430003e-01
 iter:  42:2        |ddm|: 1.903780e-01     Tr[DP]  1.382223e-01
 iter:  43:1        |ddm|: 4.691129e-01     Tr[DP]  1.425372e-01
 iter:  43:2        |ddm|: 1.763941e-01     Tr[DP]  1.379473e-01
 iter:  44:1        |ddm|: 4.556528e-01     Tr[DP]  1.420407e-01
 iter:  44:2        |ddm|: 1.738535e-01     Tr[DP]  1.374454e-01
 iter:  45:1        |ddm|: 4.327680e-01     Tr[DP]  1.415499e-01
 iter:  45:2        |ddm|: 1.788712e-01     Tr[DP]  1.370160e-01
 iter:  46:1        |ddm|: 4.087179e-01     Tr[DP]  1.410812e-01
 iter:  46:2        |ddm|: 1.770088e-01     Tr[DP]  1.366638e-01
 iter:  47:1        |ddm|: 4.102604e-01     Tr[DP]  1.406491e-01
 iter:  47:2        |ddm|: 1.594268e-01     Tr[DP]  1.364522e-01
 iter:  48:1        |ddm|: 4.004360e-01     Tr[DP]  1.401929e-01
 iter:  48:2        |ddm|: 1.442513e-01     Tr[DP]  1.360725e-01
 iter:  49:1        |ddm|: 3.870810e-01     Tr[DP]  1.397235e-01
 iter:  49:2        |ddm|: 1.407084e-01     Tr[DP]  1.355840e-01
 iter:  50:1        |ddm|: 3.751964e-01     Tr[DP]  1.392708e-01
 iter:  50:2        |ddm|: 1.389479e-01     Tr[DP]  1.351481e-01
 iter:  51:1        |ddm|: 4.122122e-01     Tr[DP]  1.386839e-01
 iter:  51:2        |ddm|: 1.636254e-01     Tr[DP]  1.344885e-01
 iter:  52:1        |ddm|: 4.953135e-01     Tr[DP]  1.383606e-01
 iter:  52:2        |ddm|: 1.456104e-01     Tr[DP]  1.345400e-01
 iter:  53:1        |ddm|: 4.560253e-01     Tr[DP]  1.380375e-01
 iter:  53:2        |ddm|: 1.157553e-01     Tr[DP]  1.342375e-01
 iter:  54:1        |ddm|: 4.773779e-01     Tr[DP]  1.373161e-01
 iter:  54:2        |ddm|: 1.212260e-01     Tr[DP]  1.330468e-01
 iter:  55:1        |ddm|: 3.831494e-01     Tr[DP]  1.369206e-01
 iter:  55:2        |ddm|: 1.303878e-01     Tr[DP]  1.327561e-01
 iter:  56:1        |ddm|: 3.551121e-01     Tr[DP]  1.363828e-01
 iter:  56:2        |ddm|: 1.267791e-01     Tr[DP]  1.321504e-01
 iter:  57:1        |ddm|: 3.597210e-01     Tr[DP]  1.359286e-01
 iter:  57:2        |ddm|: 1.214825e-01     Tr[DP]  1.316925e-01
 iter:  58:1        |ddm|: 3.594207e-01     Tr[DP]  1.353252e-01
 iter:  58:2        |ddm|: 1.273692e-01     Tr[DP]  1.309796e-01
 iter:  59:1        |ddm|: 3.410728e-01     Tr[DP]  1.347917e-01
 iter:  59:2        |ddm|: 1.334672e-01     Tr[DP]  1.304442e-01
 iter:  60:1        |ddm|: 3.392333e-01     Tr[DP]  1.342157e-01
 iter:  60:2        |ddm|: 1.393566e-01     Tr[DP]  1.298749e-01
 iter:  61:1        |ddm|: 3.262241e-01     Tr[DP]  1.336639e-01
 iter:  61:2        |ddm|: 1.430367e-01     Tr[DP]  1.293707e-01
 iter:  62:1        |ddm|: 3.154119e-01     Tr[DP]  1.331180e-01
 iter:  62:2        |ddm|: 1.445255e-01     Tr[DP]  1.288900e-01
 iter:  63:1        |ddm|: 2.988619e-01     Tr[DP]  1.326132e-01
 iter:  63:2        |ddm|: 1.395989e-01     Tr[DP]  1.284666e-01
 iter:  64:1        |ddm|: 2.929612e-01     Tr[DP]  1.320855e-01
 iter:  64:2        |ddm|: 1.374073e-01     Tr[DP]  1.280038e-01
 iter:  65:1        |ddm|: 2.809981e-01     Tr[DP]  1.315841e-01
 iter:  65:2        |ddm|: 1.342848e-01     Tr[DP]  1.275784e-01
 iter:  66:1        |ddm|: 2.730463e-01     Tr[DP]  1.311339e-01
 iter:  66:2        |ddm|: 1.231428e-01     Tr[DP]  1.271984e-01
 iter:  67:1        |ddm|: 2.699641e-01     Tr[DP]  1.306228e-01
 iter:  67:2        |ddm|: 1.189663e-01     Tr[DP]  1.267110e-01
 iter:  68:1        |ddm|: 2.656596e-01     Tr[DP]  1.301233e-01
 iter:  68:2        |ddm|: 1.184936e-01     Tr[DP]  1.262463e-01
 iter:  69:1        |ddm|: 2.612049e-01     Tr[DP]  1.296195e-01
 iter:  69:2        |ddm|: 1.189560e-01     Tr[DP]  1.257813e-01
 iter:  70:1        |ddm|: 2.547324e-01     Tr[DP]  1.291310e-01
 iter:  70:2        |ddm|: 1.176350e-01     Tr[DP]  1.253503e-01
 iter:  71:1        |ddm|: 2.522292e-01     Tr[DP]  1.286458e-01
 iter:  71:2        |ddm|: 1.144329e-01     Tr[DP]  1.249276e-01
 iter:  72:1        |ddm|: 2.492847e-01     Tr[DP]  1.281342e-01
 iter:  72:2        |ddm|: 1.151608e-01     Tr[DP]  1.244629e-01
 iter:  73:1        |ddm|: 2.426469e-01     Tr[DP]  1.276399e-01
 iter:  73:2        |ddm|: 1.187635e-01     Tr[DP]  1.240427e-01
 iter:  74:1        |ddm|: 2.255309e-01     Tr[DP]  1.272218e-01
 iter:  74:2        |ddm|: 1.121519e-01     Tr[DP]  1.236986e-01
 iter:  75:1        |ddm|: 3.048338e-01     Tr[DP]  1.269705e-01
 iter:  75:2        |ddm|: 9.343162e-02     Tr[DP]  1.233926e-01
 iter:  76:1        |ddm|: 2.371189e-01     Tr[DP]  1.264173e-01
 iter:  76:2        |ddm|: 8.407649e-02     Tr[DP]  1.226924e-01
 iter:  77:1        |ddm|: 3.037946e-01     Tr[DP]  1.257134e-01
 iter:  77:2        |ddm|: 1.109303e-01     Tr[DP]  1.220620e-01
 iter:  78:1        |ddm|: 5.380182e-01     Tr[DP]  1.257790e-01
 iter:  78:2        |ddm|: 1.144145e-01     Tr[DP]  1.218133e-01
 iter:  79:1        |ddm|: 3.693311e-01     Tr[DP]  1.248594e-01
 iter:  79:2        |ddm|: 8.708876e-02     Tr[DP]  1.207216e-01
 iter:  80:1        |ddm|: 2.762589e-01     Tr[DP]  1.242325e-01
 iter:  80:2        |ddm|: 1.009555e-01     Tr[DP]  1.200775e-01
 iter:  81:1        |ddm|: 2.741380e-01     Tr[DP]  1.235985e-01
 iter:  81:2        |ddm|: 1.131645e-01     Tr[DP]  1.194878e-01
 iter:  82:1        |ddm|: 2.532623e-01     Tr[DP]  1.230643e-01
 iter:  82:2        |ddm|: 1.104645e-01     Tr[DP]  1.189853e-01
 iter:  83:1        |ddm|: 2.652107e-01     Tr[DP]  1.226562e-01
 iter:  83:2        |ddm|: 9.575109e-02     Tr[DP]  1.184633e-01
 iter:  84:1        |ddm|: 2.770544e-01     Tr[DP]  1.219328e-01
 iter:  84:2        |ddm|: 1.033481e-01     Tr[DP]  1.177247e-01
 iter:  85:1        |ddm|: 2.563167e-01     Tr[DP]  1.213279e-01
 iter:  85:2        |ddm|: 1.083908e-01     Tr[DP]  1.171548e-01
 iter:  86:1        |ddm|: 2.474649e-01     Tr[DP]  1.207451e-01
 iter:  86:2        |ddm|: 1.101778e-01     Tr[DP]  1.165956e-01
 iter:  87:1        |ddm|: 2.412490e-01     Tr[DP]  1.202152e-01
 iter:  87:2        |ddm|: 1.037014e-01     Tr[DP]  1.160530e-01
 iter:  88:1        |ddm|: 2.433815e-01     Tr[DP]  1.195923e-01
 iter:  88:2        |ddm|: 1.053394e-01     Tr[DP]  1.154490e-01
 iter:  89:1        |ddm|: 2.377133e-01     Tr[DP]  1.190147e-01
 iter:  89:2        |ddm|: 1.048250e-01     Tr[DP]  1.148887e-01
 iter:  90:1        |ddm|: 2.479681e-01     Tr[DP]  1.183622e-01
 iter:  90:2        |ddm|: 1.122738e-01     Tr[DP]  1.143329e-01
 iter:  91:1        |ddm|: 3.532793e-01     Tr[DP]  1.181484e-01
 iter:  91:2        |ddm|: 9.573125e-02     Tr[DP]  1.138424e-01
 iter:  92:1        |ddm|: 3.944148e-01     Tr[DP]  1.171370e-01
 iter:  92:2        |ddm|: 1.158989e-01     Tr[DP]  1.129561e-01
 iter:  93:1        |ddm|: 2.516893e-01     Tr[DP]  1.165638e-01
 iter:  93:2        |ddm|: 1.176761e-01     Tr[DP]  1.125257e-01
 iter:  94:1        |ddm|: 2.326897e-01     Tr[DP]  1.160850e-01
 iter:  94:2        |ddm|: 1.053072e-01     Tr[DP]  1.120789e-01
 iter:  95:1        |ddm|: 2.169583e-01     Tr[DP]  1.155066e-01
 iter:  95:2        |ddm|: 1.016963e-01     Tr[DP]  1.115371e-01
 iter:  96:1        |ddm|: 2.583654e-01     Tr[DP]  1.148058e-01
 iter:  96:2        |ddm|: 1.188445e-01     Tr[DP]  1.110251e-01
 iter:  97:1        |ddm|: 2.174666e-01     Tr[DP]  1.142959e-01
 iter:  97:2        |ddm|: 1.162751e-01     Tr[DP]  1.106973e-01
 iter:  98:1        |ddm|: 1.967164e-01     Tr[DP]  1.138677e-01
 iter:  98:2        |ddm|: 1.030991e-01     Tr[DP]  1.103706e-01
 iter:  99:1        |ddm|: 2.055170e-01     Tr[DP]  1.135222e-01
 iter:  99:2        |ddm|: 8.369377e-02     Tr[DP]  1.099673e-01
 iter: 100:1        |ddm|: 1.807159e-01     Tr[DP]  1.129923e-01
 iter: 100:2        |ddm|: 8.043383e-02     Tr[DP]  1.094143e-01
 iter: 101:1        |ddm|: 1.885686e-01     Tr[DP]  1.125421e-01
 iter: 101:2        |ddm|: 7.691869e-02     Tr[DP]  1.088757e-01
 iter: 102:1        |ddm|: 1.914025e-01     Tr[DP]  1.119882e-01
 iter: 102:2        |ddm|: 7.913426e-02     Tr[DP]  1.082749e-01
 iter: 103:1        |ddm|: 1.925364e-01     Tr[DP]  1.114586e-01
 iter: 103:2        |ddm|: 7.978282e-02     Tr[DP]  1.076934e-01
 iter: 104:1        |ddm|: 3.753486e-01     Tr[DP]  1.113086e-01
 iter: 104:2        |ddm|: 1.016687e-01     Tr[DP]  1.069999e-01
 iter: 105:1        |ddm|: 3.996189e-01     Tr[DP]  1.101898e-01
 iter: 105:2        |ddm|: 9.637997e-02     Tr[DP]  1.059614e-01
 iter: 106:1        |ddm|: 2.445571e-01     Tr[DP]  1.095510e-01
 iter: 106:2        |ddm|: 9.811375e-02     Tr[DP]  1.053829e-01
 iter: 107:1        |ddm|: 2.257129e-01     Tr[DP]  1.089644e-01
 iter: 107:2        |ddm|: 9.626541e-02     Tr[DP]  1.048071e-01
 iter: 108:1        |ddm|: 2.237123e-01     Tr[DP]  1.083066e-01
 iter: 108:2        |ddm|: 1.005924e-01     Tr[DP]  1.042165e-01
 iter: 109:1        |ddm|: 2.138407e-01     Tr[DP]  1.077329e-01
 iter: 109:2        |ddm|: 9.626275e-02     Tr[DP]  1.036737e-01
 iter: 110:1        |ddm|: 2.104065e-01     Tr[DP]  1.071110e-01
 iter: 110:2        |ddm|: 9.744777e-02     Tr[DP]  1.031120e-01
 iter: 111:1        |ddm|: 2.282871e-01     Tr[DP]  1.064256e-01
 iter: 111:2        |ddm|: 1.102765e-01     Tr[DP]  1.026154e-01
 iter: 112:1        |ddm|: 2.287020e-01     Tr[DP]  1.060446e-01
 iter: 112:2        |ddm|: 8.789157e-02     Tr[DP]  1.021960e-01
 iter: 113:1        |ddm|: 1.842734e-01     Tr[DP]  1.055033e-01
 iter: 113:2        |ddm|: 8.178380e-02     Tr[DP]  1.015989e-01
 iter: 114:1        |ddm|: 1.985138e-01     Tr[DP]  1.048675e-01
 iter: 114:2        |ddm|: 8.734024e-02     Tr[DP]  1.010005e-01
 iter: 115:1        |ddm|: 1.947618e-01     Tr[DP]  1.043116e-01
 iter: 115:2        |ddm|: 8.639452e-02     Tr[DP]  1.004687e-01
 iter: 116:1        |ddm|: 1.985534e-01     Tr[DP]  1.036972e-01
 iter: 116:2        |ddm|: 9.281925e-02     Tr[DP]  9.994676e-02
 iter: 117:1        |ddm|: 1.910425e-01     Tr[DP]  1.031574e-01
 iter: 117:2        |ddm|: 9.141623e-02     Tr[DP]  9.948936e-02
 iter: 118:1        |ddm|: 1.821485e-01     Tr[DP]  1.026776e-01
 iter: 118:2        |ddm|: 8.295046e-02     Tr[DP]  9.902281e-02
 iter: 119:1        |ddm|: 1.740219e-01     Tr[DP]  1.021692e-01
 iter: 119:2        |ddm|: 7.871128e-02     Tr[DP]  9.850498e-02
 iter: 120:1        |ddm|: 1.823384e-01     Tr[DP]  1.015806e-01
 iter: 120:2        |ddm|: 8.431114e-02     Tr[DP]  9.798800e-02
 iter: 121:1        |ddm|: 1.821543e-01     Tr[DP]  1.011327e-01
 iter: 121:2        |ddm|: 7.584007e-02     Tr[DP]  9.750682e-02
 iter: 122:1        |ddm|: 1.704999e-01     Tr[DP]  1.006337e-01
 iter: 122:2        |ddm|: 7.247897e-02     Tr[DP]  9.694041e-02
 iter: 123:1        |ddm|: 1.839875e-01     Tr[DP]  1.000207e-01
 iter: 123:2        |ddm|: 7.949947e-02     Tr[DP]  9.636546e-02
 iter: 124:1        |ddm|: 1.838447e-01     Tr[DP]  9.945331e-02
 iter: 124:2        |ddm|: 8.397149e-02     Tr[DP]  9.587634e-02
 iter: 125:1        |ddm|: 1.769987e-01     Tr[DP]  9.893534e-02
 iter: 125:2        |ddm|: 8.294803e-02     Tr[DP]  9.542684e-02
 iter: 126:1        |ddm|: 1.700590e-01     Tr[DP]  9.845798e-02
 iter: 126:2        |ddm|: 7.733164e-02     Tr[DP]  9.497222e-02
 iter: 127:1        |ddm|: 1.671058e-01     Tr[DP]  9.791894e-02
 iter: 127:2        |ddm|: 8.045561e-02     Tr[DP]  9.450691e-02
 iter: 128:1        |ddm|: 1.647554e-01     Tr[DP]  9.744811e-02
 iter: 128:2        |ddm|: 7.586564e-02     Tr[DP]  9.407972e-02
 iter: 129:1        |ddm|: 1.578700e-01     Tr[DP]  9.696286e-02
 iter: 129:2        |ddm|: 7.445463e-02     Tr[DP]  9.363701e-02
 iter: 130:1        |ddm|: 1.660081e-01     Tr[DP]  9.642736e-02
 iter: 130:2        |ddm|: 8.194108e-02     Tr[DP]  9.323148e-02
 iter: 131:1        |ddm|: 1.691313e-01     Tr[DP]  9.592677e-02
 iter: 131:2        |ddm|: 8.808576e-02     Tr[DP]  9.291834e-02
 iter: 132:1        |ddm|: 1.583726e-01     Tr[DP]  9.554057e-02
 iter: 132:2        |ddm|: 7.950888e-02     Tr[DP]  9.265649e-02
 iter: 133:1        |ddm|: 2.848588e-01     Tr[DP]  9.547519e-02
 iter: 133:2        |ddm|: 7.565647e-02     Tr[DP]  9.222727e-02
 iter: 134:1        |ddm|: 2.210431e-01     Tr[DP]  9.478878e-02
 iter: 134:2        |ddm|: 6.469579e-02     Tr[DP]  9.153389e-02
 iter: 135:1        |ddm|: 1.601403e-01     Tr[DP]  9.434133e-02
 iter: 135:2        |ddm|: 6.011222e-02     Tr[DP]  9.103449e-02
 iter: 136:1        |ddm|: 1.562129e-01     Tr[DP]  9.389969e-02
 iter: 136:2        |ddm|: 6.083825e-02     Tr[DP]  9.046689e-02
 iter: 137:1        |ddm|: 1.681530e-01     Tr[DP]  9.332280e-02
 iter: 137:2        |ddm|: 6.592374e-02     Tr[DP]  8.986718e-02
 iter: 138:1        |ddm|: 1.709015e-01     Tr[DP]  9.276783e-02
 iter: 138:2        |ddm|: 7.097092e-02     Tr[DP]  8.934409e-02
 iter: 139:1        |ddm|: 1.721006e-01     Tr[DP]  9.222183e-02
 iter: 139:2        |ddm|: 7.741188e-02     Tr[DP]  8.887939e-02
 iter: 140:1        |ddm|: 1.686758e-01     Tr[DP]  9.170219e-02
 iter: 140:2        |ddm|: 8.200741e-02     Tr[DP]  8.848027e-02
 iter: 141:1        |ddm|: 1.598497e-01     Tr[DP]  9.129201e-02
 iter: 141:2        |ddm|: 6.911815e-02     Tr[DP]  8.810540e-02
 iter: 142:1        |ddm|: 1.444326e-01     Tr[DP]  9.086706e-02
 iter: 142:2        |ddm|: 6.302482e-02     Tr[DP]  8.766531e-02
 iter: 143:1        |ddm|: 1.453272e-01     Tr[DP]  9.038759e-02
 iter: 143:2        |ddm|: 6.445357e-02     Tr[DP]  8.720068e-02
 iter: 144:1        |ddm|: 1.666131e-01     Tr[DP]  8.984576e-02
 iter: 144:2        |ddm|: 7.932661e-02     Tr[DP]  8.679517e-02
 iter: 145:1        |ddm|: 1.820470e-01     Tr[DP]  8.954735e-02
 iter: 145:2        |ddm|: 5.842962e-02     Tr[DP]  8.643129e-02
 iter: 146:1        |ddm|: 1.336746e-01     Tr[DP]  8.909950e-02
 iter: 146:2        |ddm|: 5.796018e-02     Tr[DP]  8.591325e-02
 iter: 147:1        |ddm|: 1.432733e-01     Tr[DP]  8.862884e-02
 iter: 147:2        |ddm|: 5.905052e-02     Tr[DP]  8.540064e-02
 iter: 148:1        |ddm|: 1.644424e-01     Tr[DP]  8.808266e-02
 iter: 148:2        |ddm|: 6.984537e-02     Tr[DP]  8.492322e-02
 iter: 149:1        |ddm|: 1.556720e-01     Tr[DP]  8.762676e-02
 iter: 149:2        |ddm|: 6.850721e-02     Tr[DP]  8.453686e-02
 iter: 150:1        |ddm|: 1.513694e-01     Tr[DP]  8.715392e-02
 iter: 150:2        |ddm|: 7.405166e-02     Tr[DP]  8.416879e-02
 iter: 151:1        |ddm|: 1.457867e-01     Tr[DP]  8.673264e-02
 iter: 151:2        |ddm|: 7.112750e-02     Tr[DP]  8.385314e-02
 iter: 152:1        |ddm|: 1.374073e-01     Tr[DP]  8.636013e-02
 iter: 152:2        |ddm|: 6.212513e-02     Tr[DP]  8.353893e-02
 iter: 153:1        |ddm|: 1.364155e-01     Tr[DP]  8.603815e-02
 iter: 153:2        |ddm|: 5.213693e-02     Tr[DP]  8.317045e-02
 iter: 154:1        |ddm|: 1.288862e-01     Tr[DP]  8.559613e-02
 iter: 154:2        |ddm|: 5.596771e-02     Tr[DP]  8.273687e-02
 iter: 155:1        |ddm|: 1.420210e-01     Tr[DP]  8.513976e-02
 iter: 155:2        |ddm|: 6.611226e-02     Tr[DP]  8.237854e-02
 iter: 156:1        |ddm|: 1.364954e-01     Tr[DP]  8.477370e-02
 iter: 156:2        |ddm|: 5.992106e-02     Tr[DP]  8.208251e-02
 iter: 157:1        |ddm|: 1.244891e-01     Tr[DP]  8.443885e-02
 iter: 157:2        |ddm|: 5.214947e-02     Tr[DP]  8.175485e-02
 iter: 158:1        |ddm|: 1.162267e-01     Tr[DP]  8.409512e-02
 iter: 158:2        |ddm|: 4.892735e-02     Tr[DP]  8.137405e-02
 iter: 159:1        |ddm|: 1.181598e-01     Tr[DP]  8.370225e-02
 iter: 159:2        |ddm|: 5.026980e-02     Tr[DP]  8.096917e-02
 iter: 160:1        |ddm|: 1.228184e-01     Tr[DP]  8.331471e-02
 iter: 160:2        |ddm|: 5.074815e-02     Tr[DP]  8.058414e-02
 iter: 161:1        |ddm|: 1.309796e-01     Tr[DP]  8.299686e-02
 iter: 161:2        |ddm|: 5.025430e-02     Tr[DP]  8.016936e-02
 iter: 162:1        |ddm|: 1.511081e-01     Tr[DP]  8.250742e-02
 iter: 162:2        |ddm|: 5.871881e-02     Tr[DP]  7.970713e-02
 iter: 163:1        |ddm|: 1.389324e-01     Tr[DP]  8.209477e-02
 iter: 163:2        |ddm|: 5.948686e-02     Tr[DP]  7.936468e-02
 iter: 164:1        |ddm|: 1.336375e-01     Tr[DP]  8.169030e-02
 iter: 164:2        |ddm|: 6.391924e-02     Tr[DP]  7.905181e-02
 iter: 165:1        |ddm|: 1.286372e-01     Tr[DP]  8.132760e-02
 iter: 165:2        |ddm|: 6.069489e-02     Tr[DP]  7.877904e-02
 iter: 166:1        |ddm|: 1.196510e-01     Tr[DP]  8.098967e-02
 iter: 166:2        |ddm|: 5.548001e-02     Tr[DP]  7.850964e-02
 iter: 167:1        |ddm|: 1.128171e-01     Tr[DP]  8.066878e-02
 iter: 167:2        |ddm|: 5.014944e-02     Tr[DP]  7.823204e-02
 iter: 168:1        |ddm|: 1.079895e-01     Tr[DP]  8.035552e-02
 iter: 168:2        |ddm|: 4.631028e-02     Tr[DP]  7.793832e-02
 iter: 169:1        |ddm|: 1.096132e-01     Tr[DP]  8.007162e-02
 iter: 169:2        |ddm|: 4.268346e-02     Tr[DP]  7.761197e-02
 iter: 170:1        |ddm|: 1.038806e-01     Tr[DP]  7.973213e-02
 iter: 170:2        |ddm|: 4.371850e-02     Tr[DP]  7.723314e-02
 iter: 171:1        |ddm|: 1.116181e-01     Tr[DP]  7.937679e-02
 iter: 171:2        |ddm|: 4.503057e-02     Tr[DP]  7.686514e-02
 iter: 172:1        |ddm|: 1.199899e-01     Tr[DP]  7.899798e-02
 iter: 172:2        |ddm|: 5.091041e-02     Tr[DP]  7.652344e-02
 iter: 173:1        |ddm|: 1.263041e-01     Tr[DP]  7.861963e-02
 iter: 173:2        |ddm|: 6.084299e-02     Tr[DP]  7.624543e-02
 iter: 174:1        |ddm|: 1.197965e-01     Tr[DP]  7.831064e-02
 iter: 174:2        |ddm|: 5.351955e-02     Tr[DP]  7.602080e-02
 iter: 175:1        |ddm|: 1.062441e-01     Tr[DP]  7.801075e-02
 iter: 175:2        |ddm|: 4.959386e-02     Tr[DP]  7.578448e-02
 iter: 176:1        |ddm|: 1.033643e-01     Tr[DP]  7.775010e-02
 iter: 176:2        |ddm|: 4.054078e-02     Tr[DP]  7.553602e-02
 iter: 177:1        |ddm|: 9.499086e-02     Tr[DP]  7.749088e-02
 iter: 177:2        |ddm|: 3.919937e-02     Tr[DP]  7.523246e-02
 iter: 178:1        |ddm|: 1.033006e-01     Tr[DP]  7.715524e-02
 iter: 178:2        |ddm|: 4.268611e-02     Tr[DP]  7.490033e-02
 iter: 179:1        |ddm|: 1.040725e-01     Tr[DP]  7.688091e-02
 iter: 179:2        |ddm|: 3.893032e-02     Tr[DP]  7.460545e-02
 iter: 180:1        |ddm|: 1.001154e-01     Tr[DP]  7.656498e-02
 iter: 180:2        |ddm|: 4.088105e-02     Tr[DP]  7.427042e-02
 iter: 181:1        |ddm|: 1.244376e-01     Tr[DP]  7.619315e-02
 iter: 181:2        |ddm|: 5.728981e-02     Tr[DP]  7.398063e-02
 iter: 182:1        |ddm|: 1.144883e-01     Tr[DP]  7.589608e-02
 iter: 182:2        |ddm|: 5.179544e-02     Tr[DP]  7.378127e-02
 iter: 183:1        |ddm|: 1.019265e-01     Tr[DP]  7.562566e-02
 iter: 183:2        |ddm|: 4.704949e-02     Tr[DP]  7.358071e-02
 iter: 184:1        |ddm|: 9.486486e-02     Tr[DP]  7.537421e-02
 iter: 184:2        |ddm|: 4.067802e-02     Tr[DP]  7.337344e-02
 iter: 185:1        |ddm|: 9.378202e-02     Tr[DP]  7.515807e-02
 iter: 185:2        |ddm|: 3.463257e-02     Tr[DP]  7.313503e-02
 iter: 186:1        |ddm|: 8.213315e-02     Tr[DP]  7.491446e-02
 iter: 186:2        |ddm|: 3.647792e-02     Tr[DP]  7.283228e-02
 iter: 187:1        |ddm|: 8.687878e-02     Tr[DP]  7.465160e-02
 iter: 187:2        |ddm|: 3.851403e-02     Tr[DP]  7.250117e-02
 iter: 188:1        |ddm|: 1.149247e-01     Tr[DP]  7.431142e-02
 iter: 188:2        |ddm|: 4.504721e-02     Tr[DP]  7.217736e-02
 iter: 189:1        |ddm|: 1.278121e-01     Tr[DP]  7.395570e-02
 iter: 189:2        |ddm|: 6.655806e-02     Tr[DP]  7.196247e-02
 iter: 190:1        |ddm|: 1.179196e-01     Tr[DP]  7.371884e-02
 iter: 190:2        |ddm|: 5.000121e-02     Tr[DP]  7.184011e-02
 iter: 191:1        |ddm|: 9.068334e-02     Tr[DP]  7.350557e-02
 iter: 191:2        |ddm|: 3.764191e-02     Tr[DP]  7.167207e-02
 iter: 192:1        |ddm|: 7.935184e-02     Tr[DP]  7.328637e-02
 iter: 192:2        |ddm|: 3.339113e-02     Tr[DP]  7.147128e-02
 iter: 193:1        |ddm|: 7.854526e-02     Tr[DP]  7.305874e-02
 iter: 193:2        |ddm|: 3.280088e-02     Tr[DP]  7.125937e-02
 iter: 194:1        |ddm|: 8.372774e-02     Tr[DP]  7.285977e-02
 iter: 194:2        |ddm|: 3.036841e-02     Tr[DP]  7.104009e-02
 iter: 195:1        |ddm|: 8.089497e-02     Tr[DP]  7.267172e-02
 iter: 195:2        |ddm|: 3.882717e-02     Tr[DP]  7.076406e-02
 iter: 196:1        |ddm|: 1.357643e-01     Tr[DP]  7.233034e-02
 iter: 196:2        |ddm|: 4.997113e-02     Tr[DP]  7.045509e-02
 iter: 197:1        |ddm|: 1.033126e-01     Tr[DP]  7.210100e-02
 iter: 197:2        |ddm|: 3.562229e-02     Tr[DP]  7.029340e-02
 iter: 198:1        |ddm|: 8.218871e-02     Tr[DP]  7.187247e-02
 iter: 198:2        |ddm|: 3.511365e-02     Tr[DP]  7.009369e-02
 iter: 199:1        |ddm|: 8.154527e-02     Tr[DP]  7.164196e-02
 iter: 199:2        |ddm|: 3.532592e-02     Tr[DP]  6.989791e-02
 iter: 200:1        |ddm|: 7.945366e-02     Tr[DP]  7.143518e-02
 iter: 200:2        |ddm|: 3.036399e-02     Tr[DP]  6.970390e-02
 iter: 201:1        |ddm|: 7.905162e-02     Tr[DP]  7.120337e-02
 iter: 201:2        |ddm|: 3.469105e-02     Tr[DP]  6.949505e-02
 iter: 202:1        |ddm|: 7.944497e-02     Tr[DP]  7.098932e-02
 iter: 202:2        |ddm|: 3.200901e-02     Tr[DP]  6.931251e-02
 iter: 203:1        |ddm|: 7.702538e-02     Tr[DP]  7.077258e-02
 iter: 203:2        |ddm|: 3.372479e-02     Tr[DP]  6.912944e-02
 iter: 204:1        |ddm|: 7.837617e-02     Tr[DP]  7.055681e-02
 iter: 204:2        |ddm|: 3.614468e-02     Tr[DP]  6.896558e-02
 iter: 205:1        |ddm|: 7.647560e-02     Tr[DP]  7.035934e-02
 iter: 205:2        |ddm|: 3.365167e-02     Tr[DP]  6.882046e-02
 iter: 206:1        |ddm|: 7.186920e-02     Tr[DP]  7.017075e-02
 iter: 206:2        |ddm|: 3.187567e-02     Tr[DP]  6.867713e-02
 iter: 207:1        |ddm|: 6.924245e-02     Tr[DP]  6.998897e-02
 iter: 207:2        |ddm|: 3.023096e-02     Tr[DP]  6.853725e-02
 iter: 208:1        |ddm|: 6.680631e-02     Tr[DP]  6.981450e-02
 iter: 208:2        |ddm|: 2.833153e-02     Tr[DP]  6.839956e-02
 iter: 209:1        |ddm|: 6.434198e-02     Tr[DP]  6.965598e-02
 iter: 209:2        |ddm|: 2.421576e-02     Tr[DP]  6.825631e-02
 iter: 210:1        |ddm|: 6.099019e-02     Tr[DP]  6.948166e-02
 iter: 210:2        |ddm|: 2.560387e-02     Tr[DP]  6.809954e-02
 iter: 211:1        |ddm|: 6.296968e-02     Tr[DP]  6.931135e-02
 iter: 211:2        |ddm|: 2.602063e-02     Tr[DP]  6.795503e-02
 iter: 212:1        |ddm|: 6.242592e-02     Tr[DP]  6.914340e-02
 iter: 212:2        |ddm|: 2.659938e-02     Tr[DP]  6.781819e-02
 iter: 213:1        |ddm|: 6.088840e-02     Tr[DP]  6.899621e-02
 iter: 213:2        |ddm|: 2.202907e-02     Tr[DP]  6.768183e-02
 iter: 214:1        |ddm|: 6.501857e-02     Tr[DP]  6.881951e-02
 iter: 214:2        |ddm|: 3.163757e-02     Tr[DP]  6.753722e-02
 iter: 215:1        |ddm|: 6.392857e-02     Tr[DP]  6.866549e-02
 iter: 215:2        |ddm|: 2.574846e-02     Tr[DP]  6.742984e-02
 iter: 216:1        |ddm|: 5.900864e-02     Tr[DP]  6.854132e-02
 iter: 216:2        |ddm|: 2.015367e-02     Tr[DP]  6.730466e-02
 iter: 217:1        |ddm|: 5.822872e-02     Tr[DP]  6.843606e-02
 iter: 217:2        |ddm|: 3.386175e-02     Tr[DP]  6.712625e-02
 iter: 218:1        |ddm|: 7.091607e-02     Tr[DP]  6.825014e-02
 iter: 218:2        |ddm|: 2.489349e-02     Tr[DP]  6.689879e-02
 iter: 219:1        |ddm|: 6.840955e-02     Tr[DP]  6.806456e-02
 iter: 219:2        |ddm|: 2.633186e-02     Tr[DP]  6.673513e-02
 iter: 220:1        |ddm|: 6.631034e-02     Tr[DP]  6.789064e-02
 iter: 220:2        |ddm|: 2.866217e-02     Tr[DP]  6.659560e-02
 iter: 221:1        |ddm|: 6.330119e-02     Tr[DP]  6.772603e-02
 iter: 221:2        |ddm|: 2.876640e-02     Tr[DP]  6.647225e-02
 iter: 222:1        |ddm|: 6.066279e-02     Tr[DP]  6.756721e-02
 iter: 222:2        |ddm|: 2.898647e-02     Tr[DP]  6.636018e-02
 iter: 223:1        |ddm|: 5.770339e-02     Tr[DP]  6.742972e-02
 iter: 223:2        |ddm|: 2.169481e-02     Tr[DP]  6.625454e-02
 iter: 224:1        |ddm|: 5.264103e-02     Tr[DP]  6.728931e-02
 iter: 224:2        |ddm|: 2.335759e-02     Tr[DP]  6.613496e-02
 iter: 225:1        |ddm|: 5.225362e-02     Tr[DP]  6.715522e-02
 iter: 225:2        |ddm|: 1.974341e-02     Tr[DP]  6.602157e-02
 iter: 226:1        |ddm|: 5.093775e-02     Tr[DP]  6.704129e-02
 iter: 226:2        |ddm|: 2.064063e-02     Tr[DP]  6.588910e-02
 iter: 227:1        |ddm|: 5.138283e-02     Tr[DP]  6.689868e-02
 iter: 227:2        |ddm|: 2.035113e-02     Tr[DP]  6.572919e-02
 iter: 228:1        |ddm|: 5.266960e-02     Tr[DP]  6.675828e-02
 iter: 228:2        |ddm|: 1.977137e-02     Tr[DP]  6.558785e-02
 iter: 229:1        |ddm|: 5.397288e-02     Tr[DP]  6.661161e-02
 iter: 229:2        |ddm|: 2.153040e-02     Tr[DP]  6.544519e-02
 iter: 230:1        |ddm|: 5.454437e-02     Tr[DP]  6.646706e-02
 iter: 230:2        |ddm|: 2.184673e-02     Tr[DP]  6.531627e-02
 iter: 231:1        |ddm|: 6.407772e-02     Tr[DP]  6.630729e-02
 iter: 231:2        |ddm|: 3.430037e-02     Tr[DP]  6.520509e-02
 iter: 232:1        |ddm|: 6.174282e-02     Tr[DP]  6.618892e-02
 iter: 232:2        |ddm|: 1.882900e-02     Tr[DP]  6.512454e-02
 iter: 233:1        |ddm|: 4.520470e-02     Tr[DP]  6.606834e-02
 iter: 233:2        |ddm|: 1.897503e-02     Tr[DP]  6.500898e-02
 iter: 234:1        |ddm|: 4.702537e-02     Tr[DP]  6.594437e-02
 iter: 234:2        |ddm|: 1.858937e-02     Tr[DP]  6.489632e-02
 iter: 235:1        |ddm|: 4.963459e-02     Tr[DP]  6.581409e-02
 iter: 235:2        |ddm|: 2.185883e-02     Tr[DP]  6.478867e-02
 iter: 236:1        |ddm|: 4.917284e-02     Tr[DP]  6.569322e-02
 iter: 236:2        |ddm|: 2.000604e-02     Tr[DP]  6.469608e-02
 iter: 237:1        |ddm|: 4.631272e-02     Tr[DP]  6.559165e-02
 iter: 237:2        |ddm|: 1.633949e-02     Tr[DP]  6.459430e-02
 iter: 238:1        |ddm|: 4.626624e-02     Tr[DP]  6.546775e-02
 iter: 238:2        |ddm|: 1.963243e-02     Tr[DP]  6.447432e-02
 iter: 239:1        |ddm|: 4.832404e-02     Tr[DP]  6.534569e-02
 iter: 239:2        |ddm|: 2.029906e-02     Tr[DP]  6.438026e-02
 iter: 240:1        |ddm|: 4.639109e-02     Tr[DP]  6.523107e-02
 iter: 240:2        |ddm|: 2.001880e-02     Tr[DP]  6.429392e-02
 iter: 241:1        |ddm|: 4.436895e-02     Tr[DP]  6.512175e-02
 iter: 241:2        |ddm|: 1.887648e-02     Tr[DP]  6.421181e-02
 iter: 242:1        |ddm|: 4.354557e-02     Tr[DP]  6.501294e-02
 iter: 242:2        |ddm|: 2.032101e-02     Tr[DP]  6.413416e-02
 iter: 243:1        |ddm|: 4.293845e-02     Tr[DP]  6.492005e-02
 iter: 243:2        |ddm|: 1.485640e-02     Tr[DP]  6.406087e-02
 iter: 244:1        |ddm|: 3.752360e-02     Tr[DP]  6.482296e-02
 iter: 244:2        |ddm|: 1.561980e-02     Tr[DP]  6.397418e-02
 iter: 245:1        |ddm|: 3.877993e-02     Tr[DP]  6.472571e-02
 iter: 245:2        |ddm|: 1.550419e-02     Tr[DP]  6.389329e-02
 iter: 246:1        |ddm|: 4.213276e-02     Tr[DP]  6.465240e-02
 iter: 246:2        |ddm|: 1.699300e-02     Tr[DP]  6.380258e-02
 iter: 247:1        |ddm|: 3.529052e-02     Tr[DP]  6.455672e-02
 iter: 247:2        |ddm|: 1.521916e-02     Tr[DP]  6.367700e-02
 iter: 248:1        |ddm|: 3.988400e-02     Tr[DP]  6.445130e-02
 iter: 248:2        |ddm|: 1.503792e-02     Tr[DP]  6.356475e-02
 iter: 249:1        |ddm|: 4.364735e-02     Tr[DP]  6.433968e-02
 iter: 249:2        |ddm|: 1.765301e-02     Tr[DP]  6.346281e-02
 iter: 250:1        |ddm|: 4.266728e-02     Tr[DP]  6.423361e-02
 iter: 250:2        |ddm|: 1.754894e-02     Tr[DP]  6.337688e-02
 iter: 251:1        |ddm|: 4.149731e-02     Tr[DP]  6.412982e-02
 iter: 251:2        |ddm|: 1.853020e-02     Tr[DP]  6.329703e-02
 iter: 252:1        |ddm|: 4.080573e-02     Tr[DP]  6.402993e-02
 iter: 252:2        |ddm|: 1.872093e-02     Tr[DP]  6.322653e-02
 iter: 253:1        |ddm|: 3.892012e-02     Tr[DP]  6.393840e-02
 iter: 253:2        |ddm|: 1.651653e-02     Tr[DP]  6.316146e-02
 iter: 254:1        |ddm|: 3.612750e-02     Tr[DP]  6.385293e-02
 iter: 254:2        |ddm|: 1.443632e-02     Tr[DP]  6.309403e-02
 iter: 255:1        |ddm|: 3.416879e-02     Tr[DP]  6.377109e-02
 iter: 255:2        |ddm|: 1.296340e-02     Tr[DP]  6.302310e-02
 iter: 256:1        |ddm|: 3.399296e-02     Tr[DP]  6.368499e-02
 iter: 256:2        |ddm|: 1.418620e-02     Tr[DP]  6.294985e-02
 iter: 257:1        |ddm|: 4.488034e-02     Tr[DP]  6.357980e-02
 iter: 257:2        |ddm|: 2.746545e-02     Tr[DP]  6.289581e-02
 iter: 258:1        |ddm|: 4.455689e-02     Tr[DP]  6.350973e-02
 iter: 258:2        |ddm|: 1.466225e-02     Tr[DP]  6.287046e-02
 iter: 259:1        |ddm|: 6.053454e-02     Tr[DP]  6.349081e-02
 iter: 259:2        |ddm|: 3.256355e-02     Tr[DP]  6.279755e-02
 iter: 260:1        |ddm|: 5.649713e-02     Tr[DP]  6.339578e-02
 iter: 260:2        |ddm|: 1.621227e-02     Tr[DP]  6.266308e-02
 iter: 261:1        |ddm|: 3.821777e-02     Tr[DP]  6.330427e-02
 iter: 261:2        |ddm|: 1.283209e-02     Tr[DP]  6.259118e-02
 iter: 262:1        |ddm|: 3.305316e-02     Tr[DP]  6.323491e-02
 iter: 262:2        |ddm|: 1.344063e-02     Tr[DP]  6.250882e-02
 iter: 263:1        |ddm|: 3.885493e-02     Tr[DP]  6.314337e-02
 iter: 263:2        |ddm|: 1.546998e-02     Tr[DP]  6.241234e-02
 iter: 264:1        |ddm|: 3.574458e-02     Tr[DP]  6.305641e-02
 iter: 264:2        |ddm|: 1.318487e-02     Tr[DP]  6.234055e-02
 iter: 265:1        |ddm|: 3.192846e-02     Tr[DP]  6.297692e-02
 iter: 265:2        |ddm|: 1.216916e-02     Tr[DP]  6.226356e-02
 iter: 266:1        |ddm|: 3.463015e-02     Tr[DP]  6.289150e-02
 iter: 266:2        |ddm|: 1.492821e-02     Tr[DP]  6.218619e-02
 iter: 267:1        |ddm|: 3.405774e-02     Tr[DP]  6.280913e-02
 iter: 267:2        |ddm|: 1.373671e-02     Tr[DP]  6.212069e-02
 iter: 268:1        |ddm|: 3.318492e-02     Tr[DP]  6.272890e-02
 iter: 268:2        |ddm|: 1.467978e-02     Tr[DP]  6.205741e-02
 iter: 269:1        |ddm|: 3.204395e-02     Tr[DP]  6.265280e-02
 iter: 269:2        |ddm|: 1.311777e-02     Tr[DP]  6.199932e-02
 iter: 270:1        |ddm|: 3.073527e-02     Tr[DP]  6.257900e-02
 iter: 270:2        |ddm|: 1.319351e-02     Tr[DP]  6.194177e-02
 iter: 271:1        |ddm|: 3.062591e-02     Tr[DP]  6.250651e-02
 iter: 271:2        |ddm|: 1.354385e-02     Tr[DP]  6.188850e-02
 iter: 272:1        |ddm|: 2.965072e-02     Tr[DP]  6.243812e-02
 iter: 272:2        |ddm|: 1.216548e-02     Tr[DP]  6.183873e-02
 iter: 273:1        |ddm|: 2.796640e-02     Tr[DP]  6.237324e-02
 iter: 273:2        |ddm|: 1.112082e-02     Tr[DP]  6.178806e-02
 iter: 274:1        |ddm|: 2.715585e-02     Tr[DP]  6.230893e-02
 iter: 274:2        |ddm|: 1.136179e-02     Tr[DP]  6.173735e-02
 iter: 275:1        |ddm|: 2.696064e-02     Tr[DP]  6.224599e-02
 iter: 275:2        |ddm|: 1.115799e-02     Tr[DP]  6.168965e-02
 iter: 276:1        |ddm|: 2.601648e-02     Tr[DP]  6.218572e-02
 iter: 276:2        |ddm|: 1.038581e-02     Tr[DP]  6.164327e-02
 iter: 277:1        |ddm|: 2.603164e-02     Tr[DP]  6.212502e-02
 iter: 277:2        |ddm|: 1.171845e-02     Tr[DP]  6.159864e-02
 iter: 278:1        |ddm|: 2.580125e-02     Tr[DP]  6.206706e-02
 iter: 278:2        |ddm|: 1.117177e-02     Tr[DP]  6.155960e-02
 iter: 279:1        |ddm|: 2.433063e-02     Tr[DP]  6.201284e-02
 iter: 279:2        |ddm|: 1.004556e-02     Tr[DP]  6.152148e-02
 iter: 280:1        |ddm|: 2.280383e-02     Tr[DP]  6.196133e-02
 iter: 280:2        |ddm|: 8.962757e-03     Tr[DP]  6.148226e-02
 iter: 281:1        |ddm|: 2.177613e-02     Tr[DP]  6.191155e-02
 iter: 281:2        |ddm|: 8.311275e-03     Tr[DP]  6.144151e-02
 iter: 282:1        |ddm|: 2.084400e-02     Tr[DP]  6.186307e-02
 iter: 282:2        |ddm|: 7.547660e-03     Tr[DP]  6.139791e-02
 iter: 283:1        |ddm|: 1.995382e-02     Tr[DP]  6.181734e-02
 iter: 283:2        |ddm|: 7.415376e-03     Tr[DP]  6.134939e-02
 iter: 284:1        |ddm|: 2.016646e-02     Tr[DP]  6.176759e-02
 iter: 284:2        |ddm|: 7.727566e-03     Tr[DP]  6.129703e-02
 iter: 285:1        |ddm|: 2.333076e-02     Tr[DP]  6.172849e-02
 iter: 285:2        |ddm|: 1.349281e-02     Tr[DP]  6.123889e-02
 iter: 286:1        |ddm|: 1.997801e-02     Tr[DP]  6.168180e-02
 iter: 286:2        |ddm|: 1.200399e-02     Tr[DP]  6.115406e-02
 iter: 287:1        |ddm|: 3.215460e-02     Tr[DP]  6.161266e-02
 iter: 287:2        |ddm|: 1.199948e-02     Tr[DP]  6.108160e-02
 iter: 288:1        |ddm|: 2.759591e-02     Tr[DP]  6.154786e-02
 iter: 288:2        |ddm|: 1.069717e-02     Tr[DP]  6.103130e-02
 iter: 289:1        |ddm|: 2.579301e-02     Tr[DP]  6.148698e-02
 iter: 289:2        |ddm|: 1.146981e-02     Tr[DP]  6.098334e-02
 iter: 290:1        |ddm|: 2.440431e-02     Tr[DP]  6.143039e-02
 iter: 290:2        |ddm|: 9.917741e-03     Tr[DP]  6.093942e-02
 iter: 291:1        |ddm|: 2.426764e-02     Tr[DP]  6.137309e-02
 iter: 291:2        |ddm|: 1.170039e-02     Tr[DP]  6.089729e-02
 iter: 292:1        |ddm|: 2.342402e-02     Tr[DP]  6.132161e-02
 iter: 292:2        |ddm|: 8.487987e-03     Tr[DP]  6.085921e-02
 iter: 293:1        |ddm|: 2.065152e-02     Tr[DP]  6.127436e-02
 iter: 293:2        |ddm|: 7.587520e-03     Tr[DP]  6.081566e-02
 iter: 294:1        |ddm|: 2.063713e-02     Tr[DP]  6.122464e-02
 iter: 294:2        |ddm|: 8.250129e-03     Tr[DP]  6.076891e-02
 iter: 295:1        |ddm|: 2.096786e-02     Tr[DP]  6.117521e-02
 iter: 295:2        |ddm|: 7.895072e-03     Tr[DP]  6.072507e-02
 iter: 296:1        |ddm|: 2.254526e-02     Tr[DP]  6.113716e-02
 iter: 296:2        |ddm|: 1.215628e-02     Tr[DP]  6.067193e-02
 iter: 297:1        |ddm|: 3.228666e-02     Tr[DP]  6.107815e-02
 iter: 297:2        |ddm|: 1.340845e-02     Tr[DP]  6.060959e-02
 iter: 298:1        |ddm|: 2.680521e-02     Tr[DP]  6.101936e-02
 iter: 298:2        |ddm|: 1.264934e-02     Tr[DP]  6.057790e-02
 iter: 299:1        |ddm|: 2.283551e-02     Tr[DP]  6.097183e-02
 iter: 299:2        |ddm|: 9.164686e-03     Tr[DP]  6.054759e-02
 iter: 300:1        |ddm|: 1.984214e-02     Tr[DP]  6.093110e-02
 iter: 300:2        |ddm|: 6.674557e-03     Tr[DP]  6.050941e-02
                         Freeze-and-Thaw NOT converged!                         

=================== Subsystem 1 at higher mean-field method ====================
  subiter:   1      |ddm|: 1.109909e+01
  subiter:   2      |ddm|: 9.671100e-01
  subiter:   3      |ddm|: 7.809847e-02
  subiter:   4      |ddm|: 7.454485e-02
  subiter:   5      |ddm|: 1.092365e-02
  subiter:   6      |ddm|: 3.968439e-03
  subiter:   7      |ddm|: 7.063080e-04
  subiter:   8      |ddm|: 2.916179e-04
  subiter:   9      |ddm|: 1.001578e-04
  subiter:  10      |ddm|: 1.561917e-05
  subiter:  11      |ddm|: 5.957491e-06
  subiter:  12      |ddm|: 1.918329e-06
  subiter:  13      |ddm|: 3.545580e-07
  subiter:  14      |ddm|: 6.531368e-08
  subiter:  15      |ddm|: 4.426758e-08
  subiter:  16      |ddm|: 2.546544e-08
  subiter:  17      |ddm|: 1.017786e-08
  subiter:  18      |ddm|: 2.166164e-08
  subiter:  19      |ddm|: 3.445393e-08
  subiter:  20      |ddm|: 1.023230e-08
  subiter:  21      |ddm|: 6.664671e-09


******** <class 'pyscf.scf.hf.RHF'> flags ********
method = RHF
initial guess = minao
damping factor = 0
level shift factor = 0
DIIS = <class 'pyscf.scf.diis.CDIIS'>
DIIS start cycle = 1
DIIS space = 8
SCF tol = 1e-09
SCF gradient tol = None
max. SCF cycles = 100
direct_scf = True
direct_scf_tol = 1e-13
chkfile to save SCF result = /panfs/roc/scratch/graha682/D150/201711_augccpVDZ_NEVPT2_m06_150_7c12h24/tmpSiIk7p
max_memory 4000 MB (current use 414 MB)
Set gradient conv threshold to 3.16228e-05
init E= -282.74057998008
  HOMO = -0.451907463337764  LUMO = 0.035953109550765
cycle= 1 E= -282.740579980076  delta_E= 4.21e-12  |g|= 1.16e-09  |ddm|= 1.61e-08
  HOMO = -0.451907463372244  LUMO = 0.0359531095830469
Extra cycle  E= -282.740579980081  delta_E= -4.89e-12  |g|= 6.86e-10  |ddm|= 2.49e-07
converged SCF energy = -282.740579980081


******** <class 'pyscf.dft.rks.RKS'> flags ********
method = RKS
initial guess = atom
damping factor = 0
level shift factor = 0.0
DIIS = <class 'pyscf.scf.diis.CDIIS'>
DIIS start cycle = 1
DIIS space = 8
SCF tol = 1e-08
SCF gradient tol = 1e-08
max. SCF cycles = 1
direct_scf = True
direct_scf_tol = 1e-13
chkfile to save SCF result = /panfs/roc/scratch/graha682/D150/201711_augccpVDZ_NEVPT2_m06_150_7c12h24/tmpyCvb0M
max_memory 4000 MB (current use 410 MB)
XC functionals = m06
small_rho_cutoff = 1e-20
radial grids: Treutler-Ahlrichs (JCP 102, 346 (M4)) radial grids
becke partition: Becke, JCP, 88, 2547 (1988)
pruning grids: <function nwchem_prune at 0x152b5f0>
grids dens level: 4
symmetrized grids: False
atomic radii adjust function: <function treutler_atomic_radii_adjust at 0x152b488>
init E= -284.436591843991
  HOMO = -0.330361731740642  LUMO = -0.0417086881234548
cycle= 1 E= -284.436592998724  delta_E= -1.15e-06  |g|= 0.0002  |ddm|= 0.0193
  HOMO = -0.33036686256084  LUMO = -0.0417120057687339
Extra cycle  E= -284.436593007655  delta_E= -8.93e-09  |g|= 0.000119  |ddm|= 0.00412
SCF not converged.
SCF energy = -284.436593007655 after 1 cycles
 iter: 301:1        |ddm|: 1.202269e+01     Tr[DP]  7.879714e-02

******** <class 'pyscf.mcscf.mc1step.CASSCF'> flags ********
CAS (1e+1e, 2o), ncore = 27, nvir = 249
max_cycle_macro = 50
max_cycle_micro = 4
conv_tol = 1e-07
conv_tol_grad = None
orbital rotation max_stepsize = 0.02
augmented hessian ah_max_cycle = 30
augmented hessian ah_conv_tol = 1e-12
augmented hessian ah_linear dependence = 1e-14
augmented hessian ah_level shift = 0
augmented hessian ah_start_tol = 2.5
augmented hessian ah_start_cycle = 3
augmented hessian ah_grad_trust_region = 3
kf_trust_region = 3
kf_interval = 4
ci_response_space = 4
ci_grad_trust_region = 3
with_dep4 0
natorb = False
canonicalization = True
sorting_mo_energy = False
chkfile = /panfs/roc/scratch/graha682/D150/201711_augccpVDZ_NEVPT2_m06_150_7c12h24/tmpSiIk7p
max_memory 4000 MB (current use 422 MB)
internal_rotation = False
******** <class 'pyscf.fci.direct_spin1.FCISolver'> flags ********
max. cycles = 50
conv_tol = 1e-08
davidson only = False
linear dependence = 1e-10
level shift = 0.001
max iter space = 12
max_memory 4000 MB
nroots = 1
pspace_size = 400
spin = None
CASCI E = -282.740580061597  S^2 = 0.0000000
Set conv_tol_grad to 0.000316228
macro iter 1 (1 JK  1 micro), CASSCF E = -282.740580061597  dE = 1.1368684e-13  S^2 = 0.0000000
               |grad[o]|=1.51e-06  |grad[c]|= 3.83395642848e-14  |ddm|=    0
1-step CASSCF converged in 1 macro (1 JK 1 micro) steps
CASSCF canonicalization
CASSCF energy = -282.740580061597
Hartree-Fock Energy:  -282.74057998008084
CAS Correlation:       -0.00000008151574
CAS Energy:          -282.74058006159657
Sr    (-1)',   E = -0.00000394452888
Si    (+1)',   E = -0.00000030862396
Sijrs (0)  ,   E = -0.87390296172847
Sijr  (+1) ,   E = -0.00262132530910
Srsi  (-1) ,   E = -0.12218678325209
Srs   (-2) ,   E = -0.00639163282026
Sij   (+2) ,   E = -0.00000844170183
Sir   (0)' ,   E = -0.00032384018216
Nevpt2 Energy = -1.005439238146735
NEVPT2 =   -1.005439238146735
Total NEVPT2 = -283.746019299743296

============================== Supermolecular DFT ==============================
  subiter:   1      |ddm|: 4.039097e+01
  subiter:   2      |ddm|: 4.815613e+00
  subiter:   3      |ddm|: 1.036511e+00
  subiter:   4      |ddm|: 3.122808e-01
  subiter:   5      |ddm|: 1.079215e-01
  subiter:   6      |ddm|: 3.668547e-02
  subiter:   7      |ddm|: 1.622050e-02
  subiter:   8      |ddm|: 6.837978e-03
  subiter:   9      |ddm|: 2.270429e-03
  subiter:  10      |ddm|: 8.218546e-04
  subiter:  11      |ddm|: 5.104586e-04
  subiter:  12      |ddm|: 7.329103e-05
  subiter:  13      |ddm|: 3.995416e-05
  subiter:  14      |ddm|: 2.237690e-06
  subiter:  15      |ddm|: 2.607750e-06
  subiter:  16      |ddm|: 6.023776e-07
  subiter:  17      |ddm|: 1.903038e-07
  subiter:  18      |ddm|: 3.561013e-07
  subiter:  19      |ddm|: 2.005295e-07
  subiter:  20      |ddm|: 1.062067e-07
  subiter:  21      |ddm|: 9.040748e-08
  subiter:  22      |ddm|: 5.568532e-08
  subiter:  23      |ddm|: 1.130480e-07
  subiter:  24      |ddm|: 1.547236e-07
  subiter:  25      |ddm|: 1.038168e-07
  subiter:  26      |ddm|: 7.484098e-08
  subiter:  27      |ddm|: 6.223189e-08
  subiter:  28      |ddm|: 1.199376e-07
  subiter:  29      |ddm|: 9.807805e-08
  subiter:  30      |ddm|: 9.475574e-08
  subiter:  31      |ddm|: 6.881538e-08
  subiter:  32      |ddm|: 8.798464e-08
  subiter:  33      |ddm|: 7.487417e-08
  subiter:  34      |ddm|: 1.073748e-07
  subiter:  35      |ddm|: 6.329599e-08
  subiter:  36      |ddm|: 1.344129e-07
  subiter:  37      |ddm|: 1.018931e-07
  subiter:  38      |ddm|: 6.940513e-08
  subiter:  39      |ddm|: 7.160939e-08
  subiter:  40      |ddm|: 9.897654e-08
  subiter:  41      |ddm|: 1.219865e-07
  subiter:  42      |ddm|: 1.109232e-07
  subiter:  43      |ddm|: 5.322187e-08
  subiter:  44      |ddm|: 8.295595e-08
  subiter:  45      |ddm|: 7.872542e-08
  subiter:  46      |ddm|: 9.815900e-08
  subiter:  47      |ddm|: 1.139610e-07
  subiter:  48      |ddm|: 1.203242e-07
  subiter:  49      |ddm|: 5.959965e-08
  subiter:  50      |ddm|: 4.716188e-08
  subiter:  51      |ddm|: 9.055149e-08
  subiter:  52      |ddm|: 7.551088e-08
  subiter:  53      |ddm|: 7.766297e-08
  subiter:  54      |ddm|: 8.335125e-08
  subiter:  55      |ddm|: 8.321402e-08
  subiter:  56      |ddm|: 7.130726e-08
  subiter:  57      |ddm|: 6.140878e-08
  subiter:  58      |ddm|: 1.498180e-07
  subiter:  59      |ddm|: 7.273245e-08
  subiter:  60      |ddm|: 1.152179e-07
  subiter:  61      |ddm|: 5.484473e-08
  subiter:  62      |ddm|: 6.778573e-08
  subiter:  63      |ddm|: 6.008595e-08
  subiter:  64      |ddm|: 1.678557e-07
  subiter:  65      |ddm|: 7.551207e-08
  subiter:  66      |ddm|: 7.559042e-08
  subiter:  67      |ddm|: 5.308454e-08
  subiter:  68      |ddm|: 7.478303e-08
  subiter:  69      |ddm|: 1.054163e-07
  subiter:  70      |ddm|: 8.139888e-08
  subiter:  71      |ddm|: 9.746405e-08
  subiter:  72      |ddm|: 6.410899e-08
  subiter:  73      |ddm|: 9.621004e-08
  subiter:  74      |ddm|: 6.040531e-08
  subiter:  75      |ddm|: 7.596436e-08
  subiter:  76      |ddm|: 6.602876e-08
  subiter:  77      |ddm|: 8.460365e-08
  subiter:  78      |ddm|: 9.391547e-08
  subiter:  79      |ddm|: 4.981204e-08
  subiter:  80      |ddm|: 7.636088e-08
  subiter:  81      |ddm|: 1.419245e-07
  subiter:  82      |ddm|: 7.480763e-08
  subiter:  83      |ddm|: 8.120579e-08
  subiter:  84      |ddm|: 1.197103e-07
  subiter:  85      |ddm|: 7.208682e-08
  subiter:  86      |ddm|: 7.681157e-08
  subiter:  87      |ddm|: 1.106721e-07
  subiter:  88      |ddm|: 8.235654e-08
  subiter:  89      |ddm|: 6.189978e-08
  subiter:  90      |ddm|: 1.400785e-07
  subiter:  91      |ddm|: 8.942526e-08
  subiter:  92      |ddm|: 8.667293e-08
  subiter:  93      |ddm|: 5.544475e-08
  subiter:  94      |ddm|: 1.235801e-07
  subiter:  95      |ddm|: 8.089016e-08
  subiter:  96      |ddm|: 1.153650e-07
  subiter:  97      |ddm|: 7.969236e-08
  subiter:  98      |ddm|: 4.957473e-08
  subiter:  99      |ddm|: 6.792735e-08
  subiter: 100      |ddm|: 1.165837e-07


******** <class 'pyscf.dft.rks.RKS'> flags ********
method = RKS
initial guess = atom
damping factor = 0
level shift factor = 0.0
DIIS = <class 'pyscf.scf.diis.CDIIS'>
DIIS start cycle = 1
DIIS space = 8
SCF tol = 1e-08
SCF gradient tol = 1e-08
max. SCF cycles = 100
direct_scf = True
direct_scf_tol = 1e-13
chkfile to save SCF result = /panfs/roc/scratch/graha682/D150/201711_augccpVDZ_NEVPT2_m06_150_7c12h24/tmpeMLoEc
max_memory 4000 MB (current use 497 MB)
XC functionals = m06
small_rho_cutoff = 1e-20
radial grids: Treutler-Ahlrichs (JCP 102, 346 (M4)) radial grids
becke partition: Becke, JCP, 88, 2547 (1988)
pruning grids: <function nwchem_prune at 0x152b5f0>
grids dens level: 4
symmetrized grids: False
atomic radii adjust function: <function treutler_atomic_radii_adjust at 0x152b488>
init E= -471.344591732778
  HOMO = -0.265644331696112  LUMO = -0.0386921560147799
cycle= 1 E= -471.344591732773  delta_E= 5e-12  |g|= 1.55e-09  |ddm|= 3.13e-07
  HOMO = -0.265644331696011  LUMO = -0.0386921559923615
Extra cycle  E= -471.344591732785  delta_E= -1.23e-11  |g|= 4.78e-09  |ddm|= 1.29e-06
converged SCF energy = -471.344591732785
Supermolecular DFT   -471.34459173277719

============================== Embedding Energies ==============================
Subsystem DFT              -284.43659300765330
Interaction                -186.49576684525482
DFT-in-DFT                 -470.93235985290812
Supermolecular DFT         -471.34459173277719
Difference                   -0.41223187986907
Corrected DFT-in-DFT       -471.34459173277719
WF-in-DFT                  -470.24178614499812
Corrected WF-in-DFT        -470.65401802486718
================================================================================
TIMING STATISTICS:
     overlap integrals      0.04s   ( 0.00%)
    initial subsystems      0.17s   ( 0.00%)
           2e matrices  17134.02s   (73.37%)
      tot. embed. of 1  17295.12s   (74.06%)
      tot. embed. of 2      3.25s   ( 0.01%)
       freeze and thaw  17298.42s   (74.08%)
                   cas     46.52s   ( 0.20%)
                nevpt2     27.85s   ( 0.12%)
  interaction energies   5977.63s   (25.60%)
                 TOTAL  23351.93s
================================================================================

********************************************************************************
*                              END OF CALCULATION                              *
********************************************************************************
