********************************************************************************
*                         FREEZE-AND-THAW CALCULATION                          *
********************************************************************************

================================== Input File ==================================
subsystem
C         -6.77790       -0.49042        0.01259
C         -5.53842        0.36579        0.18186
H         -7.70473        0.07823        0.18644
H         -6.77437       -1.34057        0.71595
H         -6.83471       -0.91338       -1.00492
C         -4.24810       -0.40067       -0.05079
H         -5.51898        0.80727        1.19674
H         -5.57675        1.22860       -0.51049
C         -2.99749        0.44280        0.11438
H         -4.26183       -0.84418       -1.06675
H         -4.20376       -1.26473        0.64239
C         -1.70829       -0.32425       -0.11542
H         -2.98489        0.88737        1.12970
H         -3.04101        1.30557       -0.58020
C         -0.45788        0.51991        0.04893
H         -1.72076       -0.76967       -1.13033
H         -1.66405       -1.18637        0.57983
C          0.83111       -0.24829       -0.17844
H         -0.44597        0.96657        1.06327
H         -0.50093        1.38115       -0.64750
C          2.08121        0.59672       -0.01508
H          0.81907       -0.69576       -1.19239
H          0.87490       -1.10865        0.51877
C          3.36756       -0.17655       -0.24030
H          2.09335        1.04473        0.99847
H          2.03929        1.45615       -0.71353
C          4.61881        0.67613       -0.06409
H          3.36110       -0.61886       -1.25608
H          3.41765       -1.03715        0.45419
C          5.84720       -0.13450       -0.32905
H          4.64314        1.08429        0.96463
H          4.54848        1.54967       -0.74166
charge -1
end

subsystem
C          6.59964       -0.73841        0.59442
H          7.15293       -1.65795        0.37933
H          6.69277       -0.33347        1.61078
H          5.88529       -0.54839       -1.35076
charge +1
end

embed
 huzinaga
 cycles 300
 conv 1e-8
 method m06
end

basis aug-cc-pVTZ
method cas[2,2]/nevpt2
grid 4
conv 1e-8
grad 1e-8
maxiter 100
================================== End Input ===================================
tot grids = 725328

                      Getting subsystem overlap integrals                       

                          Initial subsystem densities                           
Guessing initial subsystem densities
Initial guess from superpostion of atomic densties.
Guessing initial subsystem densities
Initial guess from superpostion of atomic densties.

=========================== Starting Freeze-and-Thaw ===========================
 iter:   1:1        |ddm|: 2.193141e+02     Tr[DP]  7.134958e-01
 iter:   1:2        |ddm|: 3.194042e+00     Tr[DP]  3.032371e-01
 iter:   2:1        |ddm|: 1.642706e+03     Tr[DP]  1.177707e-01
 iter:   2:2        |ddm|: 3.348803e+00     Tr[DP]  1.112386e-01
 iter:   3:1        |ddm|: 1.658770e+03     Tr[DP]  1.072955e-01
 iter:   3:2        |ddm|: 1.982287e+00     Tr[DP]  1.976621e-01
 iter:   4:1        |ddm|: 4.192013e+01     Tr[DP]  1.056340e-01
 iter:   4:2        |ddm|: 1.856497e+00     Tr[DP]  1.631246e-01
 iter:   5:1        |ddm|: 2.967093e+01     Tr[DP]  1.115204e-01
 iter:   5:2        |ddm|: 1.278548e+00     Tr[DP]  1.395440e-01
 iter:   6:1        |ddm|: 2.191030e+01     Tr[DP]  1.167862e-01
 iter:   6:2        |ddm|: 7.116064e-01     Tr[DP]  1.225838e-01
 iter:   7:1        |ddm|: 1.981467e+01     Tr[DP]  1.187404e-01
 iter:   7:2        |ddm|: 4.965561e-01     Tr[DP]  1.129158e-01
 iter:   8:1        |ddm|: 1.397328e+01     Tr[DP]  1.174616e-01
 iter:   8:2        |ddm|: 3.090378e-01     Tr[DP]  1.085093e-01
 iter:   9:1        |ddm|: 1.041740e+01     Tr[DP]  1.154977e-01
 iter:   9:2        |ddm|: 2.072527e-01     Tr[DP]  1.048638e-01
 iter:  10:1        |ddm|: 8.922099e+00     Tr[DP]  1.136649e-01
 iter:  10:2        |ddm|: 1.427928e-01     Tr[DP]  1.022421e-01
 iter:  11:1        |ddm|: 7.081697e+00     Tr[DP]  1.124007e-01
 iter:  11:2        |ddm|: 1.073841e-01     Tr[DP]  1.010468e-01
 iter:  12:1        |ddm|: 6.176734e+00     Tr[DP]  1.107698e-01
 iter:  12:2        |ddm|: 7.866470e-02     Tr[DP]  9.992421e-02
 iter:  13:1        |ddm|: 5.363530e+00     Tr[DP]  1.091056e-01
 iter:  13:2        |ddm|: 6.343006e-02     Tr[DP]  9.867188e-02
 iter:  14:1        |ddm|: 4.383317e+00     Tr[DP]  1.076145e-01
 iter:  14:2        |ddm|: 5.167984e-02     Tr[DP]  9.807345e-02
 iter:  15:1        |ddm|: 3.624971e+00     Tr[DP]  1.063560e-01
 iter:  15:2        |ddm|: 4.647297e-02     Tr[DP]  9.764345e-02
 iter:  16:1        |ddm|: 3.104326e+00     Tr[DP]  1.051662e-01
 iter:  16:2        |ddm|: 3.953119e-02     Tr[DP]  9.735388e-02
 iter:  17:1        |ddm|: 2.660025e+00     Tr[DP]  1.041671e-01
 iter:  17:2        |ddm|: 3.571777e-02     Tr[DP]  9.728570e-02
 iter:  18:1        |ddm|: 2.413610e+00     Tr[DP]  1.032811e-01
 iter:  18:2        |ddm|: 3.672061e-02     Tr[DP]  9.714358e-02
 iter:  19:1        |ddm|: 2.988631e+00     Tr[DP]  1.029318e-01
 iter:  19:2        |ddm|: 7.032924e-02     Tr[DP]  9.765621e-02
 iter:  20:1        |ddm|: 2.540802e+00     Tr[DP]  1.016975e-01
 iter:  20:2        |ddm|: 3.396243e-02     Tr[DP]  9.655794e-02
 iter:  21:1        |ddm|: 1.871558e+00     Tr[DP]  1.008459e-01
 iter:  21:2        |ddm|: 2.714340e-02     Tr[DP]  9.609547e-02
 iter:  22:1        |ddm|: 1.635983e+00     Tr[DP]  1.000528e-01
 iter:  22:2        |ddm|: 2.448303e-02     Tr[DP]  9.573514e-02
 iter:  23:1        |ddm|: 1.425132e+00     Tr[DP]  9.933340e-02
 iter:  23:2        |ddm|: 2.243642e-02     Tr[DP]  9.545624e-02
 iter:  24:1        |ddm|: 1.281705e+00     Tr[DP]  9.864277e-02
 iter:  24:2        |ddm|: 2.097747e-02     Tr[DP]  9.515698e-02
 iter:  25:1        |ddm|: 1.074490e+00     Tr[DP]  9.807469e-02
 iter:  25:2        |ddm|: 1.904117e-02     Tr[DP]  9.498037e-02
 iter:  26:1        |ddm|: 9.581125e-01     Tr[DP]  9.754880e-02
 iter:  26:2        |ddm|: 1.745591e-02     Tr[DP]  9.480055e-02
 iter:  27:1        |ddm|: 8.532441e-01     Tr[DP]  9.706556e-02
 iter:  27:2        |ddm|: 1.624545e-02     Tr[DP]  9.461813e-02
 iter:  28:1        |ddm|: 7.463341e-01     Tr[DP]  9.663704e-02
 iter:  28:2        |ddm|: 1.516384e-02     Tr[DP]  9.446252e-02
 iter:  29:1        |ddm|: 6.611166e-01     Tr[DP]  9.625049e-02
 iter:  29:2        |ddm|: 1.406642e-02     Tr[DP]  9.431843e-02
 iter:  30:1        |ddm|: 6.057919e-01     Tr[DP]  9.588565e-02
 iter:  30:2        |ddm|: 1.398458e-02     Tr[DP]  9.416251e-02
 iter:  31:1        |ddm|: 5.237731e-01     Tr[DP]  9.556549e-02
 iter:  31:2        |ddm|: 1.302095e-02     Tr[DP]  9.403743e-02
 iter:  32:1        |ddm|: 4.266808e-01     Tr[DP]  9.530749e-02
 iter:  32:2        |ddm|: 1.145531e-02     Tr[DP]  9.396514e-02
 iter:  33:1        |ddm|: 4.239945e-01     Tr[DP]  9.504183e-02
 iter:  33:2        |ddm|: 1.158900e-02     Tr[DP]  9.384973e-02
 iter:  34:1        |ddm|: 4.329398e-01     Tr[DP]  9.491315e-02
 iter:  34:2        |ddm|: 1.311608e-02     Tr[DP]  9.388017e-02
 iter:  35:1        |ddm|: 7.070139e-01     Tr[DP]  9.483268e-02
 iter:  35:2        |ddm|: 2.372387e-02     Tr[DP]  9.393004e-02
 iter:  36:1        |ddm|: 4.499412e-01     Tr[DP]  9.462382e-02
 iter:  36:2        |ddm|: 1.649787e-02     Tr[DP]  9.374909e-02
 iter:  37:1        |ddm|: 3.823923e-01     Tr[DP]  9.442455e-02
 iter:  37:2        |ddm|: 1.266348e-02     Tr[DP]  9.356896e-02
 iter:  38:1        |ddm|: 3.522258e-01     Tr[DP]  9.425537e-02
 iter:  38:2        |ddm|: 1.190296e-02     Tr[DP]  9.343505e-02
 iter:  39:1        |ddm|: 3.284798e-01     Tr[DP]  9.406962e-02
 iter:  39:2        |ddm|: 1.045593e-02     Tr[DP]  9.327934e-02
 iter:  40:1        |ddm|: 2.934555e-01     Tr[DP]  9.391286e-02
 iter:  40:2        |ddm|: 9.859244e-03     Tr[DP]  9.317107e-02
 iter:  41:1        |ddm|: 2.793313e-01     Tr[DP]  9.377280e-02
 iter:  41:2        |ddm|: 9.937878e-03     Tr[DP]  9.307776e-02
 iter:  42:1        |ddm|: 2.648220e-01     Tr[DP]  9.361681e-02
 iter:  42:2        |ddm|: 9.046228e-03     Tr[DP]  9.295240e-02
 iter:  43:1        |ddm|: 2.321131e-01     Tr[DP]  9.348540e-02
 iter:  43:2        |ddm|: 8.617396e-03     Tr[DP]  9.285860e-02
 iter:  44:1        |ddm|: 2.173470e-01     Tr[DP]  9.335942e-02
 iter:  44:2        |ddm|: 8.268660e-03     Tr[DP]  9.276772e-02
 iter:  45:1        |ddm|: 2.002055e-01     Tr[DP]  9.324260e-02
 iter:  45:2        |ddm|: 7.945199e-03     Tr[DP]  9.268464e-02
 iter:  46:1        |ddm|: 1.864564e-01     Tr[DP]  9.313257e-02
 iter:  46:2        |ddm|: 7.650777e-03     Tr[DP]  9.260560e-02
 iter:  47:1        |ddm|: 1.719961e-01     Tr[DP]  9.303092e-02
 iter:  47:2        |ddm|: 7.361824e-03     Tr[DP]  9.253369e-02
 iter:  48:1        |ddm|: 1.570491e-01     Tr[DP]  9.293990e-02
 iter:  48:2        |ddm|: 7.109410e-03     Tr[DP]  9.247239e-02
 iter:  49:1        |ddm|: 1.490021e-01     Tr[DP]  9.285859e-02
 iter:  49:2        |ddm|: 7.062706e-03     Tr[DP]  9.241951e-02
 iter:  50:1        |ddm|: 1.478002e-01     Tr[DP]  9.278185e-02
 iter:  50:2        |ddm|: 7.171407e-03     Tr[DP]  9.236647e-02
 iter:  51:1        |ddm|: 1.426106e-01     Tr[DP]  9.269898e-02
 iter:  51:2        |ddm|: 6.809519e-03     Tr[DP]  9.229769e-02
 iter:  52:1        |ddm|: 1.333803e-01     Tr[DP]  9.262767e-02
 iter:  52:2        |ddm|: 6.744481e-03     Tr[DP]  9.224284e-02
 iter:  53:1        |ddm|: 1.303343e-01     Tr[DP]  9.255328e-02
 iter:  53:2        |ddm|: 6.470712e-03     Tr[DP]  9.217985e-02
 iter:  54:1        |ddm|: 1.237320e-01     Tr[DP]  9.248674e-02
 iter:  54:2        |ddm|: 6.394331e-03     Tr[DP]  9.212615e-02
 iter:  55:1        |ddm|: 1.308641e-01     Tr[DP]  9.242541e-02
 iter:  55:2        |ddm|: 6.761254e-03     Tr[DP]  9.207983e-02
 iter:  56:1        |ddm|: 1.226631e-01     Tr[DP]  9.235592e-02
 iter:  56:2        |ddm|: 6.128380e-03     Tr[DP]  9.201501e-02
 iter:  57:1        |ddm|: 1.287016e-01     Tr[DP]  9.228527e-02
 iter:  57:2        |ddm|: 5.902828e-03     Tr[DP]  9.194430e-02
 iter:  58:1        |ddm|: 1.095266e-01     Tr[DP]  9.222483e-02
 iter:  58:2        |ddm|: 5.565844e-03     Tr[DP]  9.189172e-02
 iter:  59:1        |ddm|: 2.118178e-01     Tr[DP]  9.220439e-02
 iter:  59:2        |ddm|: 8.694263e-03     Tr[DP]  9.190702e-02
 iter:  60:1        |ddm|: 1.287853e-01     Tr[DP]  9.213697e-02
 iter:  60:2        |ddm|: 6.919216e-03     Tr[DP]  9.183884e-02
 iter:  61:1        |ddm|: 1.131768e-01     Tr[DP]  9.207709e-02
 iter:  61:2        |ddm|: 6.259136e-03     Tr[DP]  9.177658e-02
 iter:  62:1        |ddm|: 1.111884e-01     Tr[DP]  9.202154e-02
 iter:  62:2        |ddm|: 6.043027e-03     Tr[DP]  9.172105e-02
 iter:  63:1        |ddm|: 1.115573e-01     Tr[DP]  9.196751e-02
 iter:  63:2        |ddm|: 6.006465e-03     Tr[DP]  9.166894e-02
 iter:  64:1        |ddm|: 1.042795e-01     Tr[DP]  9.190969e-02
 iter:  64:2        |ddm|: 5.532720e-03     Tr[DP]  9.160999e-02
 iter:  65:1        |ddm|: 9.843705e-02     Tr[DP]  9.185455e-02
 iter:  65:2        |ddm|: 5.230586e-03     Tr[DP]  9.155525e-02
 iter:  66:1        |ddm|: 9.565112e-02     Tr[DP]  9.179924e-02
 iter:  66:2        |ddm|: 4.937867e-03     Tr[DP]  9.150083e-02
 iter:  67:1        |ddm|: 8.847251e-02     Tr[DP]  9.175238e-02
 iter:  67:2        |ddm|: 4.818034e-03     Tr[DP]  9.146083e-02
 iter:  68:1        |ddm|: 8.718339e-02     Tr[DP]  9.170409e-02
 iter:  68:2        |ddm|: 4.716292e-03     Tr[DP]  9.141821e-02
 iter:  69:1        |ddm|: 8.622232e-02     Tr[DP]  9.165409e-02
 iter:  69:2        |ddm|: 4.516560e-03     Tr[DP]  9.137147e-02
 iter:  70:1        |ddm|: 7.819161e-02     Tr[DP]  9.161106e-02
 iter:  70:2        |ddm|: 4.372333e-03     Tr[DP]  9.133603e-02
 iter:  71:1        |ddm|: 7.801438e-02     Tr[DP]  9.156655e-02
 iter:  71:2        |ddm|: 4.243202e-03     Tr[DP]  9.129724e-02
 iter:  72:1        |ddm|: 9.703165e-02     Tr[DP]  9.153561e-02
 iter:  72:2        |ddm|: 4.992936e-03     Tr[DP]  9.128016e-02
 iter:  73:1        |ddm|: 8.418813e-02     Tr[DP]  9.148480e-02
 iter:  73:2        |ddm|: 4.256467e-03     Tr[DP]  9.122773e-02
 iter:  74:1        |ddm|: 7.134450e-02     Tr[DP]  9.144353e-02
 iter:  74:2        |ddm|: 4.019113e-03     Tr[DP]  9.118957e-02
 iter:  75:1        |ddm|: 7.659031e-02     Tr[DP]  9.140086e-02
 iter:  75:2        |ddm|: 3.912900e-03     Tr[DP]  9.114919e-02
 iter:  76:1        |ddm|: 6.703547e-02     Tr[DP]  9.137026e-02
 iter:  76:2        |ddm|: 3.849818e-03     Tr[DP]  9.112957e-02
 iter:  77:1        |ddm|: 6.766421e-02     Tr[DP]  9.133376e-02
 iter:  77:2        |ddm|: 3.810270e-03     Tr[DP]  9.109853e-02
 iter:  78:1        |ddm|: 6.681937e-02     Tr[DP]  9.129998e-02
 iter:  78:2        |ddm|: 3.875142e-03     Tr[DP]  9.107089e-02
 iter:  79:1        |ddm|: 6.462847e-02     Tr[DP]  9.126338e-02
 iter:  79:2        |ddm|: 3.712946e-03     Tr[DP]  9.103700e-02
 iter:  80:1        |ddm|: 6.550852e-02     Tr[DP]  9.122446e-02
 iter:  80:2        |ddm|: 3.492175e-03     Tr[DP]  9.099847e-02
 iter:  81:1        |ddm|: 1.967896e-01     Tr[DP]  9.121970e-02
 iter:  81:2        |ddm|: 7.832794e-03     Tr[DP]  9.101767e-02
 iter:  82:1        |ddm|: 1.084327e-01     Tr[DP]  9.115725e-02
 iter:  82:2        |ddm|: 3.986614e-03     Tr[DP]  9.093609e-02
 iter:  83:1        |ddm|: 5.987147e-02     Tr[DP]  9.112235e-02
 iter:  83:2        |ddm|: 3.436227e-03     Tr[DP]  9.089940e-02
 iter:  84:1        |ddm|: 6.494200e-02     Tr[DP]  9.108603e-02
 iter:  84:2        |ddm|: 3.301669e-03     Tr[DP]  9.086336e-02
 iter:  85:1        |ddm|: 5.937288e-02     Tr[DP]  9.105996e-02
 iter:  85:2        |ddm|: 3.279142e-03     Tr[DP]  9.084590e-02
 iter:  86:1        |ddm|: 6.807932e-02     Tr[DP]  9.103232e-02
 iter:  86:2        |ddm|: 3.649564e-03     Tr[DP]  9.082532e-02
 iter:  87:1        |ddm|: 6.001818e-02     Tr[DP]  9.099562e-02
 iter:  87:2        |ddm|: 3.212832e-03     Tr[DP]  9.078787e-02
 iter:  88:1        |ddm|: 5.614354e-02     Tr[DP]  9.096697e-02
 iter:  88:2        |ddm|: 3.208833e-03     Tr[DP]  9.076299e-02
 iter:  89:1        |ddm|: 5.615838e-02     Tr[DP]  9.093320e-02
 iter:  89:2        |ddm|: 2.996119e-03     Tr[DP]  9.072989e-02
 iter:  90:1        |ddm|: 5.097275e-02     Tr[DP]  9.090512e-02
 iter:  90:2        |ddm|: 2.912560e-03     Tr[DP]  9.070586e-02
 iter:  91:1        |ddm|: 5.111815e-02     Tr[DP]  9.087492e-02
 iter:  91:2        |ddm|: 2.806716e-03     Tr[DP]  9.067846e-02
 iter:  92:1        |ddm|: 4.778905e-02     Tr[DP]  9.084774e-02
 iter:  92:2        |ddm|: 2.727441e-03     Tr[DP]  9.065577e-02
 iter:  93:1        |ddm|: 4.689686e-02     Tr[DP]  9.082102e-02
 iter:  93:2        |ddm|: 2.671737e-03     Tr[DP]  9.063345e-02
 iter:  94:1        |ddm|: 4.591202e-02     Tr[DP]  9.079416e-02
 iter:  94:2        |ddm|: 2.591392e-03     Tr[DP]  9.061028e-02
 iter:  95:1        |ddm|: 4.384451e-02     Tr[DP]  9.076952e-02
 iter:  95:2        |ddm|: 2.543283e-03     Tr[DP]  9.059019e-02
 iter:  96:1        |ddm|: 4.340303e-02     Tr[DP]  9.074516e-02
 iter:  96:2        |ddm|: 2.516940e-03     Tr[DP]  9.057023e-02
 iter:  97:1        |ddm|: 6.827430e-02     Tr[DP]  9.072804e-02
 iter:  97:2        |ddm|: 3.342847e-03     Tr[DP]  9.056128e-02
 iter:  98:1        |ddm|: 6.012496e-02     Tr[DP]  9.069311e-02
 iter:  98:2        |ddm|: 2.568007e-03     Tr[DP]  9.052173e-02
 iter:  99:1        |ddm|: 4.077292e-02     Tr[DP]  9.066930e-02
 iter:  99:2        |ddm|: 2.322225e-03     Tr[DP]  9.050017e-02
 iter: 100:1        |ddm|: 3.862591e-02     Tr[DP]  9.064835e-02
 iter: 100:2        |ddm|: 2.224925e-03     Tr[DP]  9.048402e-02
 iter: 101:1        |ddm|: 3.822760e-02     Tr[DP]  9.062717e-02
 iter: 101:2        |ddm|: 2.219936e-03     Tr[DP]  9.046757e-02
 iter: 102:1        |ddm|: 3.903278e-02     Tr[DP]  9.060395e-02
 iter: 102:2        |ddm|: 2.143192e-03     Tr[DP]  9.044701e-02
 iter: 103:1        |ddm|: 4.039864e-02     Tr[DP]  9.058699e-02
 iter: 103:2        |ddm|: 2.275827e-03     Tr[DP]  9.043613e-02
 iter: 104:1        |ddm|: 3.926267e-02     Tr[DP]  9.056624e-02
 iter: 104:2        |ddm|: 2.273253e-03     Tr[DP]  9.041839e-02
 iter: 105:1        |ddm|: 3.794021e-02     Tr[DP]  9.054531e-02
 iter: 105:2        |ddm|: 2.225088e-03     Tr[DP]  9.039947e-02
 iter: 106:1        |ddm|: 3.658352e-02     Tr[DP]  9.052404e-02
 iter: 106:2        |ddm|: 2.118414e-03     Tr[DP]  9.037947e-02
 iter: 107:1        |ddm|: 3.559090e-02     Tr[DP]  9.050255e-02
 iter: 107:2        |ddm|: 1.996066e-03     Tr[DP]  9.035903e-02
 iter: 108:1        |ddm|: 3.358415e-02     Tr[DP]  9.048354e-02
 iter: 108:2        |ddm|: 1.938069e-03     Tr[DP]  9.034265e-02
 iter: 109:1        |ddm|: 3.307926e-02     Tr[DP]  9.046450e-02
 iter: 109:2        |ddm|: 1.892262e-03     Tr[DP]  9.032616e-02
 iter: 110:1        |ddm|: 3.215556e-02     Tr[DP]  9.044567e-02
 iter: 110:2        |ddm|: 1.838855e-03     Tr[DP]  9.030992e-02
 iter: 111:1        |ddm|: 3.176402e-02     Tr[DP]  9.042670e-02
 iter: 111:2        |ddm|: 1.771898e-03     Tr[DP]  9.029325e-02
 iter: 112:1        |ddm|: 3.233802e-02     Tr[DP]  9.040788e-02
 iter: 112:2        |ddm|: 1.723448e-03     Tr[DP]  9.027674e-02
 iter: 113:1        |ddm|: 6.197811e-02     Tr[DP]  9.040107e-02
 iter: 113:2        |ddm|: 2.653911e-03     Tr[DP]  9.027907e-02
 iter: 114:1        |ddm|: 4.275930e-02     Tr[DP]  9.037478e-02
 iter: 114:2        |ddm|: 1.816744e-03     Tr[DP]  9.024928e-02
 iter: 115:1        |ddm|: 2.785359e-02     Tr[DP]  9.035833e-02
 iter: 115:2        |ddm|: 1.643489e-03     Tr[DP]  9.023452e-02
 iter: 116:1        |ddm|: 2.794710e-02     Tr[DP]  9.034221e-02
 iter: 116:2        |ddm|: 1.590245e-03     Tr[DP]  9.022093e-02
 iter: 117:1        |ddm|: 2.713418e-02     Tr[DP]  9.032643e-02
 iter: 117:2        |ddm|: 1.550673e-03     Tr[DP]  9.020786e-02
 iter: 118:1        |ddm|: 2.630307e-02     Tr[DP]  9.031148e-02
 iter: 118:2        |ddm|: 1.528088e-03     Tr[DP]  9.019592e-02
 iter: 119:1        |ddm|: 2.619717e-02     Tr[DP]  9.029575e-02
 iter: 119:2        |ddm|: 1.480165e-03     Tr[DP]  9.018242e-02
 iter: 120:1        |ddm|: 2.493796e-02     Tr[DP]  9.028111e-02
 iter: 120:2        |ddm|: 1.432834e-03     Tr[DP]  9.017035e-02
 iter: 121:1        |ddm|: 2.416317e-02     Tr[DP]  9.026685e-02
 iter: 121:2        |ddm|: 1.392211e-03     Tr[DP]  9.015881e-02
 iter: 122:1        |ddm|: 2.334180e-02     Tr[DP]  9.025313e-02
 iter: 122:2        |ddm|: 1.354430e-03     Tr[DP]  9.014784e-02
 iter: 123:1        |ddm|: 2.253291e-02     Tr[DP]  9.024038e-02
 iter: 123:2        |ddm|: 1.333816e-03     Tr[DP]  9.013809e-02
 iter: 124:1        |ddm|: 2.347576e-02     Tr[DP]  9.022837e-02
 iter: 124:2        |ddm|: 1.377925e-03     Tr[DP]  9.012916e-02
 iter: 125:1        |ddm|: 9.784565e-02     Tr[DP]  9.022807e-02
 iter: 125:2        |ddm|: 3.831498e-03     Tr[DP]  9.013801e-02
 iter: 126:1        |ddm|: 4.733157e-02     Tr[DP]  