********************************************************************************
*                         FREEZE-AND-THAW CALCULATION                          *
********************************************************************************

================================== Input File ==================================

subsystem
C         -3.72401        0.30490        0.00000
H         -4.62500        0.90369        0.00000
F         -3.97266       -1.00253       -0.00000
C         -2.48669        0.78623        0.00000
H         -2.39448        1.86629        0.00000
charge +1
end

subsystem
C         -1.28737       -0.00178        0.00000
H         -1.40023       -1.08205        0.00000
C         -0.05210        0.52335        0.00000
H          0.05924        1.60640        0.00000
C          1.15147       -0.24994        0.00000
H          1.04118       -1.33299        0.00000
C          2.38726        0.27283        0.00000
H          2.50078        1.35554        0.00000
C          3.59428       -0.50752        0.00000
H          3.46932       -1.58774        0.00000
C          4.82114        0.00952        0.00000
H          5.70364       -0.61446        0.00000
H          4.97555        1.08260        0.00000
charge -1
end

embed
 huzinaga
 cycles 200
 conv 1e-6
 method m06
end

basis 6-311g
method ccsd(t)
grid 4
conv 1e-8
grad 1e-8
maxiter 100
================================== End Input ===================================
tot grids = 399648

                      Getting subsystem overlap integrals                       

                          Initial subsystem densities                           
Guessing initial subsystem densities
Initial guess from superpostion of atomic densties.
Guessing initial subsystem densities
Initial guess from superpostion of atomic densties.

=========================== Starting Freeze-and-Thaw ===========================
 iter:   1:1        |ddm|: 2.599394e+00     Tr[DP]  3.748404e-01
 iter:   1:2        |ddm|: 4.543395e+00     Tr[DP]  2.366485e-01
 iter:   2:1        |ddm|: 8.794268e-01     Tr[DP]  1.741266e-01
 iter:   2:2        |ddm|: 4.564749e+00     Tr[DP]  3.270309e-01
 iter:   3:1        |ddm|: 4.251881e-01     Tr[DP]  2.592165e-01
 iter:   3:2        |ddm|: 3.520232e+00     Tr[DP]  2.641363e-01
 iter:   4:1        |ddm|: 1.699763e-01     Tr[DP]  2.378072e-01
 iter:   4:2        |ddm|: 5.086575e-01     Tr[DP]  2.704820e-01
 iter:   5:1        |ddm|: 5.268722e-02     Tr[DP]  2.485604e-01
 iter:   5:2        |ddm|: 3.365297e-01     Tr[DP]  2.719366e-01
 iter:   6:1        |ddm|: 4.423078e-02     Tr[DP]  2.539804e-01
 iter:   6:2        |ddm|: 3.259486e-01     Tr[DP]  2.723639e-01
 iter:   7:1        |ddm|: 4.068181e-02     Tr[DP]  2.565525e-01
 iter:   7:2        |ddm|: 2.993581e-01     Tr[DP]  2.721184e-01
 iter:   8:1        |ddm|: 2.400017e-02     Tr[DP]  2.606326e-01
 iter:   8:2        |ddm|: 1.670475e-01     Tr[DP]  2.716175e-01
 iter:   9:1        |ddm|: 1.777136e-02     Tr[DP]  2.629341e-01
 iter:   9:2        |ddm|: 1.395317e-01     Tr[DP]  2.711221e-01
 iter:  10:1        |ddm|: 1.400697e-02     Tr[DP]  2.644519e-01
 iter:  10:2        |ddm|: 1.114616e-01     Tr[DP]  2.706936e-01
 iter:  11:1        |ddm|: 1.124856e-02     Tr[DP]  2.655644e-01
 iter:  11:2        |ddm|: 8.763830e-02     Tr[DP]  2.704233e-01
 iter:  12:1        |ddm|: 8.095301e-03     Tr[DP]  2.666119e-01
 iter:  12:2        |ddm|: 6.263842e-02     Tr[DP]  2.701932e-01
 iter:  13:1        |ddm|: 5.884621e-03     Tr[DP]  2.674015e-01
 iter:  13:2        |ddm|: 4.351908e-02     Tr[DP]  2.699563e-01
 iter:  14:1        |ddm|: 4.129973e-03     Tr[DP]  2.680062e-01
 iter:  14:2        |ddm|: 2.938021e-02     Tr[DP]  2.697691e-01
 iter:  15:1        |ddm|: 2.969730e-03     Tr[DP]  2.683334e-01
 iter:  15:2        |ddm|: 2.342583e-02     Tr[DP]  2.696476e-01
 iter:  16:1        |ddm|: 2.230510e-03     Tr[DP]  2.685806e-01
 iter:  16:2        |ddm|: 1.690481e-02     Tr[DP]  2.695511e-01
 iter:  17:1        |ddm|: 1.661387e-03     Tr[DP]  2.687603e-01
 iter:  17:2        |ddm|: 1.322359e-02     Tr[DP]  2.694880e-01
 iter:  18:1        |ddm|: 1.604352e-03     Tr[DP]  2.688446e-01
 iter:  18:2        |ddm|: 1.222425e-02     Tr[DP]  2.694568e-01
 iter:  19:1        |ddm|: 1.288307e-03     Tr[DP]  2.689535e-01
 iter:  19:2        |ddm|: 9.137786e-03     Tr[DP]  2.694346e-01
 iter:  20:1        |ddm|: 1.631849e-03     Tr[DP]  2.689731e-01
 iter:  20:2        |ddm|: 9.982016e-03     Tr[DP]  2.694273e-01
 iter:  21:1        |ddm|: 9.698415e-04     Tr[DP]  2.691777e-01
 iter:  21:2        |ddm|: 3.194792e-03     Tr[DP]  2.693924e-01
 iter:  22:1        |ddm|: 4.441151e-04     Tr[DP]  2.692097e-01
 iter:  22:2        |ddm|: 2.917606e-03     Tr[DP]  2.693715e-01
 iter:  23:1        |ddm|: 3.186330e-04     Tr[DP]  2.692264e-01
 iter:  23:2        |ddm|: 2.624679e-03     Tr[DP]  2.693620e-01
 iter:  24:1        |ddm|: 2.933148e-04     Tr[DP]  2.692449e-01
 iter:  24:2        |ddm|: 2.166855e-03     Tr[DP]  2.693564e-01
 iter:  25:1        |ddm|: 1.952694e-04     Tr[DP]  2.692717e-01
 iter:  25:2        |ddm|: 1.339756e-03     Tr[DP]  2.693502e-01
 iter:  26:1        |ddm|: 1.604002e-04     Tr[DP]  2.692837e-01
 iter:  26:2        |ddm|: 1.180722e-03     Tr[DP]  2.693465e-01
 iter:  27:1        |ddm|: 1.065790e-04     Tr[DP]  2.692990e-01
 iter:  27:2        |ddm|: 7.399657e-04     Tr[DP]  2.693429e-01
 iter:  28:1        |ddm|: 7.346307e-05     Tr[DP]  2.693096e-01
 iter:  28:2        |ddm|: 5.101970e-04     Tr[DP]  2.693405e-01
 iter:  29:1        |ddm|: 5.115414e-05     Tr[DP]  2.693156e-01
 iter:  29:2        |ddm|: 3.887654e-04     Tr[DP]  2.693381e-01
 iter:  30:1        |ddm|: 4.457957e-05     Tr[DP]  2.693187e-01
 iter:  30:2        |ddm|: 3.483251e-04     Tr[DP]  2.693371e-01
 iter:  31:1        |ddm|: 2.919853e-05     Tr[DP]  2.693237e-01
 iter:  31:2        |ddm|: 1.961392e-04     Tr[DP]  2.693357e-01
 iter:  32:1        |ddm|: 2.009593e-05     Tr[DP]  2.693261e-01
 iter:  32:2        |ddm|: 1.514491e-04     Tr[DP]  2.693348e-01
 iter:  33:1        |ddm|: 1.445091e-05     Tr[DP]  2.693278e-01
 iter:  33:2        |ddm|: 1.092432e-04     Tr[DP]  2.693341e-01
 iter:  34:1        |ddm|: 1.044585e-05     Tr[DP]  2.693291e-01
 iter:  34:2        |ddm|: 7.844194e-05     Tr[DP]  2.693336e-01
 iter:  35:1        |ddm|: 7.703600e-06     Tr[DP]  2.693303e-01
 iter:  35:2        |ddm|: 4.576627e-05     Tr[DP]  2.693332e-01
 iter:  36:1        |ddm|: 6.679305e-06     Tr[DP]  2.693304e-01
 iter:  36:2        |ddm|: 5.468203e-05     Tr[DP]  2.693331e-01
 iter:  37:1        |ddm|: 5.305483e-06     Tr[DP]  2.693315e-01
 iter:  37:2        |ddm|: 2.004240e-05     Tr[DP]  2.693328e-01
 iter:  38:1        |ddm|: 1.090738e-05     Tr[DP]  2.693307e-01
 iter:  38:2        |ddm|: 6.562586e-05     Tr[DP]  2.693329e-01
 iter:  39:1        |ddm|: 5.279312e-06     Tr[DP]  2.693313e-01
 iter:  39:2        |ddm|: 2.546908e-05     Tr[DP]  2.693328e-01
 iter:  40:1        |ddm|: 2.645687e-06     Tr[DP]  2.693318e-01
 iter:  40:2        |ddm|: 1.532898e-05     Tr[DP]  2.693327e-01
 iter:  41:1        |ddm|: 1.694153e-06     Tr[DP]  2.693320e-01
 iter:  41:2        |ddm|: 1.016037e-05     Tr[DP]  2.693326e-01
 iter:  42:1        |ddm|: 1.714503e-06     Tr[DP]  2.693320e-01
 iter:  42:2        |ddm|: 1.243177e-05     Tr[DP]  2.693326e-01
 iter:  43:1        |ddm|: 2.911500e-06     Tr[DP]  2.693320e-01
 iter:  43:2        |ddm|: 1.496144e-05     Tr[DP]  2.693327e-01
 iter:  44:1        |ddm|: 2.127126e-06     Tr[DP]  2.693321e-01
 iter:  44:2        |ddm|: 1.022311e-05     Tr[DP]  2.693327e-01
 iter:  45:1        |ddm|: 1.545118e-06     Tr[DP]  2.693322e-01
 iter:  45:2        |ddm|: 7.895637e-06     Tr[DP]  2.693326e-01
 iter:  46:1        |ddm|: 8.046078e-07     Tr[DP]  2.693324e-01
 iter:  46:2        |ddm|: 3.284800e-06     Tr[DP]  2.693326e-01
 iter:  47:1        |ddm|: 6.125325e-07     Tr[DP]  2.693324e-01
 iter:  47:2        |ddm|: 4.334420e-06     Tr[DP]  2.693326e-01
 iter:  48:1        |ddm|: 4.028064e-07     Tr[DP]  2.693324e-01
 iter:  48:2        |ddm|: 2.692125e-06     Tr[DP]  2.693326e-01
 iter:  49:1        |ddm|: 2.618516e-07     Tr[DP]  2.693325e-01
 iter:  49:2        |ddm|: 1.841187e-06     Tr[DP]  2.693326e-01
 iter:  50:1        |ddm|: 1.863943e-07     Tr[DP]  2.693325e-01
 iter:  50:2        |ddm|: 1.390213e-06     Tr[DP]  2.693326e-01
 iter:  51:1        |ddm|: 1.264697e-07     Tr[DP]  2.693325e-01
 iter:  51:2        |ddm|: 9.083136e-07     Tr[DP]  2.693326e-01
 iter:  52:1        |ddm|: 9.829502e-08     Tr[DP]  2.693325e-01
 iter:  52:2        |ddm|: 7.733802e-07     Tr[DP]  2.693326e-01
                           Freeze-and-Thaw converged!                           

=================== Subsystem 1 at higher mean-field method ====================
  subiter:   1      |ddm|: 3.200245e-01
  subiter:   2      |ddm|: 7.246688e-02
  subiter:   3      |ddm|: 1.627690e-02
  subiter:   4      |ddm|: 5.371041e-03
  subiter:   5      |ddm|: 5.986800e-03
  subiter:   6      |ddm|: 1.509036e-03
  subiter:   7      |ddm|: 2.988504e-04
  subiter:   8      |ddm|: 1.024391e-04
  subiter:   9      |ddm|: 5.901644e-05
  subiter:  10      |ddm|: 1.393715e-05
  subiter:  11      |ddm|: 4.028881e-06
  subiter:  12      |ddm|: 7.323050e-07
  subiter:  13      |ddm|: 1.535297e-07
  subiter:  14      |ddm|: 2.168348e-08
  subiter:  15      |ddm|: 9.472974e-09


******** <class 'pyscf.scf.hf.RHF'> flags ********
method = RHF
initial guess = minao
damping factor = 0
level shift factor = 0
DIIS = <class 'pyscf.scf.diis.CDIIS'>
DIIS start cycle = 1
DIIS space = 8
SCF tol = 1e-09
SCF gradient tol = None
max. SCF cycles = 100
direct_scf = True
direct_scf_tol = 1e-13
chkfile to save SCF result = /panfs/roc/scratch/graha682/20170815_6311g_m06_ccsdt_ft_2flourooctane135triene_p/tmp83FOHg
max_memory 4000 MB (current use 625 MB)
Set gradient conv threshold to 3.16228e-05
init E= -169.374656345257
  HOMO = -0.433867480432277  LUMO = 0.121726891357732
cycle= 1 E= -169.374656345257  delta_E= 5.68e-14  |g|= 3.12e-09  |ddm|= 8.42e-09
  HOMO = -0.433867480519401  LUMO = 0.121726891242435
Extra cycle  E= -169.374656345257  delta_E= -2.27e-13  |g|= 3.12e-09  |ddm|= 4.23e-09
converged SCF energy = -169.374656345257


******** <class 'pyscf.dft.rks.RKS'> flags ********
method = RKS
initial guess = atom
damping factor = 0
level shift factor = 0.0
DIIS = <class 'pyscf.scf.diis.CDIIS'>
DIIS start cycle = 1
DIIS space = 8
SCF tol = 1e-08
SCF gradient tol = 1e-08
max. SCF cycles = 1
direct_scf = True
direct_scf_tol = 1e-13
chkfile to save SCF result = /panfs/roc/scratch/graha682/20170815_6311g_m06_ccsdt_ft_2flourooctane135triene_p/tmpTPS3F5
max_memory 4000 MB (current use 626 MB)
XC functionals = m06
small_rho_cutoff = 1e-20
radial grids: Treutler-Ahlrichs (JCP 102, 346 (M4)) radial grids
becke partition: Becke, JCP, 88, 2547 (1988)
pruning grids: <function nwchem_prune at 0x17510c8>
grids dens level: 4
symmetrized grids: False
atomic radii adjust function: <function treutler_atomic_radii_adjust at 0x173ded8>
init E= -170.217572052291
  HOMO = -0.335337048244775  LUMO = -0.0341949957114246
cycle= 1 E= -170.217572052291  delta_E= 8.53e-14  |g|= 7.38e-09  |ddm|= 6.87e-08
  HOMO = -0.335337047776705  LUMO = -0.0341949951229255
Extra cycle  E= -170.217572052291  delta_E= -1.14e-13  |g|= 7.38e-09  |ddm|= 1.46e-08
converged SCF energy = -170.217572052291
 iter:  53:1        |ddm|: 3.727687e-01     Tr[DP]  3.088124e-01

==================== Doing CCSD Calculation on Subsystem 1 =====================

******** <class 'pyscf.cc.ccsd.CCSD'> flags ********
CCSD nocc = 11, nvir = 34
max_cycle = 50
direct = 0
conv_tol = 1e-07
conv_tol_normt = 1e-05
diis_space = 6
diis_start_cycle = 0
diis_start_energy_diff = 1e+09
max_memory 4000 MB (current use 628 MB)
Init t2, MP2 energy = -0.342158293902039
cycle = 1  E(CCSD) = -0.348334267631932  dE = -0.348334268  norm(t1,t2) = 0.0906536
cycle = 2  E(CCSD) = -0.360000435801462  dE = -0.0116661682  norm(t1,t2) = 0.0339637
cycle = 3  E(CCSD) = -0.361605103341732  dE = -0.00160466754  norm(t1,t2) = 0.0184106
cycle = 4  E(CCSD) = -0.363508746119037  dE = -0.00190364278  norm(t1,t2) = 0.00890668
cycle = 5  E(CCSD) = -0.364359200564498  dE = -0.000850454445  norm(t1,t2) = 0.00485416
cycle = 6  E(CCSD) = -0.364241106465892  dE = 0.000118094099  norm(t1,t2) = 0.000708846
cycle = 7  E(CCSD) = -0.364234399940038  dE = 6.70652585e-06  norm(t1,t2) = 0.000227849
cycle = 8  E(CCSD) = -0.364240061634984  dE = -5.66169495e-06  norm(t1,t2) = 6.63877e-05
cycle = 9  E(CCSD) = -0.36423864011565  dE = 1.42151933e-06  norm(t1,t2) = 2.86638e-05
cycle = 10  E(CCSD) = -0.364239730461335  dE = -1.09034569e-06  norm(t1,t2) = 1.21075e-05
cycle = 11  E(CCSD) = -0.36423972082303  dE = 9.63830432e-09  norm(t1,t2) = 2.90604e-06
CCSD converged
E(CCSD) = -169.7388960660801  E_corr = -0.3642397208230304
Hartree-Fock Energy:  -169.37465634525711
CCSD Correlation:       -0.36423972082303
CCSD Energy:          -169.73889606608014

=================== Doing CCSD(T) Calculation on Subsystem 1 ===================
CCSD(T) correction = -0.010133103664626
Hartree-Fock Energy:  -169.37465634525711
CCSD(T) Correlation:       -0.37437282448766
CCSD(T) Energy:          -169.74902916974477

============================== Supermolecular DFT ==============================
  subiter:   1      |ddm|: 4.219313e+00
  subiter:   2      |ddm|: 7.633159e-01
  subiter:   3      |ddm|: 4.739458e-01
  subiter:   4      |ddm|: 8.784781e-02
  subiter:   5      |ddm|: 1.905663e-02
  subiter:   6      |ddm|: 7.593332e-03
  subiter:   7      |ddm|: 1.860423e-03
  subiter:   8      |ddm|: 7.344119e-04
  subiter:   9      |ddm|: 3.304896e-04
  subiter:  10      |ddm|: 1.388935e-04
  subiter:  11      |ddm|: 2.996959e-05
  subiter:  12      |ddm|: 2.246761e-05
  subiter:  13      |ddm|: 9.173743e-06
  subiter:  14      |ddm|: 1.624614e-06
  subiter:  15      |ddm|: 7.999952e-07
  subiter:  16      |ddm|: 3.959114e-07
  subiter:  17      |ddm|: 1.960351e-07
  subiter:  18      |ddm|: 5.017377e-08
  subiter:  19      |ddm|: 1.312422e-08
  subiter:  20      |ddm|: 1.672418e-08
  subiter:  21      |ddm|: 4.918064e-09


******** <class 'pyscf.dft.rks.RKS'> flags ********
method = RKS
initial guess = atom
damping factor = 0
level shift factor = 0.0
DIIS = <class 'pyscf.scf.diis.CDIIS'>
DIIS start cycle = 1
DIIS space = 8
SCF tol = 1e-08
SCF gradient tol = 1e-08
max. SCF cycles = 100
direct_scf = True
direct_scf_tol = 1e-13
chkfile to save SCF result = /panfs/roc/scratch/graha682/20170815_6311g_m06_ccsdt_ft_2flourooctane135triene_p/tmpMn9fAo
max_memory 4000 MB (current use 772 MB)
XC functionals = m06
small_rho_cutoff = 1e-20
radial grids: Treutler-Ahlrichs (JCP 102, 346 (M4)) radial grids
becke partition: Becke, JCP, 88, 2547 (1988)
pruning grids: <function nwchem_prune at 0x17510c8>
grids dens level: 4
symmetrized grids: False
atomic radii adjust function: <function treutler_atomic_radii_adjust at 0x173ded8>
init E= -409.759270529059
  HOMO = -0.218828914782775  LUMO = -0.0624827553852295
cycle= 1 E= -409.75927052906  delta_E= -4.55e-13  |g|= 4.81e-09  |ddm|= 7.61e-09
  HOMO = -0.218828914305935  LUMO = -0.0624827549045608
Extra cycle  E= -409.75927052906  delta_E= -5.68e-13  |g|= 4.81e-09  |ddm|= 1.29e-08
converged SCF energy = -409.75927052906
Supermolecular DFT   -409.75927052906047

============================== Embedding Energies ==============================
Subsystem DFT              -170.21757205229110
Interaction                -239.33438709445065
DFT-in-DFT                 -409.55195914674175
Supermolecular DFT         -409.75927052906047
Difference                   -0.20731138231872
Corrected DFT-in-DFT       -409.75927052906047
WF-in-DFT                  -409.08341626419542
Corrected WF-in-DFT        -409.29072764651414
================================================================================
TIMING STATISTICS:
     overlap integrals      0.01s   ( 0.00%)
    initial subsystems      0.13s   ( 0.03%)
           2e matrices    344.41s   (67.11%)
      tot. embed. of 1    351.52s   (68.50%)
      tot. embed. of 2      0.11s   ( 0.02%)
       freeze and thaw    351.65s   (68.52%)
                  ccsd      1.11s   ( 0.22%)
               ccsd(t)      0.44s   ( 0.09%)
  interaction energies    159.55s   (31.09%)
                 TOTAL    513.20s
================================================================================

********************************************************************************
*                              END OF CALCULATION                              *
********************************************************************************
