********************************************************************************
*                         FREEZE-AND-THAW CALCULATION                          *
********************************************************************************

================================== Input File ==================================
subsystem
C         -6.81481       -0.41548        0.09427
C         -5.56147        0.43724        0.09293
H         -7.73235        0.19145        0.14286
H         -6.82758       -1.10435        0.95610
H         -6.87608       -1.03602       -0.81602
C         -4.28367       -0.38105        0.02769
H         -5.53674        1.07534        0.99707
H         -5.58393        1.14193       -0.76040
C         -3.01934        0.45821        0.02466
H         -4.30287       -1.02140       -0.87709
H         -4.25513       -1.08694        0.88206
charge -1
end

subsystem
C         -1.74266       -0.35996       -0.03904
H         -3.00073        1.09895        0.92897
H         -3.04751        1.16305       -0.83038
C         -0.47847        0.47976       -0.04293
H         -1.76110       -1.00126       -0.94291
H         -1.71376       -1.06425        0.81636
C          0.79802       -0.33884       -0.10519
H         -0.46016        1.12166        0.86050
H         -0.50661        1.18343       -0.89888
C          2.06201        0.50110       -0.10952
H          0.77977       -0.98112       -1.00834
H          0.82667       -1.04194        0.75104
C          3.33732       -0.31885       -0.17142
H          2.08070        1.14303        0.79380
H          2.03456        1.20444       -0.96582
C          4.60273        0.52974       -0.16842
H          3.32338       -0.95585       -1.07806
H          3.36999       -1.02442        0.68131
C          5.85144       -0.28251       -0.26720
H          4.63440        1.15499        0.74374
H          4.55410        1.23655       -1.02099
C          6.83934       -0.29091        0.62655
H          6.79249        0.32749        1.53124
H          7.73182       -0.91026        0.49647
H          5.93403       -0.92517       -1.15692
charge +1
end

embed
 huzinaga
 huzfermi
 cycles 300
 conv 1e-8
 method m06
end

basis cc-pVDZ
method cas[2,2]/nevpt2
grid 4
conv 1e-8
grad 1e-8
maxiter 100
================================== End Input ===================================
tot grids = 725328

                      Getting subsystem overlap integrals                       

                          Initial subsystem densities                           
Guessing initial subsystem densities
Initial guess from superpostion of atomic densties.
Guessing initial subsystem densities
Initial guess from superpostion of atomic densties.

=========================== Starting Freeze-and-Thaw ===========================
 iter:   1:1        |ddm|: 4.856940e+00     Tr[DP]  1.006442e+00
 iter:   1:2        |ddm|: 5.064519e+00     Tr[DP]  3.324972e-01
 iter:   2:1        |ddm|: 5.141774e+00     Tr[DP]  6.290893e-01
 iter:   2:2        |ddm|: 3.252586e+00     Tr[DP]  2.523312e-01
 iter:   3:1        |ddm|: 2.821077e+00     Tr[DP]  2.366709e-01
 iter:   3:2        |ddm|: 1.865316e+00     Tr[DP]  2.294879e-01
 iter:   4:1        |ddm|: 5.672298e-01     Tr[DP]  2.232201e-01
 iter:   4:2        |ddm|: 4.396120e-01     Tr[DP]  2.298025e-01
 iter:   5:1        |ddm|: 2.990245e-01     Tr[DP]  2.255013e-01
 iter:   5:2        |ddm|: 2.558632e-01     Tr[DP]  2.076398e-01
 iter:   6:1        |ddm|: 1.325289e-01     Tr[DP]  2.167633e-01
 iter:   6:2        |ddm|: 1.129427e-01     Tr[DP]  1.982632e-01
 iter:   7:1        |ddm|: 8.637044e-02     Tr[DP]  2.075289e-01
 iter:   7:2        |ddm|: 7.310076e-02     Tr[DP]  1.935650e-01
 iter:   8:1        |ddm|: 6.684754e-02     Tr[DP]  2.015281e-01
 iter:   8:2        |ddm|: 5.789157e-02     Tr[DP]  1.889498e-01
 iter:   9:1        |ddm|: 5.227219e-02     Tr[DP]  1.962662e-01
 iter:   9:2        |ddm|: 4.666791e-02     Tr[DP]  1.857105e-01
 iter:  10:1        |ddm|: 4.644584e-02     Tr[DP]  1.939253e-01
 iter:  10:2        |ddm|: 4.877462e-02     Tr[DP]  1.829204e-01
 iter:  11:1        |ddm|: 5.061586e-02     Tr[DP]  1.918185e-01
 iter:  11:2        |ddm|: 5.741719e-02     Tr[DP]  1.794315e-01
 iter:  12:1        |ddm|: 8.295159e-02     Tr[DP]  1.913092e-01
 iter:  12:2        |ddm|: 1.070283e-01     Tr[DP]  1.732219e-01
 iter:  13:1        |ddm|: 7.345391e-02     Tr[DP]  1.833559e-01
 iter:  13:2        |ddm|: 6.088333e-02     Tr[DP]  1.677256e-01
 iter:  14:1        |ddm|: 5.798305e-02     Tr[DP]  1.785324e-01
 iter:  14:2        |ddm|: 5.413908e-02     Tr[DP]  1.642447e-01
 iter:  15:1        |ddm|: 5.600065e-02     Tr[DP]  1.756271e-01
 iter:  15:2        |ddm|: 5.824876e-02     Tr[DP]  1.606104e-01
 iter:  16:1        |ddm|: 5.780827e-02     Tr[DP]  1.721957e-01
 iter:  16:2        |ddm|: 5.853253e-02     Tr[DP]  1.567115e-01
 iter:  17:1        |ddm|: 5.644786e-02     Tr[DP]  1.679684e-01
 iter:  17:2        |ddm|: 5.094384e-02     Tr[DP]  1.535974e-01
 iter:  18:1        |ddm|: 5.729664e-02     Tr[DP]  1.658229e-01
 iter:  18:2        |ddm|: 6.606890e-02     Tr[DP]  1.495066e-01
 iter:  19:1        |ddm|: 6.257875e-02     Tr[DP]  1.619726e-01
 iter:  19:2        |ddm|: 6.376577e-02     Tr[DP]  1.449165e-01
 iter:  20:1        |ddm|: 6.082985e-02     Tr[DP]  1.570666e-01
 iter:  20:2        |ddm|: 5.191302e-02     Tr[DP]  1.419016e-01
 iter:  21:1        |ddm|: 5.441840e-02     Tr[DP]  1.541969e-01
 iter:  21:2        |ddm|: 5.344503e-02     Tr[DP]  1.389252e-01
 iter:  22:1        |ddm|: 5.488903e-02     Tr[DP]  1.509527e-01
 iter:  22:2        |ddm|: 5.044095e-02     Tr[DP]  1.360531e-01
 iter:  23:1        |ddm|: 5.393740e-02     Tr[DP]  1.481031e-01
 iter:  23:2        |ddm|: 5.369207e-02     Tr[DP]  1.328804e-01
 iter:  24:1        |ddm|: 5.457076e-02     Tr[DP]  1.447363e-01
 iter:  24:2        |ddm|: 4.888221e-02     Tr[DP]  1.301405e-01
 iter:  25:1        |ddm|: 5.282649e-02     Tr[DP]  1.419706e-01
 iter:  25:2        |ddm|: 5.272557e-02     Tr[DP]  1.271239e-01
 iter:  26:1        |ddm|: 5.496580e-02     Tr[DP]  1.390180e-01
 iter:  26:2        |ddm|: 5.561267e-02     Tr[DP]  1.237817e-01
 iter:  27:1        |ddm|: 5.554519e-02     Tr[DP]  1.356883e-01
 iter:  27:2        |ddm|: 5.127033e-02     Tr[DP]  1.209213e-01
 iter:  28:1        |ddm|: 5.422001e-02     Tr[DP]  1.327709e-01
 iter:  28:2        |ddm|: 5.345179e-02     Tr[DP]  1.180496e-01
 iter:  29:1        |ddm|: 5.441357e-02     Tr[DP]  1.297823e-01
 iter:  29:2        |ddm|: 4.899343e-02     Tr[DP]  1.156324e-01
 iter:  30:1        |ddm|: 5.263372e-02     Tr[DP]  1.270281e-01
 iter:  30:2        |ddm|: 4.337232e-02     Tr[DP]  1.138991e-01
 iter:  31:1        |ddm|: 5.334547e-02     Tr[DP]  1.244114e-01
 iter:  31:2        |ddm|: 3.814292e-02     Tr[DP]  1.135629e-01
 iter:  32:1        |ddm|: 5.184156e-02     Tr[DP]  1.231960e-01
 iter:  32:2        |ddm|: 7.067861e-02     Tr[DP]  1.101144e-01
 iter:  33:1        |ddm|: 5.970367e-02     Tr[DP]  1.206384e-01
 iter:  33:2        |ddm|: 7.025542e-02     Tr[DP]  1.062118e-01
 iter:  34:1        |ddm|: 5.917528e-02     Tr[DP]  1.174726e-01
 iter:  34:2        |ddm|: 5.024873e-02     Tr[DP]  1.040273e-01
 iter:  35:1        |ddm|: 5.264700e-02     Tr[DP]  1.149631e-01
 iter:  35:2        |ddm|: 4.937696e-02     Tr[DP]  1.022053e-01
 iter:  36:1        |ddm|: 5.213859e-02     Tr[DP]  1.127380e-01
 iter:  36:2        |ddm|: 4.022422e-02     Tr[DP]  1.011108e-01
 iter:  37:1        |ddm|: 5.080504e-02     Tr[DP]  1.108837e-01
 iter:  37:2        |ddm|: 6.304291e-02     Tr[DP]  9.860238e-02
 iter:  38:1        |ddm|: 5.333742e-02     Tr[DP]  1.087656e-01
 iter:  38:2        |ddm|: 4.893303e-02     Tr[DP]  9.687184e-02
 iter:  39:1        |ddm|: 5.232084e-02     Tr[DP]  1.067846e-01
 iter:  39:2        |ddm|: 3.635051e-02     Tr[DP]  9.634861e-02
 iter:  40:1        |ddm|: 4.465319e-02     Tr[DP]  1.051803e-01
 iter:  40:2        |ddm|: 4.392986e-02     Tr[DP]  9.513333e-02
 iter:  41:1        |ddm|: 4.479001e-02     Tr[DP]  1.037122e-01
 iter:  41:2        |ddm|: 3.639312e-02     Tr[DP]  9.429010e-02
 iter:  42:1        |ddm|: 4.278720e-02     Tr[DP]  1.023315e-01
 iter:  42:2        |ddm|: 3.070937e-02     Tr[DP]  9.392443e-02
 iter:  43:1        |ddm|: 3.764824e-02     Tr[DP]  1.010884e-01
 iter:  43:2        |ddm|: 3.560001e-02     Tr[DP]  9.309846e-02
 iter:  44:1        |ddm|: 3.811059e-02     Tr[DP]  9.996216e-02
 iter:  44:2        |ddm|: 4.083131e-02     Tr[DP]  9.194391e-02
 iter:  45:1        |ddm|: 3.863938e-02     Tr[DP]  9.883328e-02
 iter:  45:2        |ddm|: 3.702878e-02     Tr[DP]  9.103208e-02
 iter:  46:1        |ddm|: 3.778812e-02     Tr[DP]  9.774814e-02
 iter:  46:2        |ddm|: 3.245289e-02     Tr[DP]  9.042214e-02
 iter:  47:1        |ddm|: 3.545037e-02     Tr[DP]  9.673721e-02
 iter:  47:2        |ddm|: 3.219754e-02     Tr[DP]  8.983255e-02
 iter:  48:1        |ddm|: 3.827580e-02     Tr[DP]  9.571483e-02
 iter:  48:2        |ddm|: 4.881916e-02     Tr[DP]  8.852093e-02
 iter:  49:1        |ddm|: 3.789140e-02     Tr[DP]  9.492584e-02
 iter:  49:2        |ddm|: 3.054917e-02     Tr[DP]  8.815877e-02
 iter:  50:1        |ddm|: 3.515023e-02     Tr[DP]  9.411058e-02
 iter:  50:2        |ddm|: 2.609513e-02     Tr[DP]  8.803550e-02
 iter:  51:1        |ddm|: 3.167264e-02     Tr[DP]  9.332976e-02
 iter:  51:2        |ddm|: 2.884489e-02     Tr[DP]  8.762477e-02
 iter:  52:1        |ddm|: 3.072632e-02     Tr[DP]  9.276186e-02
 iter:  52:2        |ddm|: 2.245854e-02     Tr[DP]  8.757137e-02
 iter:  53:1        |ddm|: 2.839592e-02     Tr[DP]  9.223531e-02
 iter:  53:2        |ddm|: 1.934472e-02     Tr[DP]  8.767195e-02
 iter:  54:1        |ddm|: 2.508862e-02     Tr[DP]  9.165426e-02
 iter:  54:2        |ddm|: 2.349990e-02     Tr[DP]  8.734599e-02
 iter:  55:1        |ddm|: 2.408773e-02     Tr[DP]  9.122205e-02
 iter:  55:2        |ddm|: 2.120628e-02     Tr[DP]  8.713439e-02
 iter:  56:1        |ddm|: 2.387336e-02     Tr[DP]  9.092028e-02
 iter:  56:2        |ddm|: 1.610622e-02     Tr[DP]  8.731643e-02
 iter:  57:1        |ddm|: 2.171670e-02     Tr[DP]  9.039725e-02
 iter:  57:2        |ddm|: 2.382068e-02     Tr[DP]  8.688852e-02
 iter:  58:1        |ddm|: 2.058956e-02     Tr[DP]  9.016009e-02
 iter:  58:2        |ddm|: 1.579359e-02     Tr[DP]  8.689873e-02
 iter:  59:1        |ddm|: 1.913490e-02     Tr[DP]  8.981295e-02
 iter:  59:2        |ddm|: 1.672869e-02     Tr[DP]  8.676078e-02
 iter:  60:1        |ddm|: 1.830949e-02     Tr[DP]  8.961486e-02
 iter:  60:2        |ddm|: 1.286574e-02     Tr[DP]  8.687072e-02
 iter:  61:1        |ddm|: 1.701847e-02     Tr[DP]  8.925925e-02
 iter:  61:2        |ddm|: 1.760178e-02     Tr[DP]  8.661587e-02
 iter:  62:1        |ddm|: 1.610567e-02     Tr[DP]  8.908895e-02
 iter:  62:2        |ddm|: 1.286492e-02     Tr[DP]  8.661707e-02
 iter:  63:1        |ddm|: 1.512225e-02     Tr[DP]  8.889852e-02
 iter:  63:2        |ddm|: 1.142832e-02     Tr[DP]  8.663703e-02
 iter:  64:1        |ddm|: 1.394037e-02     Tr[DP]  8.873604e-02
 iter:  64:2        |ddm|: 1.006422e-02     Tr[DP]  8.668995e-02
 iter:  65:1        |ddm|: 1.295599e-02     Tr[DP]  8.862387e-02
 iter:  65:2        |ddm|: 8.565322e-03     Tr[DP]  8.681176e-02
 iter:  66:1        |ddm|: 1.148994e-02     Tr[DP]  8.850867e-02
 iter:  66:2        |ddm|: 7.459426e-03     Tr[DP]  8.692021e-02
 iter:  67:1        |ddm|: 9.989031e-03     Tr[DP]  8.839144e-02
 iter:  67:2        |ddm|: 6.759468e-03     Tr[DP]  8.697731e-02
 iter:  68:1        |ddm|: 9.018002e-03     Tr[DP]  8.830821e-02
 iter:  68:2        |ddm|: 5.998392e-03     Tr[DP]  8.705107e-02
 iter:  69:1        |ddm|: 1.133408e-02     Tr[DP]  8.801708e-02
 iter:  69:2        |ddm|: 1.700464e-02     Tr[DP]  8.668155e-02
 iter:  70:1        |ddm|: 9.784601e-03     Tr[DP]  8.793440e-02
 iter:  70:2        |ddm|: 1.193224e-02     Tr[DP]  8.653755e-02
 iter:  71:1        |ddm|: 9.787724e-03     Tr[DP]  8.781741e-02
 iter:  71:2        |ddm|: 1.084291e-02     Tr[DP]  8.642409e-02
 iter:  72:1        |ddm|: 9.330240e-03     Tr[DP]  8.777070e-02
 iter:  72:2        |ddm|: 7.409595e-03     Tr[DP]  8.645739e-02
 iter:  73:1        |ddm|: 8.646266e-03     Tr[DP]  8.768651e-02
 iter:  73:2        |ddm|: 6.783699e-03     Tr[DP]  8.647315e-02
 iter:  74:1        |ddm|: 8.060416e-03     Tr[DP]  8.757956e-02
 iter:  74:2        |ddm|: 7.422553e-03     Tr[DP]  8.643348e-02
 iter:  75:1        |ddm|: 7.642426e-03     Tr[DP]  8.750856e-02
 iter:  75:2        |ddm|: 6.588265e-03     Tr[DP]  8.642903e-02
 iter:  76:1        |ddm|: 7.301216e-03     Tr[DP]  8.742301e-02
 iter:  76:2        |ddm|: 6.839673e-03     Tr[DP]  8.639485e-02
 iter:  77:1        |ddm|: 6.930744e-03     Tr[DP]  8.738953e-02
 iter:  77:2        |ddm|: 5.145899e-03     Tr[DP]  8.644223e-02
 iter:  78:1        |ddm|: 7.227494e-03     Tr[DP]  8.741602e-02
 iter:  78:2        |ddm|: 5.462182e-03     Tr[DP]  8.661436e-02
 iter:  79:1        |ddm|: 5.641174e-03     Tr[DP]  8.737117e-02
 iter:  79:2        |ddm|: 3.379761e-03     Tr[DP]  8.669050e-02
 iter:  80:1        |ddm|: 4.582965e-03     Tr[DP]  8.728454e-02
 iter:  80:2        |ddm|: 4.400710e-03     Tr[DP]  8.665841e-02
 iter:  81:1        |ddm|: 5.990533e-03     Tr[DP]  8.715012e-02
 iter:  81:2        |ddm|: 9.273463e-03     Tr[DP]  8.648536e-02
 iter:  82:1        |ddm|: 4.831834e-03     Tr[DP]  8.715127e-02
 iter:  82:2        |ddm|: 4.615869e-03     Tr[DP]  8.648825e-02
 iter:  83:1        |ddm|: 4.708619e-03     Tr[DP]  8.711110e-02
 iter:  83:2        |ddm|: 4.452496e-03     Tr[DP]  8.647148e-02
 iter:  84:1        |ddm|: 4.506852e-03     Tr[DP]  8.706576e-02
 iter:  84:2        |ddm|: 4.378343e-03     Tr[DP]  8.645162e-02
 iter:  85:1        |ddm|: 4.272618e-03     Tr[DP]  8.703997e-02
 iter:  85:2        |ddm|: 3.584300e-03     Tr[DP]  8.646162e-02
 iter:  86:1        |ddm|: 4.017559e-03     Tr[DP]  8.701666e-02
 iter:  86:2        |ddm|: 3.085265e-03     Tr[DP]  8.648065e-02
 iter:  87:1        |ddm|: 3.709710e-03     Tr[DP]  8.698393e-02
 iter:  87:2        |ddm|: 3.051815e-03     Tr[DP]  8.648558e-02
 iter:  88:1        |ddm|: 3.490604e-03     Tr[DP]  8.694791e-02
 iter:  88:2        |ddm|: 3.216481e-03     Tr[DP]  8.647690e-02
 iter:  89:1        |ddm|: 3.291559e-03     Tr[DP]  8.693414e-02
 iter:  89:2        |ddm|: 2.528115e-03     Tr[DP]  8.649684e-02
 iter:  90:1        |ddm|: 3.060176e-03     Tr[DP]  8.691822e-02
 iter:  90:2        |ddm|: 2.221858e-03     Tr[DP]  8.651772e-02
 iter:  91:1        |ddm|: 2.786746e-03     Tr[DP]  8.689835e-02
 iter:  91:2        |ddm|: 2.095602e-03     Tr[DP]  8.653126e-02
 iter:  92:1        |ddm|: 2.559055e-03     Tr[DP]  8.688223e-02
 iter:  92:2        |ddm|: 1.913537e-03     Tr[DP]  8.654561e-02
 iter:  93:1        |ddm|: 2.352424e-03     Tr[DP]  8.686288e-02
 iter:  93:2        |ddm|: 1.907012e-03     Tr[DP]  8.655086e-02
 iter:  94:1        |ddm|: 2.195262e-03     Tr[DP]  8.685409e-02
 iter:  94:2        |ddm|: 1.588270e-03     Tr[DP]  8.656836e-02
 iter:  95:1        |ddm|: 2.004594e-03     Tr[DP]  8.683775e-02
 iter:  95:2        |ddm|: 1.591197e-03     Tr[DP]  8.657374e-02
 iter:  96:1        |ddm|: 1.880472e-03     Tr[DP]  8.683408e-02
 iter:  96:2        |ddm|: 1.279357e-03     Tr[DP]  8.659550e-02
 iter:  97:1        |ddm|: 1.678024e-03     Tr[DP]  8.682284e-02
 iter:  97:2        |ddm|: 1.193226e-03     Tr[DP]  8.660627e-02
 iter:  98:1        |ddm|: 1.534517e-03     Tr[DP]  8.681754e-02
 iter:  98:2        |ddm|: 1.031169e-03     Tr[DP]  8.662308e-02
 iter:  99:1        |ddm|: 1.365219e-03     Tr[DP]  8.680750e-02
 iter:  99:2        |ddm|: 9.936872e-04     Tr[DP]  8.663061e-02
 iter: 100:1        |ddm|: 1.312058e-03     Tr[DP]  8.678716e-02
 iter: 100:2        |ddm|: 1.457233e-03     Tr[DP]  8.661709e-02
 iter: 101:1        |ddm|: 1.217735e-03     Tr[DP]  8.678528e-02
 iter: 101:2        |ddm|: 9.706381e-04     Tr[DP]  8.662527e-02
 iter: 102:1        |ddm|: 1.330310e-03     Tr[DP]  8.676048e-02
 iter: 102:2        |ddm|: 1.787739e-03     Tr[DP]  8.659963e-02
 iter: 103:1        |ddm|: 1.226521e-03     Tr[DP]  8.675179e-02
 iter: 103:2        |ddm|: 1.372919e-03     Tr[DP]  8.659165e-02
 iter: 104:1        |ddm|: 1.253559e-03     Tr[DP]  8.673856e-02
 iter: 104:2        |ddm|: 1.482856e-03     Tr[DP]  8.657801e-02
 iter: 105:1        |ddm|: 1.174137e-03     Tr[DP]  8.673630e-02
 iter: 105:2        |ddm|: 9.976858e-04     Tr[DP]  8.658263e-02
 iter: 106:1        |ddm|: 1.113023e-03     Tr[DP]  8.673362e-02
 iter: 106:2        |ddm|: 8.136802e-04     Tr[DP]  8.659125e-02
 iter: 107:1        |ddm|: 1.017780e-03     Tr[DP]  8.672851e-02
 iter: 107:2        |ddm|: 7.270286e-04     Tr[DP]  8.659835e-02
 iter: 108:1        |ddm|: 9.239958e-04     Tr[DP]  8.672077e-02
 iter: 108:2        |ddm|: 7.411700e-04     Tr[DP]  8.660041e-02
 iter: 109:1        |ddm|: 8.569532e-04     Tr[DP]  8.671573e-02
 iter: 109:2        |ddm|: 6.733600e-04     Tr[DP]  8.660408e-02
 iter: 110:1        |ddm|: 7.970677e-04     Tr[DP]  8.671182e-02
 iter: 110:2        |ddm|: 6.004223e-04     Tr[DP]  8.660873e-02
 iter: 111:1        |ddm|: 7.408372e-04     Tr[DP]  8.670511e-02
 iter: 111:2        |ddm|: 6.340286e-04     Tr[DP]  8.660844e-02
 iter: 112:1        |ddm|: 7.102823e-04     Tr[DP]  8.670656e-02
 iter: 112:2        |ddm|: 4.793053e-04     Tr[DP]  8.661958e-02
 iter: 113:1        |ddm|: 6.187933e-04     Tr[DP]  8.670130e-02
 iter: 113:2        |ddm|: 4.624936e-04     Tr[DP]  8.662189e-02
 iter: 114:1        |ddm|: 5.627635e-04     Tr[DP]  8.669803e-02
 iter: 114:2        |ddm|: 4.218248e-04     Tr[DP]  8.662530e-02
 iter: 115:1        |ddm|: 5.275052e-04     Tr[DP]  8.669756e-02
 iter: 115:2        |ddm|: 3.520845e-04     Tr[DP]  8.663220e-02
 iter: 116:1        |ddm|: 4.792605e-04     Tr[DP]  8.669698e-02
 iter: 116:2        |ddm|: 3.076162e-04     Tr[DP]  8.663944e-02
 iter: 117:1        |ddm|: 4.223942e-04     Tr[DP]  8.668993e-02
 iter: 117:2        |ddm|: 4.266899e-04     Tr[DP]  8.663583e-02
 iter: 118:1        |ddm|: 3.872956e-04     Tr[DP]  8.668943e-02
 iter: 118:2        |ddm|: 2.933249e-04     Tr[DP]  8.663934e-02
 iter: 119:1        |ddm|: 3.597147e-04     Tr[DP]  8.668742e-02
 iter: 119:2        |ddm|: 2.777822e-04     Tr[DP]  8.664102e-02
 iter: 120:1        |ddm|: 3.329257e-04     Tr[DP]  8.668573e-02
 iter: 120:2        |ddm|: 2.455018e-04     Tr[DP]  8.664298e-02
 iter: 121:1        |ddm|: 3.148673e-04     Tr[DP]  8.668188e-02
 iter: 121:2        |ddm|: 3.038830e-04     Tr[DP]  8.664111e-02
 iter: 122:1        |ddm|: 3.494653e-04     Tr[DP]  8.667580e-02
 iter: 122:2        |ddm|: 4.740518e-04     Tr[DP]  8.663432e-02
 iter: 123:1        |ddm|: 3.179111e-04     Tr[DP]  8.667883e-02
 iter: 123:2        |ddm|: 2.330359e-04     Tr[DP]  8.664045e-02
 iter: 124:1        |ddm|: 2.988828e-04     Tr[DP]  8.667367e-02
 iter: 124:2        |ddm|: 3.564187e-04     Tr[DP]  8.663646e-02
 iter: 125:1        |ddm|: 2.722265e-04     Tr[DP]  8.667417e-02
 iter: 125:2        |ddm|: 1.991468e-04     Tr[DP]  8.663954e-02
 iter: 126:1        |ddm|: 2.503403e-04     Tr[DP]  8.667248e-02
 iter: 126:2        |ddm|: 1.977255e-04     Tr[DP]  8.664029e-02
 iter: 127:1        |ddm|: 2.302631e-04     Tr[DP]  8.667130e-02
 iter: 127:2        |ddm|: 1.775310e-04     Tr[DP]  8.664159e-02
 iter: 128:1        |ddm|: 2.154878e-04     Tr[DP]  8.667095e-02
 iter: 128:2        |ddm|: 1.464121e-04     Tr[DP]  8.664401e-02
 iter: 129:1        |ddm|: 1.920316e-04     Tr[DP]  8.666960e-02
 iter: 129:2        |ddm|: 1.436853e-04     Tr[DP]  8.664500e-02
 iter: 130:1        |ddm|: 1.754761e-04     Tr[DP]  8.666866e-02
 iter: 130:2        |ddm|: 1.312590e-04     Tr[DP]  8.664611e-02
 iter: 131:1        |ddm|: 1.613690e-04     Tr[DP]  8.666757e-02
 iter: 131:2        |ddm|: 1.280162e-04     Tr[DP]  8.664670e-02
 iter: 132:1        |ddm|: 1.496831e-04     Tr[DP]  8.666671e-02
 iter: 132:2        |ddm|: 1.180516e-04     Tr[DP]  8.664734e-02
 iter: 133:1        |ddm|: 1.391709e-04     Tr[DP]  8.666618e-02
 iter: 133:2        |ddm|: 1.025567e-04     Tr[DP]  8.664838e-02
 iter: 134:1        |ddm|: 1.515694e-04     Tr[DP]  8.666762e-02
 iter: 134:2        |ddm|: 1.257288e-04     Tr[DP]  8.665261e-02
 iter: 135:1        |ddm|: 1.179330e-04     Tr[DP]  8.666467e-02
 iter: 135:2        |ddm|: 1.383863e-04     Tr[DP]  8.665050e-02
 iter: 136:1        |ddm|: 1.607551e-04     Tr[DP]  8.666797e-02
 iter: 136:2        |ddm|: 1.916551e-04     Tr[DP]  8.665688e-02
 iter: 137:1        |ddm|: 8.361166e-05     Tr[DP]  8.666659e-02
 iter: 137:2        |ddm|: 4.335857e-05     Tr[DP]  8.665741e-02
 iter: 138:1        |ddm|: 2.278500e-04     Tr[DP]  8.665980e-02
 iter: 138:2        |ddm|: 4.002748e-04     Tr[DP]  8.664807e-02
 iter: 139:1        |ddm|: 1.014272e-04     Tr[DP]  8.666185e-02
 iter: 139:2        |ddm|: 9.607738e-05     Tr[DP]  8.664946e-02
 iter: 140:1        |ddm|: 1.068454e-04     Tr[DP]  8.666055e-02
 iter: 140:2        |ddm|: 1.378497e-04     Tr[DP]  8.664772e-02
 iter: 141:1        |ddm|: 9.553014e-05     Tr[DP]  8.666037e-02
 iter: 141:2        |ddm|: 8.851524e-05     Tr[DP]  8.664796e-02
 iter: 142:1        |ddm|: 9.103168e-05     Tr[DP]  8.666003e-02
 iter: 142:2        |ddm|: 7.558727e-05     Tr[DP]  8.664830e-02
 iter: 143:1        |ddm|: 8.562382e-05     Tr[DP]  8.665977e-02
 iter: 143:2        |ddm|: 6.075900e-05     Tr[DP]  8.664892e-02
 iter: 144:1        |ddm|: 8.482285e-05     Tr[DP]  8.665829e-02
 iter: 144:2        |ddm|: 1.043595e-04     Tr[DP]  8.664773e-02
 iter: 145:1        |ddm|: 9.568209e-05     Tr[DP]  8.665966e-02
 iter: 145:2        |ddm|: 8.308731e-05     Tr[DP]  8.665042e-02
 iter: 146:1        |ddm|: 6.708506e-05     Tr[DP]  8.665847e-02
 iter: 146:2        |ddm|: 5.833240e-05     Tr[DP]  8.665004e-02
 iter: 147:1        |ddm|: 6.323438e-05     Tr[DP]  8.665752e-02
 iter: 147:2        |ddm|: 7.308806e-05     Tr[DP]  8.664942e-02
 iter: 148:1        |ddm|: 5.902126e-05     Tr[DP]  8.665747e-02
 iter: 148:2        |ddm|: 4.820465e-05     Tr[DP]  8.664980e-02
 iter: 149:1        |ddm|: 5.561444e-05     Tr[DP]  8.665720e-02
 iter: 149:2        |ddm|: 4.423570e-05     Tr[DP]  8.665004e-02
 iter: 150:1        |ddm|: 5.150938e-05     Tr[DP]  8.665691e-02
 iter: 150:2        |ddm|: 4.081018e-05     Tr[DP]  8.665027e-02
 iter: 151:1        |ddm|: 4.777038e-05     Tr[DP]  8.665668e-02
 iter: 151:2        |ddm|: 3.681385e-05     Tr[DP]  8.665053e-02
 iter: 152:1        |ddm|: 4.477502e-05     Tr[DP]  8.665663e-02
 iter: 152:2        |ddm|: 3.019709e-05     Tr[DP]  8.665107e-02
 iter: 153:1        |ddm|: 3.996419e-05     Tr[DP]  8.665642e-02
 iter: 153:2        |ddm|: 2.743752e-05     Tr[DP]  8.665139e-02
 iter: 154:1        |ddm|: 3.579081e-05     Tr[DP]  8.665611e-02
 iter: 154:2        |ddm|: 2.932850e-05     Tr[DP]  8.665147e-02
 iter: 155:1        |ddm|: 3.393601e-05     Tr[DP]  8.665613e-02
 iter: 155:2        |ddm|: 2.271918e-05     Tr[DP]  8.665196e-02
 iter: 156:1        |ddm|: 3.034498e-05     Tr[DP]  8.665574e-02
 iter: 156:2        |ddm|: 2.836909e-05     Tr[DP]  8.665183e-02
 iter: 157:1        |ddm|: 2.808480e-05     Tr[DP]  8.665563e-02
 iter: 157:2        |ddm|: 2.211188e-05     Tr[DP]  8.665200e-02
 iter: 158:1        |ddm|: 2.636342e-05     Tr[DP]  8.665544e-02
 iter: 158:2        |ddm|: 2.239727e-05     Tr[DP]  8.665202e-02
 iter: 159:1        |ddm|: 2.965849e-05     Tr[DP]  8.665487e-02
 iter: 159:2        |ddm|: 4.073299e-05     Tr[DP]  8.665140e-02
 iter: 160:1        |ddm|: 2.581033e-05     Tr[DP]  8.665486e-02
 iter: 160:2        |ddm|: 2.360297e-05     Tr[DP]  8.665149e-02
 iter: 161:1        |ddm|: 2.507663e-05     Tr[DP]  8.665490e-02
 iter: 161:2        |ddm|: 1.754689e-05     Tr[DP]  8.665179e-02
 iter: 162:1        |ddm|: 2.256609e-05     Tr[DP]  8.665482e-02
 iter: 162:2        |ddm|: 1.530364e-05     Tr[DP]  8.665201e-02
 iter: 163:1        |ddm|: 2.008985e-05     Tr[DP]  8.665470e-02
 iter: 163:2        |ddm|: 1.451816e-05     Tr[DP]  8.665214e-02
 iter: 164:1        |ddm|: 1.828900e-05     Tr[DP]  8.665456e-02
 iter: 164:2        |ddm|: 1.457144e-05     Tr[DP]  8.665219e-02
 iter: 165:1        |ddm|: 1.697914e-05     Tr[DP]  8.665445e-02
 iter: 165:2        |ddm|: 1.361780e-05     Tr[DP]  8.665225e-02
 iter: 166:1        |ddm|: 1.830332e-05     Tr[DP]  8.665465e-02
 iter: 166:2        |ddm|: 1.505423e-05     Tr[DP]  8.665278e-02
 iter: 167:1        |ddm|: 1.401955e-05     Tr[DP]  8.665459e-02
 iter: 167:2        |ddm|: 8.654021e-06     Tr[DP]  8.665302e-02
 iter: 168:1        |ddm|: 4.274827e-05     Tr[DP]  8.665330e-02
 iter: 168:2        |ddm|: 7.425718e-05     Tr[DP]  8.665116e-02
 iter: 169:1        |ddm|: 2.086610e-05     Tr[DP]  8.665395e-02
 iter: 169:2        |ddm|: 1.974926e-05     Tr[DP]  8.665187e-02
 iter: 170:1        |ddm|: 1.632368e-05     Tr[DP]  8.665396e-02
 iter: 170:2        |ddm|: 1.060059e-05     Tr[DP]  8.665208e-02
 iter: 171:1        |ddm|: 1.374023e-05     Tr[DP]  8.665391e-02
 iter: 171:2        |ddm|: 8.786276e-06     Tr[DP]  8.665227e-02
 iter: 172:1        |ddm|: 1.175729e-05     Tr[DP]  8.665383e-02
 iter: 172:2        |ddm|: 7.955508e-06     Tr[DP]  8.665236e-02
 iter: 173:1        |ddm|: 1.049931e-05     Tr[DP]  8.665376e-02
 iter: 173:2        |ddm|: 7.662560e-06     Tr[DP]  8.665242e-02
 iter: 174:1        |ddm|: 9.604788e-06     Tr[DP]  8.665371e-02
 iter: 174:2        |ddm|: 7.077406e-06     Tr[DP]  8.665248e-02
 iter: 175:1        |ddm|: 8.821520e-06     Tr[DP]  8.665367e-02
 iter: 175:2        |ddm|: 6.391103e-06     Tr[DP]  8.665255e-02
 iter: 176:1        |ddm|: 8.050910e-06     Tr[DP]  8.665363e-02
 iter: 176:2        |ddm|: 6.080959e-06     Tr[DP]  8.665259e-02
 iter: 177:1        |ddm|: 7.569945e-06     Tr[DP]  8.665363e-02
 iter: 177:2        |ddm|: 5.018937e-06     Tr[DP]  8.665270e-02
 iter: 178:1        |ddm|: 6.668573e-06     Tr[DP]  8.665355e-02
 iter: 178:2        |ddm|: 5.561992e-06     Tr[DP]  8.665269e-02
 iter: 179:1        |ddm|: 6.139069e-06     Tr[DP]  8.665353e-02
 iter: 179:2        |ddm|: 4.654521e-06     Tr[DP]  8.665273e-02
 iter: 180:1        |ddm|: 5.708509e-06     Tr[DP]  8.665348e-02
 iter: 180:2        |ddm|: 4.750046e-06     Tr[DP]  8.665274e-02
 iter: 181:1        |ddm|: 5.683390e-06     Tr[DP]  8.665340e-02
 iter: 181:2        |ddm|: 6.421174e-06     Tr[DP]  8.665268e-02
 iter: 182:1        |ddm|: 5.328798e-06     Tr[DP]  8.665338e-02
 iter: 182:2        |ddm|: 5.085877e-06     Tr[DP]  8.665268e-02
 iter: 183:1        |ddm|: 5.115007e-06     Tr[DP]  8.665335e-02
 iter: 183:2        |ddm|: 4.550737e-06     Tr[DP]  8.665268e-02
 iter: 184:1        |ddm|: 4.817054e-06     Tr[DP]  8.665333e-02
 iter: 184:2        |ddm|: 3.803913e-06     Tr[DP]  8.665271e-02
 iter: 185:1        |ddm|: 4.482183e-06     Tr[DP]  8.665330e-02
 iter: 185:2        |ddm|: 3.706213e-06     Tr[DP]  8.665272e-02
 iter: 186:1        |ddm|: 4.184771e-06     Tr[DP]  8.665327e-02
 iter: 186:2        |ddm|: 3.633512e-06     Tr[DP]  8.665273e-02
 iter: 187:1        |ddm|: 3.949575e-06     Tr[DP]  8.665324e-02
 iter: 187:2        |ddm|: 3.529435e-06     Tr[DP]  8.665273e-02
 iter: 188:1        |ddm|: 3.736856e-06     Tr[DP]  8.665324e-02
 iter: 188:2        |ddm|: 2.709929e-06     Tr[DP]  8.665276e-02
 iter: 189:1        |ddm|: 3.415789e-06     Tr[DP]  8.665322e-02
 iter: 189:2        |ddm|: 2.566503e-06     Tr[DP]  8.665278e-02
 iter: 190:1        |ddm|: 3.126723e-06     Tr[DP]  8.665320e-02
 iter: 190:2        |ddm|: 2.415783e-06     Tr[DP]  8.665280e-02
 iter: 191:1        |ddm|: 2.913336e-06     Tr[DP]  8.665319e-02
 iter: 191:2        |ddm|: 2.006955e-06     Tr[DP]  8.665283e-02
 iter: 192:1        |ddm|: 2.642622e-06     Tr[DP]  8.665318e-02
 iter: 192:2        |ddm|: 1.767600e-06     Tr[DP]  8.665285e-02
 iter: 193:1        |ddm|: 2.343649e-06     Tr[DP]  8.665317e-02
 iter: 193:2        |ddm|: 1.794910e-06     Tr[DP]  8.665286e-02
 iter: 194:1        |ddm|: 2.153363e-06     Tr[DP]  8.665316e-02
 iter: 194:2        |ddm|: 1.590245e-06     Tr[DP]  8.665288e-02
 iter: 195:1        |ddm|: 1.975966e-06     Tr[DP]  8.665314e-02
 iter: 195:2        |ddm|: 1.570503e-06     Tr[DP]  8.665289e-02
 iter: 196:1        |ddm|: 1.832115e-06     Tr[DP]  8.665313e-02
 iter: 196:2        |ddm|: 1.393015e-06     Tr[DP]  8.665290e-02
 iter: 197:1        |ddm|: 1.937534e-06     Tr[DP]  8.665315e-02
 iter: 197:2        |ddm|: 1.521169e-06     Tr[DP]  8.665295e-02
 iter: 198:1        |ddm|: 1.819909e-06     Tr[DP]  8.665310e-02
 iter: 198:2        |ddm|: 2.547629e-06     Tr[DP]  8.665290e-02
 iter: 199:1        |ddm|: 1.545218e-06     Tr[DP]  8.665309e-02
 iter: 199:2        |ddm|: 1.731274e-06     Tr[DP]  8.665289e-02
 iter: 200:1        |ddm|: 1.516512e-06     Tr[DP]  8.665308e-02
 iter: 200:2        |ddm|: 1.568958e-06     Tr[DP]  8.665288e-02
 iter: 201:1        |ddm|: 1.478674e-06     Tr[DP]  8.665307e-02
 iter: 201:2        |ddm|: 1.522017e-06     Tr[DP]  8.665288e-02
 iter: 202:1        |ddm|: 1.398522e-06     Tr[DP]  8.665306e-02
 iter: 202:2        |ddm|: 1.189052e-06     Tr[DP]  8.665288e-02
 iter: 203:1        |ddm|: 1.316920e-06     Tr[DP]  8.665306e-02
 iter: 203:2        |ddm|: 1.040935e-06     Tr[DP]  8.665289e-02
 iter: 204:1        |ddm|: 1.228519e-06     Tr[DP]  8.665305e-02
 iter: 204:2        |ddm|: 1.138436e-06     Tr[DP]  8.665289e-02
 iter: 205:1        |ddm|: 1.155025e-06     Tr[DP]  8.665304e-02
 iter: 205:2        |ddm|: 9.125194e-07     Tr[DP]  8.665289e-02
 iter: 206:1        |ddm|: 1.075337e-06     Tr[DP]  8.665304e-02
 iter: 206:2        |ddm|: 8.764649e-07     Tr[DP]  8.665290e-02
 iter: 207:1        |ddm|: 1.005844e-06     Tr[DP]  8.665303e-02
 iter: 207:2        |ddm|: 8.729162e-07     Tr[DP]  8.665290e-02
 iter: 208:1        |ddm|: 9.425569e-07     Tr[DP]  8.665303e-02
 iter: 208:2        |ddm|: 7.016543e-07     Tr[DP]  8.665290e-02
 iter: 209:1        |ddm|: 8.684330e-07     Tr[DP]  8.665302e-02
 iter: 209:2        |ddm|: 6.472440e-07     Tr[DP]  8.665291e-02
 iter: 210:1        |ddm|: 8.054780e-07     Tr[DP]  8.665302e-02
 iter: 210:2        |ddm|: 5.497666e-07     Tr[DP]  8.665292e-02
 iter: 211:1        |ddm|: 7.191112e-07     Tr[DP]  8.665302e-02
 iter: 211:2        |ddm|: 5.031243e-07     Tr[DP]  8.665292e-02
 iter: 212:1        |ddm|: 6.479194e-07     Tr[DP]  8.665301e-02
 iter: 212:2        |ddm|: 4.783406e-07     Tr[DP]  8.665293e-02
 iter: 213:1        |ddm|: 5.929496e-07     Tr[DP]  8.665301e-02
 iter: 213:2        |ddm|: 4.556248e-07     Tr[DP]  8.665293e-02
 iter: 214:1        |ddm|: 5.481798e-07     Tr[DP]  8.665301e-02
 iter: 214:2        |ddm|: 3.976617e-07     Tr[DP]  8.665294e-02
 iter: 215:1        |ddm|: 5.018554e-07     Tr[DP]  8.665300e-02
 iter: 215:2        |ddm|: 3.563466e-07     Tr[DP]  8.665294e-02
 iter: 216:1        |ddm|: 4.660874e-07     Tr[DP]  8.665300e-02
 iter: 216:2        |ddm|: 3.401156e-07     Tr[DP]  8.665295e-02
 iter: 217:1        |ddm|: 4.177838e-07     Tr[DP]  8.665300e-02
 iter: 217:2        |ddm|: 2.939883e-07     Tr[DP]  8.665295e-02
 iter: 218:1        |ddm|: 4.350019e-07     Tr[DP]  8.665299e-02
 iter: 218:2        |ddm|: 5.933510e-07     Tr[DP]  8.665294e-02
 iter: 219:1        |ddm|: 4.034307e-07     Tr[DP]  8.665299e-02
 iter: 219:2        |ddm|: 4.898746e-07     Tr[DP]  8.665294e-02
 iter: 220:1        |ddm|: 4.203389e-07     Tr[DP]  8.665298e-02
 iter: 220:2        |ddm|: 5.343210e-07     Tr[DP]  8.665293e-02
 iter: 221:1        |ddm|: 3.873218e-07     Tr[DP]  8.665298e-02
 iter: 221:2        |ddm|: 3.579845e-07     Tr[DP]  8.665293e-02
 iter: 222:1        |ddm|: 3.698033e-07     Tr[DP]  8.665298e-02
 iter: 222:2        |ddm|: 2.996174e-07     Tr[DP]  8.665293e-02
 iter: 223:1        |ddm|: 3.433694e-07     Tr[DP]  8.665298e-02
 iter: 223:2        |ddm|: 2.672201e-07     Tr[DP]  8.665294e-02
 iter: 224:1        |ddm|: 3.168452e-07     Tr[DP]  8.665298e-02
 iter: 224:2        |ddm|: 2.538404e-07     Tr[DP]  8.665294e-02
 iter: 225:1        |ddm|: 2.933997e-07     Tr[DP]  8.665298e-02
 iter: 225:2        |ddm|: 2.303080e-07     Tr[DP]  8.665294e-02
 iter: 226:1        |ddm|: 2.782814e-07     Tr[DP]  8.665298e-02
 iter: 226:2        |ddm|: 2.057857e-07     Tr[DP]  8.665294e-02
 iter: 227:1        |ddm|: 2.463630e-07     Tr[DP]  8.665297e-02
 iter: 227:2        |ddm|: 1.923890e-07     Tr[DP]  8.665294e-02
 iter: 228:1        |ddm|: 2.293013e-07     Tr[DP]  8.665297e-02
 iter: 228:2        |ddm|: 2.019876e-07     Tr[DP]  8.665294e-02
 iter: 229:1        |ddm|: 2.170111e-07     Tr[DP]  8.665297e-02
 iter: 229:2        |ddm|: 1.890497e-07     Tr[DP]  8.665294e-02
 iter: 230:1        |ddm|: 2.057140e-07     Tr[DP]  8.665297e-02
 iter: 230:2        |ddm|: 1.733414e-07     Tr[DP]  8.665294e-02
 iter: 231:1        |ddm|: 1.944977e-07     Tr[DP]  8.665297e-02
 iter: 231:2        |ddm|: 1.704379e-07     Tr[DP]  8.665294e-02
 iter: 232:1        |ddm|: 1.911138e-07     Tr[DP]  8.665297e-02
 iter: 232:2        |ddm|: 1.304867e-07     Tr[DP]  8.665295e-02
 iter: 233:1        |ddm|: 1.642083e-07     Tr[DP]  8.665297e-02
 iter: 233:2        |ddm|: 1.239122e-07     Tr[DP]  8.665295e-02
 iter: 234:1        |ddm|: 1.490175e-07     Tr[DP]  8.665297e-02
 iter: 234:2        |ddm|: 1.204131e-07     Tr[DP]  8.665295e-02
 iter: 235:1        |ddm|: 1.390490e-07     Tr[DP]  8.665297e-02
 iter: 235:2        |ddm|: 1.143272e-07     Tr[DP]  8.665295e-02
 iter: 236:1        |ddm|: 1.299493e-07     Tr[DP]  8.665296e-02
 iter: 236:2        |ddm|: 1.064524e-07     Tr[DP]  8.665295e-02
 iter: 237:1        |ddm|: 1.212843e-07     Tr[DP]  8.665296e-02
 iter: 237:2        |ddm|: 9.849237e-08     Tr[DP]  8.665295e-02
 iter: 238:1        |ddm|: 1.132549e-07     Tr[DP]  8.665296e-02
 iter: 238:2        |ddm|: 9.168155e-08     Tr[DP]  8.665295e-02
 iter: 239:1        |ddm|: 1.050096e-07     Tr[DP]  8.665296e-02
 iter: 239:2        |ddm|: 8.399262e-08     Tr[DP]  8.665295e-02
 iter: 240:1        |ddm|: 9.824580e-08     Tr[DP]  8.665296e-02
 iter: 240:2        |ddm|: 7.956278e-08     Tr[DP]  8.665295e-02
 iter: 241:1        |ddm|: 9.192106e-08     Tr[DP]  8.665296e-02
 iter: 241:2        |ddm|: 7.496167e-08     Tr[DP]  8.665295e-02
 iter: 242:1        |ddm|: 8.596848e-08     Tr[DP]  8.665296e-02
 iter: 242:2        |ddm|: 7.040784e-08     Tr[DP]  8.665295e-02
 iter: 243:1        |ddm|: 8.035489e-08     Tr[DP]  8.665296e-02
 iter: 243:2        |ddm|: 6.595161e-08     Tr[DP]  8.665295e-02
 iter: 244:1        |ddm|: 7.507316e-08     Tr[DP]  8.665296e-02
 iter: 244:2        |ddm|: 6.164659e-08     Tr[DP]  8.665295e-02
 iter: 245:1        |ddm|: 7.014473e-08     Tr[DP]  8.665296e-02
 iter: 245:2        |ddm|: 5.772220e-08     Tr[DP]  8.665295e-02
 iter: 246:1        |ddm|: 6.546988e-08     Tr[DP]  8.665296e-02
 iter: 246:2        |ddm|: 5.364294e-08     Tr[DP]  8.665295e-02
 iter: 247:1        |ddm|: 6.118967e-08     Tr[DP]  8.665296e-02
 iter: 247:2        |ddm|: 5.003662e-08     Tr[DP]  8.665295e-02
 iter: 248:1        |ddm|: 5.721452e-08     Tr[DP]  8.665296e-02
 iter: 248:2        |ddm|: 4.678027e-08     Tr[DP]  8.665295e-02
 iter: 249:1        |ddm|: 5.350170e-08     Tr[DP]  8.665296e-02
 iter: 249:2        |ddm|: 4.378964e-08     Tr[DP]  8.665295e-02
 iter: 250:1        |ddm|: 5.002339e-08     Tr[DP]  8.665296e-02
 iter: 250:2        |ddm|: 4.100245e-08     Tr[DP]  8.665295e-02
 iter: 251:1        |ddm|: 4.676151e-08     Tr[DP]  8.665296e-02
 iter: 251:2        |ddm|: 3.837937e-08     Tr[DP]  8.665295e-02
 iter: 252:1        |ddm|: 4.370782e-08     Tr[DP]  8.665296e-02
 iter: 252:2        |ddm|: 3.593207e-08     Tr[DP]  8.665295e-02
 iter: 253:1        |ddm|: 4.083593e-08     Tr[DP]  8.665296e-02
 iter: 253:2        |ddm|: 3.356083e-08     Tr[DP]  8.665295e-02
 iter: 254:1        |ddm|: 3.815685e-08     Tr[DP]  8.665296e-02
 iter: 254:2        |ddm|: 3.132298e-08     Tr[DP]  8.665295e-02
 iter: 255:1        |ddm|: 3.566146e-08     Tr[DP]  8.665296e-02
 iter: 255:2        |ddm|: 2.924405e-08     Tr[DP]  8.665295e-02
 iter: 256:1        |ddm|: 3.333581e-08     Tr[DP]  8.665296e-02
 iter: 256:2        |ddm|: 2.732092e-08     Tr[DP]  8.665295e-02
 iter: 257:1        |ddm|: 3.116487e-08     Tr[DP]  8.665296e-02
 iter: 257:2        |ddm|: 2.554136e-08     Tr[DP]  8.665295e-02
 iter: 258:1        |ddm|: 2.913543e-08     Tr[DP]  8.665296e-02
 iter: 258:2        |ddm|: 2.388813e-08     Tr[DP]  8.665295e-02
 iter: 259:1        |ddm|: 2.723678e-08     Tr[DP]  8.665296e-02
 iter: 259:2        |ddm|: 2.235135e-08     Tr[DP]  8.665295e-02
 iter: 260:1        |ddm|: 2.545736e-08     Tr[DP]  8.665296e-02
 iter: 260:2        |ddm|: 2.090344e-08     Tr[DP]  8.665295e-02
 iter: 261:1        |ddm|: 2.379132e-08     Tr[DP]  8.665296e-02
 iter: 261:2        |ddm|: 1.953750e-08     Tr[DP]  8.665295e-02
 iter: 262:1        |ddm|: 2.223449e-08     Tr[DP]  8.665296e-02
 iter: 262:2        |ddm|: 1.825384e-08     Tr[DP]  8.665295e-02
 iter: 263:1        |ddm|: 2.078091e-08     Tr[DP]  8.665296e-02
 iter: 263:2        |ddm|: 1.705214e-08     Tr[DP]  8.665295e-02
 iter: 264:1        |ddm|: 1.942401e-08     Tr[DP]  8.665296e-02
 iter: 264:2        |ddm|: 1.593185e-08     Tr[DP]  8.665295e-02
 iter: 265:1        |ddm|: 1.815702e-08     Tr[DP]  8.665296e-02
 iter: 265:2        |ddm|: 1.488935e-08     Tr[DP]  8.665295e-02
 iter: 266:1        |ddm|: 1.697304e-08     Tr[DP]  8.665296e-02
 iter: 266:2        |ddm|: 1.392110e-08     Tr[DP]  8.665295e-02
 iter: 267:1        |ddm|: 1.586615e-08     Tr[DP]  8.665295e-02
 iter: 267:2        |ddm|: 1.301737e-08     Tr[DP]  8.665295e-02
 iter: 268:1        |ddm|: 1.483005e-08     Tr[DP]  8.665295e-02
 iter: 268:2        |ddm|: 1.217168e-08     Tr[DP]  8.665295e-02
 iter: 269:1        |ddm|: 1.386085e-08     Tr[DP]  8.665295e-02
 iter: 269:2        |ddm|: 1.137727e-08     Tr[DP]  8.665295e-02
 iter: 270:1        |ddm|: 1.295484e-08     Tr[DP]  8.665295e-02
 iter: 270:2        |ddm|: 1.063389e-08     Tr[DP]  8.665295e-02
 iter: 271:1        |ddm|: 1.210835e-08     Tr[DP]  8.665295e-02
 iter: 271:2        |ddm|: 9.936736e-09     Tr[DP]  8.665295e-02
 iter: 272:1        |ddm|: 1.131760e-08     Tr[DP]  8.665295e-02
 iter: 272:2        |ddm|: 9.285629e-09     Tr[DP]  8.665295e-02
 iter: 273:1        |ddm|: 1.057885e-08     Tr[DP]  8.665295e-02
 iter: 273:2        |ddm|: 8.678390e-09     Tr[DP]  8.665295e-02
 iter: 274:1        |ddm|: 9.888550e-09     Tr[DP]  8.665295e-02
 iter: 274:2        |ddm|: 8.111467e-09     Tr[DP]  8.665295e-02
 iter: 275:1        |ddm|: 9.243293e-09     Tr[DP]  8.665295e-02
 iter: 275:2        |ddm|: 7.583679e-09     Tr[DP]  8.665295e-02
 iter: 276:1        |ddm|: 8.639827e-09     Tr[DP]  8.665295e-02
 iter: 276:2        |ddm|: 7.088902e-09     Tr[DP]  8.665295e-02
 iter: 277:1        |ddm|: 8.075240e-09     Tr[DP]  8.665295e-02
 iter: 277:2        |ddm|: 6.626977e-09     Tr[DP]  8.665295e-02
 iter: 278:1        |ddm|: 7.547848e-09     Tr[DP]  8.665295e-02
 iter: 278:2        |ddm|: 6.194482e-09     Tr[DP]  8.665295e-02
 iter: 279:1        |ddm|: 7.054616e-09     Tr[DP]  8.665295e-02
 iter: 279:2        |ddm|: 5.789652e-09     Tr[DP]  8.665295e-02
 iter: 280:1        |ddm|: 6.593929e-09     Tr[DP]  8.665295e-02
 iter: 280:2        |ddm|: 5.410622e-09     Tr[DP]  8.665295e-02
 iter: 281:1        |ddm|: 6.163465e-09     Tr[DP]  8.665295e-02
 iter: 281:2        |ddm|: 5.057110e-09     Tr[DP]  8.665295e-02
 iter: 282:1        |ddm|: 5.761113e-09     Tr[DP]  8.665295e-02
 iter: 282:2        |ddm|: 4.726858e-09     Tr[DP]  8.665295e-02
 iter: 283:1        |ddm|: 5.385107e-09     Tr[DP]  8.665295e-02
 iter: 283:2        |ddm|: 4.418909e-09     Tr[DP]  8.665295e-02
                           Freeze-and-Thaw converged!                           

=================== Subsystem 1 at higher mean-field method ====================
  subiter:   1      |ddm|: 3.396692e-01
  subiter:   2      |ddm|: 6.766669e-02
  subiter:   3      |ddm|: 1.409006e-02
  subiter:   4      |ddm|: 7.125176e-03
  subiter:   5      |ddm|: 1.425116e-03
  subiter:   6      |ddm|: 5.926914e-04
  subiter:   7      |ddm|: 9.771378e-05
  subiter:   8      |ddm|: 4.013912e-05
  subiter:   9      |ddm|: 1.089323e-05
  subiter:  10      |ddm|: 5.307503e-06
  subiter:  11      |ddm|: 5.241434e-07
  subiter:  12      |ddm|: 3.340796e-08
  subiter:  13      |ddm|: 3.334426e-08
  subiter:  14      |ddm|: 3.607984e-09


******** <class 'pyscf.scf.hf.RHF'> flags ********
method = RHF
initial guess = minao
damping factor = 0
level shift factor = 0
DIIS = <class 'pyscf.scf.diis.CDIIS'>
DIIS start cycle = 1
DIIS space = 8
SCF tol = 1e-09
SCF gradient tol = None
max. SCF cycles = 100
direct_scf = True
direct_scf_tol = 1e-13
chkfile to save SCF result = /panfs/roc/scratch/graha682/neg_wf_hzfermi/201711_ccpVDZ_NEVPT2_m06_0_4c12h24/tmpEyRBJE
max_memory 4000 MB (current use 453 MB)
Set gradient conv threshold to 3.16228e-05
init E= -163.995933351606
  HOMO = -0.460880260781333  LUMO = 0.178569794413612
cycle= 1 E= -163.995933351606  delta_E= 1.71e-13  |g|= 1.46e-09  |ddm|= 7.92e-09
  HOMO = -0.460880260748069  LUMO = 0.178569794378832
Extra cycle  E= -163.995933351604  delta_E= 1.36e-12  |g|= 5.85e-10  |ddm|= 2.7e-09
converged SCF energy = -163.995933351604


******** <class 'pyscf.dft.rks.RKS'> flags ********
method = RKS
initial guess = atom
damping factor = 0
level shift factor = 0.0
DIIS = <class 'pyscf.scf.diis.CDIIS'>
DIIS start cycle = 1
DIIS space = 8
SCF tol = 1e-08
SCF gradient tol = 1e-08
max. SCF cycles = 1
direct_scf = True
direct_scf_tol = 1e-13
chkfile to save SCF result = /panfs/roc/scratch/graha682/neg_wf_hzfermi/201711_ccpVDZ_NEVPT2_m06_0_4c12h24/tmpmfVgdO
max_memory 4000 MB (current use 453 MB)
XC functionals = m06
small_rho_cutoff = 1e-20
radial grids: Treutler-Ahlrichs (JCP 102, 346 (M4)) radial grids
becke partition: Becke, JCP, 88, 2547 (1988)
pruning grids: <function nwchem_prune at 0x178f6e0>
grids dens level: 4
symmetrized grids: False
atomic radii adjust function: <function treutler_atomic_radii_adjust at 0x178f578>
init E= -164.945504396334
  HOMO = -0.332632413206577  LUMO = 0.066290094187918
cycle= 1 E= -164.945504396335  delta_E= -1.71e-13  |g|= 8.47e-10  |ddm|= 5.03e-09
  HOMO = -0.332632413234036  LUMO = 0.0662900941552804
Extra cycle  E= -164.945504396334  delta_E= 5.68e-14  |g|= 4.03e-10  |ddm|= 1.61e-09
converged SCF energy = -164.945504396334
 iter: 284:1        |ddm|: 3.954256e-01     Tr[DP]  9.225971e-02

******** <class 'pyscf.mcscf.mc1step.CASSCF'> flags ********
CAS (1e+1e, 2o), ncore = 15, nvir = 74
max_cycle_macro = 50
max_cycle_micro = 4
conv_tol = 1e-07
conv_tol_grad = None
orbital rotation max_stepsize = 0.02
augmented hessian ah_max_cycle = 30
augmented hessian ah_conv_tol = 1e-12
augmented hessian ah_linear dependence = 1e-14
augmented hessian ah_level shift = 0
augmented hessian ah_start_tol = 2.5
augmented hessian ah_start_cycle = 3
augmented hessian ah_grad_trust_region = 3
kf_trust_region = 3
kf_interval = 4
ci_response_space = 4
ci_grad_trust_region = 3
with_dep4 0
natorb = False
canonicalization = True
sorting_mo_energy = False
chkfile = /panfs/roc/scratch/graha682/neg_wf_hzfermi/201711_ccpVDZ_NEVPT2_m06_0_4c12h24/tmpEyRBJE
max_memory 4000 MB (current use 453 MB)
internal_rotation = False
******** <class 'pyscf.fci.direct_spin1.FCISolver'> flags ********
max. cycles = 50
conv_tol = 1e-08
davidson only = False
linear dependence = 1e-10
level shift = 0.001
max iter space = 12
max_memory 4000 MB
nroots = 1
pspace_size = 400
spin = None
CASCI E = -163.995951649055  S^2 = 0.0000000
Set conv_tol_grad to 0.000316228
macro iter 1 (6 JK  1 micro), CASSCF E = -163.995965041648  dE = -1.3392593e-05  S^2 = 0.0000000
               |grad[o]|=8.88e-05  |grad[c]|= 0.00137137727036  |ddm|=3.85e-05
macro iter 2 (6 JK  1 micro), CASSCF E = -163.99599304559  dE = -2.8003941e-05  S^2 = 0.0000000
               |grad[o]|=0.000123  |grad[c]|= 0.00204990457698  |ddm|=0.000245
macro iter 3 (7 JK  2 micro), CASSCF E = -163.996039414654  dE = -4.6369064e-05  S^2 = 0.0000000
               |grad[o]|=0.000213  |grad[c]|= 0.000810965759371  |ddm|=0.000428
macro iter 4 (7 JK  2 micro), CASSCF E = -163.996084415159  dE = -4.5000505e-05  S^2 = 0.0000000
               |grad[o]|=0.000331  |grad[c]|= 0.000914414341411  |ddm|=0.00198
macro iter 5 (7 JK  2 micro), CASSCF E = -163.996174891306  dE = -9.0476147e-05  S^2 = 0.0000000
               |grad[o]|=0.000437  |grad[c]|= 0.00137218426821  |ddm|=0.000346
macro iter 6 (7 JK  2 micro), CASSCF E = -163.996347673749  dE = -0.00017278244  S^2 = 0.0000000
               |grad[o]|=0.000677  |grad[c]|= 0.00193881777037  |ddm|=0.000506
macro iter 7 (21 JK  4 micro), CASSCF E = -163.998042416271  dE = -0.0016947425  S^2 = 0.0000000
               |grad[o]|=0.0011  |grad[c]|= 0.0120117144246  |ddm|=0.00267
macro iter 8 (21 JK  4 micro), CASSCF E = -164.000076193154  dE = -0.0020337769  S^2 = 0.0000000
               |grad[o]|=0.00506  |grad[c]|= 0.00570368853734  |ddm|=0.00296
macro iter 9 (20 JK  4 micro), CASSCF E = -164.00064740774  dE = -0.00057121459  S^2 = 0.0000000
               |grad[o]|=0.00519  |grad[c]|= 0.00439385405143  |ddm|=0.000909
macro iter 10 (21 JK  4 micro), CASSCF E = -164.000641860414  dE = 5.5473263e-06  S^2 = 0.0000000
               |grad[o]|=0.0021  |grad[c]|= 0.00516786632294  |ddm|=0.00112
macro iter 11 (16 JK  4 micro), CASSCF E = -164.000840041248  dE = -0.00019818083  S^2 = 0.0000000
               |grad[o]|=0.00207  |grad[c]|= 0.00430817996822  |ddm|=0.00102
macro iter 12 (17 JK  4 micro), CASSCF E = -164.000858021886  dE = -1.7980638e-05  S^2 = 0.0000000
               |grad[o]|=0.00102  |grad[c]|= 0.00190108525771  |ddm|=0.000172
macro iter 13 (16 JK  4 micro), CASSCF E = -164.000864304546  dE = -6.2826605e-06  S^2 = 0.0000000
               |grad[o]|=0.000964  |grad[c]|= 0.00159238160285  |ddm|=0.000356
macro iter 14 (15 JK  4 micro), CASSCF E = -164.000867213583  dE = -2.909037e-06  S^2 = 0.0000000
               |grad[o]|=0.000853  |grad[c]|= 0.00251247883838  |ddm|=0.000778
macro iter 15 (15 JK  4 micro), CASSCF E = -164.000875825906  dE = -8.6123221e-06  S^2 = 0.0000000
               |grad[o]|=0.00112  |grad[c]|= 0.00192753334066  |ddm|=0.000264
macro iter 16 (12 JK  4 micro), CASSCF E = -164.000884841804  dE = -9.0158984e-06  S^2 = 0.0000000
               |grad[o]|=0.000839  |grad[c]|= 0.00093941866276  |ddm|=0.000327
macro iter 17 (12 JK  4 micro), CASSCF E = -164.000895258269  dE = -1.0416465e-05  S^2 = 0.0000000
               |grad[o]|=0.000584  |grad[c]|= 0.00042468905217  |ddm|=5.72e-05
macro iter 18 (8 JK  2 micro), CASSCF E = -164.00089782309  dE = -2.5648211e-06  S^2 = 0.0000000
               |grad[o]|=0.00023  |grad[c]|= 8.37595562277e-05  |ddm|=8.06e-05
macro iter 19 (3 JK  1 micro), CASSCF E = -164.000897931933  dE = -1.0884298e-07  S^2 = 0.0000000
               |grad[o]|=5.91e-05  |grad[c]|= 8.73329951216e-06  |ddm|=4.03e-06
macro iter 20 (1 JK  1 micro), CASSCF E = -164.000897931934  dE = -1.9895197e-13  S^2 = 0.0000000
               |grad[o]|=1.45e-05  |grad[c]|= 4.69073454568e-07  |ddm|=2.99e-07
1-step CASSCF converged in 20 macro (238 JK 58 micro) steps
CASSCF canonicalization
CASSCF energy = -164.000897931934
Hartree-Fock Energy:  -163.99593335160432
CAS Correlation:       -0.00496458032927
CAS Energy:          -164.00089793193359
Sr    (-1)',   E = -0.00000000065518
Si    (+1)',   E = -0.00000000017541
Sijrs (0)  ,   E = -0.43944776140596
Sijr  (+1) ,   E = -0.00753753512096
Srsi  (-1) ,   E = -0.04832041151754
Srs   (-2) ,   E = -0.01073977520374
Sij   (+2) ,   E = -0.00204053395626
Sir   (0)' ,   E = -0.01405303575886
Nevpt2 Energy = -0.522139053793916
NEVPT2 =   -0.522139053793916
Total NEVPT2 = -164.523036985727515

============================== Supermolecular DFT ==============================
  subiter:   1      |ddm|: 4.085437e+00
  subiter:   2      |ddm|: 4.721970e-01
  subiter:   3      |ddm|: 2.369513e-01
  subiter:   4      |ddm|: 4.635030e-02
  subiter:   5      |ddm|: 1.163820e-02
  subiter:   6      |ddm|: 3.411017e-03
  subiter:   7      |ddm|: 7.864567e-04
  subiter:   8      |ddm|: 2.488669e-04
  subiter:   9      |ddm|: 1.177825e-04
  subiter:  10      |ddm|: 3.024532e-05
  subiter:  11      |ddm|: 1.202834e-05
  subiter:  12      |ddm|: 3.508027e-06
  subiter:  13      |ddm|: 1.366296e-06
  subiter:  14      |ddm|: 5.622979e-07
  subiter:  15      |ddm|: 2.185329e-07
  subiter:  16      |ddm|: 6.352210e-08
  subiter:  17      |ddm|: 1.159028e-08
  subiter:  18      |ddm|: 1.891078e-08
  subiter:  19      |ddm|: 6.281350e-09


******** <class 'pyscf.dft.rks.RKS'> flags ********
method = RKS
initial guess = atom
damping factor = 0
level shift factor = 0.0
DIIS = <class 'pyscf.scf.diis.CDIIS'>
DIIS start cycle = 1
DIIS space = 8
SCF tol = 1e-08
SCF gradient tol = 1e-08
max. SCF cycles = 100
direct_scf = True
direct_scf_tol = 1e-13
chkfile to save SCF result = /panfs/roc/scratch/graha682/neg_wf_hzfermi/201711_ccpVDZ_NEVPT2_m06_0_4c12h24/tmpSbW4EW
max_memory 4000 MB (current use 457 MB)
XC functionals = m06
small_rho_cutoff = 1e-20
radial grids: Treutler-Ahlrichs (JCP 102, 346 (M4)) radial grids
becke partition: Becke, JCP, 88, 2547 (1988)
pruning grids: <function nwchem_prune at 0x178f6e0>
grids dens level: 4
symmetrized grids: False
atomic radii adjust function: <function treutler_atomic_radii_adjust at 0x178f578>
init E= -471.321327838525
  HOMO = -0.265919340246555  LUMO = 0.0236355315829664
cycle= 1 E= -471.321327838526  delta_E= -9.09e-13  |g|= 5.65e-09  |ddm|= 8.71e-09
  HOMO = -0.26591934034406  LUMO = 0.02363553136534
Extra cycle  E= -471.321327838526  delta_E= 2.27e-13  |g|= 9.2e-09  |ddm|= 1.2e-08
converged SCF energy = -471.321327838526
Supermolecular DFT   -471.32132783852626

============================== Embedding Energies ==============================
Subsystem DFT              -164.94550439633440
Interaction                -305.90380191747772
DFT-in-DFT                 -470.84930631381212
Supermolecular DFT         -471.32132783852626
Difference                   -0.47202152471414
Corrected DFT-in-DFT       -471.32132783852626
WF-in-DFT                  -470.42683890320524
Corrected WF-in-DFT        -470.89886042791937
================================================================================
TIMING STATISTICS:
     overlap integrals      0.03s   ( 0.00%)
    initial subsystems      0.13s   ( 0.00%)
           2e matrices   7864.93s   (91.71%)
      tot. embed. of 1   7886.72s   (91.97%)
      tot. embed. of 2      1.96s   ( 0.02%)
       freeze and thaw   7888.71s   (91.99%)
                   cas      6.63s   ( 0.08%)
                nevpt2      0.12s   ( 0.00%)
  interaction energies    678.54s   ( 7.91%)
                 TOTAL   8575.74s
================================================================================

********************************************************************************
*                              END OF CALCULATION                              *
********************************************************************************
