********************************************************************************
*                         FREEZE-AND-THAW CALCULATION                          *
********************************************************************************

================================== Input File ==================================
subsystem
C         -6.81481       -0.41548        0.09427
C         -5.56147        0.43724        0.09293
H         -7.73235        0.19145        0.14286
H         -6.82758       -1.10435        0.95610
H         -6.87608       -1.03602       -0.81602
C         -4.28367       -0.38105        0.02769
H         -5.53674        1.07534        0.99707
H         -5.58393        1.14193       -0.76040
charge -1
end

subsystem
C         -3.01934        0.45821        0.02466
H         -4.30287       -1.02140       -0.87709
H         -4.25513       -1.08694        0.88206
C         -1.74266       -0.35996       -0.03904
H         -3.00073        1.09895        0.92897
H         -3.04751        1.16305       -0.83038
C         -0.47847        0.47976       -0.04293
H         -1.76110       -1.00126       -0.94291
H         -1.71376       -1.06425        0.81636
C          0.79802       -0.33884       -0.10519
H         -0.46016        1.12166        0.86050
H         -0.50661        1.18343       -0.89888
C          2.06201        0.50110       -0.10952
H          0.77977       -0.98112       -1.00834
H          0.82667       -1.04194        0.75104
C          3.33732       -0.31885       -0.17142
H          2.08070        1.14303        0.79380
H          2.03456        1.20444       -0.96582
C          4.60273        0.52974       -0.16842
H          3.32338       -0.95585       -1.07806
H          3.36999       -1.02442        0.68131
C          5.85144       -0.28251       -0.26720
H          4.63440        1.15499        0.74374
H          4.55410        1.23655       -1.02099
C          6.83934       -0.29091        0.62655
H          6.79249        0.32749        1.53124
H          7.73182       -0.91026        0.49647
H          5.93403       -0.92517       -1.15692
charge +1
end

embed
 huzinaga
 huzfermi
 cycles 300
 conv 1e-8
 method m06
end

basis cc-pVDZ
method cas[2,2]/nevpt2
grid 4
conv 1e-8
grad 1e-8
maxiter 100
================================== End Input ===================================
tot grids = 725328

                      Getting subsystem overlap integrals                       

                          Initial subsystem densities                           
Guessing initial subsystem densities
Initial guess from superpostion of atomic densties.
Guessing initial subsystem densities
Initial guess from superpostion of atomic densties.

=========================== Starting Freeze-and-Thaw ===========================
 iter:   1:1        |ddm|: 4.226065e+00     Tr[DP]  1.018169e+00
 iter:   1:2        |ddm|: 5.356577e+00     Tr[DP]  3.343418e-01
 iter:   2:1        |ddm|: 4.561045e+00     Tr[DP]  6.184472e-01
 iter:   2:2        |ddm|: 3.373449e+00     Tr[DP]  2.483398e-01
 iter:   3:1        |ddm|: 2.395675e+00     Tr[DP]  2.377072e-01
 iter:   3:2        |ddm|: 1.972644e+00     Tr[DP]  2.288881e-01
 iter:   4:1        |ddm|: 4.888868e-01     Tr[DP]  2.223832e-01
 iter:   4:2        |ddm|: 4.643991e-01     Tr[DP]  2.298733e-01
 iter:   5:1        |ddm|: 2.561409e-01     Tr[DP]  2.253906e-01
 iter:   5:2        |ddm|: 2.623850e-01     Tr[DP]  2.061843e-01
 iter:   6:1        |ddm|: 9.462419e-02     Tr[DP]  2.158188e-01
 iter:   6:2        |ddm|: 1.096961e-01     Tr[DP]  1.979387e-01
 iter:   7:1        |ddm|: 6.537718e-02     Tr[DP]  2.070760e-01
 iter:   7:2        |ddm|: 7.254787e-02     Tr[DP]  1.932392e-01
 iter:   8:1        |ddm|: 5.514153e-02     Tr[DP]  2.014557e-01
 iter:   8:2        |ddm|: 6.055561e-02     Tr[DP]  1.884513e-01
 iter:   9:1        |ddm|: 4.884814e-02     Tr[DP]  1.970219e-01
 iter:   9:2        |ddm|: 5.513151e-02     Tr[DP]  1.844427e-01
 iter:  10:1        |ddm|: 4.366395e-02     Tr[DP]  1.926734e-01
 iter:  10:2        |ddm|: 4.853053e-02     Tr[DP]  1.811018e-01
 iter:  11:1        |ddm|: 4.240937e-02     Tr[DP]  1.889388e-01
 iter:  11:2        |ddm|: 4.168020e-02     Tr[DP]  1.792051e-01
 iter:  12:1        |ddm|: 4.374499e-02     Tr[DP]  1.886137e-01
 iter:  12:2        |ddm|: 6.089909e-02     Tr[DP]  1.762773e-01
 iter:  13:1        |ddm|: 5.332457e-02     Tr[DP]  1.864437e-01
 iter:  13:2        |ddm|: 7.071572e-02     Tr[DP]  1.714579e-01
 iter:  14:1        |ddm|: 5.466050e-02     Tr[DP]  1.821877e-01
 iter:  14:2        |ddm|: 6.621866e-02     Tr[DP]  1.663789e-01
 iter:  15:1        |ddm|: 5.163149e-02     Tr[DP]  1.772862e-01
 iter:  15:2        |ddm|: 5.686172e-02     Tr[DP]  1.621218e-01
 iter:  16:1        |ddm|: 4.934227e-02     Tr[DP]  1.733537e-01
 iter:  16:2        |ddm|: 5.456488e-02     Tr[DP]  1.585006e-01
 iter:  17:1        |ddm|: 4.781474e-02     Tr[DP]  1.696488e-01
 iter:  17:2        |ddm|: 5.070247e-02     Tr[DP]  1.553636e-01
 iter:  18:1        |ddm|: 4.605452e-02     Tr[DP]  1.664819e-01
 iter:  18:2        |ddm|: 4.917782e-02     Tr[DP]  1.524929e-01
 iter:  19:1        |ddm|: 4.489656e-02     Tr[DP]  1.632500e-01
 iter:  19:2        |ddm|: 4.490253e-02     Tr[DP]  1.501647e-01
 iter:  20:1        |ddm|: 4.325566e-02     Tr[DP]  1.610739e-01
 iter:  20:2        |ddm|: 4.971580e-02     Tr[DP]  1.472645e-01
 iter:  21:1        |ddm|: 4.781250e-02     Tr[DP]  1.584774e-01
 iter:  21:2        |ddm|: 5.760746e-02     Tr[DP]  1.433595e-01
 iter:  22:1        |ddm|: 4.799731e-02     Tr[DP]  1.546545e-01
 iter:  22:2        |ddm|: 5.091890e-02     Tr[DP]  1.399180e-01
 iter:  23:1        |ddm|: 4.583531e-02     Tr[DP]  1.512153e-01
 iter:  23:2        |ddm|: 4.751847e-02     Tr[DP]  1.371355e-01
 iter:  24:1        |ddm|: 4.418671e-02     Tr[DP]  1.482665e-01
 iter:  24:2        |ddm|: 4.568918e-02     Tr[DP]  1.346252e-01
 iter:  25:1        |ddm|: 4.454996e-02     Tr[DP]  1.457694e-01
 iter:  25:2        |ddm|: 5.147694e-02     Tr[DP]  1.315472e-01
 iter:  26:1        |ddm|: 4.572498e-02     Tr[DP]  1.427167e-01
 iter:  26:2        |ddm|: 4.956421e-02     Tr[DP]  1.284755e-01
 iter:  27:1        |ddm|: 4.521051e-02     Tr[DP]  1.396291e-01
 iter:  27:2        |ddm|: 4.675759e-02     Tr[DP]  1.258638e-01
 iter:  28:1        |ddm|: 4.359623e-02     Tr[DP]  1.368187e-01
 iter:  28:2        |ddm|: 4.431831e-02     Tr[DP]  1.236182e-01
 iter:  29:1        |ddm|: 4.269913e-02     Tr[DP]  1.343538e-01
 iter:  29:2        |ddm|: 4.591878e-02     Tr[DP]  1.212155e-01
 iter:  30:1        |ddm|: 4.260247e-02     Tr[DP]  1.316797e-01
 iter:  30:2        |ddm|: 4.173960e-02     Tr[DP]  1.191702e-01
 iter:  31:1        |ddm|: 4.041915e-02     Tr[DP]  1.291936e-01
 iter:  31:2        |ddm|: 3.662133e-02     Tr[DP]  1.178658e-01
 iter:  32:1        |ddm|: 3.661192e-02     Tr[DP]  1.272516e-01
 iter:  32:2        |ddm|: 3.643381e-02     Tr[DP]  1.164176e-01
 iter:  33:1        |ddm|: 3.599260e-02     Tr[DP]  1.253948e-01
 iter:  33:2        |ddm|: 3.881479e-02     Tr[DP]  1.145920e-01
 iter:  34:1        |ddm|: 5.956140e-02     Tr[DP]  1.238118e-01
 iter:  34:2        |ddm|: 9.368956e-02     Tr[DP]  1.095643e-01
 iter:  35:1        |ddm|: 5.504681e-02     Tr[DP]  1.203812e-01
 iter:  35:2        |ddm|: 5.651504e-02     Tr[DP]  1.064461e-01
 iter:  36:1        |ddm|: 4.795815e-02     Tr[DP]  1.174050e-01
 iter:  36:2        |ddm|: 5.233363e-02     Tr[DP]  1.044009e-01
 iter:  37:1        |ddm|: 4.573607e-02     Tr[DP]  1.150647e-01
 iter:  37:2        |ddm|: 4.861737e-02     Tr[DP]  1.026353e-01
 iter:  38:1        |ddm|: 4.550305e-02     Tr[DP]  1.129386e-01
 iter:  38:2        |ddm|: 5.132081e-02     Tr[DP]  1.006541e-01
 iter:  39:1        |ddm|: 4.563019e-02     Tr[DP]  1.108557e-01
 iter:  39:2        |ddm|: 4.203226e-02     Tr[DP]  9.936964e-02
 iter:  40:1        |ddm|: 4.535926e-02     Tr[DP]  1.090328e-01
 iter:  40:2        |ddm|: 3.406127e-02     Tr[DP]  9.949224e-02
 iter:  41:1        |ddm|: 4.246641e-02     Tr[DP]  1.075759e-01
 iter:  41:2        |ddm|: 6.556898e-02     Tr[DP]  9.711477e-02
 iter:  42:1        |ddm|: 4.367988e-02     Tr[DP]  1.059482e-01
 iter:  42:2        |ddm|: 4.787914e-02     Tr[DP]  9.545417e-02
 iter:  43:1        |ddm|: 4.157196e-02     Tr[DP]  1.042177e-01
 iter:  43:2        |ddm|: 4.601317e-02     Tr[DP]  9.414430e-02
 iter:  44:1        |ddm|: 4.048415e-02     Tr[DP]  1.026969e-01
 iter:  44:2        |ddm|: 3.957132e-02     Tr[DP]  9.326510e-02
 iter:  45:1        |ddm|: 3.841253e-02     Tr[DP]  1.012985e-01
 iter:  45:2        |ddm|: 4.143607e-02     Tr[DP]  9.228295e-02
 iter:  46:1        |ddm|: 3.775899e-02     Tr[DP]  1.000186e-01
 iter:  46:2        |ddm|: 4.088873e-02     Tr[DP]  9.133948e-02
 iter:  47:1        |ddm|: 3.686002e-02     Tr[DP]  9.884860e-02
 iter:  47:2        |ddm|: 3.548583e-02     Tr[DP]  9.073304e-02
 iter:  48:1        |ddm|: 3.465510e-02     Tr[DP]  9.778736e-02
 iter:  48:2        |ddm|: 3.149755e-02     Tr[DP]  9.035212e-02
 iter:  49:1        |ddm|: 3.215247e-02     Tr[DP]  9.685152e-02
 iter:  49:2        |ddm|: 2.869045e-02     Tr[DP]  9.007235e-02
 iter:  50:1        |ddm|: 2.973808e-02     Tr[DP]  9.602577e-02
 iter:  50:2        |ddm|: 2.642378e-02     Tr[DP]  8.984680e-02
 iter:  51:1        |ddm|: 2.753021e-02     Tr[DP]  9.528343e-02
 iter:  51:2        |ddm|: 2.536180e-02     Tr[DP]  8.960436e-02
 iter:  52:1        |ddm|: 2.596634e-02     Tr[DP]  9.466054e-02
 iter:  52:2        |ddm|: 2.178994e-02     Tr[DP]  8.951905e-02
 iter:  53:1        |ddm|: 2.356366e-02     Tr[DP]  9.408232e-02
 iter:  53:2        |ddm|: 2.009467e-02     Tr[DP]  8.943984e-02
 iter:  54:1        |ddm|: 2.174470e-02     Tr[DP]  9.351966e-02
 iter:  54:2        |ddm|: 2.292989e-02     Tr[DP]  8.915261e-02
 iter:  55:1        |ddm|: 2.116926e-02     Tr[DP]  9.310272e-02
 iter:  55:2        |ddm|: 1.882408e-02     Tr[DP]  8.903830e-02
 iter:  56:1        |ddm|: 1.958984e-02     Tr[DP]  9.268961e-02
 iter:  56:2        |ddm|: 1.669414e-02     Tr[DP]  8.900026e-02
 iter:  57:1        |ddm|: 1.785270e-02     Tr[DP]  9.231312e-02
 iter:  57:2        |ddm|: 1.560094e-02     Tr[DP]  8.895927e-02
 iter:  58:1        |ddm|: 1.647021e-02     Tr[DP]  9.197738e-02
 iter:  58:2        |ddm|: 1.494077e-02     Tr[DP]  8.889704e-02
 iter:  59:1        |ddm|: 1.556599e-02     Tr[DP]  9.164322e-02
 iter:  59:2        |ddm|: 1.591412e-02     Tr[DP]  8.873293e-02
 iter:  60:1        |ddm|: 1.513167e-02     Tr[DP]  9.141947e-02
 iter:  60:2        |ddm|: 1.337734e-02     Tr[DP]  8.869040e-02
 iter:  61:1        |ddm|: 1.389232e-02     Tr[DP]  9.117731e-02
 iter:  61:2        |ddm|: 1.178471e-02     Tr[DP]  8.870042e-02
 iter:  62:1        |ddm|: 1.488979e-02     Tr[DP]  9.078599e-02
 iter:  62:2        |ddm|: 2.101822e-02     Tr[DP]  8.829241e-02
 iter:  63:1        |ddm|: 1.482424e-02     Tr[DP]  9.055643e-02
 iter:  63:2        |ddm|: 1.832546e-02     Tr[DP]  8.800918e-02
 iter:  64:1        |ddm|: 1.426613e-02     Tr[DP]  9.035157e-02
 iter:  64:2        |ddm|: 1.535875e-02     Tr[DP]  8.788350e-02
 iter:  65:1        |ddm|: 1.382535e-02     Tr[DP]  9.011008e-02
 iter:  65:2        |ddm|: 1.540087e-02     Tr[DP]  8.773144e-02
 iter:  66:1        |ddm|: 1.333070e-02     Tr[DP]  8.989570e-02
 iter:  66:2        |ddm|: 1.469296e-02     Tr[DP]  8.760010e-02
 iter:  67:1        |ddm|: 1.361509e-02     Tr[DP]  8.962425e-02
 iter:  67:2        |ddm|: 1.714723e-02     Tr[DP]  8.737480e-02
 iter:  68:1        |ddm|: 1.281789e-02     Tr[DP]  8.952487e-02
 iter:  68:2        |ddm|: 1.155651e-02     Tr[DP]  8.740693e-02
 iter:  69:1        |ddm|: 1.176623e-02     Tr[DP]  8.937125e-02
 iter:  69:2        |ddm|: 1.056692e-02     Tr[DP]  8.742026e-02
 iter:  70:1        |ddm|: 1.087271e-02     Tr[DP]  8.921496e-02
 iter:  70:2        |ddm|: 1.027365e-02     Tr[DP]  8.740940e-02
 iter:  71:1        |ddm|: 1.019189e-02     Tr[DP]  8.907974e-02
 iter:  71:2        |ddm|: 9.767414e-03     Tr[DP]  8.739704e-02
 iter:  72:1        |ddm|: 9.557429e-03     Tr[DP]  8.900167e-02
 iter:  72:2        |ddm|: 7.771442e-03     Tr[DP]  8.747450e-02
 iter:  73:1        |ddm|: 8.736128e-03     Tr[DP]  8.893667e-02
 iter:  73:2        |ddm|: 6.703814e-03     Tr[DP]  8.758560e-02
 iter:  74:1        |ddm|: 7.581384e-03     Tr[DP]  8.883241e-02
 iter:  74:2        |ddm|: 6.434575e-03     Tr[DP]  8.761553e-02
 iter:  75:1        |ddm|: 7.633228e-03     Tr[DP]  8.867265e-02
 iter:  75:2        |ddm|: 9.796441e-03     Tr[DP]  8.749096e-02
 iter:  76:1        |ddm|: 7.090435e-03     Tr[DP]  8.862834e-02
 iter:  76:2        |ddm|: 6.770851e-03     Tr[DP]  8.750387e-02
 iter:  77:1        |ddm|: 6.654635e-03     Tr[DP]  8.859220e-02
 iter:  77:2        |ddm|: 5.410359e-03     Tr[DP]  8.756741e-02
 iter:  78:1        |ddm|: 5.999641e-03     Tr[DP]  8.850933e-02
 iter:  78:2        |ddm|: 5.721690e-03     Tr[DP]  8.756187e-02
 iter:  79:1        |ddm|: 5.598412e-03     Tr[DP]  8.845637e-02
 iter:  79:2        |ddm|: 5.127930e-03     Tr[DP]  8.757736e-02
 iter:  80:1        |ddm|: 5.209812e-03     Tr[DP]  8.841914e-02
 iter:  80:2        |ddm|: 4.396558e-03     Tr[DP]  8.761415e-02
 iter:  81:1        |ddm|: 4.758654e-03     Tr[DP]  8.838257e-02
 iter:  81:2        |ddm|: 3.909395e-03     Tr[DP]  8.765214e-02
 iter:  82:1        |ddm|: 4.313097e-03     Tr[DP]  8.834683e-02
 iter:  82:2        |ddm|: 3.555189e-03     Tr[DP]  8.768515e-02
 iter:  83:1        |ddm|: 3.925096e-03     Tr[DP]  8.830284e-02
 iter:  83:2        |ddm|: 3.593492e-03     Tr[DP]  8.769485e-02
 iter:  84:1        |ddm|: 3.646170e-03     Tr[DP]  8.827766e-02
 iter:  84:2        |ddm|: 3.123625e-03     Tr[DP]  8.771950e-02
 iter:  85:1        |ddm|: 3.349350e-03     Tr[DP]  8.824600e-02
 iter:  85:2        |ddm|: 3.003099e-03     Tr[DP]  8.773174e-02
 iter:  86:1        |ddm|: 3.126563e-03     Tr[DP]  8.821172e-02
 iter:  86:2        |ddm|: 3.099716e-03     Tr[DP]  8.773097e-02
 iter:  87:1        |ddm|: 3.087122e-03     Tr[DP]  8.816611e-02
 iter:  87:2        |ddm|: 3.598163e-03     Tr[DP]  8.770480e-02
 iter:  88:1        |ddm|: 2.933377e-03     Tr[DP]  8.817530e-02
 iter:  88:2        |ddm|: 2.289722e-03     Tr[DP]  8.775211e-02
 iter:  89:1        |ddm|: 2.803905e-03     Tr[DP]  8.811633e-02
 iter:  89:2        |ddm|: 3.620920e-03     Tr[DP]  8.770761e-02
 iter:  90:1        |ddm|: 4.623948e-03     Tr[DP]  8.799893e-02
 iter:  90:2        |ddm|: 8.179120e-03     Tr[DP]  8.754198e-02
 iter:  91:1        |ddm|: 3.292896e-03     Tr[DP]  8.806224e-02
 iter:  91:2        |ddm|: 2.882172e-03     Tr[DP]  8.762466e-02
 iter:  92:1        |ddm|: 2.742517e-03     Tr[DP]  8.805034e-02
 iter:  92:2        |ddm|: 2.089834e-03     Tr[DP]  8.765825e-02
 iter:  93:1        |ddm|: 2.364941e-03     Tr[DP]  8.801877e-02
 iter:  93:2        |ddm|: 2.197530e-03     Tr[DP]  8.766174e-02
 iter:  94:1        |ddm|: 2.214911e-03     Tr[DP]  8.799634e-02
 iter:  94:2        |ddm|: 2.206033e-03     Tr[DP]  8.766222e-02
 iter:  95:1        |ddm|: 2.151976e-03     Tr[DP]  8.797036e-02
 iter:  95:2        |ddm|: 2.443060e-03     Tr[DP]  8.765076e-02
 iter:  96:1        |ddm|: 2.020909e-03     Tr[DP]  8.797200e-02
 iter:  96:2        |ddm|: 1.637029e-03     Tr[DP]  8.767826e-02
 iter:  97:1        |ddm|: 1.810593e-03     Tr[DP]  8.795671e-02
 iter:  97:2        |ddm|: 1.586142e-03     Tr[DP]  8.768725e-02
 iter:  98:1        |ddm|: 1.663743e-03     Tr[DP]  8.794225e-02
 iter:  98:2        |ddm|: 1.540096e-03     Tr[DP]  8.769317e-02
 iter:  99:1        |ddm|: 1.544537e-03     Tr[DP]  8.793482e-02
 iter:  99:2        |ddm|: 1.311596e-03     Tr[DP]  8.770605e-02
 iter: 100:1        |ddm|: 1.417935e-03     Tr[DP]  8.792940e-02
 iter: 100:2        |ddm|: 1.131771e-03     Tr[DP]  8.772217e-02
 iter: 101:1        |ddm|: 1.276879e-03     Tr[DP]  8.792321e-02
 iter: 101:2        |ddm|: 1.003306e-03     Tr[DP]  8.773688e-02
 iter: 102:1        |ddm|: 1.140541e-03     Tr[DP]  8.791451e-02
 iter: 102:2        |ddm|: 9.517805e-04     Tr[DP]  8.774561e-02
 iter: 103:1        |ddm|: 1.039996e-03     Tr[DP]  8.790752e-02
 iter: 103:2        |ddm|: 8.828458e-04     Tr[DP]  8.775341e-02
 iter: 104:1        |ddm|: 9.708467e-04     Tr[DP]  8.789616e-02
 iter: 104:2        |ddm|: 9.956292e-04     Tr[DP]  8.775194e-02
 iter: 105:1        |ddm|: 9.063619e-04     Tr[DP]  8.789240e-02
 iter: 105:2        |ddm|: 8.033952e-04     Tr[DP]  8.775850e-02
 iter: 106:1        |ddm|: 8.386726e-04     Tr[DP]  8.788670e-02
 iter: 106:2        |ddm|: 7.570591e-04     Tr[DP]  8.776276e-02
 iter: 107:1        |ddm|: 7.765838e-04     Tr[DP]  8.788505e-02
 iter: 107:2        |ddm|: 6.236012e-04     Tr[DP]  8.777264e-02
 iter: 108:1        |ddm|: 7.026564e-04     Tr[DP]  8.787731e-02
 iter: 108:2        |ddm|: 6.544792e-04     Tr[DP]  8.777320e-02
 iter: 109:1        |ddm|: 8.014760e-04     Tr[DP]  8.786035e-02
 iter: 109:2        |ddm|: 1.181046e-03     Tr[DP]  8.775578e-02
 iter: 110:1        |ddm|: 6.936225e-04     Tr[DP]  8.786027e-02
 iter: 110:2        |ddm|: 6.825212e-04     Tr[DP]  8.775902e-02
 iter: 111:1        |ddm|: 7.681307e-04     Tr[DP]  8.784635e-02
 iter: 111:2        |ddm|: 1.107966e-03     Tr[DP]  8.774442e-02
 iter: 112:1        |ddm|: 6.830341e-04     Tr[DP]  8.785254e-02
 iter: 112:2        |ddm|: 5.604833e-04     Tr[DP]  8.775814e-02
 iter: 113:1        |ddm|: 5.942846e-04     Tr[DP]  8.784710e-02
 iter: 113:2        |ddm|: 5.307472e-04     Tr[DP]  8.776018e-02
 iter: 114:1        |ddm|: 5.441790e-04     Tr[DP]  8.784292e-02
 iter: 114:2        |ddm|: 4.928385e-04     Tr[DP]  8.776254e-02
 iter: 115:1        |ddm|: 5.081898e-04     Tr[DP]  8.783880e-02
 iter: 115:2        |ddm|: 4.848577e-04     Tr[DP]  8.776382e-02
 iter: 116:1        |ddm|: 5.126553e-04     Tr[DP]  8.783094e-02
 iter: 116:2        |ddm|: 6.443019e-04     Tr[DP]  8.775818e-02
 iter: 117:1        |ddm|: 4.702624e-04     Tr[DP]  8.783065e-02
 iter: 117:2        |ddm|: 4.239729e-04     Tr[DP]  8.776205e-02
 iter: 118:1        |ddm|: 4.578359e-04     Tr[DP]  8.783333e-02
 iter: 118:2        |ddm|: 3.620974e-04     Tr[DP]  8.777262e-02
 iter: 119:1        |ddm|: 3.754323e-04     Tr[DP]  8.783089e-02
 iter: 119:2        |ddm|: 2.795741e-04     Tr[DP]  8.777739e-02
 iter: 120:1        |ddm|: 3.933509e-04     Tr[DP]  8.782131e-02
 iter: 120:2        |ddm|: 5.726697e-04     Tr[DP]  8.776923e-02
 iter: 121:1        |ddm|: 3.412389e-04     Tr[DP]  8.782345e-02
 iter: 121:2        |ddm|: 2.845326e-04     Tr[DP]  8.777490e-02
 iter: 122:1        |ddm|: 3.107131e-04     Tr[DP]  8.782034e-02
 iter: 122:2        |ddm|: 3.036500e-04     Tr[DP]  8.777489e-02
 iter: 123:1        |ddm|: 2.929229e-04     Tr[DP]  8.781750e-02
 iter: 123:2        |ddm|: 3.069650e-04     Tr[DP]  8.777456e-02
 iter: 124:1        |ddm|: 2.758901e-04     Tr[DP]  8.781787e-02
 iter: 124:2        |ddm|: 2.203211e-04     Tr[DP]  8.777857e-02
 iter: 125:1        |ddm|: 2.460094e-04     Tr[DP]  8.781651e-02
 iter: 125:2        |ddm|: 1.991178e-04     Tr[DP]  8.778087e-02
 iter: 126:1        |ddm|: 2.443817e-04     Tr[DP]  8.781191e-02
 iter: 126:2        |ddm|: 3.169865e-04     Tr[DP]  8.777763e-02
 iter: 127:1        |ddm|: 2.277330e-04     Tr[DP]  8.781043e-02
 iter: 127:2        |ddm|: 2.505242e-04     Tr[DP]  8.777733e-02
 iter: 128:1        |ddm|: 2.222868e-04     Tr[DP]  8.781209e-02
 iter: 128:2        |ddm|: 1.758148e-04     Tr[DP]  8.778217e-02
 iter: 129:1        |ddm|: 1.971979e-04     Tr[DP]  8.780837e-02
 iter: 129:2        |ddm|: 2.334301e-04     Tr[DP]  8.778017e-02
 iter: 130:1        |ddm|: 1.798713e-04     Tr[DP]  8.780784e-02
 iter: 130:2        |ddm|: 1.645754e-04     Tr[DP]  8.778147e-02
 iter: 131:1        |ddm|: 2.808785e-04     Tr[DP]  8.781409e-02
 iter: 131:2        |ddm|: 3.872840e-04     Tr[DP]  8.779373e-02
 iter: 132:1        |ddm|: 1.210629e-04     Tr[DP]  8.781055e-02
 iter: 132:2        |ddm|: 8.356862e-05     Tr[DP]  8.779387e-02
 iter: 133:1        |ddm|: 1.894021e-04     Tr[DP]  8.780443e-02
 iter: 133:2        |ddm|: 3.422042e-04     Tr[DP]  8.778696e-02
 iter: 134:1        |ddm|: 1.243582e-04     Tr[DP]  8.780524e-02
 iter: 134:2        |ddm|: 1.359741e-04     Tr[DP]  8.778755e-02
 iter: 135:1        |ddm|: 1.174312e-04     Tr[DP]  8.780532e-02
 iter: 135:2        |ddm|: 1.020153e-04     Tr[DP]  8.778854e-02
 iter: 136:1        |ddm|: 1.112135e-04     Tr[DP]  8.780386e-02
 iter: 136:2        |ddm|: 1.263797e-04     Tr[DP]  8.778785e-02
 iter: 137:1        |ddm|: 1.181682e-04     Tr[DP]  8.780195e-02
 iter: 137:2        |ddm|: 1.653459e-04     Tr[DP]  8.778601e-02
 iter: 138:1        |ddm|: 1.054329e-04     Tr[DP]  8.780211e-02
 iter: 138:2        |ddm|: 9.742940e-05     Tr[DP]  8.778687e-02
 iter: 139:1        |ddm|: 9.804417e-05     Tr[DP]  8.780161e-02
 iter: 139:2        |ddm|: 8.845944e-05     Tr[DP]  8.778737e-02
 iter: 140:1        |ddm|: 9.107380e-05     Tr[DP]  8.780165e-02
 iter: 140:2        |ddm|: 7.058674e-05     Tr[DP]  8.778880e-02
 iter: 141:1        |ddm|: 8.012147e-05     Tr[DP]  8.780088e-02
 iter: 141:2        |ddm|: 7.180422e-05     Tr[DP]  8.778912e-02
 iter: 142:1        |ddm|: 7.364361e-05     Tr[DP]  8.780054e-02
 iter: 142:2        |ddm|: 6.234449e-05     Tr[DP]  8.778978e-02
 iter: 143:1        |ddm|: 6.869771e-05     Tr[DP]  8.780057e-02
 iter: 143:2        |ddm|: 5.231788e-05     Tr[DP]  8.779095e-02
 iter: 144:1        |ddm|: 6.736791e-05     Tr[DP]  8.779909e-02
 iter: 144:2        |ddm|: 9.118845e-05     Tr[DP]  8.778985e-02
 iter: 145:1        |ddm|: 6.009417e-05     Tr[DP]  8.779935e-02
 iter: 145:2        |ddm|: 4.979501e-05     Tr[DP]  8.779077e-02
 iter: 146:1        |ddm|: 5.454808e-05     Tr[DP]  8.779920e-02
 iter: 146:2        |ddm|: 4.274578e-05     Tr[DP]  8.779142e-02
 iter: 147:1        |ddm|: 4.846081e-05     Tr[DP]  8.779892e-02
 iter: 147:2        |ddm|: 3.928783e-05     Tr[DP]  8.779189e-02
 iter: 148:1        |ddm|: 4.380837e-05     Tr[DP]  8.779866e-02
 iter: 148:2        |ddm|: 3.638762e-05     Tr[DP]  8.779227e-02
 iter: 149:1        |ddm|: 4.015297e-05     Tr[DP]  8.779857e-02
 iter: 149:2        |ddm|: 3.126326e-05     Tr[DP]  8.779282e-02
 iter: 150:1        |ddm|: 3.788774e-05     Tr[DP]  8.779793e-02
 iter: 150:2        |ddm|: 4.491756e-05     Tr[DP]  8.779248e-02
 iter: 151:1        |ddm|: 3.529274e-05     Tr[DP]  8.779772e-02
 iter: 151:2        |ddm|: 3.574851e-05     Tr[DP]  8.779255e-02
 iter: 152:1        |ddm|: 3.342513e-05     Tr[DP]  8.779752e-02
 iter: 152:2        |ddm|: 3.225788e-05     Tr[DP]  8.779264e-02
 iter: 153:1        |ddm|: 3.116355e-05     Tr[DP]  8.779737e-02
 iter: 153:2        |ddm|: 2.803050e-05     Tr[DP]  8.779282e-02
 iter: 154:1        |ddm|: 3.861227e-05     Tr[DP]  8.779803e-02
 iter: 154:2        |ddm|: 4.452858e-05     Tr[DP]  8.779431e-02
 iter: 155:1        |ddm|: 4.420512e-05     Tr[DP]  8.779640e-02
 iter: 155:2        |ddm|: 7.993736e-05     Tr[DP]  8.779252e-02
 iter: 156:1        |ddm|: 4.143528e-05     Tr[DP]  8.779575e-02
 iter: 156:2        |ddm|: 7.080337e-05     Tr[DP]  8.779138e-02
 iter: 157:1        |ddm|: 3.145213e-05     Tr[DP]  8.779624e-02
 iter: 157:2        |ddm|: 2.698950e-05     Tr[DP]  8.779197e-02
 iter: 158:1        |ddm|: 2.826647e-05     Tr[DP]  8.779630e-02
 iter: 158:2        |ddm|: 2.143864e-05     Tr[DP]  8.779244e-02
 iter: 159:1        |ddm|: 2.394568e-05     Tr[DP]  8.779614e-02
 iter: 159:2        |ddm|: 1.867808e-05     Tr[DP]  8.779270e-02
 iter: 160:1        |ddm|: 2.130109e-05     Tr[DP]  8.779598e-02
 iter: 160:2        |ddm|: 1.790507e-05     Tr[DP]  8.779286e-02
 iter: 161:1        |ddm|: 1.970207e-05     Tr[DP]  8.779578e-02
 iter: 161:2        |ddm|: 1.924154e-05     Tr[DP]  8.779288e-02
 iter: 162:1        |ddm|: 1.870980e-05     Tr[DP]  8.779561e-02
 iter: 162:2        |ddm|: 1.927621e-05     Tr[DP]  8.779287e-02
 iter: 163:1        |ddm|: 2.008407e-05     Tr[DP]  8.779527e-02
 iter: 163:2        |ddm|: 2.773448e-05     Tr[DP]  8.779255e-02
 iter: 164:1        |ddm|: 1.788903e-05     Tr[DP]  8.779531e-02
 iter: 164:2        |ddm|: 1.603091e-05     Tr[DP]  8.779273e-02
 iter: 165:1        |ddm|: 1.675274e-05     Tr[DP]  8.779533e-02
 iter: 165:2        |ddm|: 1.287580e-05     Tr[DP]  8.779300e-02
 iter: 166:1        |ddm|: 1.580562e-05     Tr[DP]  8.779541e-02
 iter: 166:2        |ddm|: 1.299726e-05     Tr[DP]  8.779341e-02
 iter: 167:1        |ddm|: 1.218771e-05     Tr[DP]  8.779522e-02
 iter: 167:2        |ddm|: 1.079239e-05     Tr[DP]  8.779343e-02
 iter: 168:1        |ddm|: 1.117548e-05     Tr[DP]  8.779512e-02
 iter: 168:2        |ddm|: 1.052443e-05     Tr[DP]  8.779347e-02
 iter: 169:1        |ddm|: 1.128647e-05     Tr[DP]  8.779495e-02
 iter: 169:2        |ddm|: 1.408900e-05     Tr[DP]  8.779335e-02
 iter: 170:1        |ddm|: 1.067023e-05     Tr[DP]  8.779488e-02
 iter: 170:2        |ddm|: 1.172878e-05     Tr[DP]  8.779333e-02
 iter: 171:1        |ddm|: 1.014654e-05     Tr[DP]  8.779482e-02
 iter: 171:2        |ddm|: 1.026026e-05     Tr[DP]  8.779334e-02
 iter: 172:1        |ddm|: 9.472105e-06     Tr[DP]  8.779479e-02
 iter: 172:2        |ddm|: 8.377812e-06     Tr[DP]  8.779341e-02
 iter: 173:1        |ddm|: 9.058418e-06     Tr[DP]  8.779483e-02
 iter: 173:2        |ddm|: 7.007290e-06     Tr[DP]  8.779361e-02
 iter: 174:1        |ddm|: 7.556257e-06     Tr[DP]  8.779477e-02
 iter: 174:2        |ddm|: 5.842069e-06     Tr[DP]  8.779368e-02
 iter: 175:1        |ddm|: 6.811288e-06     Tr[DP]  8.779476e-02
 iter: 175:2        |ddm|: 5.166810e-06     Tr[DP]  8.779380e-02
 iter: 176:1        |ddm|: 6.279070e-06     Tr[DP]  8.779464e-02
 iter: 176:2        |ddm|: 7.431066e-06     Tr[DP]  8.779374e-02
 iter: 177:1        |ddm|: 6.244848e-06     Tr[DP]  8.779456e-02
 iter: 177:2        |ddm|: 7.882039e-06     Tr[DP]  8.779368e-02
 iter: 178:1        |ddm|: 6.091546e-06     Tr[DP]  8.779451e-02
 iter: 178:2        |ddm|: 7.294831e-06     Tr[DP]  8.779364e-02
 iter: 179:1        |ddm|: 5.855371e-06     Tr[DP]  8.779447e-02
 iter: 179:2        |ddm|: 6.547878e-06     Tr[DP]  8.779363e-02
 iter: 180:1        |ddm|: 5.471887e-06     Tr[DP]  8.779446e-02
 iter: 180:2        |ddm|: 5.002862e-06     Tr[DP]  8.779366e-02
 iter: 181:1        |ddm|: 5.065125e-06     Tr[DP]  8.779444e-02
 iter: 181:2        |ddm|: 4.177876e-06     Tr[DP]  8.779371e-02
 iter: 182:1        |ddm|: 4.585453e-06     Tr[DP]  8.779441e-02
 iter: 182:2        |ddm|: 4.209139e-06     Tr[DP]  8.779373e-02
 iter: 183:1        |ddm|: 4.296767e-06     Tr[DP]  8.779436e-02
 iter: 183:2        |ddm|: 4.374251e-06     Tr[DP]  8.779373e-02
 iter: 184:1        |ddm|: 4.021130e-06     Tr[DP]  8.779436e-02
 iter: 184:2        |ddm|: 3.328208e-06     Tr[DP]  8.779378e-02
 iter: 185:1        |ddm|: 3.669999e-06     Tr[DP]  8.779435e-02
 iter: 185:2        |ddm|: 2.898469e-06     Tr[DP]  8.779382e-02
 iter: 186:1        |ddm|: 3.280276e-06     Tr[DP]  8.779433e-02
 iter: 186:2        |ddm|: 2.656028e-06     Tr[DP]  8.779385e-02
 iter: 187:1        |ddm|: 2.961296e-06     Tr[DP]  8.779431e-02
 iter: 187:2        |ddm|: 2.426271e-06     Tr[DP]  8.779388e-02
 iter: 188:1        |ddm|: 2.711279e-06     Tr[DP]  8.779429e-02
 iter: 188:2        |ddm|: 2.597592e-06     Tr[DP]  8.779389e-02
 iter: 189:1        |ddm|: 2.518509e-06     Tr[DP]  8.779428e-02
 iter: 189:2        |ddm|: 2.187131e-06     Tr[DP]  8.779391e-02
 iter: 190:1        |ddm|: 2.406711e-06     Tr[DP]  8.779425e-02
 iter: 190:2        |ddm|: 2.658043e-06     Tr[DP]  8.779390e-02
 iter: 191:1        |ddm|: 2.618517e-06     Tr[DP]  8.779420e-02
 iter: 191:2        |ddm|: 3.690749e-06     Tr[DP]  8.779385e-02
 iter: 192:1        |ddm|: 2.367283e-06     Tr[DP]  8.779419e-02
 iter: 192:2        |ddm|: 2.533431e-06     Tr[DP]  8.779385e-02
 iter: 193:1        |ddm|: 2.225979e-06     Tr[DP]  8.779419e-02
 iter: 193:2        |ddm|: 2.013064e-06     Tr[DP]  8.779387e-02
 iter: 194:1        |ddm|: 2.050907e-06     Tr[DP]  8.779418e-02
 iter: 194:2        |ddm|: 1.693616e-06     Tr[DP]  8.779389e-02
 iter: 195:1        |ddm|: 1.848210e-06     Tr[DP]  8.779417e-02
 iter: 195:2        |ddm|: 1.696557e-06     Tr[DP]  8.779390e-02
 iter: 196:1        |ddm|: 1.720564e-06     Tr[DP]  8.779415e-02
 iter: 196:2        |ddm|: 1.629888e-06     Tr[DP]  8.779390e-02
 iter: 197:1        |ddm|: 1.638302e-06     Tr[DP]  8.779416e-02
 iter: 197:2        |ddm|: 1.263683e-06     Tr[DP]  8.779393e-02
 iter: 198:1        |ddm|: 1.416217e-06     Tr[DP]  8.779414e-02
 iter: 198:2        |ddm|: 1.326171e-06     Tr[DP]  8.779393e-02
 iter: 199:1        |ddm|: 1.320375e-06     Tr[DP]  8.779414e-02
 iter: 199:2        |ddm|: 1.040259e-06     Tr[DP]  8.779395e-02
 iter: 200:1        |ddm|: 1.187068e-06     Tr[DP]  8.779413e-02
 iter: 200:2        |ddm|: 1.157359e-06     Tr[DP]  8.779395e-02
 iter: 201:1        |ddm|: 1.099090e-06     Tr[DP]  8.779412e-02
 iter: 201:2        |ddm|: 9.330042e-07     Tr[DP]  8.779396e-02
 iter: 202:1        |ddm|: 1.013564e-06     Tr[DP]  8.779412e-02
 iter: 202:2        |ddm|: 9.456674e-07     Tr[DP]  8.779397e-02
 iter: 203:1        |ddm|: 9.409499e-07     Tr[DP]  8.779411e-02
 iter: 203:2        |ddm|: 7.813007e-07     Tr[DP]  8.779398e-02
 iter: 204:1        |ddm|: 8.579803e-07     Tr[DP]  8.779411e-02
 iter: 204:2        |ddm|: 7.570276e-07     Tr[DP]  8.779398e-02
 iter: 205:1        |ddm|: 8.083386e-07     Tr[DP]  8.779410e-02
 iter: 205:2        |ddm|: 8.343313e-07     Tr[DP]  8.779398e-02
 iter: 206:1        |ddm|: 7.736984e-07     Tr[DP]  8.779410e-02
 iter: 206:2        |ddm|: 6.129757e-07     Tr[DP]  8.779400e-02
 iter: 207:1        |ddm|: 7.184830e-07     Tr[DP]  8.779409e-02
 iter: 207:2        |ddm|: 8.883842e-07     Tr[DP]  8.779399e-02
 iter: 208:1        |ddm|: 7.005241e-07     Tr[DP]  8.779408e-02
 iter: 208:2        |ddm|: 8.742146e-07     Tr[DP]  8.779398e-02
 iter: 209:1        |ddm|: 8.080953e-07     Tr[DP]  8.779407e-02
 iter: 209:2        |ddm|: 1.219666e-06     Tr[DP]  8.779396e-02
 iter: 210:1        |ddm|: 6.893424e-07     Tr[DP]  8.779407e-02
 iter: 210:2        |ddm|: 6.521147e-07     Tr[DP]  8.779397e-02
 iter: 211:1        |ddm|: 6.391393e-07     Tr[DP]  8.779407e-02
 iter: 211:2        |ddm|: 5.731556e-07     Tr[DP]  8.779397e-02
 iter: 212:1        |ddm|: 5.852699e-07     Tr[DP]  8.779406e-02
 iter: 212:2        |ddm|: 5.209506e-07     Tr[DP]  8.779398e-02
 iter: 213:1        |ddm|: 5.388887e-07     Tr[DP]  8.779406e-02
 iter: 213:2        |ddm|: 4.759170e-07     Tr[DP]  8.779398e-02
 iter: 214:1        |ddm|: 4.959150e-07     Tr[DP]  8.779406e-02
 iter: 214:2        |ddm|: 4.349850e-07     Tr[DP]  8.779398e-02
 iter: 215:1        |ddm|: 4.684469e-07     Tr[DP]  8.779406e-02
 iter: 215:2        |ddm|: 3.556844e-07     Tr[DP]  8.779399e-02
 iter: 216:1        |ddm|: 3.991397e-07     Tr[DP]  8.779405e-02
 iter: 216:2        |ddm|: 3.480114e-07     Tr[DP]  8.779399e-02
 iter: 217:1        |ddm|: 3.658772e-07     Tr[DP]  8.779405e-02
 iter: 217:2        |ddm|: 3.311113e-07     Tr[DP]  8.779400e-02
 iter: 218:1        |ddm|: 3.398655e-07     Tr[DP]  8.779405e-02
 iter: 218:2        |ddm|: 3.054489e-07     Tr[DP]  8.779400e-02
 iter: 219:1        |ddm|: 3.146265e-07     Tr[DP]  8.779405e-02
 iter: 219:2        |ddm|: 2.803443e-07     Tr[DP]  8.779400e-02
 iter: 220:1        |ddm|: 2.910740e-07     Tr[DP]  8.779404e-02
 iter: 220:2        |ddm|: 2.593682e-07     Tr[DP]  8.779400e-02
 iter: 221:1        |ddm|: 3.407752e-07     Tr[DP]  8.779404e-02
 iter: 221:2        |ddm|: 6.145700e-07     Tr[DP]  8.779399e-02
 iter: 222:1        |ddm|: 2.662839e-07     Tr[DP]  8.779403e-02
 iter: 222:2        |ddm|: 2.986950e-07     Tr[DP]  8.779400e-02
 iter: 223:1        |ddm|: 2.794004e-07     Tr[DP]  8.779403e-02
 iter: 223:2        |ddm|: 3.131142e-07     Tr[DP]  8.779399e-02
 iter: 224:1        |ddm|: 2.606730e-07     Tr[DP]  8.779403e-02
 iter: 224:2        |ddm|: 2.618571e-07     Tr[DP]  8.779400e-02
 iter: 225:1        |ddm|: 2.437257e-07     Tr[DP]  8.779403e-02
 iter: 225:2        |ddm|: 2.245044e-07     Tr[DP]  8.779400e-02
 iter: 226:1        |ddm|: 2.248758e-07     Tr[DP]  8.779403e-02
 iter: 226:2        |ddm|: 2.006145e-07     Tr[DP]  8.779400e-02
 iter: 227:1        |ddm|: 2.101489e-07     Tr[DP]  8.779403e-02
 iter: 227:2        |ddm|: 1.683613e-07     Tr[DP]  8.779400e-02
 iter: 228:1        |ddm|: 1.880370e-07     Tr[DP]  8.779403e-02
 iter: 228:2        |ddm|: 1.833576e-07     Tr[DP]  8.779400e-02
 iter: 229:1        |ddm|: 1.767637e-07     Tr[DP]  8.779403e-02
 iter: 229:2        |ddm|: 1.362875e-07     Tr[DP]  8.779400e-02
 iter: 230:1        |ddm|: 1.512812e-07     Tr[DP]  8.779403e-02
 iter: 230:2        |ddm|: 1.367469e-07     Tr[DP]  8.779401e-02
 iter: 231:1        |ddm|: 1.406095e-07     Tr[DP]  8.779403e-02
 iter: 231:2        |ddm|: 1.267296e-07     Tr[DP]  8.779401e-02
 iter: 232:1        |ddm|: 1.306411e-07     Tr[DP]  8.779403e-02
 iter: 232:2        |ddm|: 1.153701e-07     Tr[DP]  8.779401e-02
 iter: 233:1        |ddm|: 1.207898e-07     Tr[DP]  8.779403e-02
 iter: 233:2        |ddm|: 1.073050e-07     Tr[DP]  8.779401e-02
 iter: 234:1        |ddm|: 1.116628e-07     Tr[DP]  8.779402e-02
 iter: 234:2        |ddm|: 1.040870e-07     Tr[DP]  8.779401e-02
 iter: 235:1        |ddm|: 1.418330e-07     Tr[DP]  8.779402e-02
 iter: 235:2        |ddm|: 2.392247e-07     Tr[DP]  8.779400e-02
 iter: 236:1        |ddm|: 1.041190e-07     Tr[DP]  8.779402e-02
 iter: 236:2        |ddm|: 1.092258e-07     Tr[DP]  8.779401e-02
 iter: 237:1        |ddm|: 1.048868e-07     Tr[DP]  8.779402e-02
 iter: 237:2        |ddm|: 1.015944e-07     Tr[DP]  8.779401e-02
 iter: 238:1        |ddm|: 9.670792e-08     Tr[DP]  8.779402e-02
 iter: 238:2        |ddm|: 8.995755e-08     Tr[DP]  8.779401e-02
 iter: 239:1        |ddm|: 8.935334e-08     Tr[DP]  8.779402e-02
 iter: 239:2        |ddm|: 8.147220e-08     Tr[DP]  8.779401e-02
 iter: 240:1        |ddm|: 8.335377e-08     Tr[DP]  8.779402e-02
 iter: 240:2        |ddm|: 8.757186e-08     Tr[DP]  8.779401e-02
 iter: 241:1        |ddm|: 7.878471e-08     Tr[DP]  8.779402e-02
 iter: 241:2        |ddm|: 6.660661e-08     Tr[DP]  8.779401e-02
 iter: 242:1        |ddm|: 7.362507e-08     Tr[DP]  8.779402e-02
 iter: 242:2        |ddm|: 8.128344e-08     Tr[DP]  8.779401e-02
 iter: 243:1        |ddm|: 6.615986e-08     Tr[DP]  8.779402e-02
 iter: 243:2        |ddm|: 6.607709e-08     Tr[DP]  8.779401e-02
 iter: 244:1        |ddm|: 6.421443e-08     Tr[DP]  8.779402e-02
 iter: 244:2        |ddm|: 5.905541e-08     Tr[DP]  8.779401e-02
 iter: 245:1        |ddm|: 5.993488e-08     Tr[DP]  8.779402e-02
 iter: 245:2        |ddm|: 5.367675e-08     Tr[DP]  8.779401e-02
 iter: 246:1        |ddm|: 5.326036e-08     Tr[DP]  8.779402e-02
 iter: 246:2        |ddm|: 4.755786e-08     Tr[DP]  8.779401e-02
 iter: 247:1        |ddm|: 4.985004e-08     Tr[DP]  8.779402e-02
 iter: 247:2        |ddm|: 4.572368e-08     Tr[DP]  8.779401e-02
 iter: 248:1        |ddm|: 4.651201e-08     Tr[DP]  8.779402e-02
 iter: 248:2        |ddm|: 4.261873e-08     Tr[DP]  8.779401e-02
 iter: 249:1        |ddm|: 4.390104e-08     Tr[DP]  8.779402e-02
 iter: 249:2        |ddm|: 4.241380e-08     Tr[DP]  8.779401e-02
 iter: 250:1        |ddm|: 4.063108e-08     Tr[DP]  8.779402e-02
 iter: 250:2        |ddm|: 3.785499e-08     Tr[DP]  8.779401e-02
 iter: 251:1        |ddm|: 3.796411e-08     Tr[DP]  8.779402e-02
 iter: 251:2        |ddm|: 3.503216e-08     Tr[DP]  8.779401e-02
 iter: 252:1        |ddm|: 3.544701e-08     Tr[DP]  8.779402e-02
 iter: 252:2        |ddm|: 3.326916e-08     Tr[DP]  8.779401e-02
 iter: 253:1        |ddm|: 3.296528e-08     Tr[DP]  8.779402e-02
 iter: 253:2        |ddm|: 3.077290e-08     Tr[DP]  8.779401e-02
 iter: 254:1        |ddm|: 3.077177e-08     Tr[DP]  8.779402e-02
 iter: 254:2        |ddm|: 2.869164e-08     Tr[DP]  8.779401e-02
 iter: 255:1        |ddm|: 2.872366e-08     Tr[DP]  8.779401e-02
 iter: 255:2        |ddm|: 2.663867e-08     Tr[DP]  8.779401e-02
 iter: 256:1        |ddm|: 2.689363e-08     Tr[DP]  8.779401e-02
 iter: 256:2        |ddm|: 2.521364e-08     Tr[DP]  8.779401e-02
 iter: 257:1        |ddm|: 2.507891e-08     Tr[DP]  8.779401e-02
 iter: 257:2        |ddm|: 2.348443e-08     Tr[DP]  8.779401e-02
 iter: 258:1        |ddm|: 2.341083e-08     Tr[DP]  8.779401e-02
 iter: 258:2        |ddm|: 2.186793e-08     Tr[DP]  8.779401e-02
 iter: 259:1        |ddm|: 2.187133e-08     Tr[DP]  8.779401e-02
 iter: 259:2        |ddm|: 2.049696e-08     Tr[DP]  8.779401e-02
 iter: 260:1        |ddm|: 2.040781e-08     Tr[DP]  8.779401e-02
 iter: 260:2        |ddm|: 1.912414e-08     Tr[DP]  8.779401e-02
 iter: 261:1        |ddm|: 1.904426e-08     Tr[DP]  8.779401e-02
 iter: 261:2        |ddm|: 1.783199e-08     Tr[DP]  8.779401e-02
 iter: 262:1        |ddm|: 1.777234e-08     Tr[DP]  8.779401e-02
 iter: 262:2        |ddm|: 1.659395e-08     Tr[DP]  8.779401e-02
 iter: 263:1        |ddm|: 1.660172e-08     Tr[DP]  8.779401e-02
 iter: 263:2        |ddm|: 1.552387e-08     Tr[DP]  8.779401e-02
 iter: 264:1        |ddm|: 1.549991e-08     Tr[DP]  8.779401e-02
 iter: 264:2        |ddm|: 1.450315e-08     Tr[DP]  8.779401e-02
 iter: 265:1        |ddm|: 1.447080e-08     Tr[DP]  8.779401e-02
 iter: 265:2        |ddm|: 1.353370e-08     Tr[DP]  8.779401e-02
 iter: 266:1        |ddm|: 1.351363e-08     Tr[DP]  8.779401e-02
 iter: 266:2        |ddm|: 1.264762e-08     Tr[DP]  8.779401e-02
 iter: 267:1        |ddm|: 1.261670e-08     Tr[DP]  8.779401e-02
 iter: 267:2        |ddm|: 1.181508e-08     Tr[DP]  8.779401e-02
 iter: 268:1        |ddm|: 1.177773e-08     Tr[DP]  8.779401e-02
 iter: 268:2        |ddm|: 1.103072e-08     Tr[DP]  8.779401e-02
 iter: 269:1        |ddm|: 1.099339e-08     Tr[DP]  8.779401e-02
 iter: 269:2        |ddm|: 1.028713e-08     Tr[DP]  8.779401e-02
 iter: 270:1        |ddm|: 1.026362e-08     Tr[DP]  8.779401e-02
 iter: 270:2        |ddm|: 9.603318e-09     Tr[DP]  8.779401e-02
 iter: 271:1        |ddm|: 9.582498e-09     Tr[DP]  8.779401e-02
 iter: 271:2        |ddm|: 8.966613e-09     Tr[DP]  8.779401e-02
 iter: 272:1        |ddm|: 8.946163e-09     Tr[DP]  8.779401e-02
 iter: 272:2        |ddm|: 8.369495e-09     Tr[DP]  8.779401e-02
 iter: 273:1        |ddm|: 8.353024e-09     Tr[DP]  8.779401e-02
 iter: 273:2        |ddm|: 7.815359e-09     Tr[DP]  8.779401e-02
 iter: 274:1        |ddm|: 7.799000e-09     Tr[DP]  8.779401e-02
 iter: 274:2        |ddm|: 7.298865e-09     Tr[DP]  8.779401e-02
 iter: 275:1        |ddm|: 7.281602e-09     Tr[DP]  8.779401e-02
 iter: 275:2        |ddm|: 6.816615e-09     Tr[DP]  8.779401e-02
 iter: 276:1        |ddm|: 6.797702e-09     Tr[DP]  8.779401e-02
 iter: 276:2        |ddm|: 6.362775e-09     Tr[DP]  8.779401e-02
 iter: 277:1        |ddm|: 6.346189e-09     Tr[DP]  8.779401e-02
 iter: 277:2        |ddm|: 5.939774e-09     Tr[DP]  8.779401e-02
 iter: 278:1        |ddm|: 5.924842e-09     Tr[DP]  8.779401e-02
 iter: 278:2        |ddm|: 5.545345e-09     Tr[DP]  8.779401e-02
 iter: 279:1        |ddm|: 5.531439e-09     Tr[DP]  8.779401e-02
 iter: 279:2        |ddm|: 5.175833e-09     Tr[DP]  8.779401e-02
 iter: 280:1        |ddm|: 5.164301e-09     Tr[DP]  8.779401e-02
 iter: 280:2        |ddm|: 4.833346e-09     Tr[DP]  8.779401e-02
                           Freeze-and-Thaw converged!                           

=================== Subsystem 1 at higher mean-field method ====================
  subiter:   1      |ddm|: 2.586916e-01
  subiter:   2      |ddm|: 5.433775e-02
  subiter:   3      |ddm|: 1.166855e-02
  subiter:   4      |ddm|: 5.604523e-03
  subiter:   5      |ddm|: 1.004662e-03
  subiter:   6      |ddm|: 5.004435e-04
  subiter:   7      |ddm|: 8.848457e-05
  subiter:   8      |ddm|: 2.466386e-05
  subiter:   9      |ddm|: 6.906567e-06
  subiter:  10      |ddm|: 3.531437e-06
  subiter:  11      |ddm|: 5.063517e-07
  subiter:  12      |ddm|: 4.624632e-08
  subiter:  13      |ddm|: 8.320855e-09


******** <class 'pyscf.scf.hf.RHF'> flags ********
method = RHF
initial guess = minao
damping factor = 0
level shift factor = 0
DIIS = <class 'pyscf.scf.diis.CDIIS'>
DIIS start cycle = 1
DIIS space = 8
SCF tol = 1e-09
SCF gradient tol = None
max. SCF cycles = 100
direct_scf = True
direct_scf_tol = 1e-13
chkfile to save SCF result = /panfs/roc/scratch/graha682/neg_wf_hzfermi/201711_ccpVDZ_NEVPT2_m06_0_3c12h24/tmpKAqQBo
max_memory 4000 MB (current use 329 MB)
Set gradient conv threshold to 3.16228e-05
init E= -123.95705173826
  HOMO = -0.464001751377771  LUMO = 0.183660828211947
cycle= 1 E= -123.957051738259  delta_E= 7.96e-13  |g|= 1.52e-09  |ddm|= 7.62e-09
  HOMO = -0.464001751486825  LUMO = 0.183660828133662
Extra cycle  E= -123.957051738261  delta_E= -1.14e-12  |g|= 6.08e-10  |ddm|= 2.93e-09
converged SCF energy = -123.957051738261


******** <class 'pyscf.dft.rks.RKS'> flags ********
method = RKS
initial guess = atom
damping factor = 0
level shift factor = 0.0
DIIS = <class 'pyscf.scf.diis.CDIIS'>
DIIS start cycle = 1
DIIS space = 8
SCF tol = 1e-08
SCF gradient tol = 1e-08
max. SCF cycles = 1
direct_scf = True
direct_scf_tol = 1e-13
chkfile to save SCF result = /panfs/roc/scratch/graha682/neg_wf_hzfermi/201711_ccpVDZ_NEVPT2_m06_0_3c12h24/tmpjYboCF
max_memory 4000 MB (current use 329 MB)
XC functionals = m06
small_rho_cutoff = 1e-20
radial grids: Treutler-Ahlrichs (JCP 102, 346 (M4)) radial grids
becke partition: Becke, JCP, 88, 2547 (1988)
pruning grids: <function nwchem_prune at 0x178f6e0>
grids dens level: 4
symmetrized grids: False
atomic radii adjust function: <function treutler_atomic_radii_adjust at 0x178f578>
init E= -124.663791233627
  HOMO = -0.336443020314932  LUMO = 0.0713850638881324
cycle= 1 E= -124.663791233627  delta_E= -1.42e-13  |g|= 9.28e-10  |ddm|= 4.82e-09
  HOMO = -0.336443020327638  LUMO = 0.0713850638389912
Extra cycle  E= -124.663791233627  delta_E= -5.68e-14  |g|= 4.4e-10  |ddm|= 1.54e-09
converged SCF energy = -124.663791233627
 iter: 281:1        |ddm|: 3.018033e-01     Tr[DP]  9.353881e-02

******** <class 'pyscf.mcscf.mc1step.CASSCF'> flags ********
CAS (1e+1e, 2o), ncore = 11, nvir = 54
max_cycle_macro = 50
max_cycle_micro = 4
conv_tol = 1e-07
conv_tol_grad = None
orbital rotation max_stepsize = 0.02
augmented hessian ah_max_cycle = 30
augmented hessian ah_conv_tol = 1e-12
augmented hessian ah_linear dependence = 1e-14
augmented hessian ah_level shift = 0
augmented hessian ah_start_tol = 2.5
augmented hessian ah_start_cycle = 3
augmented hessian ah_grad_trust_region = 3
kf_trust_region = 3
kf_interval = 4
ci_response_space = 4
ci_grad_trust_region = 3
with_dep4 0
natorb = False
canonicalization = True
sorting_mo_energy = False
chkfile = /panfs/roc/scratch/graha682/neg_wf_hzfermi/201711_ccpVDZ_NEVPT2_m06_0_3c12h24/tmpKAqQBo
max_memory 4000 MB (current use 325 MB)
internal_rotation = False
******** <class 'pyscf.fci.direct_spin1.FCISolver'> flags ********
max. cycles = 50
conv_tol = 1e-08
davidson only = False
linear dependence = 1e-10
level shift = 0.001
max iter space = 12
max_memory 4000 MB
nroots = 1
pspace_size = 400
spin = None
CASCI E = -123.957074840481  S^2 = 0.0000000
Set conv_tol_grad to 0.000316228
macro iter 1 (6 JK  1 micro), CASSCF E = -123.957091581297  dE = -1.6740816e-05  S^2 = 0.0000000
               |grad[o]|=0.000114  |grad[c]|= 0.00156891197734  |ddm|=5.68e-05
macro iter 2 (7 JK  2 micro), CASSCF E = -123.957131374152  dE = -3.9792855e-05  S^2 = 0.0000000
               |grad[o]|=0.000179  |grad[c]|= 0.00115430854258  |ddm|=0.000304
macro iter 3 (12 JK  3 micro), CASSCF E = -123.957455474499  dE = -0.00032410035  S^2 = 0.0000000
               |grad[o]|=0.00035  |grad[c]|= 0.00408175946978  |ddm|=0.0109
macro iter 4 (7 JK  2 micro), CASSCF E = -123.957787688666  dE = -0.00033221417  S^2 = 0.0000000
               |grad[o]|=0.00152  |grad[c]|= 0.00336695032232  |ddm|=0.00152
macro iter 5 (21 JK  4 micro), CASSCF E = -123.964858596205  dE = -0.0070709075  S^2 = 0.0000000
               |grad[o]|=0.00252  |grad[c]|= 0.0331788268466  |ddm|=0.0199
macro iter 6 (21 JK  4 micro), CASSCF E = -123.972706728439  dE = -0.0078481322  S^2 = 0.0000000
               |grad[o]|=0.0159  |grad[c]|= 0.0148946008874  |ddm|=0.00809
macro iter 7 (13 JK  4 micro), CASSCF E = -123.973197390194  dE = -0.00049066175  S^2 = 0.0000000
               |grad[o]|=0.00951  |grad[c]|= 0.00516956553425  |ddm|=0.00183
macro iter 8 (9 JK  3 micro), CASSCF E = -123.973206319183  dE = -8.9289885e-06  S^2 = 0.0000000
               |grad[o]|=0.00128  |grad[c]|= 0.000142298973119  |ddm|=0.000621
macro iter 9 (3 JK  1 micro), CASSCF E = -123.973206325507  dE = -6.3241714e-09  S^2 = 0.0000000
               |grad[o]|=4.93e-05  |grad[c]|= 1.63798931476e-05  |ddm|=2.86e-05
1-step CASSCF converged in 9 macro (99 JK 24 micro) steps
CASSCF canonicalization
CASSCF energy = -123.973206325507
Hartree-Fock Energy:  -123.95705173826053
CAS Correlation:       -0.01615458724632
CAS Energy:          -123.97320632550685
Sr    (-1)',   E = -0.00000000006155
Si    (+1)',   E = -0.00000000000979
Sijrs (0)  ,   E = -0.31119218508910
Sijr  (+1) ,   E = -0.00428106320083
Srsi  (-1) ,   E = -0.02523093455921
Srs   (-2) ,   E = -0.00941726421339
Sij   (+2) ,   E = -0.00022963410069
Sir   (0)' ,   E = -0.01517478887082
Nevpt2 Energy = -0.365525870105366
NEVPT2 =   -0.365525870105366
Total NEVPT2 = -124.338732195612224

============================== Supermolecular DFT ==============================
  subiter:   1      |ddm|: 3.811478e+00
  subiter:   2      |ddm|: 4.600609e-01
  subiter:   3      |ddm|: 2.343805e-01
  subiter:   4      |ddm|: 4.623463e-02
  subiter:   5      |ddm|: 1.151152e-02
  subiter:   6      |ddm|: 3.295583e-03
  subiter:   7      |ddm|: 8.447700e-04
  subiter:   8      |ddm|: 2.254465e-04
  subiter:   9      |ddm|: 1.082600e-04
  subiter:  10      |ddm|: 3.046233e-05
  subiter:  11      |ddm|: 1.235808e-05
  subiter:  12      |ddm|: 4.236668e-06
  subiter:  13      |ddm|: 1.215767e-06
  subiter:  14      |ddm|: 4.909759e-07
  subiter:  15      |ddm|: 1.570154e-07
  subiter:  16      |ddm|: 6.887715e-08
  subiter:  17      |ddm|: 1.307618e-08
  subiter:  18      |ddm|: 1.377465e-08
  subiter:  19      |ddm|: 6.069854e-09


******** <class 'pyscf.dft.rks.RKS'> flags ********
method = RKS
initial guess = atom
damping factor = 0
level shift factor = 0.0
DIIS = <class 'pyscf.scf.diis.CDIIS'>
DIIS start cycle = 1
DIIS space = 8
SCF tol = 1e-08
SCF gradient tol = 1e-08
max. SCF cycles = 100
direct_scf = True
direct_scf_tol = 1e-13
chkfile to save SCF result = /panfs/roc/scratch/graha682/neg_wf_hzfermi/201711_ccpVDZ_NEVPT2_m06_0_3c12h24/tmpR98bGS
max_memory 4000 MB (current use 354 MB)
XC functionals = m06
small_rho_cutoff = 1e-20
radial grids: Treutler-Ahlrichs (JCP 102, 346 (M4)) radial grids
becke partition: Becke, JCP, 88, 2547 (1988)
pruning grids: <function nwchem_prune at 0x178f6e0>
grids dens level: 4
symmetrized grids: False
atomic radii adjust function: <function treutler_atomic_radii_adjust at 0x178f578>
init E= -471.321327838526
  HOMO = -0.265919340250553  LUMO = 0.0236355314562801
cycle= 1 E= -471.321327838529  delta_E= -2.05e-12  |g|= 1.03e-08  |ddm|= 1.35e-08
  HOMO = -0.265919340317515  LUMO = 0.0236355315987494
cycle= 2 E= -471.321327838528  delta_E= 2.27e-13  |g|= 1.71e-08  |ddm|= 2.19e-08
  HOMO = -0.265919340306424  LUMO = 0.0236355314280279
cycle= 3 E= -471.321327838527  delta_E= 1.36e-12  |g|= 6.27e-09  |ddm|= 1.86e-08
  HOMO = -0.265919340276239  LUMO = 0.0236355315960216
Extra cycle  E= -471.321327838526  delta_E= 1.14e-12  |g|= 1.11e-08  |ddm|= 1.4e-08
converged SCF energy = -471.321327838526
Supermolecular DFT   -471.32132783852580

============================== Embedding Energies ==============================
Subsystem DFT              -124.66379123362734
Interaction                -346.18500455355570
DFT-in-DFT                 -470.84879578718301
Supermolecular DFT         -471.32132783852580
Difference                   -0.47253205134280
Corrected DFT-in-DFT       -471.32132783852580
WF-in-DFT                  -470.52373674916794
Corrected WF-in-DFT        -470.99626880051073
================================================================================
TIMING STATISTICS:
     overlap integrals      0.03s   ( 0.00%)
    initial subsystems      0.14s   ( 0.00%)
           2e matrices   7793.70s   (91.40%)
      tot. embed. of 1   7810.80s   (91.60%)
      tot. embed. of 2      2.30s   ( 0.03%)
       freeze and thaw   7813.13s   (91.63%)
                   cas      1.24s   ( 0.01%)
                nevpt2      0.04s   ( 0.00%)
  interaction energies    711.04s   ( 8.34%)
                 TOTAL   8527.17s
================================================================================

********************************************************************************
*                              END OF CALCULATION                              *
********************************************************************************
