********************************************************************************
*                         FREEZE-AND-THAW CALCULATION                          *
********************************************************************************

================================== Input File ==================================
subsystem
C          0.60968        1.88962       -0.16430
H          1.05644        2.87328       -0.38280
C         -0.57841        1.85402        0.44433
H         -0.62142        2.08215        1.52184
C          4.98295       -0.59015        0.39333
H          4.83583       -0.60409        1.49022
H          5.53078        0.34873        0.18454
C          3.62701       -0.53600       -0.28859
H          3.07313       -1.47358       -0.08090
H          3.76812       -0.51946       -1.38813
C          2.78128        0.65238        0.12940
H          3.33155        1.59049       -0.08349
H          2.63649        0.64111        1.22719
C          1.41998        0.69821       -0.55371
H          0.85676       -0.22659       -0.32605
H          1.57811        0.69475       -1.65103
C         -1.87384        1.49450       -0.20398
H         -1.71585        1.32858       -1.28649
H         -2.58028        2.34551       -0.12743
C         -2.53047        0.26613        0.41393
H         -2.66553        0.42911        1.50175
H         -1.83966       -0.59534        0.33095
C         -3.86612       -0.08514       -0.21448
H         -4.55299        0.78090       -0.12868
H         -3.73096       -0.24189       -1.30359
C         -4.52284       -1.31213        0.39355
H         -3.83189       -2.17244        0.30712
H         -4.65359       -1.15127        1.48085
end

subsystem
C          5.81609       -1.78257       -0.03350
H          6.00192       -1.77065       -1.12106
H          5.30157       -2.73126        0.19596
H          6.79565       -1.80800        0.46886
C         -5.85560       -1.65106       -0.24447
H         -6.31921       -2.54215        0.20674
H         -6.57092       -0.81735       -0.14107
H         -5.74237       -1.84756       -1.32427
end

embed
 huzinaga
 cycles 300
 conv 1e-8
 method m06
end

basis cc-pVDZ
method cas[2,2]/nevpt2
grid 4
conv 1e-8
grad 1e-8
maxiter 100
================================== End Input ===================================
tot grids = 725328

                      Getting subsystem overlap integrals                       

                          Initial subsystem densities                           
Guessing initial subsystem densities
Initial guess from superpostion of atomic densties.
Guessing initial subsystem densities
Initial guess from superpostion of atomic densties.

=========================== Starting Freeze-and-Thaw ===========================
 iter:   1:1        |ddm|: 5.639973e+00     Tr[DP]  6.796212e-01
 iter:   1:2        |ddm|: 2.746748e+00     Tr[DP]  4.090531e-01
 iter:   2:1        |ddm|: 2.944333e+01     Tr[DP]  7.339735e-01
 iter:   2:2        |ddm|: 8.629335e+00     Tr[DP]  7.991170e-01
 iter:   3:1        |ddm|: 2.992571e+01     Tr[DP]  4.487693e-01
 iter:   3:2        |ddm|: 8.547707e+00     Tr[DP]  5.877226e-01
 iter:   4:1        |ddm|: 6.597685e+00     Tr[DP]  4.043024e-01
 iter:   4:2        |ddm|: 1.543552e+00     Tr[DP]  4.671209e-01
 iter:   5:1        |ddm|: 3.708780e+00     Tr[DP]  5.747707e-01
 iter:   5:2        |ddm|: 5.124693e-01     Tr[DP]  4.807356e-01
 iter:   6:1        |ddm|: 1.576643e+00     Tr[DP]  5.805782e-01
 iter:   6:2        |ddm|: 2.528627e-01     Tr[DP]  5.062040e-01
 iter:   7:1        |ddm|: 9.378584e-01     Tr[DP]  5.781472e-01
 iter:   7:2        |ddm|: 1.515675e-01     Tr[DP]  5.284303e-01
 iter:   8:1        |ddm|: 5.574954e-01     Tr[DP]  5.696278e-01
 iter:   8:2        |ddm|: 1.133434e-01     Tr[DP]  5.399767e-01
 iter:   9:1        |ddm|: 3.891353e-01     Tr[DP]  5.606582e-01
 iter:   9:2        |ddm|: 1.025355e-01     Tr[DP]  5.454550e-01
 iter:  10:1        |ddm|: 2.200401e-01     Tr[DP]  5.598702e-01
 iter:  10:2        |ddm|: 5.546704e-02     Tr[DP]  5.463634e-01
 iter:  11:1        |ddm|: 1.741250e-01     Tr[DP]  5.521026e-01
 iter:  11:2        |ddm|: 6.459603e-02     Tr[DP]  5.494756e-01
 iter:  12:1        |ddm|: 8.104646e-02     Tr[DP]  5.533163e-01
 iter:  12:2        |ddm|: 3.633787e-02     Tr[DP]  5.472231e-01
 iter:  13:1        |ddm|: 5.793955e-02     Tr[DP]  5.499499e-01
 iter:  13:2        |ddm|: 1.201371e-02     Tr[DP]  5.479973e-01
 iter:  14:1        |ddm|: 3.262424e-02     Tr[DP]  5.494056e-01
 iter:  14:2        |ddm|: 9.475856e-03     Tr[DP]  5.480492e-01
 iter:  15:1        |ddm|: 1.943427e-02     Tr[DP]  5.488103e-01
 iter:  15:2        |ddm|: 8.457108e-03     Tr[DP]  5.480794e-01
 iter:  16:1        |ddm|: 1.408293e-02     Tr[DP]  5.484195e-01
 iter:  16:2        |ddm|: 6.664674e-03     Tr[DP]  5.480750e-01
 iter:  17:1        |ddm|: 1.355923e-02     Tr[DP]  5.481362e-01
 iter:  17:2        |ddm|: 7.425653e-03     Tr[DP]  5.480515e-01
 iter:  18:1        |ddm|: 9.069167e-03     Tr[DP]  5.480432e-01
 iter:  18:2        |ddm|: 6.103934e-03     Tr[DP]  5.480707e-01
 iter:  19:1        |ddm|: 8.480005e-03     Tr[DP]  5.480515e-01
 iter:  19:2        |ddm|: 6.013025e-03     Tr[DP]  5.479627e-01
 iter:  20:1        |ddm|: 7.943689e-03     Tr[DP]  5.480154e-01
 iter:  20:2        |ddm|: 6.240756e-03     Tr[DP]  5.479875e-01
 iter:  21:1        |ddm|: 9.932057e-03     Tr[DP]  5.479466e-01
 iter:  21:2        |ddm|: 6.493411e-03     Tr[DP]  5.479217e-01
 iter:  22:1        |ddm|: 8.437688e-03     Tr[DP]  5.479038e-01
 iter:  22:2        |ddm|: 5.880915e-03     Tr[DP]  5.478866e-01
 iter:  23:1        |ddm|: 7.527122e-03     Tr[DP]  5.478882e-01
 iter:  23:2        |ddm|: 5.567843e-03     Tr[DP]  5.478727e-01
 iter:  24:1        |ddm|: 7.671337e-03     Tr[DP]  5.479138e-01
 iter:  24:2        |ddm|: 6.302762e-03     Tr[DP]  5.478896e-01
 iter:  25:1        |ddm|: 8.951362e-03     Tr[DP]  5.478794e-01
 iter:  25:2        |ddm|: 6.088510e-03     Tr[DP]  5.478562e-01
 iter:  26:1        |ddm|: 9.371140e-03     Tr[DP]  5.478177e-01
 iter:  26:2        |ddm|: 6.107830e-03     Tr[DP]  5.478011e-01
 iter:  27:1        |ddm|: 7.246149e-03     Tr[DP]  5.478034e-01
 iter:  27:2        |ddm|: 5.354813e-03     Tr[DP]  5.477984e-01
 iter:  28:1        |ddm|: 8.077382e-03     Tr[DP]  5.477723e-01
 iter:  28:2        |ddm|: 5.467716e-03     Tr[DP]  5.477679e-01
 iter:  29:1        |ddm|: 2.599667e-02     Tr[DP]  5.475648e-01
 iter:  29:2        |ddm|: 1.646223e-02     Tr[DP]  5.475592e-01
 iter:  30:1        |ddm|: 1.383138e-02     Tr[DP]  5.476350e-01
 iter:  30:2        |ddm|: 7.062109e-03     Tr[DP]  5.476570e-01
 iter:  31:1        |ddm|: 6.462205e-03     Tr[DP]  5.476366e-01
 iter:  31:2        |ddm|: 4.006093e-03     Tr[DP]  5.476419e-01
 iter:  32:1        |ddm|: 5.304262e-03     Tr[DP]  5.476481e-01
 iter:  32:2        |ddm|: 4.180856e-03     Tr[DP]  5.476470e-01
 iter:  33:1        |ddm|: 5.688453e-03     Tr[DP]  5.476431e-01
 iter:  33:2        |ddm|: 4.184349e-03     Tr[DP]  5.476413e-01
 iter:  34:1        |ddm|: 6.224804e-03     Tr[DP]  5.476282e-01
 iter:  34:2        |ddm|: 4.234643e-03     Tr[DP]  5.476176e-01
 iter:  35:1        |ddm|: 7.097434e-03     Tr[DP]  5.475937e-01
 iter:  35:2        |ddm|: 4.588486e-03     Tr[DP]  5.475849e-01
 iter:  36:1        |ddm|: 5.190795e-03     Tr[DP]  5.475758e-01
 iter:  36:2        |ddm|: 3.691215e-03     Tr[DP]  5.475726e-01
 iter:  37:1        |ddm|: 8.183533e-03     Tr[DP]  5.475387e-01
 iter:  37:2        |ddm|: 4.950031e-03     Tr[DP]  5.475297e-01
 iter:  38:1        |ddm|: 4.079037e-03     Tr[DP]  5.475404e-01
 iter:  38:2        |ddm|: 2.824426e-03     Tr[DP]  5.475359e-01
 iter:  39:1        |ddm|: 9.362384e-03     Tr[DP]  5.475988e-01
 iter:  39:2        |ddm|: 7.071368e-03     Tr[DP]  5.475941e-01
 iter:  40:1        |ddm|: 8.829006e-03     Tr[DP]  5.475646e-01
 iter:  40:2        |ddm|: 4.819140e-03     Tr[DP]  5.475604e-01
 iter:  41:1        |ddm|: 5.399021e-03     Tr[DP]  5.475461e-01
 iter:  41:2        |ddm|: 3.650815e-03     Tr[DP]  5.475432e-01
 iter:  42:1        |ddm|: 4.167142e-03     Tr[DP]  5.475439e-01
 iter:  42:2        |ddm|: 3.136715e-03     Tr[DP]  5.475407e-01
 iter:  43:1        |ddm|: 4.719292e-03     Tr[DP]  5.475344e-01
 iter:  43:2        |ddm|: 3.231979e-03     Tr[DP]  5.475305e-01
 iter:  44:1        |ddm|: 4.262836e-03     Tr[DP]  5.475281e-01
 iter:  44:2        |ddm|: 3.067795e-03     Tr[DP]  5.475244e-01
 iter:  45:1        |ddm|: 4.087547e-03     Tr[DP]  5.475243e-01
 iter:  45:2        |ddm|: 3.030185e-03     Tr[DP]  5.475217e-01
 iter:  46:1        |ddm|: 4.067534e-03     Tr[DP]  5.475276e-01
 iter:  46:2        |ddm|: 3.248237e-03     Tr[DP]  5.475239e-01
 iter:  47:1        |ddm|: 5.636888e-03     Tr[DP]  5.475116e-01
 iter:  47:2        |ddm|: 3.547676e-03     Tr[DP]  5.475075e-01
 iter:  48:1        |ddm|: 3.758654e-03     Tr[DP]  5.475103e-01
 iter:  48:2        |ddm|: 2.905606e-03     Tr[DP]  5.475072e-01
 iter:  49:1        |ddm|: 3.958180e-03     Tr[DP]  5.475094e-01
 iter:  49:2        |ddm|: 3.010722e-03     Tr[DP]  5.475062e-01
 iter:  50:1        |ddm|: 4.596778e-03     Tr[DP]  5.475004e-01
 iter:  50:2        |ddm|: 3.093053e-03     Tr[DP]  5.474966e-01
 iter:  51:1        |ddm|: 3.892506e-03     Tr[DP]  5.474952e-01
 iter:  51:2        |ddm|: 2.836721e-03     Tr[DP]  5.474917e-01
 iter:  52:1        |ddm|: 3.907155e-03     Tr[DP]  5.474904e-01
 iter:  52:2        |ddm|: 2.806138e-03     Tr[DP]  5.474868e-01
 iter:  53:1        |ddm|: 3.751338e-03     Tr[DP]  5.474872e-01
 iter:  53:2        |ddm|: 2.758747e-03     Tr[DP]  5.474837e-01
 iter:  54:1        |ddm|: 4.126716e-03     Tr[DP]  5.474804e-01
 iter:  54:2        |ddm|: 2.829045e-03     Tr[DP]  5.474768e-01
 iter:  55:1        |ddm|: 7.483930e-03     Tr[DP]  5.475007e-01
 iter:  55:2        |ddm|: 5.789828e-03     Tr[DP]  5.474968e-01
 iter:  56:1        |ddm|: 7.527914e-03     Tr[DP]  5.474852e-01
 iter:  56:2        |ddm|: 4.118430e-03     Tr[DP]  5.474794e-01
 iter:  57:1        |ddm|: 8.051712e-03     Tr[DP]  5.474620e-01
 iter:  57:2        |ddm|: 5.119794e-03     Tr[DP]  5.474561e-01
 iter:  58:1        |ddm|: 3.903901e-03     Tr[DP]  5.474535e-01
 iter:  58:2        |ddm|: 2.485497e-03     Tr[DP]  5.474512e-01
 iter:  59:1        |ddm|: 5.164765e-03     Tr[DP]  5.474419e-01
 iter:  59:2        |ddm|: 3.321879e-03     Tr[DP]  5.474395e-01
 iter:  60:1        |ddm|: 2.773270e-03     Tr[DP]  5.474400e-01
 iter:  60:2        |ddm|: 1.781683e-03     Tr[DP]  5.474383e-01
 iter:  61:1        |ddm|: 3.086494e-03     Tr[DP]  5.474361e-01
 iter:  61:2        |ddm|: 2.026117e-03     Tr[DP]  5.474341e-01
 iter:  62:1        |ddm|: 4.549250e-03     Tr[DP]  5.474266e-01
 iter:  62:2        |ddm|: 2.759944e-03     Tr[DP]  5.474253e-01
 iter:  63:1        |ddm|: 2.116971e-03     Tr[DP]  5.474273e-01
 iter:  63:2        |ddm|: 1.346107e-03     Tr[DP]  5.474246e-01
 iter:  64:1        |ddm|: 2.003140e-03     Tr[DP]  5.474262e-01
 iter:  64:2        |ddm|: 1.425273e-03     Tr[DP]  5.474245e-01
 iter:  65:1        |ddm|: 2.093533e-03     Tr[DP]  5.474247e-01
 iter:  65:2        |ddm|: 1.455473e-03     Tr[DP]  5.474231e-01
 iter:  66:1        |ddm|: 2.411117e-03     Tr[DP]  5.474220e-01
 iter:  66:2        |ddm|: 1.548384e-03     Tr[DP]  5.474200e-01
 iter:  67:1        |ddm|: 1.849275e-03     Tr[DP]  5.474231e-01
 iter:  67:2        |ddm|: 1.495087e-03     Tr[DP]  5.474216e-01
 iter:  68:1        |ddm|: 2.159475e-03     Tr[DP]  5.474217e-01
 iter:  68:2        |ddm|: 1.450875e-03     Tr[DP]  5.474203e-01
 iter:  69:1        |ddm|: 2.323890e-03     Tr[DP]  5.474188e-01
 iter:  69:2        |ddm|: 1.498366e-03     Tr[DP]  5.474173e-01
 iter:  70:1        |ddm|: 1.725485e-03     Tr[DP]  5.474185e-01
 iter:  70:2        |ddm|: 1.252680e-03     Tr[DP]  5.474166e-01
 iter:  71:1        |ddm|: 1.948403e-03     Tr[DP]  5.474171e-01
 iter:  71:2        |ddm|: 1.296391e-03     Tr[DP]  5.474148e-01
 iter:  72:1        |ddm|: 1.629178e-03     Tr[DP]  5.474159e-01
 iter:  72:2        |ddm|: 1.180919e-03     Tr[DP]  5.474143e-01
 iter:  73:1        |ddm|: 1.682860e-03     Tr[DP]  5.474148e-01
 iter:  73:2        |ddm|: 1.181772e-03     Tr[DP]  5.474133e-01
 iter:  74:1        |ddm|: 1.529263e-03     Tr[DP]  5.474147e-01
 iter:  74:2        |ddm|: 1.164650e-03     Tr[DP]  5.474134e-01
 iter:  75:1        |ddm|: 1.604740e-03     Tr[DP]  5.474155e-01
 iter:  75:2        |ddm|: 1.308409e-03     Tr[DP]  5.474136e-01
 iter:  76:1        |ddm|: 1.880817e-03     Tr[DP]  5.474144e-01
 iter:  76:2        |ddm|: 1.266627e-03     Tr[DP]  5.474125e-01
 iter:  77:1        |ddm|: 1.816310e-03     Tr[DP]  5.474129e-01
 iter:  77:2        |ddm|: 1.227568e-03     Tr[DP]  5.474114e-01
 iter:  78:1        |ddm|: 1.726738e-03     Tr[DP]  5.474120e-01
 iter:  78:2        |ddm|: 1.169086e-03     Tr[DP]  5.474103e-01
 iter:  79:1        |ddm|: 1.725175e-03     Tr[DP]  5.474108e-01
 iter:  79:2        |ddm|: 1.129458e-03     Tr[DP]  5.474094e-01
 iter:  80:1        |ddm|: 5.222800e-03     Tr[DP]  5.474049e-01
 iter:  80:2        |ddm|: 3.235493e-03     Tr[DP]  5.474032e-01
 iter:  81:1        |ddm|: 1.881739e-03     Tr[DP]  5.474053e-01
 iter:  81:2        |ddm|: 6.674575e-04     Tr[DP]  5.474047e-01
 iter:  82:1        |ddm|: 2.421856e-03     Tr[DP]  5.474083e-01
 iter:  82:2        |ddm|: 1.726016e-03     Tr[DP]  5.474073e-01
 iter:  83:1        |ddm|: 1.523206e-03     Tr[DP]  5.474087e-01
 iter:  83:2        |ddm|: 1.104412e-03     Tr[DP]  5.474077e-01
 iter:  84:1        |ddm|: 1.817837e-03     Tr[DP]  5.474078e-01
 iter:  84:2        |ddm|: 1.076514e-03     Tr[DP]  5.474064e-01
 iter:  85:1        |ddm|: 1.422016e-03     Tr[DP]  5.474067e-01
 iter:  85:2        |ddm|: 9.299834e-04     Tr[DP]  5.474055e-01
 iter:  86:1        |ddm|: 1.017478e-03     Tr[DP]  5.474065e-01
 iter:  86:2        |ddm|: 7.735439e-04     Tr[DP]  5.474054e-01
 iter:  87:1        |ddm|: 1.136650e-03     Tr[DP]  5.474066e-01
 iter:  87:2        |ddm|: 9.254815e-04     Tr[DP]  5.474051e-01
 iter:  88:1        |ddm|: 1.266947e-03     Tr[DP]  5.474067e-01
 iter:  88:2        |ddm|: 1.033837e-03     Tr[DP]  5.474054e-01
 iter:  89:1        |ddm|: 1.305294e-03     Tr[DP]  5.474068e-01
 iter:  89:2        |ddm|: 1.007482e-03     Tr[DP]  5.474060e-01
 iter:  90:1        |ddm|: 1.889523e-03     Tr[DP]  5.474058e-01
 iter:  90:2        |ddm|: 1.130371e-03     Tr[DP]  5.474048e-01
 iter:  91:1        |ddm|: 1.319182e-03     Tr[DP]  5.474054e-01
 iter:  91:2        |ddm|: 8.833185e-04     Tr[DP]  5.474041e-01
 iter:  92:1        |ddm|: 9.388224e-03     Tr[DP]  5.474002e-01
 iter:  92:2        |ddm|: 6.000315e-03     Tr[DP]  5.473988e-01
 iter:  93:1        |ddm|: 3.908294e-03     Tr[DP]  5.474002e-01
 iter:  93:2        |ddm|: 1.161136e-03     Tr[DP]  5.473991e-01
 iter:  94:1        |ddm|: 4.440831e-03     Tr[DP]  5.474027e-01
 iter:  94:2        |ddm|: 2.945771e-03     Tr[DP]  5.474028e-01
 iter:  95:1        |ddm|: 1.779677e-03     Tr[DP]  5.474039e-01
 iter:  95:2        |ddm|: 1.114252e-03     Tr[DP]  5.474035e-01
 iter:  96:1        |ddm|: 1.255427e-03     Tr[DP]  5.474038e-01
 iter:  96:2        |ddm|: 7.622557e-04     Tr[DP]  5.474031e-01
 iter:  97:1        |ddm|: 9.337345e-04     Tr[DP]  5.474037e-01
 iter:  97:2        |ddm|: 6.704912e-04     Tr[DP]  5.474029e-01
 iter:  98:1        |ddm|: 1.886878e-03     Tr[DP]  5.474029e-01
 iter:  98:2        |ddm|: 1.145849e-03     Tr[DP]  5.474021e-01
 iter:  99:1        |ddm|: 7.216404e-04     Tr[DP]  5.474028e-01
 iter:  99:2        |ddm|: 4.582141e-04     Tr[DP]  5.474021e-01
 iter: 100:1        |ddm|: 7.691209e-04     Tr[DP]  5.474027e-01
 iter: 100:2        |ddm|: 5.066092e-04     Tr[DP]  5.474019e-01
 iter: 101:1        |ddm|: 6.793011e-04     Tr[DP]  5.474026e-01
 iter: 101:2        |ddm|: 4.592089e-04     Tr[DP]  5.474022e-01
 iter: 102:1        |ddm|: 5.931277e-04     Tr[DP]  5.474025e-01
 iter: 102:2        |ddm|: 4.135351e-04     Tr[DP]  5.474018e-01
 iter: 103:1        |ddm|: 1.609971e-03     Tr[DP]  5.474033e-01
 iter: 103:2        |ddm|: 1.108968e-03     Tr[DP]  5.474025e-01
 iter: 104:1        |ddm|: 9.718132e-04     Tr[DP]  5.474035e-01
 iter: 104:2        |ddm|: 6.766147e-04     Tr[DP]  5.474026e-01
 iter: 105:1        |ddm|: 2.096258e-03     Tr[DP]  5.474016e-01
 iter: 105:2        |ddm|: 1.395408e-03     Tr[DP]  5.474009e-01
 iter: 106:1        |ddm|: 8.848592e-04     Tr[DP]  5.474022e-01
 iter: 106:2        |ddm|: 5.318366e-04     Tr[DP]  5.474018e-01
 iter: 107:1        |ddm|: 6.308228e-04     Tr[DP]  5.474025e-01
 iter: 107:2        |ddm|: 4.659102e-04     Tr[DP]  5.474019e-01
 iter: 108:1        |ddm|: 6.551487e-04     Tr[DP]  5.474024e-01
 iter: 108:2        |ddm|: 4.670421e-04     Tr[DP]  5.474017e-01
 iter: 109:1        |ddm|: 6.112597e-04     Tr[DP]  5.474023e-01
 iter: 109:2        |ddm|: 4.596607e-04     Tr[DP]  5.474016e-01
 iter: 110:1        |ddm|: 6.346569e-04     Tr[DP]  5.474022e-01
 iter: 110:2        |ddm|: 4.582427e-04     Tr[DP]  5.474015e-01
 iter: 111:1        |ddm|: 6.442591e-04     Tr[DP]  5.474021e-01
 iter: 111:2        |ddm|: 4.517105e-04     Tr[DP]  5.474015e-01
 iter: 112:1        |ddm|: 6.086692e-04     Tr[DP]  5.474021e-01
 iter: 112:2        |ddm|: 4.363150e-04     Tr[DP]  5.474015e-01
 iter: 113:1        |ddm|: 5.896033e-04     Tr[DP]  5.474020e-01
 iter: 113:2        |ddm|: 4.270185e-04     Tr[DP]  5.474014e-01
 iter: 114:1        |ddm|: 5.945649e-04     Tr[DP]  5.474020e-01
 iter: 114:2        |ddm|: 4.228273e-04     Tr[DP]  5.474014e-01
 iter: 115:1        |ddm|: 5.455311e-04     Tr[DP]  5.474020e-01
 iter: 115:2        |ddm|: 4.263993e-04     Tr[DP]  5.474013e-01
 iter: 116:1        |ddm|: 8.254912e-04     Tr[DP]  5.474018e-01
 iter: 116:2        |ddm|: 6.780017e-04     Tr[DP]  5.474011e-01
 iter: 117:1        |ddm|: 7.828107e-04     Tr[DP]  5.474017e-01
 iter: 117:2        |ddm|: 5.210504e-04     Tr[DP]  5.474010e-01
 iter: 118:1        |ddm|: 1.372208e-03     Tr[DP]  5.474018e-01
 iter: 118:2        |ddm|: 8.292180e-04     Tr[DP]  5.474012e-01
 iter: 119:1        |ddm|: 6.603256e-04     Tr[DP]  5.474018e-01
 iter: 119:2        |ddm|: 4.243058e-04     Tr[DP]  5.474012e-01
 iter: 120:1        |ddm|: 7.611712e-04     Tr[DP]  5.474019e-01
 iter: 120:2        |ddm|: 4.789271e-04     Tr[DP]  5.474013e-01
 iter: 121:1        |ddm|: 4.315707e-04     Tr[DP]  5.474018e-01
 iter: 121:2        |ddm|: 2.890411e-04     Tr[DP]  5.474013e-01
 iter: 122:1        |ddm|: 4.088364e-04     Tr[DP]  5.474018e-01
 iter: 122:2        |ddm|: 3.121738e-04     Tr[DP]  5.474013e-01
 iter: 123:1        |ddm|: 8.328506e-04     Tr[DP]  5.474019e-01
 iter: 123:2        |ddm|: 5.011956e-04     Tr[DP]  5.474014e-01
 iter: 124:1        |ddm|: 3.710797e-04     Tr[DP]  5.474018e-01
 iter: 124:2        |ddm|: 2.487441e-04     Tr[DP]  5.474014e-01
 iter: 125:1        |ddm|: 3.734289e-04     Tr[DP]  5.474018e-01
 iter: 125:2        |ddm|: 2.571926e-04     Tr[DP]  5.474014e-01
 iter: 126:1        |ddm|: 3.463899e-04     Tr[DP]  5.474018e-01
 iter: 126:2        |ddm|: 2.522947e-04     Tr[DP]  5.474014e-01
 iter: 127:1        |ddm|: 3.693354e-04     Tr[DP]  5.474018e-01
 iter: 127:2        |ddm|: 2.558104e-04     Tr[DP]  5.474014e-01
 iter: 128:1        |ddm|: 6.600988e-04     Tr[DP]  5.474019e-01
 iter: 128:2        |ddm|: 4.050257e-04     Tr[DP]  5.474016e-01
 iter: 129:1        |ddm|: 2.903887e-04     Tr[DP]  5.474019e-01
 iter: 129:2        |ddm|: 1.894199e-04     Tr[DP]  5.474016e-01
 iter: 130:1        |ddm|: 2.831002e-04     Tr[DP]  5.474019e-01
 iter: 130:2        |ddm|: 1.968325e-04     Tr[DP]  5.474016e-01
 iter: 131:1        |ddm|: 2.702843e-04     Tr[DP]  5.474019e-01
 iter: 131:2        |ddm|: 2.192364e-04     Tr[DP]  5.474016e-01
 iter: 132:1        |ddm|: 3.504177e-04     Tr[DP]  5.474019e-01
 iter: 132:2        |ddm|: 2.236275e-04     Tr[DP]  5.474016e-01
 iter: 133:1        |ddm|: 3.999664e-04     Tr[DP]  5.474018e-01
 iter: 133:2        |ddm|: 3.200622e-04     Tr[DP]  5.474014e-01
 iter: 134:1        |ddm|: 4.567500e-04     Tr[DP]  5.474018e-01
 iter: 134:2        |ddm|: 2.650897e-04     Tr[DP]  5.474015e-01
 iter: 135:1        |ddm|: 3.554955e-04     Tr[DP]  5.474019e-01
 iter: 135:2        |ddm|: 2.335810e-04     Tr[DP]  5.474016e-01
 iter: 136:1        |ddm|: 3.557575e-04     Tr[DP]  5.474020e-01
 iter: 136:2        |ddm|: 2.281573e-04     Tr[DP]  5.474017e-01
 iter: 137:1        |ddm|: 2.331363e-04     Tr[DP]  5.474020e-01
 iter: 137:2        |ddm|: 1.674831e-04     Tr[DP]  5.474017e-01
 iter: 138:1        |ddm|: 2.305971e-04     Tr[DP]  5.474020e-01
 iter: 138:2        |ddm|: 1.755144e-04     Tr[DP]  5.474017e-01
 iter: 139:1        |ddm|: 2.554696e-04     Tr[DP]  5.474020e-01
 iter: 139:2        |ddm|: 1.788471e-04     Tr[DP]  5.474017e-01
 iter: 140:1        |ddm|: 2.353095e-04     Tr[DP]  5.474019e-01
 iter: 140:2        |ddm|: 1.920420e-04     Tr[DP]  5.474016e-01
 iter: 141:1        |ddm|: 2.609417e-04     Tr[DP]  5.474019e-01
 iter: 141:2        |ddm|: 1.875165e-04     Tr[DP]  5.474016e-01
 iter: 142:1        |ddm|: 3.071666e-04     Tr[DP]  5.474020e-01
 iter: 142:2        |ddm|: 1.977795e-04     Tr[DP]  5.474017e-01
 iter: 143:1        |ddm|: 6.631042e-04     Tr[DP]  5.474022e-01
 iter: 143:2        |ddm|: 4.160924e-04     Tr[DP]  5.474020e-01
 iter: 144:1        |ddm|: 2.453347e-04     Tr[DP]  5.474022e-01
 iter: 144:2        |ddm|: 1.155146e-04     Tr[DP]  5.474020e-01
 iter: 145:1        |ddm|: 4.282554e-04     Tr[DP]  5.474020e-01
 iter: 145:2        |ddm|: 3.198810e-04     Tr[DP]  5.474017e-01
 iter: 146:1        |ddm|: 3.612313e-04     Tr[DP]  5.474018e-01
 iter: 146:2        |ddm|: 2.911661e-04     Tr[DP]  5.474015e-01
 iter: 147:1        |ddm|: 5.184227e-04     Tr[DP]  5.474020e-01
 iter: 147:2        |ddm|: 2.863740e-04     Tr[DP]  5.474018e-01
 iter: 148:1        |ddm|: 4.607823e-04     Tr[DP]  5.474022e-01
 iter: 148:2        |ddm|: 2.948328e-04     Tr[DP]  5.474020e-01
 iter: 149:1        |ddm|: 2.032060e-04     Tr[DP]  5.474021e-01
 iter: 149:2        |ddm|: 1.228928e-04     Tr[DP]  5.474019e-01
 iter: 150:1        |ddm|: 3.122247e-04     Tr[DP]  5.474023e-01
 iter: 150:2        |ddm|: 1.888724e-04     Tr[DP]  5.474021e-01
 iter: 151:1        |ddm|: 1.531101e-04     Tr[DP]  5.474022e-01
 iter: 151:2        |ddm|: 1.041741e-04     Tr[DP]  5.474021e-01
 iter: 152:1        |ddm|: 1.589801e-04     Tr[DP]  5.474022e-01
 iter: 152:2        |ddm|: 1.285024e-04     Tr[DP]  5.474020e-01
 iter: 153:1        |ddm|: 1.672042e-04     Tr[DP]  5.474022e-01
 iter: 153:2        |ddm|: 1.319071e-04     Tr[DP]  5.474020e-01
 iter: 154:1        |ddm|: 1.836278e-04     Tr[DP]  5.474022e-01
 iter: 154:2        |ddm|: 1.283008e-04     Tr[DP]  5.474020e-01
 iter: 155:1        |ddm|: 2.822644e-04     Tr[DP]  5.474020e-01
 iter: 155:2        |ddm|: 2.250915e-04     Tr[DP]  5.474018e-01
 iter: 156:1        |ddm|: 9.020581e-04     Tr[DP]  5.474025e-01
 iter: 156:2        |ddm|: 5.439190e-04     Tr[DP]  5.474024e-01
 iter: 157:1        |ddm|: 2.738512e-04     Tr[DP]  5.474024e-01
 iter: 157:2        |ddm|: 8.324545e-05     Tr[DP]  5.474023e-01
 iter: 158:1        |ddm|: 1.119806e-04     Tr[DP]  5.474024e-01
 iter: 158:2        |ddm|: 7.533390e-05     Tr[DP]  5.474023e-01
 iter: 159:1        |ddm|: 4.799431e-04     Tr[DP]  5.474021e-01
 iter: 159:2        |ddm|: 3.450299e-04     Tr[DP]  5.474019e-01
 iter: 160:1        |ddm|: 2.636697e-04     Tr[DP]  5.474021e-01
 iter: 160:2        |ddm|: 1.530119e-04     Tr[DP]  5.474019e-01
 iter: 161:1        |ddm|: 7.269970e-04     Tr[DP]  5.474025e-01
 iter: 161:2        |ddm|: 4.495525e-04     Tr[DP]  5.474024e-01
 iter: 162:1        |ddm|: 2.360356e-04     Tr[DP]  5.474025e-01
 iter: 162:2        |ddm|: 8.120036e-05     Tr[DP]  5.474023e-01
 iter: 163:1        |ddm|: 1.152089e-04     Tr[DP]  5.474025e-01
 iter: 163:2        |ddm|: 7.255988e-05     Tr[DP]  5.474023e-01
 iter: 164:1        |ddm|: 1.512127e-04     Tr[DP]  5.474024e-01
 iter: 164:2        |ddm|: 1.197002e-04     Tr[DP]  5.474022e-01
 iter: 165:1        |ddm|: 2.237664e-04     Tr[DP]  5.474025e-01
 iter: 165:2        |ddm|: 1.269857e-04     Tr[DP]  5.474024e-01
 iter: 166:1        |ddm|: 1.163334e-04     Tr[DP]  5.474024e-01
 iter: 166:2        |ddm|: 8.885057e-05     Tr[DP]  5.474023e-01
 iter: 167:1        |ddm|: 1.519022e-04     Tr[DP]  5.474025e-01
 iter: 167:2        |ddm|: 9.089216e-05     Tr[DP]  5.474024e-01
 iter: 168:1        |ddm|: 2.566946e-04     Tr[DP]  5.474023e-01
 iter: 168:2        |ddm|: 1.798907e-04     Tr[DP]  5.474022e-01
 iter: 169:1        |ddm|: 7.805025e-04     Tr[DP]  5.474028e-01
 iter: 169:2        |ddm|: 4.839134e-04     Tr[DP]  5.474027e-01
 iter: 170:1        |ddm|: 6.820801e-04     Tr[DP]  5.474023e-01
 iter: 170:2        |ddm|: 3.878234e-04     Tr[DP]  5.474022e-01
 iter: 171:1        |ddm|: 2.816223e-04     Tr[DP]  5.474025e-01
 iter: 171:2        |ddm|: 1.190465e-04     Tr[DP]  5.474023e-01
 iter: 172:1        |ddm|: 1.692637e-04     Tr[DP]  5.474025e-01
 iter: 172:2        |ddm|: 1.043180e-04     Tr[DP]  5.474024e-01
 iter: 173:1        |ddm|: 8.239495e-05     Tr[DP]  5.474025e-01
 iter: 173:2        |ddm|: 5.902101e-05     Tr[DP]  5.474024e-01
 iter: 174:1        |ddm|: 8.414937e-05     Tr[DP]  5.474025e-01
 iter: 174:2        |ddm|: 6.118169e-05     Tr[DP]  5.474024e-01
 iter: 175:1        |ddm|: 8.271495e-05     Tr[DP]  5.474025e-01
 iter: 175:2        |ddm|: 6.234925e-05     Tr[DP]  5.474024e-01
 iter: 176:1        |ddm|: 8.631089e-05     Tr[DP]  5.474025e-01
 iter: 176:2        |ddm|: 6.280903e-05     Tr[DP]  5.474024e-01
 iter: 177:1        |ddm|: 8.182193e-05     Tr[DP]  5.474025e-01
 iter: 177:2        |ddm|: 6.383203e-05     Tr[DP]  5.474024e-01
 iter: 178:1        |ddm|: 1.044670e-04     Tr[DP]  5.474026e-01
 iter: 178:2        |ddm|: 6.710140e-05     Tr[DP]  5.474025e-01
 iter: 179:1        |ddm|: 7.766743e-05     Tr[DP]  5.474025e-01
 iter: 179:2        |ddm|: 6.225191e-05     Tr[DP]  5.474024e-01
 iter: 180:1        |ddm|: 1.132487e-04     Tr[DP]  5.474026e-01
 iter: 180:2        |ddm|: 6.961600e-05     Tr[DP]  5.474025e-01
 iter: 181:1        |ddm|: 7.597569e-05     Tr[DP]  5.474026e-01
 iter: 181:2        |ddm|: 5.487728e-05     Tr[DP]  5.474025e-01
 iter: 182:1        |ddm|: 1.045424e-04     Tr[DP]  5.474026e-01
 iter: 182:2        |ddm|: 6.360496e-05     Tr[DP]  5.474025e-01
 iter: 183:1        |ddm|: 1.432071e-04     Tr[DP]  5.474027e-01
 iter: 183:2        |ddm|: 9.239670e-05     Tr[DP]  5.474027e-01
 iter: 184:1        |ddm|: 7.556772e-05     Tr[DP]  5.474027e-01
 iter: 184:2        |ddm|: 4.764063e-05     Tr[DP]  5.474026e-01
 iter: 185:1        |ddm|: 6.520568e-05     Tr[DP]  5.474027e-01
 iter: 185:2        |ddm|: 4.383689e-05     Tr[DP]  5.474026e-01
 iter: 186:1        |ddm|: 7.047198e-05     Tr[DP]  5.474027e-01
 iter: 186:2        |ddm|: 4.658781e-05     Tr[DP]  5.474026e-01
 iter: 187:1        |ddm|: 5.196701e-05     Tr[DP]  5.474027e-01
 iter: 187:2        |ddm|: 4.060207e-05     Tr[DP]  5.474026e-01
 iter: 188:1        |ddm|: 5.953218e-05     Tr[DP]  5.474027e-01
 iter: 188:2        |ddm|: 4.145900e-05     Tr[DP]  5.474026e-01
 iter: 189:1        |ddm|: 5.384744e-05     Tr[DP]  5.474027e-01
 iter: 189:2        |ddm|: 4.036803e-05     Tr[DP]  5.474026e-01
 iter: 190:1        |ddm|: 5.580214e-05     Tr[DP]  5.474027e-01
 iter: 190:2        |ddm|: 4.047673e-05     Tr[DP]  5.474026e-01
 iter: 191:1        |ddm|: 5.479863e-05     Tr[DP]  5.474027e-01
 iter: 191:2        |ddm|: 3.994053e-05     Tr[DP]  5.474026e-01
 iter: 192:1        |ddm|: 5.297776e-05     Tr[DP]  5.474027e-01
 iter: 192:2        |ddm|: 3.987157e-05     Tr[DP]  5.474026e-01
 iter: 193:1        |ddm|: 5.811050e-05     Tr[DP]  5.474027e-01
 iter: 193:2        |ddm|: 4.007054e-05     Tr[DP]  5.474026e-01
 iter: 194:1        |ddm|: 5.502227e-05     Tr[DP]  5.474027e-01
 iter: 194:2        |ddm|: 3.847869e-05     Tr[DP]  5.474027e-01
 iter: 195:1        |ddm|: 1.211357e-04     Tr[DP]  5.474026e-01
 iter: 195:2        |ddm|: 9.014274e-05     Tr[DP]  5.474025e-01
 iter: 196:1        |ddm|: 1.277934e-04     Tr[DP]  5.474027e-01
 iter: 196:2        |ddm|: 6.770636e-05     Tr[DP]  5.474026e-01
 iter: 197:1        |ddm|: 1.677850e-04     Tr[DP]  5.474028e-01
 iter: 197:2        |ddm|: 1.049191e-04     Tr[DP]  5.474028e-01
 iter: 198:1        |ddm|: 6.237231e-05     Tr[DP]  5.474028e-01
 iter: 198:2        |ddm|: 2.786182e-05     Tr[DP]  5.474027e-01
 iter: 199:1        |ddm|: 4.257941e-05     Tr[DP]  5.474028e-01
 iter: 199:2        |ddm|: 2.820488e-05     Tr[DP]  5.474027e-01
 iter: 200:1        |ddm|: 3.905220e-05     Tr[DP]  5.474028e-01
 iter: 200:2        |ddm|: 2.825072e-05     Tr[DP]  5.474027e-01
 iter: 201:1        |ddm|: 4.163415e-05     Tr[DP]  5.474028e-01
 iter: 201:2        |ddm|: 2.889272e-05     Tr[DP]  5.474027e-01
 iter: 202:1        |ddm|: 4.193415e-05     Tr[DP]  5.474028e-01
 iter: 202:2        |ddm|: 2.839772e-05     Tr[DP]  5.474028e-01
 iter: 203:1        |ddm|: 3.568499e-05     Tr[DP]  5.474028e-01
 iter: 203:2        |ddm|: 2.884923e-05     Tr[DP]  5.474027e-01
 iter: 204:1        |ddm|: 3.918831e-05     Tr[DP]  5.474028e-01
 iter: 204:2        |ddm|: 3.201912e-05     Tr[DP]  5.474027e-01
 iter: 205:1        |ddm|: 4.262163e-05     Tr[DP]  5.474028e-01
 iter: 205:2        |ddm|: 3.381206e-05     Tr[DP]  5.474027e-01
 iter: 206:1        |ddm|: 4.468840e-05     Tr[DP]  5.474028e-01
 iter: 206:2        |ddm|: 3.224564e-05     Tr[DP]  5.474027e-01
 iter: 207:1        |ddm|: 8.288189e-05     Tr[DP]  5.474028e-01
 iter: 207:2        |ddm|: 4.952918e-05     Tr[DP]  5.474028e-01
 iter: 208:1        |ddm|: 6.089009e-05     Tr[DP]  5.474029e-01
 iter: 208:2        |ddm|: 3.875677e-05     Tr[DP]  5.474028e-01
 iter: 209:1        |ddm|: 5.313973e-05     Tr[DP]  5.474029e-01
 iter: 209:2        |ddm|: 3.375999e-05     Tr[DP]  5.474029e-01
 iter: 210:1        |ddm|: 3.004956e-05     Tr[DP]  5.474029e-01
 iter: 210:2        |ddm|: 1.773371e-05     Tr[DP]  5.474028e-01
 iter: 211:1        |ddm|: 2.366602e-05     Tr[DP]  5.474029e-01
 iter: 211:2        |ddm|: 1.603235e-05     Tr[DP]  5.474028e-01
 iter: 212:1        |ddm|: 6.814695e-05     Tr[DP]  5.474028e-01
 iter: 212:2        |ddm|: 4.699806e-05     Tr[DP]  5.474028e-01
 iter: 213:1        |ddm|: 7.369336e-05     Tr[DP]  5.474029e-01
 iter: 213:2        |ddm|: 3.843672e-05     Tr[DP]  5.474028e-01
 iter: 214:1        |ddm|: 2.654191e-05     Tr[DP]  5.474029e-01
 iter: 214:2        |ddm|: 1.817068e-05     Tr[DP]  5.474028e-01
 iter: 215:1        |ddm|: 2.509861e-05     Tr[DP]  5.474029e-01
 iter: 215:2        |ddm|: 1.737998e-05     Tr[DP]  5.474028e-01
 iter: 216:1        |ddm|: 2.639265e-05     Tr[DP]  5.474029e-01
 iter: 216:2        |ddm|: 1.762333e-05     Tr[DP]  5.474029e-01
 iter: 217:1        |ddm|: 2.417843e-05     Tr[DP]  5.474029e-01
 iter: 217:2        |ddm|: 1.932519e-05     Tr[DP]  5.474028e-01
 iter: 218:1        |ddm|: 4.674499e-05     Tr[DP]  5.474029e-01
 iter: 218:2        |ddm|: 2.714431e-05     Tr[DP]  5.474029e-01
 iter: 219:1        |ddm|: 2.155090e-05     Tr[DP]  5.474029e-01
 iter: 219:2        |ddm|: 1.566934e-05     Tr[DP]  5.474029e-01
 iter: 220:1        |ddm|: 3.456674e-05     Tr[DP]  5.474029e-01
 iter: 220:2        |ddm|: 2.102250e-05     Tr[DP]  5.474029e-01
 iter: 221:1        |ddm|: 2.244358e-05     Tr[DP]  5.474029e-01
 iter: 221:2        |ddm|: 1.487196e-05     Tr[DP]  5.474029e-01
 iter: 222:1        |ddm|: 1.685479e-05     Tr[DP]  5.474029e-01
 iter: 222:2        |ddm|: 1.242953e-05     Tr[DP]  5.474029e-01
 iter: 223:1        |ddm|: 1.721908e-05     Tr[DP]  5.474029e-01
 iter: 223:2        |ddm|: 1.329266e-05     Tr[DP]  5.474029e-01
 iter: 224:1        |ddm|: 1.877996e-05     Tr[DP]  5.474029e-01
 iter: 224:2        |ddm|: 1.342409e-05     Tr[DP]  5.474029e-01
 iter: 225:1        |ddm|: 1.780050e-05     Tr[DP]  5.474029e-01
 iter: 225:2        |ddm|: 1.338292e-05     Tr[DP]  5.474029e-01
 iter: 226:1        |ddm|: 1.781630e-05     Tr[DP]  5.474029e-01
 iter: 226:2        |ddm|: 1.361718e-05     Tr[DP]  5.474029e-01
 iter: 227:1        |ddm|: 2.056360e-05     Tr[DP]  5.474029e-01
 iter: 227:2        |ddm|: 1.394180e-05     Tr[DP]  5.474029e-01
 iter: 228:1        |ddm|: 1.761920e-05     Tr[DP]  5.474029e-01
 iter: 228:2        |ddm|: 1.278502e-05     Tr[DP]  5.474029e-01
 iter: 229:1        |ddm|: 1.742556e-05     Tr[DP]  5.474029e-01
 iter: 229:2        |ddm|: 1.247664e-05     Tr[DP]  5.474029e-01
 iter: 230:1        |ddm|: 1.764574e-05     Tr[DP]  5.474029e-01
 iter: 230:2        |ddm|: 1.236743e-05     Tr[DP]  5.474029e-01
 iter: 231:1        |ddm|: 1.602692e-05     Tr[DP]  5.474029e-01
 iter: 231:2        |ddm|: 1.198268e-05     Tr[DP]  5.474029e-01
 iter: 232:1        |ddm|: 3.647371e-05     Tr[DP]  5.474029e-01
 iter: 232:2        |ddm|: 2.858829e-05     Tr[DP]  5.474029e-01
 iter: 233:1        |ddm|: 4.619765e-05     Tr[DP]  5.474029e-01
 iter: 233:2        |ddm|: 2.501081e-05     Tr[DP]  5.474029e-01
 iter: 234:1        |ddm|: 1.662443e-05     Tr[DP]  5.474029e-01
 iter: 234:2        |ddm|: 1.194239e-05     Tr[DP]  5.474029e-01
 iter: 235:1        |ddm|: 2.489079e-05     Tr[DP]  5.474029e-01
 iter: 235:2        |ddm|: 1.556580e-05     Tr[DP]  5.474029e-01
 iter: 236:1        |ddm|: 2.836234e-05     Tr[DP]  5.474029e-01
 iter: 236:2        |ddm|: 1.816122e-05     Tr[DP]  5.474029e-01
 iter: 237:1        |ddm|: 1.924662e-05     Tr[DP]  5.474030e-01
 iter: 237:2        |ddm|: 1.222978e-05     Tr[DP]  5.474029e-01
 iter: 238:1        |ddm|: 1.356620e-05     Tr[DP]  5.474030e-01
 iter: 238:2        |ddm|: 8.280375e-06     Tr[DP]  5.474030e-01
 iter: 239:1        |ddm|: 1.001217e-05     Tr[DP]  5.474030e-01
 iter: 239:2        |ddm|: 7.214189e-06     Tr[DP]  5.474029e-01
 iter: 240:1        |ddm|: 1.043918e-05     Tr[DP]  5.474030e-01
 iter: 240:2        |ddm|: 7.556216e-06     Tr[DP]  5.474029e-01
 iter: 241:1        |ddm|: 1.016240e-05     Tr[DP]  5.474030e-01
 iter: 241:2        |ddm|: 7.738397e-06     Tr[DP]  5.474029e-01
 iter: 242:1        |ddm|: 1.047195e-05     Tr[DP]  5.474030e-01
 iter: 242:2        |ddm|: 7.827578e-06     Tr[DP]  5.474029e-01
 iter: 243:1        |ddm|: 1.120941e-05     Tr[DP]  5.474030e-01
 iter: 243:2        |ddm|: 7.861665e-06     Tr[DP]  5.474029e-01
 iter: 244:1        |ddm|: 1.040599e-05     Tr[DP]  5.474030e-01
 iter: 244:2        |ddm|: 7.519210e-06     Tr[DP]  5.474029e-01
 iter: 245:1        |ddm|: 1.000333e-05     Tr[DP]  5.474030e-01
 iter: 245:2        |ddm|: 7.364831e-06     Tr[DP]  5.474029e-01
 iter: 246:1        |ddm|: 1.008955e-05     Tr[DP]  5.474030e-01
 iter: 246:2        |ddm|: 7.345535e-06     Tr[DP]  5.474030e-01
 iter: 247:1        |ddm|: 9.867256e-06     Tr[DP]  5.474030e-01
 iter: 247:2        |ddm|: 7.296181e-06     Tr[DP]  5.474030e-01
 iter: 248:1        |ddm|: 9.702197e-06     Tr[DP]  5.474030e-01
 iter: 248:2        |ddm|: 7.414804e-06     Tr[DP]  5.474029e-01
 iter: 249:1        |ddm|: 1.030203e-05     Tr[DP]  5.474030e-01
 iter: 249:2        |ddm|: 7.420973e-06     Tr[DP]  5.474030e-01
 iter: 250:1        |ddm|: 1.014234e-05     Tr[DP]  5.474030e-01
 iter: 250:2        |ddm|: 7.272958e-06     Tr[DP]  5.474030e-01
 iter: 251:1        |ddm|: 9.637075e-06     Tr[DP]  5.474030e-01
 iter: 251:2        |ddm|: 7.118858e-06     Tr[DP]  5.474030e-01
 iter: 252:1        |ddm|: 9.983574e-06     Tr[DP]  5.474030e-01
 iter: 252:2        |ddm|: 7.076112e-06     Tr[DP]  5.474029e-01
 iter: 253:1        |ddm|: 9.555585e-06     Tr[DP]  5.474030e-01
 iter: 253:2        |ddm|: 6.903740e-06     Tr[DP]  5.474030e-01
 iter: 254:1        |ddm|: 9.312054e-06     Tr[DP]  5.474030e-01
 iter: 254:2        |ddm|: 7.565058e-06     Tr[DP]  5.474029e-01
 iter: 255:1        |ddm|: 1.070225e-05     Tr[DP]  5.474030e-01
 iter: 255:2        |ddm|: 7.343230e-06     Tr[DP]  5.474029e-01
 iter: 256:1        |ddm|: 9.239165e-06     Tr[DP]  5.474030e-01
 iter: 256:2        |ddm|: 7.327835e-06     Tr[DP]  5.474030e-01
 iter: 257:1        |ddm|: 1.020913e-05     Tr[DP]  5.474030e-01
 iter: 257:2        |ddm|: 8.229762e-06     Tr[DP]  5.474029e-01
 iter: 258:1        |ddm|: 2.854481e-05     Tr[DP]  5.474030e-01
 iter: 258:2        |ddm|: 1.718713e-05     Tr[DP]  5.474030e-01
 iter: 259:1        |ddm|: 9.255076e-06     Tr[DP]  5.474030e-01
 iter: 259:2        |ddm|: 4.982483e-06     Tr[DP]  5.474030e-01
 iter: 260:1        |ddm|: 1.605393e-05     Tr[DP]  5.474030e-01
 iter: 260:2        |ddm|: 9.749508e-06     Tr[DP]  5.474030e-01
 iter: 261:1        |ddm|: 2.063369e-05     Tr[DP]  5.474030e-01
 iter: 261:2        |ddm|: 1.373309e-05     Tr[DP]  5.474030e-01
 iter: 262:1        |ddm|: 8.116698e-06     Tr[DP]  5.474030e-01
 iter: 262:2        |ddm|: 2.759120e-06     Tr[DP]  5.474030e-01
 iter: 263:1        |ddm|: 4.229809e-06     Tr[DP]  5.474030e-01
 iter: 263:2        |ddm|: 2.613250e-06     Tr[DP]  5.474030e-01
 iter: 264:1        |ddm|: 3.915858e-06     Tr[DP]  5.474030e-01
 iter: 264:2        |ddm|: 2.938852e-06     Tr[DP]  5.474030e-01
 iter: 265:1        |ddm|: 4.314905e-06     Tr[DP]  5.474030e-01
 iter: 265:2        |ddm|: 3.003548e-06     Tr[DP]  5.474030e-01
 iter: 266:1        |ddm|: 3.947586e-06     Tr[DP]  5.474030e-01
 iter: 266:2        |ddm|: 2.948570e-06     Tr[DP]  5.474030e-01
 iter: 267:1        |ddm|: 4.263515e-06     Tr[DP]  5.474030e-01
 iter: 267:2        |ddm|: 2.965114e-06     Tr[DP]  5.474030e-01
 iter: 268:1        |ddm|: 4.116779e-06     Tr[DP]  5.474030e-01
 iter: 268:2        |ddm|: 2.893191e-06     Tr[DP]  5.474030e-01
 iter: 269:1        |ddm|: 4.803268e-06     Tr[DP]  5.474030e-01
 iter: 269:2        |ddm|: 3.131373e-06     Tr[DP]  5.474030e-01
 iter: 270:1        |ddm|: 3.327275e-06     Tr[DP]  5.474030e-01
 iter: 270:2        |ddm|: 2.563030e-06     Tr[DP]  5.474030e-01
 iter: 271:1        |ddm|: 3.759191e-06     Tr[DP]  5.474030e-01
 iter: 271:2        |ddm|: 2.632331e-06     Tr[DP]  5.474030e-01
 iter: 272:1        |ddm|: 3.525369e-06     Tr[DP]  5.474030e-01
 iter: 272:2        |ddm|: 2.577671e-06     Tr[DP]  5.474030e-01
 iter: 273:1        |ddm|: 3.416931e-06     Tr[DP]  5.474030e-01
 iter: 273:2        |ddm|: 2.733701e-06     Tr[DP]  5.474030e-01
 iter: 274:1        |ddm|: 4.163039e-06     Tr[DP]  5.474030e-01
 iter: 274:2        |ddm|: 2.764260e-06     Tr[DP]  5.474030e-01
 iter: 275:1        |ddm|: 3.779513e-06     Tr[DP]  5.474030e-01
 iter: 275:2        |ddm|: 2.598709e-06     Tr[DP]  5.474030e-01
 iter: 276:1        |ddm|: 3.230135e-06     Tr[DP]  5.474030e-01
 iter: 276:2        |ddm|: 2.384858e-06     Tr[DP]  5.474030e-01
 iter: 277:1        |ddm|: 3.220229e-06     Tr[DP]  5.474030e-01
 iter: 277:2        |ddm|: 2.415496e-06     Tr[DP]  5.474030e-01
 iter: 278:1        |ddm|: 4.229098e-06     Tr[DP]  5.474030e-01
 iter: 278:2        |ddm|: 2.660059e-06     Tr[DP]  5.474030e-01
 iter: 279:1        |ddm|: 2.942067e-06     Tr[DP]  5.474030e-01
 iter: 279:2        |ddm|: 2.182927e-06     Tr[DP]  5.474030e-01
 iter: 280:1        |ddm|: 3.306137e-06     Tr[DP]  5.474030e-01
 iter: 280:2        |ddm|: 2.251222e-06     Tr[DP]  5.474030e-01
 iter: 281:1        |ddm|: 3.745844e-06     Tr[DP]  5.474030e-01
 iter: 281:2        |ddm|: 2.407834e-06     Tr[DP]  5.474030e-01
 iter: 282:1        |ddm|: 6.361802e-06     Tr[DP]  5.474030e-01
 iter: 282:2        |ddm|: 4.065938e-06     Tr[DP]  5.474030e-01
 iter: 283:1        |ddm|: 2.524361e-06     Tr[DP]  5.474030e-01
 iter: 283:2        |ddm|: 1.375357e-06     Tr[DP]  5.474030e-01
 iter: 284:1        |ddm|: 2.232815e-06     Tr[DP]  5.474030e-01
 iter: 284:2        |ddm|: 1.732251e-06     Tr[DP]  5.474030e-01
 iter: 285:1        |ddm|: 3.487008e-06     Tr[DP]  5.474030e-01
 iter: 285:2        |ddm|: 2.044507e-06     Tr[DP]  5.474030e-01
 iter: 286:1        |ddm|: 2.004441e-06     Tr[DP]  5.474030e-01
 iter: 286:2        |ddm|: 1.549398e-06     Tr[DP]  5.474030e-01
 iter: 287:1        |ddm|: 2.232615e-06     Tr[DP]  5.474030e-01
 iter: 287:2        |ddm|: 1.556819e-06     Tr[DP]  5.474030e-01
 iter: 288:1        |ddm|: 2.346202e-06     Tr[DP]  5.474030e-01
 iter: 288:2        |ddm|: 1.538611e-06     Tr[DP]  5.474030e-01
 iter: 289:1        |ddm|: 1.939954e-06     Tr[DP]  5.474030e-01
 iter: 289:2        |ddm|: 1.423542e-06     Tr[DP]  5.474030e-01
 iter: 290:1        |ddm|: 2.569935e-06     Tr[DP]  5.474030e-01
 iter: 290:2        |ddm|: 1.610690e-06     Tr[DP]  5.474030e-01
 iter: 291:1        |ddm|: 1.843974e-06     Tr[DP]  5.474030e-01
 iter: 291:2        |ddm|: 1.287344e-06     Tr[DP]  5.474030e-01
 iter: 292:1        |ddm|: 1.781486e-06     Tr[DP]  5.474030e-01
 iter: 292:2        |ddm|: 1.246263e-06     Tr[DP]  5.474030e-01
 iter: 293:1        |ddm|: 1.660436e-06     Tr[DP]  5.474030e-01
 iter: 293:2        |ddm|: 1.200978e-06     Tr[DP]  5.474030e-01
 iter: 294:1        |ddm|: 1.692373e-06     Tr[DP]  5.474030e-01
 iter: 294:2        |ddm|: 1.202461e-06     Tr[DP]  5.474030e-01
 iter: 295:1        |ddm|: 1.570417e-06     Tr[DP]  5.474030e-01
 iter: 295:2        |ddm|: 1.191600e-06     Tr[DP]  5.474030e-01
 iter: 296:1        |ddm|: 1.603879e-06     Tr[DP]  5.474030e-01
 iter: 296:2        |ddm|: 1.276525e-06     Tr[DP]  5.474030e-01
 iter: 297:1        |ddm|: 1.941464e-06     Tr[DP]  5.474030e-01
 iter: 297:2        |ddm|: 1.283789e-06     Tr[DP]  5.474030e-01
 iter: 298:1        |ddm|: 1.588594e-06     Tr[DP]  5.474030e-01
 iter: 298:2        |ddm|: 1.176762e-06     Tr[DP]  5.474030e-01
 iter: 299:1        |ddm|: 1.609688e-06     Tr[DP]  5.474030e-01
 iter: 299:2        |ddm|: 1.171851e-06     Tr[DP]  5.474030e-01
 iter: 300:1        |ddm|: 1.750611e-06     Tr[DP]  5.474030e-01
 iter: 300:2        |ddm|: 1.180753e-06     Tr[DP]  5.474030e-01
                         Freeze-and-Thaw NOT converged!                         

=================== Subsystem 1 at higher mean-field method ====================
  subiter:   1      |ddm|: 7.473755e-01
  subiter:   2      |ddm|: 1.497402e-01
  subiter:   3      |ddm|: 3.070379e-02
  subiter:   4      |ddm|: 2.136214e-02
  subiter:   5      |ddm|: 4.138694e-03
  subiter:   6      |ddm|: 2.423889e-03
  subiter:   7      |ddm|: 9.567327e-04
  subiter:   8      |ddm|: 3.215915e-04
  subiter:   9      |ddm|: 1.117824e-04
  subiter:  10      |ddm|: 1.027255e-04
  subiter:  11      |ddm|: 6.876652e-05
  subiter:  12      |ddm|: 3.787058e-05
  subiter:  13      |ddm|: 3.922391e-05
  subiter:  14      |ddm|: 5.120314e-06
  subiter:  15      |ddm|: 5.216936e-06
  subiter:  16      |ddm|: 1.048640e-06
  subiter:  17      |ddm|: 4.231278e-07
  subiter:  18      |ddm|: 1.477480e-07
  subiter:  19      |ddm|: 5.187106e-08
  subiter:  20      |ddm|: 2.405993e-08
  subiter:  21      |ddm|: 1.299016e-08
  subiter:  22      |ddm|: 7.834435e-09


******** <class 'pyscf.scf.hf.RHF'> flags ********
method = RHF
initial guess = minao
damping factor = 0
level shift factor = 0
DIIS = <class 'pyscf.scf.diis.CDIIS'>
DIIS start cycle = 1
DIIS space = 8
SCF tol = 1e-09
SCF gradient tol = None
max. SCF cycles = 100
direct_scf = True
direct_scf_tol = 1e-13
chkfile to save SCF result = /panfs/roc/scratch/graha682/D105/201712_ccpVDZ_NEVPT2_m06_105_10c12h24/tmpdl8Gev
max_memory 4000 MB (current use 3084 MB)
Set gradient conv threshold to 3.16228e-05
init E= -388.185721408688
  HOMO = -0.250839242030562  LUMO = 0.0955418355548349
cycle= 1 E= -388.185721408684  delta_E= 3.98e-12  |g|= 4.32e-09  |ddm|= 2.07e-08
  HOMO = -0.25083924209816  LUMO = 0.0955418354355546
Extra cycle  E= -388.185721408682  delta_E= 1.48e-12  |g|= 2.59e-09  |ddm|= 1.12e-08
converged SCF energy = -388.185721408682


******** <class 'pyscf.dft.rks.RKS'> flags ********
method = RKS
initial guess = atom
damping factor = 0
level shift factor = 0.0
DIIS = <class 'pyscf.scf.diis.CDIIS'>
DIIS start cycle = 1
DIIS space = 8
SCF tol = 1e-08
SCF gradient tol = 1e-08
max. SCF cycles = 1
direct_scf = True
direct_scf_tol = 1e-13
chkfile to save SCF result = /panfs/roc/scratch/graha682/D105/201712_ccpVDZ_NEVPT2_m06_105_10c12h24/tmpDyzg5F
max_memory 4000 MB (current use 3086 MB)
XC functionals = m06
small_rho_cutoff = 1e-20
radial grids: Treutler-Ahlrichs (JCP 102, 346 (M4)) radial grids
becke partition: Becke, JCP, 88, 2547 (1988)
pruning grids: <function nwchem_prune at 0x15ae5f0>
grids dens level: 4
symmetrized grids: False
atomic radii adjust function: <function treutler_atomic_radii_adjust at 0x15ae488>
init E= -390.767740568514
  HOMO = -0.172806500094984  LUMO = -0.0490711824617763
cycle= 1 E= -390.767740568513  delta_E= 5.68e-13  |g|= 1.57e-06  |ddm|= 1.52e-06
  HOMO = -0.172806503004482  LUMO = -0.0490711785823647
Extra cycle  E= -390.767740568513  delta_E=    0  |g|= 2.77e-06  |ddm|= 3.25e-06
SCF not converged.
SCF energy = -390.767740568513 after 1 cycles
 iter: 301:1        |ddm|: 8.706964e-01     Tr[DP]  6.435316e-01

******** <class 'pyscf.mcscf.mc1step.CASSCF'> flags ********
CAS (1e+1e, 2o), ncore = 38, nvir = 190
max_cycle_macro = 50
max_cycle_micro = 4
conv_tol = 1e-07
conv_tol_grad = None
orbital rotation max_stepsize = 0.02
augmented hessian ah_max_cycle = 30
augmented hessian ah_conv_tol = 1e-12
augmented hessian ah_linear dependence = 1e-14
augmented hessian ah_level shift = 0
augmented hessian ah_start_tol = 2.5
augmented hessian ah_start_cycle = 3
augmented hessian ah_grad_trust_region = 3
kf_trust_region = 3
kf_interval = 4
ci_response_space = 4
ci_grad_trust_region = 3
with_dep4 0
natorb = False
canonicalization = True
sorting_mo_energy = False
chkfile = /panfs/roc/scratch/graha682/D105/201712_ccpVDZ_NEVPT2_m06_105_10c12h24/tmpdl8Gev
max_memory 4000 MB (current use 3105 MB)
internal_rotation = False
******** <class 'pyscf.fci.direct_spin1.FCISolver'> flags ********
max. cycles = 50
conv_tol = 1e-08
davidson only = False
linear dependence = 1e-10
level shift = 0.001
max iter space = 12
max_memory 4000 MB
nroots = 1
pspace_size = 400
spin = None
CASCI E = -388.206836886614  S^2 = 0.0000000
Set conv_tol_grad to 0.000316228
macro iter 1 (17 JK  4 micro), CASSCF E = -388.231073658166  dE = -0.024236772  S^2 = 0.0000000
               |grad[o]|=0.0607  |grad[c]|= 0.0395237930836  |ddm|=0.00268
macro iter 2 (13 JK  4 micro), CASSCF E = -388.232158971208  dE = -0.001085313  S^2 = 0.0000000
               |grad[o]|=0.017  |grad[c]|= 0.00216286614685  |ddm|=0.0753
macro iter 3 (11 JK  4 micro), CASSCF E = -388.232166650803  dE = -7.6795941e-06  S^2 = 0.0000000
               |grad[o]|=0.00139  |grad[c]|= 8.58275910076e-05  |ddm|=0.00734
macro iter 4 (3 JK  1 micro), CASSCF E = -388.232166654277  dE = -3.4741561e-09  S^2 = 0.0000000
               |grad[o]|=3.84e-05  |grad[c]|= 1.52990532847e-05  |ddm|=0.000114
1-step CASSCF converged in 4 macro (44 JK 13 micro) steps
CASSCF canonicalization
CASSCF energy = -388.232166654277
Hartree-Fock Energy:  -388.18572140868247
CAS Correlation:       -0.04644524559427
CAS Energy:          -388.23216665427674
Sr    (-1)',   E = -0.00000000109023
Si    (+1)',   E = -0.00000000011004
Sijrs (0)  ,   E = -1.32896568616133
Sijr  (+1) ,   E = -0.02561742703523
Srsi  (-1) ,   E = -0.07184194512359
Srs   (-2) ,   E = -0.00253131436703
Sij   (+2) ,   E = -0.00057239158917
Sir   (0)' ,   E = -0.02686514207045
Nevpt2 Energy = -1.456393907547075
NEVPT2 =   -1.456393907547075
Total NEVPT2 = -389.688560561823806

============================== Supermolecular DFT ==============================
  subiter:   1      |ddm|: 3.320334e+00
  subiter:   2      |ddm|: 2.916724e-01
  subiter:   3      |ddm|: 1.675636e-01
  subiter:   4      |ddm|: 1.860582e-02
  subiter:   5      |ddm|: 5.418508e-03
  subiter:   6      |ddm|: 2.374131e-03
  subiter:   7      |ddm|: 1.020253e-03
  subiter:   8      |ddm|: 2.846579e-04
  subiter:   9      |ddm|: 8.931779e-05
  subiter:  10      |ddm|: 2.636976e-05
  subiter:  11      |ddm|: 7.083688e-06
  subiter:  12      |ddm|: 5.317910e-06
  subiter:  13      |ddm|: 1.526970e-06
  subiter:  14      |ddm|: 9.135849e-07
  subiter:  15      |ddm|: 2.287048e-07
  subiter:  16      |ddm|: 6.341161e-08
  subiter:  17      |ddm|: 1.311288e-08
  subiter:  18      |ddm|: 4.865494e-09


******** <class 'pyscf.dft.rks.RKS'> flags ********
method = RKS
initial guess = atom
damping factor = 0
level shift factor = 0.0
DIIS = <class 'pyscf.scf.diis.CDIIS'>
DIIS start cycle = 1
DIIS space = 8
SCF tol = 1e-08
SCF gradient tol = 1e-08
max. SCF cycles = 100
direct_scf = True
direct_scf_tol = 1e-13
chkfile to save SCF result = /panfs/roc/scratch/graha682/D105/201712_ccpVDZ_NEVPT2_m06_105_10c12h24/tmp4uNcEv
max_memory 4000 MB (current use 3123 MB)
XC functionals = m06
small_rho_cutoff = 1e-20
radial grids: Treutler-Ahlrichs (JCP 102, 346 (M4)) radial grids
becke partition: Becke, JCP, 88, 2547 (1988)
pruning grids: <function nwchem_prune at 0x15ae5f0>
grids dens level: 4
symmetrized grids: False
atomic radii adjust function: <function treutler_atomic_radii_adjust at 0x15ae488>
init E= -471.217886509067
  HOMO = -0.17518540344044  LUMO = -0.0517936026630054
cycle= 1 E= -471.217886509071  delta_E= -4.55e-12  |g|= 7.33e-09  |ddm|= 1.24e-08
  HOMO = -0.175185403176648  LUMO = -0.0517936023979947
Extra cycle  E= -471.217886509072  delta_E= -9.09e-13  |g|= 1.64e-08  |ddm|= 2.58e-08
converged SCF energy = -471.217886509072
Supermolecular DFT   -471.21788650906660

============================== Embedding Energies ==============================
Subsystem DFT              -390.76774056851303
Interaction                 -80.15917699520952
DFT-in-DFT                 -470.92691756372255
Supermolecular DFT         -471.21788650906660
Difference                   -0.29096894534405
Corrected DFT-in-DFT       -471.21788650906660
WF-in-DFT                  -469.84773755703333
Corrected WF-in-DFT        -470.13870650237737
================================================================================
TIMING STATISTICS:
     overlap integrals      0.03s   ( 0.00%)
    initial subsystems      0.14s   ( 0.00%)
           2e matrices   8592.44s   (89.10%)
      tot. embed. of 1   8726.74s   (90.50%)
      tot. embed. of 2      0.48s   ( 0.01%)
       freeze and thaw   8727.27s   (90.50%)
                   cas    199.82s   ( 2.07%)
                nevpt2     34.84s   ( 0.36%)
  interaction energies    679.51s   ( 7.05%)
                 TOTAL   9643.21s
================================================================================

********************************************************************************
*                              END OF CALCULATION                              *
********************************************************************************
