********************************************************************************
*                         FREEZE-AND-THAW CALCULATION                          *
********************************************************************************

================================== Input File ==================================

subsystem
C                  2.52240600    0.40027400   -0.00000100
F                  2.85495800   -0.88856100   -0.00000500
H                  3.38329200    1.05523100   -0.00000300
C                  1.25781100    0.80136400    0.00000300
H                  1.09544700    1.87307300    0.00000500
charge +1
end

subsystem
C                  0.11035500   -0.06361800    0.00000500
H                  0.29259000   -1.13452100    0.00000800
C                 -1.15352400    0.37959500    0.00000300
H                 -1.33880700    1.45242500    0.00000000
C                 -2.30876300   -0.47852400    0.00000500
H                 -2.11382600   -1.54817700    0.00001800
C                 -3.56494500   -0.03988000   -0.00000700
H                 -3.78653500    1.02139900   -0.00002000
H                 -4.40682400   -0.71764400   -0.00000500
charge -1
end

embed
 huzinaga
 cycles 300
 conv 1e-6
 method m06
end

basis cc-pVDZ
method ccsd(t)
grid 4
conv 1e-8
grad 1e-8
maxiter 100
================================== End Input ===================================
tot grids = 311136

                      Getting subsystem overlap integrals                       

                          Initial subsystem densities                           
Guessing initial subsystem densities
Initial guess from superpostion of atomic densties.
Guessing initial subsystem densities
Initial guess from superpostion of atomic densties.

=========================== Starting Freeze-and-Thaw ===========================
 iter:   1:1        |ddm|: 2.889858e+00     Tr[DP]  3.499667e-01
 iter:   1:2        |ddm|: 4.709355e+00     Tr[DP]  2.729589e-01
 iter:   2:1        |ddm|: 1.116491e+00     Tr[DP]  1.720828e-01
 iter:   2:2        |ddm|: 4.389040e+00     Tr[DP]  3.749047e-01
 iter:   3:1        |ddm|: 5.563372e-01     Tr[DP]  2.649231e-01
 iter:   3:2        |ddm|: 3.400497e+00     Tr[DP]  2.810210e-01
 iter:   4:1        |ddm|: 2.045491e-01     Tr[DP]  2.407416e-01
 iter:   4:2        |ddm|: 5.735025e-01     Tr[DP]  2.758575e-01
 iter:   5:1        |ddm|: 5.809413e-02     Tr[DP]  2.486203e-01
 iter:   5:2        |ddm|: 3.388501e-01     Tr[DP]  2.720229e-01
 iter:   6:1        |ddm|: 5.131737e-02     Tr[DP]  2.525394e-01
 iter:   6:2        |ddm|: 2.842267e-01     Tr[DP]  2.687954e-01
 iter:   7:1        |ddm|: 3.499751e-02     Tr[DP]  2.539031e-01
 iter:   7:2        |ddm|: 1.963082e-01     Tr[DP]  2.647862e-01
 iter:   8:1        |ddm|: 1.966174e-02     Tr[DP]  2.559154e-01
 iter:   8:2        |ddm|: 1.150654e-01     Tr[DP]  2.626281e-01
 iter:   9:1        |ddm|: 1.262014e-02     Tr[DP]  2.568074e-01
 iter:   9:2        |ddm|: 8.315368e-02     Tr[DP]  2.611756e-01
 iter:  10:1        |ddm|: 8.043374e-03     Tr[DP]  2.576179e-01
 iter:  10:2        |ddm|: 4.462365e-02     Tr[DP]  2.603097e-01
 iter:  11:1        |ddm|: 5.318767e-03     Tr[DP]  2.579619e-01
 iter:  11:2        |ddm|: 3.452390e-02     Tr[DP]  2.597251e-01
 iter:  12:1        |ddm|: 3.348109e-03     Tr[DP]  2.582177e-01
 iter:  12:2        |ddm|: 2.203136e-02     Tr[DP]  2.593296e-01
 iter:  13:1        |ddm|: 2.191575e-03     Tr[DP]  2.584174e-01
 iter:  13:2        |ddm|: 1.240413e-02     Tr[DP]  2.590987e-01
 iter:  14:1        |ddm|: 1.359947e-03     Tr[DP]  2.585299e-01
 iter:  14:2        |ddm|: 7.944146e-03     Tr[DP]  2.589481e-01
 iter:  15:1        |ddm|: 1.100841e-03     Tr[DP]  2.585266e-01
 iter:  15:2        |ddm|: 8.069257e-03     Tr[DP]  2.588332e-01
 iter:  16:1        |ddm|: 7.194532e-04     Tr[DP]  2.586244e-01
 iter:  16:2        |ddm|: 2.284144e-03     Tr[DP]  2.587865e-01
 iter:  17:1        |ddm|: 3.691867e-04     Tr[DP]  2.586550e-01
 iter:  17:2        |ddm|: 1.683253e-03     Tr[DP]  2.587517e-01
 iter:  18:1        |ddm|: 2.056747e-04     Tr[DP]  2.586707e-01
 iter:  18:2        |ddm|: 1.063763e-03     Tr[DP]  2.587302e-01
 iter:  19:1        |ddm|: 1.211832e-04     Tr[DP]  2.586766e-01
 iter:  19:2        |ddm|: 8.301120e-04     Tr[DP]  2.587157e-01
 iter:  20:1        |ddm|: 8.601267e-05     Tr[DP]  2.586789e-01
 iter:  20:2        |ddm|: 6.434511e-04     Tr[DP]  2.587058e-01
 iter:  21:1        |ddm|: 5.538861e-05     Tr[DP]  2.586848e-01
 iter:  21:2        |ddm|: 2.775088e-04     Tr[DP]  2.587006e-01
 iter:  22:1        |ddm|: 3.299905e-05     Tr[DP]  2.586872e-01
 iter:  22:2        |ddm|: 1.978285e-04     Tr[DP]  2.586971e-01
 iter:  23:1        |ddm|: 2.069969e-05     Tr[DP]  2.586883e-01
 iter:  23:2        |ddm|: 1.398764e-04     Tr[DP]  2.586948e-01
 iter:  24:1        |ddm|: 1.441960e-05     Tr[DP]  2.586889e-01
 iter:  24:2        |ddm|: 1.021066e-04     Tr[DP]  2.586932e-01
 iter:  25:1        |ddm|: 9.319642e-06     Tr[DP]  2.586899e-01
 iter:  25:2        |ddm|: 4.339630e-05     Tr[DP]  2.586924e-01
 iter:  26:1        |ddm|: 5.328693e-06     Tr[DP]  2.586903e-01
 iter:  26:2        |ddm|: 3.170843e-05     Tr[DP]  2.586919e-01
 iter:  27:1        |ddm|: 3.319308e-06     Tr[DP]  2.586906e-01
 iter:  27:2        |ddm|: 1.620810e-05     Tr[DP]  2.586915e-01
 iter:  28:1        |ddm|: 2.732633e-06     Tr[DP]  2.586905e-01
 iter:  28:2        |ddm|: 2.032342e-05     Tr[DP]  2.586913e-01
 iter:  29:1        |ddm|: 1.669325e-06     Tr[DP]  2.586907e-01
 iter:  29:2        |ddm|: 6.199714e-06     Tr[DP]  2.586911e-01
 iter:  30:1        |ddm|: 8.862013e-07     Tr[DP]  2.586908e-01
 iter:  30:2        |ddm|: 4.088540e-06     Tr[DP]  2.586911e-01
 iter:  31:1        |ddm|: 4.846392e-07     Tr[DP]  2.586909e-01
 iter:  31:2        |ddm|: 2.801637e-06     Tr[DP]  2.586910e-01
 iter:  32:1        |ddm|: 3.132056e-07     Tr[DP]  2.586909e-01
 iter:  32:2        |ddm|: 2.313540e-06     Tr[DP]  2.586910e-01
 iter:  33:1        |ddm|: 2.054875e-07     Tr[DP]  2.586909e-01
 iter:  33:2        |ddm|: 1.167730e-06     Tr[DP]  2.586909e-01
 iter:  34:1        |ddm|: 1.295024e-07     Tr[DP]  2.586909e-01
 iter:  34:2        |ddm|: 6.331029e-07     Tr[DP]  2.586909e-01
                           Freeze-and-Thaw converged!                           

=================== Subsystem 1 at higher mean-field method ====================
  subiter:   1      |ddm|: 3.521779e-01
  subiter:   2      |ddm|: 6.457768e-02
  subiter:   3      |ddm|: 1.598365e-02
  subiter:   4      |ddm|: 6.089594e-03
  subiter:   5      |ddm|: 3.947660e-03
  subiter:   6      |ddm|: 1.253265e-03
  subiter:   7      |ddm|: 3.687241e-04
  subiter:   8      |ddm|: 7.203168e-05
  subiter:   9      |ddm|: 3.123495e-05
  subiter:  10      |ddm|: 1.772847e-05
  subiter:  11      |ddm|: 2.934011e-06
  subiter:  12      |ddm|: 8.338164e-07
  subiter:  13      |ddm|: 1.069698e-07
  subiter:  14      |ddm|: 2.806383e-08
  subiter:  15      |ddm|: 2.036134e-08
  subiter:  16      |ddm|: 9.127539e-09


******** <class 'pyscf.scf.hf.RHF'> flags ********
method = RHF
initial guess = minao
damping factor = 0
level shift factor = 0
DIIS = <class 'pyscf.scf.diis.CDIIS'>
DIIS start cycle = 1
DIIS space = 8
SCF tol = 1e-09
SCF gradient tol = None
max. SCF cycles = 100
direct_scf = True
direct_scf_tol = 1e-13
chkfile to save SCF result = /panfs/roc/scratch/graha682/20170717_ccpVDZ_m06_ccsdt_ft_2flourohexa135triene_p/tmpQrBiNX
max_memory 4000 MB (current use 511 MB)
Set gradient conv threshold to 3.16228e-05
init E= -168.894117990963
  HOMO = -0.411019042459784  LUMO = 0.149420425711132
cycle= 1 E= -168.894117990963  delta_E= 1.14e-13  |g|= 3.66e-09  |ddm|= 8.43e-09
  HOMO = -0.411019042502228  LUMO = 0.149420425522813
Extra cycle  E= -168.894117990964  delta_E= -4.55e-13  |g|= 3.66e-09  |ddm|= 4.62e-09
converged SCF energy = -168.894117990964


******** <class 'pyscf.dft.rks.RKS'> flags ********
method = RKS
initial guess = atom
damping factor = 0
level shift factor = 0.0
DIIS = <class 'pyscf.scf.diis.CDIIS'>
DIIS start cycle = 1
DIIS space = 8
SCF tol = 1e-08
SCF gradient tol = 1e-08
max. SCF cycles = 1
direct_scf = True
direct_scf_tol = 1e-13
chkfile to save SCF result = /panfs/roc/scratch/graha682/20170717_ccpVDZ_m06_ccsdt_ft_2flourohexa135triene_p/tmpMXC4zG
max_memory 4000 MB (current use 512 MB)
XC functionals = m06
small_rho_cutoff = 1e-20
radial grids: Treutler-Ahlrichs (JCP 102, 346 (M4)) radial grids
becke partition: Becke, JCP, 88, 2547 (1988)
pruning grids: <function nwchem_prune at 0x171e0c8>
grids dens level: 4
symmetrized grids: False
atomic radii adjust function: <function treutler_atomic_radii_adjust at 0x170aed8>
init E= -169.718260723241
  HOMO = -0.312267510811327  LUMO = -0.0116322321974999
cycle= 1 E= -169.718260723241  delta_E= -5.68e-14  |g|= 1.36e-08  |ddm|= 8.06e-08
SCF not converged.
SCF energy = -169.718260723241 after 1 cycles
 iter:  35:1        |ddm|: 4.081941e-01     Tr[DP]  3.040800e-01

==================== Doing CCSD Calculation on Subsystem 1 =====================

******** <class 'pyscf.cc.ccsd.CCSD'> flags ********
CCSD nocc = 11, nvir = 41
max_cycle = 50
direct = 0
conv_tol = 1e-07
conv_tol_normt = 1e-05
diis_space = 6
diis_start_cycle = 0
diis_start_energy_diff = 1e+09
max_memory 4000 MB (current use 529 MB)
Init t2, MP2 energy = -0.41388813752708
cycle = 1  E(CCSD) = -0.424664211743707  dE = -0.424664212  norm(t1,t2) = 0.0870419
cycle = 2  E(CCSD) = -0.435305515928638  dE = -0.0106413042  norm(t1,t2) = 0.0295993
cycle = 3  E(CCSD) = -0.436531433545983  dE = -0.00122591762  norm(t1,t2) = 0.0163569
cycle = 4  E(CCSD) = -0.437929471639021  dE = -0.00139803809  norm(t1,t2) = 0.00681947
cycle = 5  E(CCSD) = -0.438590221962191  dE = -0.000660750323  norm(t1,t2) = 0.00420495
cycle = 6  E(CCSD) = -0.438498554964026  dE = 9.16669982e-05  norm(t1,t2) = 0.000490982
cycle = 7  E(CCSD) = -0.43848235038908  dE = 1.62045749e-05  norm(t1,t2) = 0.000184244
cycle = 8  E(CCSD) = -0.438485742046475  dE = -3.3916574e-06  norm(t1,t2) = 3.43923e-05
cycle = 9  E(CCSD) = -0.43848538001135  dE = 3.62035125e-07  norm(t1,t2) = 1.36604e-05
cycle = 10  E(CCSD) = -0.43848593264007  dE = -5.5262872e-07  norm(t1,t2) = 5.68818e-06
cycle = 11  E(CCSD) = -0.438485911000082  dE = 2.16399884e-08  norm(t1,t2) = 1.42463e-06
CCSD converged
E(CCSD) = -169.3326039019639  E_corr = -0.4384859110000821
Hartree-Fock Energy:  -168.89411799096382
CCSD Correlation:       -0.43848591100008
CCSD Energy:          -169.33260390196389

=================== Doing CCSD(T) Calculation on Subsystem 1 ===================
CCSD(T) correction = -0.0116501044696024
Hartree-Fock Energy:  -168.89411799096382
CCSD(T) Correlation:       -0.45013601546968
CCSD(T) Energy:          -169.34425400643352

============================== Supermolecular DFT ==============================
  subiter:   1      |ddm|: 4.141260e+00
  subiter:   2      |ddm|: 5.459416e-01
  subiter:   3      |ddm|: 3.655815e-01
  subiter:   4      |ddm|: 6.846524e-02
  subiter:   5      |ddm|: 1.618388e-02
  subiter:   6      |ddm|: 5.938842e-03
  subiter:   7      |ddm|: 1.518937e-03
  subiter:   8      |ddm|: 5.637541e-04
  subiter:   9      |ddm|: 3.180738e-04
  subiter:  10      |ddm|: 9.206180e-05
  subiter:  11      |ddm|: 3.470475e-05
  subiter:  12      |ddm|: 1.799956e-05
  subiter:  13      |ddm|: 4.480865e-06
  subiter:  14      |ddm|: 1.448779e-06
  subiter:  15      |ddm|: 6.278960e-07
  subiter:  16      |ddm|: 2.465896e-07
  subiter:  17      |ddm|: 9.650143e-08
  subiter:  18      |ddm|: 3.862106e-08
  subiter:  19      |ddm|: 6.031575e-09


******** <class 'pyscf.dft.rks.RKS'> flags ********
method = RKS
initial guess = atom
damping factor = 0
level shift factor = 0.0
DIIS = <class 'pyscf.scf.diis.CDIIS'>
DIIS start cycle = 1
DIIS space = 8
SCF tol = 1e-08
SCF gradient tol = 1e-08
max. SCF cycles = 100
direct_scf = True
direct_scf_tol = 1e-13
chkfile to save SCF result = /panfs/roc/scratch/graha682/20170717_ccpVDZ_m06_ccsdt_ft_2flourohexa135triene_p/tmpu3gGBP
max_memory 4000 MB (current use 676 MB)
XC functionals = m06
small_rho_cutoff = 1e-20
radial grids: Treutler-Ahlrichs (JCP 102, 346 (M4)) radial grids
becke partition: Becke, JCP, 88, 2547 (1988)
pruning grids: <function nwchem_prune at 0x171e0c8>
grids dens level: 4
symmetrized grids: False
atomic radii adjust function: <function treutler_atomic_radii_adjust at 0x170aed8>
init E= -332.416530288661
  HOMO = -0.226007986725481  LUMO = -0.0446609725984592
cycle= 1 E= -332.416530288663  delta_E= -1.25e-12  |g|= 5.59e-09  |ddm|= 1.05e-08
  HOMO = -0.226007987116725  LUMO = -0.0446609729431494
Extra cycle  E= -332.416530288663  delta_E=    0  |g|= 5.59e-09  |ddm|= 1.3e-08
converged SCF energy = -332.416530288663
Supermolecular DFT   -332.41653028866256

============================== Embedding Energies ==============================
Subsystem DFT              -169.71826072324103
Interaction                -162.53982038937642
DFT-in-DFT                 -332.25808111261745
Supermolecular DFT         -332.41653028866256
Difference                   -0.15844917604511
Corrected DFT-in-DFT       -332.41653028866256
WF-in-DFT                  -331.88407439580993
Corrected WF-in-DFT        -332.04252357185504
================================================================================
TIMING STATISTICS:
     overlap integrals      0.01s   ( 0.00%)
    initial subsystems      0.16s   ( 0.06%)
           2e matrices    159.77s   (59.11%)
      tot. embed. of 1    165.41s   (61.20%)
      tot. embed. of 2      0.06s   ( 0.02%)
       freeze and thaw    165.49s   (61.23%)
                  ccsd      1.80s   ( 0.67%)
               ccsd(t)      0.64s   ( 0.24%)
  interaction energies    101.75s   (37.65%)
                 TOTAL    270.28s
================================================================================

********************************************************************************
*                              END OF CALCULATION                              *
********************************************************************************
