********************************************************************************
*                         FREEZE-AND-THAW CALCULATION                          *
********************************************************************************

================================== Input File ==================================
subsystem
C         -0.51189        0.02301        0.42809
H         -1.42066       -0.55289        0.18854
C          0.51189       -0.02301       -0.42809
H          1.42066        0.55289       -0.18854
C         -0.78360        0.61904        4.24572
H          0.14654        1.20908        4.37098
H         -1.59993        1.36825        4.20747
C         -0.72898       -0.13512        2.93023
H         -1.66107       -0.72052        2.80109
H          0.08515       -0.88505        2.96224
C         -0.52791        0.76935        1.72053
H          0.41330        1.34004        1.83345
H         -1.34036        1.52360        1.70785
C          0.52791       -0.76935       -1.72053
H         -0.41330       -1.34004       -1.83345
H          1.34036       -1.52360       -1.70785
C          0.72898        0.13512       -2.93023
H          1.66107        0.72052       -2.80109
H         -0.08515        0.88505       -2.96224
C          0.78360       -0.61904       -4.24572
H          1.59993       -1.36825       -4.20747
H         -0.14654       -1.20908       -4.37098
smearsig 0.01
end

subsystem
C         -1.03022        0.48923        6.76234
H         -1.85846        1.21825        6.76428
H         -0.09919        1.05754        6.92852
H         -1.17179       -0.17407        7.62984
C         -0.97821       -0.27783        5.45578
H         -0.16206       -1.02476        5.48735
H         -1.90675       -0.86592        5.32476
C          0.97821        0.27783       -5.45578
H          0.16206        1.02476       -5.48735
H          1.90675        0.86592       -5.32476
C          1.03022       -0.48923       -6.76234
H          1.17179        0.17407       -7.62984
H          1.85846       -1.21825       -6.76428
H          0.09919       -1.05754       -6.92852
end

embed
 huzfermi
 cycles 300
 conv 1e-8
 method m06
end

basis aug-cc-pVDZ
method cas[2,2]/nevpt2
grid 4
conv 1e-8
grad 1e-8
maxiter 100
supsmearsig 0.01
readchk
================================== End Input ===================================
tot grids = 725328

                      Getting subsystem overlap integrals                       

                          Initial subsystem densities                           
Checkpoint .hdf5 not found
Guessing initial subsystem densities
Initial guess from superpostion of atomic densties.
Initial guess from superpostion of atomic densties.

=========================== Starting Freeze-and-Thaw ===========================
 iter:   1:1        |ddm|: 1.619323e+02     Tr[DP]  1.072810e+00
 iter:   1:2        |ddm|: 1.018831e+01     Tr[DP]  4.446880e-01
 iter:   2:1        |ddm|: 3.412602e+02     Tr[DP]  2.754633e-01
 iter:   2:2        |ddm|: 2.233642e+01     Tr[DP]  4.447336e-01
 iter:   3:1        |ddm|: 3.929363e+02     Tr[DP]  1.813540e-01
 iter:   3:2        |ddm|: 2.614694e+01     Tr[DP]  5.346092e-01
 iter:   4:1        |ddm|: 1.717477e+02     Tr[DP]  1.342586e-01
 iter:   4:2        |ddm|: 6.032876e+01     Tr[DP]  1.787398e-01
 iter:   5:1        |ddm|: 2.480142e+01     Tr[DP]  1.513777e-01
 iter:   5:2        |ddm|: 1.318512e+01     Tr[DP]  1.890824e-01
 iter:   6:1        |ddm|: 1.580257e+01     Tr[DP]  1.810692e-01
 iter:   6:2        |ddm|: 8.113593e+00     Tr[DP]  2.041107e-01
 iter:   7:1        |ddm|: 1.495342e+01     Tr[DP]  2.056864e-01
 iter:   7:2        |ddm|: 7.239441e+00     Tr[DP]  2.146229e-01
 iter:   8:1        |ddm|: 2.119907e+01     Tr[DP]  2.185222e-01
 iter:   8:2        |ddm|: 5.024546e+00     Tr[DP]  2.242228e-01
 iter:   9:1        |ddm|: 2.242356e+01     Tr[DP]  2.301287e-01
 iter:   9:2        |ddm|: 3.846851e+00     Tr[DP]  2.332230e-01
 iter:  10:1        |ddm|: 1.798544e+01     Tr[DP]  2.402216e-01
 iter:  10:2        |ddm|: 2.888743e+00     Tr[DP]  2.407842e-01
 iter:  11:1        |ddm|: 1.490665e+01     Tr[DP]  2.482396e-01
 iter:  11:2        |ddm|: 2.156307e+00     Tr[DP]  2.470751e-01
 iter:  12:1        |ddm|: 1.194173e+01     Tr[DP]  2.545361e-01
 iter:  12:2        |ddm|: 1.512487e+00     Tr[DP]  2.518585e-01
 iter:  13:1        |ddm|: 1.067831e+01     Tr[DP]  2.595053e-01
 iter:  13:2        |ddm|: 1.445500e+00     Tr[DP]  2.564462e-01
 iter:  14:1        |ddm|: 1.036774e+01     Tr[DP]  2.640370e-01
 iter:  14:2        |ddm|: 1.393272e+00     Tr[DP]  2.611164e-01
 iter:  15:1        |ddm|: 8.889256e+00     Tr[DP]  2.683466e-01
 iter:  15:2        |ddm|: 1.076265e+00     Tr[DP]  2.649907e-01
 iter:  16:1        |ddm|: 7.268212e+00     Tr[DP]  2.718403e-01
 iter:  16:2        |ddm|: 7.834117e-01     Tr[DP]  2.680977e-01
 iter:  17:1        |ddm|: 6.678240e+00     Tr[DP]  2.746277e-01
 iter:  17:2        |ddm|: 7.858258e-01     Tr[DP]  2.709563e-01
 iter:  18:1        |ddm|: 5.931967e+00     Tr[DP]  2.771494e-01
 iter:  18:2        |ddm|: 6.529856e-01     Tr[DP]  2.735362e-01
 iter:  19:1        |ddm|: 4.789063e+00     Tr[DP]  2.793788e-01
 iter:  19:2        |ddm|: 4.732696e-01     Tr[DP]  2.755097e-01
 iter:  20:1        |ddm|: 4.504926e+00     Tr[DP]  2.808453e-01
 iter:  20:2        |ddm|: 4.546973e-01     Tr[DP]  2.774753e-01
 iter:  21:1        |ddm|: 5.246977e+00     Tr[DP]  2.821871e-01
 iter:  21:2        |ddm|: 6.187252e-01     Tr[DP]  2.800617e-01
 iter:  22:1        |ddm|: 4.675214e+00     Tr[DP]  2.844807e-01
 iter:  22:2        |ddm|: 5.358212e-01     Tr[DP]  2.823879e-01
 iter:  23:1        |ddm|: 3.933538e+00     Tr[DP]  2.865266e-01
 iter:  23:2        |ddm|: 4.381689e-01     Tr[DP]  2.843642e-01
 iter:  24:1        |ddm|: 3.548783e+00     Tr[DP]  2.881103e-01
 iter:  24:2        |ddm|: 4.083498e-01     Tr[DP]  2.861495e-01
 iter:  25:1        |ddm|: 3.041642e+00     Tr[DP]  2.896597e-01
 iter:  25:2        |ddm|: 3.427005e-01     Tr[DP]  2.876454e-01
 iter:  26:1        |ddm|: 2.679776e+00     Tr[DP]  2.908798e-01
 iter:  26:2        |ddm|: 3.006475e-01     Tr[DP]  2.889585e-01
 iter:  27:1        |ddm|: 2.347811e+00     Tr[DP]  2.919649e-01
 iter:  27:2        |ddm|: 2.505298e-01     Tr[DP]  2.900811e-01
 iter:  28:1        |ddm|: 2.031329e+00     Tr[DP]  2.928431e-01
 iter:  28:2        |ddm|: 2.114940e-01     Tr[DP]  2.910180e-01
 iter:  29:1        |ddm|: 1.818625e+00     Tr[DP]  2.935330e-01
 iter:  29:2        |ddm|: 1.857155e-01     Tr[DP]  2.918481e-01
 iter:  30:1        |ddm|: 1.598475e+00     Tr[DP]  2.941613e-01
 iter:  30:2        |ddm|: 1.570031e-01     Tr[DP]  2.925684e-01
 iter:  31:1        |ddm|: 1.419086e+00     Tr[DP]  2.946677e-01
 iter:  31:2        |ddm|: 1.413532e-01     Tr[DP]  2.932079e-01
 iter:  32:1        |ddm|: 1.248230e+00     Tr[DP]  2.951406e-01
 iter:  32:2        |ddm|: 1.205607e-01     Tr[DP]  2.937730e-01
 iter:  33:1        |ddm|: 1.163011e+00     Tr[DP]  2.955057e-01
 iter:  33:2        |ddm|: 1.102463e-01     Tr[DP]  2.943065e-01
 iter:  34:1        |ddm|: 1.018968e+00     Tr[DP]  2.958959e-01
 iter:  34:2        |ddm|: 9.468927e-02     Tr[DP]  2.947735e-01
 iter:  35:1        |ddm|: 9.488968e-01     Tr[DP]  2.961932e-01
 iter:  35:2        |ddm|: 8.725519e-02     Tr[DP]  2.952141e-01
 iter:  36:1        |ddm|: 8.648959e-01     Tr[DP]  2.964958e-01
 iter:  36:2        |ddm|: 8.005590e-02     Tr[DP]  2.956182e-01
 iter:  37:1        |ddm|: 7.959528e-01     Tr[DP]  2.967684e-01
 iter:  37:2        |ddm|: 7.092487e-02     Tr[DP]  2.959958e-01
 iter:  38:1        |ddm|: 7.432954e-01     Tr[DP]  2.970182e-01
 iter:  38:2        |ddm|: 6.744657e-02     Tr[DP]  2.963507e-01
 iter:  39:1        |ddm|: 6.357222e-01     Tr[DP]  2.972921e-01
 iter:  39:2        |ddm|: 5.909599e-02     Tr[DP]  2.966522e-01
 iter:  40:1        |ddm|: 1.271160e+00     Tr[DP]  2.972070e-01
 iter:  40:2        |ddm|: 1.241083e-01     Tr[DP]  2.973139e-01
 iter:  41:1        |ddm|: 4.403089e-01     Tr[DP]  2.981762e-01
 iter:  41:2        |ddm|: 6.884058e-02     Tr[DP]  2.975094e-01
 iter:  42:1        |ddm|: 3.595207e-01     Tr[DP]  2.982402e-01
 iter:  42:2        |ddm|: 4.869598e-02     Tr[DP]  2.976699e-01
 iter:  43:1        |ddm|: 4.068653e-01     Tr[DP]  2.982993e-01
 iter:  43:2        |ddm|: 4.268316e-02     Tr[DP]  2.978618e-01
 iter:  44:1        |ddm|: 4.345917e-01     Tr[DP]  2.984091e-01
 iter:  44:2        |ddm|: 4.192977e-02     Tr[DP]  2.980720e-01
 iter:  45:1        |ddm|: 5.054581e-01     Tr[DP]  2.985204e-01
 iter:  45:2        |ddm|: 4.941336e-02     Tr[DP]  2.983296e-01
 iter:  46:1        |ddm|: 3.479435e-01     Tr[DP]  2.987977e-01
 iter:  46:2        |ddm|: 3.756713e-02     Tr[DP]  2.985038e-01
 iter:  47:1        |ddm|: 3.274279e-01     Tr[DP]  2.989097e-01
 iter:  47:2        |ddm|: 3.669590e-02     Tr[DP]  2.986696e-01
 iter:  48:1        |ddm|: 2.832760e-01     Tr[DP]  2.990530e-01
 iter:  48:2        |ddm|: 3.107039e-02     Tr[DP]  2.988109e-01
 iter:  49:1        |ddm|: 2.256381e-01     Tr[DP]  2.991706e-01
 iter:  49:2        |ddm|: 2.624258e-02     Tr[DP]  2.989196e-01
 iter:  50:1        |ddm|: 2.129909e-01     Tr[DP]  2.992421e-01
 iter:  50:2        |ddm|: 2.267828e-02     Tr[DP]  2.990219e-01
 iter:  51:1        |ddm|: 1.966746e-01     Tr[DP]  2.993120e-01
 iter:  51:2        |ddm|: 1.997184e-02     Tr[DP]  2.991154e-01
 iter:  52:1        |ddm|: 1.752569e-01     Tr[DP]  2.993785e-01
 iter:  52:2        |ddm|: 1.754129e-02     Tr[DP]  2.991982e-01
 iter:  53:1        |ddm|: 1.428224e-01     Tr[DP]  2.994433e-01
 iter:  53:2        |ddm|: 1.456937e-02     Tr[DP]  2.992634e-01
 iter:  54:1        |ddm|: 1.394616e-01     Tr[DP]  2.994770e-01
 iter:  54:2        |ddm|: 1.347138e-02     Tr[DP]  2.993285e-01
 iter:  55:1        |ddm|: 1.032934e-01     Tr[DP]  2.995350e-01
 iter:  55:2        |ddm|: 1.051797e-02     Tr[DP]  2.993734e-01
 iter:  56:1        |ddm|: 1.231839e-01     Tr[DP]  2.995411e-01
 iter:  56:2        |ddm|: 1.114437e-02     Tr[DP]  2.994321e-01
 iter:  57:1        |ddm|: 1.052892e-01     Tr[DP]  2.995902e-01
 iter:  57:2        |ddm|: 9.466147e-03     Tr[DP]  2.994823e-01
 iter:  58:1        |ddm|: 8.912727e-02     Tr[DP]  2.996262e-01
 iter:  58:2        |ddm|: 8.369695e-03     Tr[DP]  2.995246e-01
 iter:  59:1        |ddm|: 8.274140e-02     Tr[DP]  2.996528e-01
 iter:  59:2        |ddm|: 7.529987e-03     Tr[DP]  2.995636e-01
 iter:  60:1        |ddm|: 7.093465e-02     Tr[DP]  2.996805e-01
 iter:  60:2        |ddm|: 6.629952e-03     Tr[DP]  2.995967e-01
 iter:  61:1        |ddm|: 5.890841e-02     Tr[DP]  2.997044e-01
 iter:  61:2        |ddm|: 5.559513e-03     Tr[DP]  2.996236e-01
 iter:  62:1        |ddm|: 4.897766e-02     Tr[DP]  2.997220e-01
 iter:  62:2        |ddm|: 4.602934e-03     Tr[DP]  2.996451e-01
 iter:  63:1        |ddm|: 5.327024e-02     Tr[DP]  2.997285e-01
 iter:  63:2        |ddm|: 4.423244e-03     Tr[DP]  2.996700e-01
 iter:  64:1        |ddm|: 8.134019e-02     Tr[DP]  2.997309e-01
 iter:  64:2        |ddm|: 7.014024e-03     Tr[DP]  2.997114e-01
 iter:  65:1        |ddm|: 5.006751e-02     Tr[DP]  2.997801e-01
 iter:  65:2        |ddm|: 5.000583e-03     Tr[DP]  2.997368e-01
 iter:  66:1        |ddm|: 4.368411e-02     Tr[DP]  2.997973e-01
 iter:  66:2        |ddm|: 4.598171e-03     Tr[DP]  2.997595e-01
 iter:  67:1        |ddm|: 4.117218e-02     Tr[DP]  2.998137e-01
 iter:  67:2        |ddm|: 4.230863e-03     Tr[DP]  2.997805e-01
 iter:  68:1        |ddm|: 4.894662e-02     Tr[DP]  2.998244e-01
 iter:  68:2        |ddm|: 4.991063e-03     Tr[DP]  2.998061e-01
 iter:  69:1        |ddm|: 4.732560e-02     Tr[DP]  2.998466e-01
 iter:  69:2        |ddm|: 5.371831e-03     Tr[DP]  2.998315e-01
 iter:  70:1        |ddm|: 2.462043e-02     Tr[DP]  2.998915e-01
 iter:  70:2        |ddm|: 6.514794e-03     Tr[DP]  2.998317e-01
 iter:  71:1        |ddm|: 3.059312e-02     Tr[DP]  2.998537e-01
 iter:  71:2        |ddm|: 4.727802e-03     Tr[DP]  2.998407e-01
 iter:  72:1        |ddm|: 2.779602e-02     Tr[DP]  2.998750e-01
 iter:  72:2        |ddm|: 2.728827e-03     Tr[DP]  2.998559e-01
 iter:  73:1        |ddm|: 2.408735e-02     Tr[DP]  2.998859e-01
 iter:  73:2        |ddm|: 2.471342e-03     Tr[DP]  2.998686e-01
 iter:  74:1        |ddm|: 1.933456e-02     Tr[DP]  2.998965e-01
 iter:  74:2        |ddm|: 2.063344e-03     Tr[DP]  2.998784e-01
 iter:  75:1        |ddm|: 2.192704e-02     Tr[DP]  2.999010e-01
 iter:  75:2        |ddm|: 2.342447e-03     Tr[DP]  2.998897e-01
 iter:  76:1        |ddm|: 1.539391e-02     Tr[DP]  2.999133e-01
 iter:  76:2        |ddm|: 1.694798e-03     Tr[DP]  2.998975e-01
 iter:  77:1        |ddm|: 1.360383e-02     Tr[DP]  2.999178e-01
 iter:  77:2        |ddm|: 1.494531e-03     Tr[DP]  2.999040e-01
 iter:  78:1        |ddm|: 1.330276e-02     Tr[DP]  2.999219e-01
 iter:  78:2        |ddm|: 1.360764e-03     Tr[DP]  2.999104e-01
 iter:  79:1        |ddm|: 1.165248e-02     Tr[DP]  2.999269e-01
 iter:  79:2        |ddm|: 1.195114e-03     Tr[DP]  2.999160e-01
 iter:  80:1        |ddm|: 9.956860e-03     Tr[DP]  2.999310e-01
 iter:  80:2        |ddm|: 1.035887e-03     Tr[DP]  2.999206e-01
 iter:  81:1        |ddm|: 9.109039e-03     Tr[DP]  2.999341e-01
 iter:  81:2        |ddm|: 9.097979e-04     Tr[DP]  2.999249e-01
 iter:  82:1        |ddm|: 7.871534e-03     Tr[DP]  2.999372e-01
 iter:  82:2        |ddm|: 7.915510e-04     Tr[DP]  2.999285e-01
 iter:  83:1        |ddm|: 7.267881e-03     Tr[DP]  2.999395e-01
 iter:  83:2        |ddm|: 7.118811e-04     Tr[DP]  2.999319e-01
 iter:  84:1        |ddm|: 6.513230e-03     Tr[DP]  2.999419e-01
 iter:  84:2        |ddm|: 6.211995e-04     Tr[DP]  2.999349e-01
 iter:  85:1        |ddm|: 5.812984e-03     Tr[DP]  2.999440e-01
 iter:  85:2        |ddm|: 5.567895e-04     Tr[DP]  2.999376e-01
 iter:  86:1        |ddm|: 5.313649e-03     Tr[DP]  2.999458e-01
 iter:  86:2        |ddm|: 5.026449e-04     Tr[DP]  2.999401e-01
 iter:  87:1        |ddm|: 4.760976e-03     Tr[DP]  2.999475e-01
 iter:  87:2        |ddm|: 4.477025e-04     Tr[DP]  2.999424e-01
 iter:  88:1        |ddm|: 6.489204e-03     Tr[DP]  2.999480e-01
 iter:  88:2        |ddm|: 5.724016e-04     Tr[DP]  2.999457e-01
 iter:  89:1        |ddm|: 3.493021e-03     Tr[DP]  2.999520e-01
 iter:  89:2        |ddm|: 4.144007e-04     Tr[DP]  2.999473e-01
 iter:  90:1        |ddm|: 3.128156e-03     Tr[DP]  2.999528e-01
 iter:  90:2        |ddm|: 3.422553e-04     Tr[DP]  2.999488e-01
 iter:  91:1        |ddm|: 3.034110e-03     Tr[DP]  2.999537e-01
 iter:  91:2        |ddm|: 2.975189e-04     Tr[DP]  2.999502e-01
 iter:  92:1        |ddm|: 2.915193e-03     Tr[DP]  2.999546e-01
 iter:  92:2        |ddm|: 2.751580e-04     Tr[DP]  2.999516e-01
 iter:  93:1        |ddm|: 2.365345e-03     Tr[DP]  2.999557e-01
 iter:  93:2        |ddm|: 2.308787e-04     Tr[DP]  2.999527e-01
 iter:  94:1        |ddm|: 2.176042e-03     Tr[DP]  2.999563e-01
 iter:  94:2        |ddm|: 2.044978e-04     Tr[DP]  2.999537e-01
 iter:  95:1        |ddm|: 1.921950e-03     Tr[DP]  2.999570e-01
 iter:  95:2        |ddm|: 1.772467e-04     Tr[DP]  2.999546e-01
 iter:  96:1        |ddm|: 1.793780e-03     Tr[DP]  2.999575e-01
 iter:  96:2        |ddm|: 1.576388e-04     Tr[DP]  2.999554e-01
 iter:  97:1        |ddm|: 1.565110e-03     Tr[DP]  2.999581e-01
 iter:  97:2        |ddm|: 1.391169e-04     Tr[DP]  2.999561e-01
 iter:  98:1        |ddm|: 1.517113e-03     Tr[DP]  2.999585e-01
 iter:  98:2        |ddm|: 1.297961e-04     Tr[DP]  2.999569e-01
 iter:  99:1        |ddm|: 1.304447e-03     Tr[DP]  2.999590e-01
 iter:  99:2        |ddm|: 1.155292e-04     Tr[DP]  2.999575e-01
 iter: 100:1        |ddm|: 1.197844e-03     Tr[DP]  2.999594e-01
 iter: 100:2        |ddm|: 1.043918e-04     Tr[DP]  2.999581e-01
 iter: 101:1        |ddm|: 1.051500e-03     Tr[DP]  2.999598e-01
 iter: 101:2        |ddm|: 9.275352e-05     Tr[DP]  2.999586e-01
 iter: 102:1        |ddm|: 9.176405e-04     Tr[DP]  2.999601e-01
 iter: 102:2        |ddm|: 8.169742e-05     Tr[DP]  2.999590e-01
 iter: 103:1        |ddm|: 8.130901e-04     Tr[DP]  2.999604e-01
 iter: 103:2        |ddm|: 7.183087e-05     Tr[DP]  2.999594e-01
 iter: 104:1        |ddm|: 7.162206e-04     Tr[DP]  2.999607e-01
 iter: 104:2        |ddm|: 6.277106e-05     Tr[DP]  2.999597e-01
 iter: 105:1        |ddm|: 6.276116e-04     Tr[DP]  2.999609e-01
 iter: 105:2        |ddm|: 5.429965e-05     Tr[DP]  2.999600e-01
 iter: 106:1        |ddm|: 5.266081e-04     Tr[DP]  2.999611e-01
 iter: 106:2        |ddm|: 4.608143e-05     Tr[DP]  2.999602e-01
 iter: 107:1        |ddm|: 5.159743e-04     Tr[DP]  2.999612e-01
 iter: 107:2        |ddm|: 4.129116e-05     Tr[DP]  2.999605e-01
 iter: 108:1        |ddm|: 4.821853e-04     Tr[DP]  2.999613e-01
 iter: 108:2        |ddm|: 3.726094e-05     Tr[DP]  2.999607e-01
 iter: 109:1        |ddm|: 4.355945e-04     Tr[DP]  2.999614e-01
 iter: 109:2        |ddm|: 3.383246e-05     Tr[DP]  2.999609e-01
 iter: 110:1        |ddm|: 4.036992e-04     Tr[DP]  2.999616e-01
 iter: 110:2        |ddm|: 3.126544e-05     Tr[DP]  2.999611e-01
 iter: 111:1        |ddm|: 3.772180e-04     Tr[DP]  2.999617e-01
 iter: 111:2        |ddm|: 2.924786e-05     Tr[DP]  2.999613e-01
 iter: 112:1        |ddm|: 5.591959e-04     Tr[DP]  2.999617e-01
 iter: 112:2        |ddm|: 3.887493e-05     Tr[DP]  2.999615e-01
 iter: 113:1        |ddm|: 3.013201e-04     Tr[DP]  2.999620e-01
 iter: 113:2        |ddm|: 3.125061e-05     Tr[DP]  2.999617e-01
 iter: 114:1        |ddm|: 2.337124e-04     Tr[DP]  2.999621e-01
 iter: 114:2        |ddm|: 2.638884e-05     Tr[DP]  2.999618e-01
 iter: 115:1        |ddm|: 2.178576e-04     Tr[DP]  2.999622e-01
 iter: 115:2        |ddm|: 2.183004e-05     Tr[DP]  2.999619e-01
 iter: 116:1        |ddm|: 2.044303e-04     Tr[DP]  2.999623e-01
 iter: 116:2        |ddm|: 1.899777e-05     Tr[DP]  2.999620e-01
 iter: 117:1        |ddm|: 1.941348e-04     Tr[DP]  2.999623e-01
 iter: 117:2        |ddm|: 1.702058e-05     Tr[DP]  2.999621e-01
 iter: 118:1        |ddm|: 1.812997e-04     Tr[DP]  2.999624e-01
 iter: 118:2        |ddm|: 1.548869e-05     Tr[DP]  2.999622e-01
 iter: 119:1        |ddm|: 1.697157e-04     Tr[DP]  2.999624e-01
 iter: 119:2        |ddm|: 1.432802e-05     Tr[DP]  2.999623e-01
 iter: 120:1        |ddm|: 1.492661e-04     Tr[DP]  2.999625e-01
 iter: 120:2        |ddm|: 1.321195e-05     Tr[DP]  2.999623e-01
 iter: 121:1        |ddm|: 1.283119e-04     Tr[DP]  2.999625e-01
 iter: 121:2        |ddm|: 1.179878e-05     Tr[DP]  2.999624e-01
 iter: 122:1        |ddm|: 1.090304e-04     Tr[DP]  2.999626e-01
 iter: 122:2        |ddm|: 1.017472e-05     Tr[DP]  2.999624e-01
 iter: 123:1        |ddm|: 9.856022e-05     Tr[DP]  2.999626e-01
 iter: 123:2        |ddm|: 8.918595e-06     Tr[DP]  2.999625e-01
 iter: 124:1        |ddm|: 9.134606e-05     Tr[DP]  2.999626e-01
 iter: 124:2        |ddm|: 7.964035e-06     Tr[DP]  2.999625e-01
 iter: 125:1        |ddm|: 7.360140e-05     Tr[DP]  2.999627e-01
 iter: 125:2        |ddm|: 6.691806e-06     Tr[DP]  2.999626e-01
 iter: 126:1        |ddm|: 6.794775e-05     Tr[DP]  2.999627e-01
 iter: 126:2        |ddm|: 5.831049e-06     Tr[DP]  2.999626e-01