********************************************************************************
*                         FREEZE-AND-THAW CALCULATION                          *
********************************************************************************

================================== Input File ==================================
subsystem
C          0.59088        1.68739       -0.22024
H          0.95583        2.66433       -0.57703
C         -0.55671        1.64983        0.46159
H         -0.51763        1.75539        1.55806
C          1.45908        0.51121       -0.52111
H          0.97455       -0.41358       -0.15465
H          1.55662        0.38820       -1.61860
C         -1.91048        1.44071       -0.13110
H         -1.83137        1.39090       -1.23363
H         -2.55477        2.31603        0.08759
smearsig 0.01
end

subsystem
C          6.03822       -1.61193        0.00272
H          6.16282       -1.71682       -1.08857
H          5.60395       -2.55716        0.37064
H          7.04328       -1.51680        0.44245
C          5.14924       -0.43177        0.34201
H          5.06385       -0.32537        1.44037
H          5.61851        0.50823       -0.00638
C          3.75744       -0.54308       -0.25549
H          3.28199       -1.48232        0.09204
H          3.83652       -0.64760       -1.35639
C          2.85572        0.63125        0.07628
H          3.32724        1.57016       -0.27623
H          2.77251        0.74055        1.17509
C         -2.60459        0.18896        0.39157
H         -2.66071        0.23394        1.49746
H         -1.97694       -0.69513        0.16644
C         -3.99664       -0.01197       -0.17769
H         -4.61990        0.87609        0.05047
H         -3.94011       -0.05064       -1.28417
C         -4.69138       -1.26123        0.33535
H         -4.06373       -2.14377        0.10690
H         -4.74338       -1.21853        1.44019
C         -6.08036       -1.44898       -0.24228
H         -6.57102       -2.35810        0.13893
H         -6.73293       -0.59338        0.00174
H         -6.04763       -1.52690       -1.34241
end

embed
 huzfermi
 cycles 3000
 conv 1e-8
 method m06
end

basis cc-pVDZ
method cas[2,2]/nevpt2
grid 4
conv 1e-8
grad 1e-8
maxiter 100
supsmearsig 0.01
================================== End Input ===================================
tot grids = 725328

                      Getting subsystem overlap integrals                       

                          Initial subsystem densities                           
Guessing initial subsystem densities
Initial guess from superpostion of atomic densties.
Guessing initial subsystem densities
Initial guess from superpostion of atomic densties.

=========================== Starting Freeze-and-Thaw ===========================
 iter:   1:1        |ddm|: 4.018709e+00     Tr[DP]  7.624740e-01
 iter:   1:2        |ddm|: 5.279260e+00     Tr[DP]  4.322649e-01
 iter:   2:1        |ddm|: 1.776199e+01     Tr[DP]  7.998142e-01
 iter:   2:2        |ddm|: 4.255364e+00     Tr[DP]  7.607962e-01
 iter:   3:1        |ddm|: 1.729985e+01     Tr[DP]  3.881503e-01
 iter:   3:2        |ddm|: 3.404738e+00     Tr[DP]  4.525767e-01
 iter:   4:1        |ddm|: 1.768836e+00     Tr[DP]  5.568576e-01
 iter:   4:2        |ddm|: 7.529322e-01     Tr[DP]  4.939690e-01
 iter:   5:1        |ddm|: 6.692046e-01     Tr[DP]  5.517228e-01
 iter:   5:2        |ddm|: 2.994909e-01     Tr[DP]  5.115611e-01
 iter:   6:1        |ddm|: 4.911448e-01     Tr[DP]  5.604220e-01
 iter:   6:2        |ddm|: 2.382979e-01     Tr[DP]  5.295613e-01
 iter:   7:1        |ddm|: 3.865981e-01     Tr[DP]  5.631870e-01
 iter:   7:2        |ddm|: 1.889398e-01     Tr[DP]  5.412601e-01
 iter:   8:1        |ddm|: 2.944354e-01     Tr[DP]  5.619549e-01
 iter:   8:2        |ddm|: 1.785999e-01     Tr[DP]  5.490046e-01
 iter:   9:1        |ddm|: 1.932933e-01     Tr[DP]  5.631344e-01
 iter:   9:2        |ddm|: 1.278199e-01     Tr[DP]  5.526221e-01
 iter:  10:1        |ddm|: 1.574938e-01     Tr[DP]  5.596452e-01
 iter:  10:2        |ddm|: 1.138515e-01     Tr[DP]  5.560780e-01
 iter:  11:1        |ddm|: 8.697392e-02     Tr[DP]  5.612647e-01
 iter:  11:2        |ddm|: 5.111998e-02     Tr[DP]  5.573242e-01
 iter:  12:1        |ddm|: 4.340295e-02     Tr[DP]  5.593621e-01
 iter:  12:2        |ddm|: 3.145912e-02     Tr[DP]  5.574347e-01
 iter:  13:1        |ddm|: 2.934214e-02     Tr[DP]  5.587269e-01
 iter:  13:2        |ddm|: 2.134919e-02     Tr[DP]  5.577205e-01
 iter:  14:1        |ddm|: 1.707489e-02     Tr[DP]  5.584503e-01
 iter:  14:2        |ddm|: 1.202238e-02     Tr[DP]  5.578481e-01
 iter:  15:1        |ddm|: 1.076269e-02     Tr[DP]  5.582179e-01
 iter:  15:2        |ddm|: 8.409221e-03     Tr[DP]  5.579125e-01
 iter:  16:1        |ddm|: 9.306682e-03     Tr[DP]  5.580380e-01
 iter:  16:2        |ddm|: 7.508863e-03     Tr[DP]  5.579825e-01
 iter:  17:1        |ddm|: 1.635816e-02     Tr[DP]  5.578458e-01
 iter:  17:2        |ddm|: 1.474945e-02     Tr[DP]  5.581666e-01
 iter:  18:1        |ddm|: 7.335535e-03     Tr[DP]  5.583148e-01
 iter:  18:2        |ddm|: 5.262238e-03     Tr[DP]  5.582001e-01
 iter:  19:1        |ddm|: 5.020158e-03     Tr[DP]  5.582838e-01
 iter:  19:2        |ddm|: 3.514471e-03     Tr[DP]  5.581051e-01
 iter:  20:1        |ddm|: 3.046262e-03     Tr[DP]  5.580901e-01
 iter:  20:2        |ddm|: 2.695743e-03     Tr[DP]  5.580810e-01
 iter:  21:1        |ddm|: 2.707703e-03     Tr[DP]  5.580702e-01
 iter:  21:2        |ddm|: 2.559806e-03     Tr[DP]  5.580957e-01
 iter:  22:1        |ddm|: 2.399811e-03     Tr[DP]  5.580887e-01
 iter:  22:2        |ddm|: 2.432973e-03     Tr[DP]  5.580982e-01
 iter:  23:1        |ddm|: 2.277424e-03     Tr[DP]  5.580925e-01
 iter:  23:2        |ddm|: 2.239091e-03     Tr[DP]  5.580931e-01
 iter:  24:1        |ddm|: 1.877860e-03     Tr[DP]  5.580791e-01
 iter:  24:2        |ddm|: 2.019059e-03     Tr[DP]  5.581071e-01
 iter:  25:1        |ddm|: 3.450450e-03     Tr[DP]  5.581100e-01
 iter:  25:2        |ddm|: 3.108023e-03     Tr[DP]  5.581232e-01
 iter:  26:1        |ddm|: 1.443282e-03     Tr[DP]  5.581094e-01
 iter:  26:2        |ddm|: 1.643248e-03     Tr[DP]  5.581073e-01
 iter:  27:1        |ddm|: 1.619505e-03     Tr[DP]  5.581061e-01
 iter:  27:2        |ddm|: 1.689768e-03     Tr[DP]  5.581102e-01
 iter:  28:1        |ddm|: 1.591467e-03     Tr[DP]  5.581047e-01
 iter:  28:2        |ddm|: 1.667147e-03     Tr[DP]  5.581095e-01
 iter:  29:1        |ddm|: 1.599062e-03     Tr[DP]  5.581075e-01
 iter:  29:2        |ddm|: 1.620239e-03     Tr[DP]  5.581111e-01
 iter:  30:1        |ddm|: 1.448964e-03     Tr[DP]  5.581076e-01
 iter:  30:2        |ddm|: 1.544154e-03     Tr[DP]  5.581096e-01
 iter:  31:1        |ddm|: 1.450229e-03     Tr[DP]  5.581076e-01
 iter:  31:2        |ddm|: 1.531339e-03     Tr[DP]  5.581089e-01
 iter:  32:1        |ddm|: 1.418376e-03     Tr[DP]  5.581075e-01
 iter:  32:2        |ddm|: 1.503448e-03     Tr[DP]  5.581085e-01
 iter:  33:1        |ddm|: 1.410852e-03     Tr[DP]  5.581077e-01
 iter:  33:2        |ddm|: 1.483731e-03     Tr[DP]  5.581086e-01
 iter:  34:1        |ddm|: 1.608958e-03     Tr[DP]  5.581093e-01
 iter:  34:2        |ddm|: 1.589786e-03     Tr[DP]  5.581139e-01
 iter:  35:1        |ddm|: 1.380795e-03     Tr[DP]  5.581114e-01
 iter:  35:2        |ddm|: 1.424965e-03     Tr[DP]  5.581158e-01
 iter:  36:1        |ddm|: 1.876758e-03     Tr[DP]  5.581181e-01
 iter:  36:2        |ddm|: 1.848123e-03     Tr[DP]  5.581262e-01
 iter:  37:1        |ddm|: 1.094694e-03     Tr[DP]  5.581212e-01
 iter:  37:2        |ddm|: 1.198673e-03     Tr[DP]  5.581275e-01
 iter:  38:1        |ddm|: 1.370211e-03     Tr[DP]  5.581269e-01
 iter:  38:2        |ddm|: 1.393730e-03     Tr[DP]  5.581337e-01
 iter:  39:1        |ddm|: 8.412645e-04     Tr[DP]  5.581270e-01
 iter:  39:2        |ddm|: 9.422714e-04     Tr[DP]  5.581320e-01
 iter:  40:1        |ddm|: 9.280254e-04     Tr[DP]  5.581302e-01
 iter:  40:2        |ddm|: 9.654667e-04     Tr[DP]  5.581329e-01
 iter:  41:1        |ddm|: 9.071105e-04     Tr[DP]  5.581313e-01
 iter:  41:2        |ddm|: 9.444352e-04     Tr[DP]  5.581341e-01
 iter:  42:1        |ddm|: 9.510543e-04     Tr[DP]  5.581335e-01
 iter:  42:2        |ddm|: 9.666196e-04     Tr[DP]  5.581369e-01
 iter:  43:1        |ddm|: 7.500780e-04     Tr[DP]  5.581340e-01
 iter:  43:2        |ddm|: 8.205823e-04     Tr[DP]  5.581359e-01
 iter:  44:1        |ddm|: 8.074248e-04     Tr[DP]  5.581350e-01
 iter:  44:2        |ddm|: 8.350350e-04     Tr[DP]  5.581368e-01
 iter:  45:1        |ddm|: 9.961973e-04     Tr[DP]  5.581382e-01
 iter:  45:2        |ddm|: 9.775078e-04     Tr[DP]  5.581416e-01
 iter:  46:1        |ddm|: 6.306596e-04     Tr[DP]  5.581377e-01
 iter:  46:2        |ddm|: 7.135826e-04     Tr[DP]  5.581390e-01
 iter:  47:1        |ddm|: 7.710318e-04     Tr[DP]  5.581391e-01
 iter:  47:2        |ddm|: 7.699025e-04     Tr[DP]  5.581409e-01
 iter:  48:1        |ddm|: 1.006241e-03     Tr[DP]  5.581430e-01
 iter:  48:2        |ddm|: 9.883880e-04     Tr[DP]  5.581471e-01
 iter:  49:1        |ddm|: 5.293398e-04     Tr[DP]  5.581436e-01
 iter:  49:2        |ddm|: 5.961927e-04     Tr[DP]  5.581457e-01
 iter:  50:1        |ddm|: 5.394784e-04     Tr[DP]  5.581435e-01
 iter:  50:2        |ddm|: 5.926499e-04     Tr[DP]  5.581445e-01
 iter:  51:1        |ddm|: 5.627240e-04     Tr[DP]  5.581426e-01
 iter:  51:2        |ddm|: 6.252628e-04     Tr[DP]  5.581425e-01
 iter:  52:1        |ddm|: 6.351784e-04     Tr[DP]  5.581430e-01
 iter:  52:2        |ddm|: 6.356955e-04     Tr[DP]  5.581435e-01
 iter:  53:1        |ddm|: 6.353718e-04     Tr[DP]  5.581440e-01
 iter:  53:2        |ddm|: 6.381343e-04     Tr[DP]  5.581452e-01
 iter:  54:1        |ddm|: 5.824496e-04     Tr[DP]  5.581450e-01
 iter:  54:2        |ddm|: 5.998684e-04     Tr[DP]  5.581466e-01
 iter:  55:1        |ddm|: 5.030870e-04     Tr[DP]  5.581455e-01
 iter:  55:2        |ddm|: 5.375812e-04     Tr[DP]  5.581467e-01
 iter:  56:1        |ddm|: 5.856754e-04     Tr[DP]  5.581471e-01
 iter:  56:2        |ddm|: 5.855342e-04     Tr[DP]  5.581489e-01
 iter:  57:1        |ddm|: 6.482332e-04     Tr[DP]  5.581497e-01
 iter:  57:2        |ddm|: 6.510349e-04     Tr[DP]  5.581525e-01
 iter:  58:1        |ddm|: 3.897281e-04     Tr[DP]  5.581504e-01
 iter:  58:2        |ddm|: 4.329986e-04     Tr[DP]  5.581522e-01
 iter:  59:1        |ddm|: 4.431310e-04     Tr[DP]  5.581517e-01
 iter:  59:2        |ddm|: 4.554061e-04     Tr[DP]  5.581534e-01
 iter:  60:1        |ddm|: 3.578244e-04     Tr[DP]  5.581520e-01
 iter:  60:2        |ddm|: 3.913777e-04     Tr[DP]  5.581530e-01
 iter:  61:1        |ddm|: 3.839981e-04     Tr[DP]  5.581525e-01
 iter:  61:2        |ddm|: 3.980092e-04     Tr[DP]  5.581534e-01
 iter:  62:1        |ddm|: 4.515292e-04     Tr[DP]  5.581504e-01
 iter:  62:2        |ddm|: 5.186320e-04     Tr[DP]  5.581493e-01
 iter:  63:1        |ddm|: 4.499846e-04     Tr[DP]  5.581503e-01
 iter:  63:2        |ddm|: 4.396915e-04     Tr[DP]  5.581499e-01
 iter:  64:1        |ddm|: 5.936867e-04     Tr[DP]  5.581522e-01
 iter:  64:2        |ddm|: 5.578158e-04     Tr[DP]  5.581537e-01
 iter:  65:1        |ddm|: 4.523627e-04     Tr[DP]  5.581539e-01
 iter:  65:2        |ddm|: 4.688475e-04     Tr[DP]  5.581559e-01
 iter:  66:1        |ddm|: 2.878968e-04     Tr[DP]  5.581543e-01
 iter:  66:2        |ddm|: 3.212551e-04     Tr[DP]  5.581556e-01
 iter:  67:1        |ddm|: 2.955614e-04     Tr[DP]  5.581547e-01
 iter:  67:2        |ddm|: 3.153596e-04     Tr[DP]  5.581555e-01
 iter:  68:1        |ddm|: 2.865884e-04     Tr[DP]  5.581547e-01
 iter:  68:2        |ddm|: 3.104925e-04     Tr[DP]  5.581552e-01
 iter:  69:1        |ddm|: 3.409646e-04     Tr[DP]  5.581555e-01
 iter:  69:2        |ddm|: 3.382127e-04     Tr[DP]  5.581564e-01
 iter:  70:1        |ddm|: 2.623852e-04     Tr[DP]  5.581555e-01
 iter:  70:2        |ddm|: 2.893671e-04     Tr[DP]  5.581558e-01
 iter:  71:1        |ddm|: 2.729180e-04     Tr[DP]  5.581554e-01
 iter:  71:2        |ddm|: 2.914703e-04     Tr[DP]  5.581556e-01
 iter:  72:1        |ddm|: 3.067652e-04     Tr[DP]  5.581559e-01
 iter:  72:2        |ddm|: 3.033537e-04     Tr[DP]  5.581565e-01
 iter:  73:1        |ddm|: 3.609884e-04     Tr[DP]  5.581573e-01
 iter:  73:2        |ddm|: 3.553370e-04     Tr[DP]  5.581586e-01
 iter:  74:1        |ddm|: 2.526909e-04     Tr[DP]  5.581581e-01
 iter:  74:2        |ddm|: 2.700201e-04     Tr[DP]  5.581593e-01
 iter:  75:1        |ddm|: 2.653236e-04     Tr[DP]  5.581591e-01
 iter:  75:2        |ddm|: 2.740377e-04     Tr[DP]  5.581605e-01
 iter:  76:1        |ddm|: 2.946337e-04     Tr[DP]  5.581606e-01
 iter:  76:2        |ddm|: 3.025490e-04     Tr[DP]  5.581623e-01
 iter:  77:1        |ddm|: 1.606897e-04     Tr[DP]  5.581609e-01
 iter:  77:2        |ddm|: 1.804494e-04     Tr[DP]  5.581619e-01
 iter:  78:1        |ddm|: 1.688556e-04     Tr[DP]  5.581613e-01
 iter:  78:2        |ddm|: 1.792866e-04     Tr[DP]  5.581619e-01
 iter:  79:1        |ddm|: 1.640066e-04     Tr[DP]  5.581615e-01
 iter:  79:2        |ddm|: 1.745265e-04     Tr[DP]  5.581619e-01
 iter:  80:1        |ddm|: 1.619793e-04     Tr[DP]  5.581615e-01
 iter:  80:2        |ddm|: 1.720662e-04     Tr[DP]  5.581618e-01
 iter:  81:1        |ddm|: 1.660555e-04     Tr[DP]  5.581617e-01
 iter:  81:2        |ddm|: 1.717285e-04     Tr[DP]  5.581620e-01
 iter:  82:1        |ddm|: 1.619783e-04     Tr[DP]  5.581619e-01
 iter:  82:2        |ddm|: 1.680575e-04     Tr[DP]  5.581622e-01
 iter:  83:1        |ddm|: 1.510418e-04     Tr[DP]  5.581619e-01
 iter:  83:2        |ddm|: 1.617792e-04     Tr[DP]  5.581621e-01
 iter:  84:1        |ddm|: 3.131228e-04     Tr[DP]  5.581635e-01
 iter:  84:2        |ddm|: 2.992180e-04     Tr[DP]  5.581647e-01
 iter:  85:1        |ddm|: 2.625147e-04     Tr[DP]  5.581651e-01
 iter:  85:2        |ddm|: 2.782014e-04     Tr[DP]  5.581667e-01
 iter:  86:1        |ddm|: 4.712504e-04     Tr[DP]  5.581682e-01
 iter:  86:2        |ddm|: 4.970540e-04     Tr[DP]  5.581712e-01
 iter:  87:1        |ddm|: 4.990583e-04     Tr[DP]  5.581660e-01
 iter:  87:2        |ddm|: 4.353709e-04     Tr[DP]  5.581654e-01
 iter:  88:1        |ddm|: 3.076829e-04     Tr[DP]  5.581641e-01
 iter:  88:2        |ddm|: 3.525394e-04     Tr[DP]  5.581624e-01
 iter:  89:1        |ddm|: 2.192460e-04     Tr[DP]  5.581641e-01
 iter:  89:2        |ddm|: 1.730331e-04     Tr[DP]  5.581636e-01
 iter:  90:1        |ddm|: 1.517308e-04     Tr[DP]  5.581642e-01
 iter:  90:2        |ddm|: 1.446627e-04     Tr[DP]  5.581643e-01
 iter:  91:1        |ddm|: 1.760219e-04     Tr[DP]  5.581649e-01
 iter:  91:2        |ddm|: 1.721598e-04     Tr[DP]  5.581655e-01
 iter:  92:1        |ddm|: 8.623161e-05     Tr[DP]  5.581650e-01
 iter:  92:2        |ddm|: 9.739741e-05     Tr[DP]  5.581653e-01
 iter:  93:1        |ddm|: 9.453176e-05     Tr[DP]  5.581651e-01
 iter:  93:2        |ddm|: 9.908285e-05     Tr[DP]  5.581654e-01
 iter:  94:1        |ddm|: 1.002617e-04     Tr[DP]  5.581654e-01
 iter:  94:2        |ddm|: 1.022043e-04     Tr[DP]  5.581657e-01
 iter:  95:1        |ddm|: 8.044279e-05     Tr[DP]  5.581653e-01
 iter:  95:2        |ddm|: 9.126727e-05     Tr[DP]  5.581653e-01
 iter:  96:1        |ddm|: 1.202049e-04     Tr[DP]  5.581657e-01
 iter:  96:2        |ddm|: 1.141262e-04     Tr[DP]  5.581660e-01
 iter:  97:1        |ddm|: 7.416196e-05     Tr[DP]  5.581657e-01
 iter:  97:2        |ddm|: 8.182842e-05     Tr[DP]  5.581659e-01
 iter:  98:1        |ddm|: 7.881688e-05     Tr[DP]  5.581658e-01
 iter:  98:2        |ddm|: 8.224669e-05     Tr[DP]  5.581660e-01
 iter:  99:1        |ddm|: 7.605200e-05     Tr[DP]  5.581659e-01
 iter:  99:2        |ddm|: 7.971525e-05     Tr[DP]  5.581660e-01
 iter: 100:1        |ddm|: 7.007264e-05     Tr[DP]  5.581658e-01
 iter: 100:2        |ddm|: 7.707162e-05     Tr[DP]  5.581659e-01
 iter: 101:1        |ddm|: 8.142302e-05     Tr[DP]  5.581660e-01
 iter: 101:2        |ddm|: 8.111629e-05     Tr[DP]  5.581661e-01
 iter: 102:1        |ddm|: 7.022443e-05     Tr[DP]  5.581660e-01
 iter: 102:2        |ddm|: 7.426100e-05     Tr[DP]  5.581661e-01
 iter: 103:1        |ddm|: 7.187454e-05     Tr[DP]  5.581661e-01
 iter: 103:2        |ddm|: 7.397229e-05     Tr[DP]  5.581662e-01
 iter: 104:1        |ddm|: 6.530841e-05     Tr[DP]  5.581661e-01
 iter: 104:2        |ddm|: 6.906982e-05     Tr[DP]  5.581663e-01
 iter: 105:1        |ddm|: 6.202735e-05     Tr[DP]  5.581661e-01
 iter: 105:2        |ddm|: 6.708017e-05     Tr[DP]  5.581662e-01
 iter: 106:1        |ddm|: 1.303048e-04     Tr[DP]  5.581668e-01
 iter: 106:2        |ddm|: 1.216174e-04     Tr[DP]  5.581672e-01
 iter: 107:1        |ddm|: 2.099775e-04     Tr[DP]  5.581681e-01
 iter: 107:2        |ddm|: 2.156296e-04     Tr[DP]  5.581692e-01
 iter: 108:1        |ddm|: 1.508289e-04     Tr[DP]  5.581675e-01
 iter: 108:2        |ddm|: 1.248030e-04     Tr[DP]  5.581675e-01
 iter: 109:1        |ddm|: 4.997699e-05     Tr[DP]  5.581675e-01
 iter: 109:2        |ddm|: 4.686942e-05     Tr[DP]  5.581675e-01
 iter: 110:1        |ddm|: 4.794580e-05     Tr[DP]  5.581673e-01
 iter: 110:2        |ddm|: 5.442752e-05     Tr[DP]  5.581672e-01
 iter: 111:1        |ddm|: 4.943332e-05     Tr[DP]  5.581672e-01
 iter: 111:2        |ddm|: 5.142618e-05     Tr[DP]  5.581671e-01
 iter: 112:1        |ddm|: 5.965171e-05     Tr[DP]  5.581673e-01
 iter: 112:2        |ddm|: 5.671287e-05     Tr[DP]  5.581674e-01
 iter: 113:1        |ddm|: 5.768367e-05     Tr[DP]  5.581675e-01
 iter: 113:2        |ddm|: 5.758373e-05     Tr[DP]  5.581677e-01
 iter: 114:1        |ddm|: 3.801551e-05     Tr[DP]  5.581676e-01
 iter: 114:2        |ddm|: 4.152160e-05     Tr[DP]  5.581678e-01
 iter: 115:1        |ddm|: 4.362440e-05     Tr[DP]  5.581678e-01
 iter: 115:2        |ddm|: 4.436206e-05     Tr[DP]  5.581679e-01
 iter: 116:1        |ddm|: 4.170458e-05     Tr[DP]  5.581679e-01
 iter: 116:2        |ddm|: 4.293366e-05     Tr[DP]  5.581681e-01
 iter: 117:1        |ddm|: 2.962450e-05     Tr[DP]  5.581679e-01
 iter: 117:2        |ddm|: 3.295032e-05     Tr[DP]  5.581680e-01
 iter: 118:1        |ddm|: 3.058850e-05     Tr[DP]  5.581679e-01
 iter: 118:2        |ddm|: 3.307551e-05     Tr[DP]  5.581680e-01
 iter: 119:1        |ddm|: 3.279767e-05     Tr[DP]  5.581680e-01
 iter: 119:2        |ddm|: 3.373777e-05     Tr[DP]  5.581680e-01
 iter: 120:1        |ddm|: 3.423203e-05     Tr[DP]  5.581680e-01
 iter: 120:2        |ddm|: 3.449572e-05     Tr[DP]  5.581681e-01
 iter: 121:1        |ddm|: 2.834650e-05     Tr[DP]  5.581680e-01
 iter: 121:2        |ddm|: 3.238483e-05     Tr[DP]  5.581680e-01
 iter: 122:1        |ddm|: 3.848377e-05     Tr[DP]  5.581681e-01
 iter: 122:2        |ddm|: 3.637152e-05     Tr[DP]  5.581682e-01
 iter: 123:1        |ddm|: 2.912681e-05     Tr[DP]  5.581681e-01
 iter: 123:2        |ddm|: 3.055190e-05     Tr[DP]  5.581682e-01
 iter: 124:1        |ddm|: 2.717745e-05     Tr[DP]  5.581682e-01
 iter: 124:2        |ddm|: 2.853379e-05     Tr[DP]  5.581682e-01
 iter: 125:1        |ddm|: 2.420075e-05     Tr[DP]  5.581682e-01
 iter: 125:2        |ddm|: 2.689000e-05     Tr[DP]  5.581682e-01
 iter: 126:1        |ddm|: 3.311432e-05     Tr[DP]  5.581683e-01
 iter: 126:2        |ddm|: 3.182567e-05     Tr[DP]  5.581683e-01
 iter: 127:1        |ddm|: 2.211090e-05     Tr[DP]  5.581682e-01
 iter: 127:2        |ddm|: 2.493693e-05     Tr[DP]  5.581683e-01
 iter: 128:1        |ddm|: 2.483165e-05     Tr[DP]  5.581682e-01
 iter: 128:2        |ddm|: 2.555453e-05     Tr[DP]  5.581683e-01
 iter: 129:1        |ddm|: 2.263224e-05     Tr[DP]  5.581682e-01
 iter: 129:2        |ddm|: 2.503327e-05     Tr[DP]  5.581682e-01
 iter: 130:1        |ddm|: 3.320194e-05     Tr[DP]  5.581683e-01
 iter: 130:2        |ddm|: 3.119216e-05     Tr[DP]  5.581684e-01
 iter: 131:1        |ddm|: 2.202084e-05     Tr[DP]  5.581684e-01
 iter: 131:2        |ddm|: 2.347885e-05     Tr[DP]  5.581684e-01
 iter: 132:1        |ddm|: 2.917062e-05     Tr[DP]  5.581685e-01
 iter: 132:2        |ddm|: 2.894241e-05     Tr[DP]  5.581686e-01
 iter: 133:1        |ddm|: 4.854524e-05     Tr[DP]  5.581688e-01
 iter: 133:2        |ddm|: 4.911672e-05     Tr[DP]  5.581691e-01
 iter: 134:1        |ddm|: 1.887610e-05     Tr[DP]  5.581688e-01
 iter: 134:2        |ddm|: 1.674037e-05     Tr[DP]  5.581688e-01
 iter: 135:1        |ddm|: 1.359441e-05     Tr[DP]  5.581688e-01
 iter: 135:2        |ddm|: 1.454352e-05     Tr[DP]  5.581688e-01
 iter: 136:1        |ddm|: 1.467876e-05     Tr[DP]  5.581688e-01
 iter: 136:2        |ddm|: 1.511730e-05     Tr[DP]  5.581688e-01
 iter: 137:1        |ddm|: 1.475322e-05     Tr[DP]  5.581688e-01
 iter: 137:2        |ddm|: 1.512656e-05     Tr[DP]  5.581689e-01
 iter: 138:1        |ddm|: 1.325125e-05     Tr[DP]  5.581688e-01
 iter: 138:2        |ddm|: 1.411429e-05     Tr[DP]  5.581689e-01
 iter: 139:1        |ddm|: 3.088011e-05     Tr[DP]  5.581690e-01
 iter: 139:2        |ddm|: 2.955838e-05     Tr[DP]  5.581691e-01
 iter: 140:1        |ddm|: 6.954586e-05     Tr[DP]  5.581686e-01
 iter: 140:2        |ddm|: 6.775302e-05     Tr[DP]  5.581683e-01
 iter: 141:1        |ddm|: 2.903464e-05     Tr[DP]  5.581684e-01
 iter: 141:2        |ddm|: 3.008683e-05     Tr[DP]  5.581682e-01
 iter: 142:1        |ddm|: 1.041420e-04     Tr[DP]  5.581690e-01
 iter: 142:2        |ddm|: 9.660293e-05     Tr[DP]  5.581693e-01
 iter: 143:1        |ddm|: 2.254397e-05     Tr[DP]  5.581690e-01
 iter: 143:2        |ddm|: 1.433999e-05     Tr[DP]  5.581691e-01
 iter: 144:1        |ddm|: 8.624734e-06     Tr[DP]  5.581690e-01
 iter: 144:2        |ddm|: 9.411898e-06     Tr[DP]  5.581691e-01
 iter: 145:1        |ddm|: 1.096065e-05     Tr[DP]  5.581690e-01
 iter: 145:2        |ddm|: 1.242359e-05     Tr[DP]  5.581690e-01
 iter: 146:1        |ddm|: 1.613206e-05     Tr[DP]  5.581690e-01
 iter: 146:2        |ddm|: 1.503653e-05     Tr[DP]  5.581691e-01
 iter: 147:1        |ddm|: 9.431522e-06     Tr[DP]  5.581691e-01
 iter: 147:2        |ddm|: 1.009973e-05     Tr[DP]  5.581691e-01
 iter: 148:1        |ddm|: 7.938057e-06     Tr[DP]  5.581691e-01
 iter: 148:2        |ddm|: 8.591184e-06     Tr[DP]  5.581691e-01
 iter: 149:1        |ddm|: 7.705703e-06     Tr[DP]  5.581691e-01
 iter: 149:2        |ddm|: 8.243153e-06     Tr[DP]  5.581691e-01
 iter: 150:1        |ddm|: 9.870374e-06     Tr[DP]  5.581691e-01
 iter: 150:2        |ddm|: 9.839543e-06     Tr[DP]  5.581692e-01
 iter: 151:1        |ddm|: 8.624113e-06     Tr[DP]  5.581692e-01
 iter: 151:2        |ddm|: 8.893619e-06     Tr[DP]  5.581692e-01
 iter: 152:1        |ddm|: 6.161746e-06     Tr[DP]  5.581692e-01
 iter: 152:2        |ddm|: 6.754563e-06     Tr[DP]  5.581692e-01
 iter: 153:1        |ddm|: 6.109683e-06     Tr[DP]  5.581692e-01
 iter: 153:2        |ddm|: 6.549471e-06     Tr[DP]  5.581692e-01
 iter: 154:1        |ddm|: 6.255550e-06     Tr[DP]  5.581692e-01
 iter: 154:2        |ddm|: 6.554668e-06     Tr[DP]  5.581692e-01
 iter: 155:1        |ddm|: 6.023244e-06     Tr[DP]  5.581692e-01
 iter: 155:2        |ddm|: 6.385860e-06     Tr[DP]  5.581692e-01
 iter: 156:1        |ddm|: 5.894488e-06     Tr[DP]  5.581692e-01
 iter: 156:2        |ddm|: 6.299519e-06     Tr[DP]  5.581692e-01
 iter: 157:1        |ddm|: 6.259438e-06     Tr[DP]  5.581692e-01
 iter: 157:2        |ddm|: 6.388866e-06     Tr[DP]  5.581692e-01
 iter: 158:1        |ddm|: 5.850633e-06     Tr[DP]  5.581692e-01
 iter: 158:2        |ddm|: 6.088191e-06     Tr[DP]  5.581692e-01
 iter: 159:1        |ddm|: 5.823711e-06     Tr[DP]  5.581692e-01
 iter: 159:2        |ddm|: 5.985830e-06     Tr[DP]  5.581692e-01
 iter: 160:1        |ddm|: 5.488923e-06     Tr[DP]  5.581692e-01
 iter: 160:2        |ddm|: 5.711913e-06     Tr[DP]  5.581692e-01
 iter: 161:1        |ddm|: 4.890073e-06     Tr[DP]  5.581692e-01
 iter: 161:2        |ddm|: 5.482073e-06     Tr[DP]  5.581692e-01
 iter: 162:1        |ddm|: 5.739727e-06     Tr[DP]  5.581692e-01
 iter: 162:2        |ddm|: 5.701173e-06     Tr[DP]  5.581692e-01
 iter: 163:1        |ddm|: 5.938420e-06     Tr[DP]  5.581692e-01
 iter: 163:2        |ddm|: 5.881666e-06     Tr[DP]  5.581692e-01
 iter: 164:1        |ddm|: 4.465830e-06     Tr[DP]  5.581692e-01
 iter: 164:2        |ddm|: 5.060131e-06     Tr[DP]  5.581692e-01
 iter: 165:1        |ddm|: 6.410904e-06     Tr[DP]  5.581692e-01
 iter: 165:2        |ddm|: 6.109126e-06     Tr[DP]  5.581693e-01
 iter: 166:1        |ddm|: 4.105307e-06     Tr[DP]  5.581692e-01
 iter: 166:2        |ddm|: 4.652945e-06     Tr[DP]  5.581692e-01
 iter: 167:1        |ddm|: 6.579364e-06     Tr[DP]  5.581693e-01
 iter: 167:2        |ddm|: 6.085015e-06     Tr[DP]  5.581693e-01
 iter: 168:1        |ddm|: 4.703189e-06     Tr[DP]  5.581693e-01
 iter: 168:2        |ddm|: 4.953559e-06     Tr[DP]  5.581693e-01
 iter: 169:1        |ddm|: 7.255610e-06     Tr[DP]  5.581692e-01
 iter: 169:2        |ddm|: 7.723715e-06     Tr[DP]  5.581692e-01
 iter: 170:1        |ddm|: 1.604031e-05     Tr[DP]  5.581693e-01
 iter: 170:2        |ddm|: 1.475574e-05     Tr[DP]  5.581694e-01
 iter: 171:1        |ddm|: 3.543828e-06     Tr[DP]  5.581693e-01
 iter: 171:2        |ddm|: 3.879292e-06     Tr[DP]  5.581694e-01
 iter: 172:1        |ddm|: 2.913692e-06     Tr[DP]  5.581694e-01
 iter: 172:2        |ddm|: 3.216549e-06     Tr[DP]  5.581694e-01
 iter: 173:1        |ddm|: 2.478267e-06     Tr[DP]  5.581694e-01
 iter: 173:2        |ddm|: 2.714481e-06     Tr[DP]  5.581694e-01
 iter: 174:1        |ddm|: 2.488874e-06     Tr[DP]  5.581694e-01
 iter: 174:2        |ddm|: 2.581310e-06     Tr[DP]  5.581694e-01
 iter: 175:1        |ddm|: 2.301813e-06     Tr[DP]  5.581694e-01
 iter: 175:2        |ddm|: 2.428130e-06     Tr[DP]  5.581694e-01
 iter: 176:1        |ddm|: 2.388012e-06     Tr[DP]  5.581694e-01
 iter: 176:2        |ddm|: 2.492406e-06     Tr[DP]  5.581694e-01
 iter: 177:1        |ddm|: 1.805811e-06     Tr[DP]  5.581694e-01
 iter: 177:2        |ddm|: 1.998046e-06     Tr[DP]  5.581694e-01
 iter: 178:1        |ddm|: 1.999382e-06     Tr[DP]  5.581694e-01
 iter: 178:2        |ddm|: 2.066758e-06     Tr[DP]  5.581694e-01
 iter: 179:1        |ddm|: 1.798470e-06     Tr[DP]  5.581694e-01
 iter: 179:2        |ddm|: 2.007801e-06     Tr[DP]  5.581694e-01
 iter: 180:1        |ddm|: 2.071276e-06     Tr[DP]  5.581694e-01
 iter: 180:2        |ddm|: 2.083351e-06     Tr[DP]  5.581694e-01
 iter: 181:1        |ddm|: 1.850979e-06     Tr[DP]  5.581694e-01
 iter: 181:2        |ddm|: 1.945261e-06     Tr[DP]  5.581694e-01
 iter: 182:1        |ddm|: 1.887634e-06     Tr[DP]  5.581694e-01
 iter: 182:2        |ddm|: 1.932704e-06     Tr[DP]  5.581694e-01
 iter: 183:1        |ddm|: 1.762730e-06     Tr[DP]  5.581694e-01
 iter: 183:2        |ddm|: 1.835308e-06     Tr[DP]  5.581694e-01
 iter: 184:1        |ddm|: 1.600181e-06     Tr[DP]  5.581694e-01
 iter: 184:2        |ddm|: 1.736118e-06     Tr[DP]  5.581694e-01
 iter: 185:1        |ddm|: 1.705567e-06     Tr[DP]  5.581694e-01
 iter: 185:2        |ddm|: 1.928733e-06     Tr[DP]  5.581694e-01
 iter: 186:1        |ddm|: 2.018885e-06     Tr[DP]  5.581694e-01
 iter: 186:2        |ddm|: 1.895530e-06     Tr[DP]  5.581694e-01
 iter: 187:1        |ddm|: 2.699318e-06     Tr[DP]  5.581694e-01
 iter: 187:2        |ddm|: 2.717505e-06     Tr[DP]  5.581694e-01
 iter: 188:1        |ddm|: 2.041351e-06     Tr[DP]  5.581694e-01
 iter: 188:2        |ddm|: 2.034314e-06     Tr[DP]  5.581694e-01
 iter: 189:1        |ddm|: 1.542607e-06     Tr[DP]  5.581694e-01
 iter: 189:2        |ddm|: 1.659177e-06     Tr[DP]  5.581694e-01
 iter: 190:1        |ddm|: 1.842973e-06     Tr[DP]  5.581694e-01
 iter: 190:2        |ddm|: 1.930614e-06     Tr[DP]  5.581694e-01
 iter: 191:1        |ddm|: 9.259589e-07     Tr[DP]  5.581694e-01
 iter: 191:2        |ddm|: 1.014867e-06     Tr[DP]  5.581694e-01
 iter: 192:1        |ddm|: 9.660299e-07     Tr[DP]  5.581694e-01
 iter: 192:2        |ddm|: 1.025045e-06     Tr[DP]  5.581694e-01
 iter: 193:1        |ddm|: 1.013011e-06     Tr[DP]  5.581694e-01
 iter: 193:2        |ddm|: 1.047525e-06     Tr[DP]  5.581694e-01
 iter: 194:1        |ddm|: 1.085294e-06     Tr[DP]  5.581694e-01
 iter: 194:2        |ddm|: 1.105881e-06     Tr[DP]  5.581694e-01
 iter: 195:1        |ddm|: 8.683096e-07     Tr[DP]  5.581694e-01
 iter: 195:2        |ddm|: 9.372154e-07     Tr[DP]  5.581694e-01
 iter: 196:1        |ddm|: 8.751818e-07     Tr[DP]  5.581694e-01
 iter: 196:2        |ddm|: 9.339603e-07     Tr[DP]  5.581694e-01
 iter: 197:1        |ddm|: 8.705045e-07     Tr[DP]  5.581694e-01
 iter: 197:2        |ddm|: 9.177979e-07     Tr[DP]  5.581694e-01
 iter: 198:1        |ddm|: 9.127429e-07     Tr[DP]  5.581694e-01
 iter: 198:2        |ddm|: 9.277703e-07     Tr[DP]  5.581694e-01
 iter: 199:1        |ddm|: 8.702711e-07     Tr[DP]  5.581694e-01
 iter: 199:2        |ddm|: 9.006321e-07     Tr[DP]  5.581694e-01
 iter: 200:1        |ddm|: 8.459635e-07     Tr[DP]  5.581694e-01
 iter: 200:2        |ddm|: 8.738810e-07     Tr[DP]  5.581694e-01
 iter: 201:1        |ddm|: 7.758727e-07     Tr[DP]  5.581694e-01
 iter: 201:2        |ddm|: 8.292593e-07     Tr[DP]  5.581694e-01
 iter: 202:1        |ddm|: 7.520310e-07     Tr[DP]  5.581694e-01
 iter: 202:2        |ddm|: 8.425380e-07     Tr[DP]  5.581694e-01
 iter: 203:1        |ddm|: 1.106032e-06     Tr[DP]  5.581694e-01
 iter: 203:2        |ddm|: 1.049444e-06     Tr[DP]  5.581694e-01
 iter: 204:1        |ddm|: 8.803838e-07     Tr[DP]  5.581694e-01
 iter: 204:2        |ddm|: 8.801686e-07     Tr[DP]  5.581695e-01
 iter: 205:1        |ddm|: 1.234788e-06     Tr[DP]  5.581695e-01
 iter: 205:2        |ddm|: 1.275910e-06     Tr[DP]  5.581695e-01
 iter: 206:1        |ddm|: 8.895971e-07     Tr[DP]  5.581695e-01
 iter: 206:2        |ddm|: 9.704496e-07     Tr[DP]  5.581695e-01
 iter: 207:1        |ddm|: 4.988647e-07     Tr[DP]  5.581695e-01
 iter: 207:2        |ddm|: 5.187512e-07     Tr[DP]  5.581695e-01
 iter: 208:1        |ddm|: 5.203774e-07     Tr[DP]  5.581695e-01
 iter: 208:2        |ddm|: 5.314405e-07     Tr[DP]  5.581695e-01
 iter: 209:1        |ddm|: 4.770236e-07     Tr[DP]  5.581695e-01
 iter: 209:2        |ddm|: 5.002911e-07     Tr[DP]  5.581695e-01
 iter: 210:1        |ddm|: 4.657921e-07     Tr[DP]  5.581695e-01
 iter: 210:2        |ddm|: 4.876437e-07     Tr[DP]  5.581695e-01
 iter: 211:1        |ddm|: 4.556994e-07     Tr[DP]  5.581695e-01
 iter: 211:2        |ddm|: 4.783902e-07     Tr[DP]  5.581695e-01
 iter: 212:1        |ddm|: 4.370492e-07     Tr[DP]  5.581695e-01
 iter: 212:2        |ddm|: 4.634464e-07     Tr[DP]  5.581695e-01
 iter: 213:1        |ddm|: 4.190251e-07     Tr[DP]  5.581695e-01
 iter: 213:2        |ddm|: 4.664860e-07     Tr[DP]  5.581695e-01
 iter: 214:1        |ddm|: 5.457576e-07     Tr[DP]  5.581695e-01
 iter: 214:2        |ddm|: 5.160194e-07     Tr[DP]  5.581695e-01
 iter: 215:1        |ddm|: 4.074384e-07     Tr[DP]  5.581695e-01
 iter: 215:2        |ddm|: 4.360496e-07     Tr[DP]  5.581695e-01
 iter: 216:1        |ddm|: 3.994446e-07     Tr[DP]  5.581695e-01
 iter: 216:2        |ddm|: 4.220369e-07     Tr[DP]  5.581695e-01
 iter: 217:1        |ddm|: 4.430547e-07     Tr[DP]  5.581695e-01
 iter: 217:2        |ddm|: 4.394621e-07     Tr[DP]  5.581695e-01
 iter: 218:1        |ddm|: 3.447114e-07     Tr[DP]  5.581695e-01
 iter: 218:2        |ddm|: 3.791358e-07     Tr[DP]  5.581695e-01
 iter: 219:1        |ddm|: 3.956250e-07     Tr[DP]  5.581695e-01
 iter: 219:2        |ddm|: 4.296105e-07     Tr[DP]  5.581695e-01
 iter: 220:1        |ddm|: 5.276355e-07     Tr[DP]  5.581695e-01
 iter: 220:2        |ddm|: 5.127715e-07     Tr[DP]  5.581695e-01
 iter: 221:1        |ddm|: 4.728113e-07     Tr[DP]  5.581695e-01
 iter: 221:2        |ddm|: 4.214833e-07     Tr[DP]  5.581695e-01
 iter: 222:1        |ddm|: 3.575597e-07     Tr[DP]  5.581695e-01
 iter: 222:2        |ddm|: 3.736101e-07     Tr[DP]  5.581695e-01
 iter: 223:1        |ddm|: 7.151375e-07     Tr[DP]  5.581695e-01
 iter: 223:2        |ddm|: 6.777268e-07     Tr[DP]  5.581695e-01
 iter: 224:1        |ddm|: 3.484605e-07     Tr[DP]  5.581695e-01
 iter: 224:2        |ddm|: 3.075061e-07     Tr[DP]  5.581695e-01
 iter: 225:1        |ddm|: 1.907676e-07     Tr[DP]  5.581695e-01
 iter: 225:2        |ddm|: 2.077851e-07     Tr[DP]  5.581695e-01
 iter: 226:1        |ddm|: 1.987336e-07     Tr[DP]  5.581695e-01
 iter: 226:2        |ddm|: 2.106401e-07     Tr[DP]  5.581695e-01
 iter: 227:1        |ddm|: 2.118657e-07     Tr[DP]  5.581695e-01
 iter: 227:2        |ddm|: 2.200946e-07     Tr[DP]  5.581695e-01
 iter: 228:1        |ddm|: 2.036876e-07     Tr[DP]  5.581695e-01
 iter: 228:2        |ddm|: 2.112379e-07     Tr[DP]  5.581695e-01
 iter: 229:1        |ddm|: 1.901844e-07     Tr[DP]  5.581695e-01
 iter: 229:2        |ddm|: 2.038552e-07     Tr[DP]  5.581695e-01
 iter: 230:1        |ddm|: 1.930158e-07     Tr[DP]  5.581695e-01
 iter: 230:2        |ddm|: 2.002317e-07     Tr[DP]  5.581695e-01
 iter: 231:1        |ddm|: 1.864961e-07     Tr[DP]  5.581695e-01
 iter: 231:2        |ddm|: 1.954247e-07     Tr[DP]  5.581695e-01
 iter: 232:1        |ddm|: 1.975725e-07     Tr[DP]  5.581695e-01
 iter: 232:2        |ddm|: 1.962148e-07     Tr[DP]  5.581695e-01
 iter: 233:1        |ddm|: 1.889524e-07     Tr[DP]  5.581695e-01
 iter: 233:2        |ddm|: 1.862562e-07     Tr[DP]  5.581695e-01
 iter: 234:1        |ddm|: 1.828219e-07     Tr[DP]  5.581695e-01
 iter: 234:2        |ddm|: 1.752582e-07     Tr[DP]  5.581695e-01
 iter: 235:1        |ddm|: 2.291913e-07     Tr[DP]  5.581695e-01
 iter: 235:2        |ddm|: 1.932732e-07     Tr[DP]  5.581695e-01
 iter: 236:1        |ddm|: 1.762598e-07     Tr[DP]  5.581695e-01
 iter: 236:2        |ddm|: 2.087628e-07     Tr[DP]  5.581695e-01
 iter: 237:1        |ddm|: 3.408597e-07     Tr[DP]  5.581695e-01
 iter: 237:2        |ddm|: 2.839241e-07     Tr[DP]  5.581695e-01
 iter: 238:1        |ddm|: 2.093334e-07     Tr[DP]  5.581695e-01
 iter: 238:2        |ddm|: 2.366634e-07     Tr[DP]  5.581695e-01
 iter: 239:1        |ddm|: 2.191019e-07     Tr[DP]  5.581695e-01
 iter: 239:2        |ddm|: 2.349689e-07     Tr[DP]  5.581695e-01
 iter: 240:1        |ddm|: 1.035005e-07     Tr[DP]  5.581695e-01
 iter: 240:2        |ddm|: 1.178213e-07     Tr[DP]  5.581695e-01
 iter: 241:1        |ddm|: 1.011857e-07     Tr[DP]  5.581695e-01
 iter: 241:2        |ddm|: 1.094463e-07     Tr[DP]  5.581695e-01
 iter: 242:1        |ddm|: 1.021408e-07     Tr[DP]  5.581695e-01
 iter: 242:2        |ddm|: 1.072387e-07     Tr[DP]  5.581695e-01
 iter: 243:1        |ddm|: 1.013327e-07     Tr[DP]  5.581695e-01
 iter: 243:2        |ddm|: 1.065134e-07     Tr[DP]  5.581695e-01
 iter: 244:1        |ddm|: 9.791994e-08     Tr[DP]  5.581695e-01
 iter: 244:2        |ddm|: 1.029221e-07     Tr[DP]  5.581695e-01
 iter: 245:1        |ddm|: 1.056005e-07     Tr[DP]  5.581695e-01
 iter: 245:2        |ddm|: 1.204578e-07     Tr[DP]  5.581695e-01
 iter: 246:1        |ddm|: 1.483528e-07     Tr[DP]  5.581695e-01
 iter: 246:2        |ddm|: 1.342641e-07     Tr[DP]  5.581695e-01
 iter: 247:1        |ddm|: 9.002105e-08     Tr[DP]  5.581695e-01
 iter: 247:2        |ddm|: 9.694202e-08     Tr[DP]  5.581695e-01
 iter: 248:1        |ddm|: 8.941649e-08     Tr[DP]  5.581695e-01
 iter: 248:2        |ddm|: 9.338193e-08     Tr[DP]  5.581695e-01
 iter: 249:1        |ddm|: 8.841659e-08     Tr[DP]  5.581695e-01
 iter: 249:2        |ddm|: 9.025978e-08     Tr[DP]  5.581695e-01
 iter: 250:1        |ddm|: 9.361497e-08     Tr[DP]  5.581695e-01
 iter: 250:2        |ddm|: 9.259026e-08     Tr[DP]  5.581695e-01
 iter: 251:1        |ddm|: 1.914257e-07     Tr[DP]  5.581695e-01
 iter: 251:2        |ddm|: 1.892076e-07     Tr[DP]  5.581695e-01
 iter: 252:1        |ddm|: 9.715047e-08     Tr[DP]  5.581695e-01
 iter: 252:2        |ddm|: 9.255865e-08     Tr[DP]  5.581695e-01
 iter: 253:1        |ddm|: 7.234015e-08     Tr[DP]  5.581695e-01
 iter: 253:2        |ddm|: 7.033332e-08     Tr[DP]  5.581695e-01
 iter: 254:1        |ddm|: 6.485668e-08     Tr[DP]  5.581695e-01
 iter: 254:2        |ddm|: 6.732213e-08     Tr[DP]  5.581695e-01
 iter: 255:1        |ddm|: 6.189559e-08     Tr[DP]  5.581695e-01
 iter: 255:2        |ddm|: 6.457626e-08     Tr[DP]  5.581695e-01
 iter: 256:1        |ddm|: 5.954471e-08     Tr[DP]  5.581695e-01
 iter: 256:2        |ddm|: 6.210570e-08     Tr[DP]  5.581695e-01
 iter: 257:1        |ddm|: 5.759630e-08     Tr[DP]  5.581695e-01
 iter: 257:2        |ddm|: 6.004243e-08     Tr[DP]  5.581695e-01
 iter: 258:1        |ddm|: 7.201055e-08     Tr[DP]  5.581695e-01
 iter: 258:2        |ddm|: 7.318864e-08     Tr[DP]  5.581695e-01
 iter: 259:1        |ddm|: 5.046172e-08     Tr[DP]  5.581695e-01
 iter: 259:2        |ddm|: 5.240051e-08     Tr[DP]  5.581695e-01
 iter: 260:1        |ddm|: 5.070518e-08     Tr[DP]  5.581695e-01
 iter: 260:2        |ddm|: 5.235981e-08     Tr[DP]  5.581695e-01
 iter: 261:1        |ddm|: 5.208470e-08     Tr[DP]  5.581695e-01
 iter: 261:2        |ddm|: 5.284586e-08     Tr[DP]  5.581695e-01
 iter: 262:1        |ddm|: 4.677664e-08     Tr[DP]  5.581695e-01
 iter: 262:2        |ddm|: 4.872134e-08     Tr[DP]  5.581695e-01
 iter: 263:1        |ddm|: 4.554064e-08     Tr[DP]  5.581695e-01
 iter: 263:2        |ddm|: 4.351882e-08     Tr[DP]  5.581695e-01
 iter: 264:1        |ddm|: 3.856971e-08     Tr[DP]  5.581695e-01
 iter: 264:2        |ddm|: 4.122343e-08     Tr[DP]  5.581695e-01
 iter: 265:1        |ddm|: 7.417823e-08     Tr[DP]  5.581695e-01
 iter: 265:2        |ddm|: 6.294696e-08     Tr[DP]  5.581695e-01
 iter: 266:1        |ddm|: 7.270816e-08     Tr[DP]  5.581695e-01
 iter: 266:2        |ddm|: 4.065064e-08     Tr[DP]  5.581695e-01
 iter: 267:1        |ddm|: 3.318626e-08     Tr[DP]  5.581695e-01
 iter: 267:2        |ddm|: 3.605033e-08     Tr[DP]  5.581695e-01
 iter: 268:1        |ddm|: 3.362859e-08     Tr[DP]  5.581695e-01
 iter: 268:2        |ddm|: 3.477392e-08     Tr[DP]  5.581695e-01
 iter: 269:1        |ddm|: 3.267248e-08     Tr[DP]  5.581695e-01
 iter: 269:2        |ddm|: 3.391417e-08     Tr[DP]  5.581695e-01
 iter: 270:1        |ddm|: 3.171982e-08     Tr[DP]  5.581695e-01
 iter: 270:2        |ddm|: 3.304730e-08     Tr[DP]  5.581695e-01
 iter: 271:1        |ddm|: 3.078179e-08     Tr[DP]  5.581695e-01
 iter: 271:2        |ddm|: 3.200880e-08     Tr[DP]  5.581695e-01
 iter: 272:1        |ddm|: 5.734139e-08     Tr[DP]  5.581695e-01
 iter: 272:2        |ddm|: 3.873119e-08     Tr[DP]  5.581695e-01
 iter: 273:1        |ddm|: 6.161543e-08     Tr[DP]  5.581695e-01
 iter: 273:2        |ddm|: 3.181468e-08     Tr[DP]  5.581695e-01
 iter: 274:1        |ddm|: 2.489128e-08     Tr[DP]  5.581695e-01
 iter: 274:2        |ddm|: 2.733539e-08     Tr[DP]  5.581695e-01
 iter: 275:1        |ddm|: 2.482471e-08     Tr[DP]  5.581695e-01
 iter: 275:2        |ddm|: 2.592654e-08     Tr[DP]  5.581695e-01
 iter: 276:1        |ddm|: 2.432239e-08     Tr[DP]  5.581695e-01
 iter: 276:2        |ddm|: 2.504617e-08     Tr[DP]  5.581695e-01
 iter: 277:1        |ddm|: 2.377017e-08     Tr[DP]  5.581695e-01
 iter: 277:2        |ddm|: 2.439236e-08     Tr[DP]  5.581695e-01
 iter: 278:1        |ddm|: 2.318089e-08     Tr[DP]  5.581695e-01
 iter: 278:2        |ddm|: 2.380268e-08     Tr[DP]  5.581695e-01
 iter: 279:1        |ddm|: 3.832282e-08     Tr[DP]  5.581695e-01
 iter: 279:2        |ddm|: 2.490327e-08     Tr[DP]  5.581695e-01
 iter: 280:1        |ddm|: 4.125763e-08     Tr[DP]  5.581695e-01
 iter: 280:2        |ddm|: 2.460735e-08     Tr[DP]  5.581695e-01
 iter: 281:1        |ddm|: 1.923015e-08     Tr[DP]  5.581695e-01
 iter: 281:2        |ddm|: 2.108918e-08     Tr[DP]  5.581695e-01
 iter: 282:1        |ddm|: 1.895680e-08     Tr[DP]  5.581695e-01
 iter: 282:2        |ddm|: 1.994515e-08     Tr[DP]  5.581695e-01
 iter: 283:1        |ddm|: 2.179443e-08     Tr[DP]  5.581695e-01
 iter: 283:2        |ddm|: 1.883053e-08     Tr[DP]  5.581695e-01
 iter: 284:1        |ddm|: 1.875872e-08     Tr[DP]  5.581695e-01
 iter: 284:2        |ddm|: 1.866689e-08     Tr[DP]  5.581695e-01
 iter: 285:1        |ddm|: 1.760970e-08     Tr[DP]  5.581695e-01
 iter: 285:2        |ddm|: 1.826261e-08     Tr[DP]  5.581695e-01
 iter: 286:1        |ddm|: 2.104446e-08     Tr[DP]  5.581695e-01
 iter: 286:2        |ddm|: 1.745474e-08     Tr[DP]  5.581695e-01
 iter: 287:1        |ddm|: 1.800095e-08     Tr[DP]  5.581695e-01
 iter: 287:2        |ddm|: 1.713878e-08     Tr[DP]  5.581695e-01
 iter: 288:1        |ddm|: 1.624609e-08     Tr[DP]  5.581695e-01
 iter: 288:2        |ddm|: 1.650067e-08     Tr[DP]  5.581695e-01
 iter: 289:1        |ddm|: 1.498667e-08     Tr[DP]  5.581695e-01
 iter: 289:2        |ddm|: 1.566979e-08     Tr[DP]  5.581695e-01
 iter: 290:1        |ddm|: 1.455694e-08     Tr[DP]  5.581695e-01
 iter: 290:2        |ddm|: 1.467953e-08     Tr[DP]  5.581695e-01
 iter: 291:1        |ddm|: 1.364355e-08     Tr[DP]  5.581695e-01
 iter: 291:2        |ddm|: 1.408955e-08     Tr[DP]  5.581695e-01
 iter: 292:1        |ddm|: 1.317718e-08     Tr[DP]  5.581695e-01
 iter: 292:2        |ddm|: 1.365829e-08     Tr[DP]  5.581695e-01
 iter: 293:1        |ddm|: 1.364638e-08     Tr[DP]  5.581695e-01
 iter: 293:2        |ddm|: 1.300639e-08     Tr[DP]  5.581695e-01
 iter: 294:1        |ddm|: 1.227496e-08     Tr[DP]  5.581695e-01
 iter: 294:2        |ddm|: 1.267447e-08     Tr[DP]  5.581695e-01
 iter: 295:1        |ddm|: 1.203724e-08     Tr[DP]  5.581695e-01
 iter: 295:2        |ddm|: 1.241453e-08     Tr[DP]  5.581695e-01
 iter: 296:1        |ddm|: 1.162788e-08     Tr[DP]  5.581695e-01
 iter: 296:2        |ddm|: 1.202700e-08     Tr[DP]  5.581695e-01
 iter: 297:1        |ddm|: 1.088874e-08     Tr[DP]  5.581695e-01
 iter: 297:2        |ddm|: 1.142142e-08     Tr[DP]  5.581695e-01
 iter: 298:1        |ddm|: 1.045816e-08     Tr[DP]  5.581695e-01
 iter: 298:2        |ddm|: 1.088589e-08     Tr[DP]  5.581695e-01
 iter: 299:1        |ddm|: 1.004844e-08     Tr[DP]  5.581695e-01
 iter: 299:2        |ddm|: 1.044307e-08     Tr[DP]  5.581695e-01
 iter: 300:1        |ddm|: 9.860936e-09     Tr[DP]  5.581695e-01
 iter: 300:2        |ddm|: 9.932928e-09     Tr[DP]  5.581695e-01
 iter: 301:1        |ddm|: 9.352510e-09     Tr[DP]  5.581695e-01
 iter: 301:2        |ddm|: 9.556569e-09     Tr[DP]  5.581695e-01
 iter: 302:1        |ddm|: 8.949168e-09     Tr[DP]  5.581695e-01
 iter: 302:2        |ddm|: 9.292888e-09     Tr[DP]  5.581695e-01
 iter: 303:1        |ddm|: 8.714827e-09     Tr[DP]  5.581695e-01
 iter: 303:2        |ddm|: 9.052395e-09     Tr[DP]  5.581695e-01
 iter: 304:1        |ddm|: 8.324869e-09     Tr[DP]  5.581695e-01
 iter: 304:2        |ddm|: 8.720349e-09     Tr[DP]  5.581695e-01
 iter: 305:1        |ddm|: 7.988366e-09     Tr[DP]  5.581695e-01
 iter: 305:2        |ddm|: 8.359113e-09     Tr[DP]  5.581695e-01
 iter: 306:1        |ddm|: 7.680356e-09     Tr[DP]  5.581695e-01
 iter: 306:2        |ddm|: 8.016672e-09     Tr[DP]  5.581695e-01
 iter: 307:1        |ddm|: 7.406074e-09     Tr[DP]  5.581695e-01
 iter: 307:2        |ddm|: 7.639655e-09     Tr[DP]  5.581695e-01
 iter: 308:1        |ddm|: 7.139175e-09     Tr[DP]  5.581695e-01
 iter: 308:2        |ddm|: 7.302429e-09     Tr[DP]  5.581695e-01
 iter: 309:1        |ddm|: 6.815654e-09     Tr[DP]  5.581695e-01
 iter: 309:2        |ddm|: 7.033483e-09     Tr[DP]  5.581695e-01
 iter: 310:1        |ddm|: 6.558200e-09     Tr[DP]  5.581695e-01
 iter: 310:2        |ddm|: 6.819259e-09     Tr[DP]  5.581695e-01
 iter: 311:1        |ddm|: 6.324676e-09     Tr[DP]  5.581695e-01
 iter: 311:2        |ddm|: 6.600479e-09     Tr[DP]  5.581695e-01
 iter: 312:1        |ddm|: 6.085539e-09     Tr[DP]  5.581695e-01
 iter: 312:2        |ddm|: 6.362952e-09     Tr[DP]  5.581695e-01
 iter: 313:1        |ddm|: 5.854862e-09     Tr[DP]  5.581695e-01
 iter: 313:2        |ddm|: 6.120985e-09     Tr[DP]  5.581695e-01
 iter: 314:1        |ddm|: 5.620438e-09     Tr[DP]  5.581695e-01
 iter: 314:2        |ddm|: 5.858374e-09     Tr[DP]  5.581695e-01
 iter: 315:1        |ddm|: 5.420916e-09     Tr[DP]  5.581695e-01
 iter: 315:2        |ddm|: 5.598431e-09     Tr[DP]  5.581695e-01
 iter: 316:1        |ddm|: 5.207719e-09     Tr[DP]  5.581695e-01
 iter: 316:2        |ddm|: 5.366844e-09     Tr[DP]  5.581695e-01
 iter: 317:1        |ddm|: 4.990149e-09     Tr[DP]  5.581695e-01
 iter: 317:2        |ddm|: 5.172410e-09     Tr[DP]  5.581695e-01
 iter: 318:1        |ddm|: 4.801880e-09     Tr[DP]  5.581695e-01
 iter: 318:2        |ddm|: 4.997585e-09     Tr[DP]  5.581695e-01
                           Freeze-and-Thaw converged!                           

=================== Subsystem 1 at higher mean-field method ====================
  subiter:   1      |ddm|: 4.486753e-01
  subiter:   2      |ddm|: 1.300560e-01
  subiter:   3      |ddm|: 3.375822e-02
  subiter:   4      |ddm|: 1.780879e-02
  subiter:   5      |ddm|: 1.723593e-02
  subiter:   6      |ddm|: 6.054957e-03
  subiter:   7      |ddm|: 4.155764e-03
  subiter:   8      |ddm|: 1.376107e-03
  subiter:   9      |ddm|: 1.474996e-03
  subiter:  10      |ddm|: 1.621106e-03
  subiter:  11      |ddm|: 5.141336e-04
  subiter:  12      |ddm|: 2.510401e-04
  subiter:  13      |ddm|: 4.258141e-05
  subiter:  14      |ddm|: 1.665643e-05
  subiter:  15      |ddm|: 6.601679e-06
  subiter:  16      |ddm|: 4.561254e-06
  subiter:  17      |ddm|: 1.409891e-06
  subiter:  18      |ddm|: 7.049889e-07
  subiter:  19      |ddm|: 1.042391e-07
  subiter:  20      |ddm|: 5.809821e-08
  subiter:  21      |ddm|: 1.818290e-08
  subiter:  22      |ddm|: 7.284981e-08
  subiter:  23      |ddm|: 1.437868e-08
  subiter:  24      |ddm|: 7.082659e-08
  subiter:  25      |ddm|: 2.475980e-08
  subiter:  26      |ddm|: 1.438687e-08
  subiter:  27      |ddm|: 8.920624e-09


******** <class 'pyscf.scf.hf.RHF'> flags ********
method = RHF
initial guess = minao
damping factor = 0
level shift factor = 0
DIIS = <class 'pyscf.scf.diis.CDIIS'>
DIIS start cycle = 1
DIIS space = 8
SCF tol = 1e-09
SCF gradient tol = None
max. SCF cycles = 100
direct_scf = True
direct_scf_tol = 1e-13
chkfile to save SCF result = /panfs/roc/scratch/graha682/2018_smear/201712_ccpVDZ_NEVPT2_m06_90_4c12h24/tmpKlmEuU
max_memory 4000 MB (current use 597 MB)
Set gradient conv threshold to 3.16228e-05
init E= -154.009583008239
  HOMO = -0.23075402608477  LUMO = 0.0886349998756013
cycle= 1 E= -154.009583082355  delta_E= -7.41e-08  |g|= 3.12e-08  |ddm|= 3.98e-07
  HOMO = -0.23075405311958  LUMO = 0.0886350361783966
cycle= 2 E= -154.009583082353  delta_E= 2.1e-12  |g|= 2.24e-08  |ddm|= 5.57e-08
  HOMO = -0.230754057500513  LUMO = 0.0886350343558849
Extra cycle  E= -154.009583082354  delta_E= -7.11e-13  |g|= 2.21e-08  |ddm|= 4.16e-08
converged SCF energy = -154.009583082354
 iter: 319:1        |ddm|: 5.605629e-01     Tr[DP]  6.597491e-01

******** <class 'pyscf.mcscf.mc1step.CASSCF'> flags ********
CAS (1e+1e, 2o), ncore = 14, nvir = 70
max_cycle_macro = 150
max_cycle_micro = 4
conv_tol = 1e-07
conv_tol_grad = None
orbital rotation max_stepsize = 0.02
augmented hessian ah_max_cycle = 30
augmented hessian ah_conv_tol = 1e-12
augmented hessian ah_linear dependence = 1e-14
augmented hessian ah_level shift = 0
augmented hessian ah_start_tol = 2.5
augmented hessian ah_start_cycle = 3
augmented hessian ah_grad_trust_region = 3
kf_trust_region = 3
kf_interval = 4
ci_response_space = 4
ci_grad_trust_region = 3
with_dep4 0
natorb = False
canonicalization = True
sorting_mo_energy = False
chkfile = /panfs/roc/scratch/graha682/2018_smear/201712_ccpVDZ_NEVPT2_m06_90_4c12h24/tmpKlmEuU
max_memory 4000 MB (current use 599 MB)
internal_rotation = False
******** <class 'pyscf.fci.direct_spin1.FCISolver'> flags ********
max. cycles = 50
conv_tol = 1e-08
davidson only = False
linear dependence = 1e-10
level shift = 0.001
max iter space = 12
max_memory 4000 MB
nroots = 1
pspace_size = 400
spin = None
CASCI E = -154.043548811382  S^2 = 0.0000000
Set conv_tol_grad to 0.000316228
macro iter 1 (14 JK  4 micro), CASSCF E = -154.068151970587  dE = -0.024603159  S^2 = 0.0000000
               |grad[o]|=0.102  |grad[c]|= 0.0245029585776  |ddm|=0.0598
macro iter 2 (10 JK  4 micro), CASSCF E = -154.068570565163  dE = -0.00041859458  S^2 = 0.0000000
               |grad[o]|=0.0136  |grad[c]|= 0.000722281131369  |ddm|=0.0783
macro iter 3 (8 JK  3 micro), CASSCF E = -154.068571373159  dE = -8.079964e-07  S^2 = 0.0000000
               |grad[o]|=0.000637  |grad[c]|= 2.93880772841e-05  |ddm|=0.0037
macro iter 4 (3 JK  1 micro), CASSCF E = -154.068571375425  dE = -2.265466e-09  S^2 = 0.0000000
               |grad[o]|=3.43e-05  |grad[c]|= 1.12728607164e-05  |ddm|=0.000143
1-step CASSCF converged in 4 macro (35 JK 12 micro) steps
CASSCF canonicalization
CASSCF energy = -154.068571375425
Hartree-Fock Energy:  -154.00958308235380
CAS Correlation:       -0.05898829307100
CAS Energy:          -154.06857137542480
Sr    (-1)',   E = -0.00000000007439
Si    (+1)',   E = -0.00000000005420
Sijrs (0)  ,   E = -0.44390258029836
Sijr  (+1) ,   E = -0.02810449176752
Srsi  (-1) ,   E = -0.07644189163862
Srs   (-2) ,   E = -0.00144210751886
Sij   (+2) ,   E = -0.00018287524143
Sir   (0)' ,   E = -0.02373046548381
Nevpt2 Energy = -0.573804412077196
NEVPT2 =   -0.573804412077196
Total NEVPT2 = -154.642375787502004

============================== Supermolecular DFT ==============================
  subiter:   1      |ddm|: 3.824522e+00
  subiter:   2      |ddm|: 4.192039e-01
  subiter:   3      |ddm|: 2.886399e-01
  subiter:   4      |ddm|: 9.342481e-02
  subiter:   5      |ddm|: 3.246082e-02
  subiter:   6      |ddm|: 8.270413e-03
  subiter:   7      |ddm|: 2.977714e-03
  subiter:   8      |ddm|: 2.048166e-03
  subiter:   9      |ddm|: 1.629837e-03
  subiter:  10      |ddm|: 1.431112e-03
  subiter:  11      |ddm|: 1.908423e-04
  subiter:  12      |ddm|: 4.900779e-05
  subiter:  13      |ddm|: 2.026579e-05
  subiter:  14      |ddm|: 5.092256e-06
  subiter:  15      |ddm|: 3.188939e-06
  subiter:  16      |ddm|: 4.820236e-07
  subiter:  17      |ddm|: 5.327641e-07
  subiter:  18      |ddm|: 1.401966e-07
  subiter:  19      |ddm|: 1.790428e-08
  subiter:  20      |ddm|: 7.828473e-09


******** <class 'pyscf.dft.rks.RKS'> flags ********
method = RKS
initial guess = atom
damping factor = 0
level shift factor = 0.0
DIIS = <class 'pyscf.scf.diis.CDIIS'>
DIIS start cycle = 1
DIIS space = 8
SCF tol = 1e-08
SCF gradient tol = 1e-08
max. SCF cycles = 100
direct_scf = True
direct_scf_tol = 1e-13
chkfile to save SCF result = /panfs/roc/scratch/graha682/2018_smear/201712_ccpVDZ_NEVPT2_m06_90_4c12h24/tmpIbUMU1
max_memory 4000 MB (current use 629 MB)
XC functionals = m06
small_rho_cutoff = 1e-20
radial grids: Treutler-Ahlrichs (JCP 102, 346 (M4)) radial grids
becke partition: Becke, JCP, 88, 2547 (1988)
pruning grids: <function nwchem_prune at 0x17ac410>
grids dens level: 4
symmetrized grids: False
atomic radii adjust function: <function treutler_atomic_radii_adjust at 0x17ac2a8>
init E= -471.170311458716
  HOMO = -0.15136376883062  LUMO = -0.077562438740246
cycle= 1 E= -471.17345955568  delta_E= -0.00315  |g|= 0.00288  |ddm|= 0.0569
  HOMO = -0.152756856577454  LUMO = -0.0759185378483764
cycle= 2 E= -471.173459681  delta_E= -1.25e-07  |g|= 0.00319  |ddm|= 0.00716
  HOMO = -0.152841622366195  LUMO = -0.0759379520931367
cycle= 3 E= -471.173462007936  delta_E= -2.33e-06  |g|= 0.00118  |ddm|= 0.00443
  HOMO = -0.152844820163315  LUMO = -0.0759249214141874
cycle= 4 E= -471.173462282917  delta_E= -2.75e-07  |g|= 0.000672  |ddm|= 0.00241
  HOMO = -0.152844604384233  LUMO = -0.0759147077065321
cycle= 5 E= -471.173462400385  delta_E= -1.17e-07  |g|= 8.51e-05  |ddm|= 0.000868
  HOMO = -0.152849938887288  LUMO = -0.0759165908629534
cycle= 6 E= -471.173462402342  delta_E= -1.96e-09  |g|= 3.13e-05  |ddm|= 0.000165
  HOMO = -0.152850241572705  LUMO = -0.0759163400868111
cycle= 7 E= -471.17346240259  delta_E= -2.48e-10  |g|= 8.02e-06  |ddm|= 3.78e-05
  HOMO = -0.152850464071463  LUMO = -0.0759164659941502
cycle= 8 E= -471.173462402607  delta_E= -1.71e-11  |g|= 2.41e-06  |ddm|= 1.08e-05
  HOMO = -0.152850301820663  LUMO = -0.0759162905443126
cycle= 9 E= -471.173462402611  delta_E= -3.64e-12  |g|= 7.88e-07  |ddm|= 3.09e-06
  HOMO = -0.152850369902093  LUMO = -0.0759163589938888
cycle= 10 E= -471.173462402609  delta_E= 1.36e-12  |g|= 2.71e-07  |ddm|= 1.07e-06
  HOMO = -0.152850353904683  LUMO = -0.075916345310394
cycle= 11 E= -471.17346240261  delta_E= -2.27e-13  |g|= 1.18e-07  |ddm|= 3.19e-07
  HOMO = -0.152850356103436  LUMO = -0.0759163491834601
cycle= 12 E= -471.173462402611  delta_E= -1.14e-12  |g|= 5.52e-08  |ddm|= 1.31e-07
  HOMO = -0.152850355079095  LUMO = -0.0759163473670994
cycle= 13 E= -471.173462402612  delta_E= -1.36e-12  |g|= 3.32e-08  |ddm|= 1.07e-07
  HOMO = -0.152850355755099  LUMO = -0.0759163485828822
cycle= 14 E= -471.17346240261  delta_E= 2.05e-12  |g|= 1.69e-08  |ddm|= 5.44e-08
  HOMO = -0.152850355621798  LUMO = -0.075916348368191
cycle= 15 E= -471.17346240261  delta_E=    0  |g|= 8.24e-09  |ddm|= 1.07e-08
  HOMO = -0.15285035547779  LUMO = -0.0759163481962961
Extra cycle  E= -471.17346240261  delta_E= -2.27e-13  |g|= 1.62e-08  |ddm|= 2.84e-08
converged SCF energy = -471.17346240261
  subiter:   1      |ddm|: 8.527647e-08
  subiter:   2      |ddm|: 2.291329e-07
  subiter:   3      |ddm|: 1.710847e-07
  subiter:   4      |ddm|: 1.667333e-09
Supermolecular DFT   -471.17031145871329

============================== Embedding Energies ==============================
Subsystem DFT              -155.09616376317410
Interaction                -315.83170677131295
DFT-in-DFT                 -470.92787053448706
Supermolecular DFT         -471.17031145871329
Supmol DFT no F-Smear      -471.17346240261236
Difference                   -0.24244092422623
Corrected DFT-in-DFT       -471.17031145871329
WF-in-DFT                  -470.47408255881498
Corrected WF-in-DFT        -470.71652348304121
================================================================================
TIMING STATISTICS:
     overlap integrals      0.02s   ( 0.00%)
    initial subsystems      0.36s   ( 0.00%)
           2e matrices   7302.65s   (88.88%)
      tot. embed. of 1   7311.35s   (88.99%)
      tot. embed. of 2      2.88s   ( 0.04%)
       freeze and thaw   7314.26s   (89.02%)
                   cas      0.90s   ( 0.01%)
                nevpt2      0.09s   ( 0.00%)
  interaction energies    896.29s   (10.91%)
                 TOTAL   8216.19s
================================================================================

********************************************************************************
*                              END OF CALCULATION                              *
********************************************************************************
