********************************************************************************
*                         FREEZE-AND-THAW CALCULATION                          *
********************************************************************************

================================== Input File ==================================
subsystem
C          0.64482        2.19259       -0.03064
H          1.20650        3.13581        0.06815
C         -0.62564        2.16530        0.37977
H         -0.87194        2.62548        1.35059
C          2.62070        0.65785        0.24017
H          3.27913        1.54282        0.34720
H          2.29688        0.40825        1.26928
C          1.39975        1.03320       -0.59065
H          0.72733        0.15924       -0.68198
H          1.73530        1.26681       -1.62116
C         -1.75940        1.52793       -0.35239
H         -1.40372        1.13947       -1.32547
H         -2.52686        2.29110       -0.59260
C         -2.42501        0.40692        0.43639
H         -2.75889        0.79626        1.41878
H         -1.67104       -0.36956        0.67059
end

subsystem
C          5.41399       -2.03327       -0.10768
H          5.77649       -1.79061       -1.12117
H          4.78701       -2.93683       -0.19655
H          6.29144       -2.29862        0.50241
C          4.63055       -0.87880        0.48528
H          4.30435       -1.13047        1.51254
H          5.28598        0.00625        0.59609
C          3.41540       -0.49638       -0.34158
H          2.75432       -1.37917       -0.45395
H          3.73636       -0.24083       -1.37155
C         -3.60232       -0.22238       -0.28483
H         -4.35324        0.55958       -0.51683
H         -3.26857       -0.60598       -1.26995
C         -4.26640       -1.34431        0.49413
H         -3.51178       -2.12044        0.72476
H         -4.59581       -0.95667        1.47720
C         -5.44008       -1.96354       -0.23884
H         -5.91094       -2.77468        0.33814
H         -6.21971       -1.21200       -0.45050
H         -5.12666       -2.38591       -1.20878
end

embed
 huzfermi
 cycles 300
 conv 1e-8
 method m06
end

basis cc-pVDZ
method cas[2,2]/nevpt2
grid 4
conv 1e-8
grad 1e-8
maxiter 100
================================== End Input ===================================
tot grids = 725328

                      Getting subsystem overlap integrals                       

                          Initial subsystem densities                           
Guessing initial subsystem densities
Initial guess from superpostion of atomic densties.
Guessing initial subsystem densities
Initial guess from superpostion of atomic densties.

=========================== Starting Freeze-and-Thaw ===========================
 iter:   1:1        |ddm|: 4.740015e+00     Tr[DP]  7.320738e-01
 iter:   1:2        |ddm|: 4.474859e+00     Tr[DP]  4.209418e-01
 iter:   2:1        |ddm|: 2.156365e+01     Tr[DP]  8.564962e-01
 iter:   2:2        |ddm|: 3.370759e+00     Tr[DP]  7.568034e-01
 iter:   3:1        |ddm|: 2.121598e+01     Tr[DP]  3.808081e-01
 iter:   3:2        |ddm|: 2.684098e+00     Tr[DP]  4.845108e-01
 iter:   4:1        |ddm|: 2.870892e+00     Tr[DP]  5.860835e-01
 iter:   4:2        |ddm|: 9.975615e-01     Tr[DP]  4.826392e-01
 iter:   5:1        |ddm|: 1.135817e+00     Tr[DP]  5.963885e-01
 iter:   5:2        |ddm|: 4.191492e-01     Tr[DP]  5.182566e-01
 iter:   6:1        |ddm|: 7.516033e-01     Tr[DP]  5.916606e-01
 iter:   6:2        |ddm|: 1.969341e-01     Tr[DP]  5.422494e-01
 iter:   7:1        |ddm|: 5.225057e-01     Tr[DP]  5.840129e-01
 iter:   7:2        |ddm|: 1.359019e-01     Tr[DP]  5.540375e-01
 iter:   8:1        |ddm|: 3.453703e-01     Tr[DP]  5.750209e-01
 iter:   8:2        |ddm|: 1.315036e-01     Tr[DP]  5.611843e-01
 iter:   9:1        |ddm|: 1.960570e-01     Tr[DP]  5.755141e-01
 iter:   9:2        |ddm|: 7.600073e-02     Tr[DP]  5.625007e-01
 iter:  10:1        |ddm|: 1.364621e-01     Tr[DP]  5.687679e-01
 iter:  10:2        |ddm|: 6.579214e-02     Tr[DP]  5.641435e-01
 iter:  11:1        |ddm|: 7.153424e-02     Tr[DP]  5.691926e-01
 iter:  11:2        |ddm|: 3.071276e-02     Tr[DP]  5.653855e-01
 iter:  12:1        |ddm|: 4.047271e-02     Tr[DP]  5.673397e-01
 iter:  12:2        |ddm|: 1.852288e-02     Tr[DP]  5.651706e-01
 iter:  13:1        |ddm|: 2.476458e-02     Tr[DP]  5.665259e-01
 iter:  13:2        |ddm|: 1.109859e-02     Tr[DP]  5.655105e-01
 iter:  14:1        |ddm|: 1.599625e-02     Tr[DP]  5.658968e-01
 iter:  14:2        |ddm|: 9.113175e-03     Tr[DP]  5.654598e-01
 iter:  15:1        |ddm|: 1.086743e-02     Tr[DP]  5.657380e-01
 iter:  15:2        |ddm|: 6.574943e-03     Tr[DP]  5.654941e-01
 iter:  16:1        |ddm|: 6.747071e-03     Tr[DP]  5.656791e-01
 iter:  16:2        |ddm|: 5.200237e-03     Tr[DP]  5.654605e-01
 iter:  17:1        |ddm|: 5.955880e-03     Tr[DP]  5.655433e-01
 iter:  17:2        |ddm|: 5.068371e-03     Tr[DP]  5.654441e-01
 iter:  18:1        |ddm|: 4.617255e-03     Tr[DP]  5.655356e-01
 iter:  18:2        |ddm|: 4.353698e-03     Tr[DP]  5.654712e-01
 iter:  19:1        |ddm|: 4.454905e-03     Tr[DP]  5.654869e-01
 iter:  19:2        |ddm|: 4.377024e-03     Tr[DP]  5.654581e-01
 iter:  20:1        |ddm|: 4.940817e-03     Tr[DP]  5.654474e-01
 iter:  20:2        |ddm|: 4.520100e-03     Tr[DP]  5.654353e-01
 iter:  21:1        |ddm|: 6.699930e-03     Tr[DP]  5.653603e-01
 iter:  21:2        |ddm|: 6.078979e-03     Tr[DP]  5.653853e-01
 iter:  22:1        |ddm|: 3.527788e-03     Tr[DP]  5.653904e-01
 iter:  22:2        |ddm|: 3.585657e-03     Tr[DP]  5.653959e-01
 iter:  23:1        |ddm|: 3.985633e-03     Tr[DP]  5.653884e-01
 iter:  23:2        |ddm|: 3.747536e-03     Tr[DP]  5.653861e-01
 iter:  24:1        |ddm|: 4.062209e-03     Tr[DP]  5.653731e-01
 iter:  24:2        |ddm|: 3.786179e-03     Tr[DP]  5.653732e-01
 iter:  25:1        |ddm|: 3.693422e-03     Tr[DP]  5.653786e-01
 iter:  25:2        |ddm|: 3.472986e-03     Tr[DP]  5.653659e-01
 iter:  26:1        |ddm|: 3.637650e-03     Tr[DP]  5.653585e-01
 iter:  26:2        |ddm|: 3.469679e-03     Tr[DP]  5.653691e-01
 iter:  27:1        |ddm|: 3.892049e-03     Tr[DP]  5.653520e-01
 iter:  27:2        |ddm|: 3.561770e-03     Tr[DP]  5.653520e-01
 iter:  28:1        |ddm|: 9.267255e-03     Tr[DP]  5.652865e-01
 iter:  28:2        |ddm|: 8.149245e-03     Tr[DP]  5.652926e-01
 iter:  29:1        |ddm|: 8.059283e-03     Tr[DP]  5.653376e-01
 iter:  29:2        |ddm|: 6.987219e-03     Tr[DP]  5.653474e-01
 iter:  30:1        |ddm|: 3.831531e-03     Tr[DP]  5.653396e-01
 iter:  30:2        |ddm|: 3.271484e-03     Tr[DP]  5.653445e-01
 iter:  31:1        |ddm|: 4.286130e-03     Tr[DP]  5.653246e-01
 iter:  31:2        |ddm|: 3.664720e-03     Tr[DP]  5.653256e-01
 iter:  32:1        |ddm|: 3.026146e-03     Tr[DP]  5.653179e-01
 iter:  32:2        |ddm|: 2.857895e-03     Tr[DP]  5.653196e-01
 iter:  33:1        |ddm|: 3.563700e-03     Tr[DP]  5.653055e-01
 iter:  33:2        |ddm|: 3.164313e-03     Tr[DP]  5.653060e-01
 iter:  34:1        |ddm|: 2.526110e-03     Tr[DP]  5.653017e-01
 iter:  34:2        |ddm|: 2.414469e-03     Tr[DP]  5.653025e-01
 iter:  35:1        |ddm|: 3.064456e-03     Tr[DP]  5.652914e-01
 iter:  35:2        |ddm|: 2.718969e-03     Tr[DP]  5.652924e-01
 iter:  36:1        |ddm|: 3.349912e-03     Tr[DP]  5.653086e-01
 iter:  36:2        |ddm|: 3.259867e-03     Tr[DP]  5.653105e-01
 iter:  37:1        |ddm|: 2.847614e-03     Tr[DP]  5.653135e-01
 iter:  37:2        |ddm|: 2.777506e-03     Tr[DP]  5.653148e-01
 iter:  38:1        |ddm|: 3.853308e-03     Tr[DP]  5.652973e-01
 iter:  38:2        |ddm|: 3.244632e-03     Tr[DP]  5.653009e-01
 iter:  39:1        |ddm|: 2.547777e-03     Tr[DP]  5.652937e-01
 iter:  39:2        |ddm|: 2.402455e-03     Tr[DP]  5.652951e-01
 iter:  40:1        |ddm|: 2.734329e-03     Tr[DP]  5.652867e-01
 iter:  40:2        |ddm|: 2.479864e-03     Tr[DP]  5.652870e-01
 iter:  41:1        |ddm|: 2.968205e-03     Tr[DP]  5.652764e-01
 iter:  41:2        |ddm|: 2.667223e-03     Tr[DP]  5.652763e-01
 iter:  42:1        |ddm|: 1.937009e-03     Tr[DP]  5.652732e-01
 iter:  42:2        |ddm|: 1.856418e-03     Tr[DP]  5.652736e-01
 iter:  43:1        |ddm|: 1.737077e-03     Tr[DP]  5.652783e-01
 iter:  43:2        |ddm|: 1.773426e-03     Tr[DP]  5.652769e-01
 iter:  44:1        |ddm|: 1.994886e-03     Tr[DP]  5.652816e-01
 iter:  44:2        |ddm|: 2.003201e-03     Tr[DP]  5.652818e-01
 iter:  45:1        |ddm|: 2.686881e-03     Tr[DP]  5.652720e-01
 iter:  45:2        |ddm|: 2.299475e-03     Tr[DP]  5.652753e-01
 iter:  46:1        |ddm|: 1.932483e-03     Tr[DP]  5.652701e-01
 iter:  46:2        |ddm|: 1.820360e-03     Tr[DP]  5.652710e-01
 iter:  47:1        |ddm|: 1.649917e-03     Tr[DP]  5.652693e-01
 iter:  47:2        |ddm|: 1.607615e-03     Tr[DP]  5.652706e-01
 iter:  48:1        |ddm|: 1.875303e-03     Tr[DP]  5.652658e-01
 iter:  48:2        |ddm|: 1.718094e-03     Tr[DP]  5.652670e-01
 iter:  49:1        |ddm|: 1.873714e-03     Tr[DP]  5.652616e-01
 iter:  49:2        |ddm|: 1.708934e-03     Tr[DP]  5.652624e-01
 iter:  50:1        |ddm|: 1.373119e-03     Tr[DP]  5.652627e-01
 iter:  50:2        |ddm|: 1.373853e-03     Tr[DP]  5.652636e-01
 iter:  51:1        |ddm|: 1.511298e-03     Tr[DP]  5.652616e-01
 iter:  51:2        |ddm|: 1.425641e-03     Tr[DP]  5.652625e-01
 iter:  52:1        |ddm|: 1.424736e-03     Tr[DP]  5.652618e-01
 iter:  52:2        |ddm|: 1.403859e-03     Tr[DP]  5.652631e-01
 iter:  53:1        |ddm|: 1.618476e-03     Tr[DP]  5.652595e-01
 iter:  53:2        |ddm|: 1.475646e-03     Tr[DP]  5.652605e-01
 iter:  54:1        |ddm|: 1.444777e-03     Tr[DP]  5.652581e-01
 iter:  54:2        |ddm|: 1.366714e-03     Tr[DP]  5.652590e-01
 iter:  55:1        |ddm|: 1.343105e-03     Tr[DP]  5.652576e-01
 iter:  55:2        |ddm|: 1.302460e-03     Tr[DP]  5.652586e-01
 iter:  56:1        |ddm|: 1.347319e-03     Tr[DP]  5.652587e-01
 iter:  56:2        |ddm|: 1.350972e-03     Tr[DP]  5.652600e-01
 iter:  57:1        |ddm|: 1.506308e-03     Tr[DP]  5.652571e-01
 iter:  57:2        |ddm|: 1.384238e-03     Tr[DP]  5.652583e-01
 iter:  58:1        |ddm|: 1.375873e-03     Tr[DP]  5.652586e-01
 iter:  58:2        |ddm|: 1.394332e-03     Tr[DP]  5.652600e-01
 iter:  59:1        |ddm|: 1.907016e-03     Tr[DP]  5.652542e-01
 iter:  59:2        |ddm|: 1.647656e-03     Tr[DP]  5.652551e-01
 iter:  60:1        |ddm|: 1.511924e-03     Tr[DP]  5.652514e-01
 iter:  60:2        |ddm|: 1.394989e-03     Tr[DP]  5.652519e-01
 iter:  61:1        |ddm|: 1.139733e-03     Tr[DP]  5.652509e-01
 iter:  61:2        |ddm|: 1.110677e-03     Tr[DP]  5.652515e-01
 iter:  62:1        |ddm|: 1.125778e-03     Tr[DP]  5.652507e-01
 iter:  62:2        |ddm|: 1.093435e-03     Tr[DP]  5.652515e-01
 iter:  63:1        |ddm|: 3.287443e-03     Tr[DP]  5.652404e-01
 iter:  63:2        |ddm|: 2.891334e-03     Tr[DP]  5.652397e-01
 iter:  64:1        |ddm|: 8.777130e-04     Tr[DP]  5.652409e-01
 iter:  64:2        |ddm|: 7.646701e-04     Tr[DP]  5.652404e-01
 iter:  65:1        |ddm|: 7.803005e-04     Tr[DP]  5.652402e-01
 iter:  65:2        |ddm|: 7.355499e-04     Tr[DP]  5.652399e-01
 iter:  66:1        |ddm|: 8.953714e-04     Tr[DP]  5.652426e-01
 iter:  66:2        |ddm|: 9.022039e-04     Tr[DP]  5.652431e-01
 iter:  67:1        |ddm|: 8.979537e-04     Tr[DP]  5.652417e-01
 iter:  67:2        |ddm|: 8.062159e-04     Tr[DP]  5.652423e-01
 iter:  68:1        |ddm|: 8.487925e-04     Tr[DP]  5.652428e-01
 iter:  68:2        |ddm|: 8.704655e-04     Tr[DP]  5.652437e-01
 iter:  69:1        |ddm|: 1.202339e-03     Tr[DP]  5.652404e-01
 iter:  69:2        |ddm|: 1.014903e-03     Tr[DP]  5.652409e-01
 iter:  70:1        |ddm|: 7.232274e-04     Tr[DP]  5.652410e-01
 iter:  70:2        |ddm|: 7.358230e-04     Tr[DP]  5.652416e-01
 iter:  71:1        |ddm|: 7.885146e-04     Tr[DP]  5.652407e-01
 iter:  71:2        |ddm|: 7.540779e-04     Tr[DP]  5.652414e-01
 iter:  72:1        |ddm|: 7.720948e-04     Tr[DP]  5.652407e-01
 iter:  72:2        |ddm|: 7.465477e-04     Tr[DP]  5.652414e-01
 iter:  73:1        |ddm|: 7.940297e-04     Tr[DP]  5.652404e-01
 iter:  73:2        |ddm|: 7.508312e-04     Tr[DP]  5.652411e-01
 iter:  74:1        |ddm|: 7.718543e-04     Tr[DP]  5.652409e-01
 iter:  74:2        |ddm|: 7.744106e-04     Tr[DP]  5.652418e-01
 iter:  75:1        |ddm|: 1.232759e-03     Tr[DP]  5.652383e-01
 iter:  75:2        |ddm|: 1.040940e-03     Tr[DP]  5.652388e-01
 iter:  76:1        |ddm|: 1.099735e-03     Tr[DP]  5.652360e-01
 iter:  76:2        |ddm|: 9.481395e-04     Tr[DP]  5.652360e-01
 iter:  77:1        |ddm|: 5.839157e-04     Tr[DP]  5.652357e-01
 iter:  77:2        |ddm|: 5.620420e-04     Tr[DP]  5.652357e-01
 iter:  78:1        |ddm|: 5.231149e-04     Tr[DP]  5.652358e-01
 iter:  78:2        |ddm|: 5.176973e-04     Tr[DP]  5.652360e-01
 iter:  79:1        |ddm|: 5.594182e-04     Tr[DP]  5.652355e-01
 iter:  79:2        |ddm|: 5.326643e-04     Tr[DP]  5.652358e-01
 iter:  80:1        |ddm|: 6.603807e-04     Tr[DP]  5.652345e-01
 iter:  80:2        |ddm|: 5.861847e-04     Tr[DP]  5.652347e-01
 iter:  81:1        |ddm|: 4.896490e-04     Tr[DP]  5.652346e-01
 iter:  81:2        |ddm|: 4.890881e-04     Tr[DP]  5.652351e-01
 iter:  82:1        |ddm|: 5.220642e-04     Tr[DP]  5.652345e-01
 iter:  82:2        |ddm|: 5.036129e-04     Tr[DP]  5.652348e-01
 iter:  83:1        |ddm|: 5.317919e-04     Tr[DP]  5.652341e-01
 iter:  83:2        |ddm|: 4.999487e-04     Tr[DP]  5.652345e-01
 iter:  84:1        |ddm|: 5.024795e-04     Tr[DP]  5.652339e-01
 iter:  84:2        |ddm|: 4.796585e-04     Tr[DP]  5.652343e-01
 iter:  85:1        |ddm|: 1.600495e-03     Tr[DP]  5.652382e-01
 iter:  85:2        |ddm|: 1.499757e-03     Tr[DP]  5.652394e-01
 iter:  86:1        |ddm|: 9.340620e-04     Tr[DP]  5.652372e-01
 iter:  86:2        |ddm|: 7.588841e-04     Tr[DP]  5.652383e-01
 iter:  87:1        |ddm|: 2.392554e-03     Tr[DP]  5.652311e-01
 iter:  87:2        |ddm|: 1.998718e-03     Tr[DP]  5.652311e-01
 iter:  88:1        |ddm|: 5.390529e-04     Tr[DP]  5.652323e-01
 iter:  88:2        |ddm|: 3.946973e-04     Tr[DP]  5.652322e-01
 iter:  89:1        |ddm|: 9.176651e-04     Tr[DP]  5.652302e-01
 iter:  89:2        |ddm|: 8.041244e-04     Tr[DP]  5.652299e-01
 iter:  90:1        |ddm|: 3.329542e-04     Tr[DP]  5.652302e-01
 iter:  90:2        |ddm|: 3.081214e-04     Tr[DP]  5.652300e-01
 iter:  91:1        |ddm|: 3.264709e-04     Tr[DP]  5.652299e-01
 iter:  91:2        |ddm|: 3.013010e-04     Tr[DP]  5.652298e-01
 iter:  92:1        |ddm|: 2.657510e-04     Tr[DP]  5.652300e-01
 iter:  92:2        |ddm|: 2.651658e-04     Tr[DP]  5.652301e-01
 iter:  93:1        |ddm|: 3.076469e-04     Tr[DP]  5.652298e-01
 iter:  93:2        |ddm|: 2.853307e-04     Tr[DP]  5.652299e-01
 iter:  94:1        |ddm|: 4.229361e-04     Tr[DP]  5.652290e-01
 iter:  94:2        |ddm|: 3.722597e-04     Tr[DP]  5.652290e-01
 iter:  95:1        |ddm|: 2.276610e-04     Tr[DP]  5.652293e-01
 iter:  95:2        |ddm|: 2.298859e-04     Tr[DP]  5.652294e-01
 iter:  96:1        |ddm|: 5.452128e-04     Tr[DP]  5.652305e-01
 iter:  96:2        |ddm|: 5.242379e-04     Tr[DP]  5.652309e-01
 iter:  97:1        |ddm|: 1.192710e-03     Tr[DP]  5.652277e-01
 iter:  97:2        |ddm|: 1.034174e-03     Tr[DP]  5.652276e-01
 iter:  98:1        |ddm|: 3.625966e-04     Tr[DP]  5.652286e-01
 iter:  98:2        |ddm|: 2.713768e-04     Tr[DP]  5.652286e-01
 iter:  99:1        |ddm|: 2.533381e-04     Tr[DP]  5.652291e-01
 iter:  99:2        |ddm|: 2.568614e-04     Tr[DP]  5.652293e-01
 iter: 100:1        |ddm|: 2.819785e-04     Tr[DP]  5.652288e-01
 iter: 100:2        |ddm|: 2.445295e-04     Tr[DP]  5.652289e-01
 iter: 101:1        |ddm|: 2.286196e-04     Tr[DP]  5.652286e-01
 iter: 101:2        |ddm|: 2.154291e-04     Tr[DP]  5.652288e-01
 iter: 102:1        |ddm|: 2.189265e-04     Tr[DP]  5.652285e-01
 iter: 102:2        |ddm|: 2.075190e-04     Tr[DP]  5.652287e-01
 iter: 103:1        |ddm|: 2.072642e-04     Tr[DP]  5.652285e-01
 iter: 103:2        |ddm|: 2.016922e-04     Tr[DP]  5.652287e-01
 iter: 104:1        |ddm|: 2.132926e-04     Tr[DP]  5.652285e-01
 iter: 104:2        |ddm|: 2.029060e-04     Tr[DP]  5.652286e-01
 iter: 105:1        |ddm|: 2.345175e-04     Tr[DP]  5.652282e-01
 iter: 105:2        |ddm|: 2.116612e-04     Tr[DP]  5.652284e-01
 iter: 106:1        |ddm|: 1.969042e-04     Tr[DP]  5.652282e-01
 iter: 106:2        |ddm|: 1.880982e-04     Tr[DP]  5.652283e-01
 iter: 107:1        |ddm|: 1.901116e-04     Tr[DP]  5.652281e-01
 iter: 107:2        |ddm|: 1.826738e-04     Tr[DP]  5.652283e-01
 iter: 108:1        |ddm|: 1.874069e-04     Tr[DP]  5.652281e-01
 iter: 108:2        |ddm|: 1.807673e-04     Tr[DP]  5.652282e-01
 iter: 109:1        |ddm|: 1.862408e-04     Tr[DP]  5.652281e-01
 iter: 109:2        |ddm|: 1.806906e-04     Tr[DP]  5.652282e-01
 iter: 110:1        |ddm|: 2.243796e-04     Tr[DP]  5.652278e-01
 iter: 110:2        |ddm|: 1.989144e-04     Tr[DP]  5.652279e-01
 iter: 111:1        |ddm|: 1.665783e-04     Tr[DP]  5.652279e-01
 iter: 111:2        |ddm|: 1.655761e-04     Tr[DP]  5.652280e-01
 iter: 112:1        |ddm|: 1.831045e-04     Tr[DP]  5.652278e-01
 iter: 112:2        |ddm|: 1.706785e-04     Tr[DP]  5.652279e-01
 iter: 113:1        |ddm|: 3.400119e-04     Tr[DP]  5.652271e-01
 iter: 113:2        |ddm|: 2.921073e-04     Tr[DP]  5.652271e-01
 iter: 114:1        |ddm|: 1.297992e-04     Tr[DP]  5.652273e-01
 iter: 114:2        |ddm|: 1.261289e-04     Tr[DP]  5.652273e-01
 iter: 115:1        |ddm|: 1.368913e-04     Tr[DP]  5.652272e-01
 iter: 115:2        |ddm|: 1.310480e-04     Tr[DP]  5.652273e-01
 iter: 116:1        |ddm|: 1.677613e-04     Tr[DP]  5.652270e-01
 iter: 116:2        |ddm|: 1.489249e-04     Tr[DP]  5.652271e-01
 iter: 117:1        |ddm|: 1.419661e-04     Tr[DP]  5.652269e-01
 iter: 117:2        |ddm|: 1.325331e-04     Tr[DP]  5.652269e-01
 iter: 118:1        |ddm|: 1.122079e-04     Tr[DP]  5.652269e-01
 iter: 118:2        |ddm|: 1.117975e-04     Tr[DP]  5.652270e-01
 iter: 119:1        |ddm|: 1.185908e-04     Tr[DP]  5.652269e-01
 iter: 119:2        |ddm|: 1.152561e-04     Tr[DP]  5.652270e-01
 iter: 120:1        |ddm|: 1.676481e-04     Tr[DP]  5.652267e-01
 iter: 120:2        |ddm|: 1.475840e-04     Tr[DP]  5.652267e-01
 iter: 121:1        |ddm|: 1.072126e-04     Tr[DP]  5.652266e-01
 iter: 121:2        |ddm|: 1.033066e-04     Tr[DP]  5.652267e-01
 iter: 122:1        |ddm|: 1.179083e-04     Tr[DP]  5.652265e-01
 iter: 122:2        |ddm|: 1.078890e-04     Tr[DP]  5.652266e-01
 iter: 123:1        |ddm|: 9.209216e-05     Tr[DP]  5.652266e-01
 iter: 123:2        |ddm|: 9.257713e-05     Tr[DP]  5.652266e-01
 iter: 124:1        |ddm|: 1.015863e-04     Tr[DP]  5.652265e-01
 iter: 124:2        |ddm|: 9.589756e-05     Tr[DP]  5.652266e-01
 iter: 125:1        |ddm|: 1.477347e-04     Tr[DP]  5.652263e-01
 iter: 125:2        |ddm|: 1.302278e-04     Tr[DP]  5.652263e-01
 iter: 126:1        |ddm|: 8.831562e-05     Tr[DP]  5.652264e-01
 iter: 126:2        |ddm|: 8.966740e-05     Tr[DP]  5.652265e-01
 iter: 127:1        |ddm|: 1.132227e-04     Tr[DP]  5.652263e-01
 iter: 127:2        |ddm|: 9.900711e-05     Tr[DP]  5.652263e-01
 iter: 128:1        |ddm|: 8.995869e-05     Tr[DP]  5.652262e-01
 iter: 128:2        |ddm|: 8.425195e-05     Tr[DP]  5.652263e-01
 iter: 129:1        |ddm|: 7.588029e-05     Tr[DP]  5.652262e-01
 iter: 129:2        |ddm|: 7.531187e-05     Tr[DP]  5.652263e-01
 iter: 130:1        |ddm|: 8.226882e-05     Tr[DP]  5.652262e-01
 iter: 130:2        |ddm|: 7.775375e-05     Tr[DP]  5.652263e-01
 iter: 131:1        |ddm|: 8.206647e-05     Tr[DP]  5.652262e-01
 iter: 131:2        |ddm|: 7.684448e-05     Tr[DP]  5.652262e-01
 iter: 132:1        |ddm|: 8.409584e-05     Tr[DP]  5.652261e-01
 iter: 132:2        |ddm|: 7.751144e-05     Tr[DP]  5.652261e-01
 iter: 133:1        |ddm|: 6.929029e-05     Tr[DP]  5.652261e-01
 iter: 133:2        |ddm|: 6.870973e-05     Tr[DP]  5.652262e-01
 iter: 134:1        |ddm|: 7.229686e-05     Tr[DP]  5.652261e-01
 iter: 134:2        |ddm|: 6.993368e-05     Tr[DP]  5.652262e-01
 iter: 135:1        |ddm|: 8.127533e-05     Tr[DP]  5.652260e-01
 iter: 135:2        |ddm|: 7.415227e-05     Tr[DP]  5.652261e-01
 iter: 136:1        |ddm|: 6.717539e-05     Tr[DP]  5.652260e-01
 iter: 136:2        |ddm|: 6.600828e-05     Tr[DP]  5.652261e-01
 iter: 137:1        |ddm|: 7.019945e-05     Tr[DP]  5.652260e-01
 iter: 137:2        |ddm|: 6.689916e-05     Tr[DP]  5.652261e-01
 iter: 138:1        |ddm|: 7.307160e-05     Tr[DP]  5.652260e-01
 iter: 138:2        |ddm|: 6.785665e-05     Tr[DP]  5.652260e-01
 iter: 139:1        |ddm|: 6.782506e-05     Tr[DP]  5.652259e-01
 iter: 139:2        |ddm|: 6.463454e-05     Tr[DP]  5.652260e-01
 iter: 140:1        |ddm|: 6.185178e-05     Tr[DP]  5.652260e-01
 iter: 140:2        |ddm|: 6.178916e-05     Tr[DP]  5.652260e-01
 iter: 141:1        |ddm|: 7.002307e-05     Tr[DP]  5.652259e-01
 iter: 141:2        |ddm|: 6.440336e-05     Tr[DP]  5.652260e-01
 iter: 142:1        |ddm|: 6.875898e-05     Tr[DP]  5.652259e-01
 iter: 142:2        |ddm|: 6.309818e-05     Tr[DP]  5.652259e-01
 iter: 143:1        |ddm|: 1.421534e-04     Tr[DP]  5.652256e-01
 iter: 143:2        |ddm|: 1.182558e-04     Tr[DP]  5.652256e-01
 iter: 144:1        |ddm|: 5.427687e-05     Tr[DP]  5.652256e-01
 iter: 144:2        |ddm|: 5.210966e-05     Tr[DP]  5.652255e-01
 iter: 145:1        |ddm|: 8.073686e-05     Tr[DP]  5.652254e-01
 iter: 145:2        |ddm|: 7.367422e-05     Tr[DP]  5.652254e-01
 iter: 146:1        |ddm|: 5.916304e-05     Tr[DP]  5.652256e-01
 iter: 146:2        |ddm|: 5.228250e-05     Tr[DP]  5.652256e-01
 iter: 147:1        |ddm|: 4.131456e-05     Tr[DP]  5.652255e-01
 iter: 147:2        |ddm|: 3.818675e-05     Tr[DP]  5.652256e-01
 iter: 148:1        |ddm|: 4.032800e-05     Tr[DP]  5.652255e-01
 iter: 148:2        |ddm|: 3.912255e-05     Tr[DP]  5.652255e-01
 iter: 149:1        |ddm|: 4.238608e-05     Tr[DP]  5.652255e-01
 iter: 149:2        |ddm|: 3.958715e-05     Tr[DP]  5.652255e-01
 iter: 150:1        |ddm|: 3.517845e-05     Tr[DP]  5.652255e-01
 iter: 150:2        |ddm|: 3.447963e-05     Tr[DP]  5.652255e-01
 iter: 151:1        |ddm|: 3.805027e-05     Tr[DP]  5.652255e-01
 iter: 151:2        |ddm|: 3.535081e-05     Tr[DP]  5.652255e-01
 iter: 152:1        |ddm|: 3.612828e-05     Tr[DP]  5.652255e-01
 iter: 152:2        |ddm|: 3.380820e-05     Tr[DP]  5.652255e-01
 iter: 153:1        |ddm|: 3.403461e-05     Tr[DP]  5.652254e-01
 iter: 153:2        |ddm|: 3.250666e-05     Tr[DP]  5.652255e-01
 iter: 154:1        |ddm|: 3.403546e-05     Tr[DP]  5.652255e-01
 iter: 154:2        |ddm|: 3.469637e-05     Tr[DP]  5.652255e-01
 iter: 155:1        |ddm|: 4.422841e-05     Tr[DP]  5.652254e-01
 iter: 155:2        |ddm|: 3.836734e-05     Tr[DP]  5.652255e-01
 iter: 156:1        |ddm|: 3.899391e-05     Tr[DP]  5.652254e-01
 iter: 156:2        |ddm|: 3.514920e-05     Tr[DP]  5.652254e-01
 iter: 157:1        |ddm|: 4.780673e-05     Tr[DP]  5.652253e-01
 iter: 157:2        |ddm|: 4.201722e-05     Tr[DP]  5.652253e-01
 iter: 158:1        |ddm|: 2.337019e-05     Tr[DP]  5.652253e-01
 iter: 158:2        |ddm|: 2.315126e-05     Tr[DP]  5.652253e-01
 iter: 159:1        |ddm|: 2.490151e-05     Tr[DP]  5.652253e-01
 iter: 159:2        |ddm|: 2.391261e-05     Tr[DP]  5.652253e-01
 iter: 160:1        |ddm|: 3.007819e-05     Tr[DP]  5.652253e-01
 iter: 160:2        |ddm|: 2.695220e-05     Tr[DP]  5.652253e-01
 iter: 161:1        |ddm|: 2.217013e-05     Tr[DP]  5.652253e-01
 iter: 161:2        |ddm|: 2.237019e-05     Tr[DP]  5.652253e-01
 iter: 162:1        |ddm|: 2.373081e-05     Tr[DP]  5.652253e-01
 iter: 162:2        |ddm|: 2.330622e-05     Tr[DP]  5.652253e-01
 iter: 163:1        |ddm|: 2.581760e-05     Tr[DP]  5.652253e-01
 iter: 163:2        |ddm|: 2.396937e-05     Tr[DP]  5.652253e-01
 iter: 164:1        |ddm|: 2.674440e-05     Tr[DP]  5.652253e-01
 iter: 164:2        |ddm|: 2.728937e-05     Tr[DP]  5.652254e-01
 iter: 165:1        |ddm|: 3.905617e-05     Tr[DP]  5.652253e-01
 iter: 165:2        |ddm|: 3.208327e-05     Tr[DP]  5.652253e-01
 iter: 166:1        |ddm|: 5.501690e-05     Tr[DP]  5.652252e-01
 iter: 166:2        |ddm|: 4.797009e-05     Tr[DP]  5.652252e-01
 iter: 167:1        |ddm|: 1.729907e-05     Tr[DP]  5.652252e-01
 iter: 167:2        |ddm|: 1.584647e-05     Tr[DP]  5.652252e-01
 iter: 168:1        |ddm|: 1.503451e-05     Tr[DP]  5.652252e-01
 iter: 168:2        |ddm|: 1.471706e-05     Tr[DP]  5.652252e-01
 iter: 169:1        |ddm|: 1.611592e-05     Tr[DP]  5.652252e-01
 iter: 169:2        |ddm|: 1.646234e-05     Tr[DP]  5.652252e-01
 iter: 170:1        |ddm|: 1.935562e-05     Tr[DP]  5.652252e-01
 iter: 170:2        |ddm|: 1.669399e-05     Tr[DP]  5.652252e-01
 iter: 171:1        |ddm|: 2.085208e-05     Tr[DP]  5.652252e-01
 iter: 171:2        |ddm|: 2.090917e-05     Tr[DP]  5.652252e-01
 iter: 172:1        |ddm|: 2.106329e-05     Tr[DP]  5.652252e-01
 iter: 172:2        |ddm|: 1.849499e-05     Tr[DP]  5.652252e-01
 iter: 173:1        |ddm|: 2.440190e-05     Tr[DP]  5.652252e-01
 iter: 173:2        |ddm|: 2.139108e-05     Tr[DP]  5.652252e-01
 iter: 174:1        |ddm|: 2.262016e-05     Tr[DP]  5.652251e-01
 iter: 174:2        |ddm|: 2.011529e-05     Tr[DP]  5.652251e-01
 iter: 175:1        |ddm|: 1.245890e-05     Tr[DP]  5.652251e-01
 iter: 175:2        |ddm|: 1.224146e-05     Tr[DP]  5.652251e-01
 iter: 176:1        |ddm|: 1.453013e-05     Tr[DP]  5.652251e-01
 iter: 176:2        |ddm|: 1.376244e-05     Tr[DP]  5.652251e-01
 iter: 177:1        |ddm|: 1.270732e-05     Tr[DP]  5.652251e-01
 iter: 177:2        |ddm|: 1.297357e-05     Tr[DP]  5.652251e-01
 iter: 178:1        |ddm|: 1.445720e-05     Tr[DP]  5.652251e-01
 iter: 178:2        |ddm|: 1.321564e-05     Tr[DP]  5.652251e-01
 iter: 179:1        |ddm|: 1.232756e-05     Tr[DP]  5.652251e-01
 iter: 179:2        |ddm|: 1.179812e-05     Tr[DP]  5.652251e-01
 iter: 180:1        |ddm|: 1.213767e-05     Tr[DP]  5.652251e-01
 iter: 180:2        |ddm|: 1.157414e-05     Tr[DP]  5.652251e-01
 iter: 181:1        |ddm|: 1.199434e-05     Tr[DP]  5.652251e-01
 iter: 181:2        |ddm|: 1.141023e-05     Tr[DP]  5.652251e-01
 iter: 182:1        |ddm|: 1.177924e-05     Tr[DP]  5.652251e-01
 iter: 182:2        |ddm|: 1.122369e-05     Tr[DP]  5.652251e-01
 iter: 183:1        |ddm|: 1.128382e-05     Tr[DP]  5.652251e-01
 iter: 183:2        |ddm|: 1.123887e-05     Tr[DP]  5.652251e-01
 iter: 184:1        |ddm|: 1.318936e-05     Tr[DP]  5.652251e-01
 iter: 184:2        |ddm|: 1.187628e-05     Tr[DP]  5.652251e-01
 iter: 185:1        |ddm|: 1.093043e-05     Tr[DP]  5.652251e-01
 iter: 185:2        |ddm|: 1.068496e-05     Tr[DP]  5.652251e-01
 iter: 186:1        |ddm|: 1.167128e-05     Tr[DP]  5.652251e-01
 iter: 186:2        |ddm|: 1.086401e-05     Tr[DP]  5.652251e-01
 iter: 187:1        |ddm|: 1.113052e-05     Tr[DP]  5.652251e-01
 iter: 187:2        |ddm|: 1.047276e-05     Tr[DP]  5.652251e-01
 iter: 188:1        |ddm|: 1.038187e-05     Tr[DP]  5.652251e-01
 iter: 188:2        |ddm|: 1.050057e-05     Tr[DP]  5.652251e-01
 iter: 189:1        |ddm|: 1.122803e-05     Tr[DP]  5.652251e-01
 iter: 189:2        |ddm|: 1.063585e-05     Tr[DP]  5.652251e-01
 iter: 190:1        |ddm|: 1.349301e-05     Tr[DP]  5.652251e-01
 iter: 190:2        |ddm|: 1.177490e-05     Tr[DP]  5.652251e-01
 iter: 191:1        |ddm|: 1.225286e-05     Tr[DP]  5.652251e-01
 iter: 191:2        |ddm|: 1.103359e-05     Tr[DP]  5.652251e-01
 iter: 192:1        |ddm|: 8.559444e-06     Tr[DP]  5.652251e-01
 iter: 192:2        |ddm|: 8.493973e-06     Tr[DP]  5.652251e-01
 iter: 193:1        |ddm|: 1.081642e-05     Tr[DP]  5.652251e-01
 iter: 193:2        |ddm|: 9.602125e-06     Tr[DP]  5.652251e-01
 iter: 194:1        |ddm|: 2.619643e-05     Tr[DP]  5.652250e-01
 iter: 194:2        |ddm|: 2.215547e-05     Tr[DP]  5.652250e-01
 iter: 195:1        |ddm|: 1.853546e-05     Tr[DP]  5.652250e-01
 iter: 195:2        |ddm|: 1.509917e-05     Tr[DP]  5.652250e-01
 iter: 196:1        |ddm|: 1.239768e-05     Tr[DP]  5.652250e-01
 iter: 196:2        |ddm|: 9.608150e-06     Tr[DP]  5.652250e-01
 iter: 197:1        |ddm|: 6.973519e-06     Tr[DP]  5.652250e-01
 iter: 197:2        |ddm|: 6.514734e-06     Tr[DP]  5.652250e-01
 iter: 198:1        |ddm|: 6.149892e-06     Tr[DP]  5.652250e-01
 iter: 198:2        |ddm|: 6.281265e-06     Tr[DP]  5.652250e-01
 iter: 199:1        |ddm|: 6.626799e-06     Tr[DP]  5.652250e-01
 iter: 199:2        |ddm|: 6.520459e-06     Tr[DP]  5.652250e-01
 iter: 200:1        |ddm|: 3.117445e-05     Tr[DP]  5.652251e-01
 iter: 200:2        |ddm|: 2.812827e-05     Tr[DP]  5.652251e-01
 iter: 201:1        |ddm|: 5.124914e-05     Tr[DP]  5.652250e-01
 iter: 201:2        |ddm|: 4.020344e-05     Tr[DP]  5.652250e-01
 iter: 202:1        |ddm|: 8.713508e-06     Tr[DP]  5.652250e-01
 iter: 202:2        |ddm|: 5.883739e-06     Tr[DP]  5.652250e-01
 iter: 203:1        |ddm|: 5.642132e-06     Tr[DP]  5.652250e-01
 iter: 203:2        |ddm|: 5.177412e-06     Tr[DP]  5.652250e-01
 iter: 204:1        |ddm|: 4.762631e-06     Tr[DP]  5.652250e-01
 iter: 204:2        |ddm|: 4.581355e-06     Tr[DP]  5.652250e-01
 iter: 205:1        |ddm|: 3.782245e-06     Tr[DP]  5.652250e-01
 iter: 205:2        |ddm|: 3.641626e-06     Tr[DP]  5.652250e-01
 iter: 206:1        |ddm|: 6.437075e-06     Tr[DP]  5.652250e-01
 iter: 206:2        |ddm|: 6.792805e-06     Tr[DP]  5.652250e-01
 iter: 207:1        |ddm|: 5.281877e-06     Tr[DP]  5.652250e-01
 iter: 207:2        |ddm|: 4.820106e-06     Tr[DP]  5.652250e-01
 iter: 208:1        |ddm|: 6.209729e-06     Tr[DP]  5.652250e-01
 iter: 208:2        |ddm|: 5.973947e-06     Tr[DP]  5.652250e-01
 iter: 209:1        |ddm|: 3.728710e-06     Tr[DP]  5.652250e-01
 iter: 209:2        |ddm|: 3.680338e-06     Tr[DP]  5.652250e-01
 iter: 210:1        |ddm|: 3.818870e-06     Tr[DP]  5.652250e-01
 iter: 210:2        |ddm|: 3.649388e-06     Tr[DP]  5.652250e-01
 iter: 211:1        |ddm|: 3.714778e-06     Tr[DP]  5.652250e-01
 iter: 211:2        |ddm|: 3.549308e-06     Tr[DP]  5.652250e-01
 iter: 212:1        |ddm|: 3.748317e-06     Tr[DP]  5.652250e-01
 iter: 212:2        |ddm|: 3.531821e-06     Tr[DP]  5.652250e-01
 iter: 213:1        |ddm|: 3.605878e-06     Tr[DP]  5.652250e-01
 iter: 213:2        |ddm|: 3.695126e-06     Tr[DP]  5.652250e-01
 iter: 214:1        |ddm|: 4.736741e-06     Tr[DP]  5.652250e-01
 iter: 214:2        |ddm|: 4.109330e-06     Tr[DP]  5.652250e-01
 iter: 215:1        |ddm|: 3.448880e-06     Tr[DP]  5.652250e-01
 iter: 215:2        |ddm|: 3.315591e-06     Tr[DP]  5.652250e-01
 iter: 216:1        |ddm|: 3.306642e-06     Tr[DP]  5.652250e-01
 iter: 216:2        |ddm|: 3.191877e-06     Tr[DP]  5.652250e-01
 iter: 217:1        |ddm|: 3.320027e-06     Tr[DP]  5.652250e-01
 iter: 217:2        |ddm|: 3.176429e-06     Tr[DP]  5.652250e-01
 iter: 218:1        |ddm|: 3.310268e-06     Tr[DP]  5.652250e-01
 iter: 218:2        |ddm|: 3.148847e-06     Tr[DP]  5.652250e-01
 iter: 219:1        |ddm|: 3.179238e-06     Tr[DP]  5.652250e-01
 iter: 219:2        |ddm|: 3.095091e-06     Tr[DP]  5.652250e-01
 iter: 220:1        |ddm|: 3.229473e-06     Tr[DP]  5.652250e-01
 iter: 220:2        |ddm|: 3.193374e-06     Tr[DP]  5.652250e-01
 iter: 221:1        |ddm|: 4.367570e-06     Tr[DP]  5.652250e-01
 iter: 221:2        |ddm|: 3.816018e-06     Tr[DP]  5.652250e-01
 iter: 222:1        |ddm|: 3.483296e-06     Tr[DP]  5.652250e-01
 iter: 222:2        |ddm|: 3.175471e-06     Tr[DP]  5.652250e-01
 iter: 223:1        |ddm|: 2.815387e-06     Tr[DP]  5.652250e-01
 iter: 223:2        |ddm|: 2.670335e-06     Tr[DP]  5.652250e-01
 iter: 224:1        |ddm|: 4.276225e-06     Tr[DP]  5.652250e-01
 iter: 224:2        |ddm|: 3.727717e-06     Tr[DP]  5.652250e-01
 iter: 225:1        |ddm|: 3.457623e-06     Tr[DP]  5.652249e-01
 iter: 225:2        |ddm|: 3.133767e-06     Tr[DP]  5.652249e-01
 iter: 226:1        |ddm|: 1.803539e-06     Tr[DP]  5.652249e-01
 iter: 226:2        |ddm|: 1.760276e-06     Tr[DP]  5.652249e-01
 iter: 227:1        |ddm|: 1.805193e-06     Tr[DP]  5.652249e-01
 iter: 227:2        |ddm|: 1.801031e-06     Tr[DP]  5.652249e-01
 iter: 228:1        |ddm|: 1.961495e-06     Tr[DP]  5.652249e-01
 iter: 228:2        |ddm|: 1.875523e-06     Tr[DP]  5.652249e-01
 iter: 229:1        |ddm|: 1.949518e-06     Tr[DP]  5.652249e-01
 iter: 229:2        |ddm|: 1.878220e-06     Tr[DP]  5.652249e-01
 iter: 230:1        |ddm|: 1.937205e-06     Tr[DP]  5.652249e-01
 iter: 230:2        |ddm|: 1.880013e-06     Tr[DP]  5.652249e-01
 iter: 231:1        |ddm|: 2.279238e-06     Tr[DP]  5.652249e-01
 iter: 231:2        |ddm|: 2.036578e-06     Tr[DP]  5.652249e-01
 iter: 232:1        |ddm|: 2.563426e-06     Tr[DP]  5.652249e-01
 iter: 232:2        |ddm|: 2.282871e-06     Tr[DP]  5.652249e-01
 iter: 233:1        |ddm|: 2.447901e-06     Tr[DP]  5.652249e-01
 iter: 233:2        |ddm|: 2.269054e-06     Tr[DP]  5.652249e-01
 iter: 234:1        |ddm|: 1.320601e-06     Tr[DP]  5.652249e-01
 iter: 234:2        |ddm|: 1.272483e-06     Tr[DP]  5.652249e-01
 iter: 235:1        |ddm|: 1.479580e-06     Tr[DP]  5.652249e-01
 iter: 235:2        |ddm|: 1.507192e-06     Tr[DP]  5.652249e-01
 iter: 236:1        |ddm|: 1.539259e-06     Tr[DP]  5.652249e-01
 iter: 236:2        |ddm|: 1.522239e-06     Tr[DP]  5.652249e-01
 iter: 237:1        |ddm|: 1.778927e-06     Tr[DP]  5.652249e-01
 iter: 237:2        |ddm|: 1.572117e-06     Tr[DP]  5.652249e-01
 iter: 238:1        |ddm|: 1.449283e-06     Tr[DP]  5.652249e-01
 iter: 238:2        |ddm|: 1.403035e-06     Tr[DP]  5.652249e-01
 iter: 239:1        |ddm|: 1.881925e-06     Tr[DP]  5.652249e-01
 iter: 239:2        |ddm|: 1.658073e-06     Tr[DP]  5.652249e-01
 iter: 240:1        |ddm|: 1.349945e-06     Tr[DP]  5.652249e-01
 iter: 240:2        |ddm|: 1.286619e-06     Tr[DP]  5.652249e-01
 iter: 241:1        |ddm|: 1.445899e-06     Tr[DP]  5.652249e-01
 iter: 241:2        |ddm|: 1.330103e-06     Tr[DP]  5.652249e-01
 iter: 242:1        |ddm|: 1.087095e-06     Tr[DP]  5.652249e-01
 iter: 242:2        |ddm|: 1.060637e-06     Tr[DP]  5.652249e-01
 iter: 243:1        |ddm|: 1.106945e-06     Tr[DP]  5.652249e-01
 iter: 243:2        |ddm|: 1.065526e-06     Tr[DP]  5.652249e-01
 iter: 244:1        |ddm|: 1.127549e-06     Tr[DP]  5.652249e-01
 iter: 244:2        |ddm|: 1.064775e-06     Tr[DP]  5.652249e-01
 iter: 245:1        |ddm|: 1.088835e-06     Tr[DP]  5.652249e-01
 iter: 245:2        |ddm|: 1.035526e-06     Tr[DP]  5.652249e-01
 iter: 246:1        |ddm|: 1.036348e-06     Tr[DP]  5.652249e-01
 iter: 246:2        |ddm|: 1.007545e-06     Tr[DP]  5.652249e-01
 iter: 247:1        |ddm|: 1.041842e-06     Tr[DP]  5.652249e-01
 iter: 247:2        |ddm|: 1.026640e-06     Tr[DP]  5.652249e-01
 iter: 248:1        |ddm|: 1.142100e-06     Tr[DP]  5.652249e-01
 iter: 248:2        |ddm|: 1.056605e-06     Tr[DP]  5.652249e-01
 iter: 249:1        |ddm|: 1.049167e-06     Tr[DP]  5.652249e-01
 iter: 249:2        |ddm|: 9.982746e-07     Tr[DP]  5.652249e-01
 iter: 250:1        |ddm|: 1.046131e-06     Tr[DP]  5.652249e-01
 iter: 250:2        |ddm|: 9.840665e-07     Tr[DP]  5.652249e-01
 iter: 251:1        |ddm|: 1.008144e-06     Tr[DP]  5.652249e-01
 iter: 251:2        |ddm|: 9.517369e-07     Tr[DP]  5.652249e-01
 iter: 252:1        |ddm|: 9.554832e-07     Tr[DP]  5.652249e-01
 iter: 252:2        |ddm|: 9.472301e-07     Tr[DP]  5.652249e-01
 iter: 253:1        |ddm|: 1.024653e-06     Tr[DP]  5.652249e-01
 iter: 253:2        |ddm|: 9.910148e-07     Tr[DP]  5.652249e-01
 iter: 254:1        |ddm|: 1.091064e-06     Tr[DP]  5.652249e-01
 iter: 254:2        |ddm|: 1.106707e-06     Tr[DP]  5.652249e-01
 iter: 255:1        |ddm|: 2.335517e-06     Tr[DP]  5.652249e-01
 iter: 255:2        |ddm|: 1.954297e-06     Tr[DP]  5.652249e-01
 iter: 256:1        |ddm|: 1.380946e-06     Tr[DP]  5.652249e-01
 iter: 256:2        |ddm|: 1.253292e-06     Tr[DP]  5.652249e-01
 iter: 257:1        |ddm|: 7.937421e-07     Tr[DP]  5.652249e-01
 iter: 257:2        |ddm|: 7.489838e-07     Tr[DP]  5.652249e-01
 iter: 258:1        |ddm|: 6.488923e-07     Tr[DP]  5.652249e-01
 iter: 258:2        |ddm|: 6.230832e-07     Tr[DP]  5.652249e-01
 iter: 259:1        |ddm|: 6.065056e-07     Tr[DP]  5.652249e-01
 iter: 259:2        |ddm|: 5.780268e-07     Tr[DP]  5.652249e-01
 iter: 260:1        |ddm|: 5.666458e-07     Tr[DP]  5.652249e-01
 iter: 260:2        |ddm|: 5.487874e-07     Tr[DP]  5.652249e-01
 iter: 261:1        |ddm|: 5.911403e-07     Tr[DP]  5.652249e-01
 iter: 261:2        |ddm|: 5.819037e-07     Tr[DP]  5.652249e-01
 iter: 262:1        |ddm|: 6.109244e-07     Tr[DP]  5.652249e-01
 iter: 262:2        |ddm|: 5.512880e-07     Tr[DP]  5.652249e-01
 iter: 263:1        |ddm|: 5.792113e-07     Tr[DP]  5.652249e-01
 iter: 263:2        |ddm|: 5.298735e-07     Tr[DP]  5.652249e-01
 iter: 264:1        |ddm|: 4.819080e-07     Tr[DP]  5.652249e-01
 iter: 264:2        |ddm|: 4.725723e-07     Tr[DP]  5.652249e-01
 iter: 265:1        |ddm|: 5.358983e-07     Tr[DP]  5.652249e-01
 iter: 265:2        |ddm|: 4.923236e-07     Tr[DP]  5.652249e-01
 iter: 266:1        |ddm|: 4.968202e-07     Tr[DP]  5.652249e-01
 iter: 266:2        |ddm|: 4.669884e-07     Tr[DP]  5.652249e-01
 iter: 267:1        |ddm|: 4.498640e-07     Tr[DP]  5.652249e-01
 iter: 267:2        |ddm|: 4.398695e-07     Tr[DP]  5.652249e-01
 iter: 268:1        |ddm|: 4.512720e-07     Tr[DP]  5.652249e-01
 iter: 268:2        |ddm|: 4.556671e-07     Tr[DP]  5.652249e-01
 iter: 269:1        |ddm|: 5.198031e-07     Tr[DP]  5.652249e-01
 iter: 269:2        |ddm|: 4.687912e-07     Tr[DP]  5.652249e-01
 iter: 270:1        |ddm|: 4.693467e-07     Tr[DP]  5.652249e-01
 iter: 270:2        |ddm|: 4.444079e-07     Tr[DP]  5.652249e-01
 iter: 271:1        |ddm|: 4.520065e-07     Tr[DP]  5.652249e-01
 iter: 271:2        |ddm|: 4.297018e-07     Tr[DP]  5.652249e-01
 iter: 272:1        |ddm|: 4.482116e-07     Tr[DP]  5.652249e-01
 iter: 272:2        |ddm|: 4.221942e-07     Tr[DP]  5.652249e-01
 iter: 273:1        |ddm|: 4.238980e-07     Tr[DP]  5.652249e-01
 iter: 273:2        |ddm|: 4.030194e-07     Tr[DP]  5.652249e-01
 iter: 274:1        |ddm|: 5.579757e-07     Tr[DP]  5.652249e-01
 iter: 274:2        |ddm|: 5.730888e-07     Tr[DP]  5.652249e-01
 iter: 275:1        |ddm|: 9.660450e-07     Tr[DP]  5.652249e-01
 iter: 275:2        |ddm|: 8.270389e-07     Tr[DP]  5.652249e-01
 iter: 276:1        |ddm|: 4.705902e-07     Tr[DP]  5.652249e-01
 iter: 276:2        |ddm|: 4.016603e-07     Tr[DP]  5.652249e-01
 iter: 277:1        |ddm|: 4.371330e-07     Tr[DP]  5.652249e-01
 iter: 277:2        |ddm|: 4.310320e-07     Tr[DP]  5.652249e-01
 iter: 278:1        |ddm|: 3.373578e-07     Tr[DP]  5.652249e-01
 iter: 278:2        |ddm|: 3.196650e-07     Tr[DP]  5.652249e-01
 iter: 279:1        |ddm|: 2.864120e-07     Tr[DP]  5.652249e-01
 iter: 279:2        |ddm|: 2.765018e-07     Tr[DP]  5.652249e-01
 iter: 280:1        |ddm|: 2.813603e-07     Tr[DP]  5.652249e-01
 iter: 280:2        |ddm|: 2.704363e-07     Tr[DP]  5.652249e-01
 iter: 281:1        |ddm|: 2.864707e-07     Tr[DP]  5.652249e-01
 iter: 281:2        |ddm|: 2.648120e-07     Tr[DP]  5.652249e-01
 iter: 282:1        |ddm|: 2.644888e-07     Tr[DP]  5.652249e-01
 iter: 282:2        |ddm|: 2.546785e-07     Tr[DP]  5.652249e-01
 iter: 283:1        |ddm|: 2.846653e-07     Tr[DP]  5.652249e-01
 iter: 283:2        |ddm|: 2.739322e-07     Tr[DP]  5.652249e-01
 iter: 284:1        |ddm|: 2.695440e-07     Tr[DP]  5.652249e-01
 iter: 284:2        |ddm|: 2.215799e-07     Tr[DP]  5.652249e-01
 iter: 285:1        |ddm|: 2.267484e-07     Tr[DP]  5.652249e-01
 iter: 285:2        |ddm|: 2.286323e-07     Tr[DP]  5.652249e-01
 iter: 286:1        |ddm|: 2.337265e-07     Tr[DP]  5.652249e-01
 iter: 286:2        |ddm|: 2.217368e-07     Tr[DP]  5.652249e-01
 iter: 287:1        |ddm|: 2.243581e-07     Tr[DP]  5.652249e-01
 iter: 287:2        |ddm|: 2.142288e-07     Tr[DP]  5.652249e-01
 iter: 288:1        |ddm|: 2.142808e-07     Tr[DP]  5.652249e-01
 iter: 288:2        |ddm|: 2.110897e-07     Tr[DP]  5.652249e-01
 iter: 289:1        |ddm|: 2.216387e-07     Tr[DP]  5.652249e-01
 iter: 289:2        |ddm|: 2.158618e-07     Tr[DP]  5.652249e-01
 iter: 290:1        |ddm|: 2.514903e-07     Tr[DP]  5.652249e-01
 iter: 290:2        |ddm|: 2.276026e-07     Tr[DP]  5.652249e-01
 iter: 291:1        |ddm|: 2.082531e-07     Tr[DP]  5.652249e-01
 iter: 291:2        |ddm|: 2.037955e-07     Tr[DP]  5.652249e-01
 iter: 292:1        |ddm|: 2.150399e-07     Tr[DP]  5.652249e-01
 iter: 292:2        |ddm|: 2.042659e-07     Tr[DP]  5.652249e-01
 iter: 293:1        |ddm|: 2.067486e-07     Tr[DP]  5.652249e-01
 iter: 293:2        |ddm|: 1.999498e-07     Tr[DP]  5.652249e-01
 iter: 294:1        |ddm|: 2.067801e-07     Tr[DP]  5.652249e-01
 iter: 294:2        |ddm|: 2.027290e-07     Tr[DP]  5.652249e-01
 iter: 295:1        |ddm|: 2.411405e-07     Tr[DP]  5.652249e-01
 iter: 295:2        |ddm|: 2.228017e-07     Tr[DP]  5.652249e-01
 iter: 296:1        |ddm|: 2.463011e-07     Tr[DP]  5.652249e-01
 iter: 296:2        |ddm|: 1.889343e-07     Tr[DP]  5.652249e-01
 iter: 297:1        |ddm|: 1.963872e-07     Tr[DP]  5.652249e-01
 iter: 297:2        |ddm|: 1.982253e-07     Tr[DP]  5.652249e-01
 iter: 298:1        |ddm|: 2.707766e-07     Tr[DP]  5.652249e-01
 iter: 298:2        |ddm|: 2.331616e-07     Tr[DP]  5.652249e-01
 iter: 299:1        |ddm|: 2.372908e-07     Tr[DP]  5.652249e-01
 iter: 299:2        |ddm|: 2.074092e-07     Tr[DP]  5.652249e-01
 iter: 300:1        |ddm|: 3.834063e-07     Tr[DP]  5.652249e-01
 iter: 300:2        |ddm|: 3.176197e-07     Tr[DP]  5.652249e-01
                         Freeze-and-Thaw NOT converged!                         

=================== Subsystem 1 at higher mean-field method ====================
  subiter:   1      |ddm|: 5.649873e-01
  subiter:   2      |ddm|: 1.239602e-01
  subiter:   3      |ddm|: 2.663978e-02
  subiter:   4      |ddm|: 1.406581e-02
  subiter:   5      |ddm|: 6.477815e-03
  subiter:   6      |ddm|: 1.754161e-03
  subiter:   7      |ddm|: 7.853704e-04
  subiter:   8      |ddm|: 2.109045e-04
  subiter:   9      |ddm|: 6.515692e-05
  subiter:  10      |ddm|: 3.778658e-05
  subiter:  11      |ddm|: 3.014051e-05
  subiter:  12      |ddm|: 6.098326e-06
  subiter:  13      |ddm|: 2.830898e-06
  subiter:  14      |ddm|: 8.217667e-07
  subiter:  15      |ddm|: 3.496589e-07
  subiter:  16      |ddm|: 7.279522e-08
  subiter:  17      |ddm|: 3.510096e-08
  subiter:  18      |ddm|: 1.176954e-08
  subiter:  19      |ddm|: 1.344209e-08
  subiter:  20      |ddm|: 4.700497e-09


******** <class 'pyscf.scf.hf.RHF'> flags ********
method = RHF
initial guess = minao
damping factor = 0
level shift factor = 0
DIIS = <class 'pyscf.scf.diis.CDIIS'>
DIIS start cycle = 1
DIIS space = 8
SCF tol = 1e-09
SCF gradient tol = None
max. SCF cycles = 100
direct_scf = True
direct_scf_tol = 1e-13
chkfile to save SCF result = /panfs/roc/scratch/graha682/D135/201712_ccpVDZ_NEVPT2_m06_135_6c12h24/tmpfIKmje
max_memory 4000 MB (current use 901 MB)
Set gradient conv threshold to 3.16228e-05
init E= -232.100814715225
  HOMO = -0.301280398452868  LUMO = 0.147055702015486
cycle= 1 E= -232.100814715224  delta_E= 6.25e-13  |g|= 3.41e-09  |ddm|= 1.29e-08
  HOMO = -0.301280398252806  LUMO = 0.147055702135871
Extra cycle  E= -232.100814715224  delta_E= -4.55e-13  |g|= 1.91e-09  |ddm|= 6.42e-09
converged SCF energy = -232.100814715224


******** <class 'pyscf.dft.rks.RKS'> flags ********
method = RKS
initial guess = atom
damping factor = 0
level shift factor = 0.0
DIIS = <class 'pyscf.scf.diis.CDIIS'>
DIIS start cycle = 1
DIIS space = 8
SCF tol = 1e-08
SCF gradient tol = 1e-08
max. SCF cycles = 1
direct_scf = True
direct_scf_tol = 1e-13
chkfile to save SCF result = /panfs/roc/scratch/graha682/D135/201712_ccpVDZ_NEVPT2_m06_135_6c12h24/tmpfiKHaw
max_memory 4000 MB (current use 896 MB)
XC functionals = m06
small_rho_cutoff = 1e-20
radial grids: Treutler-Ahlrichs (JCP 102, 346 (M4)) radial grids
becke partition: Becke, JCP, 88, 2547 (1988)
pruning grids: <function nwchem_prune at 0x17d45f0>
grids dens level: 4
symmetrized grids: False
atomic radii adjust function: <function treutler_atomic_radii_adjust at 0x17d4488>
init E= -233.684491953237
  HOMO = -0.215855068876531  LUMO = -0.000725112338134252
cycle= 1 E= -233.684491953237  delta_E= -1.14e-13  |g|= 1.06e-07  |ddm|= 1.28e-07
  HOMO = -0.215855067868271  LUMO = -0.000725111824073334
Extra cycle  E= -233.684491953237  delta_E= 3.41e-13  |g|= 2.05e-07  |ddm|= 2.45e-07
SCF not converged.
SCF energy = -233.684491953237 after 1 cycles
 iter: 301:1        |ddm|: 6.693021e-01     Tr[DP]  6.675050e-01

******** <class 'pyscf.mcscf.mc1step.CASSCF'> flags ********
CAS (1e+1e, 2o), ncore = 22, nvir = 110
max_cycle_macro = 50
max_cycle_micro = 4
conv_tol = 1e-07
conv_tol_grad = None
orbital rotation max_stepsize = 0.02
augmented hessian ah_max_cycle = 30
augmented hessian ah_conv_tol = 1e-12
augmented hessian ah_linear dependence = 1e-14
augmented hessian ah_level shift = 0
augmented hessian ah_start_tol = 2.5
augmented hessian ah_start_cycle = 3
augmented hessian ah_grad_trust_region = 3
kf_trust_region = 3
kf_interval = 4
ci_response_space = 4
ci_grad_trust_region = 3
with_dep4 0
natorb = False
canonicalization = True
sorting_mo_energy = False
chkfile = /panfs/roc/scratch/graha682/D135/201712_ccpVDZ_NEVPT2_m06_135_6c12h24/tmpfIKmje
max_memory 4000 MB (current use 914 MB)
internal_rotation = False
******** <class 'pyscf.fci.direct_spin1.FCISolver'> flags ********
max. cycles = 50
conv_tol = 1e-08
davidson only = False
linear dependence = 1e-10
level shift = 0.001
max iter space = 12
max_memory 4000 MB
nroots = 1
pspace_size = 400
spin = None
CASCI E = -232.109244819016  S^2 = 0.0000000
Set conv_tol_grad to 0.000316228
macro iter 1 (21 JK  4 micro), CASSCF E = -232.130257080762  dE = -0.021012262  S^2 = 0.0000000
               |grad[o]|=0.025  |grad[c]|= 0.0540309293632  |ddm|=0.0515
macro iter 2 (13 JK  4 micro), CASSCF E = -232.130889022814  dE = -0.00063194205  S^2 = 0.0000000
               |grad[o]|=0.0194  |grad[c]|= 0.00156395239985  |ddm|=0.00805
macro iter 3 (6 JK  2 micro), CASSCF E = -232.130890093838  dE = -1.0710234e-06  S^2 = 0.0000000
               |grad[o]|=0.000483  |grad[c]|= 1.51804018579e-05  |ddm|=0.000146
macro iter 4 (1 JK  1 micro), CASSCF E = -232.130890093843  dE = -5.8264504e-12  S^2 = 0.0000000
               |grad[o]|=2.43e-05  |grad[c]|= 1.76599509985e-06  |ddm|=4.3e-06
1-step CASSCF converged in 4 macro (41 JK 11 micro) steps
CASSCF canonicalization
CASSCF energy = -232.130890093843
Hartree-Fock Energy:  -232.10081471522443
CAS Correlation:       -0.03007537861905
CAS Energy:          -232.13089009384348
Sr    (-1)',   E = -0.00000000016516
Si    (+1)',   E = -0.00000000012005
Sijrs (0)  ,   E = -0.75447005437656
Sijr  (+1) ,   E = -0.01912124379566
Srsi  (-1) ,   E = -0.06100763664420
Srs   (-2) ,   E = -0.00445063774014
Sij   (+2) ,   E = -0.00096521209754
Sir   (0)' ,   E = -0.03567409126954
Nevpt2 Energy = -0.875688876208859
NEVPT2 =   -0.875688876208859
Total NEVPT2 = -233.006578970052345

============================== Supermolecular DFT ==============================
  subiter:   1      |ddm|: 3.595239e+00
  subiter:   2      |ddm|: 3.152012e-01
  subiter:   3      |ddm|: 1.916718e-01
  subiter:   4      |ddm|: 1.983606e-02
  subiter:   5      |ddm|: 6.512965e-03
  subiter:   6      |ddm|: 2.615301e-03
  subiter:   7      |ddm|: 8.397169e-04
  subiter:   8      |ddm|: 1.990835e-04
  subiter:   9      |ddm|: 7.019227e-05
  subiter:  10      |ddm|: 1.991971e-05
  subiter:  11      |ddm|: 5.704543e-06
  subiter:  12      |ddm|: 4.008710e-06
  subiter:  13      |ddm|: 1.029809e-06
  subiter:  14      |ddm|: 4.014741e-07
  subiter:  15      |ddm|: 2.121430e-07
  subiter:  16      |ddm|: 1.620184e-08
  subiter:  17      |ddm|: 1.398111e-08
  subiter:  18      |ddm|: 2.070476e-08
  subiter:  19      |ddm|: 1.518672e-08
  subiter:  20      |ddm|: 1.007458e-08
  subiter:  21      |ddm|: 1.522119e-08
  subiter:  22      |ddm|: 5.180888e-09


******** <class 'pyscf.dft.rks.RKS'> flags ********
method = RKS
initial guess = atom
damping factor = 0
level shift factor = 0.0
DIIS = <class 'pyscf.scf.diis.CDIIS'>
DIIS start cycle = 1
DIIS space = 8
SCF tol = 1e-08
SCF gradient tol = 1e-08
max. SCF cycles = 100
direct_scf = True
direct_scf_tol = 1e-13
chkfile to save SCF result = /panfs/roc/scratch/graha682/D135/201712_ccpVDZ_NEVPT2_m06_135_6c12h24/tmp0OGNyq
max_memory 4000 MB (current use 926 MB)
XC functionals = m06
small_rho_cutoff = 1e-20
radial grids: Treutler-Ahlrichs (JCP 102, 346 (M4)) radial grids
becke partition: Becke, JCP, 88, 2547 (1988)
pruning grids: <function nwchem_prune at 0x17d45f0>
grids dens level: 4
symmetrized grids: False
atomic radii adjust function: <function treutler_atomic_radii_adjust at 0x17d4488>
init E= -471.286305799459
  HOMO = -0.216941225973482  LUMO = -0.00667031690463439
cycle= 1 E= -471.286305799458  delta_E= 1.14e-12  |g|= 3.69e-09  |ddm|= 5.58e-09
  HOMO = -0.21694122592739  LUMO = -0.00667031686901718
Extra cycle  E= -471.286305799464  delta_E= -6.14e-12  |g|= 4.78e-09  |ddm|= 6.86e-09
converged SCF energy = -471.286305799464
Supermolecular DFT   -471.28630579945934

============================== Embedding Energies ==============================
Subsystem DFT              -233.68449195323689
Interaction                -237.35675529602071
DFT-in-DFT                 -471.04124724925759
Supermolecular DFT         -471.28630579945934
Difference                   -0.24505855020175
Corrected DFT-in-DFT       -471.28630579945934
WF-in-DFT                  -470.36333426607302
Corrected WF-in-DFT        -470.60839281627477
================================================================================
TIMING STATISTICS:
     overlap integrals      0.03s   ( 0.00%)
    initial subsystems      0.15s   ( 0.00%)
           2e matrices   8445.74s   (91.09%)
      tot. embed. of 1   8484.23s   (91.50%)
      tot. embed. of 2      1.53s   ( 0.02%)
       freeze and thaw   8485.80s   (91.52%)
                   cas      4.55s   ( 0.05%)
                nevpt2      0.48s   ( 0.01%)
  interaction energies    779.42s   ( 8.41%)
                 TOTAL   9272.02s
================================================================================

********************************************************************************
*                              END OF CALCULATION                              *
********************************************************************************
