********************************************************************************
*                              PySCF CALCULATION                               *
********************************************************************************

================================== Input File ==================================
atoms
C          6.03822       -1.61193        0.00272
H          6.16282       -1.71682       -1.08857
H          5.60395       -2.55716        0.37064
H          7.04328       -1.51680        0.44245
C          5.14924       -0.43177        0.34201
H          5.06385       -0.32537        1.44037
H          5.61851        0.50823       -0.00638
C          3.75744       -0.54308       -0.25549
H          3.28199       -1.48232        0.09204
H          3.83652       -0.64760       -1.35639
C          2.85572        0.63125        0.07628
H          3.32724        1.57016       -0.27623
H          2.77251        0.74055        1.17509
C          1.45908        0.51121       -0.52111
H          0.97455       -0.41358       -0.15465
H          1.55662        0.38820       -1.61860
C          0.59088        1.68739       -0.22024
H          0.95583        2.66433       -0.57703
C         -0.55671        1.64983        0.46159
H         -0.51763        1.75539        1.55806
C         -1.91048        1.44071       -0.13110
H         -1.83137        1.39090       -1.23363
H         -2.55477        2.31603        0.08759
C         -2.60459        0.18896        0.39157
H         -2.66071        0.23394        1.49746
H         -1.97694       -0.69513        0.16644
C         -3.99664       -0.01197       -0.17769
H         -4.61990        0.87609        0.05047
H         -3.94011       -0.05064       -1.28417
C         -4.69138       -1.26123        0.33535
H         -4.06373       -2.14377        0.10690
H         -4.74338       -1.21853        1.44019
C         -6.08036       -1.44898       -0.24228
H         -6.57102       -2.35810        0.13893
H         -6.73293       -0.59338        0.00174
H         -6.04763       -1.52690       -1.34241
end

basis cc-pVTZ
gencube cas
scf
method cas[2,2]/nevpt2
localize [47,48]
grid 4
conv 1e-8
grad 1e-8
maxiter 100
end
================================== End Input ===================================


******** <class 'pyscf.scf.hf.RHF'> flags ********
method = RHF
initial guess = atom
damping factor = 0
level shift factor = 0
DIIS = <class 'pyscf.scf.diis.CDIIS'>
DIIS start cycle = 1
DIIS space = 8
SCF tol = 1e-08
SCF gradient tol = 1e-08
max. SCF cycles = 100
direct_scf = True
direct_scf_tol = 1e-13
chkfile to save SCF result = /panfs/roc/scratch/graha682/201711_ccpVTZ_NEVPT2_90c12h24_local/tmpfxqnwe7q
max_memory 4000 MB (current use 44 MB)
Initial guess from superpostion of atomic densties.
init E= -475.908627048823
  HOMO = -0.230966011448915  LUMO = -0.229955733090764
cycle= 1 E= -468.004684464677  delta_E=  7.9  |g|= 1.04  |ddm|= 4.03
  HOMO = -0.150652798667892  LUMO = 0.082007208911279
cycle= 2 E= -468.306748442303  delta_E= -0.302  |g|= 0.419  |ddm|= 1.23
  HOMO = -0.23448510516459  LUMO = 0.0426821115899437
cycle= 3 E= -468.356255084772  delta_E= -0.0495  |g|= 0.134  |ddm|= 0.549
  HOMO = -0.226591345721384  LUMO = 0.0519064657433763
cycle= 4 E= -468.363921178571  delta_E= -0.00767  |g|= 0.0536  |ddm|= 0.207
  HOMO = -0.224791194145288  LUMO = 0.0581676650432037
cycle= 5 E= -468.365045372239  delta_E= -0.00112  |g|= 0.0209  |ddm|= 0.061
  HOMO = -0.225609266719288  LUMO = 0.059447449497273
cycle= 6 E= -468.366114459823  delta_E= -0.00107  |g|= 0.0203  |ddm|= 0.0973
  HOMO = -0.227427392426229  LUMO = 0.0599369859573957
cycle= 7 E= -468.36688873305  delta_E= -0.000774  |g|= 0.0153  |ddm|= 0.0847
  HOMO = -0.229435970583159  LUMO = 0.0632535554493358
cycle= 8 E= -468.367849179245  delta_E= -0.00096  |g|= 0.00639  |ddm|= 0.176
  HOMO = -0.228360563642783  LUMO = 0.0615359177411246
cycle= 9 E= -468.367966784698  delta_E= -0.000118  |g|= 0.0018  |ddm|= 0.0655
  HOMO = -0.228000311543396  LUMO = 0.061314177680466
cycle= 10 E= -468.36797450643  delta_E= -7.72e-06  |g|= 0.000593  |ddm|= 0.0174
  HOMO = -0.227964810952342  LUMO = 0.0612645702761705
cycle= 11 E= -468.367974879634  delta_E= -3.73e-07  |g|= 0.000154  |ddm|= 0.00364
  HOMO = -0.227974318729997  LUMO = 0.0613009209293106
cycle= 12 E= -468.367974898859  delta_E= -1.92e-08  |g|= 5.62e-05  |ddm|= 0.000476
  HOMO = -0.227972645528283  LUMO = 0.0612990203461108
cycle= 13 E= -468.367974901371  delta_E= -2.51e-09  |g|= 1.87e-05  |ddm|= 0.000167
  HOMO = -0.22797158311798  LUMO = 0.0612998749197116
cycle= 14 E= -468.36797490162  delta_E= -2.49e-10  |g|= 6.9e-06  |ddm|= 0.000103
  HOMO = -0.227970784456164  LUMO = 0.0612998613462255
cycle= 15 E= -468.367974901667  delta_E= -4.68e-11  |g|= 3.79e-06  |ddm|= 6.51e-05
  HOMO = -0.22797213076873  LUMO = 0.0613005681356583
cycle= 16 E= -468.367974901684  delta_E= -1.68e-11  |g|= 9.64e-07  |ddm|= 3e-05
  HOMO = -0.227971954824584  LUMO = 0.0613006350645815
cycle= 17 E= -468.367974901682  delta_E= 2.05e-12  |g|= 4.31e-07  |ddm|= 4.17e-06
  HOMO = -0.22797203398732  LUMO = 0.0613005702632299
cycle= 18 E= -468.367974901689  delta_E= -7.5e-12  |g|= 1.29e-07  |ddm|= 2.68e-06
  HOMO = -0.227972017530087  LUMO = 0.0613005855908526
cycle= 19 E= -468.367974901684  delta_E= 5e-12  |g|= 5.58e-08  |ddm|= 3.6e-07
  HOMO = -0.227972018007739  LUMO = 0.0613005835951856
cycle= 20 E= -468.367974901685  delta_E= -4.55e-13  |g|= 2.46e-08  |ddm|= 2.48e-07
  HOMO = -0.227972016461541  LUMO = 0.0613005846815078
cycle= 21 E= -468.367974901678  delta_E= 6.37e-12  |g|= 1.43e-08  |ddm|= 1.02e-07
  HOMO = -0.227972014853743  LUMO = 0.0613005859297462
cycle= 22 E= -468.36797490167  delta_E= 8.64e-12  |g|= 5.75e-09  |ddm|= 1.01e-07
  HOMO = -0.227972015074112  LUMO = 0.0613005857580532
Extra cycle  E= -468.367974901675  delta_E= -4.77e-12  |g|= 2.9e-09  |ddm|= 1.51e-08
converged SCF energy = -468.367974901675


******** <class 'pyscf.lo.pipek.PipekMezey'> flags ********
conv_tol = 1e-06
conv_tol_grad = None
max_cycle = 100
max_stepsize = 0.05
max_iters = 20
kf_interval = 5
kf_trust_region = 5
ah_start_tol = 1000000000.0
ah_start_cycle = 1
ah_level_shift = 0
ah_conv_tol = 1e-12
ah_lindep = 1e-14
ah_max_cycle = 40
ah_trust_region = 3
init_guess = atomic
pop_method = meta_lowdin

******** <class 'pyscf.mcscf.mc1step.CASSCF'> flags ********
CAS (1e+1e, 2o), ncore = 47, nvir = 647
max_cycle_macro = 50
max_cycle_micro = 4
conv_tol = 1e-07
conv_tol_grad = None
orbital rotation max_stepsize = 0.02
augmented hessian ah_max_cycle = 30
augmented hessian ah_conv_tol = 1e-12
augmented hessian ah_linear dependence = 1e-14
augmented hessian ah_level shift = 0
augmented hessian ah_start_tol = 2.5
augmented hessian ah_start_cycle = 3
augmented hessian ah_grad_trust_region = 3
kf_trust_region = 3
kf_interval = 4
ci_response_space = 4
ci_grad_trust_region = 3
with_dep4 0
natorb = False
canonicalization = True
sorting_mo_energy = False
chkfile = /panfs/roc/scratch/graha682/201711_ccpVTZ_NEVPT2_90c12h24_local/tmpfxqnwe7q
max_memory 4000 MB (current use 302 MB)
internal_rotation = False
******** <class 'pyscf.fci.direct_spin1.FCISolver'> flags ********
max. cycles = 50
conv_tol = 1e-08
davidson only = False
linear dependence = 1e-10
level shift = 0.001
max iter space = 12
max_memory 4000 MB
nroots = 1
pspace_size = 400
spin = None
CASCI E = -468.367975286638  S^2 = 0.0000000
Set conv_tol_grad to 0.000316228
macro iter 1 (1 JK  1 micro), CASSCF E = -468.367975286638  dE = 1.1368684e-13  S^2 = 0.0000000
               |grad[o]|=9.9e-06  |grad[c]|= 9.33575295891e-15  |ddm|=2.25e-11
1-step CASSCF converged in 1 macro (1 JK 1 micro) steps
CASSCF canonicalization
CASSCF energy = -468.367975286638
Sr    (-1)',   E = -0.00004966883330
Si    (+1)',   E = -0.00000097732894
Sijrs (0)  ,   E = -2.10020446002375
Sijr  (+1) ,   E = -0.06855132030166
Srsi  (-1) ,   E = -0.08429177699341
Srs   (-2) ,   E = -0.02051040705581
Sij   (+2) ,   E = -0.00756497131970
Sir   (0)' ,   E = -0.00049383175455
Nevpt2 Energy = -2.281667413611117
Total NEVPT2 = -470.649642700248705
