********************************************************************************
*                         FREEZE-AND-THAW CALCULATION                          *
********************************************************************************

================================== Input File ==================================
subsystem
C         -6.81481       -0.41548        0.09427
C         -5.56147        0.43724        0.09293
H         -7.73235        0.19145        0.14286
H         -6.82758       -1.10435        0.95610
H         -6.87608       -1.03602       -0.81602
C         -4.28367       -0.38105        0.02769
H         -5.53674        1.07534        0.99707
H         -5.58393        1.14193       -0.76040
C         -3.01934        0.45821        0.02466
H         -4.30287       -1.02140       -0.87709
H         -4.25513       -1.08694        0.88206
C         -1.74266       -0.35996       -0.03904
H         -3.00073        1.09895        0.92897
H         -3.04751        1.16305       -0.83038
C         -0.47847        0.47976       -0.04293
H         -1.76110       -1.00126       -0.94291
H         -1.71376       -1.06425        0.81636
C          0.79802       -0.33884       -0.10519
H         -0.46016        1.12166        0.86050
H         -0.50661        1.18343       -0.89888
C          2.06201        0.50110       -0.10952
H          0.77977       -0.98112       -1.00834
H          0.82667       -1.04194        0.75104
C          3.33732       -0.31885       -0.17142
H          2.08070        1.14303        0.79380
H          2.03456        1.20444       -0.96582
C          4.60273        0.52974       -0.16842
H          3.32338       -0.95585       -1.07806
H          3.36999       -1.02442        0.68131
C          5.85144       -0.28251       -0.26720
H          4.63440        1.15499        0.74374
H          4.55410        1.23655       -1.02099
Gh.C          6.83934       -0.29091        0.62655
Gh.H          6.79249        0.32749        1.53124
Gh.H          7.73182       -0.91026        0.49647
Gh.H          5.93403       -0.92517       -1.15692
charge +1
end

subsystem
Gh.C         -6.81481       -0.41548        0.09427
Gh.C         -5.56147        0.43724        0.09293
Gh.H         -7.73235        0.19145        0.14286
Gh.H         -6.82758       -1.10435        0.95610
Gh.H         -6.87608       -1.03602       -0.81602
Gh.C         -4.28367       -0.38105        0.02769
Gh.H         -5.53674        1.07534        0.99707
Gh.H         -5.58393        1.14193       -0.76040
Gh.C         -3.01934        0.45821        0.02466
Gh.H         -4.30287       -1.02140       -0.87709
Gh.H         -4.25513       -1.08694        0.88206
Gh.C         -1.74266       -0.35996       -0.03904
Gh.H         -3.00073        1.09895        0.92897
Gh.H         -3.04751        1.16305       -0.83038
Gh.C         -0.47847        0.47976       -0.04293
Gh.H         -1.76110       -1.00126       -0.94291
Gh.H         -1.71376       -1.06425        0.81636
Gh.C          0.79802       -0.33884       -0.10519
Gh.H         -0.46016        1.12166        0.86050
Gh.H         -0.50661        1.18343       -0.89888
Gh.C          2.06201        0.50110       -0.10952
Gh.H          0.77977       -0.98112       -1.00834
Gh.H          0.82667       -1.04194        0.75104
Gh.C          3.33732       -0.31885       -0.17142
Gh.H          2.08070        1.14303        0.79380
Gh.H          2.03456        1.20444       -0.96582
Gh.C          4.60273        0.52974       -0.16842
Gh.H          3.32338       -0.95585       -1.07806
Gh.H          3.36999       -1.02442        0.68131
Gh.C          5.85144       -0.28251       -0.26720
Gh.H          4.63440        1.15499        0.74374
Gh.H          4.55410        1.23655       -1.02099
C          6.83934       -0.29091        0.62655
H          6.79249        0.32749        1.53124
H          7.73182       -0.91026        0.49647
H          5.93403       -0.92517       -1.15692
charge -1
end

embed
 huzinaga
 cycles 300
 conv 1e-8
 method m06
end

basis cc-pVDZ
method cas[2,2]/nevpt2
grid 4
conv 1e-8
grad 1e-8
maxiter 100
================================== End Input ===================================
tot grids = 725328

                      Getting subsystem overlap integrals                       

                          Initial subsystem densities                           
Guessing initial subsystem densities
Initial guess from superpostion of atomic densties.
Guessing initial subsystem densities
Initial guess from superpostion of atomic densties.

=========================== Starting Freeze-and-Thaw ===========================
 iter:   1:1        |ddm|: 5.791189e+00     Tr[DP]  6.792068e-01
 iter:   1:2        |ddm|: 2.054957e+00     Tr[DP] -3.699027e-16
 iter:   2:1        |ddm|: 3.725915e+00     Tr[DP] -2.773931e-16
 iter:   2:2        |ddm|: 9.813159e-01     Tr[DP] -7.537374e-16
 iter:   3:1        |ddm|: 2.335213e+00     Tr[DP]  7.453890e-18
 iter:   3:2        |ddm|: 6.088834e-01     Tr[DP]  6.364538e-16
 iter:   4:1        |ddm|: 2.690300e-01     Tr[DP] -2.370608e-16
 iter:   4:2        |ddm|: 1.475774e-01     Tr[DP] -1.384607e-15
 iter:   5:1        |ddm|: 6.927200e-02     Tr[DP]  1.864828e-17
 iter:   5:2        |ddm|: 8.853860e-02     Tr[DP] -1.168092e-15
 iter:   6:1        |ddm|: 2.267383e-02     Tr[DP] -6.643449e-17
 iter:   6:2        |ddm|: 1.658109e-02     Tr[DP]  8.217168e-16
 iter:   7:1        |ddm|: 6.535268e-03     Tr[DP] -9.138198e-16
 iter:   7:2        |ddm|: 2.918283e-03     Tr[DP] -9.717162e-16
 iter:   8:1        |ddm|: 1.797227e-03     Tr[DP]  3.278898e-16
 iter:   8:2        |ddm|: 1.016285e-03     Tr[DP]  2.248364e-16
 iter:   9:1        |ddm|: 6.482240e-04     Tr[DP] -1.036497e-16
 iter:   9:2        |ddm|: 2.045991e-04     Tr[DP] -1.799505e-16
 iter:  10:1        |ddm|: 1.774888e-04     Tr[DP] -1.454186e-16
 iter:  10:2        |ddm|: 8.783592e-05     Tr[DP]  5.529431e-18
 iter:  11:1        |ddm|: 5.888893e-05     Tr[DP] -3.757574e-16
 iter:  11:2        |ddm|: 2.353946e-05     Tr[DP]  1.015301e-15
 iter:  12:1        |ddm|: 2.462756e-05     Tr[DP]  1.425997e-16
 iter:  12:2        |ddm|: 2.179896e-05     Tr[DP]  2.057274e-17
 iter:  13:1        |ddm|: 1.163422e-05     Tr[DP]  2.839525e-16
 iter:  13:2        |ddm|: 1.296889e-05     Tr[DP] -9.447467e-16
 iter:  14:1        |ddm|: 2.827077e-06     Tr[DP] -5.020669e-16
 iter:  14:2        |ddm|: 1.976743e-06     Tr[DP] -4.790005e-16
 iter:  15:1        |ddm|: 9.805420e-07     Tr[DP] -5.122855e-16
 iter:  15:2        |ddm|: 6.479399e-07     Tr[DP] -6.028164e-17
 iter:  16:1        |ddm|: 3.433109e-07     Tr[DP]  5.688809e-16
 iter:  16:2        |ddm|: 1.953938e-07     Tr[DP] -4.813858e-17
 iter:  17:1        |ddm|: 1.721614e-07     Tr[DP]  9.110009e-17
 iter:  17:2        |ddm|: 6.017266e-08     Tr[DP]  7.227834e-16
 iter:  18:1        |ddm|: 7.146704e-08     Tr[DP] -1.305379e-16
 iter:  18:2        |ddm|: 3.700344e-08     Tr[DP] -1.557456e-16
 iter:  19:1        |ddm|: 3.157986e-08     Tr[DP]  1.057910e-16
 iter:  19:2        |ddm|: 1.238408e-08     Tr[DP]  2.840068e-16
 iter:  20:1        |ddm|: 1.107567e-08     Tr[DP] -7.795414e-17
 iter:  20:2        |ddm|: 7.183850e-09     Tr[DP] -1.337905e-16
 iter:  21:1        |ddm|: 5.847734e-09     Tr[DP]  4.932307e-16
 iter:  21:2        |ddm|: 3.512033e-09     Tr[DP]  2.888586e-16
                           Freeze-and-Thaw converged!                           

=================== Subsystem 1 at higher mean-field method ====================
  subiter:   1      |ddm|: 8.000093e-01
  subiter:   2      |ddm|: 1.195083e-01
  subiter:   3      |ddm|: 2.209307e-02
  subiter:   4      |ddm|: 1.427924e-02
  subiter:   5      |ddm|: 3.192812e-03
  subiter:   6      |ddm|: 8.467240e-04
  subiter:   7      |ddm|: 2.527652e-04
  subiter:   8      |ddm|: 6.599839e-05
  subiter:   9      |ddm|: 2.455369e-05
  subiter:  10      |ddm|: 8.769430e-06
  subiter:  11      |ddm|: 1.333469e-06
  subiter:  12      |ddm|: 6.932024e-07
  subiter:  13      |ddm|: 1.025133e-07
  subiter:  14      |ddm|: 2.284767e-08
  subiter:  15      |ddm|: 2.193035e-08
  subiter:  16      |ddm|: 1.324858e-08
  subiter:  17      |ddm|: 6.682308e-09


******** <class 'pyscf.scf.hf.RHF'> flags ********
method = RHF
initial guess = minao
damping factor = 0
level shift factor = 0
DIIS = <class 'pyscf.scf.diis.CDIIS'>
DIIS start cycle = 1
DIIS space = 8
SCF tol = 1e-09
SCF gradient tol = None
max. SCF cycles = 100
direct_scf = True
direct_scf_tol = 1e-13
chkfile to save SCF result = /panfs/roc/scratch/graha682/pos_wf_hzfermi_supbasis/201711_ccpVDZ_NEVPT2_m06_0_11c12h24/tmpbpkp3y
max_memory 4000 MB (current use 281 MB)
Set gradient conv threshold to 3.16228e-05
init E= -414.030000687994
  HOMO = -0.426992647054741  LUMO = 0.183220423426047
cycle= 1 E= -414.030000687992  delta_E= 1.59e-12  |g|= 6.61e-09  |ddm|= 1.97e-08
  HOMO = -0.42699264726394  LUMO = 0.18322042339735
Extra cycle  E= -414.030000687987  delta_E= 5.12e-12  |g|= 3.37e-09  |ddm|= 9.49e-09
converged SCF energy = -414.030000687987


******** <class 'pyscf.dft.rks.RKS'> flags ********
method = RKS
initial guess = atom
damping factor = 0
level shift factor = 0.0
DIIS = <class 'pyscf.scf.diis.CDIIS'>
DIIS start cycle = 1
DIIS space = 8
SCF tol = 1e-08
SCF gradient tol = 1e-08
max. SCF cycles = 1
direct_scf = True
direct_scf_tol = 1e-13
chkfile to save SCF result = /panfs/roc/scratch/graha682/pos_wf_hzfermi_supbasis/201711_ccpVDZ_NEVPT2_m06_0_11c12h24/tmp0gQknv
max_memory 4000 MB (current use 281 MB)
XC functionals = m06
small_rho_cutoff = 1e-20
radial grids: Treutler-Ahlrichs (JCP 102, 346 (M4)) radial grids
becke partition: Becke, JCP, 88, 2547 (1988)
pruning grids: <function nwchem_prune at 0x197a5f0>
grids dens level: 4
symmetrized grids: False
atomic radii adjust function: <function treutler_atomic_radii_adjust at 0x197a488>
init E= -416.723539922386
  HOMO = -0.314001150088839  LUMO = 0.0236355315725801
cycle= 1 E= -416.723539922387  delta_E= -6.82e-13  |g|= 1.21e-09  |ddm|= 2.49e-09
  HOMO = -0.314001150017571  LUMO = 0.0236355316603244
Extra cycle  E= -416.723539922394  delta_E= -7.73e-12  |g|= 1.33e-09  |ddm|= 2.36e-09
converged SCF energy = -416.723539922394
 iter:  22:1        |ddm|: 9.115090e-01     Tr[DP]  3.428293e-02

******** <class 'pyscf.mcscf.mc1step.CASSCF'> flags ********
CAS (1e+1e, 2o), ncore = 42, nvir = 244
max_cycle_macro = 50
max_cycle_micro = 4
conv_tol = 1e-07
conv_tol_grad = None
orbital rotation max_stepsize = 0.02
augmented hessian ah_max_cycle = 30
augmented hessian ah_conv_tol = 1e-12
augmented hessian ah_linear dependence = 1e-14
augmented hessian ah_level shift = 0
augmented hessian ah_start_tol = 2.5
augmented hessian ah_start_cycle = 3
augmented hessian ah_grad_trust_region = 3
kf_trust_region = 3
kf_interval = 4
ci_response_space = 4
ci_grad_trust_region = 3
with_dep4 0
natorb = False
canonicalization = True
sorting_mo_energy = False
chkfile = /panfs/roc/scratch/graha682/pos_wf_hzfermi_supbasis/201711_ccpVDZ_NEVPT2_m06_0_11c12h24/tmpbpkp3y
max_memory 4000 MB (current use 282 MB)
internal_rotation = False
******** <class 'pyscf.fci.direct_spin1.FCISolver'> flags ********
max. cycles = 50
conv_tol = 1e-08
davidson only = False
linear dependence = 1e-10
level shift = 0.001
max iter space = 12
max_memory 4000 MB
nroots = 1
pspace_size = 400
spin = None
CASCI E = -414.030001625496  S^2 = 0.0000000
Set conv_tol_grad to 0.000316228
macro iter 1 (1 JK  1 micro), CASSCF E = -414.030001625496  dE = 0  S^2 = 0.0000000
               |grad[o]|=7.26e-06  |grad[c]|= 2.06310565174e-14  |ddm|=    0
1-step CASSCF converged in 1 macro (1 JK 1 micro) steps
CASSCF canonicalization
CASSCF energy = -414.030001625496
Hartree-Fock Energy:  -414.03000068798713
CAS Correlation:       -0.00000093750913
CAS Energy:          -414.03000162549625
Sr    (-1)',   E = -0.00000651914048
Si    (+1)',   E = -0.00000072691056
Sijrs (0)  ,   E = -1.38144976430078
Sijr  (+1) ,   E = -0.01858419842391
Srsi  (-1) ,   E = -0.12916420531466
Srs   (-2) ,   E = -0.00444779019036
Sij   (+2) ,   E = -0.00026621974517
Sir   (0)' ,   E = -0.00140484111935
Nevpt2 Energy = -1.535324265145283
NEVPT2 =   -1.535324265145283
Total NEVPT2 = -415.565325890641532

============================== Supermolecular DFT ==============================
  subiter:   1      |ddm|: 1.109900e-08
  subiter:   2      |ddm|: 1.507700e-08
  subiter:   3      |ddm|: 1.189485e-08
  subiter:   4      |ddm|: 2.835982e-09


******** <class 'pyscf.dft.rks.RKS'> flags ********
method = RKS
initial guess = atom
damping factor = 0
level shift factor = 0.0
DIIS = <class 'pyscf.scf.diis.CDIIS'>
DIIS start cycle = 1
DIIS space = 8
SCF tol = 1e-08
SCF gradient tol = 1e-08
max. SCF cycles = 100
direct_scf = True
direct_scf_tol = 1e-13
chkfile to save SCF result = /panfs/roc/scratch/graha682/pos_wf_hzfermi_supbasis/201711_ccpVDZ_NEVPT2_m06_0_11c12h24/tmpWcDdhA
max_memory 4000 MB (current use 290 MB)
XC functionals = m06
small_rho_cutoff = 1e-20
radial grids: Treutler-Ahlrichs (JCP 102, 346 (M4)) radial grids
becke partition: Becke, JCP, 88, 2547 (1988)
pruning grids: <function nwchem_prune at 0x197a5f0>
grids dens level: 4
symmetrized grids: False
atomic radii adjust function: <function treutler_atomic_radii_adjust at 0x197a488>
init E= -471.321327838524
  HOMO = -0.265919340289264  LUMO = 0.0236355314984936
cycle= 1 E= -471.321327838521  delta_E= 3.41e-12  |g|= 5.34e-10  |ddm|= 6.97e-10
  HOMO = -0.265919340308454  LUMO = 0.0236355314688237
Extra cycle  E= -471.321327838518  delta_E= 2.96e-12  |g|= 9.26e-10  |ddm|= 1.31e-09
converged SCF energy = -471.321327838518
Supermolecular DFT   -471.32132783852626

============================== Embedding Energies ==============================
Subsystem DFT              -416.72353992238607
Interaction                 -54.59778791612860
DFT-in-DFT                 -471.32132783851466
Supermolecular DFT         -471.32132783852626
Difference                   -0.00000000001160
Corrected DFT-in-DFT       -471.32132783852626
WF-in-DFT                  -470.16311380677013
Corrected WF-in-DFT        -470.16311380678172
================================================================================
TIMING STATISTICS:
     overlap integrals      0.03s   ( 0.00%)
    initial subsystems      0.36s   ( 0.03%)
           2e matrices    611.15s   (51.29%)
      tot. embed. of 1    786.72s   (66.03%)
      tot. embed. of 2      0.32s   ( 0.03%)
       freeze and thaw    787.06s   (66.06%)
                   cas     39.53s   ( 3.32%)
                nevpt2     56.19s   ( 4.72%)
  interaction energies    306.77s   (25.75%)
                 TOTAL   1191.49s
================================================================================

********************************************************************************
*                              END OF CALCULATION                              *
********************************************************************************
