********************************************************************************
*                              PySCF CALCULATION                               *
********************************************************************************

================================== Input File ==================================
atoms
C          6.03822       -1.61193        0.00272
H          6.16282       -1.71682       -1.08857
H          5.60395       -2.55716        0.37064
H          7.04328       -1.51680        0.44245
C          5.14924       -0.43177        0.34201
H          5.06385       -0.32537        1.44037
H          5.61851        0.50823       -0.00638
C          3.75744       -0.54308       -0.25549
H          3.28199       -1.48232        0.09204
H          3.83652       -0.64760       -1.35639
C          2.85572        0.63125        0.07628
H          3.32724        1.57016       -0.27623
H          2.77251        0.74055        1.17509
C          1.45908        0.51121       -0.52111
H          0.97455       -0.41358       -0.15465
H          1.55662        0.38820       -1.61860
C          0.59088        1.68739       -0.22024
H          0.95583        2.66433       -0.57703
C         -0.55671        1.64983        0.46159
H         -0.51763        1.75539        1.55806
C         -1.91048        1.44071       -0.13110
H         -1.83137        1.39090       -1.23363
H         -2.55477        2.31603        0.08759
C         -2.60459        0.18896        0.39157
H         -2.66071        0.23394        1.49746
H         -1.97694       -0.69513        0.16644
C         -3.99664       -0.01197       -0.17769
H         -4.61990        0.87609        0.05047
H         -3.94011       -0.05064       -1.28417
C         -4.69138       -1.26123        0.33535
H         -4.06373       -2.14377        0.10690
H         -4.74338       -1.21853        1.44019
C         -6.08036       -1.44898       -0.24228
H         -6.57102       -2.35810        0.13893
H         -6.73293       -0.59338        0.00174
H         -6.04763       -1.52690       -1.34241
end

basis cc-pVDZ
gencube cas
scf
method cas[2,2]/nevpt2
grid 4
conv 1e-8
grad 1e-8
maxiter 100
end
================================== End Input ===================================


******** <class 'pyscf.scf.hf.RHF'> flags ********
method = RHF
initial guess = atom
damping factor = 0
level shift factor = 0
DIIS = <class 'pyscf.scf.diis.CDIIS'>
DIIS start cycle = 1
DIIS space = 8
SCF tol = 1e-08
SCF gradient tol = 1e-08
max. SCF cycles = 100
direct_scf = True
direct_scf_tol = 1e-13
chkfile to save SCF result = /panfs/roc/scratch/graha682/D90/201711_ccpVDZ_NEVPT2_90c12h24/tmpmXrl5h
max_memory 4000 MB (current use 45 MB)
Initial guess from superpostion of atomic densties.
init E= -475.440617703663

WARN: HOMO -0.199457816998285 == LUMO -0.198616324439644

cycle= 1 E= -467.948618917428  delta_E= 7.49  |g|= 0.905  |ddm|= 5.43
  HOMO = -0.160744378744626  LUMO = 0.0823568971410346
cycle= 2 E= -468.198738480471  delta_E= -0.25  |g|= 0.34  |ddm|= 1.08
  HOMO = -0.230993842077465  LUMO = 0.0513036458543337
cycle= 3 E= -468.232937001267  delta_E= -0.0342  |g|= 0.117  |ddm|= 0.448
  HOMO = -0.225368295523042  LUMO = 0.0586116162832861
cycle= 4 E= -468.239048739817  delta_E= -0.00611  |g|= 0.0479  |ddm|= 0.209
  HOMO = -0.223376716590644  LUMO = 0.0641562930876011
cycle= 5 E= -468.23997068895  delta_E= -0.000922  |g|= 0.0204  |ddm|= 0.0593
  HOMO = -0.22431938980079  LUMO = 0.0652239587004997
cycle= 6 E= -468.240929191901  delta_E= -0.000959  |g|= 0.0188  |ddm|= 0.0999
  HOMO = -0.226278004825482  LUMO = 0.0657341397440043
cycle= 7 E= -468.241669709668  delta_E= -0.000741  |g|= 0.0128  |ddm|= 0.102
  HOMO = -0.227166095878931  LUMO = 0.0681834415150731
cycle= 8 E= -468.242276344642  delta_E= -0.000607  |g|= 0.00475  |ddm|= 0.154
  HOMO = -0.22625173012604  LUMO = 0.0666099046406508
cycle= 9 E= -468.242340784784  delta_E= -6.44e-05  |g|= 0.00117  |ddm|= 0.0541
  HOMO = -0.226180581859972  LUMO = 0.0666359273682183
cycle= 10 E= -468.242343946632  delta_E= -3.16e-06  |g|= 0.000352  |ddm|= 0.0129
  HOMO = -0.226163043089922  LUMO = 0.0666315137376005
cycle= 11 E= -468.242344047545  delta_E= -1.01e-07  |g|= 0.000109  |ddm|= 0.00172
  HOMO = -0.22616509015793  LUMO = 0.0666447047065325
cycle= 12 E= -468.242344058798  delta_E= -1.13e-08  |g|= 3.78e-05  |ddm|= 0.000352
  HOMO = -0.226168978260438  LUMO = 0.0666481330871203
cycle= 13 E= -468.242344059998  delta_E= -1.2e-09  |g|= 1.26e-05  |ddm|= 0.000111
  HOMO = -0.226167766082427  LUMO = 0.0666491707854156
cycle= 14 E= -468.242344060128  delta_E= -1.3e-10  |g|= 4.63e-06  |ddm|= 7.27e-05
  HOMO = -0.226167656484496  LUMO = 0.0666487509564735
cycle= 15 E= -468.242344060147  delta_E= -1.86e-11  |g|= 2.5e-06  |ddm|= 4.64e-05
  HOMO = -0.226168214474061  LUMO = 0.0666490913018701
cycle= 16 E= -468.242344060158  delta_E= -1.11e-11  |g|= 7.28e-07  |ddm|= 1.77e-05
  HOMO = -0.226168108084217  LUMO = 0.0666491685105841
cycle= 17 E= -468.242344060155  delta_E= 2.5e-12  |g|= 3.18e-07  |ddm|= 3.13e-06
  HOMO = -0.226168163217552  LUMO = 0.0666491080698845
cycle= 18 E= -468.242344060158  delta_E= -2.27e-12  |g|= 8.18e-08  |ddm|= 1.6e-06
  HOMO = -0.226168150982267  LUMO = 0.0666491193957772
cycle= 19 E= -468.242344060156  delta_E= 1.14e-12  |g|= 2.82e-08  |ddm|= 5.03e-07
  HOMO = -0.226168150442589  LUMO = 0.0666491195991993
cycle= 20 E= -468.242344060158  delta_E= -1.36e-12  |g|= 1.68e-08  |ddm|= 6.91e-08
  HOMO = -0.226168150331904  LUMO = 0.0666491194651774
cycle= 21 E= -468.242344060158  delta_E= -4.55e-13  |g|= 8.67e-09  |ddm|= 6.77e-08
  HOMO = -0.226168149803972  LUMO = 0.0666491198686687
Extra cycle  E= -468.242344060158  delta_E= 4.55e-13  |g|= 4.44e-09  |ddm|= 2.27e-08
converged SCF energy = -468.242344060158

******** <class 'pyscf.mcscf.mc1step.CASSCF'> flags ********
CAS (1e+1e, 2o), ncore = 47, nvir = 239
max_cycle_macro = 50
max_cycle_micro = 4
conv_tol = 1e-07
conv_tol_grad = None
orbital rotation max_stepsize = 0.02
augmented hessian ah_max_cycle = 30
augmented hessian ah_conv_tol = 1e-12
augmented hessian ah_linear dependence = 1e-14
augmented hessian ah_level shift = 0
augmented hessian ah_start_tol = 2.5
augmented hessian ah_start_cycle = 3
augmented hessian ah_grad_trust_region = 3
kf_trust_region = 3
kf_interval = 4
ci_response_space = 4
ci_grad_trust_region = 3
with_dep4 0
natorb = False
canonicalization = True
sorting_mo_energy = True
chkfile = /panfs/roc/scratch/graha682/D90/201711_ccpVDZ_NEVPT2_90c12h24/tmpmXrl5h
max_memory 4000 MB (current use 127 MB)
internal_rotation = False
******** <class 'pyscf.fci.direct_spin1.FCISolver'> flags ********
max. cycles = 50
conv_tol = 1e-08
davidson only = False
linear dependence = 1e-10
level shift = 0.001
max iter space = 12
max_memory 4000 MB
nroots = 1
pspace_size = 400
spin = None
CASCI E = -468.293926961537  S^2 = 2.0000000
Set conv_tol_grad to 0.000316228
macro iter 1 (15 JK  4 micro), CASSCF E = -468.325463493483  dE = -0.031536532  S^2 = 2.0000000
               |grad[o]|=0.132  |grad[c]|= 0.023437717423  |ddm|=4.74e-31
macro iter 2 (8 JK  3 micro), CASSCF E = -468.325489214938  dE = -2.5721456e-05  S^2 = 2.0000000
               |grad[o]|=0.00363  |grad[c]|= 2.29363326939e-05  |ddm|=3.14e-16
macro iter 3 (1 JK  1 micro), CASSCF E = -468.325489214938  dE = 0  S^2 = 2.0000000
               |grad[o]|=2.67e-05  |grad[c]|= 1.86865730736e-14  |ddm|=2.01e-26
1-step CASSCF converged in 3 macro (24 JK 8 micro) steps
CASSCF canonicalization
CASSCF energy = -468.325489214938
Sr    (-1)',   E = -0.00000000006638
Si    (+1)',   E = -0.00000000017760
Sijrs (0)  ,   E = -1.58681452953696
Sijr  (+1) ,   E = -0.02836857082813
Srsi  (-1) ,   E = -0.07708008690924
Srs   (-2) ,   E = -0.00115630450726
Sij   (+2) ,   E = -0.00006492866395
Sir   (0)' ,   E = -0.01742637135520
Nevpt2 Energy = -1.710910792044739
Total NEVPT2 = -470.036400006983058
================================================================================
TIMING STATISTICS:
                    hf     85.95s   (23.20%)
                   cas    211.55s   (57.10%)
                nevpt2     68.28s   (18.43%)
                 TOTAL    370.49s
================================================================================

********************************************************************************
*                              END OF CALCULATION                              *
********************************************************************************
