********************************************************************************
*                         FREEZE-AND-THAW CALCULATION                          *
********************************************************************************

================================== Input File ==================================
subsystem
C          0.52822        0.63190       -0.37749
H          0.54587        1.41892       -1.14899
C         -0.50977        0.58983        0.46159
H         -0.34445        0.20033        1.47937
C          4.23032       -0.47619       -0.11296
H          4.09559       -1.26371        0.65558
H          4.27822       -1.01817       -1.07895
C          3.02333        0.44326       -0.10969
H          3.15418        1.22734       -0.88188
H          2.96990        0.98738        0.85329
C          1.70573       -0.28471       -0.34606
H          1.55886       -1.05402        0.43553
H          1.77714       -0.83634       -1.30509
C         -1.90725        0.99782        0.13253
H         -1.94389        1.40910       -0.89402
H         -2.22423        1.82313        0.80150
C         -2.90947       -0.14223        0.26564
H         -2.85231       -0.56484        1.28852
H         -2.61153       -0.96827       -0.40900
C         -4.33857        0.27226       -0.03118
H         -4.63085        1.09936        0.64680
H         -4.39342        0.70050       -1.05225
smearsig 0.01
end

subsystem
C          6.74245       -0.68805        0.12238
H          6.83410       -1.21424       -0.84311
H          6.64972       -1.46115        0.90413
H          7.68841       -0.15241        0.29791
C          5.54610        0.24302        0.12781
H          5.49150        0.78387        1.09193
H          5.67469        1.02921       -0.64067
C         -5.34143       -0.86133        0.09437
H         -5.04330       -1.68460       -0.58265
H         -5.28118       -1.28648        1.11457
C         -6.76424       -0.43256       -0.20553
H         -7.47926       -1.26456       -0.11024
H         -7.09301        0.36678        0.48033
H         -6.85332       -0.03524       -1.23102
end

embed
 huzfermi
 cycles 3000
 conv 1e-8
 method m06
end

basis cc-pVDZ
method cas[2,2]/nevpt2
grid 4
conv 1e-8
grad 1e-8
maxiter 100
supsmearsig 0.01
================================== End Input ===================================
tot grids = 725328

                      Getting subsystem overlap integrals                       

                          Initial subsystem densities                           
Guessing initial subsystem densities
Initial guess from superpostion of atomic densties.
Guessing initial subsystem densities
Initial guess from superpostion of atomic densties.

=========================== Starting Freeze-and-Thaw ===========================
 iter:   1:1        |ddm|: 5.305641e+00     Tr[DP]  7.416438e-01
 iter:   1:2        |ddm|: 3.726450e+00     Tr[DP]  4.697863e-01
 iter:   2:1        |ddm|: 2.342142e+01     Tr[DP]  9.063679e-01
 iter:   2:2        |ddm|: 1.339506e+01     Tr[DP]  9.806280e-01
 iter:   3:1        |ddm|: 2.394299e+01     Tr[DP]  4.139188e-01
 iter:   3:2        |ddm|: 1.629230e+01     Tr[DP]  4.568410e-01
 iter:   4:1        |ddm|: 5.885975e+00     Tr[DP]  4.844932e-01
 iter:   4:2        |ddm|: 9.943316e+00     Tr[DP]  5.238332e-01
 iter:   5:1        |ddm|: 2.346451e+00     Tr[DP]  5.204661e-01
 iter:   5:2        |ddm|: 8.984169e-01     Tr[DP]  5.480518e-01
 iter:   6:1        |ddm|: 1.326290e+00     Tr[DP]  5.612809e-01
 iter:   6:2        |ddm|: 5.667386e-01     Tr[DP]  5.634964e-01
 iter:   7:1        |ddm|: 8.857104e-01     Tr[DP]  5.791423e-01
 iter:   7:2        |ddm|: 3.528926e-01     Tr[DP]  5.650292e-01
 iter:   8:1        |ddm|: 5.485160e-01     Tr[DP]  5.775962e-01
 iter:   8:2        |ddm|: 2.021355e-01     Tr[DP]  5.719412e-01
 iter:   9:1        |ddm|: 3.667693e-01     Tr[DP]  5.749268e-01
 iter:   9:2        |ddm|: 1.653637e-01     Tr[DP]  5.714984e-01
 iter:  10:1        |ddm|: 2.002790e-01     Tr[DP]  5.745823e-01
 iter:  10:2        |ddm|: 7.778542e-02     Tr[DP]  5.700228e-01
 iter:  11:1        |ddm|: 1.190982e-01     Tr[DP]  5.726072e-01
 iter:  11:2        |ddm|: 4.501805e-02     Tr[DP]  5.691370e-01
 iter:  12:1        |ddm|: 7.025694e-02     Tr[DP]  5.707781e-01
 iter:  12:2        |ddm|: 2.796595e-02     Tr[DP]  5.688767e-01
 iter:  13:1        |ddm|: 3.933878e-02     Tr[DP]  5.706092e-01
 iter:  13:2        |ddm|: 1.403291e-02     Tr[DP]  5.690590e-01
 iter:  14:1        |ddm|: 2.505710e-02     Tr[DP]  5.698284e-01
 iter:  14:2        |ddm|: 1.137090e-02     Tr[DP]  5.689300e-01
 iter:  15:1        |ddm|: 1.634254e-02     Tr[DP]  5.695272e-01
 iter:  15:2        |ddm|: 8.974014e-03     Tr[DP]  5.689547e-01
 iter:  16:1        |ddm|: 1.220004e-02     Tr[DP]  5.692451e-01
 iter:  16:2        |ddm|: 8.732953e-03     Tr[DP]  5.689391e-01
 iter:  17:1        |ddm|: 1.090489e-02     Tr[DP]  5.690939e-01
 iter:  17:2        |ddm|: 8.658456e-03     Tr[DP]  5.689376e-01
 iter:  18:1        |ddm|: 1.169870e-02     Tr[DP]  5.687848e-01
 iter:  18:2        |ddm|: 8.823470e-03     Tr[DP]  5.689630e-01
 iter:  19:1        |ddm|: 1.020281e-02     Tr[DP]  5.690529e-01
 iter:  19:2        |ddm|: 8.840563e-03     Tr[DP]  5.688591e-01
 iter:  20:1        |ddm|: 1.039542e-02     Tr[DP]  5.689809e-01
 iter:  20:2        |ddm|: 8.662833e-03     Tr[DP]  5.688790e-01
 iter:  21:1        |ddm|: 1.058785e-02     Tr[DP]  5.688617e-01
 iter:  21:2        |ddm|: 8.672467e-03     Tr[DP]  5.688559e-01
 iter:  22:1        |ddm|: 1.031510e-02     Tr[DP]  5.688468e-01
 iter:  22:2        |ddm|: 8.625309e-03     Tr[DP]  5.688324e-01
 iter:  23:1        |ddm|: 9.642424e-03     Tr[DP]  5.688033e-01
 iter:  23:2        |ddm|: 8.284237e-03     Tr[DP]  5.687981e-01
 iter:  24:1        |ddm|: 9.678439e-03     Tr[DP]  5.687882e-01
 iter:  24:2        |ddm|: 8.281303e-03     Tr[DP]  5.687763e-01
 iter:  25:1        |ddm|: 9.988427e-03     Tr[DP]  5.687135e-01
 iter:  25:2        |ddm|: 8.248696e-03     Tr[DP]  5.687498e-01
 iter:  26:1        |ddm|: 9.540049e-03     Tr[DP]  5.687265e-01
 iter:  26:2        |ddm|: 8.149491e-03     Tr[DP]  5.687278e-01
 iter:  27:1        |ddm|: 9.413412e-03     Tr[DP]  5.687191e-01
 iter:  27:2        |ddm|: 8.029367e-03     Tr[DP]  5.687149e-01
 iter:  28:1        |ddm|: 9.455078e-03     Tr[DP]  5.687046e-01
 iter:  28:2        |ddm|: 8.073852e-03     Tr[DP]  5.686928e-01
 iter:  29:1        |ddm|: 9.350045e-03     Tr[DP]  5.686866e-01
 iter:  29:2        |ddm|: 8.002025e-03     Tr[DP]  5.686759e-01
 iter:  30:1        |ddm|: 9.345878e-03     Tr[DP]  5.686466e-01
 iter:  30:2        |ddm|: 7.971928e-03     Tr[DP]  5.686325e-01
 iter:  31:1        |ddm|: 9.228004e-03     Tr[DP]  5.686420e-01
 iter:  31:2        |ddm|: 7.841785e-03     Tr[DP]  5.686148e-01
 iter:  32:1        |ddm|: 9.215350e-03     Tr[DP]  5.686003e-01
 iter:  32:2        |ddm|: 7.774042e-03     Tr[DP]  5.685939e-01
 iter:  33:1        |ddm|: 9.188727e-03     Tr[DP]  5.685550e-01
 iter:  33:2        |ddm|: 7.889817e-03     Tr[DP]  5.685752e-01
 iter:  34:1        |ddm|: 8.335232e-03     Tr[DP]  5.685902e-01
 iter:  34:2        |ddm|: 7.535216e-03     Tr[DP]  5.685272e-01
 iter:  35:1        |ddm|: 9.711266e-03     Tr[DP]  5.686684e-01
 iter:  35:2        |ddm|: 8.557942e-03     Tr[DP]  5.685125e-01
 iter:  36:1        |ddm|: 1.862605e-02     Tr[DP]  5.686032e-01
 iter:  36:2        |ddm|: 1.306667e-02     Tr[DP]  5.684100e-01
 iter:  37:1        |ddm|: 1.386915e-02     Tr[DP]  5.682675e-01
 iter:  37:2        |ddm|: 1.033935e-02     Tr[DP]  5.684111e-01
 iter:  38:1        |ddm|: 1.994105e-02     Tr[DP]  5.684125e-01
 iter:  38:2        |ddm|: 1.443021e-02     Tr[DP]  5.684661e-01
 iter:  39:1        |ddm|: 1.125859e-02     Tr[DP]  5.683006e-01
 iter:  39:2        |ddm|: 8.183109e-03     Tr[DP]  5.684353e-01
 iter:  40:1        |ddm|: 5.785245e-03     Tr[DP]  5.683338e-01
 iter:  40:2        |ddm|: 2.930640e-03     Tr[DP]  5.684069e-01
 iter:  41:1        |ddm|: 3.351182e-03     Tr[DP]  5.684049e-01
 iter:  41:2        |ddm|: 2.155520e-03     Tr[DP]  5.683704e-01
 iter:  42:1        |ddm|: 2.406006e-03     Tr[DP]  5.683798e-01
 iter:  42:2        |ddm|: 2.175539e-03     Tr[DP]  5.683756e-01
 iter:  43:1        |ddm|: 2.732669e-03     Tr[DP]  5.683714e-01
 iter:  43:2        |ddm|: 2.378482e-03     Tr[DP]  5.683746e-01
 iter:  44:1        |ddm|: 2.690848e-03     Tr[DP]  5.683704e-01
 iter:  44:2        |ddm|: 2.295321e-03     Tr[DP]  5.683692e-01
 iter:  45:1        |ddm|: 2.564402e-03     Tr[DP]  5.683679e-01
 iter:  45:2        |ddm|: 2.302681e-03     Tr[DP]  5.683646e-01
 iter:  46:1        |ddm|: 3.007230e-03     Tr[DP]  5.683639e-01
 iter:  46:2        |ddm|: 2.417315e-03     Tr[DP]  5.683610e-01
 iter:  47:1        |ddm|: 2.884962e-03     Tr[DP]  5.683584e-01
 iter:  47:2        |ddm|: 2.304025e-03     Tr[DP]  5.683652e-01
 iter:  48:1        |ddm|: 3.262592e-03     Tr[DP]  5.683615e-01
 iter:  48:2        |ddm|: 2.526945e-03     Tr[DP]  5.683579e-01
 iter:  49:1        |ddm|: 2.111345e-03     Tr[DP]  5.683592e-01
 iter:  49:2        |ddm|: 1.832434e-03     Tr[DP]  5.683572e-01
 iter:  50:1        |ddm|: 2.104660e-03     Tr[DP]  5.683571e-01
 iter:  50:2        |ddm|: 1.821623e-03     Tr[DP]  5.683562e-01
 iter:  51:1        |ddm|: 2.438949e-03     Tr[DP]  5.683561e-01
 iter:  51:2        |ddm|: 1.952311e-03     Tr[DP]  5.683540e-01
 iter:  52:1        |ddm|: 1.903847e-03     Tr[DP]  5.683544e-01
 iter:  52:2        |ddm|: 1.673380e-03     Tr[DP]  5.683529e-01
 iter:  53:1        |ddm|: 1.907860e-03     Tr[DP]  5.683544e-01
 iter:  53:2        |ddm|: 1.652629e-03     Tr[DP]  5.683523e-01
 iter:  54:1        |ddm|: 1.935986e-03     Tr[DP]  5.683526e-01
 iter:  54:2        |ddm|: 1.649309e-03     Tr[DP]  5.683514e-01
 iter:  55:1        |ddm|: 1.848523e-03     Tr[DP]  5.683525e-01
 iter:  55:2        |ddm|: 1.626492e-03     Tr[DP]  5.683512e-01
 iter:  56:1        |ddm|: 2.002343e-03     Tr[DP]  5.683515e-01
 iter:  56:2        |ddm|: 1.661404e-03     Tr[DP]  5.683502e-01
 iter:  57:1        |ddm|: 1.857564e-03     Tr[DP]  5.683509e-01
 iter:  57:2        |ddm|: 1.599610e-03     Tr[DP]  5.683496e-01
 iter:  58:1        |ddm|: 1.846695e-03     Tr[DP]  5.683504e-01
 iter:  58:2        |ddm|: 1.595671e-03     Tr[DP]  5.683490e-01
 iter:  59:1        |ddm|: 2.059701e-03     Tr[DP]  5.683488e-01
 iter:  59:2        |ddm|: 1.654385e-03     Tr[DP]  5.683476e-01
 iter:  60:1        |ddm|: 1.772040e-03     Tr[DP]  5.683481e-01
 iter:  60:2        |ddm|: 1.508696e-03     Tr[DP]  5.683469e-01
 iter:  61:1        |ddm|: 1.797095e-03     Tr[DP]  5.683472e-01
 iter:  61:2        |ddm|: 1.494596e-03     Tr[DP]  5.683460e-01
 iter:  62:1        |ddm|: 1.592916e-03     Tr[DP]  5.683471e-01
 iter:  62:2        |ddm|: 1.434207e-03     Tr[DP]  5.683459e-01
 iter:  63:1        |ddm|: 1.855520e-03     Tr[DP]  5.683461e-01
 iter:  63:2        |ddm|: 1.503370e-03     Tr[DP]  5.683449e-01
 iter:  64:1        |ddm|: 1.887070e-03     Tr[DP]  5.683447e-01
 iter:  64:2        |ddm|: 1.512475e-03     Tr[DP]  5.683435e-01
 iter:  65:1        |ddm|: 1.438708e-03     Tr[DP]  5.683448e-01
 iter:  65:2        |ddm|: 1.322605e-03     Tr[DP]  5.683437e-01
 iter:  66:1        |ddm|: 1.972552e-03     Tr[DP]  5.683461e-01
 iter:  66:2        |ddm|: 1.846094e-03     Tr[DP]  5.683447e-01
 iter:  67:1        |ddm|: 4.468781e-03     Tr[DP]  5.683418e-01
 iter:  67:2        |ddm|: 3.133545e-03     Tr[DP]  5.683411e-01
 iter:  68:1        |ddm|: 1.548674e-03     Tr[DP]  5.683414e-01
 iter:  68:2        |ddm|: 1.235985e-03     Tr[DP]  5.683406e-01
 iter:  69:1        |ddm|: 1.175527e-03     Tr[DP]  5.683411e-01
 iter:  69:2        |ddm|: 9.795113e-04     Tr[DP]  5.683403e-01
 iter:  70:1        |ddm|: 1.183761e-03     Tr[DP]  5.683407e-01
 iter:  70:2        |ddm|: 9.804578e-04     Tr[DP]  5.683399e-01
 iter:  71:1        |ddm|: 1.009389e-03     Tr[DP]  5.683406e-01
 iter:  71:2        |ddm|: 8.961112e-04     Tr[DP]  5.683398e-01
 iter:  72:1        |ddm|: 1.136553e-03     Tr[DP]  5.683402e-01
 iter:  72:2        |ddm|: 9.354538e-04     Tr[DP]  5.683395e-01
 iter:  73:1        |ddm|: 9.921605e-04     Tr[DP]  5.683402e-01
 iter:  73:2        |ddm|: 8.951895e-04     Tr[DP]  5.683395e-01
 iter:  74:1        |ddm|: 1.053523e-03     Tr[DP]  5.683402e-01
 iter:  74:2        |ddm|: 9.678450e-04     Tr[DP]  5.683394e-01
 iter:  75:1        |ddm|: 1.170801e-03     Tr[DP]  5.683401e-01
 iter:  75:2        |ddm|: 1.073532e-03     Tr[DP]  5.683394e-01
 iter:  76:1        |ddm|: 1.580205e-03     Tr[DP]  5.683395e-01
 iter:  76:2        |ddm|: 1.160413e-03     Tr[DP]  5.683388e-01
 iter:  77:1        |ddm|: 1.820292e-03     Tr[DP]  5.683397e-01
 iter:  77:2        |ddm|: 1.346207e-03     Tr[DP]  5.683391e-01
 iter:  78:1        |ddm|: 1.506715e-03     Tr[DP]  5.683386e-01
 iter:  78:2        |ddm|: 1.159488e-03     Tr[DP]  5.683381e-01
 iter:  79:1        |ddm|: 8.907164e-03     Tr[DP]  5.683414e-01
 iter:  79:2        |ddm|: 6.739008e-03     Tr[DP]  5.683394e-01
 iter:  80:1        |ddm|: 9.020057e-03     Tr[DP]  5.683363e-01
 iter:  80:2        |ddm|: 5.859418e-03     Tr[DP]  5.683372e-01
 iter:  81:1        |ddm|: 2.762780e-03     Tr[DP]  5.683381e-01
 iter:  81:2        |ddm|: 2.050678e-03     Tr[DP]  5.683370e-01
 iter:  82:1        |ddm|: 1.134951e-03     Tr[DP]  5.683383e-01
 iter:  82:2        |ddm|: 5.171518e-04     Tr[DP]  5.683375e-01
 iter:  83:1        |ddm|: 9.150925e-04     Tr[DP]  5.683381e-01
 iter:  83:2        |ddm|: 7.492947e-04     Tr[DP]  5.683375e-01
 iter:  84:1        |ddm|: 5.307428e-04     Tr[DP]  5.683381e-01
 iter:  84:2        |ddm|: 4.189291e-04     Tr[DP]  5.683377e-01
 iter:  85:1        |ddm|: 5.913211e-04     Tr[DP]  5.683382e-01
 iter:  85:2        |ddm|: 5.406779e-04     Tr[DP]  5.683377e-01
 iter:  86:1        |ddm|: 6.868946e-04     Tr[DP]  5.683380e-01
 iter:  86:2        |ddm|: 5.466439e-04     Tr[DP]  5.683376e-01
 iter:  87:1        |ddm|: 6.710950e-04     Tr[DP]  5.683378e-01
 iter:  87:2        |ddm|: 5.735984e-04     Tr[DP]  5.683376e-01
 iter:  88:1        |ddm|: 4.704717e-04     Tr[DP]  5.683379e-01
 iter:  88:2        |ddm|: 4.278971e-04     Tr[DP]  5.683375e-01
 iter:  89:1        |ddm|: 5.096293e-04     Tr[DP]  5.683379e-01
 iter:  89:2        |ddm|: 4.480559e-04     Tr[DP]  5.683375e-01
 iter:  90:1        |ddm|: 5.459781e-04     Tr[DP]  5.683378e-01
 iter:  90:2        |ddm|: 4.583166e-04     Tr[DP]  5.683374e-01
 iter:  91:1        |ddm|: 5.150693e-04     Tr[DP]  5.683377e-01
 iter:  91:2        |ddm|: 4.485913e-04     Tr[DP]  5.683374e-01
 iter:  92:1        |ddm|: 5.490493e-04     Tr[DP]  5.683377e-01
 iter:  92:2        |ddm|: 4.556083e-04     Tr[DP]  5.683374e-01
 iter:  93:1        |ddm|: 5.074250e-04     Tr[DP]  5.683377e-01
 iter:  93:2        |ddm|: 4.369422e-04     Tr[DP]  5.683373e-01
 iter:  94:1        |ddm|: 5.024497e-04     Tr[DP]  5.683377e-01
 iter:  94:2        |ddm|: 4.354988e-04     Tr[DP]  5.683373e-01
 iter:  95:1        |ddm|: 5.044916e-04     Tr[DP]  5.683376e-01
 iter:  95:2        |ddm|: 4.394846e-04     Tr[DP]  5.683373e-01
 iter:  96:1        |ddm|: 5.236978e-04     Tr[DP]  5.683376e-01
 iter:  96:2        |ddm|: 4.437768e-04     Tr[DP]  5.683372e-01
 iter:  97:1        |ddm|: 5.067225e-04     Tr[DP]  5.683375e-01
 iter:  97:2        |ddm|: 4.409029e-04     Tr[DP]  5.683372e-01
 iter:  98:1        |ddm|: 5.666560e-04     Tr[DP]  5.683375e-01
 iter:  98:2        |ddm|: 4.560092e-04     Tr[DP]  5.683372e-01
 iter:  99:1        |ddm|: 5.978655e-04     Tr[DP]  5.683375e-01
 iter:  99:2        |ddm|: 4.697133e-04     Tr[DP]  5.683372e-01
 iter: 100:1        |ddm|: 4.611935e-04     Tr[DP]  5.683376e-01
 iter: 100:2        |ddm|: 3.876933e-04     Tr[DP]  5.683373e-01
 iter: 101:1        |ddm|: 6.277104e-04     Tr[DP]  5.683376e-01
 iter: 101:2        |ddm|: 4.845155e-04     Tr[DP]  5.683374e-01
 iter: 102:1        |ddm|: 5.254266e-04     Tr[DP]  5.683377e-01
 iter: 102:2        |ddm|: 4.183117e-04     Tr[DP]  5.683375e-01
 iter: 103:1        |ddm|: 4.941262e-04     Tr[DP]  5.683378e-01
 iter: 103:2        |ddm|: 3.927824e-04     Tr[DP]  5.683376e-01
 iter: 104:1        |ddm|: 2.668447e-04     Tr[DP]  5.683379e-01
 iter: 104:2        |ddm|: 2.153410e-04     Tr[DP]  5.683377e-01
 iter: 105:1        |ddm|: 3.298740e-04     Tr[DP]  5.683378e-01
 iter: 105:2        |ddm|: 2.977000e-04     Tr[DP]  5.683375e-01
 iter: 106:1        |ddm|: 3.287389e-04     Tr[DP]  5.683377e-01
 iter: 106:2        |ddm|: 2.687704e-04     Tr[DP]  5.683375e-01
 iter: 107:1        |ddm|: 3.123467e-04     Tr[DP]  5.683377e-01
 iter: 107:2        |ddm|: 2.654473e-04     Tr[DP]  5.683375e-01
 iter: 108:1        |ddm|: 3.307917e-04     Tr[DP]  5.683377e-01
 iter: 108:2        |ddm|: 2.682091e-04     Tr[DP]  5.683375e-01
 iter: 109:1        |ddm|: 3.189368e-04     Tr[DP]  5.683378e-01
 iter: 109:2        |ddm|: 2.603304e-04     Tr[DP]  5.683376e-01
 iter: 110:1        |ddm|: 5.563917e-04     Tr[DP]  5.683379e-01
 iter: 110:2        |ddm|: 4.252338e-04     Tr[DP]  5.683378e-01
 iter: 111:1        |ddm|: 2.128249e-04     Tr[DP]  5.683380e-01
 iter: 111:2        |ddm|: 1.707854e-04     Tr[DP]  5.683378e-01
 iter: 112:1        |ddm|: 2.253254e-04     Tr[DP]  5.683380e-01
 iter: 112:2        |ddm|: 1.859159e-04     Tr[DP]  5.683378e-01
 iter: 113:1        |ddm|: 2.044056e-04     Tr[DP]  5.683379e-01
 iter: 113:2        |ddm|: 1.911259e-04     Tr[DP]  5.683378e-01
 iter: 114:1        |ddm|: 2.719764e-04     Tr[DP]  5.683378e-01
 iter: 114:2        |ddm|: 2.564209e-04     Tr[DP]  5.683377e-01
 iter: 115:1        |ddm|: 2.885819e-04     Tr[DP]  5.683378e-01
 iter: 115:2        |ddm|: 2.242609e-04     Tr[DP]  5.683376e-01
 iter: 116:1        |ddm|: 2.628982e-04     Tr[DP]  5.683378e-01
 iter: 116:2        |ddm|: 2.149167e-04     Tr[DP]  5.683377e-01
 iter: 117:1        |ddm|: 3.523424e-04     Tr[DP]  5.683379e-01
 iter: 117:2        |ddm|: 2.685971e-04     Tr[DP]  5.683378e-01
 iter: 118:1        |ddm|: 2.469164e-04     Tr[DP]  5.683380e-01
 iter: 118:2        |ddm|: 2.015824e-04     Tr[DP]  5.683379e-01
 iter: 119:1        |ddm|: 1.808058e-04     Tr[DP]  5.683380e-01
 iter: 119:2        |ddm|: 1.544694e-04     Tr[DP]  5.683379e-01
 iter: 120:1        |ddm|: 1.964600e-04     Tr[DP]  5.683380e-01
 iter: 120:2        |ddm|: 1.616382e-04     Tr[DP]  5.683379e-01
 iter: 121:1        |ddm|: 1.535360e-04     Tr[DP]  5.683380e-01
 iter: 121:2        |ddm|: 1.389372e-04     Tr[DP]  5.683379e-01
 iter: 122:1        |ddm|: 1.663795e-04     Tr[DP]  5.683380e-01
 iter: 122:2        |ddm|: 1.538945e-04     Tr[DP]  5.683379e-01
 iter: 123:1        |ddm|: 2.075538e-04     Tr[DP]  5.683380e-01
 iter: 123:2        |ddm|: 1.626994e-04     Tr[DP]  5.683379e-01
 iter: 124:1        |ddm|: 2.022939e-04     Tr[DP]  5.683381e-01
 iter: 124:2        |ddm|: 1.618614e-04     Tr[DP]  5.683380e-01
 iter: 125:1        |ddm|: 1.633650e-04     Tr[DP]  5.683381e-01
 iter: 125:2        |ddm|: 1.372577e-04     Tr[DP]  5.683380e-01
 iter: 126:1        |ddm|: 1.444829e-04     Tr[DP]  5.683381e-01
 iter: 126:2        |ddm|: 1.250856e-04     Tr[DP]  5.683380e-01
 iter: 127:1        |ddm|: 1.763387e-04     Tr[DP]  5.683381e-01
 iter: 127:2        |ddm|: 1.409927e-04     Tr[DP]  5.683380e-01
 iter: 128:1        |ddm|: 1.260369e-04     Tr[DP]  5.683381e-01
 iter: 128:2        |ddm|: 1.169188e-04     Tr[DP]  5.683380e-01
 iter: 129:1        |ddm|: 1.495895e-04     Tr[DP]  5.683381e-01
 iter: 129:2        |ddm|: 1.226790e-04     Tr[DP]  5.683380e-01
 iter: 130:1        |ddm|: 1.334208e-04     Tr[DP]  5.683381e-01
 iter: 130:2        |ddm|: 1.174573e-04     Tr[DP]  5.683380e-01
 iter: 131:1        |ddm|: 1.395253e-04     Tr[DP]  5.683381e-01
 iter: 131:2        |ddm|: 1.190451e-04     Tr[DP]  5.683380e-01
 iter: 132:1        |ddm|: 1.582785e-04     Tr[DP]  5.683381e-01
 iter: 132:2        |ddm|: 1.261441e-04     Tr[DP]  5.683381e-01
 iter: 133:1        |ddm|: 1.220459e-04     Tr[DP]  5.683381e-01
 iter: 133:2        |ddm|: 1.091082e-04     Tr[DP]  5.683381e-01
 iter: 134:1        |ddm|: 1.366579e-04     Tr[DP]  5.683382e-01
 iter: 134:2        |ddm|: 1.131727e-04     Tr[DP]  5.683381e-01
 iter: 135:1        |ddm|: 1.283344e-04     Tr[DP]  5.683382e-01
 iter: 135:2        |ddm|: 1.085723e-04     Tr[DP]  5.683381e-01
 iter: 136:1        |ddm|: 1.246965e-04     Tr[DP]  5.683382e-01
 iter: 136:2        |ddm|: 1.058453e-04     Tr[DP]  5.683381e-01
 iter: 137:1        |ddm|: 1.292004e-04     Tr[DP]  5.683381e-01
 iter: 137:2        |ddm|: 1.230883e-04     Tr[DP]  5.683380e-01
 iter: 138:1        |ddm|: 1.527182e-04     Tr[DP]  5.683381e-01
 iter: 138:2        |ddm|: 1.193469e-04     Tr[DP]  5.683380e-01
 iter: 139:1        |ddm|: 1.352129e-04     Tr[DP]  5.683381e-01
 iter: 139:2        |ddm|: 1.279172e-04     Tr[DP]  5.683380e-01
 iter: 140:1        |ddm|: 2.537294e-04     Tr[DP]  5.683382e-01
 iter: 140:2        |ddm|: 1.868537e-04     Tr[DP]  5.683381e-01
 iter: 141:1        |ddm|: 1.039598e-04     Tr[DP]  5.683382e-01
 iter: 141:2        |ddm|: 9.191456e-05     Tr[DP]  5.683381e-01
 iter: 142:1        |ddm|: 1.218777e-04     Tr[DP]  5.683382e-01
 iter: 142:2        |ddm|: 1.003800e-04     Tr[DP]  5.683382e-01
 iter: 143:1        |ddm|: 1.006945e-04     Tr[DP]  5.683382e-01
 iter: 143:2        |ddm|: 8.954284e-05     Tr[DP]  5.683381e-01
 iter: 144:1        |ddm|: 6.025122e-04     Tr[DP]  5.683385e-01
 iter: 144:2        |ddm|: 4.900521e-04     Tr[DP]  5.683386e-01
 iter: 145:1        |ddm|: 2.559620e-04     Tr[DP]  5.683387e-01
 iter: 145:2        |ddm|: 2.061453e-04     Tr[DP]  5.683387e-01
 iter: 146:1        |ddm|: 3.216481e-04     Tr[DP]  5.683385e-01
 iter: 146:2        |ddm|: 2.125310e-04     Tr[DP]  5.683385e-01
 iter: 147:1        |ddm|: 3.669061e-04     Tr[DP]  5.683383e-01
 iter: 147:2        |ddm|: 3.231411e-04     Tr[DP]  5.683382e-01
 iter: 148:1        |ddm|: 2.233499e-04     Tr[DP]  5.683383e-01
 iter: 148:2        |ddm|: 1.201305e-04     Tr[DP]  5.683383e-01
 iter: 149:1        |ddm|: 1.087830e-04     Tr[DP]  5.683383e-01
 iter: 149:2        |ddm|: 8.015467e-05     Tr[DP]  5.683383e-01
 iter: 150:1        |ddm|: 6.976007e-05     Tr[DP]  5.683384e-01
 iter: 150:2        |ddm|: 6.144745e-05     Tr[DP]  5.683383e-01
 iter: 151:1        |ddm|: 7.192646e-05     Tr[DP]  5.683383e-01
 iter: 151:2        |ddm|: 6.628944e-05     Tr[DP]  5.683383e-01
 iter: 152:1        |ddm|: 8.872750e-05     Tr[DP]  5.683384e-01
 iter: 152:2        |ddm|: 6.800828e-05     Tr[DP]  5.683383e-01
 iter: 153:1        |ddm|: 9.319736e-05     Tr[DP]  5.683383e-01
 iter: 153:2        |ddm|: 8.626542e-05     Tr[DP]  5.683383e-01
 iter: 154:1        |ddm|: 1.144586e-04     Tr[DP]  5.683384e-01
 iter: 154:2        |ddm|: 7.777409e-05     Tr[DP]  5.683383e-01
 iter: 155:1        |ddm|: 1.814459e-04     Tr[DP]  5.683384e-01
 iter: 155:2        |ddm|: 1.316531e-04     Tr[DP]  5.683383e-01
 iter: 156:1        |ddm|: 5.831674e-05     Tr[DP]  5.683384e-01
 iter: 156:2        |ddm|: 4.374373e-05     Tr[DP]  5.683384e-01
 iter: 157:1        |ddm|: 4.881746e-05     Tr[DP]  5.683385e-01
 iter: 157:2        |ddm|: 4.234553e-05     Tr[DP]  5.683384e-01
 iter: 158:1        |ddm|: 4.832227e-05     Tr[DP]  5.683385e-01
 iter: 158:2        |ddm|: 4.213126e-05     Tr[DP]  5.683384e-01
 iter: 159:1        |ddm|: 5.747497e-05     Tr[DP]  5.683385e-01
 iter: 159:2        |ddm|: 4.802493e-05     Tr[DP]  5.683384e-01
 iter: 160:1        |ddm|: 4.460497e-05     Tr[DP]  5.683385e-01
 iter: 160:2        |ddm|: 3.896692e-05     Tr[DP]  5.683384e-01
 iter: 161:1        |ddm|: 4.676655e-05     Tr[DP]  5.683385e-01
 iter: 161:2        |ddm|: 3.939030e-05     Tr[DP]  5.683384e-01
 iter: 162:1        |ddm|: 4.562664e-05     Tr[DP]  5.683385e-01
 iter: 162:2        |ddm|: 4.264845e-05     Tr[DP]  5.683384e-01
 iter: 163:1        |ddm|: 5.197687e-05     Tr[DP]  5.683385e-01
 iter: 163:2        |ddm|: 4.298636e-05     Tr[DP]  5.683384e-01
 iter: 164:1        |ddm|: 5.867119e-05     Tr[DP]  5.683385e-01
 iter: 164:2        |ddm|: 4.622603e-05     Tr[DP]  5.683385e-01
 iter: 165:1        |ddm|: 4.730587e-05     Tr[DP]  5.683385e-01
 iter: 165:2        |ddm|: 3.927368e-05     Tr[DP]  5.683385e-01
 iter: 166:1        |ddm|: 4.059768e-05     Tr[DP]  5.683385e-01
 iter: 166:2        |ddm|: 3.792475e-05     Tr[DP]  5.683385e-01
 iter: 167:1        |ddm|: 9.237386e-05     Tr[DP]  5.683385e-01
 iter: 167:2        |ddm|: 6.753872e-05     Tr[DP]  5.683385e-01
 iter: 168:1        |ddm|: 3.357528e-05     Tr[DP]  5.683385e-01
 iter: 168:2        |ddm|: 2.777871e-05     Tr[DP]  5.683385e-01
 iter: 169:1        |ddm|: 3.568487e-05     Tr[DP]  5.683385e-01
 iter: 169:2        |ddm|: 2.958741e-05     Tr[DP]  5.683385e-01
 iter: 170:1        |ddm|: 2.959567e-05     Tr[DP]  5.683385e-01
 iter: 170:2        |ddm|: 2.693615e-05     Tr[DP]  5.683385e-01
 iter: 171:1        |ddm|: 3.266315e-05     Tr[DP]  5.683385e-01
 iter: 171:2        |ddm|: 2.813599e-05     Tr[DP]  5.683385e-01
 iter: 172:1        |ddm|: 3.237157e-05     Tr[DP]  5.683385e-01
 iter: 172:2        |ddm|: 2.859980e-05     Tr[DP]  5.683385e-01
 iter: 173:1        |ddm|: 3.562260e-05     Tr[DP]  5.683385e-01
 iter: 173:2        |ddm|: 2.923003e-05     Tr[DP]  5.683385e-01
 iter: 174:1        |ddm|: 3.439953e-05     Tr[DP]  5.683385e-01
 iter: 174:2        |ddm|: 2.841414e-05     Tr[DP]  5.683385e-01
 iter: 175:1        |ddm|: 3.909691e-05     Tr[DP]  5.683386e-01
 iter: 175:2        |ddm|: 3.075517e-05     Tr[DP]  5.683385e-01
 iter: 176:1        |ddm|: 4.620809e-05     Tr[DP]  5.683386e-01
 iter: 176:2        |ddm|: 3.591898e-05     Tr[DP]  5.683386e-01
 iter: 177:1        |ddm|: 2.812510e-05     Tr[DP]  5.683386e-01
 iter: 177:2        |ddm|: 2.285324e-05     Tr[DP]  5.683386e-01
 iter: 178:1        |ddm|: 2.212925e-05     Tr[DP]  5.683386e-01
 iter: 178:2        |ddm|: 1.844654e-05     Tr[DP]  5.683386e-01
 iter: 179:1        |ddm|: 2.045558e-05     Tr[DP]  5.683386e-01
 iter: 179:2        |ddm|: 1.886839e-05     Tr[DP]  5.683386e-01
 iter: 180:1        |ddm|: 2.295746e-05     Tr[DP]  5.683386e-01
 iter: 180:2        |ddm|: 2.129775e-05     Tr[DP]  5.683386e-01
 iter: 181:1        |ddm|: 2.584341e-05     Tr[DP]  5.683386e-01
 iter: 181:2        |ddm|: 2.361246e-05     Tr[DP]  5.683386e-01
 iter: 182:1        |ddm|: 3.453372e-05     Tr[DP]  5.683386e-01
 iter: 182:2        |ddm|: 2.527706e-05     Tr[DP]  5.683386e-01
 iter: 183:1        |ddm|: 2.979247e-05     Tr[DP]  5.683386e-01
 iter: 183:2        |ddm|: 2.333107e-05     Tr[DP]  5.683386e-01
 iter: 184:1        |ddm|: 2.230530e-05     Tr[DP]  5.683386e-01
 iter: 184:2        |ddm|: 1.854677e-05     Tr[DP]  5.683386e-01
 iter: 185:1        |ddm|: 3.685387e-05     Tr[DP]  5.683386e-01
 iter: 185:2        |ddm|: 2.865729e-05     Tr[DP]  5.683386e-01
 iter: 186:1        |ddm|: 1.528871e-05     Tr[DP]  5.683386e-01
 iter: 186:2        |ddm|: 1.212493e-05     Tr[DP]  5.683386e-01
 iter: 187:1        |ddm|: 2.119377e-05     Tr[DP]  5.683386e-01
 iter: 187:2        |ddm|: 1.953559e-05     Tr[DP]  5.683386e-01
 iter: 188:1        |ddm|: 2.013601e-05     Tr[DP]  5.683386e-01
 iter: 188:2        |ddm|: 1.679001e-05     Tr[DP]  5.683386e-01
 iter: 189:1        |ddm|: 2.106351e-05     Tr[DP]  5.683386e-01
 iter: 189:2        |ddm|: 1.676077e-05     Tr[DP]  5.683386e-01
 iter: 190:1        |ddm|: 2.403206e-05     Tr[DP]  5.683386e-01
 iter: 190:2        |ddm|: 1.849367e-05     Tr[DP]  5.683386e-01
 iter: 191:1        |ddm|: 1.540733e-05     Tr[DP]  5.683386e-01
 iter: 191:2        |ddm|: 1.360000e-05     Tr[DP]  5.683386e-01
 iter: 192:1        |ddm|: 2.634618e-05     Tr[DP]  5.683386e-01
 iter: 192:2        |ddm|: 2.021635e-05     Tr[DP]  5.683386e-01
 iter: 193:1        |ddm|: 1.511394e-05     Tr[DP]  5.683386e-01
 iter: 193:2        |ddm|: 1.252727e-05     Tr[DP]  5.683386e-01
 iter: 194:1        |ddm|: 6.853755e-05     Tr[DP]  5.683386e-01
 iter: 194:2        |ddm|: 5.706029e-05     Tr[DP]  5.683386e-01
 iter: 195:1        |ddm|: 4.214300e-05     Tr[DP]  5.683386e-01
 iter: 195:2        |ddm|: 2.506778e-05     Tr[DP]  5.683386e-01
 iter: 196:1        |ddm|: 5.527622e-05     Tr[DP]  5.683386e-01
 iter: 196:2        |ddm|: 4.140436e-05     Tr[DP]  5.683386e-01
 iter: 197:1        |ddm|: 1.612728e-05     Tr[DP]  5.683386e-01
 iter: 197:2        |ddm|: 1.211608e-05     Tr[DP]  5.683386e-01
 iter: 198:1        |ddm|: 1.422108e-05     Tr[DP]  5.683386e-01
 iter: 198:2        |ddm|: 1.166995e-05     Tr[DP]  5.683386e-01
 iter: 199:1        |ddm|: 1.268028e-05     Tr[DP]  5.683386e-01
 iter: 199:2        |ddm|: 1.054354e-05     Tr[DP]  5.683386e-01
 iter: 200:1        |ddm|: 1.079658e-05     Tr[DP]  5.683386e-01
 iter: 200:2        |ddm|: 9.364427e-06     Tr[DP]  5.683386e-01
 iter: 201:1        |ddm|: 1.157932e-05     Tr[DP]  5.683386e-01
 iter: 201:2        |ddm|: 1.103988e-05     Tr[DP]  5.683386e-01
 iter: 202:1        |ddm|: 1.400592e-05     Tr[DP]  5.683386e-01
 iter: 202:2        |ddm|: 1.308115e-05     Tr[DP]  5.683386e-01
 iter: 203:1        |ddm|: 1.561098e-05     Tr[DP]  5.683386e-01
 iter: 203:2        |ddm|: 1.220323e-05     Tr[DP]  5.683386e-01
 iter: 204:1        |ddm|: 1.422396e-05     Tr[DP]  5.683386e-01
 iter: 204:2        |ddm|: 1.167804e-05     Tr[DP]  5.683386e-01
 iter: 205:1        |ddm|: 2.832758e-05     Tr[DP]  5.683387e-01
 iter: 205:2        |ddm|: 2.148095e-05     Tr[DP]  5.683386e-01
 iter: 206:1        |ddm|: 1.166110e-05     Tr[DP]  5.683387e-01
 iter: 206:2        |ddm|: 9.371105e-06     Tr[DP]  5.683387e-01
 iter: 207:1        |ddm|: 1.284681e-05     Tr[DP]  5.683387e-01
 iter: 207:2        |ddm|: 1.035772e-05     Tr[DP]  5.683387e-01
 iter: 208:1        |ddm|: 7.100250e-06     Tr[DP]  5.683387e-01
 iter: 208:2        |ddm|: 5.805099e-06     Tr[DP]  5.683387e-01
 iter: 209:1        |ddm|: 1.239107e-05     Tr[DP]  5.683387e-01
 iter: 209:2        |ddm|: 1.113096e-05     Tr[DP]  5.683387e-01
 iter: 210:1        |ddm|: 1.116650e-05     Tr[DP]  5.683387e-01
 iter: 210:2        |ddm|: 8.376479e-06     Tr[DP]  5.683387e-01
 iter: 211:1        |ddm|: 9.056045e-06     Tr[DP]  5.683387e-01
 iter: 211:2        |ddm|: 8.163500e-06     Tr[DP]  5.683387e-01
 iter: 212:1        |ddm|: 1.192912e-05     Tr[DP]  5.683387e-01
 iter: 212:2        |ddm|: 8.950786e-06     Tr[DP]  5.683387e-01
 iter: 213:1        |ddm|: 1.526768e-05     Tr[DP]  5.683387e-01
 iter: 213:2        |ddm|: 1.160126e-05     Tr[DP]  5.683387e-01
 iter: 214:1        |ddm|: 2.038470e-05     Tr[DP]  5.683387e-01
 iter: 214:2        |ddm|: 1.593703e-05     Tr[DP]  5.683387e-01
 iter: 215:1        |ddm|: 1.632219e-05     Tr[DP]  5.683387e-01
 iter: 215:2        |ddm|: 1.279998e-05     Tr[DP]  5.683387e-01
 iter: 216:1        |ddm|: 3.430976e-05     Tr[DP]  5.683387e-01
 iter: 216:2        |ddm|: 2.416913e-05     Tr[DP]  5.683387e-01
 iter: 217:1        |ddm|: 1.166652e-05     Tr[DP]  5.683387e-01
 iter: 217:2        |ddm|: 6.985111e-06     Tr[DP]  5.683387e-01
 iter: 218:1        |ddm|: 9.072040e-06     Tr[DP]  5.683387e-01
 iter: 218:2        |ddm|: 6.691038e-06     Tr[DP]  5.683387e-01
 iter: 219:1        |ddm|: 6.050743e-06     Tr[DP]  5.683387e-01
 iter: 219:2        |ddm|: 5.493958e-06     Tr[DP]  5.683387e-01
 iter: 220:1        |ddm|: 8.547032e-06     Tr[DP]  5.683387e-01
 iter: 220:2        |ddm|: 6.423850e-06     Tr[DP]  5.683387e-01
 iter: 221:1        |ddm|: 5.428362e-06     Tr[DP]  5.683387e-01
 iter: 221:2        |ddm|: 4.755692e-06     Tr[DP]  5.683387e-01
 iter: 222:1        |ddm|: 5.328831e-06     Tr[DP]  5.683387e-01
 iter: 222:2        |ddm|: 4.883285e-06     Tr[DP]  5.683387e-01
 iter: 223:1        |ddm|: 5.881934e-06     Tr[DP]  5.683387e-01
 iter: 223:2        |ddm|: 5.094864e-06     Tr[DP]  5.683387e-01
 iter: 224:1        |ddm|: 6.606702e-06     Tr[DP]  5.683387e-01
 iter: 224:2        |ddm|: 5.228618e-06     Tr[DP]  5.683387e-01
 iter: 225:1        |ddm|: 5.873508e-06     Tr[DP]  5.683387e-01
 iter: 225:2        |ddm|: 4.797940e-06     Tr[DP]  5.683387e-01
 iter: 226:1        |ddm|: 5.249209e-06     Tr[DP]  5.683387e-01
 iter: 226:2        |ddm|: 4.407131e-06     Tr[DP]  5.683387e-01
 iter: 227:1        |ddm|: 6.001840e-06     Tr[DP]  5.683387e-01
 iter: 227:2        |ddm|: 4.789448e-06     Tr[DP]  5.683387e-01
 iter: 228:1        |ddm|: 4.170352e-06     Tr[DP]  5.683387e-01
 iter: 228:2        |ddm|: 3.827403e-06     Tr[DP]  5.683387e-01
 iter: 229:1        |ddm|: 4.555401e-06     Tr[DP]  5.683387e-01
 iter: 229:2        |ddm|: 4.076048e-06     Tr[DP]  5.683387e-01
 iter: 230:1        |ddm|: 4.832000e-06     Tr[DP]  5.683387e-01
 iter: 230:2        |ddm|: 4.218197e-06     Tr[DP]  5.683387e-01
 iter: 231:1        |ddm|: 6.200655e-06     Tr[DP]  5.683387e-01
 iter: 231:2        |ddm|: 4.734783e-06     Tr[DP]  5.683387e-01
 iter: 232:1        |ddm|: 4.582682e-06     Tr[DP]  5.683387e-01
 iter: 232:2        |ddm|: 3.863966e-06     Tr[DP]  5.683387e-01
 iter: 233:1        |ddm|: 4.407018e-06     Tr[DP]  5.683387e-01
 iter: 233:2        |ddm|: 3.694945e-06     Tr[DP]  5.683387e-01
 iter: 234:1        |ddm|: 4.496420e-06     Tr[DP]  5.683387e-01
 iter: 234:2        |ddm|: 3.696841e-06     Tr[DP]  5.683387e-01
 iter: 235:1        |ddm|: 5.575253e-06     Tr[DP]  5.683387e-01
 iter: 235:2        |ddm|: 4.338892e-06     Tr[DP]  5.683387e-01
 iter: 236:1        |ddm|: 3.165648e-06     Tr[DP]  5.683387e-01
 iter: 236:2        |ddm|: 2.845597e-06     Tr[DP]  5.683387e-01
 iter: 237:1        |ddm|: 3.412057e-06     Tr[DP]  5.683387e-01
 iter: 237:2        |ddm|: 3.019967e-06     Tr[DP]  5.683387e-01
 iter: 238:1        |ddm|: 3.611529e-06     Tr[DP]  5.683387e-01
 iter: 238:2        |ddm|: 3.102154e-06     Tr[DP]  5.683387e-01
 iter: 239:1        |ddm|: 3.602717e-06     Tr[DP]  5.683387e-01
 iter: 239:2        |ddm|: 3.108381e-06     Tr[DP]  5.683387e-01
 iter: 240:1        |ddm|: 3.712089e-06     Tr[DP]  5.683387e-01
 iter: 240:2        |ddm|: 3.118980e-06     Tr[DP]  5.683387e-01
 iter: 241:1        |ddm|: 4.065170e-06     Tr[DP]  5.683387e-01
 iter: 241:2        |ddm|: 3.238559e-06     Tr[DP]  5.683387e-01
 iter: 242:1        |ddm|: 4.044901e-06     Tr[DP]  5.683387e-01
 iter: 242:2        |ddm|: 3.230473e-06     Tr[DP]  5.683387e-01
 iter: 243:1        |ddm|: 3.099325e-06     Tr[DP]  5.683387e-01
 iter: 243:2        |ddm|: 2.614263e-06     Tr[DP]  5.683387e-01
 iter: 244:1        |ddm|: 4.201268e-06     Tr[DP]  5.683387e-01
 iter: 244:2        |ddm|: 3.288324e-06     Tr[DP]  5.683387e-01
 iter: 245:1        |ddm|: 2.313648e-06     Tr[DP]  5.683387e-01
 iter: 245:2        |ddm|: 2.051707e-06     Tr[DP]  5.683387e-01
 iter: 246:1        |ddm|: 2.478233e-06     Tr[DP]  5.683387e-01
 iter: 246:2        |ddm|: 2.168536e-06     Tr[DP]  5.683387e-01
 iter: 247:1        |ddm|: 2.523667e-06     Tr[DP]  5.683387e-01
 iter: 247:2        |ddm|: 2.220332e-06     Tr[DP]  5.683387e-01
 iter: 248:1        |ddm|: 2.630895e-06     Tr[DP]  5.683387e-01
 iter: 248:2        |ddm|: 2.258030e-06     Tr[DP]  5.683387e-01
 iter: 249:1        |ddm|: 2.639880e-06     Tr[DP]  5.683387e-01
 iter: 249:2        |ddm|: 2.257625e-06     Tr[DP]  5.683387e-01
 iter: 250:1        |ddm|: 2.941046e-06     Tr[DP]  5.683387e-01
 iter: 250:2        |ddm|: 2.349477e-06     Tr[DP]  5.683387e-01
 iter: 251:1        |ddm|: 2.948934e-06     Tr[DP]  5.683387e-01
 iter: 251:2        |ddm|: 2.347597e-06     Tr[DP]  5.683387e-01
 iter: 252:1        |ddm|: 2.588469e-06     Tr[DP]  5.683387e-01
 iter: 252:2        |ddm|: 2.128272e-06     Tr[DP]  5.683387e-01
 iter: 253:1        |ddm|: 2.115741e-06     Tr[DP]  5.683387e-01
 iter: 253:2        |ddm|: 1.781199e-06     Tr[DP]  5.683387e-01
 iter: 254:1        |ddm|: 2.277432e-06     Tr[DP]  5.683387e-01
 iter: 254:2        |ddm|: 1.849386e-06     Tr[DP]  5.683387e-01
 iter: 255:1        |ddm|: 1.725983e-06     Tr[DP]  5.683387e-01
 iter: 255:2        |ddm|: 1.531384e-06     Tr[DP]  5.683387e-01
 iter: 256:1        |ddm|: 1.770780e-06     Tr[DP]  5.683387e-01
 iter: 256:2        |ddm|: 1.579742e-06     Tr[DP]  5.683387e-01
 iter: 257:1        |ddm|: 1.857504e-06     Tr[DP]  5.683387e-01
 iter: 257:2        |ddm|: 1.689646e-06     Tr[DP]  5.683387e-01
 iter: 258:1        |ddm|: 2.163029e-06     Tr[DP]  5.683387e-01
 iter: 258:2        |ddm|: 1.741484e-06     Tr[DP]  5.683387e-01
 iter: 259:1        |ddm|: 2.012922e-06     Tr[DP]  5.683387e-01
 iter: 259:2        |ddm|: 1.663174e-06     Tr[DP]  5.683387e-01
 iter: 260:1        |ddm|: 1.953409e-06     Tr[DP]  5.683387e-01
 iter: 260:2        |ddm|: 1.608870e-06     Tr[DP]  5.683387e-01
 iter: 261:1        |ddm|: 1.892631e-06     Tr[DP]  5.683387e-01
 iter: 261:2        |ddm|: 1.555092e-06     Tr[DP]  5.683387e-01
 iter: 262:1        |ddm|: 1.989591e-06     Tr[DP]  5.683387e-01
 iter: 262:2        |ddm|: 1.594893e-06     Tr[DP]  5.683387e-01
 iter: 263:1        |ddm|: 2.283315e-06     Tr[DP]  5.683387e-01
 iter: 263:2        |ddm|: 1.787958e-06     Tr[DP]  5.683387e-01
 iter: 264:1        |ddm|: 1.246196e-06     Tr[DP]  5.683387e-01
 iter: 264:2        |ddm|: 1.091594e-06     Tr[DP]  5.683387e-01
 iter: 265:1        |ddm|: 1.350706e-06     Tr[DP]  5.683387e-01
 iter: 265:2        |ddm|: 1.155353e-06     Tr[DP]  5.683387e-01
 iter: 266:1        |ddm|: 1.348544e-06     Tr[DP]  5.683387e-01
 iter: 266:2        |ddm|: 1.154487e-06     Tr[DP]  5.683387e-01
 iter: 267:1        |ddm|: 1.337480e-06     Tr[DP]  5.683387e-01
 iter: 267:2        |ddm|: 1.144101e-06     Tr[DP]  5.683387e-01
 iter: 268:1        |ddm|: 1.318314e-06     Tr[DP]  5.683387e-01
 iter: 268:2        |ddm|: 1.132906e-06     Tr[DP]  5.683387e-01
 iter: 269:1        |ddm|: 1.358194e-06     Tr[DP]  5.683387e-01
 iter: 269:2        |ddm|: 1.136653e-06     Tr[DP]  5.683387e-01
 iter: 270:1        |ddm|: 1.254392e-06     Tr[DP]  5.683387e-01
 iter: 270:2        |ddm|: 1.132718e-06     Tr[DP]  5.683387e-01
 iter: 271:1        |ddm|: 1.339391e-06     Tr[DP]  5.683387e-01
 iter: 271:2        |ddm|: 1.161549e-06     Tr[DP]  5.683387e-01
 iter: 272:1        |ddm|: 1.664544e-06     Tr[DP]  5.683387e-01
 iter: 272:2        |ddm|: 1.278337e-06     Tr[DP]  5.683387e-01
 iter: 273:1        |ddm|: 1.197670e-06     Tr[DP]  5.683387e-01
 iter: 273:2        |ddm|: 1.052194e-06     Tr[DP]  5.683387e-01
 iter: 274:1        |ddm|: 1.213213e-06     Tr[DP]  5.683387e-01
 iter: 274:2        |ddm|: 1.054928e-06     Tr[DP]  5.683387e-01
 iter: 275:1        |ddm|: 1.716108e-06     Tr[DP]  5.683387e-01
 iter: 275:2        |ddm|: 1.273995e-06     Tr[DP]  5.683387e-01
 iter: 276:1        |ddm|: 3.412588e-06     Tr[DP]  5.683387e-01
 iter: 276:2        |ddm|: 2.608209e-06     Tr[DP]  5.683387e-01
 iter: 277:1        |ddm|: 1.889834e-06     Tr[DP]  5.683387e-01
 iter: 277:2        |ddm|: 1.196939e-06     Tr[DP]  5.683387e-01
 iter: 278:1        |ddm|: 8.960017e-07     Tr[DP]  5.683387e-01
 iter: 278:2        |ddm|: 7.371992e-07     Tr[DP]  5.683387e-01
 iter: 279:1        |ddm|: 9.066811e-07     Tr[DP]  5.683387e-01
 iter: 279:2        |ddm|: 7.595883e-07     Tr[DP]  5.683387e-01
 iter: 280:1        |ddm|: 8.573322e-07     Tr[DP]  5.683387e-01
 iter: 280:2        |ddm|: 7.362771e-07     Tr[DP]  5.683387e-01
 iter: 281:1        |ddm|: 8.495260e-07     Tr[DP]  5.683387e-01
 iter: 281:2        |ddm|: 7.304287e-07     Tr[DP]  5.683387e-01
 iter: 282:1        |ddm|: 1.002256e-06     Tr[DP]  5.683387e-01
 iter: 282:2        |ddm|: 8.386940e-07     Tr[DP]  5.683387e-01
 iter: 283:1        |ddm|: 7.292634e-07     Tr[DP]  5.683387e-01
 iter: 283:2        |ddm|: 6.963864e-07     Tr[DP]  5.683387e-01
 iter: 284:1        |ddm|: 8.925160e-07     Tr[DP]  5.683387e-01
 iter: 284:2        |ddm|: 7.146535e-07     Tr[DP]  5.683387e-01
 iter: 285:1        |ddm|: 7.946513e-07     Tr[DP]  5.683387e-01
 iter: 285:2        |ddm|: 6.896774e-07     Tr[DP]  5.683387e-01
 iter: 286:1        |ddm|: 9.392791e-07     Tr[DP]  5.683387e-01
 iter: 286:2        |ddm|: 7.173892e-07     Tr[DP]  5.683387e-01
 iter: 287:1        |ddm|: 9.692933e-07     Tr[DP]  5.683387e-01
 iter: 287:2        |ddm|: 8.969980e-07     Tr[DP]  5.683387e-01
 iter: 288:1        |ddm|: 1.920949e-06     Tr[DP]  5.683387e-01
 iter: 288:2        |ddm|: 1.377906e-06     Tr[DP]  5.683387e-01
 iter: 289:1        |ddm|: 7.634775e-07     Tr[DP]  5.683387e-01
 iter: 289:2        |ddm|: 6.215064e-07     Tr[DP]  5.683387e-01
 iter: 290:1        |ddm|: 7.707420e-07     Tr[DP]  5.683387e-01
 iter: 290:2        |ddm|: 6.245439e-07     Tr[DP]  5.683387e-01
 iter: 291:1        |ddm|: 5.441187e-07     Tr[DP]  5.683387e-01
 iter: 291:2        |ddm|: 4.575799e-07     Tr[DP]  5.683387e-01
 iter: 292:1        |ddm|: 4.803741e-07     Tr[DP]  5.683387e-01
 iter: 292:2        |ddm|: 4.174049e-07     Tr[DP]  5.683387e-01
 iter: 293:1        |ddm|: 4.734865e-07     Tr[DP]  5.683387e-01
 iter: 293:2        |ddm|: 4.147144e-07     Tr[DP]  5.683387e-01
 iter: 294:1        |ddm|: 5.202050e-07     Tr[DP]  5.683387e-01
 iter: 294:2        |ddm|: 4.475134e-07     Tr[DP]  5.683387e-01
 iter: 295:1        |ddm|: 4.832619e-07     Tr[DP]  5.683387e-01
 iter: 295:2        |ddm|: 4.006705e-07     Tr[DP]  5.683387e-01
 iter: 296:1        |ddm|: 4.386090e-07     Tr[DP]  5.683387e-01
 iter: 296:2        |ddm|: 3.928060e-07     Tr[DP]  5.683387e-01
 iter: 297:1        |ddm|: 4.656459e-07     Tr[DP]  5.683387e-01
 iter: 297:2        |ddm|: 4.291933e-07     Tr[DP]  5.683387e-01
 iter: 298:1        |ddm|: 5.806399e-07     Tr[DP]  5.683387e-01
 iter: 298:2        |ddm|: 4.519664e-07     Tr[DP]  5.683387e-01
 iter: 299:1        |ddm|: 4.645167e-07     Tr[DP]  5.683387e-01
 iter: 299:2        |ddm|: 3.991942e-07     Tr[DP]  5.683387e-01
 iter: 300:1        |ddm|: 4.733322e-07     Tr[DP]  5.683387e-01
 iter: 300:2        |ddm|: 3.962983e-07     Tr[DP]  5.683387e-01
 iter: 301:1        |ddm|: 4.401124e-07     Tr[DP]  5.683387e-01
 iter: 301:2        |ddm|: 3.806406e-07     Tr[DP]  5.683387e-01
 iter: 302:1        |ddm|: 4.751032e-07     Tr[DP]  5.683387e-01
 iter: 302:2        |ddm|: 3.857803e-07     Tr[DP]  5.683387e-01
 iter: 303:1        |ddm|: 9.907053e-07     Tr[DP]  5.683387e-01
 iter: 303:2        |ddm|: 7.935416e-07     Tr[DP]  5.683387e-01
 iter: 304:1        |ddm|: 1.631997e-06     Tr[DP]  5.683387e-01
 iter: 304:2        |ddm|: 1.123104e-06     Tr[DP]  5.683387e-01
 iter: 305:1        |ddm|: 5.025523e-07     Tr[DP]  5.683387e-01
 iter: 305:2        |ddm|: 3.279216e-07     Tr[DP]  5.683387e-01
 iter: 306:1        |ddm|: 3.815274e-07     Tr[DP]  5.683387e-01
 iter: 306:2        |ddm|: 3.113822e-07     Tr[DP]  5.683387e-01
 iter: 307:1        |ddm|: 3.279088e-07     Tr[DP]  5.683387e-01
 iter: 307:2        |ddm|: 2.734117e-07     Tr[DP]  5.683387e-01
 iter: 308:1        |ddm|: 2.884649e-07     Tr[DP]  5.683387e-01
 iter: 308:2        |ddm|: 2.465071e-07     Tr[DP]  5.683387e-01
 iter: 309:1        |ddm|: 2.761185e-07     Tr[DP]  5.683387e-01
 iter: 309:2        |ddm|: 2.373438e-07     Tr[DP]  5.683387e-01
 iter: 310:1        |ddm|: 3.133753e-07     Tr[DP]  5.683387e-01
 iter: 310:2        |ddm|: 2.577861e-07     Tr[DP]  5.683387e-01
 iter: 311:1        |ddm|: 2.393337e-07     Tr[DP]  5.683387e-01
 iter: 311:2        |ddm|: 2.136905e-07     Tr[DP]  5.683387e-01
 iter: 312:1        |ddm|: 2.667320e-07     Tr[DP]  5.683387e-01
 iter: 312:2        |ddm|: 2.173896e-07     Tr[DP]  5.683387e-01
 iter: 313:1        |ddm|: 2.481113e-07     Tr[DP]  5.683387e-01
 iter: 313:2        |ddm|: 2.081170e-07     Tr[DP]  5.683387e-01
 iter: 314:1        |ddm|: 2.363132e-07     Tr[DP]  5.683387e-01
 iter: 314:2        |ddm|: 2.023731e-07     Tr[DP]  5.683387e-01
 iter: 315:1        |ddm|: 2.259143e-07     Tr[DP]  5.683387e-01
 iter: 315:2        |ddm|: 1.968225e-07     Tr[DP]  5.683387e-01
 iter: 316:1        |ddm|: 2.335363e-07     Tr[DP]  5.683387e-01
 iter: 316:2        |ddm|: 2.163501e-07     Tr[DP]  5.683387e-01
 iter: 317:1        |ddm|: 2.947552e-07     Tr[DP]  5.683387e-01
 iter: 317:2        |ddm|: 2.254666e-07     Tr[DP]  5.683387e-01
 iter: 318:1        |ddm|: 2.347276e-07     Tr[DP]  5.683387e-01
 iter: 318:2        |ddm|: 2.000893e-07     Tr[DP]  5.683387e-01
 iter: 319:1        |ddm|: 2.282991e-07     Tr[DP]  5.683387e-01
 iter: 319:2        |ddm|: 1.944582e-07     Tr[DP]  5.683387e-01
 iter: 320:1        |ddm|: 2.217191e-07     Tr[DP]  5.683387e-01
 iter: 320:2        |ddm|: 1.903142e-07     Tr[DP]  5.683387e-01
 iter: 321:1        |ddm|: 2.160404e-07     Tr[DP]  5.683387e-01
 iter: 321:2        |ddm|: 1.909016e-07     Tr[DP]  5.683387e-01
 iter: 322:1        |ddm|: 2.276489e-07     Tr[DP]  5.683387e-01
 iter: 322:2        |ddm|: 2.040012e-07     Tr[DP]  5.683387e-01
 iter: 323:1        |ddm|: 3.481841e-07     Tr[DP]  5.683387e-01
 iter: 323:2        |ddm|: 2.432156e-07     Tr[DP]  5.683387e-01
 iter: 324:1        |ddm|: 2.703614e-07     Tr[DP]  5.683387e-01
 iter: 324:2        |ddm|: 1.915706e-07     Tr[DP]  5.683387e-01
 iter: 325:1        |ddm|: 2.499401e-07     Tr[DP]  5.683387e-01
 iter: 325:2        |ddm|: 2.010670e-07     Tr[DP]  5.683387e-01
 iter: 326:1        |ddm|: 3.024325e-07     Tr[DP]  5.683387e-01
 iter: 326:2        |ddm|: 2.345480e-07     Tr[DP]  5.683387e-01
 iter: 327:1        |ddm|: 1.354180e-07     Tr[DP]  5.683387e-01
 iter: 327:2        |ddm|: 1.073179e-07     Tr[DP]  5.683387e-01
 iter: 328:1        |ddm|: 1.289376e-07     Tr[DP]  5.683387e-01
 iter: 328:2        |ddm|: 1.137730e-07     Tr[DP]  5.683387e-01
 iter: 329:1        |ddm|: 1.331800e-07     Tr[DP]  5.683387e-01
 iter: 329:2        |ddm|: 1.157147e-07     Tr[DP]  5.683387e-01
 iter: 330:1        |ddm|: 1.364680e-07     Tr[DP]  5.683387e-01
 iter: 330:2        |ddm|: 1.163006e-07     Tr[DP]  5.683387e-01
 iter: 331:1        |ddm|: 1.338035e-07     Tr[DP]  5.683387e-01
 iter: 331:2        |ddm|: 1.146561e-07     Tr[DP]  5.683387e-01
 iter: 332:1        |ddm|: 1.273740e-07     Tr[DP]  5.683387e-01
 iter: 332:2        |ddm|: 1.143058e-07     Tr[DP]  5.683387e-01
 iter: 333:1        |ddm|: 1.390614e-07     Tr[DP]  5.683387e-01
 iter: 333:2        |ddm|: 1.176926e-07     Tr[DP]  5.683387e-01
 iter: 334:1        |ddm|: 1.367969e-07     Tr[DP]  5.683387e-01
 iter: 334:2        |ddm|: 1.152179e-07     Tr[DP]  5.683387e-01
 iter: 335:1        |ddm|: 1.330627e-07     Tr[DP]  5.683387e-01
 iter: 335:2        |ddm|: 1.131357e-07     Tr[DP]  5.683387e-01
 iter: 336:1        |ddm|: 1.301389e-07     Tr[DP]  5.683387e-01
 iter: 336:2        |ddm|: 1.112622e-07     Tr[DP]  5.683387e-01
 iter: 337:1        |ddm|: 1.268003e-07     Tr[DP]  5.683387e-01
 iter: 337:2        |ddm|: 1.102788e-07     Tr[DP]  5.683387e-01
 iter: 338:1        |ddm|: 1.298990e-07     Tr[DP]  5.683387e-01
 iter: 338:2        |ddm|: 1.129361e-07     Tr[DP]  5.683387e-01
 iter: 339:1        |ddm|: 1.860159e-07     Tr[DP]  5.683387e-01
 iter: 339:2        |ddm|: 1.266466e-07     Tr[DP]  5.683387e-01
 iter: 340:1        |ddm|: 1.664082e-07     Tr[DP]  5.683387e-01
 iter: 340:2        |ddm|: 1.075752e-07     Tr[DP]  5.683387e-01
 iter: 341:1        |ddm|: 1.389929e-07     Tr[DP]  5.683387e-01
 iter: 341:2        |ddm|: 1.105743e-07     Tr[DP]  5.683387e-01
 iter: 342:1        |ddm|: 2.521303e-07     Tr[DP]  5.683387e-01
 iter: 342:2        |ddm|: 1.943664e-07     Tr[DP]  5.683387e-01
 iter: 343:1        |ddm|: 9.680855e-08     Tr[DP]  5.683387e-01
 iter: 343:2        |ddm|: 6.296477e-08     Tr[DP]  5.683387e-01
 iter: 344:1        |ddm|: 7.356110e-08     Tr[DP]  5.683387e-01
 iter: 344:2        |ddm|: 6.462130e-08     Tr[DP]  5.683387e-01
 iter: 345:1        |ddm|: 7.412596e-08     Tr[DP]  5.683387e-01
 iter: 345:2        |ddm|: 6.450484e-08     Tr[DP]  5.683387e-01
 iter: 346:1        |ddm|: 7.597176e-08     Tr[DP]  5.683387e-01
 iter: 346:2        |ddm|: 6.478376e-08     Tr[DP]  5.683387e-01
 iter: 347:1        |ddm|: 7.491913e-08     Tr[DP]  5.683387e-01
 iter: 347:2        |ddm|: 6.390546e-08     Tr[DP]  5.683387e-01
 iter: 348:1        |ddm|: 7.254501e-08     Tr[DP]  5.683387e-01
 iter: 348:2        |ddm|: 6.263767e-08     Tr[DP]  5.683387e-01
 iter: 349:1        |ddm|: 7.255057e-08     Tr[DP]  5.683387e-01
 iter: 349:2        |ddm|: 6.496024e-08     Tr[DP]  5.683387e-01
 iter: 350:1        |ddm|: 8.388867e-08     Tr[DP]  5.683387e-01
 iter: 350:2        |ddm|: 6.663184e-08     Tr[DP]  5.683387e-01
 iter: 351:1        |ddm|: 7.297615e-08     Tr[DP]  5.683387e-01
 iter: 351:2        |ddm|: 6.263738e-08     Tr[DP]  5.683387e-01
 iter: 352:1        |ddm|: 7.203873e-08     Tr[DP]  5.683387e-01
 iter: 352:2        |ddm|: 6.166505e-08     Tr[DP]  5.683387e-01
 iter: 353:1        |ddm|: 7.024553e-08     Tr[DP]  5.683387e-01
 iter: 353:2        |ddm|: 6.087050e-08     Tr[DP]  5.683387e-01
 iter: 354:1        |ddm|: 6.954611e-08     Tr[DP]  5.683387e-01
 iter: 354:2        |ddm|: 6.073324e-08     Tr[DP]  5.683387e-01
 iter: 355:1        |ddm|: 7.909706e-08     Tr[DP]  5.683387e-01
 iter: 355:2        |ddm|: 6.146837e-08     Tr[DP]  5.683387e-01
 iter: 356:1        |ddm|: 1.218587e-07     Tr[DP]  5.683387e-01
 iter: 356:2        |ddm|: 8.584415e-08     Tr[DP]  5.683387e-01
 iter: 357:1        |ddm|: 1.063372e-07     Tr[DP]  5.683387e-01
 iter: 357:2        |ddm|: 4.903619e-08     Tr[DP]  5.683387e-01
 iter: 358:1        |ddm|: 1.116512e-07     Tr[DP]  5.683387e-01
 iter: 358:2        |ddm|: 8.148494e-08     Tr[DP]  5.683387e-01
 iter: 359:1        |ddm|: 6.049478e-08     Tr[DP]  5.683387e-01
 iter: 359:2        |ddm|: 4.248832e-08     Tr[DP]  5.683387e-01
 iter: 360:1        |ddm|: 3.969580e-08     Tr[DP]  5.683387e-01
 iter: 360:2        |ddm|: 3.587403e-08     Tr[DP]  5.683387e-01
 iter: 361:1        |ddm|: 3.979299e-08     Tr[DP]  5.683387e-01
 iter: 361:2        |ddm|: 3.496652e-08     Tr[DP]  5.683387e-01
 iter: 362:1        |ddm|: 4.189493e-08     Tr[DP]  5.683387e-01
 iter: 362:2        |ddm|: 3.605843e-08     Tr[DP]  5.683387e-01
 iter: 363:1        |ddm|: 4.158341e-08     Tr[DP]  5.683387e-01
 iter: 363:2        |ddm|: 3.556545e-08     Tr[DP]  5.683387e-01
 iter: 364:1        |ddm|: 4.322568e-08     Tr[DP]  5.683387e-01
 iter: 364:2        |ddm|: 3.305265e-08     Tr[DP]  5.683387e-01
 iter: 365:1        |ddm|: 3.633261e-08     Tr[DP]  5.683387e-01
 iter: 365:2        |ddm|: 3.137526e-08     Tr[DP]  5.683387e-01
 iter: 366:1        |ddm|: 3.747313e-08     Tr[DP]  5.683387e-01
 iter: 366:2        |ddm|: 3.013542e-08     Tr[DP]  5.683387e-01
 iter: 367:1        |ddm|: 3.480877e-08     Tr[DP]  5.683387e-01
 iter: 367:2        |ddm|: 2.913589e-08     Tr[DP]  5.683387e-01
 iter: 368:1        |ddm|: 3.302840e-08     Tr[DP]  5.683387e-01
 iter: 368:2        |ddm|: 2.779120e-08     Tr[DP]  5.683387e-01
 iter: 369:1        |ddm|: 3.199331e-08     Tr[DP]  5.683387e-01
 iter: 369:2        |ddm|: 2.715250e-08     Tr[DP]  5.683387e-01
 iter: 370:1        |ddm|: 3.126356e-08     Tr[DP]  5.683387e-01
 iter: 370:2        |ddm|: 2.670212e-08     Tr[DP]  5.683387e-01
 iter: 371:1        |ddm|: 3.119181e-08     Tr[DP]  5.683387e-01
 iter: 371:2        |ddm|: 2.629797e-08     Tr[DP]  5.683387e-01
 iter: 372:1        |ddm|: 3.018591e-08     Tr[DP]  5.683387e-01
 iter: 372:2        |ddm|: 2.555851e-08     Tr[DP]  5.683387e-01
 iter: 373:1        |ddm|: 2.955321e-08     Tr[DP]  5.683387e-01
 iter: 373:2        |ddm|: 2.471850e-08     Tr[DP]  5.683387e-01
 iter: 374:1        |ddm|: 2.861211e-08     Tr[DP]  5.683387e-01
 iter: 374:2        |ddm|: 2.393189e-08     Tr[DP]  5.683387e-01
 iter: 375:1        |ddm|: 2.755722e-08     Tr[DP]  5.683387e-01
 iter: 375:2        |ddm|: 2.303223e-08     Tr[DP]  5.683387e-01
 iter: 376:1        |ddm|: 2.653177e-08     Tr[DP]  5.683387e-01
 iter: 376:2        |ddm|: 2.221591e-08     Tr[DP]  5.683387e-01
 iter: 377:1        |ddm|: 2.559334e-08     Tr[DP]  5.683387e-01
 iter: 377:2        |ddm|: 2.151202e-08     Tr[DP]  5.683387e-01
 iter: 378:1        |ddm|: 2.485815e-08     Tr[DP]  5.683387e-01
 iter: 378:2        |ddm|: 2.093552e-08     Tr[DP]  5.683387e-01
 iter: 379:1        |ddm|: 2.414320e-08     Tr[DP]  5.683387e-01
 iter: 379:2        |ddm|: 2.037970e-08     Tr[DP]  5.683387e-01
 iter: 380:1        |ddm|: 2.350721e-08     Tr[DP]  5.683387e-01
 iter: 380:2        |ddm|: 1.981120e-08     Tr[DP]  5.683387e-01
 iter: 381:1        |ddm|: 2.287200e-08     Tr[DP]  5.683387e-01
 iter: 381:2        |ddm|: 1.925392e-08     Tr[DP]  5.683387e-01
 iter: 382:1        |ddm|: 2.221229e-08     Tr[DP]  5.683387e-01
 iter: 382:2        |ddm|: 1.866632e-08     Tr[DP]  5.683387e-01
 iter: 383:1        |ddm|: 2.152962e-08     Tr[DP]  5.683387e-01
 iter: 383:2        |ddm|: 1.806790e-08     Tr[DP]  5.683387e-01
 iter: 384:1        |ddm|: 2.083939e-08     Tr[DP]  5.683387e-01
 iter: 384:2        |ddm|: 1.747983e-08     Tr[DP]  5.683387e-01
 iter: 385:1        |ddm|: 2.017387e-08     Tr[DP]  5.683387e-01
 iter: 385:2        |ddm|: 1.693128e-08     Tr[DP]  5.683387e-01
 iter: 386:1        |ddm|: 1.953695e-08     Tr[DP]  5.683387e-01
 iter: 386:2        |ddm|: 1.641941e-08     Tr[DP]  5.683387e-01
 iter: 387:1        |ddm|: 1.894192e-08     Tr[DP]  5.683387e-01
 iter: 387:2        |ddm|: 1.593197e-08     Tr[DP]  5.683387e-01
 iter: 388:1        |ddm|: 1.838161e-08     Tr[DP]  5.683387e-01
 iter: 388:2        |ddm|: 1.546942e-08     Tr[DP]  5.683387e-01
 iter: 389:1        |ddm|: 1.784501e-08     Tr[DP]  5.683387e-01
 iter: 389:2        |ddm|: 1.501786e-08     Tr[DP]  5.683387e-01
 iter: 390:1        |ddm|: 1.732213e-08     Tr[DP]  5.683387e-01
 iter: 390:2        |ddm|: 1.457063e-08     Tr[DP]  5.683387e-01
 iter: 391:1        |ddm|: 1.680626e-08     Tr[DP]  5.683387e-01
 iter: 391:2        |ddm|: 1.412605e-08     Tr[DP]  5.683387e-01
 iter: 392:1        |ddm|: 1.629804e-08     Tr[DP]  5.683387e-01
 iter: 392:2        |ddm|: 1.369023e-08     Tr[DP]  5.683387e-01
 iter: 393:1        |ddm|: 1.579767e-08     Tr[DP]  5.683387e-01
 iter: 393:2        |ddm|: 1.326932e-08     Tr[DP]  5.683387e-01
 iter: 394:1        |ddm|: 1.531145e-08     Tr[DP]  5.683387e-01
 iter: 394:2        |ddm|: 1.286344e-08     Tr[DP]  5.683387e-01
 iter: 395:1        |ddm|: 1.484266e-08     Tr[DP]  5.683387e-01
 iter: 395:2        |ddm|: 1.247478e-08     Tr[DP]  5.683387e-01
 iter: 396:1        |ddm|: 1.439194e-08     Tr[DP]  5.683387e-01
 iter: 396:2        |ddm|: 1.210148e-08     Tr[DP]  5.683387e-01
 iter: 397:1        |ddm|: 1.395971e-08     Tr[DP]  5.683387e-01
 iter: 397:2        |ddm|: 1.174019e-08     Tr[DP]  5.683387e-01
 iter: 398:1        |ddm|: 1.354211e-08     Tr[DP]  5.683387e-01
 iter: 398:2        |ddm|: 1.138873e-08     Tr[DP]  5.683387e-01
 iter: 399:1        |ddm|: 1.313673e-08     Tr[DP]  5.683387e-01
 iter: 399:2        |ddm|: 1.104519e-08     Tr[DP]  5.683387e-01
 iter: 400:1        |ddm|: 1.274191e-08     Tr[DP]  5.683387e-01
 iter: 400:2        |ddm|: 1.071026e-08     Tr[DP]  5.683387e-01
 iter: 401:1        |ddm|: 1.235659e-08     Tr[DP]  5.683387e-01
 iter: 401:2        |ddm|: 1.038464e-08     Tr[DP]  5.683387e-01
 iter: 402:1        |ddm|: 1.198232e-08     Tr[DP]  5.683387e-01
 iter: 402:2        |ddm|: 1.006886e-08     Tr[DP]  5.683387e-01
 iter: 403:1        |ddm|: 1.161799e-08     Tr[DP]  5.683387e-01
 iter: 403:2        |ddm|: 9.763772e-09     Tr[DP]  5.683387e-01
 iter: 404:1        |ddm|: 1.126510e-08     Tr[DP]  5.683387e-01
 iter: 404:2        |ddm|: 9.469257e-09     Tr[DP]  5.683387e-01
 iter: 405:1        |ddm|: 1.092425e-08     Tr[DP]  5.683387e-01
 iter: 405:2        |ddm|: 9.184357e-09     Tr[DP]  5.683387e-01
 iter: 406:1        |ddm|: 1.059508e-08     Tr[DP]  5.683387e-01
 iter: 406:2        |ddm|: 8.907893e-09     Tr[DP]  5.683387e-01
 iter: 407:1        |ddm|: 1.027619e-08     Tr[DP]  5.683387e-01
 iter: 407:2        |ddm|: 8.638896e-09     Tr[DP]  5.683387e-01
 iter: 408:1        |ddm|: 9.966141e-09     Tr[DP]  5.683387e-01
 iter: 408:2        |ddm|: 8.377754e-09     Tr[DP]  5.683387e-01
 iter: 409:1        |ddm|: 9.665524e-09     Tr[DP]  5.683387e-01
 iter: 409:2        |ddm|: 8.125054e-09     Tr[DP]  5.683387e-01
 iter: 410:1        |ddm|: 9.373955e-09     Tr[DP]  5.683387e-01
 iter: 410:2        |ddm|: 7.878609e-09     Tr[DP]  5.683387e-01
 iter: 411:1        |ddm|: 9.089870e-09     Tr[DP]  5.683387e-01
 iter: 411:2        |ddm|: 7.639981e-09     Tr[DP]  5.683387e-01
 iter: 412:1        |ddm|: 8.814584e-09     Tr[DP]  5.683387e-01
 iter: 412:2        |ddm|: 7.409334e-09     Tr[DP]  5.683387e-01
 iter: 413:1        |ddm|: 8.547923e-09     Tr[DP]  5.683387e-01
 iter: 413:2        |ddm|: 7.185534e-09     Tr[DP]  5.683387e-01
 iter: 414:1        |ddm|: 8.289243e-09     Tr[DP]  5.683387e-01
 iter: 414:2        |ddm|: 6.969136e-09     Tr[DP]  5.683387e-01
 iter: 415:1        |ddm|: 8.039518e-09     Tr[DP]  5.683387e-01
 iter: 415:2        |ddm|: 6.758376e-09     Tr[DP]  5.683387e-01
 iter: 416:1        |ddm|: 7.796829e-09     Tr[DP]  5.683387e-01
 iter: 416:2        |ddm|: 6.554494e-09     Tr[DP]  5.683387e-01
 iter: 417:1        |ddm|: 7.561441e-09     Tr[DP]  5.683387e-01
 iter: 417:2        |ddm|: 6.356082e-09     Tr[DP]  5.683387e-01
 iter: 418:1        |ddm|: 7.332944e-09     Tr[DP]  5.683387e-01
 iter: 418:2        |ddm|: 6.164146e-09     Tr[DP]  5.683387e-01
 iter: 419:1        |ddm|: 7.111161e-09     Tr[DP]  5.683387e-01
 iter: 419:2        |ddm|: 5.977952e-09     Tr[DP]  5.683387e-01
 iter: 420:1        |ddm|: 6.896747e-09     Tr[DP]  5.683387e-01
 iter: 420:2        |ddm|: 5.796849e-09     Tr[DP]  5.683387e-01
 iter: 421:1        |ddm|: 6.687616e-09     Tr[DP]  5.683387e-01
 iter: 421:2        |ddm|: 5.621917e-09     Tr[DP]  5.683387e-01
 iter: 422:1        |ddm|: 6.485546e-09     Tr[DP]  5.683387e-01
 iter: 422:2        |ddm|: 5.451910e-09     Tr[DP]  5.683387e-01
 iter: 423:1        |ddm|: 6.289946e-09     Tr[DP]  5.683387e-01
 iter: 423:2        |ddm|: 5.287736e-09     Tr[DP]  5.683387e-01
 iter: 424:1        |ddm|: 6.100115e-09     Tr[DP]  5.683387e-01
 iter: 424:2        |ddm|: 5.127294e-09     Tr[DP]  5.683387e-01
 iter: 425:1        |ddm|: 5.915982e-09     Tr[DP]  5.683387e-01
 iter: 425:2        |ddm|: 4.972517e-09     Tr[DP]  5.683387e-01
 iter: 426:1        |ddm|: 5.737024e-09     Tr[DP]  5.683387e-01
 iter: 426:2        |ddm|: 4.822675e-09     Tr[DP]  5.683387e-01
 iter: 427:1        |ddm|: 5.563769e-09     Tr[DP]  5.683387e-01
 iter: 427:2        |ddm|: 4.676599e-09     Tr[DP]  5.683387e-01
 iter: 428:1        |ddm|: 5.395355e-09     Tr[DP]  5.683387e-01
 iter: 428:2        |ddm|: 4.535123e-09     Tr[DP]  5.683387e-01
                           Freeze-and-Thaw converged!                           

=================== Subsystem 1 at higher mean-field method ====================
  subiter:   1      |ddm|: 7.021911e-01
  subiter:   2      |ddm|: 1.385237e-01
  subiter:   3      |ddm|: 2.659094e-02
  subiter:   4      |ddm|: 1.661306e-02
  subiter:   5      |ddm|: 3.297786e-03
  subiter:   6      |ddm|: 1.332263e-03
  subiter:   7      |ddm|: 6.289402e-04
  subiter:   8      |ddm|: 1.758695e-04
  subiter:   9      |ddm|: 6.152227e-05
  subiter:  10      |ddm|: 1.766458e-05
  subiter:  11      |ddm|: 1.396590e-05
  subiter:  12      |ddm|: 2.850460e-06
  subiter:  13      |ddm|: 1.836013e-06
  subiter:  14      |ddm|: 5.044129e-07
  subiter:  15      |ddm|: 2.232185e-07
  subiter:  16      |ddm|: 8.963080e-08
  subiter:  17      |ddm|: 3.344712e-08
  subiter:  18      |ddm|: 1.875898e-08
  subiter:  19      |ddm|: 2.491335e-08
  subiter:  20      |ddm|: 1.021031e-08
  subiter:  21      |ddm|: 1.055811e-08
  subiter:  22      |ddm|: 1.104930e-08
  subiter:  23      |ddm|: 5.437901e-09


******** <class 'pyscf.scf.hf.RHF'> flags ********
method = RHF
initial guess = minao
damping factor = 0
level shift factor = 0
DIIS = <class 'pyscf.scf.diis.CDIIS'>
DIIS start cycle = 1
DIIS space = 8
SCF tol = 1e-09
SCF gradient tol = None
max. SCF cycles = 100
direct_scf = True
direct_scf_tol = 1e-13
chkfile to save SCF result = /panfs/roc/scratch/graha682/2018_smear/201712_ccpVDZ_NEVPT2_m06_30_8c12h24/tmpohfD0n
max_memory 4000 MB (current use 2659 MB)
Set gradient conv threshold to 3.16228e-05
init E= -310.233524495227
  HOMO = -0.316623489807156  LUMO = 0.16213860359513
cycle= 1 E= -310.233524495267  delta_E= -4.01e-11  |g|= 2.48e-09  |ddm|= 9.18e-09
  HOMO = -0.31662348973688  LUMO = 0.162138603671917
Extra cycle  E= -310.233524495266  delta_E= 1.14e-12  |g|= 1.36e-09  |ddm|= 4.57e-09
converged SCF energy = -310.233524495266
 iter: 429:1        |ddm|: 8.214056e-01     Tr[DP]  6.706407e-01

******** <class 'pyscf.mcscf.mc1step.CASSCF'> flags ********
CAS (1e+1e, 2o), ncore = 30, nvir = 150
max_cycle_macro = 150
max_cycle_micro = 4
conv_tol = 1e-07
conv_tol_grad = None
orbital rotation max_stepsize = 0.02
augmented hessian ah_max_cycle = 30
augmented hessian ah_conv_tol = 1e-12
augmented hessian ah_linear dependence = 1e-14
augmented hessian ah_level shift = 0
augmented hessian ah_start_tol = 2.5
augmented hessian ah_start_cycle = 3
augmented hessian ah_grad_trust_region = 3
kf_trust_region = 3
kf_interval = 4
ci_response_space = 4
ci_grad_trust_region = 3
with_dep4 0
natorb = False
canonicalization = True
sorting_mo_energy = False
chkfile = /panfs/roc/scratch/graha682/2018_smear/201712_ccpVDZ_NEVPT2_m06_30_8c12h24/tmpohfD0n
max_memory 4000 MB (current use 2655 MB)
internal_rotation = False
******** <class 'pyscf.fci.direct_spin1.FCISolver'> flags ********
max. cycles = 50
conv_tol = 1e-08
davidson only = False
linear dependence = 1e-10
level shift = 0.001
max iter space = 12
max_memory 4000 MB
nroots = 1
pspace_size = 400
spin = None
