********************************************************************************
*                         FREEZE-AND-THAW CALCULATION                          *
********************************************************************************

================================== Input File ==================================

subsystem
C         -6.83233       -0.37125        0.10501
C         -5.57145        0.46586        0.01843
H         -7.74481        0.24433        0.07273
H         -6.85987       -0.95547        1.04063
H         -6.89008       -1.09261       -0.72793
C         -4.30046       -0.36446        0.05866
H         -5.54869        1.20259        0.84425
H         -5.58039        1.06887       -0.90978
C         -3.02903        0.45956       -0.02603
H         -4.31701       -1.10229       -0.76863
H         -4.28589       -0.96994        0.98723
C         -1.75902       -0.37039        0.01167
H         -3.01189        1.19593        0.80232
H         -3.04466        1.06598       -0.95378
C         -0.48794        0.45452       -0.07185
H         -1.77532       -1.10602       -0.81731
H         -1.74330       -0.97758        0.93885
C          0.78203       -0.37557       -0.03602
H         -0.47081        1.18921        0.75792
H         -0.50413        1.06274       -0.99837
charge -1
end

subsystem
C          2.05287        0.44973       -0.11804
H          0.76560       -1.10952       -0.86645
H          0.79800       -0.98443        0.88994
C          3.32241       -0.38057       -0.08423
H          2.07014        1.18255        0.71336
H          2.03699        1.06007       -1.04333
C          4.59324        0.45363       -0.16418
H          3.30892       -1.10960       -0.91885
H          3.34237       -0.99263        0.83821
C          5.85464       -0.34517       -0.20325
H          4.62905        1.17482        0.67463
H          4.55559        1.06796       -1.08633
C          6.95816       -0.08832        0.49901
H          6.94287        0.60305        1.35072
H          7.91887       -0.55291        0.25731
H          5.90969       -1.09051       -1.01234
charge +1
end

embed
 huzinaga
 cycles 300
 conv 1e-8
 method m06
end

basis cc-pVDZ
method cas[2,2]/nevpt2
grid 4
conv 1e-8
grad 1e-8
maxiter 100
================================== End Input ===================================
tot grids = 725328

                      Getting subsystem overlap integrals                       

                          Initial subsystem densities                           
Guessing initial subsystem densities
Initial guess from superpostion of atomic densties.
Guessing initial subsystem densities
Initial guess from superpostion of atomic densties.

=========================== Starting Freeze-and-Thaw ===========================
 iter:   1:1        |ddm|: 5.946842e+00     Tr[DP]  1.002285e+00
 iter:   1:2        |ddm|: 4.070525e+00     Tr[DP]  3.326674e-01
 iter:   2:1        |ddm|: 5.441731e+00     Tr[DP]  6.127505e-01
 iter:   2:2        |ddm|: 2.194612e+00     Tr[DP]  2.698291e-01
 iter:   3:1        |ddm|: 2.951378e+00     Tr[DP]  2.819720e-01
 iter:   3:2        |ddm|: 1.290307e+00     Tr[DP]  2.408164e-01
 iter:   4:1        |ddm|: 5.442170e-01     Tr[DP]  2.430784e-01
 iter:   4:2        |ddm|: 3.429768e-01     Tr[DP]  2.358138e-01
 iter:   5:1        |ddm|: 3.245317e-01     Tr[DP]  2.388597e-01
 iter:   5:2        |ddm|: 1.778133e-01     Tr[DP]  2.123971e-01
 iter:   6:1        |ddm|: 1.997999e-01     Tr[DP]  2.246024e-01
 iter:   6:2        |ddm|: 9.940757e-02     Tr[DP]  2.068688e-01
 iter:   7:1        |ddm|: 1.343296e-01     Tr[DP]  2.144573e-01
 iter:   7:2        |ddm|: 6.883700e-02     Tr[DP]  2.028689e-01
 iter:   8:1        |ddm|: 9.444140e-02     Tr[DP]  2.087442e-01
 iter:   8:2        |ddm|: 5.606909e-02     Tr[DP]  1.989175e-01
 iter:   9:1        |ddm|: 7.939927e-02     Tr[DP]  2.053497e-01
 iter:   9:2        |ddm|: 6.009408e-02     Tr[DP]  1.953323e-01
 iter:  10:1        |ddm|: 6.906240e-02     Tr[DP]  2.010707e-01
 iter:  10:2        |ddm|: 4.985262e-02     Tr[DP]  1.917749e-01
 iter:  11:1        |ddm|: 5.788636e-02     Tr[DP]  1.978781e-01
 iter:  11:2        |ddm|: 4.743305e-02     Tr[DP]  1.888971e-01
 iter:  12:1        |ddm|: 5.165902e-02     Tr[DP]  1.948114e-01
 iter:  12:2        |ddm|: 4.284728e-02     Tr[DP]  1.863182e-01
 iter:  13:1        |ddm|: 4.773812e-02     Tr[DP]  1.927937e-01
 iter:  13:2        |ddm|: 4.507483e-02     Tr[DP]  1.840343e-01
 iter:  14:1        |ddm|: 4.784193e-02     Tr[DP]  1.905707e-01
 iter:  14:2        |ddm|: 4.420203e-02     Tr[DP]  1.815894e-01
 iter:  15:1        |ddm|: 4.862263e-02     Tr[DP]  1.887450e-01
 iter:  15:2        |ddm|: 4.878817e-02     Tr[DP]  1.790478e-01
 iter:  16:1        |ddm|: 4.934919e-02     Tr[DP]  1.857715e-01
 iter:  16:2        |ddm|: 4.166472e-02     Tr[DP]  1.764659e-01
 iter:  17:1        |ddm|: 4.971830e-02     Tr[DP]  1.822485e-01
 iter:  17:2        |ddm|: 4.033920e-02     Tr[DP]  1.746546e-01
 iter:  18:1        |ddm|: 7.423026e-02     Tr[DP]  1.848900e-01
 iter:  18:2        |ddm|: 1.086407e-01     Tr[DP]  1.718018e-01
 iter:  19:1        |ddm|: 6.960481e-02     Tr[DP]  1.787606e-01
 iter:  19:2        |ddm|: 4.772636e-02     Tr[DP]  1.677775e-01
 iter:  20:1        |ddm|: 4.997201e-02     Tr[DP]  1.760782e-01
 iter:  20:2        |ddm|: 4.345793e-02     Tr[DP]  1.653542e-01
 iter:  21:1        |ddm|: 4.876977e-02     Tr[DP]  1.735790e-01
 iter:  21:2        |ddm|: 4.249479e-02     Tr[DP]  1.628671e-01
 iter:  22:1        |ddm|: 4.817390e-02     Tr[DP]  1.713690e-01
 iter:  22:2        |ddm|: 4.437035e-02     Tr[DP]  1.602879e-01
 iter:  23:1        |ddm|: 4.871637e-02     Tr[DP]  1.686966e-01
 iter:  23:2        |ddm|: 4.151131e-02     Tr[DP]  1.577376e-01
 iter:  24:1        |ddm|: 4.719954e-02     Tr[DP]  1.661294e-01
 iter:  24:2        |ddm|: 3.960679e-02     Tr[DP]  1.554227e-01
 iter:  25:1        |ddm|: 4.539926e-02     Tr[DP]  1.636963e-01
 iter:  25:2        |ddm|: 3.790857e-02     Tr[DP]  1.533065e-01
 iter:  26:1        |ddm|: 4.591516e-02     Tr[DP]  1.621195e-01
 iter:  26:2        |ddm|: 4.523781e-02     Tr[DP]  1.509259e-01
 iter:  27:1        |ddm|: 4.747525e-02     Tr[DP]  1.595209e-01
 iter:  27:2        |ddm|: 4.013115e-02     Tr[DP]  1.483515e-01
 iter:  28:1        |ddm|: 4.646731e-02     Tr[DP]  1.570533e-01
 iter:  28:2        |ddm|: 3.914439e-02     Tr[DP]  1.459755e-01
 iter:  29:1        |ddm|: 4.553367e-02     Tr[DP]  1.546525e-01
 iter:  29:2        |ddm|: 3.795050e-02     Tr[DP]  1.437317e-01
 iter:  30:1        |ddm|: 4.486024e-02     Tr[DP]  1.523766e-01
 iter:  30:2        |ddm|: 3.688160e-02     Tr[DP]  1.416752e-01
 iter:  31:1        |ddm|: 4.453214e-02     Tr[DP]  1.503472e-01
 iter:  31:2        |ddm|: 3.796136e-02     Tr[DP]  1.394815e-01
 iter:  32:1        |ddm|: 5.294179e-02     Tr[DP]  1.470019e-01
 iter:  32:2        |ddm|: 4.196586e-02     Tr[DP]  1.389134e-01
 iter:  33:1        |ddm|: 4.242668e-02     Tr[DP]  1.470580e-01
 iter:  33:2        |ddm|: 4.595958e-02     Tr[DP]  1.371206e-01
 iter:  34:1        |ddm|: 6.147871e-02     Tr[DP]  1.461779e-01
 iter:  34:2        |ddm|: 7.390985e-02     Tr[DP]  1.327810e-01
 iter:  35:1        |ddm|: 7.013014e-02     Tr[DP]  1.425758e-01
 iter:  35:2        |ddm|: 5.970553e-02     Tr[DP]  1.282103e-01
 iter:  36:1        |ddm|: 6.419242e-02     Tr[DP]  1.387854e-01
 iter:  36:2        |ddm|: 5.387601e-02     Tr[DP]  1.245178e-01
 iter:  37:1        |ddm|: 6.104250e-02     Tr[DP]  1.355114e-01
 iter:  37:2        |ddm|: 5.215494e-02     Tr[DP]  1.213142e-01
 iter:  38:1        |ddm|: 6.031567e-02     Tr[DP]  1.324828e-01
 iter:  38:2        |ddm|: 5.120083e-02     Tr[DP]  1.183281e-01
 iter:  39:1        |ddm|: 5.960385e-02     Tr[DP]  1.296217e-01
 iter:  39:2        |ddm|: 5.059669e-02     Tr[DP]  1.155584e-01
 iter:  40:1        |ddm|: 6.015005e-02     Tr[DP]  1.270206e-01
 iter:  40:2        |ddm|: 5.710514e-02     Tr[DP]  1.124876e-01
 iter:  41:1        |ddm|: 6.394460e-02     Tr[DP]  1.239367e-01
 iter:  41:2        |ddm|: 4.386095e-02     Tr[DP]  1.104798e-01
 iter:  42:1        |ddm|: 5.732153e-02     Tr[DP]  1.215444e-01
 iter:  42:2        |ddm|: 4.247087e-02     Tr[DP]  1.087769e-01
 iter:  43:1        |ddm|: 5.527571e-02     Tr[DP]  1.193844e-01
 iter:  43:2        |ddm|: 4.052370e-02     Tr[DP]  1.071580e-01
 iter:  44:1        |ddm|: 5.307945e-02     Tr[DP]  1.173404e-01
 iter:  44:2        |ddm|: 3.970046e-02     Tr[DP]  1.055849e-01
 iter:  45:1        |ddm|: 5.153155e-02     Tr[DP]  1.153827e-01
 iter:  45:2        |ddm|: 3.879396e-02     Tr[DP]  1.040608e-01
 iter:  46:1        |ddm|: 5.036237e-02     Tr[DP]  1.134973e-01
 iter:  46:2        |ddm|: 3.661056e-02     Tr[DP]  1.027029e-01
 iter:  47:1        |ddm|: 4.825897e-02     Tr[DP]  1.117433e-01
 iter:  47:2        |ddm|: 3.621775e-02     Tr[DP]  1.013804e-01
 iter:  48:1        |ddm|: 4.713816e-02     Tr[DP]  1.100711e-01
 iter:  48:2        |ddm|: 3.405550e-02     Tr[DP]  1.001981e-01
 iter:  49:1        |ddm|: 4.512045e-02     Tr[DP]  1.085148e-01
 iter:  49:2        |ddm|: 3.444033e-02     Tr[DP]  9.899748e-02
 iter:  50:1        |ddm|: 4.472040e-02     Tr[DP]  1.070165e-01
 iter:  50:2        |ddm|: 3.106491e-02     Tr[DP]  9.801263e-02
 iter:  51:1        |ddm|: 4.282626e-02     Tr[DP]  1.056221e-01
 iter:  51:2        |ddm|: 2.866279e-02     Tr[DP]  9.722673e-02
 iter:  52:1        |ddm|: 4.371434e-02     Tr[DP]  1.043423e-01
 iter:  52:2        |ddm|: 4.882350e-02     Tr[DP]  9.550811e-02
 iter:  53:1        |ddm|: 4.928603e-02     Tr[DP]  1.030290e-01
 iter:  53:2        |ddm|: 2.927718e-02     Tr[DP]  9.466129e-02
 iter:  54:1        |ddm|: 4.084699e-02     Tr[DP]  1.016839e-01
 iter:  54:2        |ddm|: 2.750758e-02     Tr[DP]  9.406675e-02
 iter:  55:1        |ddm|: 3.805956e-02     Tr[DP]  1.006105e-01
 iter:  55:2        |ddm|: 2.606878e-02     Tr[DP]  9.344963e-02
 iter:  56:1        |ddm|: 3.629062e-02     Tr[DP]  9.961035e-02
 iter:  56:2        |ddm|: 2.458206e-02     Tr[DP]  9.287613e-02
 iter:  57:1        |ddm|: 3.386098e-02     Tr[DP]  9.859220e-02
 iter:  57:2        |ddm|: 3.062658e-02     Tr[DP]  9.199230e-02
 iter:  58:1        |ddm|: 3.510381e-02     Tr[DP]  9.772233e-02
 iter:  58:2        |ddm|: 2.430512e-02     Tr[DP]  9.138884e-02
 iter:  59:1        |ddm|: 3.273302e-02     Tr[DP]  9.679817e-02
 iter:  59:2        |ddm|: 2.503209e-02     Tr[DP]  9.078495e-02
 iter:  60:1        |ddm|: 3.209239e-02     Tr[DP]  9.598225e-02
 iter:  60:2        |ddm|: 2.752267e-02     Tr[DP]  9.008530e-02
 iter:  61:1        |ddm|: 3.255323e-02     Tr[DP]  9.526077e-02
 iter:  61:2        |ddm|: 2.162744e-02     Tr[DP]  8.966227e-02
 iter:  62:1        |ddm|: 3.372263e-02     Tr[DP]  9.441431e-02
 iter:  62:2        |ddm|: 3.174230e-02     Tr[DP]  8.877752e-02
 iter:  63:1        |ddm|: 3.170022e-02     Tr[DP]  9.376771e-02
 iter:  63:2        |ddm|: 2.428692e-02     Tr[DP]  8.824908e-02
 iter:  64:1        |ddm|: 3.480437e-02     Tr[DP]  9.286825e-02
 iter:  64:2        |ddm|: 4.145368e-02     Tr[DP]  8.700573e-02
 iter:  65:1        |ddm|: 3.519598e-02     Tr[DP]  9.225731e-02
 iter:  65:2        |ddm|: 2.423318e-02     Tr[DP]  8.666889e-02
 iter:  66:1        |ddm|: 3.222431e-02     Tr[DP]  9.152659e-02
 iter:  66:2        |ddm|: 2.539991e-02     Tr[DP]  8.621427e-02
 iter:  67:1        |ddm|: 3.062126e-02     Tr[DP]  9.085435e-02
 iter:  67:2        |ddm|: 2.477415e-02     Tr[DP]  8.580286e-02
 iter:  68:1        |ddm|: 2.990869e-02     Tr[DP]  9.029450e-02
 iter:  68:2        |ddm|: 2.187445e-02     Tr[DP]  8.549251e-02
 iter:  69:1        |ddm|: 2.888371e-02     Tr[DP]  8.967374e-02
 iter:  69:2        |ddm|: 2.584076e-02     Tr[DP]  8.500346e-02
 iter:  70:1        |ddm|: 2.915052e-02     Tr[DP]  8.925955e-02
 iter:  70:2        |ddm|: 1.800429e-02     Tr[DP]  8.492850e-02
 iter:  71:1        |ddm|: 2.714069e-02     Tr[DP]  8.879885e-02
 iter:  71:2        |ddm|: 1.692502e-02     Tr[DP]  8.482797e-02
 iter:  72:1        |ddm|: 2.516409e-02     Tr[DP]  8.841146e-02
 iter:  72:2        |ddm|: 1.518802e-02     Tr[DP]  8.477886e-02
 iter:  73:1        |ddm|: 2.290805e-02     Tr[DP]  8.800545e-02
 iter:  73:2        |ddm|: 1.634246e-02     Tr[DP]  8.460005e-02
 iter:  74:1        |ddm|: 2.168678e-02     Tr[DP]  8.768272e-02
 iter:  74:2        |ddm|: 1.484989e-02     Tr[DP]  8.448122e-02
 iter:  75:1        |ddm|: 2.078682e-02     Tr[DP]  8.739445e-02
 iter:  75:2        |ddm|: 1.319088e-02     Tr[DP]  8.443101e-02
 iter:  76:1        |ddm|: 1.932547e-02     Tr[DP]  8.710141e-02
 iter:  76:2        |ddm|: 1.302952e-02     Tr[DP]  8.433896e-02
 iter:  77:1        |ddm|: 1.823783e-02     Tr[DP]  8.686151e-02
 iter:  77:2        |ddm|: 1.175366e-02     Tr[DP]  8.429228e-02
 iter:  78:1        |ddm|: 1.704357e-02     Tr[DP]  8.659330e-02
 iter:  78:2        |ddm|: 1.266543e-02     Tr[DP]  8.415772e-02
 iter:  79:1        |ddm|: 1.623253e-02     Tr[DP]  8.638398e-02
 iter:  79:2        |ddm|: 1.152997e-02     Tr[DP]  8.407919e-02
 iter:  80:1        |ddm|: 1.561899e-02     Tr[DP]  8.619986e-02
 iter:  80:2        |ddm|: 1.019604e-02     Tr[DP]  8.405099e-02
 iter:  81:1        |ddm|: 1.460147e-02     Tr[DP]  8.600874e-02
 iter:  81:2        |ddm|: 9.984956e-03     Tr[DP]  8.400340e-02
 iter:  82:1        |ddm|: 1.374273e-02     Tr[DP]  8.583929e-02
 iter:  82:2        |ddm|: 9.428502e-03     Tr[DP]  8.395642e-02
 iter:  83:1        |ddm|: 1.314728e-02     Tr[DP]  8.563372e-02
 iter:  83:2        |ddm|: 1.119303e-02     Tr[DP]  8.381336e-02
 iter:  84:1        |ddm|: 1.280997e-02     Tr[DP]  8.553703e-02
 iter:  84:2        |ddm|: 8.260906e-03     Tr[DP]  8.382097e-02
 iter:  85:1        |ddm|: 1.215154e-02     Tr[DP]  8.540798e-02
 iter:  85:2        |ddm|: 7.549282e-03     Tr[DP]  8.382525e-02
 iter:  86:1        |ddm|: 1.113720e-02     Tr[DP]  8.523448e-02
 iter:  86:2        |ddm|: 9.320255e-03     Tr[DP]  8.372931e-02
 iter:  87:1        |ddm|: 1.092543e-02     Tr[DP]  8.517371e-02
 iter:  87:2        |ddm|: 6.639209e-03     Tr[DP]  8.376397e-02
 iter:  88:1        |ddm|: 1.019545e-02     Tr[DP]  8.507204e-02
 iter:  88:2        |ddm|: 6.139504e-03     Tr[DP]  8.378084e-02
 iter:  89:1        |ddm|: 9.450142e-03     Tr[DP]  8.499893e-02
 iter:  89:2        |ddm|: 5.367577e-03     Tr[DP]  8.382809e-02
 iter:  90:1        |ddm|: 8.549266e-03     Tr[DP]  8.490504e-02
 iter:  90:2        |ddm|: 5.213797e-03     Tr[DP]  8.382983e-02
 iter:  91:1        |ddm|: 7.968105e-03     Tr[DP]  8.480417e-02
 iter:  91:2        |ddm|: 5.824423e-03     Tr[DP]  8.377779e-02
 iter:  92:1        |ddm|: 7.355914e-03     Tr[DP]  8.474577e-02
 iter:  92:2        |ddm|: 5.195902e-03     Tr[DP]  8.378449e-02
 iter:  93:1        |ddm|: 7.048907e-03     Tr[DP]  8.468990e-02
 iter:  93:2        |ddm|: 4.559485e-03     Tr[DP]  8.380303e-02
 iter:  94:1        |ddm|: 6.575316e-03     Tr[DP]  8.463172e-02
 iter:  94:2        |ddm|: 4.153968e-03     Tr[DP]  8.380784e-02
 iter:  95:1        |ddm|: 7.783197e-03     Tr[DP]  8.467501e-02
 iter:  95:2        |ddm|: 5.513017e-03     Tr[DP]  8.397407e-02
 iter:  96:1        |ddm|: 9.294443e-03     Tr[DP]  8.474798e-02
 iter:  96:2        |ddm|: 9.009403e-03     Tr[DP]  8.424272e-02
 iter:  97:1        |ddm|: 1.436601e-02     Tr[DP]  8.433184e-02
 iter:  97:2        |ddm|: 2.007521e-02     Tr[DP]  8.370017e-02
 iter:  98:1        |ddm|: 6.272096e-03     Tr[DP]  8.436097e-02
 iter:  98:2        |ddm|: 6.884361e-03     Tr[DP]  8.362300e-02
 iter:  99:1        |ddm|: 7.195611e-03     Tr[DP]  8.424258e-02
 iter:  99:2        |ddm|: 9.842598e-03     Tr[DP]  8.343529e-02
 iter: 100:1        |ddm|: 6.352185e-03     Tr[DP]  8.423011e-02
 iter: 100:2        |ddm|: 5.425216e-03     Tr[DP]  8.341660e-02
 iter: 101:1        |ddm|: 6.276843e-03     Tr[DP]  8.419718e-02
 iter: 101:2        |ddm|: 4.182637e-03     Tr[DP]  8.342646e-02
 iter: 102:1        |ddm|: 5.922264e-03     Tr[DP]  8.416740e-02
 iter: 102:2        |ddm|: 3.524217e-03     Tr[DP]  8.346127e-02
 iter: 103:1        |ddm|: 5.345251e-03     Tr[DP]  8.411379e-02
 iter: 103:2        |ddm|: 3.615823e-03     Tr[DP]  8.345763e-02
 iter: 104:1        |ddm|: 5.058755e-03     Tr[DP]  8.408871e-02
 iter: 104:2        |ddm|: 2.941721e-03     Tr[DP]  8.348440e-02
 iter: 105:1        |ddm|: 4.650258e-03     Tr[DP]  8.405427e-02
 iter: 105:2        |ddm|: 2.765965e-03     Tr[DP]  8.349850e-02
 iter: 106:1        |ddm|: 4.176829e-03     Tr[DP]  8.401274e-02
 iter: 106:2        |ddm|: 2.976188e-03     Tr[DP]  8.349650e-02
 iter: 107:1        |ddm|: 3.906933e-03     Tr[DP]  8.397296e-02
 iter: 107:2        |ddm|: 3.097214e-03     Tr[DP]  8.348259e-02
 iter: 108:1        |ddm|: 3.750044e-03     Tr[DP]  8.394722e-02
 iter: 108:2        |ddm|: 2.641586e-03     Tr[DP]  8.348277e-02
 iter: 109:1        |ddm|: 3.589081e-03     Tr[DP]  8.392534e-02
 iter: 109:2        |ddm|: 2.308145e-03     Tr[DP]  8.349098e-02
 iter: 110:1        |ddm|: 3.348855e-03     Tr[DP]  8.389849e-02
 iter: 110:2        |ddm|: 2.246963e-03     Tr[DP]  8.349329e-02
 iter: 111:1        |ddm|: 3.378582e-03     Tr[DP]  8.384065e-02
 iter: 111:2        |ddm|: 3.749053e-03     Tr[DP]  8.343653e-02
 iter: 112:1        |ddm|: 3.849640e-03     Tr[DP]  8.387962e-02
 iter: 112:2        |ddm|: 2.567209e-03     Tr[DP]  8.351658e-02
 iter: 113:1        |ddm|: 2.986242e-03     Tr[DP]  8.381771e-02
 iter: 113:2        |ddm|: 2.837484e-03     Tr[DP]  8.347571e-02
 iter: 114:1        |ddm|: 2.640570e-03     Tr[DP]  8.379243e-02
 iter: 114:2        |ddm|: 2.356071e-03     Tr[DP]  8.345823e-02
 iter: 115:1        |ddm|: 3.760863e-03     Tr[DP]  8.371207e-02
 iter: 115:2        |ddm|: 5.412580e-03     Tr[DP]  8.334854e-02
 iter: 116:1        |ddm|: 3.022245e-03     Tr[DP]  8.373454e-02
 iter: 116:2        |ddm|: 2.015918e-03     Tr[DP]  8.338052e-02
 iter: 117:1        |ddm|: 2.855643e-03     Tr[DP]  8.371992e-02
 iter: 117:2        |ddm|: 1.761378e-03     Tr[DP]  8.338976e-02
 iter: 118:1        |ddm|: 2.589318e-03     Tr[DP]  8.370093e-02
 iter: 118:2        |ddm|: 1.683560e-03     Tr[DP]  8.339389e-02
 iter: 119:1        |ddm|: 2.368840e-03     Tr[DP]  8.367844e-02
 iter: 119:2        |ddm|: 1.852105e-03     Tr[DP]  8.338811e-02
 iter: 120:1        |ddm|: 2.271118e-03     Tr[DP]  8.365414e-02
 iter: 120:2        |ddm|: 1.951764e-03     Tr[DP]  8.337505e-02
 iter: 121:1        |ddm|: 2.225244e-03     Tr[DP]  8.365067e-02
 iter: 121:2        |ddm|: 1.367409e-03     Tr[DP]  8.338886e-02
 iter: 122:1        |ddm|: 2.054691e-03     Tr[DP]  8.363339e-02
 iter: 122:2        |ddm|: 1.437774e-03     Tr[DP]  8.338807e-02
 iter: 123:1        |ddm|: 1.934203e-03     Tr[DP]  8.362393e-02
 iter: 123:2        |ddm|: 1.215585e-03     Tr[DP]  8.339541e-02
 iter: 124:1        |ddm|: 1.812994e-03     Tr[DP]  8.361408e-02
 iter: 124:2        |ddm|: 1.107107e-03     Tr[DP]  8.340241e-02
 iter: 125:1        |ddm|: 1.680089e-03     Tr[DP]  8.360490e-02
 iter: 125:2        |ddm|: 1.012148e-03     Tr[DP]  8.340951e-02
 iter: 126:1        |ddm|: 1.555907e-03     Tr[DP]  8.359678e-02
 iter: 126:2        |ddm|: 9.205098e-04     Tr[DP]  8.341680e-02
 iter: 127:1        |ddm|: 1.424031e-03     Tr[DP]  8.358738e-02
 iter: 127:2        |ddm|: 8.871920e-04     Tr[DP]  8.342082e-02
 iter: 128:1        |ddm|: 1.322946e-03     Tr[DP]  8.358050e-02
 iter: 128:2        |ddm|: 8.002871e-04     Tr[DP]  8.342649e-02
 iter: 129:1        |ddm|: 1.221337e-03     Tr[DP]  8.357286e-02
 iter: 129:2        |ddm|: 7.609528e-04     Tr[DP]  8.343014e-02
 iter: 130:1        |ddm|: 1.134156e-03     Tr[DP]  8.356668e-02
 iter: 130:2        |ddm|: 6.956769e-04     Tr[DP]  8.343445e-02
 iter: 131:1        |ddm|: 1.059140e-03     Tr[DP]  8.356184e-02
 iter: 131:2        |ddm|: 6.207568e-04     Tr[DP]  8.344007e-02
 iter: 132:1        |ddm|: 9.765034e-04     Tr[DP]  8.355689e-02
 iter: 132:2        |ddm|: 5.683781e-04     Tr[DP]  8.344504e-02
 iter: 133:1        |ddm|: 9.033302e-04     Tr[DP]  8.354400e-02
 iter: 133:2        |ddm|: 8.304185e-04     Tr[DP]  8.343648e-02
 iter: 134:1        |ddm|: 8.545087e-04     Tr[DP]  8.354260e-02
 iter: 134:2        |ddm|: 5.515778e-04     Tr[DP]  8.344097e-02
 iter: 135:1        |ddm|: 8.080104e-04     Tr[DP]  8.353676e-02
 iter: 135:2        |ddm|: 5.582189e-04     Tr[DP]  8.344115e-02
 iter: 136:1        |ddm|: 7.686209e-04     Tr[DP]  8.353428e-02
 iter: 136:2        |ddm|: 4.561661e-04     Tr[DP]  8.344575e-02
 iter: 137:1        |ddm|: 9.780353e-04     Tr[DP]  8.351135e-02
 iter: 137:2        |ddm|: 1.363887e-03     Tr[DP]  8.341851e-02
 iter: 138:1        |ddm|: 7.786910e-04     Tr[DP]  8.350755e-02
 iter: 138:2        |ddm|: 8.298816e-04     Tr[DP]  8.341165e-02
 iter: 139:1        |ddm|: 7.790326e-04     Tr[DP]  8.350661e-02
 iter: 139:2        |ddm|: 5.630427e-04     Tr[DP]  8.341349e-02
 iter: 140:1        |ddm|: 7.591840e-04     Tr[DP]  8.350446e-02
 iter: 140:2        |ddm|: 4.612438e-04     Tr[DP]  8.341756e-02
 iter: 141:1        |ddm|: 7.097744e-04     Tr[DP]  8.350195e-02
 iter: 141:2        |ddm|: 4.009933e-04     Tr[DP]  8.342236e-02
 iter: 142:1        |ddm|: 6.389132e-04     Tr[DP]  8.349790e-02
 iter: 142:2        |ddm|: 3.849886e-04     Tr[DP]  8.342460e-02
 iter: 143:1        |ddm|: 5.851318e-04     Tr[DP]  8.349461e-02
 iter: 143:2        |ddm|: 3.593838e-04     Tr[DP]  8.342682e-02
 iter: 144:1        |ddm|: 5.373395e-04     Tr[DP]  8.348965e-02
 iter: 144:2        |ddm|: 3.986584e-04     Tr[DP]  8.342570e-02
 iter: 145:1        |ddm|: 5.069295e-04     Tr[DP]  8.348496e-02
 iter: 145:2        |ddm|: 4.208081e-04     Tr[DP]  8.342357e-02
 iter: 146:1        |ddm|: 4.883501e-04     Tr[DP]  8.348096e-02
 iter: 146:2        |ddm|: 4.082591e-04     Tr[DP]  8.342161e-02
 iter: 147:1        |ddm|: 4.714033e-04     Tr[DP]  8.347833e-02
 iter: 147:2        |ddm|: 3.518260e-04     Tr[DP]  8.342157e-02
 iter: 148:1        |ddm|: 4.519555e-04     Tr[DP]  8.347519e-02
 iter: 148:2        |ddm|: 3.369842e-04     Tr[DP]  8.342115e-02
 iter: 149:1        |ddm|: 4.375817e-04     Tr[DP]  8.347417e-02
 iter: 149:2        |ddm|: 2.639625e-04     Tr[DP]  8.342383e-02
 iter: 150:1        |ddm|: 4.286388e-04     Tr[DP]  8.347413e-02
 iter: 150:2        |ddm|: 2.264218e-04     Tr[DP]  8.342879e-02
 iter: 151:1        |ddm|: 3.619222e-04     Tr[DP]  8.347023e-02
 iter: 151:2        |ddm|: 2.480579e-04     Tr[DP]  8.342838e-02
 iter: 152:1        |ddm|: 3.313956e-04     Tr[DP]  8.346794e-02
 iter: 152:2        |ddm|: 2.301775e-04     Tr[DP]  8.342857e-02
 iter: 153:1        |ddm|: 3.136708e-04     Tr[DP]  8.346486e-02
 iter: 153:2        |ddm|: 2.608057e-04     Tr[DP]  8.342711e-02
 iter: 154:1        |ddm|: 2.995726e-04     Tr[DP]  8.346302e-02
 iter: 154:2        |ddm|: 2.274908e-04     Tr[DP]  8.342688e-02
 iter: 155:1        |ddm|: 2.888386e-04     Tr[DP]  8.346162e-02
 iter: 155:2        |ddm|: 1.972476e-04     Tr[DP]  8.342746e-02
 iter: 156:1        |ddm|: 2.820334e-04     Tr[DP]  8.346121e-02
 iter: 156:2        |ddm|: 1.574766e-04     Tr[DP]  8.342975e-02
 iter: 157:1        |ddm|: 2.610115e-04     Tr[DP]  8.345694e-02
 iter: 157:2        |ddm|: 2.645584e-04     Tr[DP]  8.342652e-02
 iter: 158:1        |ddm|: 2.416095e-04     Tr[DP]  8.345536e-02
 iter: 158:2        |ddm|: 2.081024e-04     Tr[DP]  8.342571e-02
 iter: 159:1        |ddm|: 2.382110e-04     Tr[DP]  8.345455e-02
 iter: 159:2        |ddm|: 1.642168e-04     Tr[DP]  8.342632e-02
 iter: 160:1        |ddm|: 2.289107e-04     Tr[DP]  8.345373e-02
 iter: 160:2        |ddm|: 1.401603e-04     Tr[DP]  8.342743e-02
 iter: 161:1        |ddm|: 2.097906e-04     Tr[DP]  8.345201e-02
 iter: 161:2        |ddm|: 1.489581e-04     Tr[DP]  8.342732e-02
 iter: 162:1        |ddm|: 2.047587e-04     Tr[DP]  8.345198e-02
 iter: 162:2        |ddm|: 1.133444e-04     Tr[DP]  8.342936e-02
 iter: 163:1        |ddm|: 1.831166e-04     Tr[DP]  8.345075e-02
 iter: 163:2        |ddm|: 1.092763e-04     Tr[DP]  8.342996e-02
 iter: 164:1        |ddm|: 1.668666e-04     Tr[DP]  8.344988e-02
 iter: 164:2        |ddm|: 1.003028e-04     Tr[DP]  8.343072e-02
 iter: 165:1        |ddm|: 1.542682e-04     Tr[DP]  8.344911e-02
 iter: 165:2        |ddm|: 9.264424e-05     Tr[DP]  8.343141e-02
 iter: 166:1        |ddm|: 1.411175e-04     Tr[DP]  8.344808e-02
 iter: 166:2        |ddm|: 9.414383e-05     Tr[DP]  8.343157e-02
 iter: 167:1        |ddm|: 1.312102e-04     Tr[DP]  8.344722e-02
 iter: 167:2        |ddm|: 9.032393e-05     Tr[DP]  8.343171e-02
 iter: 168:1        |ddm|: 1.242318e-04     Tr[DP]  8.344662e-02
 iter: 168:2        |ddm|: 7.989903e-05     Tr[DP]  8.343212e-02
 iter: 169:1        |ddm|: 1.165525e-04     Tr[DP]  8.344604e-02
 iter: 169:2        |ddm|: 7.282223e-05     Tr[DP]  8.343255e-02
 iter: 170:1        |ddm|: 1.153759e-04     Tr[DP]  8.344615e-02
 iter: 170:2        |ddm|: 6.164475e-05     Tr[DP]  8.343401e-02
 iter: 171:1        |ddm|: 1.004528e-04     Tr[DP]  8.344560e-02
 iter: 171:2        |ddm|: 5.276505e-05     Tr[DP]  8.343467e-02
 iter: 172:1        |ddm|: 1.002743e-04     Tr[DP]  8.344592e-02
 iter: 172:2        |ddm|: 5.777748e-05     Tr[DP]  8.343642e-02
 iter: 173:1        |ddm|: 8.458651e-05     Tr[DP]  8.344398e-02
 iter: 173:2        |ddm|: 9.646061e-05     Tr[DP]  8.343488e-02
 iter: 174:1        |ddm|: 8.876778e-05     Tr[DP]  8.344253e-02
 iter: 174:2        |ddm|: 1.151249e-04     Tr[DP]  8.343294e-02
 iter: 175:1        |ddm|: 8.511214e-05     Tr[DP]  8.344170e-02
 iter: 175:2        |ddm|: 1.002746e-04     Tr[DP]  8.343168e-02
 iter: 176:1        |ddm|: 8.357677e-05     Tr[DP]  8.344108e-02
 iter: 176:2        |ddm|: 8.550429e-05     Tr[DP]  8.343095e-02
 iter: 177:1        |ddm|: 8.229960e-05     Tr[DP]  8.344059e-02
 iter: 177:2        |ddm|: 7.200323e-05     Tr[DP]  8.343061e-02
 iter: 178:1        |ddm|: 8.040817e-05     Tr[DP]  8.344030e-02
 iter: 178:2        |ddm|: 5.710155e-05     Tr[DP]  8.343077e-02
 iter: 179:1        |ddm|: 9.085466e-05     Tr[DP]  8.344089e-02
 iter: 179:2        |ddm|: 5.471882e-05     Tr[DP]  8.343244e-02
 iter: 180:1        |ddm|: 7.147698e-05     Tr[DP]  8.343942e-02
 iter: 180:2        |ddm|: 7.281687e-05     Tr[DP]  8.343144e-02
 iter: 181:1        |ddm|: 6.284896e-05     Tr[DP]  8.343906e-02
 iter: 181:2        |ddm|: 5.150897e-05     Tr[DP]  8.343135e-02
 iter: 182:1        |ddm|: 6.167362e-05     Tr[DP]  8.343872e-02
 iter: 182:2        |ddm|: 4.583914e-05     Tr[DP]  8.343135e-02
 iter: 183:1        |ddm|: 6.072780e-05     Tr[DP]  8.343866e-02
 iter: 183:2        |ddm|: 3.500813e-05     Tr[DP]  8.343182e-02
 iter: 184:1        |ddm|: 5.518992e-05     Tr[DP]  8.343830e-02
 iter: 184:2        |ddm|: 3.419576e-05     Tr[DP]  8.343198e-02
 iter: 185:1        |ddm|: 5.033957e-05     Tr[DP]  8.343780e-02
 iter: 185:2        |ddm|: 3.970436e-05     Tr[DP]  8.343181e-02
 iter: 186:1        |ddm|: 4.938653e-05     Tr[DP]  8.343715e-02
 iter: 186:2        |ddm|: 5.111469e-05     Tr[DP]  8.343126e-02
 iter: 187:1        |ddm|: 4.741078e-05     Tr[DP]  8.343710e-02
 iter: 187:2        |ddm|: 3.255252e-05     Tr[DP]  8.343146e-02
 iter: 188:1        |ddm|: 4.654100e-05     Tr[DP]  8.343700e-02
 iter: 188:2        |ddm|: 2.687019e-05     Tr[DP]  8.343178e-02
 iter: 189:1        |ddm|: 4.185588e-05     Tr[DP]  8.343656e-02
 iter: 189:2        |ddm|: 3.253500e-05     Tr[DP]  8.343163e-02
 iter: 190:1        |ddm|: 3.985382e-05     Tr[DP]  8.343611e-02
 iter: 190:2        |ddm|: 3.752256e-05     Tr[DP]  8.343131e-02
 iter: 191:1        |ddm|: 3.906139e-05     Tr[DP]  8.343611e-02
 iter: 191:2        |ddm|: 2.430246e-05     Tr[DP]  8.343158e-02
 iter: 192:1        |ddm|: 3.654475e-05     Tr[DP]  8.343588e-02
 iter: 192:2        |ddm|: 2.364423e-05     Tr[DP]  8.343166e-02
 iter: 193:1        |ddm|: 3.379604e-05     Tr[DP]  8.343569e-02
 iter: 193:2        |ddm|: 2.212968e-05     Tr[DP]  8.343174e-02
 iter: 194:1        |ddm|: 3.155970e-05     Tr[DP]  8.343550e-02
 iter: 194:2        |ddm|: 2.074011e-05     Tr[DP]  8.343181e-02
 iter: 195:1        |ddm|: 2.990743e-05     Tr[DP]  8.343540e-02
 iter: 195:2        |ddm|: 1.769868e-05     Tr[DP]  8.343199e-02
 iter: 196:1        |ddm|: 2.860919e-05     Tr[DP]  8.343536e-02
 iter: 196:2        |ddm|: 1.520338e-05     Tr[DP]  8.343227e-02
 iter: 197:1        |ddm|: 2.490804e-05     Tr[DP]  8.343517e-02
 iter: 197:2        |ddm|: 1.519983e-05     Tr[DP]  8.343233e-02
 iter: 198:1        |ddm|: 2.249065e-05     Tr[DP]  8.343496e-02
 iter: 198:2        |ddm|: 1.669060e-05     Tr[DP]  8.343229e-02
 iter: 199:1        |ddm|: 2.148659e-05     Tr[DP]  8.343490e-02
 iter: 199:2        |ddm|: 1.320781e-05     Tr[DP]  8.343241e-02
 iter: 200:1        |ddm|: 2.004599e-05     Tr[DP]  8.343479e-02
 iter: 200:2        |ddm|: 1.256388e-05     Tr[DP]  8.343248e-02
 iter: 201:1        |ddm|: 1.862739e-05     Tr[DP]  8.343470e-02
 iter: 201:2        |ddm|: 1.135468e-05     Tr[DP]  8.343256e-02
 iter: 202:1        |ddm|: 1.988365e-05     Tr[DP]  8.343480e-02
 iter: 202:2        |ddm|: 1.177146e-05     Tr[DP]  8.343292e-02
 iter: 203:1        |ddm|: 1.575463e-05     Tr[DP]  8.343468e-02
 iter: 203:2        |ddm|: 7.853899e-06     Tr[DP]  8.343301e-02
 iter: 204:1        |ddm|: 1.408249e-05     Tr[DP]  8.343466e-02
 iter: 204:2        |ddm|: 7.232821e-06     Tr[DP]  8.343318e-02
 iter: 205:1        |ddm|: 1.940352e-05     Tr[DP]  8.343414e-02
 iter: 205:2        |ddm|: 2.841357e-05     Tr[DP]  8.343258e-02
 iter: 206:1        |ddm|: 1.296803e-05     Tr[DP]  8.343418e-02
 iter: 206:2        |ddm|: 1.168871e-05     Tr[DP]  8.343257e-02
 iter: 207:1        |ddm|: 1.353659e-05     Tr[DP]  8.343403e-02
 iter: 207:2        |ddm|: 1.426955e-05     Tr[DP]  8.343242e-02
 iter: 208:1        |ddm|: 1.456605e-05     Tr[DP]  8.343382e-02
 iter: 208:2        |ddm|: 1.800462e-05     Tr[DP]  8.343216e-02
 iter: 209:1        |ddm|: 1.352393e-05     Tr[DP]  8.343377e-02
 iter: 209:2        |ddm|: 1.208533e-05     Tr[DP]  8.343212e-02
 iter: 210:1        |ddm|: 1.347080e-05     Tr[DP]  8.343373e-02
 iter: 210:2        |ddm|: 9.278644e-06     Tr[DP]  8.343215e-02
 iter: 211:1        |ddm|: 1.280419e-05     Tr[DP]  8.343368e-02
 iter: 211:2        |ddm|: 8.289583e-06     Tr[DP]  8.343219e-02
 iter: 212:1        |ddm|: 1.189877e-05     Tr[DP]  8.343359e-02
 iter: 212:2        |ddm|: 8.319916e-06     Tr[DP]  8.343219e-02
 iter: 213:1        |ddm|: 1.119012e-05     Tr[DP]  8.343353e-02
 iter: 213:2        |ddm|: 7.407236e-06     Tr[DP]  8.343222e-02
 iter: 214:1        |ddm|: 1.052555e-05     Tr[DP]  8.343347e-02
 iter: 214:2        |ddm|: 6.866328e-06     Tr[DP]  8.343224e-02
 iter: 215:1        |ddm|: 9.826889e-06     Tr[DP]  8.343339e-02
 iter: 215:2        |ddm|: 7.200236e-06     Tr[DP]  8.343223e-02
 iter: 216:1        |ddm|: 9.270559e-06     Tr[DP]  8.343334e-02
 iter: 216:2        |ddm|: 6.457792e-06     Tr[DP]  8.343224e-02
 iter: 217:1        |ddm|: 8.849516e-06     Tr[DP]  8.343330e-02
 iter: 217:2        |ddm|: 5.594466e-06     Tr[DP]  8.343227e-02
 iter: 218:1        |ddm|: 8.320140e-06     Tr[DP]  8.343327e-02
 iter: 218:2        |ddm|: 4.984576e-06     Tr[DP]  8.343232e-02
 iter: 219:1        |ddm|: 7.677288e-06     Tr[DP]  8.343323e-02
 iter: 219:2        |ddm|: 4.639425e-06     Tr[DP]  8.343235e-02
 iter: 220:1        |ddm|: 7.080340e-06     Tr[DP]  8.343319e-02
 iter: 220:2        |ddm|: 4.287379e-06     Tr[DP]  8.343238e-02
 iter: 221:1        |ddm|: 6.559655e-06     Tr[DP]  8.343316e-02
 iter: 221:2        |ddm|: 3.907025e-06     Tr[DP]  8.343241e-02
 iter: 222:1        |ddm|: 6.042535e-06     Tr[DP]  8.343313e-02
 iter: 222:2        |ddm|: 3.642933e-06     Tr[DP]  8.343244e-02
 iter: 223:1        |ddm|: 5.576362e-06     Tr[DP]  8.343310e-02
 iter: 223:2        |ddm|: 3.357484e-06     Tr[DP]  8.343246e-02
 iter: 224:1        |ddm|: 5.162601e-06     Tr[DP]  8.343308e-02
 iter: 224:2        |ddm|: 3.059659e-06     Tr[DP]  8.343249e-02
 iter: 225:1        |ddm|: 4.740216e-06     Tr[DP]  8.343305e-02
 iter: 225:2        |ddm|: 2.891396e-06     Tr[DP]  8.343251e-02
 iter: 226:1        |ddm|: 4.382458e-06     Tr[DP]  8.343303e-02
 iter: 226:2        |ddm|: 2.654398e-06     Tr[DP]  8.343253e-02
 iter: 227:1        |ddm|: 4.049112e-06     Tr[DP]  8.343301e-02
 iter: 227:2        |ddm|: 2.489620e-06     Tr[DP]  8.343254e-02
 iter: 228:1        |ddm|: 3.809365e-06     Tr[DP]  8.343300e-02
 iter: 228:2        |ddm|: 2.160817e-06     Tr[DP]  8.343257e-02
 iter: 229:1        |ddm|: 3.424249e-06     Tr[DP]  8.343297e-02
 iter: 229:2        |ddm|: 2.266552e-06     Tr[DP]  8.343257e-02
 iter: 230:1        |ddm|: 3.168151e-06     Tr[DP]  8.343294e-02
 iter: 230:2        |ddm|: 2.230139e-06     Tr[DP]  8.343257e-02
 iter: 231:1        |ddm|: 3.560208e-06     Tr[DP]  8.343288e-02
 iter: 231:2        |ddm|: 4.431866e-06     Tr[DP]  8.343249e-02
 iter: 232:1        |ddm|: 4.368302e-06     Tr[DP]  8.343280e-02
 iter: 232:2        |ddm|: 6.237506e-06     Tr[DP]  8.343238e-02
 iter: 233:1        |ddm|: 3.620238e-06     Tr[DP]  8.343283e-02
 iter: 233:2        |ddm|: 2.441339e-06     Tr[DP]  8.343242e-02
 iter: 234:1        |ddm|: 3.520507e-06     Tr[DP]  8.343283e-02
 iter: 234:2        |ddm|: 1.956648e-06     Tr[DP]  8.343245e-02
 iter: 235:1        |ddm|: 3.057379e-06     Tr[DP]  8.343280e-02
 iter: 235:2        |ddm|: 1.975293e-06     Tr[DP]  8.343245e-02
 iter: 236:1        |ddm|: 2.825732e-06     Tr[DP]  8.343279e-02
 iter: 236:2        |ddm|: 1.693936e-06     Tr[DP]  8.343247e-02
 iter: 237:1        |ddm|: 2.588352e-06     Tr[DP]  8.343277e-02
 iter: 237:2        |ddm|: 1.912570e-06     Tr[DP]  8.343246e-02
 iter: 238:1        |ddm|: 2.426388e-06     Tr[DP]  8.343275e-02
 iter: 238:2        |ddm|: 1.687073e-06     Tr[DP]  8.343247e-02
 iter: 239:1        |ddm|: 2.330008e-06     Tr[DP]  8.343275e-02
 iter: 239:2        |ddm|: 1.431323e-06     Tr[DP]  8.343248e-02
 iter: 240:1        |ddm|: 2.404430e-06     Tr[DP]  8.343270e-02
 iter: 240:2        |ddm|: 2.780259e-06     Tr[DP]  8.343244e-02
 iter: 241:1        |ddm|: 2.237235e-06     Tr[DP]  8.343272e-02
 iter: 241:2        |ddm|: 1.355887e-06     Tr[DP]  8.343247e-02
 iter: 242:1        |ddm|: 2.008863e-06     Tr[DP]  8.343270e-02
 iter: 242:2        |ddm|: 1.512423e-06     Tr[DP]  8.343246e-02
 iter: 243:1        |ddm|: 1.866178e-06     Tr[DP]  8.343269e-02
 iter: 243:2        |ddm|: 1.240249e-06     Tr[DP]  8.343247e-02
 iter: 244:1        |ddm|: 1.758965e-06     Tr[DP]  8.343268e-02
 iter: 244:2        |ddm|: 1.190693e-06     Tr[DP]  8.343247e-02
 iter: 245:1        |ddm|: 1.670091e-06     Tr[DP]  8.343267e-02
 iter: 245:2        |ddm|: 1.007523e-06     Tr[DP]  8.343248e-02
 iter: 246:1        |ddm|: 1.550315e-06     Tr[DP]  8.343266e-02
 iter: 246:2        |ddm|: 9.201579e-07     Tr[DP]  8.343249e-02
 iter: 247:1        |ddm|: 1.452093e-06     Tr[DP]  8.343266e-02
 iter: 247:2        |ddm|: 7.982566e-07     Tr[DP]  8.343250e-02
 iter: 248:1        |ddm|: 1.286622e-06     Tr[DP]  8.343265e-02
 iter: 248:2        |ddm|: 8.668444e-07     Tr[DP]  8.343250e-02
 iter: 249:1        |ddm|: 1.187560e-06     Tr[DP]  8.343264e-02
 iter: 249:2        |ddm|: 7.823904e-07     Tr[DP]  8.343250e-02
 iter: 250:1        |ddm|: 1.116957e-06     Tr[DP]  8.343264e-02
 iter: 250:2        |ddm|: 7.445741e-07     Tr[DP]  8.343251e-02
 iter: 251:1        |ddm|: 1.046626e-06     Tr[DP]  8.343263e-02
 iter: 251:2        |ddm|: 6.786934e-07     Tr[DP]  8.343251e-02
 iter: 252:1        |ddm|: 1.003410e-06     Tr[DP]  8.343263e-02
 iter: 252:2        |ddm|: 5.808274e-07     Tr[DP]  8.343251e-02
 iter: 253:1        |ddm|: 1.432963e-06     Tr[DP]  8.343259e-02
 iter: 253:2        |ddm|: 2.017293e-06     Tr[DP]  8.343247e-02
 iter: 254:1        |ddm|: 1.101216e-06     Tr[DP]  8.343261e-02
 iter: 254:2        |ddm|: 7.359141e-07     Tr[DP]  8.343249e-02
 iter: 255:1        |ddm|: 9.534186e-07     Tr[DP]  8.343260e-02
 iter: 255:2        |ddm|: 5.924530e-07     Tr[DP]  8.343249e-02
 iter: 256:1        |ddm|: 8.520873e-07     Tr[DP]  8.343260e-02
 iter: 256:2        |ddm|: 5.726910e-07     Tr[DP]  8.343250e-02
 iter: 257:1        |ddm|: 7.917077e-07     Tr[DP]  8.343259e-02
 iter: 257:2        |ddm|: 5.783494e-07     Tr[DP]  8.343250e-02
 iter: 258:1        |ddm|: 7.626029e-07     Tr[DP]  8.343259e-02
 iter: 258:2        |ddm|: 4.646550e-07     Tr[DP]  8.343250e-02
 iter: 259:1        |ddm|: 7.044144e-07     Tr[DP]  8.343258e-02
 iter: 259:2        |ddm|: 4.534672e-07     Tr[DP]  8.343250e-02
 iter: 260:1        |ddm|: 6.723957e-07     Tr[DP]  8.343258e-02
 iter: 260:2        |ddm|: 3.744738e-07     Tr[DP]  8.343251e-02
 iter: 261:1        |ddm|: 6.005875e-07     Tr[DP]  8.343258e-02
 iter: 261:2        |ddm|: 3.750575e-07     Tr[DP]  8.343251e-02
 iter: 262:1        |ddm|: 5.474988e-07     Tr[DP]  8.343257e-02
 iter: 262:2        |ddm|: 3.689351e-07     Tr[DP]  8.343251e-02
 iter: 263:1        |ddm|: 5.110480e-07     Tr[DP]  8.343257e-02
 iter: 263:2        |ddm|: 3.942648e-07     Tr[DP]  8.343251e-02
 iter: 264:1        |ddm|: 5.044389e-07     Tr[DP]  8.343257e-02
 iter: 264:2        |ddm|: 2.886852e-07     Tr[DP]  8.343251e-02
 iter: 265:1        |ddm|: 4.559976e-07     Tr[DP]  8.343257e-02
 iter: 265:2        |ddm|: 3.130979e-07     Tr[DP]  8.343251e-02
 iter: 266:1        |ddm|: 4.575339e-07     Tr[DP]  8.343256e-02
 iter: 266:2        |ddm|: 5.144799e-07     Tr[DP]  8.343250e-02
 iter: 267:1        |ddm|: 4.356294e-07     Tr[DP]  8.343255e-02
 iter: 267:2        |ddm|: 4.555182e-07     Tr[DP]  8.343250e-02
 iter: 268:1        |ddm|: 4.215007e-07     Tr[DP]  8.343255e-02
 iter: 268:2        |ddm|: 3.182180e-07     Tr[DP]  8.343250e-02
 iter: 269:1        |ddm|: 4.100772e-07     Tr[DP]  8.343255e-02
 iter: 269:2        |ddm|: 2.814478e-07     Tr[DP]  8.343250e-02
 iter: 270:1        |ddm|: 3.871253e-07     Tr[DP]  8.343255e-02
 iter: 270:2        |ddm|: 2.578197e-07     Tr[DP]  8.343250e-02
 iter: 271:1        |ddm|: 3.620794e-07     Tr[DP]  8.343255e-02
 iter: 271:2        |ddm|: 2.389570e-07     Tr[DP]  8.343250e-02
 iter: 272:1        |ddm|: 3.416681e-07     Tr[DP]  8.343255e-02
 iter: 272:2        |ddm|: 2.187522e-07     Tr[DP]  8.343251e-02
 iter: 273:1        |ddm|: 3.184774e-07     Tr[DP]  8.343254e-02
 iter: 273:2        |ddm|: 1.983631e-07     Tr[DP]  8.343251e-02
 iter: 274:1        |ddm|: 2.919747e-07     Tr[DP]  8.343254e-02
 iter: 274:2        |ddm|: 1.817570e-07     Tr[DP]  8.343251e-02
 iter: 275:1        |ddm|: 2.694531e-07     Tr[DP]  8.343254e-02
 iter: 275:2        |ddm|: 2.074641e-07     Tr[DP]  8.343251e-02
 iter: 276:1        |ddm|: 2.527051e-07     Tr[DP]  8.343254e-02
 iter: 276:2        |ddm|: 1.766189e-07     Tr[DP]  8.343251e-02
 iter: 277:1        |ddm|: 2.394618e-07     Tr[DP]  8.343253e-02
 iter: 277:2        |ddm|: 1.915887e-07     Tr[DP]  8.343251e-02
 iter: 278:1        |ddm|: 2.306672e-07     Tr[DP]  8.343253e-02
 iter: 278:2        |ddm|: 1.863272e-07     Tr[DP]  8.343251e-02
 iter: 279:1        |ddm|: 2.258577e-07     Tr[DP]  8.343253e-02
 iter: 279:2        |ddm|: 1.608224e-07     Tr[DP]  8.343251e-02
 iter: 280:1        |ddm|: 2.148821e-07     Tr[DP]  8.343253e-02
 iter: 280:2        |ddm|: 1.457326e-07     Tr[DP]  8.343251e-02
 iter: 281:1        |ddm|: 2.104902e-07     Tr[DP]  8.343253e-02
 iter: 281:2        |ddm|: 1.184021e-07     Tr[DP]  8.343251e-02
 iter: 282:1        |ddm|: 1.854960e-07     Tr[DP]  8.343253e-02
 iter: 282:2        |ddm|: 1.198677e-07     Tr[DP]  8.343251e-02
 iter: 283:1        |ddm|: 1.690479e-07     Tr[DP]  8.343253e-02
 iter: 283:2        |ddm|: 1.159950e-07     Tr[DP]  8.343251e-02
 iter: 284:1        |ddm|: 1.585963e-07     Tr[DP]  8.343253e-02
 iter: 284:2        |ddm|: 1.104939e-07     Tr[DP]  8.343251e-02
 iter: 285:1        |ddm|: 1.497490e-07     Tr[DP]  8.343253e-02
 iter: 285:2        |ddm|: 1.035546e-07     Tr[DP]  8.343251e-02
 iter: 286:1        |ddm|: 1.411210e-07     Tr[DP]  8.343253e-02
 iter: 286:2        |ddm|: 9.695904e-08     Tr[DP]  8.343251e-02
 iter: 287:1        |ddm|: 1.328575e-07     Tr[DP]  8.343252e-02
 iter: 287:2        |ddm|: 9.095461e-08     Tr[DP]  8.343251e-02
 iter: 288:1        |ddm|: 1.246866e-07     Tr[DP]  8.343252e-02
 iter: 288:2        |ddm|: 8.487542e-08     Tr[DP]  8.343251e-02
 iter: 289:1        |ddm|: 1.176365e-07     Tr[DP]  8.343252e-02
 iter: 289:2        |ddm|: 8.125066e-08     Tr[DP]  8.343251e-02
 iter: 290:1        |ddm|: 1.110577e-07     Tr[DP]  8.343252e-02
 iter: 290:2        |ddm|: 7.723053e-08     Tr[DP]  8.343251e-02
 iter: 291:1        |ddm|: 1.047853e-07     Tr[DP]  8.343252e-02
 iter: 291:2        |ddm|: 7.311563e-08     Tr[DP]  8.343251e-02
 iter: 292:1        |ddm|: 9.885631e-08     Tr[DP]  8.343252e-02
 iter: 292:2        |ddm|: 6.903569e-08     Tr[DP]  8.343251e-02
 iter: 293:1        |ddm|: 9.323847e-08     Tr[DP]  8.343252e-02
 iter: 293:2        |ddm|: 6.512950e-08     Tr[DP]  8.343251e-02
 iter: 294:1        |ddm|: 8.792944e-08     Tr[DP]  8.343252e-02
 iter: 294:2        |ddm|: 6.142291e-08     Tr[DP]  8.343251e-02
 iter: 295:1        |ddm|: 8.289279e-08     Tr[DP]  8.343252e-02
 iter: 295:2        |ddm|: 5.769781e-08     Tr[DP]  8.343251e-02
 iter: 296:1        |ddm|: 7.821384e-08     Tr[DP]  8.343252e-02
 iter: 296:2        |ddm|: 5.440989e-08     Tr[DP]  8.343251e-02
 iter: 297:1        |ddm|: 7.382289e-08     Tr[DP]  8.343252e-02
 iter: 297:2        |ddm|: 5.139821e-08     Tr[DP]  8.343251e-02
 iter: 298:1        |ddm|: 6.967219e-08     Tr[DP]  8.343252e-02
 iter: 298:2        |ddm|: 4.858403e-08     Tr[DP]  8.343251e-02
 iter: 299:1        |ddm|: 6.574897e-08     Tr[DP]  8.343252e-02
 iter: 299:2        |ddm|: 4.591360e-08     Tr[DP]  8.343251e-02
 iter: 300:1        |ddm|: 6.203865e-08     Tr[DP]  8.343252e-02
 iter: 300:2        |ddm|: 4.336962e-08     Tr[DP]  8.343251e-02
                         Freeze-and-Thaw NOT converged!                         

=================== Subsystem 1 at higher mean-field method ====================
  subiter:   1      |ddm|: 5.596376e-01
  subiter:   2      |ddm|: 9.689529e-02
  subiter:   3      |ddm|: 1.797513e-02
  subiter:   4      |ddm|: 1.078433e-02
  subiter:   5      |ddm|: 1.726888e-03
  subiter:   6      |ddm|: 7.454359e-04
  subiter:   7      |ddm|: 1.137074e-04
  subiter:   8      |ddm|: 4.931719e-05
  subiter:   9      |ddm|: 1.309357e-05
  subiter:  10      |ddm|: 4.143597e-06
  subiter:  11      |ddm|: 1.580488e-06
  subiter:  12      |ddm|: 2.002565e-07
  subiter:  13      |ddm|: 4.770776e-08
  subiter:  14      |ddm|: 2.551428e-08
  subiter:  15      |ddm|: 3.626603e-09


******** <class 'pyscf.scf.hf.RHF'> flags ********
method = RHF
initial guess = minao
damping factor = 0
level shift factor = 0
DIIS = <class 'pyscf.scf.diis.CDIIS'>
DIIS start cycle = 1
DIIS space = 8
SCF tol = 1e-09
SCF gradient tol = None
max. SCF cycles = 100
direct_scf = True
direct_scf_tol = 1e-13
chkfile to save SCF result = /panfs/roc/scratch/graha682/D15/201711_ccpVDZ_NEVPT2_m06_15_7c12h24/tmpTwh2He
max_memory 4000 MB (current use 1843 MB)
Set gradient conv threshold to 3.16228e-05
init E= -283.185606234975
  HOMO = -0.452946214403905  LUMO = 0.177684393904748
cycle= 1 E= -283.185606234974  delta_E= 4.55e-13  |g|= 1.32e-09  |ddm|= 7.64e-09
  HOMO = -0.452946214309528  LUMO = 0.177684393911
Extra cycle  E= -283.185606234975  delta_E= -9.09e-13  |g|= 5.2e-10  |ddm|= 2.61e-09
converged SCF energy = -283.185606234975


******** <class 'pyscf.dft.rks.RKS'> flags ********
method = RKS
initial guess = atom
damping factor = 0
level shift factor = 0.0
DIIS = <class 'pyscf.scf.diis.CDIIS'>
DIIS start cycle = 1
DIIS space = 8
SCF tol = 1e-08
SCF gradient tol = 1e-08
max. SCF cycles = 1
direct_scf = True
direct_scf_tol = 1e-13
chkfile to save SCF result = /panfs/roc/scratch/graha682/D15/201711_ccpVDZ_NEVPT2_m06_15_7c12h24/tmpA52_HQ
max_memory 4000 MB (current use 1843 MB)
XC functionals = m06
small_rho_cutoff = 1e-20
radial grids: Treutler-Ahlrichs (JCP 102, 346 (M4)) radial grids
becke partition: Becke, JCP, 88, 2547 (1988)
pruning grids: <function nwchem_prune at 0x17435f0>
grids dens level: 4
symmetrized grids: False
atomic radii adjust function: <function treutler_atomic_radii_adjust at 0x1743488>
init E= -284.864916373413
  HOMO = -0.328695766350634  LUMO = 0.0644070085430131
cycle= 1 E= -284.864916373414  delta_E= -1.36e-12  |g|= 8.66e-09  |ddm|= 5.85e-08
  HOMO = -0.328695766608959  LUMO = 0.0644070082268342
Extra cycle  E= -284.864916373414  delta_E= 4.55e-13  |g|= 4.07e-09  |ddm|= 1.84e-08
converged SCF energy = -284.864916373414
 iter: 301:1        |ddm|: 6.435952e-01     Tr[DP]  8.933992e-02

******** <class 'pyscf.mcscf.mc1step.CASSCF'> flags ********
CAS (1e+1e, 2o), ncore = 27, nvir = 134
max_cycle_macro = 50
max_cycle_micro = 4
conv_tol = 1e-07
conv_tol_grad = None
orbital rotation max_stepsize = 0.02
augmented hessian ah_max_cycle = 30
augmented hessian ah_conv_tol = 1e-12
augmented hessian ah_linear dependence = 1e-14
augmented hessian ah_level shift = 0
augmented hessian ah_start_tol = 2.5
augmented hessian ah_start_cycle = 3
augmented hessian ah_grad_trust_region = 3
kf_trust_region = 3
kf_interval = 4
ci_response_space = 4
ci_grad_trust_region = 3
with_dep4 0
natorb = False
canonicalization = True
sorting_mo_energy = False
chkfile = /panfs/roc/scratch/graha682/D15/201711_ccpVDZ_NEVPT2_m06_15_7c12h24/tmpTwh2He
max_memory 4000 MB (current use 1872 MB)
internal_rotation = False
******** <class 'pyscf.fci.direct_spin1.FCISolver'> flags ********
max. cycles = 50
conv_tol = 1e-08
davidson only = False
linear dependence = 1e-10
level shift = 0.001
max iter space = 12
max_memory 4000 MB
nroots = 1
pspace_size = 400
spin = None
CASCI E = -283.18561010137  S^2 = 0.0000000
Set conv_tol_grad to 0.000316228
macro iter 1 (6 JK  1 micro), CASSCF E = -283.185611707458  dE = -1.6060879e-06  S^2 = 0.0000000
               |grad[o]|=2.94e-05  |grad[c]|= 0.000849268143241  |ddm|=0.000193
macro iter 2 (6 JK  1 micro), CASSCF E = -283.185614585576  dE = -2.8781188e-06  S^2 = 0.0000000
               |grad[o]|=3.52e-05  |grad[c]|= 0.000535478203508  |ddm|=5.39e-05
macro iter 3 (6 JK  1 micro), CASSCF E = -283.185617837509  dE = -3.2519327e-06  S^2 = 0.0000000
               |grad[o]|=5e-05  |grad[c]|= 0.000449345856319  |ddm|=7.94e-05
macro iter 4 (6 JK  1 micro), CASSCF E = -283.185626224803  dE = -8.3872943e-06  S^2 = 0.0000000
               |grad[o]|=6.67e-05  |grad[c]|= 0.00109718150043  |ddm|=3.61e-05
macro iter 5 (7 JK  2 micro), CASSCF E = -283.185652033321  dE = -2.5808518e-05  S^2 = 0.0000000
               |grad[o]|=0.00011  |grad[c]|= 0.00122196988266  |ddm|=0.000522
macro iter 6 (7 JK  2 micro), CASSCF E = -283.18576232983  dE = -0.00011029651  S^2 = 0.0000000
               |grad[o]|=0.000239  |grad[c]|= 0.00277870301555  |ddm|=0.00126
macro iter 7 (7 JK  2 micro), CASSCF E = -283.186111032515  dE = -0.00034870268  S^2 = 0.0000000
               |grad[o]|=0.000686  |grad[c]|= 0.00392267425026  |ddm|=0.00236
macro iter 8 (7 JK  2 micro), CASSCF E = -283.186905610752  dE = -0.00079457824  S^2 = 0.0000000
               |grad[o]|=0.00179  |grad[c]|= 0.0048528199002  |ddm|=0.00139
macro iter 9 (7 JK  2 micro), CASSCF E = -283.188402664071  dE = -0.0014970533  S^2 = 0.0000000
               |grad[o]|=0.00366  |grad[c]|= 0.00582592865511  |ddm|=0.00305
macro iter 10 (21 JK  4 micro), CASSCF E = -283.196172603626  dE = -0.0077699396  S^2 = 0.0000000
               |grad[o]|=0.00616  |grad[c]|= 0.0589886011282  |ddm|=0.0228
macro iter 11 (21 JK  4 micro), CASSCF E = -283.20019937469  dE = -0.0040267711  S^2 = 0.0000000
               |grad[o]|=0.0128  |grad[c]|= 0.0142175876337  |ddm|=0.00707
macro iter 12 (14 JK  4 micro), CASSCF E = -283.200392255898  dE = -0.00019288121  S^2 = 0.0000000
               |grad[o]|=0.00577  |grad[c]|= 0.00237047021257  |ddm|=0.00175
macro iter 13 (7 JK  2 micro), CASSCF E = -283.200398538574  dE = -6.2826758e-06  S^2 = 0.0000000
               |grad[o]|=0.000655  |grad[c]|= 8.99980549608e-05  |ddm|=6.36e-05
macro iter 14 (3 JK  1 micro), CASSCF E = -283.200398549291  dE = -1.0716974e-08  S^2 = 0.0000000
               |grad[o]|=3.57e-05  |grad[c]|= 6.42812998694e-06  |ddm|=9.63e-06
1-step CASSCF converged in 14 macro (125 JK 29 micro) steps
CASSCF canonicalization
CASSCF energy = -283.200398549291
Hartree-Fock Energy:  -283.18560623497530
CAS Correlation:       -0.01479231431580
CAS Energy:          -283.20039854929109
Sr    (-1)',   E = 0.00000000001646
Si    (+1)',   E = 0.00000000000273
Sijrs (0)  ,   E = -0.85463310917745
Sijr  (+1) ,   E = -0.00864635838486
Srsi  (-1) ,   E = -0.04657573875782
Srs   (-2) ,   E = -0.00718824926734
Sij   (+2) ,   E = -0.00048709627667
Sir   (0)' ,   E = -0.02873097209533
Nevpt2 Energy = -0.946261523940281
NEVPT2 =   -0.946261523940281
Total NEVPT2 = -284.146660073231374

============================== Supermolecular DFT ==============================
  subiter:   1      |ddm|: 4.391699e+00
  subiter:   2      |ddm|: 4.838000e-01
  subiter:   3      |ddm|: 2.411990e-01
  subiter:   4      |ddm|: 4.773345e-02
  subiter:   5      |ddm|: 1.466396e-02
  subiter:   6      |ddm|: 4.846844e-03
  subiter:   7      |ddm|: 1.677218e-03
  subiter:   8      |ddm|: 4.384969e-04
  subiter:   9      |ddm|: 1.397882e-04
  subiter:  10      |ddm|: 3.843707e-05
  subiter:  11      |ddm|: 1.778099e-05
  subiter:  12      |ddm|: 4.580483e-06
  subiter:  13      |ddm|: 2.220448e-06
  subiter:  14      |ddm|: 1.090351e-06
  subiter:  15      |ddm|: 3.591185e-07
  subiter:  16      |ddm|: 1.295309e-07
  subiter:  17      |ddm|: 4.349077e-08
  subiter:  18      |ddm|: 9.452742e-09


******** <class 'pyscf.dft.rks.RKS'> flags ********
method = RKS
initial guess = atom
damping factor = 0
level shift factor = 0.0
DIIS = <class 'pyscf.scf.diis.CDIIS'>
DIIS start cycle = 1
DIIS space = 8
SCF tol = 1e-08
SCF gradient tol = 1e-08
max. SCF cycles = 100
direct_scf = True
direct_scf_tol = 1e-13
chkfile to save SCF result = /panfs/roc/scratch/graha682/D15/201711_ccpVDZ_NEVPT2_m06_15_7c12h24/tmpRA_k2M
max_memory 4000 MB (current use 1877 MB)
XC functionals = m06
small_rho_cutoff = 1e-20
radial grids: Treutler-Ahlrichs (JCP 102, 346 (M4)) radial grids
becke partition: Becke, JCP, 88, 2547 (1988)
pruning grids: <function nwchem_prune at 0x17435f0>
grids dens level: 4
symmetrized grids: False
atomic radii adjust function: <function treutler_atomic_radii_adjust at 0x1743488>
init E= -471.318656805953
  HOMO = -0.263570825352429  LUMO = 0.0195895901404287
cycle= 1 E= -471.318656805954  delta_E= -6.82e-13  |g|= 1.31e-08  |ddm|= 1.97e-08
  HOMO = -0.263570825848925  LUMO = 0.0195895894719899
cycle= 2 E= -471.318656805953  delta_E= 1.14e-12  |g|= 2.07e-08  |ddm|= 2.77e-08
  HOMO = -0.263570825586194  LUMO = 0.0195895899050124
cycle= 3 E= -471.318656805955  delta_E= -1.82e-12  |g|= 7.19e-09  |ddm|= 2.27e-08
  HOMO = -0.263570825637297  LUMO = 0.0195895896995536
Extra cycle  E= -471.318656805953  delta_E= 2.27e-12  |g|= 1.27e-08  |ddm|= 1.63e-08
converged SCF energy = -471.318656805953
Supermolecular DFT   -471.31865680595251

============================== Embedding Energies ==============================
Subsystem DFT              -284.86491637341391
Interaction                -185.97309298681290
DFT-in-DFT                 -470.83800936022681
Supermolecular DFT         -471.31865680595251
Difference                   -0.48064744572571
Corrected DFT-in-DFT       -471.31865680595251
WF-in-DFT                  -470.11975306004427
Corrected WF-in-DFT        -470.60040050576998
================================================================================
TIMING STATISTICS:
     overlap integrals      0.16s   ( 0.00%)
    initial subsystems      0.15s   ( 0.00%)
           2e matrices   6780.37s   (91.33%)
      tot. embed. of 1   6817.47s   (91.83%)
      tot. embed. of 2      1.27s   ( 0.02%)
       freeze and thaw   6818.76s   (91.84%)
                   cas     28.81s   ( 0.39%)
                nevpt2      1.09s   ( 0.01%)
  interaction energies    574.07s   ( 7.73%)
                 TOTAL   7424.24s
================================================================================

********************************************************************************
*                              END OF CALCULATION                              *
********************************************************************************
