********************************************************************************
*                         FREEZE-AND-THAW CALCULATION                          *
********************************************************************************

================================== Input File ==================================

subsystem
C         -6.83233       -0.37125        0.10501
C         -5.57145        0.46586        0.01843
H         -7.74481        0.24433        0.07273
H         -6.85987       -0.95547        1.04063
H         -6.89008       -1.09261       -0.72793
C         -4.30046       -0.36446        0.05866
H         -5.54869        1.20259        0.84425
H         -5.58039        1.06887       -0.90978
C         -3.02903        0.45956       -0.02603
H         -4.31701       -1.10229       -0.76863
H         -4.28589       -0.96994        0.98723
C         -1.75902       -0.37039        0.01167
H         -3.01189        1.19593        0.80232
H         -3.04466        1.06598       -0.95378
C         -0.48794        0.45452       -0.07185
H         -1.77532       -1.10602       -0.81731
H         -1.74330       -0.97758        0.93885
C          0.78203       -0.37557       -0.03602
H         -0.47081        1.18921        0.75792
H         -0.50413        1.06274       -0.99837
C          2.05287        0.44973       -0.11804
H          0.76560       -1.10952       -0.86645
H          0.79800       -0.98443        0.88994
C          3.32241       -0.38057       -0.08423
H          2.07014        1.18255        0.71336
H          2.03699        1.06007       -1.04333
charge -1
end

subsystem
C          4.59324        0.45363       -0.16418
H          3.30892       -1.10960       -0.91885
H          3.34237       -0.99263        0.83821
C          5.85464       -0.34517       -0.20325
H          4.62905        1.17482        0.67463
H          4.55559        1.06796       -1.08633
C          6.95816       -0.08832        0.49901
H          6.94287        0.60305        1.35072
H          7.91887       -0.55291        0.25731
H          5.90969       -1.09051       -1.01234
charge +1
end

embed
 huzinaga
 cycles 300
 conv 1e-8
 method m06
end

basis aug-cc-pVTZ
method cas[2,2]/nevpt2
grid 4
conv 1e-8
grad 1e-8
maxiter 100
================================== End Input ===================================
tot grids = 725328

                      Getting subsystem overlap integrals                       

                          Initial subsystem densities                           
Guessing initial subsystem densities
Initial guess from superpostion of atomic densties.
Guessing initial subsystem densities
Initial guess from superpostion of atomic densties.

=========================== Starting Freeze-and-Thaw ===========================
 iter:   1:1        |ddm|: 3.111530e+02     Tr[DP]  7.778239e-01
 iter:   1:2        |ddm|: 5.266933e+01     Tr[DP]  2.743081e-01
 iter:   2:1        |ddm|: 1.125632e+03     Tr[DP]  9.517700e-02
 iter:   2:2        |ddm|: 4.172151e+01     Tr[DP]  1.373203e-01
 iter:   3:1        |ddm|: 9.373085e+02     Tr[DP]  9.618287e-02
 iter:   3:2        |ddm|: 1.434280e+01     Tr[DP]  1.744377e-01
 iter:   4:1        |ddm|: 1.482028e+02     Tr[DP]  8.796128e-02
 iter:   4:2        |ddm|: 6.500642e+00     Tr[DP]  1.402511e-01
 iter:   5:1        |ddm|: 8.280956e+01     Tr[DP]  9.180895e-02
 iter:   5:2        |ddm|: 5.276468e+00     Tr[DP]  1.187158e-01
 iter:   6:1        |ddm|: 5.630521e+01     Tr[DP]  9.434530e-02
 iter:   6:2        |ddm|: 3.921311e+00     Tr[DP]  1.063275e-01
 iter:   7:1        |ddm|: 4.632254e+01     Tr[DP]  9.708915e-02
 iter:   7:2        |ddm|: 2.647686e+00     Tr[DP]  9.767765e-02
 iter:   8:1        |ddm|: 3.936272e+01     Tr[DP]  9.833425e-02
 iter:   8:2        |ddm|: 1.784340e+00     Tr[DP]  9.340261e-02
 iter:   9:1        |ddm|: 3.508311e+01     Tr[DP]  9.868788e-02
 iter:   9:2        |ddm|: 1.188026e+00     Tr[DP]  9.146774e-02
 iter:  10:1        |ddm|: 2.717781e+01     Tr[DP]  9.878867e-02
 iter:  10:2        |ddm|: 9.395674e-01     Tr[DP]  8.929657e-02
 iter:  11:1        |ddm|: 2.160630e+01     Tr[DP]  9.952305e-02
 iter:  11:2        |ddm|: 5.987124e-01     Tr[DP]  8.937043e-02
 iter:  12:1        |ddm|: 1.888119e+01     Tr[DP]  9.992857e-02
 iter:  12:2        |ddm|: 4.873886e-01     Tr[DP]  8.931918e-02
 iter:  13:1        |ddm|: 1.576064e+01     Tr[DP]  1.002218e-01
 iter:  13:2        |ddm|: 4.012952e-01     Tr[DP]  8.904025e-02
 iter:  14:1        |ddm|: 1.319797e+01     Tr[DP]  1.000461e-01
 iter:  14:2        |ddm|: 3.906942e-01     Tr[DP]  8.792335e-02
 iter:  15:1        |ddm|: 1.073161e+01     Tr[DP]  1.000335e-01
 iter:  15:2        |ddm|: 2.398169e-01     Tr[DP]  8.907766e-02
 iter:  16:1        |ddm|: 1.009478e+01     Tr[DP]  1.002587e-01
 iter:  16:2        |ddm|: 2.020522e-01     Tr[DP]  8.973192e-02
 iter:  17:1        |ddm|: 8.969680e+00     Tr[DP]  1.003023e-01
 iter:  17:2        |ddm|: 1.955039e-01     Tr[DP]  8.964491e-02
 iter:  18:1        |ddm|: 7.697996e+00     Tr[DP]  1.001308e-01
 iter:  18:2        |ddm|: 1.754569e-01     Tr[DP]  8.954295e-02
 iter:  19:1        |ddm|: 6.650643e+00     Tr[DP]  9.983637e-02
 iter:  19:2        |ddm|: 1.450183e-01     Tr[DP]  8.977132e-02
 iter:  20:1        |ddm|: 5.926950e+00     Tr[DP]  9.953905e-02
 iter:  20:2        |ddm|: 1.464539e-01     Tr[DP]  8.946455e-02
 iter:  21:1        |ddm|: 4.968090e+00     Tr[DP]  9.905987e-02
 iter:  21:2        |ddm|: 1.116955e-01     Tr[DP]  8.974340e-02
 iter:  22:1        |ddm|: 4.459248e+00     Tr[DP]  9.864761e-02
 iter:  22:2        |ddm|: 1.000005e-01     Tr[DP]  8.995645e-02
 iter:  23:1        |ddm|: 4.898670e+00     Tr[DP]  9.846813e-02
 iter:  23:2        |ddm|: 2.033579e-01     Tr[DP]  9.165150e-02
 iter:  24:1        |ddm|: 4.735502e+00     Tr[DP]  9.864192e-02
 iter:  24:2        |ddm|: 1.181102e-01     Tr[DP]  9.121977e-02
 iter:  25:1        |ddm|: 3.831249e+00     Tr[DP]  9.828099e-02
 iter:  25:2        |ddm|: 9.133904e-02     Tr[DP]  9.132947e-02
 iter:  26:1        |ddm|: 3.406985e+00     Tr[DP]  9.804486e-02
 iter:  26:2        |ddm|: 9.130540e-02     Tr[DP]  9.103098e-02
 iter:  27:1        |ddm|: 4.563365e+00     Tr[DP]  9.745334e-02
 iter:  27:2        |ddm|: 1.968240e-01     Tr[DP]  9.314074e-02
 iter:  28:1        |ddm|: 3.578252e+00     Tr[DP]  9.766043e-02
 iter:  28:2        |ddm|: 1.044393e-01     Tr[DP]  9.285333e-02
 iter:  29:1        |ddm|: 3.080796e+00     Tr[DP]  9.765054e-02
 iter:  29:2        |ddm|: 9.619549e-02     Tr[DP]  9.210539e-02
 iter:  30:1        |ddm|: 2.591068e+00     Tr[DP]  9.736276e-02
 iter:  30:2        |ddm|: 7.960532e-02     Tr[DP]  9.193370e-02
 iter:  31:1        |ddm|: 2.348079e+00     Tr[DP]  9.708917e-02
 iter:  31:2        |ddm|: 7.309291e-02     Tr[DP]  9.179135e-02
 iter:  32:1        |ddm|: 2.131841e+00     Tr[DP]  9.679628e-02
 iter:  32:2        |ddm|: 6.715906e-02     Tr[DP]  9.175229e-02
 iter:  33:1        |ddm|: 1.964854e+00     Tr[DP]  9.651543e-02
 iter:  33:2        |ddm|: 6.317455e-02     Tr[DP]  9.176046e-02
 iter:  34:1        |ddm|: 1.834102e+00     Tr[DP]  9.624814e-02
 iter:  34:2        |ddm|: 6.205053e-02     Tr[DP]  9.183407e-02
 iter:  35:1        |ddm|: 1.738705e+00     Tr[DP]  9.600597e-02
 iter:  35:2        |ddm|: 5.928605e-02     Tr[DP]  9.184432e-02
 iter:  36:1        |ddm|: 1.612543e+00     Tr[DP]  9.577184e-02
 iter:  36:2        |ddm|: 5.742798e-02     Tr[DP]  9.181225e-02
 iter:  37:1        |ddm|: 1.722880e+00     Tr[DP]  9.544614e-02
 iter:  37:2        |ddm|: 7.496623e-02     Tr[DP]  9.232049e-02
 iter:  38:1        |ddm|: 1.490851e+00     Tr[DP]  9.538873e-02
 iter:  38:2        |ddm|: 5.993439e-02     Tr[DP]  9.185501e-02
 iter:  39:1        |ddm|: 1.770878e+00     Tr[DP]  9.504016e-02
 iter:  39:2        |ddm|: 8.208988e-02     Tr[DP]  9.257928e-02
 iter:  40:1        |ddm|: 1.437980e+00     Tr[DP]  9.500781e-02
 iter:  40:2        |ddm|: 5.842081e-02     Tr[DP]  9.219977e-02
 iter:  41:1        |ddm|: 1.286284e+00     Tr[DP]  9.490573e-02
 iter:  41:2        |ddm|: 5.529582e-02     Tr[DP]  9.187373e-02
 iter:  42:1        |ddm|: 1.162716e+00     Tr[DP]  9.474974e-02
 iter:  42:2        |ddm|: 5.382778e-02     Tr[DP]  9.163193e-02
 iter:  43:1        |ddm|: 1.067223e+00     Tr[DP]  9.455747e-02
 iter:  43:2        |ddm|: 5.011727e-02     Tr[DP]  9.152567e-02
 iter:  44:1        |ddm|: 1.015648e+00     Tr[DP]  9.435565e-02
 iter:  44:2        |ddm|: 4.886568e-02     Tr[DP]  9.158614e-02
 iter:  45:1        |ddm|: 9.945009e-01     Tr[DP]  9.418715e-02
 iter:  45:2        |ddm|: 4.756764e-02     Tr[DP]  9.157535e-02
 iter:  46:1        |ddm|: 9.433551e-01     Tr[DP]  9.404230e-02
 iter:  46:2        |ddm|: 4.626010e-02     Tr[DP]  9.146691e-02
 iter:  47:1        |ddm|: 8.774287e-01     Tr[DP]  9.390040e-02
 iter:  47:2        |ddm|: 4.573760e-02     Tr[DP]  9.131021e-02
 iter:  48:1        |ddm|: 8.079789e-01     Tr[DP]  9.378338e-02
 iter:  48:2        |ddm|: 4.970159e-02     Tr[DP]  9.102947e-02
 iter:  49:1        |ddm|: 8.586793e-01     Tr[DP]  9.354209e-02
 iter:  49:2        |ddm|: 4.897189e-02     Tr[DP]  9.134610e-02
 iter:  50:1        |ddm|: 8.395028e-01     Tr[DP]  9.339570e-02
 iter:  50:2        |ddm|: 4.646140e-02     Tr[DP]  9.140118e-02
 iter:  51:1        |ddm|: 8.858576e-01     Tr[DP]  9.324867e-02
 iter:  51:2        |ddm|: 4.948943e-02     Tr[DP]  9.151108e-02
 iter:  52:1        |ddm|: 8.182045e-01     Tr[DP]  9.315364e-02
 iter:  52:2        |ddm|: 4.461314e-02     Tr[DP]  9.142127e-02
 iter:  53:1        |ddm|: 7.582535e-01     Tr[DP]  9.306890e-02
 iter:  53:2        |ddm|: 4.260829e-02     Tr[DP]  9.128746e-02
 iter:  54:1        |ddm|: 7.185096e-01     Tr[DP]  9.296968e-02
 iter:  54:2        |ddm|: 4.150535e-02     Tr[DP]  9.116331e-02
 iter:  55:1        |ddm|: 6.734967e-01     Tr[DP]  9.287047e-02
 iter:  55:2        |ddm|: 4.076935e-02     Tr[DP]  9.103172e-02
 iter:  56:1        |ddm|: 6.103767e-01     Tr[DP]  9.279070e-02
 iter:  56:2        |ddm|: 4.298349e-02     Tr[DP]  9.077728e-02
 iter:  57:1        |ddm|: 6.704772e-01     Tr[DP]  9.263861e-02
 iter:  57:2        |ddm|: 4.219679e-02     Tr[DP]  9.093886e-02
 iter:  58:1        |ddm|: 6.283444e-01     Tr[DP]  9.253833e-02
 iter:  58:2        |ddm|: 3.892994e-02     Tr[DP]  9.087062e-02
 iter:  59:1        |ddm|: 5.852284e-01     Tr[DP]  9.245113e-02
 iter:  59:2        |ddm|: 3.803659e-02     Tr[DP]  9.073330e-02
 iter:  60:1        |ddm|: 5.529443e-01     Tr[DP]  9.235904e-02
 iter:  60:2        |ddm|: 3.766933e-02     Tr[DP]  9.062083e-02
 iter:  61:1        |ddm|: 5.057137e-01     Tr[DP]  9.227899e-02
 iter:  61:2        |ddm|: 3.888235e-02     Tr[DP]  9.043673e-02
 iter:  62:1        |ddm|: 5.146620e-01     Tr[DP]  9.216588e-02
 iter:  62:2        |ddm|: 3.653434e-02     Tr[DP]  9.044533e-02
 iter:  63:1        |ddm|: 5.224030e-01     Tr[DP]  9.205948e-02
 iter:  63:2        |ddm|: 3.602483e-02     Tr[DP]  9.044497e-02
 iter:  64:1        |ddm|: 4.731077e-01     Tr[DP]  9.198377e-02
 iter:  64:2        |ddm|: 3.581754e-02     Tr[DP]  9.028978e-02
 iter:  65:1        |ddm|: 4.770548e-01     Tr[DP]  9.188554e-02
 iter:  65:2        |ddm|: 3.486131e-02     Tr[DP]  9.026668e-02
 iter:  66:1        |ddm|: 4.955829e-01     Tr[DP]  9.178468e-02
 iter:  66:2        |ddm|: 3.488913e-02     Tr[DP]  9.027921e-02
 iter:  67:1        |ddm|: 4.643668e-01     Tr[DP]  9.170482e-02
 iter:  67:2        |ddm|: 3.377971e-02     Tr[DP]  9.019176e-02
 iter:  68:1        |ddm|: 4.427077e-01     Tr[DP]  9.162720e-02
 iter:  68:2        |ddm|: 3.350311e-02     Tr[DP]  9.010083e-02
 iter:  69:1        |ddm|: 4.220011e-01     Tr[DP]  9.155038e-02
 iter:  69:2        |ddm|: 3.326728e-02     Tr[DP]  9.000974e-02
 iter:  70:1        |ddm|: 4.095415e-01     Tr[DP]  9.146706e-02
 iter:  70:2        |ddm|: 3.290105e-02     Tr[DP]  8.992399e-02
 iter:  71:1        |ddm|: 4.736731e-01     Tr[DP]  9.136893e-02
 iter:  71:2        |ddm|: 3.420404e-02     Tr[DP]  9.001477e-02
 iter:  72:1        |ddm|: 3.833492e-01     Tr[DP]  9.131917e-02
 iter:  72:2        |ddm|: 3.395049e-02     Tr[DP]  8.977244e-02
 iter:  73:1        |ddm|: 3.852094e-01     Tr[DP]  9.123698e-02
 iter:  73:2        |ddm|: 3.162361e-02     Tr[DP]  8.975193e-02
 iter:  74:1        |ddm|: 3.889766e-01     Tr[DP]  9.115418e-02
 iter:  74:2        |ddm|: 3.103270e-02     Tr[DP]  8.973043e-02
 iter:  75:1        |ddm|: 3.651591e-01     Tr[DP]  9.108465e-02
 iter:  75:2        |ddm|: 3.061161e-02     Tr[DP]  8.963952e-02
 iter:  76:1        |ddm|: 4.174560e-01     Tr[DP]  9.099590e-02
 iter:  76:2        |ddm|: 3.116002e-02     Tr[DP]  8.969275e-02
 iter:  77:1        |ddm|: 3.863402e-01     Tr[DP]  9.092445e-02
 iter:  77:2        |ddm|: 2.944359e-02     Tr[DP]  8.962875e-02
 iter:  78:1        |ddm|: 5.068434e-01     Tr[DP]  9.082490e-02
 iter:  78:2        |ddm|: 3.637350e-02     Tr[DP]  8.978091e-02
 iter:  79:1        |ddm|: 3.972467e-01     Tr[DP]  9.077024e-02
 iter:  79:2        |ddm|: 2.896859e-02     Tr[DP]  8.961885e-02
 iter:  80:1        |ddm|: 3.732245e-01     Tr[DP]  9.071560e-02
 iter:  80:2        |ddm|: 2.871267e-02     Tr[DP]  8.949885e-02
 iter:  81:1        |ddm|: 3.432588e-01     Tr[DP]  9.065950e-02
 iter:  81:2        |ddm|: 2.901455e-02     Tr[DP]  8.936988e-02
 iter:  82:1        |ddm|: 3.168221e-01     Tr[DP]  9.060310e-02
 iter:  82:2        |ddm|: 2.944204e-02     Tr[DP]  8.924444e-02
 iter:  83:1        |ddm|: 3.210544e-01     Tr[DP]  9.053443e-02
 iter:  83:2        |ddm|: 2.770995e-02     Tr[DP]  8.920408e-02
 iter:  84:1        |ddm|: 3.246479e-01     Tr[DP]  9.046376e-02
 iter:  84:2        |ddm|: 2.680498e-02     Tr[DP]  8.917215e-02
 iter:  85:1        |ddm|: 3.192502e-01     Tr[DP]  9.039643e-02
 iter:  85:2        |ddm|: 2.634417e-02     Tr[DP]  8.912133e-02
 iter:  86:1        |ddm|: 3.169813e-01     Tr[DP]  9.032959e-02
 iter:  86:2        |ddm|: 2.593952e-02     Tr[DP]  8.907364e-02
 iter:  87:1        |ddm|: 4.014334e-01     Tr[DP]  9.024639e-02
 iter:  87:2        |ddm|: 2.985126e-02     Tr[DP]  8.918129e-02
 iter:  88:1        |ddm|: 3.123233e-01     Tr[DP]  9.019495e-02
 iter:  88:2        |ddm|: 2.583360e-02     Tr[DP]  8.900617e-02
 iter:  89:1        |ddm|: 3.338073e-01     Tr[DP]  9.013201e-02
 iter:  89:2        |ddm|: 2.531946e-02     Tr[DP]  8.899186e-02
 iter:  90:1        |ddm|: 2.926443e-01     Tr[DP]  9.007846e-02
 iter:  90:2        |ddm|: 2.528429e-02     Tr[DP]  8.886482e-02
 iter:  91:1        |ddm|: 2.595467e-01     Tr[DP]  9.003341e-02
 iter:  91:2        |ddm|: 2.923530e-02     Tr[DP]  8.867891e-02
 iter:  92:1        |ddm|: 3.696034e-01     Tr[DP]  8.995021e-02
 iter:  92:2        |ddm|: 2.838904e-02     Tr[DP]  8.885046e-02
 iter:  93:1        |ddm|: 2.771158e-01     Tr[DP]  8.989312e-02
 iter:  93:2        |ddm|: 2.416321e-02     Tr[DP]  8.868604e-02
 iter:  94:1        |ddm|: 2.980121e-01     Tr[DP]  8.983042e-02
 iter:  94:2        |ddm|: 2.358482e-02     Tr[DP]  8.868624e-02
 iter:  95:1        |ddm|: 2.748640e-01     Tr[DP]  8.977165e-02
 iter:  95:2        |ddm|: 2.299687e-02     Tr[DP]  8.861011e-02
 iter:  96:1        |ddm|: 2.791656e-01     Tr[DP]  8.971148e-02
 iter:  96:2        |ddm|: 2.272912e-02     Tr[DP]  8.857441e-02
 iter:  97:1        |ddm|: 2.736072e-01     Tr[DP]  8.965217e-02
 iter:  97:2        |ddm|: 2.236826e-02     Tr[DP]  8.852595e-02
 iter:  98:1        |ddm|: 2.749569e-01     Tr[DP]  8.959306e-02
 iter:  98:2        |ddm|: 2.210628e-02     Tr[DP]  8.848940e-02
 iter:  99:1        |ddm|: 2.547743e-01     Tr[DP]  8.953832e-02
 iter:  99:2        |ddm|: 2.207158e-02     Tr[DP]  8.840092e-02
 iter: 100:1        |ddm|: 2.338655e-01     Tr[DP]  8.948673e-02
 iter: 100:2        |ddm|: 2.319660e-02     Tr[DP]  8.828907e-02
 iter: 101:1        |ddm|: 2.355989e-01     Tr[DP]  8.942922e-02
 iter: 101:2        |ddm|: 2.181093e-02     Tr[DP]  8.825795e-02
 iter: 102:1        |ddm|: 2.393612e-01     Tr[DP]  8.936998e-02
 iter: 102:2        |ddm|: 2.107111e-02     Tr[DP]  8.823801e-02
 iter: 103:1        |ddm|: 2.537958e-01     Tr[DP]  8.930956e-02
 iter: 103:2        |ddm|: 2.097109e-02     Tr[DP]  8.823779e-02
 iter: 104:1        |ddm|: 2.299733e-01     Tr[DP]  8.925530e-02
 iter: 104:2        |ddm|: 2.061038e-02     Tr[DP]  8.814852e-02
 iter: 105:1        |ddm|: 2.300042e-01     Tr[DP]  8.920173e-02
 iter: 105:2        |ddm|: 2.034710e-02     Tr[DP]  8.810984e-02
 iter: 106:1        |ddm|: 2.232221e-01     Tr[DP]  8.914861e-02
 iter: 106:2        |ddm|: 2.013266e-02     Tr[DP]  8.806147e-02
 iter: 107:1        |ddm|: 2.332714e-01     Tr[DP]  8.908999e-02
 iter: 107:2        |ddm|: 1.961818e-02     Tr[DP]  8.804173e-02
 iter: 108:1        |ddm|: 2.194123e-01     Tr[DP]  8.903718e-02
 iter: 108:2        |ddm|: 1.940697e-02     Tr[DP]  8.798443e-02
 iter: 109:1        |ddm|: 2.111354e-01     Tr[DP]  8.898649e-02
 iter: 109:2        |ddm|: 1.938344e-02     Tr[DP]  8.792652e-02
 iter: 110:1        |ddm|: 2.046277e-01     Tr[DP]  8.893559e-02
 iter: 110:2        |ddm|: 1.940276e-02     Tr[DP]  8.787268e-02
 iter: 111:1        |ddm|: 1.870902e-01     Tr[DP]  8.888841e-02
 iter: 111:2        |ddm|: 2.062076e-02     Tr[DP]  8.777652e-02
 iter: 112:1        |ddm|: 2.572024e-01     Tr[DP]  8.882850e-02
 iter: 112:2        |ddm|: 2.107137e-02     Tr[DP]  8.788064e-02
 iter: 113:1        |ddm|: 2.239687e-01     Tr[DP]  8.877231e-02
 iter: 113:2        |ddm|: 1.832365e-02     Tr[DP]  8.783935e-02
 iter: 114:1        |ddm|: 2.336366e-01     Tr[DP]  8.872084e-02
 iter: 114:2        |ddm|: 1.821224e-02     Tr[DP]  8.782116e-02
 iter: 115:1        |ddm|: 2.443304e-01     Tr[DP]  8.866875e-02
 iter: 115:2        |ddm|: 1.848547e-02     Tr[DP]  8.781284e-02
 iter: 116:1        |ddm|: 2.255259e-01     Tr[DP]  8.862109e-02
 iter: 116:2        |ddm|: 1.738522e-02     Tr[DP]  8.774888e-02
 iter: 117:1        |ddm|: 2.130771e-01     Tr[DP]  8.857652e-02
 iter: 117:2        |ddm|: 1.726678e-02     Tr[DP]  8.767661e-02
 iter: 118:1        |ddm|: 1.949544e-01     Tr[DP]  8.853439e-02
 iter: 118:2        |ddm|: 1.787593e-02     Tr[DP]  8.759259e-02
 iter: 119:1        |ddm|: 1.938509e-01     Tr[DP]  8.848622e-02
 iter: 119:2        |ddm|: 1.719571e-02     Tr[DP]  8.753092e-02
 iter: 120:1        |ddm|: 1.830152e-01     Tr[DP]  8.843958e-02
 iter: 120:2        |ddm|: 1.704107e-02     Tr[DP]  8.747636e-02
 iter: 121:1        |ddm|: 1.784865e-01     Tr[DP]  8.839345e-02
 iter: 121:2        |ddm|: 1.671951e-02     Tr[DP]  8.742992e-02
 iter: 122:1        |ddm|: 1.816221e-01     Tr[DP]  8.834573e-02
 iter: 122:2        |ddm|: 1.625002e-02     Tr[DP]  8.740899e-02
 iter: 123:1        |ddm|: 1.837411e-01     Tr[DP]  8.829770e-02
 iter: 123:2        |ddm|: 1.595941e-02     Tr[DP]  8.738579e-02
 iter: 124:1        |ddm|: 1.884122e-01     Tr[DP]  8.825026e-02
 iter: 124:2        |ddm|: 1.585452e-02     Tr[DP]  8.736905e-02
 iter: 125:1        |ddm|: 1.847846e-01     Tr[DP]  8.820349e-02
 iter: 125:2        |ddm|: 1.545867e-02     Tr[DP]  8.732807e-02
 iter: 126:1        |ddm|: 2.518011e-01     Tr[DP]  