********************************************************************************
*                         FREEZE-AND-THAW CALCULATION                          *
********************************************************************************

================================== Input File ==================================

subsystem
C         -6.83233       -0.37125        0.10501
C         -5.57145        0.46586        0.01843
H         -7.74481        0.24433        0.07273
H         -6.85987       -0.95547        1.04063
H         -6.89008       -1.09261       -0.72793
C         -4.30046       -0.36446        0.05866
H         -5.54869        1.20259        0.84425
H         -5.58039        1.06887       -0.90978
C         -3.02903        0.45956       -0.02603
H         -4.31701       -1.10229       -0.76863
H         -4.28589       -0.96994        0.98723
C         -1.75902       -0.37039        0.01167
H         -3.01189        1.19593        0.80232
H         -3.04466        1.06598       -0.95378
C         -0.48794        0.45452       -0.07185
H         -1.77532       -1.10602       -0.81731
H         -1.74330       -0.97758        0.93885
C          0.78203       -0.37557       -0.03602
H         -0.47081        1.18921        0.75792
H         -0.50413        1.06274       -0.99837
C          2.05287        0.44973       -0.11804
H          0.76560       -1.10952       -0.86645
H          0.79800       -0.98443        0.88994
C          3.32241       -0.38057       -0.08423
H          2.07014        1.18255        0.71336
H          2.03699        1.06007       -1.04333
C          4.59324        0.45363       -0.16418
H          3.30892       -1.10960       -0.91885
H          3.34237       -0.99263        0.83821
C          5.85464       -0.34517       -0.20325
H          4.62905        1.17482        0.67463
H          4.55559        1.06796       -1.08633
charge -1
end

subsystem
C          6.95816       -0.08832        0.49901
H          6.94287        0.60305        1.35072
H          7.91887       -0.55291        0.25731
H          5.90969       -1.09051       -1.01234
charge +1
end

embed
 huzinaga
 cycles 300
 conv 1e-8
 method m06
end

basis cc-pVDZ
method cas[2,2]/nevpt2
grid 4
conv 1e-8
grad 1e-8
maxiter 100
================================== End Input ===================================
tot grids = 725328

                      Getting subsystem overlap integrals                       

                          Initial subsystem densities                           
Guessing initial subsystem densities
Initial guess from superpostion of atomic densties.
Guessing initial subsystem densities
Initial guess from superpostion of atomic densties.

=========================== Starting Freeze-and-Thaw ===========================
 iter:   1:1        |ddm|: 6.310382e+00     Tr[DP]  8.555875e-01
 iter:   1:2        |ddm|: 1.842357e+00     Tr[DP]  3.885549e-01
 iter:   2:1        |ddm|: 5.542051e+00     Tr[DP]  4.368278e-01
 iter:   2:2        |ddm|: 6.726256e-01     Tr[DP]  2.129831e-01
 iter:   3:1        |ddm|: 3.221670e+00     Tr[DP]  2.351386e-01
 iter:   3:2        |ddm|: 3.475251e-01     Tr[DP]  2.336732e-01
 iter:   4:1        |ddm|: 5.700764e-01     Tr[DP]  2.221834e-01
 iter:   4:2        |ddm|: 1.339688e-01     Tr[DP]  2.198841e-01
 iter:   5:1        |ddm|: 3.377565e-01     Tr[DP]  2.152567e-01
 iter:   5:2        |ddm|: 7.649418e-02     Tr[DP]  2.018191e-01
 iter:   6:1        |ddm|: 1.834030e-01     Tr[DP]  2.056866e-01
 iter:   6:2        |ddm|: 5.597271e-02     Tr[DP]  1.944739e-01
 iter:   7:1        |ddm|: 1.347169e-01     Tr[DP]  1.983355e-01
 iter:   7:2        |ddm|: 4.912786e-02     Tr[DP]  1.893032e-01
 iter:   8:1        |ddm|: 1.023398e-01     Tr[DP]  1.930424e-01
 iter:   8:2        |ddm|: 4.329090e-02     Tr[DP]  1.844997e-01
 iter:   9:1        |ddm|: 8.021686e-02     Tr[DP]  1.888302e-01
 iter:   9:2        |ddm|: 4.066160e-02     Tr[DP]  1.803880e-01
 iter:  10:1        |ddm|: 6.866118e-02     Tr[DP]  1.850965e-01
 iter:  10:2        |ddm|: 3.899742e-02     Tr[DP]  1.767395e-01
 iter:  11:1        |ddm|: 6.132576e-02     Tr[DP]  1.817225e-01
 iter:  11:2        |ddm|: 3.695883e-02     Tr[DP]  1.733111e-01
 iter:  12:1        |ddm|: 5.508159e-02     Tr[DP]  1.785092e-01
 iter:  12:2        |ddm|: 3.406178e-02     Tr[DP]  1.703114e-01
 iter:  13:1        |ddm|: 4.841878e-02     Tr[DP]  1.755410e-01
 iter:  13:2        |ddm|: 3.011530e-02     Tr[DP]  1.679336e-01
 iter:  14:1        |ddm|: 4.272832e-02     Tr[DP]  1.733237e-01
 iter:  14:2        |ddm|: 2.935486e-02     Tr[DP]  1.656593e-01
 iter:  15:1        |ddm|: 4.115020e-02     Tr[DP]  1.711216e-01
 iter:  15:2        |ddm|: 2.837875e-02     Tr[DP]  1.633972e-01
 iter:  16:1        |ddm|: 3.918951e-02     Tr[DP]  1.688483e-01
 iter:  16:2        |ddm|: 2.620135e-02     Tr[DP]  1.613768e-01
 iter:  17:1        |ddm|: 3.668733e-02     Tr[DP]  1.668560e-01
 iter:  17:2        |ddm|: 2.538978e-02     Tr[DP]  1.594307e-01
 iter:  18:1        |ddm|: 3.497997e-02     Tr[DP]  1.648584e-01
 iter:  18:2        |ddm|: 2.384084e-02     Tr[DP]  1.576266e-01
 iter:  19:1        |ddm|: 3.275903e-02     Tr[DP]  1.629331e-01
 iter:  19:2        |ddm|: 2.181013e-02     Tr[DP]  1.560746e-01
 iter:  20:1        |ddm|: 3.006431e-02     Tr[DP]  1.612090e-01
 iter:  20:2        |ddm|: 2.004486e-02     Tr[DP]  1.547348e-01
 iter:  21:1        |ddm|: 2.815866e-02     Tr[DP]  1.597597e-01
 iter:  21:2        |ddm|: 2.007814e-02     Tr[DP]  1.532659e-01
 iter:  22:1        |ddm|: 2.868761e-02     Tr[DP]  1.582997e-01
 iter:  22:2        |ddm|: 2.099311e-02     Tr[DP]  1.515445e-01
 iter:  23:1        |ddm|: 2.814028e-02     Tr[DP]  1.565356e-01
 iter:  23:2        |ddm|: 1.876853e-02     Tr[DP]  1.501203e-01
 iter:  24:1        |ddm|: 2.586834e-02     Tr[DP]  1.550039e-01
 iter:  24:2        |ddm|: 1.765060e-02     Tr[DP]  1.488730e-01
 iter:  25:1        |ddm|: 2.408106e-02     Tr[DP]  1.535852e-01
 iter:  25:2        |ddm|: 1.626770e-02     Tr[DP]  1.477929e-01
 iter:  26:1        |ddm|: 3.086822e-02     Tr[DP]  1.525253e-01
 iter:  26:2        |ddm|: 2.202868e-02     Tr[DP]  1.455444e-01
 iter:  27:1        |ddm|: 2.968463e-02     Tr[DP]  1.505826e-01
 iter:  27:2        |ddm|: 1.699435e-02     Tr[DP]  1.443474e-01
 iter:  28:1        |ddm|: 2.337070e-02     Tr[DP]  1.491225e-01
 iter:  28:2        |ddm|: 1.545522e-02     Tr[DP]  1.433346e-01
 iter:  29:1        |ddm|: 2.208718e-02     Tr[DP]  1.479390e-01
 iter:  29:2        |ddm|: 1.588713e-02     Tr[DP]  1.421048e-01
 iter:  30:1        |ddm|: 2.144423e-02     Tr[DP]  1.466574e-01
 iter:  30:2        |ddm|: 1.476643e-02     Tr[DP]  1.410603e-01
 iter:  31:1        |ddm|: 3.020127e-02     Tr[DP]  1.453221e-01
 iter:  31:2        |ddm|: 1.075442e-02     Tr[DP]  1.414221e-01
 iter:  32:1        |ddm|: 1.250766e-01     Tr[DP]  1.442886e-01
 iter:  32:2        |ddm|: 4.454630e-02     Tr[DP]  1.479912e-01
 iter:  33:1        |ddm|: 1.691767e-01     Tr[DP]  1.481176e-01
 iter:  33:2        |ddm|: 4.563350e-02     Tr[DP]  1.422878e-01
 iter:  34:1        |ddm|: 5.822580e-02     Tr[DP]  1.456195e-01
 iter:  34:2        |ddm|: 1.315453e-02     Tr[DP]  1.409965e-01
 iter:  35:1        |ddm|: 4.502598e-02     Tr[DP]  1.444932e-01
 iter:  35:2        |ddm|: 2.470771e-02     Tr[DP]  1.377457e-01
 iter:  36:1        |ddm|: 3.847994e-02     Tr[DP]  1.423579e-01
 iter:  36:2        |ddm|: 1.847018e-02     Tr[DP]  1.357469e-01
 iter:  37:1        |ddm|: 2.791956e-02     Tr[DP]  1.405545e-01
 iter:  37:2        |ddm|: 1.526860e-02     Tr[DP]  1.344911e-01
 iter:  38:1        |ddm|: 2.168577e-02     Tr[DP]  1.391697e-01
 iter:  38:2        |ddm|: 1.361958e-02     Tr[DP]  1.335755e-01
 iter:  39:1        |ddm|: 1.922785e-02     Tr[DP]  1.380528e-01
 iter:  39:2        |ddm|: 1.297166e-02     Tr[DP]  1.326998e-01
 iter:  40:1        |ddm|: 1.787839e-02     Tr[DP]  1.370027e-01
 iter:  40:2        |ddm|: 1.164549e-02     Tr[DP]  1.320734e-01
 iter:  41:1        |ddm|: 1.646525e-02     Tr[DP]  1.361177e-01
 iter:  41:2        |ddm|: 1.108167e-02     Tr[DP]  1.314299e-01
 iter:  42:1        |ddm|: 1.544508e-02     Tr[DP]  1.352808e-01
 iter:  42:2        |ddm|: 1.035292e-02     Tr[DP]  1.308608e-01
 iter:  43:1        |ddm|: 1.638379e-02     Tr[DP]  1.345160e-01
 iter:  43:2        |ddm|: 1.173835e-02     Tr[DP]  1.297889e-01
 iter:  44:1        |ddm|: 1.568089e-02     Tr[DP]  1.335347e-01
 iter:  44:2        |ddm|: 9.462229e-03     Tr[DP]  1.293813e-01
 iter:  45:1        |ddm|: 1.353408e-02     Tr[DP]  1.328141e-01
 iter:  45:2        |ddm|: 8.934161e-03     Tr[DP]  1.289112e-01
 iter:  46:1        |ddm|: 1.263777e-02     Tr[DP]  1.321567e-01
 iter:  46:2        |ddm|: 8.556229e-03     Tr[DP]  1.284306e-01
 iter:  47:1        |ddm|: 1.193751e-02     Tr[DP]  1.315229e-01
 iter:  47:2        |ddm|: 8.006804e-03     Tr[DP]  1.280021e-01
 iter:  48:1        |ddm|: 1.134427e-02     Tr[DP]  1.309055e-01
 iter:  48:2        |ddm|: 7.956702e-03     Tr[DP]  1.274770e-01
 iter:  49:1        |ddm|: 1.082289e-02     Tr[DP]  1.303112e-01
 iter:  49:2        |ddm|: 7.084967e-03     Tr[DP]  1.271531e-01
 iter:  50:1        |ddm|: 1.011716e-02     Tr[DP]  1.298029e-01
 iter:  50:2        |ddm|: 6.649969e-03     Tr[DP]  1.268229e-01
 iter:  51:1        |ddm|: 1.071416e-02     Tr[DP]  1.293091e-01
 iter:  51:2        |ddm|: 5.432298e-03     Tr[DP]  1.268112e-01
 iter:  52:1        |ddm|: 9.343680e-03     Tr[DP]  1.289982e-01
 iter:  52:2        |ddm|: 5.633343e-03     Tr[DP]  1.265125e-01
 iter:  53:1        |ddm|: 9.509792e-03     Tr[DP]  1.286426e-01
 iter:  53:2        |ddm|: 6.321944e-03     Tr[DP]  1.260647e-01
 iter:  54:1        |ddm|: 1.788351e-02     Tr[DP]  1.282546e-01
 iter:  54:2        |ddm|: 1.075410e-02     Tr[DP]  1.247741e-01
 iter:  55:1        |ddm|: 1.498259e-02     Tr[DP]  1.274873e-01
 iter:  55:2        |ddm|: 9.494324e-03     Tr[DP]  1.238323e-01
 iter:  56:1        |ddm|: 1.423264e-02     Tr[DP]  1.267011e-01
 iter:  56:2        |ddm|: 9.190243e-03     Tr[DP]  1.229553e-01
 iter:  57:1        |ddm|: 1.269983e-02     Tr[DP]  1.259291e-01
 iter:  57:2        |ddm|: 7.953021e-03     Tr[DP]  1.223910e-01
 iter:  58:1        |ddm|: 1.107659e-02     Tr[DP]  1.252769e-01
 iter:  58:2        |ddm|: 7.316915e-03     Tr[DP]  1.219391e-01
 iter:  59:1        |ddm|: 1.034451e-02     Tr[DP]  1.247099e-01
 iter:  59:2        |ddm|: 7.157172e-03     Tr[DP]  1.214780e-01
 iter:  60:1        |ddm|: 1.423514e-02     Tr[DP]  1.241964e-01
 iter:  60:2        |ddm|: 9.610696e-03     Tr[DP]  1.204933e-01
 iter:  61:1        |ddm|: 1.612542e-02     Tr[DP]  1.234266e-01
 iter:  61:2        |ddm|: 6.037140e-03     Tr[DP]  1.206976e-01
 iter:  62:1        |ddm|: 1.022570e-02     Tr[DP]  1.230953e-01
 iter:  62:2        |ddm|: 6.099772e-03     Tr[DP]  1.203193e-01
 iter:  63:1        |ddm|: 8.401973e-03     Tr[DP]  1.226801e-01
 iter:  63:2        |ddm|: 5.569880e-03     Tr[DP]  1.200608e-01
 iter:  64:1        |ddm|: 7.963604e-03     Tr[DP]  1.222876e-01
 iter:  64:2        |ddm|: 5.241389e-03     Tr[DP]  1.198138e-01
 iter:  65:1        |ddm|: 7.508277e-03     Tr[DP]  1.219199e-01
 iter:  65:2        |ddm|: 4.956304e-03     Tr[DP]  1.195795e-01
 iter:  66:1        |ddm|: 7.215985e-03     Tr[DP]  1.215666e-01
 iter:  66:2        |ddm|: 4.355877e-03     Tr[DP]  1.194503e-01
 iter:  67:1        |ddm|: 6.617788e-03     Tr[DP]  1.212706e-01
 iter:  67:2        |ddm|: 4.000996e-03     Tr[DP]  1.193278e-01
 iter:  68:1        |ddm|: 7.245189e-03     Tr[DP]  1.210194e-01
 iter:  68:2        |ddm|: 4.765991e-03     Tr[DP]  1.189650e-01
 iter:  69:1        |ddm|: 6.700136e-03     Tr[DP]  1.206950e-01
 iter:  69:2        |ddm|: 4.792077e-03     Tr[DP]  1.186032e-01
 iter:  70:1        |ddm|: 6.244852e-03     Tr[DP]  1.203416e-01
 iter:  70:2        |ddm|: 4.204395e-03     Tr[DP]  1.183674e-01
 iter:  71:1        |ddm|: 5.875204e-03     Tr[DP]  1.200267e-01
 iter:  71:2        |ddm|: 3.737089e-03     Tr[DP]  1.182161e-01
 iter:  72:1        |ddm|: 6.758062e-03     Tr[DP]  1.197741e-01
 iter:  72:2        |ddm|: 4.564275e-03     Tr[DP]  1.178394e-01
 iter:  73:1        |ddm|: 5.959655e-03     Tr[DP]  1.194522e-01
 iter:  73:2        |ddm|: 4.198235e-03     Tr[DP]  1.175486e-01
 iter:  74:1        |ddm|: 5.671944e-03     Tr[DP]  1.191373e-01
 iter:  74:2        |ddm|: 3.862577e-03     Tr[DP]  1.173199e-01
 iter:  75:1        |ddm|: 5.340769e-03     Tr[DP]  1.188494e-01
 iter:  75:2        |ddm|: 3.469100e-03     Tr[DP]  1.171660e-01
 iter:  76:1        |ddm|: 4.992228e-03     Tr[DP]  1.186029e-01
 iter:  76:2        |ddm|: 3.296412e-03     Tr[DP]  1.170118e-01
 iter:  77:1        |ddm|: 4.832059e-03     Tr[DP]  1.183750e-01
 iter:  77:2        |ddm|: 3.310753e-03     Tr[DP]  1.168180e-01
 iter:  78:1        |ddm|: 4.625275e-03     Tr[DP]  1.181418e-01
 iter:  78:2        |ddm|: 3.194320e-03     Tr[DP]  1.166351e-01
 iter:  79:1        |ddm|: 4.597556e-03     Tr[DP]  1.179165e-01
 iter:  79:2        |ddm|: 3.223131e-03     Tr[DP]  1.164260e-01
 iter:  80:1        |ddm|: 4.351955e-03     Tr[DP]  1.176849e-01
 iter:  80:2        |ddm|: 2.952480e-03     Tr[DP]  1.162700e-01
 iter:  81:1        |ddm|: 5.463786e-03     Tr[DP]  1.174793e-01
 iter:  81:2        |ddm|: 3.735294e-03     Tr[DP]  1.159361e-01
 iter:  82:1        |ddm|: 5.249515e-03     Tr[DP]  1.172071e-01
 iter:  82:2        |ddm|: 2.588220e-03     Tr[DP]  1.159208e-01
 iter:  83:1        |ddm|: 3.943156e-03     Tr[DP]  1.170359e-01
 iter:  83:2        |ddm|: 2.422351e-03     Tr[DP]  1.158341e-01
 iter:  84:1        |ddm|: 3.637151e-03     Tr[DP]  1.168776e-01
 iter:  84:2        |ddm|: 2.336638e-03     Tr[DP]  1.157344e-01
 iter:  85:1        |ddm|: 3.397772e-03     Tr[DP]  1.167222e-01
 iter:  85:2        |ddm|: 2.215415e-03     Tr[DP]  1.156389e-01
 iter:  86:1        |ddm|: 3.510359e-03     Tr[DP]  1.165757e-01
 iter:  86:2        |ddm|: 2.410085e-03     Tr[DP]  1.154760e-01
 iter:  87:1        |ddm|: 3.471142e-03     Tr[DP]  1.164108e-01
 iter:  87:2        |ddm|: 2.465967e-03     Tr[DP]  1.152973e-01
 iter:  88:1        |ddm|: 4.070164e-03     Tr[DP]  1.162374e-01
 iter:  88:2        |ddm|: 2.838720e-03     Tr[DP]  1.150494e-01
 iter:  89:1        |ddm|: 3.593836e-03     Tr[DP]  1.160326e-01
 iter:  89:2        |ddm|: 2.403874e-03     Tr[DP]  1.148980e-01
 iter:  90:1        |ddm|: 3.895501e-03     Tr[DP]  1.158478e-01
 iter:  90:2        |ddm|: 1.885909e-03     Tr[DP]  1.149160e-01
 iter:  91:1        |ddm|: 2.986107e-03     Tr[DP]  1.157365e-01
 iter:  91:2        |ddm|: 1.724566e-03     Tr[DP]  1.148680e-01
 iter:  92:1        |ddm|: 2.704808e-03     Tr[DP]  1.156307e-01
 iter:  92:2        |ddm|: 1.697758e-03     Tr[DP]  1.147964e-01
 iter:  93:1        |ddm|: 2.503310e-03     Tr[DP]  1.155209e-01
 iter:  93:2        |ddm|: 1.656262e-03     Tr[DP]  1.147162e-01
 iter:  94:1        |ddm|: 3.325179e-03     Tr[DP]  1.154143e-01
 iter:  94:2        |ddm|: 2.197120e-03     Tr[DP]  1.145215e-01
 iter:  95:1        |ddm|: 2.736515e-03     Tr[DP]  1.152654e-01
 iter:  95:2        |ddm|: 1.902785e-03     Tr[DP]  1.143896e-01
 iter:  96:1        |ddm|: 3.542379e-03     Tr[DP]  1.151291e-01
 iter:  96:2        |ddm|: 2.400873e-03     Tr[DP]  1.141655e-01
 iter:  97:1        |ddm|: 3.119950e-03     Tr[DP]  1.149537e-01
 iter:  97:2        |ddm|: 1.685300e-03     Tr[DP]  1.141095e-01
 iter:  98:1        |ddm|: 2.546557e-03     Tr[DP]  1.148291e-01
 iter:  98:2        |ddm|: 1.476691e-03     Tr[DP]  1.140769e-01
 iter:  99:1        |ddm|: 3.034472e-03     Tr[DP]  1.147304e-01
 iter:  99:2        |ddm|: 1.316504e-03     Tr[DP]  1.141485e-01
 iter: 100:1        |ddm|: 2.949848e-03     Tr[DP]  1.146839e-01
 iter: 100:2        |ddm|: 1.587720e-03     Tr[DP]  1.140179e-01
 iter: 101:1        |ddm|: 1.890450e-03     Tr[DP]  1.145843e-01
 iter: 101:2        |ddm|: 1.215159e-03     Tr[DP]  1.139770e-01
 iter: 102:1        |ddm|: 1.802749e-03     Tr[DP]  1.145025e-01
 iter: 102:2        |ddm|: 1.205944e-03     Tr[DP]  1.139155e-01
 iter: 103:1        |ddm|: 1.702068e-03     Tr[DP]  1.144211e-01
 iter: 103:2        |ddm|: 1.137932e-03     Tr[DP]  1.138621e-01
 iter: 104:1        |ddm|: 1.682689e-03     Tr[DP]  1.143431e-01
 iter: 104:2        |ddm|: 9.687365e-04     Tr[DP]  1.138496e-01
 iter: 105:1        |ddm|: 1.711476e-03     Tr[DP]  1.142842e-01
 iter: 105:2        |ddm|: 1.109735e-03     Tr[DP]  1.137754e-01
 iter: 106:1        |ddm|: 1.471106e-03     Tr[DP]  1.142109e-01
 iter: 106:2        |ddm|: 1.014434e-03     Tr[DP]  1.137210e-01
 iter: 107:1        |ddm|: 1.408968e-03     Tr[DP]  1.141407e-01
 iter: 107:2        |ddm|: 9.493552e-04     Tr[DP]  1.136747e-01
 iter: 108:1        |ddm|: 1.339110e-03     Tr[DP]  1.140753e-01
 iter: 108:2        |ddm|: 8.769910e-04     Tr[DP]  1.136382e-01
 iter: 109:1        |ddm|: 1.276867e-03     Tr[DP]  1.140162e-01
 iter: 109:2        |ddm|: 8.462412e-04     Tr[DP]  1.135990e-01
 iter: 110:1        |ddm|: 1.233790e-03     Tr[DP]  1.139596e-01
 iter: 110:2        |ddm|: 8.370611e-04     Tr[DP]  1.135542e-01
 iter: 111:1        |ddm|: 1.160592e-03     Tr[DP]  1.139025e-01
 iter: 111:2        |ddm|: 7.487691e-04     Tr[DP]  1.135266e-01
 iter: 112:1        |ddm|: 1.144358e-03     Tr[DP]  1.138527e-01
 iter: 112:2        |ddm|: 7.754892e-04     Tr[DP]  1.134818e-01
 iter: 113:1        |ddm|: 1.319709e-03     Tr[DP]  1.138009e-01
 iter: 113:2        |ddm|: 9.151970e-04     Tr[DP]  1.134075e-01
 iter: 114:1        |ddm|: 1.136574e-03     Tr[DP]  1.137376e-01
 iter: 114:2        |ddm|: 7.376735e-04     Tr[DP]  1.133727e-01
 iter: 115:1        |ddm|: 1.054685e-03     Tr[DP]  1.136845e-01
 iter: 115:2        |ddm|: 6.501749e-04     Tr[DP]  1.133539e-01
 iter: 116:1        |ddm|: 9.829261e-04     Tr[DP]  1.136412e-01
 iter: 116:2        |ddm|: 5.866055e-04     Tr[DP]  1.133413e-01
 iter: 117:1        |ddm|: 1.039733e-03     Tr[DP]  1.136051e-01
 iter: 117:2        |ddm|: 6.836700e-04     Tr[DP]  1.132940e-01
 iter: 118:1        |ddm|: 8.813871e-04     Tr[DP]  1.135596e-01
 iter: 118:2        |ddm|: 5.790389e-04     Tr[DP]  1.132704e-01
 iter: 119:1        |ddm|: 8.457068e-04     Tr[DP]  1.135202e-01
 iter: 119:2        |ddm|: 5.681922e-04     Tr[DP]  1.132418e-01
 iter: 120:1        |ddm|: 8.090587e-04     Tr[DP]  1.134818e-01
 iter: 120:2        |ddm|: 5.483431e-04     Tr[DP]  1.132137e-01
 iter: 121:1        |ddm|: 1.089739e-03     Tr[DP]  1.134451e-01
 iter: 121:2        |ddm|: 7.322138e-04     Tr[DP]  1.131482e-01
 iter: 122:1        |ddm|: 9.278102e-04     Tr[DP]  1.133950e-01
 iter: 122:2        |ddm|: 5.058331e-04     Tr[DP]  1.131378e-01
 iter: 123:1        |ddm|: 8.081898e-04     Tr[DP]  1.133602e-01
 iter: 123:2        |ddm|: 4.356015e-04     Tr[DP]  1.131384e-01
 iter: 124:1        |ddm|: 8.115209e-04     Tr[DP]  1.133357e-01
 iter: 124:2        |ddm|: 5.067937e-04     Tr[DP]  1.131041e-01
 iter: 125:1        |ddm|: 6.610629e-04     Tr[DP]  1.133029e-01
 iter: 125:2        |ddm|: 4.500164e-04     Tr[DP]  1.130820e-01
 iter: 126:1        |ddm|: 6.877637e-04     Tr[DP]  1.132723e-01
 iter: 126:2        |ddm|: 4.794638e-04     Tr[DP]  1.130499e-01
 iter: 127:1        |ddm|: 6.306088e-04     Tr[DP]  1.132392e-01
 iter: 127:2        |ddm|: 4.153521e-04     Tr[DP]  1.130319e-01
 iter: 128:1        |ddm|: 6.627715e-04     Tr[DP]  1.132101e-01
 iter: 128:2        |ddm|: 3.479101e-04     Tr[DP]  1.130344e-01
 iter: 129:1        |ddm|: 6.109708e-04     Tr[DP]  1.131909e-01
 iter: 129:2        |ddm|: 3.764898e-04     Tr[DP]  1.130123e-01
 iter: 130:1        |ddm|: 5.165053e-04     Tr[DP]  1.131668e-01
 iter: 130:2        |ddm|: 3.480770e-04     Tr[DP]  1.129957e-01
 iter: 131:1        |ddm|: 5.043044e-04     Tr[DP]  1.131435e-01
 iter: 131:2        |ddm|: 3.438869e-04     Tr[DP]  1.129770e-01
 iter: 132:1        |ddm|: 5.078185e-04     Tr[DP]  1.131204e-01
 iter: 132:2        |ddm|: 3.537886e-04     Tr[DP]  1.129545e-01
 iter: 133:1        |ddm|: 7.008315e-04     Tr[DP]  1.130951e-01
 iter: 133:2        |ddm|: 2.928345e-04     Tr[DP]  1.129699e-01
 iter: 134:1        |ddm|: 1.285109e-03     Tr[DP]  1.130854e-01
 iter: 134:2        |ddm|: 6.591295e-04     Tr[DP]  1.128976e-01
 iter: 135:1        |ddm|: 8.708693e-04     Tr[DP]  1.130480e-01
 iter: 135:2        |ddm|: 3.106173e-04     Tr[DP]  1.129077e-01
 iter: 136:1        |ddm|: 4.356016e-04     Tr[DP]  1.130310e-01
 iter: 136:2        |ddm|: 2.664354e-04     Tr[DP]  1.128967e-01
 iter: 137:1        |ddm|: 4.444978e-04     Tr[DP]  1.130139e-01
 iter: 137:2        |ddm|: 3.016933e-04     Tr[DP]  1.128758e-01
 iter: 138:1        |ddm|: 5.107568e-04     Tr[DP]  1.129937e-01
 iter: 138:2        |ddm|: 3.565467e-04     Tr[DP]  1.128449e-01
 iter: 139:1        |ddm|: 4.492381e-04     Tr[DP]  1.129689e-01
 iter: 139:2        |ddm|: 2.590784e-04     Tr[DP]  1.128373e-01
 iter: 140:1        |ddm|: 3.989903e-04     Tr[DP]  1.129507e-01
 iter: 140:2        |ddm|: 2.752044e-04     Tr[DP]  1.128198e-01
 iter: 141:1        |ddm|: 3.709882e-04     Tr[DP]  1.129315e-01
 iter: 141:2        |ddm|: 2.434438e-04     Tr[DP]  1.128095e-01
 iter: 142:1        |ddm|: 3.497964e-04     Tr[DP]  1.129149e-01
 iter: 142:2        |ddm|: 2.270038e-04     Tr[DP]  1.128006e-01
 iter: 143:1        |ddm|: 3.307119e-04     Tr[DP]  1.128998e-01
 iter: 143:2        |ddm|: 2.125915e-04     Tr[DP]  1.127926e-01
 iter: 144:1        |ddm|: 3.125491e-04     Tr[DP]  1.128859e-01
 iter: 144:2        |ddm|: 2.021116e-04     Tr[DP]  1.127845e-01
 iter: 145:1        |ddm|: 2.944021e-04     Tr[DP]  1.128726e-01
 iter: 145:2        |ddm|: 1.888055e-04     Tr[DP]  1.127775e-01
 iter: 146:1        |ddm|: 2.775557e-04     Tr[DP]  1.128604e-01
 iter: 146:2        |ddm|: 1.761532e-04     Tr[DP]  1.127713e-01
 iter: 147:1        |ddm|: 2.609959e-04     Tr[DP]  1.128490e-01
 iter: 147:2        |ddm|: 1.661900e-04     Tr[DP]  1.127652e-01
 iter: 148:1        |ddm|: 2.473061e-04     Tr[DP]  1.128383e-01
 iter: 148:2        |ddm|: 1.615001e-04     Tr[DP]  1.127580e-01
 iter: 149:1        |ddm|: 2.318155e-04     Tr[DP]  1.128277e-01
 iter: 149:2        |ddm|: 1.499873e-04     Tr[DP]  1.127523e-01
 iter: 150:1        |ddm|: 2.194565e-04     Tr[DP]  1.128179e-01
 iter: 150:2        |ddm|: 1.414942e-04     Tr[DP]  1.127468e-01
 iter: 151:1        |ddm|: 2.067983e-04     Tr[DP]  1.128087e-01
 iter: 151:2        |ddm|: 1.318852e-04     Tr[DP]  1.127420e-01
 iter: 152:1        |ddm|: 1.972137e-04     Tr[DP]  1.128001e-01
 iter: 152:2        |ddm|: 1.176231e-04     Tr[DP]  1.127398e-01
 iter: 153:1        |ddm|: 1.832781e-04     Tr[DP]  1.127929e-01
 iter: 153:2        |ddm|: 1.095160e-04     Tr[DP]  1.127369e-01
 iter: 154:1        |ddm|: 1.696403e-04     Tr[DP]  1.127862e-01
 iter: 154:2        |ddm|: 1.061076e-04     Tr[DP]  1.127329e-01
 iter: 155:1        |ddm|: 2.110140e-04     Tr[DP]  1.127795e-01
 iter: 155:2        |ddm|: 1.402593e-04     Tr[DP]  1.127211e-01
 iter: 156:1        |ddm|: 1.745994e-04     Tr[DP]  1.127703e-01
 iter: 156:2        |ddm|: 1.224827e-04     Tr[DP]  1.127130e-01
 iter: 157:1        |ddm|: 2.281394e-04     Tr[DP]  1.127616e-01
 iter: 157:2        |ddm|: 1.562933e-04     Tr[DP]  1.126987e-01
 iter: 158:1        |ddm|: 1.901264e-04     Tr[DP]  1.127508e-01
 iter: 158:2        |ddm|: 1.246366e-04     Tr[DP]  1.126910e-01
 iter: 159:1        |ddm|: 2.315014e-04     Tr[DP]  1.127416e-01
 iter: 159:2        |ddm|: 1.588841e-04     Tr[DP]  1.126767e-01
 iter: 160:1        |ddm|: 1.942998e-04     Tr[DP]  1.127305e-01
 iter: 160:2        |ddm|: 1.213122e-04     Tr[DP]  1.126705e-01
 iter: 161:1        |ddm|: 1.706841e-04     Tr[DP]  1.127216e-01
 iter: 161:2        |ddm|: 1.116310e-04     Tr[DP]  1.126656e-01
 iter: 162:1        |ddm|: 1.598712e-04     Tr[DP]  1.127138e-01
 iter: 162:2        |ddm|: 1.027563e-04     Tr[DP]  1.126618e-01
 iter: 163:1        |ddm|: 1.507142e-04     Tr[DP]  1.127070e-01
 iter: 163:2        |ddm|: 9.648920e-05     Tr[DP]  1.126582e-01
 iter: 164:1        |ddm|: 1.419866e-04     Tr[DP]  1.127007e-01
 iter: 164:2        |ddm|: 9.050272e-05     Tr[DP]  1.126549e-01
 iter: 165:1        |ddm|: 1.339356e-04     Tr[DP]  1.126948e-01
 iter: 165:2        |ddm|: 8.617599e-05     Tr[DP]  1.126515e-01
 iter: 166:1        |ddm|: 1.260357e-04     Tr[DP]  1.126892e-01
 iter: 166:2        |ddm|: 8.137936e-05     Tr[DP]  1.126484e-01
 iter: 167:1        |ddm|: 1.229977e-04     Tr[DP]  1.126839e-01
 iter: 167:2        |ddm|: 8.273198e-05     Tr[DP]  1.126439e-01
 iter: 168:1        |ddm|: 1.419200e-04     Tr[DP]  1.126785e-01
 iter: 168:2        |ddm|: 9.814895e-05     Tr[DP]  1.126360e-01
 iter: 169:1        |ddm|: 1.221276e-04     Tr[DP]  1.126718e-01
 iter: 169:2        |ddm|: 8.206020e-05     Tr[DP]  1.126316e-01
 iter: 170:1        |ddm|: 1.265647e-04     Tr[DP]  1.126659e-01
 iter: 170:2        |ddm|: 8.912986e-05     Tr[DP]  1.126252e-01
 iter: 171:1        |ddm|: 1.162185e-04     Tr[DP]  1.126597e-01
 iter: 171:2        |ddm|: 7.791982e-05     Tr[DP]  1.126212e-01
 iter: 172:1        |ddm|: 1.126802e-04     Tr[DP]  1.126541e-01
 iter: 172:2        |ddm|: 6.645453e-05     Tr[DP]  1.126200e-01
 iter: 173:1        |ddm|: 1.028903e-04     Tr[DP]  1.126499e-01
 iter: 173:2        |ddm|: 6.001232e-05     Tr[DP]  1.126190e-01
 iter: 174:1        |ddm|: 9.538096e-05     Tr[DP]  1.126463e-01
 iter: 174:2        |ddm|: 5.911941e-05     Tr[DP]  1.126166e-01
 iter: 175:1        |ddm|: 8.889965e-05     Tr[DP]  1.126426e-01
 iter: 175:2        |ddm|: 5.869831e-05     Tr[DP]  1.126138e-01
 iter: 176:1        |ddm|: 9.109991e-05     Tr[DP]  1.126387e-01
 iter: 176:2        |ddm|: 6.312451e-05     Tr[DP]  1.126095e-01
 iter: 177:1        |ddm|: 8.917231e-05     Tr[DP]  1.126345e-01
 iter: 177:2        |ddm|: 6.312933e-05     Tr[DP]  1.126052e-01
 iter: 178:1        |ddm|: 9.017245e-05     Tr[DP]  1.126301e-01
 iter: 178:2        |ddm|: 6.382105e-05     Tr[DP]  1.126007e-01
 iter: 179:1        |ddm|: 8.356454e-05     Tr[DP]  1.126255e-01
 iter: 179:2        |ddm|: 5.480359e-05     Tr[DP]  1.125982e-01
 iter: 180:1        |ddm|: 7.897572e-05     Tr[DP]  1.126216e-01
 iter: 180:2        |ddm|: 4.804754e-05     Tr[DP]  1.125970e-01
 iter: 181:1        |ddm|: 7.509953e-05     Tr[DP]  1.126185e-01
 iter: 181:2        |ddm|: 4.247353e-05     Tr[DP]  1.125966e-01
 iter: 182:1        |ddm|: 6.818907e-05     Tr[DP]  1.126160e-01
 iter: 182:2        |ddm|: 4.002821e-05     Tr[DP]  1.125956e-01
 iter: 183:1        |ddm|: 6.323631e-05     Tr[DP]  1.126136e-01
 iter: 183:2        |ddm|: 4.023748e-05     Tr[DP]  1.125937e-01
 iter: 184:1        |ddm|: 6.676407e-05     Tr[DP]  1.126111e-01
 iter: 184:2        |ddm|: 4.570177e-05     Tr[DP]  1.125905e-01
 iter: 185:1        |ddm|: 6.812036e-05     Tr[DP]  1.126080e-01
 iter: 185:2        |ddm|: 4.833652e-05     Tr[DP]  1.125867e-01
 iter: 186:1        |ddm|: 6.386906e-05     Tr[DP]  1.126046e-01
 iter: 186:2        |ddm|: 4.456352e-05     Tr[DP]  1.125837e-01
 iter: 187:1        |ddm|: 5.991446e-05     Tr[DP]  1.126014e-01
 iter: 187:2        |ddm|: 4.042369e-05     Tr[DP]  1.125816e-01
 iter: 188:1        |ddm|: 5.714014e-05     Tr[DP]  1.125985e-01
 iter: 188:2        |ddm|: 3.493491e-05     Tr[DP]  1.125807e-01
 iter: 189:1        |ddm|: 5.417649e-05     Tr[DP]  1.125962e-01
 iter: 189:2        |ddm|: 3.081676e-05     Tr[DP]  1.125804e-01
 iter: 190:1        |ddm|: 5.020674e-05     Tr[DP]  1.125944e-01
 iter: 190:2        |ddm|: 2.760699e-05     Tr[DP]  1.125802e-01
 iter: 191:1        |ddm|: 4.697497e-05     Tr[DP]  1.125929e-01
 iter: 191:2        |ddm|: 2.872617e-05     Tr[DP]  1.125788e-01
 iter: 192:1        |ddm|: 4.282761e-05     Tr[DP]  1.125911e-01
 iter: 192:2        |ddm|: 2.901602e-05     Tr[DP]  1.125772e-01
 iter: 193:1        |ddm|: 5.571363e-05     Tr[DP]  1.125892e-01
 iter: 193:2        |ddm|: 3.775376e-05     Tr[DP]  1.125738e-01
 iter: 194:1        |ddm|: 4.730108e-05     Tr[DP]  1.125866e-01
 iter: 194:2        |ddm|: 3.281202e-05     Tr[DP]  1.125715e-01
 iter: 195:1        |ddm|: 4.516831e-05     Tr[DP]  1.125842e-01
 iter: 195:2        |ddm|: 3.132514e-05     Tr[DP]  1.125694e-01
 iter: 196:1        |ddm|: 4.282178e-05     Tr[DP]  1.125820e-01
 iter: 196:2        |ddm|: 2.607381e-05     Tr[DP]  1.125686e-01
 iter: 197:1        |ddm|: 4.493225e-05     Tr[DP]  1.125802e-01
 iter: 197:2        |ddm|: 2.233846e-05     Tr[DP]  1.125691e-01
 iter: 198:1        |ddm|: 3.723855e-05     Tr[DP]  1.125791e-01
 iter: 198:2        |ddm|: 1.978694e-05     Tr[DP]  1.125688e-01
 iter: 199:1        |ddm|: 3.766829e-05     Tr[DP]  1.125780e-01
 iter: 199:2        |ddm|: 2.361109e-05     Tr[DP]  1.125672e-01
 iter: 200:1        |ddm|: 3.134100e-05     Tr[DP]  1.125765e-01
 iter: 200:2        |ddm|: 2.189714e-05     Tr[DP]  1.125660e-01
 iter: 201:1        |ddm|: 3.961727e-05     Tr[DP]  1.125750e-01
 iter: 201:2        |ddm|: 2.730189e-05     Tr[DP]  1.125636e-01
 iter: 202:1        |ddm|: 3.677027e-05     Tr[DP]  1.125731e-01
 iter: 202:2        |ddm|: 2.579118e-05     Tr[DP]  1.125616e-01
 iter: 203:1        |ddm|: 3.374785e-05     Tr[DP]  1.125712e-01
 iter: 203:2        |ddm|: 2.059820e-05     Tr[DP]  1.125608e-01
 iter: 204:1        |ddm|: 3.434888e-05     Tr[DP]  1.125697e-01
 iter: 204:2        |ddm|: 1.739085e-05     Tr[DP]  1.125611e-01
 iter: 205:1        |ddm|: 3.033607e-05     Tr[DP]  1.125688e-01
 iter: 205:2        |ddm|: 1.478086e-05     Tr[DP]  1.125614e-01
 iter: 206:1        |ddm|: 2.619533e-05     Tr[DP]  1.125681e-01
 iter: 206:2        |ddm|: 1.383815e-05     Tr[DP]  1.125610e-01
 iter: 207:1        |ddm|: 3.023474e-05     Tr[DP]  1.125673e-01
 iter: 207:2        |ddm|: 1.894051e-05     Tr[DP]  1.125595e-01
 iter: 208:1        |ddm|: 2.879795e-05     Tr[DP]  1.125662e-01
 iter: 208:2        |ddm|: 2.024012e-05     Tr[DP]  1.125577e-01
 iter: 209:1        |ddm|: 2.734679e-05     Tr[DP]  1.125648e-01
 iter: 209:2        |ddm|: 1.905942e-05     Tr[DP]  1.125562e-01
 iter: 210:1        |ddm|: 2.494679e-05     Tr[DP]  1.125634e-01
 iter: 210:2        |ddm|: 1.652809e-05     Tr[DP]  1.125553e-01
 iter: 211:1        |ddm|: 2.486452e-05     Tr[DP]  1.125621e-01
 iter: 211:2        |ddm|: 1.352359e-05     Tr[DP]  1.125552e-01
 iter: 212:1        |ddm|: 2.397556e-05     Tr[DP]  1.125613e-01
 iter: 212:2        |ddm|: 1.169651e-05     Tr[DP]  1.125555e-01
 iter: 213:1        |ddm|: 2.096169e-05     Tr[DP]  1.125608e-01
 iter: 213:2        |ddm|: 9.921359e-06     Tr[DP]  1.125557e-01
 iter: 214:1        |ddm|: 2.194632e-05     Tr[DP]  1.125603e-01
 iter: 214:2        |ddm|: 1.262103e-05     Tr[DP]  1.125548e-01
 iter: 215:1        |ddm|: 1.769522e-05     Tr[DP]  1.125595e-01
 iter: 215:2        |ddm|: 1.255451e-05     Tr[DP]  1.125539e-01
 iter: 216:1        |ddm|: 2.618426e-05     Tr[DP]  1.125587e-01
 iter: 216:2        |ddm|: 1.738582e-05     Tr[DP]  1.125522e-01
 iter: 217:1        |ddm|: 2.083611e-05     Tr[DP]  1.125575e-01
 iter: 217:2        |ddm|: 1.354547e-05     Tr[DP]  1.125512e-01
 iter: 218:1        |ddm|: 1.865311e-05     Tr[DP]  1.125565e-01
 iter: 218:2        |ddm|: 1.108240e-05     Tr[DP]  1.125508e-01
 iter: 219:1        |ddm|: 1.905093e-05     Tr[DP]  1.125557e-01
 iter: 219:2        |ddm|: 9.449792e-06     Tr[DP]  1.125510e-01
 iter: 220:1        |ddm|: 2.043878e-05     Tr[DP]  1.125552e-01
 iter: 220:2        |ddm|: 8.632438e-06     Tr[DP]  1.125516e-01
 iter: 221:1        |ddm|: 1.619730e-05     Tr[DP]  1.125550e-01
 iter: 221:2        |ddm|: 6.996899e-06     Tr[DP]  1.125515e-01
 iter: 222:1        |ddm|: 1.693393e-05     Tr[DP]  1.125546e-01
 iter: 222:2        |ddm|: 1.028287e-05     Tr[DP]  1.125506e-01
 iter: 223:1        |ddm|: 1.215922e-05     Tr[DP]  1.125540e-01
 iter: 223:2        |ddm|: 8.594567e-06     Tr[DP]  1.125500e-01
 iter: 224:1        |ddm|: 2.455257e-05     Tr[DP]  1.125534e-01
 iter: 224:2        |ddm|: 1.531722e-05     Tr[DP]  1.125483e-01
 iter: 225:1        |ddm|: 1.749663e-05     Tr[DP]  1.125524e-01
 iter: 225:2        |ddm|: 9.458306e-06     Tr[DP]  1.125478e-01
 iter: 226:1        |ddm|: 1.403135e-05     Tr[DP]  1.125517e-01
 iter: 226:2        |ddm|: 7.801004e-06     Tr[DP]  1.125477e-01
 iter: 227:1        |ddm|: 1.435908e-05     Tr[DP]  1.125511e-01
 iter: 227:2        |ddm|: 6.804732e-06     Tr[DP]  1.125479e-01
 iter: 228:1        |ddm|: 1.349585e-05     Tr[DP]  1.125508e-01
 iter: 228:2        |ddm|: 8.144811e-06     Tr[DP]  1.125472e-01
 iter: 229:1        |ddm|: 1.247376e-05     Tr[DP]  1.125503e-01
 iter: 229:2        |ddm|: 8.864217e-06     Tr[DP]  1.125465e-01
 iter: 230:1        |ddm|: 1.128847e-05     Tr[DP]  1.125497e-01
 iter: 230:2        |ddm|: 6.529803e-06     Tr[DP]  1.125463e-01
 iter: 231:1        |ddm|: 9.667445e-06     Tr[DP]  1.125492e-01
 iter: 231:2        |ddm|: 6.271620e-06     Tr[DP]  1.125461e-01
 iter: 232:1        |ddm|: 9.171671e-06     Tr[DP]  1.125488e-01
 iter: 232:2        |ddm|: 6.073899e-06     Tr[DP]  1.125458e-01
 iter: 233:1        |ddm|: 8.643467e-06     Tr[DP]  1.125484e-01
 iter: 233:2        |ddm|: 5.572180e-06     Tr[DP]  1.125456e-01
 iter: 234:1        |ddm|: 8.188275e-06     Tr[DP]  1.125480e-01
 iter: 234:2        |ddm|: 5.120045e-06     Tr[DP]  1.125454e-01
 iter: 235:1        |ddm|: 7.732743e-06     Tr[DP]  1.125477e-01
 iter: 235:2        |ddm|: 4.970027e-06     Tr[DP]  1.125452e-01
 iter: 236:1        |ddm|: 7.669208e-06     Tr[DP]  1.125474e-01
 iter: 236:2        |ddm|: 5.216014e-06     Tr[DP]  1.125449e-01
 iter: 237:1        |ddm|: 7.023282e-06     Tr[DP]  1.125470e-01
 iter: 237:2        |ddm|: 4.677694e-06     Tr[DP]  1.125447e-01
 iter: 238:1        |ddm|: 6.787240e-06     Tr[DP]  1.125467e-01
 iter: 238:2        |ddm|: 4.575815e-06     Tr[DP]  1.125445e-01
 iter: 239:1        |ddm|: 6.437042e-06     Tr[DP]  1.125464e-01
 iter: 239:2        |ddm|: 4.049415e-06     Tr[DP]  1.125444e-01
 iter: 240:1        |ddm|: 6.188036e-06     Tr[DP]  1.125462e-01
 iter: 240:2        |ddm|: 4.045443e-06     Tr[DP]  1.125442e-01
 iter: 241:1        |ddm|: 6.217231e-06     Tr[DP]  1.125459e-01
 iter: 241:2        |ddm|: 4.279224e-06     Tr[DP]  1.125439e-01
 iter: 242:1        |ddm|: 5.658083e-06     Tr[DP]  1.125456e-01
 iter: 242:2        |ddm|: 3.713093e-06     Tr[DP]  1.125437e-01
 iter: 243:1        |ddm|: 5.943384e-06     Tr[DP]  1.125454e-01
 iter: 243:2        |ddm|: 4.117816e-06     Tr[DP]  1.125435e-01
 iter: 244:1        |ddm|: 6.504330e-06     Tr[DP]  1.125451e-01
 iter: 244:2        |ddm|: 4.582676e-06     Tr[DP]  1.125431e-01
 iter: 245:1        |ddm|: 5.775104e-06     Tr[DP]  1.125448e-01
 iter: 245:2        |ddm|: 3.861743e-06     Tr[DP]  1.125429e-01
 iter: 246:1        |ddm|: 5.355912e-06     Tr[DP]  1.125445e-01
 iter: 246:2        |ddm|: 3.568706e-06     Tr[DP]  1.125427e-01
 iter: 247:1        |ddm|: 5.063877e-06     Tr[DP]  1.125442e-01
 iter: 247:2        |ddm|: 3.366371e-06     Tr[DP]  1.125425e-01
 iter: 248:1        |ddm|: 4.819608e-06     Tr[DP]  1.125440e-01
 iter: 248:2        |ddm|: 3.194333e-06     Tr[DP]  1.125424e-01
 iter: 249:1        |ddm|: 4.584026e-06     Tr[DP]  1.125438e-01
 iter: 249:2        |ddm|: 3.027418e-06     Tr[DP]  1.125423e-01
 iter: 250:1        |ddm|: 4.916554e-06     Tr[DP]  1.125436e-01
 iter: 250:2        |ddm|: 2.528404e-06     Tr[DP]  1.125423e-01
 iter: 251:1        |ddm|: 5.123798e-06     Tr[DP]  1.125434e-01
 iter: 251:2        |ddm|: 3.126355e-06     Tr[DP]  1.125421e-01
 iter: 252:1        |ddm|: 3.862192e-06     Tr[DP]  1.125433e-01
 iter: 252:2        |ddm|: 2.563900e-06     Tr[DP]  1.125420e-01
 iter: 253:1        |ddm|: 3.667176e-06     Tr[DP]  1.125431e-01
 iter: 253:2        |ddm|: 2.400512e-06     Tr[DP]  1.125419e-01
 iter: 254:1        |ddm|: 3.473813e-06     Tr[DP]  1.125429e-01
 iter: 254:2        |ddm|: 2.246510e-06     Tr[DP]  1.125418e-01
 iter: 255:1        |ddm|: 3.285602e-06     Tr[DP]  1.125428e-01
 iter: 255:2        |ddm|: 2.056286e-06     Tr[DP]  1.125417e-01
 iter: 256:1        |ddm|: 3.099684e-06     Tr[DP]  1.125426e-01
 iter: 256:2        |ddm|: 1.892444e-06     Tr[DP]  1.125417e-01
 iter: 257:1        |ddm|: 3.085222e-06     Tr[DP]  1.125425e-01
 iter: 257:2        |ddm|: 2.032210e-06     Tr[DP]  1.125416e-01
 iter: 258:1        |ddm|: 2.751056e-06     Tr[DP]  1.125424e-01
 iter: 258:2        |ddm|: 1.813242e-06     Tr[DP]  1.125415e-01
 iter: 259:1        |ddm|: 2.615665e-06     Tr[DP]  1.125423e-01
 iter: 259:2        |ddm|: 1.679658e-06     Tr[DP]  1.125414e-01
 iter: 260:1        |ddm|: 3.122640e-06     Tr[DP]  1.125422e-01
 iter: 260:2        |ddm|: 2.099331e-06     Tr[DP]  1.125413e-01
 iter: 261:1        |ddm|: 6.713162e-06     Tr[DP]  1.125420e-01
 iter: 261:2        |ddm|: 3.995455e-06     Tr[DP]  1.125408e-01
 iter: 262:1        |ddm|: 5.513079e-06     Tr[DP]  1.125418e-01
 iter: 262:2        |ddm|: 1.982031e-06     Tr[DP]  1.125409e-01
 iter: 263:1        |ddm|: 2.737562e-06     Tr[DP]  1.125417e-01
 iter: 263:2        |ddm|: 1.696314e-06     Tr[DP]  1.125408e-01
 iter: 264:1        |ddm|: 2.525312e-06     Tr[DP]  1.125415e-01
 iter: 264:2        |ddm|: 1.618361e-06     Tr[DP]  1.125407e-01
 iter: 265:1        |ddm|: 2.375435e-06     Tr[DP]  1.125414e-01
 iter: 265:2        |ddm|: 1.530868e-06     Tr[DP]  1.125407e-01
 iter: 266:1        |ddm|: 2.238701e-06     Tr[DP]  1.125413e-01
 iter: 266:2        |ddm|: 1.436341e-06     Tr[DP]  1.125406e-01
 iter: 267:1        |ddm|: 2.276893e-06     Tr[DP]  1.125412e-01
 iter: 267:2        |ddm|: 1.567180e-06     Tr[DP]  1.125405e-01
 iter: 268:1        |ddm|: 2.079993e-06     Tr[DP]  1.125411e-01
 iter: 268:2        |ddm|: 1.326112e-06     Tr[DP]  1.125405e-01
 iter: 269:1        |ddm|: 1.956512e-06     Tr[DP]  1.125411e-01
 iter: 269:2        |ddm|: 1.276784e-06     Tr[DP]  1.125404e-01
 iter: 270:1        |ddm|: 1.844474e-06     Tr[DP]  1.125410e-01
 iter: 270:2        |ddm|: 1.197272e-06     Tr[DP]  1.125404e-01
 iter: 271:1        |ddm|: 1.744478e-06     Tr[DP]  1.125409e-01
 iter: 271:2        |ddm|: 1.113293e-06     Tr[DP]  1.125403e-01
 iter: 272:1        |ddm|: 1.843656e-06     Tr[DP]  1.125408e-01
 iter: 272:2        |ddm|: 1.238102e-06     Tr[DP]  1.125402e-01
 iter: 273:1        |ddm|: 1.667863e-06     Tr[DP]  1.125407e-01
 iter: 273:2        |ddm|: 9.945372e-07     Tr[DP]  1.125402e-01
 iter: 274:1        |ddm|: 1.827885e-06     Tr[DP]  1.125407e-01
 iter: 274:2        |ddm|: 1.223589e-06     Tr[DP]  1.125401e-01
 iter: 275:1        |ddm|: 2.180010e-06     Tr[DP]  1.125406e-01
 iter: 275:2        |ddm|: 1.487047e-06     Tr[DP]  1.125400e-01
 iter: 276:1        |ddm|: 1.800593e-06     Tr[DP]  1.125405e-01
 iter: 276:2        |ddm|: 1.102252e-06     Tr[DP]  1.125399e-01
 iter: 277:1        |ddm|: 1.558706e-06     Tr[DP]  1.125404e-01
 iter: 277:2        |ddm|: 1.040742e-06     Tr[DP]  1.125399e-01
 iter: 278:1        |ddm|: 1.482568e-06     Tr[DP]  1.125403e-01
 iter: 278:2        |ddm|: 1.000529e-06     Tr[DP]  1.125398e-01
 iter: 279:1        |ddm|: 1.407739e-06     Tr[DP]  1.125403e-01
 iter: 279:2        |ddm|: 9.279278e-07     Tr[DP]  1.125398e-01
 iter: 280:1        |ddm|: 1.339185e-06     Tr[DP]  1.125402e-01
 iter: 280:2        |ddm|: 8.844674e-07     Tr[DP]  1.125398e-01
 iter: 281:1        |ddm|: 1.348546e-06     Tr[DP]  1.125401e-01
 iter: 281:2        |ddm|: 7.473173e-07     Tr[DP]  1.125398e-01
 iter: 282:1        |ddm|: 1.270567e-06     Tr[DP]  1.125401e-01
 iter: 282:2        |ddm|: 8.029089e-07     Tr[DP]  1.125397e-01
 iter: 283:1        |ddm|: 1.108364e-06     Tr[DP]  1.125400e-01
 iter: 283:2        |ddm|: 7.418295e-07     Tr[DP]  1.125397e-01
 iter: 284:1        |ddm|: 1.060082e-06     Tr[DP]  1.125400e-01
 iter: 284:2        |ddm|: 7.055286e-07     Tr[DP]  1.125396e-01
 iter: 285:1        |ddm|: 1.009184e-06     Tr[DP]  1.125400e-01
 iter: 285:2        |ddm|: 6.680885e-07     Tr[DP]  1.125396e-01
 iter: 286:1        |ddm|: 9.649632e-07     Tr[DP]  1.125399e-01
 iter: 286:2        |ddm|: 6.413964e-07     Tr[DP]  1.125396e-01
 iter: 287:1        |ddm|: 1.303149e-06     Tr[DP]  1.125399e-01
 iter: 287:2        |ddm|: 8.465146e-07     Tr[DP]  1.125395e-01
 iter: 288:1        |ddm|: 1.061920e-06     Tr[DP]  1.125398e-01
 iter: 288:2        |ddm|: 7.193198e-07     Tr[DP]  1.125395e-01
 iter: 289:1        |ddm|: 9.601900e-07     Tr[DP]  1.125398e-01
 iter: 289:2        |ddm|: 6.529577e-07     Tr[DP]  1.125394e-01
 iter: 290:1        |ddm|: 9.149270e-07     Tr[DP]  1.125397e-01
 iter: 290:2        |ddm|: 6.121526e-07     Tr[DP]  1.125394e-01
 iter: 291:1        |ddm|: 8.697977e-07     Tr[DP]  1.125397e-01
 iter: 291:2        |ddm|: 5.780878e-07     Tr[DP]  1.125394e-01
 iter: 292:1        |ddm|: 8.274391e-07     Tr[DP]  1.125396e-01
 iter: 292:2        |ddm|: 5.473645e-07     Tr[DP]  1.125394e-01
 iter: 293:1        |ddm|: 9.272839e-07     Tr[DP]  1.125396e-01
 iter: 293:2        |ddm|: 4.581599e-07     Tr[DP]  1.125394e-01
 iter: 294:1        |ddm|: 9.426648e-07     Tr[DP]  1.125396e-01
 iter: 294:2        |ddm|: 5.618566e-07     Tr[DP]  1.125393e-01
 iter: 295:1        |ddm|: 6.916761e-07     Tr[DP]  1.125395e-01
 iter: 295:2        |ddm|: 4.688434e-07     Tr[DP]  1.125393e-01
 iter: 296:1        |ddm|: 6.671475e-07     Tr[DP]  1.125395e-01
 iter: 296:2        |ddm|: 4.515478e-07     Tr[DP]  1.125393e-01
 iter: 297:1        |ddm|: 6.488336e-07     Tr[DP]  1.125395e-01
 iter: 297:2        |ddm|: 4.440162e-07     Tr[DP]  1.125393e-01
 iter: 298:1        |ddm|: 6.618124e-07     Tr[DP]  1.125394e-01
 iter: 298:2        |ddm|: 4.621920e-07     Tr[DP]  1.125392e-01
 iter: 299:1        |ddm|: 7.021516e-07     Tr[DP]  1.125394e-01
 iter: 299:2        |ddm|: 4.963247e-07     Tr[DP]  1.125392e-01
 iter: 300:1        |ddm|: 6.378208e-07     Tr[DP]  1.125394e-01
 iter: 300:2        |ddm|: 4.074291e-07     Tr[DP]  1.125392e-01
                         Freeze-and-Thaw NOT converged!                         

=================== Subsystem 1 at higher mean-field method ====================
  subiter:   1      |ddm|: 7.805997e-01
  subiter:   2      |ddm|: 1.273731e-01
  subiter:   3      |ddm|: 2.423304e-02
  subiter:   4      |ddm|: 1.636814e-02
  subiter:   5      |ddm|: 2.191444e-03
  subiter:   6      |ddm|: 9.937063e-04
  subiter:   7      |ddm|: 2.911785e-04
  subiter:   8      |ddm|: 7.839278e-05
  subiter:   9      |ddm|: 2.701220e-05
  subiter:  10      |ddm|: 7.390427e-06
  subiter:  11      |ddm|: 2.641164e-06
  subiter:  12      |ddm|: 5.707295e-07
  subiter:  13      |ddm|: 1.209584e-07
  subiter:  14      |ddm|: 1.878466e-08
  subiter:  15      |ddm|: 1.236296e-08
  subiter:  16      |ddm|: 4.747976e-09


******** <class 'pyscf.scf.hf.RHF'> flags ********
method = RHF
initial guess = minao
damping factor = 0
level shift factor = 0
DIIS = <class 'pyscf.scf.diis.CDIIS'>
DIIS start cycle = 1
DIIS space = 8
SCF tol = 1e-09
SCF gradient tol = None
max. SCF cycles = 100
direct_scf = True
direct_scf_tol = 1e-13
chkfile to save SCF result = /panfs/roc/scratch/graha682/D15/201711_ccpVDZ_NEVPT2_m06_15_11c12h24/tmpkaU3dz
max_memory 4000 MB (current use 288 MB)
Set gradient conv threshold to 3.16228e-05
init E= -438.06289513959
  HOMO = -0.280036843273942  LUMO = 0.188557545311238
cycle= 1 E= -438.062895139594  delta_E= -4.09e-12  |g|= 1.98e-09  |ddm|= 1.15e-08
  HOMO = -0.28003684336078  LUMO = 0.188557545263322
Extra cycle  E= -438.062895139604  delta_E= -1e-11  |g|= 8.54e-10  |ddm|= 4.7e-09
converged SCF energy = -438.062895139604


******** <class 'pyscf.dft.rks.RKS'> flags ********
method = RKS
initial guess = atom
damping factor = 0
level shift factor = 0.0
DIIS = <class 'pyscf.scf.diis.CDIIS'>
DIIS start cycle = 1
DIIS space = 8
SCF tol = 1e-08
SCF gradient tol = 1e-08
max. SCF cycles = 1
direct_scf = True
direct_scf_tol = 1e-13
chkfile to save SCF result = /panfs/roc/scratch/graha682/D15/201711_ccpVDZ_NEVPT2_m06_15_11c12h24/tmp_IySf_
max_memory 4000 MB (current use 289 MB)
XC functionals = m06
small_rho_cutoff = 1e-20
radial grids: Treutler-Ahlrichs (JCP 102, 346 (M4)) radial grids
becke partition: Becke, JCP, 88, 2547 (1988)
pruning grids: <function nwchem_prune at 0x15315f0>
grids dens level: 4
symmetrized grids: False
atomic radii adjust function: <function treutler_atomic_radii_adjust at 0x1531488>
init E= -440.736347680601
  HOMO = -0.177836705006903  LUMO = 0.0764660407992278
cycle= 1 E= -440.736347680603  delta_E= -2.73e-12  |g|= 8.43e-08  |ddm|= 5.83e-07
  HOMO = -0.177836687917383  LUMO = 0.0764660399349821
Extra cycle  E= -440.736347680602  delta_E= 1.82e-12  |g|= 4.29e-08  |ddm|= 2.36e-07
SCF not converged.
SCF energy = -440.736347680602 after 1 cycles
 iter: 301:1        |ddm|: 8.940126e-01     Tr[DP]  1.280316e-01

******** <class 'pyscf.mcscf.mc1step.CASSCF'> flags ********
CAS (1e+1e, 2o), ncore = 43, nvir = 214
max_cycle_macro = 50
max_cycle_micro = 4
conv_tol = 1e-07
conv_tol_grad = None
orbital rotation max_stepsize = 0.02
augmented hessian ah_max_cycle = 30
augmented hessian ah_conv_tol = 1e-12
augmented hessian ah_linear dependence = 1e-14
augmented hessian ah_level shift = 0
augmented hessian ah_start_tol = 2.5
augmented hessian ah_start_cycle = 3
augmented hessian ah_grad_trust_region = 3
kf_trust_region = 3
kf_interval = 4
ci_response_space = 4
ci_grad_trust_region = 3
with_dep4 0
natorb = False
canonicalization = True
sorting_mo_energy = False
chkfile = /panfs/roc/scratch/graha682/D15/201711_ccpVDZ_NEVPT2_m06_15_11c12h24/tmpkaU3dz
max_memory 4000 MB (current use 297 MB)
internal_rotation = False
******** <class 'pyscf.fci.direct_spin1.FCISolver'> flags ********
max. cycles = 50
conv_tol = 1e-08
davidson only = False
linear dependence = 1e-10
level shift = 0.001
max iter space = 12
max_memory 4000 MB
nroots = 1
pspace_size = 400
spin = None
CASCI E = -438.062895139632  S^2 = 0.0000000
Set conv_tol_grad to 0.000316228
macro iter 1 (1 JK  1 micro), CASSCF E = -438.062895139632  dE = 0  S^2 = 0.0000000
               |grad[o]|=3.73e-09  |grad[c]|= 9.32614893047e-15  |ddm|=    0
1-step CASSCF converged in 1 macro (1 JK 1 micro) steps
CASSCF canonicalization
CASSCF energy = -438.062895139632
Hartree-Fock Energy:  -438.06289513960371
CAS Correlation:       -0.00000000002819
CAS Energy:          -438.06289513963191
Sr    (-1)',   E = -0.00000009010900
Si    (+1)',   E = -0.00000000389238
Sijrs (0)  ,   E = -1.46777625938929
Sijr  (+1) ,   E = -0.01904638394019
Srsi  (-1) ,   E = -0.05785708697337
Srs   (-2) ,   E = -0.01248955789460
Sij   (+2) ,   E = -0.00036752406862
Sir   (0)' ,   E = -0.00000904857078
Nevpt2 Energy = -1.557545954838226
NEVPT2 =   -1.557545954838226
Total NEVPT2 = -439.620441094470152

============================== Supermolecular DFT ==============================
  subiter:   1      |ddm|: 3.550960e+00
  subiter:   2      |ddm|: 1.037544e+00
  subiter:   3      |ddm|: 6.544712e-01
  subiter:   4      |ddm|: 7.564815e-02
  subiter:   5      |ddm|: 2.798261e-02
  subiter:   6      |ddm|: 5.764912e-03
  subiter:   7      |ddm|: 1.955893e-03
  subiter:   8      |ddm|: 7.189075e-04
  subiter:   9      |ddm|: 1.254589e-04
  subiter:  10      |ddm|: 2.521739e-05
  subiter:  11      |ddm|: 1.047850e-05
  subiter:  12      |ddm|: 1.919549e-06
  subiter:  13      |ddm|: 8.205889e-07
  subiter:  14      |ddm|: 2.793292e-07
  subiter:  15      |ddm|: 1.034758e-07
  subiter:  16      |ddm|: 2.790247e-08
  subiter:  17      |ddm|: 9.703728e-09


******** <class 'pyscf.dft.rks.RKS'> flags ********
method = RKS
initial guess = atom
damping factor = 0
level shift factor = 0.0
DIIS = <class 'pyscf.scf.diis.CDIIS'>
DIIS start cycle = 1
DIIS space = 8
SCF tol = 1e-08
SCF gradient tol = 1e-08
max. SCF cycles = 100
direct_scf = True
direct_scf_tol = 1e-13
chkfile to save SCF result = /panfs/roc/scratch/graha682/D15/201711_ccpVDZ_NEVPT2_m06_15_11c12h24/tmpISE0Jw
max_memory 4000 MB (current use 479 MB)
XC functionals = m06
small_rho_cutoff = 1e-20
radial grids: Treutler-Ahlrichs (JCP 102, 346 (M4)) radial grids
becke partition: Becke, JCP, 88, 2547 (1988)
pruning grids: <function nwchem_prune at 0x15315f0>
grids dens level: 4
symmetrized grids: False
atomic radii adjust function: <function treutler_atomic_radii_adjust at 0x1531488>
init E= -471.318656805953
  HOMO = -0.263570825743633  LUMO = 0.0195895896765823
cycle= 1 E= -471.318656805954  delta_E= -9.09e-13  |g|= 5.59e-09  |ddm|= 9.86e-09
  HOMO = -0.263570825462504  LUMO = 0.019589589995331
Extra cycle  E= -471.318656805954  delta_E= 2.27e-13  |g|= 7.76e-09  |ddm|= 1.15e-08
converged SCF energy = -471.318656805954
Supermolecular DFT   -471.31865680595206

============================== Embedding Energies ==============================
Subsystem DFT              -440.73634768059958
Interaction                 -30.06914439407103
DFT-in-DFT                 -470.80549207467061
Supermolecular DFT         -471.31865680595206
Difference                   -0.51316473128145
Corrected DFT-in-DFT       -471.31865680595206
WF-in-DFT                  -469.68958548854118
Corrected WF-in-DFT        -470.20275021982263
================================================================================
TIMING STATISTICS:
     overlap integrals      0.02s   ( 0.00%)
    initial subsystems      0.14s   ( 0.00%)
           2e matrices   6714.43s   (90.31%)
      tot. embed. of 1   6815.01s   (91.66%)
      tot. embed. of 2      0.27s   ( 0.00%)
       freeze and thaw   6815.32s   (91.67%)
                   cas     21.52s   ( 0.29%)
                nevpt2     48.17s   ( 0.65%)
  interaction energies    548.39s   ( 7.38%)
                 TOTAL   7434.89s
================================================================================

********************************************************************************
*                              END OF CALCULATION                              *
********************************************************************************
