********************************************************************************
*                         FREEZE-AND-THAW CALCULATION                          *
********************************************************************************

================================== Input File ==================================

subsystem
C         -6.83233       -0.37125        0.10501
C         -5.57145        0.46586        0.01843
H         -7.74481        0.24433        0.07273
H         -6.85987       -0.95547        1.04063
H         -6.89008       -1.09261       -0.72793
C         -4.30046       -0.36446        0.05866
H         -5.54869        1.20259        0.84425
H         -5.58039        1.06887       -0.90978
C         -3.02903        0.45956       -0.02603
H         -4.31701       -1.10229       -0.76863
H         -4.28589       -0.96994        0.98723
C         -1.75902       -0.37039        0.01167
H         -3.01189        1.19593        0.80232
H         -3.04466        1.06598       -0.95378
C         -0.48794        0.45452       -0.07185
H         -1.77532       -1.10602       -0.81731
H         -1.74330       -0.97758        0.93885
charge -1
end

subsystem
C          0.78203       -0.37557       -0.03602
H         -0.47081        1.18921        0.75792
H         -0.50413        1.06274       -0.99837
C          2.05287        0.44973       -0.11804
H          0.76560       -1.10952       -0.86645
H          0.79800       -0.98443        0.88994
C          3.32241       -0.38057       -0.08423
H          2.07014        1.18255        0.71336
H          2.03699        1.06007       -1.04333
C          4.59324        0.45363       -0.16418
H          3.30892       -1.10960       -0.91885
H          3.34237       -0.99263        0.83821
C          5.85464       -0.34517       -0.20325
H          4.62905        1.17482        0.67463
H          4.55559        1.06796       -1.08633
C          6.95816       -0.08832        0.49901
H          6.94287        0.60305        1.35072
H          7.91887       -0.55291        0.25731
H          5.90969       -1.09051       -1.01234
charge +1
end

embed
 huzinaga
 cycles 300
 conv 1e-8
 method m06
end

basis aug-cc-pVDZ
method cas[2,2]/nevpt2
grid 4
conv 1e-8
grad 1e-8
maxiter 100
================================== End Input ===================================
tot grids = 725328

                      Getting subsystem overlap integrals                       

                          Initial subsystem densities                           
Guessing initial subsystem densities
Initial guess from superpostion of atomic densties.
Guessing initial subsystem densities
Initial guess from superpostion of atomic densties.

=========================== Starting Freeze-and-Thaw ===========================
 iter:   1:1        |ddm|: 1.117036e+02     Tr[DP]  7.634313e-01
 iter:   1:2        |ddm|: 3.244348e+01     Tr[DP]  2.823672e-01
 iter:   2:1        |ddm|: 2.195372e+02     Tr[DP]  1.147576e-01
 iter:   2:2        |ddm|: 2.979601e+01     Tr[DP]  1.466340e-01
 iter:   3:1        |ddm|: 2.189266e+02     Tr[DP]  1.681673e-01
 iter:   3:2        |ddm|: 1.947291e+01     Tr[DP]  1.726724e-01
 iter:   4:1        |ddm|: 7.152389e+01     Tr[DP]  1.209867e-01
 iter:   4:2        |ddm|: 1.101160e+01     Tr[DP]  1.329363e-01
 iter:   5:1        |ddm|: 2.421930e+01     Tr[DP]  1.259584e-01
 iter:   5:2        |ddm|: 8.014987e+00     Tr[DP]  1.236878e-01
 iter:   6:1        |ddm|: 1.515932e+01     Tr[DP]  1.338519e-01
 iter:   6:2        |ddm|: 4.753993e+00     Tr[DP]  1.188510e-01
 iter:   7:1        |ddm|: 1.153493e+01     Tr[DP]  1.393183e-01
 iter:   7:2        |ddm|: 2.983361e+00     Tr[DP]  1.189266e-01
 iter:   8:1        |ddm|: 7.745399e+00     Tr[DP]  1.424900e-01
 iter:   8:2        |ddm|: 1.785376e+00     Tr[DP]  1.222656e-01
 iter:   9:1        |ddm|: 5.529853e+00     Tr[DP]  1.439837e-01
 iter:   9:2        |ddm|: 1.119022e+00     Tr[DP]  1.258280e-01
 iter:  10:1        |ddm|: 4.066699e+00     Tr[DP]  1.456325e-01
 iter:  10:2        |ddm|: 8.359848e-01     Tr[DP]  1.276818e-01
 iter:  11:1        |ddm|: 3.332127e+00     Tr[DP]  1.464958e-01
 iter:  11:2        |ddm|: 7.158168e-01     Tr[DP]  1.296156e-01
 iter:  12:1        |ddm|: 3.439979e+00     Tr[DP]  1.471474e-01
 iter:  12:2        |ddm|: 4.351722e-01     Tr[DP]  1.331072e-01
 iter:  13:1        |ddm|: 4.655211e+00     Tr[DP]  1.485394e-01
 iter:  13:2        |ddm|: 7.254229e-01     Tr[DP]  1.368076e-01
 iter:  14:1        |ddm|: 2.249366e+00     Tr[DP]  1.501549e-01
 iter:  14:2        |ddm|: 6.279147e-01     Tr[DP]  1.367243e-01
 iter:  15:1        |ddm|: 1.918000e+00     Tr[DP]  1.504494e-01
 iter:  15:2        |ddm|: 3.621543e-01     Tr[DP]  1.379834e-01
 iter:  16:1        |ddm|: 3.037130e+00     Tr[DP]  1.510391e-01
 iter:  16:2        |ddm|: 5.204475e-01     Tr[DP]  1.404416e-01
 iter:  17:1        |ddm|: 1.652157e+00     Tr[DP]  1.521142e-01
 iter:  17:2        |ddm|: 3.491930e-01     Tr[DP]  1.403822e-01
 iter:  18:1        |ddm|: 1.404215e+00     Tr[DP]  1.521760e-01
 iter:  18:2        |ddm|: 3.971775e-01     Tr[DP]  1.405062e-01
 iter:  19:1        |ddm|: 1.279766e+00     Tr[DP]  1.518254e-01
 iter:  19:2        |ddm|: 4.201219e-01     Tr[DP]  1.412981e-01
 iter:  20:1        |ddm|: 1.130387e+00     Tr[DP]  1.516158e-01
 iter:  20:2        |ddm|: 4.203428e-01     Tr[DP]  1.416307e-01
 iter:  21:1        |ddm|: 1.122662e+00     Tr[DP]  1.512863e-01
 iter:  21:2        |ddm|: 3.959187e-01     Tr[DP]  1.423221e-01
 iter:  22:1        |ddm|: 9.802247e-01     Tr[DP]  1.510902e-01
 iter:  22:2        |ddm|: 3.649006e-01     Tr[DP]  1.425445e-01
 iter:  23:1        |ddm|: 8.891213e-01     Tr[DP]  1.507774e-01
 iter:  23:2        |ddm|: 3.787586e-01     Tr[DP]  1.426797e-01
 iter:  24:1        |ddm|: 8.152820e-01     Tr[DP]  1.504058e-01
 iter:  24:2        |ddm|: 3.906678e-01     Tr[DP]  1.428179e-01
 iter:  25:1        |ddm|: 7.971698e-01     Tr[DP]  1.500462e-01
 iter:  25:2        |ddm|: 3.595834e-01     Tr[DP]  1.430477e-01
 iter:  26:1        |ddm|: 6.955796e-01     Tr[DP]  1.496926e-01
 iter:  26:2        |ddm|: 3.849309e-01     Tr[DP]  1.428389e-01
 iter:  27:1        |ddm|: 6.284943e-01     Tr[DP]  1.492523e-01
 iter:  27:2        |ddm|: 3.957757e-01     Tr[DP]  1.428679e-01
 iter:  28:1        |ddm|: 1.254212e+00     Tr[DP]  1.488286e-01
 iter:  28:2        |ddm|: 3.378265e-01     Tr[DP]  1.436454e-01
 iter:  29:1        |ddm|: 6.251270e-01     Tr[DP]  1.488401e-01
 iter:  29:2        |ddm|: 2.498962e-01     Tr[DP]  1.429058e-01
 iter:  30:1        |ddm|: 6.724434e-01     Tr[DP]  1.484055e-01
 iter:  30:2        |ddm|: 2.848713e-01     Tr[DP]  1.428854e-01
 iter:  31:1        |ddm|: 6.177013e-01     Tr[DP]  1.480701e-01
 iter:  31:2        |ddm|: 2.732182e-01     Tr[DP]  1.427368e-01
 iter:  32:1        |ddm|: 5.248634e-01     Tr[DP]  1.476938e-01
 iter:  32:2        |ddm|: 2.934436e-01     Tr[DP]  1.422655e-01
 iter:  33:1        |ddm|: 1.262154e+00     Tr[DP]  1.473248e-01
 iter:  33:2        |ddm|: 3.400266e-01     Tr[DP]  1.431429e-01
 iter:  34:1        |ddm|: 5.400718e-01     Tr[DP]  1.470044e-01
 iter:  34:2        |ddm|: 1.988002e-01     Tr[DP]  1.420551e-01
 iter:  35:1        |ddm|: 7.934048e-01     Tr[DP]  1.466452e-01
 iter:  35:2        |ddm|: 2.449177e-01     Tr[DP]  1.420650e-01
 iter:  36:1        |ddm|: 5.021416e-01     Tr[DP]  1.461964e-01
 iter:  36:2        |ddm|: 2.273272e-01     Tr[DP]  1.410083e-01
 iter:  37:1        |ddm|: 5.136136e-01     Tr[DP]  1.457257e-01
 iter:  37:2        |ddm|: 2.592484e-01     Tr[DP]  1.407020e-01
 iter:  38:1        |ddm|: 4.711689e-01     Tr[DP]  1.452565e-01
 iter:  38:2        |ddm|: 2.598115e-01     Tr[DP]  1.402755e-01
 iter:  39:1        |ddm|: 5.797566e-01     Tr[DP]  1.448419e-01
 iter:  39:2        |ddm|: 2.451697e-01     Tr[DP]  1.402103e-01
 iter:  40:1        |ddm|: 4.623578e-01     Tr[DP]  1.442639e-01
 iter:  40:2        |ddm|: 2.770995e-01     Tr[DP]  1.391001e-01
 iter:  41:1        |ddm|: 4.295685e-01     Tr[DP]  1.437768e-01
 iter:  41:2        |ddm|: 2.936881e-01     Tr[DP]  1.389393e-01
 iter:  42:1        |ddm|: 3.822588e-01     Tr[DP]  1.432778e-01
 iter:  42:2        |ddm|: 2.802539e-01     Tr[DP]  1.385115e-01
 iter:  43:1        |ddm|: 3.668071e-01     Tr[DP]  1.427905e-01
 iter:  43:2        |ddm|: 2.766602e-01     Tr[DP]  1.381354e-01
 iter:  44:1        |ddm|: 3.603431e-01     Tr[DP]  1.423193e-01
 iter:  44:2        |ddm|: 2.642106e-01     Tr[DP]  1.378119e-01
 iter:  45:1        |ddm|: 3.369427e-01     Tr[DP]  1.418414e-01
 iter:  45:2        |ddm|: 2.576747e-01     Tr[DP]  1.373944e-01
 iter:  46:1        |ddm|: 3.243726e-01     Tr[DP]  1.413722e-01
 iter:  46:2        |ddm|: 2.553964e-01     Tr[DP]  1.370093e-01
 iter:  47:1        |ddm|: 3.068377e-01     Tr[DP]  1.409043e-01
 iter:  47:2        |ddm|: 2.555121e-01     Tr[DP]  1.365992e-01
 iter:  48:1        |ddm|: 3.024940e-01     Tr[DP]  1.404485e-01
 iter:  48:2        |ddm|: 2.495701e-01     Tr[DP]  1.362707e-01
 iter:  49:1        |ddm|: 3.357505e-01     Tr[DP]  1.400106e-01
 iter:  49:2        |ddm|: 2.280350e-01     Tr[DP]  1.360502e-01
 iter:  50:1        |ddm|: 2.844625e-01     Tr[DP]  1.395557e-01
 iter:  50:2        |ddm|: 2.153971e-01     Tr[DP]  1.355654e-01
 iter:  51:1        |ddm|: 2.893951e-01     Tr[DP]  1.391076e-01
 iter:  51:2        |ddm|: 2.163416e-01     Tr[DP]  1.351989e-01
 iter:  52:1        |ddm|: 2.770803e-01     Tr[DP]  1.386639e-01
 iter:  52:2        |ddm|: 2.117322e-01     Tr[DP]  1.348006e-01
 iter:  53:1        |ddm|: 2.635512e-01     Tr[DP]  1.382198e-01
 iter:  53:2        |ddm|: 2.112940e-01     Tr[DP]  1.343826e-01
 iter:  54:1        |ddm|: 2.704191e-01     Tr[DP]  1.377699e-01
 iter:  54:2        |ddm|: 2.122140e-01     Tr[DP]  1.340370e-01
 iter:  55:1        |ddm|: 2.464241e-01     Tr[DP]  1.373314e-01
 iter:  55:2        |ddm|: 2.076240e-01     Tr[DP]  1.336174e-01
 iter:  56:1        |ddm|: 2.745109e-01     Tr[DP]  1.369202e-01
 iter:  56:2        |ddm|: 1.949504e-01     Tr[DP]  1.333376e-01
 iter:  57:1        |ddm|: 2.310374e-01     Tr[DP]  1.364672e-01
 iter:  57:2        |ddm|: 1.947518e-01     Tr[DP]  1.328323e-01
 iter:  58:1        |ddm|: 2.377320e-01     Tr[DP]  1.360667e-01
 iter:  58:2        |ddm|: 1.959208e-01     Tr[DP]  1.325099e-01
 iter:  59:1        |ddm|: 2.332171e-01     Tr[DP]  1.355565e-01
 iter:  59:2        |ddm|: 2.008972e-01     Tr[DP]  1.321328e-01
 iter:  60:1        |ddm|: 2.400885e-01     Tr[DP]  1.352379e-01
 iter:  60:2        |ddm|: 1.848804e-01     Tr[DP]  1.318753e-01
 iter:  61:1        |ddm|: 2.075983e-01     Tr[DP]  1.347862e-01
 iter:  61:2        |ddm|: 1.880615e-01     Tr[DP]  1.314331e-01
 iter:  62:1        |ddm|: 2.015919e-01     Tr[DP]  1.343944e-01
 iter:  62:2        |ddm|: 1.921479e-01     Tr[DP]  1.310978e-01
 iter:  63:1        |ddm|: 6.619687e-01     Tr[DP]  1.344883e-01
 iter:  63:2        |ddm|: 2.504050e-01     Tr[DP]  1.313925e-01
 iter:  64:1        |ddm|: 2.418672e-01     Tr[DP]  1.337785e-01
 iter:  64:2        |ddm|: 1.315256e-01     Tr[DP]  1.302851e-01
 iter:  65:1        |ddm|: 2.557802e-01     Tr[DP]  1.332830e-01
 iter:  65:2        |ddm|: 1.343234e-01     Tr[DP]  1.295973e-01
 iter:  66:1        |ddm|: 2.447167e-01     Tr[DP]  1.327348e-01
 iter:  66:2        |ddm|: 1.444391e-01     Tr[DP]  1.288959e-01
 iter:  67:1        |ddm|: 2.974279e-01     Tr[DP]  1.323330e-01
 iter:  67:2        |ddm|: 1.545638e-01     Tr[DP]  1.283712e-01
 iter:  68:1        |ddm|: 2.496257e-01     Tr[DP]  1.316370e-01
 iter:  68:2        |ddm|: 1.623464e-01     Tr[DP]  1.275229e-01
 iter:  69:1        |ddm|: 2.518242e-01     Tr[DP]  1.310627e-01
 iter:  69:2        |ddm|: 1.847309e-01     Tr[DP]  1.269384e-01
 iter:  70:1        |ddm|: 2.442469e-01     Tr[DP]  1.304702e-01
 iter:  70:2        |ddm|: 2.011728e-01     Tr[DP]  1.263811e-01
 iter:  71:1        |ddm|: 2.453119e-01     Tr[DP]  1.299804e-01
 iter:  71:2        |ddm|: 1.952187e-01     Tr[DP]  1.259473e-01
 iter:  72:1        |ddm|: 2.279210e-01     Tr[DP]  1.294394e-01
 iter:  72:2        |ddm|: 1.922064e-01     Tr[DP]  1.254429e-01
 iter:  73:1        |ddm|: 2.225544e-01     Tr[DP]  1.288867e-01
 iter:  73:2        |ddm|: 1.963594e-01     Tr[DP]  1.249528e-01
 iter:  74:1        |ddm|: 2.300264e-01     Tr[DP]  1.284313e-01
 iter:  74:2        |ddm|: 1.847546e-01     Tr[DP]  1.245525e-01
 iter:  75:1        |ddm|: 2.110711e-01     Tr[DP]  1.279087e-01
 iter:  75:2        |ddm|: 1.796267e-01     Tr[DP]  1.240570e-01
 iter:  76:1        |ddm|: 2.169884e-01     Tr[DP]  1.274354e-01
 iter:  76:2        |ddm|: 1.728874e-01     Tr[DP]  1.236019e-01
 iter:  77:1        |ddm|: 2.055155e-01     Tr[DP]  1.269095e-01
 iter:  77:2        |ddm|: 1.718384e-01     Tr[DP]  1.230889e-01
 iter:  78:1        |ddm|: 2.040985e-01     Tr[DP]  1.263837e-01
 iter:  78:2        |ddm|: 1.751926e-01     Tr[DP]  1.225978e-01
 iter:  79:1        |ddm|: 2.084041e-01     Tr[DP]  1.258482e-01
 iter:  79:2        |ddm|: 1.794140e-01     Tr[DP]  1.221526e-01
 iter:  80:1        |ddm|: 1.982396e-01     Tr[DP]  1.253403e-01
 iter:  80:2        |ddm|: 1.813187e-01     Tr[DP]  1.217221e-01
 iter:  81:1        |ddm|: 2.108765e-01     Tr[DP]  1.249580e-01
 iter:  81:2        |ddm|: 1.647703e-01     Tr[DP]  1.213625e-01
 iter:  82:1        |ddm|: 1.837844e-01     Tr[DP]  1.244798e-01
 iter:  82:2        |ddm|: 1.565247e-01     Tr[DP]  1.208779e-01
 iter:  83:1        |ddm|: 1.917827e-01     Tr[DP]  1.240300e-01
 iter:  83:2        |ddm|: 1.508746e-01     Tr[DP]  1.204018e-01
 iter:  84:1        |ddm|: 2.254500e-01     Tr[DP]  1.236569e-01
 iter:  84:2        |ddm|: 1.428611e-01     Tr[DP]  1.198951e-01
 iter:  85:1        |ddm|: 1.870492e-01     Tr[DP]  1.230361e-01
 iter:  85:2        |ddm|: 1.421526e-01     Tr[DP]  1.191939e-01
 iter:  86:1        |ddm|: 2.004020e-01     Tr[DP]  1.224855e-01
 iter:  86:2        |ddm|: 1.513479e-01     Tr[DP]  1.186057e-01
 iter:  87:1        |ddm|: 2.016547e-01     Tr[DP]  1.219374e-01
 iter:  87:2        |ddm|: 1.563589e-01     Tr[DP]  1.180325e-01
 iter:  88:1        |ddm|: 2.018020e-01     Tr[DP]  1.213807e-01
 iter:  88:2        |ddm|: 1.603813e-01     Tr[DP]  1.174671e-01
 iter:  89:1        |ddm|: 1.969646e-01     Tr[DP]  1.207920e-01
 iter:  89:2        |ddm|: 1.671072e-01     Tr[DP]  1.169069e-01
 iter:  90:1        |ddm|: 1.970936e-01     Tr[DP]  1.202301e-01
 iter:  90:2        |ddm|: 1.708990e-01     Tr[DP]  1.164023e-01
 iter:  91:1        |ddm|: 1.963706e-01     Tr[DP]  1.197113e-01
 iter:  91:2        |ddm|: 1.687224e-01     Tr[DP]  1.159310e-01
 iter:  92:1        |ddm|: 1.900139e-01     Tr[DP]  1.191981e-01
 iter:  92:2        |ddm|: 1.648017e-01     Tr[DP]  1.154553e-01
 iter:  93:1        |ddm|: 1.819055e-01     Tr[DP]  1.186392e-01
 iter:  93:2        |ddm|: 1.694308e-01     Tr[DP]  1.149707e-01
 iter:  94:1        |ddm|: 1.823134e-01     Tr[DP]  1.181188e-01
 iter:  94:2        |ddm|: 1.701939e-01     Tr[DP]  1.145474e-01
 iter:  95:1        |ddm|: 1.780109e-01     Tr[DP]  1.176185e-01
 iter:  95:2        |ddm|: 1.670620e-01     Tr[DP]  1.141566e-01
 iter:  96:1        |ddm|: 1.833440e-01     Tr[DP]  1.172133e-01
 iter:  96:2        |ddm|: 1.516985e-01     Tr[DP]  1.137823e-01
 iter:  97:1        |ddm|: 1.638835e-01     Tr[DP]  1.167545e-01
 iter:  97:2        |ddm|: 1.443952e-01     Tr[DP]  1.133337e-01
 iter:  98:1        |ddm|: 1.922312e-01     Tr[DP]  1.163941e-01
 iter:  98:2        |ddm|: 1.317633e-01     Tr[DP]  1.128610e-01
 iter:  99:1        |ddm|: 1.699530e-01     Tr[DP]  1.159210e-01
 iter:  99:2        |ddm|: 1.269235e-01     Tr[DP]  1.122382e-01
 iter: 100:1        |ddm|: 1.925595e-01     Tr[DP]  1.154542e-01
 iter: 100:2        |ddm|: 1.293901e-01     Tr[DP]  1.115534e-01
 iter: 101:1        |ddm|: 1.894761e-01     Tr[DP]  1.146955e-01
 iter: 101:2        |ddm|: 1.456590e-01     Tr[DP]  1.107880e-01
 iter: 102:1        |ddm|: 1.959245e-01     Tr[DP]  1.140850e-01
 iter: 102:2        |ddm|: 1.601945e-01     Tr[DP]  1.102318e-01
 iter: 103:1        |ddm|: 1.914152e-01     Tr[DP]  1.135039e-01
 iter: 103:2        |ddm|: 1.676583e-01     Tr[DP]  1.097291e-01
 iter: 104:1        |ddm|: 1.852764e-01     Tr[DP]  1.129601e-01
 iter: 104:2        |ddm|: 1.664723e-01     Tr[DP]  1.092659e-01
 iter: 105:1        |ddm|: 1.776868e-01     Tr[DP]  1.124314e-01
 iter: 105:2        |ddm|: 1.634926e-01     Tr[DP]  1.088177e-01
 iter: 106:1        |ddm|: 1.756134e-01     Tr[DP]  1.119527e-01
 iter: 106:2        |ddm|: 1.533930e-01     Tr[DP]  1.083789e-01
 iter: 107:1        |ddm|: 1.666414e-01     Tr[DP]  1.114728e-01
 iter: 107:2        |ddm|: 1.445974e-01     Tr[DP]  1.079044e-01
 iter: 108:1        |ddm|: 1.641044e-01     Tr[DP]  1.109771e-01
 iter: 108:2        |ddm|: 1.395519e-01     Tr[DP]  1.074045e-01
 iter: 109:1        |ddm|: 1.612031e-01     Tr[DP]  1.104339e-01
 iter: 109:2        |ddm|: 1.436711e-01     Tr[DP]  1.068941e-01
 iter: 110:1        |ddm|: 1.657853e-01     Tr[DP]  1.099088e-01
 iter: 110:2        |ddm|: 1.466001e-01     Tr[DP]  1.064264e-01
 iter: 111:1        |ddm|: 2.094269e-01     Tr[DP]  1.091622e-01
 iter: 111:2        |ddm|: 2.087771e-01     Tr[DP]  1.060439e-01
 iter: 112:1        |ddm|: 2.006359e-01     Tr[DP]  1.088043e-01
 iter: 112:2        |ddm|: 1.867360e-01     Tr[DP]  1.059517e-01
 iter: 113:1        |ddm|: 5.101197e-01     Tr[DP]  1.092552e-01
 iter: 113:2        |ddm|: 2.287174e-01     Tr[DP]  1.056223e-01
 iter: 114:1        |ddm|: 3.263397e-01     Tr[DP]  1.081578e-01
 iter: 114:2        |ddm|: 1.297903e-01     Tr[DP]  1.044879e-01
 iter: 115:1        |ddm|: 1.823029e-01     Tr[DP]  1.075615e-01
 iter: 115:2        |ddm|: 1.344966e-01     Tr[DP]  1.039201e-01
 iter: 116:1        |ddm|: 1.809769e-01     Tr[DP]  1.070502e-01
 iter: 116:2        |ddm|: 1.360545e-01     Tr[DP]  1.033848e-01
 iter: 117:1        |ddm|: 1.763300e-01     Tr[DP]  1.065615e-01
 iter: 117:2        |ddm|: 1.313067e-01     Tr[DP]  1.028037e-01
 iter: 118:1        |ddm|: 1.634014e-01     Tr[DP]  1.059611e-01
 iter: 118:2        |ddm|: 1.366986e-01     Tr[DP]  1.021663e-01
 iter: 119:1        |ddm|: 1.709436e-01     Tr[DP]  1.053358e-01
 iter: 119:2        |ddm|: 1.481311e-01     Tr[DP]  1.015771e-01
 iter: 120:1        |ddm|: 1.783032e-01     Tr[DP]  1.047842e-01
 iter: 120:2        |ddm|: 1.477768e-01     Tr[DP]  1.010503e-01
 iter: 121:1        |ddm|: 1.701692e-01     Tr[DP]  1.042045e-01
 iter: 121:2        |ddm|: 1.525029e-01     Tr[DP]  1.005288e-01
 iter: 122:1        |ddm|: 1.865873e-01     Tr[DP]  1.037483e-01
 iter: 122:2        |ddm|: 1.369976e-01     Tr[DP]  1.000240e-01
 iter: 123:1        |ddm|: 1.636269e-01     Tr[DP]  1.030866e-01
 iter: 123:2        |ddm|: 1.564377e-01     Tr[DP]  9.945359e-02
 iter: 124:1        |ddm|: 1.757108e-01     Tr[DP]  1.025642e-01
 iter: 124:2        |ddm|: 1.528897e-01     Tr[DP]  9.901648e-02
 iter: 125:1        |ddm|: 1.639797e-01     Tr[DP]  1.020465e-01
 iter: 125:2        |ddm|: 1.510874e-01     Tr[DP]  9.858476e-02
 iter: 126:1        |ddm|: 1.584079e-01     Tr[DP]  1.015404e-01
 iter: 126:2        |ddm|: 1.494458e-01     Tr[DP]  9.817648e-02
 iter: 127:1        |ddm|: 1.616951e-01     Tr[DP]  1.011055e-01
 iter: 127:2        |ddm|: 1.354176e-01     Tr[DP]  9.778153e-02
 iter: 128:1        |ddm|: 1.471564e-01     Tr[DP]  1.006492e-01
 iter: 128:2        |ddm|: 1.285237e-01     Tr[DP]  9.733958e-02
 iter: 129:1        |ddm|: 1.543888e-01     Tr[DP]  1.002288e-01
 iter: 129:2        |ddm|: 1.181629e-01     Tr[DP]  9.686591e-02
 iter: 130:1        |ddm|: 1.572802e-01     Tr[DP]  9.958099e-02
 iter: 130:2        |ddm|: 1.543769e-01     Tr[DP]  9.637872e-02
 iter: 131:1        |ddm|: 1.741702e-01     Tr[DP]  9.918298e-02
 iter: 131:2        |ddm|: 1.355189e-01     Tr[DP]  9.607032e-02
 iter: 132:1        |ddm|: 1.459581e-01     Tr[DP]  9.878425e-02
 iter: 132:2        |ddm|: 1.232916e-01     Tr[DP]  9.569708e-02
 iter: 133:1        |ddm|: 1.307973e-01     Tr[DP]  9.832872e-02
 iter: 133:2        |ddm|: 1.236661e-01     Tr[DP]  9.529693e-02
 iter: 134:1        |ddm|: 1.457631e-01     Tr[DP]  9.795932e-02
 iter: 134:2        |ddm|: 1.107999e-01     Tr[DP]  9.489917e-02
 iter: 135:1        |ddm|: 1.246274e-01     Tr[DP]  9.752676e-02
 iter: 135:2        |ddm|: 1.086028e-01     Tr[DP]  9.443211e-02
 iter: 136:1        |ddm|: 1.282977e-01     Tr[DP]  9.713057e-02
 iter: 136:2        |ddm|: 1.036638e-01     Tr[DP]  9.392609e-02
 iter: 137:1        |ddm|: 2.234115e-01     Tr[DP]  9.688683e-02
 iter: 137:2        |ddm|: 1.378202e-01     Tr[DP]  9.330107e-02
 iter: 138:1        |ddm|: 2.792471e-01     Tr[DP]  9.588162e-02
 iter: 138:2        |ddm|: 1.833949e-01     Tr[DP]  9.252980e-02
 iter: 139:1        |ddm|: 2.215566e-01     Tr[DP]  9.549562e-02
 iter: 139:2        |ddm|: 1.370032e-01     Tr[DP]  9.223640e-02
 iter: 140:1        |ddm|: 1.487442e-01     Tr[DP]  9.502536e-02
 iter: 140:2        |ddm|: 1.355739e-01     Tr[DP]  9.183132e-02
 iter: 141:1        |ddm|: 1.427270e-01     Tr[DP]  9.451849e-02
 iter: 141:2        |ddm|: 1.440481e-01     Tr[DP]  9.145965e-02
 iter: 142:1        |ddm|: 1.538704e-01     Tr[DP]  9.414274e-02
 iter: 142:2        |ddm|: 1.224753e-01     Tr[DP]  9.113723e-02
 iter: 143:1        |ddm|: 1.518260e-01     Tr[DP]  9.382289e-02
 iter: 143:2        |ddm|: 1.033077e-01     Tr[DP]  9.071883e-02
 iter: 144:1        |ddm|: 1.185583e-01     Tr[DP]  9.332186e-02
 iter: 144:2        |ddm|: 1.097207e-01     Tr[DP]  9.019415e-02
 iter: 145:1        |ddm|: 1.344354e-01     Tr[DP]  9.285271e-02
 iter: 145:2        |ddm|: 1.124903e-01     Tr[DP]  8.972999e-02
 iter: 146:1        |ddm|: 1.357326e-01     Tr[DP]  9.234989e-02
 iter: 146:2        |ddm|: 1.257495e-01     Tr[DP]  8.929884e-02
 iter: 147:1        |ddm|: 1.440820e-01     Tr[DP]  9.193487e-02
 iter: 147:2        |ddm|: 1.168775e-01     Tr[DP]  8.892727e-02
 iter: 148:1        |ddm|: 1.303633e-01     Tr[DP]  9.149258e-02
 iter: 148:2        |ddm|: 1.181626e-01     Tr[DP]  8.854363e-02
 iter: 149:1        |ddm|: 1.364647e-01     Tr[DP]  9.099653e-02
 iter: 149:2        |ddm|: 1.437218e-01     Tr[DP]  8.821042e-02
 iter: 150:1        |ddm|: 1.454385e-01     Tr[DP]  9.064519e-02
 iter: 150:2        |ddm|: 1.244352e-01     Tr[DP]  8.797902e-02
 iter: 151:1        |ddm|: 1.505493e-01     Tr[DP]  9.040711e-02
 iter: 151:2        |ddm|: 9.260121e-02     Tr[DP]  8.767493e-02
 iter: 152:1        |ddm|: 1.083453e-01     Tr[DP]  9.006835e-02
 iter: 152:2        |ddm|: 9.016117e-02     Tr[DP]  8.719872e-02
 iter: 153:1        |ddm|: 1.089494e-01     Tr[DP]  8.959917e-02
 iter: 153:2        |ddm|: 9.684804e-02     Tr[DP]  8.668644e-02
 iter: 154:1        |ddm|: 1.242251e-01     Tr[DP]  8.914372e-02
 iter: 154:2        |ddm|: 1.044665e-01     Tr[DP]  8.624437e-02
 iter: 155:1        |ddm|: 1.282416e-01     Tr[DP]  8.870223e-02
 iter: 155:2        |ddm|: 1.111668e-01     Tr[DP]  8.584863e-02
 iter: 156:1        |ddm|: 1.284421e-01     Tr[DP]  8.826736e-02
 iter: 156:2        |ddm|: 1.178187e-01     Tr[DP]  8.549834e-02
 iter: 157:1        |ddm|: 1.270950e-01     Tr[DP]  8.785648e-02
 iter: 157:2        |ddm|: 1.220204e-01     Tr[DP]  8.519723e-02
 iter: 158:1        |ddm|: 1.271992e-01     Tr[DP]  8.751869e-02
 iter: 158:2        |ddm|: 1.064805e-01     Tr[DP]  8.492535e-02
 iter: 159:1        |ddm|: 1.116571e-01     Tr[DP]  8.716492e-02
 iter: 159:2        |ddm|: 1.019197e-01     Tr[DP]  8.462831e-02
 iter: 160:1        |ddm|: 1.096267e-01     Tr[DP]  8.680865e-02
 iter: 160:2        |ddm|: 1.008731e-01     Tr[DP]  8.433974e-02
 iter: 161:1        |ddm|: 1.776479e-01     Tr[DP]  8.667447e-02
 iter: 161:2        |ddm|: 1.000648e-01     Tr[DP]  8.398515e-02
 iter: 162:1        |ddm|: 1.077863e-01     Tr[DP]  8.618323e-02
 iter: 162:2        |ddm|: 9.298784e-02     Tr[DP]  8.340867e-02
 iter: 163:1        |ddm|: 1.342227e-01     Tr[DP]  8.585446e-02
 iter: 163:2        |ddm|: 9.325202e-02     Tr[DP]  8.292175e-02
 iter: 164:1        |ddm|: 2.196304e-01     Tr[DP]  8.511234e-02
 iter: 164:2        |ddm|: 1.934265e-01     Tr[DP]  8.244688e-02
 iter: 165:1        |ddm|: 2.141518e-01     Tr[DP]  8.487498e-02
 iter: 165:2        |ddm|: 1.137809e-01     Tr[DP]  8.233418e-02
 iter: 166:1        |ddm|: 1.075460e-01     Tr[DP]  8.452037e-02
 iter: 166:2        |ddm|: 1.116564e-01     Tr[DP]  8.205904e-02
 iter: 167:1        |ddm|: 1.075820e-01     Tr[DP]  8.416209e-02
 iter: 167:2        |ddm|: 1.121069e-01     Tr[DP]  8.182071e-02
 iter: 168:1        |ddm|: 1.090797e-01     Tr[DP]  8.389050e-02
 iter: 168:2        |ddm|: 8.865211e-02     Tr[DP]  8.160392e-02
 iter: 169:1        |ddm|: 1.065774e-01     Tr[DP]  8.363351e-02
 iter: 169:2        |ddm|: 7.674633e-02     Tr[DP]  8.133833e-02
 iter: 170:1        |ddm|: 9.272646e-02     Tr[DP]  8.332438e-02
 iter: 170:2        |ddm|: 7.563449e-02     Tr[DP]  8.101127e-02
 iter: 171:1        |ddm|: 9.801635e-02     Tr[DP]  8.303072e-02
 iter: 171:2        |ddm|: 7.389430e-02     Tr[DP]  8.066552e-02
 iter: 172:1        |ddm|: 9.872471e-02     Tr[DP]  8.274510e-02
 iter: 172:2        |ddm|: 7.670486e-02     Tr[DP]  8.026482e-02
 iter: 173:1        |ddm|: 1.028701e-01     Tr[DP]  8.231297e-02
 iter: 173:2        |ddm|: 9.347505e-02     Tr[DP]  7.983249e-02
 iter: 174:1        |ddm|: 1.158411e-01     Tr[DP]  8.193475e-02
 iter: 174:2        |ddm|: 9.939821e-02     Tr[DP]  7.952051e-02
 iter: 175:1        |ddm|: 1.149046e-01     Tr[DP]  8.160071e-02
 iter: 175:2        |ddm|: 9.619561e-02     Tr[DP]  7.924983e-02
 iter: 176:1        |ddm|: 1.022261e-01     Tr[DP]  8.126769e-02
 iter: 176:2        |ddm|: 9.687678e-02     Tr[DP]  7.898132e-02
 iter: 177:1        |ddm|: 1.048031e-01     Tr[DP]  8.095964e-02
 iter: 177:2        |ddm|: 9.219166e-02     Tr[DP]  7.874432e-02
 iter: 178:1        |ddm|: 9.549724e-02     Tr[DP]  8.066806e-02
 iter: 178:2        |ddm|: 8.547126e-02     Tr[DP]  7.850188e-02
 iter: 179:1        |ddm|: 9.755305e-02     Tr[DP]  8.039565e-02
 iter: 179:2        |ddm|: 7.809957e-02     Tr[DP]  7.826397e-02
 iter: 180:1        |ddm|: 9.105941e-02     Tr[DP]  8.012918e-02
 iter: 180:2        |ddm|: 7.083619e-02     Tr[DP]  7.799650e-02
 iter: 181:1        |ddm|: 8.584745e-02     Tr[DP]  7.982904e-02
 iter: 181:2        |ddm|: 7.626459e-02     Tr[DP]  7.770976e-02
 iter: 182:1        |ddm|: 9.152367e-02     Tr[DP]  7.955176e-02
 iter: 182:2        |ddm|: 7.252625e-02     Tr[DP]  7.744401e-02
 iter: 183:1        |ddm|: 1.361707e-01     Tr[DP]  7.941558e-02
 iter: 183:2        |ddm|: 9.690429e-02     Tr[DP]  7.711407e-02
 iter: 184:1        |ddm|: 1.410354e-01     Tr[DP]  7.892246e-02
 iter: 184:2        |ddm|: 1.098163e-01     Tr[DP]  7.662652e-02
 iter: 185:1        |ddm|: 1.254387e-01     Tr[DP]  7.859806e-02
 iter: 185:2        |ddm|: 9.300846e-02     Tr[DP]  7.639664e-02
 iter: 186:1        |ddm|: 1.044976e-01     Tr[DP]  7.828212e-02
 iter: 186:2        |ddm|: 1.005325e-01     Tr[DP]  7.616932e-02
 iter: 187:1        |ddm|: 1.016367e-01     Tr[DP]  7.801322e-02
 iter: 187:2        |ddm|: 8.574151e-02     Tr[DP]  7.597479e-02
 iter: 188:1        |ddm|: 9.008923e-02     Tr[DP]  7.775714e-02
 iter: 188:2        |ddm|: 7.670986e-02     Tr[DP]  7.576144e-02
 iter: 189:1        |ddm|: 8.684184e-02     Tr[DP]  7.752091e-02
 iter: 189:2        |ddm|: 6.590887e-02     Tr[DP]  7.552842e-02
 iter: 190:1        |ddm|: 7.928788e-02     Tr[DP]  7.726317e-02
 iter: 190:2        |ddm|: 6.616675e-02     Tr[DP]  7.526060e-02
 iter: 191:1        |ddm|: 8.196477e-02     Tr[DP]  7.699833e-02
 iter: 191:2        |ddm|: 6.673829e-02     Tr[DP]  7.499034e-02
 iter: 192:1        |ddm|: 8.420371e-02     Tr[DP]  7.671299e-02
 iter: 192:2        |ddm|: 7.403811e-02     Tr[DP]  7.472736e-02
 iter: 193:1        |ddm|: 8.877826e-02     Tr[DP]  7.643822e-02
 iter: 193:2        |ddm|: 7.689751e-02     Tr[DP]  7.449892e-02
 iter: 194:1        |ddm|: 8.758488e-02     Tr[DP]  7.618144e-02
 iter: 194:2        |ddm|: 7.495479e-02     Tr[DP]  7.429106e-02
 iter: 195:1        |ddm|: 8.394755e-02     Tr[DP]  7.592912e-02
 iter: 195:2        |ddm|: 7.518786e-02     Tr[DP]  7.409274e-02
 iter: 196:1        |ddm|: 8.260100e-02     Tr[DP]  7.569259e-02
 iter: 196:2        |ddm|: 7.136708e-02     Tr[DP]  7.390907e-02
 iter: 197:1        |ddm|: 7.899086e-02     Tr[DP]  7.546971e-02
 iter: 197:2        |ddm|: 6.611019e-02     Tr[DP]  7.372726e-02
 iter: 198:1        |ddm|: 7.793519e-02     Tr[DP]  7.527758e-02
 iter: 198:2        |ddm|: 5.445632e-02     Tr[DP]  7.353065e-02
 iter: 199:1        |ddm|: 6.718570e-02     Tr[DP]  7.504213e-02
 iter: 199:2        |ddm|: 6.004525e-02     Tr[DP]  7.329548e-02
 iter: 200:1        |ddm|: 7.804219e-02     Tr[DP]  7.484527e-02
 iter: 200:2        |ddm|: 5.288895e-02     Tr[DP]  7.307294e-02
 iter: 201:1        |ddm|: 7.796803e-02     Tr[DP]  7.467063e-02
 iter: 201:2        |ddm|: 6.569492e-02     Tr[DP]  7.278310e-02
 iter: 202:1        |ddm|: 9.188105e-02     Tr[DP]  7.433673e-02
 iter: 202:2        |ddm|: 8.107359e-02     Tr[DP]  7.243859e-02
 iter: 203:1        |ddm|: 1.034270e-01     Tr[DP]  7.402666e-02
 iter: 203:2        |ddm|: 1.016107e-01     Tr[DP]  7.225192e-02
 iter: 204:1        |ddm|: 9.861855e-02     Tr[DP]  7.380302e-02
 iter: 204:2        |ddm|: 8.550472e-02     Tr[DP]  7.213921e-02
 iter: 205:1        |ddm|: 7.993257e-02     Tr[DP]  7.360600e-02
 iter: 205:2        |ddm|: 7.090582e-02     Tr[DP]  7.201300e-02
 iter: 206:1        |ddm|: 7.242606e-02     Tr[DP]  7.342994e-02
 iter: 206:2        |ddm|: 5.562629e-02     Tr[DP]  7.186686e-02
 iter: 207:1        |ddm|: 7.331552e-02     Tr[DP]  7.328644e-02
 iter: 207:2        |ddm|: 4.900159e-02     Tr[DP]  7.167384e-02
 iter: 208:1        |ddm|: 5.961832e-02     Tr[DP]  7.311370e-02
 iter: 208:2        |ddm|: 5.693841e-02     Tr[DP]  7.139513e-02
 iter: 209:1        |ddm|: 6.293831e-02     Tr[DP]  7.288333e-02
 iter: 209:2        |ddm|: 5.792568e-02     Tr[DP]  7.108026e-02
 iter: 210:1        |ddm|: 8.889637e-02     Tr[DP]  7.257576e-02
 iter: 210:2        |ddm|: 8.265336e-02     Tr[DP]  7.080447e-02
 iter: 211:1        |ddm|: 1.053634e-01     Tr[DP]  7.227342e-02
 iter: 211:2        |ddm|: 1.161695e-01     Tr[DP]  7.066340e-02
 iter: 212:1        |ddm|: 1.028860e-01     Tr[DP]  7.208706e-02
 iter: 212:2        |ddm|: 8.505129e-02     Tr[DP]  7.061819e-02
 iter: 213:1        |ddm|: 7.524563e-02     Tr[DP]  7.193818e-02
 iter: 213:2        |ddm|: 5.958989e-02     Tr[DP]  7.052909e-02
 iter: 214:1        |ddm|: 6.696287e-02     Tr[DP]  7.180921e-02
 iter: 214:2        |ddm|: 4.330076e-02     Tr[DP]  7.038976e-02
 iter: 215:1        |ddm|: 5.183380e-02     Tr[DP]  7.162621e-02
 iter: 215:2        |ddm|: 4.772406e-02     Tr[DP]  7.019697e-02
 iter: 216:1        |ddm|: 6.109485e-02     Tr[DP]  7.144636e-02
 iter: 216:2        |ddm|: 4.764156e-02     Tr[DP]  7.003173e-02
 iter: 217:1        |ddm|: 6.184462e-02     Tr[DP]  7.125915e-02
 iter: 217:2        |ddm|: 5.424501e-02     Tr[DP]  6.987724e-02
 iter: 218:1        |ddm|: 6.382260e-02     Tr[DP]  7.107357e-02
 iter: 218:2        |ddm|: 5.907864e-02     Tr[DP]  6.974867e-02
 iter: 219:1        |ddm|: 6.389197e-02     Tr[DP]  7.091795e-02
 iter: 219:2        |ddm|: 5.066572e-02     Tr[DP]  6.964247e-02
 iter: 220:1        |ddm|: 5.649759e-02     Tr[DP]  7.076219e-02
 iter: 220:2        |ddm|: 5.080453e-02     Tr[DP]  6.952615e-02
 iter: 221:1        |ddm|: 6.300046e-02     Tr[DP]  7.056006e-02
 iter: 221:2        |ddm|: 7.574129e-02     Tr[DP]  6.941832e-02
 iter: 222:1        |ddm|: 7.989702e-02     Tr[DP]  7.047213e-02
 iter: 222:2        |ddm|: 4.471359e-02     Tr[DP]  6.940323e-02
 iter: 223:1        |ddm|: 4.094162e-02     Tr[DP]  7.035070e-02
 iter: 223:2        |ddm|: 3.918196e-02     Tr[DP]  6.930118e-02
 iter: 224:1        |ddm|: 4.836262e-02     Tr[DP]  7.024653e-02
 iter: 224:2        |ddm|: 3.095782e-02     Tr[DP]  6.920124e-02
 iter: 225:1        |ddm|: 4.366209e-02     Tr[DP]  7.013734e-02
 iter: 225:2        |ddm|: 3.072389e-02     Tr[DP]  6.907037e-02
 iter: 226:1        |ddm|: 4.170990e-02     Tr[DP]  7.001597e-02
 iter: 226:2        |ddm|: 3.269621e-02     Tr[DP]  6.891569e-02
 iter: 227:1        |ddm|: 4.467110e-02     Tr[DP]  6.986902e-02
 iter: 227:2        |ddm|: 3.769350e-02     Tr[DP]  6.875513e-02
 iter: 228:1        |ddm|: 4.973597e-02     Tr[DP]  6.972243e-02
 iter: 228:2        |ddm|: 4.086313e-02     Tr[DP]  6.862284e-02
 iter: 229:1        |ddm|: 4.887819e-02     Tr[DP]  6.961036e-02
 iter: 229:2        |ddm|: 3.670286e-02     Tr[DP]  6.849782e-02
 iter: 230:1        |ddm|: 4.603659e-02     Tr[DP]  6.944755e-02
 iter: 230:2        |ddm|: 4.843376e-02     Tr[DP]  6.835867e-02
 iter: 231:1        |ddm|: 5.203315e-02     Tr[DP]  6.932080e-02
 iter: 231:2        |ddm|: 3.601475e-02     Tr[DP]  6.826893e-02
 iter: 232:1        |ddm|: 4.413204e-02     Tr[DP]  6.920761e-02
 iter: 232:2        |ddm|: 3.136965e-02     Tr[DP]  6.815221e-02
 iter: 233:1        |ddm|: 4.631285e-02     Tr[DP]  6.911017e-02
 iter: 233:2        |ddm|: 3.806811e-02     Tr[DP]  6.800536e-02
 iter: 234:1        |ddm|: 3.867112e-02     Tr[DP]  6.897767e-02
 iter: 234:2        |ddm|: 4.296386e-02     Tr[DP]  6.780442e-02
 iter: 235:1        |ddm|: 5.221597e-02     Tr[DP]  6.880633e-02
 iter: 235:2        |ddm|: 4.528715e-02     Tr[DP]  6.760902e-02
 iter: 236:1        |ddm|: 5.743496e-02     Tr[DP]  6.864017e-02
 iter: 236:2        |ddm|: 4.788723e-02     Tr[DP]  6.746190e-02
 iter: 237:1        |ddm|: 6.252839e-02     Tr[DP]  6.846353e-02
 iter: 237:2        |ddm|: 6.782177e-02     Tr[DP]  6.734557e-02
 iter: 238:1        |ddm|: 6.201637e-02     Tr[DP]  6.832340e-02
 iter: 238:2        |ddm|: 5.776487e-02     Tr[DP]  6.728151e-02
 iter: 239:1        |ddm|: 5.078825e-02     Tr[DP]  6.820252e-02
 iter: 239:2        |ddm|: 4.720433e-02     Tr[DP]  6.721392e-02
 iter: 240:1        |ddm|: 5.800183e-02     Tr[DP]  6.813236e-02
 iter: 240:2        |ddm|: 4.521736e-02     Tr[DP]  6.711394e-02
 iter: 241:1        |ddm|: 4.573158e-02     Tr[DP]  6.799475e-02
 iter: 241:2        |ddm|: 4.011758e-02     Tr[DP]  6.693738e-02
 iter: 242:1        |ddm|: 4.853482e-02     Tr[DP]  6.786324e-02
 iter: 242:2        |ddm|: 3.393874e-02     Tr[DP]  6.681486e-02
 iter: 243:1        |ddm|: 4.351900e-02     Tr[DP]  6.774186e-02
 iter: 243:2        |ddm|: 3.370285e-02     Tr[DP]  6.668034e-02
 iter: 244:1        |ddm|: 4.663375e-02     Tr[DP]  6.759984e-02
 iter: 244:2        |ddm|: 4.224514e-02     Tr[DP]  6.654134e-02
 iter: 245:1        |ddm|: 4.881469e-02     Tr[DP]  6.747506e-02
 iter: 245:2        |ddm|: 3.488757e-02     Tr[DP]  6.642770e-02
 iter: 246:1        |ddm|: 4.500378e-02     Tr[DP]  6.734101e-02
 iter: 246:2        |ddm|: 4.099798e-02     Tr[DP]  6.630172e-02
 iter: 247:1        |ddm|: 4.664945e-02     Tr[DP]  6.721632e-02
 iter: 247:2        |ddm|: 3.632334e-02     Tr[DP]  6.619353e-02
 iter: 248:1        |ddm|: 4.395766e-02     Tr[DP]  6.709165e-02
 iter: 248:2        |ddm|: 3.752978e-02     Tr[DP]  6.608079e-02
 iter: 249:1        |ddm|: 4.459909e-02     Tr[DP]  6.696830e-02
 iter: 249:2        |ddm|: 3.763022e-02     Tr[DP]  6.597542e-02
 iter: 250:1        |ddm|: 4.496998e-02     Tr[DP]  6.686804e-02
 iter: 250:2        |ddm|: 2.930304e-02     Tr[DP]  6.586535e-02
 iter: 251:1        |ddm|: 5.380090e-02     Tr[DP]  6.671607e-02
 iter: 251:2        |ddm|: 5.772133e-02     Tr[DP]  6.573840e-02
 iter: 252:1        |ddm|: 5.520621e-02     Tr[DP]  6.660379e-02
 iter: 252:2        |ddm|: 3.665345e-02     Tr[DP]  6.568006e-02
 iter: 253:1        |ddm|: 3.955015e-02     Tr[DP]  6.650472e-02
 iter: 253:2        |ddm|: 3.094029e-02     Tr[DP]  6.559237e-02
 iter: 254:1        |ddm|: 3.856520e-02     Tr[DP]  6.639384e-02
 iter: 254:2        |ddm|: 3.510511e-02     Tr[DP]  6.549893e-02
 iter: 255:1        |ddm|: 4.045779e-02     Tr[DP]  6.629169e-02
 iter: 255:2        |ddm|: 3.098371e-02     Tr[DP]  6.541748e-02
 iter: 256:1        |ddm|: 3.762287e-02     Tr[DP]  6.619032e-02
 iter: 256:2        |ddm|: 3.136068e-02     Tr[DP]  6.533191e-02
 iter: 257:1        |ddm|: 3.743537e-02     Tr[DP]  6.609385e-02
 iter: 257:2        |ddm|: 2.867027e-02     Tr[DP]  6.524886e-02
 iter: 258:1        |ddm|: 3.713771e-02     Tr[DP]  6.601426e-02
 iter: 258:2        |ddm|: 2.428861e-02     Tr[DP]  6.515403e-02
 iter: 259:1        |ddm|: 3.449748e-02     Tr[DP]  6.590559e-02
 iter: 259:2        |ddm|: 3.115675e-02     Tr[DP]  6.503568e-02
 iter: 260:1        |ddm|: 4.061129e-02     Tr[DP]  6.579329e-02
 iter: 260:2        |ddm|: 3.500736e-02     Tr[DP]  6.494769e-02
 iter: 261:1        |ddm|: 3.962861e-02     Tr[DP]  6.569584e-02
 iter: 261:2        |ddm|: 3.053346e-02     Tr[DP]  6.487264e-02
 iter: 262:1        |ddm|: 3.569848e-02     Tr[DP]  6.560193e-02
 iter: 262:2        |ddm|: 2.902962e-02     Tr[DP]  6.479262e-02
 iter: 263:1        |ddm|: 3.718236e-02     Tr[DP]  6.549754e-02
 iter: 263:2        |ddm|: 3.698207e-02     Tr[DP]  6.471814e-02
 iter: 264:1        |ddm|: 3.852897e-02     Tr[DP]  6.540825e-02
 iter: 264:2        |ddm|: 3.098527e-02     Tr[DP]  6.466414e-02
 iter: 265:1        |ddm|: 3.356255e-02     Tr[DP]  6.533064e-02
 iter: 265:2        |ddm|: 2.478733e-02     Tr[DP]  6.460246e-02
 iter: 266:1        |ddm|: 3.092096e-02     Tr[DP]  6.524449e-02
 iter: 266:2        |ddm|: 2.845692e-02     Tr[DP]  6.453396e-02
 iter: 267:1        |ddm|: 3.374317e-02     Tr[DP]  6.517615e-02
 iter: 267:2        |ddm|: 1.986206e-02     Tr[DP]  6.447124e-02
 iter: 268:1        |ddm|: 2.994689e-02     Tr[DP]  6.511903e-02
 iter: 268:2        |ddm|: 2.511791e-02     Tr[DP]  6.437696e-02
 iter: 269:1        |ddm|: 2.656499e-02     Tr[DP]  6.503392e-02
 iter: 269:2        |ddm|: 2.534810e-02     Tr[DP]  6.425318e-02
 iter: 270:1        |ddm|: 3.984104e-02     Tr[DP]  6.492059e-02
 iter: 270:2        |ddm|: 3.752731e-02     Tr[DP]  6.415271e-02
 iter: 271:1        |ddm|: 4.137821e-02     Tr[DP]  6.481697e-02
 iter: 271:2        |ddm|: 3.945096e-02     Tr[DP]  6.409760e-02
 iter: 272:1        |ddm|: 3.742520e-02     Tr[DP]  6.474257e-02
 iter: 272:2        |ddm|: 2.464703e-02     Tr[DP]  6.405015e-02
 iter: 273:1        |ddm|: 2.951367e-02     Tr[DP]  6.466088e-02
 iter: 273:2        |ddm|: 2.928728e-02     Tr[DP]  6.398487e-02
 iter: 274:1        |ddm|: 3.144843e-02     Tr[DP]  6.458656e-02
 iter: 274:2        |ddm|: 2.335963e-02     Tr[DP]  6.393092e-02
 iter: 275:1        |ddm|: 2.819775e-02     Tr[DP]  6.452223e-02
 iter: 275:2        |ddm|: 1.862264e-02     Tr[DP]  6.386483e-02
 iter: 276:1        |ddm|: 2.614088e-02     Tr[DP]  6.444653e-02
 iter: 276:2        |ddm|: 2.253030e-02     Tr[DP]  6.378519e-02
 iter: 277:1        |ddm|: 2.917884e-02     Tr[DP]  6.437165e-02
 iter: 277:2        |ddm|: 2.213893e-02     Tr[DP]  6.371640e-02
 iter: 278:1        |ddm|: 2.833193e-02     Tr[DP]  6.429659e-02
 iter: 278:2        |ddm|: 2.292463e-02     Tr[DP]  6.364852e-02
 iter: 279:1        |ddm|: 2.954229e-02     Tr[DP]  6.421569e-02
 iter: 279:2        |ddm|: 2.776172e-02     Tr[DP]  6.358772e-02
 iter: 280:1        |ddm|: 3.004736e-02     Tr[DP]  6.414375e-02
 iter: 280:2        |ddm|: 2.436966e-02     Tr[DP]  6.353991e-02
 iter: 281:1        |ddm|: 2.777733e-02     Tr[DP]  6.407248e-02
 iter: 281:2        |ddm|: 2.660543e-02     Tr[DP]  6.349285e-02
 iter: 282:1        |ddm|: 2.696350e-02     Tr[DP]  6.401170e-02
 iter: 282:2        |ddm|: 1.881509e-02     Tr[DP]  6.345062e-02
 iter: 283:1        |ddm|: 2.356727e-02     Tr[DP]  6.395878e-02
 iter: 283:2        |ddm|: 1.580071e-02     Tr[DP]  6.339405e-02
 iter: 284:1        |ddm|: 2.159858e-02     Tr[DP]  6.390347e-02
 iter: 284:2        |ddm|: 1.664192e-02     Tr[DP]  6.332351e-02
 iter: 285:1        |ddm|: 2.242123e-02     Tr[DP]  6.383757e-02
 iter: 285:2        |ddm|: 1.875691e-02     Tr[DP]  6.324627e-02
 iter: 286:1        |ddm|: 2.515870e-02     Tr[DP]  6.376847e-02
 iter: 286:2        |ddm|: 1.983906e-02     Tr[DP]  6.317604e-02
 iter: 287:1        |ddm|: 2.604892e-02     Tr[DP]  6.369844e-02
 iter: 287:2        |ddm|: 2.129734e-02     Tr[DP]  6.311136e-02
 iter: 288:1        |ddm|: 2.987883e-02     Tr[DP]  6.362054e-02
 iter: 288:2        |ddm|: 3.157407e-02     Tr[DP]  6.305837e-02
 iter: 289:1        |ddm|: 3.011529e-02     Tr[DP]  6.355228e-02
 iter: 289:2        |ddm|: 2.893798e-02     Tr[DP]  6.302863e-02
 iter: 290:1        |ddm|: 2.604842e-02     Tr[DP]  6.349765e-02
 iter: 290:2        |ddm|: 2.013354e-02     Tr[DP]  6.299869e-02
 iter: 291:1        |ddm|: 3.055921e-02     Tr[DP]  6.346723e-02
 iter: 291:2        |ddm|: 2.566351e-02     Tr[DP]  6.294484e-02
 iter: 292:1        |ddm|: 2.534732e-02     Tr[DP]  6.340306e-02
 iter: 292:2        |ddm|: 2.188461e-02     Tr[DP]  6.285370e-02
 iter: 293:1        |ddm|: 2.755644e-02     Tr[DP]  6.333223e-02
 iter: 293:2        |ddm|: 2.259584e-02     Tr[DP]  6.280054e-02
 iter: 294:1        |ddm|: 2.502796e-02     Tr[DP]  6.327482e-02
 iter: 294:2        |ddm|: 1.699536e-02     Tr[DP]  6.275284e-02
 iter: 295:1        |ddm|: 2.176660e-02     Tr[DP]  6.321683e-02
 iter: 295:2        |ddm|: 1.811572e-02     Tr[DP]  6.269723e-02
 iter: 296:1        |ddm|: 2.213738e-02     Tr[DP]  6.316078e-02
 iter: 296:2        |ddm|: 1.614767e-02     Tr[DP]  6.264273e-02
 iter: 297:1        |ddm|: 2.230185e-02     Tr[DP]  6.310010e-02
 iter: 297:2        |ddm|: 1.968431e-02     Tr[DP]  6.258606e-02
 iter: 298:1        |ddm|: 2.369501e-02     Tr[DP]  6.303967e-02
 iter: 298:2        |ddm|: 2.005696e-02     Tr[DP]  6.253915e-02
 iter: 299:1        |ddm|: 2.279251e-02     Tr[DP]  6.298345e-02
 iter: 299:2        |ddm|: 1.852709e-02     Tr[DP]  6.249571e-02
 iter: 300:1        |ddm|: 2.241593e-02     Tr[DP]  6.292612e-02
 iter: 300:2        |ddm|: 2.130156e-02     Tr[DP]  6.245454e-02
                         Freeze-and-Thaw NOT converged!                         

=================== Subsystem 1 at higher mean-field method ====================
  subiter:   1      |ddm|: 8.721244e+00
  subiter:   2      |ddm|: 7.988368e-01
  subiter:   3      |ddm|: 5.955512e-02
  subiter:   4      |ddm|: 5.592045e-02
  subiter:   5      |ddm|: 9.119391e-03
  subiter:   6      |ddm|: 3.597789e-03
  subiter:   7      |ddm|: 6.062741e-04
  subiter:   8      |ddm|: 2.662487e-04
  subiter:   9      |ddm|: 8.441931e-05
  subiter:  10      |ddm|: 1.402002e-05
  subiter:  11      |ddm|: 3.953908e-06
  subiter:  12      |ddm|: 1.598520e-06
  subiter:  13      |ddm|: 3.419515e-07
  subiter:  14      |ddm|: 5.813537e-08
  subiter:  15      |ddm|: 3.295099e-08
  subiter:  16      |ddm|: 1.835227e-08
  subiter:  17      |ddm|: 1.106448e-08
  subiter:  18      |ddm|: 1.465691e-08
  subiter:  19      |ddm|: 3.176391e-08
  subiter:  20      |ddm|: 7.340710e-09


******** <class 'pyscf.scf.hf.RHF'> flags ********
method = RHF
initial guess = minao
damping factor = 0
level shift factor = 0
DIIS = <class 'pyscf.scf.diis.CDIIS'>
DIIS start cycle = 1
DIIS space = 8
SCF tol = 1e-09
SCF gradient tol = None
max. SCF cycles = 100
direct_scf = True
direct_scf_tol = 1e-13
chkfile to save SCF result = /panfs/roc/scratch/graha682/D15/201711_augccpVDZ_NEVPT2_m06_15_6c12h24/tmpgOeXuZ
max_memory 4000 MB (current use 3687 MB)
Set gradient conv threshold to 3.16228e-05
init E= -243.053314506323
  HOMO = -0.45872208727553  LUMO = 0.0361457928400733
cycle= 1 E= -243.053314506319  delta_E= 4.38e-12  |g|= 1e-09  |ddm|= 1.81e-08
  HOMO = -0.458722087301657  LUMO = 0.0361457928426658
Extra cycle  E= -243.053314506319  delta_E= -5.12e-13  |g|= 7.88e-10  |ddm|= 9.99e-08
converged SCF energy = -243.053314506319


******** <class 'pyscf.dft.rks.RKS'> flags ********
method = RKS
initial guess = atom
damping factor = 0
level shift factor = 0.0
DIIS = <class 'pyscf.scf.diis.CDIIS'>
DIIS start cycle = 1
DIIS space = 8
SCF tol = 1e-08
SCF gradient tol = 1e-08
max. SCF cycles = 1
direct_scf = True
direct_scf_tol = 1e-13
chkfile to save SCF result = /panfs/roc/scratch/graha682/D15/201711_augccpVDZ_NEVPT2_m06_15_6c12h24/tmpV1RNaZ
max_memory 4000 MB (current use 3683 MB)
XC functionals = m06
small_rho_cutoff = 1e-20
radial grids: Treutler-Ahlrichs (JCP 102, 346 (M4)) radial grids
becke partition: Becke, JCP, 88, 2547 (1988)
pruning grids: <function nwchem_prune at 0x152b5f0>
grids dens level: 4
symmetrized grids: False
atomic radii adjust function: <function treutler_atomic_radii_adjust at 0x152b488>
init E= -244.506361778636
  HOMO = -0.331528888266544  LUMO = -0.0410490643956646
cycle= 1 E= -244.506363029253  delta_E= -1.25e-06  |g|= 0.000188  |ddm|= 0.0224
  HOMO = -0.331534750761686  LUMO = -0.0410508086794984
Extra cycle  E= -244.506363037017  delta_E= -7.76e-09  |g|= 0.000119  |ddm|= 0.00326
SCF not converged.
SCF energy = -244.506363037017 after 1 cycles
 iter: 301:1        |ddm|: 9.469622e+00     Tr[DP]  8.191890e-02

******** <class 'pyscf.mcscf.mc1step.CASSCF'> flags ********
CAS (1e+1e, 2o), ncore = 23, nvir = 212
max_cycle_macro = 50
max_cycle_micro = 4
conv_tol = 1e-07
conv_tol_grad = None
orbital rotation max_stepsize = 0.02
augmented hessian ah_max_cycle = 30
augmented hessian ah_conv_tol = 1e-12
augmented hessian ah_linear dependence = 1e-14
augmented hessian ah_level shift = 0
augmented hessian ah_start_tol = 2.5
augmented hessian ah_start_cycle = 3
augmented hessian ah_grad_trust_region = 3
kf_trust_region = 3
kf_interval = 4
ci_response_space = 4
ci_grad_trust_region = 3
with_dep4 0
natorb = False
canonicalization = True
sorting_mo_energy = False
chkfile = /panfs/roc/scratch/graha682/D15/201711_augccpVDZ_NEVPT2_m06_15_6c12h24/tmpgOeXuZ
max_memory 4000 MB (current use 3686 MB)
internal_rotation = False
******** <class 'pyscf.fci.direct_spin1.FCISolver'> flags ********
max. cycles = 50
conv_tol = 1e-08
davidson only = False
linear dependence = 1e-10
level shift = 0.001
max iter space = 12
max_memory 4000 MB
nroots = 1
pspace_size = 400
spin = None
CASCI E = -243.053314696147  S^2 = 0.0000000
Set conv_tol_grad to 0.000316228
macro iter 1 (1 JK  1 micro), CASSCF E = -243.053314696147  dE = 2.8421709e-14  S^2 = 0.0000000
               |grad[o]|=2.49e-06  |grad[c]|= 1.78317187154e-14  |ddm|=    0
1-step CASSCF converged in 1 macro (1 JK 1 micro) steps
CASSCF canonicalization
CASSCF energy = -243.053314696147
Hartree-Fock Energy:  -243.05331450631931
CAS Correlation:       -0.00000018982780
CAS Energy:          -243.05331469614711
Sr    (-1)',   E = -0.00000451678519
Si    (+1)',   E = -0.00000005609860
Sijrs (0)  ,   E = -0.75806081459758
Sijr  (+1) ,   E = -0.00263436214899
Srsi  (-1) ,   E = -0.08750914281766
Srs   (-2) ,   E = -0.00490185590351
Sij   (+2) ,   E = -0.00000905799146
Sir   (0)' ,   E = -0.00021236376043
Nevpt2 Energy = -0.853332170103409
NEVPT2 =   -0.853332170103409
Total NEVPT2 = -243.906646866250526

============================== Supermolecular DFT ==============================
  subiter:   1      |ddm|: 4.610744e+01
  subiter:   2      |ddm|: 4.510971e+00
  subiter:   3      |ddm|: 1.023214e+00
  subiter:   4      |ddm|: 3.435415e-01
  subiter:   5      |ddm|: 1.066656e-01
  subiter:   6      |ddm|: 3.752642e-02
  subiter:   7      |ddm|: 1.018123e-02
  subiter:   8      |ddm|: 6.792951e-03
  subiter:   9      |ddm|: 2.118065e-03
  subiter:  10      |ddm|: 8.176201e-04
  subiter:  11      |ddm|: 5.132036e-04
  subiter:  12      |ddm|: 6.933301e-05
  subiter:  13      |ddm|: 5.379200e-05
  subiter:  14      |ddm|: 3.033795e-06
  subiter:  15      |ddm|: 6.111926e-06
  subiter:  16      |ddm|: 8.135096e-07
  subiter:  17      |ddm|: 2.296606e-07
  subiter:  18      |ddm|: 8.687572e-07
  subiter:  19      |ddm|: 1.975693e-07
  subiter:  20      |ddm|: 1.222780e-07
  subiter:  21      |ddm|: 1.681017e-07
  subiter:  22      |ddm|: 9.492113e-08
  subiter:  23      |ddm|: 8.021727e-08
  subiter:  24      |ddm|: 1.270361e-07
  subiter:  25      |ddm|: 9.182451e-08
  subiter:  26      |ddm|: 1.153082e-07
  subiter:  27      |ddm|: 1.077857e-07
  subiter:  28      |ddm|: 8.698909e-08
  subiter:  29      |ddm|: 9.334432e-08
  subiter:  30      |ddm|: 8.089728e-08
  subiter:  31      |ddm|: 1.271769e-07
  subiter:  32      |ddm|: 1.259404e-07
  subiter:  33      |ddm|: 8.978675e-08
  subiter:  34      |ddm|: 7.900727e-08
  subiter:  35      |ddm|: 8.976374e-08
  subiter:  36      |ddm|: 6.208386e-08
  subiter:  37      |ddm|: 7.536352e-08
  subiter:  38      |ddm|: 1.242468e-07
  subiter:  39      |ddm|: 7.850976e-08
  subiter:  40      |ddm|: 1.205250e-07
  subiter:  41      |ddm|: 8.053293e-08
  subiter:  42      |ddm|: 8.604911e-08
  subiter:  43      |ddm|: 1.091709e-07
  subiter:  44      |ddm|: 8.029524e-08
  subiter:  45      |ddm|: 9.932456e-08
  subiter:  46      |ddm|: 9.743524e-08
  subiter:  47      |ddm|: 7.671911e-08
  subiter:  48      |ddm|: 8.760456e-08
  subiter:  49      |ddm|: 2.147918e-07
  subiter:  50      |ddm|: 8.683781e-08
  subiter:  51      |ddm|: 8.687201e-08
  subiter:  52      |ddm|: 8.699470e-08
  subiter:  53      |ddm|: 1.680638e-07
  subiter:  54      |ddm|: 1.319760e-07
  subiter:  55      |ddm|: 1.936272e-07
  subiter:  56      |ddm|: 1.680353e-07
  subiter:  57      |ddm|: 6.643202e-08
  subiter:  58      |ddm|: 1.069229e-07
  subiter:  59      |ddm|: 9.189542e-08
  subiter:  60      |ddm|: 7.977545e-08
  subiter:  61      |ddm|: 6.357849e-08
  subiter:  62      |ddm|: 1.161193e-07
  subiter:  63      |ddm|: 8.154965e-08
  subiter:  64      |ddm|: 1.592605e-07
  subiter:  65      |ddm|: 8.139598e-08
  subiter:  66      |ddm|: 9.161663e-08
  subiter:  67      |ddm|: 9.777725e-08
  subiter:  68      |ddm|: 1.164369e-07
  subiter:  69      |ddm|: 1.293272e-07
  subiter:  70      |ddm|: 7.199734e-08
  subiter:  71      |ddm|: 9.432418e-08
  subiter:  72      |ddm|: 1.160896e-07
  subiter:  73      |ddm|: 6.666482e-08
  subiter:  74      |ddm|: 7.019212e-08
  subiter:  75      |ddm|: 5.750569e-08
  subiter:  76      |ddm|: 1.472219e-07
  subiter:  77      |ddm|: 6.410691e-08
  subiter:  78      |ddm|: 7.327448e-08
  subiter:  79      |ddm|: 8.659421e-08
  subiter:  80      |ddm|: 8.046813e-08
  subiter:  81      |ddm|: 1.243919e-07
  subiter:  82      |ddm|: 1.115298e-07
  subiter:  83      |ddm|: 8.108947e-08
  subiter:  84      |ddm|: 2.008736e-07
  subiter:  85      |ddm|: 1.182670e-07
  subiter:  86      |ddm|: 1.158058e-07
  subiter:  87      |ddm|: 1.282090e-07
  subiter:  88      |ddm|: 1.180949e-07
  subiter:  89      |ddm|: 8.579833e-08
  subiter:  90      |ddm|: 1.415682e-07
  subiter:  91      |ddm|: 8.038885e-08
  subiter:  92      |ddm|: 1.382879e-07
  subiter:  93      |ddm|: 7.869980e-08
  subiter:  94      |ddm|: 1.339201e-07
  subiter:  95      |ddm|: 8.271419e-08
  subiter:  96      |ddm|: 6.339512e-08
  subiter:  97      |ddm|: 1.024290e-07
  subiter:  98      |ddm|: 1.019185e-07
  subiter:  99      |ddm|: 1.064261e-07
  subiter: 100      |ddm|: 1.336355e-07


******** <class 'pyscf.dft.rks.RKS'> flags ********
method = RKS
initial guess = atom
damping factor = 0
level shift factor = 0.0
DIIS = <class 'pyscf.scf.diis.CDIIS'>
DIIS start cycle = 1
DIIS space = 8
SCF tol = 1e-08
SCF gradient tol = 1e-08
max. SCF cycles = 100
direct_scf = True
direct_scf_tol = 1e-13
chkfile to save SCF result = /panfs/roc/scratch/graha682/D15/201711_augccpVDZ_NEVPT2_m06_15_6c12h24/tmpyE0NOG
max_memory 4000 MB (current use 3766 MB)
XC functionals = m06
small_rho_cutoff = 1e-20
radial grids: Treutler-Ahlrichs (JCP 102, 346 (M4)) radial grids
becke partition: Becke, JCP, 88, 2547 (1988)
pruning grids: <function nwchem_prune at 0x152b5f0>
grids dens level: 4
symmetrized grids: False
atomic radii adjust function: <function treutler_atomic_radii_adjust at 0x152b488>
init E= -471.350927362259
  HOMO = -0.268511733180704  LUMO = -0.0385775031641033
cycle= 1 E= -471.350927362259  delta_E=    0  |g|= 1.39e-09  |ddm|= 5.24e-07
  HOMO = -0.268511733180599  LUMO = -0.0385775031665093
Extra cycle  E= -471.350927362246  delta_E= 1.36e-11  |g|= 3.74e-09  |ddm|= 1.21e-06
converged SCF energy = -471.350927362246
Supermolecular DFT   -471.35092736226125

============================== Embedding Energies ==============================
Subsystem DFT              -244.50636303701722
Interaction                -226.43442660849232
DFT-in-DFT                 -470.94078964550954
Supermolecular DFT         -471.35092736226125
Difference                   -0.41013771675171
Corrected DFT-in-DFT       -471.35092736226125
WF-in-DFT                  -470.34107347474287
Corrected WF-in-DFT        -470.75121119149458
================================================================================
TIMING STATISTICS:
     overlap integrals      0.04s   ( 0.00%)
    initial subsystems      0.39s   ( 0.00%)
           2e matrices  16952.12s   (73.79%)
      tot. embed. of 1  17053.27s   (74.23%)
      tot. embed. of 2      4.02s   ( 0.02%)
       freeze and thaw  17057.35s   (74.25%)
                   cas     17.84s   ( 0.08%)
                nevpt2     18.21s   ( 0.08%)
  interaction energies   5873.86s   (25.57%)
                 TOTAL  22972.78s
================================================================================

********************************************************************************
*                              END OF CALCULATION                              *
********************************************************************************
