********************************************************************************
*                              PySCF CALCULATION                               *
********************************************************************************

================================== Input File ==================================
atoms
C          2.54760        0.45280       -0.06306
H          2.53850        0.52681       -1.13378
H          3.46126        0.72069        0.43284
Cl         3.02895       -1.68098       -0.11957
F          2.39041        2.51644       -0.34198
C          1.26805        0.43592        0.70002
H          1.32181       -0.31300        1.49612
H          1.17517        1.42500        1.15525
C          0.07166        0.17055       -0.18618
H          0.04321        0.94744       -0.95865
H          0.21000       -0.79019       -0.69730
C         -1.23725        0.16073        0.57438
H         -1.20232       -0.61181        1.35426
H         -1.35794        1.11575        1.10232
C         -2.44387       -0.07690       -0.30964
H         -2.47971        0.69544       -1.08867
H         -2.32330       -1.02967       -0.84136
C         -3.75852       -0.08750        0.44438
H         -3.72048       -0.86001        1.22077
H         -3.87506        0.86413        0.97517
C         -4.95137       -0.32315       -0.45894
H         -4.86251       -1.28108       -0.97775
H         -5.89445       -0.32892        0.09099
H         -5.01790        0.45332       -1.22535
end
charge -1

basis 3-21g
scf
method ccsd(t)
grid 4
conv 1e-8
grad 1e-8
maxiter 100
end
================================== End Input ===================================
#INFO: **** input file is /home/goodpast/shared/repositories/pyscf_wrapper/run_pySCF.py ****
#!/usr/bin/env python

def main():
    '''Python wrapper to read a pySCF input file
    and run the corresponding calculations.'''

    from argparse import ArgumentParser, RawDescriptionHelpFormatter
    from textwrap import dedent
    from read_input import read_input, pstr
    import sys
    from simple_timer import timer
    from scf import do_scf
    from geomopt import do_geomopt
    from vfreq import vibrations

    # generate a parser to read the input files
    parser = ArgumentParser(description=dedent(main.__doc__),
                            formatter_class=RawDescriptionHelpFormatter)
    parser.add_argument('input_files', nargs='*', default=sys.stdin,
                        help='The pySCF input files.')
    args = parser.parse_args()

    # Cycle through all input files
    for files in args.input_files:

        # print header
        pstr ("", delim="*", addline=False)
        pstr ("PySCF CALCULATION", delim="*", fill=False, addline=False)
        pstr ("", delim="*", addline=False)

        # get input data
        inp = read_input(files)

        # start timer
        inp.timer = timer()

        # do single point energy
        inp = do_scf(inp)

        # do geomotry optimization
        if inp.geomopt: inp = do_geomopt(inp)

        if inp.vfreq: vibrations(inp)

        # end timer
        inp.timer.close()

        # print footer
        pstr("", delim="*")
        pstr("END OF CALCULATION", delim="*", fill=False, addline=False)
        pstr("", delim="*", addline=False)

if __name__=='__main__':
    main()
#INFO: ******************** input file end ********************


System: ('Linux', 'cn0645', '2.6.32-696.10.1.el6.x86_64', '#1 SMP Tue Aug 22 18:51:35 UTC 2017', 'x86_64', 'x86_64')  Threads 24
Python 2.7.6 | 64-bit | (default, Sep 15 2014, 17:36:10) 
[GCC 4.1.2 20080704 (Red Hat 4.1.2-54)]
numpy 1.10.4  scipy 0.17.0
Date: Mon Sep 11 15:43:10 2017
PySCF version 1.4a
PySCF path  /home/goodpast/graha682/code/python/pyscf/pyscf
GIT ORIG_HEAD 5844907ed185652a67f3c2f412250b44554b1b91
GIT HEAD      ref: refs/heads/master
GIT master branch  5a6e4032c6cb310076977bf244a460aa6dd0f9f2

[INPUT] VERBOSE 4
[INPUT] num atoms = 24
[INPUT] num electrons = 84
[INPUT] charge = -1
[INPUT] spin (= nelec alpha-beta = 2S) = 0
[INPUT] symmetry False subgroup None
[INPUT]  1 C      2.547600000000   0.452800000000  -0.063060000000 AA    4.814266274942   0.855667989203  -0.119166129415 Bohr
[INPUT]  2 H      2.538500000000   0.526810000000  -1.133780000000 AA    4.797069767208   0.995526619682  -2.142533685509 Bohr
[INPUT]  3 H      3.461260000000   0.720690000000   0.432840000000 AA    6.540833445912   1.361906720713   0.817949055757 Bohr
[INPUT]  4 Cl     3.028950000000  -1.680980000000  -0.119570000000 AA    5.723885945001  -3.176591820871  -0.225954552714 Bohr
[INPUT]  5 F      2.390410000000   2.516440000000  -0.341980000000 AA    4.517220225422   4.755382408901  -0.646248540079 Bohr
[INPUT]  6 C      1.268050000000   0.435920000000   0.700020000000 AA    2.396267212255   0.823769412220   1.322846081718 Bohr
[INPUT]  7 H      1.321810000000  -0.313000000000   1.496120000000 AA    2.497858888711  -0.591484276989   2.827257049484 Bohr
[INPUT]  8 H      1.175170000000   1.425000000000   1.155250000000 AA    2.220749449805   2.692859727505   2.183106105404 Bohr
[INPUT]  9 C      0.071660000000   0.170550000000  -0.186180000000 AA    0.135417774086   0.322292790545  -0.351829209872 Bohr
[INPUT] 10 H      0.043210000000   0.947440000000  -0.958650000000 AA    0.081655065842   1.790402119458  -1.811585949314 Bohr
[INPUT] 11 H      0.210000000000  -0.790190000000  -0.697300000000 AA    0.396842486159  -1.493242686370  -1.317706026659 Bohr
[INPUT] 12 C     -1.237250000000   0.160730000000   0.574380000000 AA   -2.338063647618   0.303735680001   1.085420891428 Bohr
[INPUT] 13 H     -1.202320000000  -0.611810000000   1.354260000000 AA   -2.272055514087  -1.156153340270   2.559180501453 Bohr
[INPUT] 14 H     -1.357940000000   1.115750000000   1.102320000000 AA   -2.566134693592   2.108461923483   2.083082901631 Bohr
[INPUT] 15 C     -2.443870000000  -0.076900000000  -0.309640000000 AA   -4.618244984041  -0.145319938979  -0.585134797210 Bohr
[INPUT] 16 H     -2.479710000000   0.695440000000  -1.088670000000 AA   -4.685972768345   1.314191136068  -2.057288140030 Bohr
[INPUT] 17 H     -2.323300000000  -1.029670000000  -0.841360000000 AA   -4.390400705202  -1.945794298681  -1.589939972164 Bohr
[INPUT] 18 C     -3.758520000000  -0.087500000000   0.444380000000 AA   -7.102573433700  -0.165351035899   0.839756495234 Bohr
[INPUT] 19 H     -3.720480000000  -0.860010000000   1.220770000000 AA   -7.030688251922  -1.625183364387   2.306920961085 Bohr
[INPUT] 20 H     -3.875060000000   0.864130000000   0.975170000000 AA   -7.322802116257   1.632969036020   1.842804224892 Bohr
[INPUT] 21 C     -4.951370000000  -0.323150000000  -0.458940000000 AA   -9.356733241388  -0.610664997153  -0.867270907608 Bohr
[INPUT] 22 H     -4.862510000000  -1.281080000000  -0.977750000000 AA   -9.188812177959  -2.420890343658  -1.847679718293 Bohr
[INPUT] 23 H     -5.894450000000  -0.328920000000   0.090990000000 AA  -11.138896154943  -0.621568716892   0.171946180074 Bohr
[INPUT] 24 H     -5.017900000000   0.453320000000  -1.225350000000 AA   -9.482456720455   0.856650646788  -2.315575906736 Bohr
[INPUT] ---------------- BASIS SET ---------------- 
[INPUT] l, kappa, [nprim/nctr], expnt,             c_1 c_2 ...
[INPUT] H
[INPUT] 0    0    [2    /1   ]  5.447178          0.156285
                                0.824547          0.904691
[INPUT] 0    0    [1    /1   ]  0.183192             1
[INPUT] C
[INPUT] 0    0    [3    /1   ]  172.256           0.0617669
                                25.9109           0.358794
                                5.53335           0.700713
[INPUT] 0    0    [2    /1   ]  3.66498           -0.395897
                                0.770545          1.21584
[INPUT] 0    0    [1    /1   ]  0.195857             1
[INPUT] 1    0    [2    /1   ]  3.66498           0.23646
                                0.770545          0.860619
[INPUT] 1    0    [1    /1   ]  0.195857             1
[INPUT] Cl
[INPUT] 0    0    [3    /1   ]  1376.4            0.0645827
                                207.857           0.380363
                                45.1554           0.67819
[INPUT] 0    0    [3    /1   ]  60.8014           -0.0987639
                                13.9765           0.0511338
                                3.8871            0.991337
[INPUT] 0    0    [2    /1   ]  1.35299           -0.222401
                                0.526955          1.18252
[INPUT] 0    0    [1    /1   ]  0.166714             1
[INPUT] 1    0    [3    /1   ]  60.8014           0.108598
                                13.9765           0.458682
                                3.8871            0.601962
[INPUT] 1    0    [2    /1   ]  1.35299           0.219216
                                0.526955          0.822321
[INPUT] 1    0    [1    /1   ]  0.166714             1
[INPUT] F
[INPUT] 0    0    [3    /1   ]  413.801           0.0585483
                                62.2446           0.349308
                                13.434            0.709632
[INPUT] 0    0    [2    /1   ]  9.77759           -0.407327
                                2.08617           1.22314
[INPUT] 0    0    [1    /1   ]  0.482383             1
[INPUT] 1    0    [2    /1   ]  9.77759           0.24668
                                2.08617           0.852321
[INPUT] 1    0    [1    /1   ]  0.482383             1
nuclear repulsion = 514.738780251227
number of shells = 77
number of NR pGTOs = 192
number of NR cGTOs = 115
basis = {'H': [[0, [5.447178, 0.156285], [0.824547, 0.904691]], [0, [0.183192, 1.0]]], 'C': [[0, [172.256, 0.0617669], [25.9109, 0.358794], [5.53335, 0.700713]], [0, [3.66498, -0.395897], [0.770545, 1.21584]], [0, [0.195857, 1.0]], [1, [3.66498, 0.23646], [0.770545, 0.860619]], [1, [0.195857, 1.0]]], 'F': [[0, [413.801, 0.0585483], [62.2446, 0.349308], [13.434, 0.709632]], [0, [9.77759, -0.407327], [2.08617, 1.22314]], [0, [0.482383, 1.0]], [1, [9.77759, 0.24668], [2.08617, 0.852321]], [1, [0.482383, 1.0]]], 'Cl': [[0, [1376.4, 0.0645827], [207.857, 0.380363], [45.1554, 0.67819]], [0, [60.8014, -0.0987639], [13.9765, 0.0511338], [3.8871, 0.991337]], [0, [1.35299, -0.222401], [0.526955, 1.18252]], [0, [0.166714, 1.0]], [1, [60.8014, 0.108598], [13.9765, 0.458682], [3.8871, 0.601962]], [1, [1.35299, 0.219216], [0.526955, 0.822321]], [1, [0.166714, 1.0]]]}
ecp = {}
CPU time:         0.60
None


******** <class 'pyscf.scf.hf.RHF'> flags ********
method = RHF
initial guess = atom
damping factor = 0
level shift factor = 0
DIIS = <class 'pyscf.scf.diis.CDIIS'>
DIIS start cycle = 1
DIIS space = 8
SCF tol = 1e-08
SCF gradient tol = 1e-08
max. SCF cycles = 100
direct_scf = True
direct_scf_tol = 1e-13
chkfile to save SCF result = /panfs/roc/scratch/graha682/201707_CCSDT/20170714_321g_ccsdt_chloroflouroheptane/tmpLfaXjj
max_memory 4000 MB (current use 45 MB)
Initial guess from superpostion of atomic densties.
init E= -831.796929155773
  HOMO = -0.393617470845885  LUMO = -0.0301640125391118
cycle= 1 E= -828.298278706027  delta_E=  3.5  |g|= 0.876  |ddm|= 4.17
  HOMO = -0.0220269358972531  LUMO = 0.346866748916243
cycle= 2 E= -828.444334493627  delta_E= -0.146  |g|= 0.444  |ddm|= 1.15
  HOMO = -0.164493968972807  LUMO = 0.341839146375321
cycle= 3 E= -828.471941024241  delta_E= -0.0276  |g|=  0.1  |ddm|= 0.366
  HOMO = -0.157639315016977  LUMO = 0.340656821694726
cycle= 4 E= -828.474153742302  delta_E= -0.00221  |g|= 0.018  |ddm|= 0.117
  HOMO = -0.157204194615461  LUMO = 0.345074981855979
cycle= 5 E= -828.474252854352  delta_E= -9.91e-05  |g|= 0.00407  |ddm|= 0.0279
  HOMO = -0.157019845091696  LUMO = 0.345080011993126
cycle= 6 E= -828.474264823496  delta_E= -1.2e-05  |g|= 0.00112  |ddm|= 0.0118
  HOMO = -0.157368711173617  LUMO = 0.344877872592261
cycle= 7 E= -828.474265635807  delta_E= -8.12e-07  |g|= 0.00036  |ddm|= 0.00283
  HOMO = -0.157380714424686  LUMO = 0.344949842724601
cycle= 8 E= -828.474265739484  delta_E= -1.04e-07  |g|= 6.99e-05  |ddm|= 0.00125
  HOMO = -0.157379843303251  LUMO = 0.344937446101339
cycle= 9 E= -828.474265743182  delta_E= -3.7e-09  |g|= 1.7e-05  |ddm|= 0.000214
  HOMO = -0.157380233642123  LUMO = 0.344936814887818
cycle= 10 E= -828.474265743408  delta_E= -2.27e-10  |g|= 5.7e-06  |ddm|= 5.23e-05
  HOMO = -0.157379137066506  LUMO = 0.344937332517102
cycle= 11 E= -828.474265743424  delta_E= -1.52e-11  |g|= 1.3e-06  |ddm|= 1.31e-05
  HOMO = -0.157379144175587  LUMO = 0.344937318382796
cycle= 12 E= -828.474265743424  delta_E=    0  |g|= 4.1e-07  |ddm|= 4.07e-06
  HOMO = -0.157379041328784  LUMO = 0.344937328357443
cycle= 13 E= -828.474265743426  delta_E= -2.73e-12  |g|= 1.68e-07  |ddm|= 1.15e-06
  HOMO = -0.157379059193635  LUMO = 0.34493734145553
cycle= 14 E= -828.474265743426  delta_E= 6.82e-13  |g|= 4.27e-08  |ddm|= 3.56e-07
  HOMO = -0.157379054206464  LUMO = 0.344937335153331
cycle= 15 E= -828.474265743425  delta_E= 2.27e-13  |g|= 1.37e-08  |ddm|= 9.34e-08
  HOMO = -0.157379054845713  LUMO = 0.344937334660574
cycle= 16 E= -828.474265743425  delta_E= 9.09e-13  |g|= 8.04e-09  |ddm|= 2e-08
  HOMO = -0.157379055759866  LUMO = 0.344937335170484
Extra cycle  E= -828.474265743428  delta_E= -3.41e-12  |g|= 8.04e-09  |ddm|= 1.68e-08
converged SCF energy = -828.474265743428

******** <class 'pyscf.cc.rccsd.RCCSD'> flags ********
CCSD nocc = 42, nvir = 73
max_cycle = 100
direct = 0
conv_tol = 1e-07
conv_tol_normt = 1e-05
diis_space = 6
diis_start_cycle = 0
diis_start_energy_diff = 1e+09
max_memory 4000 MB (current use 341 MB)
Init t2, MP2 energy = -0.822790897380087
istep = 0  E(CCSD) = -0.873311387127451  dE = -0.873311387  norm(t1,t2) = 0.159528
istep = 1  E(CCSD) = -0.901402604263394  dE = -0.0280912171  norm(t1,t2) = 0.0598739
istep = 2  E(CCSD) = -0.905589091502795  dE = -0.00418648724  norm(t1,t2) = 0.0432582
istep = 3  E(CCSD) = -0.908954765027577  dE = -0.00336567352  norm(t1,t2) = 0.0226872
istep = 4  E(CCSD) = -0.912934848792649  dE = -0.00398008377  norm(t1,t2) = 0.0113343
istep = 5  E(CCSD) = -0.912742748669258  dE = 0.000192100123  norm(t1,t2) = 0.00309763
istep = 6  E(CCSD) = -0.912335509089863  dE = 0.000407239579  norm(t1,t2) = 0.00165041
istep = 7  E(CCSD) = -0.912356189948708  dE = -2.06808588e-05  norm(t1,t2) = 0.000472544
istep = 8  E(CCSD) = -0.912368252187606  dE = -1.20622389e-05  norm(t1,t2) = 0.000223598
istep = 9  E(CCSD) = -0.912383788671639  dE = -1.5536484e-05  norm(t1,t2) = 0.000116456
istep = 10  E(CCSD) = -0.912386814352212  dE = -3.02568057e-06  norm(t1,t2) = 4.09238e-05
istep = 11  E(CCSD) = -0.912387922234207  dE = -1.107882e-06  norm(t1,t2) = 1.52138e-05
istep = 12  E(CCSD) = -0.912388639373499  dE = -7.17139292e-07  norm(t1,t2) = 8.2614e-06
istep = 13  E(CCSD) = -0.912388794447563  dE = -1.55074064e-07  norm(t1,t2) = 4.69236e-06
istep = 14  E(CCSD) = -0.912388821985519  dE = -2.75379551e-08  norm(t1,t2) = 2.61098e-06
CCSD converged
E(CCSD) = -829.3866545654134  E_corr = -0.9123888219855186
CCSD(T) correction = -0.0231133547828022
Total CCSD(T) = -829.409767920196259
================================================================================
TIMING STATISTICS:
                    hf      0.85s   ( 0.41%)
                  ccsd     67.74s   (32.47%)
               ccsd(t)    139.95s   (67.09%)
                 TOTAL    208.61s
================================================================================

********************************************************************************
*                              END OF CALCULATION                              *
********************************************************************************
