********************************************************************************
*                         FREEZE-AND-THAW CALCULATION                          *
********************************************************************************

================================== Input File ==================================
subsystem
C          0.65825        2.28773        0.04492
H          1.23954        3.18409        0.31614
C         -0.64614        2.26769        0.33028
H         -0.99872        2.83474        1.20724
C          2.54526        0.64156        0.29428
H          3.22001        1.47469        0.57493
H          2.11512        0.27969        1.24836
C          1.42387        1.17441       -0.58915
H          0.73407        0.35085       -0.85415
H          1.86527        1.52008       -1.54560
C         -1.68643        1.50713       -0.42274
H         -1.22638        1.01467       -1.30031
H         -2.44227        2.20852       -0.83005
C         -2.40343        0.46924        0.43199
H         -2.84275        0.96447        1.32076
H         -1.66013       -0.24653        0.83373
end

subsystem
C          5.26582       -2.11045       -0.14224
H          5.73270       -1.75920       -1.07824
H          4.61998       -2.96574       -0.40450
H          6.07062       -2.49067        0.50606
C          4.46848       -1.00484        0.52112
H          4.03609       -1.36843        1.47288
H          5.13989       -0.17196        0.80525
C          3.35273       -0.46575       -0.35694
H          2.67593       -1.29593       -0.64284
H          3.78031       -0.09774       -1.31136
C         -3.48833       -0.28345       -0.31546
H         -4.22894        0.43814       -0.71542
H         -3.04898       -0.77332       -1.20765
C         -4.20280       -1.32340        0.52984
H         -3.45849       -2.03924        0.92807
H         -4.63770       -0.82962        1.41992
C         -5.28311       -2.06742       -0.23013
H         -5.79184       -2.81728        0.39554
H         -6.05368       -1.37449       -0.60898
H         -4.86468       -2.59457       -1.10445
end

embed
 huzfermi
 cycles 300
 conv 1e-8
 method m06
end

basis cc-pVDZ
method cas[2,2]/nevpt2
grid 4
conv 1e-8
grad 1e-8
maxiter 100
================================== End Input ===================================
tot grids = 725328

                      Getting subsystem overlap integrals                       

                          Initial subsystem densities                           
Guessing initial subsystem densities
Initial guess from superpostion of atomic densties.
Guessing initial subsystem densities
Initial guess from superpostion of atomic densties.

=========================== Starting Freeze-and-Thaw ===========================
 iter:   1:1        |ddm|: 4.886759e+00     Tr[DP]  7.517330e-01
 iter:   1:2        |ddm|: 4.473836e+00     Tr[DP]  4.199407e-01
 iter:   2:1        |ddm|: 2.120953e+01     Tr[DP]  8.323762e-01
 iter:   2:2        |ddm|: 3.259250e+00     Tr[DP]  7.431445e-01
 iter:   3:1        |ddm|: 2.093058e+01     Tr[DP]  3.769922e-01
 iter:   3:2        |ddm|: 2.510325e+00     Tr[DP]  4.713684e-01
 iter:   4:1        |ddm|: 2.853436e+00     Tr[DP]  5.878675e-01
 iter:   4:2        |ddm|: 9.401107e-01     Tr[DP]  4.791837e-01
 iter:   5:1        |ddm|: 1.103928e+00     Tr[DP]  5.941357e-01
 iter:   5:2        |ddm|: 3.756334e-01     Tr[DP]  5.168662e-01
 iter:   6:1        |ddm|: 7.564053e-01     Tr[DP]  5.920337e-01
 iter:   6:2        |ddm|: 1.917235e-01     Tr[DP]  5.421736e-01
 iter:   7:1        |ddm|: 5.172680e-01     Tr[DP]  5.839557e-01
 iter:   7:2        |ddm|: 1.298413e-01     Tr[DP]  5.539544e-01
 iter:   8:1        |ddm|: 3.456312e-01     Tr[DP]  5.747145e-01
 iter:   8:2        |ddm|: 1.272780e-01     Tr[DP]  5.612852e-01
 iter:   9:1        |ddm|: 1.929804e-01     Tr[DP]  5.747543e-01
 iter:   9:2        |ddm|: 7.456417e-02     Tr[DP]  5.621897e-01
 iter:  10:1        |ddm|: 1.294390e-01     Tr[DP]  5.686568e-01
 iter:  10:2        |ddm|: 5.846404e-02     Tr[DP]  5.637176e-01
 iter:  11:1        |ddm|: 7.014596e-02     Tr[DP]  5.685848e-01
 iter:  11:2        |ddm|: 2.801083e-02     Tr[DP]  5.647893e-01
 iter:  12:1        |ddm|: 4.058244e-02     Tr[DP]  5.668172e-01
 iter:  12:2        |ddm|: 1.737525e-02     Tr[DP]  5.647083e-01
 iter:  13:1        |ddm|: 2.438238e-02     Tr[DP]  5.660606e-01
 iter:  13:2        |ddm|: 1.060048e-02     Tr[DP]  5.650373e-01
 iter:  14:1        |ddm|: 1.629804e-02     Tr[DP]  5.654230e-01
 iter:  14:2        |ddm|: 8.844405e-03     Tr[DP]  5.649968e-01
 iter:  15:1        |ddm|: 9.833039e-03     Tr[DP]  5.653426e-01
 iter:  15:2        |ddm|: 5.625839e-03     Tr[DP]  5.650605e-01
 iter:  16:1        |ddm|: 6.419135e-03     Tr[DP]  5.652205e-01
 iter:  16:2        |ddm|: 4.740719e-03     Tr[DP]  5.650186e-01
 iter:  17:1        |ddm|: 5.051865e-03     Tr[DP]  5.651275e-01
 iter:  17:2        |ddm|: 4.237261e-03     Tr[DP]  5.650127e-01
 iter:  18:1        |ddm|: 4.181842e-03     Tr[DP]  5.650912e-01
 iter:  18:2        |ddm|: 3.857270e-03     Tr[DP]  5.650068e-01
 iter:  19:1        |ddm|: 3.909696e-03     Tr[DP]  5.650522e-01
 iter:  19:2        |ddm|: 3.806590e-03     Tr[DP]  5.650230e-01
 iter:  20:1        |ddm|: 3.982861e-03     Tr[DP]  5.650168e-01
 iter:  20:2        |ddm|: 3.830418e-03     Tr[DP]  5.650166e-01
 iter:  21:1        |ddm|: 4.768886e-03     Tr[DP]  5.649239e-01
 iter:  21:2        |ddm|: 4.371450e-03     Tr[DP]  5.649988e-01
 iter:  22:1        |ddm|: 3.607626e-03     Tr[DP]  5.649974e-01
 iter:  22:2        |ddm|: 3.420540e-03     Tr[DP]  5.649777e-01
 iter:  23:1        |ddm|: 3.669601e-03     Tr[DP]  5.649930e-01
 iter:  23:2        |ddm|: 3.489844e-03     Tr[DP]  5.649789e-01
 iter:  24:1        |ddm|: 3.571854e-03     Tr[DP]  5.649638e-01
 iter:  24:2        |ddm|: 3.447554e-03     Tr[DP]  5.649937e-01
 iter:  25:1        |ddm|: 3.678513e-03     Tr[DP]  5.649859e-01
 iter:  25:2        |ddm|: 3.461561e-03     Tr[DP]  5.649666e-01
 iter:  26:1        |ddm|: 3.827782e-03     Tr[DP]  5.649847e-01
 iter:  26:2        |ddm|: 3.855878e-03     Tr[DP]  5.649760e-01
 iter:  27:1        |ddm|: 5.733148e-03     Tr[DP]  5.649582e-01
 iter:  27:2        |ddm|: 4.744941e-03     Tr[DP]  5.649562e-01
 iter:  28:1        |ddm|: 4.897192e-03     Tr[DP]  5.649320e-01
 iter:  28:2        |ddm|: 4.207466e-03     Tr[DP]  5.649333e-01
 iter:  29:1        |ddm|: 3.897227e-03     Tr[DP]  5.649183e-01
 iter:  29:2        |ddm|: 3.544514e-03     Tr[DP]  5.649197e-01
 iter:  30:1        |ddm|: 2.271007e-03     Tr[DP]  5.649153e-01
 iter:  30:2        |ddm|: 2.246298e-03     Tr[DP]  5.649196e-01
 iter:  31:1        |ddm|: 2.284706e-03     Tr[DP]  5.649159e-01
 iter:  31:2        |ddm|: 2.232907e-03     Tr[DP]  5.649189e-01
 iter:  32:1        |ddm|: 2.672251e-03     Tr[DP]  5.649140e-01
 iter:  32:2        |ddm|: 2.527308e-03     Tr[DP]  5.649118e-01
 iter:  33:1        |ddm|: 2.330684e-03     Tr[DP]  5.649077e-01
 iter:  33:2        |ddm|: 2.203215e-03     Tr[DP]  5.649093e-01
 iter:  34:1        |ddm|: 2.354909e-03     Tr[DP]  5.649047e-01
 iter:  34:2        |ddm|: 2.192843e-03     Tr[DP]  5.649049e-01
 iter:  35:1        |ddm|: 2.788668e-03     Tr[DP]  5.648974e-01
 iter:  35:2        |ddm|: 2.498606e-03     Tr[DP]  5.648972e-01
 iter:  36:1        |ddm|: 1.750896e-03     Tr[DP]  5.648983e-01
 iter:  36:2        |ddm|: 1.768785e-03     Tr[DP]  5.648986e-01
 iter:  37:1        |ddm|: 1.998671e-03     Tr[DP]  5.648963e-01
 iter:  37:2        |ddm|: 1.864351e-03     Tr[DP]  5.648966e-01
 iter:  38:1        |ddm|: 1.918017e-03     Tr[DP]  5.648944e-01
 iter:  38:2        |ddm|: 1.808428e-03     Tr[DP]  5.648948e-01
 iter:  39:1        |ddm|: 1.900947e-03     Tr[DP]  5.648917e-01
 iter:  39:2        |ddm|: 1.781811e-03     Tr[DP]  5.648924e-01
 iter:  40:1        |ddm|: 1.893844e-03     Tr[DP]  5.648895e-01
 iter:  40:2        |ddm|: 1.759392e-03     Tr[DP]  5.648891e-01
 iter:  41:1        |ddm|: 1.587150e-03     Tr[DP]  5.648892e-01
 iter:  41:2        |ddm|: 1.581100e-03     Tr[DP]  5.648900e-01
 iter:  42:1        |ddm|: 1.837286e-03     Tr[DP]  5.648924e-01
 iter:  42:2        |ddm|: 1.876498e-03     Tr[DP]  5.648935e-01
 iter:  43:1        |ddm|: 2.529753e-03     Tr[DP]  5.648865e-01
 iter:  43:2        |ddm|: 2.155418e-03     Tr[DP]  5.648871e-01
 iter:  44:1        |ddm|: 1.575195e-03     Tr[DP]  5.648855e-01
 iter:  44:2        |ddm|: 1.540620e-03     Tr[DP]  5.648862e-01
 iter:  45:1        |ddm|: 1.668143e-03     Tr[DP]  5.648838e-01
 iter:  45:2        |ddm|: 1.561913e-03     Tr[DP]  5.648843e-01
 iter:  46:1        |ddm|: 2.283202e-03     Tr[DP]  5.648783e-01
 iter:  46:2        |ddm|: 2.016195e-03     Tr[DP]  5.648783e-01
 iter:  47:1        |ddm|: 1.247041e-03     Tr[DP]  5.648792e-01
 iter:  47:2        |ddm|: 1.257137e-03     Tr[DP]  5.648796e-01
 iter:  48:1        |ddm|: 1.739769e-03     Tr[DP]  5.648761e-01
 iter:  48:2        |ddm|: 1.536008e-03     Tr[DP]  5.648763e-01
 iter:  49:1        |ddm|: 1.225324e-03     Tr[DP]  5.648753e-01
 iter:  49:2        |ddm|: 1.184871e-03     Tr[DP]  5.648755e-01
 iter:  50:1        |ddm|: 1.300026e-03     Tr[DP]  5.648738e-01
 iter:  50:2        |ddm|: 1.207471e-03     Tr[DP]  5.648740e-01
 iter:  51:1        |ddm|: 1.221860e-03     Tr[DP]  5.648725e-01
 iter:  51:2        |ddm|: 1.144411e-03     Tr[DP]  5.648727e-01
 iter:  52:1        |ddm|: 1.084489e-03     Tr[DP]  5.648721e-01
 iter:  52:2        |ddm|: 1.053005e-03     Tr[DP]  5.648724e-01
 iter:  53:1        |ddm|: 1.145683e-03     Tr[DP]  5.648712e-01
 iter:  53:2        |ddm|: 1.072216e-03     Tr[DP]  5.648715e-01
 iter:  54:1        |ddm|: 1.043730e-03     Tr[DP]  5.648718e-01
 iter:  54:2        |ddm|: 1.053009e-03     Tr[DP]  5.648722e-01
 iter:  55:1        |ddm|: 1.367265e-03     Tr[DP]  5.648696e-01
 iter:  55:2        |ddm|: 1.200039e-03     Tr[DP]  5.648699e-01
 iter:  56:1        |ddm|: 9.706628e-04     Tr[DP]  5.648699e-01
 iter:  56:2        |ddm|: 9.764385e-04     Tr[DP]  5.648704e-01
 iter:  57:1        |ddm|: 1.082063e-03     Tr[DP]  5.648692e-01
 iter:  57:2        |ddm|: 1.008749e-03     Tr[DP]  5.648696e-01
 iter:  58:1        |ddm|: 9.947680e-04     Tr[DP]  5.648690e-01
 iter:  58:2        |ddm|: 9.695820e-04     Tr[DP]  5.648694e-01
 iter:  59:1        |ddm|: 1.058035e-03     Tr[DP]  5.648682e-01
 iter:  59:2        |ddm|: 9.870662e-04     Tr[DP]  5.648686e-01
 iter:  60:1        |ddm|: 9.667319e-04     Tr[DP]  5.648679e-01
 iter:  60:2        |ddm|: 9.403474e-04     Tr[DP]  5.648684e-01
 iter:  61:1        |ddm|: 9.983277e-04     Tr[DP]  5.648674e-01
 iter:  61:2        |ddm|: 9.457529e-04     Tr[DP]  5.648678e-01
 iter:  62:1        |ddm|: 9.991342e-04     Tr[DP]  5.648666e-01
 iter:  62:2        |ddm|: 9.374688e-04     Tr[DP]  5.648670e-01
 iter:  63:1        |ddm|: 9.133412e-04     Tr[DP]  5.648665e-01
 iter:  63:2        |ddm|: 8.923859e-04     Tr[DP]  5.648669e-01
 iter:  64:1        |ddm|: 9.370372e-04     Tr[DP]  5.648661e-01
 iter:  64:2        |ddm|: 9.000422e-04     Tr[DP]  5.648666e-01
 iter:  65:1        |ddm|: 9.626491e-04     Tr[DP]  5.648656e-01
 iter:  65:2        |ddm|: 9.051844e-04     Tr[DP]  5.648660e-01
 iter:  66:1        |ddm|: 9.878687e-04     Tr[DP]  5.648646e-01
 iter:  66:2        |ddm|: 9.136378e-04     Tr[DP]  5.648649e-01
 iter:  67:1        |ddm|: 8.423005e-04     Tr[DP]  5.648643e-01
 iter:  67:2        |ddm|: 8.220222e-04     Tr[DP]  5.648648e-01
 iter:  68:1        |ddm|: 8.952467e-04     Tr[DP]  5.648638e-01
 iter:  68:2        |ddm|: 8.370823e-04     Tr[DP]  5.648640e-01
 iter:  69:1        |ddm|: 1.088665e-03     Tr[DP]  5.648621e-01
 iter:  69:2        |ddm|: 9.769665e-04     Tr[DP]  5.648622e-01
 iter:  70:1        |ddm|: 1.372619e-03     Tr[DP]  5.648647e-01
 iter:  70:2        |ddm|: 1.351816e-03     Tr[DP]  5.648657e-01
 iter:  71:1        |ddm|: 1.074608e-03     Tr[DP]  5.648651e-01
 iter:  71:2        |ddm|: 1.047664e-03     Tr[DP]  5.648657e-01
 iter:  72:1        |ddm|: 1.084332e-03     Tr[DP]  5.648643e-01
 iter:  72:2        |ddm|: 9.843599e-04     Tr[DP]  5.648650e-01
 iter:  73:1        |ddm|: 2.601932e-03     Tr[DP]  5.648593e-01
 iter:  73:2        |ddm|: 2.293588e-03     Tr[DP]  5.648592e-01
 iter:  74:1        |ddm|: 7.213488e-04     Tr[DP]  5.648592e-01
 iter:  74:2        |ddm|: 6.569565e-04     Tr[DP]  5.648592e-01
 iter:  75:1        |ddm|: 9.642240e-04     Tr[DP]  5.648581e-01
 iter:  75:2        |ddm|: 8.782467e-04     Tr[DP]  5.648577e-01
 iter:  76:1        |ddm|: 8.258199e-04     Tr[DP]  5.648567e-01
 iter:  76:2        |ddm|: 7.620545e-04     Tr[DP]  5.648564e-01
 iter:  77:1        |ddm|: 5.069502e-04     Tr[DP]  5.648564e-01
 iter:  77:2        |ddm|: 4.766156e-04     Tr[DP]  5.648562e-01
 iter:  78:1        |ddm|: 9.195112e-04     Tr[DP]  5.648548e-01
 iter:  78:2        |ddm|: 8.225280e-04     Tr[DP]  5.648546e-01
 iter:  79:1        |ddm|: 3.185079e-04     Tr[DP]  5.648549e-01
 iter:  79:2        |ddm|: 2.877033e-04     Tr[DP]  5.648546e-01
 iter:  80:1        |ddm|: 2.893805e-04     Tr[DP]  5.648553e-01
 iter:  80:2        |ddm|: 2.773767e-04     Tr[DP]  5.648552e-01
 iter:  81:1        |ddm|: 3.079029e-04     Tr[DP]  5.648549e-01
 iter:  81:2        |ddm|: 2.922619e-04     Tr[DP]  5.648550e-01
 iter:  82:1        |ddm|: 3.083340e-04     Tr[DP]  5.648549e-01
 iter:  82:2        |ddm|: 2.902068e-04     Tr[DP]  5.648549e-01
 iter:  83:1        |ddm|: 3.312553e-04     Tr[DP]  5.648545e-01
 iter:  83:2        |ddm|: 2.987347e-04     Tr[DP]  5.648547e-01
 iter:  84:1        |ddm|: 2.717845e-04     Tr[DP]  5.648545e-01
 iter:  84:2        |ddm|: 2.637644e-04     Tr[DP]  5.648545e-01
 iter:  85:1        |ddm|: 3.180914e-04     Tr[DP]  5.648541e-01
 iter:  85:2        |ddm|: 2.820249e-04     Tr[DP]  5.648542e-01
 iter:  86:1        |ddm|: 2.500275e-04     Tr[DP]  5.648543e-01
 iter:  86:2        |ddm|: 2.458079e-04     Tr[DP]  5.648544e-01
 iter:  87:1        |ddm|: 2.581661e-04     Tr[DP]  5.648542e-01
 iter:  87:2        |ddm|: 2.476429e-04     Tr[DP]  5.648542e-01
 iter:  88:1        |ddm|: 2.596842e-04     Tr[DP]  5.648540e-01
 iter:  88:2        |ddm|: 2.463615e-04     Tr[DP]  5.648541e-01
 iter:  89:1        |ddm|: 2.464475e-04     Tr[DP]  5.648540e-01
 iter:  89:2        |ddm|: 2.419349e-04     Tr[DP]  5.648542e-01
 iter:  90:1        |ddm|: 2.715873e-04     Tr[DP]  5.648539e-01
 iter:  90:2        |ddm|: 2.499792e-04     Tr[DP]  5.648540e-01
 iter:  91:1        |ddm|: 2.570631e-04     Tr[DP]  5.648537e-01
 iter:  91:2        |ddm|: 2.395571e-04     Tr[DP]  5.648538e-01
 iter:  92:1        |ddm|: 2.764214e-04     Tr[DP]  5.648535e-01
 iter:  92:2        |ddm|: 2.490484e-04     Tr[DP]  5.648535e-01
 iter:  93:1        |ddm|: 2.172039e-04     Tr[DP]  5.648536e-01
 iter:  93:2        |ddm|: 2.215672e-04     Tr[DP]  5.648537e-01
 iter:  94:1        |ddm|: 3.186913e-04     Tr[DP]  5.648533e-01
 iter:  94:2        |ddm|: 2.715547e-04     Tr[DP]  5.648533e-01
 iter:  95:1        |ddm|: 2.486932e-04     Tr[DP]  5.648530e-01
 iter:  95:2        |ddm|: 2.263771e-04     Tr[DP]  5.648531e-01
 iter:  96:1        |ddm|: 1.740161e-04     Tr[DP]  5.648531e-01
 iter:  96:2        |ddm|: 1.754903e-04     Tr[DP]  5.648532e-01
 iter:  97:1        |ddm|: 1.951170e-04     Tr[DP]  5.648530e-01
 iter:  97:2        |ddm|: 1.831579e-04     Tr[DP]  5.648531e-01
 iter:  98:1        |ddm|: 1.818274e-04     Tr[DP]  5.648530e-01
 iter:  98:2        |ddm|: 1.795392e-04     Tr[DP]  5.648531e-01
 iter:  99:1        |ddm|: 2.073592e-04     Tr[DP]  5.648529e-01
 iter:  99:2        |ddm|: 1.884551e-04     Tr[DP]  5.648530e-01
 iter: 100:1        |ddm|: 1.932614e-04     Tr[DP]  5.648528e-01
 iter: 100:2        |ddm|: 1.790301e-04     Tr[DP]  5.648528e-01
 iter: 101:1        |ddm|: 2.585817e-04     Tr[DP]  5.648531e-01
 iter: 101:2        |ddm|: 2.549002e-04     Tr[DP]  5.648533e-01
 iter: 102:1        |ddm|: 7.932356e-04     Tr[DP]  5.648544e-01
 iter: 102:2        |ddm|: 7.406500e-04     Tr[DP]  5.648547e-01
 iter: 103:1        |ddm|: 1.123247e-03     Tr[DP]  5.648525e-01
 iter: 103:2        |ddm|: 8.847010e-04     Tr[DP]  5.648526e-01
 iter: 104:1        |ddm|: 2.884146e-04     Tr[DP]  5.648523e-01
 iter: 104:2        |ddm|: 2.604566e-04     Tr[DP]  5.648523e-01
 iter: 105:1        |ddm|: 1.597707e-04     Tr[DP]  5.648523e-01
 iter: 105:2        |ddm|: 1.494359e-04     Tr[DP]  5.648523e-01
 iter: 106:1        |ddm|: 2.027886e-04     Tr[DP]  5.648521e-01
 iter: 106:2        |ddm|: 1.796426e-04     Tr[DP]  5.648520e-01
 iter: 107:1        |ddm|: 2.809847e-04     Tr[DP]  5.648517e-01
 iter: 107:2        |ddm|: 2.455194e-04     Tr[DP]  5.648516e-01
 iter: 108:1        |ddm|: 1.881354e-04     Tr[DP]  5.648520e-01
 iter: 108:2        |ddm|: 1.595011e-04     Tr[DP]  5.648520e-01
 iter: 109:1        |ddm|: 1.160359e-04     Tr[DP]  5.648520e-01
 iter: 109:2        |ddm|: 1.096710e-04     Tr[DP]  5.648520e-01
 iter: 110:1        |ddm|: 1.256420e-04     Tr[DP]  5.648519e-01
 iter: 110:2        |ddm|: 1.133822e-04     Tr[DP]  5.648520e-01
 iter: 111:1        |ddm|: 1.122138e-04     Tr[DP]  5.648519e-01
 iter: 111:2        |ddm|: 1.066050e-04     Tr[DP]  5.648519e-01
 iter: 112:1        |ddm|: 1.103645e-04     Tr[DP]  5.648519e-01
 iter: 112:2        |ddm|: 1.046892e-04     Tr[DP]  5.648519e-01
 iter: 113:1        |ddm|: 6.247341e-04     Tr[DP]  5.648529e-01
 iter: 113:2        |ddm|: 5.058591e-04     Tr[DP]  5.648530e-01
 iter: 114:1        |ddm|: 6.250073e-04     Tr[DP]  5.648519e-01
 iter: 114:2        |ddm|: 4.514226e-04     Tr[DP]  5.648520e-01
 iter: 115:1        |ddm|: 2.431439e-04     Tr[DP]  5.648516e-01
 iter: 115:2        |ddm|: 2.031015e-04     Tr[DP]  5.648517e-01
 iter: 116:1        |ddm|: 1.248850e-04     Tr[DP]  5.648516e-01
 iter: 116:2        |ddm|: 1.122750e-04     Tr[DP]  5.648515e-01
 iter: 117:1        |ddm|: 1.256738e-04     Tr[DP]  5.648514e-01
 iter: 117:2        |ddm|: 1.159667e-04     Tr[DP]  5.648514e-01
 iter: 118:1        |ddm|: 6.552789e-05     Tr[DP]  5.648514e-01
 iter: 118:2        |ddm|: 6.436772e-05     Tr[DP]  5.648514e-01
 iter: 119:1        |ddm|: 6.531648e-05     Tr[DP]  5.648515e-01
 iter: 119:2        |ddm|: 6.523293e-05     Tr[DP]  5.648515e-01
 iter: 120:1        |ddm|: 7.325852e-05     Tr[DP]  5.648514e-01
 iter: 120:2        |ddm|: 7.014643e-05     Tr[DP]  5.648514e-01
 iter: 121:1        |ddm|: 7.112115e-05     Tr[DP]  5.648514e-01
 iter: 121:2        |ddm|: 6.716017e-05     Tr[DP]  5.648514e-01
 iter: 122:1        |ddm|: 6.911710e-05     Tr[DP]  5.648514e-01
 iter: 122:2        |ddm|: 6.545637e-05     Tr[DP]  5.648514e-01
 iter: 123:1        |ddm|: 6.602337e-05     Tr[DP]  5.648514e-01
 iter: 123:2        |ddm|: 6.705454e-05     Tr[DP]  5.648514e-01
 iter: 124:1        |ddm|: 9.389979e-05     Tr[DP]  5.648513e-01
 iter: 124:2        |ddm|: 8.056035e-05     Tr[DP]  5.648513e-01
 iter: 125:1        |ddm|: 6.642187e-05     Tr[DP]  5.648514e-01
 iter: 125:2        |ddm|: 6.732404e-05     Tr[DP]  5.648514e-01
 iter: 126:1        |ddm|: 7.272058e-05     Tr[DP]  5.648513e-01
 iter: 126:2        |ddm|: 6.578447e-05     Tr[DP]  5.648514e-01
 iter: 127:1        |ddm|: 7.712843e-05     Tr[DP]  5.648513e-01
 iter: 127:2        |ddm|: 6.866865e-05     Tr[DP]  5.648513e-01
 iter: 128:1        |ddm|: 6.709233e-05     Tr[DP]  5.648512e-01
 iter: 128:2        |ddm|: 6.173020e-05     Tr[DP]  5.648512e-01
 iter: 129:1        |ddm|: 6.266437e-05     Tr[DP]  5.648512e-01
 iter: 129:2        |ddm|: 5.831386e-05     Tr[DP]  5.648512e-01
 iter: 130:1        |ddm|: 5.060206e-05     Tr[DP]  5.648512e-01
 iter: 130:2        |ddm|: 5.027562e-05     Tr[DP]  5.648512e-01
 iter: 131:1        |ddm|: 8.066594e-05     Tr[DP]  5.648511e-01
 iter: 131:2        |ddm|: 7.116896e-05     Tr[DP]  5.648511e-01
 iter: 132:1        |ddm|: 4.928866e-05     Tr[DP]  5.648511e-01
 iter: 132:2        |ddm|: 4.587213e-05     Tr[DP]  5.648511e-01
 iter: 133:1        |ddm|: 4.132272e-05     Tr[DP]  5.648511e-01
 iter: 133:2        |ddm|: 4.113114e-05     Tr[DP]  5.648511e-01
 iter: 134:1        |ddm|: 4.418674e-05     Tr[DP]  5.648511e-01
 iter: 134:2        |ddm|: 4.238297e-05     Tr[DP]  5.648511e-01
 iter: 135:1        |ddm|: 4.344003e-05     Tr[DP]  5.648511e-01
 iter: 135:2        |ddm|: 4.282579e-05     Tr[DP]  5.648511e-01
 iter: 136:1        |ddm|: 4.961859e-05     Tr[DP]  5.648510e-01
 iter: 136:2        |ddm|: 4.521428e-05     Tr[DP]  5.648511e-01
 iter: 137:1        |ddm|: 4.363737e-05     Tr[DP]  5.648510e-01
 iter: 137:2        |ddm|: 4.138713e-05     Tr[DP]  5.648510e-01
 iter: 138:1        |ddm|: 5.324389e-05     Tr[DP]  5.648510e-01
 iter: 138:2        |ddm|: 4.709211e-05     Tr[DP]  5.648510e-01
 iter: 139:1        |ddm|: 5.241429e-05     Tr[DP]  5.648509e-01
 iter: 139:2        |ddm|: 4.728445e-05     Tr[DP]  5.648509e-01
 iter: 140:1        |ddm|: 3.317660e-05     Tr[DP]  5.648509e-01
 iter: 140:2        |ddm|: 3.202715e-05     Tr[DP]  5.648509e-01
 iter: 141:1        |ddm|: 3.108546e-05     Tr[DP]  5.648509e-01
 iter: 141:2        |ddm|: 2.992285e-05     Tr[DP]  5.648509e-01
 iter: 142:1        |ddm|: 3.807856e-05     Tr[DP]  5.648509e-01
 iter: 142:2        |ddm|: 3.895664e-05     Tr[DP]  5.648510e-01
 iter: 143:1        |ddm|: 3.769491e-05     Tr[DP]  5.648509e-01
 iter: 143:2        |ddm|: 3.454439e-05     Tr[DP]  5.648510e-01
 iter: 144:1        |ddm|: 3.768879e-05     Tr[DP]  5.648509e-01
 iter: 144:2        |ddm|: 3.445237e-05     Tr[DP]  5.648509e-01
 iter: 145:1        |ddm|: 3.902612e-05     Tr[DP]  5.648509e-01
 iter: 145:2        |ddm|: 3.532381e-05     Tr[DP]  5.648509e-01
 iter: 146:1        |ddm|: 3.386076e-05     Tr[DP]  5.648509e-01
 iter: 146:2        |ddm|: 3.161204e-05     Tr[DP]  5.648509e-01
 iter: 147:1        |ddm|: 2.962588e-05     Tr[DP]  5.648508e-01
 iter: 147:2        |ddm|: 2.806572e-05     Tr[DP]  5.648509e-01
 iter: 148:1        |ddm|: 3.550541e-05     Tr[DP]  5.648508e-01
 iter: 148:2        |ddm|: 3.216356e-05     Tr[DP]  5.648508e-01
 iter: 149:1        |ddm|: 2.533204e-05     Tr[DP]  5.648508e-01
 iter: 149:2        |ddm|: 2.419921e-05     Tr[DP]  5.648508e-01
 iter: 150:1        |ddm|: 2.215623e-05     Tr[DP]  5.648508e-01
 iter: 150:2        |ddm|: 2.228158e-05     Tr[DP]  5.648508e-01
 iter: 151:1        |ddm|: 2.443433e-05     Tr[DP]  5.648508e-01
 iter: 151:2        |ddm|: 2.312287e-05     Tr[DP]  5.648508e-01
 iter: 152:1        |ddm|: 2.366828e-05     Tr[DP]  5.648508e-01
 iter: 152:2        |ddm|: 2.282467e-05     Tr[DP]  5.648508e-01
 iter: 153:1        |ddm|: 2.410998e-05     Tr[DP]  5.648508e-01
 iter: 153:2        |ddm|: 2.287055e-05     Tr[DP]  5.648508e-01
 iter: 154:1        |ddm|: 2.389519e-05     Tr[DP]  5.648508e-01
 iter: 154:2        |ddm|: 2.256550e-05     Tr[DP]  5.648508e-01
 iter: 155:1        |ddm|: 2.339639e-05     Tr[DP]  5.648508e-01
 iter: 155:2        |ddm|: 2.206369e-05     Tr[DP]  5.648508e-01
 iter: 156:1        |ddm|: 2.362631e-05     Tr[DP]  5.648508e-01
 iter: 156:2        |ddm|: 2.199355e-05     Tr[DP]  5.648508e-01
 iter: 157:1        |ddm|: 2.057786e-05     Tr[DP]  5.648508e-01
 iter: 157:2        |ddm|: 1.996573e-05     Tr[DP]  5.648508e-01
 iter: 158:1        |ddm|: 2.377483e-05     Tr[DP]  5.648507e-01
 iter: 158:2        |ddm|: 2.166351e-05     Tr[DP]  5.648508e-01
 iter: 159:1        |ddm|: 2.114570e-05     Tr[DP]  5.648508e-01
 iter: 159:2        |ddm|: 2.170019e-05     Tr[DP]  5.648508e-01
 iter: 160:1        |ddm|: 2.199859e-05     Tr[DP]  5.648508e-01
 iter: 160:2        |ddm|: 2.099744e-05     Tr[DP]  5.648508e-01
 iter: 161:1        |ddm|: 2.299112e-05     Tr[DP]  5.648508e-01
 iter: 161:2        |ddm|: 2.340732e-05     Tr[DP]  5.648508e-01
 iter: 162:1        |ddm|: 3.136746e-05     Tr[DP]  5.648507e-01
 iter: 162:2        |ddm|: 2.850025e-05     Tr[DP]  5.648508e-01
 iter: 163:1        |ddm|: 3.073409e-05     Tr[DP]  5.648507e-01
 iter: 163:2        |ddm|: 2.637913e-05     Tr[DP]  5.648507e-01
 iter: 164:1        |ddm|: 2.652970e-05     Tr[DP]  5.648507e-01
 iter: 164:2        |ddm|: 2.350307e-05     Tr[DP]  5.648507e-01
 iter: 165:1        |ddm|: 3.250841e-05     Tr[DP]  5.648506e-01
 iter: 165:2        |ddm|: 2.872864e-05     Tr[DP]  5.648506e-01
 iter: 166:1        |ddm|: 1.604696e-05     Tr[DP]  5.648507e-01
 iter: 166:2        |ddm|: 1.371526e-05     Tr[DP]  5.648507e-01
 iter: 167:1        |ddm|: 1.260860e-05     Tr[DP]  5.648507e-01
 iter: 167:2        |ddm|: 1.181529e-05     Tr[DP]  5.648507e-01
 iter: 168:1        |ddm|: 1.259875e-05     Tr[DP]  5.648507e-01
 iter: 168:2        |ddm|: 1.217157e-05     Tr[DP]  5.648507e-01
 iter: 169:1        |ddm|: 1.297704e-05     Tr[DP]  5.648507e-01
 iter: 169:2        |ddm|: 1.217926e-05     Tr[DP]  5.648507e-01
 iter: 170:1        |ddm|: 1.228604e-05     Tr[DP]  5.648507e-01
 iter: 170:2        |ddm|: 1.181553e-05     Tr[DP]  5.648507e-01
 iter: 171:1        |ddm|: 1.563687e-05     Tr[DP]  5.648506e-01
 iter: 171:2        |ddm|: 1.423468e-05     Tr[DP]  5.648506e-01
 iter: 172:1        |ddm|: 1.035171e-05     Tr[DP]  5.648506e-01
 iter: 172:2        |ddm|: 1.035362e-05     Tr[DP]  5.648506e-01
 iter: 173:1        |ddm|: 1.233953e-05     Tr[DP]  5.648506e-01
 iter: 173:2        |ddm|: 1.119522e-05     Tr[DP]  5.648506e-01
 iter: 174:1        |ddm|: 1.009805e-05     Tr[DP]  5.648506e-01
 iter: 174:2        |ddm|: 9.729145e-06     Tr[DP]  5.648506e-01
 iter: 175:1        |ddm|: 1.085730e-05     Tr[DP]  5.648506e-01
 iter: 175:2        |ddm|: 1.000306e-05     Tr[DP]  5.648506e-01
 iter: 176:1        |ddm|: 1.274454e-05     Tr[DP]  5.648506e-01
 iter: 176:2        |ddm|: 1.137778e-05     Tr[DP]  5.648506e-01
 iter: 177:1        |ddm|: 8.247439e-06     Tr[DP]  5.648506e-01
 iter: 177:2        |ddm|: 8.151447e-06     Tr[DP]  5.648506e-01
 iter: 178:1        |ddm|: 8.200632e-06     Tr[DP]  5.648506e-01
 iter: 178:2        |ddm|: 8.059553e-06     Tr[DP]  5.648506e-01
 iter: 179:1        |ddm|: 9.700193e-06     Tr[DP]  5.648506e-01
 iter: 179:2        |ddm|: 8.821788e-06     Tr[DP]  5.648506e-01
 iter: 180:1        |ddm|: 8.246485e-06     Tr[DP]  5.648506e-01
 iter: 180:2        |ddm|: 7.810230e-06     Tr[DP]  5.648506e-01
 iter: 181:1        |ddm|: 7.755829e-06     Tr[DP]  5.648506e-01
 iter: 181:2        |ddm|: 7.434917e-06     Tr[DP]  5.648506e-01
 iter: 182:1        |ddm|: 7.458371e-06     Tr[DP]  5.648506e-01
 iter: 182:2        |ddm|: 7.380177e-06     Tr[DP]  5.648506e-01
 iter: 183:1        |ddm|: 7.773681e-06     Tr[DP]  5.648506e-01
 iter: 183:2        |ddm|: 7.584776e-06     Tr[DP]  5.648506e-01
 iter: 184:1        |ddm|: 8.633387e-06     Tr[DP]  5.648506e-01
 iter: 184:2        |ddm|: 7.884354e-06     Tr[DP]  5.648506e-01
 iter: 185:1        |ddm|: 7.580949e-06     Tr[DP]  5.648506e-01
 iter: 185:2        |ddm|: 7.245052e-06     Tr[DP]  5.648506e-01
 iter: 186:1        |ddm|: 7.666127e-06     Tr[DP]  5.648506e-01
 iter: 186:2        |ddm|: 7.180533e-06     Tr[DP]  5.648506e-01
 iter: 187:1        |ddm|: 7.364319e-06     Tr[DP]  5.648506e-01
 iter: 187:2        |ddm|: 6.930092e-06     Tr[DP]  5.648506e-01
 iter: 188:1        |ddm|: 8.279314e-06     Tr[DP]  5.648506e-01
 iter: 188:2        |ddm|: 7.386222e-06     Tr[DP]  5.648506e-01
 iter: 189:1        |ddm|: 9.553641e-06     Tr[DP]  5.648506e-01
 iter: 189:2        |ddm|: 9.517998e-06     Tr[DP]  5.648506e-01
 iter: 190:1        |ddm|: 8.162860e-06     Tr[DP]  5.648506e-01
 iter: 190:2        |ddm|: 7.492654e-06     Tr[DP]  5.648506e-01
 iter: 191:1        |ddm|: 1.250996e-05     Tr[DP]  5.648506e-01
 iter: 191:2        |ddm|: 1.073375e-05     Tr[DP]  5.648506e-01
 iter: 192:1        |ddm|: 8.005962e-06     Tr[DP]  5.648506e-01
 iter: 192:2        |ddm|: 7.411887e-06     Tr[DP]  5.648506e-01
 iter: 193:1        |ddm|: 6.767483e-06     Tr[DP]  5.648506e-01
 iter: 193:2        |ddm|: 6.248966e-06     Tr[DP]  5.648506e-01
 iter: 194:1        |ddm|: 7.529739e-06     Tr[DP]  5.648506e-01
 iter: 194:2        |ddm|: 6.764701e-06     Tr[DP]  5.648506e-01
 iter: 195:1        |ddm|: 4.358039e-06     Tr[DP]  5.648506e-01
 iter: 195:2        |ddm|: 4.185630e-06     Tr[DP]  5.648506e-01
 iter: 196:1        |ddm|: 4.118898e-06     Tr[DP]  5.648506e-01
 iter: 196:2        |ddm|: 3.959925e-06     Tr[DP]  5.648506e-01
 iter: 197:1        |ddm|: 3.949304e-06     Tr[DP]  5.648506e-01
 iter: 197:2        |ddm|: 3.877459e-06     Tr[DP]  5.648506e-01
 iter: 198:1        |ddm|: 4.115954e-06     Tr[DP]  5.648506e-01
 iter: 198:2        |ddm|: 3.968035e-06     Tr[DP]  5.648506e-01
 iter: 199:1        |ddm|: 4.121330e-06     Tr[DP]  5.648506e-01
 iter: 199:2        |ddm|: 3.983513e-06     Tr[DP]  5.648506e-01
 iter: 200:1        |ddm|: 4.159720e-06     Tr[DP]  5.648506e-01
 iter: 200:2        |ddm|: 3.992436e-06     Tr[DP]  5.648506e-01
 iter: 201:1        |ddm|: 4.273899e-06     Tr[DP]  5.648506e-01
 iter: 201:2        |ddm|: 4.011236e-06     Tr[DP]  5.648506e-01
 iter: 202:1        |ddm|: 4.650867e-06     Tr[DP]  5.648505e-01
 iter: 202:2        |ddm|: 4.239327e-06     Tr[DP]  5.648506e-01
 iter: 203:1        |ddm|: 3.973895e-06     Tr[DP]  5.648505e-01
 iter: 203:2        |ddm|: 3.744382e-06     Tr[DP]  5.648505e-01
 iter: 204:1        |ddm|: 3.427925e-06     Tr[DP]  5.648505e-01
 iter: 204:2        |ddm|: 3.316790e-06     Tr[DP]  5.648505e-01
 iter: 205:1        |ddm|: 3.432210e-06     Tr[DP]  5.648505e-01
 iter: 205:2        |ddm|: 3.309712e-06     Tr[DP]  5.648505e-01
 iter: 206:1        |ddm|: 3.501298e-06     Tr[DP]  5.648505e-01
 iter: 206:2        |ddm|: 3.598497e-06     Tr[DP]  5.648505e-01
 iter: 207:1        |ddm|: 4.454896e-06     Tr[DP]  5.648506e-01
 iter: 207:2        |ddm|: 4.584250e-06     Tr[DP]  5.648506e-01
 iter: 208:1        |ddm|: 9.209579e-06     Tr[DP]  5.648505e-01
 iter: 208:2        |ddm|: 7.810880e-06     Tr[DP]  5.648505e-01
 iter: 209:1        |ddm|: 4.487601e-06     Tr[DP]  5.648505e-01
 iter: 209:2        |ddm|: 4.143762e-06     Tr[DP]  5.648505e-01
 iter: 210:1        |ddm|: 3.798817e-06     Tr[DP]  5.648505e-01
 iter: 210:2        |ddm|: 3.471151e-06     Tr[DP]  5.648505e-01
 iter: 211:1        |ddm|: 2.180805e-06     Tr[DP]  5.648505e-01
 iter: 211:2        |ddm|: 2.123119e-06     Tr[DP]  5.648505e-01
 iter: 212:1        |ddm|: 2.377489e-06     Tr[DP]  5.648505e-01
 iter: 212:2        |ddm|: 2.221344e-06     Tr[DP]  5.648505e-01
 iter: 213:1        |ddm|: 2.292265e-06     Tr[DP]  5.648505e-01
 iter: 213:2        |ddm|: 2.182490e-06     Tr[DP]  5.648505e-01
 iter: 214:1        |ddm|: 2.377510e-06     Tr[DP]  5.648505e-01
 iter: 214:2        |ddm|: 2.479151e-06     Tr[DP]  5.648505e-01
 iter: 215:1        |ddm|: 2.824790e-06     Tr[DP]  5.648505e-01
 iter: 215:2        |ddm|: 2.539811e-06     Tr[DP]  5.648505e-01
 iter: 216:1        |ddm|: 2.681005e-06     Tr[DP]  5.648505e-01
 iter: 216:2        |ddm|: 2.469231e-06     Tr[DP]  5.648505e-01
 iter: 217:1        |ddm|: 2.017854e-06     Tr[DP]  5.648505e-01
 iter: 217:2        |ddm|: 1.970141e-06     Tr[DP]  5.648505e-01
 iter: 218:1        |ddm|: 2.065745e-06     Tr[DP]  5.648505e-01
 iter: 218:2        |ddm|: 1.956259e-06     Tr[DP]  5.648505e-01
 iter: 219:1        |ddm|: 2.013121e-06     Tr[DP]  5.648505e-01
 iter: 219:2        |ddm|: 1.906733e-06     Tr[DP]  5.648505e-01
 iter: 220:1        |ddm|: 2.047250e-06     Tr[DP]  5.648505e-01
 iter: 220:2        |ddm|: 1.890985e-06     Tr[DP]  5.648505e-01
 iter: 221:1        |ddm|: 1.837294e-06     Tr[DP]  5.648505e-01
 iter: 221:2        |ddm|: 1.870279e-06     Tr[DP]  5.648505e-01
 iter: 222:1        |ddm|: 2.298489e-06     Tr[DP]  5.648505e-01
 iter: 222:2        |ddm|: 2.343725e-06     Tr[DP]  5.648505e-01
 iter: 223:1        |ddm|: 4.043140e-06     Tr[DP]  5.648505e-01
 iter: 223:2        |ddm|: 3.419582e-06     Tr[DP]  5.648505e-01
 iter: 224:1        |ddm|: 1.655403e-06     Tr[DP]  5.648505e-01
 iter: 224:2        |ddm|: 1.620159e-06     Tr[DP]  5.648505e-01
 iter: 225:1        |ddm|: 2.191365e-06     Tr[DP]  5.648505e-01
 iter: 225:2        |ddm|: 1.962681e-06     Tr[DP]  5.648505e-01
 iter: 226:1        |ddm|: 2.032576e-06     Tr[DP]  5.648505e-01
 iter: 226:2        |ddm|: 1.838540e-06     Tr[DP]  5.648505e-01
 iter: 227:1        |ddm|: 1.368295e-06     Tr[DP]  5.648505e-01
 iter: 227:2        |ddm|: 1.304877e-06     Tr[DP]  5.648505e-01
 iter: 228:1        |ddm|: 1.290518e-06     Tr[DP]  5.648505e-01
 iter: 228:2        |ddm|: 1.222840e-06     Tr[DP]  5.648505e-01
 iter: 229:1        |ddm|: 1.151223e-06     Tr[DP]  5.648505e-01
 iter: 229:2        |ddm|: 1.124435e-06     Tr[DP]  5.648505e-01
 iter: 230:1        |ddm|: 1.190639e-06     Tr[DP]  5.648505e-01
 iter: 230:2        |ddm|: 1.143982e-06     Tr[DP]  5.648505e-01
 iter: 231:1        |ddm|: 1.156998e-06     Tr[DP]  5.648505e-01
 iter: 231:2        |ddm|: 1.146436e-06     Tr[DP]  5.648505e-01
 iter: 232:1        |ddm|: 1.253787e-06     Tr[DP]  5.648505e-01
 iter: 232:2        |ddm|: 1.176954e-06     Tr[DP]  5.648505e-01
 iter: 233:1        |ddm|: 1.185363e-06     Tr[DP]  5.648505e-01
 iter: 233:2        |ddm|: 1.127776e-06     Tr[DP]  5.648505e-01
 iter: 234:1        |ddm|: 1.191508e-06     Tr[DP]  5.648505e-01
 iter: 234:2        |ddm|: 1.124619e-06     Tr[DP]  5.648505e-01
 iter: 235:1        |ddm|: 1.107923e-06     Tr[DP]  5.648505e-01
 iter: 235:2        |ddm|: 1.077541e-06     Tr[DP]  5.648505e-01
 iter: 236:1        |ddm|: 1.120101e-06     Tr[DP]  5.648505e-01
 iter: 236:2        |ddm|: 1.079176e-06     Tr[DP]  5.648505e-01
 iter: 237:1        |ddm|: 1.113166e-06     Tr[DP]  5.648505e-01
 iter: 237:2        |ddm|: 1.079678e-06     Tr[DP]  5.648505e-01
 iter: 238:1        |ddm|: 1.233736e-06     Tr[DP]  5.648505e-01
 iter: 238:2        |ddm|: 1.097364e-06     Tr[DP]  5.648505e-01
 iter: 239:1        |ddm|: 1.171463e-06     Tr[DP]  5.648505e-01
 iter: 239:2        |ddm|: 1.118868e-06     Tr[DP]  5.648505e-01
 iter: 240:1        |ddm|: 1.334328e-06     Tr[DP]  5.648505e-01
 iter: 240:2        |ddm|: 1.167861e-06     Tr[DP]  5.648505e-01
 iter: 241:1        |ddm|: 3.146376e-06     Tr[DP]  5.648505e-01
 iter: 241:2        |ddm|: 2.728241e-06     Tr[DP]  5.648505e-01
 iter: 242:1        |ddm|: 1.524792e-06     Tr[DP]  5.648505e-01
 iter: 242:2        |ddm|: 1.176224e-06     Tr[DP]  5.648505e-01
 iter: 243:1        |ddm|: 8.193654e-07     Tr[DP]  5.648505e-01
 iter: 243:2        |ddm|: 7.111268e-07     Tr[DP]  5.648505e-01
 iter: 244:1        |ddm|: 6.903334e-07     Tr[DP]  5.648505e-01
 iter: 244:2        |ddm|: 6.576853e-07     Tr[DP]  5.648505e-01
 iter: 245:1        |ddm|: 6.544853e-07     Tr[DP]  5.648505e-01
 iter: 245:2        |ddm|: 6.408199e-07     Tr[DP]  5.648505e-01
 iter: 246:1        |ddm|: 6.894262e-07     Tr[DP]  5.648505e-01
 iter: 246:2        |ddm|: 6.505941e-07     Tr[DP]  5.648505e-01
 iter: 247:1        |ddm|: 8.688029e-07     Tr[DP]  5.648505e-01
 iter: 247:2        |ddm|: 7.646417e-07     Tr[DP]  5.648505e-01
 iter: 248:1        |ddm|: 6.122984e-07     Tr[DP]  5.648505e-01
 iter: 248:2        |ddm|: 5.887979e-07     Tr[DP]  5.648505e-01
 iter: 249:1        |ddm|: 5.539330e-07     Tr[DP]  5.648505e-01
 iter: 249:2        |ddm|: 5.387093e-07     Tr[DP]  5.648505e-01
 iter: 250:1        |ddm|: 5.429022e-07     Tr[DP]  5.648505e-01
 iter: 250:2        |ddm|: 5.272454e-07     Tr[DP]  5.648505e-01
 iter: 251:1        |ddm|: 5.867714e-07     Tr[DP]  5.648505e-01
 iter: 251:2        |ddm|: 5.406261e-07     Tr[DP]  5.648505e-01
 iter: 252:1        |ddm|: 5.292810e-07     Tr[DP]  5.648505e-01
 iter: 252:2        |ddm|: 5.081557e-07     Tr[DP]  5.648505e-01
 iter: 253:1        |ddm|: 5.448717e-07     Tr[DP]  5.648505e-01
 iter: 253:2        |ddm|: 5.551232e-07     Tr[DP]  5.648505e-01
 iter: 254:1        |ddm|: 6.734462e-07     Tr[DP]  5.648505e-01
 iter: 254:2        |ddm|: 5.884054e-07     Tr[DP]  5.648505e-01
 iter: 255:1        |ddm|: 5.163895e-07     Tr[DP]  5.648505e-01
 iter: 255:2        |ddm|: 4.976959e-07     Tr[DP]  5.648505e-01
 iter: 256:1        |ddm|: 5.119161e-07     Tr[DP]  5.648505e-01
 iter: 256:2        |ddm|: 4.882473e-07     Tr[DP]  5.648505e-01
 iter: 257:1        |ddm|: 5.040977e-07     Tr[DP]  5.648505e-01
 iter: 257:2        |ddm|: 4.800670e-07     Tr[DP]  5.648505e-01
 iter: 258:1        |ddm|: 4.799380e-07     Tr[DP]  5.648505e-01
 iter: 258:2        |ddm|: 4.650857e-07     Tr[DP]  5.648505e-01
 iter: 259:1        |ddm|: 5.494250e-07     Tr[DP]  5.648505e-01
 iter: 259:2        |ddm|: 5.303331e-07     Tr[DP]  5.648505e-01
 iter: 260:1        |ddm|: 8.318074e-07     Tr[DP]  5.648505e-01
 iter: 260:2        |ddm|: 7.291847e-07     Tr[DP]  5.648505e-01
 iter: 261:1        |ddm|: 5.948837e-07     Tr[DP]  5.648505e-01
 iter: 261:2        |ddm|: 4.516896e-07     Tr[DP]  5.648505e-01
 iter: 262:1        |ddm|: 5.966110e-07     Tr[DP]  5.648505e-01
 iter: 262:2        |ddm|: 5.225756e-07     Tr[DP]  5.648505e-01
 iter: 263:1        |ddm|: 4.241023e-07     Tr[DP]  5.648505e-01
 iter: 263:2        |ddm|: 3.960201e-07     Tr[DP]  5.648505e-01
 iter: 264:1        |ddm|: 2.941380e-07     Tr[DP]  5.648505e-01
 iter: 264:2        |ddm|: 2.890624e-07     Tr[DP]  5.648505e-01
 iter: 265:1        |ddm|: 2.964843e-07     Tr[DP]  5.648505e-01
 iter: 265:2        |ddm|: 2.886373e-07     Tr[DP]  5.648505e-01
 iter: 266:1        |ddm|: 3.044717e-07     Tr[DP]  5.648505e-01
 iter: 266:2        |ddm|: 2.924870e-07     Tr[DP]  5.648505e-01
 iter: 267:1        |ddm|: 2.999823e-07     Tr[DP]  5.648505e-01
 iter: 267:2        |ddm|: 2.910417e-07     Tr[DP]  5.648505e-01
 iter: 268:1        |ddm|: 2.891323e-07     Tr[DP]  5.648505e-01
 iter: 268:2        |ddm|: 2.782127e-07     Tr[DP]  5.648505e-01
 iter: 269:1        |ddm|: 2.868961e-07     Tr[DP]  5.648505e-01
 iter: 269:2        |ddm|: 2.845443e-07     Tr[DP]  5.648505e-01
 iter: 270:1        |ddm|: 3.221397e-07     Tr[DP]  5.648505e-01
 iter: 270:2        |ddm|: 2.941924e-07     Tr[DP]  5.648505e-01
 iter: 271:1        |ddm|: 2.874629e-07     Tr[DP]  5.648505e-01
 iter: 271:2        |ddm|: 2.739799e-07     Tr[DP]  5.648505e-01
 iter: 272:1        |ddm|: 2.831705e-07     Tr[DP]  5.648505e-01
 iter: 272:2        |ddm|: 2.665899e-07     Tr[DP]  5.648505e-01
 iter: 273:1        |ddm|: 2.773551e-07     Tr[DP]  5.648505e-01
 iter: 273:2        |ddm|: 2.586139e-07     Tr[DP]  5.648505e-01
 iter: 274:1        |ddm|: 2.800045e-07     Tr[DP]  5.648505e-01
 iter: 274:2        |ddm|: 2.723803e-07     Tr[DP]  5.648505e-01
 iter: 275:1        |ddm|: 3.959887e-07     Tr[DP]  5.648505e-01
 iter: 275:2        |ddm|: 3.752192e-07     Tr[DP]  5.648505e-01
 iter: 276:1        |ddm|: 7.331543e-07     Tr[DP]  5.648505e-01
 iter: 276:2        |ddm|: 5.689108e-07     Tr[DP]  5.648505e-01
 iter: 277:1        |ddm|: 3.091294e-07     Tr[DP]  5.648505e-01
 iter: 277:2        |ddm|: 2.424835e-07     Tr[DP]  5.648505e-01
 iter: 278:1        |ddm|: 2.966091e-07     Tr[DP]  5.648505e-01
 iter: 278:2        |ddm|: 2.658472e-07     Tr[DP]  5.648505e-01
 iter: 279:1        |ddm|: 2.351496e-07     Tr[DP]  5.648505e-01
 iter: 279:2        |ddm|: 2.204964e-07     Tr[DP]  5.648505e-01
 iter: 280:1        |ddm|: 1.567450e-07     Tr[DP]  5.648505e-01
 iter: 280:2        |ddm|: 1.560656e-07     Tr[DP]  5.648505e-01
 iter: 281:1        |ddm|: 1.745099e-07     Tr[DP]  5.648505e-01
 iter: 281:2        |ddm|: 1.617703e-07     Tr[DP]  5.648505e-01
 iter: 282:1        |ddm|: 1.696201e-07     Tr[DP]  5.648505e-01
 iter: 282:2        |ddm|: 1.591175e-07     Tr[DP]  5.648505e-01
 iter: 283:1        |ddm|: 1.634259e-07     Tr[DP]  5.648505e-01
 iter: 283:2        |ddm|: 1.558823e-07     Tr[DP]  5.648505e-01
 iter: 284:1        |ddm|: 1.554439e-07     Tr[DP]  5.648505e-01
 iter: 284:2        |ddm|: 1.516891e-07     Tr[DP]  5.648505e-01
 iter: 285:1        |ddm|: 1.578247e-07     Tr[DP]  5.648505e-01
 iter: 285:2        |ddm|: 1.531295e-07     Tr[DP]  5.648505e-01
 iter: 286:1        |ddm|: 1.603276e-07     Tr[DP]  5.648505e-01
 iter: 286:2        |ddm|: 1.516555e-07     Tr[DP]  5.648505e-01
 iter: 287:1        |ddm|: 1.668521e-07     Tr[DP]  5.648505e-01
 iter: 287:2        |ddm|: 1.559309e-07     Tr[DP]  5.648505e-01
 iter: 288:1        |ddm|: 1.535150e-07     Tr[DP]  5.648505e-01
 iter: 288:2        |ddm|: 1.475239e-07     Tr[DP]  5.648505e-01
 iter: 289:1        |ddm|: 1.493810e-07     Tr[DP]  5.648505e-01
 iter: 289:2        |ddm|: 1.433588e-07     Tr[DP]  5.648505e-01
 iter: 290:1        |ddm|: 1.474425e-07     Tr[DP]  5.648505e-01
 iter: 290:2        |ddm|: 1.443371e-07     Tr[DP]  5.648505e-01
 iter: 291:1        |ddm|: 1.833758e-07     Tr[DP]  5.648505e-01
 iter: 291:2        |ddm|: 1.491539e-07     Tr[DP]  5.648505e-01
 iter: 292:1        |ddm|: 1.768232e-07     Tr[DP]  5.648505e-01
 iter: 292:2        |ddm|: 1.495291e-07     Tr[DP]  5.648505e-01
 iter: 293:1        |ddm|: 1.448877e-07     Tr[DP]  5.648505e-01
 iter: 293:2        |ddm|: 1.404032e-07     Tr[DP]  5.648505e-01
 iter: 294:1        |ddm|: 1.862002e-07     Tr[DP]  5.648505e-01
 iter: 294:2        |ddm|: 1.925581e-07     Tr[DP]  5.648505e-01
 iter: 295:1        |ddm|: 2.021136e-07     Tr[DP]  5.648505e-01
 iter: 295:2        |ddm|: 1.146720e-07     Tr[DP]  5.648505e-01
 iter: 296:1        |ddm|: 4.010791e-07     Tr[DP]  5.648505e-01
 iter: 296:2        |ddm|: 3.362495e-07     Tr[DP]  5.648505e-01
 iter: 297:1        |ddm|: 1.356231e-07     Tr[DP]  5.648505e-01
 iter: 297:2        |ddm|: 9.376666e-08     Tr[DP]  5.648505e-01
 iter: 298:1        |ddm|: 8.168932e-08     Tr[DP]  5.648505e-01
 iter: 298:2        |ddm|: 7.852123e-08     Tr[DP]  5.648505e-01
 iter: 299:1        |ddm|: 8.369498e-08     Tr[DP]  5.648505e-01
 iter: 299:2        |ddm|: 7.956130e-08     Tr[DP]  5.648505e-01
 iter: 300:1        |ddm|: 8.216957e-08     Tr[DP]  5.648505e-01
 iter: 300:2        |ddm|: 7.867851e-08     Tr[DP]  5.648505e-01
                         Freeze-and-Thaw NOT converged!                         

=================== Subsystem 1 at higher mean-field method ====================
  subiter:   1      |ddm|: 5.917093e-01
  subiter:   2      |ddm|: 1.261590e-01
  subiter:   3      |ddm|: 2.618313e-02
  subiter:   4      |ddm|: 1.541453e-02
  subiter:   5      |ddm|: 4.404075e-03
  subiter:   6      |ddm|: 1.552143e-03
  subiter:   7      |ddm|: 6.716318e-04
  subiter:   8      |ddm|: 1.663967e-04
  subiter:   9      |ddm|: 4.656650e-05
  subiter:  10      |ddm|: 2.115897e-05
  subiter:  11      |ddm|: 1.388011e-05
  subiter:  12      |ddm|: 2.874755e-06
  subiter:  13      |ddm|: 1.869366e-06
  subiter:  14      |ddm|: 4.775451e-07
  subiter:  15      |ddm|: 2.371671e-07
  subiter:  16      |ddm|: 4.352592e-08
  subiter:  17      |ddm|: 1.225580e-08
  subiter:  18      |ddm|: 1.027171e-08
  subiter:  19      |ddm|: 4.021413e-09


******** <class 'pyscf.scf.hf.RHF'> flags ********
method = RHF
initial guess = minao
damping factor = 0
level shift factor = 0
DIIS = <class 'pyscf.scf.diis.CDIIS'>
DIIS start cycle = 1
DIIS space = 8
SCF tol = 1e-09
SCF gradient tol = None
max. SCF cycles = 100
direct_scf = True
direct_scf_tol = 1e-13
chkfile to save SCF result = /panfs/roc/scratch/graha682/D150/201712_ccpVDZ_NEVPT2_m06_150_6c12h24/tmpMG1_qf
max_memory 4000 MB (current use 917 MB)
Set gradient conv threshold to 3.16228e-05
init E= -232.128011860838
  HOMO = -0.320909243174942  LUMO = 0.165949746310858
cycle= 1 E= -232.128011860837  delta_E= 3.98e-13  |g|= 1.94e-09  |ddm|= 9.67e-09
  HOMO = -0.320909243054226  LUMO = 0.165949746377366
Extra cycle  E= -232.128011860836  delta_E= 1.02e-12  |g|= 8.94e-10  |ddm|= 4.23e-09
converged SCF energy = -232.128011860836


******** <class 'pyscf.dft.rks.RKS'> flags ********
method = RKS
initial guess = atom
damping factor = 0
level shift factor = 0.0
DIIS = <class 'pyscf.scf.diis.CDIIS'>
DIIS start cycle = 1
DIIS space = 8
SCF tol = 1e-08
SCF gradient tol = 1e-08
max. SCF cycles = 1
direct_scf = True
direct_scf_tol = 1e-13
chkfile to save SCF result = /panfs/roc/scratch/graha682/D150/201712_ccpVDZ_NEVPT2_m06_150_6c12h24/tmp2gUl5f
max_memory 4000 MB (current use 912 MB)
XC functionals = m06
small_rho_cutoff = 1e-20
radial grids: Treutler-Ahlrichs (JCP 102, 346 (M4)) radial grids
becke partition: Becke, JCP, 88, 2547 (1988)
pruning grids: <function nwchem_prune at 0x17d45f0>
grids dens level: 4
symmetrized grids: False
atomic radii adjust function: <function treutler_atomic_radii_adjust at 0x17d4488>
init E= -233.708097378748
  HOMO = -0.233428213762147  LUMO = 0.0181240524029715
cycle= 1 E= -233.708097378748  delta_E= -5.68e-14  |g|= 5.86e-08  |ddm|= 8.2e-08
  HOMO = -0.233428213669939  LUMO = 0.0181240523583904
Extra cycle  E= -233.708097378747  delta_E= 5.12e-13  |g|= 1.07e-07  |ddm|= 1.28e-07
SCF not converged.
SCF energy = -233.708097378747 after 1 cycles
 iter: 301:1        |ddm|: 7.026952e-01     Tr[DP]  6.669727e-01

******** <class 'pyscf.mcscf.mc1step.CASSCF'> flags ********
CAS (1e+1e, 2o), ncore = 22, nvir = 110
max_cycle_macro = 50
max_cycle_micro = 4
conv_tol = 1e-07
conv_tol_grad = None
orbital rotation max_stepsize = 0.02
augmented hessian ah_max_cycle = 30
augmented hessian ah_conv_tol = 1e-12
augmented hessian ah_linear dependence = 1e-14
augmented hessian ah_level shift = 0
augmented hessian ah_start_tol = 2.5
augmented hessian ah_start_cycle = 3
augmented hessian ah_grad_trust_region = 3
kf_trust_region = 3
kf_interval = 4
ci_response_space = 4
ci_grad_trust_region = 3
with_dep4 0
natorb = False
canonicalization = True
sorting_mo_energy = False
chkfile = /panfs/roc/scratch/graha682/D150/201712_ccpVDZ_NEVPT2_m06_150_6c12h24/tmpMG1_qf
max_memory 4000 MB (current use 922 MB)
internal_rotation = False
******** <class 'pyscf.fci.direct_spin1.FCISolver'> flags ********
max. cycles = 50
conv_tol = 1e-08
davidson only = False
linear dependence = 1e-10
level shift = 0.001
max iter space = 12
max_memory 4000 MB
nroots = 1
pspace_size = 400
spin = None
CASCI E = -232.133748262166  S^2 = 0.0000000
Set conv_tol_grad to 0.000316228
macro iter 1 (21 JK  4 micro), CASSCF E = -232.153227413065  dE = -0.019479151  S^2 = 0.0000000
               |grad[o]|=0.0176  |grad[c]|= 0.0350580369152  |ddm|= 0.06
macro iter 2 (16 JK  4 micro), CASSCF E = -232.15567903968  dE = -0.0024516266  S^2 = 0.0000000
               |grad[o]|=0.024  |grad[c]|= 0.00564094800067  |ddm|=0.00369
macro iter 3 (9 JK  3 micro), CASSCF E = -232.155684425545  dE = -5.3858645e-06  S^2 = 0.0000000
               |grad[o]|=0.000955  |grad[c]|= 4.15705136036e-05  |ddm|=0.000354
macro iter 4 (3 JK  1 micro), CASSCF E = -232.155684426642  dE = -1.0967369e-09  S^2 = 0.0000000
               |grad[o]|=3.09e-05  |grad[c]|= 1.41032313814e-06  |ddm|=4.33e-06
1-step CASSCF converged in 4 macro (49 JK 12 micro) steps
CASSCF canonicalization
CASSCF energy = -232.155684426642
Hartree-Fock Energy:  -232.12801186083615
CAS Correlation:       -0.02767256580555
CAS Energy:          -232.15568442664170
Sr    (-1)',   E = -0.00000000000283
Si    (+1)',   E = -0.00000000000951
Sijrs (0)  ,   E = -0.75660736282614
Sijr  (+1) ,   E = -0.01729982355979
Srsi  (-1) ,   E = -0.05839447881537
Srs   (-2) ,   E = -0.00473336717528
Sij   (+2) ,   E = -0.00097468514131
Sir   (0)' ,   E = -0.03701581252762
Nevpt2 Energy = -0.875025530057870
NEVPT2 =   -0.875025530057870
Total NEVPT2 = -233.030709956699582

============================== Supermolecular DFT ==============================
  subiter:   1      |ddm|: 3.622507e+00
  subiter:   2      |ddm|: 3.148099e-01
  subiter:   3      |ddm|: 1.905303e-01
  subiter:   4      |ddm|: 1.927517e-02
  subiter:   5      |ddm|: 5.758202e-03
  subiter:   6      |ddm|: 1.974907e-03
  subiter:   7      |ddm|: 6.582373e-04
  subiter:   8      |ddm|: 2.159856e-04
  subiter:   9      |ddm|: 6.808720e-05
  subiter:  10      |ddm|: 1.651267e-05
  subiter:  11      |ddm|: 4.953794e-06
  subiter:  12      |ddm|: 3.133683e-06
  subiter:  13      |ddm|: 6.661870e-07
  subiter:  14      |ddm|: 2.695356e-07
  subiter:  15      |ddm|: 1.704542e-07
  subiter:  16      |ddm|: 3.733407e-08
  subiter:  17      |ddm|: 6.645308e-09


******** <class 'pyscf.dft.rks.RKS'> flags ********
method = RKS
initial guess = atom
damping factor = 0
level shift factor = 0.0
DIIS = <class 'pyscf.scf.diis.CDIIS'>
DIIS start cycle = 1
DIIS space = 8
SCF tol = 1e-08
SCF gradient tol = 1e-08
max. SCF cycles = 100
direct_scf = True
direct_scf_tol = 1e-13
chkfile to save SCF result = /panfs/roc/scratch/graha682/D150/201712_ccpVDZ_NEVPT2_m06_150_6c12h24/tmpM2ZvoI
max_memory 4000 MB (current use 932 MB)
XC functionals = m06
small_rho_cutoff = 1e-20
radial grids: Treutler-Ahlrichs (JCP 102, 346 (M4)) radial grids
becke partition: Becke, JCP, 88, 2547 (1988)
pruning grids: <function nwchem_prune at 0x17d45f0>
grids dens level: 4
symmetrized grids: False
atomic radii adjust function: <function treutler_atomic_radii_adjust at 0x17d4488>
init E= -471.307276172514
  HOMO = -0.234006167257411  LUMO = 0.0116383350115556
cycle= 1 E= -471.307276172513  delta_E= 6.82e-13  |g|= 4.54e-09  |ddm|= 1.23e-08
  HOMO = -0.234006167072899  LUMO = 0.0116383352332024
Extra cycle  E= -471.307276172511  delta_E= 1.59e-12  |g|= 7.24e-09  |ddm|= 1.15e-08
converged SCF energy = -471.307276172511
Supermolecular DFT   -471.30727617251375

============================== Embedding Energies ==============================
Subsystem DFT              -233.70809737874717
Interaction                -237.35372889304145
DFT-in-DFT                 -471.06182627178862
Supermolecular DFT         -471.30727617251375
Difference                   -0.24544990072513
Corrected DFT-in-DFT       -471.30727617251375
WF-in-DFT                  -470.38443884974106
Corrected WF-in-DFT        -470.62988875046619
================================================================================
TIMING STATISTICS:
     overlap integrals      0.05s   ( 0.00%)
    initial subsystems      0.19s   ( 0.00%)
           2e matrices  10024.92s   (92.47%)
      tot. embed. of 1  10070.46s   (92.89%)
      tot. embed. of 2      2.01s   ( 0.02%)
       freeze and thaw  10072.53s   (92.91%)
                   cas      6.16s   ( 0.06%)
                nevpt2      0.67s   ( 0.01%)
  interaction energies    759.29s   ( 7.00%)
                 TOTAL  10840.84s
================================================================================

********************************************************************************
*                              END OF CALCULATION                              *
********************************************************************************
