********************************************************************************
*                              PySCF CALCULATION                               *
********************************************************************************

================================== Input File ==================================
atoms
C         -6.83233       -0.37125        0.10501
C         -5.57145        0.46586        0.01843
H         -7.74481        0.24433        0.07273
H         -6.85987       -0.95547        1.04063
H         -6.89008       -1.09261       -0.72793
C         -4.30046       -0.36446        0.05866
H         -5.54869        1.20259        0.84425
H         -5.58039        1.06887       -0.90978
C         -3.02903        0.45956       -0.02603
H         -4.31701       -1.10229       -0.76863
H         -4.28589       -0.96994        0.98723
C         -1.75902       -0.37039        0.01167
H         -3.01189        1.19593        0.80232
H         -3.04466        1.06598       -0.95378
C         -0.48794        0.45452       -0.07185
H         -1.77532       -1.10602       -0.81731
H         -1.74330       -0.97758        0.93885
C          0.78203       -0.37557       -0.03602
H         -0.47081        1.18921        0.75792
H         -0.50413        1.06274       -0.99837
C          2.05287        0.44973       -0.11804
H          0.76560       -1.10952       -0.86645
H          0.79800       -0.98443        0.88994
C          3.32241       -0.38057       -0.08423
H          2.07014        1.18255        0.71336
H          2.03699        1.06007       -1.04333
C          4.59324        0.45363       -0.16418
H          3.30892       -1.10960       -0.91885
H          3.34237       -0.99263        0.83821
C          5.85464       -0.34517       -0.20325
H          4.62905        1.17482        0.67463
H          4.55559        1.06796       -1.08633
C          6.95816       -0.08832        0.49901
H          6.94287        0.60305        1.35072
H          7.91887       -0.55291        0.25731
H          5.90969       -1.09051       -1.01234
end

basis cc-pVDZ
scf
method cas[2,2]/nevpt2
grid 4
conv 1e-8
grad 1e-8
maxiter 100
end
================================== End Input ===================================


******** <class 'pyscf.scf.hf.RHF'> flags ********
method = RHF
initial guess = atom
damping factor = 0
level shift factor = 0
DIIS = <class 'pyscf.scf.diis.CDIIS'>
DIIS start cycle = 1
DIIS space = 8
SCF tol = 1e-08
SCF gradient tol = 1e-08
max. SCF cycles = 100
direct_scf = True
direct_scf_tol = 1e-13
chkfile to save SCF result = /panfs/roc/scratch/graha682/D15/201711_ccpVDZ_NEVPT2_15c12h24/tmpkW3Jd5
max_memory 4000 MB (current use 45 MB)
Initial guess from superpostion of atomic densties.
init E= -475.472545685589
  HOMO = -0.373063926391245  LUMO = -0.054548608054465
cycle= 1 E= -468.141801552876  delta_E= 7.33  |g|= 0.883  |ddm|= 5.35
  HOMO = -0.305922073466341  LUMO = 0.188227104269118
cycle= 2 E= -468.384404149393  delta_E= -0.243  |g|= 0.285  |ddm|= 0.945
  HOMO = -0.364451144780364  LUMO = 0.157212962949054
cycle= 3 E= -468.410033333043  delta_E= -0.0256  |g|= 0.093  |ddm|= 0.343
  HOMO = -0.35402678994642  LUMO = 0.168367424300186
cycle= 4 E= -468.413163881587  delta_E= -0.00313  |g|= 0.0091  |ddm|= 0.119
  HOMO = -0.351968545802793  LUMO = 0.169616708471055
cycle= 5 E= -468.413195013221  delta_E= -3.11e-05  |g|= 0.00381  |ddm|= 0.0136
  HOMO = -0.352640776533098  LUMO = 0.169204757290242
cycle= 6 E= -468.413199696327  delta_E= -4.68e-06  |g|= 0.000636  |ddm|= 0.00455
  HOMO = -0.352749982891858  LUMO = 0.169127513607166
cycle= 7 E= -468.413199928789  delta_E= -2.32e-07  |g|= 0.000319  |ddm|= 0.00119
  HOMO = -0.35271521755469  LUMO = 0.169159752989524
cycle= 8 E= -468.413199972366  delta_E= -4.36e-08  |g|= 7.65e-05  |ddm|= 0.000525
  HOMO = -0.35272020993109  LUMO = 0.169153073704428
cycle= 9 E= -468.413199977792  delta_E= -5.43e-09  |g|= 4.07e-05  |ddm|= 0.00018
  HOMO = -0.352722629889423  LUMO = 0.169151905260438
cycle= 10 E= -468.413199978804  delta_E= -1.01e-09  |g|= 1.33e-05  |ddm|= 8.34e-05
  HOMO = -0.352721533359952  LUMO = 0.169152698539597
cycle= 11 E= -468.413199978955  delta_E= -1.51e-10  |g|= 2.61e-06  |ddm|= 3.77e-05
  HOMO = -0.352721646115668  LUMO = 0.169152648474866
cycle= 12 E= -468.413199978957  delta_E= -2.27e-12  |g|= 6.41e-07  |ddm|= 5e-06
  HOMO = -0.352721709882355  LUMO = 0.169152607495004
cycle= 13 E= -468.413199978957  delta_E= -4.55e-13  |g|= 2.12e-07  |ddm|= 1.42e-06
  HOMO = -0.352721678421558  LUMO = 0.169152629825291
cycle= 14 E= -468.413199978957  delta_E=    0  |g|= 7.33e-08  |ddm|= 5.33e-07
  HOMO = -0.352721693569493  LUMO = 0.169152619906339
cycle= 15 E= -468.413199978957  delta_E= 2.27e-13  |g|= 2.58e-08  |ddm|= 1.63e-07
  HOMO = -0.352721693318351  LUMO = 0.169152619756994
cycle= 16 E= -468.413199978955  delta_E= 2.5e-12  |g|= 1.54e-08  |ddm|= 3.03e-08
  HOMO = -0.352721692305848  LUMO = 0.169152620020822
cycle= 17 E= -468.413199978955  delta_E= -4.55e-13  |g|= 6.26e-09  |ddm|= 3.47e-08
  HOMO = -0.352721691703304  LUMO = 0.169152620639368
Extra cycle  E= -468.413199978949  delta_E= 5.68e-12  |g|= 3.05e-09  |ddm|= 9.99e-09
converged SCF energy = -468.413199978949

******** <class 'pyscf.mcscf.mc1step.CASSCF'> flags ********
CAS (1e+1e, 2o), ncore = 47, nvir = 239
max_cycle_macro = 50
max_cycle_micro = 4
conv_tol = 1e-07
conv_tol_grad = None
orbital rotation max_stepsize = 0.02
augmented hessian ah_max_cycle = 30
augmented hessian ah_conv_tol = 1e-12
augmented hessian ah_linear dependence = 1e-14
augmented hessian ah_level shift = 0
augmented hessian ah_start_tol = 2.5
augmented hessian ah_start_cycle = 3
augmented hessian ah_grad_trust_region = 3
kf_trust_region = 3
kf_interval = 4
ci_response_space = 4
ci_grad_trust_region = 3
with_dep4 0
natorb = False
canonicalization = True
sorting_mo_energy = False
chkfile = /panfs/roc/scratch/graha682/D15/201711_ccpVDZ_NEVPT2_15c12h24/tmpkW3Jd5
max_memory 4000 MB (current use 161 MB)
internal_rotation = False
******** <class 'pyscf.fci.direct_spin1.FCISolver'> flags ********
max. cycles = 50
conv_tol = 1e-08
davidson only = False
linear dependence = 1e-10
level shift = 0.001
max iter space = 12
max_memory 4000 MB
nroots = 1
pspace_size = 400
spin = None
CASCI E = -468.421547848136  S^2 = 0.0000000
Set conv_tol_grad to 0.000316228
macro iter 1 (21 JK  4 micro), CASSCF E = -468.440122540653  dE = -0.018574693  S^2 = 0.0000000
               |grad[o]|=0.0218  |grad[c]|= 0.0195905578433  |ddm|=0.0602
macro iter 2 (14 JK  4 micro), CASSCF E = -468.440703409865  dE = -0.00058086921  S^2 = 0.0000000
               |grad[o]|=0.0144  |grad[c]|= 0.00106085652045  |ddm|=0.0124
macro iter 3 (7 JK  2 micro), CASSCF E = -468.440703787954  dE = -3.7808894e-07  S^2 = 0.0000000
               |grad[o]|=0.000242  |grad[c]|= 8.68832414791e-06  |ddm|=7.58e-05
macro iter 4 (1 JK  1 micro), CASSCF E = -468.440703787954  dE = -3.9790393e-13  S^2 = 0.0000000
               |grad[o]|=1.94e-05  |grad[c]|= 5.90014196189e-07  |ddm|=1.01e-06
1-step CASSCF converged in 4 macro (43 JK 11 micro) steps
CASSCF canonicalization
CASSCF energy = -468.440703787954
Sr    (-1)',   E = 0.00000000004378
Si    (+1)',   E = -0.00000000076068
Sijrs (0)  ,   E = -1.61235427049831
Sijr  (+1) ,   E = -0.01166119834023
Srsi  (-1) ,   E = -0.05221528984790
Srs   (-2) ,   E = -0.00476239687217
Sij   (+2) ,   E = -0.00095025389578
Sir   (0)' ,   E = -0.03480582770545
Nevpt2 Energy = -1.716749237876746
Total NEVPT2 = -470.157453025830705
================================================================================
TIMING STATISTICS:
                    hf     45.42s   (14.75%)
                   cas    218.48s   (70.95%)
                nevpt2     43.98s   (14.28%)
                 TOTAL    307.93s
================================================================================

********************************************************************************
*                              END OF CALCULATION                              *
********************************************************************************
