********************************************************************************
*                         FREEZE-AND-THAW CALCULATION                          *
********************************************************************************

================================== Input File ==================================

subsystem
C         -6.81482       -0.41549        0.09427
C         -5.56148        0.43723        0.09291
H         -7.73235        0.19144        0.14284
H         -6.82759       -1.10433        0.95613
H         -6.87608       -1.03606       -0.81600
C         -4.28367       -0.38105        0.02769
H         -5.53674        1.07536        0.99703
H         -5.58394        1.14190       -0.76043
charge -1
end

subsystem
C         -3.01935        0.45820        0.02465
H         -4.30287       -1.02142       -0.87709
H         -4.25514       -1.08693        0.88207
C         -1.74266       -0.35996       -0.03904
H         -3.00074        1.09896        0.92895
H         -3.04752        1.16304       -0.83040
C         -0.47847        0.47976       -0.04293
H         -1.76110       -1.00126       -0.94290
H         -1.71376       -1.06425        0.81637
C          0.79802       -0.33883       -0.10518
H         -0.46018        1.12167        0.86050
H         -0.50662        1.18344       -0.89888
C          2.06200        0.50111       -0.10950
H          0.77978       -0.98111       -1.00834
H          0.82666       -1.04193        0.75105
C          3.33732       -0.31883       -0.17142
H          2.08069        1.14302        0.79384
H          2.03455        1.20447       -0.96577
C          4.60273        0.52976       -0.16834
H          3.32340       -0.95577       -1.07810
H          3.36997       -1.02445        0.68126
C          5.85143       -0.28248       -0.26722
H          4.63441        1.15491        0.74389
H          4.55409        1.23665       -1.02083
C          6.83939       -0.29097        0.62649
H          7.73184       -0.91032        0.49630
H          6.79259        0.32734        1.53123
H          5.93402       -0.92507       -1.15699
charge +1
end

embed
 huzinaga
 cycles 300
 conv 1e-8
 method m06
end

basis aug-cc-pVDZ
method cas[2,2]/nevpt2
grid 4
conv 1e-8
grad 1e-8
maxiter 100
================================== End Input ===================================
tot grids = 725328

                      Getting subsystem overlap integrals                       

                          Initial subsystem densities                           
Guessing initial subsystem densities
Initial guess from superpostion of atomic densties.
Guessing initial subsystem densities
Initial guess from superpostion of atomic densties.

=========================== Starting Freeze-and-Thaw ===========================
 iter:   1:1        |ddm|: 1.726932e+01     Tr[DP]  7.643541e-01
 iter:   1:2        |ddm|: 5.546300e+01     Tr[DP]  2.858179e-01
 iter:   2:1        |ddm|: 1.342930e+02     Tr[DP]  1.067129e-01
 iter:   2:2        |ddm|: 5.471394e+01     Tr[DP]  1.606650e-01
 iter:   3:1        |ddm|: 1.336031e+02     Tr[DP]  2.892269e-01
 iter:   3:2        |ddm|: 4.008105e+01     Tr[DP]  1.821965e-01
 iter:   4:1        |ddm|: 3.468454e+01     Tr[DP]  1.321727e-01
 iter:   4:2        |ddm|: 1.580795e+01     Tr[DP]  1.308783e-01
 iter:   5:1        |ddm|: 9.222680e+00     Tr[DP]  1.320580e-01
 iter:   5:2        |ddm|: 1.155843e+01     Tr[DP]  1.253926e-01
 iter:   6:1        |ddm|: 5.830823e+00     Tr[DP]  1.402148e-01
 iter:   6:2        |ddm|: 9.492315e+00     Tr[DP]  1.209607e-01
 iter:   7:1        |ddm|: 5.188191e+00     Tr[DP]  1.447289e-01
 iter:   7:2        |ddm|: 5.361793e+00     Tr[DP]  1.207102e-01
 iter:   8:1        |ddm|: 5.351795e+00     Tr[DP]  1.473583e-01
 iter:   8:2        |ddm|: 3.071280e+00     Tr[DP]  1.245916e-01
 iter:   9:1        |ddm|: 4.476937e+00     Tr[DP]  1.489089e-01
 iter:   9:2        |ddm|: 2.078978e+00     Tr[DP]  1.282768e-01
 iter:  10:1        |ddm|: 3.099925e+00     Tr[DP]  1.502396e-01
 iter:  10:2        |ddm|: 1.761072e+00     Tr[DP]  1.304909e-01
 iter:  11:1        |ddm|: 2.903566e+00     Tr[DP]  1.509064e-01
 iter:  11:2        |ddm|: 1.100313e+00     Tr[DP]  1.337088e-01
 iter:  12:1        |ddm|: 2.535116e+00     Tr[DP]  1.520552e-01
 iter:  12:2        |ddm|: 8.558970e-01     Tr[DP]  1.363202e-01
 iter:  13:1        |ddm|: 1.833151e+00     Tr[DP]  1.528856e-01
 iter:  13:2        |ddm|: 8.755546e-01     Tr[DP]  1.378500e-01
 iter:  14:1        |ddm|: 1.320792e+00     Tr[DP]  1.532581e-01
 iter:  14:2        |ddm|: 7.564920e-01     Tr[DP]  1.389641e-01
 iter:  15:1        |ddm|: 1.927278e+00     Tr[DP]  1.533229e-01
 iter:  15:2        |ddm|: 7.046160e-01     Tr[DP]  1.415272e-01
 iter:  16:1        |ddm|: 1.687621e+00     Tr[DP]  1.541870e-01
 iter:  16:2        |ddm|: 6.036826e-01     Tr[DP]  1.429173e-01
 iter:  17:1        |ddm|: 1.111275e+00     Tr[DP]  1.547507e-01
 iter:  17:2        |ddm|: 5.662785e-01     Tr[DP]  1.432470e-01
 iter:  18:1        |ddm|: 1.015394e+00     Tr[DP]  1.547183e-01
 iter:  18:2        |ddm|: 4.589255e-01     Tr[DP]  1.440375e-01
 iter:  19:1        |ddm|: 8.362681e-01     Tr[DP]  1.547033e-01
 iter:  19:2        |ddm|: 4.190498e-01     Tr[DP]  1.445254e-01
 iter:  20:1        |ddm|: 7.942069e-01     Tr[DP]  1.545328e-01
 iter:  20:2        |ddm|: 4.027882e-01     Tr[DP]  1.450828e-01
 iter:  21:1        |ddm|: 6.660339e-01     Tr[DP]  1.543757e-01
 iter:  21:2        |ddm|: 3.923624e-01     Tr[DP]  1.453381e-01
 iter:  22:1        |ddm|: 5.913460e-01     Tr[DP]  1.540972e-01
 iter:  22:2        |ddm|: 4.082761e-01     Tr[DP]  1.455575e-01
 iter:  23:1        |ddm|: 5.462805e-01     Tr[DP]  1.538058e-01
 iter:  23:2        |ddm|: 5.606541e-01     Tr[DP]  1.456914e-01
 iter:  24:1        |ddm|: 4.785912e-01     Tr[DP]  1.535464e-01
 iter:  24:2        |ddm|: 4.068482e-01     Tr[DP]  1.458174e-01
 iter:  25:1        |ddm|: 4.118187e-01     Tr[DP]  1.531650e-01
 iter:  25:2        |ddm|: 4.189319e-01     Tr[DP]  1.458468e-01
 iter:  26:1        |ddm|: 3.430424e-01     Tr[DP]  1.527428e-01
 iter:  26:2        |ddm|: 4.498435e-01     Tr[DP]  1.457903e-01
 iter:  27:1        |ddm|: 8.561185e-01     Tr[DP]  1.522633e-01
 iter:  27:2        |ddm|: 6.161974e-01     Tr[DP]  1.469941e-01
 iter:  28:1        |ddm|: 5.709828e-01     Tr[DP]  1.523795e-01
 iter:  28:2        |ddm|: 3.312732e-01     Tr[DP]  1.465044e-01
 iter:  29:1        |ddm|: 4.440833e-01     Tr[DP]  1.520823e-01
 iter:  29:2        |ddm|: 2.941892e-01     Tr[DP]  1.460380e-01
 iter:  30:1        |ddm|: 3.777651e-01     Tr[DP]  1.516811e-01
 iter:  30:2        |ddm|: 3.149074e-01     Tr[DP]  1.456519e-01
 iter:  31:1        |ddm|: 6.713159e-01     Tr[DP]  1.512657e-01
 iter:  31:2        |ddm|: 5.660998e-01     Tr[DP]  1.463126e-01
 iter:  32:1        |ddm|: 4.129615e-01     Tr[DP]  1.509364e-01
 iter:  32:2        |ddm|: 3.035760e-01     Tr[DP]  1.453655e-01
 iter:  33:1        |ddm|: 3.404672e-01     Tr[DP]  1.504984e-01
 iter:  33:2        |ddm|: 2.983816e-01     Tr[DP]  1.447368e-01
 iter:  34:1        |ddm|: 3.004107e-01     Tr[DP]  1.499755e-01
 iter:  34:2        |ddm|: 3.333690e-01     Tr[DP]  1.442467e-01
 iter:  35:1        |ddm|: 2.848264e-01     Tr[DP]  1.494413e-01
 iter:  35:2        |ddm|: 3.440530e-01     Tr[DP]  1.438999e-01
 iter:  36:1        |ddm|: 3.304148e-01     Tr[DP]  1.489322e-01
 iter:  36:2        |ddm|: 3.220375e-01     Tr[DP]  1.437800e-01
 iter:  37:1        |ddm|: 2.465625e-01     Tr[DP]  1.483973e-01
 iter:  37:2        |ddm|: 3.262651e-01     Tr[DP]  1.430916e-01
 iter:  38:1        |ddm|: 2.598446e-01     Tr[DP]  1.478802e-01
 iter:  38:2        |ddm|: 3.235528e-01     Tr[DP]  1.427959e-01
 iter:  39:1        |ddm|: 3.338103e-01     Tr[DP]  1.474229e-01
 iter:  39:2        |ddm|: 3.273551e-01     Tr[DP]  1.428146e-01
 iter:  40:1        |ddm|: 2.326475e-01     Tr[DP]  1.468575e-01
 iter:  40:2        |ddm|: 2.748076e-01     Tr[DP]  1.419045e-01
 iter:  41:1        |ddm|: 1.900569e-01     Tr[DP]  1.462857e-01
 iter:  41:2        |ddm|: 3.537108e-01     Tr[DP]  1.411665e-01
 iter:  42:1        |ddm|: 1.972823e-01     Tr[DP]  1.457611e-01
 iter:  42:2        |ddm|: 3.549053e-01     Tr[DP]  1.408529e-01
 iter:  43:1        |ddm|: 1.932989e-01     Tr[DP]  1.452432e-01
 iter:  43:2        |ddm|: 3.357144e-01     Tr[DP]  1.405026e-01
 iter:  44:1        |ddm|: 1.805651e-01     Tr[DP]  1.447287e-01
 iter:  44:2        |ddm|: 3.255237e-01     Tr[DP]  1.400805e-01
 iter:  45:1        |ddm|: 1.752839e-01     Tr[DP]  1.442263e-01
 iter:  45:2        |ddm|: 3.168363e-01     Tr[DP]  1.396917e-01
 iter:  46:1        |ddm|: 1.589182e-01     Tr[DP]  1.437157e-01
 iter:  46:2        |ddm|: 3.218684e-01     Tr[DP]  1.392281e-01
 iter:  47:1        |ddm|: 1.468127e-01     Tr[DP]  1.432222e-01
 iter:  47:2        |ddm|: 3.307624e-01     Tr[DP]  1.388039e-01
 iter:  48:1        |ddm|: 1.883415e-01     Tr[DP]  1.427852e-01
 iter:  48:2        |ddm|: 2.976828e-01     Tr[DP]  1.387254e-01
 iter:  49:1        |ddm|: 1.766494e-01     Tr[DP]  1.423201e-01
 iter:  49:2        |ddm|: 2.503329e-01     Tr[DP]  1.383084e-01
 iter:  50:1        |ddm|: 1.675446e-01     Tr[DP]  1.418401e-01
 iter:  50:2        |ddm|: 2.383227e-01     Tr[DP]  1.378189e-01
 iter:  51:1        |ddm|: 1.596359e-01     Tr[DP]  1.413514e-01
 iter:  51:2        |ddm|: 2.380000e-01     Tr[DP]  1.373022e-01
 iter:  52:1        |ddm|: 3.289278e-01     Tr[DP]  1.412787e-01
 iter:  52:2        |ddm|: 5.452580e-01     Tr[DP]  1.375921e-01
 iter:  53:1        |ddm|: 1.697897e-01     Tr[DP]  1.402889e-01
 iter:  53:2        |ddm|: 2.669054e-01     Tr[DP]  1.358556e-01
 iter:  54:1        |ddm|: 1.444887e-01     Tr[DP]  1.395496e-01
 iter:  54:2        |ddm|: 3.613548e-01     Tr[DP]  1.349334e-01
 iter:  55:1        |ddm|: 1.440121e-01     Tr[DP]  1.390744e-01
 iter:  55:2        |ddm|: 3.279204e-01     Tr[DP]  1.346346e-01
 iter:  56:1        |ddm|: 1.265707e-01     Tr[DP]  1.385191e-01
 iter:  56:2        |ddm|: 3.327155e-01     Tr[DP]  1.341480e-01
 iter:  57:1        |ddm|: 1.327670e-01     Tr[DP]  1.380553e-01
 iter:  57:2        |ddm|: 3.018037e-01     Tr[DP]  1.338426e-01
 iter:  58:1        |ddm|: 1.326956e-01     Tr[DP]  1.375784e-01
 iter:  58:2        |ddm|: 2.691928e-01     Tr[DP]  1.334412e-01
 iter:  59:1        |ddm|: 1.271107e-01     Tr[DP]  1.370513e-01
 iter:  59:2        |ddm|: 2.578038e-01     Tr[DP]  1.329415e-01
 iter:  60:1        |ddm|: 1.210641e-01     Tr[DP]  1.365206e-01
 iter:  60:2        |ddm|: 2.626570e-01     Tr[DP]  1.324361e-01
 iter:  61:1        |ddm|: 1.208377e-01     Tr[DP]  1.360050e-01
 iter:  61:2        |ddm|: 2.627788e-01     Tr[DP]  1.320016e-01
 iter:  62:1        |ddm|: 1.244128e-01     Tr[DP]  1.355425e-01
 iter:  62:2        |ddm|: 2.474824e-01     Tr[DP]  1.316100e-01
 iter:  63:1        |ddm|: 1.166361e-01     Tr[DP]  1.350264e-01
 iter:  63:2        |ddm|: 2.394294e-01     Tr[DP]  1.310999e-01
 iter:  64:1        |ddm|: 1.075225e-01     Tr[DP]  1.344772e-01
 iter:  64:2        |ddm|: 2.589508e-01     Tr[DP]  1.305727e-01
 iter:  65:1        |ddm|: 1.180746e-01     Tr[DP]  1.340691e-01
 iter:  65:2        |ddm|: 2.381894e-01     Tr[DP]  1.302366e-01
 iter:  66:1        |ddm|: 1.196691e-01     Tr[DP]  1.336156e-01
 iter:  66:2        |ddm|: 2.159275e-01     Tr[DP]  1.297602e-01
 iter:  67:1        |ddm|: 1.117495e-01     Tr[DP]  1.330484e-01
 iter:  67:2        |ddm|: 2.167690e-01     Tr[DP]  1.291493e-01
 iter:  68:1        |ddm|: 1.040184e-01     Tr[DP]  1.323939e-01
 iter:  68:2        |ddm|: 2.786705e-01     Tr[DP]  1.285642e-01
 iter:  69:1        |ddm|: 9.146283e-02     Tr[DP]  1.318398e-01
 iter:  69:2        |ddm|: 3.204409e-01     Tr[DP]  1.281694e-01
 iter:  70:1        |ddm|: 1.699492e-01     Tr[DP]  1.319487e-01
 iter:  70:2        |ddm|: 3.815816e-01     Tr[DP]  1.282268e-01
 iter:  71:1        |ddm|: 1.125449e-01     Tr[DP]  1.311382e-01
 iter:  71:2        |ddm|: 1.848165e-01     Tr[DP]  1.271948e-01
 iter:  72:1        |ddm|: 1.104790e-01     Tr[DP]  1.305112e-01
 iter:  72:2        |ddm|: 2.144487e-01     Tr[DP]  1.265307e-01
 iter:  73:1        |ddm|: 1.062015e-01     Tr[DP]  1.299423e-01
 iter:  73:2        |ddm|: 2.352406e-01     Tr[DP]  1.259940e-01
 iter:  74:1        |ddm|: 1.073708e-01     Tr[DP]  1.294691e-01
 iter:  74:2        |ddm|: 2.237817e-01     Tr[DP]  1.255341e-01
 iter:  75:1        |ddm|: 1.038676e-01     Tr[DP]  1.289411e-01
 iter:  75:2        |ddm|: 2.150472e-01     Tr[DP]  1.249767e-01
 iter:  76:1        |ddm|: 1.007444e-01     Tr[DP]  1.283558e-01
 iter:  76:2        |ddm|: 2.255282e-01     Tr[DP]  1.243954e-01
 iter:  77:1        |ddm|: 9.613533e-02     Tr[DP]  1.277040e-01
 iter:  77:2        |ddm|: 2.667658e-01     Tr[DP]  1.238645e-01
 iter:  78:1        |ddm|: 8.982265e-02     Tr[DP]  1.272506e-01
 iter:  78:2        |ddm|: 2.477030e-01     Tr[DP]  1.234979e-01
 iter:  79:1        |ddm|: 8.807986e-02     Tr[DP]  1.267562e-01
 iter:  79:2        |ddm|: 2.337709e-01     Tr[DP]  1.230894e-01
 iter:  80:1        |ddm|: 8.446790e-02     Tr[DP]  1.262640e-01
 iter:  80:2        |ddm|: 2.271399e-01     Tr[DP]  1.226520e-01
 iter:  81:1        |ddm|: 8.498652e-02     Tr[DP]  1.258046e-01
 iter:  81:2        |ddm|: 2.153762e-01     Tr[DP]  1.222399e-01
 iter:  82:1        |ddm|: 8.302898e-02     Tr[DP]  1.253268e-01
 iter:  82:2        |ddm|: 2.090383e-01     Tr[DP]  1.217895e-01
 iter:  83:1        |ddm|: 8.123500e-02     Tr[DP]  1.248368e-01
 iter:  83:2        |ddm|: 2.093320e-01     Tr[DP]  1.213385e-01
 iter:  84:1        |ddm|: 8.144154e-02     Tr[DP]  1.244127e-01
 iter:  84:2        |ddm|: 1.971882e-01     Tr[DP]  1.209000e-01
 iter:  85:1        |ddm|: 8.047494e-02     Tr[DP]  1.238784e-01
 iter:  85:2        |ddm|: 2.044891e-01     Tr[DP]  1.204057e-01
 iter:  86:1        |ddm|: 8.895585e-02     Tr[DP]  1.231028e-01
 iter:  86:2        |ddm|: 3.513851e-01     Tr[DP]  1.199733e-01
 iter:  87:1        |ddm|: 7.726578e-02     Tr[DP]  1.225532e-01
 iter:  87:2        |ddm|: 4.198375e-01     Tr[DP]  1.199035e-01
 iter:  88:1        |ddm|: 2.144162e-01     Tr[DP]  1.234836e-01
 iter:  88:2        |ddm|: 7.135991e-01     Tr[DP]  1.201419e-01
 iter:  89:1        |ddm|: 1.018007e-01     Tr[DP]  1.225915e-01
 iter:  89:2        |ddm|: 2.098460e-01     Tr[DP]  1.187765e-01
 iter:  90:1        |ddm|: 1.080739e-01     Tr[DP]  1.217597e-01
 iter:  90:2        |ddm|: 1.608734e-01     Tr[DP]  1.177718e-01
 iter:  91:1        |ddm|: 1.051355e-01     Tr[DP]  1.210542e-01
 iter:  91:2        |ddm|: 1.919044e-01     Tr[DP]  1.170211e-01
 iter:  92:1        |ddm|: 9.840501e-02     Tr[DP]  1.204035e-01
 iter:  92:2        |ddm|: 2.175807e-01     Tr[DP]  1.163871e-01
 iter:  93:1        |ddm|: 9.172363e-02     Tr[DP]  1.198049e-01
 iter:  93:2        |ddm|: 2.238268e-01     Tr[DP]  1.158204e-01
 iter:  94:1        |ddm|: 8.925274e-02     Tr[DP]  1.190352e-01
 iter:  94:2        |ddm|: 3.074706e-01     Tr[DP]  1.152792e-01
 iter:  95:1        |ddm|: 9.609952e-02     Tr[DP]  1.188958e-01
 iter:  95:2        |ddm|: 2.401522e-01     Tr[DP]  1.149640e-01
 iter:  96:1        |ddm|: 9.079905e-02     Tr[DP]  1.182640e-01
 iter:  96:2        |ddm|: 1.831000e-01     Tr[DP]  1.141896e-01
 iter:  97:1        |ddm|: 9.545897e-02     Tr[DP]  1.176349e-01
 iter:  97:2        |ddm|: 1.924761e-01     Tr[DP]  1.134607e-01
 iter:  98:1        |ddm|: 9.517939e-02     Tr[DP]  1.168413e-01
 iter:  98:2        |ddm|: 2.519381e-01     Tr[DP]  1.127541e-01
 iter:  99:1        |ddm|: 8.703166e-02     Tr[DP]  1.162973e-01
 iter:  99:2        |ddm|: 2.296372e-01     Tr[DP]  1.122445e-01
 iter: 100:1        |ddm|: 8.427177e-02     Tr[DP]  1.157205e-01
 iter: 100:2        |ddm|: 2.230443e-01     Tr[DP]  1.116754e-01
 iter: 101:1        |ddm|: 8.289199e-02     Tr[DP]  1.150934e-01
 iter: 101:2        |ddm|: 2.303374e-01     Tr[DP]  1.110948e-01
 iter: 102:1        |ddm|: 8.020963e-02     Tr[DP]  1.144373e-01
 iter: 102:2        |ddm|: 2.571794e-01     Tr[DP]  1.105688e-01
 iter: 103:1        |ddm|: 7.505171e-02     Tr[DP]  1.139560e-01
 iter: 103:2        |ddm|: 2.271777e-01     Tr[DP]  1.101349e-01
 iter: 104:1        |ddm|: 7.368752e-02     Tr[DP]  1.134210e-01
 iter: 104:2        |ddm|: 2.161961e-01     Tr[DP]  1.096207e-01
 iter: 105:1        |ddm|: 7.339103e-02     Tr[DP]  1.128362e-01
 iter: 105:2        |ddm|: 2.230629e-01     Tr[DP]  1.091004e-01
 iter: 106:1        |ddm|: 7.274578e-02     Tr[DP]  1.123539e-01
 iter: 106:2        |ddm|: 2.064878e-01     Tr[DP]  1.086145e-01
 iter: 107:1        |ddm|: 7.229522e-02     Tr[DP]  1.117871e-01
 iter: 107:2        |ddm|: 2.083456e-01     Tr[DP]  1.080725e-01
 iter: 108:1        |ddm|: 7.184532e-02     Tr[DP]  1.112695e-01
 iter: 108:2        |ddm|: 2.016738e-01     Tr[DP]  1.075564e-01
 iter: 109:1        |ddm|: 7.139981e-02     Tr[DP]  1.107006e-01
 iter: 109:2        |ddm|: 2.081306e-01     Tr[DP]  1.070226e-01
 iter: 110:1        |ddm|: 6.980066e-02     Tr[DP]  1.101400e-01
 iter: 110:2        |ddm|: 2.157889e-01     Tr[DP]  1.065301e-01
 iter: 111:1        |ddm|: 7.187882e-02     Tr[DP]  1.097486e-01
 iter: 111:2        |ddm|: 1.963795e-01     Tr[DP]  1.060423e-01
 iter: 112:1        |ddm|: 7.230138e-02     Tr[DP]  1.091338e-01
 iter: 112:2        |ddm|: 1.938730e-01     Tr[DP]  1.054141e-01
 iter: 113:1        |ddm|: 7.267137e-02     Tr[DP]  1.085065e-01
 iter: 113:2        |ddm|: 2.236044e-01     Tr[DP]  1.048782e-01
 iter: 114:1        |ddm|: 6.693725e-02     Tr[DP]  1.079664e-01
 iter: 114:2        |ddm|: 2.250599e-01     Tr[DP]  1.044442e-01
 iter: 115:1        |ddm|: 6.234124e-02     Tr[DP]  1.074966e-01
 iter: 115:2        |ddm|: 2.080605e-01     Tr[DP]  1.040301e-01
 iter: 116:1        |ddm|: 6.586366e-02     Tr[DP]  1.071142e-01
 iter: 116:2        |ddm|: 1.914029e-01     Tr[DP]  1.035493e-01
 iter: 117:1        |ddm|: 6.737328e-02     Tr[DP]  1.065148e-01
 iter: 117:2        |ddm|: 1.894978e-01     Tr[DP]  1.029524e-01
 iter: 118:1        |ddm|: 6.762124e-02     Tr[DP]  1.059336e-01
 iter: 118:2        |ddm|: 2.082598e-01     Tr[DP]  1.024522e-01
 iter: 119:1        |ddm|: 6.339504e-02     Tr[DP]  1.054150e-01
 iter: 119:2        |ddm|: 2.094308e-01     Tr[DP]  1.020245e-01
 iter: 120:1        |ddm|: 5.954275e-02     Tr[DP]  1.049805e-01
 iter: 120:2        |ddm|: 1.902990e-01     Tr[DP]  1.016003e-01
 iter: 121:1        |ddm|: 6.380581e-02     Tr[DP]  1.046124e-01
 iter: 121:2        |ddm|: 1.836979e-01     Tr[DP]  1.010777e-01
 iter: 122:1        |ddm|: 6.753162e-02     Tr[DP]  1.040718e-01
 iter: 122:2        |ddm|: 1.677256e-01     Tr[DP]  1.004150e-01
 iter: 123:1        |ddm|: 7.306522e-02     Tr[DP]  1.034245e-01
 iter: 123:2        |ddm|: 1.914532e-01     Tr[DP]  9.977900e-02
 iter: 124:1        |ddm|: 6.942492e-02     Tr[DP]  1.028733e-01
 iter: 124:2        |ddm|: 1.928979e-01     Tr[DP]  9.923649e-02
 iter: 125:1        |ddm|: 6.774353e-02     Tr[DP]  1.022888e-01
 iter: 125:2        |ddm|: 2.094348e-01     Tr[DP]  9.871566e-02
 iter: 126:1        |ddm|: 6.312742e-02     Tr[DP]  1.017605e-01
 iter: 126:2        |ddm|: 2.087957e-01     Tr[DP]  9.824507e-02
 iter: 127:1        |ddm|: 6.415240e-02     Tr[DP]  1.011633e-01
 iter: 127:2        |ddm|: 2.422721e-01     Tr[DP]  9.782639e-02
 iter: 128:1        |ddm|: 5.801788e-02     Tr[DP]  1.008591e-01
 iter: 128:2        |ddm|: 1.884457e-01     Tr[DP]  9.744344e-02
 iter: 129:1        |ddm|: 6.051099e-02     Tr[DP]  1.003040e-01
 iter: 129:2        |ddm|: 1.858167e-01     Tr[DP]  9.689661e-02
 iter: 130:1        |ddm|: 6.092002e-02     Tr[DP]  9.976989e-02
 iter: 130:2        |ddm|: 1.950101e-01     Tr[DP]  9.642577e-02
 iter: 131:1        |ddm|: 5.746192e-02     Tr[DP]  9.928576e-02
 iter: 131:2        |ddm|: 1.923218e-01     Tr[DP]  9.599227e-02
 iter: 132:1        |ddm|: 5.766991e-02     Tr[DP]  9.875308e-02
 iter: 132:2        |ddm|: 2.172058e-01     Tr[DP]  9.558517e-02
 iter: 133:1        |ddm|: 7.430050e-02     Tr[DP]  9.805958e-02
 iter: 133:2        |ddm|: 3.526578e-01     Tr[DP]  9.539479e-02
 iter: 134:1        |ddm|: 4.209244e-02     Tr[DP]  9.792333e-02
 iter: 134:2        |ddm|: 2.111473e-01     Tr[DP]  9.536754e-02
 iter: 135:1        |ddm|: 7.667068e-02     Tr[DP]  9.799743e-02
 iter: 135:2        |ddm|: 3.017491e-01     Tr[DP]  9.498440e-02
 iter: 136:1        |ddm|: 6.178708e-02     Tr[DP]  9.737940e-02
 iter: 136:2        |ddm|: 1.421443e-01     Tr[DP]  9.423578e-02
 iter: 137:1        |ddm|: 6.353834e-02     Tr[DP]  9.695889e-02
 iter: 137:2        |ddm|: 1.568829e-01     Tr[DP]  9.361858e-02
 iter: 138:1        |ddm|: 6.919587e-02     Tr[DP]  9.639125e-02
 iter: 138:2        |ddm|: 1.493500e-01     Tr[DP]  9.292713e-02
 iter: 139:1        |ddm|: 7.279005e-02     Tr[DP]  9.575483e-02
 iter: 139:2        |ddm|: 1.864663e-01     Tr[DP]  9.230468e-02
 iter: 140:1        |ddm|: 6.574852e-02     Tr[DP]  9.520477e-02
 iter: 140:2        |ddm|: 1.931054e-01     Tr[DP]  9.180034e-02
 iter: 141:1        |ddm|: 6.067253e-02     Tr[DP]  9.468436e-02
 iter: 141:2        |ddm|: 1.970405e-01     Tr[DP]  9.133145e-02
 iter: 142:1        |ddm|: 5.855327e-02     Tr[DP]  9.415602e-02
 iter: 142:2        |ddm|: 2.112305e-01     Tr[DP]  9.089844e-02
 iter: 143:1        |ddm|: 5.290742e-02     Tr[DP]  9.370876e-02
 iter: 143:2        |ddm|: 1.902782e-01     Tr[DP]  9.051139e-02
 iter: 144:1        |ddm|: 5.169885e-02     Tr[DP]  9.327713e-02
 iter: 144:2        |ddm|: 1.751408e-01     Tr[DP]  9.008717e-02
 iter: 145:1        |ddm|: 5.563866e-02     Tr[DP]  9.275433e-02
 iter: 145:2        |ddm|: 2.045441e-01     Tr[DP]  8.965321e-02
 iter: 146:1        |ddm|: 5.592012e-02     Tr[DP]  9.246602e-02
 iter: 146:2        |ddm|: 1.808471e-01     Tr[DP]  8.924740e-02
 iter: 147:1        |ddm|: 6.732984e-02     Tr[DP]  9.183307e-02
 iter: 147:2        |ddm|: 2.233768e-01     Tr[DP]  8.869941e-02
 iter: 148:1        |ddm|: 5.271475e-02     Tr[DP]  9.138310e-02
 iter: 148:2        |ddm|: 1.948249e-01     Tr[DP]  8.835718e-02
 iter: 149:1        |ddm|: 4.779915e-02     Tr[DP]  9.096466e-02
 iter: 149:2        |ddm|: 1.855527e-01     Tr[DP]  8.801541e-02
 iter: 150:1        |ddm|: 4.559606e-02     Tr[DP]  9.057539e-02
 iter: 150:2        |ddm|: 1.692420e-01     Tr[DP]  8.766295e-02
 iter: 151:1        |ddm|: 4.568355e-02     Tr[DP]  9.017381e-02
 iter: 151:2        |ddm|: 1.630163e-01     Tr[DP]  8.728225e-02
 iter: 152:1        |ddm|: 4.628520e-02     Tr[DP]  8.978140e-02
 iter: 152:2        |ddm|: 1.540348e-01     Tr[DP]  8.689650e-02
 iter: 153:1        |ddm|: 4.973921e-02     Tr[DP]  8.932134e-02
 iter: 153:2        |ddm|: 1.817644e-01     Tr[DP]  8.650521e-02
 iter: 154:1        |ddm|: 4.508317e-02     Tr[DP]  8.899956e-02
 iter: 154:2        |ddm|: 1.470956e-01     Tr[DP]  8.616398e-02
 iter: 155:1        |ddm|: 5.966579e-02     Tr[DP]  8.878216e-02
 iter: 155:2        |ddm|: 2.297954e-01     Tr[DP]  8.565510e-02
 iter: 156:1        |ddm|: 8.537976e-02     Tr[DP]  8.804705e-02
 iter: 156:2        |ddm|: 2.547223e-01     Tr[DP]  8.498861e-02
 iter: 157:1        |ddm|: 5.495599e-02     Tr[DP]  8.760084e-02
 iter: 157:2        |ddm|: 1.912659e-01     Tr[DP]  8.466491e-02
 iter: 158:1        |ddm|: 4.802105e-02     Tr[DP]  8.718030e-02
 iter: 158:2        |ddm|: 1.920245e-01     Tr[DP]  8.434098e-02
 iter: 159:1        |ddm|: 4.312542e-02     Tr[DP]  8.681642e-02
 iter: 159:2        |ddm|: 1.642034e-01     Tr[DP]  8.402942e-02
 iter: 160:1        |ddm|: 4.349157e-02     Tr[DP]  8.643157e-02
 iter: 160:2        |ddm|: 1.600688e-01     Tr[DP]  8.367985e-02
 iter: 161:1        |ddm|: 4.372554e-02     Tr[DP]  8.611558e-02
 iter: 161:2        |ddm|: 1.414584e-01     Tr[DP]  8.331020e-02
 iter: 162:1        |ddm|: 5.022138e-02     Tr[DP]  8.567577e-02
 iter: 162:2        |ddm|: 1.516929e-01     Tr[DP]  8.286264e-02
 iter: 163:1        |ddm|: 6.029877e-02     Tr[DP]  8.515484e-02
 iter: 163:2        |ddm|: 2.487362e-01     Tr[DP]  8.252085e-02
 iter: 164:1        |ddm|: 4.403480e-02     Tr[DP]  8.493276e-02
 iter: 164:2        |ddm|: 1.529733e-01     Tr[DP]  8.230618e-02
 iter: 165:1        |ddm|: 4.163180e-02     Tr[DP]  8.456735e-02
 iter: 165:2        |ddm|: 1.371981e-01     Tr[DP]  8.190621e-02
 iter: 166:1        |ddm|: 4.434707e-02     Tr[DP]  8.418730e-02
 iter: 166:2        |ddm|: 1.391537e-01     Tr[DP]  8.152783e-02
 iter: 167:1        |ddm|: 4.639722e-02     Tr[DP]  8.378374e-02
 iter: 167:2        |ddm|: 1.580005e-01     Tr[DP]  8.117208e-02
 iter: 168:1        |ddm|: 4.302144e-02     Tr[DP]  8.341255e-02
 iter: 168:2        |ddm|: 1.594289e-01     Tr[DP]  8.086809e-02
 iter: 169:1        |ddm|: 4.152444e-02     Tr[DP]  8.304129e-02
 iter: 169:2        |ddm|: 1.714491e-01     Tr[DP]  8.059499e-02
 iter: 170:1        |ddm|: 3.633109e-02     Tr[DP]  8.272704e-02
 iter: 170:2        |ddm|: 1.514179e-01     Tr[DP]  8.035904e-02
 iter: 171:1        |ddm|: 3.573320e-02     Tr[DP]  8.240685e-02
 iter: 171:2        |ddm|: 1.508276e-01     Tr[DP]  8.011393e-02
 iter: 172:1        |ddm|: 3.491183e-02     Tr[DP]  8.217413e-02
 iter: 172:2        |ddm|: 1.215535e-01     Tr[DP]  7.985539e-02
 iter: 173:1        |ddm|: 3.837038e-02     Tr[DP]  8.184678e-02
 iter: 173:2        |ddm|: 1.191091e-01     Tr[DP]  7.950433e-02
 iter: 174:1        |ddm|: 3.929126e-02     Tr[DP]  8.152247e-02
 iter: 174:2        |ddm|: 1.198739e-01     Tr[DP]  7.918126e-02
 iter: 175:1        |ddm|: 4.051687e-02     Tr[DP]  8.118321e-02
 iter: 175:2        |ddm|: 1.324498e-01     Tr[DP]  7.887025e-02
 iter: 176:1        |ddm|: 3.820850e-02     Tr[DP]  8.086171e-02
 iter: 176:2        |ddm|: 1.328362e-01     Tr[DP]  7.859202e-02
 iter: 177:1        |ddm|: 3.893557e-02     Tr[DP]  8.065815e-02
 iter: 177:2        |ddm|: 1.339558e-01     Tr[DP]  7.828081e-02
 iter: 178:1        |ddm|: 5.024450e-02     Tr[DP]  8.025387e-02
 iter: 178:2        |ddm|: 1.398134e-01     Tr[DP]  7.785344e-02
 iter: 179:1        |ddm|: 4.469517e-02     Tr[DP]  7.988566e-02
 iter: 179:2        |ddm|: 1.499219e-01     Tr[DP]  7.755318e-02
 iter: 180:1        |ddm|: 3.834797e-02     Tr[DP]  7.956461e-02
 iter: 180:2        |ddm|: 1.445912e-01     Tr[DP]  7.729967e-02
 iter: 181:1        |ddm|: 3.604096e-02     Tr[DP]  7.925355e-02
 iter: 181:2        |ddm|: 1.458150e-01     Tr[DP]  7.705718e-02
 iter: 182:1        |ddm|: 3.273460e-02     Tr[DP]  7.897856e-02
 iter: 182:2        |ddm|: 1.265840e-01     Tr[DP]  7.682874e-02
 iter: 183:1        |ddm|: 3.226296e-02     Tr[DP]  7.871949e-02
 iter: 183:2        |ddm|: 1.115679e-01     Tr[DP]  7.657136e-02
 iter: 184:1        |ddm|: 3.437710e-02     Tr[DP]  7.843912e-02
 iter: 184:2        |ddm|: 1.092529e-01     Tr[DP]  7.627912e-02
 iter: 185:1        |ddm|: 3.493201e-02     Tr[DP]  7.818972e-02
 iter: 185:2        |ddm|: 1.042545e-01     Tr[DP]  7.596942e-02
 iter: 186:1        |ddm|: 4.564547e-02     Tr[DP]  7.783421e-02
 iter: 186:2        |ddm|: 1.367926e-01     Tr[DP]  7.561591e-02
 iter: 187:1        |ddm|: 4.173647e-02     Tr[DP]  7.749563e-02
 iter: 187:2        |ddm|: 1.577582e-01     Tr[DP]  7.536813e-02
 iter: 188:1        |ddm|: 3.283767e-02     Tr[DP]  7.722276e-02
 iter: 188:2        |ddm|: 1.353168e-01     Tr[DP]  7.517498e-02
 iter: 189:1        |ddm|: 3.120636e-02     Tr[DP]  7.695512e-02
 iter: 189:2        |ddm|: 1.319255e-01     Tr[DP]  7.497195e-02
 iter: 190:1        |ddm|: 2.943532e-02     Tr[DP]  7.670547e-02
 iter: 190:2        |ddm|: 1.208366e-01     Tr[DP]  7.477788e-02
 iter: 191:1        |ddm|: 2.837946e-02     Tr[DP]  7.648828e-02
 iter: 191:2        |ddm|: 1.001511e-01     Tr[DP]  7.456926e-02
 iter: 192:1        |ddm|: 3.033909e-02     Tr[DP]  7.628080e-02
 iter: 192:2        |ddm|: 9.506480e-02     Tr[DP]  7.430542e-02
 iter: 193:1        |ddm|: 3.626515e-02     Tr[DP]  7.601208e-02
 iter: 193:2        |ddm|: 9.385517e-02     Tr[DP]  7.398344e-02
 iter: 194:1        |ddm|: 6.583910e-02     Tr[DP]  7.558478e-02
 iter: 194:2        |ddm|: 2.802777e-01     Tr[DP]  7.372782e-02
 iter: 195:1        |ddm|: 2.883168e-02     Tr[DP]  7.536347e-02
 iter: 195:2        |ddm|: 1.712148e-01     Tr[DP]  7.373750e-02
 iter: 196:1        |ddm|: 4.269307e-02     Tr[DP]  7.531680e-02
 iter: 196:2        |ddm|: 1.496524e-01     Tr[DP]  7.365053e-02
 iter: 197:1        |ddm|: 2.634938e-02     Tr[DP]  7.511317e-02
 iter: 197:2        |ddm|: 8.213079e-02     Tr[DP]  7.333471e-02
 iter: 198:1        |ddm|: 3.095760e-02     Tr[DP]  7.489531e-02
 iter: 198:2        |ddm|: 8.279093e-02     Tr[DP]  7.303879e-02
 iter: 199:1        |ddm|: 4.013761e-02     Tr[DP]  7.460861e-02
 iter: 199:2        |ddm|: 1.067292e-01     Tr[DP]  7.273349e-02
 iter: 200:1        |ddm|: 3.505734e-02     Tr[DP]  7.434372e-02
 iter: 200:2        |ddm|: 1.123904e-01     Tr[DP]  7.250652e-02
 iter: 201:1        |ddm|: 3.780080e-02     Tr[DP]  7.405289e-02
 iter: 201:2        |ddm|: 1.652521e-01     Tr[DP]  7.231993e-02
 iter: 202:1        |ddm|: 2.465270e-02     Tr[DP]  7.386059e-02
 iter: 202:2        |ddm|: 1.050273e-01     Tr[DP]  7.220842e-02
 iter: 203:1        |ddm|: 2.349366e-02     Tr[DP]  7.369146e-02
 iter: 203:2        |ddm|: 8.327431e-02     Tr[DP]  7.203096e-02
 iter: 204:1        |ddm|: 2.708093e-02     Tr[DP]  7.348549e-02
 iter: 204:2        |ddm|: 8.109470e-02     Tr[DP]  7.180285e-02
 iter: 205:1        |ddm|: 2.848003e-02     Tr[DP]  7.327303e-02
 iter: 205:2        |ddm|: 8.093388e-02     Tr[DP]  7.157272e-02
 iter: 206:1        |ddm|: 3.093761e-02     Tr[DP]  7.304488e-02
 iter: 206:2        |ddm|: 9.085116e-02     Tr[DP]  7.134173e-02
 iter: 207:1        |ddm|: 2.995239e-02     Tr[DP]  7.281920e-02
 iter: 207:2        |ddm|: 9.448192e-02     Tr[DP]  7.113228e-02
 iter: 208:1        |ddm|: 2.662827e-02     Tr[DP]  7.262707e-02
 iter: 208:2        |ddm|: 7.874435e-02     Tr[DP]  7.092359e-02
 iter: 209:1        |ddm|: 3.687081e-02     Tr[DP]  7.237228e-02
 iter: 209:2        |ddm|: 1.202313e-01     Tr[DP]  7.068568e-02
 iter: 210:1        |ddm|: 2.697728e-02     Tr[DP]  7.216292e-02
 iter: 210:2        |ddm|: 9.326442e-02     Tr[DP]  7.051931e-02
 iter: 211:1        |ddm|: 2.682427e-02     Tr[DP]  7.195750e-02
 iter: 211:2        |ddm|: 9.294267e-02     Tr[DP]  7.032989e-02
 iter: 212:1        |ddm|: 2.791046e-02     Tr[DP]  7.174343e-02
 iter: 212:2        |ddm|: 1.007536e-01     Tr[DP]  7.014830e-02
 iter: 213:1        |ddm|: 2.718859e-02     Tr[DP]  7.153162e-02
 iter: 213:2        |ddm|: 1.085612e-01     Tr[DP]  6.999152e-02
 iter: 214:1        |ddm|: 2.308719e-02     Tr[DP]  7.134953e-02
 iter: 214:2        |ddm|: 9.064466e-02     Tr[DP]  6.985412e-02
 iter: 215:1        |ddm|: 2.367261e-02     Tr[DP]  7.116389e-02
 iter: 215:2        |ddm|: 9.273374e-02     Tr[DP]  6.970307e-02
 iter: 216:1        |ddm|: 2.281203e-02     Tr[DP]  7.098463e-02
 iter: 216:2        |ddm|: 8.911050e-02     Tr[DP]  6.956449e-02
 iter: 217:1        |ddm|: 2.156223e-02     Tr[DP]  7.081771e-02
 iter: 217:2        |ddm|: 8.082003e-02     Tr[DP]  6.942758e-02
 iter: 218:1        |ddm|: 2.199876e-02     Tr[DP]  7.064892e-02
 iter: 218:2        |ddm|: 8.115911e-02     Tr[DP]  6.928506e-02
 iter: 219:1        |ddm|: 2.092100e-02     Tr[DP]  7.049089e-02
 iter: 219:2        |ddm|: 7.302971e-02     Tr[DP]  6.914670e-02
 iter: 220:1        |ddm|: 2.148974e-02     Tr[DP]  7.032995e-02
 iter: 220:2        |ddm|: 7.301881e-02     Tr[DP]  6.899859e-02
 iter: 221:1        |ddm|: 2.182088e-02     Tr[DP]  7.016661e-02
 iter: 221:2        |ddm|: 7.481921e-02     Tr[DP]  6.885454e-02
 iter: 222:1        |ddm|: 2.004549e-02     Tr[DP]  7.002541e-02
 iter: 222:2        |ddm|: 6.196385e-02     Tr[DP]  6.871106e-02
 iter: 223:1        |ddm|: 2.276970e-02     Tr[DP]  6.986387e-02
 iter: 223:2        |ddm|: 6.769904e-02     Tr[DP]  6.853966e-02
 iter: 224:1        |ddm|: 2.159876e-02     Tr[DP]  6.971125e-02
 iter: 224:2        |ddm|: 6.182442e-02     Tr[DP]  6.837835e-02
 iter: 225:1        |ddm|: 2.830251e-02     Tr[DP]  6.952166e-02
 iter: 225:2        |ddm|: 9.454751e-02     Tr[DP]  6.821054e-02
 iter: 226:1        |ddm|: 2.071571e-02     Tr[DP]  6.936646e-02
 iter: 226:2        |ddm|: 7.409842e-02     Tr[DP]  6.809492e-02
 iter: 227:1        |ddm|: 2.096619e-02     Tr[DP]  6.921027e-02
 iter: 227:2        |ddm|: 7.753585e-02     Tr[DP]  6.796348e-02
 iter: 228:1        |ddm|: 2.115886e-02     Tr[DP]  6.905100e-02
 iter: 228:2        |ddm|: 8.357367e-02     Tr[DP]  6.784712e-02
 iter: 229:1        |ddm|: 1.948488e-02     Tr[DP]  6.890144e-02
 iter: 229:2        |ddm|: 8.241620e-02     Tr[DP]  6.774984e-02
 iter: 230:1        |ddm|: 1.735497e-02     Tr[DP]  6.876913e-02
 iter: 230:2        |ddm|: 7.265159e-02     Tr[DP]  6.766026e-02
 iter: 231:1        |ddm|: 1.669369e-02     Tr[DP]  6.864279e-02
 iter: 231:2        |ddm|: 6.702373e-02     Tr[DP]  6.756492e-02
 iter: 232:1        |ddm|: 1.589602e-02     Tr[DP]  6.852722e-02
 iter: 232:2        |ddm|: 5.692256e-02     Tr[DP]  6.746466e-02
 iter: 233:1        |ddm|: 1.783981e-02     Tr[DP]  6.839750e-02
 iter: 233:2        |ddm|: 6.206643e-02     Tr[DP]  6.735377e-02
 iter: 234:1        |ddm|: 1.632804e-02     Tr[DP]  6.828038e-02
 iter: 234:2        |ddm|: 5.411169e-02     Tr[DP]  6.725322e-02
 iter: 235:1        |ddm|: 1.797511e-02     Tr[DP]  6.815476e-02
 iter: 235:2        |ddm|: 6.351290e-02     Tr[DP]  6.714454e-02
 iter: 236:1        |ddm|: 2.145114e-02     Tr[DP]  6.800686e-02
 iter: 236:2        |ddm|: 9.521948e-02     Tr[DP]  6.706329e-02
 iter: 237:1        |ddm|: 3.911241e-02     Tr[DP]  6.801451e-02
 iter: 237:2        |ddm|: 1.514198e-01     Tr[DP]  6.698683e-02
 iter: 238:1        |ddm|: 3.889113e-02     Tr[DP]  6.784874e-02
 iter: 238:2        |ddm|: 8.475452e-02     Tr[DP]  6.671594e-02
 iter: 239:1        |ddm|: 2.260031e-02     Tr[DP]  6.769463e-02
 iter: 239:2        |ddm|: 5.922465e-02     Tr[DP]  6.659174e-02
 iter: 240:1        |ddm|: 2.173309e-02     Tr[DP]  6.755171e-02
 iter: 240:2        |ddm|: 7.092164e-02     Tr[DP]  6.646775e-02
 iter: 241:1        |ddm|: 1.902920e-02     Tr[DP]  6.741421e-02
 iter: 241:2        |ddm|: 7.041994e-02     Tr[DP]  6.636479e-02
 iter: 242:1        |ddm|: 1.695130e-02     Tr[DP]  6.728863e-02
 iter: 242:2        |ddm|: 6.464257e-02     Tr[DP]  6.626940e-02
 iter: 243:1        |ddm|: 1.559191e-02     Tr[DP]  6.717392e-02
 iter: 243:2        |ddm|: 5.541945e-02     Tr[DP]  6.617066e-02
 iter: 244:1        |ddm|: 1.625567e-02     Tr[DP]  6.705812e-02
 iter: 244:2        |ddm|: 5.452944e-02     Tr[DP]  6.606278e-02
 iter: 245:1        |ddm|: 1.801318e-02     Tr[DP]  6.693371e-02
 iter: 245:2        |ddm|: 6.355235e-02     Tr[DP]  6.595958e-02
 iter: 246:1        |ddm|: 1.698273e-02     Tr[DP]  6.685478e-02
 iter: 246:2        |ddm|: 5.665243e-02     Tr[DP]  6.585396e-02
 iter: 247:1        |ddm|: 2.598563e-02     Tr[DP]  6.672059e-02
 iter: 247:2        |ddm|: 6.720998e-02     Tr[DP]  6.568803e-02
 iter: 248:1        |ddm|: 2.027350e-02     Tr[DP]  6.658485e-02
 iter: 248:2        |ddm|: 6.617394e-02     Tr[DP]  6.558463e-02
 iter: 249:1        |ddm|: 1.847681e-02     Tr[DP]  6.645803e-02
 iter: 249:2        |ddm|: 7.261697e-02     Tr[DP]  6.549578e-02
 iter: 250:1        |ddm|: 1.516816e-02     Tr[DP]  6.634591e-02
 iter: 250:2        |ddm|: 6.204356e-02     Tr[DP]  6.542115e-02
 iter: 251:1        |ddm|: 1.418094e-02     Tr[DP]  6.624239e-02
 iter: 251:2        |ddm|: 5.550274e-02     Tr[DP]  6.534079e-02
 iter: 252:1        |ddm|: 1.346405e-02     Tr[DP]  6.614728e-02
 iter: 252:2        |ddm|: 4.576820e-02     Tr[DP]  6.525363e-02
 iter: 253:1        |ddm|: 1.348622e-02     Tr[DP]  6.605929e-02
 iter: 253:2        |ddm|: 4.011246e-02     Tr[DP]  6.514704e-02
 iter: 254:1        |ddm|: 1.530738e-02     Tr[DP]  6.596692e-02
 iter: 254:2        |ddm|: 4.092664e-02     Tr[DP]  6.501454e-02
 iter: 255:1        |ddm|: 2.369116e-02     Tr[DP]  6.583836e-02
 iter: 255:2        |ddm|: 6.474068e-02     Tr[DP]  6.487840e-02
 iter: 256:1        |ddm|: 2.480319e-02     Tr[DP]  6.569244e-02
 iter: 256:2        |ddm|: 1.026481e-01     Tr[DP]  6.480160e-02
 iter: 257:1        |ddm|: 1.409910e-02     Tr[DP]  6.559114e-02
 iter: 257:2        |ddm|: 6.715838e-02     Tr[DP]  6.477349e-02
 iter: 258:1        |ddm|: 1.167676e-02     Tr[DP]  6.550921e-02
 iter: 258:2        |ddm|: 5.120583e-02     Tr[DP]  6.471857e-02
 iter: 259:1        |ddm|: 1.135195e-02     Tr[DP]  6.543299e-02
 iter: 259:2        |ddm|: 3.988322e-02     Tr[DP]  6.464692e-02
 iter: 260:1        |ddm|: 1.327973e-02     Tr[DP]  6.534519e-02
 iter: 260:2        |ddm|: 4.366302e-02     Tr[DP]  6.456147e-02
 iter: 261:1        |ddm|: 1.287273e-02     Tr[DP]  6.525570e-02
 iter: 261:2        |ddm|: 4.267602e-02     Tr[DP]  6.448472e-02
 iter: 262:1        |ddm|: 1.244406e-02     Tr[DP]  6.517346e-02
 iter: 262:2        |ddm|: 3.938604e-02     Tr[DP]  6.440863e-02
 iter: 263:1        |ddm|: 1.314059e-02     Tr[DP]  6.508707e-02
 iter: 263:2        |ddm|: 4.168270e-02     Tr[DP]  6.432783e-02
 iter: 264:1        |ddm|: 1.194094e-02     Tr[DP]  6.500545e-02
 iter: 264:2        |ddm|: 3.513149e-02     Tr[DP]  6.424706e-02
 iter: 265:1        |ddm|: 1.476803e-02     Tr[DP]  6.491703e-02
 iter: 265:2        |ddm|: 4.424522e-02     Tr[DP]  6.415984e-02
 iter: 266:1        |ddm|: 1.186123e-02     Tr[DP]  6.484627e-02
 iter: 266:2        |ddm|: 3.509779e-02     Tr[DP]  6.407452e-02
 iter: 267:1        |ddm|: 2.083417e-02     Tr[DP]  6.474490e-02
 iter: 267:2        |ddm|: 5.948318e-02     Tr[DP]  6.396591e-02
 iter: 268:1        |ddm|: 1.356324e-02     Tr[DP]  6.465035e-02
 iter: 268:2        |ddm|: 4.630447e-02     Tr[DP]  6.390215e-02
 iter: 269:1        |ddm|: 1.281501e-02     Tr[DP]  6.456521e-02
 iter: 269:2        |ddm|: 4.648113e-02     Tr[DP]  6.383330e-02
 iter: 270:1        |ddm|: 1.292614e-02     Tr[DP]  6.447886e-02
 iter: 270:2        |ddm|: 4.965517e-02     Tr[DP]  6.377032e-02
 iter: 271:1        |ddm|: 1.139497e-02     Tr[DP]  6.439918e-02
 iter: 271:2        |ddm|: 4.458164e-02     Tr[DP]  6.371494e-02
 iter: 272:1        |ddm|: 1.102638e-02     Tr[DP]  6.432342e-02
 iter: 272:2        |ddm|: 4.287760e-02     Tr[DP]  6.365859e-02
 iter: 273:1        |ddm|: 1.090609e-02     Tr[DP]  6.424843e-02
 iter: 273:2        |ddm|: 4.250460e-02     Tr[DP]  6.360484e-02
 iter: 274:1        |ddm|: 1.021123e-02     Tr[DP]  6.417812e-02
 iter: 274:2        |ddm|: 3.917285e-02     Tr[DP]  6.355421e-02
 iter: 275:1        |ddm|: 1.002601e-02     Tr[DP]  6.411012e-02
 iter: 275:2        |ddm|: 3.766150e-02     Tr[DP]  6.350305e-02
 iter: 276:1        |ddm|: 9.855431e-03     Tr[DP]  6.404409e-02
 iter: 276:2        |ddm|: 3.663192e-02     Tr[DP]  6.345325e-02
 iter: 277:1        |ddm|: 8.984726e-03     Tr[DP]  6.398486e-02
 iter: 277:2        |ddm|: 2.999549e-02     Tr[DP]  6.340216e-02
 iter: 278:1        |ddm|: 9.016655e-03     Tr[DP]  6.393834e-02
 iter: 278:2        |ddm|: 2.810925e-02     Tr[DP]  6.333463e-02
 iter: 279:1        |ddm|: 1.408270e-02     Tr[DP]  6.386673e-02
 iter: 279:2        |ddm|: 3.513129e-02     Tr[DP]  6.324621e-02
 iter: 280:1        |ddm|: 1.173051e-02     Tr[DP]  6.379322e-02
 iter: 280:2        |ddm|: 3.464286e-02     Tr[DP]  6.318406e-02
 iter: 281:1        |ddm|: 1.251664e-02     Tr[DP]  6.371830e-02
 iter: 281:2        |ddm|: 4.581187e-02     Tr[DP]  6.312911e-02
 iter: 282:1        |ddm|: 9.011384e-03     Tr[DP]  6.365763e-02
 iter: 282:2        |ddm|: 3.050141e-02     Tr[DP]  6.308487e-02
 iter: 283:1        |ddm|: 9.709030e-03     Tr[DP]  6.359551e-02
 iter: 283:2        |ddm|: 3.245426e-02     Tr[DP]  6.302587e-02
 iter: 284:1        |ddm|: 1.021142e-02     Tr[DP]  6.352974e-02
 iter: 284:2        |ddm|: 3.594731e-02     Tr[DP]  6.297404e-02
 iter: 285:1        |ddm|: 8.432779e-03     Tr[DP]  6.347473e-02
 iter: 285:2        |ddm|: 2.521136e-02     Tr[DP]  6.292334e-02
 iter: 286:1        |ddm|: 1.000480e-02     Tr[DP]  6.341632e-02
 iter: 286:2        |ddm|: 2.854565e-02     Tr[DP]  6.285803e-02
 iter: 287:1        |ddm|: 8.912634e-03     Tr[DP]  6.336088e-02
 iter: 287:2        |ddm|: 2.392852e-02     Tr[DP]  6.279338e-02
 iter: 288:1        |ddm|: 1.301254e-02     Tr[DP]  6.329347e-02
 iter: 288:2        |ddm|: 3.606352e-02     Tr[DP]  6.272098e-02
 iter: 289:1        |ddm|: 1.176911e-02     Tr[DP]  6.322254e-02
 iter: 289:2        |ddm|: 4.136340e-02     Tr[DP]  6.267081e-02
 iter: 290:1        |ddm|: 9.225495e-03     Tr[DP]  6.315938e-02
 iter: 290:2        |ddm|: 3.592333e-02     Tr[DP]  6.262970e-02
 iter: 291:1        |ddm|: 8.331494e-03     Tr[DP]  6.310290e-02
 iter: 291:2        |ddm|: 3.087972e-02     Tr[DP]  6.258637e-02
 iter: 292:1        |ddm|: 8.253346e-03     Tr[DP]  6.304867e-02
 iter: 292:2        |ddm|: 2.825691e-02     Tr[DP]  6.253920e-02
 iter: 293:1        |ddm|: 8.388040e-03     Tr[DP]  6.299490e-02
 iter: 293:2        |ddm|: 2.700150e-02     Tr[DP]  6.248971e-02
 iter: 294:1        |ddm|: 9.393939e-03     Tr[DP]  6.293772e-02
 iter: 294:2        |ddm|: 3.198732e-02     Tr[DP]  6.244170e-02
 iter: 295:1        |ddm|: 7.621288e-03     Tr[DP]  6.288908e-02
 iter: 295:2        |ddm|: 2.243901e-02     Tr[DP]  6.239632e-02
 iter: 296:1        |ddm|: 9.439909e-03     Tr[DP]  6.283566e-02
 iter: 296:2        |ddm|: 2.799125e-02     Tr[DP]  6.233984e-02
 iter: 297:1        |ddm|: 9.284614e-03     Tr[DP]  6.277870e-02
 iter: 297:2        |ddm|: 3.050018e-02     Tr[DP]  6.229351e-02
 iter: 298:1        |ddm|: 8.566132e-03     Tr[DP]  6.272410e-02
 iter: 298:2        |ddm|: 3.077060e-02     Tr[DP]  6.225268e-02
 iter: 299:1        |ddm|: 7.993437e-03     Tr[DP]  6.267209e-02
 iter: 299:2        |ddm|: 2.991697e-02     Tr[DP]  6.221495e-02
 iter: 300:1        |ddm|: 7.472248e-03     Tr[DP]  6.262293e-02
 iter: 300:2        |ddm|: 2.783324e-02     Tr[DP]  6.217862e-02
                         Freeze-and-Thaw NOT converged!                         

=================== Subsystem 1 at higher mean-field method ====================
  subiter:   1      |ddm|: 2.061248e+00
  subiter:   2      |ddm|: 2.158199e-01
  subiter:   3      |ddm|: 2.440588e-02
  subiter:   4      |ddm|: 1.908734e-02
  subiter:   5      |ddm|: 2.719129e-03
  subiter:   6      |ddm|: 1.064433e-03
  subiter:   7      |ddm|: 1.774325e-04
  subiter:   8      |ddm|: 7.253499e-05
  subiter:   9      |ddm|: 2.492082e-05
  subiter:  10      |ddm|: 3.605115e-06
  subiter:  11      |ddm|: 1.386816e-06
  subiter:  12      |ddm|: 5.145815e-07
  subiter:  13      |ddm|: 4.137182e-08
  subiter:  14      |ddm|: 2.139220e-08
  subiter:  15      |ddm|: 1.839006e-08
  subiter:  16      |ddm|: 1.150075e-08
  subiter:  17      |ddm|: 2.477099e-08
  subiter:  18      |ddm|: 2.713971e-09


******** <class 'pyscf.scf.hf.RHF'> flags ********
method = RHF
initial guess = minao
damping factor = 0
level shift factor = 0
DIIS = <class 'pyscf.scf.diis.CDIIS'>
DIIS start cycle = 1
DIIS space = 8
SCF tol = 1e-09
SCF gradient tol = None
max. SCF cycles = 100
direct_scf = True
direct_scf_tol = 1e-13
chkfile to save SCF result = /panfs/roc/scratch/graha682/D180/201711_augccpVDZ_NEVPT2_m06_180_3c12h24/tmpuxugL7
max_memory 4000 MB (current use 785 MB)
Set gradient conv threshold to 3.16228e-05
init E= -123.448599872755
  HOMO = -0.467856921427547  LUMO = 0.0363335586459883
cycle= 1 E= -123.448599872755  delta_E= 2.27e-13  |g|= 9.32e-10  |ddm|= 9.39e-09
  HOMO = -0.467856921426338  LUMO = 0.0363335586455765
Extra cycle  E= -123.448599872754  delta_E= 8.53e-13  |g|= 3.71e-10  |ddm|= 3.54e-09
converged SCF energy = -123.448599872754


******** <class 'pyscf.dft.rks.RKS'> flags ********
method = RKS
initial guess = atom
damping factor = 0
level shift factor = 0.0
DIIS = <class 'pyscf.scf.diis.CDIIS'>
DIIS start cycle = 1
DIIS space = 8
SCF tol = 1e-08
SCF gradient tol = 1e-08
max. SCF cycles = 1
direct_scf = True
direct_scf_tol = 1e-13
chkfile to save SCF result = /panfs/roc/scratch/graha682/D180/201711_augccpVDZ_NEVPT2_m06_180_3c12h24/tmpX2syQP
max_memory 4000 MB (current use 782 MB)
XC functionals = m06
small_rho_cutoff = 1e-20
radial grids: Treutler-Ahlrichs (JCP 102, 346 (M4)) radial grids
becke partition: Becke, JCP, 88, 2547 (1988)
pruning grids: <function nwchem_prune at 0x152b5f0>
grids dens level: 4
symmetrized grids: False
atomic radii adjust function: <function treutler_atomic_radii_adjust at 0x152b488>
init E= -124.166578486856
  HOMO = -0.341865914253352  LUMO = -0.0391174000366875
cycle= 1 E= -124.166579678524  delta_E= -1.19e-06  |g|= 0.000191  |ddm|= 0.00734
  HOMO = -0.341858432823636  LUMO = -0.0391211810343397
Extra cycle  E= -124.166579686485  delta_E= -7.96e-09  |g|= 0.000119  |ddm|= 0.00107
SCF not converged.
SCF energy = -124.166579686485 after 1 cycles
 iter: 301:1        |ddm|: 2.272709e+00     Tr[DP]  8.039282e-02

******** <class 'pyscf.mcscf.mc1step.CASSCF'> flags ********
CAS (1e+1e, 2o), ncore = 11, nvir = 101
max_cycle_macro = 50
max_cycle_micro = 4
conv_tol = 1e-07
conv_tol_grad = None
orbital rotation max_stepsize = 0.02
augmented hessian ah_max_cycle = 30
augmented hessian ah_conv_tol = 1e-12
augmented hessian ah_linear dependence = 1e-14
augmented hessian ah_level shift = 0
augmented hessian ah_start_tol = 2.5
augmented hessian ah_start_cycle = 3
augmented hessian ah_grad_trust_region = 3
kf_trust_region = 3
kf_interval = 4
ci_response_space = 4
ci_grad_trust_region = 3
with_dep4 0
natorb = False
canonicalization = True
sorting_mo_energy = False
chkfile = /panfs/roc/scratch/graha682/D180/201711_augccpVDZ_NEVPT2_m06_180_3c12h24/tmpuxugL7
max_memory 4000 MB (current use 782 MB)
internal_rotation = False
******** <class 'pyscf.fci.direct_spin1.FCISolver'> flags ********
max. cycles = 50
conv_tol = 1e-08
davidson only = False
linear dependence = 1e-10
level shift = 0.001
max iter space = 12
max_memory 4000 MB
nroots = 1
pspace_size = 400
spin = None
CASCI E = -123.448600208741  S^2 = 0.0000000
Set conv_tol_grad to 0.000316228
macro iter 1 (1 JK  1 micro), CASSCF E = -123.448600208741  dE = -4.2632564e-14  S^2 = 0.0000000
               |grad[o]|=4.34e-06  |grad[c]|= 2.65529070042e-15  |ddm|=    0
1-step CASSCF converged in 1 macro (1 JK 1 micro) steps
CASSCF canonicalization
CASSCF energy = -123.448600208741
Hartree-Fock Energy:  -123.44859987275373
CAS Correlation:       -0.00000033598735
CAS Energy:          -123.44860020874108
Sr    (-1)',   E = -0.00000763545519
Si    (+1)',   E = -0.00000026332639
Sijrs (0)  ,   E = -0.31286215997665
Sijr  (+1) ,   E = -0.00195785432692
Srsi  (-1) ,   E = -0.07387025026155
Srs   (-2) ,   E = -0.00702420434795
Sij   (+2) ,   E = -0.00001134959328
Sir   (0)' ,   E = -0.00028880312827
Nevpt2 Energy = -0.396022520416201
NEVPT2 =   -0.396022520416201
Total NEVPT2 = -123.844622729157280

============================== Supermolecular DFT ==============================
  subiter:   1      |ddm|: 3.770572e+01
  subiter:   2      |ddm|: 5.808823e+00
  subiter:   3      |ddm|: 1.021655e+00
  subiter:   4      |ddm|: 2.978829e-01
  subiter:   5      |ddm|: 1.018467e-01
  subiter:   6      |ddm|: 3.544594e-02
  subiter:   7      |ddm|: 1.312847e-02
  subiter:   8      |ddm|: 3.899316e-03
  subiter:   9      |ddm|: 1.898872e-03
  subiter:  10      |ddm|: 8.643083e-04
  subiter:  11      |ddm|: 1.728976e-04
  subiter:  12      |ddm|: 2.065799e-05
  subiter:  13      |ddm|: 3.092201e-05
  subiter:  14      |ddm|: 1.291687e-05
  subiter:  15      |ddm|: 1.188165e-06
  subiter:  16      |ddm|: 1.572551e-06
  subiter:  17      |ddm|: 4.805048e-07
  subiter:  18      |ddm|: 1.504857e-07
  subiter:  19      |ddm|: 1.830690e-07
  subiter:  20      |ddm|: 9.595958e-08
  subiter:  21      |ddm|: 1.187726e-07
  subiter:  22      |ddm|: 1.853923e-07
  subiter:  23      |ddm|: 7.880073e-08
  subiter:  24      |ddm|: 1.092771e-07
  subiter:  25      |ddm|: 1.028175e-07
  subiter:  26      |ddm|: 1.203204e-07
  subiter:  27      |ddm|: 1.066417e-07
  subiter:  28      |ddm|: 1.797829e-07
  subiter:  29      |ddm|: 8.062914e-08
  subiter:  30      |ddm|: 7.005976e-08
  subiter:  31      |ddm|: 9.584176e-08
  subiter:  32      |ddm|: 1.474174e-07
  subiter:  33      |ddm|: 1.148552e-07
  subiter:  34      |ddm|: 1.309055e-07
  subiter:  35      |ddm|: 9.590096e-08
  subiter:  36      |ddm|: 9.225197e-08
  subiter:  37      |ddm|: 1.388345e-07
  subiter:  38      |ddm|: 1.029278e-07
  subiter:  39      |ddm|: 9.196900e-08
  subiter:  40      |ddm|: 9.305326e-08
  subiter:  41      |ddm|: 1.149826e-07
  subiter:  42      |ddm|: 1.016166e-07
  subiter:  43      |ddm|: 6.760954e-08
  subiter:  44      |ddm|: 7.625154e-08
  subiter:  45      |ddm|: 8.065697e-08
  subiter:  46      |ddm|: 9.506533e-08
  subiter:  47      |ddm|: 7.268934e-08
  subiter:  48      |ddm|: 7.223164e-08
  subiter:  49      |ddm|: 9.826529e-08
  subiter:  50      |ddm|: 1.472813e-07
  subiter:  51      |ddm|: 9.124751e-08
  subiter:  52      |ddm|: 1.348616e-07
  subiter:  53      |ddm|: 5.745243e-08
  subiter:  54      |ddm|: 9.103568e-08
  subiter:  55      |ddm|: 6.868564e-08
  subiter:  56      |ddm|: 1.402750e-07
  subiter:  57      |ddm|: 8.423248e-08
  subiter:  58      |ddm|: 1.068380e-07
  subiter:  59      |ddm|: 1.297558e-07
  subiter:  60      |ddm|: 9.184053e-08
  subiter:  61      |ddm|: 7.036132e-08
  subiter:  62      |ddm|: 8.511045e-08
  subiter:  63      |ddm|: 8.863369e-08
  subiter:  64      |ddm|: 7.981927e-08
  subiter:  65      |ddm|: 7.238751e-08
  subiter:  66      |ddm|: 9.764091e-08
  subiter:  67      |ddm|: 1.413298e-07
  subiter:  68      |ddm|: 1.009022e-07
  subiter:  69      |ddm|: 7.353719e-08
  subiter:  70      |ddm|: 1.046707e-07
  subiter:  71      |ddm|: 7.703009e-08
  subiter:  72      |ddm|: 1.314998e-07
  subiter:  73      |ddm|: 1.044519e-07
  subiter:  74      |ddm|: 8.709738e-08
  subiter:  75      |ddm|: 6.222439e-08
  subiter:  76      |ddm|: 9.025265e-08
  subiter:  77      |ddm|: 1.209618e-07
  subiter:  78      |ddm|: 1.515044e-07
  subiter:  79      |ddm|: 1.005541e-07
  subiter:  80      |ddm|: 1.100053e-07
  subiter:  81      |ddm|: 6.446208e-08
  subiter:  82      |ddm|: 7.778902e-08
  subiter:  83      |ddm|: 1.210567e-07
  subiter:  84      |ddm|: 7.824251e-08
  subiter:  85      |ddm|: 1.341552e-07
  subiter:  86      |ddm|: 9.681476e-08
  subiter:  87      |ddm|: 1.035299e-07
  subiter:  88      |ddm|: 7.448444e-08
  subiter:  89      |ddm|: 8.724937e-08
  subiter:  90      |ddm|: 6.784302e-08
  subiter:  91      |ddm|: 1.238286e-07
  subiter:  92      |ddm|: 1.131107e-07
  subiter:  93      |ddm|: 6.550487e-08
  subiter:  94      |ddm|: 6.402898e-08
  subiter:  95      |ddm|: 1.456110e-07
  subiter:  96      |ddm|: 1.113836e-07
  subiter:  97      |ddm|: 1.060465e-07
  subiter:  98      |ddm|: 8.654715e-08
  subiter:  99      |ddm|: 9.915934e-08
  subiter: 100      |ddm|: 7.962748e-08


******** <class 'pyscf.dft.rks.RKS'> flags ********
method = RKS
initial guess = atom
damping factor = 0
level shift factor = 0.0
DIIS = <class 'pyscf.scf.diis.CDIIS'>
DIIS start cycle = 1
DIIS space = 8
SCF tol = 1e-08
SCF gradient tol = 1e-08
max. SCF cycles = 100
direct_scf = True
direct_scf_tol = 1e-13
chkfile to save SCF result = /panfs/roc/scratch/graha682/D180/201711_augccpVDZ_NEVPT2_m06_180_3c12h24/tmpIKnmrx
max_memory 4000 MB (current use 854 MB)
XC functionals = m06
small_rho_cutoff = 1e-20
radial grids: Treutler-Ahlrichs (JCP 102, 346 (M4)) radial grids
becke partition: Becke, JCP, 88, 2547 (1988)
pruning grids: <function nwchem_prune at 0x152b5f0>
grids dens level: 4
symmetrized grids: False
atomic radii adjust function: <function treutler_atomic_radii_adjust at 0x152b488>
init E= -471.353604197421
  HOMO = -0.27080077167505  LUMO = -0.0385182217083287
cycle= 1 E= -471.353604197422  delta_E= -1.36e-12  |g|= 1.69e-09  |ddm|= 4.39e-07
  HOMO = -0.270800771675186  LUMO = -0.0385182217091205
Extra cycle  E= -471.353604197436  delta_E= -1.34e-11  |g|= 3.43e-09  |ddm|= 1.98e-06
converged SCF energy = -471.353604197436
Supermolecular DFT   -471.35360419741983

============================== Embedding Energies ==============================
Subsystem DFT              -124.16657968648528
Interaction                -346.77311339412097
DFT-in-DFT                 -470.93969308060628
Supermolecular DFT         -471.35360419741983
Difference                   -0.41391111681355
Corrected DFT-in-DFT       -471.35360419741983
WF-in-DFT                  -470.61773612327823
Corrected WF-in-DFT        -471.03164724009179
================================================================================
TIMING STATISTICS:
     overlap integrals      0.04s   ( 0.00%)
    initial subsystems      0.51s   ( 0.00%)
           2e matrices  16950.79s   (73.82%)
      tot. embed. of 1  16981.93s   (73.95%)
      tot. embed. of 2      7.47s   ( 0.03%)
       freeze and thaw  16989.45s   (73.98%)
                   cas      0.35s   ( 0.00%)
                nevpt2      0.18s   ( 0.00%)
  interaction energies   5971.68s   (26.01%)
                 TOTAL  22963.54s
================================================================================

********************************************************************************
*                              END OF CALCULATION                              *
********************************************************************************
