********************************************************************************
*                         FREEZE-AND-THAW CALCULATION                          *
********************************************************************************

================================== Input File ==================================

subsystem
C         -6.81482       -0.41549        0.09427
C         -5.56148        0.43723        0.09291
H         -7.73235        0.19144        0.14284
H         -6.82759       -1.10433        0.95613
H         -6.87608       -1.03606       -0.81600
C         -4.28367       -0.38105        0.02769
H         -5.53674        1.07536        0.99703
H         -5.58394        1.14190       -0.76043
charge -1
end

subsystem
C         -3.01935        0.45820        0.02465
H         -4.30287       -1.02142       -0.87709
H         -4.25514       -1.08693        0.88207
C         -1.74266       -0.35996       -0.03904
H         -3.00074        1.09896        0.92895
H         -3.04752        1.16304       -0.83040
C         -0.47847        0.47976       -0.04293
H         -1.76110       -1.00126       -0.94290
H         -1.71376       -1.06425        0.81637
C          0.79802       -0.33883       -0.10518
H         -0.46018        1.12167        0.86050
H         -0.50662        1.18344       -0.89888
C          2.06200        0.50111       -0.10950
H          0.77978       -0.98111       -1.00834
H          0.82666       -1.04193        0.75105
C          3.33732       -0.31883       -0.17142
H          2.08069        1.14302        0.79384
H          2.03455        1.20447       -0.96577
C          4.60273        0.52976       -0.16834
H          3.32340       -0.95577       -1.07810
H          3.36997       -1.02445        0.68126
C          5.85143       -0.28248       -0.26722
H          4.63441        1.15491        0.74389
H          4.55409        1.23665       -1.02083
C          6.83939       -0.29097        0.62649
H          7.73184       -0.91032        0.49630
H          6.79259        0.32734        1.53123
H          5.93402       -0.92507       -1.15699
charge +1
end

embed
 huzinaga
 cycles 300
 conv 1e-8
 method m06
end

basis cc-pVTZ
method cas[2,2]/nevpt2
grid 4
conv 1e-8
grad 1e-8
maxiter 100
================================== End Input ===================================
tot grids = 725328

                      Getting subsystem overlap integrals                       

                          Initial subsystem densities                           
Guessing initial subsystem densities
Initial guess from superpostion of atomic densties.
Guessing initial subsystem densities
Initial guess from superpostion of atomic densties.

=========================== Starting Freeze-and-Thaw ===========================
 iter:   1:1        |ddm|: 1.090904e+01     Tr[DP]  8.388890e-01
 iter:   1:2        |ddm|: 4.267307e+00     Tr[DP]  3.656300e-01
 iter:   2:1        |ddm|: 1.761272e+01     Tr[DP]  3.158200e-01
 iter:   2:2        |ddm|: 3.680073e+00     Tr[DP]  2.032221e-01
 iter:   3:1        |ddm|: 1.773224e+01     Tr[DP]  2.110153e-01
 iter:   3:2        |ddm|: 2.555027e+00     Tr[DP]  2.171373e-01
 iter:   4:1        |ddm|: 1.317662e+00     Tr[DP]  2.028908e-01
 iter:   4:2        |ddm|: 6.163978e-01     Tr[DP]  1.829870e-01
 iter:   5:1        |ddm|: 6.395270e-01     Tr[DP]  2.036808e-01
 iter:   5:2        |ddm|: 3.732911e-01     Tr[DP]  1.670114e-01
 iter:   6:1        |ddm|: 4.658298e-01     Tr[DP]  1.969947e-01
 iter:   6:2        |ddm|: 2.539722e-01     Tr[DP]  1.577762e-01
 iter:   7:1        |ddm|: 3.271642e-01     Tr[DP]  1.857399e-01
 iter:   7:2        |ddm|: 1.512115e-01     Tr[DP]  1.515136e-01
 iter:   8:1        |ddm|: 2.330953e-01     Tr[DP]  1.748024e-01
 iter:   8:2        |ddm|: 1.011813e-01     Tr[DP]  1.479300e-01
 iter:   9:1        |ddm|: 1.733633e-01     Tr[DP]  1.665634e-01
 iter:   9:2        |ddm|: 7.200963e-02     Tr[DP]  1.434850e-01
 iter:  10:1        |ddm|: 1.422310e-01     Tr[DP]  1.593774e-01
 iter:  10:2        |ddm|: 6.564236e-02     Tr[DP]  1.423329e-01
 iter:  11:1        |ddm|: 1.229970e-01     Tr[DP]  1.530580e-01
 iter:  11:2        |ddm|: 5.240384e-02     Tr[DP]  1.377848e-01
 iter:  12:1        |ddm|: 7.892677e-02     Tr[DP]  1.482325e-01
 iter:  12:2        |ddm|: 3.554190e-02     Tr[DP]  1.371954e-01
 iter:  13:1        |ddm|: 6.550913e-02     Tr[DP]  1.446991e-01
 iter:  13:2        |ddm|: 3.070978e-02     Tr[DP]  1.364429e-01
 iter:  14:1        |ddm|: 5.456205e-02     Tr[DP]  1.418157e-01
 iter:  14:2        |ddm|: 2.496027e-02     Tr[DP]  1.350350e-01
 iter:  15:1        |ddm|: 4.095586e-02     Tr[DP]  1.395645e-01
 iter:  15:2        |ddm|: 2.087545e-02     Tr[DP]  1.342039e-01
 iter:  16:1        |ddm|: 3.272996e-02     Tr[DP]  1.378594e-01
 iter:  16:2        |ddm|: 1.791319e-02     Tr[DP]  1.335519e-01
 iter:  17:1        |ddm|: 2.919334e-02     Tr[DP]  1.366537e-01
 iter:  17:2        |ddm|: 1.809367e-02     Tr[DP]  1.332881e-01
 iter:  18:1        |ddm|: 2.596591e-02     Tr[DP]  1.355765e-01
 iter:  18:2        |ddm|: 1.655030e-02     Tr[DP]  1.325049e-01
 iter:  19:1        |ddm|: 2.083677e-02     Tr[DP]  1.347025e-01
 iter:  19:2        |ddm|: 1.548485e-02     Tr[DP]  1.319994e-01
 iter:  20:1        |ddm|: 2.040549e-02     Tr[DP]  1.341169e-01
 iter:  20:2        |ddm|: 1.768527e-02     Tr[DP]  1.318950e-01
 iter:  21:1        |ddm|: 1.867965e-02     Tr[DP]  1.335229e-01
 iter:  21:2        |ddm|: 1.546022e-02     Tr[DP]  1.313636e-01
 iter:  22:1        |ddm|: 1.707044e-02     Tr[DP]  1.329900e-01
 iter:  22:2        |ddm|: 1.555015e-02     Tr[DP]  1.309435e-01
 iter:  23:1        |ddm|: 1.642088e-02     Tr[DP]  1.324543e-01
 iter:  23:2        |ddm|: 1.447462e-02     Tr[DP]  1.303967e-01
 iter:  24:1        |ddm|: 1.430768e-02     Tr[DP]  1.319839e-01
 iter:  24:2        |ddm|: 1.366822e-02     Tr[DP]  1.300138e-01
 iter:  25:1        |ddm|: 1.362648e-02     Tr[DP]  1.315560e-01
 iter:  25:2        |ddm|: 1.320182e-02     Tr[DP]  1.296419e-01
 iter:  26:1        |ddm|: 1.244318e-02     Tr[DP]  1.312040e-01
 iter:  26:2        |ddm|: 1.304385e-02     Tr[DP]  1.293780e-01
 iter:  27:1        |ddm|: 1.233820e-02     Tr[DP]  1.308652e-01
 iter:  27:2        |ddm|: 1.285567e-02     Tr[DP]  1.290645e-01
 iter:  28:1        |ddm|: 1.170936e-02     Tr[DP]  1.305750e-01
 iter:  28:2        |ddm|: 1.279029e-02     Tr[DP]  1.288199e-01
 iter:  29:1        |ddm|: 1.209329e-02     Tr[DP]  1.302599e-01
 iter:  29:2        |ddm|: 1.260936e-02     Tr[DP]  1.284823e-01
 iter:  30:1        |ddm|: 1.129083e-02     Tr[DP]  1.300231e-01
 iter:  30:2        |ddm|: 1.328683e-02     Tr[DP]  1.283360e-01
 iter:  31:1        |ddm|: 1.141489e-02     Tr[DP]  1.297487e-01
 iter:  31:2        |ddm|: 1.285888e-02     Tr[DP]  1.280162e-01
 iter:  32:1        |ddm|: 1.101415e-02     Tr[DP]  1.294661e-01
 iter:  32:2        |ddm|: 1.258196e-02     Tr[DP]  1.277394e-01
 iter:  33:1        |ddm|: 1.113449e-02     Tr[DP]  1.291820e-01
 iter:  33:2        |ddm|: 1.218685e-02     Tr[DP]  1.274375e-01
 iter:  34:1        |ddm|: 1.101146e-02     Tr[DP]  1.288974e-01
 iter:  34:2        |ddm|: 1.187916e-02     Tr[DP]  1.271405e-01
 iter:  35:1        |ddm|: 1.032856e-02     Tr[DP]  1.286543e-01
 iter:  35:2        |ddm|: 1.243295e-02     Tr[DP]  1.269400e-01
 iter:  36:1        |ddm|: 1.018767e-02     Tr[DP]  1.284199e-01
 iter:  36:2        |ddm|: 1.234356e-02     Tr[DP]  1.267012e-01
 iter:  37:1        |ddm|: 1.562569e-02     Tr[DP]  1.283704e-01
 iter:  37:2        |ddm|: 2.102054e-02     Tr[DP]  1.267192e-01
 iter:  38:1        |ddm|: 1.352192e-02     Tr[DP]  1.280239e-01
 iter:  38:2        |ddm|: 1.373367e-02     Tr[DP]  1.261290e-01
 iter:  39:1        |ddm|: 1.083803e-02     Tr[DP]  1.277615e-01
 iter:  39:2        |ddm|: 1.475550e-02     Tr[DP]  1.258821e-01
 iter:  40:1        |ddm|: 1.094586e-02     Tr[DP]  1.274312e-01
 iter:  40:2        |ddm|: 1.325368e-02     Tr[DP]  1.254724e-01
 iter:  41:1        |ddm|: 1.070394e-02     Tr[DP]  1.270976e-01
 iter:  41:2        |ddm|: 1.266155e-02     Tr[DP]  1.251194e-01
 iter:  42:1        |ddm|: 1.167035e-02     Tr[DP]  1.267215e-01
 iter:  42:2        |ddm|: 1.172762e-02     Tr[DP]  1.247277e-01
 iter:  43:1        |ddm|: 1.012771e-02     Tr[DP]  1.264828e-01
 iter:  43:2        |ddm|: 1.272764e-02     Tr[DP]  1.245420e-01
 iter:  44:1        |ddm|: 9.967765e-03     Tr[DP]  1.262099e-01
 iter:  44:2        |ddm|: 1.266762e-02     Tr[DP]  1.242472e-01
 iter:  45:1        |ddm|: 1.033258e-02     Tr[DP]  1.258983e-01
 iter:  45:2        |ddm|: 1.205007e-02     Tr[DP]  1.239092e-01
 iter:  46:1        |ddm|: 1.054939e-02     Tr[DP]  1.255707e-01
 iter:  46:2        |ddm|: 1.145400e-02     Tr[DP]  1.235789e-01
 iter:  47:1        |ddm|: 9.612873e-03     Tr[DP]  1.253225e-01
 iter:  47:2        |ddm|: 1.210876e-02     Tr[DP]  1.233527e-01
 iter:  48:1        |ddm|: 9.503914e-03     Tr[DP]  1.250758e-01
 iter:  48:2        |ddm|: 1.263960e-02     Tr[DP]  1.230930e-01
 iter:  49:1        |ddm|: 1.031567e-02     Tr[DP]  1.247574e-01
 iter:  49:2        |ddm|: 1.170815e-02     Tr[DP]  1.227386e-01
 iter:  50:1        |ddm|: 9.925523e-03     Tr[DP]  1.244528e-01
 iter:  50:2        |ddm|: 1.131232e-02     Tr[DP]  1.224372e-01
 iter:  51:1        |ddm|: 9.560351e-03     Tr[DP]  1.241739e-01
 iter:  51:2        |ddm|: 1.130451e-02     Tr[DP]  1.221671e-01
 iter:  52:1        |ddm|: 9.450936e-03     Tr[DP]  1.238996e-01
 iter:  52:2        |ddm|: 1.129550e-02     Tr[DP]  1.218950e-01
 iter:  53:1        |ddm|: 9.647243e-03     Tr[DP]  1.236107e-01
 iter:  53:2        |ddm|: 1.097332e-02     Tr[DP]  1.216055e-01
 iter:  54:1        |ddm|: 9.096300e-03     Tr[DP]  1.233575e-01
 iter:  54:2        |ddm|: 1.124851e-02     Tr[DP]  1.213597e-01
 iter:  55:1        |ddm|: 9.395303e-03     Tr[DP]  1.230769e-01
 iter:  55:2        |ddm|: 1.093203e-02     Tr[DP]  1.210714e-01
 iter:  56:1        |ddm|: 8.877765e-03     Tr[DP]  1.228343e-01
 iter:  56:2        |ddm|: 1.157165e-02     Tr[DP]  1.208369e-01
 iter:  57:1        |ddm|: 8.770155e-03     Tr[DP]  1.225958e-01
 iter:  57:2        |ddm|: 1.191688e-02     Tr[DP]  1.205731e-01
 iter:  58:1        |ddm|: 9.215609e-03     Tr[DP]  1.223050e-01
 iter:  58:2        |ddm|: 1.133307e-02     Tr[DP]  1.202545e-01
 iter:  59:1        |ddm|: 9.219953e-03     Tr[DP]  1.220141e-01
 iter:  59:2        |ddm|: 1.104888e-02     Tr[DP]  1.199493e-01
 iter:  60:1        |ddm|: 9.207716e-03     Tr[DP]  1.217221e-01
 iter:  60:2        |ddm|: 1.077773e-02     Tr[DP]  1.196547e-01
 iter:  61:1        |ddm|: 9.023487e-03     Tr[DP]  1.215297e-01
 iter:  61:2        |ddm|: 1.299019e-02     Tr[DP]  1.194479e-01
 iter:  62:1        |ddm|: 1.234026e-02     Tr[DP]  1.211123e-01
 iter:  62:2        |ddm|: 1.078132e-02     Tr[DP]  1.190117e-01
 iter:  63:1        |ddm|: 8.854766e-03     Tr[DP]  1.208508e-01
 iter:  63:2        |ddm|: 1.022851e-02     Tr[DP]  1.187943e-01
 iter:  64:1        |ddm|: 8.631895e-03     Tr[DP]  1.205940e-01
 iter:  64:2        |ddm|: 1.041708e-02     Tr[DP]  1.185484e-01
 iter:  65:1        |ddm|: 9.092194e-03     Tr[DP]  1.203161e-01
 iter:  65:2        |ddm|: 1.002457e-02     Tr[DP]  1.182724e-01
 iter:  66:1        |ddm|: 1.267830e-02     Tr[DP]  1.199792e-01
 iter:  66:2        |ddm|: 9.889499e-03     Tr[DP]  1.179447e-01
 iter:  67:1        |ddm|: 8.512232e-03     Tr[DP]  1.198163e-01
 iter:  67:2        |ddm|: 1.105809e-02     Tr[DP]  1.178383e-01
 iter:  68:1        |ddm|: 8.228379e-03     Tr[DP]  1.196295e-01
 iter:  68:2        |ddm|: 1.248430e-02     Tr[DP]  1.176454e-01
 iter:  69:1        |ddm|: 9.052295e-03     Tr[DP]  1.194563e-01
 iter:  69:2        |ddm|: 1.436076e-02     Tr[DP]  1.173890e-01
 iter:  70:1        |ddm|: 9.058785e-03     Tr[DP]  1.191288e-01
 iter:  70:2        |ddm|: 1.161259e-02     Tr[DP]  1.169793e-01
 iter:  71:1        |ddm|: 1.334002e-02     Tr[DP]  1.190099e-01
 iter:  71:2        |ddm|: 1.908751e-02     Tr[DP]  1.167709e-01
 iter:  72:1        |ddm|: 1.181838e-02     Tr[DP]  1.185447e-01
 iter:  72:2        |ddm|: 1.184565e-02     Tr[DP]  1.161995e-01
 iter:  73:1        |ddm|: 9.780005e-03     Tr[DP]  1.181819e-01
 iter:  73:2        |ddm|: 1.104665e-02     Tr[DP]  1.158184e-01
 iter:  74:1        |ddm|: 9.337089e-03     Tr[DP]  1.178321e-01
 iter:  74:2        |ddm|: 1.101507e-02     Tr[DP]  1.154778e-01
 iter:  75:1        |ddm|: 8.927363e-03     Tr[DP]  1.175228e-01
 iter:  75:2        |ddm|: 1.146172e-02     Tr[DP]  1.151591e-01
 iter:  76:1        |ddm|: 1.697348e-02     Tr[DP]  1.175020e-01
 iter:  76:2        |ddm|: 2.106990e-02     Tr[DP]  1.149681e-01
 iter:  77:1        |ddm|: 1.852460e-02     Tr[DP]  1.168255e-01
 iter:  77:2        |ddm|: 1.311611e-02     Tr[DP]  1.142325e-01
 iter:  78:1        |ddm|: 9.751060e-03     Tr[DP]  1.164654e-01
 iter:  78:2        |ddm|: 1.122296e-02     Tr[DP]  1.139273e-01
 iter:  79:1        |ddm|: 1.011346e-02     Tr[DP]  1.160812e-01
 iter:  79:2        |ddm|: 1.086822e-02     Tr[DP]  1.135727e-01
 iter:  80:1        |ddm|: 9.917799e-03     Tr[DP]  1.157237e-01
 iter:  80:2        |ddm|: 1.057465e-02     Tr[DP]  1.132542e-01
 iter:  81:1        |ddm|: 9.403358e-03     Tr[DP]  1.154033e-01
 iter:  81:2        |ddm|: 1.059871e-02     Tr[DP]  1.129611e-01
 iter:  82:1        |ddm|: 8.971855e-03     Tr[DP]  1.151122e-01
 iter:  82:2        |ddm|: 1.075884e-02     Tr[DP]  1.126765e-01
 iter:  83:1        |ddm|: 9.265620e-03     Tr[DP]  1.147973e-01
 iter:  83:2        |ddm|: 1.067575e-02     Tr[DP]  1.123656e-01
 iter:  84:1        |ddm|: 9.178754e-03     Tr[DP]  1.144861e-01
 iter:  84:2        |ddm|: 1.055030e-02     Tr[DP]  1.120655e-01
 iter:  85:1        |ddm|: 9.035886e-03     Tr[DP]  1.141863e-01
 iter:  85:2        |ddm|: 1.046165e-02     Tr[DP]  1.117733e-01
 iter:  86:1        |ddm|: 9.112890e-03     Tr[DP]  1.138772e-01
 iter:  86:2        |ddm|: 1.027897e-02     Tr[DP]  1.114807e-01
 iter:  87:1        |ddm|: 8.975841e-03     Tr[DP]  1.135833e-01
 iter:  87:2        |ddm|: 1.016671e-02     Tr[DP]  1.111995e-01
 iter:  88:1        |ddm|: 8.356981e-03     Tr[DP]  1.133241e-01
 iter:  88:2        |ddm|: 1.062993e-02     Tr[DP]  1.109309e-01
 iter:  89:1        |ddm|: 8.505135e-03     Tr[DP]  1.130416e-01
 iter:  89:2        |ddm|: 1.063863e-02     Tr[DP]  1.106305e-01
 iter:  90:1        |ddm|: 8.836172e-03     Tr[DP]  1.127339e-01
 iter:  90:2        |ddm|: 1.035243e-02     Tr[DP]  1.103192e-01
 iter:  91:1        |ddm|: 8.530997e-03     Tr[DP]  1.124408e-01
 iter:  91:2        |ddm|: 1.050908e-02     Tr[DP]  1.100250e-01
 iter:  92:1        |ddm|: 8.848150e-03     Tr[DP]  1.121349e-01
 iter:  92:2        |ddm|: 1.014750e-02     Tr[DP]  1.097219e-01
 iter:  93:1        |ddm|: 1.079087e-02     Tr[DP]  1.117713e-01
 iter:  93:2        |ddm|: 9.292332e-03     Tr[DP]  1.094089e-01
 iter:  94:1        |ddm|: 7.924467e-03     Tr[DP]  1.115559e-01
 iter:  94:2        |ddm|: 1.019726e-02     Tr[DP]  1.092028e-01
 iter:  95:1        |ddm|: 7.826413e-03     Tr[DP]  1.113387e-01
 iter:  95:2        |ddm|: 1.172427e-02     Tr[DP]  1.089321e-01
 iter:  96:1        |ddm|: 7.937914e-03     Tr[DP]  1.110654e-01
 iter:  96:2        |ddm|: 1.164272e-02     Tr[DP]  1.085967e-01
 iter:  97:1        |ddm|: 8.699595e-03     Tr[DP]  1.107317e-01
 iter:  97:2        |ddm|: 1.080415e-02     Tr[DP]  1.082281e-01
 iter:  98:1        |ddm|: 8.231911e-03     Tr[DP]  1.104843e-01
 iter:  98:2        |ddm|: 1.222994e-02     Tr[DP]  1.078840e-01
 iter:  99:1        |ddm|: 1.027198e-02     Tr[DP]  1.100282e-01
 iter:  99:2        |ddm|: 1.067015e-02     Tr[DP]  1.074895e-01
 iter: 100:1        |ddm|: 3.448737e-02     Tr[DP]  1.092284e-01
 iter: 100:2        |ddm|: 2.109346e-02     Tr[DP]  1.070953e-01
 iter: 101:1        |ddm|: 6.469108e-02     Tr[DP]  1.102683e-01
 iter: 101:2        |ddm|: 4.981108e-02     Tr[DP]  1.075346e-01
 iter: 102:1        |ddm|: 2.934062e-02     Tr[DP]  1.093206e-01
 iter: 102:2        |ddm|: 1.787657e-02     Tr[DP]  1.063435e-01
 iter: 103:1        |ddm|: 1.031093e-02     Tr[DP]  1.088679e-01
 iter: 103:2        |ddm|: 1.269735e-02     Tr[DP]  1.059093e-01
 iter: 104:1        |ddm|: 1.079034e-02     Tr[DP]  1.083994e-01
 iter: 104:2        |ddm|: 1.151961e-02     Tr[DP]  1.054494e-01
 iter: 105:1        |ddm|: 1.056424e-02     Tr[DP]  1.079665e-01
 iter: 105:2        |ddm|: 1.099069e-02     Tr[DP]  1.050505e-01
 iter: 106:1        |ddm|: 9.770095e-03     Tr[DP]  1.075868e-01
 iter: 106:2        |ddm|: 1.111520e-02     Tr[DP]  1.046905e-01
 iter: 107:1        |ddm|: 9.957193e-03     Tr[DP]  1.072072e-01
 iter: 107:2        |ddm|: 1.092275e-02     Tr[DP]  1.043278e-01
 iter: 108:1        |ddm|: 1.151319e-02     Tr[DP]  1.067945e-01
 iter: 108:2        |ddm|: 1.005644e-02     Tr[DP]  1.039744e-01
 iter: 109:1        |ddm|: 1.100253e-02     Tr[DP]  1.064254e-01
 iter: 109:2        |ddm|: 9.660305e-03     Tr[DP]  1.036844e-01
 iter: 110:1        |ddm|: 1.552763e-02     Tr[DP]  1.059959e-01
 iter: 110:2        |ddm|: 9.749265e-03     Tr[DP]  1.034186e-01
 iter: 111:1        |ddm|: 8.776721e-03     Tr[DP]  1.057824e-01
 iter: 111:2        |ddm|: 9.023725e-03     Tr[DP]  1.032993e-01
 iter: 112:1        |ddm|: 8.822376e-03     Tr[DP]  1.056747e-01
 iter: 112:2        |ddm|: 1.242691e-02     Tr[DP]  1.031131e-01
 iter: 113:1        |ddm|: 2.031489e-02     Tr[DP]  1.056908e-01
 iter: 113:2        |ddm|: 2.288075e-02     Tr[DP]  1.027816e-01
 iter: 114:1        |ddm|: 1.097767e-02     Tr[DP]  1.052132e-01
 iter: 114:2        |ddm|: 1.426925e-02     Tr[DP]  1.020897e-01
 iter: 115:1        |ddm|: 1.086472e-02     Tr[DP]  1.047135e-01
 iter: 115:2        |ddm|: 1.273258e-02     Tr[DP]  1.015389e-01
 iter: 116:1        |ddm|: 9.984023e-03     Tr[DP]  1.043077e-01
 iter: 116:2        |ddm|: 1.384465e-02     Tr[DP]  1.010653e-01
 iter: 117:1        |ddm|: 1.242478e-02     Tr[DP]  1.037879e-01
 iter: 117:2        |ddm|: 1.155775e-02     Tr[DP]  1.005596e-01
 iter: 118:1        |ddm|: 1.220600e-02     Tr[DP]  1.033164e-01
 iter: 118:2        |ddm|: 1.070342e-02     Tr[DP]  1.001559e-01
 iter: 119:1        |ddm|: 1.031792e-02     Tr[DP]  1.029296e-01
 iter: 119:2        |ddm|: 1.091283e-02     Tr[DP]  9.982019e-02
 iter: 120:1        |ddm|: 9.358827e-03     Tr[DP]  1.026000e-01
 iter: 120:2        |ddm|: 1.189131e-02     Tr[DP]  9.947293e-02
 iter: 121:1        |ddm|: 9.464933e-03     Tr[DP]  1.022496e-01
 iter: 121:2        |ddm|: 1.213619e-02     Tr[DP]  9.908018e-02
 iter: 122:1        |ddm|: 1.044929e-02     Tr[DP]  1.019658e-01
 iter: 122:2        |ddm|: 1.503617e-02     Tr[DP]  9.866794e-02
 iter: 123:1        |ddm|: 1.043886e-02     Tr[DP]  1.016123e-01
 iter: 123:2        |ddm|: 1.532369e-02     Tr[DP]  9.813593e-02
 iter: 124:1        |ddm|: 1.352971e-02     Tr[DP]  1.010520e-01
 iter: 124:2        |ddm|: 1.245262e-02     Tr[DP]  9.755554e-02
 iter: 125:1        |ddm|: 1.428425e-02     Tr[DP]  1.005149e-01
 iter: 125:2        |ddm|: 1.109224e-02     Tr[DP]  9.711555e-02
 iter: 126:1        |ddm|: 1.054396e-02     Tr[DP]  1.001288e-01
 iter: 126:2        |ddm|: 1.162585e-02     Tr[DP]  9.677735e-02
 iter: 127:1        |ddm|: 1.085944e-02     Tr[DP]  9.973617e-02
 iter: 127:2        |ddm|: 1.136480e-02     Tr[DP]  9.640585e-02
 iter: 128:1        |ddm|: 1.043921e-02     Tr[DP]  9.936070e-02
 iter: 128:2        |ddm|: 1.147125e-02     Tr[DP]  9.604187e-02
 iter: 129:1        |ddm|: 1.005585e-02     Tr[DP]  9.899730e-02
 iter: 129:2        |ddm|: 1.181661e-02     Tr[DP]  9.566959e-02
 iter: 130:1        |ddm|: 9.732085e-03     Tr[DP]  9.864695e-02
 iter: 130:2        |ddm|: 1.248081e-02     Tr[DP]  9.527908e-02
 iter: 131:1        |ddm|: 1.088318e-02     Tr[DP]  9.823703e-02
 iter: 131:2        |ddm|: 1.172881e-02     Tr[DP]  9.485201e-02
 iter: 132:1        |ddm|: 1.101903e-02     Tr[DP]  9.782607e-02
 iter: 132:2        |ddm|: 1.138639e-02     Tr[DP]  9.445895e-02
 iter: 133:1        |ddm|: 1.110517e-02     Tr[DP]  9.756081e-02
 iter: 133:2        |ddm|: 1.523783e-02     Tr[DP]  9.407178e-02
 iter: 134:1        |ddm|: 1.309855e-02     Tr[DP]  9.706712e-02
 iter: 134:2        |ddm|: 1.190636e-02     Tr[DP]  9.354926e-02
 iter: 135:1        |ddm|: 1.091732e-02     Tr[DP]  9.664134e-02
 iter: 135:2        |ddm|: 1.184722e-02     Tr[DP]  9.314551e-02
 iter: 136:1        |ddm|: 1.164043e-02     Tr[DP]  9.621274e-02
 iter: 136:2        |ddm|: 1.134807e-02     Tr[DP]  9.274490e-02
 iter: 137:1        |ddm|: 1.098965e-02     Tr[DP]  9.581303e-02
 iter: 137:2        |ddm|: 1.132461e-02     Tr[DP]  9.237532e-02
 iter: 138:1        |ddm|: 9.888631e-03     Tr[DP]  9.545832e-02
 iter: 138:2        |ddm|: 1.215014e-02     Tr[DP]  9.200440e-02
 iter: 139:1        |ddm|: 1.086512e-02     Tr[DP]  9.506028e-02
 iter: 139:2        |ddm|: 1.162800e-02     Tr[DP]  9.159668e-02
 iter: 140:1        |ddm|: 1.080361e-02     Tr[DP]  9.466184e-02
 iter: 140:2        |ddm|: 1.145639e-02     Tr[DP]  9.120815e-02
 iter: 141:1        |ddm|: 1.106161e-02     Tr[DP]  9.426286e-02
 iter: 141:2        |ddm|: 1.119793e-02     Tr[DP]  9.083180e-02
 iter: 142:1        |ddm|: 1.009241e-02     Tr[DP]  9.389970e-02
 iter: 142:2        |ddm|: 1.153549e-02     Tr[DP]  9.046418e-02
 iter: 143:1        |ddm|: 1.005100e-02     Tr[DP]  9.353103e-02
 iter: 143:2        |ddm|: 1.186634e-02     Tr[DP]  9.007244e-02
 iter: 144:1        |ddm|: 1.238751e-02     Tr[DP]  9.310152e-02
 iter: 144:2        |ddm|: 1.077729e-02     Tr[DP]  8.968264e-02
 iter: 145:1        |ddm|: 1.065929e-02     Tr[DP]  9.272230e-02
 iter: 145:2        |ddm|: 1.079272e-02     Tr[DP]  8.934553e-02
 iter: 146:1        |ddm|: 9.531970e-03     Tr[DP]  9.239126e-02
 iter: 146:2        |ddm|: 1.182919e-02     Tr[DP]  8.899686e-02
 iter: 147:1        |ddm|: 9.806990e-03     Tr[DP]  9.203115e-02
 iter: 147:2        |ddm|: 1.169910e-02     Tr[DP]  8.859426e-02
 iter: 148:1        |ddm|: 9.734746e-03     Tr[DP]  9.167316e-02
 iter: 148:2        |ddm|: 1.246374e-02     Tr[DP]  8.818020e-02
 iter: 149:1        |ddm|: 2.728729e-02     Tr[DP]  9.104332e-02
 iter: 149:2        |ddm|: 1.310521e-02     Tr[DP]  8.781190e-02
 iter: 150:1        |ddm|: 4.180400e-02     Tr[DP]  9.120036e-02
 iter: 150:2        |ddm|: 3.172630e-02     Tr[DP]  8.759498e-02
 iter: 151:1        |ddm|: 1.468214e-02     Tr[DP]  9.069531e-02
 iter: 151:2        |ddm|: 1.517188e-02     Tr[DP]  8.672240e-02
 iter: 152:1        |ddm|: 1.411367e-02     Tr[DP]  9.009614e-02
 iter: 152:2        |ddm|: 1.286329e-02     Tr[DP]  8.611410e-02
 iter: 153:1        |ddm|: 1.344808e-02     Tr[DP]  8.956113e-02
 iter: 153:2        |ddm|: 1.210980e-02     Tr[DP]  8.562086e-02
 iter: 154:1        |ddm|: 1.276254e-02     Tr[DP]  8.907656e-02
 iter: 154:2        |ddm|: 1.185812e-02     Tr[DP]  8.518426e-02
 iter: 155:1        |ddm|: 1.378234e-02     Tr[DP]  8.859871e-02
 iter: 155:2        |ddm|: 1.121025e-02     Tr[DP]  8.478313e-02
 iter: 156:1        |ddm|: 1.224027e-02     Tr[DP]  8.817154e-02
 iter: 156:2        |ddm|: 1.122961e-02     Tr[DP]  8.443027e-02
 iter: 157:1        |ddm|: 1.198092e-02     Tr[DP]  8.776674e-02
 iter: 157:2        |ddm|: 1.115160e-02     Tr[DP]  8.408542e-02
 iter: 158:1        |ddm|: 1.137612e-02     Tr[DP]  8.738196e-02
 iter: 158:2        |ddm|: 1.118245e-02     Tr[DP]  8.374507e-02
 iter: 159:1        |ddm|: 1.120366e-02     Tr[DP]  8.700547e-02
 iter: 159:2        |ddm|: 1.096344e-02     Tr[DP]  8.339754e-02
 iter: 160:1        |ddm|: 1.060580e-02     Tr[DP]  8.664248e-02
 iter: 160:2        |ddm|: 1.137958e-02     Tr[DP]  8.303713e-02
 iter: 161:1        |ddm|: 1.090075e-02     Tr[DP]  8.626356e-02
 iter: 161:2        |ddm|: 1.137034e-02     Tr[DP]  8.265787e-02
 iter: 162:1        |ddm|: 1.132236e-02     Tr[DP]  8.587028e-02
 iter: 162:2        |ddm|: 1.098579e-02     Tr[DP]  8.228153e-02
 iter: 163:1        |ddm|: 1.134236e-02     Tr[DP]  8.547936e-02
 iter: 163:2        |ddm|: 1.079209e-02     Tr[DP]  8.192231e-02
 iter: 164:1        |ddm|: 1.027975e-02     Tr[DP]  8.511525e-02
 iter: 164:2        |ddm|: 1.139990e-02     Tr[DP]  8.156673e-02
 iter: 165:1        |ddm|: 1.119056e-02     Tr[DP]  8.473555e-02
 iter: 165:2        |ddm|: 1.073374e-02     Tr[DP]  8.120638e-02
 iter: 166:1        |ddm|: 1.354931e-02     Tr[DP]  8.432459e-02
 iter: 166:2        |ddm|: 9.970943e-03     Tr[DP]  8.088352e-02
 iter: 167:1        |ddm|: 1.013285e-02     Tr[DP]  8.398495e-02
 iter: 167:2        |ddm|: 1.048039e-02     Tr[DP]  8.060314e-02
 iter: 168:1        |ddm|: 1.463149e-02     Tr[DP]  8.377246e-02
 iter: 168:2        |ddm|: 1.569502e-02     Tr[DP]  8.022183e-02
 iter: 169:1        |ddm|: 1.343401e-02     Tr[DP]  8.347780e-02
 iter: 169:2        |ddm|: 1.623891e-02     Tr[DP]  7.963410e-02
 iter: 170:1        |ddm|: 1.224724e-02     Tr[DP]  8.303620e-02
 iter: 170:2        |ddm|: 1.470303e-02     Tr[DP]  7.898416e-02
 iter: 171:1        |ddm|: 1.295835e-02     Tr[DP]  8.253548e-02
 iter: 171:2        |ddm|: 1.366407e-02     Tr[DP]  7.838249e-02
 iter: 172:1        |ddm|: 1.366173e-02     Tr[DP]  8.202007e-02
 iter: 172:2        |ddm|: 1.286272e-02     Tr[DP]  7.784328e-02
 iter: 173:1        |ddm|: 1.981394e-02     Tr[DP]  8.144547e-02
 iter: 173:2        |ddm|: 1.130600e-02     Tr[DP]  7.740987e-02
 iter: 174:1        |ddm|: 1.260908e-02     Tr[DP]  8.109126e-02
 iter: 174:2        |ddm|: 1.391834e-02     Tr[DP]  7.705699e-02
 iter: 175:1        |ddm|: 1.278297e-02     Tr[DP]  8.067123e-02
 iter: 175:2        |ddm|: 1.260672e-02     Tr[DP]  7.655631e-02
 iter: 176:1        |ddm|: 1.317165e-02     Tr[DP]  8.020867e-02
 iter: 176:2        |ddm|: 1.222210e-02     Tr[DP]  7.610780e-02
 iter: 177:1        |ddm|: 1.566017e-02     Tr[DP]  7.972763e-02
 iter: 177:2        |ddm|: 1.128860e-02     Tr[DP]  7.571390e-02
 iter: 178:1        |ddm|: 1.155829e-02     Tr[DP]  7.933422e-02
 iter: 178:2        |ddm|: 1.219602e-02     Tr[DP]  7.536777e-02
 iter: 179:1        |ddm|: 1.141557e-02     Tr[DP]  7.897223e-02
 iter: 179:2        |ddm|: 1.293065e-02     Tr[DP]  7.494902e-02
 iter: 180:1        |ddm|: 1.384790e-02     Tr[DP]  7.853743e-02
 iter: 180:2        |ddm|: 1.177651e-02     Tr[DP]  7.451151e-02
 iter: 181:1        |ddm|: 1.373269e-02     Tr[DP]  7.809621e-02
 iter: 181:2        |ddm|: 1.134778e-02     Tr[DP]  7.414275e-02
 iter: 182:1        |ddm|: 1.175988e-02     Tr[DP]  7.770822e-02
 iter: 182:2        |ddm|: 1.182233e-02     Tr[DP]  7.379121e-02
 iter: 183:1        |ddm|: 1.162020e-02     Tr[DP]  7.736887e-02
 iter: 183:2        |ddm|: 1.339244e-02     Tr[DP]  7.338256e-02
 iter: 184:1        |ddm|: 1.343115e-02     Tr[DP]  7.695406e-02
 iter: 184:2        |ddm|: 1.198692e-02     Tr[DP]  7.292664e-02
 iter: 185:1        |ddm|: 1.376207e-02     Tr[DP]  7.651411e-02
 iter: 185:2        |ddm|: 1.148216e-02     Tr[DP]  7.254102e-02
 iter: 186:1        |ddm|: 1.372316e-02     Tr[DP]  7.609377e-02
 iter: 186:2        |ddm|: 1.110632e-02     Tr[DP]  7.219884e-02
 iter: 187:1        |ddm|: 1.347824e-02     Tr[DP]  7.569283e-02
 iter: 187:2        |ddm|: 1.079673e-02     Tr[DP]  7.188993e-02
 iter: 188:1        |ddm|: 1.108477e-02     Tr[DP]  7.536360e-02
 iter: 188:2        |ddm|: 1.236890e-02     Tr[DP]  7.156384e-02
 iter: 189:1        |ddm|: 1.217995e-02     Tr[DP]  7.500463e-02
 iter: 189:2        |ddm|: 1.147542e-02     Tr[DP]  7.117191e-02
 iter: 190:1        |ddm|: 1.205465e-02     Tr[DP]  7.462255e-02
 iter: 190:2        |ddm|: 1.144415e-02     Tr[DP]  7.080636e-02
 iter: 191:1        |ddm|: 1.267883e-02     Tr[DP]  7.423869e-02
 iter: 191:2        |ddm|: 1.105973e-02     Tr[DP]  7.045400e-02
 iter: 192:1        |ddm|: 1.143850e-02     Tr[DP]  7.387863e-02
 iter: 192:2        |ddm|: 1.150368e-02     Tr[DP]  7.011220e-02
 iter: 193:1        |ddm|: 1.415860e-02     Tr[DP]  7.349280e-02
 iter: 193:2        |ddm|: 1.050823e-02     Tr[DP]  6.977503e-02
 iter: 194:1        |ddm|: 1.659581e-02     Tr[DP]  7.308387e-02
 iter: 194:2        |ddm|: 9.884806e-03     Tr[DP]  6.952565e-02
 iter: 195:1        |ddm|: 1.044444e-02     Tr[DP]  7.276718e-02
 iter: 195:2        |ddm|: 1.083967e-02     Tr[DP]  6.930496e-02
 iter: 196:1        |ddm|: 1.210000e-02     Tr[DP]  7.252284e-02
 iter: 196:2        |ddm|: 1.297066e-02     Tr[DP]  6.895931e-02
 iter: 197:1        |ddm|: 1.321047e-02     Tr[DP]  7.217994e-02
 iter: 197:2        |ddm|: 1.075650e-02     Tr[DP]  6.855411e-02
 iter: 198:1        |ddm|: 1.227046e-02     Tr[DP]  7.180451e-02
 iter: 198:2        |ddm|: 1.053136e-02     Tr[DP]  6.823387e-02
 iter: 199:1        |ddm|: 1.094519e-02     Tr[DP]  7.148616e-02
 iter: 199:2        |ddm|: 1.151807e-02     Tr[DP]  6.790582e-02
 iter: 200:1        |ddm|: 1.184010e-02     Tr[DP]  7.115334e-02
 iter: 200:2        |ddm|: 1.094428e-02     Tr[DP]  6.754726e-02
 iter: 201:1        |ddm|: 1.144719e-02     Tr[DP]  7.081295e-02
 iter: 201:2        |ddm|: 1.123467e-02     Tr[DP]  6.720406e-02
 iter: 202:1        |ddm|: 1.245783e-02     Tr[DP]  7.046523e-02
 iter: 202:2        |ddm|: 1.073666e-02     Tr[DP]  6.686599e-02
 iter: 203:1        |ddm|: 1.313642e-02     Tr[DP]  7.017099e-02
 iter: 203:2        |ddm|: 1.383230e-02     Tr[DP]  6.649737e-02
 iter: 204:1        |ddm|: 1.281720e-02     Tr[DP]  6.984119e-02
 iter: 204:2        |ddm|: 1.252169e-02     Tr[DP]  6.605213e-02
 iter: 205:1        |ddm|: 1.715380e-02     Tr[DP]  6.942090e-02
 iter: 205:2        |ddm|: 1.056688e-02     Tr[DP]  6.571012e-02
 iter: 206:1        |ddm|: 1.237121e-02     Tr[DP]  6.904564e-02
 iter: 206:2        |ddm|: 1.073286e-02     Tr[DP]  6.544997e-02
 iter: 207:1        |ddm|: 1.224074e-02     Tr[DP]  6.872240e-02
 iter: 207:2        |ddm|: 1.053888e-02     Tr[DP]  6.516956e-02
 iter: 208:1        |ddm|: 1.274639e-02     Tr[DP]  6.839090e-02
 iter: 208:2        |ddm|: 1.014002e-02     Tr[DP]  6.490283e-02
 iter: 209:1        |ddm|: 1.202387e-02     Tr[DP]  6.807221e-02
 iter: 209:2        |ddm|: 1.010820e-02     Tr[DP]  6.465375e-02
 iter: 210:1        |ddm|: 1.196449e-02     Tr[DP]  6.776561e-02
 iter: 210:2        |ddm|: 9.880513e-03     Tr[DP]  6.440885e-02
 iter: 211:1        |ddm|: 1.103895e-02     Tr[DP]  6.747369e-02
 iter: 211:2        |ddm|: 1.010418e-02     Tr[DP]  6.416231e-02
 iter: 212:1        |ddm|: 1.242297e-02     Tr[DP]  6.717676e-02
 iter: 212:2        |ddm|: 9.447750e-03     Tr[DP]  6.391979e-02
 iter: 213:1        |ddm|: 1.165971e-02     Tr[DP]  6.687785e-02
 iter: 213:2        |ddm|: 9.336882e-03     Tr[DP]  6.370699e-02
 iter: 214:1        |ddm|: 1.124508e-02     Tr[DP]  6.659881e-02
 iter: 214:2        |ddm|: 9.174809e-03     Tr[DP]  6.350009e-02
 iter: 215:1        |ddm|: 1.310140e-02     Tr[DP]  6.631344e-02
 iter: 215:2        |ddm|: 8.568877e-03     Tr[DP]  6.331860e-02
 iter: 216:1        |ddm|: 9.842629e-03     Tr[DP]  6.605337e-02
 iter: 216:2        |ddm|: 9.004243e-03     Tr[DP]  6.315133e-02
 iter: 217:1        |ddm|: 9.603528e-03     Tr[DP]  6.584336e-02
 iter: 217:2        |ddm|: 1.013429e-02     Tr[DP]  6.291936e-02
 iter: 218:1        |ddm|: 9.861436e-03     Tr[DP]  6.562736e-02
 iter: 218:2        |ddm|: 1.028953e-02     Tr[DP]  6.263217e-02
 iter: 219:1        |ddm|: 1.071423e-02     Tr[DP]  6.537245e-02
 iter: 219:2        |ddm|: 9.766030e-03     Tr[DP]  6.235111e-02
 iter: 220:1        |ddm|: 1.171588e-02     Tr[DP]  6.509508e-02
 iter: 220:2        |ddm|: 9.085299e-03     Tr[DP]  6.210857e-02
 iter: 221:1        |ddm|: 1.060343e-02     Tr[DP]  6.482982e-02
 iter: 221:2        |ddm|: 9.131193e-03     Tr[DP]  6.189327e-02
 iter: 222:1        |ddm|: 9.877484e-03     Tr[DP]  6.459296e-02
 iter: 222:2        |ddm|: 9.907708e-03     Tr[DP]  6.165705e-02
 iter: 223:1        |ddm|: 1.065470e-02     Tr[DP]  6.435392e-02
 iter: 223:2        |ddm|: 9.468813e-03     Tr[DP]  6.140723e-02
 iter: 224:1        |ddm|: 1.084983e-02     Tr[DP]  6.410067e-02
 iter: 224:2        |ddm|: 9.290923e-03     Tr[DP]  6.117654e-02
 iter: 225:1        |ddm|: 1.053833e-02     Tr[DP]  6.385005e-02
 iter: 225:2        |ddm|: 9.278195e-03     Tr[DP]  6.095657e-02
 iter: 226:1        |ddm|: 1.020457e-02     Tr[DP]  6.362397e-02
 iter: 226:2        |ddm|: 1.086151e-02     Tr[DP]  6.070660e-02
 iter: 227:1        |ddm|: 1.242005e-02     Tr[DP]  6.338775e-02
 iter: 227:2        |ddm|: 9.064386e-03     Tr[DP]  6.046300e-02
 iter: 228:1        |ddm|: 1.164282e-02     Tr[DP]  6.311833e-02
 iter: 228:2        |ddm|: 8.727958e-03     Tr[DP]  6.027760e-02
 iter: 229:1        |ddm|: 1.153435e-02     Tr[DP]  6.287284e-02
 iter: 229:2        |ddm|: 8.285536e-03     Tr[DP]  6.011504e-02
 iter: 230:1        |ddm|: 1.128019e-02     Tr[DP]  6.263615e-02
 iter: 230:2        |ddm|: 7.959907e-03     Tr[DP]  5.997507e-02
 iter: 231:1        |ddm|: 1.029367e-02     Tr[DP]  6.241459e-02
 iter: 231:2        |ddm|: 7.832039e-03     Tr[DP]  5.984484e-02
 iter: 232:1        |ddm|: 8.819902e-03     Tr[DP]  6.221792e-02
 iter: 232:2        |ddm|: 8.489234e-03     Tr[DP]  5.968790e-02
 iter: 233:1        |ddm|: 9.118602e-03     Tr[DP]  6.203478e-02
 iter: 233:2        |ddm|: 8.325908e-03     Tr[DP]  5.950499e-02
 iter: 234:1        |ddm|: 1.211875e-02     Tr[DP]  6.182919e-02
 iter: 234:2        |ddm|: 7.256610e-03     Tr[DP]  5.936405e-02
 iter: 235:1        |ddm|: 9.117425e-03     Tr[DP]  6.160920e-02
 iter: 235:2        |ddm|: 7.533160e-03     Tr[DP]  5.924859e-02
 iter: 236:1        |ddm|: 8.363284e-03     Tr[DP]  6.144093e-02
 iter: 236:2        |ddm|: 7.812668e-03     Tr[DP]  5.910090e-02
 iter: 237:1        |ddm|: 8.687778e-03     Tr[DP]  6.127268e-02
 iter: 237:2        |ddm|: 7.606317e-03     Tr[DP]  5.894161e-02
 iter: 238:1        |ddm|: 9.284745e-03     Tr[DP]  6.109136e-02
 iter: 238:2        |ddm|: 7.224746e-03     Tr[DP]  5.879643e-02
 iter: 239:1        |ddm|: 9.266226e-03     Tr[DP]  6.090574e-02
 iter: 239:2        |ddm|: 6.960068e-03     Tr[DP]  5.867162e-02
 iter: 240:1        |ddm|: 9.199366e-03     Tr[DP]  6.072987e-02
 iter: 240:2        |ddm|: 6.728925e-03     Tr[DP]  5.856055e-02
 iter: 241:1        |ddm|: 7.856137e-03     Tr[DP]  6.056662e-02
 iter: 241:2        |ddm|: 7.164923e-03     Tr[DP]  5.843890e-02
 iter: 242:1        |ddm|: 1.027726e-02     Tr[DP]  6.040831e-02
 iter: 242:2        |ddm|: 6.294397e-03     Tr[DP]  5.833459e-02
 iter: 243:1        |ddm|: 7.426218e-03     Tr[DP]  6.023869e-02
 iter: 243:2        |ddm|: 7.014173e-03     Tr[DP]  5.822691e-02
 iter: 244:1        |ddm|: 7.449494e-03     Tr[DP]  6.011042e-02
 iter: 244:2        |ddm|: 7.529297e-03     Tr[DP]  5.808066e-02
 iter: 245:1        |ddm|: 9.005075e-03     Tr[DP]  5.998781e-02
 iter: 245:2        |ddm|: 9.721022e-03     Tr[DP]  5.787837e-02
 iter: 246:1        |ddm|: 9.080281e-03     Tr[DP]  5.985317e-02
 iter: 246:2        |ddm|: 8.166675e-03     Tr[DP]  5.768575e-02
 iter: 247:1        |ddm|: 9.363743e-03     Tr[DP]  5.967643e-02
 iter: 247:2        |ddm|: 7.519991e-03     Tr[DP]  5.753662e-02
 iter: 248:1        |ddm|: 9.649732e-03     Tr[DP]  5.950685e-02
 iter: 248:2        |ddm|: 6.785854e-03     Tr[DP]  5.741924e-02
 iter: 249:1        |ddm|: 7.923521e-03     Tr[DP]  5.933764e-02
 iter: 249:2        |ddm|: 7.796347e-03     Tr[DP]  5.729060e-02
 iter: 250:1        |ddm|: 8.668300e-03     Tr[DP]  5.920263e-02
 iter: 250:2        |ddm|: 6.943120e-03     Tr[DP]  5.716045e-02
 iter: 251:1        |ddm|: 9.409982e-03     Tr[DP]  5.904539e-02
 iter: 251:2        |ddm|: 6.273440e-03     Tr[DP]  5.706491e-02
 iter: 252:1        |ddm|: 8.001564e-03     Tr[DP]  5.889097e-02
 iter: 252:2        |ddm|: 6.494116e-03     Tr[DP]  5.697167e-02
 iter: 253:1        |ddm|: 7.935733e-03     Tr[DP]  5.875820e-02
 iter: 253:2        |ddm|: 6.185023e-03     Tr[DP]  5.687659e-02
 iter: 254:1        |ddm|: 8.493954e-03     Tr[DP]  5.862098e-02
 iter: 254:2        |ddm|: 5.753543e-03     Tr[DP]  5.679999e-02
 iter: 255:1        |ddm|: 7.241181e-03     Tr[DP]  5.848538e-02
 iter: 255:2        |ddm|: 6.001452e-03     Tr[DP]  5.671876e-02
 iter: 256:1        |ddm|: 7.076524e-03     Tr[DP]  5.836883e-02
 iter: 256:2        |ddm|: 5.892771e-03     Tr[DP]  5.662868e-02
 iter: 257:1        |ddm|: 6.984636e-03     Tr[DP]  5.825171e-02
 iter: 257:2        |ddm|: 5.936649e-03     Tr[DP]  5.653514e-02
 iter: 258:1        |ddm|: 7.562955e-03     Tr[DP]  5.813466e-02
 iter: 258:2        |ddm|: 5.472593e-03     Tr[DP]  5.645471e-02
 iter: 259:1        |ddm|: 7.198196e-03     Tr[DP]  5.801193e-02
 iter: 259:2        |ddm|: 5.393769e-03     Tr[DP]  5.638389e-02
 iter: 260:1        |ddm|: 8.657461e-03     Tr[DP]  5.791082e-02
 iter: 260:2        |ddm|: 8.937518e-03     Tr[DP]  5.624356e-02
 iter: 261:1        |ddm|: 1.079592e-02     Tr[DP]  5.783281e-02
 iter: 261:2        |ddm|: 5.472418e-03     Tr[DP]  5.615699e-02
 iter: 262:1        |ddm|: 7.359183e-03     Tr[DP]  5.767822e-02
 iter: 262:2        |ddm|: 5.557209e-03     Tr[DP]  5.609783e-02
 iter: 263:1        |ddm|: 7.184138e-03     Tr[DP]  5.757500e-02
 iter: 263:2        |ddm|: 5.006516e-03     Tr[DP]  5.603890e-02
 iter: 264:1        |ddm|: 6.372926e-03     Tr[DP]  5.746727e-02
 iter: 264:2        |ddm|: 5.171839e-03     Tr[DP]  5.597477e-02
 iter: 265:1        |ddm|: 6.383085e-03     Tr[DP]  5.737075e-02
 iter: 265:2        |ddm|: 4.884840e-03     Tr[DP]  5.591280e-02
 iter: 266:1        |ddm|: 5.892585e-03     Tr[DP]  5.727581e-02
 iter: 266:2        |ddm|: 5.721920e-03     Tr[DP]  5.582657e-02
 iter: 267:1        |ddm|: 6.038612e-03     Tr[DP]  5.719488e-02
 iter: 267:2        |ddm|: 6.042220e-03     Tr[DP]  5.572753e-02
 iter: 268:1        |ddm|: 1.011121e-02     Tr[DP]  5.710145e-02
 iter: 268:2        |ddm|: 4.753655e-03     Tr[DP]  5.569926e-02
 iter: 269:1        |ddm|: 5.800482e-03     Tr[DP]  5.697606e-02
 iter: 269:2        |ddm|: 5.628225e-03     Tr[DP]  5.564074e-02
 iter: 270:1        |ddm|: 5.511562e-03     Tr[DP]  5.691565e-02
 iter: 270:2        |ddm|: 5.435368e-03     Tr[DP]  5.555358e-02
 iter: 271:1        |ddm|: 5.811449e-03     Tr[DP]  5.683719e-02
 iter: 271:2        |ddm|: 5.311574e-03     Tr[DP]  5.546967e-02
 iter: 272:1        |ddm|: 5.829487e-03     Tr[DP]  5.675182e-02
 iter: 272:2        |ddm|: 5.920796e-03     Tr[DP]  5.537750e-02
 iter: 273:1        |ddm|: 6.021583e-03     Tr[DP]  5.667158e-02
 iter: 273:2        |ddm|: 5.957439e-03     Tr[DP]  5.528403e-02
 iter: 274:1        |ddm|: 7.508589e-03     Tr[DP]  5.658733e-02
 iter: 274:2        |ddm|: 4.631232e-03     Tr[DP]  5.522894e-02
 iter: 275:1        |ddm|: 6.180396e-03     Tr[DP]  5.648380e-02
 iter: 275:2        |ddm|: 4.772843e-03     Tr[DP]  5.517731e-02
 iter: 276:1        |ddm|: 5.754743e-03     Tr[DP]  5.640328e-02
 iter: 276:2        |ddm|: 4.676472e-03     Tr[DP]  5.512110e-02
 iter: 277:1        |ddm|: 5.814719e-03     Tr[DP]  5.632503e-02
 iter: 277:2        |ddm|: 4.439489e-03     Tr[DP]  5.506984e-02
 iter: 278:1        |ddm|: 5.896661e-03     Tr[DP]  5.624676e-02
 iter: 278:2        |ddm|: 4.192801e-03     Tr[DP]  5.502752e-02
 iter: 279:1        |ddm|: 5.770203e-03     Tr[DP]  5.616856e-02
 iter: 279:2        |ddm|: 4.011791e-03     Tr[DP]  5.499272e-02
 iter: 280:1        |ddm|: 5.036100e-03     Tr[DP]  5.609294e-02
 iter: 280:2        |ddm|: 4.321435e-03     Tr[DP]  5.494451e-02
 iter: 281:1        |ddm|: 5.434048e-03     Tr[DP]  5.603052e-02
 iter: 281:2        |ddm|: 3.802563e-03     Tr[DP]  5.490750e-02
 iter: 282:1        |ddm|: 5.254649e-03     Tr[DP]  5.595755e-02
 iter: 282:2        |ddm|: 3.740181e-03     Tr[DP]  5.487558e-02
 iter: 283:1        |ddm|: 5.039774e-03     Tr[DP]  5.589029e-02
 iter: 283:2        |ddm|: 3.614593e-03     Tr[DP]  5.484660e-02
 iter: 284:1        |ddm|: 5.335755e-03     Tr[DP]  5.582714e-02
 iter: 284:2        |ddm|: 3.410474e-03     Tr[DP]  5.482884e-02
 iter: 285:1        |ddm|: 4.774028e-03     Tr[DP]  5.576112e-02
 iter: 285:2        |ddm|: 3.336152e-03     Tr[DP]  5.481097e-02
 iter: 286:1        |ddm|: 4.236258e-03     Tr[DP]  5.570255e-02
 iter: 286:2        |ddm|: 4.332340e-03     Tr[DP]  5.475691e-02
 iter: 287:1        |ddm|: 4.178855e-03     Tr[DP]  5.566492e-02
 iter: 287:2        |ddm|: 4.005364e-03     Tr[DP]  5.469941e-02
 iter: 288:1        |ddm|: 4.646772e-03     Tr[DP]  5.561336e-02
 iter: 288:2        |ddm|: 5.197510e-03     Tr[DP]  5.462181e-02
 iter: 289:1        |ddm|: 5.238623e-03     Tr[DP]  5.557154e-02
 iter: 289:2        |ddm|: 3.770685e-03     Tr[DP]  5.457521e-02
 iter: 290:1        |ddm|: 6.029613e-03     Tr[DP]  5.550459e-02
 iter: 290:2        |ddm|: 3.255370e-03     Tr[DP]  5.456102e-02
 iter: 291:1        |ddm|: 4.208779e-03     Tr[DP]  5.543616e-02
 iter: 291:2        |ddm|: 3.789428e-03     Tr[DP]  5.452322e-02
 iter: 292:1        |ddm|: 4.287776e-03     Tr[DP]  5.539364e-02
 iter: 292:2        |ddm|: 3.235969e-03     Tr[DP]  5.449130e-02
 iter: 293:1        |ddm|: 4.344668e-03     Tr[DP]  5.534029e-02
 iter: 293:2        |ddm|: 3.113847e-03     Tr[DP]  5.446529e-02
 iter: 294:1        |ddm|: 4.193119e-03     Tr[DP]  5.528861e-02
 iter: 294:2        |ddm|: 2.990204e-03     Tr[DP]  5.444298e-02
 iter: 295:1        |ddm|: 3.997364e-03     Tr[DP]  5.523766e-02
 iter: 295:2        |ddm|: 2.984027e-03     Tr[DP]  5.441919e-02
 iter: 296:1        |ddm|: 4.097173e-03     Tr[DP]  5.519321e-02
 iter: 296:2        |ddm|: 2.768237e-03     Tr[DP]  5.440149e-02
 iter: 297:1        |ddm|: 3.677625e-03     Tr[DP]  5.514536e-02
 iter: 297:2        |ddm|: 2.821554e-03     Tr[DP]  5.437875e-02
 iter: 298:1        |ddm|: 3.456859e-03     Tr[DP]  5.510262e-02
 iter: 298:2        |ddm|: 2.789780e-03     Tr[DP]  5.435390e-02
 iter: 299:1        |ddm|: 3.415209e-03     Tr[DP]  5.506237e-02
 iter: 299:2        |ddm|: 2.813581e-03     Tr[DP]  5.432716e-02
 iter: 300:1        |ddm|: 3.319657e-03     Tr[DP]  5.502333e-02
 iter: 300:2        |ddm|: 3.255376e-03     Tr[DP]  5.428785e-02
                         Freeze-and-Thaw NOT converged!                         

=================== Subsystem 1 at higher mean-field method ====================
  subiter:   1      |ddm|: 4.271820e-01
  subiter:   2      |ddm|: 1.165145e-01
  subiter:   3      |ddm|: 1.030698e-02
  subiter:   4      |ddm|: 8.806307e-03
  subiter:   5      |ddm|: 1.837215e-03
  subiter:   6      |ddm|: 6.579113e-04
  subiter:   7      |ddm|: 1.113722e-04
  subiter:   8      |ddm|: 3.577758e-05
  subiter:   9      |ddm|: 8.628843e-06
  subiter:  10      |ddm|: 1.237841e-06
  subiter:  11      |ddm|: 7.224588e-07
  subiter:  12      |ddm|: 1.634141e-07
  subiter:  13      |ddm|: 2.016038e-08
  subiter:  14      |ddm|: 4.798434e-09


******** <class 'pyscf.scf.hf.RHF'> flags ********
method = RHF
initial guess = minao
damping factor = 0
level shift factor = 0
DIIS = <class 'pyscf.scf.diis.CDIIS'>
DIIS start cycle = 1
DIIS space = 8
SCF tol = 1e-09
SCF gradient tol = None
max. SCF cycles = 100
direct_scf = True
direct_scf_tol = 1e-13
chkfile to save SCF result = /panfs/roc/scratch/graha682/D180/201711_ccpVTZ_NEVPT2_m06_180_3c12h24/tmpzwd4nF
max_memory 4000 MB (current use 1721 MB)
Set gradient conv threshold to 3.16228e-05
init E= -123.684448909893
  HOMO = -0.468805953845226  LUMO = 0.14357776452158
cycle= 1 E= -123.684448909893  delta_E= 4.55e-13  |g|= 2e-09  |ddm|= 8.78e-09
  HOMO = -0.468805953983569  LUMO = 0.143577764501564
Extra cycle  E= -123.684448909893  delta_E= 8.53e-14  |g|= 7.65e-10  |ddm|= 3.11e-09
converged SCF energy = -123.684448909893


******** <class 'pyscf.dft.rks.RKS'> flags ********
method = RKS
initial guess = atom
damping factor = 0
level shift factor = 0.0
DIIS = <class 'pyscf.scf.diis.CDIIS'>
DIIS start cycle = 1
DIIS space = 8
SCF tol = 1e-08
SCF gradient tol = 1e-08
max. SCF cycles = 1
direct_scf = True
direct_scf_tol = 1e-13
chkfile to save SCF result = /panfs/roc/scratch/graha682/D180/201711_ccpVTZ_NEVPT2_m06_180_3c12h24/tmpfk164I
max_memory 4000 MB (current use 1717 MB)
XC functionals = m06
small_rho_cutoff = 1e-20
radial grids: Treutler-Ahlrichs (JCP 102, 346 (M4)) radial grids
becke partition: Becke, JCP, 88, 2547 (1988)
pruning grids: <function nwchem_prune at 0x15315f0>
grids dens level: 4
symmetrized grids: False
atomic radii adjust function: <function treutler_atomic_radii_adjust at 0x1531488>
init E= -124.392925965776
  HOMO = -0.343103029498552  LUMO = 0.0431671963730302
cycle= 1 E= -124.392934035882  delta_E= -8.07e-06  |g|= 0.000795  |ddm|= 0.00591
  HOMO = -0.343039362080289  LUMO = 0.0431598525375771
Extra cycle  E= -124.392934178106  delta_E= -1.42e-07  |g|= 0.000452  |ddm|= 0.00202
SCF not converged.
SCF energy = -124.392934178106 after 1 cycles
 iter: 301:1        |ddm|: 5.367709e-01     Tr[DP]  6.205923e-02

******** <class 'pyscf.mcscf.mc1step.CASSCF'> flags ********
CAS (1e+1e, 2o), ncore = 11, nvir = 147
max_cycle_macro = 50
max_cycle_micro = 4
conv_tol = 1e-07
conv_tol_grad = None
orbital rotation max_stepsize = 0.02
augmented hessian ah_max_cycle = 30
augmented hessian ah_conv_tol = 1e-12
augmented hessian ah_linear dependence = 1e-14
augmented hessian ah_level shift = 0
augmented hessian ah_start_tol = 2.5
augmented hessian ah_start_cycle = 3
augmented hessian ah_grad_trust_region = 3
kf_trust_region = 3
kf_interval = 4
ci_response_space = 4
ci_grad_trust_region = 3
with_dep4 0
natorb = False
canonicalization = True
sorting_mo_energy = False
chkfile = /panfs/roc/scratch/graha682/D180/201711_ccpVTZ_NEVPT2_m06_180_3c12h24/tmpzwd4nF
max_memory 4000 MB (current use 1717 MB)
internal_rotation = False
******** <class 'pyscf.fci.direct_spin1.FCISolver'> flags ********
max. cycles = 50
conv_tol = 1e-08
davidson only = False
linear dependence = 1e-10
level shift = 0.001
max iter space = 12
max_memory 4000 MB
nroots = 1
pspace_size = 400
spin = None
CASCI E = -123.684461771031  S^2 = 0.0000000
Set conv_tol_grad to 0.000316228
macro iter 1 (6 JK  1 micro), CASSCF E = -123.684470926267  dE = -9.155236e-06  S^2 = 0.0000000
               |grad[o]|=7.6e-05  |grad[c]|= 0.00115318222764  |ddm|=2.7e-05
macro iter 2 (6 JK  1 micro), CASSCF E = -123.684497144599  dE = -2.6218332e-05  S^2 = 0.0000000
               |grad[o]|=0.000109  |grad[c]|= 0.00218016890227  |ddm|=7.24e-05
macro iter 3 (7 JK  2 micro), CASSCF E = -123.68453492907  dE = -3.778447e-05  S^2 = 0.0000000
               |grad[o]|=0.000205  |grad[c]|= 0.000974856032381  |ddm|=0.000163
macro iter 4 (7 JK  2 micro), CASSCF E = -123.684600048427  dE = -6.5119358e-05  S^2 = 0.0000000
               |grad[o]|=0.0003  |grad[c]|= 0.000813559209291  |ddm|=0.000476
macro iter 5 (7 JK  2 micro), CASSCF E = -123.684715176291  dE = -0.00011512786  S^2 = 0.0000000
               |grad[o]|=0.000485  |grad[c]|= 0.00151642095527  |ddm|=0.000295
macro iter 6 (7 JK  2 micro), CASSCF E = -123.684874082569  dE = -0.00015890628  S^2 = 0.0000000
               |grad[o]|=0.000835  |grad[c]|= 0.00175529930459  |ddm|=0.000383
macro iter 7 (12 JK  3 micro), CASSCF E = -123.685480165228  dE = -0.00060608266  S^2 = 0.0000000
               |grad[o]|=0.00129  |grad[c]|= 0.00508351425901  |ddm|=0.00636
macro iter 8 (7 JK  2 micro), CASSCF E = -123.686279726367  dE = -0.00079956114  S^2 = 0.0000000
               |grad[o]|=0.00289  |grad[c]|= 0.00567654019852  |ddm|=0.00138
macro iter 9 (21 JK  4 micro), CASSCF E = -123.69323649584  dE = -0.0069567695  S^2 = 0.0000000
               |grad[o]|=0.00477  |grad[c]|= 0.0433129249004  |ddm|=0.0088
macro iter 10 (21 JK  4 micro), CASSCF E = -123.699547125136  dE = -0.0063106293  S^2 = 0.0000000
               |grad[o]|=0.0175  |grad[c]|= 0.011942770773  |ddm|=0.00651
macro iter 11 (21 JK  4 micro), CASSCF E = -123.700145409034  dE = -0.0005982839  S^2 = 0.0000000
               |grad[o]|=0.0114  |grad[c]|= 0.0112623699772  |ddm|=0.00257
macro iter 12 (15 JK  4 micro), CASSCF E = -123.700482006796  dE = -0.00033659776  S^2 = 0.0000000
               |grad[o]|=0.00472  |grad[c]|= 0.00449631369996  |ddm|=0.000249
macro iter 13 (10 JK  3 micro), CASSCF E = -123.700622151305  dE = -0.00014014451  S^2 = 0.0000000
               |grad[o]|=0.00265  |grad[c]|= 0.00129258566644  |ddm|=5.84e-06
macro iter 14 (6 JK  2 micro), CASSCF E = -123.700628242215  dE = -6.0909102e-06  S^2 = 0.0000000
               |grad[o]|=0.000606  |grad[c]|= 8.10825004625e-05  |ddm|=8.46e-05
macro iter 15 (3 JK  1 micro), CASSCF E = -123.70062824849  dE = -6.2747034e-09  S^2 = 0.0000000
               |grad[o]|=3.53e-05  |grad[c]|= 6.57249287603e-06  |ddm|=1.14e-05
1-step CASSCF converged in 15 macro (156 JK 37 micro) steps
CASSCF canonicalization
CASSCF energy = -123.70062824849
Hartree-Fock Energy:  -123.68444890989275
CAS Correlation:       -0.01617933859703
CAS Energy:          -123.70062824848978
Sr    (-1)',   E = -0.00000000000283
Si    (+1)',   E = 0.00000000014244
Sijrs (0)  ,   E = -0.41727639131291
Sijr  (+1) ,   E = -0.00494072782613
Srsi  (-1) ,   E = -0.03334333154515
Srs   (-2) ,   E = -0.01309103363143
Sij   (+2) ,   E = -0.00021716376776
Sir   (0)' ,   E = -0.01572716897583
Nevpt2 Energy = -0.484595816919599
NEVPT2 =   -0.484595816919599
Total NEVPT2 = -124.185224065409372

============================== Supermolecular DFT ==============================
  subiter:   1      |ddm|: 4.867892e+00
  subiter:   2      |ddm|: 3.517641e-01
  subiter:   3      |ddm|: 1.558334e-01
  subiter:   4      |ddm|: 2.941981e-02
  subiter:   5      |ddm|: 9.694220e-03
  subiter:   6      |ddm|: 3.850264e-03
  subiter:   7      |ddm|: 7.598037e-04
  subiter:   8      |ddm|: 3.097715e-04
  subiter:   9      |ddm|: 8.134349e-05
  subiter:  10      |ddm|: 5.596822e-05
  subiter:  11      |ddm|: 1.192229e-05
  subiter:  12      |ddm|: 8.227490e-06
  subiter:  13      |ddm|: 1.560348e-06
  subiter:  14      |ddm|: 1.303756e-06
  subiter:  15      |ddm|: 4.000435e-07
  subiter:  16      |ddm|: 1.655406e-07
  subiter:  17      |ddm|: 8.617890e-08
  subiter:  18      |ddm|: 1.459601e-08
  subiter:  19      |ddm|: 2.182822e-08
  subiter:  20      |ddm|: 2.873529e-09


******** <class 'pyscf.dft.rks.RKS'> flags ********
method = RKS
initial guess = atom
damping factor = 0
level shift factor = 0.0
DIIS = <class 'pyscf.scf.diis.CDIIS'>
DIIS start cycle = 1
DIIS space = 8
SCF tol = 1e-08
SCF gradient tol = 1e-08
max. SCF cycles = 100
direct_scf = True
direct_scf_tol = 1e-13
chkfile to save SCF result = /panfs/roc/scratch/graha682/D180/201711_ccpVTZ_NEVPT2_m06_180_3c12h24/tmpYVwM7m
max_memory 4000 MB (current use 1806 MB)
XC functionals = m06
small_rho_cutoff = 1e-20
radial grids: Treutler-Ahlrichs (JCP 102, 346 (M4)) radial grids
becke partition: Becke, JCP, 88, 2547 (1988)
pruning grids: <function nwchem_prune at 0x15315f0>
grids dens level: 4
symmetrized grids: False
atomic radii adjust function: <function treutler_atomic_radii_adjust at 0x1531488>
init E= -471.484632312251
  HOMO = -0.268902188287788  LUMO = 0.0168022336068294
cycle= 1 E= -471.484632312242  delta_E= 9.55e-12  |g|= 4.72e-09  |ddm|= 1.14e-08
  HOMO = -0.268902188258352  LUMO = 0.0168022336447845
Extra cycle  E= -471.484632312252  delta_E= -1.09e-11  |g|= 6.37e-09  |ddm|= 7.94e-09
converged SCF energy = -471.484632312252
Supermolecular DFT   -471.48463231224923

============================== Embedding Energies ==============================
Subsystem DFT              -124.39293417810617
Interaction                -346.70842313609216
DFT-in-DFT                 -471.10135731419837
Supermolecular DFT         -471.48463231224923
Difference                   -0.38327499805087
Corrected DFT-in-DFT       -471.48463231224923
WF-in-DFT                  -470.89364720150155
Corrected WF-in-DFT        -471.27692219955242
================================================================================
TIMING STATISTICS:
     overlap integrals      1.93s   ( 0.00%)
    initial subsystems      1.37s   ( 0.00%)
           2e matrices  40527.71s   (92.19%)
      tot. embed. of 1  40586.94s   (92.32%)
      tot. embed. of 2     30.59s   ( 0.07%)
       freeze and thaw  40617.58s   (92.39%)
                   cas     34.98s   ( 0.08%)
                nevpt2      0.89s   ( 0.00%)
  interaction energies   3303.76s   ( 7.51%)
                 TOTAL  43962.72s
================================================================================

********************************************************************************
*                              END OF CALCULATION                              *
********************************************************************************
