********************************************************************************
*                         FREEZE-AND-THAW CALCULATION                          *
********************************************************************************

================================== Input File ==================================
subsystem
C         -6.83504       -0.46401       -0.00382
C         -5.59092        0.39839       -0.08452
H         -7.75949        0.12896       -0.08345
H         -6.87676       -1.01544        0.95099
H         -6.85281       -1.21529       -0.81171
C         -4.30365       -0.39984        0.02659
H         -5.61030        1.16633        0.71243
H         -5.58425        0.96523       -1.03526
charge +1
end

subsystem
C         -3.04884        0.44977       -0.05398
H         -4.27867       -1.17034       -0.77012
H         -4.30382       -0.96712        0.97907
C         -1.76243       -0.34751        0.05908
H         -3.07477        1.22074        0.74200
H         -3.04819        1.01574       -1.00705
C         -0.50822        0.50316       -0.02174
H         -1.73596       -1.11860       -0.73672
H         -1.76240       -0.91319        1.01223
C          0.77810       -0.29409        0.09187
H         -0.53458        1.27433        0.77391
H         -0.50773        1.06869       -0.97502
C          2.03146        0.55789        0.00986
H          0.80423       -1.06616       -0.70280
H          0.77906       -0.85811        1.04588
C          3.31459       -0.24304        0.13180
H          2.00078        1.33309        0.80058
H          2.03508        1.11668       -0.94753
C          4.55990        0.61926        0.00776
H          3.33206       -1.03530       -0.64250
H          3.33065       -0.77682        1.10073
C          5.84705       -0.17277        0.07532
H          4.47817        1.45241        0.73742
H          4.58402        1.10116       -0.98704
C          7.13640       -0.52184       -0.08461
H          7.94774       -0.26798        0.62015
H          7.45622       -1.09879       -0.95837
H          5.47129       -0.85241       -0.73938
charge -1
end

embed
 huzinaga
 huzfermi
 cycles 300
 conv 1e-8
 method m06
end

basis cc-pVDZ
method cas[2,2]/nevpt2
grid 4
conv 1e-8
grad 1e-8
maxiter 100
================================== End Input ===================================
tot grids = 725328

                      Getting subsystem overlap integrals                       

                          Initial subsystem densities                           
Guessing initial subsystem densities
Initial guess from superpostion of atomic densties.
Guessing initial subsystem densities
Initial guess from superpostion of atomic densties.

=========================== Starting Freeze-and-Thaw ===========================
 iter:   1:1        |ddm|: 3.514896e+00     Tr[DP]  6.474022e-01
 iter:   1:2        |ddm|: 5.606121e+00     Tr[DP]  3.313629e-01
 iter:   2:1        |ddm|: 2.429445e+00     Tr[DP]  1.458714e-01
 iter:   2:2        |ddm|: 3.732507e+00     Tr[DP]  2.533455e-01
 iter:   3:1        |ddm|: 1.334766e+00     Tr[DP]  1.711541e-01
 iter:   3:2        |ddm|: 2.399707e+00     Tr[DP]  1.583977e-01
 iter:   4:1        |ddm|: 3.852799e-01     Tr[DP]  1.458324e-01
 iter:   4:2        |ddm|: 3.713253e-01     Tr[DP]  1.624224e-01
 iter:   5:1        |ddm|: 4.986693e-02     Tr[DP]  1.508472e-01
 iter:   5:2        |ddm|: 1.371501e-01     Tr[DP]  1.569061e-01
 iter:   6:1        |ddm|: 2.275740e-02     Tr[DP]  1.516450e-01
 iter:   6:2        |ddm|: 6.140359e-02     Tr[DP]  1.538583e-01
 iter:   7:1        |ddm|: 7.682029e-03     Tr[DP]  1.513992e-01
 iter:   7:2        |ddm|: 3.033687e-02     Tr[DP]  1.526935e-01
 iter:   8:1        |ddm|: 3.698371e-03     Tr[DP]  1.513149e-01
 iter:   8:2        |ddm|: 1.764916e-02     Tr[DP]  1.522164e-01
 iter:   9:1        |ddm|: 2.881209e-03     Tr[DP]  1.513698e-01
 iter:   9:2        |ddm|: 9.914669e-03     Tr[DP]  1.517983e-01
 iter:  10:1        |ddm|: 1.356090e-03     Tr[DP]  1.513654e-01
 iter:  10:2        |ddm|: 4.853003e-03     Tr[DP]  1.515811e-01
 iter:  11:1        |ddm|: 6.795592e-04     Tr[DP]  1.513539e-01
 iter:  11:2        |ddm|: 3.205635e-03     Tr[DP]  1.514894e-01
 iter:  12:1        |ddm|: 4.232050e-04     Tr[DP]  1.513621e-01
 iter:  12:2        |ddm|: 1.407103e-03     Tr[DP]  1.514284e-01
 iter:  13:1        |ddm|: 2.008338e-04     Tr[DP]  1.513642e-01
 iter:  13:2        |ddm|: 7.430847e-04     Tr[DP]  1.513962e-01
 iter:  14:1        |ddm|: 9.649888e-05     Tr[DP]  1.513646e-01
 iter:  14:2        |ddm|: 3.644086e-04     Tr[DP]  1.513805e-01
 iter:  15:1        |ddm|: 5.049770e-05     Tr[DP]  1.513642e-01
 iter:  15:2        |ddm|: 2.126784e-04     Tr[DP]  1.513729e-01
 iter:  16:1        |ddm|: 2.791448e-05     Tr[DP]  1.513643e-01
 iter:  16:2        |ddm|: 1.017683e-04     Tr[DP]  1.513689e-01
 iter:  17:1        |ddm|: 1.527296e-05     Tr[DP]  1.513645e-01
 iter:  17:2        |ddm|: 4.998193e-05     Tr[DP]  1.513667e-01
 iter:  18:1        |ddm|: 7.870399e-06     Tr[DP]  1.513644e-01
 iter:  18:2        |ddm|: 3.074121e-05     Tr[DP]  1.513656e-01
 iter:  19:1        |ddm|: 5.227161e-06     Tr[DP]  1.513644e-01
 iter:  19:2        |ddm|: 1.400868e-05     Tr[DP]  1.513650e-01
 iter:  20:1        |ddm|: 3.507648e-06     Tr[DP]  1.513644e-01
 iter:  20:2        |ddm|: 7.380360e-06     Tr[DP]  1.513647e-01
 iter:  21:1        |ddm|: 2.966182e-06     Tr[DP]  1.513644e-01
 iter:  21:2        |ddm|: 4.609369e-06     Tr[DP]  1.513646e-01
 iter:  22:1        |ddm|: 2.681053e-06     Tr[DP]  1.513644e-01
 iter:  22:2        |ddm|: 3.442725e-06     Tr[DP]  1.513645e-01
 iter:  23:1        |ddm|: 2.683054e-06     Tr[DP]  1.513644e-01
 iter:  23:2        |ddm|: 3.340321e-06     Tr[DP]  1.513644e-01
 iter:  24:1        |ddm|: 2.348642e-06     Tr[DP]  1.513644e-01
 iter:  24:2        |ddm|: 2.551221e-06     Tr[DP]  1.513644e-01
 iter:  25:1        |ddm|: 2.216439e-06     Tr[DP]  1.513644e-01
 iter:  25:2        |ddm|: 2.498997e-06     Tr[DP]  1.513644e-01
 iter:  26:1        |ddm|: 2.076570e-06     Tr[DP]  1.513644e-01
 iter:  26:2        |ddm|: 2.322092e-06     Tr[DP]  1.513644e-01
 iter:  27:1        |ddm|: 1.919281e-06     Tr[DP]  1.513644e-01
 iter:  27:2        |ddm|: 2.103806e-06     Tr[DP]  1.513644e-01
 iter:  28:1        |ddm|: 1.749275e-06     Tr[DP]  1.513644e-01
 iter:  28:2        |ddm|: 1.830297e-06     Tr[DP]  1.513644e-01
 iter:  29:1        |ddm|: 1.581747e-06     Tr[DP]  1.513644e-01
 iter:  29:2        |ddm|: 1.666345e-06     Tr[DP]  1.513644e-01
 iter:  30:1        |ddm|: 1.521708e-06     Tr[DP]  1.513644e-01
 iter:  30:2        |ddm|: 1.753911e-06     Tr[DP]  1.513644e-01
 iter:  31:1        |ddm|: 1.424483e-06     Tr[DP]  1.513644e-01
 iter:  31:2        |ddm|: 1.531944e-06     Tr[DP]  1.513644e-01
 iter:  32:1        |ddm|: 1.327185e-06     Tr[DP]  1.513644e-01
 iter:  32:2        |ddm|: 1.485959e-06     Tr[DP]  1.513644e-01
 iter:  33:1        |ddm|: 1.216676e-06     Tr[DP]  1.513644e-01
 iter:  33:2        |ddm|: 1.298816e-06     Tr[DP]  1.513644e-01
 iter:  34:1        |ddm|: 1.127443e-06     Tr[DP]  1.513644e-01
 iter:  34:2        |ddm|: 1.101107e-06     Tr[DP]  1.513644e-01
 iter:  35:1        |ddm|: 1.342251e-06     Tr[DP]  1.513644e-01
 iter:  35:2        |ddm|: 1.802930e-06     Tr[DP]  1.513644e-01
 iter:  36:1        |ddm|: 1.249608e-06     Tr[DP]  1.513644e-01
 iter:  36:2        |ddm|: 1.563458e-06     Tr[DP]  1.513644e-01
 iter:  37:1        |ddm|: 1.397268e-06     Tr[DP]  1.513644e-01
 iter:  37:2        |ddm|: 1.894914e-06     Tr[DP]  1.513644e-01
 iter:  38:1        |ddm|: 1.271698e-06     Tr[DP]  1.513644e-01
 iter:  38:2        |ddm|: 1.636810e-06     Tr[DP]  1.513644e-01
 iter:  39:1        |ddm|: 1.155766e-06     Tr[DP]  1.513644e-01
 iter:  39:2        |ddm|: 1.428361e-06     Tr[DP]  1.513644e-01
 iter:  40:1        |ddm|: 1.030409e-06     Tr[DP]  1.513644e-01
 iter:  40:2        |ddm|: 1.216780e-06     Tr[DP]  1.513644e-01
 iter:  41:1        |ddm|: 9.090208e-07     Tr[DP]  1.513644e-01
 iter:  41:2        |ddm|: 1.094184e-06     Tr[DP]  1.513644e-01
 iter:  42:1        |ddm|: 8.261769e-07     Tr[DP]  1.513644e-01
 iter:  42:2        |ddm|: 9.848807e-07     Tr[DP]  1.513644e-01
 iter:  43:1        |ddm|: 7.546529e-07     Tr[DP]  1.513644e-01
 iter:  43:2        |ddm|: 8.836823e-07     Tr[DP]  1.513644e-01
 iter:  44:1        |ddm|: 6.936902e-07     Tr[DP]  1.513644e-01
 iter:  44:2        |ddm|: 8.593350e-07     Tr[DP]  1.513644e-01
 iter:  45:1        |ddm|: 6.472952e-07     Tr[DP]  1.513644e-01
 iter:  45:2        |ddm|: 8.377775e-07     Tr[DP]  1.513644e-01
 iter:  46:1        |ddm|: 6.321614e-07     Tr[DP]  1.513644e-01
 iter:  46:2        |ddm|: 7.254473e-07     Tr[DP]  1.513644e-01
 iter:  47:1        |ddm|: 5.687104e-07     Tr[DP]  1.513644e-01
 iter:  47:2        |ddm|: 7.383934e-07     Tr[DP]  1.513644e-01
 iter:  48:1        |ddm|: 5.843616e-07     Tr[DP]  1.513644e-01
 iter:  48:2        |ddm|: 8.128399e-07     Tr[DP]  1.513644e-01
 iter:  49:1        |ddm|: 7.807487e-07     Tr[DP]  1.513644e-01
 iter:  49:2        |ddm|: 1.170543e-06     Tr[DP]  1.513644e-01
 iter:  50:1        |ddm|: 1.037428e-06     Tr[DP]  1.513644e-01
 iter:  50:2        |ddm|: 1.530201e-06     Tr[DP]  1.513644e-01
 iter:  51:1        |ddm|: 8.671854e-07     Tr[DP]  1.513644e-01
 iter:  51:2        |ddm|: 9.897040e-07     Tr[DP]  1.513644e-01
 iter:  52:1        |ddm|: 6.911968e-07     Tr[DP]  1.513644e-01
 iter:  52:2        |ddm|: 9.519942e-07     Tr[DP]  1.513644e-01
 iter:  53:1        |ddm|: 6.424371e-07     Tr[DP]  1.513644e-01
 iter:  53:2        |ddm|: 8.453713e-07     Tr[DP]  1.513644e-01
 iter:  54:1        |ddm|: 7.201218e-07     Tr[DP]  1.513644e-01
 iter:  54:2        |ddm|: 4.926997e-07     Tr[DP]  1.513644e-01
 iter:  55:1        |ddm|: 4.627828e-07     Tr[DP]  1.513644e-01
 iter:  55:2        |ddm|: 7.478191e-07     Tr[DP]  1.513644e-01
 iter:  56:1        |ddm|: 5.114616e-07     Tr[DP]  1.513644e-01
 iter:  56:2        |ddm|: 7.514530e-07     Tr[DP]  1.513644e-01
 iter:  57:1        |ddm|: 5.106974e-07     Tr[DP]  1.513644e-01
 iter:  57:2        |ddm|: 7.425829e-07     Tr[DP]  1.513644e-01
 iter:  58:1        |ddm|: 5.088483e-07     Tr[DP]  1.513644e-01
 iter:  58:2        |ddm|: 7.511861e-07     Tr[DP]  1.513644e-01
 iter:  59:1        |ddm|: 5.545356e-07     Tr[DP]  1.513644e-01
 iter:  59:2        |ddm|: 8.570625e-07     Tr[DP]  1.513644e-01
 iter:  60:1        |ddm|: 5.881840e-07     Tr[DP]  1.513644e-01
 iter:  60:2        |ddm|: 8.929131e-07     Tr[DP]  1.513644e-01
 iter:  61:1        |ddm|: 5.668706e-07     Tr[DP]  1.513644e-01
 iter:  61:2        |ddm|: 8.077838e-07     Tr[DP]  1.513644e-01
 iter:  62:1        |ddm|: 5.239371e-07     Tr[DP]  1.513644e-01
 iter:  62:2        |ddm|: 7.239816e-07     Tr[DP]  1.513644e-01
 iter:  63:1        |ddm|: 4.811910e-07     Tr[DP]  1.513644e-01
 iter:  63:2        |ddm|: 6.737107e-07     Tr[DP]  1.513644e-01
 iter:  64:1        |ddm|: 4.474131e-07     Tr[DP]  1.513644e-01
 iter:  64:2        |ddm|: 6.141103e-07     Tr[DP]  1.513644e-01
 iter:  65:1        |ddm|: 4.850949e-07     Tr[DP]  1.513644e-01
 iter:  65:2        |ddm|: 3.711822e-07     Tr[DP]  1.513644e-01
 iter:  66:1        |ddm|: 3.010023e-07     Tr[DP]  1.513644e-01
 iter:  66:2        |ddm|: 4.624880e-07     Tr[DP]  1.513644e-01
 iter:  67:1        |ddm|: 3.103143e-07     Tr[DP]  1.513644e-01
 iter:  67:2        |ddm|: 4.431117e-07     Tr[DP]  1.513644e-01
 iter:  68:1        |ddm|: 3.018386e-07     Tr[DP]  1.513644e-01
 iter:  68:2        |ddm|: 4.264469e-07     Tr[DP]  1.513644e-01
 iter:  69:1        |ddm|: 2.940878e-07     Tr[DP]  1.513644e-01
 iter:  69:2        |ddm|: 4.269843e-07     Tr[DP]  1.513644e-01
 iter:  70:1        |ddm|: 3.190230e-07     Tr[DP]  1.513644e-01
 iter:  70:2        |ddm|: 4.957763e-07     Tr[DP]  1.513644e-01
 iter:  71:1        |ddm|: 5.219753e-07     Tr[DP]  1.513644e-01
 iter:  71:2        |ddm|: 7.806671e-07     Tr[DP]  1.513644e-01
 iter:  72:1        |ddm|: 4.343030e-07     Tr[DP]  1.513644e-01
 iter:  72:2        |ddm|: 4.738256e-07     Tr[DP]  1.513644e-01
 iter:  73:1        |ddm|: 3.321209e-07     Tr[DP]  1.513644e-01
 iter:  73:2        |ddm|: 4.545201e-07     Tr[DP]  1.513644e-01
 iter:  74:1        |ddm|: 3.044885e-07     Tr[DP]  1.513644e-01
 iter:  74:2        |ddm|: 4.255127e-07     Tr[DP]  1.513644e-01
 iter:  75:1        |ddm|: 2.836538e-07     Tr[DP]  1.513644e-01
 iter:  75:2        |ddm|: 3.900776e-07     Tr[DP]  1.513644e-01
 iter:  76:1        |ddm|: 2.626998e-07     Tr[DP]  1.513644e-01
 iter:  76:2        |ddm|: 3.396607e-07     Tr[DP]  1.513644e-01
 iter:  77:1        |ddm|: 2.357262e-07     Tr[DP]  1.513644e-01
 iter:  77:2        |ddm|: 3.025128e-07     Tr[DP]  1.513644e-01
 iter:  78:1        |ddm|: 2.506543e-07     Tr[DP]  1.513644e-01
 iter:  78:2        |ddm|: 1.859841e-07     Tr[DP]  1.513644e-01
 iter:  79:1        |ddm|: 1.825013e-07     Tr[DP]  1.513644e-01
 iter:  79:2        |ddm|: 2.996120e-07     Tr[DP]  1.513644e-01
 iter:  80:1        |ddm|: 1.938142e-07     Tr[DP]  1.513644e-01
 iter:  80:2        |ddm|: 2.833991e-07     Tr[DP]  1.513644e-01
 iter:  81:1        |ddm|: 2.019544e-07     Tr[DP]  1.513644e-01
 iter:  81:2        |ddm|: 3.068777e-07     Tr[DP]  1.513644e-01
 iter:  82:1        |ddm|: 2.566010e-07     Tr[DP]  1.513644e-01
 iter:  82:2        |ddm|: 3.984015e-07     Tr[DP]  1.513644e-01
 iter:  83:1        |ddm|: 2.682644e-07     Tr[DP]  1.513644e-01
 iter:  83:2        |ddm|: 4.055722e-07     Tr[DP]  1.513644e-01
 iter:  84:1        |ddm|: 2.506931e-07     Tr[DP]  1.513644e-01
 iter:  84:2        |ddm|: 3.533729e-07     Tr[DP]  1.513644e-01
 iter:  85:1        |ddm|: 2.311085e-07     Tr[DP]  1.513644e-01
 iter:  85:2        |ddm|: 3.330079e-07     Tr[DP]  1.513644e-01
 iter:  86:1        |ddm|: 2.158532e-07     Tr[DP]  1.513644e-01
 iter:  86:2        |ddm|: 3.047965e-07     Tr[DP]  1.513644e-01
 iter:  87:1        |ddm|: 2.002131e-07     Tr[DP]  1.513644e-01
 iter:  87:2        |ddm|: 2.824125e-07     Tr[DP]  1.513644e-01
 iter:  88:1        |ddm|: 1.857013e-07     Tr[DP]  1.513644e-01
 iter:  88:2        |ddm|: 2.203915e-07     Tr[DP]  1.513644e-01
 iter:  89:1        |ddm|: 1.562550e-07     Tr[DP]  1.513644e-01
 iter:  89:2        |ddm|: 2.303837e-07     Tr[DP]  1.513644e-01
 iter:  90:1        |ddm|: 1.542404e-07     Tr[DP]  1.513644e-01
 iter:  90:2        |ddm|: 2.280374e-07     Tr[DP]  1.513644e-01
 iter:  91:1        |ddm|: 1.512757e-07     Tr[DP]  1.513644e-01
 iter:  91:2        |ddm|: 2.216329e-07     Tr[DP]  1.513644e-01
 iter:  92:1        |ddm|: 1.469844e-07     Tr[DP]  1.513644e-01
 iter:  92:2        |ddm|: 2.139927e-07     Tr[DP]  1.513644e-01
 iter:  93:1        |ddm|: 1.421317e-07     Tr[DP]  1.513644e-01
 iter:  93:2        |ddm|: 2.061220e-07     Tr[DP]  1.513644e-01
 iter:  94:1        |ddm|: 1.371440e-07     Tr[DP]  1.513644e-01
 iter:  94:2        |ddm|: 1.984041e-07     Tr[DP]  1.513644e-01
 iter:  95:1        |ddm|: 1.325184e-07     Tr[DP]  1.513644e-01
 iter:  95:2        |ddm|: 1.921968e-07     Tr[DP]  1.513644e-01
 iter:  96:1        |ddm|: 1.282064e-07     Tr[DP]  1.513644e-01
 iter:  96:2        |ddm|: 1.861816e-07     Tr[DP]  1.513644e-01
 iter:  97:1        |ddm|: 1.239364e-07     Tr[DP]  1.513644e-01
 iter:  97:2        |ddm|: 1.801234e-07     Tr[DP]  1.513644e-01
 iter:  98:1        |ddm|: 1.197496e-07     Tr[DP]  1.513644e-01
 iter:  98:2        |ddm|: 1.741266e-07     Tr[DP]  1.513644e-01
 iter:  99:1        |ddm|: 1.156861e-07     Tr[DP]  1.513644e-01
 iter:  99:2        |ddm|: 1.682901e-07     Tr[DP]  1.513644e-01
 iter: 100:1        |ddm|: 1.117775e-07     Tr[DP]  1.513644e-01
 iter: 100:2        |ddm|: 1.626629e-07     Tr[DP]  1.513644e-01
 iter: 101:1        |ddm|: 1.080359e-07     Tr[DP]  1.513644e-01
 iter: 101:2        |ddm|: 1.572707e-07     Tr[DP]  1.513644e-01
 iter: 102:1        |ddm|: 1.044531e-07     Tr[DP]  1.513644e-01
 iter: 102:2        |ddm|: 1.520895e-07     Tr[DP]  1.513644e-01
 iter: 103:1        |ddm|: 1.009932e-07     Tr[DP]  1.513644e-01
 iter: 103:2        |ddm|: 1.470903e-07     Tr[DP]  1.513644e-01
 iter: 104:1        |ddm|: 9.763823e-08     Tr[DP]  1.513644e-01
 iter: 104:2        |ddm|: 1.422521e-07     Tr[DP]  1.513644e-01
 iter: 105:1        |ddm|: 9.438573e-08     Tr[DP]  1.513644e-01
 iter: 105:2        |ddm|: 1.375655e-07     Tr[DP]  1.513644e-01
 iter: 106:1        |ddm|: 9.123644e-08     Tr[DP]  1.513644e-01
 iter: 106:2        |ddm|: 1.330271e-07     Tr[DP]  1.513644e-01
 iter: 107:1        |ddm|: 8.819143e-08     Tr[DP]  1.513644e-01
 iter: 107:2        |ddm|: 1.286343e-07     Tr[DP]  1.513644e-01
 iter: 108:1        |ddm|: 8.525046e-08     Tr[DP]  1.513644e-01
 iter: 108:2        |ddm|: 1.243847e-07     Tr[DP]  1.513644e-01
 iter: 109:1        |ddm|: 8.241181e-08     Tr[DP]  1.513644e-01
 iter: 109:2        |ddm|: 1.202759e-07     Tr[DP]  1.513644e-01
 iter: 110:1        |ddm|: 7.967141e-08     Tr[DP]  1.513644e-01
 iter: 110:2        |ddm|: 1.163049e-07     Tr[DP]  1.513644e-01
 iter: 111:1        |ddm|: 7.702439e-08     Tr[DP]  1.513644e-01
 iter: 111:2        |ddm|: 1.124671e-07     Tr[DP]  1.513644e-01
 iter: 112:1        |ddm|: 7.446637e-08     Tr[DP]  1.513644e-01
 iter: 112:2        |ddm|: 1.087570e-07     Tr[DP]  1.513644e-01
 iter: 113:1        |ddm|: 7.199361e-08     Tr[DP]  1.513644e-01
 iter: 113:2        |ddm|: 1.051696e-07     Tr[DP]  1.513644e-01
 iter: 114:1        |ddm|: 6.960297e-08     Tr[DP]  1.513644e-01
 iter: 114:2        |ddm|: 1.017002e-07     Tr[DP]  1.513644e-01
 iter: 115:1        |ddm|: 6.729191e-08     Tr[DP]  1.513644e-01
 iter: 115:2        |ddm|: 9.834450e-08     Tr[DP]  1.513644e-01
 iter: 116:1        |ddm|: 6.505807e-08     Tr[DP]  1.513644e-01
 iter: 116:2        |ddm|: 9.509905e-08     Tr[DP]  1.513644e-01
 iter: 117:1        |ddm|: 6.289922e-08     Tr[DP]  1.513644e-01
 iter: 117:2        |ddm|: 9.196042e-08     Tr[DP]  1.513644e-01
 iter: 118:1        |ddm|: 6.081283e-08     Tr[DP]  1.513644e-01
 iter: 118:2        |ddm|: 8.892548e-08     Tr[DP]  1.513644e-01
 iter: 119:1        |ddm|: 5.879640e-08     Tr[DP]  1.513644e-01
 iter: 119:2        |ddm|: 8.599089e-08     Tr[DP]  1.513644e-01
 iter: 120:1        |ddm|: 5.684746e-08     Tr[DP]  1.513644e-01
 iter: 120:2        |ddm|: 8.315336e-08     Tr[DP]  1.513644e-01
 iter: 121:1        |ddm|: 5.496359e-08     Tr[DP]  1.513644e-01
 iter: 121:2        |ddm|: 8.040961e-08     Tr[DP]  1.513644e-01
 iter: 122:1        |ddm|: 5.314245e-08     Tr[DP]  1.513644e-01
 iter: 122:2        |ddm|: 7.775637e-08     Tr[DP]  1.513644e-01
 iter: 123:1        |ddm|: 5.138197e-08     Tr[DP]  1.513644e-01
 iter: 123:2        |ddm|: 7.519062e-08     Tr[DP]  1.513644e-01
 iter: 124:1        |ddm|: 4.968008e-08     Tr[DP]  1.513644e-01
 iter: 124:2        |ddm|: 7.270951e-08     Tr[DP]  1.513644e-01
 iter: 125:1        |ddm|: 4.803487e-08     Tr[DP]  1.513644e-01
 iter: 125:2        |ddm|: 7.031013e-08     Tr[DP]  1.513644e-01
 iter: 126:1        |ddm|: 4.644442e-08     Tr[DP]  1.513644e-01
 iter: 126:2        |ddm|: 6.798992e-08     Tr[DP]  1.513644e-01
 iter: 127:1        |ddm|: 4.490696e-08     Tr[DP]  1.513644e-01
 iter: 127:2        |ddm|: 6.574632e-08     Tr[DP]  1.513644e-01
 iter: 128:1        |ddm|: 4.342067e-08     Tr[DP]  1.513644e-01
 iter: 128:2        |ddm|: 6.357675e-08     Tr[DP]  1.513644e-01
 iter: 129:1        |ddm|: 4.198377e-08     Tr[DP]  1.513644e-01
 iter: 129:2        |ddm|: 6.147888e-08     Tr[DP]  1.513644e-01
 iter: 130:1        |ddm|: 4.059463e-08     Tr[DP]  1.513644e-01
 iter: 130:2        |ddm|: 5.945009e-08     Tr[DP]  1.513644e-01
 iter: 131:1        |ddm|: 3.925163e-08     Tr[DP]  1.513644e-01
 iter: 131:2        |ddm|: 5.748834e-08     Tr[DP]  1.513644e-01
 iter: 132:1        |ddm|: 3.795324e-08     Tr[DP]  1.513644e-01
 iter: 132:2        |ddm|: 5.559131e-08     Tr[DP]  1.513644e-01
 iter: 133:1        |ddm|: 3.669792e-08     Tr[DP]  1.513644e-01
 iter: 133:2        |ddm|: 5.375684e-08     Tr[DP]  1.513644e-01
 iter: 134:1        |ddm|: 3.548428e-08     Tr[DP]  1.513644e-01
 iter: 134:2        |ddm|: 5.198291e-08     Tr[DP]  1.513644e-01
 iter: 135:1        |ddm|: 3.431088e-08     Tr[DP]  1.513644e-01
 iter: 135:2        |ddm|: 5.026749e-08     Tr[DP]  1.513644e-01
 iter: 136:1        |ddm|: 3.317643e-08     Tr[DP]  1.513644e-01
 iter: 136:2        |ddm|: 4.860874e-08     Tr[DP]  1.513644e-01
 iter: 137:1        |ddm|: 3.207960e-08     Tr[DP]  1.513644e-01
 iter: 137:2        |ddm|: 4.700466e-08     Tr[DP]  1.513644e-01
 iter: 138:1        |ddm|: 3.101911e-08     Tr[DP]  1.513644e-01
 iter: 138:2        |ddm|: 4.545354e-08     Tr[DP]  1.513644e-01
 iter: 139:1        |ddm|: 2.999380e-08     Tr[DP]  1.513644e-01
 iter: 139:2        |ddm|: 4.395360e-08     Tr[DP]  1.513644e-01
 iter: 140:1        |ddm|: 2.900244e-08     Tr[DP]  1.513644e-01
 iter: 140:2        |ddm|: 4.250317e-08     Tr[DP]  1.513644e-01
 iter: 141:1        |ddm|: 2.804393e-08     Tr[DP]  1.513644e-01
 iter: 141:2        |ddm|: 4.110054e-08     Tr[DP]  1.513644e-01
 iter: 142:1        |ddm|: 2.711716e-08     Tr[DP]  1.513644e-01
 iter: 142:2        |ddm|: 3.974419e-08     Tr[DP]  1.513644e-01
 iter: 143:1        |ddm|: 2.622108e-08     Tr[DP]  1.513644e-01
 iter: 143:2        |ddm|: 3.843273e-08     Tr[DP]  1.513644e-01
 iter: 144:1        |ddm|: 2.535469e-08     Tr[DP]  1.513644e-01
 iter: 144:2        |ddm|: 3.716444e-08     Tr[DP]  1.513644e-01
 iter: 145:1        |ddm|: 2.451696e-08     Tr[DP]  1.513644e-01
 iter: 145:2        |ddm|: 3.593796e-08     Tr[DP]  1.513644e-01
 iter: 146:1        |ddm|: 2.370697e-08     Tr[DP]  1.513644e-01
 iter: 146:2        |ddm|: 3.475201e-08     Tr[DP]  1.513644e-01
 iter: 147:1        |ddm|: 2.292376e-08     Tr[DP]  1.513644e-01
 iter: 147:2        |ddm|: 3.360523e-08     Tr[DP]  1.513644e-01
 iter: 148:1        |ddm|: 2.216651e-08     Tr[DP]  1.513644e-01
 iter: 148:2        |ddm|: 3.249631e-08     Tr[DP]  1.513644e-01
 iter: 149:1        |ddm|: 2.143429e-08     Tr[DP]  1.513644e-01
 iter: 149:2        |ddm|: 3.142387e-08     Tr[DP]  1.513644e-01
 iter: 150:1        |ddm|: 2.072628e-08     Tr[DP]  1.513644e-01
 iter: 150:2        |ddm|: 3.038688e-08     Tr[DP]  1.513644e-01
 iter: 151:1        |ddm|: 2.004170e-08     Tr[DP]  1.513644e-01
 iter: 151:2        |ddm|: 2.938415e-08     Tr[DP]  1.513644e-01
 iter: 152:1        |ddm|: 1.937978e-08     Tr[DP]  1.513644e-01
 iter: 152:2        |ddm|: 2.841443e-08     Tr[DP]  1.513644e-01
 iter: 153:1        |ddm|: 1.873972e-08     Tr[DP]  1.513644e-01
 iter: 153:2        |ddm|: 2.747669e-08     Tr[DP]  1.513644e-01
 iter: 154:1        |ddm|: 1.812084e-08     Tr[DP]  1.513644e-01
 iter: 154:2        |ddm|: 2.656998e-08     Tr[DP]  1.513644e-01
 iter: 155:1        |ddm|: 1.752241e-08     Tr[DP]  1.513644e-01
 iter: 155:2        |ddm|: 2.569314e-08     Tr[DP]  1.513644e-01
 iter: 156:1        |ddm|: 1.694376e-08     Tr[DP]  1.513644e-01
 iter: 156:2        |ddm|: 2.484528e-08     Tr[DP]  1.513644e-01
 iter: 157:1        |ddm|: 1.638427e-08     Tr[DP]  1.513644e-01
 iter: 157:2        |ddm|: 2.402538e-08     Tr[DP]  1.513644e-01
 iter: 158:1        |ddm|: 1.584323e-08     Tr[DP]  1.513644e-01
 iter: 158:2        |ddm|: 2.323252e-08     Tr[DP]  1.513644e-01
 iter: 159:1        |ddm|: 1.532009e-08     Tr[DP]  1.513644e-01
 iter: 159:2        |ddm|: 2.246583e-08     Tr[DP]  1.513644e-01
 iter: 160:1        |ddm|: 1.481424e-08     Tr[DP]  1.513644e-01
 iter: 160:2        |ddm|: 2.172441e-08     Tr[DP]  1.513644e-01
 iter: 161:1        |ddm|: 1.432510e-08     Tr[DP]  1.513644e-01
 iter: 161:2        |ddm|: 2.100758e-08     Tr[DP]  1.513644e-01
 iter: 162:1        |ddm|: 1.385213e-08     Tr[DP]  1.513644e-01
 iter: 162:2        |ddm|: 2.031427e-08     Tr[DP]  1.513644e-01
 iter: 163:1        |ddm|: 1.339478e-08     Tr[DP]  1.513644e-01
 iter: 163:2        |ddm|: 1.964383e-08     Tr[DP]  1.513644e-01
 iter: 164:1        |ddm|: 1.295254e-08     Tr[DP]  1.513644e-01
 iter: 164:2        |ddm|: 1.899564e-08     Tr[DP]  1.513644e-01
 iter: 165:1        |ddm|: 1.252492e-08     Tr[DP]  1.513644e-01
 iter: 165:2        |ddm|: 1.836882e-08     Tr[DP]  1.513644e-01
 iter: 166:1        |ddm|: 1.211141e-08     Tr[DP]  1.513644e-01
 iter: 166:2        |ddm|: 1.776260e-08     Tr[DP]  1.513644e-01
 iter: 167:1        |ddm|: 1.171159e-08     Tr[DP]  1.513644e-01
 iter: 167:2        |ddm|: 1.717636e-08     Tr[DP]  1.513644e-01
 iter: 168:1        |ddm|: 1.132496e-08     Tr[DP]  1.513644e-01
 iter: 168:2        |ddm|: 1.660952e-08     Tr[DP]  1.513644e-01
 iter: 169:1        |ddm|: 1.095108e-08     Tr[DP]  1.513644e-01
 iter: 169:2        |ddm|: 1.606147e-08     Tr[DP]  1.513644e-01
 iter: 170:1        |ddm|: 1.058958e-08     Tr[DP]  1.513644e-01
 iter: 170:2        |ddm|: 1.553141e-08     Tr[DP]  1.513644e-01
 iter: 171:1        |ddm|: 1.024001e-08     Tr[DP]  1.513644e-01
 iter: 171:2        |ddm|: 1.501882e-08     Tr[DP]  1.513644e-01
 iter: 172:1        |ddm|: 9.901984e-09     Tr[DP]  1.513644e-01
 iter: 172:2        |ddm|: 1.452323e-08     Tr[DP]  1.513644e-01
 iter: 173:1        |ddm|: 9.575108e-09     Tr[DP]  1.513644e-01
 iter: 173:2        |ddm|: 1.404399e-08     Tr[DP]  1.513644e-01
 iter: 174:1        |ddm|: 9.259034e-09     Tr[DP]  1.513644e-01
 iter: 174:2        |ddm|: 1.358051e-08     Tr[DP]  1.513644e-01
 iter: 175:1        |ddm|: 8.953419e-09     Tr[DP]  1.513644e-01
 iter: 175:2        |ddm|: 1.313228e-08     Tr[DP]  1.513644e-01
 iter: 176:1        |ddm|: 8.657870e-09     Tr[DP]  1.513644e-01
 iter: 176:2        |ddm|: 1.269893e-08     Tr[DP]  1.513644e-01
 iter: 177:1        |ddm|: 8.372076e-09     Tr[DP]  1.513644e-01
 iter: 177:2        |ddm|: 1.227985e-08     Tr[DP]  1.513644e-01
 iter: 178:1        |ddm|: 8.095745e-09     Tr[DP]  1.513644e-01
 iter: 178:2        |ddm|: 1.187460e-08     Tr[DP]  1.513644e-01
 iter: 179:1        |ddm|: 7.828519e-09     Tr[DP]  1.513644e-01
 iter: 179:2        |ddm|: 1.148269e-08     Tr[DP]  1.513644e-01
 iter: 180:1        |ddm|: 7.570116e-09     Tr[DP]  1.513644e-01
 iter: 180:2        |ddm|: 1.110376e-08     Tr[DP]  1.513644e-01
 iter: 181:1        |ddm|: 7.320244e-09     Tr[DP]  1.513644e-01
 iter: 181:2        |ddm|: 1.073736e-08     Tr[DP]  1.513644e-01
 iter: 182:1        |ddm|: 7.078635e-09     Tr[DP]  1.513644e-01
 iter: 182:2        |ddm|: 1.038297e-08     Tr[DP]  1.513644e-01
 iter: 183:1        |ddm|: 6.844987e-09     Tr[DP]  1.513644e-01
 iter: 183:2        |ddm|: 1.004034e-08     Tr[DP]  1.513644e-01
 iter: 184:1        |ddm|: 6.619060e-09     Tr[DP]  1.513644e-01
 iter: 184:2        |ddm|: 9.708987e-09     Tr[DP]  1.513644e-01
 iter: 185:1        |ddm|: 6.400601e-09     Tr[DP]  1.513644e-01
 iter: 185:2        |ddm|: 9.388597e-09     Tr[DP]  1.513644e-01
 iter: 186:1        |ddm|: 6.189336e-09     Tr[DP]  1.513644e-01
 iter: 186:2        |ddm|: 9.078749e-09     Tr[DP]  1.513644e-01
 iter: 187:1        |ddm|: 5.985054e-09     Tr[DP]  1.513644e-01
 iter: 187:2        |ddm|: 8.779169e-09     Tr[DP]  1.513644e-01
 iter: 188:1        |ddm|: 5.787525e-09     Tr[DP]  1.513644e-01
 iter: 188:2        |ddm|: 8.489442e-09     Tr[DP]  1.513644e-01
 iter: 189:1        |ddm|: 5.596496e-09     Tr[DP]  1.513644e-01
 iter: 189:2        |ddm|: 8.209262e-09     Tr[DP]  1.513644e-01
 iter: 190:1        |ddm|: 5.411787e-09     Tr[DP]  1.513644e-01
 iter: 190:2        |ddm|: 7.938394e-09     Tr[DP]  1.513644e-01
 iter: 191:1        |ddm|: 5.233178e-09     Tr[DP]  1.513644e-01
 iter: 191:2        |ddm|: 7.676397e-09     Tr[DP]  1.513644e-01
 iter: 192:1        |ddm|: 5.060449e-09     Tr[DP]  1.513644e-01
 iter: 192:2        |ddm|: 7.423108e-09     Tr[DP]  1.513644e-01
 iter: 193:1        |ddm|: 4.893449e-09     Tr[DP]  1.513644e-01
 iter: 193:2        |ddm|: 7.178052e-09     Tr[DP]  1.513644e-01
 iter: 194:1        |ddm|: 4.731925e-09     Tr[DP]  1.513644e-01
 iter: 194:2        |ddm|: 6.941219e-09     Tr[DP]  1.513644e-01
 iter: 195:1        |ddm|: 4.575758e-09     Tr[DP]  1.513644e-01
 iter: 195:2        |ddm|: 6.712141e-09     Tr[DP]  1.513644e-01
 iter: 196:1        |ddm|: 4.424749e-09     Tr[DP]  1.513644e-01
 iter: 196:2        |ddm|: 6.490604e-09     Tr[DP]  1.513644e-01
 iter: 197:1        |ddm|: 4.278697e-09     Tr[DP]  1.513644e-01
 iter: 197:2        |ddm|: 6.276420e-09     Tr[DP]  1.513644e-01
 iter: 198:1        |ddm|: 4.137496e-09     Tr[DP]  1.513644e-01
 iter: 198:2        |ddm|: 6.069276e-09     Tr[DP]  1.513644e-01
 iter: 199:1        |ddm|: 4.000940e-09     Tr[DP]  1.513644e-01
 iter: 199:2        |ddm|: 5.869005e-09     Tr[DP]  1.513644e-01
                           Freeze-and-Thaw converged!                           

=================== Subsystem 1 at higher mean-field method ====================
  subiter:   1      |ddm|: 2.551883e-01
  subiter:   2      |ddm|: 4.024905e-02
  subiter:   3      |ddm|: 1.014321e-02
  subiter:   4      |ddm|: 5.049459e-03
  subiter:   5      |ddm|: 1.976145e-03
  subiter:   6      |ddm|: 3.930359e-04
  subiter:   7      |ddm|: 1.348054e-04
  subiter:   8      |ddm|: 2.526792e-05
  subiter:   9      |ddm|: 1.066878e-05
  subiter:  10      |ddm|: 3.369749e-06
  subiter:  11      |ddm|: 2.986546e-07
  subiter:  12      |ddm|: 7.726206e-08
  subiter:  13      |ddm|: 8.230640e-09


******** <class 'pyscf.scf.hf.RHF'> flags ********
method = RHF
initial guess = minao
damping factor = 0
level shift factor = 0
DIIS = <class 'pyscf.scf.diis.CDIIS'>
DIIS start cycle = 1
DIIS space = 8
SCF tol = 1e-09
SCF gradient tol = None
max. SCF cycles = 100
direct_scf = True
direct_scf_tol = 1e-13
chkfile to save SCF result = /panfs/roc/scratch/graha682/pos_wf_hzfermi/201711_ccpVDZ_NEVPT2_m06_89_3c12h24/tmp6AAES_
max_memory 4000 MB (current use 328 MB)
Set gradient conv threshold to 3.16228e-05
init E= -109.020702302687
  HOMO = -0.47718657096419  LUMO = 0.176596763310275
cycle= 1 E= -109.020702302688  delta_E= -2.84e-13  |g|= 6.36e-09  |ddm|= 2.57e-08
  HOMO = -0.477186570828018  LUMO = 0.176596763188909
Extra cycle  E= -109.020702302687  delta_E= 3.98e-13  |g|= 2.71e-09  |ddm|= 1.03e-08
converged SCF energy = -109.020702302687


******** <class 'pyscf.dft.rks.RKS'> flags ********
method = RKS
initial guess = atom
damping factor = 0
level shift factor = 0.0
DIIS = <class 'pyscf.scf.diis.CDIIS'>
DIIS start cycle = 1
DIIS space = 8
SCF tol = 1e-08
SCF gradient tol = 1e-08
max. SCF cycles = 1
direct_scf = True
direct_scf_tol = 1e-13
chkfile to save SCF result = /panfs/roc/scratch/graha682/pos_wf_hzfermi/201711_ccpVDZ_NEVPT2_m06_89_3c12h24/tmpjLyjpn
max_memory 4000 MB (current use 328 MB)
XC functionals = m06
small_rho_cutoff = 1e-20
radial grids: Treutler-Ahlrichs (JCP 102, 346 (M4)) radial grids
becke partition: Becke, JCP, 88, 2547 (1988)
pruning grids: <function nwchem_prune at 0x178f6e0>
grids dens level: 4
symmetrized grids: False
atomic radii adjust function: <function treutler_atomic_radii_adjust at 0x178f578>
init E= -109.756855754173
  HOMO = -0.35653587957461  LUMO = 0.0607135250876267
cycle= 1 E= -109.756855754173  delta_E= -5.68e-14  |g|= 8.6e-10  |ddm|= 3.87e-09
  HOMO = -0.356535879574652  LUMO = 0.0607135250876695
Extra cycle  E= -109.756855754173  delta_E= 1.99e-13  |g|= 3.96e-10  |ddm|= 1.59e-09
converged SCF energy = -109.756855754173
 iter: 200:1        |ddm|: 2.872743e-01     Tr[DP]  2.091938e-01

******** <class 'pyscf.mcscf.mc1step.CASSCF'> flags ********
CAS (1e+1e, 2o), ncore = 10, nvir = 55
max_cycle_macro = 50
max_cycle_micro = 4
conv_tol = 1e-07
conv_tol_grad = None
orbital rotation max_stepsize = 0.02
augmented hessian ah_max_cycle = 30
augmented hessian ah_conv_tol = 1e-12
augmented hessian ah_linear dependence = 1e-14
augmented hessian ah_level shift = 0
augmented hessian ah_start_tol = 2.5
augmented hessian ah_start_cycle = 3
augmented hessian ah_grad_trust_region = 3
kf_trust_region = 3
kf_interval = 4
ci_response_space = 4
ci_grad_trust_region = 3
with_dep4 0
natorb = False
canonicalization = True
sorting_mo_energy = False
chkfile = /panfs/roc/scratch/graha682/pos_wf_hzfermi/201711_ccpVDZ_NEVPT2_m06_89_3c12h24/tmp6AAES_
max_memory 4000 MB (current use 349 MB)
internal_rotation = False
******** <class 'pyscf.fci.direct_spin1.FCISolver'> flags ********
max. cycles = 50
conv_tol = 1e-08
davidson only = False
linear dependence = 1e-10
level shift = 0.001
max iter space = 12
max_memory 4000 MB
nroots = 1
pspace_size = 400
spin = None
CASCI E = -109.020728692039  S^2 = 0.0000000
Set conv_tol_grad to 0.000316228
macro iter 1 (6 JK  1 micro), CASSCF E = -109.020741414049  dE = -1.272201e-05  S^2 = 0.0000000
               |grad[o]|=0.000125  |grad[c]|= 0.00126583927374  |ddm|=4.62e-05
macro iter 2 (6 JK  1 micro), CASSCF E = -109.020767200375  dE = -2.5786327e-05  S^2 = 0.0000000
               |grad[o]|=0.000155  |grad[c]|= 0.00179233114663  |ddm|=0.000111
macro iter 3 (7 JK  2 micro), CASSCF E = -109.020794910763  dE = -2.7710388e-05  S^2 = 0.0000000
               |grad[o]|=0.000227  |grad[c]|= 0.000923929167385  |ddm|=0.000757
macro iter 4 (7 JK  2 micro), CASSCF E = -109.020848636014  dE = -5.3725252e-05  S^2 = 0.0000000
               |grad[o]|=0.000296  |grad[c]|= 0.000923962438526  |ddm|=0.000672
macro iter 5 (7 JK  2 micro), CASSCF E = -109.020918898776  dE = -7.0262762e-05  S^2 = 0.0000000
               |grad[o]|=0.000412  |grad[c]|= 0.000666868133656  |ddm|=0.000291
macro iter 6 (7 JK  2 micro), CASSCF E = -109.020989414838  dE = -7.0516062e-05  S^2 = 0.0000000
               |grad[o]|=0.000553  |grad[c]|= 0.00130623947013  |ddm|=0.00116
macro iter 7 (7 JK  2 micro), CASSCF E = -109.021227683558  dE = -0.00023826872  S^2 = 0.0000000
               |grad[o]|=0.000737  |grad[c]|= 0.00375484845947  |ddm|=0.0015
macro iter 8 (7 JK  2 micro), CASSCF E = -109.021917768032  dE = -0.00069008447  S^2 = 0.0000000
               |grad[o]|=0.00149  |grad[c]|= 0.00464594504273  |ddm|=0.00224
macro iter 9 (21 JK  4 micro), CASSCF E = -109.027548569393  dE = -0.0056308014  S^2 = 0.0000000
               |grad[o]|=0.0033  |grad[c]|= 0.0296265809108  |ddm|=0.0121
macro iter 10 (21 JK  4 micro), CASSCF E = -109.035096034015  dE = -0.0075474646  S^2 = 0.0000000
               |grad[o]|=0.0148  |grad[c]|= 0.0182911172765  |ddm|=0.00931
macro iter 11 (16 JK  4 micro), CASSCF E = -109.036152514112  dE = -0.0010564801  S^2 = 0.0000000
               |grad[o]|=0.0109  |grad[c]|= 0.011618340988  |ddm|=0.00393
macro iter 12 (14 JK  4 micro), CASSCF E = -109.036428898507  dE = -0.0002763844  S^2 = 0.0000000
               |grad[o]|=0.00438  |grad[c]|= 0.00391435374157  |ddm|=0.000493
macro iter 13 (8 JK  3 micro), CASSCF E = -109.036470370201  dE = -4.1471694e-05  S^2 = 0.0000000
               |grad[o]|=0.00143  |grad[c]|= 0.000484296877662  |ddm|=0.00013
macro iter 14 (3 JK  1 micro), CASSCF E = -109.036470846206  dE = -4.760049e-07  S^2 = 0.0000000
               |grad[o]|=0.000192  |grad[c]|= 4.05074521861e-05  |ddm|=4.84e-05
macro iter 15 (3 JK  1 micro), CASSCF E = -109.03647084778  dE = -1.5736816e-09  S^2 = 0.0000000
               |grad[o]|=3.99e-05  |grad[c]|= 1.0592830318e-05  |ddm|=1.69e-05
1-step CASSCF converged in 15 macro (140 JK 35 micro) steps
CASSCF canonicalization
CASSCF energy = -109.03647084778
Hartree-Fock Energy:  -109.02070230268725
CAS Correlation:       -0.01576854509271
CAS Energy:          -109.03647084777997
Sr    (-1)',   E = -0.00000000001645
Si    (+1)',   E = -0.00000000000123
Sijrs (0)  ,   E = -0.28778866527780
Sijr  (+1) ,   E = -0.00404758865635
Srsi  (-1) ,   E = -0.02509104482848
Srs   (-2) ,   E = -0.00942487495735
Sij   (+2) ,   E = -0.00024133129121
Sir   (0)' ,   E = -0.01484538573874
Nevpt2 Energy = -0.341438890767608
NEVPT2 =   -0.341438890767608
Total NEVPT2 = -109.377909738547572

============================== Supermolecular DFT ==============================
  subiter:   1      |ddm|: 3.842269e+00
  subiter:   2      |ddm|: 8.684388e-01
  subiter:   3      |ddm|: 4.907236e-01
  subiter:   4      |ddm|: 4.584478e-02
  subiter:   5      |ddm|: 1.853435e-02
  subiter:   6      |ddm|: 4.085121e-03
  subiter:   7      |ddm|: 8.291249e-04
  subiter:   8      |ddm|: 3.142770e-04
  subiter:   9      |ddm|: 8.452050e-05
  subiter:  10      |ddm|: 3.887426e-05
  subiter:  11      |ddm|: 1.410712e-05
  subiter:  12      |ddm|: 4.116645e-06
  subiter:  13      |ddm|: 1.661445e-06
  subiter:  14      |ddm|: 4.211675e-07
  subiter:  15      |ddm|: 1.168914e-07
  subiter:  16      |ddm|: 5.499139e-08
  subiter:  17      |ddm|: 1.118952e-08
  subiter:  18      |ddm|: 1.081706e-08
  subiter:  19      |ddm|: 1.149914e-09


******** <class 'pyscf.dft.rks.RKS'> flags ********
method = RKS
initial guess = atom
damping factor = 0
level shift factor = 0.0
DIIS = <class 'pyscf.scf.diis.CDIIS'>
DIIS start cycle = 1
DIIS space = 8
SCF tol = 1e-08
SCF gradient tol = 1e-08
max. SCF cycles = 100
direct_scf = True
direct_scf_tol = 1e-13
chkfile to save SCF result = /panfs/roc/scratch/graha682/pos_wf_hzfermi/201711_ccpVDZ_NEVPT2_m06_89_3c12h24/tmpxvfoNM
max_memory 4000 MB (current use 351 MB)
XC functionals = m06
small_rho_cutoff = 1e-20
radial grids: Treutler-Ahlrichs (JCP 102, 346 (M4)) radial grids
becke partition: Becke, JCP, 88, 2547 (1988)
pruning grids: <function nwchem_prune at 0x178f6e0>
grids dens level: 4
symmetrized grids: False
atomic radii adjust function: <function treutler_atomic_radii_adjust at 0x178f578>
init E= -471.248609641522
  HOMO = -0.24957271518947  LUMO = -0.000826802842864424
cycle= 1 E= -471.248609641521  delta_E= 4.55e-13  |g|= 2.24e-09  |ddm|= 4.4e-09
  HOMO = -0.249572715126653  LUMO = -0.000826802814036519
Extra cycle  E= -471.248609641514  delta_E= 7.73e-12  |g|= 3.43e-09  |ddm|= 4.58e-09
converged SCF energy = -471.248609641514
Supermolecular DFT   -471.24860964152094

============================== Embedding Energies ==============================
Subsystem DFT              -109.75685575417276
Interaction                -360.97519534471019
DFT-in-DFT                 -470.73205109888295
Supermolecular DFT         -471.24860964152094
Difference                   -0.51655854263799
Corrected DFT-in-DFT       -471.24860964152094
WF-in-DFT                  -470.35310508325779
Corrected WF-in-DFT        -470.86966362589578
================================================================================
TIMING STATISTICS:
     overlap integrals      0.03s   ( 0.00%)
    initial subsystems      0.15s   ( 0.00%)
           2e matrices   5693.17s   (88.91%)
      tot. embed. of 1   5710.25s   (89.17%)
      tot. embed. of 2      1.90s   ( 0.03%)
       freeze and thaw   5712.17s   (89.20%)
                   cas      2.36s   ( 0.04%)
                nevpt2      0.04s   ( 0.00%)
  interaction energies    687.24s   (10.73%)
                 TOTAL   6403.63s
================================================================================

********************************************************************************
*                              END OF CALCULATION                              *
********************************************************************************
