********************************************************************************
*                         FREEZE-AND-THAW CALCULATION                          *
********************************************************************************

================================== Input File ==================================
subsystem
C         -6.83504       -0.46401       -0.00382
C         -5.59092        0.39839       -0.08452
H         -7.75949        0.12896       -0.08345
H         -6.87676       -1.01544        0.95099
H         -6.85281       -1.21529       -0.81171
C         -4.30365       -0.39984        0.02659
H         -5.61030        1.16633        0.71243
H         -5.58425        0.96523       -1.03526
C         -3.04884        0.44977       -0.05398
H         -4.27867       -1.17034       -0.77012
H         -4.30382       -0.96712        0.97907
C         -1.76243       -0.34751        0.05908
H         -3.07477        1.22074        0.74200
H         -3.04819        1.01574       -1.00705
C         -0.50822        0.50316       -0.02174
H         -1.73596       -1.11860       -0.73672
H         -1.76240       -0.91319        1.01223
C          0.77810       -0.29409        0.09187
H         -0.53458        1.27433        0.77391
H         -0.50773        1.06869       -0.97502
charge +1
end

subsystem
C          2.03146        0.55789        0.00986
H          0.80423       -1.06616       -0.70280
H          0.77906       -0.85811        1.04588
C          3.31459       -0.24304        0.13180
H          2.00078        1.33309        0.80058
H          2.03508        1.11668       -0.94753
C          4.55990        0.61926        0.00776
H          3.33206       -1.03530       -0.64250
H          3.33065       -0.77682        1.10073
C          5.84705       -0.17277        0.07532
H          4.47817        1.45241        0.73742
H          4.58402        1.10116       -0.98704
C          7.13640       -0.52184       -0.08461
H          7.94774       -0.26798        0.62015
H          7.45622       -1.09879       -0.95837
H          5.47129       -0.85241       -0.73938
charge -1
end

embed
 huzinaga
 huzfermi
 cycles 300
 conv 1e-8
 method m06
end

basis cc-pVDZ
method cas[2,2]/nevpt2
grid 4
conv 1e-8
grad 1e-8
maxiter 100
================================== End Input ===================================
tot grids = 725328

                      Getting subsystem overlap integrals                       

                          Initial subsystem densities                           
Guessing initial subsystem densities
Initial guess from superpostion of atomic densties.
Guessing initial subsystem densities
Initial guess from superpostion of atomic densties.

=========================== Starting Freeze-and-Thaw ===========================
 iter:   1:1        |ddm|: 5.155494e+00     Tr[DP]  6.422903e-01
 iter:   1:2        |ddm|: 4.449648e+00     Tr[DP]  3.295646e-01
 iter:   2:1        |ddm|: 3.523522e+00     Tr[DP]  1.479384e-01
 iter:   2:2        |ddm|: 3.150288e+00     Tr[DP]  2.516008e-01
 iter:   3:1        |ddm|: 2.126856e+00     Tr[DP]  1.596267e-01
 iter:   3:2        |ddm|: 2.016687e+00     Tr[DP]  1.562652e-01
 iter:   4:1        |ddm|: 4.651718e-01     Tr[DP]  1.418951e-01
 iter:   4:2        |ddm|: 3.674035e-01     Tr[DP]  1.589211e-01
 iter:   5:1        |ddm|: 7.397184e-02     Tr[DP]  1.466423e-01
 iter:   5:2        |ddm|: 1.654526e-01     Tr[DP]  1.531484e-01
 iter:   6:1        |ddm|: 3.495357e-02     Tr[DP]  1.474558e-01
 iter:   6:2        |ddm|: 7.554926e-02     Tr[DP]  1.500356e-01
 iter:   7:1        |ddm|: 1.329048e-02     Tr[DP]  1.472953e-01
 iter:   7:2        |ddm|: 3.707720e-02     Tr[DP]  1.487495e-01
 iter:   8:1        |ddm|: 5.402848e-03     Tr[DP]  1.471895e-01
 iter:   8:2        |ddm|: 2.188905e-02     Tr[DP]  1.482133e-01
 iter:   9:1        |ddm|: 4.298257e-03     Tr[DP]  1.472536e-01
 iter:   9:2        |ddm|: 1.279301e-02     Tr[DP]  1.477445e-01
 iter:  10:1        |ddm|: 2.131270e-03     Tr[DP]  1.472569e-01
 iter:  10:2        |ddm|: 6.391453e-03     Tr[DP]  1.475091e-01
 iter:  11:1        |ddm|: 1.007022e-03     Tr[DP]  1.472500e-01
 iter:  11:2        |ddm|: 3.946825e-03     Tr[DP]  1.474016e-01
 iter:  12:1        |ddm|: 6.731048e-04     Tr[DP]  1.472594e-01
 iter:  12:2        |ddm|: 1.852808e-03     Tr[DP]  1.473351e-01
 iter:  13:1        |ddm|: 3.288269e-04     Tr[DP]  1.472617e-01
 iter:  13:2        |ddm|: 1.004213e-03     Tr[DP]  1.473001e-01
 iter:  14:1        |ddm|: 1.881603e-04     Tr[DP]  1.472625e-01
 iter:  14:2        |ddm|: 5.100328e-04     Tr[DP]  1.472820e-01
 iter:  15:1        |ddm|: 1.200649e-04     Tr[DP]  1.472622e-01
 iter:  15:2        |ddm|: 3.177803e-04     Tr[DP]  1.472730e-01
 iter:  16:1        |ddm|: 9.935582e-05     Tr[DP]  1.472625e-01
 iter:  16:2        |ddm|: 1.782903e-04     Tr[DP]  1.472681e-01
 iter:  17:1        |ddm|: 8.523826e-05     Tr[DP]  1.472627e-01
 iter:  17:2        |ddm|: 1.328682e-04     Tr[DP]  1.472654e-01
 iter:  18:1        |ddm|: 8.341702e-05     Tr[DP]  1.472626e-01
 iter:  18:2        |ddm|: 1.289907e-04     Tr[DP]  1.472641e-01
 iter:  19:1        |ddm|: 8.195190e-05     Tr[DP]  1.472626e-01
 iter:  19:2        |ddm|: 9.978999e-05     Tr[DP]  1.472634e-01
 iter:  20:1        |ddm|: 8.006655e-05     Tr[DP]  1.472625e-01
 iter:  20:2        |ddm|: 1.233878e-04     Tr[DP]  1.472631e-01
 iter:  21:1        |ddm|: 7.963078e-05     Tr[DP]  1.472626e-01
 iter:  21:2        |ddm|: 8.858455e-05     Tr[DP]  1.472628e-01
 iter:  22:1        |ddm|: 6.733703e-05     Tr[DP]  1.472626e-01
 iter:  22:2        |ddm|: 7.602778e-05     Tr[DP]  1.472627e-01
 iter:  23:1        |ddm|: 5.725065e-05     Tr[DP]  1.472626e-01
 iter:  23:2        |ddm|: 7.013421e-05     Tr[DP]  1.472626e-01
 iter:  24:1        |ddm|: 5.130898e-05     Tr[DP]  1.472626e-01
 iter:  24:2        |ddm|: 6.837701e-05     Tr[DP]  1.472626e-01
 iter:  25:1        |ddm|: 4.903321e-05     Tr[DP]  1.472626e-01
 iter:  25:2        |ddm|: 6.073831e-05     Tr[DP]  1.472626e-01
 iter:  26:1        |ddm|: 4.521736e-05     Tr[DP]  1.472626e-01
 iter:  26:2        |ddm|: 5.304044e-05     Tr[DP]  1.472626e-01
 iter:  27:1        |ddm|: 4.135172e-05     Tr[DP]  1.472626e-01
 iter:  27:2        |ddm|: 4.475655e-05     Tr[DP]  1.472626e-01
 iter:  28:1        |ddm|: 4.830953e-05     Tr[DP]  1.472626e-01
 iter:  28:2        |ddm|: 2.637889e-05     Tr[DP]  1.472626e-01
 iter:  29:1        |ddm|: 3.491166e-05     Tr[DP]  1.472626e-01
 iter:  29:2        |ddm|: 1.932495e-05     Tr[DP]  1.472626e-01
 iter:  30:1        |ddm|: 6.328074e-05     Tr[DP]  1.472626e-01
 iter:  30:2        |ddm|: 3.682632e-05     Tr[DP]  1.472626e-01
 iter:  31:1        |ddm|: 1.420064e-04     Tr[DP]  1.472626e-01
 iter:  31:2        |ddm|: 1.232978e-04     Tr[DP]  1.472626e-01
 iter:  32:1        |ddm|: 6.980804e-05     Tr[DP]  1.472626e-01
 iter:  32:2        |ddm|: 7.261603e-05     Tr[DP]  1.472626e-01
 iter:  33:1        |ddm|: 5.003833e-05     Tr[DP]  1.472626e-01
 iter:  33:2        |ddm|: 6.124127e-05     Tr[DP]  1.472626e-01
 iter:  34:1        |ddm|: 7.559912e-05     Tr[DP]  1.472626e-01
 iter:  34:2        |ddm|: 1.030185e-04     Tr[DP]  1.472626e-01
 iter:  35:1        |ddm|: 6.158529e-05     Tr[DP]  1.472626e-01
 iter:  35:2        |ddm|: 7.482022e-05     Tr[DP]  1.472626e-01
 iter:  36:1        |ddm|: 5.735526e-05     Tr[DP]  1.472626e-01
 iter:  36:2        |ddm|: 4.843149e-05     Tr[DP]  1.472626e-01
 iter:  37:1        |ddm|: 4.074461e-05     Tr[DP]  1.472626e-01
 iter:  37:2        |ddm|: 4.429602e-05     Tr[DP]  1.472626e-01
 iter:  38:1        |ddm|: 3.528264e-05     Tr[DP]  1.472626e-01
 iter:  38:2        |ddm|: 3.792643e-05     Tr[DP]  1.472626e-01
 iter:  39:1        |ddm|: 2.927763e-05     Tr[DP]  1.472626e-01
 iter:  39:2        |ddm|: 3.576058e-05     Tr[DP]  1.472626e-01
 iter:  40:1        |ddm|: 3.203563e-05     Tr[DP]  1.472626e-01
 iter:  40:2        |ddm|: 4.955957e-05     Tr[DP]  1.472626e-01
 iter:  41:1        |ddm|: 4.424346e-05     Tr[DP]  1.472626e-01
 iter:  41:2        |ddm|: 6.310474e-05     Tr[DP]  1.472626e-01
 iter:  42:1        |ddm|: 4.820641e-05     Tr[DP]  1.472626e-01
 iter:  42:2        |ddm|: 6.855667e-05     Tr[DP]  1.472626e-01
 iter:  43:1        |ddm|: 4.360200e-05     Tr[DP]  1.472626e-01
 iter:  43:2        |ddm|: 5.008137e-05     Tr[DP]  1.472626e-01
 iter:  44:1        |ddm|: 5.676891e-05     Tr[DP]  1.472626e-01
 iter:  44:2        |ddm|: 2.455432e-05     Tr[DP]  1.472626e-01
 iter:  45:1        |ddm|: 2.955486e-05     Tr[DP]  1.472627e-01
 iter:  45:2        |ddm|: 1.786501e-05     Tr[DP]  1.472626e-01
 iter:  46:1        |ddm|: 2.301280e-05     Tr[DP]  1.472626e-01
 iter:  46:2        |ddm|: 3.491272e-05     Tr[DP]  1.472626e-01
 iter:  47:1        |ddm|: 2.288998e-05     Tr[DP]  1.472626e-01
 iter:  47:2        |ddm|: 3.122853e-05     Tr[DP]  1.472626e-01
 iter:  48:1        |ddm|: 2.197903e-05     Tr[DP]  1.472626e-01
 iter:  48:2        |ddm|: 2.583713e-05     Tr[DP]  1.472626e-01
 iter:  49:1        |ddm|: 2.236992e-05     Tr[DP]  1.472626e-01
 iter:  49:2        |ddm|: 3.374539e-05     Tr[DP]  1.472626e-01
 iter:  50:1        |ddm|: 2.295617e-05     Tr[DP]  1.472626e-01
 iter:  50:2        |ddm|: 3.164562e-05     Tr[DP]  1.472626e-01
 iter:  51:1        |ddm|: 2.310009e-05     Tr[DP]  1.472627e-01
 iter:  51:2        |ddm|: 2.264452e-05     Tr[DP]  1.472626e-01
 iter:  52:1        |ddm|: 1.848957e-05     Tr[DP]  1.472626e-01
 iter:  52:2        |ddm|: 2.706813e-05     Tr[DP]  1.472627e-01
 iter:  53:1        |ddm|: 1.866458e-05     Tr[DP]  1.472627e-01
 iter:  53:2        |ddm|: 2.431938e-05     Tr[DP]  1.472626e-01
 iter:  54:1        |ddm|: 2.183964e-05     Tr[DP]  1.472627e-01
 iter:  54:2        |ddm|: 1.440187e-05     Tr[DP]  1.472627e-01
 iter:  55:1        |ddm|: 1.260997e-05     Tr[DP]  1.472627e-01
 iter:  55:2        |ddm|: 1.551344e-05     Tr[DP]  1.472627e-01
 iter:  56:1        |ddm|: 1.669356e-05     Tr[DP]  1.472627e-01
 iter:  56:2        |ddm|: 2.402200e-05     Tr[DP]  1.472627e-01
 iter:  57:1        |ddm|: 1.858483e-05     Tr[DP]  1.472627e-01
 iter:  57:2        |ddm|: 2.570229e-05     Tr[DP]  1.472627e-01
 iter:  58:1        |ddm|: 2.341293e-05     Tr[DP]  1.472627e-01
 iter:  58:2        |ddm|: 3.267914e-05     Tr[DP]  1.472626e-01
 iter:  59:1        |ddm|: 2.061421e-05     Tr[DP]  1.472627e-01
 iter:  59:2        |ddm|: 2.474291e-05     Tr[DP]  1.472627e-01
 iter:  60:1        |ddm|: 1.767147e-05     Tr[DP]  1.472627e-01
 iter:  60:2        |ddm|: 2.302672e-05     Tr[DP]  1.472627e-01
 iter:  61:1        |ddm|: 1.685766e-05     Tr[DP]  1.472627e-01
 iter:  61:2        |ddm|: 1.799651e-05     Tr[DP]  1.472627e-01
 iter:  62:1        |ddm|: 1.503108e-05     Tr[DP]  1.472627e-01
 iter:  62:2        |ddm|: 1.396311e-05     Tr[DP]  1.472627e-01
 iter:  63:1        |ddm|: 1.159982e-05     Tr[DP]  1.472627e-01
 iter:  63:2        |ddm|: 1.287520e-05     Tr[DP]  1.472627e-01
 iter:  64:1        |ddm|: 9.960616e-06     Tr[DP]  1.472627e-01
 iter:  64:2        |ddm|: 1.343978e-05     Tr[DP]  1.472627e-01
 iter:  65:1        |ddm|: 9.958586e-06     Tr[DP]  1.472627e-01
 iter:  65:2        |ddm|: 1.354587e-05     Tr[DP]  1.472627e-01
 iter:  66:1        |ddm|: 1.070237e-05     Tr[DP]  1.472627e-01
 iter:  66:2        |ddm|: 1.547351e-05     Tr[DP]  1.472627e-01
 iter:  67:1        |ddm|: 1.165633e-05     Tr[DP]  1.472627e-01
 iter:  67:2        |ddm|: 1.632449e-05     Tr[DP]  1.472627e-01
 iter:  68:1        |ddm|: 1.118350e-05     Tr[DP]  1.472627e-01
 iter:  68:2        |ddm|: 1.421155e-05     Tr[DP]  1.472627e-01
 iter:  69:1        |ddm|: 1.129229e-05     Tr[DP]  1.472627e-01
 iter:  69:2        |ddm|: 1.724411e-05     Tr[DP]  1.472627e-01
 iter:  70:1        |ddm|: 1.671850e-05     Tr[DP]  1.472627e-01
 iter:  70:2        |ddm|: 2.323769e-05     Tr[DP]  1.472627e-01
 iter:  71:1        |ddm|: 1.424017e-05     Tr[DP]  1.472627e-01
 iter:  71:2        |ddm|: 1.703088e-05     Tr[DP]  1.472627e-01
 iter:  72:1        |ddm|: 1.224204e-05     Tr[DP]  1.472627e-01
 iter:  72:2        |ddm|: 1.678743e-05     Tr[DP]  1.472627e-01
 iter:  73:1        |ddm|: 1.242256e-05     Tr[DP]  1.472627e-01
 iter:  73:2        |ddm|: 1.825705e-05     Tr[DP]  1.472627e-01
 iter:  74:1        |ddm|: 1.281332e-05     Tr[DP]  1.472627e-01
 iter:  74:2        |ddm|: 1.213390e-05     Tr[DP]  1.472627e-01
 iter:  75:1        |ddm|: 9.459627e-06     Tr[DP]  1.472627e-01
 iter:  75:2        |ddm|: 1.246206e-05     Tr[DP]  1.472627e-01
 iter:  76:1        |ddm|: 8.947342e-06     Tr[DP]  1.472627e-01
 iter:  76:2        |ddm|: 1.092268e-05     Tr[DP]  1.472627e-01
 iter:  77:1        |ddm|: 8.151417e-06     Tr[DP]  1.472627e-01
 iter:  77:2        |ddm|: 9.669846e-06     Tr[DP]  1.472627e-01
 iter:  78:1        |ddm|: 7.304403e-06     Tr[DP]  1.472627e-01
 iter:  78:2        |ddm|: 8.759530e-06     Tr[DP]  1.472627e-01
 iter:  79:1        |ddm|: 6.623486e-06     Tr[DP]  1.472627e-01
 iter:  79:2        |ddm|: 7.938601e-06     Tr[DP]  1.472627e-01
 iter:  80:1        |ddm|: 6.115006e-06     Tr[DP]  1.472627e-01
 iter:  80:2        |ddm|: 6.839205e-06     Tr[DP]  1.472627e-01
 iter:  81:1        |ddm|: 5.750953e-06     Tr[DP]  1.472627e-01
 iter:  81:2        |ddm|: 5.468225e-06     Tr[DP]  1.472627e-01
 iter:  82:1        |ddm|: 4.596776e-06     Tr[DP]  1.472627e-01
 iter:  82:2        |ddm|: 5.082986e-06     Tr[DP]  1.472627e-01
 iter:  83:1        |ddm|: 5.146131e-06     Tr[DP]  1.472627e-01
 iter:  83:2        |ddm|: 7.581547e-06     Tr[DP]  1.472627e-01
 iter:  84:1        |ddm|: 5.555389e-06     Tr[DP]  1.472627e-01
 iter:  84:2        |ddm|: 7.607813e-06     Tr[DP]  1.472627e-01
 iter:  85:1        |ddm|: 6.269282e-06     Tr[DP]  1.472627e-01
 iter:  85:2        |ddm|: 8.864411e-06     Tr[DP]  1.472627e-01
 iter:  86:1        |ddm|: 9.213476e-06     Tr[DP]  1.472627e-01
 iter:  86:2        |ddm|: 1.261260e-05     Tr[DP]  1.472627e-01
 iter:  87:1        |ddm|: 7.829823e-06     Tr[DP]  1.472627e-01
 iter:  87:2        |ddm|: 9.411810e-06     Tr[DP]  1.472627e-01
 iter:  88:1        |ddm|: 6.679916e-06     Tr[DP]  1.472627e-01
 iter:  88:2        |ddm|: 8.292070e-06     Tr[DP]  1.472627e-01
 iter:  89:1        |ddm|: 6.192660e-06     Tr[DP]  1.472627e-01
 iter:  89:2        |ddm|: 6.564465e-06     Tr[DP]  1.472627e-01
 iter:  90:1        |ddm|: 5.100987e-06     Tr[DP]  1.472627e-01
 iter:  90:2        |ddm|: 5.939814e-06     Tr[DP]  1.472627e-01
 iter:  91:1        |ddm|: 4.631028e-06     Tr[DP]  1.472627e-01
 iter:  91:2        |ddm|: 4.981501e-06     Tr[DP]  1.472627e-01
 iter:  92:1        |ddm|: 3.856351e-06     Tr[DP]  1.472627e-01
 iter:  92:2        |ddm|: 5.253181e-06     Tr[DP]  1.472627e-01
 iter:  93:1        |ddm|: 3.803221e-06     Tr[DP]  1.472627e-01
 iter:  93:2        |ddm|: 5.018206e-06     Tr[DP]  1.472627e-01
 iter:  94:1        |ddm|: 4.667164e-06     Tr[DP]  1.472627e-01
 iter:  94:2        |ddm|: 6.889728e-06     Tr[DP]  1.472627e-01
 iter:  95:1        |ddm|: 6.358265e-06     Tr[DP]  1.472627e-01
 iter:  95:2        |ddm|: 8.836147e-06     Tr[DP]  1.472627e-01
 iter:  96:1        |ddm|: 6.059788e-06     Tr[DP]  1.472627e-01
 iter:  96:2        |ddm|: 8.377022e-06     Tr[DP]  1.472627e-01
 iter:  97:1        |ddm|: 5.776197e-06     Tr[DP]  1.472627e-01
 iter:  97:2        |ddm|: 5.668829e-06     Tr[DP]  1.472627e-01
 iter:  98:1        |ddm|: 5.357216e-06     Tr[DP]  1.472627e-01
 iter:  98:2        |ddm|: 3.687754e-06     Tr[DP]  1.472627e-01
 iter:  99:1        |ddm|: 4.055623e-06     Tr[DP]  1.472627e-01
 iter:  99:2        |ddm|: 2.718137e-06     Tr[DP]  1.472627e-01
 iter: 100:1        |ddm|: 2.560021e-06     Tr[DP]  1.472627e-01
 iter: 100:2        |ddm|: 2.708022e-06     Tr[DP]  1.472627e-01
 iter: 101:1        |ddm|: 4.270532e-06     Tr[DP]  1.472627e-01
 iter: 101:2        |ddm|: 5.749821e-06     Tr[DP]  1.472627e-01
 iter: 102:1        |ddm|: 4.500283e-06     Tr[DP]  1.472627e-01
 iter: 102:2        |ddm|: 6.069056e-06     Tr[DP]  1.472627e-01
 iter: 103:1        |ddm|: 4.617457e-06     Tr[DP]  1.472627e-01
 iter: 103:2        |ddm|: 6.465629e-06     Tr[DP]  1.472627e-01
 iter: 104:1        |ddm|: 4.218810e-06     Tr[DP]  1.472627e-01
 iter: 104:2        |ddm|: 4.823190e-06     Tr[DP]  1.472627e-01
 iter: 105:1        |ddm|: 4.498208e-06     Tr[DP]  1.472627e-01
 iter: 105:2        |ddm|: 2.779532e-06     Tr[DP]  1.472627e-01
 iter: 106:1        |ddm|: 3.950213e-06     Tr[DP]  1.472627e-01
 iter: 106:2        |ddm|: 1.662422e-06     Tr[DP]  1.472627e-01
 iter: 107:1        |ddm|: 1.993449e-06     Tr[DP]  1.472627e-01
 iter: 107:2        |ddm|: 1.451424e-06     Tr[DP]  1.472627e-01
 iter: 108:1        |ddm|: 2.168433e-06     Tr[DP]  1.472627e-01
 iter: 108:2        |ddm|: 3.014467e-06     Tr[DP]  1.472627e-01
 iter: 109:1        |ddm|: 3.888328e-06     Tr[DP]  1.472627e-01
 iter: 109:2        |ddm|: 4.772066e-06     Tr[DP]  1.472627e-01
 iter: 110:1        |ddm|: 3.461391e-06     Tr[DP]  1.472627e-01
 iter: 110:2        |ddm|: 4.516143e-06     Tr[DP]  1.472627e-01
 iter: 111:1        |ddm|: 3.195892e-06     Tr[DP]  1.472627e-01
 iter: 111:2        |ddm|: 4.361419e-06     Tr[DP]  1.472627e-01
 iter: 112:1        |ddm|: 2.938446e-06     Tr[DP]  1.472627e-01
 iter: 112:2        |ddm|: 3.395219e-06     Tr[DP]  1.472627e-01
 iter: 113:1        |ddm|: 2.847024e-06     Tr[DP]  1.472627e-01
 iter: 113:2        |ddm|: 2.295721e-06     Tr[DP]  1.472627e-01
 iter: 114:1        |ddm|: 3.012133e-06     Tr[DP]  1.472627e-01
 iter: 114:2        |ddm|: 1.304468e-06     Tr[DP]  1.472627e-01
 iter: 115:1        |ddm|: 1.648664e-06     Tr[DP]  1.472627e-01
 iter: 115:2        |ddm|: 2.491999e-06     Tr[DP]  1.472627e-01
 iter: 116:1        |ddm|: 1.899174e-06     Tr[DP]  1.472627e-01
 iter: 116:2        |ddm|: 2.667734e-06     Tr[DP]  1.472627e-01
 iter: 117:1        |ddm|: 2.383582e-06     Tr[DP]  1.472627e-01
 iter: 117:2        |ddm|: 3.319599e-06     Tr[DP]  1.472627e-01
 iter: 118:1        |ddm|: 2.305309e-06     Tr[DP]  1.472627e-01
 iter: 118:2        |ddm|: 3.152871e-06     Tr[DP]  1.472627e-01
 iter: 119:1        |ddm|: 2.264551e-06     Tr[DP]  1.472627e-01
 iter: 119:2        |ddm|: 3.192180e-06     Tr[DP]  1.472627e-01
 iter: 120:1        |ddm|: 2.197375e-06     Tr[DP]  1.472627e-01
 iter: 120:2        |ddm|: 3.042720e-06     Tr[DP]  1.472627e-01
 iter: 121:1        |ddm|: 2.126085e-06     Tr[DP]  1.472627e-01
 iter: 121:2        |ddm|: 2.966580e-06     Tr[DP]  1.472627e-01
 iter: 122:1        |ddm|: 2.023185e-06     Tr[DP]  1.472627e-01
 iter: 122:2        |ddm|: 2.701908e-06     Tr[DP]  1.472627e-01
 iter: 123:1        |ddm|: 2.082267e-06     Tr[DP]  1.472627e-01
 iter: 123:2        |ddm|: 3.113922e-06     Tr[DP]  1.472627e-01
 iter: 124:1        |ddm|: 2.097457e-06     Tr[DP]  1.472627e-01
 iter: 124:2        |ddm|: 2.164959e-06     Tr[DP]  1.472627e-01
 iter: 125:1        |ddm|: 1.710829e-06     Tr[DP]  1.472627e-01
 iter: 125:2        |ddm|: 1.856866e-06     Tr[DP]  1.472627e-01
 iter: 126:1        |ddm|: 1.476389e-06     Tr[DP]  1.472627e-01
 iter: 126:2        |ddm|: 1.584858e-06     Tr[DP]  1.472627e-01
 iter: 127:1        |ddm|: 1.224297e-06     Tr[DP]  1.472627e-01
 iter: 127:2        |ddm|: 1.538329e-06     Tr[DP]  1.472627e-01
 iter: 128:1        |ddm|: 1.135601e-06     Tr[DP]  1.472627e-01
 iter: 128:2        |ddm|: 1.508510e-06     Tr[DP]  1.472627e-01
 iter: 129:1        |ddm|: 1.095903e-06     Tr[DP]  1.472627e-01
 iter: 129:2        |ddm|: 1.460040e-06     Tr[DP]  1.472627e-01
 iter: 130:1        |ddm|: 1.065150e-06     Tr[DP]  1.472627e-01
 iter: 130:2        |ddm|: 1.393130e-06     Tr[DP]  1.472627e-01
 iter: 131:1        |ddm|: 1.040553e-06     Tr[DP]  1.472627e-01
 iter: 131:2        |ddm|: 1.453151e-06     Tr[DP]  1.472627e-01
 iter: 132:1        |ddm|: 4.566012e-06     Tr[DP]  1.472627e-01
 iter: 132:2        |ddm|: 4.982770e-06     Tr[DP]  1.472627e-01
 iter: 133:1        |ddm|: 3.294236e-06     Tr[DP]  1.472627e-01
 iter: 133:2        |ddm|: 1.682829e-06     Tr[DP]  1.472627e-01
 iter: 134:1        |ddm|: 1.909919e-06     Tr[DP]  1.472627e-01
 iter: 134:2        |ddm|: 9.587178e-07     Tr[DP]  1.472627e-01
 iter: 135:1        |ddm|: 9.902157e-07     Tr[DP]  1.472627e-01
 iter: 135:2        |ddm|: 9.888866e-07     Tr[DP]  1.472627e-01
 iter: 136:1        |ddm|: 8.055228e-07     Tr[DP]  1.472627e-01
 iter: 136:2        |ddm|: 9.236088e-07     Tr[DP]  1.472627e-01
 iter: 137:1        |ddm|: 7.163624e-07     Tr[DP]  1.472627e-01
 iter: 137:2        |ddm|: 9.293374e-07     Tr[DP]  1.472627e-01
 iter: 138:1        |ddm|: 1.036085e-06     Tr[DP]  1.472627e-01
 iter: 138:2        |ddm|: 1.460800e-06     Tr[DP]  1.472627e-01
 iter: 139:1        |ddm|: 1.026184e-06     Tr[DP]  1.472627e-01
 iter: 139:2        |ddm|: 1.372125e-06     Tr[DP]  1.472627e-01
 iter: 140:1        |ddm|: 1.037095e-06     Tr[DP]  1.472627e-01
 iter: 140:2        |ddm|: 1.476828e-06     Tr[DP]  1.472627e-01
 iter: 141:1        |ddm|: 9.858767e-07     Tr[DP]  1.472627e-01
 iter: 141:2        |ddm|: 1.319294e-06     Tr[DP]  1.472627e-01
 iter: 142:1        |ddm|: 9.318552e-07     Tr[DP]  1.472627e-01
 iter: 142:2        |ddm|: 1.264658e-06     Tr[DP]  1.472627e-01
 iter: 143:1        |ddm|: 8.826361e-07     Tr[DP]  1.472627e-01
 iter: 143:2        |ddm|: 1.131095e-06     Tr[DP]  1.472627e-01
 iter: 144:1        |ddm|: 8.297194e-07     Tr[DP]  1.472627e-01
 iter: 144:2        |ddm|: 1.178472e-06     Tr[DP]  1.472627e-01
 iter: 145:1        |ddm|: 8.155562e-07     Tr[DP]  1.472627e-01
 iter: 145:2        |ddm|: 1.107138e-06     Tr[DP]  1.472627e-01
 iter: 146:1        |ddm|: 8.161012e-07     Tr[DP]  1.472627e-01
 iter: 146:2        |ddm|: 8.169452e-07     Tr[DP]  1.472627e-01
 iter: 147:1        |ddm|: 7.381856e-07     Tr[DP]  1.472627e-01
 iter: 147:2        |ddm|: 5.998564e-07     Tr[DP]  1.472627e-01
 iter: 148:1        |ddm|: 5.015950e-07     Tr[DP]  1.472627e-01
 iter: 148:2        |ddm|: 6.981450e-07     Tr[DP]  1.472627e-01
 iter: 149:1        |ddm|: 5.052914e-07     Tr[DP]  1.472627e-01
 iter: 149:2        |ddm|: 6.728870e-07     Tr[DP]  1.472627e-01
 iter: 150:1        |ddm|: 4.933313e-07     Tr[DP]  1.472627e-01
 iter: 150:2        |ddm|: 6.499522e-07     Tr[DP]  1.472627e-01
 iter: 151:1        |ddm|: 4.786071e-07     Tr[DP]  1.472627e-01
 iter: 151:2        |ddm|: 6.348858e-07     Tr[DP]  1.472627e-01
 iter: 152:1        |ddm|: 5.970262e-07     Tr[DP]  1.472627e-01
 iter: 152:2        |ddm|: 8.711315e-07     Tr[DP]  1.472627e-01
 iter: 153:1        |ddm|: 7.886293e-07     Tr[DP]  1.472627e-01
 iter: 153:2        |ddm|: 1.104419e-06     Tr[DP]  1.472627e-01
 iter: 154:1        |ddm|: 6.960031e-07     Tr[DP]  1.472627e-01
 iter: 154:2        |ddm|: 8.109925e-07     Tr[DP]  1.472627e-01
 iter: 155:1        |ddm|: 5.931740e-07     Tr[DP]  1.472627e-01
 iter: 155:2        |ddm|: 6.720656e-07     Tr[DP]  1.472627e-01
 iter: 156:1        |ddm|: 5.072984e-07     Tr[DP]  1.472627e-01
 iter: 156:2        |ddm|: 7.154423e-07     Tr[DP]  1.472627e-01
 iter: 157:1        |ddm|: 4.971091e-07     Tr[DP]  1.472627e-01
 iter: 157:2        |ddm|: 6.387650e-07     Tr[DP]  1.472627e-01
 iter: 158:1        |ddm|: 4.836324e-07     Tr[DP]  1.472627e-01
 iter: 158:2        |ddm|: 4.873874e-07     Tr[DP]  1.472627e-01
 iter: 159:1        |ddm|: 3.889980e-07     Tr[DP]  1.472627e-01
 iter: 159:2        |ddm|: 4.523464e-07     Tr[DP]  1.472627e-01
 iter: 160:1        |ddm|: 3.586195e-07     Tr[DP]  1.472627e-01
 iter: 160:2        |ddm|: 3.816800e-07     Tr[DP]  1.472627e-01
 iter: 161:1        |ddm|: 3.004371e-07     Tr[DP]  1.472627e-01
 iter: 161:2        |ddm|: 3.832021e-07     Tr[DP]  1.472627e-01
 iter: 162:1        |ddm|: 2.872343e-07     Tr[DP]  1.472627e-01
 iter: 162:2        |ddm|: 3.731281e-07     Tr[DP]  1.472627e-01
 iter: 163:1        |ddm|: 2.784081e-07     Tr[DP]  1.472627e-01
 iter: 163:2        |ddm|: 3.587070e-07     Tr[DP]  1.472627e-01
 iter: 164:1        |ddm|: 2.606966e-07     Tr[DP]  1.472627e-01
 iter: 164:2        |ddm|: 3.405696e-07     Tr[DP]  1.472627e-01
 iter: 165:1        |ddm|: 4.009867e-07     Tr[DP]  1.472627e-01
 iter: 165:2        |ddm|: 5.781320e-07     Tr[DP]  1.472627e-01
 iter: 166:1        |ddm|: 4.066138e-07     Tr[DP]  1.472627e-01
 iter: 166:2        |ddm|: 5.579980e-07     Tr[DP]  1.472627e-01
 iter: 167:1        |ddm|: 3.994428e-07     Tr[DP]  1.472627e-01
 iter: 167:2        |ddm|: 5.437997e-07     Tr[DP]  1.472627e-01
 iter: 168:1        |ddm|: 3.712448e-07     Tr[DP]  1.472627e-01
 iter: 168:2        |ddm|: 4.817404e-07     Tr[DP]  1.472627e-01
 iter: 169:1        |ddm|: 3.384812e-07     Tr[DP]  1.472627e-01
 iter: 169:2        |ddm|: 4.370195e-07     Tr[DP]  1.472627e-01
 iter: 170:1        |ddm|: 3.139778e-07     Tr[DP]  1.472627e-01
 iter: 170:2        |ddm|: 3.555092e-07     Tr[DP]  1.472627e-01
 iter: 171:1        |ddm|: 2.725812e-07     Tr[DP]  1.472627e-01
 iter: 171:2        |ddm|: 3.096051e-07     Tr[DP]  1.472627e-01
 iter: 172:1        |ddm|: 2.653764e-07     Tr[DP]  1.472627e-01
 iter: 172:2        |ddm|: 2.308101e-07     Tr[DP]  1.472627e-01
 iter: 173:1        |ddm|: 1.924333e-07     Tr[DP]  1.472627e-01
 iter: 173:2        |ddm|: 2.759504e-07     Tr[DP]  1.472627e-01
 iter: 174:1        |ddm|: 1.979593e-07     Tr[DP]  1.472627e-01
 iter: 174:2        |ddm|: 2.608814e-07     Tr[DP]  1.472627e-01
 iter: 175:1        |ddm|: 1.906465e-07     Tr[DP]  1.472627e-01
 iter: 175:2        |ddm|: 2.467421e-07     Tr[DP]  1.472627e-01
 iter: 176:1        |ddm|: 1.787700e-07     Tr[DP]  1.472627e-01
 iter: 176:2        |ddm|: 2.359400e-07     Tr[DP]  1.472627e-01
 iter: 177:1        |ddm|: 1.841164e-07     Tr[DP]  1.472627e-01
 iter: 177:2        |ddm|: 2.772837e-07     Tr[DP]  1.472627e-01
 iter: 178:1        |ddm|: 4.710687e-07     Tr[DP]  1.472627e-01
 iter: 178:2        |ddm|: 5.788264e-07     Tr[DP]  1.472627e-01
 iter: 179:1        |ddm|: 3.482827e-07     Tr[DP]  1.472627e-01
 iter: 179:2        |ddm|: 2.881553e-07     Tr[DP]  1.472627e-01
 iter: 180:1        |ddm|: 2.259820e-07     Tr[DP]  1.472627e-01
 iter: 180:2        |ddm|: 2.832665e-07     Tr[DP]  1.472627e-01
 iter: 181:1        |ddm|: 2.038385e-07     Tr[DP]  1.472627e-01
 iter: 181:2        |ddm|: 2.704979e-07     Tr[DP]  1.472627e-01
 iter: 182:1        |ddm|: 1.920259e-07     Tr[DP]  1.472627e-01
 iter: 182:2        |ddm|: 2.505596e-07     Tr[DP]  1.472627e-01
 iter: 183:1        |ddm|: 1.796799e-07     Tr[DP]  1.472627e-01
 iter: 183:2        |ddm|: 2.253204e-07     Tr[DP]  1.472627e-01
 iter: 184:1        |ddm|: 1.644588e-07     Tr[DP]  1.472627e-01
 iter: 184:2        |ddm|: 2.077056e-07     Tr[DP]  1.472627e-01
 iter: 185:1        |ddm|: 1.574640e-07     Tr[DP]  1.472627e-01
 iter: 185:2        |ddm|: 2.308361e-07     Tr[DP]  1.472627e-01
 iter: 186:1        |ddm|: 1.681750e-07     Tr[DP]  1.472627e-01
 iter: 186:2        |ddm|: 2.451853e-07     Tr[DP]  1.472627e-01
 iter: 187:1        |ddm|: 1.758693e-07     Tr[DP]  1.472627e-01
 iter: 187:2        |ddm|: 2.482980e-07     Tr[DP]  1.472627e-01
 iter: 188:1        |ddm|: 1.739998e-07     Tr[DP]  1.472627e-01
 iter: 188:2        |ddm|: 2.416058e-07     Tr[DP]  1.472627e-01
 iter: 189:1        |ddm|: 1.679504e-07     Tr[DP]  1.472627e-01
 iter: 189:2        |ddm|: 2.284468e-07     Tr[DP]  1.472627e-01
 iter: 190:1        |ddm|: 1.588582e-07     Tr[DP]  1.472627e-01
 iter: 190:2        |ddm|: 2.087107e-07     Tr[DP]  1.472627e-01
 iter: 191:1        |ddm|: 1.547883e-07     Tr[DP]  1.472627e-01
 iter: 191:2        |ddm|: 1.513356e-07     Tr[DP]  1.472627e-01
 iter: 192:1        |ddm|: 1.184861e-07     Tr[DP]  1.472627e-01
 iter: 192:2        |ddm|: 1.600172e-07     Tr[DP]  1.472627e-01
 iter: 193:1        |ddm|: 1.155651e-07     Tr[DP]  1.472627e-01
 iter: 193:2        |ddm|: 1.595507e-07     Tr[DP]  1.472627e-01
 iter: 194:1        |ddm|: 1.140895e-07     Tr[DP]  1.472627e-01
 iter: 194:2        |ddm|: 1.557119e-07     Tr[DP]  1.472627e-01
 iter: 195:1        |ddm|: 1.111742e-07     Tr[DP]  1.472627e-01
 iter: 195:2        |ddm|: 1.503335e-07     Tr[DP]  1.472627e-01
 iter: 196:1        |ddm|: 1.074398e-07     Tr[DP]  1.472627e-01
 iter: 196:2        |ddm|: 1.443554e-07     Tr[DP]  1.472627e-01
 iter: 197:1        |ddm|: 1.034190e-07     Tr[DP]  1.472627e-01
 iter: 197:2        |ddm|: 1.383743e-07     Tr[DP]  1.472627e-01
 iter: 198:1        |ddm|: 9.964580e-08     Tr[DP]  1.472627e-01
 iter: 198:2        |ddm|: 1.338028e-07     Tr[DP]  1.472627e-01
 iter: 199:1        |ddm|: 9.627469e-08     Tr[DP]  1.472627e-01
 iter: 199:2        |ddm|: 1.294968e-07     Tr[DP]  1.472627e-01
 iter: 200:1        |ddm|: 9.298841e-08     Tr[DP]  1.472627e-01
 iter: 200:2        |ddm|: 1.251301e-07     Tr[DP]  1.472627e-01
 iter: 201:1        |ddm|: 8.974550e-08     Tr[DP]  1.472627e-01
 iter: 201:2        |ddm|: 1.207982e-07     Tr[DP]  1.472627e-01
 iter: 202:1        |ddm|: 8.657053e-08     Tr[DP]  1.472627e-01
 iter: 202:2        |ddm|: 1.165650e-07     Tr[DP]  1.472627e-01
 iter: 203:1        |ddm|: 8.349985e-08     Tr[DP]  1.472627e-01
 iter: 203:2        |ddm|: 1.124772e-07     Tr[DP]  1.472627e-01
 iter: 204:1        |ddm|: 8.055905e-08     Tr[DP]  1.472627e-01
 iter: 204:2        |ddm|: 1.085644e-07     Tr[DP]  1.472627e-01
 iter: 205:1        |ddm|: 7.775846e-08     Tr[DP]  1.472627e-01
 iter: 205:2        |ddm|: 1.048121e-07     Tr[DP]  1.472627e-01
 iter: 206:1        |ddm|: 7.506397e-08     Tr[DP]  1.472627e-01
 iter: 206:2        |ddm|: 1.012028e-07     Tr[DP]  1.472627e-01
 iter: 207:1        |ddm|: 7.245852e-08     Tr[DP]  1.472627e-01
 iter: 207:2        |ddm|: 9.771517e-08     Tr[DP]  1.472627e-01
 iter: 208:1        |ddm|: 6.993673e-08     Tr[DP]  1.472627e-01
 iter: 208:2        |ddm|: 9.434362e-08     Tr[DP]  1.472627e-01
 iter: 209:1        |ddm|: 6.749763e-08     Tr[DP]  1.472627e-01
 iter: 209:2        |ddm|: 9.108513e-08     Tr[DP]  1.472627e-01
 iter: 210:1        |ddm|: 6.514110e-08     Tr[DP]  1.472627e-01
 iter: 210:2        |ddm|: 8.793656e-08     Tr[DP]  1.472627e-01
 iter: 211:1        |ddm|: 6.286702e-08     Tr[DP]  1.472627e-01
 iter: 211:2        |ddm|: 8.489477e-08     Tr[DP]  1.472627e-01
 iter: 212:1        |ddm|: 6.067496e-08     Tr[DP]  1.472627e-01
 iter: 212:2        |ddm|: 8.195755e-08     Tr[DP]  1.472627e-01
 iter: 213:1        |ddm|: 5.856187e-08     Tr[DP]  1.472627e-01
 iter: 213:2        |ddm|: 7.912292e-08     Tr[DP]  1.472627e-01
 iter: 214:1        |ddm|: 5.652417e-08     Tr[DP]  1.472627e-01
 iter: 214:2        |ddm|: 7.638762e-08     Tr[DP]  1.472627e-01
 iter: 215:1        |ddm|: 5.455841e-08     Tr[DP]  1.472627e-01
 iter: 215:2        |ddm|: 7.374754e-08     Tr[DP]  1.472627e-01
 iter: 216:1        |ddm|: 5.266142e-08     Tr[DP]  1.472627e-01
 iter: 216:2        |ddm|: 7.119902e-08     Tr[DP]  1.472627e-01
 iter: 217:1        |ddm|: 5.083051e-08     Tr[DP]  1.472627e-01
 iter: 217:2        |ddm|: 6.873853e-08     Tr[DP]  1.472627e-01
 iter: 218:1        |ddm|: 4.906317e-08     Tr[DP]  1.472627e-01
 iter: 218:2        |ddm|: 6.636267e-08     Tr[DP]  1.472627e-01
 iter: 219:1        |ddm|: 4.735755e-08     Tr[DP]  1.472627e-01
 iter: 219:2        |ddm|: 6.406854e-08     Tr[DP]  1.472627e-01
 iter: 220:1        |ddm|: 4.571161e-08     Tr[DP]  1.472627e-01
 iter: 220:2        |ddm|: 6.185357e-08     Tr[DP]  1.472627e-01
 iter: 221:1        |ddm|: 4.412335e-08     Tr[DP]  1.472627e-01
 iter: 221:2        |ddm|: 5.971501e-08     Tr[DP]  1.472627e-01
 iter: 222:1        |ddm|: 4.259086e-08     Tr[DP]  1.472627e-01
 iter: 222:2        |ddm|: 5.765047e-08     Tr[DP]  1.472627e-01
 iter: 223:1        |ddm|: 4.111195e-08     Tr[DP]  1.472627e-01
 iter: 223:2        |ddm|: 5.565747e-08     Tr[DP]  1.472627e-01
 iter: 224:1        |ddm|: 3.968481e-08     Tr[DP]  1.472627e-01
 iter: 224:2        |ddm|: 5.373343e-08     Tr[DP]  1.472627e-01
 iter: 225:1        |ddm|: 3.830739e-08     Tr[DP]  1.472627e-01
 iter: 225:2        |ddm|: 5.187595e-08     Tr[DP]  1.472627e-01
 iter: 226:1        |ddm|: 3.697799e-08     Tr[DP]  1.472627e-01
 iter: 226:2        |ddm|: 5.008255e-08     Tr[DP]  1.472627e-01
 iter: 227:1        |ddm|: 3.569493e-08     Tr[DP]  1.472627e-01
 iter: 227:2        |ddm|: 4.835102e-08     Tr[DP]  1.472627e-01
 iter: 228:1        |ddm|: 3.445658e-08     Tr[DP]  1.472627e-01
 iter: 228:2        |ddm|: 4.667958e-08     Tr[DP]  1.472627e-01
 iter: 229:1        |ddm|: 3.326136e-08     Tr[DP]  1.472627e-01
 iter: 229:2        |ddm|: 4.506576e-08     Tr[DP]  1.472627e-01
 iter: 230:1        |ddm|: 3.210779e-08     Tr[DP]  1.472627e-01
 iter: 230:2        |ddm|: 4.350767e-08     Tr[DP]  1.472627e-01
 iter: 231:1        |ddm|: 3.099442e-08     Tr[DP]  1.472627e-01
 iter: 231:2        |ddm|: 4.200340e-08     Tr[DP]  1.472627e-01
 iter: 232:1        |ddm|: 2.991983e-08     Tr[DP]  1.472627e-01
 iter: 232:2        |ddm|: 4.055113e-08     Tr[DP]  1.472627e-01
 iter: 233:1        |ddm|: 2.888258e-08     Tr[DP]  1.472627e-01
 iter: 233:2        |ddm|: 3.914940e-08     Tr[DP]  1.472627e-01
 iter: 234:1        |ddm|: 2.788144e-08     Tr[DP]  1.472627e-01
 iter: 234:2        |ddm|: 3.779576e-08     Tr[DP]  1.472627e-01
 iter: 235:1        |ddm|: 2.691508e-08     Tr[DP]  1.472627e-01
 iter: 235:2        |ddm|: 3.648906e-08     Tr[DP]  1.472627e-01
 iter: 236:1        |ddm|: 2.598239e-08     Tr[DP]  1.472627e-01
 iter: 236:2        |ddm|: 3.522728e-08     Tr[DP]  1.472627e-01
 iter: 237:1        |ddm|: 2.508205e-08     Tr[DP]  1.472627e-01
 iter: 237:2        |ddm|: 3.400944e-08     Tr[DP]  1.472627e-01
 iter: 238:1        |ddm|: 2.421303e-08     Tr[DP]  1.472627e-01
 iter: 238:2        |ddm|: 3.283362e-08     Tr[DP]  1.472627e-01
 iter: 239:1        |ddm|: 2.337418e-08     Tr[DP]  1.472627e-01
 iter: 239:2        |ddm|: 3.169828e-08     Tr[DP]  1.472627e-01
 iter: 240:1        |ddm|: 2.256448e-08     Tr[DP]  1.472627e-01
 iter: 240:2        |ddm|: 3.060233e-08     Tr[DP]  1.472627e-01
 iter: 241:1        |ddm|: 2.178291e-08     Tr[DP]  1.472627e-01
 iter: 241:2        |ddm|: 2.954418e-08     Tr[DP]  1.472627e-01
 iter: 242:1        |ddm|: 2.102844e-08     Tr[DP]  1.472627e-01
 iter: 242:2        |ddm|: 2.852284e-08     Tr[DP]  1.472627e-01
 iter: 243:1        |ddm|: 2.030016e-08     Tr[DP]  1.472627e-01
 iter: 243:2        |ddm|: 2.753663e-08     Tr[DP]  1.472627e-01
 iter: 244:1        |ddm|: 1.959719e-08     Tr[DP]  1.472627e-01
 iter: 244:2        |ddm|: 2.658439e-08     Tr[DP]  1.472627e-01
 iter: 245:1        |ddm|: 1.891857e-08     Tr[DP]  1.472627e-01
 iter: 245:2        |ddm|: 2.566535e-08     Tr[DP]  1.472627e-01
 iter: 246:1        |ddm|: 1.826352e-08     Tr[DP]  1.472627e-01
 iter: 246:2        |ddm|: 2.477788e-08     Tr[DP]  1.472627e-01
 iter: 247:1        |ddm|: 1.763117e-08     Tr[DP]  1.472627e-01
 iter: 247:2        |ddm|: 2.392116e-08     Tr[DP]  1.472627e-01
 iter: 248:1        |ddm|: 1.702078e-08     Tr[DP]  1.472627e-01
 iter: 248:2        |ddm|: 2.309399e-08     Tr[DP]  1.472627e-01
 iter: 249:1        |ddm|: 1.643156e-08     Tr[DP]  1.472627e-01
 iter: 249:2        |ddm|: 2.229544e-08     Tr[DP]  1.472627e-01
 iter: 250:1        |ddm|: 1.586275e-08     Tr[DP]  1.472627e-01
 iter: 250:2        |ddm|: 2.152467e-08     Tr[DP]  1.472627e-01
 iter: 251:1        |ddm|: 1.531364e-08     Tr[DP]  1.472627e-01
 iter: 251:2        |ddm|: 2.078024e-08     Tr[DP]  1.472627e-01
 iter: 252:1        |ddm|: 1.478355e-08     Tr[DP]  1.472627e-01
 iter: 252:2        |ddm|: 2.006178e-08     Tr[DP]  1.472627e-01
 iter: 253:1        |ddm|: 1.427193e-08     Tr[DP]  1.472627e-01
 iter: 253:2        |ddm|: 1.936810e-08     Tr[DP]  1.472627e-01
 iter: 254:1        |ddm|: 1.377796e-08     Tr[DP]  1.472627e-01
 iter: 254:2        |ddm|: 1.869846e-08     Tr[DP]  1.472627e-01
 iter: 255:1        |ddm|: 1.330110e-08     Tr[DP]  1.472627e-01
 iter: 255:2        |ddm|: 1.805200e-08     Tr[DP]  1.472627e-01
 iter: 256:1        |ddm|: 1.284076e-08     Tr[DP]  1.472627e-01
 iter: 256:2        |ddm|: 1.742773e-08     Tr[DP]  1.472627e-01
 iter: 257:1        |ddm|: 1.239643e-08     Tr[DP]  1.472627e-01
 iter: 257:2        |ddm|: 1.682510e-08     Tr[DP]  1.472627e-01
 iter: 258:1        |ddm|: 1.196749e-08     Tr[DP]  1.472627e-01
 iter: 258:2        |ddm|: 1.624339e-08     Tr[DP]  1.472627e-01
 iter: 259:1        |ddm|: 1.155333e-08     Tr[DP]  1.472627e-01
 iter: 259:2        |ddm|: 1.568174e-08     Tr[DP]  1.472627e-01
 iter: 260:1        |ddm|: 1.115359e-08     Tr[DP]  1.472627e-01
 iter: 260:2        |ddm|: 1.513948e-08     Tr[DP]  1.472627e-01
 iter: 261:1        |ddm|: 1.076766e-08     Tr[DP]  1.472627e-01
 iter: 261:2        |ddm|: 1.461593e-08     Tr[DP]  1.472627e-01
 iter: 262:1        |ddm|: 1.039512e-08     Tr[DP]  1.472627e-01
 iter: 262:2        |ddm|: 1.411066e-08     Tr[DP]  1.472627e-01
 iter: 263:1        |ddm|: 1.003543e-08     Tr[DP]  1.472627e-01
 iter: 263:2        |ddm|: 1.362281e-08     Tr[DP]  1.472627e-01
 iter: 264:1        |ddm|: 9.688207e-09     Tr[DP]  1.472627e-01
 iter: 264:2        |ddm|: 1.315171e-08     Tr[DP]  1.472627e-01
 iter: 265:1        |ddm|: 9.353073e-09     Tr[DP]  1.472627e-01
 iter: 265:2        |ddm|: 1.269696e-08     Tr[DP]  1.472627e-01
 iter: 266:1        |ddm|: 9.029450e-09     Tr[DP]  1.472627e-01
 iter: 266:2        |ddm|: 1.225781e-08     Tr[DP]  1.472627e-01
 iter: 267:1        |ddm|: 8.717096e-09     Tr[DP]  1.472627e-01
 iter: 267:2        |ddm|: 1.183401e-08     Tr[DP]  1.472627e-01
 iter: 268:1        |ddm|: 8.415549e-09     Tr[DP]  1.472627e-01
 iter: 268:2        |ddm|: 1.142470e-08     Tr[DP]  1.472627e-01
 iter: 269:1        |ddm|: 8.124415e-09     Tr[DP]  1.472627e-01
 iter: 269:2        |ddm|: 1.102972e-08     Tr[DP]  1.472627e-01
 iter: 270:1        |ddm|: 7.843366e-09     Tr[DP]  1.472627e-01
 iter: 270:2        |ddm|: 1.064822e-08     Tr[DP]  1.472627e-01
 iter: 271:1        |ddm|: 7.572021e-09     Tr[DP]  1.472627e-01
 iter: 271:2        |ddm|: 1.028002e-08     Tr[DP]  1.472627e-01
 iter: 272:1        |ddm|: 7.310107e-09     Tr[DP]  1.472627e-01
 iter: 272:2        |ddm|: 9.924688e-09     Tr[DP]  1.472627e-01
 iter: 273:1        |ddm|: 7.057189e-09     Tr[DP]  1.472627e-01
 iter: 273:2        |ddm|: 9.581426e-09     Tr[DP]  1.472627e-01
 iter: 274:1        |ddm|: 6.813059e-09     Tr[DP]  1.472627e-01
 iter: 274:2        |ddm|: 9.250219e-09     Tr[DP]  1.472627e-01
 iter: 275:1        |ddm|: 6.577453e-09     Tr[DP]  1.472627e-01
 iter: 275:2        |ddm|: 8.930231e-09     Tr[DP]  1.472627e-01
 iter: 276:1        |ddm|: 6.349903e-09     Tr[DP]  1.472627e-01
 iter: 276:2        |ddm|: 8.621473e-09     Tr[DP]  1.472627e-01
 iter: 277:1        |ddm|: 6.130288e-09     Tr[DP]  1.472627e-01
 iter: 277:2        |ddm|: 8.323364e-09     Tr[DP]  1.472627e-01
 iter: 278:1        |ddm|: 5.918233e-09     Tr[DP]  1.472627e-01
 iter: 278:2        |ddm|: 8.035486e-09     Tr[DP]  1.472627e-01
 iter: 279:1        |ddm|: 5.713552e-09     Tr[DP]  1.472627e-01
 iter: 279:2        |ddm|: 7.757703e-09     Tr[DP]  1.472627e-01
 iter: 280:1        |ddm|: 5.515919e-09     Tr[DP]  1.472627e-01
 iter: 280:2        |ddm|: 7.489442e-09     Tr[DP]  1.472627e-01
 iter: 281:1        |ddm|: 5.325135e-09     Tr[DP]  1.472627e-01
 iter: 281:2        |ddm|: 7.230389e-09     Tr[DP]  1.472627e-01
 iter: 282:1        |ddm|: 5.140989e-09     Tr[DP]  1.472627e-01
 iter: 282:2        |ddm|: 6.980510e-09     Tr[DP]  1.472627e-01
 iter: 283:1        |ddm|: 4.963120e-09     Tr[DP]  1.472627e-01
 iter: 283:2        |ddm|: 6.739067e-09     Tr[DP]  1.472627e-01
 iter: 284:1        |ddm|: 4.791539e-09     Tr[DP]  1.472627e-01
 iter: 284:2        |ddm|: 6.506112e-09     Tr[DP]  1.472627e-01
 iter: 285:1        |ddm|: 4.625776e-09     Tr[DP]  1.472627e-01
 iter: 285:2        |ddm|: 6.281099e-09     Tr[DP]  1.472627e-01
 iter: 286:1        |ddm|: 4.465816e-09     Tr[DP]  1.472627e-01
 iter: 286:2        |ddm|: 6.063767e-09     Tr[DP]  1.472627e-01
 iter: 287:1        |ddm|: 4.311358e-09     Tr[DP]  1.472627e-01
 iter: 287:2        |ddm|: 5.854283e-09     Tr[DP]  1.472627e-01
 iter: 288:1        |ddm|: 4.162238e-09     Tr[DP]  1.472627e-01
 iter: 288:2        |ddm|: 5.651758e-09     Tr[DP]  1.472627e-01
                           Freeze-and-Thaw converged!                           

=================== Subsystem 1 at higher mean-field method ====================
  subiter:   1      |ddm|: 5.618729e-01
  subiter:   2      |ddm|: 8.635151e-02
  subiter:   3      |ddm|: 1.701904e-02
  subiter:   4      |ddm|: 1.026707e-02
  subiter:   5      |ddm|: 2.680490e-03
  subiter:   6      |ddm|: 6.324073e-04
  subiter:   7      |ddm|: 2.365809e-04
  subiter:   8      |ddm|: 4.642380e-05
  subiter:   9      |ddm|: 1.310061e-05
  subiter:  10      |ddm|: 6.002286e-06
  subiter:  11      |ddm|: 1.407304e-06
  subiter:  12      |ddm|: 3.591888e-07
  subiter:  13      |ddm|: 3.894217e-08
  subiter:  14      |ddm|: 1.336747e-08
  subiter:  15      |ddm|: 4.146954e-09


******** <class 'pyscf.scf.hf.RHF'> flags ********
method = RHF
initial guess = minao
damping factor = 0
level shift factor = 0
DIIS = <class 'pyscf.scf.diis.CDIIS'>
DIIS start cycle = 1
DIIS space = 8
SCF tol = 1e-09
SCF gradient tol = None
max. SCF cycles = 100
direct_scf = True
direct_scf_tol = 1e-13
chkfile to save SCF result = /panfs/roc/scratch/graha682/pos_wf_hzfermi/201711_ccpVDZ_NEVPT2_m06_89_7c12h24/tmp993emu
max_memory 4000 MB (current use 1679 MB)
Set gradient conv threshold to 3.16228e-05
init E= -262.524175994545
  HOMO = -0.46218090588523  LUMO = 0.172893765843369
cycle= 1 E= -262.524175994545  delta_E=    0  |g|= 1.78e-09  |ddm|= 8.77e-09
  HOMO = -0.462180905990654  LUMO = 0.172893765807552
Extra cycle  E= -262.524175994545  delta_E= -1.14e-13  |g|= 7.17e-10  |ddm|= 3.37e-09
converged SCF energy = -262.524175994545


******** <class 'pyscf.dft.rks.RKS'> flags ********
method = RKS
initial guess = atom
damping factor = 0
level shift factor = 0.0
DIIS = <class 'pyscf.scf.diis.CDIIS'>
DIIS start cycle = 1
DIIS space = 8
SCF tol = 1e-08
SCF gradient tol = 1e-08
max. SCF cycles = 1
direct_scf = True
direct_scf_tol = 1e-13
chkfile to save SCF result = /panfs/roc/scratch/graha682/pos_wf_hzfermi/201711_ccpVDZ_NEVPT2_m06_89_7c12h24/tmp7OMGQA
max_memory 4000 MB (current use 1679 MB)
XC functionals = m06
small_rho_cutoff = 1e-20
radial grids: Treutler-Ahlrichs (JCP 102, 346 (M4)) radial grids
becke partition: Becke, JCP, 88, 2547 (1988)
pruning grids: <function nwchem_prune at 0x178f6e0>
grids dens level: 4
symmetrized grids: False
atomic radii adjust function: <function treutler_atomic_radii_adjust at 0x178f578>
init E= -264.232694043622
  HOMO = -0.333983330655641  LUMO = 0.0569207106544492
cycle= 1 E= -264.232694043622  delta_E= -6.82e-13  |g|= 8.58e-10  |ddm|= 4.02e-09
  HOMO = -0.333983330655659  LUMO = 0.0569207106544312
Extra cycle  E= -264.232694043622  delta_E= 1.14e-13  |g|= 3.96e-10  |ddm|= 1.74e-09
converged SCF energy = -264.232694043622
 iter: 289:1        |ddm|: 6.387000e-01     Tr[DP]  2.047596e-01

******** <class 'pyscf.mcscf.mc1step.CASSCF'> flags ********
CAS (1e+1e, 2o), ncore = 26, nvir = 135
max_cycle_macro = 50
max_cycle_micro = 4
conv_tol = 1e-07
conv_tol_grad = None
orbital rotation max_stepsize = 0.02
augmented hessian ah_max_cycle = 30
augmented hessian ah_conv_tol = 1e-12
augmented hessian ah_linear dependence = 1e-14
augmented hessian ah_level shift = 0
augmented hessian ah_start_tol = 2.5
augmented hessian ah_start_cycle = 3
augmented hessian ah_grad_trust_region = 3
kf_trust_region = 3
kf_interval = 4
ci_response_space = 4
ci_grad_trust_region = 3
with_dep4 0
natorb = False
canonicalization = True
sorting_mo_energy = False
chkfile = /panfs/roc/scratch/graha682/pos_wf_hzfermi/201711_ccpVDZ_NEVPT2_m06_89_7c12h24/tmp993emu
max_memory 4000 MB (current use 1707 MB)
internal_rotation = False
******** <class 'pyscf.fci.direct_spin1.FCISolver'> flags ********
max. cycles = 50
conv_tol = 1e-08
davidson only = False
linear dependence = 1e-10
level shift = 0.001
max iter space = 12
max_memory 4000 MB
nroots = 1
pspace_size = 400
spin = None
CASCI E = -262.524179705522  S^2 = 0.0000000
Set conv_tol_grad to 0.000316228
macro iter 1 (6 JK  1 micro), CASSCF E = -262.524181891751  dE = -2.1862284e-06  S^2 = 0.0000000
               |grad[o]|=2.96e-05  |grad[c]|= 0.00165188913006  |ddm|=0.000326
macro iter 2 (6 JK  1 micro), CASSCF E = -262.524195666575  dE = -1.3774824e-05  S^2 = 0.0000000
               |grad[o]|=4.21e-05  |grad[c]|= 0.00233956588834  |ddm|=6.82e-05
macro iter 3 (7 JK  2 micro), CASSCF E = -262.52422988067  dE = -3.4214095e-05  S^2 = 0.0000000
               |grad[o]|=0.000133  |grad[c]|= 0.00171186497156  |ddm|=0.000113
macro iter 4 (7 JK  2 micro), CASSCF E = -262.524326837831  dE = -9.6957161e-05  S^2 = 0.0000000
               |grad[o]|=0.00031  |grad[c]|= 0.00249533258294  |ddm|=0.00149
macro iter 5 (7 JK  2 micro), CASSCF E = -262.524536589535  dE = -0.0002097517  S^2 = 0.0000000
               |grad[o]|=0.00072  |grad[c]|= 0.00342077591422  |ddm|=0.00482
macro iter 6 (7 JK  2 micro), CASSCF E = -262.524836456296  dE = -0.00029986676  S^2 = 0.0000000
               |grad[o]|=0.00136  |grad[c]|= 0.00319351527067  |ddm|=0.00294
macro iter 7 (12 JK  3 micro), CASSCF E = -262.52561077479  dE = -0.00077431849  S^2 = 0.0000000
               |grad[o]|=0.00198  |grad[c]|= 0.00318181363832  |ddm|=0.00156
macro iter 8 (7 JK  2 micro), CASSCF E = -262.526337491261  dE = -0.00072671647  S^2 = 0.0000000
               |grad[o]|=0.00329  |grad[c]|= 0.00395854193548  |ddm|=0.00198
macro iter 9 (21 JK  4 micro), CASSCF E = -262.530270219845  dE = -0.0039327286  S^2 = 0.0000000
               |grad[o]|=0.0047  |grad[c]|= 0.0338656211903  |ddm|=0.0422
macro iter 10 (21 JK  4 micro), CASSCF E = -262.536875543093  dE = -0.0066053232  S^2 = 0.0000000
               |grad[o]|=0.0119  |grad[c]|= 0.020262309366  |ddm|=0.012
macro iter 11 (21 JK  4 micro), CASSCF E = -262.537509621882  dE = -0.00063407879  S^2 = 0.0000000
               |grad[o]|=0.0103  |grad[c]|= 0.0111811525683  |ddm|=0.00462
macro iter 12 (21 JK  4 micro), CASSCF E = -262.537428951701  dE = 8.0670181e-05  S^2 = 0.0000000
               |grad[o]|=0.00803  |grad[c]|= 0.00961228330201  |ddm|=0.00151
macro iter 13 (10 JK  3 micro), CASSCF E = -262.538469716049  dE = -0.0010407643  S^2 = 0.0000000
               |grad[o]|=0.00753  |grad[c]|= 0.0034128345551  |ddm|=0.00123
macro iter 14 (17 JK  4 micro), CASSCF E = -262.538474366472  dE = -4.6504233e-06  S^2 = 0.0000000
               |grad[o]|=0.00438  |grad[c]|= 0.00561965733652  |ddm|=0.000582
macro iter 15 (17 JK  4 micro), CASSCF E = -262.538471008941  dE = 3.3575319e-06  S^2 = 0.0000000
               |grad[o]|=0.00437  |grad[c]|= 0.00571506368031  |ddm|=0.000344
macro iter 16 (15 JK  4 micro), CASSCF E = -262.53876882942  dE = -0.00029782048  S^2 = 0.0000000
               |grad[o]|=0.00439  |grad[c]|= 0.00326731012921  |ddm|=0.000353
macro iter 17 (4 JK  1 micro), CASSCF E = -262.538939204275  dE = -0.00017037485  S^2 = 0.0000000
               |grad[o]|=0.00269  |grad[c]|= 0.00221377955046  |ddm|=0.000154
macro iter 18 (3 JK  1 micro), CASSCF E = -262.538939354318  dE = -1.5004343e-07  S^2 = 0.0000000
               |grad[o]|=0.000115  |grad[c]|= 0.000137470365426  |ddm|=4.02e-05
macro iter 19 (3 JK  1 micro), CASSCF E = -262.538939356357  dE = -2.0389166e-09  S^2 = 0.0000000
               |grad[o]|=3.04e-05  |grad[c]|= 1.55436617775e-05  |ddm|=1.03e-05
1-step CASSCF converged in 19 macro (212 JK 49 micro) steps
CASSCF canonicalization
CASSCF energy = -262.538939356357
Hartree-Fock Energy:  -262.52417599454509
CAS Correlation:       -0.01476336181184
CAS Energy:          -262.53893935635693
Sr    (-1)',   E = -0.00000000001010
Si    (+1)',   E = -0.00000000000371
Sijrs (0)  ,   E = -0.83117023712288
Sijr  (+1) ,   E = -0.00861040522588
Srsi  (-1) ,   E = -0.04655329706768
Srs   (-2) ,   E = -0.00719446817289
Sij   (+2) ,   E = -0.00048814033721
Sir   (0)' ,   E = -0.02868480000863
Nevpt2 Energy = -0.922701347948981
NEVPT2 =   -0.922701347948981
Total NEVPT2 = -263.461640704305921

============================== Supermolecular DFT ==============================
  subiter:   1      |ddm|: 3.899129e+00
  subiter:   2      |ddm|: 8.833879e-01
  subiter:   3      |ddm|: 4.930104e-01
  subiter:   4      |ddm|: 5.283475e-02
  subiter:   5      |ddm|: 2.403686e-02
  subiter:   6      |ddm|: 7.662501e-03
  subiter:   7      |ddm|: 2.423898e-03
  subiter:   8      |ddm|: 5.586507e-04
  subiter:   9      |ddm|: 1.531044e-04
  subiter:  10      |ddm|: 5.078296e-05
  subiter:  11      |ddm|: 1.643787e-05
  subiter:  12      |ddm|: 4.689033e-06
  subiter:  13      |ddm|: 2.338598e-06
  subiter:  14      |ddm|: 1.284180e-06
  subiter:  15      |ddm|: 4.121656e-07
  subiter:  16      |ddm|: 1.036264e-07
  subiter:  17      |ddm|: 3.524586e-08
  subiter:  18      |ddm|: 1.263915e-08
  subiter:  19      |ddm|: 9.644805e-09


******** <class 'pyscf.dft.rks.RKS'> flags ********
method = RKS
initial guess = atom
damping factor = 0
level shift factor = 0.0
DIIS = <class 'pyscf.scf.diis.CDIIS'>
DIIS start cycle = 1
DIIS space = 8
SCF tol = 1e-08
SCF gradient tol = 1e-08
max. SCF cycles = 100
direct_scf = True
direct_scf_tol = 1e-13
chkfile to save SCF result = /panfs/roc/scratch/graha682/pos_wf_hzfermi/201711_ccpVDZ_NEVPT2_m06_89_7c12h24/tmpFgIFdD
max_memory 4000 MB (current use 1707 MB)
XC functionals = m06
small_rho_cutoff = 1e-20
radial grids: Treutler-Ahlrichs (JCP 102, 346 (M4)) radial grids
becke partition: Becke, JCP, 88, 2547 (1988)
pruning grids: <function nwchem_prune at 0x178f6e0>
grids dens level: 4
symmetrized grids: False
atomic radii adjust function: <function treutler_atomic_radii_adjust at 0x178f578>
init E= -471.24860964152
  HOMO = -0.249572715112898  LUMO = -0.000826802813706456
cycle= 1 E= -471.248609641521  delta_E= -9.09e-13  |g|= 1.04e-08  |ddm|= 1.53e-08
  HOMO = -0.249572715128277  LUMO = -0.000826802753879464
cycle= 2 E= -471.248609641521  delta_E= 4.55e-13  |g|= 1.43e-08  |ddm|= 2.01e-08
  HOMO = -0.249572715214173  LUMO = -0.000826802892911646
cycle= 3 E= -471.248609641521  delta_E= -4.55e-13  |g|= 4.33e-09  |ddm|= 1.46e-08
  HOMO = -0.249572715055425  LUMO = -0.000826802703399851
Extra cycle  E= -471.248609641524  delta_E= -2.73e-12  |g|= 7.91e-09  |ddm|= 9.85e-09
converged SCF energy = -471.248609641524
Supermolecular DFT   -471.24860964152140

============================== Embedding Energies ==============================
Subsystem DFT              -264.23269404362247
Interaction                -206.49807628066253
DFT-in-DFT                 -470.73077032428500
Supermolecular DFT         -471.24860964152140
Difference                   -0.51783931723639
Corrected DFT-in-DFT       -471.24860964152140
WF-in-DFT                  -469.95971698496845
Corrected WF-in-DFT        -470.47755630220485
================================================================================
TIMING STATISTICS:
     overlap integrals      0.03s   ( 0.00%)
    initial subsystems      0.14s   ( 0.00%)
           2e matrices   8141.83s   (90.86%)
      tot. embed. of 1   8183.52s   (91.32%)
      tot. embed. of 2      1.19s   ( 0.01%)
       freeze and thaw   8184.75s   (91.34%)
                   cas     45.15s   ( 0.50%)
                nevpt2      1.07s   ( 0.01%)
  interaction energies    728.13s   ( 8.13%)
                 TOTAL   8960.94s
================================================================================

********************************************************************************
*                              END OF CALCULATION                              *
********************************************************************************
