********************************************************************************
*                         FREEZE-AND-THAW CALCULATION                          *
********************************************************************************

================================== Input File ==================================


subsystem
C         -0.70127        0.76529        0.05266
H         -1.31711        1.31874        0.71511
H         -0.80712        0.97237       -0.98081
Cl        -2.13077       -0.93681       -0.04134
F          0.28559        2.66926       -0.12831
C          0.53997        0.11422        0.58185
H          1.10719        0.92692        1.01255
H          0.26964       -0.58058        1.36669
charge -2
end

subsystem
Gh.C         -0.70127        0.76529        0.05266
Gh.H         -1.31711        1.31874        0.71511
Gh.H         -0.80712        0.97237       -0.98081
Gh.Cl        -2.13077       -0.93681       -0.04134
Gh.F          0.28559        2.66926       -0.12831
Gh.C          0.53997        0.11422        0.58185
Gh.H          1.10719        0.92692        1.01255
Gh.H          0.26964       -0.58058        1.36669
C          1.36767       -0.58306       -0.48968
H          0.76840       -1.35142       -0.96544
H          1.62436        0.14697       -1.24975
C          2.64288       -1.20342        0.07261
H          3.27197       -0.44982        0.53612
H          2.41540       -1.95266        0.82545
H          3.22446       -1.68633       -0.70699
charge +1
end

embed
 huzinaga
 cycles 300
 conv 1e-9
 method m06
end

basis aug-cc-pVTZ
method ccsd(t)
grid 4
conv 1e-9
grad 1e-8
maxiter 300
shift 1.0
damp 1.0
================================== End Input ===================================
tot grids = 316066

                      Getting subsystem overlap integrals                       

                          Initial subsystem densities                           
Guessing initial subsystem densities
Initial guess from superpostion of atomic densties.
Guessing initial subsystem densities
Initial guess from superpostion of atomic densties.

=========================== Starting Freeze-and-Thaw ===========================
 iter:   1:1        |ddm|: 4.055865e+01     Tr[DP]  7.396824e-01
 iter:   1:2        |ddm|: 2.541640e+00     Tr[DP]  4.767020e-15
 iter:   2:1        |ddm|: 5.663390e+02     Tr[DP]  8.826878e-02
 iter:   2:2        |ddm|: 1.028398e+01     Tr[DP]  4.635875e-14
 iter:   3:1        |ddm|: 5.648580e+02     Tr[DP]  1.034494e-01
 iter:   3:2        |ddm|: 9.892766e+00     Tr[DP]  1.099121e-14
 iter:   4:1        |ddm|: 2.225124e+01     Tr[DP]  6.128994e-02
 iter:   4:2        |ddm|: 1.172671e+00     Tr[DP]  6.383782e-16
 iter:   5:1        |ddm|: 9.215211e+00     Tr[DP]  5.132695e-02
 iter:   5:2        |ddm|: 3.780511e-01     Tr[DP]  2.539635e-15
 iter:   6:1        |ddm|: 7.546562e+00     Tr[DP]  5.211451e-02
 iter:   6:2        |ddm|: 8.493206e-01     Tr[DP] -5.037637e-15
 iter:   7:1        |ddm|: 5.996997e+00     Tr[DP]  5.251120e-02
 iter:   7:2        |ddm|: 6.557151e-01     Tr[DP]  7.022161e-15
 iter:   8:1        |ddm|: 5.697137e+00     Tr[DP]  5.231033e-02
 iter:   8:2        |ddm|: 5.865839e-01     Tr[DP]  1.137979e-15
 iter:   9:1        |ddm|: 4.658098e+00     Tr[DP]  5.312587e-02
 iter:   9:2        |ddm|: 3.573146e-01     Tr[DP]  5.800915e-15
 iter:  10:1        |ddm|: 4.501593e+00     Tr[DP]  5.166047e-02
 iter:  10:2        |ddm|: 1.745762e-01     Tr[DP]  1.332268e-15
 iter:  11:1        |ddm|: 3.770125e+00     Tr[DP]  5.054813e-02
 iter:  11:2        |ddm|: 1.625067e-01     Tr[DP] -2.942091e-15
 iter:  12:1        |ddm|: 3.212980e+00     Tr[DP]  4.967259e-02
 iter:  12:2        |ddm|: 1.568284e-01     Tr[DP] -2.386980e-15
 iter:  13:1        |ddm|: 2.788563e+00     Tr[DP]  4.865648e-02
 iter:  13:2        |ddm|: 1.530281e-01     Tr[DP]  1.609823e-15
 iter:  14:1        |ddm|: 2.586536e+00     Tr[DP]  4.754517e-02
 iter:  14:2        |ddm|: 1.644568e-01     Tr[DP] -9.992007e-16
 iter:  15:1        |ddm|: 2.327944e+00     Tr[DP]  4.652338e-02
 iter:  15:2        |ddm|: 1.429394e-01     Tr[DP]  7.993606e-15
 iter:  16:1        |ddm|: 2.066358e+00     Tr[DP]  4.548706e-02
 iter:  16:2        |ddm|: 1.265569e-01     Tr[DP] -2.053913e-15
 iter:  17:1        |ddm|: 1.870226e+00     Tr[DP]  4.413761e-02
 iter:  17:2        |ddm|: 2.273190e-01     Tr[DP] -4.218847e-15
 iter:  18:1        |ddm|: 1.713667e+00     Tr[DP]  4.215249e-02
 iter:  18:2        |ddm|: 1.268003e-01     Tr[DP] -5.828671e-15
 iter:  19:1        |ddm|: 1.915955e+00     Tr[DP]  4.006096e-02
 iter:  19:2        |ddm|: 7.136982e-01     Tr[DP]  4.052314e-15
 iter:  20:1        |ddm|: 1.522370e+00     Tr[DP]  4.073901e-02
 iter:  20:2        |ddm|: 1.631339e-01     Tr[DP] -3.053113e-15
 iter:  21:1        |ddm|: 1.421542e+00     Tr[DP]  3.903561e-02
 iter:  21:2        |ddm|: 1.118108e-01     Tr[DP]  2.109424e-15
 iter:  22:1        |ddm|: 1.300332e+00     Tr[DP]  3.720851e-02
 iter:  22:2        |ddm|: 1.115706e-01     Tr[DP] -1.998401e-15
 iter:  23:1        |ddm|: 1.198700e+00     Tr[DP]  3.523271e-02
 iter:  23:2        |ddm|: 1.200709e-01     Tr[DP] -1.110223e-15
 iter:  24:1        |ddm|: 1.092075e+00     Tr[DP]  3.351036e-02
 iter:  24:2        |ddm|: 1.074842e-01     Tr[DP] -1.110223e-15
 iter:  25:1        |ddm|: 1.015036e+00     Tr[DP]  3.128798e-02
 iter:  25:2        |ddm|: 1.148079e-01     Tr[DP]  5.551115e-16
 iter:  26:1        |ddm|: 9.273512e-01     Tr[DP]  2.957032e-02
 iter:  26:2        |ddm|: 9.628683e-02     Tr[DP]  1.665335e-15
 iter:  27:1        |ddm|: 8.603705e-01     Tr[DP]  2.761204e-02
 iter:  27:2        |ddm|: 9.004298e-02     Tr[DP] -7.771561e-16
 iter:  28:1        |ddm|: 7.979276e-01     Tr[DP]  2.604837e-02
 iter:  28:2        |ddm|: 1.118172e-01     Tr[DP] -1.443290e-15
 iter:  29:1        |ddm|: 7.385555e-01     Tr[DP]  2.395826e-02
 iter:  29:2        |ddm|: 9.308504e-02     Tr[DP] -3.108624e-15
 iter:  30:1        |ddm|: 6.923183e-01     Tr[DP]  2.188734e-02
 iter:  30:2        |ddm|: 1.342165e-01     Tr[DP] -1.665335e-15
 iter:  31:1        |ddm|: 6.523972e-01     Tr[DP]  2.046608e-02
 iter:  31:2        |ddm|: 9.156111e-02     Tr[DP] -2.775558e-15
 iter:  32:1        |ddm|: 6.187964e-01     Tr[DP]  1.922188e-02
 iter:  32:2        |ddm|: 7.452159e-02     Tr[DP] -3.552714e-15
 iter:  33:1        |ddm|: 5.867470e-01     Tr[DP]  1.790652e-02
 iter:  33:2        |ddm|: 7.434919e-02     Tr[DP] -8.881784e-16
 iter:  34:1        |ddm|: 5.561369e-01     Tr[DP]  1.661973e-02
 iter:  34:2        |ddm|: 7.388850e-02     Tr[DP]  3.663736e-15
 iter:  35:1        |ddm|: 5.360011e-01     Tr[DP]  1.562252e-02
 iter:  35:2        |ddm|: 6.502171e-02     Tr[DP]  8.881784e-16
 iter:  36:1        |ddm|: 5.052445e-01     Tr[DP]  1.439546e-02
 iter:  36:2        |ddm|: 6.499185e-02     Tr[DP] -5.551115e-16
 iter:  37:1        |ddm|: 4.808255e-01     Tr[DP]  1.333620e-02
 iter:  37:2        |ddm|: 5.656814e-02     Tr[DP]  4.551914e-15
 iter:  38:1        |ddm|: 4.604160e-01     Tr[DP]  1.233872e-02
 iter:  38:2        |ddm|: 5.400137e-02     Tr[DP]  8.881784e-16
 iter:  39:1        |ddm|: 4.798992e-01     Tr[DP]  1.197079e-02
 iter:  39:2        |ddm|: 1.114233e-01     Tr[DP] -3.219647e-15
 iter:  40:1        |ddm|: 3.924271e-01     Tr[DP]  1.015141e-02
 iter:  40:2        |ddm|: 1.173900e-01     Tr[DP]  1.554312e-15
 iter:  41:1        |ddm|: 3.733542e-01     Tr[DP]  8.758018e-03
 iter:  41:2        |ddm|: 1.423093e-01     Tr[DP]  2.220446e-15
 iter:  42:1        |ddm|: 3.983548e-01     Tr[DP]  8.962573e-03
 iter:  42:2        |ddm|: 7.074533e-02     Tr[DP] -1.332268e-15
 iter:  43:1        |ddm|: 3.878070e-01     Tr[DP]  8.549220e-03
 iter:  43:2        |ddm|: 4.750870e-02     Tr[DP]  2.220446e-16
 iter:  44:1        |ddm|: 3.606717e-01     Tr[DP]  7.871302e-03
 iter:  44:2        |ddm|: 3.890141e-02     Tr[DP]  8.881784e-16
 iter:  45:1        |ddm|: 3.374272e-01     Tr[DP]  7.229447e-03
 iter:  45:2        |ddm|: 3.622909e-02     Tr[DP] -2.220446e-16
 iter:  46:1        |ddm|: 3.204961e-01     Tr[DP]  6.677863e-03
 iter:  46:2        |ddm|: 3.420742e-02     Tr[DP] -4.440892e-16
 iter:  47:1        |ddm|: 2.943742e-01     Tr[DP]  6.046001e-03
 iter:  47:2        |ddm|: 3.463857e-02     Tr[DP]  2.775558e-15
 iter:  48:1        |ddm|: 2.822921e-01     Tr[DP]  5.627758e-03
 iter:  48:2        |ddm|: 2.936554e-02     Tr[DP]  7.771561e-16
 iter:  49:1        |ddm|: 2.658568e-01     Tr[DP]  5.171770e-03
 iter:  49:2        |ddm|: 2.786776e-02     Tr[DP]  1.110223e-15
 iter:  50:1        |ddm|: 2.486637e-01     Tr[DP]  4.730323e-03
 iter:  50:2        |ddm|: 2.692195e-02     Tr[DP] -2.220446e-16
 iter:  51:1        |ddm|: 2.435169e-01     Tr[DP]  4.441953e-03
 iter:  51:2        |ddm|: 2.597532e-02     Tr[DP] -2.109424e-15
 iter:  52:1        |ddm|: 1.991773e-01     Tr[DP]  3.677802e-03
 iter:  52:2        |ddm|: 6.942422e-02     Tr[DP]  8.881784e-16
 iter:  53:1        |ddm|: 2.146201e-01     Tr[DP]  3.662844e-03
 iter:  53:2        |ddm|: 2.361035e-02     Tr[DP] -1.998401e-15
 iter:  54:1        |ddm|: 2.097934e-01     Tr[DP]  3.518208e-03
 iter:  54:2        |ddm|: 2.102407e-02     Tr[DP]  3.108624e-15
 iter:  55:1        |ddm|: 1.968086e-01     Tr[DP]  3.281095e-03
 iter:  55:2        |ddm|: 1.935660e-02     Tr[DP]  2.220446e-15
 iter:  56:1        |ddm|: 1.841183e-01     Tr[DP]  3.042721e-03
 iter:  56:2        |ddm|: 1.799407e-02     Tr[DP] -3.219647e-15
 iter:  57:1        |ddm|: 1.698605e-01     Tr[DP]  2.793859e-03
 iter:  57:2        |ddm|: 1.734306e-02     Tr[DP]  1.110223e-15
 iter:  58:1        |ddm|: 1.585753e-01     Tr[DP]  2.570430e-03
 iter:  58:2        |ddm|: 1.617930e-02     Tr[DP] -1.998401e-15
 iter:  59:1        |ddm|: 1.443501e-01     Tr[DP]  2.328072e-03
 iter:  59:2        |ddm|: 1.871290e-02     Tr[DP]  2.664535e-15
 iter:  60:1        |ddm|: 1.434278e-01     Tr[DP]  2.217166e-03
 iter:  60:2        |ddm|: 1.383287e-02     Tr[DP] -6.106227e-15
 iter:  61:1        |ddm|: 1.375648e-01     Tr[DP]  2.093947e-03
 iter:  61:2        |ddm|: 1.322273e-02     Tr[DP] -3.330669e-16
 iter:  62:1        |ddm|: 1.284216e-01     Tr[DP]  1.947995e-03
 iter:  62:2        |ddm|: 1.212757e-02     Tr[DP]  5.551115e-16
 iter:  63:1        |ddm|: 1.168953e-01     Tr[DP]  1.780434e-03
 iter:  63:2        |ddm|: 1.133057e-02     Tr[DP]  8.881784e-16
 iter:  64:1        |ddm|: 1.092178e-01     Tr[DP]  1.642561e-03
 iter:  64:2        |ddm|: 1.033654e-02     Tr[DP] -5.773160e-15
 iter:  65:1        |ddm|: 1.020378e-01     Tr[DP]  1.517554e-03
 iter:  65:2        |ddm|: 9.606507e-03     Tr[DP] -1.110223e-16
 iter:  66:1        |ddm|: 1.040488e-01     Tr[DP]  1.476257e-03
 iter:  66:2        |ddm|: 1.429386e-02     Tr[DP] -1.998401e-15
 iter:  67:1        |ddm|: 8.491611e-02     Tr[DP]  1.288688e-03
 iter:  67:2        |ddm|: 1.047024e-02     Tr[DP] -3.108624e-15
 iter:  68:1        |ddm|: 7.751486e-02     Tr[DP]  1.158537e-03
 iter:  68:2        |ddm|: 8.740616e-03     Tr[DP] -4.996004e-15
 iter:  69:1        |ddm|: 7.498909e-02     Tr[DP]  1.083824e-03
 iter:  69:2        |ddm|: 7.038068e-03     Tr[DP]  4.551914e-15
 iter:  70:1        |ddm|: 7.237158e-02     Tr[DP]  1.023506e-03
 iter:  70:2        |ddm|: 6.795130e-03     Tr[DP]  1.110223e-16
 iter:  71:1        |ddm|: 6.587879e-02     Tr[DP]  9.386070e-04
 iter:  71:2        |ddm|: 6.280905e-03     Tr[DP]  3.219647e-15
 iter:  72:1        |ddm|: 5.763981e-02     Tr[DP]  8.331622e-04
 iter:  72:2        |ddm|: 8.427916e-03     Tr[DP]  1.776357e-15
 iter:  73:1        |ddm|: 5.733947e-02     Tr[DP]  7.930576e-04
 iter:  73:2        |ddm|: 5.326104e-03     Tr[DP]  1.554312e-15
 iter:  74:1        |ddm|: 5.456739e-02     Tr[DP]  7.473635e-04
 iter:  74:2        |ddm|: 5.040151e-03     Tr[DP]  4.884981e-15
 iter:  75:1        |ddm|: 5.130653e-02     Tr[DP]  6.996212e-04
 iter:  75:2        |ddm|: 4.703428e-03     Tr[DP]  2.331468e-15
 iter:  76:1        |ddm|: 5.113092e-02     Tr[DP]  6.768923e-04
 iter:  76:2        |ddm|: 5.996910e-03     Tr[DP] -7.771561e-16
 iter:  77:1        |ddm|: 3.890211e-02     Tr[DP]  5.612257e-04
 iter:  77:2        |ddm|: 9.765028e-03     Tr[DP]  1.998401e-15
 iter:  78:1        |ddm|: 4.481628e-02     Tr[DP]  5.772581e-04
 iter:  78:2        |ddm|: 7.152167e-03     Tr[DP] -5.884182e-15
 iter:  79:1        |ddm|: 3.749907e-02     Tr[DP]  5.146751e-04
 iter:  79:2        |ddm|: 4.279678e-03     Tr[DP]  8.881784e-16
 iter:  80:1        |ddm|: 3.470104e-02     Tr[DP]  4.727667e-04
 iter:  80:2        |ddm|: 3.382388e-03     Tr[DP]  2.220446e-15
 iter:  81:1        |ddm|: 3.305896e-02     Tr[DP]  4.428601e-04
 iter:  81:2        |ddm|: 3.011807e-03     Tr[DP] -4.440892e-16
 iter:  82:1        |ddm|: 2.994071e-02     Tr[DP]  4.035828e-04
 iter:  82:2        |ddm|: 3.205920e-03     Tr[DP]  4.440892e-15
 iter:  83:1        |ddm|: 2.802636e-02     Tr[DP]  3.732011e-04
 iter:  83:2        |ddm|: 2.861434e-03     Tr[DP]  2.331468e-15
 iter:  84:1        |ddm|: 2.710731e-02     Tr[DP]  3.542710e-04
 iter:  84:2        |ddm|: 2.459450e-03     Tr[DP]  3.108624e-15
 iter:  85:1        |ddm|: 2.539783e-02     Tr[DP]  3.324044e-04
 iter:  85:2        |ddm|: 2.301493e-03     Tr[DP]  8.881784e-16
 iter:  86:1        |ddm|: 2.300170e-02     Tr[DP]  3.045166e-04
 iter:  86:2        |ddm|: 2.347519e-03     Tr[DP] -3.552714e-15
 iter:  87:1        |ddm|: 2.219916e-02     Tr[DP]  2.880063e-04
 iter:  87:2        |ddm|: 2.011451e-03     Tr[DP] -6.661338e-16
 iter:  88:1        |ddm|: 2.052760e-02     Tr[DP]  2.676943e-04
 iter:  88:2        |ddm|: 1.859394e-03     Tr[DP] -1.443290e-15
 iter:  89:1        |ddm|: 1.917812e-02     Tr[DP]  2.495601e-04
 iter:  89:2        |ddm|: 1.722729e-03     Tr[DP] -4.440892e-16
 iter:  90:1        |ddm|: 1.859410e-02     Tr[DP]  2.383065e-04
 iter:  90:2        |ddm|: 1.958766e-03     Tr[DP]  2.220446e-16
 iter:  91:1        |ddm|: 1.560617e-02     Tr[DP]  2.101375e-04
 iter:  91:2        |ddm|: 1.812446e-03     Tr[DP]  3.552714e-15
 iter:  92:1        |ddm|: 1.483380e-02     Tr[DP]  1.952338e-04
 iter:  92:2        |ddm|: 1.340980e-03     Tr[DP] -2.997602e-15
 iter:  93:1        |ddm|: 1.335233e-02     Tr[DP]  1.769348e-04
 iter:  93:2        |ddm|: 1.469940e-03     Tr[DP]  4.551914e-15
 iter:  94:1        |ddm|: 1.279873e-02     Tr[DP]  1.659781e-04
 iter:  94:2        |ddm|: 1.175048e-03     Tr[DP]  8.881784e-16
 iter:  95:1        |ddm|: 1.212440e-02     Tr[DP]  1.559858e-04
 iter:  95:2        |ddm|: 1.093443e-03     Tr[DP] -6.661338e-16
 iter:  96:1        |ddm|: 1.142887e-02     Tr[DP]  1.464887e-04
 iter:  96:2        |ddm|: 1.024804e-03     Tr[DP] -2.331468e-15
 iter:  97:1        |ddm|: 1.061600e-02     Tr[DP]  1.365089e-04
 iter:  97:2        |ddm|: 9.494909e-04     Tr[DP]  2.775558e-15
 iter:  98:1        |ddm|: 9.878597e-03     Tr[DP]  1.272424e-04
 iter:  98:2        |ddm|: 8.905680e-04     Tr[DP] -2.220446e-16
 iter:  99:1        |ddm|: 9.099239e-03     Tr[DP]  1.180685e-04
 iter:  99:2        |ddm|: 8.185534e-04     Tr[DP]  7.771561e-16
 iter: 100:1        |ddm|: 8.354544e-03     Tr[DP]  1.089923e-04
 iter: 100:2        |ddm|: 7.497341e-04     Tr[DP]  2.664535e-15
 iter: 101:1        |ddm|: 7.479362e-03     Tr[DP]  9.895832e-05
 iter: 101:2        |ddm|: 6.897094e-04     Tr[DP]  2.664535e-15
 iter: 102:1        |ddm|: 6.755702e-03     Tr[DP]  8.956927e-05
 iter: 102:2        |ddm|: 6.811814e-04     Tr[DP]  2.331468e-15
 iter: 103:1        |ddm|: 5.725348e-03     Tr[DP]  7.602884e-05
 iter: 103:2        |ddm|: 1.343732e-03     Tr[DP]  6.661338e-16
 iter: 104:1        |ddm|: 5.698040e-03     Tr[DP]  7.139989e-05
 iter: 104:2        |ddm|: 8.024436e-04     Tr[DP]  1.443290e-15
 iter: 105:1        |ddm|: 5.918232e-03     Tr[DP]  7.161490e-05
 iter: 105:2        |ddm|: 5.376946e-04     Tr[DP] -1.665335e-15
 iter: 106:1        |ddm|: 6.048008e-03     Tr[DP]  7.207197e-05
 iter: 106:2        |ddm|: 6.927644e-04     Tr[DP] -4.329870e-15
 iter: 107:1        |ddm|: 5.804639e-03     Tr[DP]  6.977224e-05
 iter: 107:2        |ddm|: 7.155468e-04     Tr[DP]  1.887379e-15
 iter: 108:1        |ddm|: 4.778419e-03     Tr[DP]  6.195519e-05
 iter: 108:2        |ddm|: 4.434321e-04     Tr[DP] -1.110223e-16
 iter: 109:1        |ddm|: 3.876428e-03     Tr[DP]  5.289425e-05
 iter: 109:2        |ddm|: 7.326426e-04     Tr[DP]  5.551115e-15
 iter: 110:1        |ddm|: 4.076785e-03     Tr[DP]  5.152924e-05
 iter: 110:2        |ddm|: 4.040553e-04     Tr[DP] -4.440892e-15
 iter: 111:1        |ddm|: 3.790796e-03     Tr[DP]  4.804467e-05
 iter: 111:2        |ddm|: 3.395649e-04     Tr[DP] -2.664535e-15
 iter: 112:1        |ddm|: 3.461296e-03     Tr[DP]  4.425763e-05
 iter: 112:2        |ddm|: 3.215170e-04     Tr[DP] -1.443290e-15
 iter: 113:1        |ddm|: 3.110912e-03     Tr[DP]  4.010598e-05
 iter: 113:2        |ddm|: 3.505369e-04     Tr[DP]  6.661338e-16
 iter: 114:1        |ddm|: 3.091618e-03     Tr[DP]  3.860241e-05
 iter: 114:2        |ddm|: 2.883639e-04     Tr[DP]  2.664535e-15
 iter: 115:1        |ddm|: 2.874743e-03     Tr[DP]  3.618423e-05
 iter: 115:2        |ddm|: 2.563407e-04     Tr[DP] -9.992007e-16
 iter: 116:1        |ddm|: 2.620512e-03     Tr[DP]  3.337468e-05
 iter: 116:2        |ddm|: 2.347076e-04     Tr[DP]  5.884182e-15
 iter: 117:1        |ddm|: 2.383286e-03     Tr[DP]  3.058514e-05
 iter: 117:2        |ddm|: 2.213673e-04     Tr[DP]  3.441691e-15
 iter: 118:1        |ddm|: 2.176789e-03     Tr[DP]  2.799248e-05
 iter: 118:2        |ddm|: 2.145681e-04     Tr[DP] -2.331468e-15
 iter: 119:1        |ddm|: 2.129012e-03     Tr[DP]  2.673849e-05
 iter: 119:2        |ddm|: 1.999484e-04     Tr[DP]  4.884981e-15
 iter: 120:1        |ddm|: 2.058894e-03     Tr[DP]  2.562832e-05
 iter: 120:2        |ddm|: 2.260118e-04     Tr[DP] -4.440892e-16
 iter: 121:1        |ddm|: 1.722570e-03     Tr[DP]  2.262942e-05
 iter: 121:2        |ddm|: 1.817552e-04     Tr[DP] -2.664535e-15
 iter: 122:1        |ddm|: 1.591250e-03     Tr[DP]  2.071701e-05
 iter: 122:2        |ddm|: 1.465791e-04     Tr[DP]  3.330669e-15
 iter: 123:1        |ddm|: 1.451985e-03     Tr[DP]  1.889564e-05
 iter: 123:2        |ddm|: 1.473566e-04     Tr[DP] -2.997602e-15
 iter: 124:1        |ddm|: 1.405775e-03     Tr[DP]  1.788089e-05
 iter: 124:2        |ddm|: 1.265265e-04     Tr[DP] -2.331468e-15
 iter: 125:1        |ddm|: 1.294307e-03     Tr[DP]  1.655984e-05
 iter: 125:2        |ddm|: 1.175927e-04     Tr[DP]  2.220446e-16
 iter: 126:1        |ddm|: 1.148430e-03     Tr[DP]  1.488838e-05
 iter: 126:2        |ddm|: 1.379285e-04     Tr[DP] -4.329870e-15
 iter: 127:1        |ddm|: 1.009959e-03     Tr[DP]  1.300353e-05
 iter: 127:2        |ddm|: 2.080563e-04     Tr[DP] -4.662937e-15
 iter: 128:1        |ddm|: 1.102344e-03     Tr[DP]  1.327979e-05
 iter: 128:2        |ddm|: 1.158969e-04     Tr[DP] -3.552714e-15
 iter: 129:1        |ddm|: 1.127351e-03     Tr[DP]  1.335609e-05
 iter: 129:2        |ddm|: 1.511734e-04     Tr[DP]  1.443290e-15
 iter: 130:1        |ddm|: 9.358623e-04     Tr[DP]  1.190303e-05
 iter: 130:2        |ddm|: 8.963403e-05     Tr[DP]  1.221245e-15
 iter: 131:1        |ddm|: 8.607161e-04     Tr[DP]  1.095976e-05
 iter: 131:2        |ddm|: 7.664967e-05     Tr[DP] -8.881784e-16
 iter: 132:1        |ddm|: 7.883938e-04     Tr[DP]  1.009391e-05
 iter: 132:2        |ddm|: 7.013563e-05     Tr[DP] -2.442491e-15
 iter: 133:1        |ddm|: 6.767798e-04     Tr[DP]  8.883079e-06
 iter: 133:2        |ddm|: 9.251180e-05     Tr[DP]  1.776357e-15
 iter: 134:1        |ddm|: 6.585973e-04     Tr[DP]  8.358957e-06
 iter: 134:2        |ddm|: 6.066418e-05     Tr[DP]  1.776357e-15
 iter: 135:1        |ddm|: 6.195681e-04     Tr[DP]  7.812256e-06
 iter: 135:2        |ddm|: 5.852645e-05     Tr[DP] -1.554312e-15
 iter: 136:1        |ddm|: 5.925555e-04     Tr[DP]  7.402704e-06
 iter: 136:2        |ddm|: 5.293708e-05     Tr[DP] -1.665335e-15
 iter: 137:1        |ddm|: 5.563659e-04     Tr[DP]  6.961376e-06
 iter: 137:2        |ddm|: 4.960714e-05     Tr[DP] -5.551115e-16
 iter: 138:1        |ddm|: 5.450581e-04     Tr[DP]  6.709117e-06
 iter: 138:2        |ddm|: 6.145493e-05     Tr[DP] -2.553513e-15
 iter: 139:1        |ddm|: 4.662214e-04     Tr[DP]  6.020836e-06
 iter: 139:2        |ddm|: 4.284868e-05     Tr[DP]  3.663736e-15
 iter: 140:1        |ddm|: 3.953187e-04     Tr[DP]  5.247731e-06
 iter: 140:2        |ddm|: 5.759649e-05     Tr[DP]  2.220446e-16
 iter: 141:1        |ddm|: 3.911096e-04     Tr[DP]  4.976145e-06
 iter: 141:2        |ddm|: 3.528313e-05     Tr[DP]  5.551115e-16
 iter: 142:1        |ddm|: 3.672832e-04     Tr[DP]  4.653525e-06
 iter: 142:2        |ddm|: 3.382679e-05     Tr[DP] -2.664535e-15
 iter: 143:1        |ddm|: 3.419175e-04     Tr[DP]  4.328861e-06
 iter: 143:2        |ddm|: 3.185273e-05     Tr[DP]  4.773959e-15
 iter: 144:1        |ddm|: 3.176892e-04     Tr[DP]  4.018856e-06
 iter: 144:2        |ddm|: 3.003327e-05     Tr[DP] -3.663736e-15
 iter: 145:1        |ddm|: 3.050470e-04     Tr[DP]  3.809811e-06
 iter: 145:2        |ddm|: 2.738649e-05     Tr[DP]  1.443290e-15
 iter: 146:1        |ddm|: 2.789000e-04     Tr[DP]  3.524298e-06
 iter: 146:2        |ddm|: 2.544121e-05     Tr[DP]  1.110223e-16
 iter: 147:1        |ddm|: 2.530040e-04     Tr[DP]  3.225886e-06
 iter: 147:2        |ddm|: 2.521734e-05     Tr[DP]  5.551115e-15
 iter: 148:1        |ddm|: 2.437578e-04     Tr[DP]  3.053978e-06
 iter: 148:2        |ddm|: 2.189430e-05     Tr[DP]  2.220446e-16
 iter: 149:1        |ddm|: 2.271405e-04     Tr[DP]  2.855516e-06
 iter: 149:2        |ddm|: 2.021668e-05     Tr[DP]  3.330669e-16
 iter: 150:1        |ddm|: 2.130159e-04     Tr[DP]  2.677534e-06
 iter: 150:2        |ddm|: 1.940746e-05     Tr[DP]  7.771561e-16
 iter: 151:1        |ddm|: 1.921606e-04     Tr[DP]  2.456098e-06
 iter: 151:2        |ddm|: 1.713649e-05     Tr[DP] -2.442491e-15
 iter: 152:1        |ddm|: 1.766494e-04     Tr[DP]  2.264979e-06
 iter: 152:2        |ddm|: 1.573153e-05     Tr[DP] -3.219647e-15
 iter: 153:1        |ddm|: 1.617708e-04     Tr[DP]  2.083246e-06
 iter: 153:2        |ddm|: 1.452100e-05     Tr[DP] -5.773160e-15
 iter: 154:1        |ddm|: 1.489924e-04     Tr[DP]  1.919642e-06
 iter: 154:2        |ddm|: 1.343094e-05     Tr[DP] -4.773959e-15
 iter: 155:1        |ddm|: 1.378111e-04     Tr[DP]  1.773434e-06
 iter: 155:2        |ddm|: 1.242779e-05     Tr[DP]  1.776357e-15
 iter: 156:1        |ddm|: 1.332916e-04     Tr[DP]  1.690202e-06
 iter: 156:2        |ddm|: 1.308975e-05     Tr[DP] -1.110223e-16
 iter: 157:1        |ddm|: 1.487438e-04     Tr[DP]  1.748528e-06
 iter: 157:2        |ddm|: 3.426451e-05     Tr[DP]  2.664535e-15
 iter: 158:1        |ddm|: 8.269889e-05     Tr[DP]  1.125269e-06
 iter: 158:2        |ddm|: 5.839457e-05     Tr[DP]  7.771561e-16
 iter: 159:1        |ddm|: 9.707412e-05     Tr[DP]  1.192175e-06
 iter: 159:2        |ddm|: 1.090441e-05     Tr[DP]  3.441691e-15
 iter: 160:1        |ddm|: 9.397998e-05     Tr[DP]  1.155542e-06
 iter: 160:2        |ddm|: 9.173875e-06     Tr[DP] -3.219647e-15
 iter: 161:1        |ddm|: 9.092286e-05     Tr[DP]  1.110898e-06
 iter: 161:2        |ddm|: 8.190307e-06     Tr[DP]  2.220446e-15
 iter: 162:1        |ddm|: 8.479936e-05     Tr[DP]  1.044669e-06
 iter: 162:2        |ddm|: 7.829048e-06     Tr[DP]  7.438494e-15
 iter: 163:1        |ddm|: 8.017332e-05     Tr[DP]  9.869812e-07
 iter: 163:2        |ddm|: 7.153098e-06     Tr[DP] -3.996803e-15
 iter: 164:1        |ddm|: 7.321194e-05     Tr[DP]  9.136202e-07
 iter: 164:2        |ddm|: 6.873094e-06     Tr[DP] -1.332268e-15
 iter: 165:1        |ddm|: 6.501730e-05     Tr[DP]  8.265499e-07
 iter: 165:2        |ddm|: 8.209064e-06     Tr[DP]  1.665335e-15
 iter: 166:1        |ddm|: 6.497754e-05     Tr[DP]  7.991935e-07
 iter: 166:2        |ddm|: 5.930578e-06     Tr[DP] -4.551914e-15
 iter: 167:1        |ddm|: 6.144944e-05     Tr[DP]  7.575533e-07
 iter: 167:2        |ddm|: 5.502619e-06     Tr[DP] -3.108624e-15
 iter: 168:1        |ddm|: 5.582021e-05     Tr[DP]  6.994776e-07
 iter: 168:2        |ddm|: 5.035488e-06     Tr[DP]  8.881784e-16
 iter: 169:1        |ddm|: 5.197915e-05     Tr[DP]  6.517436e-07
 iter: 169:2        |ddm|: 4.625083e-06     Tr[DP] -2.109424e-15
 iter: 170:1        |ddm|: 4.823252e-05     Tr[DP]  6.068272e-07
 iter: 170:2        |ddm|: 4.291652e-06     Tr[DP] -1.110223e-16
 iter: 171:1        |ddm|: 4.459053e-05     Tr[DP]  5.635328e-07
 iter: 171:2        |ddm|: 3.974121e-06     Tr[DP] -5.218048e-15
 iter: 172:1        |ddm|: 4.087202e-05     Tr[DP]  5.203357e-07
 iter: 172:2        |ddm|: 3.632082e-06     Tr[DP] -2.109424e-15
 iter: 173:1        |ddm|: 3.749581e-05     Tr[DP]  4.797579e-07
 iter: 173:2        |ddm|: 3.336604e-06     Tr[DP] -2.442491e-15
 iter: 174:1        |ddm|: 3.420462e-05     Tr[DP]  4.402100e-07
 iter: 174:2        |ddm|: 3.072127e-06     Tr[DP]  0.000000e+00
 iter: 175:1        |ddm|: 3.189062e-05     Tr[DP]  4.086661e-07
 iter: 175:2        |ddm|: 2.843583e-06     Tr[DP] -1.443290e-15
 iter: 176:1        |ddm|: 2.973882e-05     Tr[DP]  3.801947e-07
 iter: 176:2        |ddm|: 2.680598e-06     Tr[DP] -1.887379e-15
 iter: 177:1        |ddm|: 2.700912e-05     Tr[DP]  3.476408e-07
 iter: 177:2        |ddm|: 2.411721e-06     Tr[DP] -1.110223e-15
 iter: 178:1        |ddm|: 2.486218e-05     Tr[DP]  3.211991e-07
 iter: 178:2        |ddm|: 2.221109e-06     Tr[DP] -2.664535e-15
 iter: 179:1        |ddm|: 2.268426e-05     Tr[DP]  2.916161e-07
 iter: 179:2        |ddm|: 2.072962e-06     Tr[DP]  4.440892e-15
 iter: 180:1        |ddm|: 2.030052e-05     Tr[DP]  2.670603e-07
 iter: 180:2        |ddm|: 2.187328e-06     Tr[DP] -1.110223e-16
 iter: 181:1        |ddm|: 1.754652e-05     Tr[DP]  2.307864e-07
 iter: 181:2        |ddm|: 3.692536e-06     Tr[DP] -4.440892e-15
 iter: 182:1        |ddm|: 1.690743e-05     Tr[DP]  2.097540e-07
 iter: 182:2        |ddm|: 2.974581e-06     Tr[DP] -4.440892e-15
 iter: 183:1        |ddm|: 1.814615e-05     Tr[DP]  2.150455e-07
 iter: 183:2        |ddm|: 1.691089e-06     Tr[DP] -4.440892e-15
 iter: 184:1        |ddm|: 1.740528e-05     Tr[DP]  2.086942e-07
 iter: 184:2        |ddm|: 1.553357e-06     Tr[DP]  3.219647e-15
 iter: 185:1        |ddm|: 1.623301e-05     Tr[DP]  1.972625e-07
 iter: 185:2        |ddm|: 1.449179e-06     Tr[DP] -3.441691e-15
 iter: 186:1        |ddm|: 1.505121e-05     Tr[DP]  1.847721e-07
 iter: 186:2        |ddm|: 1.344528e-06     Tr[DP] -1.110223e-16
 iter: 187:1        |ddm|: 1.398976e-05     Tr[DP]  1.729045e-07
 iter: 187:2        |ddm|: 1.242583e-06     Tr[DP]  6.328271e-15
 iter: 188:1        |ddm|: 1.299648e-05     Tr[DP]  1.612770e-07
 iter: 188:2        |ddm|: 1.155200e-06     Tr[DP] -1.443290e-15
 iter: 189:1        |ddm|: 1.212033e-05     Tr[DP]  1.510507e-07
 iter: 189:2        |ddm|: 1.098256e-06     Tr[DP]  2.886580e-15
 iter: 190:1        |ddm|: 1.086138e-05     Tr[DP]  1.381422e-07
 iter: 190:2        |ddm|: 9.774193e-07     Tr[DP]  4.440892e-16
 iter: 191:1        |ddm|: 9.976906e-06     Tr[DP]  1.272453e-07
 iter: 191:2        |ddm|: 8.968271e-07     Tr[DP] -1.221245e-15
 iter: 192:1        |ddm|: 9.240674e-06     Tr[DP]  1.176691e-07
 iter: 192:2        |ddm|: 8.250407e-07     Tr[DP]  3.885781e-15
 iter: 193:1        |ddm|: 8.581813e-06     Tr[DP]  1.086196e-07
 iter: 193:2        |ddm|: 7.672480e-07     Tr[DP] -2.775558e-15
 iter: 194:1        |ddm|: 7.827421e-06     Tr[DP]  1.006260e-07
 iter: 194:2        |ddm|: 7.198880e-07     Tr[DP] -1.332268e-15
 iter: 195:1        |ddm|: 1.030222e-05     Tr[DP]  1.137506e-07
 iter: 195:2        |ddm|: 3.240216e-06     Tr[DP] -2.664535e-15
 iter: 196:1        |ddm|: 4.993979e-06     Tr[DP]  6.878302e-08
 iter: 196:2        |ddm|: 4.007396e-06     Tr[DP] -1.110223e-15
 iter: 197:1        |ddm|: 5.476511e-06     Tr[DP]  6.820088e-08
 iter: 197:2        |ddm|: 5.749622e-07     Tr[DP] -3.219647e-15
 iter: 198:1        |ddm|: 5.651149e-06     Tr[DP]  6.818329e-08
 iter: 198:2        |ddm|: 5.667191e-07     Tr[DP] -6.106227e-15
 iter: 199:1        |ddm|: 5.555248e-06     Tr[DP]  6.660396e-08
 iter: 199:2        |ddm|: 5.199651e-07     Tr[DP] -2.331468e-15
 iter: 200:1        |ddm|: 5.341028e-06     Tr[DP]  6.414469e-08
 iter: 200:2        |ddm|: 4.805267e-07     Tr[DP]  5.329071e-15
 iter: 201:1        |ddm|: 4.986971e-06     Tr[DP]  6.057858e-08
 iter: 201:2        |ddm|: 4.550421e-07     Tr[DP]  1.887379e-15
 iter: 202:1        |ddm|: 4.580940e-06     Tr[DP]  5.645615e-08
 iter: 202:2        |ddm|: 4.396084e-07     Tr[DP] -2.997602e-15
 iter: 203:1        |ddm|: 4.285759e-06     Tr[DP]  5.283601e-08
 iter: 203:2        |ddm|: 3.980629e-07     Tr[DP] -2.442491e-15
 iter: 204:1        |ddm|: 4.006966e-06     Tr[DP]  4.924800e-08
 iter: 204:2        |ddm|: 3.746712e-07     Tr[DP] -7.105427e-15
 iter: 205:1        |ddm|: 3.840223e-06     Tr[DP]  4.692861e-08
 iter: 205:2        |ddm|: 3.458269e-07     Tr[DP] -1.110223e-15
 iter: 206:1        |ddm|: 3.535322e-06     Tr[DP]  4.369176e-08
 iter: 206:2        |ddm|: 3.148004e-07     Tr[DP]  2.109424e-15
 iter: 207:1        |ddm|: 3.270191e-06     Tr[DP]  4.064388e-08
 iter: 207:2        |ddm|: 2.897716e-07     Tr[DP] -4.329870e-15
 iter: 208:1        |ddm|: 3.026734e-06     Tr[DP]  3.740901e-08
 iter: 208:2        |ddm|: 2.681457e-07     Tr[DP] -2.331468e-15
 iter: 209:1        |ddm|: 2.792169e-06     Tr[DP]  3.484915e-08
 iter: 209:2        |ddm|: 2.481694e-07     Tr[DP]  5.551115e-16
 iter: 210:1        |ddm|: 2.565971e-06     Tr[DP]  3.259685e-08
 iter: 210:2        |ddm|: 2.285058e-07     Tr[DP] -2.220446e-15
 iter: 211:1        |ddm|: 2.359800e-06     Tr[DP]  3.010761e-08
 iter: 211:2        |ddm|: 2.088178e-07     Tr[DP] -2.220446e-16
 iter: 212:1        |ddm|: 2.153676e-06     Tr[DP]  2.770351e-08
 iter: 212:2        |ddm|: 1.910285e-07     Tr[DP]  1.110223e-15
 iter: 213:1        |ddm|: 1.972629e-06     Tr[DP]  2.536269e-08
 iter: 213:2        |ddm|: 1.803400e-07     Tr[DP]  1.110223e-15
 iter: 214:1        |ddm|: 1.775821e-06     Tr[DP]  2.196714e-08
 iter: 214:2        |ddm|: 1.951258e-07     Tr[DP] -1.443290e-15
 iter: 215:1        |ddm|: 1.693513e-06     Tr[DP]  2.156826e-08
 iter: 215:2        |ddm|: 1.637595e-07     Tr[DP]  2.109424e-15
 iter: 216:1        |ddm|: 1.506404e-06     Tr[DP]  1.757781e-08
 iter: 216:2        |ddm|: 1.859720e-07     Tr[DP]  0.000000e+00
 iter: 217:1        |ddm|: 1.452072e-06     Tr[DP]  1.865830e-08
 iter: 217:2        |ddm|: 1.448106e-07     Tr[DP] -1.221245e-15
 iter: 218:1        |ddm|: 1.406134e-06     Tr[DP]  1.798438e-08
 iter: 218:2        |ddm|: 1.266808e-07     Tr[DP] -6.661338e-16
 iter: 219:1        |ddm|: 1.327128e-06     Tr[DP]  1.674896e-08
 iter: 219:2        |ddm|: 1.189448e-07     Tr[DP] -2.220446e-15
 iter: 220:1        |ddm|: 1.236039e-06     Tr[DP]  1.553974e-08
 iter: 220:2        |ddm|: 1.106603e-07     Tr[DP]  5.329071e-15
 iter: 221:1        |ddm|: 1.129261e-06     Tr[DP]  1.403969e-08
 iter: 221:2        |ddm|: 1.010739e-07     Tr[DP]  2.220446e-15
 iter: 222:1        |ddm|: 1.044525e-06     Tr[DP]  1.306821e-08
 iter: 222:2        |ddm|: 9.564402e-08     Tr[DP] -3.108624e-15
 iter: 223:1        |ddm|: 9.647373e-07     Tr[DP]  1.191654e-08
 iter: 223:2        |ddm|: 8.846093e-08     Tr[DP] -4.440892e-16
 iter: 224:1        |ddm|: 8.939423e-07     Tr[DP]  1.116602e-08
 iter: 224:2        |ddm|: 8.166935e-08     Tr[DP]  3.330669e-15
 iter: 225:1        |ddm|: 8.329034e-07     Tr[DP]  1.048853e-08
 iter: 225:2        |ddm|: 7.600294e-08     Tr[DP]  2.664535e-15
 iter: 226:1        |ddm|: 7.738651e-07     Tr[DP]  9.830416e-09
 iter: 226:2        |ddm|: 7.015781e-08     Tr[DP] -8.881784e-16
 iter: 227:1        |ddm|: 7.203751e-07     Tr[DP]  9.198426e-09
 iter: 227:2        |ddm|: 6.573521e-08     Tr[DP] -3.441691e-15
 iter: 228:1        |ddm|: 6.720335e-07     Tr[DP]  8.533599e-09
 iter: 228:2        |ddm|: 6.027564e-08     Tr[DP]  2.220446e-16
 iter: 229:1        |ddm|: 6.202028e-07     Tr[DP]  7.905842e-09
 iter: 229:2        |ddm|: 5.591321e-08     Tr[DP] -6.661338e-15
 iter: 230:1        |ddm|: 5.745999e-07     Tr[DP]  7.294696e-09
 iter: 230:2        |ddm|: 5.231757e-08     Tr[DP]  2.331468e-15
 iter: 231:1        |ddm|: 5.323932e-07     Tr[DP]  6.747848e-09
 iter: 231:2        |ddm|: 4.904478e-08     Tr[DP] -1.998401e-15
 iter: 232:1        |ddm|: 4.950560e-07     Tr[DP]  6.261598e-09
 iter: 232:2        |ddm|: 4.591647e-08     Tr[DP] -3.330669e-15
 iter: 233:1        |ddm|: 4.598306e-07     Tr[DP]  5.824474e-09
 iter: 233:2        |ddm|: 4.248226e-08     Tr[DP]  5.218048e-15
 iter: 234:1        |ddm|: 4.272491e-07     Tr[DP]  5.427420e-09
 iter: 234:2        |ddm|: 3.906318e-08     Tr[DP]  9.992007e-16
 iter: 235:1        |ddm|: 3.972471e-07     Tr[DP]  5.055663e-09
 iter: 235:2        |ddm|: 3.758676e-08     Tr[DP] -5.107026e-15
 iter: 236:1        |ddm|: 3.685223e-07     Tr[DP]  4.705732e-09
 iter: 236:2        |ddm|: 3.509313e-08     Tr[DP] -5.884182e-15
 iter: 237:1        |ddm|: 3.423757e-07     Tr[DP]  4.371017e-09
 iter: 237:2        |ddm|: 3.116290e-08     Tr[DP] -5.440093e-15
 iter: 238:1        |ddm|: 3.172314e-07     Tr[DP]  4.054823e-09
 iter: 238:2        |ddm|: 2.856703e-08     Tr[DP]  1.221245e-15
 iter: 239:1        |ddm|: 2.944195e-07     Tr[DP]  3.760351e-09
 iter: 239:2        |ddm|: 2.750384e-08     Tr[DP]  1.110223e-15
 iter: 240:1        |ddm|: 2.737102e-07     Tr[DP]  3.489069e-09
 iter: 240:2        |ddm|: 2.662370e-08     Tr[DP] -1.887379e-15
 iter: 241:1        |ddm|: 2.541681e-07     Tr[DP]  3.240719e-09
 iter: 241:2        |ddm|: 2.337414e-08     Tr[DP]  2.331468e-15
 iter: 242:1        |ddm|: 2.365737e-07     Tr[DP]  3.012506e-09
 iter: 242:2        |ddm|: 2.171883e-08     Tr[DP] -4.884981e-15
 iter: 243:1        |ddm|: 2.190911e-07     Tr[DP]  2.801424e-09
 iter: 243:2        |ddm|: 2.026133e-08     Tr[DP] -7.771561e-15
 iter: 244:1        |ddm|: 2.038179e-07     Tr[DP]  2.604819e-09
 iter: 244:2        |ddm|: 1.940643e-08     Tr[DP]  5.440093e-15
 iter: 245:1        |ddm|: 1.892040e-07     Tr[DP]  2.420724e-09
 iter: 245:2        |ddm|: 1.850692e-08     Tr[DP] -1.776357e-15
 iter: 246:1        |ddm|: 1.759353e-07     Tr[DP]  2.248316e-09
 iter: 246:2        |ddm|: 1.656450e-08     Tr[DP] -1.443290e-15
 iter: 247:1        |ddm|: 1.625931e-07     Tr[DP]  2.087274e-09
 iter: 247:2        |ddm|: 1.532080e-08     Tr[DP] -6.661338e-16
 iter: 248:1        |ddm|: 1.512211e-07     Tr[DP]  1.937920e-09
 iter: 248:2        |ddm|: 1.413626e-08     Tr[DP] -4.884981e-15
 iter: 249:1        |ddm|: 1.406986e-07     Tr[DP]  1.799673e-09
 iter: 249:2        |ddm|: 1.292484e-08     Tr[DP]  1.443290e-15
 iter: 250:1        |ddm|: 1.306940e-07     Tr[DP]  1.671849e-09
 iter: 250:2        |ddm|: 1.188201e-08     Tr[DP] -6.661338e-16
 iter: 251:1        |ddm|: 1.214923e-07     Tr[DP]  1.553544e-09
 iter: 251:2        |ddm|: 1.279073e-08     Tr[DP]  1.998401e-15
 iter: 252:1        |ddm|: 1.125571e-07     Tr[DP]  1.443685e-09
 iter: 252:2        |ddm|: 1.258446e-08     Tr[DP]  2.664535e-15
 iter: 253:1        |ddm|: 1.051954e-07     Tr[DP]  1.341481e-09
 iter: 253:2        |ddm|: 1.020051e-08     Tr[DP]  1.998401e-15
 iter: 254:1        |ddm|: 9.713426e-08     Tr[DP]  1.246075e-09
 iter: 254:2        |ddm|: 1.033640e-08     Tr[DP]  1.110223e-15
 iter: 255:1        |ddm|: 9.054152e-08     Tr[DP]  1.157377e-09
 iter: 255:2        |ddm|: 9.751165e-09     Tr[DP] -2.220446e-16
 iter: 256:1        |ddm|: 8.411927e-08     Tr[DP]  1.074933e-09
 iter: 256:2        |ddm|: 9.448123e-09     Tr[DP] -4.551914e-15
 iter: 257:1        |ddm|: 7.806849e-08     Tr[DP]  9.983379e-10
 iter: 257:2        |ddm|: 8.313783e-09     Tr[DP]  2.997602e-15
 iter: 258:1        |ddm|: 7.239864e-08     Tr[DP]  9.273460e-10
 iter: 258:2        |ddm|: 7.303387e-09     Tr[DP] -1.443290e-15
 iter: 259:1        |ddm|: 6.710828e-08     Tr[DP]  8.614840e-10
 iter: 259:2        |ddm|: 8.621883e-09     Tr[DP]  2.220446e-15
 iter: 260:1        |ddm|: 6.242092e-08     Tr[DP]  8.003732e-10
 iter: 260:2        |ddm|: 8.249115e-09     Tr[DP] -3.108624e-15
 iter: 261:1        |ddm|: 5.784558e-08     Tr[DP]  7.435223e-10
 iter: 261:2        |ddm|: 7.477211e-09     Tr[DP]  4.773959e-15
 iter: 262:1        |ddm|: 5.349657e-08     Tr[DP]  6.906174e-10
 iter: 262:2        |ddm|: 6.267158e-09     Tr[DP] -4.551914e-15
 iter: 263:1        |ddm|: 4.960354e-08     Tr[DP]  6.414215e-10
 iter: 263:2        |ddm|: 6.135846e-09     Tr[DP]  1.665335e-15
 iter: 264:1        |ddm|: 4.637545e-08     Tr[DP]  5.956911e-10
 iter: 264:2        |ddm|: 9.412496e-09     Tr[DP]  2.220446e-16
 iter: 265:1        |ddm|: 4.325881e-08     Tr[DP]  5.533323e-10
 iter: 265:2        |ddm|: 6.969126e-09     Tr[DP]  2.331468e-15
 iter: 266:1        |ddm|: 3.996048e-08     Tr[DP]  5.139488e-10
 iter: 266:2        |ddm|: 7.890950e-09     Tr[DP]  3.885781e-15
 iter: 267:1        |ddm|: 3.748972e-08     Tr[DP]  4.774860e-10
 iter: 267:2        |ddm|: 5.839360e-09     Tr[DP] -4.329870e-15
 iter: 268:1        |ddm|: 3.491344e-08     Tr[DP]  4.436008e-10
 iter: 268:2        |ddm|: 8.978931e-09     Tr[DP]  2.220446e-16
 iter: 269:1        |ddm|: 3.247672e-08     Tr[DP]  4.121649e-10
 iter: 269:2        |ddm|: 6.759814e-09     Tr[DP]  2.775558e-15
 iter: 270:1        |ddm|: 3.007711e-08     Tr[DP]  3.829331e-10
 iter: 270:2        |ddm|: 8.087802e-09     Tr[DP] -6.661338e-16
 iter: 271:1        |ddm|: 2.760239e-08     Tr[DP]  3.556098e-10
 iter: 271:2        |ddm|: 5.464851e-09     Tr[DP] -2.664535e-15
 iter: 272:1        |ddm|: 2.572709e-08     Tr[DP]  3.302635e-10
 iter: 272:2        |ddm|: 7.154982e-09     Tr[DP]  0.000000e+00
 iter: 273:1        |ddm|: 2.382435e-08     Tr[DP]  3.067749e-10
 iter: 273:2        |ddm|: 5.808602e-09     Tr[DP]  0.000000e+00
 iter: 274:1        |ddm|: 2.192029e-08     Tr[DP]  2.848883e-10
 iter: 274:2        |ddm|: 7.210863e-09     Tr[DP] -3.441691e-15
 iter: 275:1        |ddm|: 2.021281e-08     Tr[DP]  2.645715e-10
 iter: 275:2        |ddm|: 7.662166e-09     Tr[DP] -4.218847e-15
 iter: 276:1        |ddm|: 1.908259e-08     Tr[DP]  2.457907e-10
 iter: 276:2        |ddm|: 5.522926e-09     Tr[DP] -2.886580e-15
 iter: 277:1        |ddm|: 1.808224e-08     Tr[DP]  2.284100e-10
 iter: 277:2        |ddm|: 4.042016e-09     Tr[DP] -1.998401e-15
 iter: 278:1        |ddm|: 1.712342e-08     Tr[DP]  2.122383e-10
 iter: 278:2        |ddm|: 8.685158e-09     Tr[DP] -1.776357e-15
 iter: 279:1        |ddm|: 1.507468e-08     Tr[DP]  1.970282e-10
 iter: 279:2        |ddm|: 6.419179e-09     Tr[DP] -1.776357e-15
 iter: 280:1        |ddm|: 1.474978e-08     Tr[DP]  1.831221e-10
 iter: 280:2        |ddm|: 5.171482e-09     Tr[DP]  1.998401e-15
 iter: 281:1        |ddm|: 1.402789e-08     Tr[DP]  1.701182e-10
 iter: 281:2        |ddm|: 5.628835e-09     Tr[DP] -4.440892e-16
 iter: 282:1        |ddm|: 1.245937e-08     Tr[DP]  1.579524e-10
 iter: 282:2        |ddm|: 6.818409e-09     Tr[DP] -1.554312e-15
 iter: 283:1        |ddm|: 1.144624e-08     Tr[DP]  1.466696e-10
 iter: 283:2        |ddm|: 3.565564e-09     Tr[DP] -7.771561e-16
 iter: 284:1        |ddm|: 1.056282e-08     Tr[DP]  1.362534e-10
 iter: 284:2        |ddm|: 6.002703e-09     Tr[DP]  1.998401e-15
 iter: 285:1        |ddm|: 9.968278e-09     Tr[DP]  1.265786e-10
 iter: 285:2        |ddm|: 8.173346e-09     Tr[DP]  2.442491e-15
 iter: 286:1        |ddm|: 8.928674e-09     Tr[DP]  1.175575e-10
 iter: 286:2        |ddm|: 6.251962e-09     Tr[DP] -4.440892e-16
 iter: 287:1        |ddm|: 8.429078e-09     Tr[DP]  1.092189e-10
 iter: 287:2        |ddm|: 6.803762e-09     Tr[DP]  2.220446e-16
 iter: 288:1        |ddm|: 8.187073e-09     Tr[DP]  1.014643e-10
 iter: 288:2        |ddm|: 5.800516e-09     Tr[DP] -3.774758e-15
 iter: 289:1        |ddm|: 7.171741e-09     Tr[DP]  9.419319e-11
 iter: 289:2        |ddm|: 7.161299e-09     Tr[DP] -8.659740e-15
 iter: 290:1        |ddm|: 6.418049e-09     Tr[DP]  8.741307e-11
 iter: 290:2        |ddm|: 4.640490e-09     Tr[DP] -1.887379e-15
 iter: 291:1        |ddm|: 6.445953e-09     Tr[DP]  8.127263e-11
 iter: 291:2        |ddm|: 5.373967e-09     Tr[DP] -7.771561e-16
 iter: 292:1        |ddm|: 5.862418e-09     Tr[DP]  7.543145e-11
 iter: 292:2        |ddm|: 5.618582e-09     Tr[DP] -2.664535e-15
 iter: 293:1        |ddm|: 4.922755e-09     Tr[DP]  7.002946e-11
 iter: 293:2        |ddm|: 5.404446e-09     Tr[DP] -6.661338e-16
 iter: 294:1        |ddm|: 4.782371e-09     Tr[DP]  6.513032e-11
 iter: 294:2        |ddm|: 5.711037e-09     Tr[DP] -5.551115e-16
 iter: 295:1        |ddm|: 5.022384e-09     Tr[DP]  6.058067e-11
 iter: 295:2        |ddm|: 4.874743e-09     Tr[DP]  4.440892e-16
 iter: 296:1        |ddm|: 4.443455e-09     Tr[DP]  5.627369e-11
 iter: 296:2        |ddm|: 4.119288e-09     Tr[DP] -1.887379e-15
 iter: 297:1        |ddm|: 4.070142e-09     Tr[DP]  5.225066e-11
 iter: 297:2        |ddm|: 2.955061e-09     Tr[DP] -4.440892e-16
 iter: 298:1        |ddm|: 4.287469e-09     Tr[DP]  4.859995e-11
 iter: 298:2        |ddm|: 4.004204e-09     Tr[DP] -8.881784e-16
 iter: 299:1        |ddm|: 4.385664e-09     Tr[DP]  4.520078e-11
 iter: 299:2        |ddm|: 5.602620e-09     Tr[DP] -6.661338e-16
 iter: 300:1        |ddm|: 3.312903e-09     Tr[DP]  4.187062e-11
 iter: 300:2        |ddm|: 3.776778e-09     Tr[DP] -4.107825e-15
                         Freeze-and-Thaw NOT converged!                         

=================== Subsystem 1 at higher mean-field method ====================
  subiter:   1      |ddm|: 2.334060e+00
  subiter:   2      |ddm|: 3.717818e-01
  subiter:   3      |ddm|: 3.890195e-02
  subiter:   4      |ddm|: 3.756806e-02
  subiter:   5      |ddm|: 4.982571e-03
  subiter:   6      |ddm|: 6.016219e-03
  subiter:   7      |ddm|: 2.039025e-03
  subiter:   8      |ddm|: 6.948241e-04
  subiter:   9      |ddm|: 8.895172e-05
  subiter:  10      |ddm|: 8.161949e-05
  subiter:  11      |ddm|: 1.518489e-05
  subiter:  12      |ddm|: 4.228619e-06
  subiter:  13      |ddm|: 1.021851e-06
  subiter:  14      |ddm|: 4.908896e-07
  subiter:  15      |ddm|: 1.580905e-07
  subiter:  16      |ddm|: 2.262306e-08
  subiter:  17      |ddm|: 1.137571e-08
  subiter:  18      |ddm|: 3.872626e-09
  subiter:  19      |ddm|: 8.629751e-09
  subiter:  20      |ddm|: 2.036145e-09
  subiter:  21      |ddm|: 1.010108e-09
  subiter:  22      |ddm|: 2.879530e-09
  subiter:  23      |ddm|: 1.741239e-09
  subiter:  24      |ddm|: 1.384893e-09
  subiter:  25      |ddm|: 1.357214e-09
  subiter:  26      |ddm|: 7.179403e-10


******** <class 'pyscf.scf.hf.RHF'> flags ********
method = RHF
initial guess = minao
damping factor = 0
level shift factor = 0
DIIS = <class 'pyscf.scf.diis.CDIIS'>
DIIS start cycle = 1
DIIS space = 8
SCF tol = 1e-09
SCF gradient tol = None
max. SCF cycles = 300
direct_scf = True
direct_scf_tol = 1e-13
chkfile to save SCF result = /panfs/roc/scratch/graha682/201705_freezeAndThaw/20170905_augccpVTZ_m06_ccsdt_ft_2chloroflourobutane/tmplFCVr6
max_memory 4000 MB (current use 320 MB)
Set gradient conv threshold to 3.16228e-05
init E= -646.774543722743
  HOMO = -0.232622639946263  LUMO = 0.130316195264372
cycle= 1 E= -646.774543722744  delta_E= -1.59e-12  |g|= 5.09e-10  |ddm|= 2.43e-09
  HOMO = -0.232622639917541  LUMO = 0.130316195262343
Extra cycle  E= -646.774543722739  delta_E= 5.34e-12  |g|= 5.09e-10  |ddm|= 1.43e-08
converged SCF energy = -646.774543722739


******** <class 'pyscf.dft.rks.RKS'> flags ********
method = RKS
initial guess = atom
damping factor = 1
level shift factor = 1.0
DIIS = <class 'pyscf.scf.diis.CDIIS'>
DIIS start cycle = 1
DIIS space = 8
SCF tol = 1e-09
SCF gradient tol = 1e-08
max. SCF cycles = 1
direct_scf = True
direct_scf_tol = 1e-13
chkfile to save SCF result = /panfs/roc/scratch/graha682/201705_freezeAndThaw/20170905_augccpVTZ_m06_ccsdt_ft_2chloroflourobutane/tmpo9yiSV
max_memory 4000 MB (current use 317 MB)
XC functionals = m06
small_rho_cutoff = 1e-20
radial grids: Treutler-Ahlrichs (JCP 102, 346 (M4)) radial grids
becke partition: Becke, JCP, 88, 2547 (1988)
pruning grids: <function nwchem_prune at 0x170bed8>
grids dens level: 4
symmetrized grids: False
atomic radii adjust function: <function treutler_atomic_radii_adjust at 0x170bd70>
init E= -648.357196740089
  HOMO = -0.0966282170789535  LUMO = 1.0733975472301
cycle= 1 E= -648.35719674009  delta_E= -1.02e-12  |g|= 4.22e-11  |ddm|= 2.96e-09
  HOMO = -0.0966282170799998  LUMO = 0.0733975472312149
Extra cycle  E= -648.357196740089  delta_E= 5.68e-13  |g|= 4.22e-11  |ddm|= 2.24e-09
converged SCF energy = -648.357196740089
 iter: 301:1        |ddm|: 2.640130e+00     Tr[DP]  1.136552e-02

==================== Doing CCSD Calculation on Subsystem 1 =====================

******** <class 'pyscf.cc.ccsd.CCSD'> flags ********
CCSD nocc = 22, nvir = 258
max_cycle = 50
direct = 0
conv_tol = 1e-07
conv_tol_normt = 1e-05
diis_space = 6
diis_start_cycle = 0
diis_start_energy_diff = 1e+09
max_memory 4000 MB (current use 321 MB)
