********************************************************************************
*                         FREEZE-AND-THAW CALCULATION                          *
********************************************************************************

================================== Input File ==================================


subsystem
C                  1.97915000    0.64190200    0.00018300
H                  2.00892400    1.27702300   -0.88401200
H                  2.00850500    1.27636900    0.88486100
Cl                 3.51108600   -0.30375100    0.00020300
charge -1
end

subsystem
C                  0.77452100   -0.25849500   -0.00043600
H                  0.80951600   -0.91242300   -0.87691800
H                  0.80921200   -0.91317200    0.87549900
C                 -0.51362900    0.54349400   -0.00030500
H                 -0.53565000    1.20393200    0.87513700
H                 -0.53562400    1.20433600   -0.87544600
C                 -1.75042800   -0.33137300   -0.00050400
H                 -1.72894200   -0.99275400   -0.87536000
H                 -1.72864400   -0.99348400    0.87379100
C                 -3.04233300    0.46076800    0.00008400
H                 -3.05786300    1.12092300    0.87408400
H                 -3.05853300    1.12116700   -0.87372300
C                 -4.26819900   -0.42757700    0.00046900
H                 -4.28001600   -1.07524200    0.88007600
H                 -5.19301200    0.14965000    0.00102100
H                 -4.28083100   -1.07487100   -0.87939900
charge +1
end

embed
 huzinaga
 cycles 500
 conv 1e-6
 method m06
end

basis 6-311g
method ccsd(t)
grid 4
conv 1e-8
grad 1e-8
maxiter 100
================================== End Input ===================================
tot grids = 407542

                      Getting subsystem overlap integrals                       

                          Initial subsystem densities                           
Guessing initial subsystem densities
Initial guess from superpostion of atomic densties.
Guessing initial subsystem densities
Initial guess from superpostion of atomic densties.

=========================== Starting Freeze-and-Thaw ===========================
 iter:   1:1        |ddm|: 3.836293e+00     Tr[DP]  7.438481e-01
 iter:   1:2        |ddm|: 3.237152e+00     Tr[DP]  1.093618e-01
 iter:   2:1        |ddm|: 1.136380e+01     Tr[DP]  1.880493e-01
 iter:   2:2        |ddm|: 1.876872e+00     Tr[DP]  1.397359e-01
 iter:   3:1        |ddm|: 1.069176e+01     Tr[DP]  2.780156e-01
 iter:   3:2        |ddm|: 1.244275e+00     Tr[DP]  1.615419e-01
 iter:   4:1        |ddm|: 6.618923e-01     Tr[DP]  2.653788e-01
 iter:   4:2        |ddm|: 3.099521e-01     Tr[DP]  1.883620e-01
 iter:   5:1        |ddm|: 6.353354e-01     Tr[DP]  2.782916e-01
 iter:   5:2        |ddm|: 2.489770e-01     Tr[DP]  2.159574e-01
 iter:   6:1        |ddm|: 5.642664e-01     Tr[DP]  2.906237e-01
 iter:   6:2        |ddm|: 2.000427e-01     Tr[DP]  2.361401e-01
 iter:   7:1        |ddm|: 2.922194e-01     Tr[DP]  2.893445e-01
 iter:   7:2        |ddm|: 1.267538e-01     Tr[DP]  2.517301e-01
 iter:   8:1        |ddm|: 1.901473e-01     Tr[DP]  2.854893e-01
 iter:   8:2        |ddm|: 8.485740e-02     Tr[DP]  2.609837e-01
 iter:   9:1        |ddm|: 1.119229e-01     Tr[DP]  2.832598e-01
 iter:   9:2        |ddm|: 6.783418e-02     Tr[DP]  2.677097e-01
 iter:  10:1        |ddm|: 1.777272e-01     Tr[DP]  2.788681e-01
 iter:  10:2        |ddm|: 7.976213e-02     Tr[DP]  2.689350e-01
 iter:  11:1        |ddm|: 5.357149e-02     Tr[DP]  2.792091e-01
 iter:  11:2        |ddm|: 3.027758e-02     Tr[DP]  2.719970e-01
 iter:  12:1        |ddm|: 4.641233e-02     Tr[DP]  2.773436e-01
 iter:  12:2        |ddm|: 2.203051e-02     Tr[DP]  2.729956e-01
 iter:  13:1        |ddm|: 2.075357e-02     Tr[DP]  2.771009e-01
 iter:  13:2        |ddm|: 1.201473e-02     Tr[DP]  2.741446e-01
 iter:  14:1        |ddm|: 1.577626e-02     Tr[DP]  2.764106e-01
 iter:  14:2        |ddm|: 7.686940e-03     Tr[DP]  2.746166e-01
 iter:  15:1        |ddm|: 8.151532e-03     Tr[DP]  2.762119e-01
 iter:  15:2        |ddm|: 4.684102e-03     Tr[DP]  2.750494e-01
 iter:  16:1        |ddm|: 6.038700e-03     Tr[DP]  2.759373e-01
 iter:  16:2        |ddm|: 3.026005e-03     Tr[DP]  2.752342e-01
 iter:  17:1        |ddm|: 3.278280e-03     Tr[DP]  2.758516e-01
 iter:  17:2        |ddm|: 1.826660e-03     Tr[DP]  2.753955e-01
 iter:  18:1        |ddm|: 2.029920e-03     Tr[DP]  2.757690e-01
 iter:  18:2        |ddm|: 1.090634e-03     Tr[DP]  2.754883e-01
 iter:  19:1        |ddm|: 1.394714e-03     Tr[DP]  2.757123e-01
 iter:  19:2        |ddm|: 7.036097e-04     Tr[DP]  2.755388e-01
 iter:  20:1        |ddm|: 8.426913e-04     Tr[DP]  2.756843e-01
 iter:  20:2        |ddm|: 4.413912e-04     Tr[DP]  2.755740e-01
 iter:  21:1        |ddm|: 4.792302e-04     Tr[DP]  2.756707e-01
 iter:  21:2        |ddm|: 2.838885e-04     Tr[DP]  2.756007e-01
 iter:  22:1        |ddm|: 3.998541e-04     Tr[DP]  2.756515e-01
 iter:  22:2        |ddm|: 1.958420e-04     Tr[DP]  2.756101e-01
 iter:  23:1        |ddm|: 1.961833e-04     Tr[DP]  2.756493e-01
 iter:  23:2        |ddm|: 1.217590e-04     Tr[DP]  2.756216e-01
 iter:  24:1        |ddm|: 1.150302e-04     Tr[DP]  2.756432e-01
 iter:  24:2        |ddm|: 6.017507e-05     Tr[DP]  2.756268e-01
 iter:  25:1        |ddm|: 6.932871e-05     Tr[DP]  2.756410e-01
 iter:  25:2        |ddm|: 4.078763e-05     Tr[DP]  2.756308e-01
 iter:  26:1        |ddm|: 7.298899e-05     Tr[DP]  2.756376e-01
 iter:  26:2        |ddm|: 3.627158e-05     Tr[DP]  2.756317e-01
 iter:  27:1        |ddm|: 3.231166e-05     Tr[DP]  2.756371e-01
 iter:  27:2        |ddm|: 1.689362e-05     Tr[DP]  2.756330e-01
 iter:  28:1        |ddm|: 2.786444e-05     Tr[DP]  2.756361e-01
 iter:  28:2        |ddm|: 1.390268e-05     Tr[DP]  2.756336e-01
 iter:  29:1        |ddm|: 1.709148e-05     Tr[DP]  2.756357e-01
 iter:  29:2        |ddm|: 8.598229e-06     Tr[DP]  2.756340e-01
 iter:  30:1        |ddm|: 1.679680e-05     Tr[DP]  2.756352e-01
 iter:  30:2        |ddm|: 8.642624e-06     Tr[DP]  2.756341e-01
 iter:  31:1        |ddm|: 1.254063e-05     Tr[DP]  2.756350e-01
 iter:  31:2        |ddm|: 6.502353e-06     Tr[DP]  2.756342e-01
 iter:  32:1        |ddm|: 4.284520e-06     Tr[DP]  2.756350e-01
 iter:  32:2        |ddm|: 2.726782e-06     Tr[DP]  2.756345e-01
 iter:  33:1        |ddm|: 2.448274e-06     Tr[DP]  2.756349e-01
 iter:  33:2        |ddm|: 1.405103e-06     Tr[DP]  2.756346e-01
 iter:  34:1        |ddm|: 1.659923e-06     Tr[DP]  2.756349e-01
 iter:  34:2        |ddm|: 1.116665e-06     Tr[DP]  2.756347e-01
 iter:  35:1        |ddm|: 9.054121e-07     Tr[DP]  2.756348e-01
 iter:  35:2        |ddm|: 4.384745e-07     Tr[DP]  2.756347e-01
 iter:  36:1        |ddm|: 5.486991e-07     Tr[DP]  2.756348e-01
 iter:  36:2        |ddm|: 3.409887e-07     Tr[DP]  2.756347e-01
                           Freeze-and-Thaw converged!                           

=================== Subsystem 1 at higher mean-field method ====================
  subiter:   1      |ddm|: 1.951893e-01
  subiter:   2      |ddm|: 9.215293e-02
  subiter:   3      |ddm|: 1.133559e-02
  subiter:   4      |ddm|: 4.914710e-03
  subiter:   5      |ddm|: 3.598405e-03
  subiter:   6      |ddm|: 1.195683e-03
  subiter:   7      |ddm|: 2.329807e-04
  subiter:   8      |ddm|: 2.560416e-05
  subiter:   9      |ddm|: 5.220698e-06
  subiter:  10      |ddm|: 1.296603e-06
  subiter:  11      |ddm|: 2.503445e-07
  subiter:  12      |ddm|: 3.805042e-08
  subiter:  13      |ddm|: 2.086869e-08
  subiter:  14      |ddm|: 4.516327e-08
  subiter:  15      |ddm|: 5.510271e-09


******** <class 'pyscf.scf.hf.RHF'> flags ********
method = RHF
initial guess = minao
damping factor = 0
level shift factor = 0
DIIS = <class 'pyscf.scf.diis.CDIIS'>
DIIS start cycle = 1
DIIS space = 8
SCF tol = 1e-09
SCF gradient tol = None
max. SCF cycles = 100
direct_scf = True
direct_scf_tol = 1e-13
chkfile to save SCF result = /panfs/roc/scratch/graha682/201707_freezeAndThaw/20170714_6311g_m06_ccsdt_ft_1chlorohexane/tmpwGkXw9
max_memory 4000 MB (current use 553 MB)
Set gradient conv threshold to 3.16228e-05
init E= -505.96609191804
  HOMO = -0.392106015602992  LUMO = 0.199555389725806
cycle= 1 E= -505.966091918039  delta_E= 4.55e-13  |g|= 2.51e-09  |ddm|= 1.1e-08
  HOMO = -0.392106015822095  LUMO = 0.199555389818414
Extra cycle  E= -505.966091918039  delta_E= 4.55e-13  |g|= 1.04e-09  |ddm|= 4.41e-09
converged SCF energy = -505.966091918039


******** <class 'pyscf.dft.rks.RKS'> flags ********
method = RKS
initial guess = atom
damping factor = 0
level shift factor = 0.0
DIIS = <class 'pyscf.scf.diis.CDIIS'>
DIIS start cycle = 1
DIIS space = 8
SCF tol = 1e-08
SCF gradient tol = 1e-08
max. SCF cycles = 1
direct_scf = True
direct_scf_tol = 1e-13
chkfile to save SCF result = /panfs/roc/scratch/graha682/201707_freezeAndThaw/20170714_6311g_m06_ccsdt_ft_1chlorohexane/tmpDQw0uo
max_memory 4000 MB (current use 553 MB)
XC functionals = m06
small_rho_cutoff = 1e-20
radial grids: Treutler-Ahlrichs (JCP 102, 346 (M4)) radial grids
becke partition: Becke, JCP, 88, 2547 (1988)
pruning grids: <function nwchem_prune at 0x17a6578>
grids dens level: 4
symmetrized grids: False
atomic radii adjust function: <function treutler_atomic_radii_adjust at 0x17a6410>
init E= -506.926658444053
  HOMO = -0.266751163551542  LUMO = 0.0897500837493128
cycle= 1 E= -506.926658444053  delta_E= 2.27e-13  |g|= 1.89e-07  |ddm|= 6.77e-07
  HOMO = -0.266751141443164  LUMO = 0.0897501333900175
Extra cycle  E= -506.926658444053  delta_E=    0  |g|= 2.3e-07  |ddm|= 4.31e-07
converged SCF energy = -506.926658444053
 iter:  37:1        |ddm|: 2.638625e-01     Tr[DP]  2.726410e-01

==================== Doing CCSD Calculation on Subsystem 1 =====================

******** <class 'pyscf.cc.ccsd.CCSD'> flags ********
CCSD nocc = 13, nvir = 27
max_cycle = 50
direct = 0
conv_tol = 1e-07
conv_tol_normt = 1e-05
diis_space = 6
diis_start_cycle = 0
diis_start_energy_diff = 1e+09
max_memory 4000 MB (current use 559 MB)
Build MO integrals with incore ao2mo
Init t2, MP2 energy = -0.19832990271449
cycle = 1  E(CCSD) = -0.2106606186778  dE = -0.210660619  norm(t1,t2) = 0.0641512
cycle = 2  E(CCSD) = -0.216133542999095  dE = -0.00547292432  norm(t1,t2) = 0.0213253
cycle = 3  E(CCSD) = -0.217484560998965  dE = -0.001351018  norm(t1,t2) = 0.00944373
cycle = 4  E(CCSD) = -0.218543521237428  dE = -0.00105896024  norm(t1,t2) = 0.00428072
cycle = 5  E(CCSD) = -0.218536323680828  dE = 7.1975566e-06  norm(t1,t2) = 0.000764032
cycle = 6  E(CCSD) = -0.21851839259447  dE = 1.79310864e-05  norm(t1,t2) = 0.000278966
cycle = 7  E(CCSD) = -0.21851971915843  dE = -1.32656396e-06  norm(t1,t2) = 3.91176e-05
cycle = 8  E(CCSD) = -0.218519715553957  dE = 3.60447322e-09  norm(t1,t2) = 1.01821e-05
cycle = 9  E(CCSD) = -0.218519626595823  dE = 8.89581344e-08  norm(t1,t2) = 2.87468e-06
CCSD converged
E(CCSD) = -506.1846115446346  E_corr = -0.2185196265958227
Hartree-Fock Energy:  -505.96609191803879
CCSD Correlation:       -0.21851962659582
CCSD Energy:          -506.18461154463461

=================== Doing CCSD(T) Calculation on Subsystem 1 ===================
Build MO integrals with incore ao2mo
CCSD(T) correction = -0.00405584836171943
Hartree-Fock Energy:  -505.96609191803879
CCSD(T) Correlation:       -0.22257547495754
CCSD(T) Energy:          -506.18866739299631

============================== Supermolecular DFT ==============================
  subiter:   1      |ddm|: 3.005182e+00
  subiter:   2      |ddm|: 6.138847e-01
  subiter:   3      |ddm|: 3.104984e-01
  subiter:   4      |ddm|: 3.106606e-02
  subiter:   5      |ddm|: 1.019987e-02
  subiter:   6      |ddm|: 2.468019e-03
  subiter:   7      |ddm|: 1.007873e-03
  subiter:   8      |ddm|: 1.979702e-04
  subiter:   9      |ddm|: 8.339066e-05
  subiter:  10      |ddm|: 1.731486e-05
  subiter:  11      |ddm|: 4.551048e-06
  subiter:  12      |ddm|: 1.478004e-06
  subiter:  13      |ddm|: 4.395114e-07
  subiter:  14      |ddm|: 1.183003e-07
  subiter:  15      |ddm|: 4.481959e-08
  subiter:  16      |ddm|: 8.695755e-09


******** <class 'pyscf.dft.rks.RKS'> flags ********
method = RKS
initial guess = atom
damping factor = 0
level shift factor = 0.0
DIIS = <class 'pyscf.scf.diis.CDIIS'>
DIIS start cycle = 1
DIIS space = 8
SCF tol = 1e-08
SCF gradient tol = 1e-08
max. SCF cycles = 100
direct_scf = True
direct_scf_tol = 1e-13
chkfile to save SCF result = /panfs/roc/scratch/graha682/201707_freezeAndThaw/20170714_6311g_m06_ccsdt_ft_1chlorohexane/tmp8X_MmP
max_memory 4000 MB (current use 702 MB)
XC functionals = m06
small_rho_cutoff = 1e-20
radial grids: Treutler-Ahlrichs (JCP 102, 346 (M4)) radial grids
becke partition: Becke, JCP, 88, 2547 (1988)
pruning grids: <function nwchem_prune at 0x17a6578>
grids dens level: 4
symmetrized grids: False
atomic radii adjust function: <function treutler_atomic_radii_adjust at 0x17a6410>
init E= -696.453321419813
  HOMO = -0.304732415365751  LUMO = 0.0259135004317318
cycle= 1 E= -696.453321419813  delta_E= -2.27e-13  |g|= 4.2e-09  |ddm|= 1.17e-08
  HOMO = -0.304732414737426  LUMO = 0.0259135005540918
Extra cycle  E= -696.453321419815  delta_E= -1.82e-12  |g|= 4.81e-09  |ddm|= 9.53e-09
converged SCF energy = -696.453321419815
Supermolecular DFT   -696.45332141981476

============================== Embedding Energies ==============================
Subsystem DFT              -506.92665844405298
Interaction                -189.32800729031050
DFT-in-DFT                 -696.25466573436347
Supermolecular DFT         -696.45332141981476
Difference                   -0.19865568545129
Corrected DFT-in-DFT       -696.45332141981476
WF-in-DFT                  -695.51667468330675
Corrected WF-in-DFT        -695.71533036875803

============================== Embedding Energies ==============================
Subsystem DFT              -506.92665844405309
Interaction                -189.32800729031038
DFT-in-DFT                 -696.25466573436347
Supermolecular DFT         -696.45332141981476
Difference                   -0.19865568545129
Corrected DFT-in-DFT       -696.45332141981476
WF-in-DFT                  -695.51667468330675
Corrected WF-in-DFT        -695.71533036875803
================================================================================
TIMING STATISTICS:
     overlap integrals      0.01s   ( 0.00%)
    initial subsystems      0.18s   ( 0.05%)
           2e matrices    207.62s   (55.45%)
      tot. embed. of 1    220.40s   (58.87%)
      tot. embed. of 2      0.09s   ( 0.02%)
       freeze and thaw    220.52s   (58.90%)
                  ccsd      0.93s   ( 0.25%)
               ccsd(t)      2.42s   ( 0.65%)
  interaction energies    150.16s   (40.10%)
                 TOTAL    374.41s
================================================================================

********************************************************************************
*                              END OF CALCULATION                              *
********************************************************************************
