********************************************************************************
*                         FREEZE-AND-THAW CALCULATION                          *
********************************************************************************

================================== Input File ==================================
subsystem
C         -6.83504       -0.46401       -0.00382
C         -5.59092        0.39839       -0.08452
H         -7.75949        0.12896       -0.08345
H         -6.87676       -1.01544        0.95099
H         -6.85281       -1.21529       -0.81171
C         -4.30365       -0.39984        0.02659
H         -5.61030        1.16633        0.71243
H         -5.58425        0.96523       -1.03526
C         -3.04884        0.44977       -0.05398
H         -4.27867       -1.17034       -0.77012
H         -4.30382       -0.96712        0.97907
C         -1.76243       -0.34751        0.05908
H         -3.07477        1.22074        0.74200
H         -3.04819        1.01574       -1.00705
C         -0.50822        0.50316       -0.02174
H         -1.73596       -1.11860       -0.73672
H         -1.76240       -0.91319        1.01223
C          0.77810       -0.29409        0.09187
H         -0.53458        1.27433        0.77391
H         -0.50773        1.06869       -0.97502
C          2.03146        0.55789        0.00986
H          0.80423       -1.06616       -0.70280
H          0.77906       -0.85811        1.04588
charge +1
end

subsystem
C          3.31459       -0.24304        0.13180
H          2.00078        1.33309        0.80058
H          2.03508        1.11668       -0.94753
C          4.55990        0.61926        0.00776
H          3.33206       -1.03530       -0.64250
H          3.33065       -0.77682        1.10073
C          5.84705       -0.17277        0.07532
H          4.47817        1.45241        0.73742
H          4.58402        1.10116       -0.98704
C          7.13640       -0.52184       -0.08461
H          7.94774       -0.26798        0.62015
H          7.45622       -1.09879       -0.95837
H          5.47129       -0.85241       -0.73938
charge -1
end

embed
 huzinaga
 huzfermi
 cycles 300
 conv 1e-8
 method pbe
end

basis cc-pVDZ
method cas[2,2]/nevpt2
grid 4
conv 1e-8
grad 1e-8
maxiter 100
================================== End Input ===================================
tot grids = 725328

                      Getting subsystem overlap integrals                       

                          Initial subsystem densities                           
Guessing initial subsystem densities
Initial guess from superpostion of atomic densties.
Guessing initial subsystem densities
Initial guess from superpostion of atomic densties.

=========================== Starting Freeze-and-Thaw ===========================
 iter:   1:1        |ddm|: 5.548903e+00     Tr[DP]  5.393303e-01
 iter:   1:2        |ddm|: 4.067833e+00     Tr[DP]  2.734239e-01
 iter:   2:1        |ddm|: 6.066105e+00     Tr[DP]  5.090483e-01
 iter:   2:2        |ddm|: 1.223843e+01     Tr[DP]  3.971095e-01
 iter:   3:1        |ddm|: 4.675623e+00     Tr[DP]  1.585986e-01
 iter:   3:2        |ddm|: 1.370382e+01     Tr[DP]  5.941327e-01
 iter:   4:1        |ddm|: 1.449333e+00     Tr[DP]  1.028371e-01
 iter:   4:2        |ddm|: 4.920048e+00     Tr[DP]  1.943372e-01
 iter:   5:1        |ddm|: 4.924114e-01     Tr[DP]  1.327999e-01
 iter:   5:2        |ddm|: 1.846097e+00     Tr[DP]  1.533483e-01
 iter:   6:1        |ddm|: 1.495610e-01     Tr[DP]  1.368745e-01
 iter:   6:2        |ddm|: 6.368891e-01     Tr[DP]  1.459777e-01
 iter:   7:1        |ddm|: 9.732685e-02     Tr[DP]  1.402761e-01
 iter:   7:2        |ddm|: 2.812079e-01     Tr[DP]  1.419523e-01
 iter:   8:1        |ddm|: 2.687271e-01     Tr[DP]  1.421423e-01
 iter:   8:2        |ddm|: 2.036488e-01     Tr[DP]  1.402739e-01
 iter:   9:1        |ddm|: 8.909730e-02     Tr[DP]  1.399267e-01
 iter:   9:2        |ddm|: 1.267897e-01     Tr[DP]  1.439423e-01
 iter:  10:1        |ddm|: 8.004690e-02     Tr[DP]  1.415998e-01
 iter:  10:2        |ddm|: 4.777225e-02     Tr[DP]  1.418230e-01
 iter:  11:1        |ddm|: 2.771827e-02     Tr[DP]  1.420170e-01
 iter:  11:2        |ddm|: 1.916891e-02     Tr[DP]  1.413675e-01
 iter:  12:1        |ddm|: 1.017531e-02     Tr[DP]  1.417281e-01
 iter:  12:2        |ddm|: 6.575232e-03     Tr[DP]  1.418220e-01
 iter:  13:1        |ddm|: 3.234160e-03     Tr[DP]  1.417704e-01
 iter:  13:2        |ddm|: 2.378187e-03     Tr[DP]  1.417989e-01
 iter:  14:1        |ddm|: 1.181851e-03     Tr[DP]  1.417682e-01
 iter:  14:2        |ddm|: 1.396639e-03     Tr[DP]  1.417813e-01
 iter:  15:1        |ddm|: 9.371259e-04     Tr[DP]  1.417725e-01
 iter:  15:2        |ddm|: 1.041427e-03     Tr[DP]  1.417676e-01
 iter:  16:1        |ddm|: 7.832910e-04     Tr[DP]  1.417701e-01
 iter:  16:2        |ddm|: 8.154704e-04     Tr[DP]  1.417766e-01
 iter:  17:1        |ddm|: 7.074184e-04     Tr[DP]  1.417727e-01
 iter:  17:2        |ddm|: 7.145383e-04     Tr[DP]  1.417743e-01
 iter:  18:1        |ddm|: 6.920357e-04     Tr[DP]  1.417731e-01
 iter:  18:2        |ddm|: 9.379989e-04     Tr[DP]  1.417731e-01
 iter:  19:1        |ddm|: 7.549194e-04     Tr[DP]  1.417734e-01
 iter:  19:2        |ddm|: 9.968662e-04     Tr[DP]  1.417737e-01
 iter:  20:1        |ddm|: 1.222044e-03     Tr[DP]  1.417742e-01
 iter:  20:2        |ddm|: 1.380971e-03     Tr[DP]  1.417728e-01
 iter:  21:1        |ddm|: 6.739085e-04     Tr[DP]  1.417736e-01
 iter:  21:2        |ddm|: 7.611359e-04     Tr[DP]  1.417732e-01
 iter:  22:1        |ddm|: 4.020278e-04     Tr[DP]  1.417737e-01
 iter:  22:2        |ddm|: 4.440384e-04     Tr[DP]  1.417730e-01
 iter:  23:1        |ddm|: 2.991944e-04     Tr[DP]  1.417736e-01
 iter:  23:2        |ddm|: 3.624611e-04     Tr[DP]  1.417733e-01
 iter:  24:1        |ddm|: 3.473206e-04     Tr[DP]  1.417737e-01
 iter:  24:2        |ddm|: 4.107536e-04     Tr[DP]  1.417736e-01
 iter:  25:1        |ddm|: 2.450867e-04     Tr[DP]  1.417738e-01
 iter:  25:2        |ddm|: 3.052527e-04     Tr[DP]  1.417735e-01
 iter:  26:1        |ddm|: 2.021287e-04     Tr[DP]  1.417738e-01
 iter:  26:2        |ddm|: 2.668673e-04     Tr[DP]  1.417735e-01
 iter:  27:1        |ddm|: 1.706242e-04     Tr[DP]  1.417738e-01
 iter:  27:2        |ddm|: 2.331397e-04     Tr[DP]  1.417737e-01
 iter:  28:1        |ddm|: 1.638032e-04     Tr[DP]  1.417739e-01
 iter:  28:2        |ddm|: 2.222848e-04     Tr[DP]  1.417738e-01
 iter:  29:1        |ddm|: 1.736303e-04     Tr[DP]  1.417739e-01
 iter:  29:2        |ddm|: 2.541740e-04     Tr[DP]  1.417738e-01
 iter:  30:1        |ddm|: 1.887966e-04     Tr[DP]  1.417740e-01
 iter:  30:2        |ddm|: 2.612969e-04     Tr[DP]  1.417739e-01
 iter:  31:1        |ddm|: 1.317083e-04     Tr[DP]  1.417740e-01
 iter:  31:2        |ddm|: 1.853425e-04     Tr[DP]  1.417739e-01
 iter:  32:1        |ddm|: 1.222580e-04     Tr[DP]  1.417741e-01
 iter:  32:2        |ddm|: 1.744233e-04     Tr[DP]  1.417740e-01
 iter:  33:1        |ddm|: 1.140813e-04     Tr[DP]  1.417741e-01
 iter:  33:2        |ddm|: 1.651325e-04     Tr[DP]  1.417741e-01
 iter:  34:1        |ddm|: 1.234339e-04     Tr[DP]  1.417742e-01
 iter:  34:2        |ddm|: 1.825798e-04     Tr[DP]  1.417741e-01
 iter:  35:1        |ddm|: 1.410925e-04     Tr[DP]  1.417742e-01
 iter:  35:2        |ddm|: 2.160215e-04     Tr[DP]  1.417742e-01
 iter:  36:1        |ddm|: 9.254648e-05     Tr[DP]  1.417742e-01
 iter:  36:2        |ddm|: 1.372999e-04     Tr[DP]  1.417742e-01
 iter:  37:1        |ddm|: 8.787859e-05     Tr[DP]  1.417742e-01
 iter:  37:2        |ddm|: 1.302785e-04     Tr[DP]  1.417742e-01
 iter:  38:1        |ddm|: 8.383206e-05     Tr[DP]  1.417743e-01
 iter:  38:2        |ddm|: 1.246960e-04     Tr[DP]  1.417743e-01
 iter:  39:1        |ddm|: 7.957983e-05     Tr[DP]  1.417743e-01
 iter:  39:2        |ddm|: 1.189670e-04     Tr[DP]  1.417743e-01
 iter:  40:1        |ddm|: 9.042186e-05     Tr[DP]  1.417743e-01
 iter:  40:2        |ddm|: 1.488722e-04     Tr[DP]  1.417743e-01
 iter:  41:1        |ddm|: 8.112105e-05     Tr[DP]  1.417743e-01
 iter:  41:2        |ddm|: 1.168102e-04     Tr[DP]  1.417743e-01
 iter:  42:1        |ddm|: 6.665596e-05     Tr[DP]  1.417744e-01
 iter:  42:2        |ddm|: 1.068732e-04     Tr[DP]  1.417744e-01
 iter:  43:1        |ddm|: 5.979609e-05     Tr[DP]  1.417744e-01
 iter:  43:2        |ddm|: 9.515922e-05     Tr[DP]  1.417744e-01
 iter:  44:1        |ddm|: 6.229920e-05     Tr[DP]  1.417744e-01
 iter:  44:2        |ddm|: 1.042566e-04     Tr[DP]  1.417744e-01
 iter:  45:1        |ddm|: 5.640880e-05     Tr[DP]  1.417744e-01
 iter:  45:2        |ddm|: 9.497560e-05     Tr[DP]  1.417744e-01
 iter:  46:1        |ddm|: 5.085468e-05     Tr[DP]  1.417744e-01
 iter:  46:2        |ddm|: 7.214938e-05     Tr[DP]  1.417744e-01
 iter:  47:1        |ddm|: 4.872548e-05     Tr[DP]  1.417744e-01
 iter:  47:2        |ddm|: 6.979044e-05     Tr[DP]  1.417744e-01
 iter:  48:1        |ddm|: 5.015316e-05     Tr[DP]  1.417744e-01
 iter:  48:2        |ddm|: 6.825672e-05     Tr[DP]  1.417744e-01
 iter:  49:1        |ddm|: 4.666191e-05     Tr[DP]  1.417744e-01
 iter:  49:2        |ddm|: 6.564885e-05     Tr[DP]  1.417745e-01
 iter:  50:1        |ddm|: 4.738989e-05     Tr[DP]  1.417745e-01
 iter:  50:2        |ddm|: 6.404795e-05     Tr[DP]  1.417745e-01
 iter:  51:1        |ddm|: 4.373184e-05     Tr[DP]  1.417745e-01
 iter:  51:2        |ddm|: 6.176167e-05     Tr[DP]  1.417745e-01
 iter:  52:1        |ddm|: 4.133449e-05     Tr[DP]  1.417745e-01
 iter:  52:2        |ddm|: 5.893080e-05     Tr[DP]  1.417745e-01
 iter:  53:1        |ddm|: 4.831836e-05     Tr[DP]  1.417745e-01
 iter:  53:2        |ddm|: 6.420836e-05     Tr[DP]  1.417745e-01
 iter:  54:1        |ddm|: 3.299345e-05     Tr[DP]  1.417745e-01
 iter:  54:2        |ddm|: 5.059961e-05     Tr[DP]  1.417745e-01
 iter:  55:1        |ddm|: 3.515422e-05     Tr[DP]  1.417745e-01
 iter:  55:2        |ddm|: 4.904007e-05     Tr[DP]  1.417745e-01
 iter:  56:1        |ddm|: 3.354655e-05     Tr[DP]  1.417745e-01
 iter:  56:2        |ddm|: 4.867273e-05     Tr[DP]  1.417745e-01
 iter:  57:1        |ddm|: 2.926770e-05     Tr[DP]  1.417745e-01
 iter:  57:2        |ddm|: 4.432003e-05     Tr[DP]  1.417745e-01
 iter:  58:1        |ddm|: 3.629148e-05     Tr[DP]  1.417745e-01
 iter:  58:2        |ddm|: 4.502283e-05     Tr[DP]  1.417746e-01
 iter:  59:1        |ddm|: 3.186377e-05     Tr[DP]  1.417746e-01
 iter:  59:2        |ddm|: 4.255770e-05     Tr[DP]  1.417746e-01
 iter:  60:1        |ddm|: 2.983429e-05     Tr[DP]  1.417746e-01
 iter:  60:2        |ddm|: 4.109504e-05     Tr[DP]  1.417746e-01
 iter:  61:1        |ddm|: 2.799093e-05     Tr[DP]  1.417746e-01
 iter:  61:2        |ddm|: 3.957684e-05     Tr[DP]  1.417746e-01
 iter:  62:1        |ddm|: 2.795708e-05     Tr[DP]  1.417746e-01
 iter:  62:2        |ddm|: 4.002436e-05     Tr[DP]  1.417746e-01
 iter:  63:1        |ddm|: 2.312192e-05     Tr[DP]  1.417746e-01
 iter:  63:2        |ddm|: 3.508278e-05     Tr[DP]  1.417746e-01
 iter:  64:1        |ddm|: 2.278563e-05     Tr[DP]  1.417746e-01
 iter:  64:2        |ddm|: 3.306883e-05     Tr[DP]  1.417746e-01
 iter:  65:1        |ddm|: 2.187470e-05     Tr[DP]  1.417746e-01
 iter:  65:2        |ddm|: 3.229043e-05     Tr[DP]  1.417746e-01
 iter:  66:1        |ddm|: 2.020357e-05     Tr[DP]  1.417746e-01
 iter:  66:2        |ddm|: 3.001931e-05     Tr[DP]  1.417746e-01
 iter:  67:1        |ddm|: 1.973209e-05     Tr[DP]  1.417746e-01
 iter:  67:2        |ddm|: 2.861514e-05     Tr[DP]  1.417746e-01
 iter:  68:1        |ddm|: 1.877597e-05     Tr[DP]  1.417746e-01
 iter:  68:2        |ddm|: 2.764928e-05     Tr[DP]  1.417746e-01
 iter:  69:1        |ddm|: 1.807610e-05     Tr[DP]  1.417746e-01
 iter:  69:2        |ddm|: 2.612876e-05     Tr[DP]  1.417746e-01
 iter:  70:1        |ddm|: 1.814162e-05     Tr[DP]  1.417746e-01
 iter:  70:2        |ddm|: 2.532206e-05     Tr[DP]  1.417746e-01
 iter:  71:1        |ddm|: 1.986047e-05     Tr[DP]  1.417746e-01
 iter:  71:2        |ddm|: 2.551378e-05     Tr[DP]  1.417746e-01
 iter:  72:1        |ddm|: 1.759578e-05     Tr[DP]  1.417746e-01
 iter:  72:2        |ddm|: 2.487998e-05     Tr[DP]  1.417746e-01
 iter:  73:1        |ddm|: 1.597195e-05     Tr[DP]  1.417746e-01
 iter:  73:2        |ddm|: 2.264752e-05     Tr[DP]  1.417746e-01
 iter:  74:1        |ddm|: 1.527108e-05     Tr[DP]  1.417746e-01
 iter:  74:2        |ddm|: 2.186367e-05     Tr[DP]  1.417747e-01
 iter:  75:1        |ddm|: 1.475395e-05     Tr[DP]  1.417746e-01
 iter:  75:2        |ddm|: 2.094993e-05     Tr[DP]  1.417747e-01
 iter:  76:1        |ddm|: 1.422047e-05     Tr[DP]  1.417747e-01
 iter:  76:2        |ddm|: 2.016021e-05     Tr[DP]  1.417747e-01
 iter:  77:1        |ddm|: 1.380166e-05     Tr[DP]  1.417747e-01
 iter:  77:2        |ddm|: 1.941202e-05     Tr[DP]  1.417747e-01
 iter:  78:1        |ddm|: 1.571571e-05     Tr[DP]  1.417747e-01
 iter:  78:2        |ddm|: 1.969597e-05     Tr[DP]  1.417747e-01
 iter:  79:1        |ddm|: 1.536910e-05     Tr[DP]  1.417747e-01
 iter:  79:2        |ddm|: 2.037777e-05     Tr[DP]  1.417747e-01
 iter:  80:1        |ddm|: 1.128433e-05     Tr[DP]  1.417747e-01
 iter:  80:2        |ddm|: 1.697715e-05     Tr[DP]  1.417747e-01
 iter:  81:1        |ddm|: 1.112881e-05     Tr[DP]  1.417747e-01
 iter:  81:2        |ddm|: 1.598490e-05     Tr[DP]  1.417747e-01
 iter:  82:1        |ddm|: 1.130145e-05     Tr[DP]  1.417747e-01
 iter:  82:2        |ddm|: 1.556675e-05     Tr[DP]  1.417747e-01
 iter:  83:1        |ddm|: 1.077403e-05     Tr[DP]  1.417747e-01
 iter:  83:2        |ddm|: 1.504303e-05     Tr[DP]  1.417747e-01
 iter:  84:1        |ddm|: 1.016067e-05     Tr[DP]  1.417747e-01
 iter:  84:2        |ddm|: 1.446172e-05     Tr[DP]  1.417747e-01
 iter:  85:1        |ddm|: 9.698438e-06     Tr[DP]  1.417747e-01
 iter:  85:2        |ddm|: 1.405305e-05     Tr[DP]  1.417747e-01
 iter:  86:1        |ddm|: 9.119631e-06     Tr[DP]  1.417747e-01
 iter:  86:2        |ddm|: 1.343700e-05     Tr[DP]  1.417747e-01
 iter:  87:1        |ddm|: 8.187337e-06     Tr[DP]  1.417747e-01
 iter:  87:2        |ddm|: 1.242353e-05     Tr[DP]  1.417747e-01
 iter:  88:1        |ddm|: 7.322243e-06     Tr[DP]  1.417747e-01
 iter:  88:2        |ddm|: 1.127533e-05     Tr[DP]  1.417747e-01
 iter:  89:1        |ddm|: 6.981920e-06     Tr[DP]  1.417747e-01
 iter:  89:2        |ddm|: 1.070838e-05     Tr[DP]  1.417747e-01
 iter:  90:1        |ddm|: 6.758408e-06     Tr[DP]  1.417747e-01
 iter:  90:2        |ddm|: 1.000901e-05     Tr[DP]  1.417747e-01
 iter:  91:1        |ddm|: 6.753000e-06     Tr[DP]  1.417747e-01
 iter:  91:2        |ddm|: 9.674303e-06     Tr[DP]  1.417747e-01
 iter:  92:1        |ddm|: 6.656134e-06     Tr[DP]  1.417747e-01
 iter:  92:2        |ddm|: 9.387152e-06     Tr[DP]  1.417747e-01
 iter:  93:1        |ddm|: 6.384697e-06     Tr[DP]  1.417747e-01
 iter:  93:2        |ddm|: 9.070724e-06     Tr[DP]  1.417747e-01
 iter:  94:1        |ddm|: 6.326333e-06     Tr[DP]  1.417747e-01
 iter:  94:2        |ddm|: 8.805767e-06     Tr[DP]  1.417747e-01
 iter:  95:1        |ddm|: 5.883364e-06     Tr[DP]  1.417747e-01
 iter:  95:2        |ddm|: 8.491260e-06     Tr[DP]  1.417747e-01
 iter:  96:1        |ddm|: 5.632861e-06     Tr[DP]  1.417747e-01
 iter:  96:2        |ddm|: 8.115886e-06     Tr[DP]  1.417747e-01
 iter:  97:1        |ddm|: 5.395905e-06     Tr[DP]  1.417747e-01
 iter:  97:2        |ddm|: 7.790208e-06     Tr[DP]  1.417747e-01
 iter:  98:1        |ddm|: 5.247046e-06     Tr[DP]  1.417747e-01
 iter:  98:2        |ddm|: 7.481478e-06     Tr[DP]  1.417747e-01
 iter:  99:1        |ddm|: 5.035636e-06     Tr[DP]  1.417747e-01
 iter:  99:2        |ddm|: 7.206340e-06     Tr[DP]  1.417747e-01
 iter: 100:1        |ddm|: 1.303147e-05     Tr[DP]  1.417747e-01
 iter: 100:2        |ddm|: 1.234545e-05     Tr[DP]  1.417747e-01
 iter: 101:1        |ddm|: 1.550175e-05     Tr[DP]  1.417747e-01
 iter: 101:2        |ddm|: 1.564500e-05     Tr[DP]  1.417747e-01
 iter: 102:1        |ddm|: 3.779192e-06     Tr[DP]  1.417747e-01
 iter: 102:2        |ddm|: 6.105824e-06     Tr[DP]  1.417747e-01
 iter: 103:1        |ddm|: 3.637217e-06     Tr[DP]  1.417747e-01
 iter: 103:2        |ddm|: 5.525040e-06     Tr[DP]  1.417747e-01
 iter: 104:1        |ddm|: 3.576676e-06     Tr[DP]  1.417747e-01
 iter: 104:2        |ddm|: 5.345573e-06     Tr[DP]  1.417747e-01
 iter: 105:1        |ddm|: 3.469231e-06     Tr[DP]  1.417747e-01
 iter: 105:2        |ddm|: 5.112715e-06     Tr[DP]  1.417747e-01
 iter: 106:1        |ddm|: 3.300537e-06     Tr[DP]  1.417747e-01
 iter: 106:2        |ddm|: 4.919610e-06     Tr[DP]  1.417747e-01
 iter: 107:1        |ddm|: 3.102390e-06     Tr[DP]  1.417747e-01
 iter: 107:2        |ddm|: 4.694575e-06     Tr[DP]  1.417747e-01
 iter: 108:1        |ddm|: 3.048251e-06     Tr[DP]  1.417747e-01
 iter: 108:2        |ddm|: 4.413701e-06     Tr[DP]  1.417747e-01
 iter: 109:1        |ddm|: 3.030391e-06     Tr[DP]  1.417747e-01
 iter: 109:2        |ddm|: 4.506369e-06     Tr[DP]  1.417747e-01
 iter: 110:1        |ddm|: 2.987639e-06     Tr[DP]  1.417747e-01
 iter: 110:2        |ddm|: 4.056612e-06     Tr[DP]  1.417747e-01
 iter: 111:1        |ddm|: 2.689899e-06     Tr[DP]  1.417747e-01
 iter: 111:2        |ddm|: 3.877521e-06     Tr[DP]  1.417747e-01
 iter: 112:1        |ddm|: 2.687674e-06     Tr[DP]  1.417747e-01
 iter: 112:2        |ddm|: 3.745690e-06     Tr[DP]  1.417747e-01
 iter: 113:1        |ddm|: 2.534767e-06     Tr[DP]  1.417747e-01
 iter: 113:2        |ddm|: 3.613565e-06     Tr[DP]  1.417747e-01
 iter: 114:1        |ddm|: 2.438716e-06     Tr[DP]  1.417747e-01
 iter: 114:2        |ddm|: 3.475198e-06     Tr[DP]  1.417747e-01
 iter: 115:1        |ddm|: 2.341029e-06     Tr[DP]  1.417747e-01
 iter: 115:2        |ddm|: 3.345318e-06     Tr[DP]  1.417747e-01
 iter: 116:1        |ddm|: 2.437580e-06     Tr[DP]  1.417747e-01
 iter: 116:2        |ddm|: 3.278093e-06     Tr[DP]  1.417747e-01
 iter: 117:1        |ddm|: 2.228741e-06     Tr[DP]  1.417747e-01
 iter: 117:2        |ddm|: 3.154099e-06     Tr[DP]  1.417747e-01
 iter: 118:1        |ddm|: 2.167029e-06     Tr[DP]  1.417747e-01
 iter: 118:2        |ddm|: 3.026793e-06     Tr[DP]  1.417747e-01
 iter: 119:1        |ddm|: 2.065837e-06     Tr[DP]  1.417747e-01
 iter: 119:2        |ddm|: 2.918202e-06     Tr[DP]  1.417747e-01
 iter: 120:1        |ddm|: 1.954798e-06     Tr[DP]  1.417747e-01
 iter: 120:2        |ddm|: 2.832026e-06     Tr[DP]  1.417747e-01
 iter: 121:1        |ddm|: 1.998410e-06     Tr[DP]  1.417747e-01
 iter: 121:2        |ddm|: 2.847971e-06     Tr[DP]  1.417747e-01
 iter: 122:1        |ddm|: 1.863193e-06     Tr[DP]  1.417747e-01
 iter: 122:2        |ddm|: 2.659338e-06     Tr[DP]  1.417747e-01
 iter: 123:1        |ddm|: 1.490926e-06     Tr[DP]  1.417747e-01
 iter: 123:2        |ddm|: 2.177959e-06     Tr[DP]  1.417747e-01
 iter: 124:1        |ddm|: 1.535419e-06     Tr[DP]  1.417747e-01
 iter: 124:2        |ddm|: 2.135765e-06     Tr[DP]  1.417747e-01
 iter: 125:1        |ddm|: 1.442218e-06     Tr[DP]  1.417747e-01
 iter: 125:2        |ddm|: 2.063610e-06     Tr[DP]  1.417747e-01
 iter: 126:1        |ddm|: 1.380831e-06     Tr[DP]  1.417747e-01
 iter: 126:2        |ddm|: 1.981817e-06     Tr[DP]  1.417747e-01
 iter: 127:1        |ddm|: 1.346653e-06     Tr[DP]  1.417747e-01
 iter: 127:2        |ddm|: 1.909564e-06     Tr[DP]  1.417747e-01
 iter: 128:1        |ddm|: 1.306248e-06     Tr[DP]  1.417747e-01
 iter: 128:2        |ddm|: 1.844253e-06     Tr[DP]  1.417747e-01
 iter: 129:1        |ddm|: 1.295803e-06     Tr[DP]  1.417747e-01
 iter: 129:2        |ddm|: 1.790356e-06     Tr[DP]  1.417747e-01
 iter: 130:1        |ddm|: 1.252672e-06     Tr[DP]  1.417747e-01
 iter: 130:2        |ddm|: 1.735221e-06     Tr[DP]  1.417747e-01
 iter: 131:1        |ddm|: 1.194381e-06     Tr[DP]  1.417747e-01
 iter: 131:2        |ddm|: 1.676158e-06     Tr[DP]  1.417747e-01
 iter: 132:1        |ddm|: 1.128544e-06     Tr[DP]  1.417747e-01
 iter: 132:2        |ddm|: 1.611346e-06     Tr[DP]  1.417747e-01
 iter: 133:1        |ddm|: 1.121185e-06     Tr[DP]  1.417747e-01
 iter: 133:2        |ddm|: 1.549211e-06     Tr[DP]  1.417747e-01
 iter: 134:1        |ddm|: 1.097981e-06     Tr[DP]  1.417747e-01
 iter: 134:2        |ddm|: 1.502089e-06     Tr[DP]  1.417747e-01
 iter: 135:1        |ddm|: 1.071071e-06     Tr[DP]  1.417747e-01
 iter: 135:2        |ddm|: 1.458133e-06     Tr[DP]  1.417747e-01
 iter: 136:1        |ddm|: 1.063213e-06     Tr[DP]  1.417747e-01
 iter: 136:2        |ddm|: 1.416025e-06     Tr[DP]  1.417747e-01
 iter: 137:1        |ddm|: 1.035438e-06     Tr[DP]  1.417747e-01
 iter: 137:2        |ddm|: 1.442238e-06     Tr[DP]  1.417747e-01
 iter: 138:1        |ddm|: 9.315286e-07     Tr[DP]  1.417747e-01
 iter: 138:2        |ddm|: 1.399600e-06     Tr[DP]  1.417747e-01
 iter: 139:1        |ddm|: 9.001026e-07     Tr[DP]  1.417747e-01
 iter: 139:2        |ddm|: 1.234841e-06     Tr[DP]  1.417747e-01
 iter: 140:1        |ddm|: 1.012587e-06     Tr[DP]  1.417747e-01
 iter: 140:2        |ddm|: 1.338309e-06     Tr[DP]  1.417747e-01
 iter: 141:1        |ddm|: 9.200281e-07     Tr[DP]  1.417747e-01
 iter: 141:2        |ddm|: 1.318256e-06     Tr[DP]  1.417747e-01
 iter: 142:1        |ddm|: 1.169483e-06     Tr[DP]  1.417747e-01
 iter: 142:2        |ddm|: 1.314166e-06     Tr[DP]  1.417747e-01
 iter: 143:1        |ddm|: 6.781492e-07     Tr[DP]  1.417747e-01
 iter: 143:2        |ddm|: 9.009254e-07     Tr[DP]  1.417747e-01
 iter: 144:1        |ddm|: 5.703948e-07     Tr[DP]  1.417747e-01
 iter: 144:2        |ddm|: 8.490180e-07     Tr[DP]  1.417747e-01
 iter: 145:1        |ddm|: 5.469569e-07     Tr[DP]  1.417747e-01
 iter: 145:2        |ddm|: 8.121958e-07     Tr[DP]  1.417747e-01
 iter: 146:1        |ddm|: 5.135631e-07     Tr[DP]  1.417747e-01
 iter: 146:2        |ddm|: 7.949150e-07     Tr[DP]  1.417747e-01
 iter: 147:1        |ddm|: 5.032383e-07     Tr[DP]  1.417747e-01
 iter: 147:2        |ddm|: 7.420240e-07     Tr[DP]  1.417747e-01
 iter: 148:1        |ddm|: 4.858164e-07     Tr[DP]  1.417747e-01
 iter: 148:2        |ddm|: 7.138091e-07     Tr[DP]  1.417747e-01
 iter: 149:1        |ddm|: 4.704731e-07     Tr[DP]  1.417747e-01
 iter: 149:2        |ddm|: 6.846033e-07     Tr[DP]  1.417747e-01
 iter: 150:1        |ddm|: 4.579585e-07     Tr[DP]  1.417747e-01
 iter: 150:2        |ddm|: 6.571226e-07     Tr[DP]  1.417747e-01
 iter: 151:1        |ddm|: 4.355428e-07     Tr[DP]  1.417747e-01
 iter: 151:2        |ddm|: 6.337869e-07     Tr[DP]  1.417747e-01
 iter: 152:1        |ddm|: 4.180542e-07     Tr[DP]  1.417747e-01
 iter: 152:2        |ddm|: 6.095774e-07     Tr[DP]  1.417747e-01
 iter: 153:1        |ddm|: 4.259552e-07     Tr[DP]  1.417747e-01
 iter: 153:2        |ddm|: 5.947473e-07     Tr[DP]  1.417747e-01
 iter: 154:1        |ddm|: 4.003522e-07     Tr[DP]  1.417747e-01
 iter: 154:2        |ddm|: 5.739367e-07     Tr[DP]  1.417747e-01
 iter: 155:1        |ddm|: 3.848845e-07     Tr[DP]  1.417747e-01
 iter: 155:2        |ddm|: 5.918360e-07     Tr[DP]  1.417747e-01
 iter: 156:1        |ddm|: 3.668013e-07     Tr[DP]  1.417747e-01
 iter: 156:2        |ddm|: 5.969886e-07     Tr[DP]  1.417747e-01
 iter: 157:1        |ddm|: 3.419210e-07     Tr[DP]  1.417747e-01
 iter: 157:2        |ddm|: 5.218897e-07     Tr[DP]  1.417747e-01
 iter: 158:1        |ddm|: 3.774463e-07     Tr[DP]  1.417747e-01
 iter: 158:2        |ddm|: 5.329073e-07     Tr[DP]  1.417747e-01
 iter: 159:1        |ddm|: 3.062494e-07     Tr[DP]  1.417747e-01
 iter: 159:2        |ddm|: 4.677732e-07     Tr[DP]  1.417747e-01
 iter: 160:1        |ddm|: 2.948330e-07     Tr[DP]  1.417747e-01
 iter: 160:2        |ddm|: 4.027066e-07     Tr[DP]  1.417747e-01
 iter: 161:1        |ddm|: 2.694162e-07     Tr[DP]  1.417747e-01
 iter: 161:2        |ddm|: 3.865559e-07     Tr[DP]  1.417747e-01
 iter: 162:1        |ddm|: 2.578882e-07     Tr[DP]  1.417747e-01
 iter: 162:2        |ddm|: 3.719831e-07     Tr[DP]  1.417747e-01
 iter: 163:1        |ddm|: 2.483414e-07     Tr[DP]  1.417747e-01
 iter: 163:2        |ddm|: 3.576289e-07     Tr[DP]  1.417747e-01
 iter: 164:1        |ddm|: 2.421158e-07     Tr[DP]  1.417747e-01
 iter: 164:2        |ddm|: 3.445386e-07     Tr[DP]  1.417747e-01
 iter: 165:1        |ddm|: 2.343899e-07     Tr[DP]  1.417747e-01
 iter: 165:2        |ddm|: 3.325612e-07     Tr[DP]  1.417747e-01
 iter: 166:1        |ddm|: 2.496265e-07     Tr[DP]  1.417747e-01
 iter: 166:2        |ddm|: 3.300629e-07     Tr[DP]  1.417747e-01
 iter: 167:1        |ddm|: 2.213309e-07     Tr[DP]  1.417747e-01
 iter: 167:2        |ddm|: 3.183318e-07     Tr[DP]  1.417747e-01
 iter: 168:1        |ddm|: 2.054552e-07     Tr[DP]  1.417747e-01
 iter: 168:2        |ddm|: 2.972779e-07     Tr[DP]  1.417747e-01
 iter: 169:1        |ddm|: 1.972005e-07     Tr[DP]  1.417747e-01
 iter: 169:2        |ddm|: 2.850498e-07     Tr[DP]  1.417747e-01
 iter: 170:1        |ddm|: 1.909323e-07     Tr[DP]  1.417747e-01
 iter: 170:2        |ddm|: 2.848097e-07     Tr[DP]  1.417747e-01
 iter: 171:1        |ddm|: 2.166952e-07     Tr[DP]  1.417747e-01
 iter: 171:2        |ddm|: 2.986482e-07     Tr[DP]  1.417747e-01
 iter: 172:1        |ddm|: 1.578900e-07     Tr[DP]  1.417747e-01
 iter: 172:2        |ddm|: 2.401355e-07     Tr[DP]  1.417747e-01
 iter: 173:1        |ddm|: 1.570136e-07     Tr[DP]  1.417747e-01
 iter: 173:2        |ddm|: 2.260265e-07     Tr[DP]  1.417747e-01
 iter: 174:1        |ddm|: 1.483359e-07     Tr[DP]  1.417747e-01
 iter: 174:2        |ddm|: 2.151461e-07     Tr[DP]  1.417747e-01
 iter: 175:1        |ddm|: 1.429930e-07     Tr[DP]  1.417747e-01
 iter: 175:2        |ddm|: 2.065508e-07     Tr[DP]  1.417747e-01
 iter: 176:1        |ddm|: 1.376847e-07     Tr[DP]  1.417747e-01
 iter: 176:2        |ddm|: 1.984673e-07     Tr[DP]  1.417747e-01
 iter: 177:1        |ddm|: 1.301760e-07     Tr[DP]  1.417747e-01
 iter: 177:2        |ddm|: 1.893085e-07     Tr[DP]  1.417747e-01
 iter: 178:1        |ddm|: 1.229925e-07     Tr[DP]  1.417747e-01
 iter: 178:2        |ddm|: 1.797982e-07     Tr[DP]  1.417747e-01
 iter: 179:1        |ddm|: 1.175202e-07     Tr[DP]  1.417747e-01
 iter: 179:2        |ddm|: 1.717677e-07     Tr[DP]  1.417747e-01
 iter: 180:1        |ddm|: 1.123071e-07     Tr[DP]  1.417747e-01
 iter: 180:2        |ddm|: 1.632325e-07     Tr[DP]  1.417747e-01
 iter: 181:1        |ddm|: 1.075795e-07     Tr[DP]  1.417747e-01
 iter: 181:2        |ddm|: 1.561795e-07     Tr[DP]  1.417747e-01
 iter: 182:1        |ddm|: 1.031986e-07     Tr[DP]  1.417747e-01
 iter: 182:2        |ddm|: 1.496167e-07     Tr[DP]  1.417747e-01
 iter: 183:1        |ddm|: 9.908294e-08     Tr[DP]  1.417747e-01
 iter: 183:2        |ddm|: 1.435430e-07     Tr[DP]  1.417747e-01
 iter: 184:1        |ddm|: 9.492430e-08     Tr[DP]  1.417747e-01
 iter: 184:2        |ddm|: 1.378558e-07     Tr[DP]  1.417747e-01
 iter: 185:1        |ddm|: 9.080341e-08     Tr[DP]  1.417747e-01
 iter: 185:2        |ddm|: 1.321287e-07     Tr[DP]  1.417747e-01
 iter: 186:1        |ddm|: 8.681162e-08     Tr[DP]  1.417747e-01
 iter: 186:2        |ddm|: 1.264292e-07     Tr[DP]  1.417747e-01
 iter: 187:1        |ddm|: 8.300599e-08     Tr[DP]  1.417747e-01
 iter: 187:2        |ddm|: 1.208291e-07     Tr[DP]  1.417747e-01
 iter: 188:1        |ddm|: 7.939446e-08     Tr[DP]  1.417747e-01
 iter: 188:2        |ddm|: 1.155913e-07     Tr[DP]  1.417747e-01
 iter: 189:1        |ddm|: 7.598258e-08     Tr[DP]  1.417747e-01
 iter: 189:2        |ddm|: 1.106101e-07     Tr[DP]  1.417747e-01
 iter: 190:1        |ddm|: 7.276238e-08     Tr[DP]  1.417747e-01
 iter: 190:2        |ddm|: 1.058858e-07     Tr[DP]  1.417747e-01
 iter: 191:1        |ddm|: 6.969061e-08     Tr[DP]  1.417747e-01
 iter: 191:2        |ddm|: 1.014264e-07     Tr[DP]  1.417747e-01
 iter: 192:1        |ddm|: 6.673745e-08     Tr[DP]  1.417747e-01
 iter: 192:2        |ddm|: 9.721615e-08     Tr[DP]  1.417747e-01
 iter: 193:1        |ddm|: 6.388682e-08     Tr[DP]  1.417747e-01
 iter: 193:2        |ddm|: 9.302638e-08     Tr[DP]  1.417747e-01
 iter: 194:1        |ddm|: 6.115227e-08     Tr[DP]  1.417747e-01
 iter: 194:2        |ddm|: 8.906679e-08     Tr[DP]  1.417747e-01
 iter: 195:1        |ddm|: 5.852806e-08     Tr[DP]  1.417747e-01
 iter: 195:2        |ddm|: 8.525852e-08     Tr[DP]  1.417747e-01
 iter: 196:1        |ddm|: 5.601628e-08     Tr[DP]  1.417747e-01
 iter: 196:2        |ddm|: 8.160993e-08     Tr[DP]  1.417747e-01
 iter: 197:1        |ddm|: 5.361773e-08     Tr[DP]  1.417747e-01
 iter: 197:2        |ddm|: 7.811961e-08     Tr[DP]  1.417747e-01
 iter: 198:1        |ddm|: 5.132943e-08     Tr[DP]  1.417747e-01
 iter: 198:2        |ddm|: 7.478540e-08     Tr[DP]  1.417747e-01
 iter: 199:1        |ddm|: 4.914268e-08     Tr[DP]  1.417747e-01
 iter: 199:2        |ddm|: 7.163472e-08     Tr[DP]  1.417747e-01
 iter: 200:1        |ddm|: 4.704778e-08     Tr[DP]  1.417747e-01
 iter: 200:2        |ddm|: 6.855956e-08     Tr[DP]  1.417747e-01
 iter: 201:1        |ddm|: 4.504132e-08     Tr[DP]  1.417747e-01
 iter: 201:2        |ddm|: 6.563762e-08     Tr[DP]  1.417747e-01
 iter: 202:1        |ddm|: 4.311855e-08     Tr[DP]  1.417747e-01
 iter: 202:2        |ddm|: 6.284093e-08     Tr[DP]  1.417747e-01
 iter: 203:1        |ddm|: 4.127649e-08     Tr[DP]  1.417747e-01
 iter: 203:2        |ddm|: 6.015988e-08     Tr[DP]  1.417747e-01
 iter: 204:1        |ddm|: 3.951246e-08     Tr[DP]  1.417747e-01
 iter: 204:2        |ddm|: 5.759321e-08     Tr[DP]  1.417747e-01
 iter: 205:1        |ddm|: 3.782491e-08     Tr[DP]  1.417747e-01
 iter: 205:2        |ddm|: 5.513336e-08     Tr[DP]  1.417747e-01
 iter: 206:1        |ddm|: 3.621072e-08     Tr[DP]  1.417747e-01
 iter: 206:2        |ddm|: 5.279363e-08     Tr[DP]  1.417747e-01
 iter: 207:1        |ddm|: 3.466595e-08     Tr[DP]  1.417747e-01
 iter: 207:2        |ddm|: 5.054081e-08     Tr[DP]  1.417747e-01
 iter: 208:1        |ddm|: 3.318745e-08     Tr[DP]  1.417747e-01
 iter: 208:2        |ddm|: 4.838104e-08     Tr[DP]  1.417747e-01
 iter: 209:1        |ddm|: 3.177177e-08     Tr[DP]  1.417747e-01
 iter: 209:2        |ddm|: 4.631750e-08     Tr[DP]  1.417747e-01
 iter: 210:1        |ddm|: 3.041615e-08     Tr[DP]  1.417747e-01
 iter: 210:2        |ddm|: 4.434250e-08     Tr[DP]  1.417747e-01
 iter: 211:1        |ddm|: 2.911791e-08     Tr[DP]  1.417747e-01
 iter: 211:2        |ddm|: 4.245179e-08     Tr[DP]  1.417747e-01
 iter: 212:1        |ddm|: 2.787514e-08     Tr[DP]  1.417747e-01
 iter: 212:2        |ddm|: 4.063970e-08     Tr[DP]  1.417747e-01
 iter: 213:1        |ddm|: 2.668571e-08     Tr[DP]  1.417747e-01
 iter: 213:2        |ddm|: 3.890839e-08     Tr[DP]  1.417747e-01
 iter: 214:1        |ddm|: 2.554717e-08     Tr[DP]  1.417747e-01
 iter: 214:2        |ddm|: 3.725246e-08     Tr[DP]  1.417747e-01
 iter: 215:1        |ddm|: 2.445744e-08     Tr[DP]  1.417747e-01
 iter: 215:2        |ddm|: 3.566251e-08     Tr[DP]  1.417747e-01
 iter: 216:1        |ddm|: 2.341419e-08     Tr[DP]  1.417747e-01
 iter: 216:2        |ddm|: 3.413961e-08     Tr[DP]  1.417747e-01
 iter: 217:1        |ddm|: 2.241541e-08     Tr[DP]  1.417747e-01
 iter: 217:2        |ddm|: 3.268327e-08     Tr[DP]  1.417747e-01
 iter: 218:1        |ddm|: 2.145905e-08     Tr[DP]  1.417747e-01
 iter: 218:2        |ddm|: 3.128939e-08     Tr[DP]  1.417747e-01
 iter: 219:1        |ddm|: 2.054345e-08     Tr[DP]  1.417747e-01
 iter: 219:2        |ddm|: 2.995439e-08     Tr[DP]  1.417747e-01
 iter: 220:1        |ddm|: 1.966705e-08     Tr[DP]  1.417747e-01
 iter: 220:2        |ddm|: 2.867615e-08     Tr[DP]  1.417747e-01
 iter: 221:1        |ddm|: 1.882807e-08     Tr[DP]  1.417747e-01
 iter: 221:2        |ddm|: 2.745523e-08     Tr[DP]  1.417747e-01
 iter: 222:1        |ddm|: 1.802499e-08     Tr[DP]  1.417747e-01
 iter: 222:2        |ddm|: 2.628556e-08     Tr[DP]  1.417747e-01
 iter: 223:1        |ddm|: 1.725619e-08     Tr[DP]  1.417747e-01
 iter: 223:2        |ddm|: 2.516355e-08     Tr[DP]  1.417747e-01
 iter: 224:1        |ddm|: 1.652010e-08     Tr[DP]  1.417747e-01
 iter: 224:2        |ddm|: 2.408954e-08     Tr[DP]  1.417747e-01
 iter: 225:1        |ddm|: 1.581538e-08     Tr[DP]  1.417747e-01
 iter: 225:2        |ddm|: 2.306189e-08     Tr[DP]  1.417747e-01
 iter: 226:1        |ddm|: 1.514070e-08     Tr[DP]  1.417747e-01
 iter: 226:2        |ddm|: 2.207829e-08     Tr[DP]  1.417747e-01
 iter: 227:1        |ddm|: 1.449477e-08     Tr[DP]  1.417747e-01
 iter: 227:2        |ddm|: 2.113582e-08     Tr[DP]  1.417747e-01
 iter: 228:1        |ddm|: 1.387651e-08     Tr[DP]  1.417747e-01
 iter: 228:2        |ddm|: 2.023460e-08     Tr[DP]  1.417747e-01
 iter: 229:1        |ddm|: 1.328467e-08     Tr[DP]  1.417747e-01
 iter: 229:2        |ddm|: 1.937280e-08     Tr[DP]  1.417747e-01
 iter: 230:1        |ddm|: 1.271807e-08     Tr[DP]  1.417747e-01
 iter: 230:2        |ddm|: 1.854695e-08     Tr[DP]  1.417747e-01
 iter: 231:1        |ddm|: 1.217565e-08     Tr[DP]  1.417747e-01
 iter: 231:2        |ddm|: 1.775542e-08     Tr[DP]  1.417747e-01
 iter: 232:1        |ddm|: 1.165630e-08     Tr[DP]  1.417747e-01
 iter: 232:2        |ddm|: 1.699754e-08     Tr[DP]  1.417747e-01
 iter: 233:1        |ddm|: 1.115901e-08     Tr[DP]  1.417747e-01
 iter: 233:2        |ddm|: 1.627267e-08     Tr[DP]  1.417747e-01
 iter: 234:1        |ddm|: 1.068299e-08     Tr[DP]  1.417747e-01
 iter: 234:2        |ddm|: 1.557830e-08     Tr[DP]  1.417747e-01
 iter: 235:1        |ddm|: 1.022726e-08     Tr[DP]  1.417747e-01
 iter: 235:2        |ddm|: 1.491360e-08     Tr[DP]  1.417747e-01
 iter: 236:1        |ddm|: 9.791067e-09     Tr[DP]  1.417747e-01
 iter: 236:2        |ddm|: 1.427795e-08     Tr[DP]  1.417747e-01
 iter: 237:1        |ddm|: 9.373482e-09     Tr[DP]  1.417747e-01
 iter: 237:2        |ddm|: 1.366952e-08     Tr[DP]  1.417747e-01
 iter: 238:1        |ddm|: 8.973712e-09     Tr[DP]  1.417747e-01
 iter: 238:2        |ddm|: 1.308670e-08     Tr[DP]  1.417747e-01
 iter: 239:1        |ddm|: 8.590990e-09     Tr[DP]  1.417747e-01
 iter: 239:2        |ddm|: 1.252799e-08     Tr[DP]  1.417747e-01
 iter: 240:1        |ddm|: 8.224539e-09     Tr[DP]  1.417747e-01
 iter: 240:2        |ddm|: 1.199341e-08     Tr[DP]  1.417747e-01
 iter: 241:1        |ddm|: 7.873709e-09     Tr[DP]  1.417747e-01
 iter: 241:2        |ddm|: 1.148180e-08     Tr[DP]  1.417747e-01
 iter: 242:1        |ddm|: 7.537828e-09     Tr[DP]  1.417747e-01
 iter: 242:2        |ddm|: 1.099193e-08     Tr[DP]  1.417747e-01
 iter: 243:1        |ddm|: 7.216288e-09     Tr[DP]  1.417747e-01
 iter: 243:2        |ddm|: 1.052324e-08     Tr[DP]  1.417747e-01
 iter: 244:1        |ddm|: 6.908520e-09     Tr[DP]  1.417747e-01
 iter: 244:2        |ddm|: 1.007475e-08     Tr[DP]  1.417747e-01
 iter: 245:1        |ddm|: 6.613906e-09     Tr[DP]  1.417747e-01
 iter: 245:2        |ddm|: 9.645309e-09     Tr[DP]  1.417747e-01
 iter: 246:1        |ddm|: 6.331828e-09     Tr[DP]  1.417747e-01
 iter: 246:2        |ddm|: 9.233843e-09     Tr[DP]  1.417747e-01
 iter: 247:1        |ddm|: 6.061766e-09     Tr[DP]  1.417747e-01
 iter: 247:2        |ddm|: 8.839794e-09     Tr[DP]  1.417747e-01
 iter: 248:1        |ddm|: 5.803202e-09     Tr[DP]  1.417747e-01
 iter: 248:2        |ddm|: 8.462618e-09     Tr[DP]  1.417747e-01
 iter: 249:1        |ddm|: 5.555675e-09     Tr[DP]  1.417747e-01
 iter: 249:2        |ddm|: 8.101457e-09     Tr[DP]  1.417747e-01
 iter: 250:1        |ddm|: 5.318663e-09     Tr[DP]  1.417747e-01
 iter: 250:2        |ddm|: 7.755769e-09     Tr[DP]  1.417747e-01
 iter: 251:1        |ddm|: 5.091779e-09     Tr[DP]  1.417747e-01
 iter: 251:2        |ddm|: 7.425234e-09     Tr[DP]  1.417747e-01
 iter: 252:1        |ddm|: 4.874688e-09     Tr[DP]  1.417747e-01
 iter: 252:2        |ddm|: 7.108741e-09     Tr[DP]  1.417747e-01
 iter: 253:1        |ddm|: 4.666778e-09     Tr[DP]  1.417747e-01
 iter: 253:2        |ddm|: 6.805761e-09     Tr[DP]  1.417747e-01
 iter: 254:1        |ddm|: 4.467737e-09     Tr[DP]  1.417747e-01
 iter: 254:2        |ddm|: 6.515308e-09     Tr[DP]  1.417747e-01
 iter: 255:1        |ddm|: 4.277169e-09     Tr[DP]  1.417747e-01
 iter: 255:2        |ddm|: 6.237312e-09     Tr[DP]  1.417747e-01
 iter: 256:1        |ddm|: 4.094704e-09     Tr[DP]  1.417747e-01
 iter: 256:2        |ddm|: 5.971031e-09     Tr[DP]  1.417747e-01
 iter: 257:1        |ddm|: 3.920079e-09     Tr[DP]  1.417747e-01
 iter: 257:2        |ddm|: 5.716503e-09     Tr[DP]  1.417747e-01
                           Freeze-and-Thaw converged!                           

=================== Subsystem 1 at higher mean-field method ====================
  subiter:   1      |ddm|: 9.913479e-01
  subiter:   2      |ddm|: 1.646858e-01
  subiter:   3      |ddm|: 2.262720e-02
  subiter:   4      |ddm|: 2.049555e-02
  subiter:   5      |ddm|: 3.002111e-03
  subiter:   6      |ddm|: 7.153192e-04
  subiter:   7      |ddm|: 2.002328e-04
  subiter:   8      |ddm|: 4.011307e-05
  subiter:   9      |ddm|: 1.139375e-05
  subiter:  10      |ddm|: 6.789604e-06
  subiter:  11      |ddm|: 1.132679e-06
  subiter:  12      |ddm|: 3.095803e-07
  subiter:  13      |ddm|: 4.016911e-08
  subiter:  14      |ddm|: 5.283115e-08
  subiter:  15      |ddm|: 3.254416e-09


******** <class 'pyscf.scf.hf.RHF'> flags ********
method = RHF
initial guess = minao
damping factor = 0
level shift factor = 0
DIIS = <class 'pyscf.scf.diis.CDIIS'>
DIIS start cycle = 1
DIIS space = 8
SCF tol = 1e-09
SCF gradient tol = None
max. SCF cycles = 100
direct_scf = True
direct_scf_tol = 1e-13
chkfile to save SCF result = /panfs/roc/scratch/graha682/pbe/201711_ccpVDZ_NEVPT2_pbe_89_8c12h24/tmpyknqny
max_memory 4000 MB (current use 2650 MB)
Set gradient conv threshold to 3.16228e-05
init E= -301.164475224515
  HOMO = -0.452940280054882  LUMO = 0.173926268257692
cycle= 1 E= -301.164475224517  delta_E= -2.16e-12  |g|= 2.3e-09  |ddm|= 9.43e-09
  HOMO = -0.452940280189245  LUMO = 0.173926268295147
Extra cycle  E= -301.164475224516  delta_E= 1.02e-12  |g|= 9.67e-10  |ddm|= 3.92e-09
converged SCF energy = -301.164475224516


******** <class 'pyscf.dft.rks.RKS'> flags ********
method = RKS
initial guess = atom
damping factor = 0
level shift factor = 0.0
DIIS = <class 'pyscf.scf.diis.CDIIS'>
DIIS start cycle = 1
DIIS space = 8
SCF tol = 1e-08
SCF gradient tol = 1e-08
max. SCF cycles = 1
direct_scf = True
direct_scf_tol = 1e-13
chkfile to save SCF result = /panfs/roc/scratch/graha682/pbe/201711_ccpVDZ_NEVPT2_pbe_89_8c12h24/tmp8j7aGu
max_memory 4000 MB (current use 2651 MB)
XC functionals = pbe
small_rho_cutoff = 1e-20
radial grids: Treutler-Ahlrichs (JCP 102, 346 (M4)) radial grids
becke partition: Becke, JCP, 88, 2547 (1988)
pruning grids: <function nwchem_prune at 0x17df578>
grids dens level: 4
symmetrized grids: False
atomic radii adjust function: <function treutler_atomic_radii_adjust at 0x17df410>
init E= -300.936051986015
  HOMO = -0.246044873496953  LUMO = 0.0476517560461893
cycle= 1 E= -300.936051986016  delta_E= -4.55e-13  |g|= 8.89e-10  |ddm|= 3.75e-09
  HOMO = -0.246044873497188  LUMO = 0.0476517560460447
Extra cycle  E= -300.936051986015  delta_E= 3.41e-13  |g|= 6.54e-10  |ddm|= 1.78e-09
converged SCF energy = -300.936051986015
 iter: 258:1        |ddm|: 1.174993e+00     Tr[DP]  2.141128e-01

******** <class 'pyscf.mcscf.mc1step.CASSCF'> flags ********
CAS (1e+1e, 2o), ncore = 30, nvir = 155
max_cycle_macro = 50
max_cycle_micro = 4
conv_tol = 1e-07
conv_tol_grad = None
orbital rotation max_stepsize = 0.02
augmented hessian ah_max_cycle = 30
augmented hessian ah_conv_tol = 1e-12
augmented hessian ah_linear dependence = 1e-14
augmented hessian ah_level shift = 0
augmented hessian ah_start_tol = 2.5
augmented hessian ah_start_cycle = 3
augmented hessian ah_grad_trust_region = 3
kf_trust_region = 3
kf_interval = 4
ci_response_space = 4
ci_grad_trust_region = 3
with_dep4 0
natorb = False
canonicalization = True
sorting_mo_energy = False
chkfile = /panfs/roc/scratch/graha682/pbe/201711_ccpVDZ_NEVPT2_pbe_89_8c12h24/tmpyknqny
max_memory 4000 MB (current use 2661 MB)
internal_rotation = False
******** <class 'pyscf.fci.direct_spin1.FCISolver'> flags ********
max. cycles = 50
conv_tol = 1e-08
davidson only = False
linear dependence = 1e-10
level shift = 0.001
max iter space = 12
max_memory 4000 MB
nroots = 1
pspace_size = 400
spin = None
CASCI E = -301.164477311343  S^2 = 0.0000000
Set conv_tol_grad to 0.000316228
macro iter 1 (1 JK  1 micro), CASSCF E = -301.164477311343  dE = -5.6843419e-14  S^2 = 0.0000000
               |grad[o]|=1.67e-05  |grad[c]|= 2.31788102469e-14  |ddm|=    0
1-step CASSCF converged in 1 macro (1 JK 1 micro) steps
CASSCF canonicalization
CASSCF energy = -301.164477311343
Hartree-Fock Energy:  -301.16447522451585
CAS Correlation:       -0.00000208682673
CAS Energy:          -301.16447731134258
Sr    (-1)',   E = -0.00001828198178
Si    (+1)',   E = -0.00000228293284
Sijrs (0)  ,   E = -0.94160590491677
Sijr  (+1) ,   E = -0.01777575497518
Srsi  (-1) ,   E = -0.11997062118258
Srs   (-2) ,   E = -0.00604831225625
Sij   (+2) ,   E = -0.00035731276087
Sir   (0)' ,   E = -0.00185013309080
Nevpt2 Energy = -1.087628604097069
NEVPT2 =   -1.087628604097069
Total NEVPT2 = -302.252105915439643

============================== Supermolecular DFT ==============================
  subiter:   1      |ddm|: 4.223315e+00
  subiter:   2      |ddm|: 1.565377e+00
  subiter:   3      |ddm|: 1.058239e+00
  subiter:   4      |ddm|: 1.407806e-01
  subiter:   5      |ddm|: 6.422620e-02
  subiter:   6      |ddm|: 1.958628e-02
  subiter:   7      |ddm|: 4.158183e-03
  subiter:   8      |ddm|: 1.304514e-03
  subiter:   9      |ddm|: 4.775332e-04
  subiter:  10      |ddm|: 1.966696e-04
  subiter:  11      |ddm|: 7.234878e-05
  subiter:  12      |ddm|: 2.918326e-05
  subiter:  13      |ddm|: 8.128008e-06
  subiter:  14      |ddm|: 2.967933e-06
  subiter:  15      |ddm|: 1.310622e-06
  subiter:  16      |ddm|: 7.163746e-07
  subiter:  17      |ddm|: 1.638990e-07
  subiter:  18      |ddm|: 6.233792e-08
  subiter:  19      |ddm|: 3.847473e-08
  subiter:  20      |ddm|: 1.177737e-08
  subiter:  21      |ddm|: 6.945534e-09


******** <class 'pyscf.dft.rks.RKS'> flags ********
method = RKS
initial guess = atom
damping factor = 0
level shift factor = 0.0
DIIS = <class 'pyscf.scf.diis.CDIIS'>
DIIS start cycle = 1
DIIS space = 8
SCF tol = 1e-08
SCF gradient tol = 1e-08
max. SCF cycles = 100
direct_scf = True
direct_scf_tol = 1e-13
chkfile to save SCF result = /panfs/roc/scratch/graha682/pbe/201711_ccpVDZ_NEVPT2_pbe_89_8c12h24/tmp0xfCPC
max_memory 4000 MB (current use 2684 MB)
XC functionals = pbe
small_rho_cutoff = 1e-20
radial grids: Treutler-Ahlrichs (JCP 102, 346 (M4)) radial grids
becke partition: Becke, JCP, 88, 2547 (1988)
pruning grids: <function nwchem_prune at 0x17df578>
grids dens level: 4
symmetrized grids: False
atomic radii adjust function: <function treutler_atomic_radii_adjust at 0x17df410>
init E= -467.85546492996
  HOMO = -0.168189890608281  LUMO = -0.0037008251622664
cycle= 1 E= -467.855464929957  delta_E= 2.73e-12  |g|= 1.3e-08  |ddm|= 1.76e-08
  HOMO = -0.168189890253011  LUMO = -0.00370082495400506
cycle= 2 E= -467.855464929959  delta_E= -1.59e-12  |g|= 3.42e-08  |ddm|= 4.17e-08
  HOMO = -0.168189890322395  LUMO = -0.00370082483764053
cycle= 3 E= -467.855464929958  delta_E= 9.09e-13  |g|= 3.28e-08  |ddm|= 5.91e-08
  HOMO = -0.168189890498611  LUMO = -0.00370082509401216
cycle= 4 E= -467.855464929959  delta_E= -9.09e-13  |g|= 1.83e-09  |ddm|= 2.99e-08
  HOMO = -0.168189890319733  LUMO = -0.00370082491768087
Extra cycle  E= -467.855464929963  delta_E= -4.55e-12  |g|= 3.8e-09  |ddm|= 4.94e-09
converged SCF energy = -467.855464929963
Supermolecular DFT   -467.85546492995900

============================== Embedding Energies ==============================
Subsystem DFT              -300.93605198601540
Interaction                -166.39489805407470
DFT-in-DFT                 -467.33095004009010
Supermolecular DFT         -467.85546492995900
Difference                   -0.52451488986890
Corrected DFT-in-DFT       -467.85546492995900
WF-in-DFT                  -468.64700396951434
Corrected WF-in-DFT        -469.17151885938324
================================================================================
TIMING STATISTICS:
     overlap integrals      0.05s   ( 0.00%)
    initial subsystems      0.16s   ( 0.00%)
           2e matrices   3572.08s   (89.97%)
      tot. embed. of 1   3594.95s   (90.55%)
      tot. embed. of 2      1.09s   ( 0.03%)
       freeze and thaw   3596.07s   (90.57%)
                   cas      2.86s   ( 0.07%)
                nevpt2      2.00s   ( 0.05%)
  interaction energies    365.83s   ( 9.21%)
                 TOTAL   3970.31s
================================================================================

********************************************************************************
*                              END OF CALCULATION                              *
********************************************************************************
