********************************************************************************
*                         FREEZE-AND-THAW CALCULATION                          *
********************************************************************************

================================== Input File ==================================

subsystem
C         -6.76614       -0.51035       -0.00622
C         -5.53177        0.34984        0.17923
H         -7.69650        0.05103        0.17230
H         -6.76055       -1.37024        0.68519
H         -6.81731       -0.91930       -1.02974
C         -4.23676       -0.40633       -0.06077
H         -5.51766        0.77659        1.20047
H         -5.57269        1.22243       -0.50061
charge -1
end

subsystem
C         -2.99121        0.44120        0.12076
H         -4.24510       -0.83473       -1.08325
H         -4.18990       -1.28036        0.61963
C         -1.69736       -0.31546       -0.11703
H         -2.98381        0.87038        1.14273
H         -3.03741        1.31414       -0.56080
C         -0.45201        0.53276        0.06381
H         -1.70463       -0.74532       -1.13867
H         -1.65044       -1.18788        0.56508
C          0.84156       -0.22510       -0.17191
H         -0.44519        0.96372        1.08496
H         -0.49776        1.40438       -0.61937
C          2.08655        0.62421        0.00794
H          0.83455       -0.65680       -1.19271
H          0.88815       -1.09588        0.51203
C          3.37673       -0.14026       -0.22619
H          2.09360        1.05630        1.02833
H          2.04175        1.49393       -0.67736
C          4.62096        0.71825       -0.03244
H          3.37520       -0.56606       -1.24883
H          3.43030       -1.01093        0.45506
C          5.84712       -0.09378       -0.32111
H          4.63736        1.10617        1.00467
H          4.54473        1.60521       -0.69126
C          6.53574       -0.86165        0.53375
H          6.87236       -1.86730        0.26061
H          6.79406       -0.51927        1.54561
H          5.80647       -0.49020       -1.35303
charge +1
end

embed
 huzinaga
 cycles 300
 conv 1e-8
 method m06
end

basis aug-cc-pVDZ
method cas[2,2]/nevpt2
grid 4
conv 1e-8
grad 1e-8
maxiter 100

================================== End Input ===================================
tot grids = 725328

                      Getting subsystem overlap integrals                       

                          Initial subsystem densities                           
Guessing initial subsystem densities
Initial guess from superpostion of atomic densties.
Guessing initial subsystem densities
Initial guess from superpostion of atomic densties.

=========================== Starting Freeze-and-Thaw ===========================
 iter:   1:1        |ddm|: 1.725291e+01     Tr[DP]  7.643859e-01
 iter:   1:2        |ddm|: 5.580586e+01     Tr[DP]  2.858019e-01
 iter:   2:1        |ddm|: 1.353892e+02     Tr[DP]  1.067666e-01
 iter:   2:2        |ddm|: 4.969527e+01     Tr[DP]  1.596728e-01
 iter:   3:1        |ddm|: 1.341696e+02     Tr[DP]  2.814545e-01
 iter:   3:2        |ddm|: 3.192743e+01     Tr[DP]  1.823128e-01
 iter:   4:1        |ddm|: 3.371918e+01     Tr[DP]  1.320409e-01
 iter:   4:2        |ddm|: 1.554548e+01     Tr[DP]  1.310378e-01
 iter:   5:1        |ddm|: 9.014059e+00     Tr[DP]  1.321337e-01
 iter:   5:2        |ddm|: 1.145369e+01     Tr[DP]  1.255954e-01
 iter:   6:1        |ddm|: 5.793414e+00     Tr[DP]  1.402181e-01
 iter:   6:2        |ddm|: 9.499845e+00     Tr[DP]  1.211314e-01
 iter:   7:1        |ddm|: 5.122960e+00     Tr[DP]  1.447877e-01
 iter:   7:2        |ddm|: 5.531354e+00     Tr[DP]  1.208205e-01
 iter:   8:1        |ddm|: 5.277429e+00     Tr[DP]  1.473556e-01
 iter:   8:2        |ddm|: 3.191170e+00     Tr[DP]  1.246360e-01
 iter:   9:1        |ddm|: 4.445566e+00     Tr[DP]  1.489735e-01
 iter:   9:2        |ddm|: 2.172582e+00     Tr[DP]  1.283118e-01
 iter:  10:1        |ddm|: 3.098375e+00     Tr[DP]  1.502792e-01
 iter:  10:2        |ddm|: 1.741277e+00     Tr[DP]  1.305730e-01
 iter:  11:1        |ddm|: 3.279054e+00     Tr[DP]  1.510751e-01
 iter:  11:2        |ddm|: 1.210141e+00     Tr[DP]  1.342418e-01
 iter:  12:1        |ddm|: 2.475544e+00     Tr[DP]  1.524057e-01
 iter:  12:2        |ddm|: 1.103231e+00     Tr[DP]  1.364698e-01
 iter:  13:1        |ddm|: 1.892737e+00     Tr[DP]  1.531371e-01
 iter:  13:2        |ddm|: 8.836999e-01     Tr[DP]  1.381226e-01
 iter:  14:1        |ddm|: 1.787485e+00     Tr[DP]  1.536792e-01
 iter:  14:2        |ddm|: 6.672089e-01     Tr[DP]  1.399616e-01
 iter:  15:1        |ddm|: 1.318580e+00     Tr[DP]  1.542750e-01
 iter:  15:2        |ddm|: 5.997676e-01     Tr[DP]  1.409363e-01
 iter:  16:1        |ddm|: 1.720391e+00     Tr[DP]  1.540179e-01
 iter:  16:2        |ddm|: 2.536726e+00     Tr[DP]  1.389446e-01
 iter:  17:1        |ddm|: 1.470775e+00     Tr[DP]  1.521763e-01
 iter:  17:2        |ddm|: 1.340798e+00     Tr[DP]  1.430655e-01
 iter:  18:1        |ddm|: 1.899612e+00     Tr[DP]  1.528866e-01
 iter:  18:2        |ddm|: 1.030095e+00     Tr[DP]  1.453126e-01
 iter:  19:1        |ddm|: 1.638433e+00     Tr[DP]  1.539300e-01
 iter:  19:2        |ddm|: 8.266348e-01     Tr[DP]  1.461269e-01
 iter:  20:1        |ddm|: 1.099924e+00     Tr[DP]  1.547276e-01
 iter:  20:2        |ddm|: 5.838598e-01     Tr[DP]  1.458740e-01
 iter:  21:1        |ddm|: 8.023942e-01     Tr[DP]  1.549019e-01
 iter:  21:2        |ddm|: 4.603849e-01     Tr[DP]  1.456574e-01
 iter:  22:1        |ddm|: 9.237236e-01     Tr[DP]  1.548559e-01
 iter:  22:2        |ddm|: 4.497610e-01     Tr[DP]  1.461502e-01
 iter:  23:1        |ddm|: 5.266035e-01     Tr[DP]  1.546613e-01
 iter:  23:2        |ddm|: 5.048722e-01     Tr[DP]  1.454731e-01
 iter:  24:1        |ddm|: 5.186557e-01     Tr[DP]  1.541137e-01
 iter:  24:2        |ddm|: 4.548137e-01     Tr[DP]  1.456163e-01
 iter:  25:1        |ddm|: 5.759644e-01     Tr[DP]  1.537069e-01
 iter:  25:2        |ddm|: 4.032906e-01     Tr[DP]  1.459275e-01
 iter:  26:1        |ddm|: 4.541349e-01     Tr[DP]  1.533494e-01
 iter:  26:2        |ddm|: 3.830034e-01     Tr[DP]  1.457444e-01
 iter:  27:1        |ddm|: 4.885947e-01     Tr[DP]  1.528763e-01
 iter:  27:2        |ddm|: 3.789885e-01     Tr[DP]  1.458850e-01
 iter:  28:1        |ddm|: 4.053965e-01     Tr[DP]  1.524545e-01
 iter:  28:2        |ddm|: 3.623566e-01     Tr[DP]  1.456552e-01
 iter:  29:1        |ddm|: 2.643436e-01     Tr[DP]  1.519385e-01
 iter:  29:2        |ddm|: 6.319736e-01     Tr[DP]  1.446409e-01
 iter:  30:1        |ddm|: 2.353009e-01     Tr[DP]  1.513045e-01
 iter:  30:2        |ddm|: 7.584865e-01     Tr[DP]  1.443474e-01
 iter:  31:1        |ddm|: 5.263288e-01     Tr[DP]  1.507354e-01
 iter:  31:2        |ddm|: 5.885811e-01     Tr[DP]  1.458492e-01
 iter:  32:1        |ddm|: 6.333303e-01     Tr[DP]  1.504900e-01
 iter:  32:2        |ddm|: 5.461581e-01     Tr[DP]  1.463508e-01
 iter:  33:1        |ddm|: 5.261090e-01     Tr[DP]  1.502406e-01
 iter:  33:2        |ddm|: 4.295489e-01     Tr[DP]  1.458548e-01
 iter:  34:1        |ddm|: 3.396012e-01     Tr[DP]  1.498767e-01
 iter:  34:2        |ddm|: 2.784255e-01     Tr[DP]  1.447901e-01
 iter:  35:1        |ddm|: 2.860962e-01     Tr[DP]  1.493700e-01
 iter:  35:2        |ddm|: 2.944626e-01     Tr[DP]  1.441026e-01
 iter:  36:1        |ddm|: 2.685180e-01     Tr[DP]  1.488466e-01
 iter:  36:2        |ddm|: 3.263025e-01     Tr[DP]  1.436417e-01
 iter:  37:1        |ddm|: 2.575307e-01     Tr[DP]  1.483683e-01
 iter:  37:2        |ddm|: 3.193979e-01     Tr[DP]  1.432935e-01
 iter:  38:1        |ddm|: 2.588927e-01     Tr[DP]  1.478837e-01
 iter:  38:2        |ddm|: 3.041191e-01     Tr[DP]  1.429750e-01
 iter:  39:1        |ddm|: 1.951822e-01     Tr[DP]  1.473137e-01
 iter:  39:2        |ddm|: 3.597056e-01     Tr[DP]  1.422958e-01
 iter:  40:1        |ddm|: 2.043658e-01     Tr[DP]  1.468399e-01
 iter:  40:2        |ddm|: 3.488289e-01     Tr[DP]  1.420222e-01
 iter:  41:1        |ddm|: 2.360125e-01     Tr[DP]  1.463926e-01
 iter:  41:2        |ddm|: 3.010850e-01     Tr[DP]  1.418821e-01
 iter:  42:1        |ddm|: 2.573428e-01     Tr[DP]  1.459629e-01
 iter:  42:2        |ddm|: 2.734224e-01     Tr[DP]  1.416472e-01
 iter:  43:1        |ddm|: 2.340555e-01     Tr[DP]  1.454822e-01
 iter:  43:2        |ddm|: 2.426913e-01     Tr[DP]  1.411331e-01
 iter:  44:1        |ddm|: 2.575564e-01     Tr[DP]  1.450134e-01
 iter:  44:2        |ddm|: 2.572234e-01     Tr[DP]  1.407765e-01
 iter:  45:1        |ddm|: 1.889961e-01     Tr[DP]  1.444187e-01
 iter:  45:2        |ddm|: 2.523269e-01     Tr[DP]  1.398681e-01
 iter:  46:1        |ddm|: 1.925201e-01     Tr[DP]  1.438983e-01
 iter:  46:2        |ddm|: 2.726132e-01     Tr[DP]  1.393873e-01
 iter:  47:1        |ddm|: 1.756710e-01     Tr[DP]  1.433494e-01
 iter:  47:2        |ddm|: 2.884061e-01     Tr[DP]  1.388279e-01
 iter:  48:1        |ddm|: 1.652948e-01     Tr[DP]  1.428166e-01
 iter:  48:2        |ddm|: 3.006148e-01     Tr[DP]  1.383340e-01
 iter:  49:1        |ddm|: 1.570089e-01     Tr[DP]  1.422945e-01
 iter:  49:2        |ddm|: 3.053355e-01     Tr[DP]  1.378812e-01
 iter:  50:1        |ddm|: 1.543792e-01     Tr[DP]  1.417948e-01
 iter:  50:2        |ddm|: 2.971390e-01     Tr[DP]  1.374840e-01
 iter:  51:1        |ddm|: 1.470867e-01     Tr[DP]  1.412903e-01
 iter:  51:2        |ddm|: 2.902326e-01     Tr[DP]  1.370513e-01
 iter:  52:1        |ddm|: 1.446443e-01     Tr[DP]  1.408028e-01
 iter:  52:2        |ddm|: 2.817217e-01     Tr[DP]  1.366502e-01
 iter:  53:1        |ddm|: 1.423195e-01     Tr[DP]  1.403221e-01
 iter:  53:2        |ddm|: 2.697002e-01     Tr[DP]  1.362436e-01
 iter:  54:1        |ddm|: 1.360238e-01     Tr[DP]  1.398263e-01
 iter:  54:2        |ddm|: 2.656557e-01     Tr[DP]  1.357978e-01
 iter:  55:1        |ddm|: 1.257252e-01     Tr[DP]  1.393608e-01
 iter:  55:2        |ddm|: 2.634299e-01     Tr[DP]  1.353388e-01
 iter:  56:1        |ddm|: 1.293104e-01     Tr[DP]  1.388458e-01
 iter:  56:2        |ddm|: 2.673781e-01     Tr[DP]  1.349396e-01
 iter:  57:1        |ddm|: 1.143810e-01     Tr[DP]  1.382681e-01
 iter:  57:2        |ddm|: 3.099800e-01     Tr[DP]  1.344473e-01
 iter:  58:1        |ddm|: 9.680422e-02     Tr[DP]  1.377986e-01
 iter:  58:2        |ddm|: 3.383081e-01     Tr[DP]  1.340738e-01
 iter:  59:1        |ddm|: 2.041515e-01     Tr[DP]  1.377830e-01
 iter:  59:2        |ddm|: 3.777189e-01     Tr[DP]  1.344265e-01
 iter:  60:1        |ddm|: 1.653717e-01     Tr[DP]  1.373109e-01
 iter:  60:2        |ddm|: 2.356848e-01     Tr[DP]  1.337256e-01
 iter:  61:1        |ddm|: 1.490809e-01     Tr[DP]  1.367094e-01
 iter:  61:2        |ddm|: 1.755993e-01     Tr[DP]  1.328655e-01
 iter:  62:1        |ddm|: 1.388993e-01     Tr[DP]  1.360989e-01
 iter:  62:2        |ddm|: 1.882369e-01     Tr[DP]  1.320765e-01
 iter:  63:1        |ddm|: 1.349157e-01     Tr[DP]  1.355316e-01
 iter:  63:2        |ddm|: 2.117569e-01     Tr[DP]  1.314307e-01
 iter:  64:1        |ddm|: 1.347786e-01     Tr[DP]  1.350008e-01
 iter:  64:2        |ddm|: 2.194596e-01     Tr[DP]  1.308674e-01
 iter:  65:1        |ddm|: 1.341338e-01     Tr[DP]  1.344792e-01
 iter:  65:2        |ddm|: 2.154439e-01     Tr[DP]  1.302851e-01
 iter:  66:1        |ddm|: 1.251782e-01     Tr[DP]  1.338344e-01
 iter:  66:2        |ddm|: 2.396362e-01     Tr[DP]  1.295982e-01
 iter:  67:1        |ddm|: 1.302161e-01     Tr[DP]  1.333410e-01
 iter:  67:2        |ddm|: 2.336481e-01     Tr[DP]  1.291024e-01
 iter:  68:1        |ddm|: 1.174038e-01     Tr[DP]  1.326509e-01
 iter:  68:2        |ddm|: 2.657202e-01     Tr[DP]  1.284190e-01
 iter:  69:1        |ddm|: 1.162282e-01     Tr[DP]  1.321343e-01
 iter:  69:2        |ddm|: 2.571777e-01     Tr[DP]  1.279669e-01
 iter:  70:1        |ddm|: 1.097816e-01     Tr[DP]  1.315593e-01
 iter:  70:2        |ddm|: 2.587282e-01     Tr[DP]  1.274411e-01
 iter:  71:1        |ddm|: 1.065086e-01     Tr[DP]  1.310159e-01
 iter:  71:2        |ddm|: 2.564057e-01     Tr[DP]  1.269634e-01
 iter:  72:1        |ddm|: 1.040490e-01     Tr[DP]  1.304937e-01
 iter:  72:2        |ddm|: 2.483897e-01     Tr[DP]  1.264972e-01
 iter:  73:1        |ddm|: 1.009159e-01     Tr[DP]  1.299630e-01
 iter:  73:2        |ddm|: 2.443480e-01     Tr[DP]  1.260143e-01
 iter:  74:1        |ddm|: 9.765793e-02     Tr[DP]  1.294288e-01
 iter:  74:2        |ddm|: 2.441552e-01     Tr[DP]  1.255359e-01
 iter:  75:1        |ddm|: 9.476412e-02     Tr[DP]  1.289110e-01
 iter:  75:2        |ddm|: 2.421032e-01     Tr[DP]  1.250795e-01
 iter:  76:1        |ddm|: 1.045905e-01     Tr[DP]  1.284970e-01
 iter:  76:2        |ddm|: 2.226128e-01     Tr[DP]  1.246814e-01
 iter:  77:1        |ddm|: 9.509558e-02     Tr[DP]  1.279125e-01
 iter:  77:2        |ddm|: 2.177049e-01     Tr[DP]  1.240825e-01
 iter:  78:1        |ddm|: 9.093126e-02     Tr[DP]  1.273426e-01
 iter:  78:2        |ddm|: 2.396003e-01     Tr[DP]  1.235714e-01
 iter:  79:1        |ddm|: 8.795350e-02     Tr[DP]  1.268504e-01
 iter:  79:2        |ddm|: 2.366591e-01     Tr[DP]  1.231568e-01
 iter:  80:1        |ddm|: 9.476554e-02     Tr[DP]  1.264461e-01
 iter:  80:2        |ddm|: 2.175927e-01     Tr[DP]  1.227662e-01
 iter:  81:1        |ddm|: 8.799852e-02     Tr[DP]  1.258902e-01
 iter:  81:2        |ddm|: 2.087993e-01     Tr[DP]  1.222099e-01
 iter:  82:1        |ddm|: 8.693669e-02     Tr[DP]  1.253659e-01
 iter:  82:2        |ddm|: 2.153884e-01     Tr[DP]  1.217203e-01
 iter:  83:1        |ddm|: 8.386663e-02     Tr[DP]  1.248629e-01
 iter:  83:2        |ddm|: 2.172588e-01     Tr[DP]  1.212603e-01
 iter:  84:1        |ddm|: 7.883755e-02     Tr[DP]  1.243303e-01
 iter:  84:2        |ddm|: 2.340880e-01     Tr[DP]  1.208057e-01
 iter:  85:1        |ddm|: 8.725666e-02     Tr[DP]  1.239492e-01
 iter:  85:2        |ddm|: 2.127232e-01     Tr[DP]  1.204780e-01
 iter:  86:1        |ddm|: 7.750536e-02     Tr[DP]  1.233947e-01
 iter:  86:2        |ddm|: 2.097031e-01     Tr[DP]  1.199572e-01
 iter:  87:1        |ddm|: 7.906426e-02     Tr[DP]  1.229983e-01
 iter:  87:2        |ddm|: 1.951547e-01     Tr[DP]  1.195472e-01
 iter:  88:1        |ddm|: 7.806154e-02     Tr[DP]  1.225197e-01
 iter:  88:2        |ddm|: 1.875072e-01     Tr[DP]  1.190460e-01
 iter:  89:1        |ddm|: 7.751456e-02     Tr[DP]  1.219571e-01
 iter:  89:2        |ddm|: 2.088478e-01     Tr[DP]  1.185563e-01
 iter:  90:1        |ddm|: 8.562217e-02     Tr[DP]  1.216272e-01
 iter:  90:2        |ddm|: 2.009110e-01     Tr[DP]  1.181732e-01
 iter:  91:1        |ddm|: 7.983432e-02     Tr[DP]  1.211359e-01
 iter:  91:2        |ddm|: 1.713793e-01     Tr[DP]  1.175619e-01
 iter:  92:1        |ddm|: 1.100206e-01     Tr[DP]  1.208736e-01
 iter:  92:2        |ddm|: 2.585734e-01     Tr[DP]  1.169515e-01
 iter:  93:1        |ddm|: 1.010229e-01     Tr[DP]  1.199805e-01
 iter:  93:2        |ddm|: 1.992158e-01     Tr[DP]  1.159906e-01
 iter:  94:1        |ddm|: 9.629571e-02     Tr[DP]  1.193917e-01
 iter:  94:2        |ddm|: 1.957833e-01     Tr[DP]  1.153659e-01
 iter:  95:1        |ddm|: 9.579041e-02     Tr[DP]  1.188569e-01
 iter:  95:2        |ddm|: 1.958599e-01     Tr[DP]  1.147240e-01
 iter:  96:1        |ddm|: 9.530272e-02     Tr[DP]  1.181769e-01
 iter:  96:2        |ddm|: 2.082762e-01     Tr[DP]  1.140179e-01
 iter:  97:1        |ddm|: 9.316836e-02     Tr[DP]  1.175208e-01
 iter:  97:2        |ddm|: 2.228521e-01     Tr[DP]  1.133792e-01
 iter:  98:1        |ddm|: 9.008378e-02     Tr[DP]  1.169161e-01
 iter:  98:2        |ddm|: 2.239804e-01     Tr[DP]  1.127839e-01
 iter:  99:1        |ddm|: 8.748896e-02     Tr[DP]  1.162582e-01
 iter:  99:2        |ddm|: 2.389003e-01     Tr[DP]  1.121889e-01
 iter: 100:1        |ddm|: 8.300173e-02     Tr[DP]  1.156387e-01
 iter: 100:2        |ddm|: 2.462475e-01     Tr[DP]  1.116621e-01
 iter: 101:1        |ddm|: 7.853289e-02     Tr[DP]  1.150801e-01
 iter: 101:2        |ddm|: 2.378837e-01     Tr[DP]  1.111746e-01
 iter: 102:1        |ddm|: 7.565010e-02     Tr[DP]  1.145047e-01
 iter: 102:2        |ddm|: 2.374016e-01     Tr[DP]  1.106822e-01
 iter: 103:1        |ddm|: 7.324237e-02     Tr[DP]  1.139747e-01
 iter: 103:2        |ddm|: 2.275577e-01     Tr[DP]  1.102139e-01
 iter: 104:1        |ddm|: 7.151900e-02     Tr[DP]  1.134275e-01
 iter: 104:2        |ddm|: 2.254159e-01     Tr[DP]  1.097368e-01
 iter: 105:1        |ddm|: 6.973199e-02     Tr[DP]  1.128989e-01
 iter: 105:2        |ddm|: 2.221908e-01     Tr[DP]  1.092800e-01
 iter: 106:1        |ddm|: 6.810279e-02     Tr[DP]  1.123980e-01
 iter: 106:2        |ddm|: 2.135321e-01     Tr[DP]  1.088350e-01
 iter: 107:1        |ddm|: 6.710860e-02     Tr[DP]  1.119018e-01
 iter: 107:2        |ddm|: 2.061228e-01     Tr[DP]  1.083808e-01
 iter: 108:1        |ddm|: 6.590306e-02     Tr[DP]  1.113847e-01
 iter: 108:2        |ddm|: 2.064523e-01     Tr[DP]  1.079196e-01
 iter: 109:1        |ddm|: 6.414086e-02     Tr[DP]  1.108874e-01
 iter: 109:2        |ddm|: 2.046513e-01     Tr[DP]  1.074815e-01
 iter: 110:1        |ddm|: 6.596423e-02     Tr[DP]  1.104317e-01
 iter: 110:2        |ddm|: 1.941644e-01     Tr[DP]  1.070470e-01
 iter: 111:1        |ddm|: 6.302668e-02     Tr[DP]  1.098946e-01
 iter: 111:2        |ddm|: 2.067000e-01     Tr[DP]  1.065855e-01
 iter: 112:1        |ddm|: 6.045968e-02     Tr[DP]  1.093686e-01
 iter: 112:2        |ddm|: 2.301441e-01     Tr[DP]  1.062188e-01
 iter: 113:1        |ddm|: 5.681379e-02     Tr[DP]  1.090530e-01
 iter: 113:2        |ddm|: 1.890165e-01     Tr[DP]  1.059064e-01
 iter: 114:1        |ddm|: 6.496012e-02     Tr[DP]  1.087531e-01
 iter: 114:2        |ddm|: 1.916239e-01     Tr[DP]  1.054227e-01
 iter: 115:1        |ddm|: 6.850259e-02     Tr[DP]  1.082607e-01
 iter: 115:2        |ddm|: 1.640700e-01     Tr[DP]  1.047480e-01
 iter: 116:1        |ddm|: 7.793180e-02     Tr[DP]  1.077801e-01
 iter: 116:2        |ddm|: 1.810116e-01     Tr[DP]  1.040203e-01
 iter: 117:1        |ddm|: 8.271485e-02     Tr[DP]  1.071570e-01
 iter: 117:2        |ddm|: 1.667132e-01     Tr[DP]  1.031993e-01
 iter: 118:1        |ddm|: 8.988837e-02     Tr[DP]  1.063451e-01
 iter: 118:2        |ddm|: 2.281659e-01     Tr[DP]  1.024427e-01
 iter: 119:1        |ddm|: 7.829590e-02     Tr[DP]  1.057612e-01
 iter: 119:2        |ddm|: 2.144132e-01     Tr[DP]  1.018991e-01
 iter: 120:1        |ddm|: 7.370506e-02     Tr[DP]  1.051878e-01
 iter: 120:2        |ddm|: 2.123792e-01     Tr[DP]  1.013508e-01
 iter: 121:1        |ddm|: 7.179821e-02     Tr[DP]  1.045866e-01
 iter: 121:2        |ddm|: 2.195889e-01     Tr[DP]  1.008013e-01
 iter: 122:1        |ddm|: 7.019567e-02     Tr[DP]  1.039650e-01
 iter: 122:2        |ddm|: 2.407318e-01     Tr[DP]  1.003063e-01
 iter: 123:1        |ddm|: 6.328811e-02     Tr[DP]  1.034664e-01
 iter: 123:2        |ddm|: 2.188448e-01     Tr[DP]  9.987613e-02
 iter: 124:1        |ddm|: 6.179963e-02     Tr[DP]  1.029335e-01
 iter: 124:2        |ddm|: 2.176459e-01     Tr[DP]  9.942076e-02
 iter: 125:1        |ddm|: 6.005797e-02     Tr[DP]  1.023913e-01
 iter: 125:2        |ddm|: 2.279368e-01     Tr[DP]  9.899849e-02
 iter: 126:1        |ddm|: 5.581848e-02     Tr[DP]  1.018997e-01
 iter: 126:2        |ddm|: 2.242399e-01     Tr[DP]  9.863651e-02
 iter: 127:1        |ddm|: 6.077658e-02     Tr[DP]  1.016240e-01
 iter: 127:2        |ddm|: 1.982520e-01     Tr[DP]  9.824073e-02
 iter: 128:1        |ddm|: 6.110263e-02     Tr[DP]  1.010895e-01
 iter: 128:2        |ddm|: 1.695259e-01     Tr[DP]  9.763799e-02
 iter: 129:1        |ddm|: 6.453458e-02     Tr[DP]  1.005171e-01
 iter: 129:2        |ddm|: 1.867519e-01     Tr[DP]  9.709123e-02
 iter: 130:1        |ddm|: 6.334419e-02     Tr[DP]  9.995509e-02
 iter: 130:2        |ddm|: 2.104739e-01     Tr[DP]  9.663128e-02
 iter: 131:1        |ddm|: 5.634729e-02     Tr[DP]  9.949455e-02
 iter: 131:2        |ddm|: 1.968793e-01     Tr[DP]  9.623502e-02
 iter: 132:1        |ddm|: 8.167289e-02     Tr[DP]  9.936968e-02
 iter: 132:2        |ddm|: 2.994197e-01     Tr[DP]  9.569534e-02
 iter: 133:1        |ddm|: 9.081380e-02     Tr[DP]  9.846569e-02
 iter: 133:2        |ddm|: 2.449716e-01     Tr[DP]  9.485462e-02
 iter: 134:1        |ddm|: 6.925998e-02     Tr[DP]  9.789557e-02
 iter: 134:2        |ddm|: 2.159191e-01     Tr[DP]  9.439500e-02
 iter: 135:1        |ddm|: 6.042858e-02     Tr[DP]  9.740926e-02
 iter: 135:2        |ddm|: 2.021289e-01     Tr[DP]  9.395845e-02
 iter: 136:1        |ddm|: 6.395792e-02     Tr[DP]  9.680082e-02
 iter: 136:2        |ddm|: 2.567894e-01     Tr[DP]  9.353845e-02
 iter: 137:1        |ddm|: 5.925513e-02     Tr[DP]  9.655212e-02
 iter: 137:2        |ddm|: 1.993324e-01     Tr[DP]  9.318041e-02
 iter: 138:1        |ddm|: 6.255529e-02     Tr[DP]  9.594450e-02
 iter: 138:2        |ddm|: 1.990526e-01     Tr[DP]  9.261207e-02
 iter: 139:1        |ddm|: 5.707488e-02     Tr[DP]  9.545367e-02
 iter: 139:2        |ddm|: 1.914172e-01     Tr[DP]  9.218302e-02
 iter: 140:1        |ddm|: 5.504277e-02     Tr[DP]  9.496754e-02
 iter: 140:2        |ddm|: 1.959343e-01     Tr[DP]  9.176756e-02
 iter: 141:1        |ddm|: 5.308818e-02     Tr[DP]  9.448744e-02
 iter: 141:2        |ddm|: 2.024337e-01     Tr[DP]  9.138716e-02
 iter: 142:1        |ddm|: 5.002907e-02     Tr[DP]  9.413243e-02
 iter: 142:2        |ddm|: 1.718621e-01     Tr[DP]  9.101214e-02
 iter: 143:1        |ddm|: 5.253637e-02     Tr[DP]  9.364752e-02
 iter: 143:2        |ddm|: 1.761560e-01     Tr[DP]  9.055503e-02
 iter: 144:1        |ddm|: 5.137592e-02     Tr[DP]  9.319980e-02
 iter: 144:2        |ddm|: 1.744103e-01     Tr[DP]  9.014840e-02
 iter: 145:1        |ddm|: 4.996342e-02     Tr[DP]  9.277667e-02
 iter: 145:2        |ddm|: 1.675960e-01     Tr[DP]  8.974506e-02
 iter: 146:1        |ddm|: 5.006924e-02     Tr[DP]  9.237492e-02
 iter: 146:2        |ddm|: 1.586119e-01     Tr[DP]  8.931613e-02
 iter: 147:1        |ddm|: 5.201365e-02     Tr[DP]  9.194620e-02
 iter: 147:2        |ddm|: 1.548547e-01     Tr[DP]  8.884238e-02
 iter: 148:1        |ddm|: 5.619363e-02     Tr[DP]  9.143624e-02
 iter: 148:2        |ddm|: 1.772501e-01     Tr[DP]  8.837068e-02
 iter: 149:1        |ddm|: 5.371927e-02     Tr[DP]  9.096087e-02
 iter: 149:2        |ddm|: 1.910319e-01     Tr[DP]  8.798935e-02
 iter: 150:1        |ddm|: 5.416316e-02     Tr[DP]  9.069512e-02
 iter: 150:2        |ddm|: 1.808447e-01     Tr[DP]  8.758462e-02
 iter: 151:1        |ddm|: 6.709122e-02     Tr[DP]  9.007004e-02
 iter: 151:2        |ddm|: 2.243571e-01     Tr[DP]  8.704503e-02
 iter: 152:1        |ddm|: 5.002986e-02     Tr[DP]  8.965718e-02
 iter: 152:2        |ddm|: 1.813432e-01     Tr[DP]  8.672339e-02
 iter: 153:1        |ddm|: 4.618428e-02     Tr[DP]  8.930377e-02
 iter: 153:2        |ddm|: 1.577601e-01     Tr[DP]  8.635570e-02
 iter: 154:1        |ddm|: 4.902359e-02     Tr[DP]  8.887227e-02
 iter: 154:2        |ddm|: 1.574303e-01     Tr[DP]  8.591803e-02
 iter: 155:1        |ddm|: 6.072367e-02     Tr[DP]  8.864621e-02
 iter: 155:2        |ddm|: 2.261307e-01     Tr[DP]  8.541872e-02
 iter: 156:1        |ddm|: 9.531692e-02     Tr[DP]  8.785434e-02
 iter: 156:2        |ddm|: 3.061983e-01     Tr[DP]  8.476270e-02
 iter: 157:1        |ddm|: 5.240914e-02     Tr[DP]  8.744688e-02
 iter: 157:2        |ddm|: 1.975346e-01     Tr[DP]  8.450201e-02
 iter: 158:1        |ddm|: 4.602023e-02     Tr[DP]  8.704297e-02
 iter: 158:2        |ddm|: 1.898969e-01     Tr[DP]  8.418800e-02
 iter: 159:1        |ddm|: 4.421082e-02     Tr[DP]  8.662826e-02
 iter: 159:2        |ddm|: 1.971876e-01     Tr[DP]  8.388091e-02
 iter: 160:1        |ddm|: 3.978146e-02     Tr[DP]  8.629992e-02
 iter: 160:2        |ddm|: 1.617667e-01     Tr[DP]  8.360019e-02
 iter: 161:1        |ddm|: 4.056653e-02     Tr[DP]  8.597246e-02
 iter: 161:2        |ddm|: 1.442812e-01     Tr[DP]  8.325160e-02
 iter: 162:1        |ddm|: 4.373699e-02     Tr[DP]  8.561113e-02
 iter: 162:2        |ddm|: 1.365972e-01     Tr[DP]  8.284482e-02
 iter: 163:1        |ddm|: 4.760360e-02     Tr[DP]  8.521734e-02
 iter: 163:2        |ddm|: 1.369707e-01     Tr[DP]  8.241748e-02
 iter: 164:1        |ddm|: 4.895842e-02     Tr[DP]  8.480700e-02
 iter: 164:2        |ddm|: 1.435762e-01     Tr[DP]  8.198885e-02
 iter: 165:1        |ddm|: 5.234448e-02     Tr[DP]  8.435796e-02
 iter: 165:2        |ddm|: 1.742940e-01     Tr[DP]  8.159953e-02
 iter: 166:1        |ddm|: 4.708632e-02     Tr[DP]  8.394900e-02
 iter: 166:2        |ddm|: 1.816065e-01     Tr[DP]  8.128961e-02
 iter: 167:1        |ddm|: 4.099075e-02     Tr[DP]  8.359254e-02
 iter: 167:2        |ddm|: 1.674035e-01     Tr[DP]  8.101549e-02
 iter: 168:1        |ddm|: 3.823023e-02     Tr[DP]  8.327604e-02
 iter: 168:2        |ddm|: 1.446958e-01     Tr[DP]  8.072644e-02
 iter: 169:1        |ddm|: 3.991028e-02     Tr[DP]  8.292940e-02
 iter: 169:2        |ddm|: 1.421024e-01     Tr[DP]  8.039916e-02
 iter: 170:1        |ddm|: 4.132926e-02     Tr[DP]  8.256834e-02
 iter: 170:2        |ddm|: 1.490058e-01     Tr[DP]  8.008373e-02
 iter: 171:1        |ddm|: 3.959459e-02     Tr[DP]  8.222766e-02
 iter: 171:2        |ddm|: 1.472148e-01     Tr[DP]  7.979728e-02
 iter: 172:1        |ddm|: 3.717003e-02     Tr[DP]  8.193231e-02
 iter: 172:2        |ddm|: 1.292958e-01     Tr[DP]  7.950878e-02
 iter: 173:1        |ddm|: 3.965229e-02     Tr[DP]  8.159119e-02
 iter: 173:2        |ddm|: 1.345260e-01     Tr[DP]  7.918197e-02
 iter: 174:1        |ddm|: 4.272053e-02     Tr[DP]  8.122040e-02
 iter: 174:2        |ddm|: 1.644472e-01     Tr[DP]  7.889717e-02
 iter: 175:1        |ddm|: 3.551689e-02     Tr[DP]  8.097710e-02
 iter: 175:2        |ddm|: 1.233990e-01     Tr[DP]  7.865266e-02
 iter: 176:1        |ddm|: 3.890397e-02     Tr[DP]  8.064356e-02
 iter: 176:2        |ddm|: 1.294577e-01     Tr[DP]  7.832237e-02
 iter: 177:1        |ddm|: 3.912366e-02     Tr[DP]  8.031055e-02
 iter: 177:2        |ddm|: 1.380991e-01     Tr[DP]  7.803925e-02
 iter: 178:1        |ddm|: 3.670086e-02     Tr[DP]  7.999850e-02
 iter: 178:2        |ddm|: 1.393179e-01     Tr[DP]  7.778861e-02
 iter: 179:1        |ddm|: 3.442105e-02     Tr[DP]  7.970276e-02
 iter: 179:2        |ddm|: 1.366714e-01     Tr[DP]  7.755502e-02
 iter: 180:1        |ddm|: 3.185591e-02     Tr[DP]  7.945655e-02
 iter: 180:2        |ddm|: 1.139651e-01     Tr[DP]  7.731589e-02
 iter: 181:1        |ddm|: 3.546852e-02     Tr[DP]  7.915493e-02
 iter: 181:2        |ddm|: 1.234628e-01     Tr[DP]  7.703513e-02
 iter: 182:1        |ddm|: 3.427420e-02     Tr[DP]  7.886648e-02
 iter: 182:2        |ddm|: 1.239807e-01     Tr[DP]  7.679198e-02
 iter: 183:1        |ddm|: 3.207010e-02     Tr[DP]  7.860165e-02
 iter: 183:2        |ddm|: 1.156355e-01     Tr[DP]  7.655687e-02
 iter: 184:1        |ddm|: 3.287529e-02     Tr[DP]  7.832536e-02
 iter: 184:2        |ddm|: 1.198426e-01     Tr[DP]  7.631676e-02
 iter: 185:1        |ddm|: 3.081310e-02     Tr[DP]  7.810690e-02
 iter: 185:2        |ddm|: 1.022205e-01     Tr[DP]  7.607423e-02
 iter: 186:1        |ddm|: 4.102944e-02     Tr[DP]  7.777686e-02
 iter: 186:2        |ddm|: 1.439425e-01     Tr[DP]  7.578968e-02
 iter: 187:1        |ddm|: 3.149911e-02     Tr[DP]  7.751474e-02
 iter: 187:2        |ddm|: 1.253456e-01     Tr[DP]  7.560753e-02
 iter: 188:1        |ddm|: 2.801939e-02     Tr[DP]  7.729962e-02
 iter: 188:2        |ddm|: 1.035446e-01     Tr[DP]  7.540688e-02
 iter: 189:1        |ddm|: 3.074051e-02     Tr[DP]  7.704211e-02
 iter: 189:2        |ddm|: 1.098149e-01     Tr[DP]  7.517135e-02
 iter: 190:1        |ddm|: 3.011941e-02     Tr[DP]  7.679122e-02
 iter: 190:2        |ddm|: 1.110609e-01     Tr[DP]  7.496448e-02
 iter: 191:1        |ddm|: 3.018196e-02     Tr[DP]  7.654003e-02
 iter: 191:2        |ddm|: 1.201921e-01     Tr[DP]  7.477736e-02
 iter: 192:1        |ddm|: 2.578162e-02     Tr[DP]  7.632869e-02
 iter: 192:2        |ddm|: 1.029159e-01     Tr[DP]  7.460813e-02
 iter: 193:1        |ddm|: 2.609157e-02     Tr[DP]  7.611895e-02
 iter: 193:2        |ddm|: 9.609158e-02     Tr[DP]  7.442178e-02
 iter: 194:1        |ddm|: 2.662759e-02     Tr[DP]  7.590138e-02
 iter: 194:2        |ddm|: 9.511449e-02     Tr[DP]  7.423018e-02
 iter: 195:1        |ddm|: 2.507865e-02     Tr[DP]  7.571577e-02
 iter: 195:2        |ddm|: 8.255411e-02     Tr[DP]  7.402565e-02
 iter: 196:1        |ddm|: 3.136092e-02     Tr[DP]  7.558239e-02
 iter: 196:2        |ddm|: 1.278053e-01     Tr[DP]  7.375173e-02
 iter: 197:1        |ddm|: 4.047635e-02     Tr[DP]  7.531151e-02
 iter: 197:2        |ddm|: 8.946035e-02     Tr[DP]  7.335334e-02
 iter: 198:1        |ddm|: 5.048176e-02     Tr[DP]  7.496592e-02
 iter: 198:2        |ddm|: 1.422120e-01     Tr[DP]  7.302796e-02
 iter: 199:1        |ddm|: 3.510773e-02     Tr[DP]  7.469776e-02
 iter: 199:2        |ddm|: 1.209270e-01     Tr[DP]  7.282474e-02
 iter: 200:1        |ddm|: 3.138859e-02     Tr[DP]  7.444586e-02
 iter: 200:2        |ddm|: 1.204420e-01     Tr[DP]  7.262298e-02
 iter: 201:1        |ddm|: 3.252354e-02     Tr[DP]  7.418110e-02
 iter: 201:2        |ddm|: 1.425073e-01     Tr[DP]  7.244560e-02
 iter: 202:1        |ddm|: 3.265379e-02     Tr[DP]  7.391090e-02
 iter: 202:2        |ddm|: 1.718164e-01     Tr[DP]  7.233446e-02
 iter: 203:1        |ddm|: 2.390048e-02     Tr[DP]  7.376508e-02
 iter: 203:2        |ddm|: 1.065826e-01     Tr[DP]  7.227798e-02
 iter: 204:1        |ddm|: 2.078433e-02     Tr[DP]  7.362589e-02
 iter: 204:2        |ddm|: 8.360512e-02     Tr[DP]  7.212700e-02
 iter: 205:1        |ddm|: 2.205104e-02     Tr[DP]  7.346282e-02
 iter: 205:2        |ddm|: 7.397571e-02     Tr[DP]  7.192079e-02
 iter: 206:1        |ddm|: 2.602703e-02     Tr[DP]  7.331783e-02
 iter: 206:2        |ddm|: 9.370386e-02     Tr[DP]  7.167246e-02
 iter: 207:1        |ddm|: 3.591956e-02     Tr[DP]  7.308000e-02
 iter: 207:2        |ddm|: 8.148454e-02     Tr[DP]  7.135987e-02
 iter: 208:1        |ddm|: 4.063228e-02     Tr[DP]  7.280340e-02
 iter: 208:2        |ddm|: 1.232383e-01     Tr[DP]  7.111705e-02
 iter: 209:1        |ddm|: 2.933082e-02     Tr[DP]  7.257360e-02
 iter: 209:2        |ddm|: 1.110235e-01     Tr[DP]  7.095527e-02
 iter: 210:1        |ddm|: 2.443940e-02     Tr[DP]  7.238553e-02
 iter: 210:2        |ddm|: 8.783960e-02     Tr[DP]  7.079303e-02
 iter: 211:1        |ddm|: 2.495329e-02     Tr[DP]  7.219695e-02
 iter: 211:2        |ddm|: 7.998834e-02     Tr[DP]  7.059554e-02
 iter: 212:1        |ddm|: 2.889271e-02     Tr[DP]  7.198386e-02
 iter: 212:2        |ddm|: 9.021914e-02     Tr[DP]  7.038312e-02
 iter: 213:1        |ddm|: 2.710890e-02     Tr[DP]  7.177962e-02
 iter: 213:2        |ddm|: 8.693800e-02     Tr[DP]  7.019343e-02
 iter: 214:1        |ddm|: 2.769375e-02     Tr[DP]  7.157270e-02
 iter: 214:2        |ddm|: 9.273439e-02     Tr[DP]  7.000396e-02
 iter: 215:1        |ddm|: 2.553806e-02     Tr[DP]  7.137833e-02
 iter: 215:2        |ddm|: 8.587577e-02     Tr[DP]  6.982664e-02
 iter: 216:1        |ddm|: 2.731195e-02     Tr[DP]  7.117453e-02
 iter: 216:2        |ddm|: 9.598239e-02     Tr[DP]  6.964746e-02
 iter: 217:1        |ddm|: 2.772980e-02     Tr[DP]  7.096517e-02
 iter: 217:2        |ddm|: 1.128377e-01     Tr[DP]  6.949829e-02
 iter: 218:1        |ddm|: 2.161229e-02     Tr[DP]  7.079696e-02
 iter: 218:2        |ddm|: 8.585018e-02     Tr[DP]  6.937698e-02
 iter: 219:1        |ddm|: 2.325727e-02     Tr[DP]  7.061803e-02
 iter: 219:2        |ddm|: 9.404563e-02     Tr[DP]  6.923249e-02
 iter: 220:1        |ddm|: 2.057057e-02     Tr[DP]  7.046047e-02
 iter: 220:2        |ddm|: 7.656943e-02     Tr[DP]  6.910522e-02
 iter: 221:1        |ddm|: 2.188791e-02     Tr[DP]  7.029564e-02
 iter: 221:2        |ddm|: 7.957021e-02     Tr[DP]  6.895826e-02
 iter: 222:1        |ddm|: 2.191541e-02     Tr[DP]  7.012940e-02
 iter: 222:2        |ddm|: 8.129571e-02     Tr[DP]  6.882415e-02
 iter: 223:1        |ddm|: 2.065508e-02     Tr[DP]  6.997263e-02
 iter: 223:2        |ddm|: 7.796049e-02     Tr[DP]  6.869952e-02
 iter: 224:1        |ddm|: 2.107067e-02     Tr[DP]  6.981315e-02
 iter: 224:2        |ddm|: 8.317142e-02     Tr[DP]  6.857982e-02
 iter: 225:1        |ddm|: 1.816025e-02     Tr[DP]  6.969065e-02
 iter: 225:2        |ddm|: 6.234106e-02     Tr[DP]  6.846182e-02
 iter: 226:1        |ddm|: 2.266179e-02     Tr[DP]  6.953165e-02
 iter: 226:2        |ddm|: 7.673475e-02     Tr[DP]  6.831133e-02
 iter: 227:1        |ddm|: 2.022149e-02     Tr[DP]  6.937936e-02
 iter: 227:2        |ddm|: 7.479708e-02     Tr[DP]  6.819775e-02
 iter: 228:1        |ddm|: 1.754475e-02     Tr[DP]  6.925824e-02
 iter: 228:2        |ddm|: 5.799256e-02     Tr[DP]  6.808079e-02
 iter: 229:1        |ddm|: 1.941414e-02     Tr[DP]  6.912165e-02
 iter: 229:2        |ddm|: 5.820915e-02     Tr[DP]  6.792952e-02
 iter: 230:1        |ddm|: 2.077398e-02     Tr[DP]  6.897526e-02
 iter: 230:2        |ddm|: 6.166711e-02     Tr[DP]  6.778353e-02
 iter: 231:1        |ddm|: 2.123261e-02     Tr[DP]  6.882540e-02
 iter: 231:2        |ddm|: 6.751306e-02     Tr[DP]  6.764634e-02
 iter: 232:1        |ddm|: 2.066137e-02     Tr[DP]  6.867699e-02
 iter: 232:2        |ddm|: 7.256268e-02     Tr[DP]  6.752397e-02
 iter: 233:1        |ddm|: 1.742155e-02     Tr[DP]  6.855706e-02
 iter: 233:2        |ddm|: 5.479732e-02     Tr[DP]  6.740487e-02
 iter: 234:1        |ddm|: 1.949186e-02     Tr[DP]  6.842460e-02
 iter: 234:2        |ddm|: 5.473086e-02     Tr[DP]  6.724745e-02
 iter: 235:1        |ddm|: 2.276115e-02     Tr[DP]  6.827397e-02
 iter: 235:2        |ddm|: 6.548720e-02     Tr[DP]  6.709537e-02
 iter: 236:1        |ddm|: 2.218065e-02     Tr[DP]  6.812036e-02
 iter: 236:2        |ddm|: 7.417214e-02     Tr[DP]  6.696596e-02
 iter: 237:1        |ddm|: 1.962268e-02     Tr[DP]  6.797750e-02
 iter: 237:2        |ddm|: 7.249993e-02     Tr[DP]  6.685575e-02
 iter: 238:1        |ddm|: 1.912282e-02     Tr[DP]  6.783821e-02
 iter: 238:2        |ddm|: 7.665661e-02     Tr[DP]  6.675362e-02
 iter: 239:1        |ddm|: 1.734558e-02     Tr[DP]  6.770721e-02
 iter: 239:2        |ddm|: 7.335388e-02     Tr[DP]  6.666511e-02
 iter: 240:1        |ddm|: 1.516261e-02     Tr[DP]  6.759633e-02
 iter: 240:2        |ddm|: 5.582324e-02     Tr[DP]  6.657502e-02
 iter: 241:1        |ddm|: 1.637236e-02     Tr[DP]  6.748018e-02
 iter: 241:2        |ddm|: 5.583384e-02     Tr[DP]  6.646313e-02
 iter: 242:1        |ddm|: 1.655234e-02     Tr[DP]  6.736293e-02
 iter: 242:2        |ddm|: 5.381889e-02     Tr[DP]  6.635468e-02
 iter: 243:1        |ddm|: 1.765850e-02     Tr[DP]  6.724156e-02
 iter: 243:2        |ddm|: 5.922075e-02     Tr[DP]  6.624679e-02
 iter: 244:1        |ddm|: 1.685307e-02     Tr[DP]  6.712249e-02
 iter: 244:2        |ddm|: 6.004470e-02     Tr[DP]  6.615068e-02
 iter: 245:1        |ddm|: 1.962175e-02     Tr[DP]  6.699482e-02
 iter: 245:2        |ddm|: 8.402171e-02     Tr[DP]  6.607059e-02
 iter: 246:1        |ddm|: 1.477858e-02     Tr[DP]  6.688264e-02
 iter: 246:2        |ddm|: 7.574774e-02     Tr[DP]  6.602464e-02
 iter: 247:1        |ddm|: 1.279172e-02     Tr[DP]  6.678764e-02
 iter: 247:2        |ddm|: 6.586667e-02     Tr[DP]  6.598203e-02
 iter: 248:1        |ddm|: 1.223047e-02     Tr[DP]  6.671430e-02
 iter: 248:2        |ddm|: 4.441664e-02     Tr[DP]  6.592861e-02
 iter: 249:1        |ddm|: 1.489477e-02     Tr[DP]  6.666463e-02
 iter: 249:2        |ddm|: 6.429475e-02     Tr[DP]  6.582517e-02
 iter: 250:1        |ddm|: 2.107852e-02     Tr[DP]  6.656332e-02
 iter: 250:2        |ddm|: 4.417111e-02     Tr[DP]  6.566492e-02
 iter: 251:1        |ddm|: 1.963406e-02     Tr[DP]  6.644653e-02
 iter: 251:2        |ddm|: 4.804406e-02     Tr[DP]  6.554633e-02
 iter: 252:1        |ddm|: 1.495947e-02     Tr[DP]  6.635296e-02
 iter: 252:2        |ddm|: 3.962420e-02     Tr[DP]  6.543341e-02
 iter: 253:1        |ddm|: 2.060683e-02     Tr[DP]  6.623730e-02
 iter: 253:2        |ddm|: 5.230972e-02     Tr[DP]  6.529687e-02
 iter: 254:1        |ddm|: 1.792992e-02     Tr[DP]  6.612021e-02
 iter: 254:2        |ddm|: 5.162074e-02     Tr[DP]  6.518729e-02
 iter: 255:1        |ddm|: 1.783249e-02     Tr[DP]  6.600435e-02
 iter: 255:2        |ddm|: 5.755445e-02     Tr[DP]  6.508359e-02
 iter: 256:1        |ddm|: 1.585346e-02     Tr[DP]  6.589478e-02
 iter: 256:2        |ddm|: 5.404973e-02     Tr[DP]  6.499081e-02
 iter: 257:1        |ddm|: 1.578863e-02     Tr[DP]  6.578653e-02
 iter: 257:2        |ddm|: 5.597400e-02     Tr[DP]  6.489933e-02
 iter: 258:1        |ddm|: 1.513463e-02     Tr[DP]  6.568091e-02
 iter: 258:2        |ddm|: 5.557506e-02     Tr[DP]  6.481512e-02
 iter: 259:1        |ddm|: 1.470988e-02     Tr[DP]  6.557810e-02
 iter: 259:2        |ddm|: 5.642267e-02     Tr[DP]  6.473667e-02
 iter: 260:1        |ddm|: 1.317014e-02     Tr[DP]  6.548395e-02
 iter: 260:2        |ddm|: 4.904190e-02     Tr[DP]  6.466245e-02
 iter: 261:1        |ddm|: 1.294710e-02     Tr[DP]  6.539410e-02
 iter: 261:2        |ddm|: 4.494949e-02     Tr[DP]  6.458141e-02
 iter: 262:1        |ddm|: 1.465445e-02     Tr[DP]  6.529740e-02
 iter: 262:2        |ddm|: 5.249826e-02     Tr[DP]  6.450013e-02
 iter: 263:1        |ddm|: 1.379978e-02     Tr[DP]  6.520186e-02
 iter: 263:2        |ddm|: 5.430919e-02     Tr[DP]  6.443445e-02
 iter: 264:1        |ddm|: 1.140103e-02     Tr[DP]  6.512419e-02
 iter: 264:2        |ddm|: 3.936410e-02     Tr[DP]  6.437023e-02
 iter: 265:1        |ddm|: 1.131722e-02     Tr[DP]  6.505129e-02
 iter: 265:2        |ddm|: 3.439391e-02     Tr[DP]  6.428166e-02
 iter: 266:1        |ddm|: 1.543812e-02     Tr[DP]  6.496040e-02
 iter: 266:2        |ddm|: 4.337482e-02     Tr[DP]  6.418354e-02
 iter: 267:1        |ddm|: 1.467079e-02     Tr[DP]  6.486612e-02
 iter: 267:2        |ddm|: 4.752493e-02     Tr[DP]  6.410544e-02
 iter: 268:1        |ddm|: 1.302023e-02     Tr[DP]  6.477829e-02
 iter: 268:2        |ddm|: 4.576641e-02     Tr[DP]  6.403593e-02
 iter: 269:1        |ddm|: 1.266485e-02     Tr[DP]  6.469271e-02
 iter: 269:2        |ddm|: 4.664515e-02     Tr[DP]  6.396878e-02
 iter: 270:1        |ddm|: 1.228167e-02     Tr[DP]  6.460875e-02
 iter: 270:2        |ddm|: 4.754566e-02     Tr[DP]  6.390766e-02
 iter: 271:1        |ddm|: 1.122391e-02     Tr[DP]  6.453051e-02
 iter: 271:2        |ddm|: 4.366950e-02     Tr[DP]  6.385156e-02
 iter: 272:1        |ddm|: 1.151670e-02     Tr[DP]  6.445237e-02
 iter: 272:2        |ddm|: 4.690570e-02     Tr[DP]  6.379680e-02
 iter: 273:1        |ddm|: 1.034417e-02     Tr[DP]  6.439408e-02
 iter: 273:2        |ddm|: 3.144062e-02     Tr[DP]  6.374108e-02
 iter: 274:1        |ddm|: 1.311276e-02     Tr[DP]  6.432048e-02
 iter: 274:2        |ddm|: 3.871754e-02     Tr[DP]  6.365829e-02
 iter: 275:1        |ddm|: 1.244547e-02     Tr[DP]  6.424026e-02
 iter: 275:2        |ddm|: 4.297234e-02     Tr[DP]  6.359851e-02
 iter: 276:1        |ddm|: 9.824597e-03     Tr[DP]  6.417485e-02
 iter: 276:2        |ddm|: 3.203837e-02     Tr[DP]  6.354294e-02
 iter: 277:1        |ddm|: 1.070974e-02     Tr[DP]  6.410695e-02
 iter: 277:2        |ddm|: 3.363489e-02     Tr[DP]  6.347404e-02
 iter: 278:1        |ddm|: 1.106210e-02     Tr[DP]  6.403578e-02
 iter: 278:2        |ddm|: 3.500504e-02     Tr[DP]  6.340959e-02
 iter: 279:1        |ddm|: 1.133043e-02     Tr[DP]  6.396334e-02
 iter: 279:2        |ddm|: 3.880044e-02     Tr[DP]  6.334997e-02
 iter: 280:1        |ddm|: 1.025897e-02     Tr[DP]  6.389465e-02
 iter: 280:2        |ddm|: 3.662670e-02     Tr[DP]  6.329718e-02
 iter: 281:1        |ddm|: 9.342802e-03     Tr[DP]  6.383250e-02
 iter: 281:2        |ddm|: 3.090922e-02     Tr[DP]  6.324216e-02
 iter: 282:1        |ddm|: 1.033247e-02     Tr[DP]  6.376727e-02
 iter: 282:2        |ddm|: 3.377607e-02     Tr[DP]  6.318166e-02
 iter: 283:1        |ddm|: 1.043139e-02     Tr[DP]  6.370006e-02
 iter: 283:2        |ddm|: 3.635715e-02     Tr[DP]  6.312808e-02
 iter: 284:1        |ddm|: 9.586428e-03     Tr[DP]  6.363632e-02
 iter: 284:2        |ddm|: 3.497937e-02     Tr[DP]  6.308005e-02
 iter: 285:1        |ddm|: 9.659544e-03     Tr[DP]  6.357282e-02
 iter: 285:2        |ddm|: 3.717959e-02     Tr[DP]  6.303453e-02
 iter: 286:1        |ddm|: 8.586073e-03     Tr[DP]  6.351464e-02
 iter: 286:2        |ddm|: 3.321261e-02     Tr[DP]  6.299412e-02
 iter: 287:1        |ddm|: 8.521666e-03     Tr[DP]  6.345796e-02
 iter: 287:2        |ddm|: 3.312608e-02     Tr[DP]  6.295232e-02
 iter: 288:1        |ddm|: 7.934989e-03     Tr[DP]  6.340452e-02
 iter: 288:2        |ddm|: 2.997243e-02     Tr[DP]  6.291248e-02
 iter: 289:1        |ddm|: 1.014960e-02     Tr[DP]  6.334291e-02
 iter: 289:2        |ddm|: 4.367340e-02     Tr[DP]  6.287662e-02
 iter: 290:1        |ddm|: 1.046480e-02     Tr[DP]  6.330952e-02
 iter: 290:2        |ddm|: 2.901773e-02     Tr[DP]  6.284772e-02
 iter: 291:1        |ddm|: 8.943586e-03     Tr[DP]  6.326620e-02
 iter: 291:2        |ddm|: 2.190197e-02     Tr[DP]  6.277588e-02
 iter: 292:1        |ddm|: 9.101937e-03     Tr[DP]  6.321297e-02
 iter: 292:2        |ddm|: 2.225910e-02     Tr[DP]  6.271570e-02
 iter: 293:1        |ddm|: 9.019419e-03     Tr[DP]  6.317806e-02
 iter: 293:2        |ddm|: 3.708543e-02     Tr[DP]  6.264218e-02
 iter: 294:1        |ddm|: 2.110301e-02     Tr[DP]  6.310083e-02
 iter: 294:2        |ddm|: 5.254224e-02     Tr[DP]  6.254940e-02
 iter: 295:1        |ddm|: 1.080778e-02     Tr[DP]  6.302915e-02
 iter: 295:2        |ddm|: 3.886186e-02     Tr[DP]  6.251330e-02
 iter: 296:1        |ddm|: 8.661681e-03     Tr[DP]  6.297152e-02
 iter: 296:2        |ddm|: 3.444542e-02     Tr[DP]  6.247329e-02
 iter: 297:1        |ddm|: 9.185426e-03     Tr[DP]  6.291259e-02
 iter: 297:2        |ddm|: 3.949976e-02     Tr[DP]  6.243560e-02
 iter: 298:1        |ddm|: 7.494957e-03     Tr[DP]  6.285984e-02
 iter: 298:2        |ddm|: 3.246263e-02     Tr[DP]  6.240634e-02
 iter: 299:1        |ddm|: 7.765051e-03     Tr[DP]  6.282482e-02
 iter: 299:2        |ddm|: 2.400293e-02     Tr[DP]  6.236377e-02
 iter: 300:1        |ddm|: 8.420962e-03     Tr[DP]  6.278119e-02
 iter: 300:2        |ddm|: 2.102085e-02     Tr[DP]  6.229398e-02
                         Freeze-and-Thaw NOT converged!                         

=================== Subsystem 1 at higher mean-field method ====================
  subiter:   1      |ddm|: 2.060308e+00
  subiter:   2      |ddm|: 2.152968e-01
  subiter:   3      |ddm|: 2.434195e-02
  subiter:   4      |ddm|: 1.899574e-02
  subiter:   5      |ddm|: 2.713101e-03
  subiter:   6      |ddm|: 1.060404e-03
  subiter:   7      |ddm|: 1.766674e-04
  subiter:   8      |ddm|: 7.241293e-05
  subiter:   9      |ddm|: 2.492125e-05
  subiter:  10      |ddm|: 3.610551e-06
  subiter:  11      |ddm|: 1.389033e-06
  subiter:  12      |ddm|: 5.153478e-07
  subiter:  13      |ddm|: 4.138439e-08
  subiter:  14      |ddm|: 2.139448e-08
  subiter:  15      |ddm|: 1.832029e-08
  subiter:  16      |ddm|: 1.157435e-08
  subiter:  17      |ddm|: 2.501271e-08
  subiter:  18      |ddm|: 2.861694e-09


******** <class 'pyscf.scf.hf.RHF'> flags ********
method = RHF
initial guess = minao
damping factor = 0
level shift factor = 0
DIIS = <class 'pyscf.scf.diis.CDIIS'>
DIIS start cycle = 1
DIIS space = 8
SCF tol = 1e-09
SCF gradient tol = None
max. SCF cycles = 100
direct_scf = True
direct_scf_tol = 1e-13
chkfile to save SCF result = /panfs/roc/scratch/graha682/D135/201711_augccpVDZ_NEVPT2_m06_135_3c12h24/tmpq0Uv1K
max_memory 4000 MB (current use 786 MB)
Set gradient conv threshold to 3.16228e-05
init E= -123.454532409643
  HOMO = -0.468114419019125  LUMO = 0.0361829952211599
cycle= 1 E= -123.454532409643  delta_E= 7.39e-13  |g|= 9.33e-10  |ddm|= 9.42e-09
  HOMO = -0.468114419017989  LUMO = 0.0361829952207659
Extra cycle  E= -123.454532409644  delta_E= -9.38e-13  |g|= 3.71e-10  |ddm|= 3.54e-09
converged SCF energy = -123.454532409644


******** <class 'pyscf.dft.rks.RKS'> flags ********
method = RKS
initial guess = atom
damping factor = 0
level shift factor = 0.0
DIIS = <class 'pyscf.scf.diis.CDIIS'>
DIIS start cycle = 1
DIIS space = 8
SCF tol = 1e-08
SCF gradient tol = 1e-08
max. SCF cycles = 1
direct_scf = True
direct_scf_tol = 1e-13
chkfile to save SCF result = /panfs/roc/scratch/graha682/D135/201711_augccpVDZ_NEVPT2_m06_135_3c12h24/tmpGDI2JK
max_memory 4000 MB (current use 782 MB)
XC functionals = m06
small_rho_cutoff = 1e-20
radial grids: Treutler-Ahlrichs (JCP 102, 346 (M4)) radial grids
becke partition: Becke, JCP, 88, 2547 (1988)
pruning grids: <function nwchem_prune at 0x152b5f0>
grids dens level: 4
symmetrized grids: False
atomic radii adjust function: <function treutler_atomic_radii_adjust at 0x152b488>
init E= -124.172634596002
  HOMO = -0.342131840346985  LUMO = -0.0392924438044383
cycle= 1 E= -124.172636283084  delta_E= -1.69e-06  |g|= 0.000259  |ddm|= 0.01
  HOMO = -0.342115052052557  LUMO = -0.0392975956962597
Extra cycle  E= -124.172636298813  delta_E= -1.57e-08  |g|= 0.000164  |ddm|= 0.00143
SCF not converged.
SCF energy = -124.172636298813 after 1 cycles
 iter: 301:1        |ddm|: 2.271901e+00     Tr[DP]  8.060992e-02

******** <class 'pyscf.mcscf.mc1step.CASSCF'> flags ********
CAS (1e+1e, 2o), ncore = 11, nvir = 101
max_cycle_macro = 50
max_cycle_micro = 4
conv_tol = 1e-07
conv_tol_grad = None
orbital rotation max_stepsize = 0.02
augmented hessian ah_max_cycle = 30
augmented hessian ah_conv_tol = 1e-12
augmented hessian ah_linear dependence = 1e-14
augmented hessian ah_level shift = 0
augmented hessian ah_start_tol = 2.5
augmented hessian ah_start_cycle = 3
augmented hessian ah_grad_trust_region = 3
kf_trust_region = 3
kf_interval = 4
ci_response_space = 4
ci_grad_trust_region = 3
with_dep4 0
natorb = False
canonicalization = True
sorting_mo_energy = False
chkfile = /panfs/roc/scratch/graha682/D135/201711_augccpVDZ_NEVPT2_m06_135_3c12h24/tmpq0Uv1K
max_memory 4000 MB (current use 783 MB)
internal_rotation = False
******** <class 'pyscf.fci.direct_spin1.FCISolver'> flags ********
max. cycles = 50
conv_tol = 1e-08
davidson only = False
linear dependence = 1e-10
level shift = 0.001
max iter space = 12
max_memory 4000 MB
nroots = 1
pspace_size = 400
spin = None
CASCI E = -123.454532746534  S^2 = 0.0000000
Set conv_tol_grad to 0.000316228
macro iter 1 (1 JK  1 micro), CASSCF E = -123.454532746534  dE = 1.4210855e-14  S^2 = 0.0000000
               |grad[o]|=4.35e-06  |grad[c]|= 8.93251980699e-16  |ddm|=    0
1-step CASSCF converged in 1 macro (1 JK 1 micro) steps
CASSCF canonicalization
CASSCF energy = -123.454532746534
Hartree-Fock Energy:  -123.45453240964356
CAS Correlation:       -0.00000033689061
CAS Energy:          -123.45453274653417
Sr    (-1)',   E = -0.00000765098061
Si    (+1)',   E = -0.00000026279737
Sijrs (0)  ,   E = -0.31286946824911
Sijr  (+1) ,   E = -0.00195916868112
Srsi  (-1) ,   E = -0.07387316289503
Srs   (-2) ,   E = -0.00702363728950
Sij   (+2) ,   E = -0.00001135935478
Sir   (0)' ,   E = -0.00028916158440
Nevpt2 Energy = -0.396033871831905
NEVPT2 =   -0.396033871831905
Total NEVPT2 = -123.850566618366074

============================== Supermolecular DFT ==============================
  subiter:   1      |ddm|: 3.757166e+01
  subiter:   2      |ddm|: 5.830380e+00
  subiter:   3      |ddm|: 1.014335e+00
  subiter:   4      |ddm|: 2.968937e-01
  subiter:   5      |ddm|: 1.010668e-01
  subiter:   6      |ddm|: 3.519009e-02
  subiter:   7      |ddm|: 1.275419e-02
  subiter:   8      |ddm|: 4.104534e-03
  subiter:   9      |ddm|: 1.959006e-03
  subiter:  10      |ddm|: 6.017321e-04
  subiter:  11      |ddm|: 1.076012e-04
  subiter:  12      |ddm|: 2.242717e-05
  subiter:  13      |ddm|: 2.505141e-05
  subiter:  14      |ddm|: 1.314760e-05
  subiter:  15      |ddm|: 1.058356e-06
  subiter:  16      |ddm|: 1.377428e-06
  subiter:  17      |ddm|: 4.061203e-07
  subiter:  18      |ddm|: 1.186017e-07
  subiter:  19      |ddm|: 1.067320e-07
  subiter:  20      |ddm|: 9.645248e-08
  subiter:  21      |ddm|: 7.114462e-08
  subiter:  22      |ddm|: 1.243332e-07
  subiter:  23      |ddm|: 6.666500e-08
  subiter:  24      |ddm|: 9.026061e-08
  subiter:  25      |ddm|: 1.250148e-07
  subiter:  26      |ddm|: 7.811615e-08
  subiter:  27      |ddm|: 1.123974e-07
  subiter:  28      |ddm|: 5.540128e-08
  subiter:  29      |ddm|: 7.797552e-08
  subiter:  30      |ddm|: 1.032979e-07
  subiter:  31      |ddm|: 8.259420e-08
  subiter:  32      |ddm|: 7.847759e-08
  subiter:  33      |ddm|: 1.257015e-07
  subiter:  34      |ddm|: 6.376441e-08
  subiter:  35      |ddm|: 8.395761e-08
  subiter:  36      |ddm|: 5.806874e-08
  subiter:  37      |ddm|: 1.028082e-07
  subiter:  38      |ddm|: 8.396399e-08
  subiter:  39      |ddm|: 7.171539e-08
  subiter:  40      |ddm|: 1.180698e-07
  subiter:  41      |ddm|: 7.103205e-08
  subiter:  42      |ddm|: 6.663227e-08
  subiter:  43      |ddm|: 1.687130e-07
  subiter:  44      |ddm|: 6.943421e-08
  subiter:  45      |ddm|: 1.204424e-07
  subiter:  46      |ddm|: 1.235397e-07
  subiter:  47      |ddm|: 1.750496e-07
  subiter:  48      |ddm|: 1.080226e-07
  subiter:  49      |ddm|: 7.913414e-08
  subiter:  50      |ddm|: 1.352420e-07
  subiter:  51      |ddm|: 1.172473e-07
  subiter:  52      |ddm|: 1.111811e-07
  subiter:  53      |ddm|: 1.260516e-07
  subiter:  54      |ddm|: 5.921088e-08
  subiter:  55      |ddm|: 7.153047e-08
  subiter:  56      |ddm|: 1.526228e-07
  subiter:  57      |ddm|: 5.803517e-08
  subiter:  58      |ddm|: 8.331074e-08
  subiter:  59      |ddm|: 9.380761e-08
  subiter:  60      |ddm|: 8.647578e-08
  subiter:  61      |ddm|: 5.360393e-08
  subiter:  62      |ddm|: 1.126913e-07
  subiter:  63      |ddm|: 9.613165e-08
  subiter:  64      |ddm|: 1.069068e-07
  subiter:  65      |ddm|: 5.391493e-08
  subiter:  66      |ddm|: 9.443916e-08
  subiter:  67      |ddm|: 5.798971e-08
  subiter:  68      |ddm|: 9.011458e-08
  subiter:  69      |ddm|: 6.471970e-08
  subiter:  70      |ddm|: 9.489430e-08
  subiter:  71      |ddm|: 9.587863e-08
  subiter:  72      |ddm|: 6.024338e-08
  subiter:  73      |ddm|: 1.161923e-07
  subiter:  74      |ddm|: 9.793689e-08
  subiter:  75      |ddm|: 6.526020e-08
  subiter:  76      |ddm|: 9.232177e-08
  subiter:  77      |ddm|: 8.013877e-08
  subiter:  78      |ddm|: 7.650627e-08
  subiter:  79      |ddm|: 7.560796e-08
  subiter:  80      |ddm|: 1.070973e-07
  subiter:  81      |ddm|: 6.051443e-08
  subiter:  82      |ddm|: 8.440663e-08
  subiter:  83      |ddm|: 8.481478e-08
  subiter:  84      |ddm|: 7.773230e-08
  subiter:  85      |ddm|: 6.610811e-08
  subiter:  86      |ddm|: 6.256848e-08
  subiter:  87      |ddm|: 1.030354e-07
  subiter:  88      |ddm|: 9.060986e-08
  subiter:  89      |ddm|: 1.103990e-07
  subiter:  90      |ddm|: 9.254667e-08
  subiter:  91      |ddm|: 9.026169e-08
  subiter:  92      |ddm|: 6.938951e-08
  subiter:  93      |ddm|: 8.548934e-08
  subiter:  94      |ddm|: 1.023896e-07
  subiter:  95      |ddm|: 9.357034e-08
  subiter:  96      |ddm|: 1.569972e-07
  subiter:  97      |ddm|: 5.700103e-08
  subiter:  98      |ddm|: 9.063151e-08
  subiter:  99      |ddm|: 6.073935e-08
  subiter: 100      |ddm|: 8.956375e-08


******** <class 'pyscf.dft.rks.RKS'> flags ********
method = RKS
initial guess = atom
damping factor = 0
level shift factor = 0.0
DIIS = <class 'pyscf.scf.diis.CDIIS'>
DIIS start cycle = 1
DIIS space = 8
SCF tol = 1e-08
SCF gradient tol = 1e-08
max. SCF cycles = 100
direct_scf = True
direct_scf_tol = 1e-13
chkfile to save SCF result = /panfs/roc/scratch/graha682/D135/201711_augccpVDZ_NEVPT2_m06_135_3c12h24/tmp0t09eY
max_memory 4000 MB (current use 853 MB)
XC functionals = m06
small_rho_cutoff = 1e-20
radial grids: Treutler-Ahlrichs (JCP 102, 346 (M4)) radial grids
becke partition: Becke, JCP, 88, 2547 (1988)
pruning grids: <function nwchem_prune at 0x152b5f0>
grids dens level: 4
symmetrized grids: False
atomic radii adjust function: <function treutler_atomic_radii_adjust at 0x152b488>
init E= -471.332832198076
  HOMO = -0.259087100377072  LUMO = -0.0390217620150648
cycle= 1 E= -471.332832198075  delta_E= 1.14e-12  |g|= 1.54e-09  |ddm|= 3.71e-07
  HOMO = -0.259087100376804  LUMO = -0.0390217620119537
Extra cycle  E= -471.332832198083  delta_E= -7.96e-12  |g|= 3.75e-09  |ddm|= 1.83e-06
converged SCF energy = -471.332832198083
Supermolecular DFT   -471.33283219807663

============================== Embedding Energies ==============================
Subsystem DFT              -124.17263629881312
Interaction                -346.74641955192669
DFT-in-DFT                 -470.91905585073982
Supermolecular DFT         -471.33283219807663
Difference                   -0.41377634733681
Corrected DFT-in-DFT       -471.33283219807663
WF-in-DFT                  -470.59698617029278
Corrected WF-in-DFT        -471.01076251762959
================================================================================
TIMING STATISTICS:
     overlap integrals      0.04s   ( 0.00%)
    initial subsystems      3.03s   ( 0.01%)
           2e matrices  16679.07s   (73.84%)
      tot. embed. of 1  16708.88s   (73.97%)
      tot. embed. of 2      7.35s   ( 0.03%)
       freeze and thaw  16716.29s   (74.01%)
                   cas      0.33s   ( 0.00%)
                nevpt2      0.16s   ( 0.00%)
  interaction energies   5866.15s   (25.97%)
                 TOTAL  22587.46s
================================================================================

********************************************************************************
*                              END OF CALCULATION                              *
********************************************************************************
