********************************************************************************
*                         FREEZE-AND-THAW CALCULATION                          *
********************************************************************************

================================== Input File ==================================

subsystem
C         -6.76614       -0.51035       -0.00622
C         -5.53177        0.34984        0.17923
H         -7.69650        0.05103        0.17230
H         -6.76055       -1.37024        0.68519
H         -6.81731       -0.91930       -1.02974
C         -4.23676       -0.40633       -0.06077
H         -5.51766        0.77659        1.20047
H         -5.57269        1.22243       -0.50061
charge -1
end

subsystem
C         -2.99121        0.44120        0.12076
H         -4.24510       -0.83473       -1.08325
H         -4.18990       -1.28036        0.61963
C         -1.69736       -0.31546       -0.11703
H         -2.98381        0.87038        1.14273
H         -3.03741        1.31414       -0.56080
C         -0.45201        0.53276        0.06381
H         -1.70463       -0.74532       -1.13867
H         -1.65044       -1.18788        0.56508
C          0.84156       -0.22510       -0.17191
H         -0.44519        0.96372        1.08496
H         -0.49776        1.40438       -0.61937
C          2.08655        0.62421        0.00794
H          0.83455       -0.65680       -1.19271
H          0.88815       -1.09588        0.51203
C          3.37673       -0.14026       -0.22619
H          2.09360        1.05630        1.02833
H          2.04175        1.49393       -0.67736
C          4.62096        0.71825       -0.03244
H          3.37520       -0.56606       -1.24883
H          3.43030       -1.01093        0.45506
C          5.84712       -0.09378       -0.32111
H          4.63736        1.10617        1.00467
H          4.54473        1.60521       -0.69126
C          6.53574       -0.86165        0.53375
H          6.87236       -1.86730        0.26061
H          6.79406       -0.51927        1.54561
H          5.80647       -0.49020       -1.35303
charge +1
end

embed
 huzinaga
 cycles 300
 conv 1e-8
 method m06
end

basis aug-cc-pVTZ
method cas[2,2]/nevpt2
grid 4
conv 1e-8
grad 1e-8
maxiter 100

================================== End Input ===================================
tot grids = 725328

                      Getting subsystem overlap integrals                       

                          Initial subsystem densities                           
Guessing initial subsystem densities
Initial guess from superpostion of atomic densties.
Guessing initial subsystem densities
Initial guess from superpostion of atomic densties.

=========================== Starting Freeze-and-Thaw ===========================
 iter:   1:1        |ddm|: 8.482053e+01     Tr[DP]  7.747371e-01
 iter:   1:2        |ddm|: 1.113338e+02     Tr[DP]  2.706799e-01
 iter:   2:1        |ddm|: 1.054492e+02     Tr[DP]  7.082292e-02
 iter:   2:2        |ddm|: 1.219979e+02     Tr[DP]  1.410070e-01
 iter:   3:1        |ddm|: 1.341351e+02     Tr[DP]  1.883571e-01
 iter:   3:2        |ddm|: 8.589336e+01     Tr[DP]  1.765542e-01
 iter:   4:1        |ddm|: 7.516617e+01     Tr[DP]  9.799989e-02
 iter:   4:2        |ddm|: 1.453779e+01     Tr[DP]  1.326563e-01
 iter:   5:1        |ddm|: 3.602848e+01     Tr[DP]  9.487352e-02
 iter:   5:2        |ddm|: 1.061189e+01     Tr[DP]  1.174970e-01
 iter:   6:1        |ddm|: 1.741509e+01     Tr[DP]  9.790916e-02
 iter:   6:2        |ddm|: 8.499693e+00     Tr[DP]  1.045285e-01
 iter:   7:1        |ddm|: 1.208110e+01     Tr[DP]  9.967861e-02
 iter:   7:2        |ddm|: 5.524929e+00     Tr[DP]  9.637745e-02
 iter:   8:1        |ddm|: 9.602960e+00     Tr[DP]  1.006236e-01
 iter:   8:2        |ddm|: 3.781573e+00     Tr[DP]  9.347648e-02
 iter:   9:1        |ddm|: 8.007172e+00     Tr[DP]  1.010000e-01
 iter:   9:2        |ddm|: 2.843648e+00     Tr[DP]  9.222386e-02
 iter:  10:1        |ddm|: 6.180113e+00     Tr[DP]  1.012583e-01
 iter:  10:2        |ddm|: 2.352800e+00     Tr[DP]  9.047971e-02
 iter:  11:1        |ddm|: 4.869748e+00     Tr[DP]  1.022233e-01
 iter:  11:2        |ddm|: 1.833133e+00     Tr[DP]  9.134922e-02
 iter:  12:1        |ddm|: 4.407396e+00     Tr[DP]  1.026018e-01
 iter:  12:2        |ddm|: 1.599685e+00     Tr[DP]  9.099539e-02
 iter:  13:1        |ddm|: 3.613545e+00     Tr[DP]  1.028051e-01
 iter:  13:2        |ddm|: 1.364366e+00     Tr[DP]  9.084327e-02
 iter:  14:1        |ddm|: 3.044312e+00     Tr[DP]  1.024399e-01
 iter:  14:2        |ddm|: 1.211459e+00     Tr[DP]  8.967542e-02
 iter:  15:1        |ddm|: 2.515177e+00     Tr[DP]  1.022629e-01
 iter:  15:2        |ddm|: 9.276873e-01     Tr[DP]  9.093146e-02
 iter:  16:1        |ddm|: 2.353403e+00     Tr[DP]  1.026012e-01
 iter:  16:2        |ddm|: 8.423901e-01     Tr[DP]  9.212353e-02
 iter:  17:1        |ddm|: 2.088985e+00     Tr[DP]  1.027652e-01
 iter:  17:2        |ddm|: 7.786068e-01     Tr[DP]  9.199942e-02
 iter:  18:1        |ddm|: 1.800520e+00     Tr[DP]  1.025227e-01
 iter:  18:2        |ddm|: 6.999457e-01     Tr[DP]  9.168578e-02
 iter:  19:1        |ddm|: 1.577521e+00     Tr[DP]  1.021711e-01
 iter:  19:2        |ddm|: 5.893545e-01     Tr[DP]  9.207229e-02
 iter:  20:1        |ddm|: 1.467997e+00     Tr[DP]  1.019754e-01
 iter:  20:2        |ddm|: 5.519708e-01     Tr[DP]  9.282721e-02
 iter:  21:1        |ddm|: 1.301587e+00     Tr[DP]  1.018517e-01
 iter:  21:2        |ddm|: 5.221957e-01     Tr[DP]  9.273179e-02
 iter:  22:1        |ddm|: 1.157249e+00     Tr[DP]  1.015009e-01
 iter:  22:2        |ddm|: 4.727515e-01     Tr[DP]  9.276749e-02
 iter:  23:1        |ddm|: 1.015830e+00     Tr[DP]  1.011197e-01
 iter:  23:2        |ddm|: 4.374476e-01     Tr[DP]  9.251616e-02
 iter:  24:1        |ddm|: 8.795278e-01     Tr[DP]  1.006666e-01
 iter:  24:2        |ddm|: 4.162347e-01     Tr[DP]  9.193794e-02
 iter:  25:1        |ddm|: 8.020237e-01     Tr[DP]  1.000128e-01
 iter:  25:2        |ddm|: 3.428044e-01     Tr[DP]  9.250903e-02
 iter:  26:1        |ddm|: 7.678488e-01     Tr[DP]  9.959312e-02
 iter:  26:2        |ddm|: 3.598016e-01     Tr[DP]  9.322647e-02
 iter:  27:1        |ddm|: 8.512459e-01     Tr[DP]  9.930051e-02
 iter:  27:2        |ddm|: 4.804887e-01     Tr[DP]  9.452705e-02
 iter:  28:1        |ddm|: 6.953037e-01     Tr[DP]  9.937021e-02
 iter:  28:2        |ddm|: 4.121033e-01     Tr[DP]  9.434106e-02
 iter:  29:1        |ddm|: 6.222623e-01     Tr[DP]  9.920700e-02
 iter:  29:2        |ddm|: 3.604111e-01     Tr[DP]  9.409452e-02
 iter:  30:1        |ddm|: 5.945023e-01     Tr[DP]  9.891562e-02
 iter:  30:2        |ddm|: 3.411532e-01     Tr[DP]  9.423257e-02
 iter:  31:1        |ddm|: 5.300577e-01     Tr[DP]  9.871119e-02
 iter:  31:2        |ddm|: 3.248858e-01     Tr[DP]  9.404904e-02
 iter:  32:1        |ddm|: 5.162840e-01     Tr[DP]  9.840244e-02
 iter:  32:2        |ddm|: 3.215959e-01     Tr[DP]  9.424489e-02
 iter:  33:1        |ddm|: 4.464807e-01     Tr[DP]  9.822310e-02
 iter:  33:2        |ddm|: 2.980791e-01     Tr[DP]  9.390957e-02
 iter:  34:1        |ddm|: 4.011689e-01     Tr[DP]  9.798048e-02
 iter:  34:2        |ddm|: 2.663112e-01     Tr[DP]  9.358826e-02
 iter:  35:1        |ddm|: 3.754187e-01     Tr[DP]  9.768144e-02
 iter:  35:2        |ddm|: 2.480760e-01     Tr[DP]  9.352145e-02
 iter:  36:1        |ddm|: 3.543077e-01     Tr[DP]  9.738703e-02
 iter:  36:2        |ddm|: 2.469549e-01     Tr[DP]  9.355786e-02
 iter:  37:1        |ddm|: 3.338729e-01     Tr[DP]  9.710676e-02
 iter:  37:2        |ddm|: 2.469099e-01     Tr[DP]  9.359124e-02
 iter:  38:1        |ddm|: 3.099024e-01     Tr[DP]  9.686075e-02
 iter:  38:2        |ddm|: 2.426007e-01     Tr[DP]  9.356456e-02
 iter:  39:1        |ddm|: 2.503559e-01     Tr[DP]  9.675818e-02
 iter:  39:2        |ddm|: 2.244499e-01     Tr[DP]  9.295010e-02
 iter:  40:1        |ddm|: 2.551393e-01     Tr[DP]  9.645611e-02
 iter:  40:2        |ddm|: 1.998926e-01     Tr[DP]  9.303715e-02
 iter:  41:1        |ddm|: 2.409758e-01     Tr[DP]  9.621175e-02
 iter:  41:2        |ddm|: 2.048666e-01     Tr[DP]  9.306851e-02
 iter:  42:1        |ddm|: 2.651601e-01     Tr[DP]  9.593890e-02
 iter:  42:2        |ddm|: 2.386597e-01     Tr[DP]  9.338386e-02
 iter:  43:1        |ddm|: 2.334179e-01     Tr[DP]  9.578556e-02
 iter:  43:2        |ddm|: 2.335305e-01     Tr[DP]  9.337863e-02
 iter:  44:1        |ddm|: 2.760753e-01     Tr[DP]  9.554890e-02
 iter:  44:2        |ddm|: 2.724458e-01     Tr[DP]  9.376769e-02
 iter:  45:1        |ddm|: 2.241485e-01     Tr[DP]  9.545557e-02
 iter:  45:2        |ddm|: 2.571967e-01     Tr[DP]  9.361697e-02
 iter:  46:1        |ddm|: 2.028231e-01     Tr[DP]  9.536216e-02
 iter:  46:2        |ddm|: 2.309017e-01     Tr[DP]  9.339881e-02
 iter:  47:1        |ddm|: 1.833894e-01     Tr[DP]  9.525680e-02
 iter:  47:2        |ddm|: 2.091641e-01     Tr[DP]  9.315487e-02
 iter:  48:1        |ddm|: 1.757577e-01     Tr[DP]  9.511881e-02
 iter:  48:2        |ddm|: 1.950862e-01     Tr[DP]  9.301027e-02
 iter:  49:1        |ddm|: 1.815609e-01     Tr[DP]  9.495502e-02
 iter:  49:2        |ddm|: 1.997547e-01     Tr[DP]  9.303398e-02
 iter:  50:1        |ddm|: 1.500878e-01     Tr[DP]  9.486066e-02
 iter:  50:2        |ddm|: 1.883904e-01     Tr[DP]  9.266570e-02
 iter:  51:1        |ddm|: 1.535246e-01     Tr[DP]  9.469912e-02
 iter:  51:2        |ddm|: 1.709181e-01     Tr[DP]  9.261398e-02
 iter:  52:1        |ddm|: 1.405515e-01     Tr[DP]  9.456846e-02
 iter:  52:2        |ddm|: 1.686357e-01     Tr[DP]  9.247947e-02
 iter:  53:1        |ddm|: 1.448133e-01     Tr[DP]  9.441706e-02
 iter:  53:2        |ddm|: 1.712673e-01     Tr[DP]  9.248212e-02
 iter:  54:1        |ddm|: 1.315861e-01     Tr[DP]  9.429668e-02
 iter:  54:2        |ddm|: 1.690595e-01     Tr[DP]  9.236400e-02
 iter:  55:1        |ddm|: 1.265955e-01     Tr[DP]  9.417356e-02
 iter:  55:2        |ddm|: 1.634345e-01     Tr[DP]  9.226617e-02
 iter:  56:1        |ddm|: 1.264258e-01     Tr[DP]  9.404375e-02
 iter:  56:2        |ddm|: 1.633916e-01     Tr[DP]  9.222789e-02
 iter:  57:1        |ddm|: 1.108517e-01     Tr[DP]  9.394693e-02
 iter:  57:2        |ddm|: 1.563338e-01     Tr[DP]  9.204518e-02
 iter:  58:1        |ddm|: 1.075144e-01     Tr[DP]  9.383645e-02
 iter:  58:2        |ddm|: 1.478473e-01     Tr[DP]  9.192841e-02
 iter:  59:1        |ddm|: 1.196192e-01     Tr[DP]  9.369913e-02
 iter:  59:2        |ddm|: 1.557040e-01     Tr[DP]  9.198926e-02
 iter:  60:1        |ddm|: 1.249647e-01     Tr[DP]  9.357129e-02
 iter:  60:2        |ddm|: 1.713250e-01     Tr[DP]  9.205909e-02
 iter:  61:1        |ddm|: 1.056682e-01     Tr[DP]  9.348505e-02
 iter:  61:2        |ddm|: 1.645828e-01     Tr[DP]  9.192641e-02
 iter:  62:1        |ddm|: 9.615209e-02     Tr[DP]  9.340305e-02
 iter:  62:2        |ddm|: 1.505601e-01     Tr[DP]  9.175379e-02
 iter:  63:1        |ddm|: 1.225509e-01     Tr[DP]  9.327171e-02
 iter:  63:2        |ddm|: 1.628765e-01     Tr[DP]  9.187883e-02
 iter:  64:1        |ddm|: 1.037388e-01     Tr[DP]  9.318326e-02
 iter:  64:2        |ddm|: 1.643575e-01     Tr[DP]  9.179160e-02
 iter:  65:1        |ddm|: 9.714313e-02     Tr[DP]  9.310000e-02
 iter:  65:2        |ddm|: 1.550475e-01     Tr[DP]  9.167948e-02
 iter:  66:1        |ddm|: 9.030318e-02     Tr[DP]  9.302113e-02
 iter:  66:2        |ddm|: 1.455377e-01     Tr[DP]  9.154195e-02
 iter:  67:1        |ddm|: 8.736735e-02     Tr[DP]  9.293801e-02
 iter:  67:2        |ddm|: 1.381184e-01     Tr[DP]  9.142890e-02
 iter:  68:1        |ddm|: 8.163703e-02     Tr[DP]  9.285843e-02
 iter:  68:2        |ddm|: 1.313295e-01     Tr[DP]  9.128486e-02
 iter:  69:1        |ddm|: 7.824958e-02     Tr[DP]  9.277859e-02
 iter:  69:2        |ddm|: 1.248803e-01     Tr[DP]  9.116393e-02
 iter:  70:1        |ddm|: 8.327906e-02     Tr[DP]  9.268413e-02
 iter:  70:2        |ddm|: 1.257829e-01     Tr[DP]  9.115354e-02
 iter:  71:1        |ddm|: 9.172358e-02     Tr[DP]  9.258266e-02
 iter:  71:2        |ddm|: 1.384305e-01     Tr[DP]  9.121012e-02
 iter:  72:1        |ddm|: 7.517946e-02     Tr[DP]  9.251037e-02
 iter:  72:2        |ddm|: 1.335005e-01     Tr[DP]  9.106599e-02
 iter:  73:1        |ddm|: 7.631224e-02     Tr[DP]  9.243110e-02
 iter:  73:2        |ddm|: 1.257732e-01     Tr[DP]  9.099612e-02
 iter:  74:1        |ddm|: 6.887480e-02     Tr[DP]  9.236244e-02
 iter:  74:2        |ddm|: 1.205409e-01     Tr[DP]  9.085828e-02
 iter:  75:1        |ddm|: 1.198336e-01     Tr[DP]  9.223547e-02
 iter:  75:2        |ddm|: 1.624770e-01     Tr[DP]  9.116020e-02
 iter:  76:1        |ddm|: 7.333874e-02     Tr[DP]  9.217553e-02
 iter:  76:2        |ddm|: 1.489249e-01     Tr[DP]  9.095183e-02
 iter:  77:1        |ddm|: 7.034853e-02     Tr[DP]  9.211364e-02
 iter:  77:2        |ddm|: 1.274796e-01     Tr[DP]  9.081268e-02
 iter:  78:1        |ddm|: 7.306679e-02     Tr[DP]  9.203996e-02
 iter:  78:2        |ddm|: 1.217419e-01     Tr[DP]  9.075524e-02
 iter:  79:1        |ddm|: 7.243788e-02     Tr[DP]  9.196509e-02
 iter:  79:2        |ddm|: 1.219932e-01     Tr[DP]  9.070167e-02
 iter:  80:1        |ddm|: 9.068287e-02     Tr[DP]  9.187293e-02
 iter:  80:2        |ddm|: 1.402844e-01     Tr[DP]  9.080322e-02
 iter:  81:1        |ddm|: 6.175882e-02     Tr[DP]  9.182200e-02
 iter:  81:2        |ddm|: 1.277893e-01     Tr[DP]  9.054634e-02
 iter:  82:1        |ddm|: 5.982775e-02     Tr[DP]  9.176611e-02
 iter:  82:2        |ddm|: 1.079714e-01     Tr[DP]  9.038053e-02
 iter:  83:1        |ddm|: 7.062952e-02     Tr[DP]  9.168622e-02
 iter:  83:2        |ddm|: 1.081282e-01     Tr[DP]  9.041277e-02
 iter:  84:1        |ddm|: 6.451464e-02     Tr[DP]  9.161377e-02
 iter:  84:2        |ddm|: 1.119093e-01     Tr[DP]  9.035828e-02
 iter:  85:1        |ddm|: 6.429407e-02     Tr[DP]  9.154348e-02
 iter:  85:2        |ddm|: 1.110928e-01     Tr[DP]  9.030935e-02
 iter:  86:1        |ddm|: 5.912864e-02     Tr[DP]  9.147918e-02
 iter:  86:2        |ddm|: 1.069145e-01     Tr[DP]  9.021036e-02
 iter:  87:1        |ddm|: 5.888594e-02     Tr[DP]  9.141318e-02
 iter:  87:2        |ddm|: 1.025483e-01     Tr[DP]  9.014004e-02
 iter:  88:1        |ddm|: 5.505473e-02     Tr[DP]  9.135078e-02
 iter:  88:2        |ddm|: 9.903324e-02     Tr[DP]  9.004408e-02
 iter:  89:1        |ddm|: 4.993138e-02     Tr[DP]  9.130055e-02
 iter:  89:2        |ddm|: 9.619306e-02     Tr[DP]  8.982628e-02
 iter:  90:1        |ddm|: 7.373833e-02     Tr[DP]  9.121561e-02
 iter:  90:2        |ddm|: 1.042245e-01     Tr[DP]  9.001023e-02
 iter:  91:1        |ddm|: 6.580428e-02     Tr[DP]  9.113657e-02
 iter:  91:2        |ddm|: 1.170784e-01     Tr[DP]  9.003870e-02
 iter:  92:1        |ddm|: 5.933585e-02     Tr[DP]  9.107110e-02
 iter:  92:2        |ddm|: 1.131453e-01     Tr[DP]  8.997839e-02
 iter:  93:1        |ddm|: 5.768345e-02     Tr[DP]  9.100935e-02
 iter:  93:2        |ddm|: 1.074872e-01     Tr[DP]  8.991578e-02
 iter:  94:1        |ddm|: 5.557658e-02     Tr[DP]  9.094951e-02
 iter:  94:2        |ddm|: 1.028648e-01     Tr[DP]  8.984545e-02
 iter:  95:1        |ddm|: 6.875838e-02     Tr[DP]  9.087954e-02
 iter:  95:2        |ddm|: 1.139909e-01     Tr[DP]  8.990629e-02
 iter:  96:1        |ddm|: 4.986054e-02     Tr[DP]  9.082555e-02
 iter:  96:2        |ddm|: 1.048529e-01     Tr[DP]  8.972316e-02
 iter:  97:1        |ddm|: 4.992112e-02     Tr[DP]  9.077238e-02
 iter:  97:2        |ddm|: 9.115840e-02     Tr[DP]  8.962332e-02
 iter:  98:1        |ddm|: 4.941854e-02     Tr[DP]  9.071465e-02
 iter:  98:2        |ddm|: 8.707285e-02     Tr[DP]  8.955496e-02
 iter:  99:1        |ddm|: 4.850362e-02     Tr[DP]  9.065558e-02
 iter:  99:2        |ddm|: 8.554171e-02     Tr[DP]  8.949580e-02
 iter: 100:1        |ddm|: 4.779468e-02     Tr[DP]  9.059627e-02
 iter: 100:2        |ddm|: 8.463207e-02     Tr[DP]  8.944342e-02
 iter: 101:1        |ddm|: 4.838833e-02     Tr[DP]  9.053608e-02
 iter: 101:2        |ddm|: 8.518836e-02     Tr[DP]  8.941048e-02
 iter: 102:1        |ddm|: 4.790171e-02     Tr[DP]  9.047650e-02
 iter: 102:2        |ddm|: 8.603821e-02     Tr[DP]  8.937399e-02
 iter: 103:1        |ddm|: 4.569099e-02     Tr[DP]  9.041871e-02
 iter: 103:2        |ddm|: 8.439095e-02     Tr[DP]  8.931314e-02
 iter: 104:1        |ddm|: 4.741034e-02     Tr[DP]  9.036060e-02
 iter: 104:2        |ddm|: 8.465356e-02     Tr[DP]  8.928912e-02
 iter: 105:1        |ddm|: 4.349552e-02     Tr[DP]  9.030437e-02
 iter: 105:2        |ddm|: 8.218197e-02     Tr[DP]  8.921232e-02
 iter: 106:1        |ddm|: 4.158972e-02     Tr[DP]  9.025082e-02
 iter: 106:2        |ddm|: 7.741508e-02     Tr[DP]  8.912640e-02
 iter: 107:1        |ddm|: 4.191413e-02     Tr[DP]  9.019714e-02
 iter: 107:2        |ddm|: 7.490310e-02     Tr[DP]  8.908686e-02
 iter: 108:1        |ddm|: 4.017475e-02     Tr[DP]  9.014209e-02
 iter: 108:2        |ddm|: 7.397953e-02     Tr[DP]  8.903122e-02
 iter: 109:1        |ddm|: 5.080415e-02     Tr[DP]  9.008361e-02
 iter: 109:2        |ddm|: 8.415790e-02     Tr[DP]  8.909786e-02
 iter: 110:1        |ddm|: 4.105120e-02     Tr[DP]  9.002769e-02
 iter: 110:2        |ddm|: 8.277931e-02     Tr[DP]  8.902323e-02
 iter: 111:1        |ddm|: 4.106870e-02     Tr[DP]  8.997566e-02
 iter: 111:2        |ddm|: 7.786207e-02     Tr[DP]  8.897130e-02
 iter: 112:1        |ddm|: 3.706332e-02     Tr[DP]  8.992495e-02
 iter: 112:2        |ddm|: 7.272956e-02     Tr[DP]  8.885231e-02
 iter: 113:1        |ddm|: 3.606995e-02     Tr[DP]  8.987858e-02
 iter: 113:2        |ddm|: 6.698638e-02     Tr[DP]  8.877759e-02
 iter: 114:1        |ddm|: 3.599034e-02     Tr[DP]  8.982531e-02
 iter: 114:2        |ddm|: 6.579994e-02     Tr[DP]  8.868023e-02
 iter: 115:1        |ddm|: 3.559664e-02     Tr[DP]  8.977173e-02
 iter: 115:2        |ddm|: 6.371149e-02     Tr[DP]  8.861384e-02
 iter: 116:1        |ddm|: 8.490392e-02     Tr[DP]  8.971816e-02
 iter: 116:2        |ddm|: 1.263779e-01     Tr[DP]  8.899919e-02
 iter: 117:1        |ddm|: 5.420475e-02     Tr[DP]  8.965028e-02
 iter: 117:2        |ddm|: 1.229542e-01     Tr[DP]  8.896717e-02
 iter: 118:1        |ddm|: 4.750403e-02     Tr[DP]  8.959880e-02
 iter: 118:2        |ddm|: 1.045378e-01     Tr[DP]  8.890794e-02
 iter: 119:1        |ddm|: 4.408426e-02     Tr[DP]  8.955048e-02
 iter: 119:2        |ddm|: 9.234766e-02     Tr[DP]  8.882023e-02
 iter: 120:1        |ddm|: 3.627509e-02     Tr[DP]  8.951375e-02
 iter: 120:2        |ddm|: 7.885469e-02     Tr[DP]  8.867583e-02
 iter: 121:1        |ddm|: 3.635133e-02     Tr[DP]  8.947315e-02
 iter: 121:2        |ddm|: 6.805298e-02     Tr[DP]  8.859116e-02
 iter: 122:1        |ddm|: 3.361631e-02     Tr[DP]  8.943179e-02
 iter: 122:2        |ddm|: 6.272637e-02     Tr[DP]  8.848812e-02
 iter: 123:1        |ddm|: 3.667675e-02     Tr[DP]  8.938713e-02
 iter: 123:2        |ddm|: 6.175419e-02     Tr[DP]  8.848397e-02
 iter: 124:1        |ddm|: 3.385958e-02     Tr[DP]  8.933633e-02
 iter: 124:2        |ddm|: 6.203687e-02     Tr[DP]  8.842030e-02
 iter: 125:1        |ddm|: 3.368599e-02     Tr[DP]  8.928889e-02
 iter: 125:2        |ddm|: 5.975068e-02     Tr[DP]  8.837202e-02
 iter: 126:1        |ddm|: 3.315066e-02     Tr[DP]  