********************************************************************************
*                              PySCF CALCULATION                               *
********************************************************************************

================================== Input File ==================================
atoms
C         -0.70127        0.76529        0.05266
H         -1.31711        1.31874        0.71511
H         -0.80712        0.97237       -0.98081
Cl        -2.13077       -0.93681       -0.04134
F          0.28559        2.66926       -0.12831
C          0.53997        0.11422        0.58185
H          1.10719        0.92692        1.01255
H          0.26964       -0.58058        1.36669
C          1.36767       -0.58306       -0.48968
H          0.76840       -1.35142       -0.96544
H          1.62436        0.14697       -1.24975
C          2.64288       -1.20342        0.07261
H          3.27197       -0.44982        0.53612
H          2.41540       -1.95266        0.82545
H          3.22446       -1.68633       -0.70699
end
charge -1

basis aug-cc-pVDZ
method ccsd(t)
grid 4
conv 1e-8
grad 1e-8
maxiter 100
================================== End Input ===================================


******** <class 'pyscf.scf.hf.RHF'> flags ********
method = RHF
initial guess = atom
damping factor = 0
level shift factor = 0
Do DIIS = True
DIIS start cycle = 1
DIIS space = 8
SCF tol = 1e-08
SCF gradient tol = 1e-08
max. SCF cycles = 100
direct_scf = True
direct_scf_tol = 1e-13
chkfile to save SCF result = /panfs/roc/scratch/graha682/201706_CCSDT/20170714_augccpVDZ_ccsdt_chloroflourobutane/tmpwSyFoL
max_memory 4000 MB (current use 46 MB)
Initial guess from superpostion of atomic densties.
init E= -717.59544749622
  HOMO = -0.445228986916042  LUMO = -0.144256871753086
cycle= 1 E= -715.448871703389  delta_E= 2.15  |g|= 0.951  |ddm|=  4.9
  HOMO = -0.0650990803415199  LUMO = 0.115236916558138
cycle= 2 E= -715.615734796423  delta_E= -0.167  |g|= 0.62  |ddm|= 1.94
  HOMO = -0.233270639140057  LUMO = 0.116608775106436
cycle= 3 E= -715.685432181689  delta_E= -0.0697  |g|= 0.131  |ddm|= 0.682
  HOMO = -0.229596664675323  LUMO = 0.117671239745251
cycle= 4 E= -715.689361343509  delta_E= -0.00393  |g|= 0.0636  |ddm|= 0.255
  HOMO = -0.236286366334468  LUMO = 0.117696470913845
cycle= 5 E= -715.690202238495  delta_E= -0.000841  |g|= 0.00788  |ddm|= 0.078
  HOMO = -0.23513164379542  LUMO = 0.117473268295932
cycle= 6 E= -715.690241131342  delta_E= -3.89e-05  |g|= 0.00257  |ddm|= 0.0257
  HOMO = -0.23579745949993  LUMO = 0.117432077636421
cycle= 7 E= -715.69024614327  delta_E= -5.01e-06  |g|= 0.000931  |ddm|= 0.00891
  HOMO = -0.235876240854387  LUMO = 0.117423449035357
cycle= 8 E= -715.690246935572  delta_E= -7.92e-07  |g|= 0.000246  |ddm|= 0.00444
  HOMO = -0.235867709743993  LUMO = 0.117417292937322
cycle= 9 E= -715.690246990686  delta_E= -5.51e-08  |g|= 8.19e-05  |ddm|= 0.00118
  HOMO = -0.235873859853258  LUMO = 0.117416350092979
cycle= 10 E= -715.69024699624  delta_E= -5.55e-09  |g|= 2.48e-05  |ddm|= 0.0004
  HOMO = -0.235868079000052  LUMO = 0.117416329641974
cycle= 11 E= -715.690246996759  delta_E= -5.19e-10  |g|= 8.52e-06  |ddm|= 0.000136
  HOMO = -0.235868151102455  LUMO = 0.117416280855761
cycle= 12 E= -715.690246996797  delta_E= -3.79e-11  |g|= 2.91e-06  |ddm|= 2.56e-05
  HOMO = -0.235867603391087  LUMO = 0.117416301795136
cycle= 13 E= -715.690246996803  delta_E= -5.46e-12  |g|= 1.52e-06  |ddm|= 9.62e-06
  HOMO = -0.235867600590668  LUMO = 0.117416304680761
cycle= 14 E= -715.690246996804  delta_E= -9.09e-13  |g|= 4.98e-07  |ddm|= 4.54e-06
  HOMO = -0.235867454446326  LUMO = 0.117416306282504
cycle= 15 E= -715.690246996802  delta_E= 1.14e-12  |g|= 1.52e-07  |ddm|= 1.43e-06
  HOMO = -0.235867460418689  LUMO = 0.117416307557962
cycle= 16 E= -715.690246996802  delta_E= 3.41e-13  |g|= 4.93e-08  |ddm|= 4.5e-07
  HOMO = -0.235867448371291  LUMO = 0.117416307845803
cycle= 17 E= -715.690246996803  delta_E= -1.25e-12  |g|= 1.33e-08  |ddm|= 2.45e-07
  HOMO = -0.235867447173665  LUMO = 0.11741630789885
cycle= 18 E= -715.690246996803  delta_E= 7.96e-13  |g|= 6.84e-09  |ddm|= 3.61e-08
  HOMO = -0.235867446907016  LUMO = 0.117416307922402
converged SCF energy = -715.690246996803

******** <class 'pyscf.cc.ccsd.CCSD'> flags ********
CCSD nocc = 30, nvir = 193
max_cycle = 100
direct = 0
conv_tol = 1e-07
conv_tol_normt = 1e-05
diis_space = 6
diis_start_cycle = 0
diis_start_energy_diff = 1e+09
Init t2, MP2 energy = -1.00688007929201
cycle = 1  E(CCSD) = -1.05970409225688  dE = -1.05970409  norm(t1,t2) = 0.191235
cycle = 2  E(CCSD) = -1.09480035769571  dE = -0.0350962654  norm(t1,t2) = 0.0696827
cycle = 3  E(CCSD) = -1.09496426078767  dE = -0.000163903092  norm(t1,t2) = 0.0534667
cycle = 4  E(CCSD) = -1.09942541838913  dE = -0.0044611576  norm(t1,t2) = 0.0310563
cycle = 5  E(CCSD) = -1.10246427266062  dE = -0.00303885427  norm(t1,t2) = 0.0126813
cycle = 6  E(CCSD) = -1.10262299415977  dE = -0.000158721499  norm(t1,t2) = 0.00460477
cycle = 7  E(CCSD) = -1.10236482878135  dE = 0.000258165378  norm(t1,t2) = 0.00192999
cycle = 8  E(CCSD) = -1.10232064053919  dE = 4.41882422e-05  norm(t1,t2) = 0.00101528
cycle = 9  E(CCSD) = -1.10233977983178  dE = -1.91392926e-05  norm(t1,t2) = 0.000412593
cycle = 10  E(CCSD) = -1.10234369824319  dE = -3.91841141e-06  norm(t1,t2) = 0.000229594
cycle = 11  E(CCSD) = -1.10235472551528  dE = -1.10272721e-05  norm(t1,t2) = 0.00013539
cycle = 12  E(CCSD) = -1.10235685153319  dE = -2.12601791e-06  norm(t1,t2) = 6.56945e-05
cycle = 13  E(CCSD) = -1.10235568689522  dE = 1.16463798e-06  norm(t1,t2) = 2.85635e-05
cycle = 14  E(CCSD) = -1.10235619634031  dE = -5.09445094e-07  norm(t1,t2) = 1.7327e-05
cycle = 15  E(CCSD) = -1.10235614609534  dE = 5.02449748e-08  norm(t1,t2) = 1.02369e-05
cycle = 16  E(CCSD) = -1.10235608814646  dE = 5.79488797e-08  norm(t1,t2) = 5.19287e-06
CCSD converged
E(CCSD) = -716.7926030849491  E_corr = -1.102356088146456
Total CCSD = -716.792603084949064
CCSD(T) correction = -0.0380102214508613
Total CCSD(T) = -716.830613306399982
================================================================================
TIMING STATISTICS:
   initialize molecule      0.02s   ( 0.00%)
                    hf      3.31s   ( 0.38%)
                  ccsd    462.98s   (53.67%)
               ccsd(t)    396.33s   (45.94%)
                 TOTAL    862.66s
================================================================================

********************************************************************************
*                              END OF CALCULATION                              *
********************************************************************************
