********************************************************************************
*                         FREEZE-AND-THAW CALCULATION                          *
********************************************************************************

================================== Input File ==================================
subsystem
C          0.62809        2.05908       -0.10093
H          1.14275        3.03154       -0.16687
C         -0.60213        2.02672        0.41752
H         -0.74233        2.37351        1.45433
C          4.80627       -0.73984        0.44176
H          4.57749       -0.87404        1.51631
H          5.41842        0.18073        0.38674
C          3.50975       -0.52013       -0.31801
H          2.89172       -1.43892       -0.26433
H          3.73289       -0.38267       -1.39527
C          2.70125        0.66143        0.18447
H          3.31608        1.58157        0.12546
H          2.47486        0.52962        1.26039
C          1.39901        0.87336       -0.57786
H          0.77091       -0.03452       -0.50347
H          1.63785        0.98967       -1.65422
C         -1.82291        1.52368       -0.27842
H         -1.57075        1.24445       -1.31897
H         -2.57236        2.33699       -0.35569
C         -2.46877        0.33902        0.42962
H         -2.69839        0.61722        1.47749
H         -1.73387       -0.48629        0.50060
C         -3.73158       -0.15582       -0.25058
H         -4.46300        0.67455       -0.31901
H         -3.50206       -0.42800       -1.30045
C         -4.37681       -1.34025        0.44751
H         -3.64155       -2.16479        0.51494
H         -4.60200       -1.06397        1.49544
smearsig 0.001
end

subsystem
C          5.60267       -1.92356       -0.07081
H          5.86920       -1.79491       -1.13376
H          5.02163       -2.85841        0.00571
H          6.53934       -2.06987        0.48937
C         -5.63656       -1.82379       -0.24344
H         -6.09264       -2.68212        0.27406
H         -6.39620       -1.02506       -0.29275
H         -5.42774       -2.13555       -1.28104
end

embed
 huzfermi
 cycles 3000
 conv 1e-8
 method m06
end

basis cc-pVDZ
method cas[2,2]/nevpt2
grid 4
conv 1e-8
grad 1e-8
maxiter 100
supsmearsig 0.001
================================== End Input ===================================
tot grids = 725328

                      Getting subsystem overlap integrals                       

                          Initial subsystem densities                           
Guessing initial subsystem densities
Initial guess from superpostion of atomic densties.
Guessing initial subsystem densities
Initial guess from superpostion of atomic densties.

=========================== Starting Freeze-and-Thaw ===========================
 iter:   1:1        |ddm|: 5.666012e+00     Tr[DP]  6.805556e-01
 iter:   1:2        |ddm|: 2.746984e+00     Tr[DP]  4.089468e-01
 iter:   2:1        |ddm|: 3.142608e+01     Tr[DP]  8.428708e-01
 iter:   2:2        |ddm|: 2.734529e+00     Tr[DP]  9.071110e-01
 iter:   3:1        |ddm|: 3.171393e+01     Tr[DP]  4.537811e-01
 iter:   3:2        |ddm|: 2.921556e+00     Tr[DP]  5.097612e-01
 iter:   4:1        |ddm|: 3.065270e+00     Tr[DP]  5.765314e-01
 iter:   4:2        |ddm|: 8.612816e-01     Tr[DP]  5.234310e-01
 iter:   5:1        |ddm|: 2.810139e+00     Tr[DP]  6.040061e-01
 iter:   5:2        |ddm|: 4.432454e-01     Tr[DP]  5.578749e-01
 iter:   6:1        |ddm|: 1.086373e+00     Tr[DP]  6.063799e-01
 iter:   6:2        |ddm|: 2.380951e-01     Tr[DP]  5.694398e-01
 iter:   7:1        |ddm|: 5.642011e-01     Tr[DP]  5.980640e-01
 iter:   7:2        |ddm|: 1.243253e-01     Tr[DP]  5.720536e-01
 iter:   8:1        |ddm|: 3.623261e-01     Tr[DP]  5.844058e-01
 iter:   8:2        |ddm|: 9.082419e-02     Tr[DP]  5.719271e-01
 iter:   9:1        |ddm|: 2.253312e-01     Tr[DP]  5.780507e-01
 iter:   9:2        |ddm|: 7.184736e-02     Tr[DP]  5.715075e-01
 iter:  10:1        |ddm|: 1.050167e-01     Tr[DP]  5.756265e-01
 iter:  10:2        |ddm|: 2.937303e-02     Tr[DP]  5.703168e-01
 iter:  11:1        |ddm|: 6.077462e-02     Tr[DP]  5.728728e-01
 iter:  11:2        |ddm|: 2.067674e-02     Tr[DP]  5.693478e-01
 iter:  12:1        |ddm|: 3.579089e-02     Tr[DP]  5.711689e-01
 iter:  12:2        |ddm|: 1.566680e-02     Tr[DP]  5.696623e-01
 iter:  13:1        |ddm|: 2.557806e-02     Tr[DP]  5.704423e-01
 iter:  13:2        |ddm|: 1.532699e-02     Tr[DP]  5.694167e-01
 iter:  14:1        |ddm|: 2.124491e-02     Tr[DP]  5.700526e-01
 iter:  14:2        |ddm|: 1.512028e-02     Tr[DP]  5.695048e-01
 iter:  15:1        |ddm|: 2.175914e-02     Tr[DP]  5.695942e-01
 iter:  15:2        |ddm|: 1.528778e-02     Tr[DP]  5.693889e-01
 iter:  16:1        |ddm|: 2.111750e-02     Tr[DP]  5.693243e-01
 iter:  16:2        |ddm|: 1.494472e-02     Tr[DP]  5.691601e-01
 iter:  17:1        |ddm|: 2.137980e-02     Tr[DP]  5.690266e-01
 iter:  17:2        |ddm|: 1.485077e-02     Tr[DP]  5.689410e-01
 iter:  18:1        |ddm|: 3.075783e-02     Tr[DP]  5.682543e-01
 iter:  18:2        |ddm|: 1.923980e-02     Tr[DP]  5.681983e-01
 iter:  19:1        |ddm|: 1.796979e-02     Tr[DP]  5.685120e-01
 iter:  19:2        |ddm|: 1.399671e-02     Tr[DP]  5.685299e-01
 iter:  20:1        |ddm|: 2.038579e-02     Tr[DP]  5.682779e-01
 iter:  20:2        |ddm|: 1.367207e-02     Tr[DP]  5.682927e-01
 iter:  21:1        |ddm|: 1.766286e-02     Tr[DP]  5.681501e-01
 iter:  21:2        |ddm|: 1.256084e-02     Tr[DP]  5.681554e-01
 iter:  22:1        |ddm|: 1.667998e-02     Tr[DP]  5.680929e-01
 iter:  22:2        |ddm|: 1.232724e-02     Tr[DP]  5.680924e-01
 iter:  23:1        |ddm|: 1.644675e-02     Tr[DP]  5.681487e-01
 iter:  23:2        |ddm|: 1.301251e-02     Tr[DP]  5.681559e-01
 iter:  24:1        |ddm|: 1.811922e-02     Tr[DP]  5.680423e-01
 iter:  24:2        |ddm|: 1.291209e-02     Tr[DP]  5.680364e-01
 iter:  25:1        |ddm|: 1.945105e-02     Tr[DP]  5.678113e-01
 iter:  25:2        |ddm|: 1.308233e-02     Tr[DP]  5.677932e-01
 iter:  26:1        |ddm|: 1.731755e-02     Tr[DP]  5.676345e-01
 iter:  26:2        |ddm|: 1.195370e-02     Tr[DP]  5.676308e-01
 iter:  27:1        |ddm|: 1.543058e-02     Tr[DP]  5.675552e-01
 iter:  27:2        |ddm|: 1.113658e-02     Tr[DP]  5.675580e-01
 iter:  28:1        |ddm|: 1.848079e-02     Tr[DP]  5.673315e-01
 iter:  28:2        |ddm|: 1.209106e-02     Tr[DP]  5.673269e-01
 iter:  29:1        |ddm|: 1.864935e-02     Tr[DP]  5.670744e-01
 iter:  29:2        |ddm|: 1.214873e-02     Tr[DP]  5.670598e-01
 iter:  30:1        |ddm|: 1.303813e-02     Tr[DP]  5.671897e-01
 iter:  30:2        |ddm|: 1.037581e-02     Tr[DP]  5.672097e-01
 iter:  31:1        |ddm|: 1.411234e-02     Tr[DP]  5.671495e-01
 iter:  31:2        |ddm|: 1.003307e-02     Tr[DP]  5.671515e-01
 iter:  32:1        |ddm|: 1.390125e-02     Tr[DP]  5.670761e-01
 iter:  32:2        |ddm|: 9.878620e-03     Tr[DP]  5.670722e-01
 iter:  33:1        |ddm|: 1.361098e-02     Tr[DP]  5.669967e-01
 iter:  33:2        |ddm|: 9.613476e-03     Tr[DP]  5.669921e-01
 iter:  34:1        |ddm|: 1.237630e-02     Tr[DP]  5.670314e-01
 iter:  34:2        |ddm|: 9.977690e-03     Tr[DP]  5.670385e-01
 iter:  35:1        |ddm|: 1.636610e-02     Tr[DP]  5.668820e-01
 iter:  35:2        |ddm|: 1.044641e-02     Tr[DP]  5.668671e-01
 iter:  36:1        |ddm|: 1.175525e-02     Tr[DP]  5.668578e-01
 iter:  36:2        |ddm|: 8.929821e-03     Tr[DP]  5.668553e-01
 iter:  37:1        |ddm|: 1.467491e-02     Tr[DP]  5.667323e-01
 iter:  37:2        |ddm|: 9.621670e-03     Tr[DP]  5.667250e-01
 iter:  38:1        |ddm|: 1.114144e-02     Tr[DP]  5.667084e-01
 iter:  38:2        |ddm|: 8.253893e-03     Tr[DP]  5.667043e-01
 iter:  39:1        |ddm|: 1.354827e-02     Tr[DP]  5.666080e-01
 iter:  39:2        |ddm|: 8.861654e-03     Tr[DP]  5.666006e-01
 iter:  40:1        |ddm|: 1.800141e-02     Tr[DP]  5.664074e-01
 iter:  40:2        |ddm|: 1.140617e-02     Tr[DP]  5.663941e-01
 iter:  41:1        |ddm|: 8.883275e-03     Tr[DP]  5.664250e-01
 iter:  41:2        |ddm|: 6.353167e-03     Tr[DP]  5.664305e-01
 iter:  42:1        |ddm|: 9.330235e-03     Tr[DP]  5.664074e-01
 iter:  42:2        |ddm|: 6.599286e-03     Tr[DP]  5.664076e-01
 iter:  43:1        |ddm|: 8.843998e-03     Tr[DP]  5.663998e-01
 iter:  43:2        |ddm|: 6.631353e-03     Tr[DP]  5.663983e-01
 iter:  44:1        |ddm|: 9.564695e-03     Tr[DP]  5.663643e-01
 iter:  44:2        |ddm|: 6.660767e-03     Tr[DP]  5.663597e-01
 iter:  45:1        |ddm|: 8.924653e-03     Tr[DP]  5.663360e-01
 iter:  45:2        |ddm|: 6.391702e-03     Tr[DP]  5.663322e-01
 iter:  46:1        |ddm|: 9.091489e-03     Tr[DP]  5.662988e-01
 iter:  46:2        |ddm|: 6.300338e-03     Tr[DP]  5.662941e-01
 iter:  47:1        |ddm|: 3.436619e-02     Tr[DP]  5.659457e-01
 iter:  47:2        |ddm|: 2.254027e-02     Tr[DP]  5.659169e-01
 iter:  48:1        |ddm|: 1.054962e-02     Tr[DP]  5.659037e-01
 iter:  48:2        |ddm|: 4.078992e-03     Tr[DP]  5.659084e-01
 iter:  49:1        |ddm|: 2.325831e-02     Tr[DP]  5.661634e-01
 iter:  49:2        |ddm|: 1.627141e-02     Tr[DP]  5.661890e-01
 iter:  50:1        |ddm|: 1.080418e-02     Tr[DP]  5.662287e-01
 iter:  50:2        |ddm|: 7.739725e-03     Tr[DP]  5.662285e-01
 iter:  51:1        |ddm|: 8.920183e-03     Tr[DP]  5.662216e-01
 iter:  51:2        |ddm|: 6.265561e-03     Tr[DP]  5.662139e-01
 iter:  52:1        |ddm|: 1.131182e-02     Tr[DP]  5.661426e-01
 iter:  52:2        |ddm|: 6.931764e-03     Tr[DP]  5.661299e-01
 iter:  53:1        |ddm|: 6.876653e-03     Tr[DP]  5.661118e-01
 iter:  53:2        |ddm|: 4.803930e-03     Tr[DP]  5.661056e-01
 iter:  54:1        |ddm|: 6.232829e-03     Tr[DP]  5.661006e-01
 iter:  54:2        |ddm|: 4.525969e-03     Tr[DP]  5.660971e-01
 iter:  55:1        |ddm|: 9.734230e-03     Tr[DP]  5.661684e-01
 iter:  55:2        |ddm|: 8.051120e-03     Tr[DP]  5.661687e-01
 iter:  56:1        |ddm|: 8.435648e-03     Tr[DP]  5.661678e-01
 iter:  56:2        |ddm|: 6.055408e-03     Tr[DP]  5.661619e-01
 iter:  57:1        |ddm|: 1.091756e-02     Tr[DP]  5.661065e-01
 iter:  57:2        |ddm|: 6.736376e-03     Tr[DP]  5.660970e-01
 iter:  58:1        |ddm|: 7.951415e-03     Tr[DP]  5.660668e-01
 iter:  58:2        |ddm|: 5.273132e-03     Tr[DP]  5.660613e-01
 iter:  59:1        |ddm|: 1.148574e-02     Tr[DP]  5.659959e-01
 iter:  59:2        |ddm|: 7.291171e-03     Tr[DP]  5.659892e-01
 iter:  60:1        |ddm|: 5.141412e-03     Tr[DP]  5.659944e-01
 iter:  60:2        |ddm|: 3.327659e-03     Tr[DP]  5.659946e-01
 iter:  61:1        |ddm|: 6.958460e-03     Tr[DP]  5.659658e-01
 iter:  61:2        |ddm|: 4.333279e-03     Tr[DP]  5.659629e-01
 iter:  62:1        |ddm|: 4.678049e-03     Tr[DP]  5.659808e-01
 iter:  62:2        |ddm|: 3.697270e-03     Tr[DP]  5.659824e-01
 iter:  63:1        |ddm|: 4.930375e-03     Tr[DP]  5.659929e-01
 iter:  63:2        |ddm|: 4.024873e-03     Tr[DP]  5.659924e-01
 iter:  64:1        |ddm|: 5.281669e-03     Tr[DP]  5.659887e-01
 iter:  64:2        |ddm|: 3.838334e-03     Tr[DP]  5.659852e-01
 iter:  65:1        |ddm|: 5.029074e-03     Tr[DP]  5.659854e-01
 iter:  65:2        |ddm|: 3.794124e-03     Tr[DP]  5.659831e-01
 iter:  66:1        |ddm|: 9.891297e-03     Tr[DP]  5.659404e-01
 iter:  66:2        |ddm|: 6.064698e-03     Tr[DP]  5.659317e-01
 iter:  67:1        |ddm|: 4.253839e-03     Tr[DP]  5.659301e-01
 iter:  67:2        |ddm|: 2.787805e-03     Tr[DP]  5.659282e-01
 iter:  68:1        |ddm|: 1.053605e-02     Tr[DP]  5.658828e-01
 iter:  68:2        |ddm|: 6.791060e-03     Tr[DP]  5.658772e-01
 iter:  69:1        |ddm|: 1.088605e-02     Tr[DP]  5.659332e-01
 iter:  69:2        |ddm|: 7.372354e-03     Tr[DP]  5.659361e-01
 iter:  70:1        |ddm|: 5.280710e-03     Tr[DP]  5.659347e-01
 iter:  70:2        |ddm|: 3.310311e-03     Tr[DP]  5.659318e-01
 iter:  71:1        |ddm|: 4.841912e-03     Tr[DP]  5.659244e-01
 iter:  71:2        |ddm|: 3.155642e-03     Tr[DP]  5.659207e-01
 iter:  72:1        |ddm|: 4.618470e-03     Tr[DP]  5.659106e-01
 iter:  72:2        |ddm|: 3.034154e-03     Tr[DP]  5.659079e-01
 iter:  73:1        |ddm|: 5.032371e-03     Tr[DP]  5.658959e-01
 iter:  73:2        |ddm|: 3.220605e-03     Tr[DP]  5.658907e-01
 iter:  74:1        |ddm|: 3.129418e-03     Tr[DP]  5.658908e-01
 iter:  74:2        |ddm|: 2.131716e-03     Tr[DP]  5.658890e-01
 iter:  75:1        |ddm|: 3.297106e-03     Tr[DP]  5.658853e-01
 iter:  75:2        |ddm|: 2.182868e-03     Tr[DP]  5.658834e-01
 iter:  76:1        |ddm|: 2.670639e-03     Tr[DP]  5.658889e-01
 iter:  76:2        |ddm|: 2.048646e-03     Tr[DP]  5.658855e-01
 iter:  77:1        |ddm|: 2.904802e-03     Tr[DP]  5.658873e-01
 iter:  77:2        |ddm|: 2.097773e-03     Tr[DP]  5.658855e-01
 iter:  78:1        |ddm|: 2.860169e-03     Tr[DP]  5.658835e-01
 iter:  78:2        |ddm|: 2.078467e-03     Tr[DP]  5.658820e-01
 iter:  79:1        |ddm|: 4.178932e-03     Tr[DP]  5.658739e-01
 iter:  79:2        |ddm|: 2.713536e-03     Tr[DP]  5.658699e-01
 iter:  80:1        |ddm|: 2.584072e-03     Tr[DP]  5.658773e-01
 iter:  80:2        |ddm|: 2.076792e-03     Tr[DP]  5.658766e-01
 iter:  81:1        |ddm|: 2.740321e-03     Tr[DP]  5.658763e-01
 iter:  81:2        |ddm|: 1.943923e-03     Tr[DP]  5.658746e-01
 iter:  82:1        |ddm|: 2.631024e-03     Tr[DP]  5.658744e-01
 iter:  82:2        |ddm|: 1.903317e-03     Tr[DP]  5.658726e-01
 iter:  83:1        |ddm|: 2.522171e-03     Tr[DP]  5.658734e-01
 iter:  83:2        |ddm|: 1.878342e-03     Tr[DP]  5.658715e-01
 iter:  84:1        |ddm|: 2.642209e-03     Tr[DP]  5.658711e-01
 iter:  84:2        |ddm|: 1.862420e-03     Tr[DP]  5.658691e-01
 iter:  85:1        |ddm|: 2.587832e-03     Tr[DP]  5.658686e-01
 iter:  85:2        |ddm|: 1.806575e-03     Tr[DP]  5.658666e-01
 iter:  86:1        |ddm|: 2.441784e-03     Tr[DP]  5.658708e-01
 iter:  86:2        |ddm|: 2.024197e-03     Tr[DP]  5.658690e-01
 iter:  87:1        |ddm|: 3.903958e-03     Tr[DP]  5.658640e-01
 iter:  87:2        |ddm|: 2.338982e-03     Tr[DP]  5.658617e-01
 iter:  88:1        |ddm|: 4.068068e-03     Tr[DP]  5.658555e-01
 iter:  88:2        |ddm|: 2.534736e-03     Tr[DP]  5.658536e-01
 iter:  89:1        |ddm|: 2.901888e-03     Tr[DP]  5.658605e-01
 iter:  89:2        |ddm|: 2.080912e-03     Tr[DP]  5.658596e-01
 iter:  90:1        |ddm|: 2.396383e-03     Tr[DP]  5.658594e-01
 iter:  90:2        |ddm|: 1.584681e-03     Tr[DP]  5.658578e-01
 iter:  91:1        |ddm|: 2.063893e-03     Tr[DP]  5.658585e-01
 iter:  91:2        |ddm|: 1.523967e-03     Tr[DP]  5.658569e-01
 iter:  92:1        |ddm|: 2.161256e-03     Tr[DP]  5.658569e-01
 iter:  92:2        |ddm|: 1.499822e-03     Tr[DP]  5.658553e-01
 iter:  93:1        |ddm|: 2.396374e-03     Tr[DP]  5.658541e-01
 iter:  93:2        |ddm|: 1.555268e-03     Tr[DP]  5.658526e-01
 iter:  94:1        |ddm|: 2.099449e-03     Tr[DP]  5.658520e-01
 iter:  94:2        |ddm|: 1.388094e-03     Tr[DP]  5.658506e-01
 iter:  95:1        |ddm|: 7.266492e-03     Tr[DP]  5.658406e-01
 iter:  95:2        |ddm|: 4.801101e-03     Tr[DP]  5.658384e-01
 iter:  96:1        |ddm|: 2.255819e-03     Tr[DP]  5.658394e-01
 iter:  96:2        |ddm|: 6.918521e-04     Tr[DP]  5.658388e-01
 iter:  97:1        |ddm|: 7.534615e-03     Tr[DP]  5.658524e-01
 iter:  97:2        |ddm|: 5.216347e-03     Tr[DP]  5.658527e-01
 iter:  98:1        |ddm|: 3.209106e-03     Tr[DP]  5.658523e-01
 iter:  98:2        |ddm|: 1.639180e-03     Tr[DP]  5.658510e-01
 iter:  99:1        |ddm|: 2.011207e-03     Tr[DP]  5.658513e-01
 iter:  99:2        |ddm|: 1.396847e-03     Tr[DP]  5.658497e-01
 iter: 100:1        |ddm|: 2.642597e-03     Tr[DP]  5.658479e-01
 iter: 100:2        |ddm|: 1.604321e-03     Tr[DP]  5.658464e-01
 iter: 101:1        |ddm|: 1.873199e-03     Tr[DP]  5.658461e-01
 iter: 101:2        |ddm|: 1.248066e-03     Tr[DP]  5.658449e-01
 iter: 102:1        |ddm|: 1.373312e-03     Tr[DP]  5.658455e-01
 iter: 102:2        |ddm|: 9.376049e-04     Tr[DP]  5.658443e-01
 iter: 103:1        |ddm|: 1.305259e-03     Tr[DP]  5.658450e-01
 iter: 103:2        |ddm|: 9.148082e-04     Tr[DP]  5.658439e-01
 iter: 104:1        |ddm|: 1.205721e-03     Tr[DP]  5.658448e-01
 iter: 104:2        |ddm|: 8.925017e-04     Tr[DP]  5.658437e-01
 iter: 105:1        |ddm|: 1.362553e-03     Tr[DP]  5.658441e-01
 iter: 105:2        |ddm|: 9.190544e-04     Tr[DP]  5.658432e-01
 iter: 106:1        |ddm|: 1.314458e-03     Tr[DP]  5.658435e-01
 iter: 106:2        |ddm|: 8.829145e-04     Tr[DP]  5.658426e-01
 iter: 107:1        |ddm|: 1.116592e-03     Tr[DP]  5.658432e-01
 iter: 107:2        |ddm|: 7.949978e-04     Tr[DP]  5.658422e-01
 iter: 108:1        |ddm|: 1.313581e-03     Tr[DP]  5.658425e-01
 iter: 108:2        |ddm|: 8.537848e-04     Tr[DP]  5.658416e-01
 iter: 109:1        |ddm|: 9.763648e-04     Tr[DP]  5.658423e-01
 iter: 109:2        |ddm|: 7.166215e-04     Tr[DP]  5.658415e-01
 iter: 110:1        |ddm|: 9.915682e-04     Tr[DP]  5.658422e-01
 iter: 110:2        |ddm|: 7.263026e-04     Tr[DP]  5.658414e-01
 iter: 111:1        |ddm|: 1.019708e-03     Tr[DP]  5.658420e-01
 iter: 111:2        |ddm|: 7.246068e-04     Tr[DP]  5.658412e-01
 iter: 112:1        |ddm|: 9.459251e-04     Tr[DP]  5.658419e-01
 iter: 112:2        |ddm|: 7.186202e-04     Tr[DP]  5.658411e-01
 iter: 113:1        |ddm|: 9.837297e-04     Tr[DP]  5.658417e-01
 iter: 113:2        |ddm|: 7.216212e-04     Tr[DP]  5.658409e-01
 iter: 114:1        |ddm|: 9.639218e-04     Tr[DP]  5.658416e-01
 iter: 114:2        |ddm|: 7.192756e-04     Tr[DP]  5.658408e-01
 iter: 115:1        |ddm|: 1.122756e-03     Tr[DP]  5.658412e-01
 iter: 115:2        |ddm|: 7.398583e-04     Tr[DP]  5.658404e-01
 iter: 116:1        |ddm|: 8.964485e-04     Tr[DP]  5.658410e-01
 iter: 116:2        |ddm|: 6.546329e-04     Tr[DP]  5.658403e-01
 iter: 117:1        |ddm|: 8.949373e-04     Tr[DP]  5.658409e-01
 iter: 117:2        |ddm|: 6.505047e-04     Tr[DP]  5.658401e-01
 iter: 118:1        |ddm|: 9.307527e-04     Tr[DP]  5.658407e-01
 iter: 118:2        |ddm|: 6.475094e-04     Tr[DP]  5.658400e-01
 iter: 119:1        |ddm|: 8.349910e-04     Tr[DP]  5.658406e-01
 iter: 119:2        |ddm|: 6.236495e-04     Tr[DP]  5.658399e-01
 iter: 120:1        |ddm|: 8.566101e-04     Tr[DP]  5.658405e-01
 iter: 120:2        |ddm|: 7.107488e-04     Tr[DP]  5.658398e-01
 iter: 121:1        |ddm|: 9.311015e-04     Tr[DP]  5.658404e-01
 iter: 121:2        |ddm|: 6.891895e-04     Tr[DP]  5.658397e-01
 iter: 122:1        |ddm|: 9.556121e-04     Tr[DP]  5.658404e-01
 iter: 122:2        |ddm|: 8.027662e-04     Tr[DP]  5.658396e-01
 iter: 123:1        |ddm|: 1.722493e-03     Tr[DP]  5.658400e-01
 iter: 123:2        |ddm|: 1.047302e-03     Tr[DP]  5.658393e-01
 iter: 124:1        |ddm|: 8.163774e-04     Tr[DP]  5.658399e-01
 iter: 124:2        |ddm|: 5.647037e-04     Tr[DP]  5.658392e-01
 iter: 125:1        |ddm|: 9.236827e-04     Tr[DP]  5.658397e-01
 iter: 125:2        |ddm|: 6.025841e-04     Tr[DP]  5.658390e-01
 iter: 126:1        |ddm|: 1.108221e-03     Tr[DP]  5.658396e-01
 iter: 126:2        |ddm|: 7.019321e-04     Tr[DP]  5.658390e-01
 iter: 127:1        |ddm|: 1.462308e-03     Tr[DP]  5.658395e-01
 iter: 127:2        |ddm|: 9.435977e-04     Tr[DP]  5.658390e-01
 iter: 128:1        |ddm|: 5.947964e-04     Tr[DP]  5.658394e-01
 iter: 128:2        |ddm|: 3.070739e-04     Tr[DP]  5.658390e-01
 iter: 129:1        |ddm|: 4.351571e-04     Tr[DP]  5.658394e-01
 iter: 129:2        |ddm|: 3.160823e-04     Tr[DP]  5.658389e-01
 iter: 130:1        |ddm|: 4.789279e-04     Tr[DP]  5.658393e-01
 iter: 130:2        |ddm|: 3.993584e-04     Tr[DP]  5.658389e-01
 iter: 131:1        |ddm|: 6.069874e-04     Tr[DP]  5.658393e-01
 iter: 131:2        |ddm|: 3.805149e-04     Tr[DP]  5.658390e-01
 iter: 132:1        |ddm|: 4.904420e-04     Tr[DP]  5.658393e-01
 iter: 132:2        |ddm|: 3.333077e-04     Tr[DP]  5.658389e-01
 iter: 133:1        |ddm|: 4.402687e-04     Tr[DP]  5.658393e-01
 iter: 133:2        |ddm|: 3.080578e-04     Tr[DP]  5.658389e-01
 iter: 134:1        |ddm|: 4.413057e-04     Tr[DP]  5.658393e-01
 iter: 134:2        |ddm|: 3.007847e-04     Tr[DP]  5.658389e-01
 iter: 135:1        |ddm|: 3.922314e-04     Tr[DP]  5.658393e-01
 iter: 135:2        |ddm|: 2.816478e-04     Tr[DP]  5.658389e-01
 iter: 136:1        |ddm|: 4.287811e-04     Tr[DP]  5.658393e-01
 iter: 136:2        |ddm|: 2.867282e-04     Tr[DP]  5.658389e-01
 iter: 137:1        |ddm|: 3.975730e-04     Tr[DP]  5.658392e-01
 iter: 137:2        |ddm|: 3.329499e-04     Tr[DP]  5.658389e-01
 iter: 138:1        |ddm|: 4.166012e-04     Tr[DP]  5.658392e-01
 iter: 138:2        |ddm|: 3.280835e-04     Tr[DP]  5.658388e-01
 iter: 139:1        |ddm|: 4.671100e-04     Tr[DP]  5.658392e-01
 iter: 139:2        |ddm|: 3.149371e-04     Tr[DP]  5.658388e-01
 iter: 140:1        |ddm|: 4.860256e-04     Tr[DP]  5.658392e-01
 iter: 140:2        |ddm|: 3.151334e-04     Tr[DP]  5.658389e-01
 iter: 141:1        |ddm|: 3.544198e-04     Tr[DP]  5.658392e-01
 iter: 141:2        |ddm|: 2.617059e-04     Tr[DP]  5.658389e-01
 iter: 142:1        |ddm|: 5.343364e-04     Tr[DP]  5.658393e-01
 iter: 142:2        |ddm|: 3.312059e-04     Tr[DP]  5.658390e-01
 iter: 143:1        |ddm|: 4.639149e-04     Tr[DP]  5.658393e-01
 iter: 143:2        |ddm|: 2.923972e-04     Tr[DP]  5.658390e-01
 iter: 144:1        |ddm|: 2.961949e-04     Tr[DP]  5.658393e-01
 iter: 144:2        |ddm|: 1.940836e-04     Tr[DP]  5.658391e-01
 iter: 145:1        |ddm|: 2.516989e-04     Tr[DP]  5.658393e-01
 iter: 145:2        |ddm|: 1.921475e-04     Tr[DP]  5.658391e-01
 iter: 146:1        |ddm|: 2.754046e-04     Tr[DP]  5.658393e-01
 iter: 146:2        |ddm|: 1.967674e-04     Tr[DP]  5.658391e-01
 iter: 147:1        |ddm|: 2.591433e-04     Tr[DP]  5.658393e-01
 iter: 147:2        |ddm|: 2.066528e-04     Tr[DP]  5.658391e-01
 iter: 148:1        |ddm|: 2.897719e-04     Tr[DP]  5.658393e-01
 iter: 148:2        |ddm|: 2.038296e-04     Tr[DP]  5.658391e-01
 iter: 149:1        |ddm|: 2.887685e-04     Tr[DP]  5.658393e-01
 iter: 149:2        |ddm|: 1.986082e-04     Tr[DP]  5.658391e-01
 iter: 150:1        |ddm|: 6.391881e-04     Tr[DP]  5.658395e-01
 iter: 150:2        |ddm|: 3.984111e-04     Tr[DP]  5.658393e-01
 iter: 151:1        |ddm|: 2.788396e-04     Tr[DP]  5.658396e-01
 iter: 151:2        |ddm|: 1.639333e-04     Tr[DP]  5.658394e-01
 iter: 152:1        |ddm|: 3.397153e-04     Tr[DP]  5.658394e-01
 iter: 152:2        |ddm|: 2.472429e-04     Tr[DP]  5.658393e-01
 iter: 153:1        |ddm|: 4.233458e-04     Tr[DP]  5.658396e-01
 iter: 153:2        |ddm|: 2.423056e-04     Tr[DP]  5.658394e-01
 iter: 154:1        |ddm|: 5.375708e-04     Tr[DP]  5.658393e-01
 iter: 154:2        |ddm|: 3.878771e-04     Tr[DP]  5.658391e-01
 iter: 155:1        |ddm|: 3.123683e-04     Tr[DP]  5.658393e-01
 iter: 155:2        |ddm|: 1.947354e-04     Tr[DP]  5.658392e-01
 iter: 156:1        |ddm|: 2.450185e-04     Tr[DP]  5.658393e-01
 iter: 156:2        |ddm|: 1.817730e-04     Tr[DP]  5.658392e-01
 iter: 157:1        |ddm|: 2.318014e-04     Tr[DP]  5.658393e-01
 iter: 157:2        |ddm|: 1.802400e-04     Tr[DP]  5.658391e-01
 iter: 158:1        |ddm|: 5.085294e-04     Tr[DP]  5.658395e-01
 iter: 158:2        |ddm|: 2.970059e-04     Tr[DP]  5.658393e-01
 iter: 159:1        |ddm|: 2.055343e-04     Tr[DP]  5.658395e-01
 iter: 159:2        |ddm|: 1.290801e-04     Tr[DP]  5.658394e-01
 iter: 160:1        |ddm|: 5.481619e-04     Tr[DP]  5.658398e-01
 iter: 160:2        |ddm|: 3.538955e-04     Tr[DP]  5.658396e-01
 iter: 161:1        |ddm|: 2.693995e-04     Tr[DP]  5.658399e-01
 iter: 161:2        |ddm|: 1.624004e-04     Tr[DP]  5.658397e-01
 iter: 162:1        |ddm|: 7.984317e-04     Tr[DP]  5.658395e-01
 iter: 162:2        |ddm|: 5.473089e-04     Tr[DP]  5.658394e-01
 iter: 163:1        |ddm|: 3.697347e-04     Tr[DP]  5.658396e-01
 iter: 163:2        |ddm|: 1.746145e-04     Tr[DP]  5.658394e-01
 iter: 164:1        |ddm|: 2.002040e-04     Tr[DP]  5.658396e-01
 iter: 164:2        |ddm|: 1.333525e-04     Tr[DP]  5.658394e-01
 iter: 165:1        |ddm|: 1.513727e-04     Tr[DP]  5.658395e-01
 iter: 165:2        |ddm|: 1.225428e-04     Tr[DP]  5.658394e-01
 iter: 166:1        |ddm|: 2.011101e-04     Tr[DP]  5.658396e-01
 iter: 166:2        |ddm|: 1.260020e-04     Tr[DP]  5.658394e-01
 iter: 167:1        |ddm|: 3.161889e-04     Tr[DP]  5.658397e-01
 iter: 167:2        |ddm|: 1.983347e-04     Tr[DP]  5.658396e-01
 iter: 168:1        |ddm|: 1.291994e-04     Tr[DP]  5.658397e-01
 iter: 168:2        |ddm|: 7.788854e-05     Tr[DP]  5.658396e-01
 iter: 169:1        |ddm|: 1.331161e-04     Tr[DP]  5.658399e-01
 iter: 169:2        |ddm|: 1.064166e-04     Tr[DP]  5.658398e-01
 iter: 170:1        |ddm|: 1.508197e-04     Tr[DP]  5.658396e-01
 iter: 170:2        |ddm|: 1.191706e-04     Tr[DP]  5.658393e-01
 iter: 171:1        |ddm|: 2.832927e-04     Tr[DP]  5.658396e-01
 iter: 171:2        |ddm|: 1.648413e-04     Tr[DP]  5.658397e-01
 iter: 172:1        |ddm|: 1.083703e-04     Tr[DP]  5.658397e-01
 iter: 172:2        |ddm|: 7.669987e-05     Tr[DP]  5.658397e-01
 iter: 173:1        |ddm|: 1.079306e-04     Tr[DP]  5.658398e-01
 iter: 173:2        |ddm|: 8.055781e-05     Tr[DP]  5.658398e-01
 iter: 174:1        |ddm|: 1.476027e-04     Tr[DP]  5.658398e-01
 iter: 174:2        |ddm|: 9.452410e-05     Tr[DP]  5.658397e-01
 iter: 175:1        |ddm|: 9.659644e-05     Tr[DP]  5.658397e-01
 iter: 175:2        |ddm|: 7.156477e-05     Tr[DP]  5.658397e-01
 iter: 176:1        |ddm|: 1.056570e-04     Tr[DP]  5.658397e-01
 iter: 176:2        |ddm|: 7.341411e-05     Tr[DP]  5.658396e-01
 iter: 177:1        |ddm|: 9.372733e-05     Tr[DP]  5.658398e-01
 iter: 177:2        |ddm|: 7.036627e-05     Tr[DP]  5.658397e-01
 iter: 178:1        |ddm|: 9.681760e-05     Tr[DP]  5.658398e-01
 iter: 178:2        |ddm|: 7.104250e-05     Tr[DP]  5.658397e-01
 iter: 179:1        |ddm|: 9.666663e-05     Tr[DP]  5.658398e-01
 iter: 179:2        |ddm|: 7.069618e-05     Tr[DP]  5.658397e-01
 iter: 180:1        |ddm|: 9.427704e-05     Tr[DP]  5.658398e-01
 iter: 180:2        |ddm|: 7.032149e-05     Tr[DP]  5.658397e-01
 iter: 181:1        |ddm|: 9.354696e-05     Tr[DP]  5.658398e-01
 iter: 181:2        |ddm|: 7.115428e-05     Tr[DP]  5.658397e-01
 iter: 182:1        |ddm|: 1.021307e-04     Tr[DP]  5.658398e-01
 iter: 182:2        |ddm|: 7.081805e-05     Tr[DP]  5.658397e-01
 iter: 183:1        |ddm|: 1.079793e-04     Tr[DP]  5.658398e-01
 iter: 183:2        |ddm|: 7.073097e-05     Tr[DP]  5.658397e-01
 iter: 184:1        |ddm|: 8.400997e-05     Tr[DP]  5.658398e-01
 iter: 184:2        |ddm|: 6.799648e-05     Tr[DP]  5.658397e-01
 iter: 185:1        |ddm|: 1.138432e-04     Tr[DP]  5.658398e-01
 iter: 185:2        |ddm|: 7.154612e-05     Tr[DP]  5.658397e-01
 iter: 186:1        |ddm|: 1.607048e-04     Tr[DP]  5.658399e-01
 iter: 186:2        |ddm|: 9.877350e-05     Tr[DP]  5.658398e-01
 iter: 187:1        |ddm|: 6.870848e-05     Tr[DP]  5.658399e-01
 iter: 187:2        |ddm|: 4.467188e-05     Tr[DP]  5.658398e-01
 iter: 188:1        |ddm|: 6.501686e-05     Tr[DP]  5.658399e-01
 iter: 188:2        |ddm|: 4.673783e-05     Tr[DP]  5.658398e-01
 iter: 189:1        |ddm|: 6.460432e-05     Tr[DP]  5.658399e-01
 iter: 189:2        |ddm|: 4.793110e-05     Tr[DP]  5.658398e-01
 iter: 190:1        |ddm|: 7.137396e-05     Tr[DP]  5.658399e-01
 iter: 190:2        |ddm|: 4.846006e-05     Tr[DP]  5.658398e-01
 iter: 191:1        |ddm|: 6.038165e-05     Tr[DP]  5.658399e-01
 iter: 191:2        |ddm|: 4.741303e-05     Tr[DP]  5.658398e-01
 iter: 192:1        |ddm|: 6.427067e-05     Tr[DP]  5.658399e-01
 iter: 192:2        |ddm|: 4.827099e-05     Tr[DP]  5.658398e-01
 iter: 193:1        |ddm|: 6.891313e-05     Tr[DP]  5.658399e-01
 iter: 193:2        |ddm|: 4.814507e-05     Tr[DP]  5.658398e-01
 iter: 194:1        |ddm|: 8.271020e-05     Tr[DP]  5.658399e-01
 iter: 194:2        |ddm|: 6.792119e-05     Tr[DP]  5.658398e-01
 iter: 195:1        |ddm|: 1.026061e-04     Tr[DP]  5.658399e-01
 iter: 195:2        |ddm|: 6.138357e-05     Tr[DP]  5.658398e-01
 iter: 196:1        |ddm|: 8.701999e-05     Tr[DP]  5.658399e-01
 iter: 196:2        |ddm|: 5.506750e-05     Tr[DP]  5.658399e-01
 iter: 197:1        |ddm|: 5.683256e-05     Tr[DP]  5.658399e-01
 iter: 197:2        |ddm|: 4.047438e-05     Tr[DP]  5.658399e-01
 iter: 198:1        |ddm|: 1.228370e-04     Tr[DP]  5.658400e-01
 iter: 198:2        |ddm|: 7.448134e-05     Tr[DP]  5.658400e-01
 iter: 199:1        |ddm|: 4.837000e-05     Tr[DP]  5.658400e-01
 iter: 199:2        |ddm|: 2.867187e-05     Tr[DP]  5.658400e-01
 iter: 200:1        |ddm|: 4.339683e-05     Tr[DP]  5.658400e-01
 iter: 200:2        |ddm|: 2.891651e-05     Tr[DP]  5.658400e-01
 iter: 201:1        |ddm|: 3.800425e-05     Tr[DP]  5.658400e-01
 iter: 201:2        |ddm|: 2.989913e-05     Tr[DP]  5.658399e-01
 iter: 202:1        |ddm|: 4.652871e-05     Tr[DP]  5.658400e-01
 iter: 202:2        |ddm|: 3.045485e-05     Tr[DP]  5.658400e-01
 iter: 203:1        |ddm|: 4.981033e-05     Tr[DP]  5.658400e-01
 iter: 203:2        |ddm|: 4.086242e-05     Tr[DP]  5.658399e-01
 iter: 204:1        |ddm|: 4.881954e-05     Tr[DP]  5.658400e-01
 iter: 204:2        |ddm|: 3.406504e-05     Tr[DP]  5.658399e-01
 iter: 205:1        |ddm|: 5.309618e-05     Tr[DP]  5.658400e-01
 iter: 205:2        |ddm|: 3.417039e-05     Tr[DP]  5.658400e-01
 iter: 206:1        |ddm|: 8.292868e-05     Tr[DP]  5.658400e-01
 iter: 206:2        |ddm|: 5.101176e-05     Tr[DP]  5.658400e-01
 iter: 207:1        |ddm|: 4.664505e-05     Tr[DP]  5.658401e-01
 iter: 207:2        |ddm|: 2.846406e-05     Tr[DP]  5.658400e-01
 iter: 208:1        |ddm|: 4.396489e-05     Tr[DP]  5.658401e-01
 iter: 208:2        |ddm|: 2.765222e-05     Tr[DP]  5.658401e-01
 iter: 209:1        |ddm|: 2.546871e-05     Tr[DP]  5.658401e-01
 iter: 209:2        |ddm|: 1.761876e-05     Tr[DP]  5.658400e-01
 iter: 210:1        |ddm|: 7.668060e-05     Tr[DP]  5.658400e-01
 iter: 210:2        |ddm|: 5.959150e-05     Tr[DP]  5.658400e-01
 iter: 211:1        |ddm|: 5.336808e-05     Tr[DP]  5.658400e-01
 iter: 211:2        |ddm|: 2.944090e-05     Tr[DP]  5.658400e-01
 iter: 212:1        |ddm|: 3.471215e-05     Tr[DP]  5.658400e-01
 iter: 212:2        |ddm|: 2.529241e-05     Tr[DP]  5.658400e-01
 iter: 213:1        |ddm|: 4.565317e-05     Tr[DP]  5.658401e-01
 iter: 213:2        |ddm|: 2.836122e-05     Tr[DP]  5.658400e-01
 iter: 214:1        |ddm|: 9.980245e-05     Tr[DP]  5.658401e-01
 iter: 214:2        |ddm|: 6.165405e-05     Tr[DP]  5.658401e-01
 iter: 215:1        |ddm|: 1.996283e-04     Tr[DP]  5.658400e-01
 iter: 215:2        |ddm|: 1.192153e-04     Tr[DP]  5.658400e-01
 iter: 216:1        |ddm|: 1.677251e-04     Tr[DP]  5.658401e-01
 iter: 216:2        |ddm|: 8.927882e-05     Tr[DP]  5.658401e-01
 iter: 217:1        |ddm|: 3.491975e-05     Tr[DP]  5.658401e-01
 iter: 217:2        |ddm|: 1.744686e-05     Tr[DP]  5.658401e-01
 iter: 218:1        |ddm|: 2.330549e-05     Tr[DP]  5.658401e-01
 iter: 218:2        |ddm|: 1.534573e-05     Tr[DP]  5.658401e-01
 iter: 219:1        |ddm|: 2.473101e-05     Tr[DP]  5.658401e-01
 iter: 219:2        |ddm|: 1.633605e-05     Tr[DP]  5.658401e-01
 iter: 220:1        |ddm|: 2.271837e-05     Tr[DP]  5.658401e-01
 iter: 220:2        |ddm|: 1.534209e-05     Tr[DP]  5.658401e-01
 iter: 221:1        |ddm|: 1.919033e-05     Tr[DP]  5.658401e-01
 iter: 221:2        |ddm|: 1.438983e-05     Tr[DP]  5.658401e-01
 iter: 222:1        |ddm|: 2.018092e-05     Tr[DP]  5.658401e-01
 iter: 222:2        |ddm|: 1.464969e-05     Tr[DP]  5.658401e-01
 iter: 223:1        |ddm|: 1.950613e-05     Tr[DP]  5.658401e-01
 iter: 223:2        |ddm|: 1.584739e-05     Tr[DP]  5.658401e-01
 iter: 224:1        |ddm|: 2.498121e-05     Tr[DP]  5.658401e-01
 iter: 224:2        |ddm|: 1.614836e-05     Tr[DP]  5.658401e-01
 iter: 225:1        |ddm|: 1.880537e-05     Tr[DP]  5.658401e-01
 iter: 225:2        |ddm|: 1.398601e-05     Tr[DP]  5.658401e-01
 iter: 226:1        |ddm|: 1.948769e-05     Tr[DP]  5.658401e-01
 iter: 226:2        |ddm|: 1.397262e-05     Tr[DP]  5.658401e-01
 iter: 227:1        |ddm|: 1.986250e-05     Tr[DP]  5.658401e-01
 iter: 227:2        |ddm|: 1.379602e-05     Tr[DP]  5.658401e-01
 iter: 228:1        |ddm|: 1.747158e-05     Tr[DP]  5.658401e-01
 iter: 228:2        |ddm|: 1.348210e-05     Tr[DP]  5.658401e-01
 iter: 229:1        |ddm|: 1.812981e-05     Tr[DP]  5.658401e-01
 iter: 229:2        |ddm|: 1.408688e-05     Tr[DP]  5.658401e-01
 iter: 230:1        |ddm|: 1.873792e-05     Tr[DP]  5.658401e-01
 iter: 230:2        |ddm|: 1.446964e-05     Tr[DP]  5.658401e-01
 iter: 231:1        |ddm|: 2.363579e-05     Tr[DP]  5.658401e-01
 iter: 231:2        |ddm|: 1.518336e-05     Tr[DP]  5.658401e-01
 iter: 232:1        |ddm|: 2.101003e-05     Tr[DP]  5.658401e-01
 iter: 232:2        |ddm|: 1.377664e-05     Tr[DP]  5.658401e-01
 iter: 233:1        |ddm|: 2.281018e-05     Tr[DP]  5.658401e-01
 iter: 233:2        |ddm|: 1.433868e-05     Tr[DP]  5.658401e-01
 iter: 234:1        |ddm|: 2.298956e-05     Tr[DP]  5.658401e-01
 iter: 234:2        |ddm|: 1.441722e-05     Tr[DP]  5.658401e-01
 iter: 235:1        |ddm|: 1.536365e-05     Tr[DP]  5.658401e-01
 iter: 235:2        |ddm|: 9.603790e-06     Tr[DP]  5.658401e-01
 iter: 236:1        |ddm|: 1.090955e-05     Tr[DP]  5.658401e-01
 iter: 236:2        |ddm|: 7.571113e-06     Tr[DP]  5.658401e-01
 iter: 237:1        |ddm|: 1.082437e-05     Tr[DP]  5.658401e-01
 iter: 237:2        |ddm|: 8.769224e-06     Tr[DP]  5.658401e-01
 iter: 238:1        |ddm|: 1.186132e-05     Tr[DP]  5.658401e-01
 iter: 238:2        |ddm|: 8.646491e-06     Tr[DP]  5.658401e-01
 iter: 239:1        |ddm|: 1.169900e-05     Tr[DP]  5.658401e-01
 iter: 239:2        |ddm|: 8.521076e-06     Tr[DP]  5.658401e-01
 iter: 240:1        |ddm|: 1.128493e-05     Tr[DP]  5.658401e-01
 iter: 240:2        |ddm|: 8.438879e-06     Tr[DP]  5.658401e-01
 iter: 241:1        |ddm|: 1.430504e-05     Tr[DP]  5.658401e-01
 iter: 241:2        |ddm|: 9.191007e-06     Tr[DP]  5.658401e-01
 iter: 242:1        |ddm|: 1.347832e-05     Tr[DP]  5.658402e-01
 iter: 242:2        |ddm|: 8.748838e-06     Tr[DP]  5.658401e-01
 iter: 243:1        |ddm|: 1.056682e-05     Tr[DP]  5.658402e-01
 iter: 243:2        |ddm|: 6.992822e-06     Tr[DP]  5.658401e-01
 iter: 244:1        |ddm|: 1.003349e-05     Tr[DP]  5.658402e-01
 iter: 244:2        |ddm|: 6.603251e-06     Tr[DP]  5.658401e-01
 iter: 245:1        |ddm|: 7.901444e-06     Tr[DP]  5.658402e-01
 iter: 245:2        |ddm|: 5.771893e-06     Tr[DP]  5.658401e-01
 iter: 246:1        |ddm|: 7.887673e-06     Tr[DP]  5.658402e-01
 iter: 246:2        |ddm|: 6.240772e-06     Tr[DP]  5.658401e-01
 iter: 247:1        |ddm|: 9.596988e-06     Tr[DP]  5.658402e-01
 iter: 247:2        |ddm|: 8.185693e-06     Tr[DP]  5.658401e-01
 iter: 248:1        |ddm|: 1.043836e-05     Tr[DP]  5.658402e-01
 iter: 248:2        |ddm|: 7.077039e-06     Tr[DP]  5.658401e-01
 iter: 249:1        |ddm|: 1.108389e-05     Tr[DP]  5.658402e-01
 iter: 249:2        |ddm|: 7.213019e-06     Tr[DP]  5.658401e-01
 iter: 250:1        |ddm|: 1.006220e-05     Tr[DP]  5.658402e-01
 iter: 250:2        |ddm|: 6.618009e-06     Tr[DP]  5.658402e-01
 iter: 251:1        |ddm|: 7.875531e-06     Tr[DP]  5.658402e-01
 iter: 251:2        |ddm|: 5.442323e-06     Tr[DP]  5.658402e-01
 iter: 252:1        |ddm|: 8.162702e-06     Tr[DP]  5.658402e-01
 iter: 252:2        |ddm|: 5.451495e-06     Tr[DP]  5.658402e-01
 iter: 253:1        |ddm|: 1.196116e-05     Tr[DP]  5.658402e-01
 iter: 253:2        |ddm|: 7.593924e-06     Tr[DP]  5.658402e-01
 iter: 254:1        |ddm|: 6.231882e-06     Tr[DP]  5.658402e-01
 iter: 254:2        |ddm|: 4.585686e-06     Tr[DP]  5.658402e-01
 iter: 255:1        |ddm|: 8.676881e-06     Tr[DP]  5.658402e-01
 iter: 255:2        |ddm|: 5.358443e-06     Tr[DP]  5.658402e-01
 iter: 256:1        |ddm|: 5.195878e-06     Tr[DP]  5.658402e-01
 iter: 256:2        |ddm|: 4.049515e-06     Tr[DP]  5.658402e-01
 iter: 257:1        |ddm|: 5.689350e-06     Tr[DP]  5.658402e-01
 iter: 257:2        |ddm|: 4.122684e-06     Tr[DP]  5.658402e-01
 iter: 258:1        |ddm|: 5.890782e-06     Tr[DP]  5.658402e-01
 iter: 258:2        |ddm|: 4.101714e-06     Tr[DP]  5.658402e-01
 iter: 259:1        |ddm|: 5.208969e-06     Tr[DP]  5.658402e-01
 iter: 259:2        |ddm|: 4.007583e-06     Tr[DP]  5.658402e-01
 iter: 260:1        |ddm|: 5.421040e-06     Tr[DP]  5.658402e-01
 iter: 260:2        |ddm|: 4.073907e-06     Tr[DP]  5.658402e-01
 iter: 261:1        |ddm|: 5.594045e-06     Tr[DP]  5.658402e-01
 iter: 261:2        |ddm|: 4.047420e-06     Tr[DP]  5.658402e-01
 iter: 262:1        |ddm|: 5.529690e-06     Tr[DP]  5.658402e-01
 iter: 262:2        |ddm|: 3.961910e-06     Tr[DP]  5.658402e-01
 iter: 263:1        |ddm|: 5.248103e-06     Tr[DP]  5.658402e-01
 iter: 263:2        |ddm|: 3.878997e-06     Tr[DP]  5.658402e-01
 iter: 264:1        |ddm|: 5.269289e-06     Tr[DP]  5.658402e-01
 iter: 264:2        |ddm|: 3.859696e-06     Tr[DP]  5.658402e-01
 iter: 265:1        |ddm|: 5.135827e-06     Tr[DP]  5.658402e-01
 iter: 265:2        |ddm|: 3.856888e-06     Tr[DP]  5.658402e-01
 iter: 266:1        |ddm|: 5.221840e-06     Tr[DP]  5.658402e-01
 iter: 266:2        |ddm|: 3.857245e-06     Tr[DP]  5.658402e-01
 iter: 267:1        |ddm|: 5.098146e-06     Tr[DP]  5.658402e-01
 iter: 267:2        |ddm|: 3.966397e-06     Tr[DP]  5.658402e-01
 iter: 268:1        |ddm|: 6.652585e-06     Tr[DP]  5.658402e-01
 iter: 268:2        |ddm|: 4.238103e-06     Tr[DP]  5.658402e-01
 iter: 269:1        |ddm|: 5.238464e-06     Tr[DP]  5.658402e-01
 iter: 269:2        |ddm|: 3.558232e-06     Tr[DP]  5.658402e-01
 iter: 270:1        |ddm|: 4.926219e-06     Tr[DP]  5.658402e-01
 iter: 270:2        |ddm|: 3.358930e-06     Tr[DP]  5.658402e-01
 iter: 271:1        |ddm|: 1.225043e-05     Tr[DP]  5.658402e-01
 iter: 271:2        |ddm|: 7.674184e-06     Tr[DP]  5.658402e-01
 iter: 272:1        |ddm|: 5.199713e-06     Tr[DP]  5.658402e-01
 iter: 272:2        |ddm|: 2.939140e-06     Tr[DP]  5.658402e-01
 iter: 273:1        |ddm|: 4.191568e-06     Tr[DP]  5.658402e-01
 iter: 273:2        |ddm|: 2.842344e-06     Tr[DP]  5.658402e-01
 iter: 274:1        |ddm|: 3.114265e-06     Tr[DP]  5.658402e-01
 iter: 274:2        |ddm|: 2.297751e-06     Tr[DP]  5.658402e-01
 iter: 275:1        |ddm|: 3.156250e-06     Tr[DP]  5.658402e-01
 iter: 275:2        |ddm|: 2.272439e-06     Tr[DP]  5.658402e-01
 iter: 276:1        |ddm|: 3.001530e-06     Tr[DP]  5.658402e-01
 iter: 276:2        |ddm|: 2.226823e-06     Tr[DP]  5.658402e-01
 iter: 277:1        |ddm|: 3.285698e-06     Tr[DP]  5.658402e-01
 iter: 277:2        |ddm|: 2.228203e-06     Tr[DP]  5.658402e-01
 iter: 278:1        |ddm|: 6.127725e-06     Tr[DP]  5.658402e-01
 iter: 278:2        |ddm|: 3.711954e-06     Tr[DP]  5.658402e-01
 iter: 279:1        |ddm|: 6.311917e-06     Tr[DP]  5.658402e-01
 iter: 279:2        |ddm|: 3.934020e-06     Tr[DP]  5.658402e-01
 iter: 280:1        |ddm|: 8.207188e-06     Tr[DP]  5.658402e-01
 iter: 280:2        |ddm|: 4.466855e-06     Tr[DP]  5.658402e-01
 iter: 281:1        |ddm|: 2.422689e-06     Tr[DP]  5.658402e-01
 iter: 281:2        |ddm|: 1.510369e-06     Tr[DP]  5.658402e-01
 iter: 282:1        |ddm|: 2.190251e-06     Tr[DP]  5.658402e-01
 iter: 282:2        |ddm|: 1.565434e-06     Tr[DP]  5.658402e-01
 iter: 283:1        |ddm|: 2.299697e-06     Tr[DP]  5.658402e-01
 iter: 283:2        |ddm|: 1.593231e-06     Tr[DP]  5.658402e-01
 iter: 284:1        |ddm|: 1.975856e-06     Tr[DP]  5.658402e-01
 iter: 284:2        |ddm|: 1.520474e-06     Tr[DP]  5.658402e-01
 iter: 285:1        |ddm|: 2.119629e-06     Tr[DP]  5.658402e-01
 iter: 285:2        |ddm|: 1.536575e-06     Tr[DP]  5.658402e-01
 iter: 286:1        |ddm|: 2.049275e-06     Tr[DP]  5.658402e-01
 iter: 286:2        |ddm|: 1.529022e-06     Tr[DP]  5.658402e-01
 iter: 287:1        |ddm|: 2.071645e-06     Tr[DP]  5.658402e-01
 iter: 287:2        |ddm|: 1.524739e-06     Tr[DP]  5.658402e-01
 iter: 288:1        |ddm|: 2.045243e-06     Tr[DP]  5.658402e-01
 iter: 288:2        |ddm|: 1.516223e-06     Tr[DP]  5.658402e-01
 iter: 289:1        |ddm|: 2.078619e-06     Tr[DP]  5.658402e-01
 iter: 289:2        |ddm|: 1.501064e-06     Tr[DP]  5.658402e-01
 iter: 290:1        |ddm|: 1.983569e-06     Tr[DP]  5.658402e-01
 iter: 290:2        |ddm|: 1.486972e-06     Tr[DP]  5.658402e-01
 iter: 291:1        |ddm|: 2.029034e-06     Tr[DP]  5.658402e-01
 iter: 291:2        |ddm|: 1.477228e-06     Tr[DP]  5.658402e-01
 iter: 292:1        |ddm|: 1.952131e-06     Tr[DP]  5.658402e-01
 iter: 292:2        |ddm|: 1.485091e-06     Tr[DP]  5.658402e-01
 iter: 293:1        |ddm|: 2.089926e-06     Tr[DP]  5.658402e-01
 iter: 293:2        |ddm|: 1.475117e-06     Tr[DP]  5.658402e-01
 iter: 294:1        |ddm|: 1.915511e-06     Tr[DP]  5.658402e-01
 iter: 294:2        |ddm|: 1.444177e-06     Tr[DP]  5.658402e-01
 iter: 295:1        |ddm|: 2.011510e-06     Tr[DP]  5.658402e-01
 iter: 295:2        |ddm|: 1.437754e-06     Tr[DP]  5.658402e-01
 iter: 296:1        |ddm|: 1.862625e-06     Tr[DP]  5.658402e-01
 iter: 296:2        |ddm|: 1.482355e-06     Tr[DP]  5.658402e-01
 iter: 297:1        |ddm|: 2.021781e-06     Tr[DP]  5.658402e-01
 iter: 297:2        |ddm|: 1.484428e-06     Tr[DP]  5.658402e-01
 iter: 298:1        |ddm|: 2.513118e-06     Tr[DP]  5.658402e-01
 iter: 298:2        |ddm|: 1.622297e-06     Tr[DP]  5.658402e-01
 iter: 299:1        |ddm|: 2.214114e-06     Tr[DP]  5.658402e-01
 iter: 299:2        |ddm|: 1.370314e-06     Tr[DP]  5.658402e-01
 iter: 300:1        |ddm|: 3.657404e-06     Tr[DP]  5.658402e-01
 iter: 300:2        |ddm|: 2.275187e-06     Tr[DP]  5.658402e-01
 iter: 301:1        |ddm|: 3.063924e-06     Tr[DP]  5.658402e-01
 iter: 301:2        |ddm|: 1.948151e-06     Tr[DP]  5.658402e-01
 iter: 302:1        |ddm|: 1.300363e-06     Tr[DP]  5.658402e-01
 iter: 302:2        |ddm|: 5.962686e-07     Tr[DP]  5.658402e-01
 iter: 303:1        |ddm|: 9.189278e-07     Tr[DP]  5.658402e-01
 iter: 303:2        |ddm|: 6.902762e-07     Tr[DP]  5.658402e-01
 iter: 304:1        |ddm|: 9.691997e-07     Tr[DP]  5.658402e-01
 iter: 304:2        |ddm|: 7.036106e-07     Tr[DP]  5.658402e-01
 iter: 305:1        |ddm|: 9.414213e-07     Tr[DP]  5.658402e-01
 iter: 305:2        |ddm|: 7.068237e-07     Tr[DP]  5.658402e-01
 iter: 306:1        |ddm|: 9.428011e-07     Tr[DP]  5.658402e-01
 iter: 306:2        |ddm|: 7.208674e-07     Tr[DP]  5.658402e-01
 iter: 307:1        |ddm|: 1.358877e-06     Tr[DP]  5.658402e-01
 iter: 307:2        |ddm|: 8.456358e-07     Tr[DP]  5.658402e-01
 iter: 308:1        |ddm|: 1.261439e-06     Tr[DP]  5.658402e-01
 iter: 308:2        |ddm|: 8.313283e-07     Tr[DP]  5.658402e-01
 iter: 309:1        |ddm|: 9.806059e-07     Tr[DP]  5.658402e-01
 iter: 309:2        |ddm|: 6.173979e-07     Tr[DP]  5.658402e-01
 iter: 310:1        |ddm|: 6.597999e-07     Tr[DP]  5.658402e-01
 iter: 310:2        |ddm|: 4.809828e-07     Tr[DP]  5.658402e-01
 iter: 311:1        |ddm|: 6.727775e-07     Tr[DP]  5.658402e-01
 iter: 311:2        |ddm|: 5.091555e-07     Tr[DP]  5.658402e-01
 iter: 312:1        |ddm|: 7.538425e-07     Tr[DP]  5.658402e-01
 iter: 312:2        |ddm|: 5.258320e-07     Tr[DP]  5.658402e-01
 iter: 313:1        |ddm|: 6.587952e-07     Tr[DP]  5.658402e-01
 iter: 313:2        |ddm|: 5.549235e-07     Tr[DP]  5.658402e-01
 iter: 314:1        |ddm|: 7.878556e-07     Tr[DP]  5.658402e-01
 iter: 314:2        |ddm|: 5.330718e-07     Tr[DP]  5.658402e-01
 iter: 315:1        |ddm|: 6.835395e-07     Tr[DP]  5.658402e-01
 iter: 315:2        |ddm|: 5.006477e-07     Tr[DP]  5.658402e-01
 iter: 316:1        |ddm|: 6.687665e-07     Tr[DP]  5.658402e-01
 iter: 316:2        |ddm|: 4.968197e-07     Tr[DP]  5.658402e-01
 iter: 317:1        |ddm|: 6.713796e-07     Tr[DP]  5.658402e-01
 iter: 317:2        |ddm|: 4.962680e-07     Tr[DP]  5.658402e-01
 iter: 318:1        |ddm|: 6.565560e-07     Tr[DP]  5.658402e-01
 iter: 318:2        |ddm|: 5.036965e-07     Tr[DP]  5.658402e-01
 iter: 319:1        |ddm|: 6.981319e-07     Tr[DP]  5.658402e-01
 iter: 319:2        |ddm|: 5.014061e-07     Tr[DP]  5.658402e-01
 iter: 320:1        |ddm|: 6.883031e-07     Tr[DP]  5.658402e-01
 iter: 320:2        |ddm|: 4.881560e-07     Tr[DP]  5.658402e-01
 iter: 321:1        |ddm|: 6.400384e-07     Tr[DP]  5.658402e-01
 iter: 321:2        |ddm|: 4.769544e-07     Tr[DP]  5.658402e-01
 iter: 322:1        |ddm|: 6.375800e-07     Tr[DP]  5.658402e-01
 iter: 322:2        |ddm|: 4.824581e-07     Tr[DP]  5.658402e-01
 iter: 323:1        |ddm|: 6.591547e-07     Tr[DP]  5.658402e-01
 iter: 323:2        |ddm|: 4.835894e-07     Tr[DP]  5.658402e-01
 iter: 324:1        |ddm|: 6.663006e-07     Tr[DP]  5.658402e-01
 iter: 324:2        |ddm|: 4.804291e-07     Tr[DP]  5.658402e-01
 iter: 325:1        |ddm|: 6.809515e-07     Tr[DP]  5.658402e-01
 iter: 325:2        |ddm|: 4.590595e-07     Tr[DP]  5.658402e-01
 iter: 326:1        |ddm|: 6.141814e-07     Tr[DP]  5.658402e-01
 iter: 326:2        |ddm|: 4.691030e-07     Tr[DP]  5.658402e-01
 iter: 327:1        |ddm|: 6.349531e-07     Tr[DP]  5.658402e-01
 iter: 327:2        |ddm|: 4.706222e-07     Tr[DP]  5.658402e-01
 iter: 328:1        |ddm|: 6.324154e-07     Tr[DP]  5.658402e-01
 iter: 328:2        |ddm|: 4.720628e-07     Tr[DP]  5.658402e-01
 iter: 329:1        |ddm|: 6.799658e-07     Tr[DP]  5.658402e-01
 iter: 329:2        |ddm|: 4.705579e-07     Tr[DP]  5.658402e-01
 iter: 330:1        |ddm|: 6.595348e-07     Tr[DP]  5.658402e-01
 iter: 330:2        |ddm|: 4.698388e-07     Tr[DP]  5.658402e-01
 iter: 331:1        |ddm|: 7.131730e-07     Tr[DP]  5.658402e-01
 iter: 331:2        |ddm|: 4.221717e-07     Tr[DP]  5.658402e-01
 iter: 332:1        |ddm|: 5.628421e-07     Tr[DP]  5.658402e-01
 iter: 332:2        |ddm|: 3.991848e-07     Tr[DP]  5.658402e-01
 iter: 333:1        |ddm|: 1.893218e-06     Tr[DP]  5.658402e-01
 iter: 333:2        |ddm|: 1.447633e-06     Tr[DP]  5.658402e-01
 iter: 334:1        |ddm|: 4.057611e-06     Tr[DP]  5.658402e-01
 iter: 334:2        |ddm|: 2.482746e-06     Tr[DP]  5.658402e-01
 iter: 335:1        |ddm|: 1.103241e-06     Tr[DP]  5.658402e-01
 iter: 335:2        |ddm|: 4.607840e-07     Tr[DP]  5.658402e-01
 iter: 336:1        |ddm|: 4.892973e-07     Tr[DP]  5.658402e-01
 iter: 336:2        |ddm|: 2.257351e-07     Tr[DP]  5.658402e-01
 iter: 337:1        |ddm|: 2.797836e-07     Tr[DP]  5.658402e-01
 iter: 337:2        |ddm|: 1.516461e-07     Tr[DP]  5.658402e-01
 iter: 338:1        |ddm|: 2.264806e-07     Tr[DP]  5.658402e-01
 iter: 338:2        |ddm|: 1.535783e-07     Tr[DP]  5.658402e-01
 iter: 339:1        |ddm|: 2.735766e-07     Tr[DP]  5.658402e-01
 iter: 339:2        |ddm|: 1.776860e-07     Tr[DP]  5.658402e-01
 iter: 340:1        |ddm|: 2.219850e-07     Tr[DP]  5.658402e-01
 iter: 340:2        |ddm|: 1.599301e-07     Tr[DP]  5.658402e-01
 iter: 341:1        |ddm|: 1.945559e-07     Tr[DP]  5.658402e-01
 iter: 341:2        |ddm|: 1.350167e-07     Tr[DP]  5.658402e-01
 iter: 342:1        |ddm|: 2.131261e-07     Tr[DP]  5.658402e-01
 iter: 342:2        |ddm|: 1.394351e-07     Tr[DP]  5.658402e-01
 iter: 343:1        |ddm|: 1.960807e-07     Tr[DP]  5.658402e-01
 iter: 343:2        |ddm|: 1.351929e-07     Tr[DP]  5.658402e-01
 iter: 344:1        |ddm|: 1.830820e-07     Tr[DP]  5.658402e-01
 iter: 344:2        |ddm|: 1.322322e-07     Tr[DP]  5.658402e-01
 iter: 345:1        |ddm|: 1.790309e-07     Tr[DP]  5.658402e-01
 iter: 345:2        |ddm|: 1.254622e-07     Tr[DP]  5.658402e-01
 iter: 346:1        |ddm|: 1.681382e-07     Tr[DP]  5.658402e-01
 iter: 346:2        |ddm|: 1.349564e-07     Tr[DP]  5.658402e-01
 iter: 347:1        |ddm|: 1.985653e-07     Tr[DP]  5.658402e-01
 iter: 347:2        |ddm|: 1.386257e-07     Tr[DP]  5.658402e-01
 iter: 348:1        |ddm|: 1.796369e-07     Tr[DP]  5.658402e-01
 iter: 348:2        |ddm|: 1.305560e-07     Tr[DP]  5.658402e-01
 iter: 349:1        |ddm|: 1.736584e-07     Tr[DP]  5.658402e-01
 iter: 349:2        |ddm|: 1.260106e-07     Tr[DP]  5.658402e-01
 iter: 350:1        |ddm|: 1.731624e-07     Tr[DP]  5.658402e-01
 iter: 350:2        |ddm|: 1.242461e-07     Tr[DP]  5.658402e-01
 iter: 351:1        |ddm|: 1.873143e-07     Tr[DP]  5.658402e-01
 iter: 351:2        |ddm|: 1.311837e-07     Tr[DP]  5.658402e-01
 iter: 352:1        |ddm|: 2.580349e-07     Tr[DP]  5.658402e-01
 iter: 352:2        |ddm|: 1.307446e-07     Tr[DP]  5.658402e-01
 iter: 353:1        |ddm|: 2.600025e-07     Tr[DP]  5.658402e-01
 iter: 353:2        |ddm|: 1.162733e-07     Tr[DP]  5.658402e-01
 iter: 354:1        |ddm|: 1.980305e-07     Tr[DP]  5.658402e-01
 iter: 354:2        |ddm|: 1.285566e-07     Tr[DP]  5.658402e-01
 iter: 355:1        |ddm|: 2.377084e-07     Tr[DP]  5.658402e-01
 iter: 355:2        |ddm|: 1.563912e-07     Tr[DP]  5.658402e-01
 iter: 356:1        |ddm|: 1.706633e-07     Tr[DP]  5.658402e-01
 iter: 356:2        |ddm|: 8.540343e-08     Tr[DP]  5.658402e-01
 iter: 357:1        |ddm|: 1.114558e-07     Tr[DP]  5.658402e-01
 iter: 357:2        |ddm|: 7.773120e-08     Tr[DP]  5.658402e-01
 iter: 358:1        |ddm|: 1.055874e-07     Tr[DP]  5.658402e-01
 iter: 358:2        |ddm|: 7.666073e-08     Tr[DP]  5.658402e-01
 iter: 359:1        |ddm|: 1.068098e-07     Tr[DP]  5.658402e-01
 iter: 359:2        |ddm|: 7.635122e-08     Tr[DP]  5.658402e-01
 iter: 360:1        |ddm|: 1.053697e-07     Tr[DP]  5.658402e-01
 iter: 360:2        |ddm|: 7.595531e-08     Tr[DP]  5.658402e-01
 iter: 361:1        |ddm|: 1.055029e-07     Tr[DP]  5.658402e-01
 iter: 361:2        |ddm|: 7.580357e-08     Tr[DP]  5.658402e-01
 iter: 362:1        |ddm|: 9.561418e-08     Tr[DP]  5.658402e-01
 iter: 362:2        |ddm|: 7.096234e-08     Tr[DP]  5.658402e-01
 iter: 363:1        |ddm|: 9.602423e-08     Tr[DP]  5.658402e-01
 iter: 363:2        |ddm|: 7.342757e-08     Tr[DP]  5.658402e-01
 iter: 364:1        |ddm|: 1.015080e-07     Tr[DP]  5.658402e-01
 iter: 364:2        |ddm|: 7.392215e-08     Tr[DP]  5.658402e-01
 iter: 365:1        |ddm|: 9.935187e-08     Tr[DP]  5.658402e-01
 iter: 365:2        |ddm|: 7.344635e-08     Tr[DP]  5.658402e-01
 iter: 366:1        |ddm|: 1.000638e-07     Tr[DP]  5.658402e-01
 iter: 366:2        |ddm|: 7.276187e-08     Tr[DP]  5.658402e-01
 iter: 367:1        |ddm|: 1.225891e-07     Tr[DP]  5.658402e-01
 iter: 367:2        |ddm|: 6.635753e-08     Tr[DP]  5.658402e-01
 iter: 368:1        |ddm|: 1.201764e-07     Tr[DP]  5.658402e-01
 iter: 368:2        |ddm|: 7.815672e-08     Tr[DP]  5.658402e-01
 iter: 369:1        |ddm|: 1.047212e-07     Tr[DP]  5.658402e-01
 iter: 369:2        |ddm|: 7.113416e-08     Tr[DP]  5.658402e-01
 iter: 370:1        |ddm|: 1.751435e-07     Tr[DP]  5.658402e-01
 iter: 370:2        |ddm|: 8.556034e-08     Tr[DP]  5.658402e-01
 iter: 371:1        |ddm|: 1.533308e-07     Tr[DP]  5.658402e-01
 iter: 371:2        |ddm|: 6.553306e-08     Tr[DP]  5.658402e-01
 iter: 372:1        |ddm|: 1.619021e-07     Tr[DP]  5.658402e-01
 iter: 372:2        |ddm|: 1.011881e-07     Tr[DP]  5.658402e-01
 iter: 373:1        |ddm|: 8.990545e-08     Tr[DP]  5.658402e-01
 iter: 373:2        |ddm|: 5.812797e-08     Tr[DP]  5.658402e-01
 iter: 374:1        |ddm|: 5.679931e-08     Tr[DP]  5.658402e-01
 iter: 374:2        |ddm|: 3.974842e-08     Tr[DP]  5.658402e-01
 iter: 375:1        |ddm|: 5.723210e-08     Tr[DP]  5.658402e-01
 iter: 375:2        |ddm|: 4.077902e-08     Tr[DP]  5.658402e-01
 iter: 376:1        |ddm|: 5.762817e-08     Tr[DP]  5.658402e-01
 iter: 376:2        |ddm|: 4.133753e-08     Tr[DP]  5.658402e-01
 iter: 377:1        |ddm|: 5.712408e-08     Tr[DP]  5.658402e-01
 iter: 377:2        |ddm|: 4.091418e-08     Tr[DP]  5.658402e-01
 iter: 378:1        |ddm|: 5.431393e-08     Tr[DP]  5.658402e-01
 iter: 378:2        |ddm|: 4.049099e-08     Tr[DP]  5.658402e-01
 iter: 379:1        |ddm|: 5.424767e-08     Tr[DP]  5.658402e-01
 iter: 379:2        |ddm|: 4.102248e-08     Tr[DP]  5.658402e-01
 iter: 380:1        |ddm|: 5.548180e-08     Tr[DP]  5.658402e-01
 iter: 380:2        |ddm|: 4.058750e-08     Tr[DP]  5.658402e-01
 iter: 381:1        |ddm|: 5.657077e-08     Tr[DP]  5.658402e-01
 iter: 381:2        |ddm|: 4.060542e-08     Tr[DP]  5.658402e-01
 iter: 382:1        |ddm|: 5.366610e-08     Tr[DP]  5.658402e-01
 iter: 382:2        |ddm|: 3.967003e-08     Tr[DP]  5.658402e-01
 iter: 383:1        |ddm|: 5.374161e-08     Tr[DP]  5.658402e-01
 iter: 383:2        |ddm|: 3.932298e-08     Tr[DP]  5.658402e-01
 iter: 384:1        |ddm|: 5.269902e-08     Tr[DP]  5.658402e-01
 iter: 384:2        |ddm|: 3.939024e-08     Tr[DP]  5.658402e-01
 iter: 385:1        |ddm|: 5.671813e-08     Tr[DP]  5.658402e-01
 iter: 385:2        |ddm|: 4.053089e-08     Tr[DP]  5.658402e-01
 iter: 386:1        |ddm|: 6.929550e-08     Tr[DP]  5.658402e-01
 iter: 386:2        |ddm|: 5.162210e-08     Tr[DP]  5.658402e-01
 iter: 387:1        |ddm|: 6.726188e-08     Tr[DP]  5.658402e-01
 iter: 387:2        |ddm|: 3.745103e-08     Tr[DP]  5.658402e-01
 iter: 388:1        |ddm|: 7.388997e-08     Tr[DP]  5.658402e-01
 iter: 388:2        |ddm|: 4.245125e-08     Tr[DP]  5.658402e-01
 iter: 389:1        |ddm|: 9.519160e-08     Tr[DP]  5.658402e-01
 iter: 389:2        |ddm|: 6.230294e-08     Tr[DP]  5.658402e-01
 iter: 390:1        |ddm|: 4.349222e-08     Tr[DP]  5.658402e-01
 iter: 390:2        |ddm|: 2.486636e-08     Tr[DP]  5.658402e-01
 iter: 391:1        |ddm|: 3.481378e-08     Tr[DP]  5.658402e-01
 iter: 391:2        |ddm|: 2.364075e-08     Tr[DP]  5.658402e-01
 iter: 392:1        |ddm|: 3.164996e-08     Tr[DP]  5.658402e-01
 iter: 392:2        |ddm|: 2.301194e-08     Tr[DP]  5.658402e-01
 iter: 393:1        |ddm|: 3.233140e-08     Tr[DP]  5.658402e-01
 iter: 393:2        |ddm|: 2.329926e-08     Tr[DP]  5.658402e-01
 iter: 394:1        |ddm|: 3.032248e-08     Tr[DP]  5.658402e-01
 iter: 394:2        |ddm|: 2.193655e-08     Tr[DP]  5.658402e-01
 iter: 395:1        |ddm|: 2.994434e-08     Tr[DP]  5.658402e-01
 iter: 395:2        |ddm|: 2.179453e-08     Tr[DP]  5.658402e-01
 iter: 396:1        |ddm|: 3.807274e-08     Tr[DP]  5.658402e-01
 iter: 396:2        |ddm|: 2.344677e-08     Tr[DP]  5.658402e-01
 iter: 397:1        |ddm|: 2.630765e-08     Tr[DP]  5.658402e-01
 iter: 397:2        |ddm|: 1.659404e-08     Tr[DP]  5.658402e-01
 iter: 398:1        |ddm|: 2.458050e-08     Tr[DP]  5.658402e-01
 iter: 398:2        |ddm|: 1.666259e-08     Tr[DP]  5.658402e-01
 iter: 399:1        |ddm|: 2.357571e-08     Tr[DP]  5.658402e-01
 iter: 399:2        |ddm|: 1.654830e-08     Tr[DP]  5.658402e-01
 iter: 400:1        |ddm|: 2.311786e-08     Tr[DP]  5.658402e-01
 iter: 400:2        |ddm|: 1.660844e-08     Tr[DP]  5.658402e-01
 iter: 401:1        |ddm|: 2.265703e-08     Tr[DP]  5.658402e-01
 iter: 401:2        |ddm|: 1.640935e-08     Tr[DP]  5.658402e-01
 iter: 402:1        |ddm|: 2.247349e-08     Tr[DP]  5.658402e-01
 iter: 402:2        |ddm|: 1.643032e-08     Tr[DP]  5.658402e-01
 iter: 403:1        |ddm|: 2.322689e-08     Tr[DP]  5.658402e-01
 iter: 403:2        |ddm|: 1.623785e-08     Tr[DP]  5.658402e-01
 iter: 404:1        |ddm|: 2.207078e-08     Tr[DP]  5.658402e-01
 iter: 404:2        |ddm|: 1.522273e-08     Tr[DP]  5.658402e-01
 iter: 405:1        |ddm|: 2.112028e-08     Tr[DP]  5.658402e-01
 iter: 405:2        |ddm|: 1.444599e-08     Tr[DP]  5.658402e-01
 iter: 406:1        |ddm|: 2.016258e-08     Tr[DP]  5.658402e-01
 iter: 406:2        |ddm|: 1.379471e-08     Tr[DP]  5.658402e-01
 iter: 407:1        |ddm|: 1.926541e-08     Tr[DP]  5.658402e-01
 iter: 407:2        |ddm|: 1.332442e-08     Tr[DP]  5.658402e-01
 iter: 408:1        |ddm|: 1.848508e-08     Tr[DP]  5.658402e-01
 iter: 408:2        |ddm|: 1.291491e-08     Tr[DP]  5.658402e-01
 iter: 409:1        |ddm|: 1.785410e-08     Tr[DP]  5.658402e-01
 iter: 409:2        |ddm|: 1.261734e-08     Tr[DP]  5.658402e-01
 iter: 410:1        |ddm|: 1.753587e-08     Tr[DP]  5.658402e-01
 iter: 410:2        |ddm|: 1.243352e-08     Tr[DP]  5.658402e-01
 iter: 411:1        |ddm|: 1.714997e-08     Tr[DP]  5.658402e-01
 iter: 411:2        |ddm|: 1.211518e-08     Tr[DP]  5.658402e-01
 iter: 412:1        |ddm|: 1.671822e-08     Tr[DP]  5.658402e-01
 iter: 412:2        |ddm|: 1.173318e-08     Tr[DP]  5.658402e-01
 iter: 413:1        |ddm|: 1.623113e-08     Tr[DP]  5.658402e-01
 iter: 413:2        |ddm|: 1.131856e-08     Tr[DP]  5.658402e-01
 iter: 414:1        |ddm|: 1.569849e-08     Tr[DP]  5.658402e-01
 iter: 414:2        |ddm|: 1.091482e-08     Tr[DP]  5.658402e-01
 iter: 415:1        |ddm|: 1.514510e-08     Tr[DP]  5.658402e-01
 iter: 415:2        |ddm|: 1.052513e-08     Tr[DP]  5.658402e-01
 iter: 416:1        |ddm|: 1.459910e-08     Tr[DP]  5.658402e-01
 iter: 416:2        |ddm|: 1.016785e-08     Tr[DP]  5.658402e-01
 iter: 417:1        |ddm|: 1.411579e-08     Tr[DP]  5.658402e-01
 iter: 417:2        |ddm|: 9.876293e-09     Tr[DP]  5.658402e-01
 iter: 418:1        |ddm|: 1.368470e-08     Tr[DP]  5.658402e-01
 iter: 418:2        |ddm|: 9.606381e-09     Tr[DP]  5.658402e-01
 iter: 419:1        |ddm|: 1.329110e-08     Tr[DP]  5.658402e-01
 iter: 419:2        |ddm|: 9.339192e-09     Tr[DP]  5.658402e-01
 iter: 420:1        |ddm|: 1.291648e-08     Tr[DP]  5.658402e-01
 iter: 420:2        |ddm|: 9.065674e-09     Tr[DP]  5.658402e-01
 iter: 421:1        |ddm|: 1.254385e-08     Tr[DP]  5.658402e-01
 iter: 421:2        |ddm|: 8.787723e-09     Tr[DP]  5.658402e-01
 iter: 422:1        |ddm|: 1.216642e-08     Tr[DP]  5.658402e-01
 iter: 422:2        |ddm|: 8.506624e-09     Tr[DP]  5.658402e-01
 iter: 423:1        |ddm|: 1.178417e-08     Tr[DP]  5.658402e-01
 iter: 423:2        |ddm|: 8.227047e-09     Tr[DP]  5.658402e-01
 iter: 424:1        |ddm|: 1.140646e-08     Tr[DP]  5.658402e-01
 iter: 424:2        |ddm|: 7.962791e-09     Tr[DP]  5.658402e-01
 iter: 425:1        |ddm|: 1.104071e-08     Tr[DP]  5.658402e-01
 iter: 425:2        |ddm|: 7.715613e-09     Tr[DP]  5.658402e-01
 iter: 426:1        |ddm|: 1.069205e-08     Tr[DP]  5.658402e-01
 iter: 426:2        |ddm|: 7.482048e-09     Tr[DP]  5.658402e-01
 iter: 427:1        |ddm|: 1.036252e-08     Tr[DP]  5.658402e-01
 iter: 427:2        |ddm|: 7.258157e-09     Tr[DP]  5.658402e-01
 iter: 428:1        |ddm|: 1.004929e-08     Tr[DP]  5.658402e-01
 iter: 428:2        |ddm|: 7.041069e-09     Tr[DP]  5.658402e-01
 iter: 429:1        |ddm|: 9.747251e-09     Tr[DP]  5.658402e-01
 iter: 429:2        |ddm|: 6.827552e-09     Tr[DP]  5.658402e-01
 iter: 430:1        |ddm|: 9.452303e-09     Tr[DP]  5.658402e-01
 iter: 430:2        |ddm|: 6.616547e-09     Tr[DP]  5.658402e-01
 iter: 431:1        |ddm|: 9.163635e-09     Tr[DP]  5.658402e-01
 iter: 431:2        |ddm|: 6.409615e-09     Tr[DP]  5.658402e-01
 iter: 432:1        |ddm|: 8.880093e-09     Tr[DP]  5.658402e-01
 iter: 432:2        |ddm|: 6.209180e-09     Tr[DP]  5.658402e-01
 iter: 433:1        |ddm|: 8.603975e-09     Tr[DP]  5.658402e-01
 iter: 433:2        |ddm|: 6.016387e-09     Tr[DP]  5.658402e-01
 iter: 434:1        |ddm|: 8.335541e-09     Tr[DP]  5.658402e-01
 iter: 434:2        |ddm|: 5.830606e-09     Tr[DP]  5.658402e-01
 iter: 435:1        |ddm|: 8.077079e-09     Tr[DP]  5.658402e-01
 iter: 435:2        |ddm|: 5.652132e-09     Tr[DP]  5.658402e-01
 iter: 436:1        |ddm|: 7.828554e-09     Tr[DP]  5.658402e-01
 iter: 436:2        |ddm|: 5.479595e-09     Tr[DP]  5.658402e-01
 iter: 437:1        |ddm|: 7.588253e-09     Tr[DP]  5.658402e-01
 iter: 437:2        |ddm|: 5.312135e-09     Tr[DP]  5.658402e-01
 iter: 438:1        |ddm|: 7.356171e-09     Tr[DP]  5.658402e-01
 iter: 438:2        |ddm|: 5.148994e-09     Tr[DP]  5.658402e-01
 iter: 439:1        |ddm|: 7.130581e-09     Tr[DP]  5.658402e-01
 iter: 439:2        |ddm|: 4.990015e-09     Tr[DP]  5.658402e-01
 iter: 440:1        |ddm|: 6.912094e-09     Tr[DP]  5.658402e-01
 iter: 440:2        |ddm|: 4.835884e-09     Tr[DP]  5.658402e-01
 iter: 441:1        |ddm|: 6.698532e-09     Tr[DP]  5.658402e-01
 iter: 441:2        |ddm|: 4.686536e-09     Tr[DP]  5.658402e-01
 iter: 442:1        |ddm|: 6.491952e-09     Tr[DP]  5.658402e-01
 iter: 442:2        |ddm|: 4.541913e-09     Tr[DP]  5.658402e-01
 iter: 443:1        |ddm|: 6.291312e-09     Tr[DP]  5.658402e-01
 iter: 443:2        |ddm|: 4.402043e-09     Tr[DP]  5.658402e-01
 iter: 444:1        |ddm|: 6.097432e-09     Tr[DP]  5.658402e-01
 iter: 444:2        |ddm|: 4.266863e-09     Tr[DP]  5.658402e-01
 iter: 445:1        |ddm|: 5.909336e-09     Tr[DP]  5.658402e-01
 iter: 445:2        |ddm|: 4.135847e-09     Tr[DP]  5.658402e-01
 iter: 446:1        |ddm|: 5.727580e-09     Tr[DP]  5.658402e-01
 iter: 446:2        |ddm|: 4.008600e-09     Tr[DP]  5.658402e-01
                           Freeze-and-Thaw converged!                           

=================== Subsystem 1 at higher mean-field method ====================
  subiter:   1      |ddm|: 7.523654e-01
  subiter:   2      |ddm|: 1.448887e-01
  subiter:   3      |ddm|: 2.950799e-02
  subiter:   4      |ddm|: 1.981433e-02
  subiter:   5      |ddm|: 3.694023e-03
  subiter:   6      |ddm|: 1.878084e-03
  subiter:   7      |ddm|: 8.397613e-04
  subiter:   8      |ddm|: 2.341372e-04
  subiter:   9      |ddm|: 7.933307e-05
  subiter:  10      |ddm|: 3.780516e-05
  subiter:  11      |ddm|: 2.586387e-05
  subiter:  12      |ddm|: 1.019012e-05
  subiter:  13      |ddm|: 7.636667e-06
  subiter:  14      |ddm|: 2.492189e-06
  subiter:  15      |ddm|: 9.968071e-07
  subiter:  16      |ddm|: 6.510289e-07
  subiter:  17      |ddm|: 1.007871e-07
  subiter:  18      |ddm|: 9.339844e-08
  subiter:  19      |ddm|: 1.668168e-08
  subiter:  20      |ddm|: 1.699159e-08
  subiter:  21      |ddm|: 6.316252e-09


******** <class 'pyscf.scf.hf.RHF'> flags ********
method = RHF
initial guess = minao
damping factor = 0
level shift factor = 0
DIIS = <class 'pyscf.scf.diis.CDIIS'>
DIIS start cycle = 1
DIIS space = 8
SCF tol = 1e-09
SCF gradient tol = None
max. SCF cycles = 100
direct_scf = True
direct_scf_tol = 1e-13
chkfile to save SCF result = /panfs/roc/scratch/graha682/2018_smear/201712_ccpVDZ_NEVPT2_m06_120_10c12h24/tmpSULSok
max_memory 4000 MB (current use 3293 MB)
Set gradient conv threshold to 3.16228e-05
init E= -388.20347838399
  HOMO = -0.277091676231837  LUMO = 0.120378493155472
cycle= 1 E= -388.203478383989  delta_E= 1.36e-12  |g|= 4.44e-09  |ddm|= 1.65e-08
  HOMO = -0.277091676091918  LUMO = 0.120378493197779
Extra cycle  E= -388.203478383987  delta_E= 1.48e-12  |g|= 2.94e-09  |ddm|= 8.47e-09
converged SCF energy = -388.203478383987
 iter: 447:1        |ddm|: 8.757315e-01     Tr[DP]  6.645121e-01

******** <class 'pyscf.mcscf.mc1step.CASSCF'> flags ********
CAS (1e+1e, 2o), ncore = 38, nvir = 190
max_cycle_macro = 150
max_cycle_micro = 4
conv_tol = 1e-07
conv_tol_grad = None
orbital rotation max_stepsize = 0.02
augmented hessian ah_max_cycle = 30
augmented hessian ah_conv_tol = 1e-12
augmented hessian ah_linear dependence = 1e-14
augmented hessian ah_level shift = 0
augmented hessian ah_start_tol = 2.5
augmented hessian ah_start_cycle = 3
augmented hessian ah_grad_trust_region = 3
kf_trust_region = 3
kf_interval = 4
ci_response_space = 4
ci_grad_trust_region = 3
with_dep4 0
natorb = False
canonicalization = True
sorting_mo_energy = False
chkfile = /panfs/roc/scratch/graha682/2018_smear/201712_ccpVDZ_NEVPT2_m06_120_10c12h24/tmpSULSok
max_memory 4000 MB (current use 3288 MB)
internal_rotation = False
******** <class 'pyscf.fci.direct_spin1.FCISolver'> flags ********
max. cycles = 50
conv_tol = 1e-08
davidson only = False
linear dependence = 1e-10
level shift = 0.001
max iter space = 12
max_memory 4000 MB
nroots = 1
pspace_size = 400
spin = None
CASCI E = -388.216075076443  S^2 = 0.0000000
Set conv_tol_grad to 0.000316228
macro iter 1 (21 JK  4 micro), CASSCF E = -388.238040067007  dE = -0.021964991  S^2 = 0.0000000
               |grad[o]|=0.0367  |grad[c]|= 0.0359944254777  |ddm|=0.0555
macro iter 2 (14 JK  4 micro), CASSCF E = -388.238891284601  dE = -0.00085121759  S^2 = 0.0000000
               |grad[o]|=0.0143  |grad[c]|= 0.00126923865022  |ddm|=0.0328
macro iter 3 (8 JK  2 micro), CASSCF E = -388.238891733742  dE = -4.4914128e-07  S^2 = 0.0000000
               |grad[o]|=0.000313  |grad[c]|= 5.42881374067e-05  |ddm|=0.000772
macro iter 4 (3 JK  1 micro), CASSCF E = -388.238891736927  dE = -3.1843683e-09  S^2 = 0.0000000
               |grad[o]|=3.37e-05  |grad[c]|= 1.48727989804e-05  |ddm|=5.46e-05
1-step CASSCF converged in 4 macro (46 JK 11 micro) steps
CASSCF canonicalization
CASSCF energy = -388.238891736927
Hartree-Fock Energy:  -388.20347838398749
CAS Correlation:       -0.03541335293903
CAS Energy:          -388.23889173692652
Sr    (-1)',   E = 0.00000000000581
Si    (+1)',   E = -0.00000000013812
Sijrs (0)  ,   E = -1.34116034827843
Sijr  (+1) ,   E = -0.02147576242293
Srsi  (-1) ,   E = -0.06512467740858
Srs   (-2) ,   E = -0.00383251177925
Sij   (+2) ,   E = -0.00087821762402
Sir   (0)' ,   E = -0.03217860370294
Nevpt2 Energy = -1.464650121348458
NEVPT2 =   -1.464650121348458
Total NEVPT2 = -389.703541858275003

============================== Supermolecular DFT ==============================
  subiter:   1      |ddm|: 3.106285e+00
  subiter:   2      |ddm|: 2.889017e-01
  subiter:   3      |ddm|: 1.669722e-01
  subiter:   4      |ddm|: 1.791341e-02
  subiter:   5      |ddm|: 5.000962e-03
  subiter:   6      |ddm|: 1.604158e-03
  subiter:   7      |ddm|: 4.671906e-04
  subiter:   8      |ddm|: 2.280332e-04
  subiter:   9      |ddm|: 7.687493e-05
  subiter:  10      |ddm|: 2.318249e-05
  subiter:  11      |ddm|: 6.937693e-06
  subiter:  12      |ddm|: 4.093602e-06
  subiter:  13      |ddm|: 9.610476e-07
  subiter:  14      |ddm|: 4.337931e-07
  subiter:  15      |ddm|: 1.705196e-07
  subiter:  16      |ddm|: 3.527312e-08
  subiter:  17      |ddm|: 3.959923e-08
  subiter:  18      |ddm|: 6.522357e-09


******** <class 'pyscf.dft.rks.RKS'> flags ********
method = RKS
initial guess = atom
damping factor = 0
level shift factor = 0.0
DIIS = <class 'pyscf.scf.diis.CDIIS'>
DIIS start cycle = 1
DIIS space = 8
SCF tol = 1e-08
SCF gradient tol = 1e-08
max. SCF cycles = 100
direct_scf = True
direct_scf_tol = 1e-13
chkfile to save SCF result = /panfs/roc/scratch/graha682/2018_smear/201712_ccpVDZ_NEVPT2_m06_120_10c12h24/tmpDwa6Jt
max_memory 4000 MB (current use 3320 MB)
XC functionals = m06
small_rho_cutoff = 1e-20
radial grids: Treutler-Ahlrichs (JCP 102, 346 (M4)) radial grids
becke partition: Becke, JCP, 88, 2547 (1988)
pruning grids: <function nwchem_prune at 0x182d668>
grids dens level: 4
symmetrized grids: False
atomic radii adjust function: <function treutler_atomic_radii_adjust at 0x182d500>
init E= -471.256129310273
  HOMO = -0.196974909463388  LUMO = -0.0282804809491893
cycle= 1 E= -471.256129310273  delta_E=    0  |g|= 8.32e-09  |ddm|= 1.45e-08
  HOMO = -0.196974909660404  LUMO = -0.0282804811225015
Extra cycle  E= -471.256129310274  delta_E= -6.82e-13  |g|= 1.04e-08  |ddm|= 1.54e-08
converged SCF energy = -471.256129310274
  subiter:   1      |ddm|: 1.945059e-08
  subiter:   2      |ddm|: 2.538818e-08
  subiter:   3      |ddm|: 1.718121e-08
  subiter:   4      |ddm|: 2.757215e-09
Supermolecular DFT   -471.25612931027331

============================== Embedding Energies ==============================
Subsystem DFT              -390.77353653795018
Interaction                 -80.24069370547085
DFT-in-DFT                 -471.01423024342103
Supermolecular DFT         -471.25612931027331
Supmol DFT no F-Smear      -471.25612931027331
Difference                   -0.24189906685228
Corrected DFT-in-DFT       -471.25612931027331
WF-in-DFT                  -469.94423556374585
Corrected WF-in-DFT        -470.18613463059813
================================================================================
TIMING STATISTICS:
     overlap integrals      0.02s   ( 0.00%)
    initial subsystems      0.14s   ( 0.00%)
           2e matrices  10171.22s   (92.24%)
      tot. embed. of 1  10229.51s   (92.77%)
      tot. embed. of 2      0.88s   ( 0.01%)
       freeze and thaw  10230.45s   (92.77%)
                   cas    109.35s   ( 0.99%)
                nevpt2     16.54s   ( 0.15%)
  interaction energies    669.98s   ( 6.08%)
                 TOTAL  11027.20s
================================================================================

********************************************************************************
*                              END OF CALCULATION                              *
********************************************************************************
