********************************************************************************
*                              PySCF CALCULATION                               *
********************************************************************************

================================== Input File ==================================
atoms
C         -1.98931        0.50103        0.00907
H         -2.85869        0.78500        0.57117
H         -2.04732        0.60909       -1.05733
Cl        -2.54900       -1.61160       -0.07519
F         -1.77680        2.56744       -0.21916
C         -0.66467        0.41658        0.68592
H         -0.50483        1.39020        1.15589
H         -0.69718       -0.34920        1.46701
C          0.46311        0.12862       -0.27991
H          0.25255       -0.80888       -0.80921
H          0.48023        0.92713       -1.03032
C          1.81264        0.03688        0.39945
H          2.00991        0.96793        0.94722
H          1.78821       -0.75753        1.15762
C          2.95402       -0.22791       -0.56185
H          2.74919       -1.15226       -1.11352
H          2.98011        0.56891       -1.31318
C          4.29707       -0.32760        0.13179
H          4.29501       -1.13573        0.86804
H          5.11355       -0.51691       -0.56815
H          4.52639        0.59678        0.66861
end
charge -1

basis cc-pVDZ
scf
method rks
xc m062x
grid 4
conv 1e-8
grad 1e-8
maxiter 100
end
================================== End Input ===================================
#INFO: **** input file is /home/goodpast/shared/repositories/pyscf_wrapper/run_pySCF.py ****
#!/usr/bin/env python

def main():
    '''Python wrapper to read a pySCF input file
    and run the corresponding calculations.'''

    from argparse import ArgumentParser, RawDescriptionHelpFormatter
    from textwrap import dedent
    from read_input import read_input, pstr
    import sys
    from simple_timer import timer
    from scf import do_scf
    from geomopt import do_geomopt
    from vfreq import vibrations

    # generate a parser to read the input files
    parser = ArgumentParser(description=dedent(main.__doc__),
                            formatter_class=RawDescriptionHelpFormatter)
    parser.add_argument('input_files', nargs='*', default=sys.stdin,
                        help='The pySCF input files.')
    args = parser.parse_args()

    # Cycle through all input files
    for files in args.input_files:

        # print header
        pstr ("", delim="*", addline=False)
        pstr ("PySCF CALCULATION", delim="*", fill=False, addline=False)
        pstr ("", delim="*", addline=False)

        # get input data
        inp = read_input(files)

        # start timer
        inp.timer = timer()

        # do single point energy
        inp = do_scf(inp)

        # do geomotry optimization
        if inp.geomopt: inp = do_geomopt(inp)

        if inp.vfreq: vibrations(inp)

        # end timer
        inp.timer.close()

        # print footer
        pstr("", delim="*")
        pstr("END OF CALCULATION", delim="*", fill=False, addline=False)
        pstr("", delim="*", addline=False)

if __name__=='__main__':
    main()
#INFO: ******************** input file end ********************


System: ('Linux', 'cn0648', '2.6.32-696.10.1.el6.x86_64', '#1 SMP Tue Aug 22 18:51:35 UTC 2017', 'x86_64', 'x86_64')  Threads 24
Python 2.7.6 | 64-bit | (default, Sep 15 2014, 17:36:10) 
[GCC 4.1.2 20080704 (Red Hat 4.1.2-54)]
numpy 1.10.4  scipy 0.17.0
Date: Thu Sep  7 15:45:03 2017
PySCF version 1.4a
PySCF path  /home/goodpast/graha682/code/python/pyscf/pyscf
GIT ORIG_HEAD 9330ea3bfcc413f76711ba39e39d531f72dcda29
GIT HEAD      ref: refs/heads/master
GIT master branch  5a6e4032c6cb310076977bf244a460aa6dd0f9f2

[INPUT] VERBOSE 4
[INPUT] num atoms = 21
[INPUT] num electrons = 76
[INPUT] charge = -1
[INPUT] spin (= nelec alpha-beta = 2S) = 0
[INPUT] symmetry False subgroup None
[INPUT]  1 C     -1.989310000000   0.501030000000   0.009070000000 AA   -3.759251076859   0.946809480191   0.017139815950 Bohr
[INPUT]  2 H     -2.858690000000   0.785000000000   0.571170000000 AA   -5.402141175033   1.483435007784   1.079354870568 Bohr
[INPUT]  3 H     -2.047320000000   0.609090000000  -1.057330000000 AA   -3.868874089345   1.151013285211  -1.998064123286 Bohr
[INPUT]  4 Cl    -2.549000000000  -1.611600000000  -0.075190000000 AA   -4.816911891516  -3.045482622349  -0.142088507306 Bohr
[INPUT]  5 F     -1.776800000000   2.567440000000  -0.219160000000 AA   -3.357665378127   4.851758441253  -0.414152377460 Bohr
[INPUT]  6 C     -0.664670000000   0.416580000000   0.685920000000 AA   -1.256044263215   0.787222108971   1.296200943362 Bohr
[INPUT]  7 H     -0.504830000000   1.390200000000   1.155890000000 AA   -0.953990439464   2.627097258370   2.184315530124 Bohr
[INPUT]  8 H     -0.697180000000  -0.349200000000   1.467010000000 AA   -1.317479259524  -0.659892362698   2.772247121998 Bohr
[INPUT]  9 C      0.463110000000   0.128620000000  -0.279910000000 AA    0.875151065547   0.243056574142  -0.528953239527 Bohr
[INPUT] 10 H      0.252550000000  -0.808880000000  -0.809210000000 AA    0.477250332759  -1.528561667638  -1.529185277259 Bohr
[INPUT] 11 H      0.480230000000   0.927130000000  -1.030320000000 AA    0.907503176800   1.752021781868  -1.947022620662 Bohr
[INPUT] 12 C      1.812640000000   0.036880000000   0.399450000000 AA    3.425393162432   0.069693099474   0.754851100458 Bohr
[INPUT] 13 H      2.009910000000   0.967930000000   0.947220000000 AA    3.798179435025   1.829122607750   1.789986379711 Bohr
[INPUT] 14 H      1.788210000000  -0.757530000000   1.157620000000 AA    3.379227153208  -1.431524231142   2.187584756319 Bohr
[INPUT] 15 C      2.954020000000  -0.227910000000  -0.561850000000 AA    5.582288766488  -0.430687481050  -1.061742623087 Bohr
[INPUT] 16 H      2.749190000000  -1.152260000000  -1.113520000000 AA    5.195216164393  -2.177455824291  -2.104247834226 Bohr
[INPUT] 17 H      2.980110000000   0.568910000000  -1.313180000000 AA    5.631591721078   1.075084089526  -2.481550552256 Bohr
[INPUT] 18 C      4.297070000000  -0.327600000000   0.131790000000 AA    8.120285438085  -0.619074278408   0.249047005956 Bohr
[INPUT] 19 H      4.295010000000  -1.135730000000   0.868040000000 AA    8.116392602268  -2.146218651452   1.640357865167 Bohr
[INPUT] 20 H      5.113550000000  -0.516910000000  -0.568150000000 AA    9.663209024270  -0.976818331049  -1.073647897672 Bohr
[INPUT] 21 H      4.526390000000   0.596780000000   0.668610000000 AA    8.553637432970   1.127750756618   1.263489784145 Bohr
[INPUT] ---------------- BASIS SET ---------------- 
[INPUT] l, kappa, [nprim/nctr], expnt,             c_1 c_2 ...
[INPUT] H
[INPUT] 0    0    [3    /1   ]  13.01             0.019685
                                1.962             0.137977
                                0.4446            0.478148
[INPUT] 0    0    [1    /1   ]  0.122                1
[INPUT] 1    0    [1    /1   ]  0.727                1
[INPUT] C
[INPUT] 0    0    [8    /2   ]  6665              0.000692 -0.000146
                                1000              0.005329 -0.001154
                                228               0.027077 -0.005725
                                64.71             0.101718 -0.023312
                                21.06             0.27474 -0.063955
                                7.495             0.448564 -0.149981
                                2.797             0.285074 -0.127262
                                0.5215            0.015204 0.544529
[INPUT] 0    0    [1    /1   ]  0.1596               1
[INPUT] 1    0    [3    /1   ]  9.439             0.038109
                                2.002             0.20948
                                0.5456            0.508557
[INPUT] 1    0    [1    /1   ]  0.1517               1
[INPUT] 2    0    [1    /1   ]  0.55                 1
[INPUT] Cl
[INPUT] 0    0    [11   /3   ]  127900            0.000241153 -6.78922e-05 2.04986e-05
                                19170             0.00187095 -0.000521836 0.000158298
                                4363              0.00970827 -0.00276513 0.000833639
                                1236              0.0393153 -0.0111537 0.0033988
                                403.6             0.125932 -0.0385919 0.0116738
                                145.7             0.299341 -0.0994848 0.0309622
                                56.81             0.421886 -0.201392 0.0629533
                                23.23             0.237201 -0.130313 0.0460257
                                6.644             0.0191531 0.509443 -0.219312
                                2.575             -0.00334792 0.610725 -0.408773
                                0.5371            0.000929883 0.0421549 0.638465
[INPUT] 0    0    [1    /1   ]  0.1938               1
[INPUT] 1    0    [7    /2   ]  417.6             0.00525982 -0.0014357
                                98.33             0.0398332 -0.0107796
                                31.04             0.164655 -0.0470075
                                11.19             0.387322 -0.11103
                                4.249             0.457072 -0.153275
                                1.624             0.151636 0.0894609
                                0.5322            0.00181615 0.579444
[INPUT] 1    0    [1    /1   ]  0.162                1
[INPUT] 2    0    [1    /1   ]  0.6                  1
[INPUT] F
[INPUT] 0    0    [8    /2   ]  14710             0.000721 -0.000165
                                2207              0.005553 -0.001308
                                502.8             0.028267 -0.006495
                                142.6             0.106444 -0.026691
                                46.47             0.286814 -0.07369
                                16.7              0.448641 -0.170776
                                6.356             0.264761 -0.112327
                                1.316             0.015333 0.562814
[INPUT] 0    0    [1    /1   ]  0.3897               1
[INPUT] 1    0    [3    /1   ]  22.67             0.044878
                                4.977             0.235718
                                1.347             0.508521
[INPUT] 1    0    [1    /1   ]  0.3471               1
[INPUT] 2    0    [1    /1   ]  1.64                 1
nuclear repulsion = 437.920084724738
number of shells = 79
number of NR pGTOs = 314
number of NR cGTOs = 181
basis = {'H': [[0, [13.01, 0.019685], [1.962, 0.137977], [0.4446, 0.478148]], [0, [0.122, 1.0]], [1, [0.727, 1.0]]], 'C': [[0, [6665.0, 0.000692, -0.000146], [1000.0, 0.005329, -0.001154], [228.0, 0.027077, -0.005725], [64.71, 0.101718, -0.023312], [21.06, 0.27474, -0.063955], [7.495, 0.448564, -0.149981], [2.797, 0.285074, -0.127262], [0.5215, 0.015204, 0.544529]], [0, [0.1596, 1.0]], [1, [9.439, 0.038109], [2.002, 0.20948], [0.5456, 0.508557]], [1, [0.1517, 1.0]], [2, [0.55, 1.0]]], 'F': [[0, [14710.0, 0.000721, -0.000165], [2207.0, 0.005553, -0.001308], [502.8, 0.028267, -0.006495], [142.6, 0.106444, -0.026691], [46.47, 0.286814, -0.07369], [16.7, 0.448641, -0.170776], [6.356, 0.264761, -0.112327], [1.316, 0.015333, 0.562814]], [0, [0.3897, 1.0]], [1, [22.67, 0.044878], [4.977, 0.235718], [1.347, 0.508521]], [1, [0.3471, 1.0]], [2, [1.64, 1.0]]], 'Cl': [[0, [127900.0, 0.000241153, -6.78922e-05, 2.04986e-05], [19170.0, 0.00187095, -0.000521836, 0.000158298], [4363.0, 0.00970827, -0.00276513, 0.000833639], [1236.0, 0.0393153, -0.0111537, 0.0033988], [403.6, 0.125932, -0.0385919, 0.0116738], [145.7, 0.299341, -0.0994848, 0.0309622], [56.81, 0.421886, -0.201392, 0.0629533], [23.23, 0.237201, -0.130313, 0.0460257], [6.644, 0.0191531, 0.509443, -0.219312], [2.575, -0.00334792, 0.610725, -0.408773], [0.5371, 0.000929883, 0.0421549, 0.638465]], [0, [0.1938, 1.0]], [1, [417.6, 0.00525982, -0.0014357], [98.33, 0.0398332, -0.0107796], [31.04, 0.164655, -0.0470075], [11.19, 0.387322, -0.11103], [4.249, 0.457072, -0.153275], [1.624, 0.151636, 0.0894609], [0.5322, 0.00181615, 0.579444]], [1, [0.162, 1.0]], [2, [0.6, 1.0]]]}
ecp = {}
CPU time:         0.62
None
tot grids = 436954


******** <class 'pyscf.dft.rks.RKS'> flags ********
method = RKS
initial guess = atom
damping factor = 0
level shift factor = 0
DIIS = <class 'pyscf.scf.diis.CDIIS'>
DIIS start cycle = 1
DIIS space = 8
SCF tol = 1e-08
SCF gradient tol = 1e-08
max. SCF cycles = 100
direct_scf = True
direct_scf_tol = 1e-13
chkfile to save SCF result = /panfs/roc/scratch/graha682/201709_M062X/20170714_ccpVDZ_ccsdt_chloroflourohexane/tmpCq3PFH
max_memory 4000 MB (current use 88 MB)
XC functionals = m062x
small_rho_cutoff = 1e-20
radial grids: Treutler-Ahlrichs (JCP 102, 346 (M4)) radial grids
becke partition: Becke, JCP, 88, 2547 (1988)
pruning grids: <function nwchem_prune at 0x1621758>
grids dens level: 4
symmetrized grids: False
atomic radii adjust function: <function treutler_atomic_radii_adjust at 0x16215f0>
Initial guess from superpostion of atomic densties.
init E= -798.503905768562
  HOMO = -0.394783833800595  LUMO = -0.164125306163603
cycle= 1 E= -795.994318054224  delta_E= 2.51  |g|= 1.21  |ddm|= 4.32
  HOMO = 0.116389989002046  LUMO = 0.229975063890092
cycle= 2 E= -795.995740742277  delta_E= -0.00142  |g|=  1.3  |ddm|= 2.48
  HOMO = -0.119701780048881  LUMO = 0.193947479485633
cycle= 3 E= -796.338067579879  delta_E= -0.342  |g|= 0.276  |ddm|= 1.56
  HOMO = -0.0950362605712973  LUMO = 0.192943864888506
cycle= 4 E= -796.351689907547  delta_E= -0.0136  |g|= 0.082  |ddm|= 0.297
  HOMO = -0.109107737922546  LUMO = 0.195642027631074
cycle= 5 E= -796.352928045583  delta_E= -0.00124  |g|= 0.0124  |ddm|= 0.0811
  HOMO = -0.108002405502721  LUMO = 0.195718384062266
cycle= 6 E= -796.352966815505  delta_E= -3.88e-05  |g|= 0.00392  |ddm|= 0.0191
  HOMO = -0.107903851551614  LUMO = 0.195625796979446
cycle= 7 E= -796.352971990027  delta_E= -5.17e-06  |g|= 0.00118  |ddm|= 0.00527
  HOMO = -0.108077837915816  LUMO = 0.195651713536229
cycle= 8 E= -796.352972474877  delta_E= -4.85e-07  |g|= 0.00038  |ddm|= 0.00256
  HOMO = -0.108014904871044  LUMO = 0.195639545272743
cycle= 9 E= -796.352972532345  delta_E= -5.75e-08  |g|= 0.000129  |ddm|= 0.000787
  HOMO = -0.108034778623892  LUMO = 0.195639720445092
cycle= 10 E= -796.352972537671  delta_E= -5.33e-09  |g|= 4.22e-05  |ddm|= 0.000247
  HOMO = -0.108036777113445  LUMO = 0.19564069433351
cycle= 11 E= -796.352972538465  delta_E= -7.94e-10  |g|= 1.54e-05  |ddm|= 9.51e-05
  HOMO = -0.108036434124234  LUMO = 0.195640766629768
cycle= 12 E= -796.352972538558  delta_E= -9.32e-11  |g|= 6.09e-06  |ddm|= 3.38e-05
  HOMO = -0.108037237778496  LUMO = 0.195640740750713
cycle= 13 E= -796.352972538568  delta_E= -1.02e-11  |g|= 1.69e-06  |ddm|= 1.22e-05
  HOMO = -0.108037035264269  LUMO = 0.195640759985448
cycle= 14 E= -796.35297253857  delta_E= -1.36e-12  |g|= 6.51e-07  |ddm|= 2.11e-06
  HOMO = -0.108037058818257  LUMO = 0.195640774465881
cycle= 15 E= -796.35297253857  delta_E=    0  |g|= 1.19e-07  |ddm|= 1.22e-06
  HOMO = -0.108037067326105  LUMO = 0.195640771444494
cycle= 16 E= -796.352972538567  delta_E= 2.73e-12  |g|= 6.73e-08  |ddm|= 2.32e-07
  HOMO = -0.108037060371466  LUMO = 0.195640772379236
cycle= 17 E= -796.35297253857  delta_E= -2.96e-12  |g|= 2.33e-08  |ddm|= 1.04e-07
  HOMO = -0.108037060911891  LUMO = 0.195640772397875
cycle= 18 E= -796.352972538573  delta_E= -2.96e-12  |g|= 1.33e-08  |ddm|= 2.98e-08
  HOMO = -0.10803706146309  LUMO = 0.195640772372437
cycle= 19 E= -796.352972538572  delta_E= 1.14e-12  |g|= 8.99e-09  |ddm|= 1.42e-08
  HOMO = -0.108037062895242  LUMO = 0.195640772340992
Extra cycle  E= -796.35297253857  delta_E= 1.82e-12  |g|= 8.99e-09  |ddm|= 2.35e-08
converged SCF energy = -796.35297253857
================================================================================
TIMING STATISTICS:
                 grids      0.38s   ( 0.22%)
                    ks    174.65s   (100.00%)
                 TOTAL    174.65s
================================================================================

********************************************************************************
*                              END OF CALCULATION                              *
********************************************************************************
