********************************************************************************
*                         FREEZE-AND-THAW CALCULATION                          *
********************************************************************************

================================== Input File ==================================
subsystem
C          0.55577        1.19994       -0.31087
H          0.74082        2.11229       -0.90103
C         -0.52444        1.16033        0.47325
H         -0.37982        1.01572        1.55635
C          5.41408       -0.09773        0.23548
H          5.38631        0.23975        1.28921
H          5.70823        0.79508       -0.34896
C          4.01969       -0.52882       -0.18447
H          3.71928       -1.42192        0.39959
H          4.04079       -0.86591       -1.24045
C          2.97127        0.55592       -0.02204
H          3.26754        1.44706       -0.61048
H          2.94523        0.89659        1.03129
C          1.57348        0.11578       -0.43955
H          1.26313       -0.76037        0.16073
H          1.61586       -0.23587       -1.49011
C         -1.93843        1.26218        0.00641
H         -1.95877        1.44689       -1.08436
H         -2.42457        2.14290        0.47237
C         -2.76621        0.02549        0.33390
H         -2.72367       -0.16758        1.42434
H         -2.29831       -0.86016       -0.13826
C         -4.21478        0.13499       -0.10417
H         -4.67751        1.02326        0.37125
H         -4.25602        0.33424       -1.19394
C         -5.04360       -1.09708        0.21454
H         -4.57574       -1.98051       -0.26052
H         -4.99742       -1.29265        1.30303
end

subsystem
C          6.45034       -1.19152        0.06824
H          6.51700       -1.52061       -0.98281
H          6.19279       -2.08021        0.66933
H          7.45554       -0.86414        0.37640
C         -6.48786       -0.97339       -0.22929
H         -7.07567       -1.87364        0.00861
H         -6.98301       -0.11625        0.25814
H         -6.55789       -0.81044       -1.31831
end

embed
 huzinaga
 cycles 300
 conv 1e-8
 method m06
end

basis cc-pVDZ
method cas[2,2]/nevpt2
grid 4
conv 1e-8
grad 1e-8
maxiter 100
================================== End Input ===================================
tot grids = 725328

                      Getting subsystem overlap integrals                       

                          Initial subsystem densities                           
Guessing initial subsystem densities
Initial guess from superpostion of atomic densties.
Guessing initial subsystem densities
Initial guess from superpostion of atomic densties.

=========================== Starting Freeze-and-Thaw ===========================
 iter:   1:1        |ddm|: 5.657086e+00     Tr[DP]  6.805211e-01
 iter:   1:2        |ddm|: 2.746923e+00     Tr[DP]  4.089237e-01
 iter:   2:1        |ddm|: 2.956616e+01     Tr[DP]  7.381354e-01
 iter:   2:2        |ddm|: 2.568237e+00     Tr[DP]  7.858290e-01
 iter:   3:1        |ddm|: 3.005144e+01     Tr[DP]  4.909036e-01
 iter:   3:2        |ddm|: 2.747178e+00     Tr[DP]  5.014121e-01
 iter:   4:1        |ddm|: 3.061022e+00     Tr[DP]  5.556893e-01
 iter:   4:2        |ddm|: 8.843856e-01     Tr[DP]  5.121738e-01
 iter:   5:1        |ddm|: 2.818697e+00     Tr[DP]  5.864144e-01
 iter:   5:2        |ddm|: 4.310083e-01     Tr[DP]  5.303664e-01
 iter:   6:1        |ddm|: 1.202134e+00     Tr[DP]  5.876520e-01
 iter:   6:2        |ddm|: 2.452633e-01     Tr[DP]  5.407898e-01
 iter:   7:1        |ddm|: 7.050559e-01     Tr[DP]  5.809789e-01
 iter:   7:2        |ddm|: 1.362462e-01     Tr[DP]  5.469164e-01
 iter:   8:1        |ddm|: 4.543739e-01     Tr[DP]  5.690883e-01
 iter:   8:2        |ddm|: 9.512612e-02     Tr[DP]  5.499040e-01
 iter:   9:1        |ddm|: 3.170949e-01     Tr[DP]  5.605372e-01
 iter:   9:2        |ddm|: 9.100466e-02     Tr[DP]  5.507497e-01
 iter:  10:1        |ddm|: 1.479611e-01     Tr[DP]  5.594437e-01
 iter:  10:2        |ddm|: 3.594804e-02     Tr[DP]  5.508303e-01
 iter:  11:1        |ddm|: 8.874233e-02     Tr[DP]  5.562574e-01
 iter:  11:2        |ddm|: 2.140058e-02     Tr[DP]  5.512752e-01
 iter:  12:1        |ddm|: 5.191245e-02     Tr[DP]  5.541864e-01
 iter:  12:2        |ddm|: 1.627387e-02     Tr[DP]  5.515154e-01
 iter:  13:1        |ddm|: 3.188094e-02     Tr[DP]  5.533758e-01
 iter:  13:2        |ddm|: 1.487769e-02     Tr[DP]  5.514246e-01
 iter:  14:1        |ddm|: 2.464839e-02     Tr[DP]  5.525057e-01
 iter:  14:2        |ddm|: 1.402550e-02     Tr[DP]  5.514832e-01
 iter:  15:1        |ddm|: 1.955098e-02     Tr[DP]  5.521683e-01
 iter:  15:2        |ddm|: 1.383819e-02     Tr[DP]  5.515897e-01
 iter:  16:1        |ddm|: 1.927089e-02     Tr[DP]  5.518721e-01
 iter:  16:2        |ddm|: 1.423811e-02     Tr[DP]  5.516846e-01
 iter:  17:1        |ddm|: 1.924539e-02     Tr[DP]  5.517705e-01
 iter:  17:2        |ddm|: 1.450203e-02     Tr[DP]  5.516618e-01
 iter:  18:1        |ddm|: 2.168427e-02     Tr[DP]  5.514188e-01
 iter:  18:2        |ddm|: 1.453763e-02     Tr[DP]  5.513862e-01
 iter:  19:1        |ddm|: 1.887559e-02     Tr[DP]  5.512945e-01
 iter:  19:2        |ddm|: 1.389142e-02     Tr[DP]  5.512811e-01
 iter:  20:1        |ddm|: 1.899398e-02     Tr[DP]  5.511642e-01
 iter:  20:2        |ddm|: 1.386818e-02     Tr[DP]  5.511589e-01
 iter:  21:1        |ddm|: 1.897859e-02     Tr[DP]  5.510195e-01
 iter:  21:2        |ddm|: 1.380569e-02     Tr[DP]  5.510637e-01
 iter:  22:1        |ddm|: 1.851417e-02     Tr[DP]  5.509810e-01
 iter:  22:2        |ddm|: 1.398192e-02     Tr[DP]  5.510428e-01
 iter:  23:1        |ddm|: 1.893094e-02     Tr[DP]  5.509212e-01
 iter:  23:2        |ddm|: 1.417557e-02     Tr[DP]  5.509829e-01
 iter:  24:1        |ddm|: 1.889435e-02     Tr[DP]  5.508409e-01
 iter:  24:2        |ddm|: 1.430946e-02     Tr[DP]  5.509376e-01
 iter:  25:1        |ddm|: 2.556452e-02     Tr[DP]  5.502995e-01
 iter:  25:2        |ddm|: 1.754891e-02     Tr[DP]  5.503797e-01
 iter:  26:1        |ddm|: 1.991494e-02     Tr[DP]  5.502192e-01
 iter:  26:2        |ddm|: 1.325392e-02     Tr[DP]  5.501692e-01
 iter:  27:1        |ddm|: 2.872236e-02     Tr[DP]  5.497510e-01
 iter:  27:2        |ddm|: 1.875223e-02     Tr[DP]  5.496024e-01
 iter:  28:1        |ddm|: 2.184458e-02     Tr[DP]  5.493208e-01
 iter:  28:2        |ddm|: 1.435007e-02     Tr[DP]  5.492825e-01
 iter:  29:1        |ddm|: 1.482658e-02     Tr[DP]  5.492148e-01
 iter:  29:2        |ddm|: 9.788049e-03     Tr[DP]  5.491913e-01
 iter:  30:1        |ddm|: 1.262889e-02     Tr[DP]  5.491999e-01
 iter:  30:2        |ddm|: 9.164080e-03     Tr[DP]  5.491971e-01
 iter:  31:1        |ddm|: 1.270988e-02     Tr[DP]  5.492041e-01
 iter:  31:2        |ddm|: 9.609396e-03     Tr[DP]  5.492136e-01
 iter:  32:1        |ddm|: 1.463199e-02     Tr[DP]  5.490995e-01
 iter:  32:2        |ddm|: 9.898699e-03     Tr[DP]  5.491053e-01
 iter:  33:1        |ddm|: 1.336582e-02     Tr[DP]  5.492163e-01
 iter:  33:2        |ddm|: 1.087379e-02     Tr[DP]  5.492139e-01
 iter:  34:1        |ddm|: 1.685602e-02     Tr[DP]  5.490778e-01
 iter:  34:2        |ddm|: 1.087289e-02     Tr[DP]  5.490394e-01
 iter:  35:1        |ddm|: 1.548762e-02     Tr[DP]  5.488906e-01
 iter:  35:2        |ddm|: 1.022653e-02     Tr[DP]  5.488813e-01
 iter:  36:1        |ddm|: 1.258905e-02     Tr[DP]  5.488010e-01
 iter:  36:2        |ddm|: 8.819629e-03     Tr[DP]  5.488054e-01
 iter:  37:1        |ddm|: 1.227515e-02     Tr[DP]  5.487335e-01
 iter:  37:2        |ddm|: 8.574038e-03     Tr[DP]  5.487331e-01
 iter:  38:1        |ddm|: 1.217299e-02     Tr[DP]  5.486547e-01
 iter:  38:2        |ddm|: 8.426516e-03     Tr[DP]  5.486545e-01
 iter:  39:1        |ddm|: 1.550049e-02     Tr[DP]  5.484879e-01
 iter:  39:2        |ddm|: 9.952534e-03     Tr[DP]  5.484833e-01
 iter:  40:1        |ddm|: 9.980728e-03     Tr[DP]  5.485365e-01
 iter:  40:2        |ddm|: 7.689550e-03     Tr[DP]  5.485409e-01
 iter:  41:1        |ddm|: 1.086799e-02     Tr[DP]  5.485083e-01
 iter:  41:2        |ddm|: 7.703067e-03     Tr[DP]  5.485079e-01
 iter:  42:1        |ddm|: 1.009096e-02     Tr[DP]  5.485181e-01
 iter:  42:2        |ddm|: 7.947723e-03     Tr[DP]  5.485191e-01
 iter:  43:1        |ddm|: 1.122374e-02     Tr[DP]  5.484760e-01
 iter:  43:2        |ddm|: 7.929671e-03     Tr[DP]  5.484709e-01
 iter:  44:1        |ddm|: 1.146351e-02     Tr[DP]  5.484088e-01
 iter:  44:2        |ddm|: 7.867259e-03     Tr[DP]  5.484021e-01
 iter:  45:1        |ddm|: 1.273505e-02     Tr[DP]  5.483016e-01
 iter:  45:2        |ddm|: 8.282507e-03     Tr[DP]  5.482972e-01
 iter:  46:1        |ddm|: 1.324323e-02     Tr[DP]  5.481813e-01
 iter:  46:2        |ddm|: 8.503415e-03     Tr[DP]  5.481749e-01
 iter:  47:1        |ddm|: 1.413275e-02     Tr[DP]  5.480409e-01
 iter:  47:2        |ddm|: 9.034049e-03     Tr[DP]  5.480335e-01
 iter:  48:1        |ddm|: 1.017147e-02     Tr[DP]  5.481285e-01
 iter:  48:2        |ddm|: 7.142386e-03     Tr[DP]  5.481363e-01
 iter:  49:1        |ddm|: 8.728209e-03     Tr[DP]  5.481780e-01
 iter:  49:2        |ddm|: 7.059787e-03     Tr[DP]  5.481809e-01
 iter:  50:1        |ddm|: 9.176684e-03     Tr[DP]  5.481666e-01
 iter:  50:2        |ddm|: 6.603254e-03     Tr[DP]  5.481631e-01
 iter:  51:1        |ddm|: 1.052335e-02     Tr[DP]  5.481018e-01
 iter:  51:2        |ddm|: 6.839078e-03     Tr[DP]  5.480952e-01
 iter:  52:1        |ddm|: 9.259524e-03     Tr[DP]  5.480462e-01
 iter:  52:2        |ddm|: 6.227858e-03     Tr[DP]  5.480412e-01
 iter:  53:1        |ddm|: 1.018165e-02     Tr[DP]  5.479750e-01
 iter:  53:2        |ddm|: 6.563825e-03     Tr[DP]  5.479691e-01
 iter:  54:1        |ddm|: 7.260623e-03     Tr[DP]  5.479454e-01
 iter:  54:2        |ddm|: 4.967295e-03     Tr[DP]  5.479438e-01
 iter:  55:1        |ddm|: 6.332101e-03     Tr[DP]  5.479442e-01
 iter:  55:2        |ddm|: 4.748930e-03     Tr[DP]  5.479439e-01
 iter:  56:1        |ddm|: 6.529582e-03     Tr[DP]  5.479566e-01
 iter:  56:2        |ddm|: 5.197982e-03     Tr[DP]  5.479564e-01
 iter:  57:1        |ddm|: 8.366222e-03     Tr[DP]  5.480053e-01
 iter:  57:2        |ddm|: 6.979995e-03     Tr[DP]  5.480046e-01
 iter:  58:1        |ddm|: 9.811755e-03     Tr[DP]  5.479648e-01
 iter:  58:2        |ddm|: 6.117488e-03     Tr[DP]  5.479570e-01
 iter:  59:1        |ddm|: 7.791887e-03     Tr[DP]  5.479329e-01
 iter:  59:2        |ddm|: 5.439662e-03     Tr[DP]  5.479266e-01
 iter:  60:1        |ddm|: 8.666858e-03     Tr[DP]  5.478876e-01
 iter:  60:2        |ddm|: 5.673169e-03     Tr[DP]  5.478807e-01
 iter:  61:1        |ddm|: 9.504859e-03     Tr[DP]  5.478293e-01
 iter:  61:2        |ddm|: 6.086325e-03     Tr[DP]  5.478248e-01
 iter:  62:1        |ddm|: 6.629779e-03     Tr[DP]  5.478018e-01
 iter:  62:2        |ddm|: 4.378247e-03     Tr[DP]  5.477987e-01
 iter:  63:1        |ddm|: 5.614929e-03     Tr[DP]  5.477881e-01
 iter:  63:2        |ddm|: 3.847440e-03     Tr[DP]  5.477857e-01
 iter:  64:1        |ddm|: 4.970340e-03     Tr[DP]  5.477913e-01
 iter:  64:2        |ddm|: 3.828940e-03     Tr[DP]  5.477901e-01
 iter:  65:1        |ddm|: 5.313228e-03     Tr[DP]  5.477897e-01
 iter:  65:2        |ddm|: 3.963762e-03     Tr[DP]  5.477873e-01
 iter:  66:1        |ddm|: 5.487144e-03     Tr[DP]  5.478022e-01
 iter:  66:2        |ddm|: 4.510440e-03     Tr[DP]  5.477994e-01
 iter:  67:1        |ddm|: 6.806534e-03     Tr[DP]  5.477814e-01
 iter:  67:2        |ddm|: 4.431295e-03     Tr[DP]  5.477764e-01
 iter:  68:1        |ddm|: 5.931588e-03     Tr[DP]  5.477627e-01
 iter:  68:2        |ddm|: 4.081046e-03     Tr[DP]  5.477584e-01
 iter:  69:1        |ddm|: 5.682774e-03     Tr[DP]  5.477456e-01
 iter:  69:2        |ddm|: 3.879510e-03     Tr[DP]  5.477416e-01
 iter:  70:1        |ddm|: 7.392291e-03     Tr[DP]  5.477133e-01
 iter:  70:2        |ddm|: 4.695878e-03     Tr[DP]  5.477086e-01
 iter:  71:1        |ddm|: 4.379032e-03     Tr[DP]  5.477057e-01
 iter:  71:2        |ddm|: 3.044248e-03     Tr[DP]  5.477039e-01
 iter:  72:1        |ddm|: 4.690088e-03     Tr[DP]  5.476956e-01
 iter:  72:2        |ddm|: 3.166750e-03     Tr[DP]  5.476930e-01
 iter:  73:1        |ddm|: 4.111955e-03     Tr[DP]  5.476901e-01
 iter:  73:2        |ddm|: 2.949489e-03     Tr[DP]  5.476878e-01
 iter:  74:1        |ddm|: 4.754627e-03     Tr[DP]  5.477049e-01
 iter:  74:2        |ddm|: 3.976337e-03     Tr[DP]  5.477042e-01
 iter:  75:1        |ddm|: 4.992210e-03     Tr[DP]  5.477005e-01
 iter:  75:2        |ddm|: 3.433205e-03     Tr[DP]  5.476974e-01
 iter:  76:1        |ddm|: 5.092792e-03     Tr[DP]  5.476884e-01
 iter:  76:2        |ddm|: 3.417501e-03     Tr[DP]  5.476845e-01
 iter:  77:1        |ddm|: 4.653570e-03     Tr[DP]  5.476772e-01
 iter:  77:2        |ddm|: 3.187136e-03     Tr[DP]  5.476736e-01
 iter:  78:1        |ddm|: 4.778210e-03     Tr[DP]  5.476645e-01
 iter:  78:2        |ddm|: 3.172311e-03     Tr[DP]  5.476611e-01
 iter:  79:1        |ddm|: 3.915343e-03     Tr[DP]  5.476575e-01
 iter:  79:2        |ddm|: 2.730969e-03     Tr[DP]  5.476547e-01
 iter:  80:1        |ddm|: 4.996782e-03     Tr[DP]  5.476436e-01
 iter:  80:2        |ddm|: 3.204464e-03     Tr[DP]  5.476404e-01
 iter:  81:1        |ddm|: 4.119536e-03     Tr[DP]  5.476330e-01
 iter:  81:2        |ddm|: 2.708526e-03     Tr[DP]  5.476304e-01
 iter:  82:1        |ddm|: 2.921550e-03     Tr[DP]  5.476346e-01
 iter:  82:2        |ddm|: 2.206625e-03     Tr[DP]  5.476331e-01
 iter:  83:1        |ddm|: 4.232960e-03     Tr[DP]  5.476259e-01
 iter:  83:2        |ddm|: 2.665622e-03     Tr[DP]  5.476236e-01
 iter:  84:1        |ddm|: 3.487246e-03     Tr[DP]  5.476173e-01
 iter:  84:2        |ddm|: 2.312610e-03     Tr[DP]  5.476148e-01
 iter:  85:1        |ddm|: 2.660455e-03     Tr[DP]  5.476207e-01
 iter:  85:2        |ddm|: 2.097931e-03     Tr[DP]  5.476189e-01
 iter:  86:1        |ddm|: 3.198728e-03     Tr[DP]  5.476168e-01
 iter:  86:2        |ddm|: 2.114356e-03     Tr[DP]  5.476147e-01
 iter:  87:1        |ddm|: 3.053320e-03     Tr[DP]  5.476125e-01
 iter:  87:2        |ddm|: 2.062152e-03     Tr[DP]  5.476106e-01
 iter:  88:1        |ddm|: 3.412339e-03     Tr[DP]  5.476202e-01
 iter:  88:2        |ddm|: 2.841237e-03     Tr[DP]  5.476196e-01
 iter:  89:1        |ddm|: 4.290410e-03     Tr[DP]  5.476123e-01
 iter:  89:2        |ddm|: 2.542025e-03     Tr[DP]  5.476094e-01
 iter:  90:1        |ddm|: 2.668587e-03     Tr[DP]  5.476136e-01
 iter:  90:2        |ddm|: 2.184336e-03     Tr[DP]  5.476114e-01
 iter:  91:1        |ddm|: 2.854554e-03     Tr[DP]  5.476142e-01
 iter:  91:2        |ddm|: 2.205700e-03     Tr[DP]  5.476123e-01
 iter:  92:1        |ddm|: 5.337721e-03     Tr[DP]  5.476022e-01
 iter:  92:2        |ddm|: 3.116013e-03     Tr[DP]  5.476000e-01
 iter:  93:1        |ddm|: 2.420098e-03     Tr[DP]  5.476005e-01
 iter:  93:2        |ddm|: 1.688587e-03     Tr[DP]  5.475989e-01
 iter:  94:1        |ddm|: 2.443039e-03     Tr[DP]  5.475985e-01
 iter:  94:2        |ddm|: 1.709970e-03     Tr[DP]  5.475967e-01
 iter:  95:1        |ddm|: 2.531105e-03     Tr[DP]  5.475959e-01
 iter:  95:2        |ddm|: 1.722958e-03     Tr[DP]  5.475942e-01
 iter:  96:1        |ddm|: 2.226909e-03     Tr[DP]  5.475943e-01
 iter:  96:2        |ddm|: 1.608670e-03     Tr[DP]  5.475927e-01
 iter:  97:1        |ddm|: 2.439754e-03     Tr[DP]  5.475913e-01
 iter:  97:2        |ddm|: 1.644154e-03     Tr[DP]  5.475896e-01
 iter:  98:1        |ddm|: 2.371696e-03     Tr[DP]  5.475889e-01
 iter:  98:2        |ddm|: 1.525852e-03     Tr[DP]  5.475883e-01
 iter:  99:1        |ddm|: 3.421181e-03     Tr[DP]  5.475827e-01
 iter:  99:2        |ddm|: 2.332644e-03     Tr[DP]  5.475800e-01
 iter: 100:1        |ddm|: 1.823028e-03     Tr[DP]  5.475845e-01
 iter: 100:2        |ddm|: 1.290592e-03     Tr[DP]  5.475835e-01
 iter: 101:1        |ddm|: 1.833016e-03     Tr[DP]  5.475844e-01
 iter: 101:2        |ddm|: 1.325014e-03     Tr[DP]  5.475830e-01
 iter: 102:1        |ddm|: 1.890635e-03     Tr[DP]  5.475832e-01
 iter: 102:2        |ddm|: 1.329524e-03     Tr[DP]  5.475818e-01
 iter: 103:1        |ddm|: 1.727475e-03     Tr[DP]  5.475827e-01
 iter: 103:2        |ddm|: 1.293918e-03     Tr[DP]  5.475813e-01
 iter: 104:1        |ddm|: 2.071961e-03     Tr[DP]  5.475809e-01
 iter: 104:2        |ddm|: 1.349467e-03     Tr[DP]  5.475795e-01
 iter: 105:1        |ddm|: 1.625152e-03     Tr[DP]  5.475803e-01
 iter: 105:2        |ddm|: 1.209013e-03     Tr[DP]  5.475790e-01
 iter: 106:1        |ddm|: 1.614277e-03     Tr[DP]  5.475802e-01
 iter: 106:2        |ddm|: 1.242685e-03     Tr[DP]  5.475788e-01
 iter: 107:1        |ddm|: 1.842224e-03     Tr[DP]  5.475790e-01
 iter: 107:2        |ddm|: 1.262665e-03     Tr[DP]  5.475776e-01
 iter: 108:1        |ddm|: 1.632351e-03     Tr[DP]  5.475783e-01
 iter: 108:2        |ddm|: 1.195783e-03     Tr[DP]  5.475770e-01
 iter: 109:1        |ddm|: 1.605833e-03     Tr[DP]  5.475777e-01
 iter: 109:2        |ddm|: 1.188243e-03     Tr[DP]  5.475764e-01
 iter: 110:1        |ddm|: 1.638222e-03     Tr[DP]  5.475771e-01
 iter: 110:2        |ddm|: 1.186490e-03     Tr[DP]  5.475757e-01
 iter: 111:1        |ddm|: 1.574593e-03     Tr[DP]  5.475767e-01
 iter: 111:2        |ddm|: 1.179877e-03     Tr[DP]  5.475753e-01
 iter: 112:1        |ddm|: 1.687052e-03     Tr[DP]  5.475772e-01
 iter: 112:2        |ddm|: 1.398628e-03     Tr[DP]  5.475757e-01
 iter: 113:1        |ddm|: 1.791530e-03     Tr[DP]  5.475771e-01
 iter: 113:2        |ddm|: 1.395301e-03     Tr[DP]  5.475755e-01
 iter: 114:1        |ddm|: 1.950624e-03     Tr[DP]  5.475760e-01
 iter: 114:2        |ddm|: 1.353320e-03     Tr[DP]  5.475745e-01
 iter: 115:1        |ddm|: 2.518267e-03     Tr[DP]  5.475738e-01
 iter: 115:2        |ddm|: 1.583949e-03     Tr[DP]  5.475725e-01
 iter: 116:1        |ddm|: 2.316412e-03     Tr[DP]  5.475719e-01
 iter: 116:2        |ddm|: 1.486394e-03     Tr[DP]  5.475709e-01
 iter: 117:1        |ddm|: 1.570052e-03     Tr[DP]  5.475712e-01
 iter: 117:2        |ddm|: 1.023335e-03     Tr[DP]  5.475703e-01
 iter: 118:1        |ddm|: 3.346643e-03     Tr[DP]  5.475688e-01
 iter: 118:2        |ddm|: 2.120756e-03     Tr[DP]  5.475683e-01
 iter: 119:1        |ddm|: 1.278935e-03     Tr[DP]  5.475691e-01
 iter: 119:2        |ddm|: 6.237801e-04     Tr[DP]  5.475684e-01
 iter: 120:1        |ddm|: 9.400356e-04     Tr[DP]  5.475691e-01
 iter: 120:2        |ddm|: 6.635994e-04     Tr[DP]  5.475683e-01
 iter: 121:1        |ddm|: 9.435933e-04     Tr[DP]  5.475690e-01
 iter: 121:2        |ddm|: 6.944845e-04     Tr[DP]  5.475682e-01
 iter: 122:1        |ddm|: 9.385190e-04     Tr[DP]  5.475689e-01
 iter: 122:2        |ddm|: 7.170149e-04     Tr[DP]  5.475681e-01
 iter: 123:1        |ddm|: 1.022368e-03     Tr[DP]  5.475687e-01
 iter: 123:2        |ddm|: 7.219614e-04     Tr[DP]  5.475678e-01
 iter: 124:1        |ddm|: 1.002094e-03     Tr[DP]  5.475684e-01
 iter: 124:2        |ddm|: 7.052585e-04     Tr[DP]  5.475676e-01
 iter: 125:1        |ddm|: 1.145965e-03     Tr[DP]  5.475680e-01
 iter: 125:2        |ddm|: 7.443781e-04     Tr[DP]  5.475673e-01
 iter: 126:1        |ddm|: 1.102795e-03     Tr[DP]  5.475677e-01
 iter: 126:2        |ddm|: 7.168530e-04     Tr[DP]  5.475670e-01
 iter: 127:1        |ddm|: 1.058196e-03     Tr[DP]  5.475674e-01
 iter: 127:2        |ddm|: 6.833611e-04     Tr[DP]  5.475668e-01
 iter: 128:1        |ddm|: 7.833810e-04     Tr[DP]  5.475672e-01
 iter: 128:2        |ddm|: 5.246001e-04     Tr[DP]  5.475667e-01
 iter: 129:1        |ddm|: 6.989911e-04     Tr[DP]  5.475674e-01
 iter: 129:2        |ddm|: 5.609286e-04     Tr[DP]  5.475667e-01
 iter: 130:1        |ddm|: 9.133070e-04     Tr[DP]  5.475675e-01
 iter: 130:2        |ddm|: 7.597614e-04     Tr[DP]  5.475667e-01
 iter: 131:1        |ddm|: 1.111126e-03     Tr[DP]  5.475672e-01
 iter: 131:2        |ddm|: 6.717357e-04     Tr[DP]  5.475665e-01
 iter: 132:1        |ddm|: 9.750533e-04     Tr[DP]  5.475669e-01
 iter: 132:2        |ddm|: 6.375679e-04     Tr[DP]  5.475664e-01
 iter: 133:1        |ddm|: 6.727323e-04     Tr[DP]  5.475669e-01
 iter: 133:2        |ddm|: 4.959989e-04     Tr[DP]  5.475663e-01
 iter: 134:1        |ddm|: 6.919769e-04     Tr[DP]  5.475668e-01
 iter: 134:2        |ddm|: 5.033925e-04     Tr[DP]  5.475662e-01
 iter: 135:1        |ddm|: 8.395279e-04     Tr[DP]  5.475667e-01
 iter: 135:2        |ddm|: 5.442890e-04     Tr[DP]  5.475662e-01
 iter: 136:1        |ddm|: 6.444747e-04     Tr[DP]  5.475667e-01
 iter: 136:2        |ddm|: 5.226798e-04     Tr[DP]  5.475661e-01
 iter: 137:1        |ddm|: 6.967370e-04     Tr[DP]  5.475666e-01
 iter: 137:2        |ddm|: 5.173781e-04     Tr[DP]  5.475660e-01
 iter: 138:1        |ddm|: 8.222095e-04     Tr[DP]  5.475665e-01
 iter: 138:2        |ddm|: 5.380565e-04     Tr[DP]  5.475659e-01
 iter: 139:1        |ddm|: 7.762133e-04     Tr[DP]  5.475664e-01
 iter: 139:2        |ddm|: 5.150775e-04     Tr[DP]  5.475659e-01
 iter: 140:1        |ddm|: 5.920904e-04     Tr[DP]  5.475664e-01
 iter: 140:2        |ddm|: 4.311819e-04     Tr[DP]  5.475658e-01
 iter: 141:1        |ddm|: 7.677868e-04     Tr[DP]  5.475663e-01
 iter: 141:2        |ddm|: 4.917972e-04     Tr[DP]  5.475659e-01
 iter: 142:1        |ddm|: 7.195555e-04     Tr[DP]  5.475663e-01
 iter: 142:2        |ddm|: 4.667940e-04     Tr[DP]  5.475659e-01
 iter: 143:1        |ddm|: 6.442262e-04     Tr[DP]  5.475663e-01
 iter: 143:2        |ddm|: 4.180163e-04     Tr[DP]  5.475659e-01
 iter: 144:1        |ddm|: 4.427642e-04     Tr[DP]  5.475663e-01
 iter: 144:2        |ddm|: 3.276890e-04     Tr[DP]  5.475659e-01
 iter: 145:1        |ddm|: 4.582252e-04     Tr[DP]  5.475663e-01
 iter: 145:2        |ddm|: 3.489087e-04     Tr[DP]  5.475658e-01
 iter: 146:1        |ddm|: 5.248984e-04     Tr[DP]  5.475663e-01
 iter: 146:2        |ddm|: 3.574860e-04     Tr[DP]  5.475658e-01
 iter: 147:1        |ddm|: 5.561692e-04     Tr[DP]  5.475662e-01
 iter: 147:2        |ddm|: 3.652777e-04     Tr[DP]  5.475659e-01
 iter: 148:1        |ddm|: 4.903419e-04     Tr[DP]  5.475663e-01
 iter: 148:2        |ddm|: 3.292880e-04     Tr[DP]  5.475659e-01
 iter: 149:1        |ddm|: 5.637463e-04     Tr[DP]  5.475663e-01
 iter: 149:2        |ddm|: 3.594505e-04     Tr[DP]  5.475660e-01
 iter: 150:1        |ddm|: 3.965372e-04     Tr[DP]  5.475663e-01
 iter: 150:2        |ddm|: 3.079081e-04     Tr[DP]  5.475659e-01
 iter: 151:1        |ddm|: 4.357623e-04     Tr[DP]  5.475663e-01
 iter: 151:2        |ddm|: 2.949426e-04     Tr[DP]  5.475659e-01
 iter: 152:1        |ddm|: 4.998268e-04     Tr[DP]  5.475662e-01
 iter: 152:2        |ddm|: 4.145117e-04     Tr[DP]  5.475657e-01
 iter: 153:1        |ddm|: 5.910626e-04     Tr[DP]  5.475662e-01
 iter: 153:2        |ddm|: 3.560231e-04     Tr[DP]  5.475658e-01
 iter: 154:1        |ddm|: 6.037047e-04     Tr[DP]  5.475662e-01
 iter: 154:2        |ddm|: 3.827267e-04     Tr[DP]  5.475660e-01
 iter: 155:1        |ddm|: 3.689146e-04     Tr[DP]  5.475663e-01
 iter: 155:2        |ddm|: 2.564417e-04     Tr[DP]  5.475660e-01
 iter: 156:1        |ddm|: 4.192544e-04     Tr[DP]  5.475663e-01
 iter: 156:2        |ddm|: 2.732932e-04     Tr[DP]  5.475660e-01
 iter: 157:1        |ddm|: 3.114716e-04     Tr[DP]  5.475663e-01
 iter: 157:2        |ddm|: 2.432204e-04     Tr[DP]  5.475660e-01
 iter: 158:1        |ddm|: 4.166235e-04     Tr[DP]  5.475663e-01
 iter: 158:2        |ddm|: 2.658905e-04     Tr[DP]  5.475661e-01
 iter: 159:1        |ddm|: 4.550442e-04     Tr[DP]  5.475662e-01
 iter: 159:2        |ddm|: 3.647366e-04     Tr[DP]  5.475658e-01
 iter: 160:1        |ddm|: 4.989791e-04     Tr[DP]  5.475662e-01
 iter: 160:2        |ddm|: 2.969689e-04     Tr[DP]  5.475659e-01
 iter: 161:1        |ddm|: 6.307317e-04     Tr[DP]  5.475664e-01
 iter: 161:2        |ddm|: 3.945710e-04     Tr[DP]  5.475662e-01
 iter: 162:1        |ddm|: 3.579038e-04     Tr[DP]  5.475665e-01
 iter: 162:2        |ddm|: 2.308848e-04     Tr[DP]  5.475663e-01
 iter: 163:1        |ddm|: 3.202171e-04     Tr[DP]  5.475664e-01
 iter: 163:2        |ddm|: 2.447850e-04     Tr[DP]  5.475661e-01
 iter: 164:1        |ddm|: 3.912740e-04     Tr[DP]  5.475664e-01
 iter: 164:2        |ddm|: 2.363861e-04     Tr[DP]  5.475662e-01
 iter: 165:1        |ddm|: 3.524591e-04     Tr[DP]  5.475665e-01
 iter: 165:2        |ddm|: 2.279243e-04     Tr[DP]  5.475663e-01
 iter: 166:1        |ddm|: 3.143984e-04     Tr[DP]  5.475664e-01
 iter: 166:2        |ddm|: 2.461524e-04     Tr[DP]  5.475662e-01
 iter: 167:1        |ddm|: 3.302574e-04     Tr[DP]  5.475664e-01
 iter: 167:2        |ddm|: 2.088006e-04     Tr[DP]  5.475662e-01
 iter: 168:1        |ddm|: 3.387371e-04     Tr[DP]  5.475665e-01
 iter: 168:2        |ddm|: 2.178322e-04     Tr[DP]  5.475663e-01
 iter: 169:1        |ddm|: 4.517060e-04     Tr[DP]  5.475667e-01
 iter: 169:2        |ddm|: 2.857114e-04     Tr[DP]  5.475665e-01
 iter: 170:1        |ddm|: 2.474558e-04     Tr[DP]  5.475667e-01
 iter: 170:2        |ddm|: 1.681766e-04     Tr[DP]  5.475665e-01
 iter: 171:1        |ddm|: 5.933019e-04     Tr[DP]  5.475668e-01
 iter: 171:2        |ddm|: 3.624493e-04     Tr[DP]  5.475667e-01
 iter: 172:1        |ddm|: 4.068070e-04     Tr[DP]  5.475667e-01
 iter: 172:2        |ddm|: 2.581459e-04     Tr[DP]  5.475665e-01
 iter: 173:1        |ddm|: 3.888977e-04     Tr[DP]  5.475665e-01
 iter: 173:2        |ddm|: 3.131292e-04     Tr[DP]  5.475662e-01
 iter: 174:1        |ddm|: 4.312720e-04     Tr[DP]  5.475666e-01
 iter: 174:2        |ddm|: 2.347561e-04     Tr[DP]  5.475664e-01
 iter: 175:1        |ddm|: 2.527783e-04     Tr[DP]  5.475666e-01
 iter: 175:2        |ddm|: 1.715341e-04     Tr[DP]  5.475665e-01
 iter: 176:1        |ddm|: 1.922653e-04     Tr[DP]  5.475667e-01
 iter: 176:2        |ddm|: 1.416111e-04     Tr[DP]  5.475665e-01
 iter: 177:1        |ddm|: 1.901963e-04     Tr[DP]  5.475666e-01
 iter: 177:2        |ddm|: 1.452246e-04     Tr[DP]  5.475665e-01
 iter: 178:1        |ddm|: 2.036239e-04     Tr[DP]  5.475666e-01
 iter: 178:2        |ddm|: 1.678351e-04     Tr[DP]  5.475664e-01
 iter: 179:1        |ddm|: 2.187742e-04     Tr[DP]  5.475666e-01
 iter: 179:2        |ddm|: 1.640218e-04     Tr[DP]  5.475664e-01
 iter: 180:1        |ddm|: 2.174411e-04     Tr[DP]  5.475666e-01
 iter: 180:2        |ddm|: 1.630045e-04     Tr[DP]  5.475664e-01
 iter: 181:1        |ddm|: 3.205696e-04     Tr[DP]  5.475666e-01
 iter: 181:2        |ddm|: 2.019715e-04     Tr[DP]  5.475665e-01
 iter: 182:1        |ddm|: 2.187272e-04     Tr[DP]  5.475667e-01
 iter: 182:2        |ddm|: 1.465362e-04     Tr[DP]  5.475666e-01
 iter: 183:1        |ddm|: 2.515271e-04     Tr[DP]  5.475668e-01
 iter: 183:2        |ddm|: 1.609782e-04     Tr[DP]  5.475667e-01
 iter: 184:1        |ddm|: 2.035349e-04     Tr[DP]  5.475669e-01
 iter: 184:2        |ddm|: 1.320047e-04     Tr[DP]  5.475667e-01
 iter: 185:1        |ddm|: 1.503241e-04     Tr[DP]  5.475669e-01
 iter: 185:2        |ddm|: 1.037670e-04     Tr[DP]  5.475668e-01
 iter: 186:1        |ddm|: 1.640626e-04     Tr[DP]  5.475669e-01
 iter: 186:2        |ddm|: 1.091056e-04     Tr[DP]  5.475668e-01
 iter: 187:1        |ddm|: 1.334709e-04     Tr[DP]  5.475669e-01
 iter: 187:2        |ddm|: 9.849799e-05     Tr[DP]  5.475668e-01
 iter: 188:1        |ddm|: 1.438143e-04     Tr[DP]  5.475669e-01
 iter: 188:2        |ddm|: 1.193385e-04     Tr[DP]  5.475667e-01
 iter: 189:1        |ddm|: 1.781729e-04     Tr[DP]  5.475669e-01
 iter: 189:2        |ddm|: 1.145359e-04     Tr[DP]  5.475668e-01
 iter: 190:1        |ddm|: 1.474192e-04     Tr[DP]  5.475669e-01
 iter: 190:2        |ddm|: 1.040255e-04     Tr[DP]  5.475668e-01
 iter: 191:1        |ddm|: 1.419888e-04     Tr[DP]  5.475669e-01
 iter: 191:2        |ddm|: 1.000422e-04     Tr[DP]  5.475668e-01
 iter: 192:1        |ddm|: 1.673990e-04     Tr[DP]  5.475670e-01
 iter: 192:2        |ddm|: 1.083242e-04     Tr[DP]  5.475669e-01
 iter: 193:1        |ddm|: 1.212400e-04     Tr[DP]  5.475670e-01
 iter: 193:2        |ddm|: 8.734788e-05     Tr[DP]  5.475669e-01
 iter: 194:1        |ddm|: 2.022496e-04     Tr[DP]  5.475671e-01
 iter: 194:2        |ddm|: 1.257320e-04     Tr[DP]  5.475670e-01
 iter: 195:1        |ddm|: 1.023660e-04     Tr[DP]  5.475671e-01
 iter: 195:2        |ddm|: 7.251166e-05     Tr[DP]  5.475670e-01
 iter: 196:1        |ddm|: 1.044443e-04     Tr[DP]  5.475671e-01
 iter: 196:2        |ddm|: 7.594844e-05     Tr[DP]  5.475670e-01
 iter: 197:1        |ddm|: 1.095744e-04     Tr[DP]  5.475671e-01
 iter: 197:2        |ddm|: 7.704153e-05     Tr[DP]  5.475670e-01
 iter: 198:1        |ddm|: 1.088038e-04     Tr[DP]  5.475671e-01
 iter: 198:2        |ddm|: 9.060447e-05     Tr[DP]  5.475670e-01
 iter: 199:1        |ddm|: 1.194235e-04     Tr[DP]  5.475671e-01
 iter: 199:2        |ddm|: 8.407193e-05     Tr[DP]  5.475670e-01
 iter: 200:1        |ddm|: 1.717219e-04     Tr[DP]  5.475671e-01
 iter: 200:2        |ddm|: 1.059876e-04     Tr[DP]  5.475671e-01
 iter: 201:1        |ddm|: 1.006238e-04     Tr[DP]  5.475672e-01
 iter: 201:2        |ddm|: 6.976622e-05     Tr[DP]  5.475671e-01
 iter: 202:1        |ddm|: 8.840559e-05     Tr[DP]  5.475671e-01
 iter: 202:2        |ddm|: 6.889346e-05     Tr[DP]  5.475671e-01
 iter: 203:1        |ddm|: 9.594478e-05     Tr[DP]  5.475671e-01
 iter: 203:2        |ddm|: 7.077402e-05     Tr[DP]  5.475671e-01
 iter: 204:1        |ddm|: 9.771269e-05     Tr[DP]  5.475671e-01
 iter: 204:2        |ddm|: 7.082036e-05     Tr[DP]  5.475671e-01
 iter: 205:1        |ddm|: 1.139980e-04     Tr[DP]  5.475671e-01
 iter: 205:2        |ddm|: 9.561135e-05     Tr[DP]  5.475670e-01
 iter: 206:1        |ddm|: 2.091017e-04     Tr[DP]  5.475672e-01
 iter: 206:2        |ddm|: 1.221418e-04     Tr[DP]  5.475671e-01
 iter: 207:1        |ddm|: 8.518169e-05     Tr[DP]  5.475672e-01
 iter: 207:2        |ddm|: 6.093977e-05     Tr[DP]  5.475671e-01
 iter: 208:1        |ddm|: 8.956293e-05     Tr[DP]  5.475672e-01
 iter: 208:2        |ddm|: 6.265274e-05     Tr[DP]  5.475671e-01
 iter: 209:1        |ddm|: 8.258057e-05     Tr[DP]  5.475672e-01
 iter: 209:2        |ddm|: 6.521097e-05     Tr[DP]  5.475671e-01
 iter: 210:1        |ddm|: 1.897099e-04     Tr[DP]  5.475673e-01
 iter: 210:2        |ddm|: 1.159663e-04     Tr[DP]  5.475672e-01
 iter: 211:1        |ddm|: 8.851617e-05     Tr[DP]  5.475673e-01
 iter: 211:2        |ddm|: 5.631637e-05     Tr[DP]  5.475673e-01
 iter: 212:1        |ddm|: 1.296639e-04     Tr[DP]  5.475674e-01
 iter: 212:2        |ddm|: 8.201661e-05     Tr[DP]  5.475674e-01
 iter: 213:1        |ddm|: 7.058126e-05     Tr[DP]  5.475674e-01
 iter: 213:2        |ddm|: 4.519874e-05     Tr[DP]  5.475673e-01
 iter: 214:1        |ddm|: 5.946661e-05     Tr[DP]  5.475674e-01
 iter: 214:2        |ddm|: 4.745650e-05     Tr[DP]  5.475673e-01
 iter: 215:1        |ddm|: 6.274795e-05     Tr[DP]  5.475673e-01
 iter: 215:2        |ddm|: 4.748550e-05     Tr[DP]  5.475673e-01
 iter: 216:1        |ddm|: 7.115829e-05     Tr[DP]  5.475674e-01
 iter: 216:2        |ddm|: 4.736611e-05     Tr[DP]  5.475673e-01
 iter: 217:1        |ddm|: 5.982347e-05     Tr[DP]  5.475674e-01
 iter: 217:2        |ddm|: 4.390530e-05     Tr[DP]  5.475673e-01
 iter: 218:1        |ddm|: 7.784755e-05     Tr[DP]  5.475674e-01
 iter: 218:2        |ddm|: 4.941514e-05     Tr[DP]  5.475674e-01
 iter: 219:1        |ddm|: 7.669126e-05     Tr[DP]  5.475674e-01
 iter: 219:2        |ddm|: 4.935541e-05     Tr[DP]  5.475674e-01
 iter: 220:1        |ddm|: 5.482009e-05     Tr[DP]  5.475675e-01
 iter: 220:2        |ddm|: 3.625762e-05     Tr[DP]  5.475674e-01
 iter: 221:1        |ddm|: 4.531511e-05     Tr[DP]  5.475675e-01
 iter: 221:2        |ddm|: 3.197590e-05     Tr[DP]  5.475674e-01
 iter: 222:1        |ddm|: 6.074671e-05     Tr[DP]  5.475674e-01
 iter: 222:2        |ddm|: 4.952160e-05     Tr[DP]  5.475674e-01
 iter: 223:1        |ddm|: 6.049769e-05     Tr[DP]  5.475674e-01
 iter: 223:2        |ddm|: 3.941170e-05     Tr[DP]  5.475674e-01
 iter: 224:1        |ddm|: 4.906213e-05     Tr[DP]  5.475674e-01
 iter: 224:2        |ddm|: 3.883401e-05     Tr[DP]  5.475674e-01
 iter: 225:1        |ddm|: 7.258197e-05     Tr[DP]  5.475674e-01
 iter: 225:2        |ddm|: 4.481148e-05     Tr[DP]  5.475674e-01
 iter: 226:1        |ddm|: 5.943225e-05     Tr[DP]  5.475675e-01
 iter: 226:2        |ddm|: 3.896657e-05     Tr[DP]  5.475674e-01
 iter: 227:1        |ddm|: 4.926799e-05     Tr[DP]  5.475675e-01
 iter: 227:2        |ddm|: 3.261622e-05     Tr[DP]  5.475675e-01
 iter: 228:1        |ddm|: 5.409682e-05     Tr[DP]  5.475675e-01
 iter: 228:2        |ddm|: 3.458824e-05     Tr[DP]  5.475675e-01
 iter: 229:1        |ddm|: 3.537391e-05     Tr[DP]  5.475675e-01
 iter: 229:2        |ddm|: 2.476098e-05     Tr[DP]  5.475675e-01
 iter: 230:1        |ddm|: 4.265958e-05     Tr[DP]  5.475675e-01
 iter: 230:2        |ddm|: 3.497515e-05     Tr[DP]  5.475675e-01
 iter: 231:1        |ddm|: 4.183873e-05     Tr[DP]  5.475675e-01
 iter: 231:2        |ddm|: 3.229905e-05     Tr[DP]  5.475674e-01
 iter: 232:1        |ddm|: 5.070286e-05     Tr[DP]  5.475675e-01
 iter: 232:2        |ddm|: 3.235783e-05     Tr[DP]  5.475675e-01
 iter: 233:1        |ddm|: 4.600370e-05     Tr[DP]  5.475675e-01
 iter: 233:2        |ddm|: 3.045767e-05     Tr[DP]  5.475675e-01
 iter: 234:1        |ddm|: 4.237242e-05     Tr[DP]  5.475675e-01
 iter: 234:2        |ddm|: 2.808255e-05     Tr[DP]  5.475675e-01
 iter: 235:1        |ddm|: 4.559756e-05     Tr[DP]  5.475676e-01
 iter: 235:2        |ddm|: 2.936127e-05     Tr[DP]  5.475675e-01
 iter: 236:1        |ddm|: 3.312807e-05     Tr[DP]  5.475676e-01
 iter: 236:2        |ddm|: 2.213538e-05     Tr[DP]  5.475675e-01
 iter: 237:1        |ddm|: 3.142797e-05     Tr[DP]  5.475676e-01
 iter: 237:2        |ddm|: 2.542588e-05     Tr[DP]  5.475675e-01
 iter: 238:1        |ddm|: 3.377252e-05     Tr[DP]  5.475676e-01
 iter: 238:2        |ddm|: 2.327012e-05     Tr[DP]  5.475675e-01
 iter: 239:1        |ddm|: 3.002140e-05     Tr[DP]  5.475676e-01
 iter: 239:2        |ddm|: 2.312630e-05     Tr[DP]  5.475675e-01
 iter: 240:1        |ddm|: 3.890268e-05     Tr[DP]  5.475676e-01
 iter: 240:2        |ddm|: 2.493477e-05     Tr[DP]  5.475675e-01
 iter: 241:1        |ddm|: 2.737154e-05     Tr[DP]  5.475676e-01
 iter: 241:2        |ddm|: 2.157236e-05     Tr[DP]  5.475675e-01
 iter: 242:1        |ddm|: 4.527361e-05     Tr[DP]  5.475676e-01
 iter: 242:2        |ddm|: 2.840904e-05     Tr[DP]  5.475676e-01
 iter: 243:1        |ddm|: 2.571751e-05     Tr[DP]  5.475676e-01
 iter: 243:2        |ddm|: 1.828471e-05     Tr[DP]  5.475676e-01
 iter: 244:1        |ddm|: 2.832973e-05     Tr[DP]  5.475676e-01
 iter: 244:2        |ddm|: 1.926062e-05     Tr[DP]  5.475676e-01
 iter: 245:1        |ddm|: 2.620998e-05     Tr[DP]  5.475676e-01
 iter: 245:2        |ddm|: 1.815041e-05     Tr[DP]  5.475676e-01
 iter: 246:1        |ddm|: 2.434084e-05     Tr[DP]  5.475676e-01
 iter: 246:2        |ddm|: 1.724556e-05     Tr[DP]  5.475676e-01
 iter: 247:1        |ddm|: 2.503237e-05     Tr[DP]  5.475676e-01
 iter: 247:2        |ddm|: 1.722862e-05     Tr[DP]  5.475676e-01
 iter: 248:1        |ddm|: 3.456799e-05     Tr[DP]  5.475676e-01
 iter: 248:2        |ddm|: 2.198408e-05     Tr[DP]  5.475676e-01
 iter: 249:1        |ddm|: 2.600441e-05     Tr[DP]  5.475676e-01
 iter: 249:2        |ddm|: 1.994246e-05     Tr[DP]  5.475676e-01
 iter: 250:1        |ddm|: 2.579672e-05     Tr[DP]  5.475676e-01
 iter: 250:2        |ddm|: 1.679696e-05     Tr[DP]  5.475676e-01
 iter: 251:1        |ddm|: 2.197651e-05     Tr[DP]  5.475676e-01
 iter: 251:2        |ddm|: 1.586034e-05     Tr[DP]  5.475676e-01
 iter: 252:1        |ddm|: 2.125241e-05     Tr[DP]  5.475676e-01
 iter: 252:2        |ddm|: 1.549000e-05     Tr[DP]  5.475676e-01
 iter: 253:1        |ddm|: 2.102450e-05     Tr[DP]  5.475676e-01
 iter: 253:2        |ddm|: 1.532013e-05     Tr[DP]  5.475676e-01
 iter: 254:1        |ddm|: 2.068954e-05     Tr[DP]  5.475676e-01
 iter: 254:2        |ddm|: 1.518550e-05     Tr[DP]  5.475676e-01
 iter: 255:1        |ddm|: 2.002888e-05     Tr[DP]  5.475676e-01
 iter: 255:2        |ddm|: 1.561001e-05     Tr[DP]  5.475676e-01
 iter: 256:1        |ddm|: 2.248156e-05     Tr[DP]  5.475676e-01
 iter: 256:2        |ddm|: 1.568732e-05     Tr[DP]  5.475676e-01
 iter: 257:1        |ddm|: 2.267509e-05     Tr[DP]  5.475676e-01
 iter: 257:2        |ddm|: 1.548670e-05     Tr[DP]  5.475676e-01
 iter: 258:1        |ddm|: 1.860905e-05     Tr[DP]  5.475676e-01
 iter: 258:2        |ddm|: 1.460691e-05     Tr[DP]  5.475676e-01
 iter: 259:1        |ddm|: 2.018880e-05     Tr[DP]  5.475676e-01
 iter: 259:2        |ddm|: 1.483944e-05     Tr[DP]  5.475676e-01
 iter: 260:1        |ddm|: 2.085667e-05     Tr[DP]  5.475676e-01
 iter: 260:2        |ddm|: 1.479133e-05     Tr[DP]  5.475676e-01
 iter: 261:1        |ddm|: 1.893237e-05     Tr[DP]  5.475676e-01
 iter: 261:2        |ddm|: 1.507945e-05     Tr[DP]  5.475676e-01
 iter: 262:1        |ddm|: 2.207717e-05     Tr[DP]  5.475676e-01
 iter: 262:2        |ddm|: 1.507145e-05     Tr[DP]  5.475676e-01
 iter: 263:1        |ddm|: 1.910404e-05     Tr[DP]  5.475676e-01
 iter: 263:2        |ddm|: 1.444740e-05     Tr[DP]  5.475676e-01
 iter: 264:1        |ddm|: 2.120903e-05     Tr[DP]  5.475676e-01
 iter: 264:2        |ddm|: 1.453355e-05     Tr[DP]  5.475676e-01
 iter: 265:1        |ddm|: 2.713879e-05     Tr[DP]  5.475677e-01
 iter: 265:2        |ddm|: 1.658729e-05     Tr[DP]  5.475676e-01
 iter: 266:1        |ddm|: 1.965392e-05     Tr[DP]  5.475677e-01
 iter: 266:2        |ddm|: 1.306891e-05     Tr[DP]  5.475676e-01
 iter: 267:1        |ddm|: 1.594600e-04     Tr[DP]  5.475678e-01
 iter: 267:2        |ddm|: 1.044488e-04     Tr[DP]  5.475678e-01
 iter: 268:1        |ddm|: 1.378888e-04     Tr[DP]  5.475677e-01
 iter: 268:2        |ddm|: 7.375390e-05     Tr[DP]  5.475677e-01
 iter: 269:1        |ddm|: 3.197818e-05     Tr[DP]  5.475677e-01
 iter: 269:2        |ddm|: 1.148514e-05     Tr[DP]  5.475677e-01
 iter: 270:1        |ddm|: 1.568567e-05     Tr[DP]  5.475677e-01
 iter: 270:2        |ddm|: 9.662746e-06     Tr[DP]  5.475677e-01
 iter: 271:1        |ddm|: 1.091399e-05     Tr[DP]  5.475677e-01
 iter: 271:2        |ddm|: 8.312262e-06     Tr[DP]  5.475677e-01
 iter: 272:1        |ddm|: 1.110378e-05     Tr[DP]  5.475677e-01
 iter: 272:2        |ddm|: 8.146931e-06     Tr[DP]  5.475677e-01
 iter: 273:1        |ddm|: 2.911890e-05     Tr[DP]  5.475677e-01
 iter: 273:2        |ddm|: 1.761464e-05     Tr[DP]  5.475677e-01
 iter: 274:1        |ddm|: 1.335408e-05     Tr[DP]  5.475677e-01
 iter: 274:2        |ddm|: 7.948681e-06     Tr[DP]  5.475677e-01
 iter: 275:1        |ddm|: 1.132706e-05     Tr[DP]  5.475677e-01
 iter: 275:2        |ddm|: 7.369609e-06     Tr[DP]  5.475677e-01
 iter: 276:1        |ddm|: 1.540560e-05     Tr[DP]  5.475677e-01
 iter: 276:2        |ddm|: 1.171928e-05     Tr[DP]  5.475677e-01
 iter: 277:1        |ddm|: 1.428945e-05     Tr[DP]  5.475677e-01
 iter: 277:2        |ddm|: 8.208538e-06     Tr[DP]  5.475677e-01
 iter: 278:1        |ddm|: 9.668921e-06     Tr[DP]  5.475677e-01
 iter: 278:2        |ddm|: 6.864650e-06     Tr[DP]  5.475677e-01
 iter: 279:1        |ddm|: 1.206992e-05     Tr[DP]  5.475677e-01
 iter: 279:2        |ddm|: 8.085809e-06     Tr[DP]  5.475677e-01
 iter: 280:1        |ddm|: 8.187199e-06     Tr[DP]  5.475677e-01
 iter: 280:2        |ddm|: 6.524792e-06     Tr[DP]  5.475677e-01
 iter: 281:1        |ddm|: 9.354653e-06     Tr[DP]  5.475677e-01
 iter: 281:2        |ddm|: 6.250313e-06     Tr[DP]  5.475677e-01
 iter: 282:1        |ddm|: 7.877341e-06     Tr[DP]  5.475677e-01
 iter: 282:2        |ddm|: 5.959207e-06     Tr[DP]  5.475677e-01
 iter: 283:1        |ddm|: 8.190310e-06     Tr[DP]  5.475677e-01
 iter: 283:2        |ddm|: 5.992134e-06     Tr[DP]  5.475677e-01
 iter: 284:1        |ddm|: 8.043584e-06     Tr[DP]  5.475677e-01
 iter: 284:2        |ddm|: 5.957703e-06     Tr[DP]  5.475677e-01
 iter: 285:1        |ddm|: 8.119419e-06     Tr[DP]  5.475677e-01
 iter: 285:2        |ddm|: 5.937767e-06     Tr[DP]  5.475677e-01
 iter: 286:1        |ddm|: 8.075307e-06     Tr[DP]  5.475677e-01
 iter: 286:2        |ddm|: 5.862931e-06     Tr[DP]  5.475677e-01
 iter: 287:1        |ddm|: 7.904211e-06     Tr[DP]  5.475677e-01
 iter: 287:2        |ddm|: 5.787482e-06     Tr[DP]  5.475677e-01
 iter: 288:1        |ddm|: 7.632049e-06     Tr[DP]  5.475677e-01
 iter: 288:2        |ddm|: 5.832769e-06     Tr[DP]  5.475677e-01
 iter: 289:1        |ddm|: 7.892542e-06     Tr[DP]  5.475677e-01
 iter: 289:2        |ddm|: 5.908710e-06     Tr[DP]  5.475677e-01
 iter: 290:1        |ddm|: 8.700150e-06     Tr[DP]  5.475677e-01
 iter: 290:2        |ddm|: 5.925023e-06     Tr[DP]  5.475677e-01
 iter: 291:1        |ddm|: 8.016319e-06     Tr[DP]  5.475677e-01
 iter: 291:2        |ddm|: 5.597661e-06     Tr[DP]  5.475677e-01
 iter: 292:1        |ddm|: 1.161114e-05     Tr[DP]  5.475677e-01
 iter: 292:2        |ddm|: 7.161791e-06     Tr[DP]  5.475677e-01
 iter: 293:1        |ddm|: 1.491225e-05     Tr[DP]  5.475677e-01
 iter: 293:2        |ddm|: 9.414533e-06     Tr[DP]  5.475677e-01
 iter: 294:1        |ddm|: 9.687846e-06     Tr[DP]  5.475677e-01
 iter: 294:2        |ddm|: 5.880465e-06     Tr[DP]  5.475677e-01
 iter: 295:1        |ddm|: 9.690383e-06     Tr[DP]  5.475677e-01
 iter: 295:2        |ddm|: 5.350192e-06     Tr[DP]  5.475677e-01
 iter: 296:1        |ddm|: 5.076141e-06     Tr[DP]  5.475677e-01
 iter: 296:2        |ddm|: 3.726019e-06     Tr[DP]  5.475677e-01
 iter: 297:1        |ddm|: 5.314872e-06     Tr[DP]  5.475677e-01
 iter: 297:2        |ddm|: 3.758482e-06     Tr[DP]  5.475677e-01
 iter: 298:1        |ddm|: 4.918388e-06     Tr[DP]  5.475677e-01
 iter: 298:2        |ddm|: 3.751326e-06     Tr[DP]  5.475677e-01
 iter: 299:1        |ddm|: 5.168089e-06     Tr[DP]  5.475677e-01
 iter: 299:2        |ddm|: 3.822266e-06     Tr[DP]  5.475677e-01
 iter: 300:1        |ddm|: 9.048341e-06     Tr[DP]  5.475677e-01
 iter: 300:2        |ddm|: 7.088661e-06     Tr[DP]  5.475677e-01
                         Freeze-and-Thaw NOT converged!                         

=================== Subsystem 1 at higher mean-field method ====================
  subiter:   1      |ddm|: 7.516919e-01
  subiter:   2      |ddm|: 1.510019e-01
  subiter:   3      |ddm|: 2.891500e-02
  subiter:   4      |ddm|: 1.984263e-02
  subiter:   5      |ddm|: 3.295830e-03
  subiter:   6      |ddm|: 1.776659e-03
  subiter:   7      |ddm|: 7.344011e-04
  subiter:   8      |ddm|: 2.389373e-04
  subiter:   9      |ddm|: 8.884405e-05
  subiter:  10      |ddm|: 4.717793e-05
  subiter:  11      |ddm|: 3.095109e-05
  subiter:  12      |ddm|: 1.229924e-05
  subiter:  13      |ddm|: 9.201757e-06
  subiter:  14      |ddm|: 2.313702e-06
  subiter:  15      |ddm|: 9.436422e-07
  subiter:  16      |ddm|: 5.315010e-07
  subiter:  17      |ddm|: 8.779816e-08
  subiter:  18      |ddm|: 9.266680e-08
  subiter:  19      |ddm|: 1.588627e-08
  subiter:  20      |ddm|: 1.249171e-08
  subiter:  21      |ddm|: 4.700734e-09


******** <class 'pyscf.scf.hf.RHF'> flags ********
method = RHF
initial guess = minao
damping factor = 0
level shift factor = 0
DIIS = <class 'pyscf.scf.diis.CDIIS'>
DIIS start cycle = 1
DIIS space = 8
SCF tol = 1e-09
SCF gradient tol = None
max. SCF cycles = 100
direct_scf = True
direct_scf_tol = 1e-13
chkfile to save SCF result = /panfs/roc/scratch/graha682/D60/201712_ccpVDZ_NEVPT2_m06_60_10c12h24/tmpYnRuDc
max_memory 4000 MB (current use 3084 MB)
Set gradient conv threshold to 3.16228e-05
init E= -388.230188253975
  HOMO = -0.276839979822984  LUMO = 0.121303791837784
cycle= 1 E= -388.230188253973  delta_E= 2.05e-12  |g|= 3.46e-09  |ddm|= 1.48e-08
  HOMO = -0.276839979730935  LUMO = 0.121303791815687
Extra cycle  E= -388.230188253973  delta_E= 5.68e-13  |g|= 2.01e-09  |ddm|= 7.33e-09
converged SCF energy = -388.230188253973


******** <class 'pyscf.dft.rks.RKS'> flags ********
method = RKS
initial guess = atom
damping factor = 0
level shift factor = 0.0
DIIS = <class 'pyscf.scf.diis.CDIIS'>
DIIS start cycle = 1
DIIS space = 8
SCF tol = 1e-08
SCF gradient tol = 1e-08
max. SCF cycles = 1
direct_scf = True
direct_scf_tol = 1e-13
chkfile to save SCF result = /panfs/roc/scratch/graha682/D60/201712_ccpVDZ_NEVPT2_m06_60_10c12h24/tmpTH7bTp
max_memory 4000 MB (current use 3085 MB)
XC functionals = m06
small_rho_cutoff = 1e-20
radial grids: Treutler-Ahlrichs (JCP 102, 346 (M4)) radial grids
becke partition: Becke, JCP, 88, 2547 (1988)
pruning grids: <function nwchem_prune at 0x15ae5f0>
grids dens level: 4
symmetrized grids: False
atomic radii adjust function: <function treutler_atomic_radii_adjust at 0x15ae488>
init E= -390.806947612269
  HOMO = -0.195512941224088  LUMO = -0.0257200505165417
cycle= 1 E= -390.806947612289  delta_E= -2.02e-11  |g|= 4.29e-06  |ddm|= 1.93e-05
  HOMO = -0.195512925466108  LUMO = -0.025720055830747
Extra cycle  E= -390.806947612288  delta_E= 1.14e-12  |g|= 6.41e-06  |ddm|= 8.41e-06
SCF not converged.
SCF energy = -390.806947612288 after 1 cycles
 iter: 301:1        |ddm|: 8.801735e-01     Tr[DP]  6.436560e-01

******** <class 'pyscf.mcscf.mc1step.CASSCF'> flags ********
CAS (1e+1e, 2o), ncore = 38, nvir = 190
max_cycle_macro = 50
max_cycle_micro = 4
conv_tol = 1e-07
conv_tol_grad = None
orbital rotation max_stepsize = 0.02
augmented hessian ah_max_cycle = 30
augmented hessian ah_conv_tol = 1e-12
augmented hessian ah_linear dependence = 1e-14
augmented hessian ah_level shift = 0
augmented hessian ah_start_tol = 2.5
augmented hessian ah_start_cycle = 3
augmented hessian ah_grad_trust_region = 3
kf_trust_region = 3
kf_interval = 4
ci_response_space = 4
ci_grad_trust_region = 3
with_dep4 0
natorb = False
canonicalization = True
sorting_mo_energy = False
chkfile = /panfs/roc/scratch/graha682/D60/201712_ccpVDZ_NEVPT2_m06_60_10c12h24/tmpYnRuDc
max_memory 4000 MB (current use 3105 MB)
internal_rotation = False
******** <class 'pyscf.fci.direct_spin1.FCISolver'> flags ********
max. cycles = 50
conv_tol = 1e-08
davidson only = False
linear dependence = 1e-10
level shift = 0.001
max iter space = 12
max_memory 4000 MB
nroots = 1
pspace_size = 400
spin = None
CASCI E = -388.243435312615  S^2 = 0.0000000
Set conv_tol_grad to 0.000316228
macro iter 1 (21 JK  4 micro), CASSCF E = -388.264857558919  dE = -0.021422246  S^2 = 0.0000000
               |grad[o]|=0.038  |grad[c]|= 0.0326845281816  |ddm|=0.0584
macro iter 2 (14 JK  4 micro), CASSCF E = -388.265617932212  dE = -0.00076037329  S^2 = 0.0000000
               |grad[o]|=0.0138  |grad[c]|= 0.00128873564734  |ddm|=0.0279
macro iter 3 (8 JK  2 micro), CASSCF E = -388.26561831939  dE = -3.8717815e-07  S^2 = 0.0000000
               |grad[o]|=0.000298  |grad[c]|= 4.00714397216e-05  |ddm|=0.000643
macro iter 4 (1 JK  1 micro), CASSCF E = -388.26561831939  dE = -1.1368684e-13  S^2 = 0.0000000
               |grad[o]|=2.69e-05  |grad[c]|= 2.1618795151e-07  |ddm|=7.91e-07
1-step CASSCF converged in 4 macro (44 JK 11 micro) steps
CASSCF canonicalization
CASSCF energy = -388.26561831939
Hartree-Fock Energy:  -388.23018825397270
CAS Correlation:       -0.03543006541736
CAS Energy:          -388.26561831939006
Sr    (-1)',   E = -0.00000000060491
Si    (+1)',   E = -0.00000000033870
Sijrs (0)  ,   E = -1.33404360580941
Sijr  (+1) ,   E = -0.02152607641601
Srsi  (-1) ,   E = -0.06521718244057
Srs   (-2) ,   E = -0.00383718586153
Sij   (+2) ,   E = -0.00087909429771
Sir   (0)' ,   E = -0.03224617514779
Nevpt2 Energy = -1.457749320916625
NEVPT2 =   -1.457749320916625
Total NEVPT2 = -389.723367640306662

============================== Supermolecular DFT ==============================
  subiter:   1      |ddm|: 3.323449e+00
  subiter:   2      |ddm|: 2.912274e-01
  subiter:   3      |ddm|: 1.673908e-01
  subiter:   4      |ddm|: 1.851788e-02
  subiter:   5      |ddm|: 5.097432e-03
  subiter:   6      |ddm|: 1.735933e-03
  subiter:   7      |ddm|: 5.010016e-04
  subiter:   8      |ddm|: 2.390953e-04
  subiter:   9      |ddm|: 7.620072e-05
  subiter:  10      |ddm|: 2.258074e-05
  subiter:  11      |ddm|: 6.406940e-06
  subiter:  12      |ddm|: 4.069276e-06
  subiter:  13      |ddm|: 1.046771e-06
  subiter:  14      |ddm|: 4.599901e-07
  subiter:  15      |ddm|: 2.044491e-07
  subiter:  16      |ddm|: 6.830352e-08
  subiter:  17      |ddm|: 2.901036e-08
  subiter:  18      |ddm|: 4.075319e-09


******** <class 'pyscf.dft.rks.RKS'> flags ********
method = RKS
initial guess = atom
damping factor = 0
level shift factor = 0.0
DIIS = <class 'pyscf.scf.diis.CDIIS'>
DIIS start cycle = 1
DIIS space = 8
SCF tol = 1e-08
SCF gradient tol = 1e-08
max. SCF cycles = 100
direct_scf = True
direct_scf_tol = 1e-13
chkfile to save SCF result = /panfs/roc/scratch/graha682/D60/201712_ccpVDZ_NEVPT2_m06_60_10c12h24/tmpXmrHgt
max_memory 4000 MB (current use 3121 MB)
XC functionals = m06
small_rho_cutoff = 1e-20
radial grids: Treutler-Ahlrichs (JCP 102, 346 (M4)) radial grids
becke partition: Becke, JCP, 88, 2547 (1988)
pruning grids: <function nwchem_prune at 0x15ae5f0>
grids dens level: 4
symmetrized grids: False
atomic radii adjust function: <function treutler_atomic_radii_adjust at 0x15ae488>
init E= -471.255955553554
  HOMO = -0.197818131798002  LUMO = -0.0284503867075659
cycle= 1 E= -471.255955553552  delta_E= 1.59e-12  |g|= 9.55e-09  |ddm|= 1.51e-08
  HOMO = -0.197818131349613  LUMO = -0.0284503862611046
Extra cycle  E= -471.255955553551  delta_E= 9.09e-13  |g|= 1.93e-08  |ddm|= 2.83e-08
converged SCF energy = -471.255955553551
Supermolecular DFT   -471.25595555355517

============================== Embedding Energies ==============================
Subsystem DFT              -390.80694761228807
Interaction                 -80.15786854166066
DFT-in-DFT                 -470.96481615394873
Supermolecular DFT         -471.25595555355517
Difference                   -0.29113939960644
Corrected DFT-in-DFT       -471.25595555355517
WF-in-DFT                  -469.88123618196732
Corrected WF-in-DFT        -470.17237558157376
================================================================================
TIMING STATISTICS:
     overlap integrals      0.03s   ( 0.00%)
    initial subsystems      0.13s   ( 0.00%)
           2e matrices   8563.86s   (89.24%)
      tot. embed. of 1   8692.43s   (90.58%)
      tot. embed. of 2      0.50s   ( 0.01%)
       freeze and thaw   8692.98s   (90.59%)
                   cas    186.29s   ( 1.94%)
                nevpt2     23.46s   ( 0.24%)
  interaction energies    691.47s   ( 7.21%)
                 TOTAL   9596.00s
================================================================================

********************************************************************************
*                              END OF CALCULATION                              *
********************************************************************************
