********************************************************************************
*                         FREEZE-AND-THAW CALCULATION                          *
********************************************************************************

================================== Input File ==================================
subsystem
C          0.55577        1.19994       -0.31087
H          0.74082        2.11229       -0.90103
C         -0.52444        1.16033        0.47325
H         -0.37982        1.01572        1.55635
C          2.97127        0.55592       -0.02204
H          3.26754        1.44706       -0.61048
H          2.94523        0.89659        1.03129
C          1.57348        0.11578       -0.43955
H          1.26313       -0.76037        0.16073
H          1.61586       -0.23587       -1.49011
C         -1.93843        1.26218        0.00641
H         -1.95877        1.44689       -1.08436
H         -2.42457        2.14290        0.47237
C         -2.76621        0.02549        0.33390
H         -2.72367       -0.16758        1.42434
H         -2.29831       -0.86016       -0.13826
end

subsystem
C          6.45034       -1.19152        0.06824
H          6.51700       -1.52061       -0.98281
H          6.19279       -2.08021        0.66933
H          7.45554       -0.86414        0.37640
C          5.41408       -0.09773        0.23548
H          5.38631        0.23975        1.28921
H          5.70823        0.79508       -0.34896
C          4.01969       -0.52882       -0.18447
H          3.71928       -1.42192        0.39959
H          4.04079       -0.86591       -1.24045
C         -4.21478        0.13499       -0.10417
H         -4.67751        1.02326        0.37125
H         -4.25602        0.33424       -1.19394
C         -5.04360       -1.09708        0.21454
H         -4.57574       -1.98051       -0.26052
H         -4.99742       -1.29265        1.30303
C         -6.48786       -0.97339       -0.22929
H         -7.07567       -1.87364        0.00861
H         -6.98301       -0.11625        0.25814
H         -6.55789       -0.81044       -1.31831
end

embed
 huzinaga
 cycles 300
 conv 1e-8
 method m06
end

basis aug-cc-pVDZ
method cas[2,2]/nevpt2
grid 4
conv 1e-8
grad 1e-8
maxiter 100
================================== End Input ===================================
tot grids = 725328

                      Getting subsystem overlap integrals                       

                          Initial subsystem densities                           
Guessing initial subsystem densities
Initial guess from superpostion of atomic densties.
Guessing initial subsystem densities
Initial guess from superpostion of atomic densties.

=========================== Starting Freeze-and-Thaw ===========================
 iter:   1:1        |ddm|: 3.737369e+01     Tr[DP]  8.621697e-01
 iter:   1:2        |ddm|: 4.055071e+01     Tr[DP]  2.043945e-01
 iter:   2:1        |ddm|: 8.764958e+02     Tr[DP]  3.782872e-01
 iter:   2:2        |ddm|: 5.164907e+01     Tr[DP]  1.882798e-01
 iter:   3:1        |ddm|: 8.445177e+02     Tr[DP]  1.573840e-01
 iter:   3:2        |ddm|: 5.784788e+01     Tr[DP]  2.119027e-01
 iter:   4:1        |ddm|: 4.326514e+01     Tr[DP]  1.911203e-01
 iter:   4:2        |ddm|: 2.678478e+01     Tr[DP]  1.563784e-01
 iter:   5:1        |ddm|: 5.202565e+01     Tr[DP]  1.662189e-01
 iter:   5:2        |ddm|: 6.677673e+00     Tr[DP]  1.633188e-01
 iter:   6:1        |ddm|: 2.007346e+01     Tr[DP]  1.754480e-01
 iter:   6:2        |ddm|: 4.817164e+00     Tr[DP]  1.734595e-01
 iter:   7:1        |ddm|: 1.063628e+01     Tr[DP]  1.880226e-01
 iter:   7:2        |ddm|: 4.006589e+00     Tr[DP]  1.814596e-01
 iter:   8:1        |ddm|: 8.588988e+00     Tr[DP]  1.981436e-01
 iter:   8:2        |ddm|: 4.106637e+00     Tr[DP]  1.889922e-01
 iter:   9:1        |ddm|: 8.072718e+00     Tr[DP]  2.090604e-01
 iter:   9:2        |ddm|: 4.233352e+00     Tr[DP]  1.965684e-01
 iter:  10:1        |ddm|: 1.239543e+01     Tr[DP]  2.159027e-01
 iter:  10:2        |ddm|: 3.004037e+00     Tr[DP]  2.035948e-01
 iter:  11:1        |ddm|: 1.253862e+01     Tr[DP]  2.208183e-01
 iter:  11:2        |ddm|: 2.453512e+00     Tr[DP]  2.091432e-01
 iter:  12:1        |ddm|: 1.021653e+01     Tr[DP]  2.249070e-01
 iter:  12:2        |ddm|: 2.041577e+00     Tr[DP]  2.139564e-01
 iter:  13:1        |ddm|: 8.922292e+00     Tr[DP]  2.285889e-01
 iter:  13:2        |ddm|: 1.741601e+00     Tr[DP]  2.183233e-01
 iter:  14:1        |ddm|: 7.715605e+00     Tr[DP]  2.320668e-01
 iter:  14:2        |ddm|: 1.599204e+00     Tr[DP]  2.222510e-01
 iter:  15:1        |ddm|: 6.663979e+00     Tr[DP]  2.353450e-01
 iter:  15:2        |ddm|: 1.260338e+00     Tr[DP]  2.259646e-01
 iter:  16:1        |ddm|: 5.880752e+00     Tr[DP]  2.379911e-01
 iter:  16:2        |ddm|: 1.154345e+00     Tr[DP]  2.292342e-01
 iter:  17:1        |ddm|: 5.159862e+00     Tr[DP]  2.404542e-01
 iter:  17:2        |ddm|: 1.013061e+00     Tr[DP]  2.322366e-01
 iter:  18:1        |ddm|: 4.467159e+00     Tr[DP]  2.426449e-01
 iter:  18:2        |ddm|: 8.759127e-01     Tr[DP]  2.349205e-01
 iter:  19:1        |ddm|: 3.503361e+00     Tr[DP]  2.447689e-01
 iter:  19:2        |ddm|: 6.901022e-01     Tr[DP]  2.370946e-01
 iter:  20:1        |ddm|: 3.627834e+00     Tr[DP]  2.456486e-01
 iter:  20:2        |ddm|: 7.616497e-01     Tr[DP]  2.392504e-01
 iter:  21:1        |ddm|: 3.406164e+00     Tr[DP]  2.473151e-01
 iter:  21:2        |ddm|: 6.992414e-01     Tr[DP]  2.414258e-01
 iter:  22:1        |ddm|: 3.030964e+00     Tr[DP]  2.488962e-01
 iter:  22:2        |ddm|: 6.236901e-01     Tr[DP]  2.434163e-01
 iter:  23:1        |ddm|: 2.588120e+00     Tr[DP]  2.503734e-01
 iter:  23:2        |ddm|: 5.447846e-01     Tr[DP]  2.451787e-01
 iter:  24:1        |ddm|: 2.482918e+00     Tr[DP]  2.514032e-01
 iter:  24:2        |ddm|: 5.421528e-01     Tr[DP]  2.468415e-01
 iter:  25:1        |ddm|: 2.029321e+00     Tr[DP]  2.528433e-01
 iter:  25:2        |ddm|: 4.468852e-01     Tr[DP]  2.483239e-01
 iter:  26:1        |ddm|: 1.787577e+00     Tr[DP]  2.537090e-01
 iter:  26:2        |ddm|: 4.003762e-01     Tr[DP]  2.495915e-01
 iter:  27:1        |ddm|: 1.616921e+00     Tr[DP]  2.544736e-01
 iter:  27:2        |ddm|: 3.703774e-01     Tr[DP]  2.507432e-01
 iter:  28:1        |ddm|: 1.437341e+00     Tr[DP]  2.552162e-01
 iter:  28:2        |ddm|: 3.363699e-01     Tr[DP]  2.517805e-01
 iter:  29:1        |ddm|: 1.288290e+00     Tr[DP]  2.558417e-01
 iter:  29:2        |ddm|: 3.076054e-01     Tr[DP]  2.527103e-01
 iter:  30:1        |ddm|: 1.154862e+00     Tr[DP]  2.564005e-01
 iter:  30:2        |ddm|: 2.816583e-01     Tr[DP]  2.535475e-01
 iter:  31:1        |ddm|: 1.026670e+00     Tr[DP]  2.569053e-01
 iter:  31:2        |ddm|: 2.581741e-01     Tr[DP]  2.542948e-01
 iter:  32:1        |ddm|: 9.841358e-01     Tr[DP]  2.572875e-01
 iter:  32:2        |ddm|: 2.499112e-01     Tr[DP]  2.549970e-01
 iter:  33:1        |ddm|: 8.250697e-01     Tr[DP]  2.578149e-01
 iter:  33:2        |ddm|: 2.177594e-01     Tr[DP]  2.556230e-01
 iter:  34:1        |ddm|: 7.346732e-01     Tr[DP]  2.581312e-01
 iter:  34:2        |ddm|: 2.021269e-01     Tr[DP]  2.561572e-01
 iter:  35:1        |ddm|: 6.632282e-01     Tr[DP]  2.584268e-01
 iter:  35:2        |ddm|: 1.902840e-01     Tr[DP]  2.566382e-01
 iter:  36:1        |ddm|: 8.110141e-01     Tr[DP]  2.584974e-01
 iter:  36:2        |ddm|: 2.256225e-01     Tr[DP]  2.571704e-01
 iter:  37:1        |ddm|: 6.966659e-01     Tr[DP]  2.589777e-01
 iter:  37:2        |ddm|: 2.046493e-01     Tr[DP]  2.576630e-01
 iter:  38:1        |ddm|: 5.822932e-01     Tr[DP]  2.593776e-01
 iter:  38:2        |ddm|: 1.745286e-01     Tr[DP]  2.581085e-01
 iter:  39:1        |ddm|: 6.053226e-01     Tr[DP]  2.595673e-01
 iter:  39:2        |ddm|: 1.865390e-01     Tr[DP]  2.585196e-01
 iter:  40:1        |ddm|: 5.553796e-01     Tr[DP]  2.598656e-01
 iter:  40:2        |ddm|: 1.725268e-01     Tr[DP]  2.589056e-01
 iter:  41:1        |ddm|: 4.751836e-01     Tr[DP]  2.601567e-01
 iter:  41:2        |ddm|: 1.537489e-01     Tr[DP]  2.592547e-01
 iter:  42:1        |ddm|: 4.403064e-01     Tr[DP]  2.603642e-01
 iter:  42:2        |ddm|: 1.521558e-01     Tr[DP]  2.595653e-01
 iter:  43:1        |ddm|: 4.029039e-01     Tr[DP]  2.605817e-01
 iter:  43:2        |ddm|: 1.459080e-01     Tr[DP]  2.598522e-01
 iter:  44:1        |ddm|: 7.460682e-01     Tr[DP]  2.604737e-01
 iter:  44:2        |ddm|: 3.115950e-01     Tr[DP]  2.601415e-01
 iter:  45:1        |ddm|: 4.157698e-01     Tr[DP]  2.612324e-01
 iter:  45:2        |ddm|: 1.291640e-01     Tr[DP]  2.605956e-01
 iter:  46:1        |ddm|: 2.921285e-01     Tr[DP]  2.614889e-01
 iter:  46:2        |ddm|: 9.823189e-02     Tr[DP]  2.608550e-01
 iter:  47:1        |ddm|: 2.525561e-01     Tr[DP]  2.616387e-01
 iter:  47:2        |ddm|: 9.332648e-02     Tr[DP]  2.610753e-01
 iter:  48:1        |ddm|: 2.516980e-01     Tr[DP]  2.617644e-01
 iter:  48:2        |ddm|: 9.969614e-02     Tr[DP]  2.612740e-01
 iter:  49:1        |ddm|: 2.348584e-01     Tr[DP]  2.618988e-01
 iter:  49:2        |ddm|: 9.537489e-02     Tr[DP]  2.614568e-01
 iter:  50:1        |ddm|: 2.113782e-01     Tr[DP]  2.620226e-01
 iter:  50:2        |ddm|: 8.852903e-02     Tr[DP]  2.616200e-01
 iter:  51:1        |ddm|: 1.855545e-01     Tr[DP]  2.621324e-01
 iter:  51:2        |ddm|: 8.055889e-02     Tr[DP]  2.617644e-01
 iter:  52:1        |ddm|: 1.733501e-01     Tr[DP]  2.622158e-01
 iter:  52:2        |ddm|: 8.110845e-02     Tr[DP]  2.618882e-01
 iter:  53:1        |ddm|: 1.769123e-01     Tr[DP]  2.622788e-01
 iter:  53:2        |ddm|: 8.769834e-02     Tr[DP]  2.619991e-01
 iter:  54:1        |ddm|: 1.594131e-01     Tr[DP]  2.623635e-01
 iter:  54:2        |ddm|: 8.171449e-02     Tr[DP]  2.621047e-01
 iter:  55:1        |ddm|: 1.479787e-01     Tr[DP]  2.624304e-01
 iter:  55:2        |ddm|: 7.916401e-02     Tr[DP]  2.621969e-01
 iter:  56:1        |ddm|: 1.617111e-01     Tr[DP]  2.624684e-01
 iter:  56:2        |ddm|: 8.713053e-02     Tr[DP]  2.622839e-01
 iter:  57:1        |ddm|: 1.161570e-01     Tr[DP]  2.625693e-01
 iter:  57:2        |ddm|: 6.101811e-02     Tr[DP]  2.623758e-01
 iter:  58:1        |ddm|: 1.031920e-01     Tr[DP]  2.626258e-01
 iter:  58:2        |ddm|: 6.154522e-02     Tr[DP]  2.624426e-01
 iter:  59:1        |ddm|: 1.185077e-01     Tr[DP]  2.626475e-01
 iter:  59:2        |ddm|: 7.479982e-02     Tr[DP]  2.624944e-01
 iter:  60:1        |ddm|: 1.547799e-01     Tr[DP]  2.626532e-01
 iter:  60:2        |ddm|: 9.483052e-02     Tr[DP]  2.625434e-01
 iter:  61:1        |ddm|: 1.692882e-01     Tr[DP]  2.626835e-01
 iter:  61:2        |ddm|: 1.030239e-01     Tr[DP]  2.625969e-01
 iter:  62:1        |ddm|: 1.171456e-01     Tr[DP]  2.627608e-01
 iter:  62:2        |ddm|: 7.300757e-02     Tr[DP]  2.626577e-01
 iter:  63:1        |ddm|: 1.687997e-01     Tr[DP]  2.627622e-01
 iter:  63:2        |ddm|: 1.081535e-01     Tr[DP]  2.626892e-01
 iter:  64:1        |ddm|: 8.784752e-02     Tr[DP]  2.628606e-01
 iter:  64:2        |ddm|: 5.228921e-02     Tr[DP]  2.627644e-01
 iter:  65:1        |ddm|: 1.796053e-01     Tr[DP]  2.628242e-01
 iter:  65:2        |ddm|: 1.107854e-01     Tr[DP]  2.627732e-01
 iter:  66:1        |ddm|: 8.536476e-02     Tr[DP]  2.629167e-01
 iter:  66:2        |ddm|: 4.940812e-02     Tr[DP]  2.628438e-01
 iter:  67:1        |ddm|: 6.393971e-02     Tr[DP]  2.629436e-01
 iter:  67:2        |ddm|: 4.076014e-02     Tr[DP]  2.628797e-01
 iter:  68:1        |ddm|: 7.251177e-02     Tr[DP]  2.629568e-01
 iter:  68:2        |ddm|: 5.010240e-02     Tr[DP]  2.629018e-01
 iter:  69:1        |ddm|: 7.092447e-02     Tr[DP]  2.629773e-01
 iter:  69:2        |ddm|: 5.005224e-02     Tr[DP]  2.629271e-01
 iter:  70:1        |ddm|: 7.103660e-02     Tr[DP]  2.629937e-01
 iter:  70:2        |ddm|: 5.050154e-02     Tr[DP]  2.629496e-01
 iter:  71:1        |ddm|: 7.010470e-02     Tr[DP]  2.630088e-01
 iter:  71:2        |ddm|: 5.064997e-02     Tr[DP]  2.629692e-01
 iter:  72:1        |ddm|: 7.139494e-02     Tr[DP]  2.630207e-01
 iter:  72:2        |ddm|: 5.185908e-02     Tr[DP]  2.629860e-01
 iter:  73:1        |ddm|: 7.230503e-02     Tr[DP]  2.630313e-01
 iter:  73:2        |ddm|: 5.277440e-02     Tr[DP]  2.630007e-01
 iter:  74:1        |ddm|: 7.221797e-02     Tr[DP]  2.630408e-01
 iter:  74:2        |ddm|: 5.302088e-02     Tr[DP]  2.630138e-01
 iter:  75:1        |ddm|: 7.624452e-02     Tr[DP]  2.630461e-01
 iter:  75:2        |ddm|: 5.539073e-02     Tr[DP]  2.630247e-01
 iter:  76:1        |ddm|: 7.521106e-02     Tr[DP]  2.630543e-01
 iter:  76:2        |ddm|: 5.508944e-02     Tr[DP]  2.630340e-01
 iter:  77:1        |ddm|: 7.486971e-02     Tr[DP]  2.630607e-01
 iter:  77:2        |ddm|: 5.481621e-02     Tr[DP]  2.630430e-01
 iter:  78:1        |ddm|: 7.400155e-02     Tr[DP]  2.630659e-01
 iter:  78:2        |ddm|: 5.434072e-02     Tr[DP]  2.630514e-01
 iter:  79:1        |ddm|: 7.662792e-02     Tr[DP]  2.630690e-01
 iter:  79:2        |ddm|: 5.530782e-02     Tr[DP]  2.630577e-01
 iter:  80:1        |ddm|: 4.794819e-02     Tr[DP]  2.630850e-01
 iter:  80:2        |ddm|: 3.607415e-02     Tr[DP]  2.630826e-01
 iter:  81:1        |ddm|: 5.779472e-02     Tr[DP]  2.630932e-01
 iter:  81:2        |ddm|: 4.456255e-02     Tr[DP]  2.630824e-01
 iter:  82:1        |ddm|: 1.185333e-01     Tr[DP]  2.630688e-01
 iter:  82:2        |ddm|: 8.063121e-02     Tr[DP]  2.630765e-01
 iter:  83:1        |ddm|: 1.413039e-01     Tr[DP]  2.630602e-01
 iter:  83:2        |ddm|: 9.779180e-02     Tr[DP]  2.630534e-01
 iter:  84:1        |ddm|: 1.170917e-01     Tr[DP]  2.630619e-01
 iter:  84:2        |ddm|: 8.058635e-02     Tr[DP]  2.630487e-01
 iter:  85:1        |ddm|: 7.905241e-02     Tr[DP]  2.630671e-01
 iter:  85:2        |ddm|: 5.549379e-02     Tr[DP]  2.630570e-01
 iter:  86:1        |ddm|: 6.609101e-02     Tr[DP]  2.630657e-01
 iter:  86:2        |ddm|: 4.684070e-02     Tr[DP]  2.630578e-01
 iter:  87:1        |ddm|: 4.887894e-02     Tr[DP]  2.630703e-01
 iter:  87:2        |ddm|: 3.641720e-02     Tr[DP]  2.630597e-01
 iter:  88:1        |ddm|: 5.480642e-02     Tr[DP]  2.630648e-01
 iter:  88:2        |ddm|: 4.010349e-02     Tr[DP]  2.630587e-01
 iter:  89:1        |ddm|: 4.961930e-02     Tr[DP]  2.630655e-01
 iter:  89:2        |ddm|: 3.715639e-02     Tr[DP]  2.630570e-01
 iter:  90:1        |ddm|: 5.363779e-02     Tr[DP]  2.630613e-01
 iter:  90:2        |ddm|: 3.936942e-02     Tr[DP]  2.630550e-01
 iter:  91:1        |ddm|: 4.281464e-02     Tr[DP]  2.630635e-01
 iter:  91:2        |ddm|: 3.286319e-02     Tr[DP]  2.630574e-01
 iter:  92:1        |ddm|: 4.286924e-02     Tr[DP]  2.630624e-01
 iter:  92:2        |ddm|: 3.275411e-02     Tr[DP]  2.630596e-01
 iter:  93:1        |ddm|: 5.968302e-02     Tr[DP]  2.630555e-01
 iter:  93:2        |ddm|: 4.316632e-02     Tr[DP]  2.630546e-01
 iter:  94:1        |ddm|: 5.912928e-02     Tr[DP]  2.630530e-01
 iter:  94:2        |ddm|: 4.345130e-02     Tr[DP]  2.630518e-01
 iter:  95:1        |ddm|: 5.611720e-02     Tr[DP]  2.630511e-01
 iter:  95:2        |ddm|: 4.151228e-02     Tr[DP]  2.630500e-01
 iter:  96:1        |ddm|: 5.200426e-02     Tr[DP]  2.630501e-01
 iter:  96:2        |ddm|: 3.884791e-02     Tr[DP]  2.630493e-01
 iter:  97:1        |ddm|: 6.670640e-02     Tr[DP]  2.630427e-01
 iter:  97:2        |ddm|: 4.725929e-02     Tr[DP]  2.630420e-01
 iter:  98:1        |ddm|: 6.043988e-02     Tr[DP]  2.630400e-01
 iter:  98:2        |ddm|: 4.387245e-02     Tr[DP]  2.630386e-01
 iter:  99:1        |ddm|: 5.511350e-02     Tr[DP]  2.630372e-01
 iter:  99:2        |ddm|: 4.037340e-02     Tr[DP]  2.630362e-01
 iter: 100:1        |ddm|: 5.090196e-02     Tr[DP]  2.630350e-01
 iter: 100:2        |ddm|: 3.759523e-02     Tr[DP]  2.630342e-01
 iter: 101:1        |ddm|: 4.387209e-02     Tr[DP]  2.630348e-01
 iter: 101:2        |ddm|: 3.305406e-02     Tr[DP]  2.630346e-01
 iter: 102:1        |ddm|: 3.459792e-02     Tr[DP]  2.630379e-01
 iter: 102:2        |ddm|: 2.685664e-02     Tr[DP]  2.630395e-01
 iter: 103:1        |ddm|: 7.581883e-02     Tr[DP]  2.630250e-01
 iter: 103:2        |ddm|: 5.226285e-02     Tr[DP]  2.630279e-01
 iter: 104:1        |ddm|: 7.193455e-02     Tr[DP]  2.630211e-01
 iter: 104:2        |ddm|: 5.124987e-02     Tr[DP]  2.630215e-01
 iter: 105:1        |ddm|: 7.219457e-02     Tr[DP]  2.630143e-01
 iter: 105:2        |ddm|: 5.098373e-02     Tr[DP]  2.630137e-01
 iter: 106:1        |ddm|: 6.245108e-02     Tr[DP]  2.630096e-01
 iter: 106:2        |ddm|: 4.462380e-02     Tr[DP]  2.630082e-01
 iter: 107:1        |ddm|: 5.576724e-02     Tr[DP]  2.630044e-01
 iter: 107:2        |ddm|: 3.998303e-02     Tr[DP]  2.630026e-01
 iter: 108:1        |ddm|: 4.494535e-02     Tr[DP]  2.630012e-01
 iter: 108:2        |ddm|: 3.289795e-02     Tr[DP]  2.629995e-01
 iter: 109:1        |ddm|: 3.193586e-02     Tr[DP]  2.630013e-01
 iter: 109:2        |ddm|: 2.434796e-02     Tr[DP]  2.630003e-01
 iter: 110:1        |ddm|: 3.999338e-02     Tr[DP]  2.629966e-01
 iter: 110:2        |ddm|: 2.949103e-02     Tr[DP]  2.629970e-01
 iter: 111:1        |ddm|: 4.085773e-02     Tr[DP]  2.629941e-01
 iter: 111:2        |ddm|: 3.038120e-02     Tr[DP]  2.629949e-01
 iter: 112:1        |ddm|: 4.280386e-02     Tr[DP]  2.629914e-01
 iter: 112:2        |ddm|: 3.192730e-02     Tr[DP]  2.629928e-01
 iter: 113:1        |ddm|: 4.600202e-02     Tr[DP]  2.629884e-01
 iter: 113:2        |ddm|: 3.396319e-02     Tr[DP]  2.629901e-01
 iter: 114:1        |ddm|: 6.094635e-02     Tr[DP]  2.629815e-01
 iter: 114:2        |ddm|: 4.268596e-02     Tr[DP]  2.629822e-01
 iter: 115:1        |ddm|: 4.415722e-02     Tr[DP]  2.629807e-01
 iter: 115:2        |ddm|: 3.307206e-02     Tr[DP]  2.629818e-01
 iter: 116:1        |ddm|: 4.431979e-02     Tr[DP]  2.629776e-01
 iter: 116:2        |ddm|: 3.251978e-02     Tr[DP]  2.629785e-01
 iter: 117:1        |ddm|: 4.613276e-02     Tr[DP]  2.629740e-01
 iter: 117:2        |ddm|: 3.362015e-02     Tr[DP]  2.629752e-01
 iter: 118:1        |ddm|: 4.624059e-02     Tr[DP]  2.629710e-01
 iter: 118:2        |ddm|: 3.372191e-02     Tr[DP]  2.629721e-01
 iter: 119:1        |ddm|: 2.510232e-02     Tr[DP]  2.629770e-01
 iter: 119:2        |ddm|: 1.767505e-02     Tr[DP]  2.629797e-01
 iter: 120:1        |ddm|: 5.032604e-02     Tr[DP]  2.629699e-01
 iter: 120:2        |ddm|: 3.575717e-02     Tr[DP]  2.629742e-01
 iter: 121:1        |ddm|: 8.749614e-02     Tr[DP]  2.629581e-01
 iter: 121:2        |ddm|: 5.943047e-02     Tr[DP]  2.629603e-01
 iter: 122:1        |ddm|: 5.872110e-02     Tr[DP]  2.629570e-01
 iter: 122:2        |ddm|: 4.262418e-02     Tr[DP]  2.629568e-01
 iter: 123:1        |ddm|: 3.856116e-02     Tr[DP]  2.629567e-01
 iter: 123:2        |ddm|: 2.879776e-02     Tr[DP]  2.629562e-01
 iter: 124:1        |ddm|: 3.910711e-02     Tr[DP]  2.629530e-01
 iter: 124:2        |ddm|: 2.890039e-02     Tr[DP]  2.629535e-01
 iter: 125:1        |ddm|: 4.056239e-02     Tr[DP]  2.629497e-01
 iter: 125:2        |ddm|: 2.967581e-02     Tr[DP]  2.629502e-01
 iter: 126:1        |ddm|: 5.340403e-02     Tr[DP]  2.629424e-01
 iter: 126:2        |ddm|: 3.589051e-02     Tr[DP]  2.629433e-01
 iter: 127:1        |ddm|: 2.379919e-02     Tr[DP]  2.629503e-01
 iter: 127:2        |ddm|: 1.485521e-02     Tr[DP]  2.629501e-01
 iter: 128:1        |ddm|: 2.197729e-02     Tr[DP]  2.629501e-01
 iter: 128:2        |ddm|: 1.715342e-02     Tr[DP]  2.629527e-01
 iter: 129:1        |ddm|: 1.085519e-01     Tr[DP]  2.629291e-01
 iter: 129:2        |ddm|: 7.031034e-02     Tr[DP]  2.629310e-01
 iter: 130:1        |ddm|: 5.595969e-02     Tr[DP]  2.629304e-01
 iter: 130:2        |ddm|: 4.037368e-02     Tr[DP]  2.629286e-01
 iter: 131:1        |ddm|: 3.023654e-02     Tr[DP]  2.629299e-01
 iter: 131:2        |ddm|: 2.253608e-02     Tr[DP]  2.629285e-01
 iter: 132:1        |ddm|: 2.927277e-02     Tr[DP]  2.629263e-01
 iter: 132:2        |ddm|: 2.159861e-02     Tr[DP]  2.629260e-01
 iter: 133:1        |ddm|: 3.623571e-02     Tr[DP]  2.629213e-01
 iter: 133:2        |ddm|: 2.579055e-02     Tr[DP]  2.629218e-01
 iter: 134:1        |ddm|: 3.433466e-02     Tr[DP]  2.629188e-01
 iter: 134:2        |ddm|: 2.485305e-02     Tr[DP]  2.629187e-01
 iter: 135:1        |ddm|: 3.063749e-02     Tr[DP]  2.629165e-01
 iter: 135:2        |ddm|: 2.263608e-02     Tr[DP]  2.629167e-01
 iter: 136:1        |ddm|: 2.766527e-02     Tr[DP]  2.629148e-01
 iter: 136:2        |ddm|: 2.086739e-02     Tr[DP]  2.629155e-01
 iter: 137:1        |ddm|: 2.817726e-02     Tr[DP]  2.629131e-01
 iter: 137:2        |ddm|: 2.142026e-02     Tr[DP]  2.629145e-01
 iter: 138:1        |ddm|: 3.722829e-02     Tr[DP]  2.629096e-01
 iter: 138:2        |ddm|: 2.684453e-02     Tr[DP]  2.629109e-01
 iter: 139:1        |ddm|: 2.726071e-02     Tr[DP]  2.629100e-01
 iter: 139:2        |ddm|: 2.083580e-02     Tr[DP]  2.629116e-01
 iter: 140:1        |ddm|: 4.297108e-02     Tr[DP]  2.629052e-01
 iter: 140:2        |ddm|: 3.020862e-02     Tr[DP]  2.629067e-01
 iter: 141:1        |ddm|: 5.725298e-02     Tr[DP]  2.628987e-01
 iter: 141:2        |ddm|: 3.891926e-02     Tr[DP]  2.628986e-01
 iter: 142:1        |ddm|: 3.766793e-02     Tr[DP]  2.628972e-01
 iter: 142:2        |ddm|: 2.731948e-02     Tr[DP]  2.628961e-01
 iter: 143:1        |ddm|: 2.616681e-02     Tr[DP]  2.628956e-01
 iter: 143:2        |ddm|: 1.948447e-02     Tr[DP]  2.628950e-01
 iter: 144:1        |ddm|: 2.523925e-02     Tr[DP]  2.628932e-01
 iter: 144:2        |ddm|: 1.876217e-02     Tr[DP]  2.628933e-01
 iter: 145:1        |ddm|: 3.469248e-02     Tr[DP]  2.628890e-01
 iter: 145:2        |ddm|: 2.474253e-02     Tr[DP]  2.628892e-01
 iter: 146:1        |ddm|: 3.617574e-02     Tr[DP]  2.628855e-01
 iter: 146:2        |ddm|: 2.570451e-02     Tr[DP]  2.628851e-01
 iter: 147:1        |ddm|: 2.757675e-02     Tr[DP]  2.628838e-01
 iter: 147:2        |ddm|: 2.036492e-02     Tr[DP]  2.628833e-01
 iter: 148:1        |ddm|: 2.764651e-02     Tr[DP]  2.628810e-01
 iter: 148:2        |ddm|: 2.016064e-02     Tr[DP]  2.628807e-01
 iter: 149:1        |ddm|: 2.046947e-02     Tr[DP]  2.628803e-01
 iter: 149:2        |ddm|: 1.569622e-02     Tr[DP]  2.628806e-01
 iter: 150:1        |ddm|: 2.754098e-02     Tr[DP]  2.628774e-01
 iter: 150:2        |ddm|: 2.001670e-02     Tr[DP]  2.628781e-01
 iter: 151:1        |ddm|: 3.411553e-02     Tr[DP]  2.628741e-01
 iter: 151:2        |ddm|: 2.416717e-02     Tr[DP]  2.628743e-01
 iter: 152:1        |ddm|: 3.219325e-02     Tr[DP]  2.628716e-01
 iter: 152:2        |ddm|: 2.311588e-02     Tr[DP]  2.628714e-01
 iter: 153:1        |ddm|: 2.598603e-02     Tr[DP]  2.628699e-01
 iter: 153:2        |ddm|: 1.920572e-02     Tr[DP]  2.628698e-01
 iter: 154:1        |ddm|: 2.423512e-02     Tr[DP]  2.628681e-01
 iter: 154:2        |ddm|: 1.793372e-02     Tr[DP]  2.628683e-01
 iter: 155:1        |ddm|: 3.091394e-02     Tr[DP]  2.628648e-01
 iter: 155:2        |ddm|: 2.190805e-02     Tr[DP]  2.628649e-01
 iter: 156:1        |ddm|: 2.368932e-02     Tr[DP]  2.628637e-01
 iter: 156:2        |ddm|: 1.763780e-02     Tr[DP]  2.628638e-01
 iter: 157:1        |ddm|: 2.705008e-02     Tr[DP]  2.628611e-01
 iter: 157:2        |ddm|: 1.950140e-02     Tr[DP]  2.628613e-01
 iter: 158:1        |ddm|: 2.649136e-02     Tr[DP]  2.628591e-01
 iter: 158:2        |ddm|: 1.923784e-02     Tr[DP]  2.628591e-01
 iter: 159:1        |ddm|: 2.898998e-02     Tr[DP]  2.628564e-01
 iter: 159:2        |ddm|: 2.067670e-02     Tr[DP]  2.628562e-01
 iter: 160:1        |ddm|: 2.154819e-02     Tr[DP]  2.628554e-01
 iter: 160:2        |ddm|: 1.610608e-02     Tr[DP]  2.628553e-01
 iter: 161:1        |ddm|: 1.997754e-02     Tr[DP]  2.628541e-01
 iter: 161:2        |ddm|: 1.499830e-02     Tr[DP]  2.628544e-01
 iter: 162:1        |ddm|: 2.123749e-02     Tr[DP]  2.628527e-01
 iter: 162:2        |ddm|: 1.580341e-02     Tr[DP]  2.628534e-01
 iter: 163:1        |ddm|: 2.389953e-02     Tr[DP]  2.628511e-01
 iter: 163:2        |ddm|: 1.751423e-02     Tr[DP]  2.628519e-01
 iter: 164:1        |ddm|: 2.413781e-02     Tr[DP]  2.628499e-01
 iter: 164:2        |ddm|: 1.773348e-02     Tr[DP]  2.628506e-01
 iter: 165:1        |ddm|: 2.394907e-02     Tr[DP]  2.628487e-01
 iter: 165:2        |ddm|: 1.761557e-02     Tr[DP]  2.628495e-01
 iter: 166:1        |ddm|: 2.306833e-02     Tr[DP]  2.628478e-01
 iter: 166:2        |ddm|: 1.704553e-02     Tr[DP]  2.628487e-01
 iter: 167:1        |ddm|: 2.515103e-02     Tr[DP]  2.628464e-01
 iter: 167:2        |ddm|: 1.829257e-02     Tr[DP]  2.628473e-01
 iter: 168:1        |ddm|: 2.519483e-02     Tr[DP]  2.628452e-01
 iter: 168:2        |ddm|: 1.829161e-02     Tr[DP]  2.628460e-01
 iter: 169:1        |ddm|: 2.102626e-02     Tr[DP]  2.628448e-01
 iter: 169:2        |ddm|: 1.570201e-02     Tr[DP]  2.628459e-01
 iter: 170:1        |ddm|: 2.153423e-02     Tr[DP]  2.628441e-01
 iter: 170:2        |ddm|: 1.597616e-02     Tr[DP]  2.628455e-01
 iter: 171:1        |ddm|: 3.013989e-02     Tr[DP]  2.628419e-01
 iter: 171:2        |ddm|: 2.122363e-02     Tr[DP]  2.628430e-01
 iter: 172:1        |ddm|: 2.476235e-02     Tr[DP]  2.628415e-01
 iter: 172:2        |ddm|: 1.807227e-02     Tr[DP]  2.628423e-01
 iter: 173:1        |ddm|: 2.565258e-02     Tr[DP]  2.628400e-01
 iter: 173:2        |ddm|: 1.849063e-02     Tr[DP]  2.628408e-01
 iter: 174:1        |ddm|: 3.848579e-02     Tr[DP]  2.628362e-01
 iter: 174:2        |ddm|: 2.607991e-02     Tr[DP]  2.628363e-01
 iter: 175:1        |ddm|: 2.324940e-02     Tr[DP]  2.628360e-01
 iter: 175:2        |ddm|: 1.697368e-02     Tr[DP]  2.628356e-01
 iter: 176:1        |ddm|: 2.322810e-02     Tr[DP]  2.628339e-01
 iter: 176:2        |ddm|: 1.646205e-02     Tr[DP]  2.628336e-01
 iter: 177:1        |ddm|: 1.639762e-02     Tr[DP]  2.628333e-01
 iter: 177:2        |ddm|: 1.219111e-02     Tr[DP]  2.628331e-01
 iter: 178:1        |ddm|: 1.661748e-02     Tr[DP]  2.628319e-01
 iter: 178:2        |ddm|: 1.229245e-02     Tr[DP]  2.628321e-01
 iter: 179:1        |ddm|: 1.554171e-02     Tr[DP]  2.628312e-01
 iter: 179:2        |ddm|: 1.167969e-02     Tr[DP]  2.628317e-01
 iter: 180:1        |ddm|: 1.701580e-02     Tr[DP]  2.628303e-01
 iter: 180:2        |ddm|: 1.259856e-02     Tr[DP]  2.628309e-01
 iter: 181:1        |ddm|: 1.667662e-02     Tr[DP]  2.628298e-01
 iter: 181:2        |ddm|: 1.258875e-02     Tr[DP]  2.628306e-01
 iter: 182:1        |ddm|: 1.995658e-02     Tr[DP]  2.628287e-01
 iter: 182:2        |ddm|: 1.464619e-02     Tr[DP]  2.628296e-01
 iter: 183:1        |ddm|: 2.284240e-02     Tr[DP]  2.628275e-01
 iter: 183:2        |ddm|: 1.636215e-02     Tr[DP]  2.628282e-01
 iter: 184:1        |ddm|: 2.233390e-02     Tr[DP]  2.628264e-01
 iter: 184:2        |ddm|: 1.611277e-02     Tr[DP]  2.628269e-01
 iter: 185:1        |ddm|: 2.270340e-02     Tr[DP]  2.628250e-01
 iter: 185:2        |ddm|: 1.623369e-02     Tr[DP]  2.628254e-01
 iter: 186:1        |ddm|: 2.841480e-02     Tr[DP]  2.628225e-01
 iter: 186:2        |ddm|: 1.949375e-02     Tr[DP]  2.628223e-01
 iter: 187:1        |ddm|: 1.742981e-02     Tr[DP]  2.628222e-01
 iter: 187:2        |ddm|: 1.278896e-02     Tr[DP]  2.628219e-01
 iter: 188:1        |ddm|: 1.429615e-02     Tr[DP]  2.628213e-01
 iter: 188:2        |ddm|: 1.062365e-02     Tr[DP]  2.628213e-01
 iter: 189:1        |ddm|: 1.344886e-02     Tr[DP]  2.628205e-01
 iter: 189:2        |ddm|: 1.006742e-02     Tr[DP]  2.628208e-01
 iter: 190:1        |ddm|: 1.446625e-02     Tr[DP]  2.628197e-01
 iter: 190:2        |ddm|: 1.075131e-02     Tr[DP]  2.628201e-01
 iter: 191:1        |ddm|: 1.569502e-02     Tr[DP]  2.628189e-01
 iter: 191:2        |ddm|: 1.159227e-02     Tr[DP]  2.628194e-01
 iter: 192:1        |ddm|: 1.772129e-02     Tr[DP]  2.628179e-01
 iter: 192:2        |ddm|: 1.288554e-02     Tr[DP]  2.628184e-01
 iter: 193:1        |ddm|: 1.710593e-02     Tr[DP]  2.628172e-01
 iter: 193:2        |ddm|: 1.253993e-02     Tr[DP]  2.628176e-01
 iter: 194:1        |ddm|: 1.705589e-02     Tr[DP]  2.628164e-01
 iter: 194:2        |ddm|: 1.247422e-02     Tr[DP]  2.628168e-01
 iter: 195:1        |ddm|: 1.581731e-02     Tr[DP]  2.628158e-01
 iter: 195:2        |ddm|: 1.166881e-02     Tr[DP]  2.628163e-01
 iter: 196:1        |ddm|: 1.005435e-02     Tr[DP]  2.628181e-01
 iter: 196:2        |ddm|: 5.273901e-03     Tr[DP]  2.628194e-01
 iter: 197:1        |ddm|: 1.090777e-02     Tr[DP]  2.628179e-01
 iter: 197:2        |ddm|: 8.658372e-03     Tr[DP]  2.628201e-01
 iter: 198:1        |ddm|: 4.788946e-02     Tr[DP]  2.628129e-01
 iter: 198:2        |ddm|: 3.079511e-02     Tr[DP]  2.628137e-01
 iter: 199:1        |ddm|: 2.499536e-02     Tr[DP]  2.628135e-01
 iter: 199:2        |ddm|: 1.794757e-02     Tr[DP]  2.628132e-01
 iter: 200:1        |ddm|: 1.719864e-02     Tr[DP]  2.628128e-01
 iter: 200:2        |ddm|: 1.248433e-02     Tr[DP]  2.628127e-01
 iter: 201:1        |ddm|: 1.408476e-02     Tr[DP]  2.628121e-01
 iter: 201:2        |ddm|: 1.029593e-02     Tr[DP]  2.628122e-01
 iter: 202:1        |ddm|: 2.182022e-02     Tr[DP]  2.628100e-01
 iter: 202:2        |ddm|: 1.486770e-02     Tr[DP]  2.628099e-01
 iter: 203:1        |ddm|: 1.354252e-02     Tr[DP]  2.628098e-01
 iter: 203:2        |ddm|: 9.972098e-03     Tr[DP]  2.628096e-01
 iter: 204:1        |ddm|: 1.048355e-02     Tr[DP]  2.628093e-01
 iter: 204:2        |ddm|: 7.859342e-03     Tr[DP]  2.628094e-01
 iter: 205:1        |ddm|: 1.153087e-02     Tr[DP]  2.628085e-01
 iter: 205:2        |ddm|: 8.529308e-03     Tr[DP]  2.628088e-01
 iter: 206:1        |ddm|: 1.233926e-02     Tr[DP]  2.628079e-01
 iter: 206:2        |ddm|: 9.121606e-03     Tr[DP]  2.628083e-01
 iter: 207:1        |ddm|: 1.215472e-02     Tr[DP]  2.628075e-01
 iter: 207:2        |ddm|: 9.106512e-03     Tr[DP]  2.628080e-01
 iter: 208:1        |ddm|: 1.444715e-02     Tr[DP]  2.628067e-01
 iter: 208:2        |ddm|: 1.048594e-02     Tr[DP]  2.628072e-01
 iter: 209:1        |ddm|: 1.478969e-02     Tr[DP]  2.628061e-01
 iter: 209:2        |ddm|: 1.072615e-02     Tr[DP]  2.628065e-01
 iter: 210:1        |ddm|: 1.827388e-02     Tr[DP]  2.628049e-01
 iter: 210:2        |ddm|: 1.274949e-02     Tr[DP]  2.628051e-01
 iter: 211:1        |ddm|: 1.353395e-02     Tr[DP]  2.628045e-01
 iter: 211:2        |ddm|: 9.928428e-03     Tr[DP]  2.628046e-01
 iter: 212:1        |ddm|: 1.649610e-02     Tr[DP]  2.628032e-01
 iter: 212:2        |ddm|: 1.151261e-02     Tr[DP]  2.628032e-01
 iter: 213:1        |ddm|: 1.171735e-02     Tr[DP]  2.628028e-01
 iter: 213:2        |ddm|: 8.657088e-03     Tr[DP]  2.628028e-01
 iter: 214:1        |ddm|: 8.880180e-03     Tr[DP]  2.628026e-01
 iter: 214:2        |ddm|: 6.793382e-03     Tr[DP]  2.628028e-01
 iter: 215:1        |ddm|: 8.134441e-03     Tr[DP]  2.628024e-01
 iter: 215:2        |ddm|: 6.303824e-03     Tr[DP]  2.628029e-01
 iter: 216:1        |ddm|: 1.423861e-02     Tr[DP]  2.628014e-01
 iter: 216:2        |ddm|: 1.006540e-02     Tr[DP]  2.628018e-01
 iter: 217:1        |ddm|: 1.574406e-02     Tr[DP]  2.628006e-01
 iter: 217:2        |ddm|: 1.111990e-02     Tr[DP]  2.628008e-01
 iter: 218:1        |ddm|: 1.105942e-02     Tr[DP]  2.628004e-01
 iter: 218:2        |ddm|: 8.256777e-03     Tr[DP]  2.628007e-01
 iter: 219:1        |ddm|: 8.447684e-03     Tr[DP]  2.628004e-01
 iter: 219:2        |ddm|: 6.497498e-03     Tr[DP]  2.628009e-01
 iter: 220:1        |ddm|: 1.612931e-02     Tr[DP]  2.627992e-01
 iter: 220:2        |ddm|: 1.112223e-02     Tr[DP]  2.627995e-01
 iter: 221:1        |ddm|: 1.259482e-02     Tr[DP]  2.627989e-01
 iter: 221:2        |ddm|: 9.216837e-03     Tr[DP]  2.627992e-01
 iter: 222:1        |ddm|: 1.170349e-02     Tr[DP]  2.627985e-01
 iter: 222:2        |ddm|: 8.567541e-03     Tr[DP]  2.627988e-01
 iter: 223:1        |ddm|: 1.179092e-02     Tr[DP]  2.627980e-01
 iter: 223:2        |ddm|: 8.577248e-03     Tr[DP]  2.627983e-01
 iter: 224:1        |ddm|: 1.114791e-02     Tr[DP]  2.627976e-01
 iter: 224:2        |ddm|: 8.167770e-03     Tr[DP]  2.627979e-01
 iter: 225:1        |ddm|: 2.870763e-02     Tr[DP]  2.627946e-01
 iter: 225:2        |ddm|: 1.840854e-02     Tr[DP]  2.627941e-01
 iter: 226:1        |ddm|: 1.307601e-02     Tr[DP]  2.627973e-01
 iter: 226:2        |ddm|: 5.583701e-03     Tr[DP]  2.627972e-01
 iter: 227:1        |ddm|: 5.749092e-03     Tr[DP]  2.627962e-01
 iter: 227:2        |ddm|: 4.349361e-03     Tr[DP]  2.627969e-01
 iter: 228:1        |ddm|: 1.123763e-02     Tr[DP]  2.627956e-01
 iter: 228:2        |ddm|: 8.052156e-03     Tr[DP]  2.627962e-01
 iter: 229:1        |ddm|: 1.000234e-02     Tr[DP]  2.627956e-01
 iter: 229:2        |ddm|: 7.491400e-03     Tr[DP]  2.627962e-01
 iter: 230:1        |ddm|: 1.143832e-02     Tr[DP]  2.627953e-01
 iter: 230:2        |ddm|: 8.348228e-03     Tr[DP]  2.627959e-01
 iter: 231:1        |ddm|: 1.615362e-02     Tr[DP]  2.627943e-01
 iter: 231:2        |ddm|: 1.116998e-02     Tr[DP]  2.627946e-01
 iter: 232:1        |ddm|: 1.102811e-02     Tr[DP]  2.627943e-01
 iter: 232:2        |ddm|: 8.109932e-03     Tr[DP]  2.627945e-01
 iter: 233:1        |ddm|: 1.329298e-02     Tr[DP]  2.627935e-01
 iter: 233:2        |ddm|: 9.337964e-03     Tr[DP]  2.627936e-01
 iter: 234:1        |ddm|: 9.809712e-03     Tr[DP]  2.627933e-01
 iter: 234:2        |ddm|: 7.206602e-03     Tr[DP]  2.627934e-01
 iter: 235:1        |ddm|: 9.289510e-03     Tr[DP]  2.627929e-01
 iter: 235:2        |ddm|: 6.790662e-03     Tr[DP]  2.627931e-01
 iter: 236:1        |ddm|: 1.034062e-02     Tr[DP]  2.627923e-01
 iter: 236:2        |ddm|: 7.416813e-03     Tr[DP]  2.627925e-01
 iter: 237:1        |ddm|: 8.183932e-03     Tr[DP]  2.627922e-01
 iter: 237:2        |ddm|: 6.095984e-03     Tr[DP]  2.627924e-01
 iter: 238:1        |ddm|: 8.454906e-03     Tr[DP]  2.627919e-01
 iter: 238:2        |ddm|: 6.232708e-03     Tr[DP]  2.627922e-01
 iter: 239:1        |ddm|: 7.274480e-03     Tr[DP]  2.627918e-01
 iter: 239:2        |ddm|: 5.521708e-03     Tr[DP]  2.627922e-01
 iter: 240:1        |ddm|: 9.164958e-03     Tr[DP]  2.627915e-01
 iter: 240:2        |ddm|: 6.697029e-03     Tr[DP]  2.627919e-01
 iter: 241:1        |ddm|: 9.634911e-03     Tr[DP]  2.627912e-01
 iter: 241:2        |ddm|: 7.048705e-03     Tr[DP]  2.627917e-01
 iter: 242:1        |ddm|: 1.182673e-02     Tr[DP]  2.627907e-01
 iter: 242:2        |ddm|: 8.358060e-03     Tr[DP]  2.627910e-01
 iter: 243:1        |ddm|: 8.539362e-03     Tr[DP]  2.627907e-01
 iter: 243:2        |ddm|: 6.351468e-03     Tr[DP]  2.627910e-01
 iter: 244:1        |ddm|: 9.356890e-03     Tr[DP]  2.627904e-01
 iter: 244:2        |ddm|: 6.793755e-03     Tr[DP]  2.627907e-01
 iter: 245:1        |ddm|: 1.055796e-02     Tr[DP]  2.627899e-01
 iter: 245:2        |ddm|: 7.523924e-03     Tr[DP]  2.627902e-01
 iter: 246:1        |ddm|: 6.613948e-03     Tr[DP]  2.627902e-01
 iter: 246:2        |ddm|: 4.993117e-03     Tr[DP]  2.627905e-01
 iter: 247:1        |ddm|: 1.144435e-02     Tr[DP]  2.627894e-01
 iter: 247:2        |ddm|: 7.931626e-03     Tr[DP]  2.627897e-01
 iter: 248:1        |ddm|: 9.475729e-03     Tr[DP]  2.627892e-01
 iter: 248:2        |ddm|: 6.848650e-03     Tr[DP]  2.627895e-01
 iter: 249:1        |ddm|: 1.737344e-02     Tr[DP]  2.627878e-01
 iter: 249:2        |ddm|: 1.145471e-02     Tr[DP]  2.627877e-01
 iter: 250:1        |ddm|: 5.793052e-03     Tr[DP]  2.627888e-01
 iter: 250:2        |ddm|: 3.415144e-03     Tr[DP]  2.627888e-01
 iter: 251:1        |ddm|: 6.115754e-03     Tr[DP]  2.627882e-01
 iter: 251:2        |ddm|: 4.480132e-03     Tr[DP]  2.627884e-01
 iter: 252:1        |ddm|: 8.025154e-03     Tr[DP]  2.627878e-01
 iter: 252:2        |ddm|: 5.740546e-03     Tr[DP]  2.627880e-01
 iter: 253:1        |ddm|: 7.640004e-03     Tr[DP]  2.627875e-01
 iter: 253:2        |ddm|: 5.551900e-03     Tr[DP]  2.627878e-01
 iter: 254:1        |ddm|: 5.590219e-03     Tr[DP]  2.627876e-01
 iter: 254:2        |ddm|: 4.322536e-03     Tr[DP]  2.627880e-01
 iter: 255:1        |ddm|: 6.211243e-03     Tr[DP]  2.627876e-01
 iter: 255:2        |ddm|: 4.808852e-03     Tr[DP]  2.627880e-01
 iter: 256:1        |ddm|: 6.764593e-03     Tr[DP]  2.627876e-01
 iter: 256:2        |ddm|: 5.156769e-03     Tr[DP]  2.627881e-01
 iter: 257:1        |ddm|: 1.277911e-02     Tr[DP]  2.627868e-01
 iter: 257:2        |ddm|: 8.653724e-03     Tr[DP]  2.627871e-01
 iter: 258:1        |ddm|: 9.740340e-03     Tr[DP]  2.627867e-01
 iter: 258:2        |ddm|: 6.959951e-03     Tr[DP]  2.627869e-01
 iter: 259:1        |ddm|: 8.046891e-03     Tr[DP]  2.627865e-01
 iter: 259:2        |ddm|: 5.847529e-03     Tr[DP]  2.627867e-01
 iter: 260:1        |ddm|: 1.597838e-02     Tr[DP]  2.627852e-01
 iter: 260:2        |ddm|: 1.050324e-02     Tr[DP]  2.627850e-01
 iter: 261:1        |ddm|: 5.370916e-03     Tr[DP]  2.627861e-01
 iter: 261:2        |ddm|: 2.765634e-03     Tr[DP]  2.627861e-01
 iter: 262:1        |ddm|: 4.894889e-03     Tr[DP]  2.627856e-01
 iter: 262:2        |ddm|: 3.581199e-03     Tr[DP]  2.627858e-01
 iter: 263:1        |ddm|: 6.079183e-03     Tr[DP]  2.627853e-01
 iter: 263:2        |ddm|: 4.492444e-03     Tr[DP]  2.627856e-01
 iter: 264:1        |ddm|: 6.104831e-03     Tr[DP]  2.627852e-01
 iter: 264:2        |ddm|: 4.544825e-03     Tr[DP]  2.627855e-01
 iter: 265:1        |ddm|: 6.012792e-03     Tr[DP]  2.627851e-01
 iter: 265:2        |ddm|: 4.489405e-03     Tr[DP]  2.627855e-01
 iter: 266:1        |ddm|: 9.284746e-03     Tr[DP]  2.627846e-01
 iter: 266:2        |ddm|: 6.444790e-03     Tr[DP]  2.627848e-01
 iter: 267:1        |ddm|: 6.466265e-03     Tr[DP]  2.627847e-01
 iter: 267:2        |ddm|: 4.847657e-03     Tr[DP]  2.627849e-01
 iter: 268:1        |ddm|: 6.942712e-03     Tr[DP]  2.627844e-01
 iter: 268:2        |ddm|: 4.997782e-03     Tr[DP]  2.627846e-01
 iter: 269:1        |ddm|: 6.703505e-03     Tr[DP]  2.627842e-01
 iter: 269:2        |ddm|: 4.879972e-03     Tr[DP]  2.627845e-01
 iter: 270:1        |ddm|: 1.052437e-02     Tr[DP]  2.627835e-01
 iter: 270:2        |ddm|: 7.144163e-03     Tr[DP]  2.627836e-01
 iter: 271:1        |ddm|: 4.563653e-03     Tr[DP]  2.627838e-01
 iter: 271:2        |ddm|: 3.348853e-03     Tr[DP]  2.627839e-01
 iter: 272:1        |ddm|: 5.559584e-03     Tr[DP]  2.627835e-01
 iter: 272:2        |ddm|: 4.045902e-03     Tr[DP]  2.627837e-01
 iter: 273:1        |ddm|: 5.933683e-03     Tr[DP]  2.627833e-01
 iter: 273:2        |ddm|: 4.337494e-03     Tr[DP]  2.627835e-01
 iter: 274:1        |ddm|: 5.648305e-03     Tr[DP]  2.627832e-01
 iter: 274:2        |ddm|: 4.165447e-03     Tr[DP]  2.627834e-01
 iter: 275:1        |ddm|: 5.588843e-03     Tr[DP]  2.627830e-01
 iter: 275:2        |ddm|: 4.130097e-03     Tr[DP]  2.627833e-01
 iter: 276:1        |ddm|: 5.309777e-03     Tr[DP]  2.627830e-01
 iter: 276:2        |ddm|: 3.960680e-03     Tr[DP]  2.627832e-01
 iter: 277:1        |ddm|: 6.269564e-03     Tr[DP]  2.627828e-01
 iter: 277:2        |ddm|: 4.546074e-03     Tr[DP]  2.627830e-01
 iter: 278:1        |ddm|: 6.536944e-03     Tr[DP]  2.627826e-01
 iter: 278:2        |ddm|: 4.725540e-03     Tr[DP]  2.627828e-01
 iter: 279:1        |ddm|: 5.315348e-03     Tr[DP]  2.627826e-01
 iter: 279:2        |ddm|: 3.961734e-03     Tr[DP]  2.627828e-01
 iter: 280:1        |ddm|: 5.765968e-03     Tr[DP]  2.627825e-01
 iter: 280:2        |ddm|: 4.222692e-03     Tr[DP]  2.627827e-01
 iter: 281:1        |ddm|: 5.406383e-03     Tr[DP]  2.627824e-01
 iter: 281:2        |ddm|: 4.012673e-03     Tr[DP]  2.627827e-01
 iter: 282:1        |ddm|: 7.333199e-03     Tr[DP]  2.627821e-01
 iter: 282:2        |ddm|: 5.176948e-03     Tr[DP]  2.627824e-01
 iter: 283:1        |ddm|: 5.099419e-03     Tr[DP]  2.627822e-01
 iter: 283:2        |ddm|: 3.813971e-03     Tr[DP]  2.627825e-01
 iter: 284:1        |ddm|: 5.957230e-03     Tr[DP]  2.627820e-01
 iter: 284:2        |ddm|: 4.291552e-03     Tr[DP]  2.627823e-01
 iter: 285:1        |ddm|: 4.443849e-03     Tr[DP]  2.627822e-01
 iter: 285:2        |ddm|: 3.378896e-03     Tr[DP]  2.627825e-01
 iter: 286:1        |ddm|: 7.296089e-03     Tr[DP]  2.627818e-01
 iter: 286:2        |ddm|: 5.088089e-03     Tr[DP]  2.627821e-01
 iter: 287:1        |ddm|: 5.566092e-03     Tr[DP]  2.627819e-01
 iter: 287:2        |ddm|: 4.089634e-03     Tr[DP]  2.627822e-01
 iter: 288:1        |ddm|: 6.553138e-03     Tr[DP]  2.627817e-01
 iter: 288:2        |ddm|: 4.667762e-03     Tr[DP]  2.627819e-01
 iter: 289:1        |ddm|: 6.845522e-03     Tr[DP]  2.627815e-01
 iter: 289:2        |ddm|: 4.871104e-03     Tr[DP]  2.627817e-01
 iter: 290:1        |ddm|: 1.499438e-02     Tr[DP]  2.627803e-01
 iter: 290:2        |ddm|: 9.626913e-03     Tr[DP]  2.627801e-01
 iter: 291:1        |ddm|: 4.741376e-03     Tr[DP]  2.627807e-01
 iter: 291:2        |ddm|: 3.245858e-03     Tr[DP]  2.627804e-01
 iter: 292:1        |ddm|: 2.268604e-03     Tr[DP]  2.627806e-01
 iter: 292:2        |ddm|: 1.685417e-03     Tr[DP]  2.627806e-01
 iter: 293:1        |ddm|: 2.612970e-03     Tr[DP]  2.627804e-01
 iter: 293:2        |ddm|: 1.989536e-03     Tr[DP]  2.627805e-01
 iter: 294:1        |ddm|: 2.937199e-03     Tr[DP]  2.627803e-01
 iter: 294:2        |ddm|: 2.249836e-03     Tr[DP]  2.627804e-01
 iter: 295:1        |ddm|: 3.783969e-03     Tr[DP]  2.627801e-01
 iter: 295:2        |ddm|: 2.825365e-03     Tr[DP]  2.627803e-01
 iter: 296:1        |ddm|: 5.151581e-03     Tr[DP]  2.627799e-01
 iter: 296:2        |ddm|: 3.686598e-03     Tr[DP]  2.627800e-01
 iter: 297:1        |ddm|: 4.715422e-03     Tr[DP]  2.627798e-01
 iter: 297:2        |ddm|: 3.447267e-03     Tr[DP]  2.627799e-01
 iter: 298:1        |ddm|: 4.777836e-03     Tr[DP]  2.627796e-01
 iter: 298:2        |ddm|: 3.451336e-03     Tr[DP]  2.627797e-01
 iter: 299:1        |ddm|: 4.726150e-03     Tr[DP]  2.627794e-01
 iter: 299:2        |ddm|: 3.398673e-03     Tr[DP]  2.627794e-01
 iter: 300:1        |ddm|: 3.827632e-03     Tr[DP]  2.627793e-01
 iter: 300:2        |ddm|: 2.839501e-03     Tr[DP]  2.627794e-01
                         Freeze-and-Thaw NOT converged!                         

=================== Subsystem 1 at higher mean-field method ====================
  subiter:   1      |ddm|: 1.080031e+01
  subiter:   2      |ddm|: 1.290652e+00
  subiter:   3      |ddm|: 6.299374e-01
  subiter:   4      |ddm|: 1.863936e-01
  subiter:   5      |ddm|: 6.966382e-02
  subiter:   6      |ddm|: 1.401832e-02
  subiter:   7      |ddm|: 4.166639e-03
  subiter:   8      |ddm|: 2.469042e-03
  subiter:   9      |ddm|: 6.336775e-04
  subiter:  10      |ddm|: 8.855505e-04
  subiter:  11      |ddm|: 2.829633e-04
  subiter:  12      |ddm|: 5.769751e-05
  subiter:  13      |ddm|: 2.679245e-05
  subiter:  14      |ddm|: 4.900009e-06
  subiter:  15      |ddm|: 1.200739e-06
  subiter:  16      |ddm|: 9.977449e-07
  subiter:  17      |ddm|: 1.876074e-07
  subiter:  18      |ddm|: 1.650350e-07
  subiter:  19      |ddm|: 8.464091e-08
  subiter:  20      |ddm|: 3.253872e-08
  subiter:  21      |ddm|: 3.007748e-08
  subiter:  22      |ddm|: 2.586671e-08
  subiter:  23      |ddm|: 4.043572e-08
  subiter:  24      |ddm|: 2.207582e-08
  subiter:  25      |ddm|: 1.500198e-08
  subiter:  26      |ddm|: 2.075950e-08
  subiter:  27      |ddm|: 1.065487e-08
  subiter:  28      |ddm|: 1.767649e-08
  subiter:  29      |ddm|: 1.069749e-08
  subiter:  30      |ddm|: 9.741648e-09


******** <class 'pyscf.scf.hf.RHF'> flags ********
method = RHF
initial guess = minao
damping factor = 0
level shift factor = 0
DIIS = <class 'pyscf.scf.diis.CDIIS'>
DIIS start cycle = 1
DIIS space = 8
SCF tol = 1e-09
SCF gradient tol = None
max. SCF cycles = 100
direct_scf = True
direct_scf_tol = 1e-13
chkfile to save SCF result = /panfs/roc/scratch/graha682/D60/201712_augccpVDZ_NEVPT2_m06_60_6c12h24/tmpuIxW8m
max_memory 4000 MB (current use 2978 MB)
Set gradient conv threshold to 3.16228e-05
init E= -231.765892614681
  HOMO = -0.280876643128911  LUMO = 0.0429103621903369
cycle= 1 E= -231.765892614679  delta_E= 2.05e-12  |g|= 8.11e-10  |ddm|= 7.72e-08
  HOMO = -0.280876643127679  LUMO = 0.0429103621887044
Extra cycle  E= -231.765892614676  delta_E= 3.3e-12  |g|= 6.97e-10  |ddm|= 8.84e-08
converged SCF energy = -231.765892614676


******** <class 'pyscf.dft.rks.RKS'> flags ********
method = RKS
initial guess = atom
damping factor = 0
level shift factor = 0.0
DIIS = <class 'pyscf.scf.diis.CDIIS'>
DIIS start cycle = 1
DIIS space = 8
SCF tol = 1e-08
SCF gradient tol = 1e-08
max. SCF cycles = 1
direct_scf = True
direct_scf_tol = 1e-13
chkfile to save SCF result = /panfs/roc/scratch/graha682/D60/201712_augccpVDZ_NEVPT2_m06_60_6c12h24/tmpHTIo6R
max_memory 4000 MB (current use 2979 MB)
XC functionals = m06
small_rho_cutoff = 1e-20
radial grids: Treutler-Ahlrichs (JCP 102, 346 (M4)) radial grids
becke partition: Becke, JCP, 88, 2547 (1988)
pruning grids: <function nwchem_prune at 0x15ae5f0>
grids dens level: 4
symmetrized grids: False
atomic radii adjust function: <function treutler_atomic_radii_adjust at 0x15ae488>
init E= -233.366501760434
  HOMO = -0.203875850055543  LUMO = -0.0378861568084455
cycle= 1 E= -233.366501768281  delta_E= -7.85e-09  |g|= 0.000117  |ddm|= 0.00389
  HOMO = -0.203875450739158  LUMO = -0.0378850087363784
Extra cycle  E= -233.36650176411  delta_E= 4.17e-09  |g|= 0.000189  |ddm|= 0.00345
SCF not converged.
SCF energy = -233.36650176411 after 1 cycles
 iter: 301:1        |ddm|: 1.179368e+01     Tr[DP]  3.445090e-01

******** <class 'pyscf.mcscf.mc1step.CASSCF'> flags ********
CAS (1e+1e, 2o), ncore = 22, nvir = 204
max_cycle_macro = 50
max_cycle_micro = 4
conv_tol = 1e-07
conv_tol_grad = None
orbital rotation max_stepsize = 0.02
augmented hessian ah_max_cycle = 30
augmented hessian ah_conv_tol = 1e-12
augmented hessian ah_linear dependence = 1e-14
augmented hessian ah_level shift = 0
augmented hessian ah_start_tol = 2.5
augmented hessian ah_start_cycle = 3
augmented hessian ah_grad_trust_region = 3
kf_trust_region = 3
kf_interval = 4
ci_response_space = 4
ci_grad_trust_region = 3
with_dep4 0
natorb = False
canonicalization = True
sorting_mo_energy = False
chkfile = /panfs/roc/scratch/graha682/D60/201712_augccpVDZ_NEVPT2_m06_60_6c12h24/tmpuIxW8m
max_memory 4000 MB (current use 2987 MB)
internal_rotation = False
******** <class 'pyscf.fci.direct_spin1.FCISolver'> flags ********
max. cycles = 50
conv_tol = 1e-08
davidson only = False
linear dependence = 1e-10
level shift = 0.001
max iter space = 12
max_memory 4000 MB
nroots = 1
pspace_size = 400
spin = None
CASCI E = -231.7658929709  S^2 = 0.0000000
Set conv_tol_grad to 0.000316228
macro iter 1 (1 JK  1 micro), CASSCF E = -231.765892970899  dE = 6.2527761e-13  S^2 = 0.0000000
               |grad[o]|=7.59e-06  |grad[c]|= 5.61744854507e-14  |ddm|=    0
1-step CASSCF converged in 1 macro (1 JK 1 micro) steps
CASSCF canonicalization
CASSCF energy = -231.765892970899
Hartree-Fock Energy:  -231.76589261467603
CAS Correlation:       -0.00000035622330
CAS Energy:          -231.76589297089933
Sr    (-1)',   E = -0.00003194462614
Si    (+1)',   E = -0.00000050810795
Sijrs (0)  ,   E = -0.77664480422019
Sijr  (+1) ,   E = -0.00134323706924
Srsi  (-1) ,   E = -0.11972312294900
Srs   (-2) ,   E = -0.01439776103144
Sij   (+2) ,   E = -0.00000302202424
Sir   (0)' ,   E = -0.00028965286717
Nevpt2 Energy = -0.912434052895379
NEVPT2 =   -0.912434052895379
Total NEVPT2 = -232.678327023794708

============================== Supermolecular DFT ==============================
  subiter:   1      |ddm|: 8.269440e+01
  subiter:   2      |ddm|: 2.524204e+00
  subiter:   3      |ddm|: 8.022755e-01
  subiter:   4      |ddm|: 1.711513e-01
  subiter:   5      |ddm|: 9.904943e-02
  subiter:   6      |ddm|: 1.896251e-02
  subiter:   7      |ddm|: 5.160900e-03
  subiter:   8      |ddm|: 3.032945e-03
  subiter:   9      |ddm|: 6.282534e-04
  subiter:  10      |ddm|: 2.359120e-04
  subiter:  11      |ddm|: 6.677147e-05
  subiter:  12      |ddm|: 1.732021e-05
  subiter:  13      |ddm|: 1.282865e-05
  subiter:  14      |ddm|: 4.323688e-06
  subiter:  15      |ddm|: 1.495626e-06
  subiter:  16      |ddm|: 4.017240e-07
  subiter:  17      |ddm|: 4.564581e-07
  subiter:  18      |ddm|: 7.892630e-08
  subiter:  19      |ddm|: 4.899816e-08
  subiter:  20      |ddm|: 4.509848e-08
  subiter:  21      |ddm|: 3.060440e-08
  subiter:  22      |ddm|: 8.676621e-08
  subiter:  23      |ddm|: 2.904411e-08
  subiter:  24      |ddm|: 3.467970e-08
  subiter:  25      |ddm|: 3.572058e-08
  subiter:  26      |ddm|: 2.819217e-08
  subiter:  27      |ddm|: 2.750689e-08
  subiter:  28      |ddm|: 3.107362e-08
  subiter:  29      |ddm|: 2.597823e-08
  subiter:  30      |ddm|: 3.084781e-08
  subiter:  31      |ddm|: 4.261326e-08
  subiter:  32      |ddm|: 2.299495e-08
  subiter:  33      |ddm|: 3.408056e-08
  subiter:  34      |ddm|: 2.571439e-08
  subiter:  35      |ddm|: 3.052396e-08
  subiter:  36      |ddm|: 2.307329e-08
  subiter:  37      |ddm|: 3.283752e-08
  subiter:  38      |ddm|: 3.307133e-08
  subiter:  39      |ddm|: 3.999449e-08
  subiter:  40      |ddm|: 1.977890e-08
  subiter:  41      |ddm|: 2.474357e-08
  subiter:  42      |ddm|: 3.023817e-08
  subiter:  43      |ddm|: 4.054750e-08
  subiter:  44      |ddm|: 2.339471e-08
  subiter:  45      |ddm|: 2.691400e-08
  subiter:  46      |ddm|: 2.839295e-08
  subiter:  47      |ddm|: 4.578263e-08
  subiter:  48      |ddm|: 2.325132e-08
  subiter:  49      |ddm|: 3.351659e-08
  subiter:  50      |ddm|: 3.228860e-08
  subiter:  51      |ddm|: 2.600359e-08
  subiter:  52      |ddm|: 3.549961e-08
  subiter:  53      |ddm|: 2.915680e-08
  subiter:  54      |ddm|: 2.578568e-08
  subiter:  55      |ddm|: 2.692781e-08
  subiter:  56      |ddm|: 3.033322e-08
  subiter:  57      |ddm|: 3.388582e-08
  subiter:  58      |ddm|: 2.769236e-08
  subiter:  59      |ddm|: 2.128397e-08
  subiter:  60      |ddm|: 2.512764e-08
  subiter:  61      |ddm|: 3.672199e-08
  subiter:  62      |ddm|: 3.646385e-08
  subiter:  63      |ddm|: 2.564027e-08
  subiter:  64      |ddm|: 3.532159e-08
  subiter:  65      |ddm|: 3.050565e-08
  subiter:  66      |ddm|: 3.969387e-08
  subiter:  67      |ddm|: 2.760389e-08
  subiter:  68      |ddm|: 3.052256e-08
  subiter:  69      |ddm|: 2.313411e-08
  subiter:  70      |ddm|: 2.600090e-08
  subiter:  71      |ddm|: 2.244317e-08
  subiter:  72      |ddm|: 2.691871e-08
  subiter:  73      |ddm|: 2.809174e-08
  subiter:  74      |ddm|: 2.628259e-08
  subiter:  75      |ddm|: 2.600624e-08
  subiter:  76      |ddm|: 3.662809e-08
  subiter:  77      |ddm|: 2.859202e-08
  subiter:  78      |ddm|: 3.746358e-08
  subiter:  79      |ddm|: 3.227338e-08
  subiter:  80      |ddm|: 2.287384e-08
  subiter:  81      |ddm|: 2.226844e-08
  subiter:  82      |ddm|: 4.213821e-08
  subiter:  83      |ddm|: 2.353801e-08
  subiter:  84      |ddm|: 2.267490e-08
  subiter:  85      |ddm|: 3.266728e-08
  subiter:  86      |ddm|: 2.033641e-08
  subiter:  87      |ddm|: 2.166318e-08
  subiter:  88      |ddm|: 3.689423e-08
  subiter:  89      |ddm|: 2.988796e-08
  subiter:  90      |ddm|: 3.915989e-08
  subiter:  91      |ddm|: 3.062318e-08
  subiter:  92      |ddm|: 2.503850e-08
  subiter:  93      |ddm|: 1.749322e-08
  subiter:  94      |ddm|: 2.276897e-08
  subiter:  95      |ddm|: 3.126253e-08
  subiter:  96      |ddm|: 4.410598e-08
  subiter:  97      |ddm|: 2.217144e-08
  subiter:  98      |ddm|: 2.192692e-08
  subiter:  99      |ddm|: 3.114417e-08
  subiter: 100      |ddm|: 2.215316e-08


******** <class 'pyscf.dft.rks.RKS'> flags ********
method = RKS
initial guess = atom
damping factor = 0
level shift factor = 0.0
DIIS = <class 'pyscf.scf.diis.CDIIS'>
DIIS start cycle = 1
DIIS space = 8
SCF tol = 1e-08
SCF gradient tol = 1e-08
max. SCF cycles = 100
direct_scf = True
direct_scf_tol = 1e-13
chkfile to save SCF result = /panfs/roc/scratch/graha682/D60/201712_augccpVDZ_NEVPT2_m06_60_6c12h24/tmp3woak3
max_memory 4000 MB (current use 3039 MB)
XC functionals = m06
small_rho_cutoff = 1e-20
radial grids: Treutler-Ahlrichs (JCP 102, 346 (M4)) radial grids
becke partition: Becke, JCP, 88, 2547 (1988)
pruning grids: <function nwchem_prune at 0x15ae5f0>
grids dens level: 4
symmetrized grids: False
atomic radii adjust function: <function treutler_atomic_radii_adjust at 0x15ae488>
init E= -471.288763789189
  HOMO = -0.203056545630742  LUMO = -0.0404977913049417
cycle= 1 E= -471.288763789186  delta_E= 3.87e-12  |g|= 1.78e-09  |ddm|= 1.29e-07
  HOMO = -0.203056545630618  LUMO = -0.0404977913033558
Extra cycle  E= -471.288763789164  delta_E= 2.21e-11  |g|= 4.84e-09  |ddm|= 1.07e-06
converged SCF energy = -471.288763789164
Supermolecular DFT   -471.28876378918972

============================== Embedding Energies ==============================
Subsystem DFT              -233.36650176410922
Interaction                -237.58198195057207
DFT-in-DFT                 -470.94848371468129
Supermolecular DFT         -471.28876378918972
Difference                   -0.34028007450843
Corrected DFT-in-DFT       -471.28876378918972
WF-in-DFT                  -470.26030897436681
Corrected WF-in-DFT        -470.60058904887524
================================================================================
TIMING STATISTICS:
     overlap integrals      0.07s   ( 0.00%)
    initial subsystems      0.69s   ( 0.00%)
           2e matrices  24227.40s   (73.61%)
      tot. embed. of 1  24392.88s   (74.11%)
      tot. embed. of 2      3.79s   ( 0.01%)
       freeze and thaw  24397.74s   (74.13%)
                   cas     23.06s   ( 0.07%)
                nevpt2     17.86s   ( 0.05%)
  interaction energies   8471.42s   (25.74%)
                 TOTAL  32912.55s
================================================================================

********************************************************************************
*                              END OF CALCULATION                              *
********************************************************************************
