********************************************************************************
*                         FREEZE-AND-THAW CALCULATION                          *
********************************************************************************

================================== Input File ==================================
subsystem
C          0.60968        1.88962       -0.16430
H          1.05644        2.87328       -0.38280
C         -0.57841        1.85402        0.44433
H         -0.62142        2.08215        1.52184
C          4.98295       -0.59015        0.39333
H          4.83583       -0.60409        1.49022
H          5.53078        0.34873        0.18454
C          3.62701       -0.53600       -0.28859
H          3.07313       -1.47358       -0.08090
H          3.76812       -0.51946       -1.38813
C          2.78128        0.65238        0.12940
H          3.33155        1.59049       -0.08349
H          2.63649        0.64111        1.22719
C          1.41998        0.69821       -0.55371
H          0.85676       -0.22659       -0.32605
H          1.57811        0.69475       -1.65103
C         -1.87384        1.49450       -0.20398
H         -1.71585        1.32858       -1.28649
H         -2.58028        2.34551       -0.12743
C         -2.53047        0.26613        0.41393
H         -2.66553        0.42911        1.50175
H         -1.83966       -0.59534        0.33095
C         -3.86612       -0.08514       -0.21448
H         -4.55299        0.78090       -0.12868
H         -3.73096       -0.24189       -1.30359
C         -4.52284       -1.31213        0.39355
H         -3.83189       -2.17244        0.30712
H         -4.65359       -1.15127        1.48085
end

subsystem
C          5.81609       -1.78257       -0.03350
H          6.00192       -1.77065       -1.12106
H          5.30157       -2.73126        0.19596
H          6.79565       -1.80800        0.46886
C         -5.85560       -1.65106       -0.24447
H         -6.31921       -2.54215        0.20674
H         -6.57092       -0.81735       -0.14107
H         -5.74237       -1.84756       -1.32427
end

embed
 huzfermi
 cycles 300
 conv 1e-8
 method m06
end

basis cc-pVDZ
method cas[2,2]/nevpt2
grid 4
conv 1e-8
grad 1e-8
maxiter 100
================================== End Input ===================================
tot grids = 725328

                      Getting subsystem overlap integrals                       

                          Initial subsystem densities                           
Guessing initial subsystem densities
Initial guess from superpostion of atomic densties.
Guessing initial subsystem densities
Initial guess from superpostion of atomic densties.

=========================== Starting Freeze-and-Thaw ===========================
 iter:   1:1        |ddm|: 5.598913e+00     Tr[DP]  6.665088e-01
 iter:   1:2        |ddm|: 2.714870e+00     Tr[DP]  4.225562e-01
 iter:   2:1        |ddm|: 3.144042e+01     Tr[DP]  8.681107e-01
 iter:   2:2        |ddm|: 8.505491e+00     Tr[DP]  9.348132e-01
 iter:   3:1        |ddm|: 3.176843e+01     Tr[DP]  4.123075e-01
 iter:   3:2        |ddm|: 8.461945e+00     Tr[DP]  5.858091e-01
 iter:   4:1        |ddm|: 5.166517e+00     Tr[DP]  4.937492e-01
 iter:   4:2        |ddm|: 1.261629e+00     Tr[DP]  5.179546e-01
 iter:   5:1        |ddm|: 2.568948e+00     Tr[DP]  6.033116e-01
 iter:   5:2        |ddm|: 4.815617e-01     Tr[DP]  5.415331e-01
 iter:   6:1        |ddm|: 1.115354e+00     Tr[DP]  5.973367e-01
 iter:   6:2        |ddm|: 2.367840e-01     Tr[DP]  5.522862e-01
 iter:   7:1        |ddm|: 6.281166e-01     Tr[DP]  5.908147e-01
 iter:   7:2        |ddm|: 1.526653e-01     Tr[DP]  5.626188e-01
 iter:   8:1        |ddm|: 4.216227e-01     Tr[DP]  5.800951e-01
 iter:   8:2        |ddm|: 1.250927e-01     Tr[DP]  5.656985e-01
 iter:   9:1        |ddm|: 2.301841e-01     Tr[DP]  5.787545e-01
 iter:   9:2        |ddm|: 6.264681e-02     Tr[DP]  5.672728e-01
 iter:  10:1        |ddm|: 1.408181e-01     Tr[DP]  5.748504e-01
 iter:  10:2        |ddm|: 3.729766e-02     Tr[DP]  5.674771e-01
 iter:  11:1        |ddm|: 7.863446e-02     Tr[DP]  5.713702e-01
 iter:  11:2        |ddm|: 2.299331e-02     Tr[DP]  5.679426e-01
 iter:  12:1        |ddm|: 4.113132e-02     Tr[DP]  5.699428e-01
 iter:  12:2        |ddm|: 1.363397e-02     Tr[DP]  5.678815e-01
 iter:  13:1        |ddm|: 3.027698e-02     Tr[DP]  5.687531e-01
 iter:  13:2        |ddm|: 1.337476e-02     Tr[DP]  5.676876e-01
 iter:  14:1        |ddm|: 1.820822e-02     Tr[DP]  5.682395e-01
 iter:  14:2        |ddm|: 1.095126e-02     Tr[DP]  5.676873e-01
 iter:  15:1        |ddm|: 1.712261e-02     Tr[DP]  5.679158e-01
 iter:  15:2        |ddm|: 1.102412e-02     Tr[DP]  5.675768e-01
 iter:  16:1        |ddm|: 1.424509e-02     Tr[DP]  5.677331e-01
 iter:  16:2        |ddm|: 1.033758e-02     Tr[DP]  5.675720e-01
 iter:  17:1        |ddm|: 1.508592e-02     Tr[DP]  5.678133e-01
 iter:  17:2        |ddm|: 1.234682e-02     Tr[DP]  5.676914e-01
 iter:  18:1        |ddm|: 2.159436e-02     Tr[DP]  5.674415e-01
 iter:  18:2        |ddm|: 1.330882e-02     Tr[DP]  5.674016e-01
 iter:  19:1        |ddm|: 1.375605e-02     Tr[DP]  5.673633e-01
 iter:  19:2        |ddm|: 9.804480e-03     Tr[DP]  5.673286e-01
 iter:  20:1        |ddm|: 1.598056e-02     Tr[DP]  5.671921e-01
 iter:  20:2        |ddm|: 1.047527e-02     Tr[DP]  5.671503e-01
 iter:  21:1        |ddm|: 1.237054e-02     Tr[DP]  5.671038e-01
 iter:  21:2        |ddm|: 8.930311e-03     Tr[DP]  5.671167e-01
 iter:  22:1        |ddm|: 1.254392e-02     Tr[DP]  5.670617e-01
 iter:  22:2        |ddm|: 8.946726e-03     Tr[DP]  5.670604e-01
 iter:  23:1        |ddm|: 1.463638e-02     Tr[DP]  5.669296e-01
 iter:  23:2        |ddm|: 9.568306e-03     Tr[DP]  5.669235e-01
 iter:  24:1        |ddm|: 1.086417e-02     Tr[DP]  5.669030e-01
 iter:  24:2        |ddm|: 8.018536e-03     Tr[DP]  5.668959e-01
 iter:  25:1        |ddm|: 1.133986e-02     Tr[DP]  5.668588e-01
 iter:  25:2        |ddm|: 8.114621e-03     Tr[DP]  5.668535e-01
 iter:  26:1        |ddm|: 1.282470e-02     Tr[DP]  5.667608e-01
 iter:  26:2        |ddm|: 8.490708e-03     Tr[DP]  5.667472e-01
 iter:  27:1        |ddm|: 9.788454e-03     Tr[DP]  5.667529e-01
 iter:  27:2        |ddm|: 7.446171e-03     Tr[DP]  5.667516e-01
 iter:  28:1        |ddm|: 1.015883e-02     Tr[DP]  5.667516e-01
 iter:  28:2        |ddm|: 7.717845e-03     Tr[DP]  5.667467e-01
 iter:  29:1        |ddm|: 1.171879e-02     Tr[DP]  5.666843e-01
 iter:  29:2        |ddm|: 7.879809e-03     Tr[DP]  5.666748e-01
 iter:  30:1        |ddm|: 9.566897e-03     Tr[DP]  5.666963e-01
 iter:  30:2        |ddm|: 7.643889e-03     Tr[DP]  5.666933e-01
 iter:  31:1        |ddm|: 1.105773e-02     Tr[DP]  5.666507e-01
 iter:  31:2        |ddm|: 7.630459e-03     Tr[DP]  5.666415e-01
 iter:  32:1        |ddm|: 9.881054e-03     Tr[DP]  5.666244e-01
 iter:  32:2        |ddm|: 7.285669e-03     Tr[DP]  5.666174e-01
 iter:  33:1        |ddm|: 9.621223e-03     Tr[DP]  5.666213e-01
 iter:  33:2        |ddm|: 7.441903e-03     Tr[DP]  5.666150e-01
 iter:  34:1        |ddm|: 9.950848e-03     Tr[DP]  5.666190e-01
 iter:  34:2        |ddm|: 7.695963e-03     Tr[DP]  5.666123e-01
 iter:  35:1        |ddm|: 1.398910e-02     Tr[DP]  5.665134e-01
 iter:  35:2        |ddm|: 8.769363e-03     Tr[DP]  5.664985e-01
 iter:  36:1        |ddm|: 8.821374e-03     Tr[DP]  5.664927e-01
 iter:  36:2        |ddm|: 6.532490e-03     Tr[DP]  5.664880e-01
 iter:  37:1        |ddm|: 9.743431e-03     Tr[DP]  5.664537e-01
 iter:  37:2        |ddm|: 6.674205e-03     Tr[DP]  5.664465e-01
 iter:  38:1        |ddm|: 1.284519e-02     Tr[DP]  5.663621e-01
 iter:  38:2        |ddm|: 8.075080e-03     Tr[DP]  5.663517e-01
 iter:  39:1        |ddm|: 7.908407e-03     Tr[DP]  5.663330e-01
 iter:  39:2        |ddm|: 5.399419e-03     Tr[DP]  5.663297e-01
 iter:  40:1        |ddm|: 1.578212e-02     Tr[DP]  5.662167e-01
 iter:  40:2        |ddm|: 9.873250e-03     Tr[DP]  5.662058e-01
 iter:  41:1        |ddm|: 6.308697e-03     Tr[DP]  5.662227e-01
 iter:  41:2        |ddm|: 3.921750e-03     Tr[DP]  5.662238e-01
 iter:  42:1        |ddm|: 5.683431e-03     Tr[DP]  5.662344e-01
 iter:  42:2        |ddm|: 4.360826e-03     Tr[DP]  5.662332e-01
 iter:  43:1        |ddm|: 5.980758e-03     Tr[DP]  5.662347e-01
 iter:  43:2        |ddm|: 4.511907e-03     Tr[DP]  5.662314e-01
 iter:  44:1        |ddm|: 6.085405e-03     Tr[DP]  5.662301e-01
 iter:  44:2        |ddm|: 4.541267e-03     Tr[DP]  5.662255e-01
 iter:  45:1        |ddm|: 6.481700e-03     Tr[DP]  5.662134e-01
 iter:  45:2        |ddm|: 4.505126e-03     Tr[DP]  5.662077e-01
 iter:  46:1        |ddm|: 6.592627e-03     Tr[DP]  5.661905e-01
 iter:  46:2        |ddm|: 4.425251e-03     Tr[DP]  5.661847e-01
 iter:  47:1        |ddm|: 6.999841e-03     Tr[DP]  5.661612e-01
 iter:  47:2        |ddm|: 4.499315e-03     Tr[DP]  5.661557e-01
 iter:  48:1        |ddm|: 8.626356e-03     Tr[DP]  5.661163e-01
 iter:  48:2        |ddm|: 5.410410e-03     Tr[DP]  5.661105e-01
 iter:  49:1        |ddm|: 5.234730e-03     Tr[DP]  5.660972e-01
 iter:  49:2        |ddm|: 3.272534e-03     Tr[DP]  5.660936e-01
 iter:  50:1        |ddm|: 5.804498e-03     Tr[DP]  5.661277e-01
 iter:  50:2        |ddm|: 4.505554e-03     Tr[DP]  5.661276e-01
 iter:  51:1        |ddm|: 6.953400e-03     Tr[DP]  5.661029e-01
 iter:  51:2        |ddm|: 4.075489e-03     Tr[DP]  5.660980e-01
 iter:  52:1        |ddm|: 9.225543e-03     Tr[DP]  5.661521e-01
 iter:  52:2        |ddm|: 7.100485e-03     Tr[DP]  5.661514e-01
 iter:  53:1        |ddm|: 9.601174e-03     Tr[DP]  5.661168e-01
 iter:  53:2        |ddm|: 5.294412e-03     Tr[DP]  5.661088e-01
 iter:  54:1        |ddm|: 5.128033e-03     Tr[DP]  5.660977e-01
 iter:  54:2        |ddm|: 3.397822e-03     Tr[DP]  5.660936e-01
 iter:  55:1        |ddm|: 6.175552e-03     Tr[DP]  5.660745e-01
 iter:  55:2        |ddm|: 3.854760e-03     Tr[DP]  5.660702e-01
 iter:  56:1        |ddm|: 4.489302e-03     Tr[DP]  5.660600e-01
 iter:  56:2        |ddm|: 2.812509e-03     Tr[DP]  5.660570e-01
 iter:  57:1        |ddm|: 6.934670e-03     Tr[DP]  5.660914e-01
 iter:  57:2        |ddm|: 5.143338e-03     Tr[DP]  5.660909e-01
 iter:  58:1        |ddm|: 4.958768e-03     Tr[DP]  5.660878e-01
 iter:  58:2        |ddm|: 3.122085e-03     Tr[DP]  5.660836e-01
 iter:  59:1        |ddm|: 3.936183e-03     Tr[DP]  5.660906e-01
 iter:  59:2        |ddm|: 3.246913e-03     Tr[DP]  5.660871e-01
 iter:  60:1        |ddm|: 4.804681e-03     Tr[DP]  5.660811e-01
 iter:  60:2        |ddm|: 3.106805e-03     Tr[DP]  5.660771e-01
 iter:  61:1        |ddm|: 1.182235e-02     Tr[DP]  5.661271e-01
 iter:  61:2        |ddm|: 7.830890e-03     Tr[DP]  5.661174e-01
 iter:  62:1        |ddm|: 1.497505e-02     Tr[DP]  5.660739e-01
 iter:  62:2        |ddm|: 7.931151e-03     Tr[DP]  5.660672e-01
 iter:  63:1        |ddm|: 4.452631e-03     Tr[DP]  5.660775e-01
 iter:  63:2        |ddm|: 3.020537e-03     Tr[DP]  5.660736e-01
 iter:  64:1        |ddm|: 1.423261e-02     Tr[DP]  5.660314e-01
 iter:  64:2        |ddm|: 8.469384e-03     Tr[DP]  5.660279e-01
 iter:  65:1        |ddm|: 4.114035e-03     Tr[DP]  5.660274e-01
 iter:  65:2        |ddm|: 1.641846e-03     Tr[DP]  5.660273e-01
 iter:  66:1        |ddm|: 3.631703e-03     Tr[DP]  5.660388e-01
 iter:  66:2        |ddm|: 2.522601e-03     Tr[DP]  5.660372e-01
 iter:  67:1        |ddm|: 2.809635e-03     Tr[DP]  5.660404e-01
 iter:  67:2        |ddm|: 2.142778e-03     Tr[DP]  5.660384e-01
 iter:  68:1        |ddm|: 2.868371e-03     Tr[DP]  5.660394e-01
 iter:  68:2        |ddm|: 2.096418e-03     Tr[DP]  5.660365e-01
 iter:  69:1        |ddm|: 3.174158e-03     Tr[DP]  5.660350e-01
 iter:  69:2        |ddm|: 2.163222e-03     Tr[DP]  5.660314e-01
 iter:  70:1        |ddm|: 2.617704e-03     Tr[DP]  5.660321e-01
 iter:  70:2        |ddm|: 1.863209e-03     Tr[DP]  5.660293e-01
 iter:  71:1        |ddm|: 2.558316e-03     Tr[DP]  5.660300e-01
 iter:  71:2        |ddm|: 1.813227e-03     Tr[DP]  5.660274e-01
 iter:  72:1        |ddm|: 2.384454e-03     Tr[DP]  5.660308e-01
 iter:  72:2        |ddm|: 1.924025e-03     Tr[DP]  5.660283e-01
 iter:  73:1        |ddm|: 5.136971e-03     Tr[DP]  5.660213e-01
 iter:  73:2        |ddm|: 3.081521e-03     Tr[DP]  5.660183e-01
 iter:  74:1        |ddm|: 2.225450e-03     Tr[DP]  5.660185e-01
 iter:  74:2        |ddm|: 1.431933e-03     Tr[DP]  5.660166e-01
 iter:  75:1        |ddm|: 1.832716e-03     Tr[DP]  5.660190e-01
 iter:  75:2        |ddm|: 1.386285e-03     Tr[DP]  5.660171e-01
 iter:  76:1        |ddm|: 1.929396e-03     Tr[DP]  5.660190e-01
 iter:  76:2        |ddm|: 1.456018e-03     Tr[DP]  5.660171e-01
 iter:  77:1        |ddm|: 2.049023e-03     Tr[DP]  5.660181e-01
 iter:  77:2        |ddm|: 1.457849e-03     Tr[DP]  5.660160e-01
 iter:  78:1        |ddm|: 2.210088e-03     Tr[DP]  5.660161e-01
 iter:  78:2        |ddm|: 1.467876e-03     Tr[DP]  5.660140e-01
 iter:  79:1        |ddm|: 1.805172e-03     Tr[DP]  5.660167e-01
 iter:  79:2        |ddm|: 1.483394e-03     Tr[DP]  5.660149e-01
 iter:  80:1        |ddm|: 2.060352e-03     Tr[DP]  5.660159e-01
 iter:  80:2        |ddm|: 1.436322e-03     Tr[DP]  5.660138e-01
 iter:  81:1        |ddm|: 2.118018e-03     Tr[DP]  5.660142e-01
 iter:  81:2        |ddm|: 1.420912e-03     Tr[DP]  5.660122e-01
 iter:  82:1        |ddm|: 1.720922e-03     Tr[DP]  5.660137e-01
 iter:  82:2        |ddm|: 1.305316e-03     Tr[DP]  5.660118e-01
 iter:  83:1        |ddm|: 1.929020e-03     Tr[DP]  5.660125e-01
 iter:  83:2        |ddm|: 1.321617e-03     Tr[DP]  5.660106e-01
 iter:  84:1        |ddm|: 1.691181e-03     Tr[DP]  5.660120e-01
 iter:  84:2        |ddm|: 1.257382e-03     Tr[DP]  5.660101e-01
 iter:  85:1        |ddm|: 1.694178e-03     Tr[DP]  5.660115e-01
 iter:  85:2        |ddm|: 1.269662e-03     Tr[DP]  5.660096e-01
 iter:  86:1        |ddm|: 1.799822e-03     Tr[DP]  5.660118e-01
 iter:  86:2        |ddm|: 1.499785e-03     Tr[DP]  5.660098e-01
 iter:  87:1        |ddm|: 3.325462e-03     Tr[DP]  5.660091e-01
 iter:  87:2        |ddm|: 1.968849e-03     Tr[DP]  5.660072e-01
 iter:  88:1        |ddm|: 2.872813e-03     Tr[DP]  5.660107e-01
 iter:  88:2        |ddm|: 2.169434e-03     Tr[DP]  5.660090e-01
 iter:  89:1        |ddm|: 3.886231e-03     Tr[DP]  5.660082e-01
 iter:  89:2        |ddm|: 2.213938e-03     Tr[DP]  5.660063e-01
 iter:  90:1        |ddm|: 1.713355e-03     Tr[DP]  5.660070e-01
 iter:  90:2        |ddm|: 1.124621e-03     Tr[DP]  5.660054e-01
 iter:  91:1        |ddm|: 2.310857e-03     Tr[DP]  5.660055e-01
 iter:  91:2        |ddm|: 1.430038e-03     Tr[DP]  5.660041e-01
 iter:  92:1        |ddm|: 1.338193e-03     Tr[DP]  5.660048e-01
 iter:  92:2        |ddm|: 8.443745e-04     Tr[DP]  5.660036e-01
 iter:  93:1        |ddm|: 1.091675e-03     Tr[DP]  5.660046e-01
 iter:  93:2        |ddm|: 7.587137e-04     Tr[DP]  5.660034e-01
 iter:  94:1        |ddm|: 1.266669e-03     Tr[DP]  5.660042e-01
 iter:  94:2        |ddm|: 8.197266e-04     Tr[DP]  5.660031e-01
 iter:  95:1        |ddm|: 9.543981e-04     Tr[DP]  5.660041e-01
 iter:  95:2        |ddm|: 7.408668e-04     Tr[DP]  5.660030e-01
 iter:  96:1        |ddm|: 1.030538e-03     Tr[DP]  5.660040e-01
 iter:  96:2        |ddm|: 7.568469e-04     Tr[DP]  5.660029e-01
 iter:  97:1        |ddm|: 1.037962e-03     Tr[DP]  5.660040e-01
 iter:  97:2        |ddm|: 8.572284e-04     Tr[DP]  5.660029e-01
 iter:  98:1        |ddm|: 1.188540e-03     Tr[DP]  5.660040e-01
 iter:  98:2        |ddm|: 9.914922e-04     Tr[DP]  5.660028e-01
 iter:  99:1        |ddm|: 1.982039e-03     Tr[DP]  5.660046e-01
 iter:  99:2        |ddm|: 1.621244e-03     Tr[DP]  5.660033e-01
 iter: 100:1        |ddm|: 2.123396e-03     Tr[DP]  5.660039e-01
 iter: 100:2        |ddm|: 1.216642e-03     Tr[DP]  5.660023e-01
 iter: 101:1        |ddm|: 2.838853e-03     Tr[DP]  5.660034e-01
 iter: 101:2        |ddm|: 1.762399e-03     Tr[DP]  5.660027e-01
 iter: 102:1        |ddm|: 1.561130e-03     Tr[DP]  5.660031e-01
 iter: 102:2        |ddm|: 9.652968e-04     Tr[DP]  5.660019e-01
 iter: 103:1        |ddm|: 5.009604e-03     Tr[DP]  5.660023e-01
 iter: 103:2        |ddm|: 3.366179e-03     Tr[DP]  5.660018e-01
 iter: 104:1        |ddm|: 3.846695e-03     Tr[DP]  5.660020e-01
 iter: 104:2        |ddm|: 2.150993e-03     Tr[DP]  5.660015e-01
 iter: 105:1        |ddm|: 9.622228e-04     Tr[DP]  5.660024e-01
 iter: 105:2        |ddm|: 5.531627e-04     Tr[DP]  5.660016e-01
 iter: 106:1        |ddm|: 7.328606e-04     Tr[DP]  5.660022e-01
 iter: 106:2        |ddm|: 4.883031e-04     Tr[DP]  5.660015e-01
 iter: 107:1        |ddm|: 6.117630e-04     Tr[DP]  5.660023e-01
 iter: 107:2        |ddm|: 4.555848e-04     Tr[DP]  5.660017e-01
 iter: 108:1        |ddm|: 1.190437e-03     Tr[DP]  5.660023e-01
 iter: 108:2        |ddm|: 6.989526e-04     Tr[DP]  5.660017e-01
 iter: 109:1        |ddm|: 1.669448e-03     Tr[DP]  5.660023e-01
 iter: 109:2        |ddm|: 1.005747e-03     Tr[DP]  5.660019e-01
 iter: 110:1        |ddm|: 4.264730e-03     Tr[DP]  5.660017e-01
 iter: 110:2        |ddm|: 2.457698e-03     Tr[DP]  5.660011e-01
 iter: 111:1        |ddm|: 3.831069e-03     Tr[DP]  5.660026e-01
 iter: 111:2        |ddm|: 1.940514e-03     Tr[DP]  5.660019e-01
 iter: 112:1        |ddm|: 1.200545e-03     Tr[DP]  5.660019e-01
 iter: 112:2        |ddm|: 7.183588e-04     Tr[DP]  5.660013e-01
 iter: 113:1        |ddm|: 7.002482e-04     Tr[DP]  5.660019e-01
 iter: 113:2        |ddm|: 4.306803e-04     Tr[DP]  5.660014e-01
 iter: 114:1        |ddm|: 5.024533e-04     Tr[DP]  5.660021e-01
 iter: 114:2        |ddm|: 3.604098e-04     Tr[DP]  5.660016e-01
 iter: 115:1        |ddm|: 4.590967e-04     Tr[DP]  5.660020e-01
 iter: 115:2        |ddm|: 3.388994e-04     Tr[DP]  5.660015e-01
 iter: 116:1        |ddm|: 5.692245e-04     Tr[DP]  5.660021e-01
 iter: 116:2        |ddm|: 3.699065e-04     Tr[DP]  5.660016e-01
 iter: 117:1        |ddm|: 4.070831e-04     Tr[DP]  5.660020e-01
 iter: 117:2        |ddm|: 3.115342e-04     Tr[DP]  5.660015e-01
 iter: 118:1        |ddm|: 4.541571e-04     Tr[DP]  5.660021e-01
 iter: 118:2        |ddm|: 3.173414e-04     Tr[DP]  5.660016e-01
 iter: 119:1        |ddm|: 4.285510e-04     Tr[DP]  5.660021e-01
 iter: 119:2        |ddm|: 3.067438e-04     Tr[DP]  5.660016e-01
 iter: 120:1        |ddm|: 3.999104e-04     Tr[DP]  5.660020e-01
 iter: 120:2        |ddm|: 3.078491e-04     Tr[DP]  5.660015e-01
 iter: 121:1        |ddm|: 4.661160e-04     Tr[DP]  5.660021e-01
 iter: 121:2        |ddm|: 3.129241e-04     Tr[DP]  5.660016e-01
 iter: 122:1        |ddm|: 3.976753e-04     Tr[DP]  5.660021e-01
 iter: 122:2        |ddm|: 2.885243e-04     Tr[DP]  5.660016e-01
 iter: 123:1        |ddm|: 3.834099e-04     Tr[DP]  5.660020e-01
 iter: 123:2        |ddm|: 2.883421e-04     Tr[DP]  5.660016e-01
 iter: 124:1        |ddm|: 3.900661e-04     Tr[DP]  5.660020e-01
 iter: 124:2        |ddm|: 2.914850e-04     Tr[DP]  5.660016e-01
 iter: 125:1        |ddm|: 4.254968e-04     Tr[DP]  5.660021e-01
 iter: 125:2        |ddm|: 2.917294e-04     Tr[DP]  5.660016e-01
 iter: 126:1        |ddm|: 3.629990e-04     Tr[DP]  5.660020e-01
 iter: 126:2        |ddm|: 2.843312e-04     Tr[DP]  5.660016e-01
 iter: 127:1        |ddm|: 4.478220e-04     Tr[DP]  5.660021e-01
 iter: 127:2        |ddm|: 2.930387e-04     Tr[DP]  5.660017e-01
 iter: 128:1        |ddm|: 3.876075e-04     Tr[DP]  5.660021e-01
 iter: 128:2        |ddm|: 2.653925e-04     Tr[DP]  5.660017e-01
 iter: 129:1        |ddm|: 4.103054e-04     Tr[DP]  5.660022e-01
 iter: 129:2        |ddm|: 2.663392e-04     Tr[DP]  5.660018e-01
 iter: 130:1        |ddm|: 4.253916e-04     Tr[DP]  5.660023e-01
 iter: 130:2        |ddm|: 2.684106e-04     Tr[DP]  5.660020e-01
 iter: 131:1        |ddm|: 2.812086e-04     Tr[DP]  5.660022e-01
 iter: 131:2        |ddm|: 2.191697e-04     Tr[DP]  5.660019e-01
 iter: 132:1        |ddm|: 4.301860e-04     Tr[DP]  5.660024e-01
 iter: 132:2        |ddm|: 2.631346e-04     Tr[DP]  5.660020e-01
 iter: 133:1        |ddm|: 2.672338e-04     Tr[DP]  5.660024e-01
 iter: 133:2        |ddm|: 1.879093e-04     Tr[DP]  5.660021e-01
 iter: 134:1        |ddm|: 2.510638e-04     Tr[DP]  5.660023e-01
 iter: 134:2        |ddm|: 1.870467e-04     Tr[DP]  5.660020e-01
 iter: 135:1        |ddm|: 2.723760e-04     Tr[DP]  5.660024e-01
 iter: 135:2        |ddm|: 1.896420e-04     Tr[DP]  5.660021e-01
 iter: 136:1        |ddm|: 3.291071e-04     Tr[DP]  5.660025e-01
 iter: 136:2        |ddm|: 2.091143e-04     Tr[DP]  5.660022e-01
 iter: 137:1        |ddm|: 6.248185e-04     Tr[DP]  5.660021e-01
 iter: 137:2        |ddm|: 4.745100e-04     Tr[DP]  5.660017e-01
 iter: 138:1        |ddm|: 1.335460e-03     Tr[DP]  5.660028e-01
 iter: 138:2        |ddm|: 8.264119e-04     Tr[DP]  5.660027e-01
 iter: 139:1        |ddm|: 4.151741e-04     Tr[DP]  5.660026e-01
 iter: 139:2        |ddm|: 1.770997e-04     Tr[DP]  5.660024e-01
 iter: 140:1        |ddm|: 2.615413e-04     Tr[DP]  5.660025e-01
 iter: 140:2        |ddm|: 2.159594e-04     Tr[DP]  5.660022e-01
 iter: 141:1        |ddm|: 2.730720e-04     Tr[DP]  5.660026e-01
 iter: 141:2        |ddm|: 1.658990e-04     Tr[DP]  5.660023e-01
 iter: 142:1        |ddm|: 2.067695e-04     Tr[DP]  5.660026e-01
 iter: 142:2        |ddm|: 1.446877e-04     Tr[DP]  5.660024e-01
 iter: 143:1        |ddm|: 1.826443e-04     Tr[DP]  5.660026e-01
 iter: 143:2        |ddm|: 1.410005e-04     Tr[DP]  5.660024e-01
 iter: 144:1        |ddm|: 2.088784e-04     Tr[DP]  5.660026e-01
 iter: 144:2        |ddm|: 1.433403e-04     Tr[DP]  5.660024e-01
 iter: 145:1        |ddm|: 1.887527e-04     Tr[DP]  5.660026e-01
 iter: 145:2        |ddm|: 1.361983e-04     Tr[DP]  5.660024e-01
 iter: 146:1        |ddm|: 2.646727e-04     Tr[DP]  5.660027e-01
 iter: 146:2        |ddm|: 1.573029e-04     Tr[DP]  5.660026e-01
 iter: 147:1        |ddm|: 2.016406e-04     Tr[DP]  5.660028e-01
 iter: 147:2        |ddm|: 1.323259e-04     Tr[DP]  5.660027e-01
 iter: 148:1        |ddm|: 1.349186e-04     Tr[DP]  5.660028e-01
 iter: 148:2        |ddm|: 9.815297e-05     Tr[DP]  5.660026e-01
 iter: 149:1        |ddm|: 1.427628e-04     Tr[DP]  5.660028e-01
 iter: 149:2        |ddm|: 1.020155e-04     Tr[DP]  5.660026e-01
 iter: 150:1        |ddm|: 1.974890e-04     Tr[DP]  5.660029e-01
 iter: 150:2        |ddm|: 1.276766e-04     Tr[DP]  5.660027e-01
 iter: 151:1        |ddm|: 1.389912e-04     Tr[DP]  5.660028e-01
 iter: 151:2        |ddm|: 1.145058e-04     Tr[DP]  5.660026e-01
 iter: 152:1        |ddm|: 1.551799e-04     Tr[DP]  5.660028e-01
 iter: 152:2        |ddm|: 1.023148e-04     Tr[DP]  5.660027e-01
 iter: 153:1        |ddm|: 1.259578e-04     Tr[DP]  5.660028e-01
 iter: 153:2        |ddm|: 9.721365e-05     Tr[DP]  5.660027e-01
 iter: 154:1        |ddm|: 1.325076e-04     Tr[DP]  5.660028e-01
 iter: 154:2        |ddm|: 9.759368e-05     Tr[DP]  5.660027e-01
 iter: 155:1        |ddm|: 1.296991e-04     Tr[DP]  5.660028e-01
 iter: 155:2        |ddm|: 9.741638e-05     Tr[DP]  5.660027e-01
 iter: 156:1        |ddm|: 1.386419e-04     Tr[DP]  5.660029e-01
 iter: 156:2        |ddm|: 9.667477e-05     Tr[DP]  5.660027e-01
 iter: 157:1        |ddm|: 1.263264e-04     Tr[DP]  5.660029e-01
 iter: 157:2        |ddm|: 9.269808e-05     Tr[DP]  5.660027e-01
 iter: 158:1        |ddm|: 1.612789e-04     Tr[DP]  5.660029e-01
 iter: 158:2        |ddm|: 1.016528e-04     Tr[DP]  5.660028e-01
 iter: 159:1        |ddm|: 1.496295e-04     Tr[DP]  5.660030e-01
 iter: 159:2        |ddm|: 9.461006e-05     Tr[DP]  5.660029e-01
 iter: 160:1        |ddm|: 1.278320e-04     Tr[DP]  5.660031e-01
 iter: 160:2        |ddm|: 8.133963e-05     Tr[DP]  5.660029e-01
 iter: 161:1        |ddm|: 1.444249e-04     Tr[DP]  5.660029e-01
 iter: 161:2        |ddm|: 1.130578e-04     Tr[DP]  5.660028e-01
 iter: 162:1        |ddm|: 1.799424e-04     Tr[DP]  5.660030e-01
 iter: 162:2        |ddm|: 1.042335e-04     Tr[DP]  5.660029e-01
 iter: 163:1        |ddm|: 9.870072e-05     Tr[DP]  5.660031e-01
 iter: 163:2        |ddm|: 6.865201e-05     Tr[DP]  5.660029e-01
 iter: 164:1        |ddm|: 9.027770e-05     Tr[DP]  5.660031e-01
 iter: 164:2        |ddm|: 6.534275e-05     Tr[DP]  5.660030e-01
 iter: 165:1        |ddm|: 9.227450e-05     Tr[DP]  5.660031e-01
 iter: 165:2        |ddm|: 6.511029e-05     Tr[DP]  5.660030e-01
 iter: 166:1        |ddm|: 1.183173e-04     Tr[DP]  5.660030e-01
 iter: 166:2        |ddm|: 9.943087e-05     Tr[DP]  5.660029e-01
 iter: 167:1        |ddm|: 1.464787e-04     Tr[DP]  5.660031e-01
 iter: 167:2        |ddm|: 8.639881e-05     Tr[DP]  5.660030e-01
 iter: 168:1        |ddm|: 8.684011e-05     Tr[DP]  5.660030e-01
 iter: 168:2        |ddm|: 6.630051e-05     Tr[DP]  5.660029e-01
 iter: 169:1        |ddm|: 1.508230e-04     Tr[DP]  5.660031e-01
 iter: 169:2        |ddm|: 9.293767e-05     Tr[DP]  5.660031e-01
 iter: 170:1        |ddm|: 7.426590e-05     Tr[DP]  5.660031e-01
 iter: 170:2        |ddm|: 5.340897e-05     Tr[DP]  5.660030e-01
 iter: 171:1        |ddm|: 1.429222e-04     Tr[DP]  5.660032e-01
 iter: 171:2        |ddm|: 8.765909e-05     Tr[DP]  5.660031e-01
 iter: 172:1        |ddm|: 7.163530e-05     Tr[DP]  5.660032e-01
 iter: 172:2        |ddm|: 4.537986e-05     Tr[DP]  5.660032e-01
 iter: 173:1        |ddm|: 5.644700e-05     Tr[DP]  5.660032e-01
 iter: 173:2        |ddm|: 4.213006e-05     Tr[DP]  5.660032e-01
 iter: 174:1        |ddm|: 6.990368e-05     Tr[DP]  5.660032e-01
 iter: 174:2        |ddm|: 4.608975e-05     Tr[DP]  5.660032e-01
 iter: 175:1        |ddm|: 5.912442e-05     Tr[DP]  5.660033e-01
 iter: 175:2        |ddm|: 4.123809e-05     Tr[DP]  5.660032e-01
 iter: 176:1        |ddm|: 5.171516e-05     Tr[DP]  5.660033e-01
 iter: 176:2        |ddm|: 3.921889e-05     Tr[DP]  5.660032e-01
 iter: 177:1        |ddm|: 5.449281e-05     Tr[DP]  5.660033e-01
 iter: 177:2        |ddm|: 3.992443e-05     Tr[DP]  5.660032e-01
 iter: 178:1        |ddm|: 5.356558e-05     Tr[DP]  5.660033e-01
 iter: 178:2        |ddm|: 4.001184e-05     Tr[DP]  5.660032e-01
 iter: 179:1        |ddm|: 5.460874e-05     Tr[DP]  5.660033e-01
 iter: 179:2        |ddm|: 3.986319e-05     Tr[DP]  5.660032e-01
 iter: 180:1        |ddm|: 5.363779e-05     Tr[DP]  5.660033e-01
 iter: 180:2        |ddm|: 3.941669e-05     Tr[DP]  5.660032e-01
 iter: 181:1        |ddm|: 5.304219e-05     Tr[DP]  5.660033e-01
 iter: 181:2        |ddm|: 3.904977e-05     Tr[DP]  5.660032e-01
 iter: 182:1        |ddm|: 5.229289e-05     Tr[DP]  5.660033e-01
 iter: 182:2        |ddm|: 3.886407e-05     Tr[DP]  5.660032e-01
 iter: 183:1        |ddm|: 5.251292e-05     Tr[DP]  5.660033e-01
 iter: 183:2        |ddm|: 3.872710e-05     Tr[DP]  5.660032e-01
 iter: 184:1        |ddm|: 5.214613e-05     Tr[DP]  5.660033e-01
 iter: 184:2        |ddm|: 3.849946e-05     Tr[DP]  5.660032e-01
 iter: 185:1        |ddm|: 5.266194e-05     Tr[DP]  5.660033e-01
 iter: 185:2        |ddm|: 3.803866e-05     Tr[DP]  5.660032e-01
 iter: 186:1        |ddm|: 5.160307e-05     Tr[DP]  5.660033e-01
 iter: 186:2        |ddm|: 3.732393e-05     Tr[DP]  5.660032e-01
 iter: 187:1        |ddm|: 5.213549e-05     Tr[DP]  5.660033e-01
 iter: 187:2        |ddm|: 3.668182e-05     Tr[DP]  5.660032e-01
 iter: 188:1        |ddm|: 5.905556e-05     Tr[DP]  5.660033e-01
 iter: 188:2        |ddm|: 4.920965e-05     Tr[DP]  5.660032e-01
 iter: 189:1        |ddm|: 9.419721e-05     Tr[DP]  5.660033e-01
 iter: 189:2        |ddm|: 5.467589e-05     Tr[DP]  5.660033e-01
 iter: 190:1        |ddm|: 4.072558e-04     Tr[DP]  5.660037e-01
 iter: 190:2        |ddm|: 2.666780e-04     Tr[DP]  5.660037e-01
 iter: 191:1        |ddm|: 3.441677e-04     Tr[DP]  5.660034e-01
 iter: 191:2        |ddm|: 1.921463e-04     Tr[DP]  5.660033e-01
 iter: 192:1        |ddm|: 7.909435e-05     Tr[DP]  5.660034e-01
 iter: 192:2        |ddm|: 3.182919e-05     Tr[DP]  5.660033e-01
 iter: 193:1        |ddm|: 3.807844e-05     Tr[DP]  5.660034e-01
 iter: 193:2        |ddm|: 2.698808e-05     Tr[DP]  5.660034e-01
 iter: 194:1        |ddm|: 5.365775e-05     Tr[DP]  5.660034e-01
 iter: 194:2        |ddm|: 3.198846e-05     Tr[DP]  5.660034e-01
 iter: 195:1        |ddm|: 3.010847e-05     Tr[DP]  5.660034e-01
 iter: 195:2        |ddm|: 2.035329e-05     Tr[DP]  5.660034e-01
 iter: 196:1        |ddm|: 3.952465e-05     Tr[DP]  5.660035e-01
 iter: 196:2        |ddm|: 2.415491e-05     Tr[DP]  5.660034e-01
 iter: 197:1        |ddm|: 2.402725e-05     Tr[DP]  5.660035e-01
 iter: 197:2        |ddm|: 1.588725e-05     Tr[DP]  5.660034e-01
 iter: 198:1        |ddm|: 3.780662e-05     Tr[DP]  5.660034e-01
 iter: 198:2        |ddm|: 2.939802e-05     Tr[DP]  5.660034e-01
 iter: 199:1        |ddm|: 3.032873e-05     Tr[DP]  5.660034e-01
 iter: 199:2        |ddm|: 2.281865e-05     Tr[DP]  5.660034e-01
 iter: 200:1        |ddm|: 3.140662e-05     Tr[DP]  5.660034e-01
 iter: 200:2        |ddm|: 2.576125e-05     Tr[DP]  5.660034e-01
 iter: 201:1        |ddm|: 4.857830e-05     Tr[DP]  5.660034e-01
 iter: 201:2        |ddm|: 2.840540e-05     Tr[DP]  5.660034e-01
 iter: 202:1        |ddm|: 3.162209e-05     Tr[DP]  5.660034e-01
 iter: 202:2        |ddm|: 2.551316e-05     Tr[DP]  5.660034e-01
 iter: 203:1        |ddm|: 8.744744e-05     Tr[DP]  5.660035e-01
 iter: 203:2        |ddm|: 5.237761e-05     Tr[DP]  5.660035e-01
 iter: 204:1        |ddm|: 2.595046e-05     Tr[DP]  5.660035e-01
 iter: 204:2        |ddm|: 1.326268e-05     Tr[DP]  5.660035e-01
 iter: 205:1        |ddm|: 1.987074e-05     Tr[DP]  5.660035e-01
 iter: 205:2        |ddm|: 1.567168e-05     Tr[DP]  5.660035e-01
 iter: 206:1        |ddm|: 2.105333e-05     Tr[DP]  5.660035e-01
 iter: 206:2        |ddm|: 1.610061e-05     Tr[DP]  5.660034e-01
 iter: 207:1        |ddm|: 2.690390e-05     Tr[DP]  5.660035e-01
 iter: 207:2        |ddm|: 1.729638e-05     Tr[DP]  5.660034e-01
 iter: 208:1        |ddm|: 5.454991e-05     Tr[DP]  5.660035e-01
 iter: 208:2        |ddm|: 3.624456e-05     Tr[DP]  5.660035e-01
 iter: 209:1        |ddm|: 3.438335e-05     Tr[DP]  5.660035e-01
 iter: 209:2        |ddm|: 2.158713e-05     Tr[DP]  5.660035e-01
 iter: 210:1        |ddm|: 2.551137e-05     Tr[DP]  5.660035e-01
 iter: 210:2        |ddm|: 1.611317e-05     Tr[DP]  5.660035e-01
 iter: 211:1        |ddm|: 1.568945e-05     Tr[DP]  5.660035e-01
 iter: 211:2        |ddm|: 1.329677e-05     Tr[DP]  5.660035e-01
 iter: 212:1        |ddm|: 1.794419e-05     Tr[DP]  5.660035e-01
 iter: 212:2        |ddm|: 1.233240e-05     Tr[DP]  5.660035e-01
 iter: 213:1        |ddm|: 1.632923e-05     Tr[DP]  5.660035e-01
 iter: 213:2        |ddm|: 1.178200e-05     Tr[DP]  5.660035e-01
 iter: 214:1        |ddm|: 1.529822e-05     Tr[DP]  5.660035e-01
 iter: 214:2        |ddm|: 1.179907e-05     Tr[DP]  5.660035e-01
 iter: 215:1        |ddm|: 1.658230e-05     Tr[DP]  5.660035e-01
 iter: 215:2        |ddm|: 1.174862e-05     Tr[DP]  5.660035e-01
 iter: 216:1        |ddm|: 1.525248e-05     Tr[DP]  5.660035e-01
 iter: 216:2        |ddm|: 1.164774e-05     Tr[DP]  5.660035e-01
 iter: 217:1        |ddm|: 1.596295e-05     Tr[DP]  5.660035e-01
 iter: 217:2        |ddm|: 1.165469e-05     Tr[DP]  5.660035e-01
 iter: 218:1        |ddm|: 1.527517e-05     Tr[DP]  5.660035e-01
 iter: 218:2        |ddm|: 1.173310e-05     Tr[DP]  5.660035e-01
 iter: 219:1        |ddm|: 1.787743e-05     Tr[DP]  5.660035e-01
 iter: 219:2        |ddm|: 1.191947e-05     Tr[DP]  5.660035e-01
 iter: 220:1        |ddm|: 1.431874e-05     Tr[DP]  5.660035e-01
 iter: 220:2        |ddm|: 1.108710e-05     Tr[DP]  5.660035e-01
 iter: 221:1        |ddm|: 1.588456e-05     Tr[DP]  5.660035e-01
 iter: 221:2        |ddm|: 1.110006e-05     Tr[DP]  5.660035e-01
 iter: 222:1        |ddm|: 1.648305e-05     Tr[DP]  5.660035e-01
 iter: 222:2        |ddm|: 1.101683e-05     Tr[DP]  5.660035e-01
 iter: 223:1        |ddm|: 1.815689e-05     Tr[DP]  5.660035e-01
 iter: 223:2        |ddm|: 1.132262e-05     Tr[DP]  5.660035e-01
 iter: 224:1        |ddm|: 1.672037e-05     Tr[DP]  5.660035e-01
 iter: 224:2        |ddm|: 1.074604e-05     Tr[DP]  5.660035e-01
 iter: 225:1        |ddm|: 1.082703e-05     Tr[DP]  5.660035e-01
 iter: 225:2        |ddm|: 7.841240e-06     Tr[DP]  5.660035e-01
 iter: 226:1        |ddm|: 1.197423e-05     Tr[DP]  5.660035e-01
 iter: 226:2        |ddm|: 8.428911e-06     Tr[DP]  5.660035e-01
 iter: 227:1        |ddm|: 3.034219e-05     Tr[DP]  5.660036e-01
 iter: 227:2        |ddm|: 1.929291e-05     Tr[DP]  5.660036e-01
 iter: 228:1        |ddm|: 1.120140e-05     Tr[DP]  5.660036e-01
 iter: 228:2        |ddm|: 6.106363e-06     Tr[DP]  5.660035e-01
 iter: 229:1        |ddm|: 8.095389e-06     Tr[DP]  5.660035e-01
 iter: 229:2        |ddm|: 6.362309e-06     Tr[DP]  5.660035e-01
 iter: 230:1        |ddm|: 8.804257e-06     Tr[DP]  5.660035e-01
 iter: 230:2        |ddm|: 6.239479e-06     Tr[DP]  5.660035e-01
 iter: 231:1        |ddm|: 8.403649e-06     Tr[DP]  5.660036e-01
 iter: 231:2        |ddm|: 6.101427e-06     Tr[DP]  5.660035e-01
 iter: 232:1        |ddm|: 8.283379e-06     Tr[DP]  5.660036e-01
 iter: 232:2        |ddm|: 5.986349e-06     Tr[DP]  5.660035e-01
 iter: 233:1        |ddm|: 8.241231e-06     Tr[DP]  5.660036e-01
 iter: 233:2        |ddm|: 5.869661e-06     Tr[DP]  5.660035e-01
 iter: 234:1        |ddm|: 7.958163e-06     Tr[DP]  5.660036e-01
 iter: 234:2        |ddm|: 5.716252e-06     Tr[DP]  5.660035e-01
 iter: 235:1        |ddm|: 1.019478e-05     Tr[DP]  5.660035e-01
 iter: 235:2        |ddm|: 8.477241e-06     Tr[DP]  5.660035e-01
 iter: 236:1        |ddm|: 1.609557e-05     Tr[DP]  5.660036e-01
 iter: 236:2        |ddm|: 9.366492e-06     Tr[DP]  5.660036e-01
 iter: 237:1        |ddm|: 7.018768e-06     Tr[DP]  5.660036e-01
 iter: 237:2        |ddm|: 5.120954e-06     Tr[DP]  5.660035e-01
 iter: 238:1        |ddm|: 8.350613e-06     Tr[DP]  5.660036e-01
 iter: 238:2        |ddm|: 5.463195e-06     Tr[DP]  5.660036e-01
 iter: 239:1        |ddm|: 8.519248e-06     Tr[DP]  5.660036e-01
 iter: 239:2        |ddm|: 5.455997e-06     Tr[DP]  5.660036e-01
 iter: 240:1        |ddm|: 8.018827e-06     Tr[DP]  5.660036e-01
 iter: 240:2        |ddm|: 5.092528e-06     Tr[DP]  5.660036e-01
 iter: 241:1        |ddm|: 5.819325e-06     Tr[DP]  5.660036e-01
 iter: 241:2        |ddm|: 3.925274e-06     Tr[DP]  5.660036e-01
 iter: 242:1        |ddm|: 5.117007e-06     Tr[DP]  5.660036e-01
 iter: 242:2        |ddm|: 3.954631e-06     Tr[DP]  5.660036e-01
 iter: 243:1        |ddm|: 5.391748e-06     Tr[DP]  5.660036e-01
 iter: 243:2        |ddm|: 4.160219e-06     Tr[DP]  5.660036e-01
 iter: 244:1        |ddm|: 5.620097e-06     Tr[DP]  5.660036e-01
 iter: 244:2        |ddm|: 4.177763e-06     Tr[DP]  5.660036e-01
 iter: 245:1        |ddm|: 5.527432e-06     Tr[DP]  5.660036e-01
 iter: 245:2        |ddm|: 4.205255e-06     Tr[DP]  5.660036e-01
 iter: 246:1        |ddm|: 6.354051e-06     Tr[DP]  5.660036e-01
 iter: 246:2        |ddm|: 4.242954e-06     Tr[DP]  5.660036e-01
 iter: 247:1        |ddm|: 7.490719e-06     Tr[DP]  5.660036e-01
 iter: 247:2        |ddm|: 4.716754e-06     Tr[DP]  5.660036e-01
 iter: 248:1        |ddm|: 8.390569e-06     Tr[DP]  5.660036e-01
 iter: 248:2        |ddm|: 5.320220e-06     Tr[DP]  5.660036e-01
 iter: 249:1        |ddm|: 4.273094e-06     Tr[DP]  5.660036e-01
 iter: 249:2        |ddm|: 2.669136e-06     Tr[DP]  5.660036e-01
 iter: 250:1        |ddm|: 3.545341e-06     Tr[DP]  5.660036e-01
 iter: 250:2        |ddm|: 2.659946e-06     Tr[DP]  5.660036e-01
 iter: 251:1        |ddm|: 3.924623e-06     Tr[DP]  5.660036e-01
 iter: 251:2        |ddm|: 3.240341e-06     Tr[DP]  5.660036e-01
 iter: 252:1        |ddm|: 4.190296e-06     Tr[DP]  5.660036e-01
 iter: 252:2        |ddm|: 3.328843e-06     Tr[DP]  5.660036e-01
 iter: 253:1        |ddm|: 4.643515e-06     Tr[DP]  5.660036e-01
 iter: 253:2        |ddm|: 3.178812e-06     Tr[DP]  5.660036e-01
 iter: 254:1        |ddm|: 5.233883e-06     Tr[DP]  5.660036e-01
 iter: 254:2        |ddm|: 3.353690e-06     Tr[DP]  5.660036e-01
 iter: 255:1        |ddm|: 4.582467e-06     Tr[DP]  5.660036e-01
 iter: 255:2        |ddm|: 2.985404e-06     Tr[DP]  5.660036e-01
 iter: 256:1        |ddm|: 5.299512e-06     Tr[DP]  5.660036e-01
 iter: 256:2        |ddm|: 3.351504e-06     Tr[DP]  5.660036e-01
 iter: 257:1        |ddm|: 2.843539e-06     Tr[DP]  5.660036e-01
 iter: 257:2        |ddm|: 1.963673e-06     Tr[DP]  5.660036e-01
 iter: 258:1        |ddm|: 3.325228e-06     Tr[DP]  5.660036e-01
 iter: 258:2        |ddm|: 2.800454e-06     Tr[DP]  5.660036e-01
 iter: 259:1        |ddm|: 3.432109e-06     Tr[DP]  5.660036e-01
 iter: 259:2        |ddm|: 2.730394e-06     Tr[DP]  5.660036e-01
 iter: 260:1        |ddm|: 4.034072e-06     Tr[DP]  5.660036e-01
 iter: 260:2        |ddm|: 2.624380e-06     Tr[DP]  5.660036e-01
 iter: 261:1        |ddm|: 3.577892e-06     Tr[DP]  5.660036e-01
 iter: 261:2        |ddm|: 2.411549e-06     Tr[DP]  5.660036e-01
 iter: 262:1        |ddm|: 3.385733e-06     Tr[DP]  5.660036e-01
 iter: 262:2        |ddm|: 2.260297e-06     Tr[DP]  5.660036e-01
 iter: 263:1        |ddm|: 3.154351e-06     Tr[DP]  5.660036e-01
 iter: 263:2        |ddm|: 2.099864e-06     Tr[DP]  5.660036e-01
 iter: 264:1        |ddm|: 3.205172e-06     Tr[DP]  5.660036e-01
 iter: 264:2        |ddm|: 2.080002e-06     Tr[DP]  5.660036e-01
 iter: 265:1        |ddm|: 2.350162e-06     Tr[DP]  5.660036e-01
 iter: 265:2        |ddm|: 1.684913e-06     Tr[DP]  5.660036e-01
 iter: 266:1        |ddm|: 2.309248e-06     Tr[DP]  5.660036e-01
 iter: 266:2        |ddm|: 1.718294e-06     Tr[DP]  5.660036e-01
 iter: 267:1        |ddm|: 2.333919e-06     Tr[DP]  5.660036e-01
 iter: 267:2        |ddm|: 1.761475e-06     Tr[DP]  5.660036e-01
 iter: 268:1        |ddm|: 2.798799e-06     Tr[DP]  5.660036e-01
 iter: 268:2        |ddm|: 1.827899e-06     Tr[DP]  5.660036e-01
 iter: 269:1        |ddm|: 2.123311e-06     Tr[DP]  5.660036e-01
 iter: 269:2        |ddm|: 1.661354e-06     Tr[DP]  5.660036e-01
 iter: 270:1        |ddm|: 2.244605e-06     Tr[DP]  5.660036e-01
 iter: 270:2        |ddm|: 1.738435e-06     Tr[DP]  5.660036e-01
 iter: 271:1        |ddm|: 2.457635e-06     Tr[DP]  5.660036e-01
 iter: 271:2        |ddm|: 1.723517e-06     Tr[DP]  5.660036e-01
 iter: 272:1        |ddm|: 2.230513e-06     Tr[DP]  5.660036e-01
 iter: 272:2        |ddm|: 1.662738e-06     Tr[DP]  5.660036e-01
 iter: 273:1        |ddm|: 2.266266e-06     Tr[DP]  5.660036e-01
 iter: 273:2        |ddm|: 1.654656e-06     Tr[DP]  5.660036e-01
 iter: 274:1        |ddm|: 2.399328e-06     Tr[DP]  5.660036e-01
 iter: 274:2        |ddm|: 1.654117e-06     Tr[DP]  5.660036e-01
 iter: 275:1        |ddm|: 2.082256e-06     Tr[DP]  5.660036e-01
 iter: 275:2        |ddm|: 1.570343e-06     Tr[DP]  5.660036e-01
 iter: 276:1        |ddm|: 2.264671e-06     Tr[DP]  5.660036e-01
 iter: 276:2        |ddm|: 1.898044e-06     Tr[DP]  5.660036e-01
 iter: 277:1        |ddm|: 3.364475e-06     Tr[DP]  5.660036e-01
 iter: 277:2        |ddm|: 2.054295e-06     Tr[DP]  5.660036e-01
 iter: 278:1        |ddm|: 2.243485e-06     Tr[DP]  5.660036e-01
 iter: 278:2        |ddm|: 1.518204e-06     Tr[DP]  5.660036e-01
 iter: 279:1        |ddm|: 2.766618e-06     Tr[DP]  5.660036e-01
 iter: 279:2        |ddm|: 1.737696e-06     Tr[DP]  5.660036e-01
 iter: 280:1        |ddm|: 3.727592e-06     Tr[DP]  5.660036e-01
 iter: 280:2        |ddm|: 2.351855e-06     Tr[DP]  5.660036e-01
 iter: 281:1        |ddm|: 1.515988e-06     Tr[DP]  5.660036e-01
 iter: 281:2        |ddm|: 8.785197e-07     Tr[DP]  5.660036e-01
 iter: 282:1        |ddm|: 1.421326e-06     Tr[DP]  5.660036e-01
 iter: 282:2        |ddm|: 9.402691e-07     Tr[DP]  5.660036e-01
 iter: 283:1        |ddm|: 1.234342e-06     Tr[DP]  5.660036e-01
 iter: 283:2        |ddm|: 9.239533e-07     Tr[DP]  5.660036e-01
 iter: 284:1        |ddm|: 1.270893e-06     Tr[DP]  5.660036e-01
 iter: 284:2        |ddm|: 9.454832e-07     Tr[DP]  5.660036e-01
 iter: 285:1        |ddm|: 1.260971e-06     Tr[DP]  5.660036e-01
 iter: 285:2        |ddm|: 9.685900e-07     Tr[DP]  5.660036e-01
 iter: 286:1        |ddm|: 1.386760e-06     Tr[DP]  5.660036e-01
 iter: 286:2        |ddm|: 9.639472e-07     Tr[DP]  5.660036e-01
 iter: 287:1        |ddm|: 1.259526e-06     Tr[DP]  5.660036e-01
 iter: 287:2        |ddm|: 9.382677e-07     Tr[DP]  5.660036e-01
 iter: 288:1        |ddm|: 1.298060e-06     Tr[DP]  5.660036e-01
 iter: 288:2        |ddm|: 8.996191e-07     Tr[DP]  5.660036e-01
 iter: 289:1        |ddm|: 1.175884e-06     Tr[DP]  5.660036e-01
 iter: 289:2        |ddm|: 9.189489e-07     Tr[DP]  5.660036e-01
 iter: 290:1        |ddm|: 1.252074e-06     Tr[DP]  5.660036e-01
 iter: 290:2        |ddm|: 9.238890e-07     Tr[DP]  5.660036e-01
 iter: 291:1        |ddm|: 1.225365e-06     Tr[DP]  5.660036e-01
 iter: 291:2        |ddm|: 9.346118e-07     Tr[DP]  5.660036e-01
 iter: 292:1        |ddm|: 1.531299e-06     Tr[DP]  5.660036e-01
 iter: 292:2        |ddm|: 9.939225e-07     Tr[DP]  5.660036e-01
 iter: 293:1        |ddm|: 1.164840e-06     Tr[DP]  5.660036e-01
 iter: 293:2        |ddm|: 8.375717e-07     Tr[DP]  5.660036e-01
 iter: 294:1        |ddm|: 1.077139e-06     Tr[DP]  5.660036e-01
 iter: 294:2        |ddm|: 8.967444e-07     Tr[DP]  5.660036e-01
 iter: 295:1        |ddm|: 1.167922e-06     Tr[DP]  5.660036e-01
 iter: 295:2        |ddm|: 9.277318e-07     Tr[DP]  5.660036e-01
 iter: 296:1        |ddm|: 1.931789e-06     Tr[DP]  5.660036e-01
 iter: 296:2        |ddm|: 1.244091e-06     Tr[DP]  5.660036e-01
 iter: 297:1        |ddm|: 9.882615e-07     Tr[DP]  5.660036e-01
 iter: 297:2        |ddm|: 7.489433e-07     Tr[DP]  5.660036e-01
 iter: 298:1        |ddm|: 1.039995e-06     Tr[DP]  5.660036e-01
 iter: 298:2        |ddm|: 8.100116e-07     Tr[DP]  5.660036e-01
 iter: 299:1        |ddm|: 1.995798e-06     Tr[DP]  5.660036e-01
 iter: 299:2        |ddm|: 1.238643e-06     Tr[DP]  5.660036e-01
 iter: 300:1        |ddm|: 1.754659e-06     Tr[DP]  5.660036e-01
 iter: 300:2        |ddm|: 1.080608e-06     Tr[DP]  5.660036e-01
                         Freeze-and-Thaw NOT converged!                         

=================== Subsystem 1 at higher mean-field method ====================
  subiter:   1      |ddm|: 7.477936e-01
  subiter:   2      |ddm|: 1.467704e-01
  subiter:   3      |ddm|: 3.093075e-02
  subiter:   4      |ddm|: 2.077320e-02
  subiter:   5      |ddm|: 5.028231e-03
  subiter:   6      |ddm|: 2.481919e-03
  subiter:   7      |ddm|: 1.027009e-03
  subiter:   8      |ddm|: 3.376178e-04
  subiter:   9      |ddm|: 1.171166e-04
  subiter:  10      |ddm|: 1.052166e-04
  subiter:  11      |ddm|: 8.117873e-05
  subiter:  12      |ddm|: 3.403026e-05
  subiter:  13      |ddm|: 4.317151e-05
  subiter:  14      |ddm|: 6.653931e-06
  subiter:  15      |ddm|: 5.457732e-06
  subiter:  16      |ddm|: 1.138378e-06
  subiter:  17      |ddm|: 4.396211e-07
  subiter:  18      |ddm|: 1.507342e-07
  subiter:  19      |ddm|: 5.206548e-08
  subiter:  20      |ddm|: 2.522344e-08
  subiter:  21      |ddm|: 1.325570e-08
  subiter:  22      |ddm|: 6.969449e-09


******** <class 'pyscf.scf.hf.RHF'> flags ********
method = RHF
initial guess = minao
damping factor = 0
level shift factor = 0
DIIS = <class 'pyscf.scf.diis.CDIIS'>
DIIS start cycle = 1
DIIS space = 8
SCF tol = 1e-09
SCF gradient tol = None
max. SCF cycles = 100
direct_scf = True
direct_scf_tol = 1e-13
chkfile to save SCF result = /panfs/roc/scratch/graha682/D105/201712_ccpVDZ_NEVPT2_m06_105_10c12h24/tmpACRjPQ
max_memory 4000 MB (current use 3109 MB)
Set gradient conv threshold to 3.16228e-05
init E= -388.158029820854
  HOMO = -0.251557460052847  LUMO = 0.0948255001594335
cycle= 1 E= -388.158029820852  delta_E= 1.48e-12  |g|= 4.06e-09  |ddm|= 2.02e-08
  HOMO = -0.251557460082933  LUMO = 0.0948255000747983
Extra cycle  E= -388.158029820849  delta_E= 2.84e-12  |g|= 2.46e-09  |ddm|= 1.08e-08
converged SCF energy = -388.158029820849


******** <class 'pyscf.dft.rks.RKS'> flags ********
method = RKS
initial guess = atom
damping factor = 0
level shift factor = 0.0
DIIS = <class 'pyscf.scf.diis.CDIIS'>
DIIS start cycle = 1
DIIS space = 8
SCF tol = 1e-08
SCF gradient tol = 1e-08
max. SCF cycles = 1
direct_scf = True
direct_scf_tol = 1e-13
chkfile to save SCF result = /panfs/roc/scratch/graha682/D105/201712_ccpVDZ_NEVPT2_m06_105_10c12h24/tmpf7w3Vo
max_memory 4000 MB (current use 3104 MB)
XC functionals = m06
small_rho_cutoff = 1e-20
radial grids: Treutler-Ahlrichs (JCP 102, 346 (M4)) radial grids
becke partition: Becke, JCP, 88, 2547 (1988)
pruning grids: <function nwchem_prune at 0x17d45f0>
grids dens level: 4
symmetrized grids: False
atomic radii adjust function: <function treutler_atomic_radii_adjust at 0x17d4488>
init E= -390.734677999238
  HOMO = -0.17345301500608  LUMO = -0.0497071225385902
cycle= 1 E= -390.734677999239  delta_E= -7.96e-13  |g|= 5.12e-07  |ddm|= 1.79e-06
  HOMO = -0.173453012288643  LUMO = -0.0497071225949265
Extra cycle  E= -390.734677999238  delta_E= 7.96e-13  |g|= 8.23e-07  |ddm|= 9.8e-07
SCF not converged.
SCF energy = -390.734677999238 after 1 cycles
 iter: 301:1        |ddm|: 8.711419e-01     Tr[DP]  6.647821e-01

******** <class 'pyscf.mcscf.mc1step.CASSCF'> flags ********
CAS (1e+1e, 2o), ncore = 38, nvir = 190
max_cycle_macro = 50
max_cycle_micro = 4
conv_tol = 1e-07
conv_tol_grad = None
orbital rotation max_stepsize = 0.02
augmented hessian ah_max_cycle = 30
augmented hessian ah_conv_tol = 1e-12
augmented hessian ah_linear dependence = 1e-14
augmented hessian ah_level shift = 0
augmented hessian ah_start_tol = 2.5
augmented hessian ah_start_cycle = 3
augmented hessian ah_grad_trust_region = 3
kf_trust_region = 3
kf_interval = 4
ci_response_space = 4
ci_grad_trust_region = 3
with_dep4 0
natorb = False
canonicalization = True
sorting_mo_energy = False
chkfile = /panfs/roc/scratch/graha682/D105/201712_ccpVDZ_NEVPT2_m06_105_10c12h24/tmpACRjPQ
max_memory 4000 MB (current use 3125 MB)
internal_rotation = False
******** <class 'pyscf.fci.direct_spin1.FCISolver'> flags ********
max. cycles = 50
conv_tol = 1e-08
davidson only = False
linear dependence = 1e-10
level shift = 0.001
max iter space = 12
max_memory 4000 MB
nroots = 1
pspace_size = 400
spin = None
CASCI E = -388.17914718951  S^2 = 0.0000000
Set conv_tol_grad to 0.000316228
macro iter 1 (19 JK  4 micro), CASSCF E = -388.202810394791  dE = -0.023663205  S^2 = 0.0000000
               |grad[o]|=0.0607  |grad[c]|= 0.0377684002605  |ddm|=0.00976
macro iter 2 (13 JK  4 micro), CASSCF E = -388.20444901839  dE = -0.0016386236  S^2 = 0.0000000
               |grad[o]|=0.0179  |grad[c]|= 0.0034279140423  |ddm|=0.0801
macro iter 3 (11 JK  4 micro), CASSCF E = -388.204470333954  dE = -2.1315564e-05  S^2 = 0.0000000
               |grad[o]|=0.00225  |grad[c]|= 0.000141547451707  |ddm|=0.012
macro iter 4 (3 JK  1 micro), CASSCF E = -388.204470348549  dE = -1.459523e-08  S^2 = 0.0000000
               |grad[o]|=7.43e-05  |grad[c]|= 3.171983666e-05  |ddm|=0.000239
1-step CASSCF converged in 4 macro (46 JK 13 micro) steps
CASSCF canonicalization
CASSCF energy = -388.204470348549
Hartree-Fock Energy:  -388.15802982084932
CAS Correlation:       -0.04644052770004
CAS Energy:          -388.20447034854936
Sr    (-1)',   E = -0.00000000033406
Si    (+1)',   E = -0.00000000038177
Sijrs (0)  ,   E = -1.33648744547915
Sijr  (+1) ,   E = -0.02563052331531
Srsi  (-1) ,   E = -0.07187222774306
Srs   (-2) ,   E = -0.00253205583485
Sij   (+2) ,   E = -0.00057254376049
Sir   (0)' ,   E = -0.02687314371900
Nevpt2 Energy = -1.463967940567690
NEVPT2 =   -1.463967940567690
Total NEVPT2 = -389.668438289117034

============================== Supermolecular DFT ==============================
  subiter:   1      |ddm|: 3.098814e+00
  subiter:   2      |ddm|: 2.891462e-01
  subiter:   3      |ddm|: 1.672177e-01
  subiter:   4      |ddm|: 1.798891e-02
  subiter:   5      |ddm|: 5.389768e-03
  subiter:   6      |ddm|: 2.375797e-03
  subiter:   7      |ddm|: 1.024470e-03
  subiter:   8      |ddm|: 2.733881e-04
  subiter:   9      |ddm|: 8.700898e-05
  subiter:  10      |ddm|: 2.773489e-05
  subiter:  11      |ddm|: 7.695920e-06
  subiter:  12      |ddm|: 5.640044e-06
  subiter:  13      |ddm|: 1.352432e-06
  subiter:  14      |ddm|: 7.767102e-07
  subiter:  15      |ddm|: 1.657687e-07
  subiter:  16      |ddm|: 5.628602e-08
  subiter:  17      |ddm|: 1.194776e-08
  subiter:  18      |ddm|: 4.992595e-09


******** <class 'pyscf.dft.rks.RKS'> flags ********
method = RKS
initial guess = atom
damping factor = 0
level shift factor = 0.0
DIIS = <class 'pyscf.scf.diis.CDIIS'>
DIIS start cycle = 1
DIIS space = 8
SCF tol = 1e-08
SCF gradient tol = 1e-08
max. SCF cycles = 100
direct_scf = True
direct_scf_tol = 1e-13
chkfile to save SCF result = /panfs/roc/scratch/graha682/D105/201712_ccpVDZ_NEVPT2_m06_105_10c12h24/tmpGJuqZE
max_memory 4000 MB (current use 3140 MB)
XC functionals = m06
small_rho_cutoff = 1e-20
radial grids: Treutler-Ahlrichs (JCP 102, 346 (M4)) radial grids
becke partition: Becke, JCP, 88, 2547 (1988)
pruning grids: <function nwchem_prune at 0x17d45f0>
grids dens level: 4
symmetrized grids: False
atomic radii adjust function: <function treutler_atomic_radii_adjust at 0x17d4488>
init E= -471.217886509065
  HOMO = -0.175185403545768  LUMO = -0.0517936027686795
cycle= 1 E= -471.217886509072  delta_E= -6.37e-12  |g|= 9.98e-09  |ddm|= 1.61e-08
  HOMO = -0.175185403062783  LUMO = -0.0517936022799411
Extra cycle  E= -471.217886509072  delta_E= -4.55e-13  |g|= 2.24e-08  |ddm|= 3.53e-08
converged SCF energy = -471.217886509072
Supermolecular DFT   -471.21788650906751

============================== Embedding Energies ==============================
Subsystem DFT              -390.73467799923782
Interaction                 -80.24159803020194
DFT-in-DFT                 -470.97627602943976
Supermolecular DFT         -471.21788650906751
Difference                   -0.24161047962775
Corrected DFT-in-DFT       -471.21788650906751
WF-in-DFT                  -469.91003631931898
Corrected WF-in-DFT        -470.15164679894673
================================================================================
TIMING STATISTICS:
     overlap integrals      0.03s   ( 0.00%)
    initial subsystems      0.18s   ( 0.00%)
           2e matrices   8273.60s   (89.19%)
      tot. embed. of 1   8399.01s   (90.54%)
      tot. embed. of 2      0.61s   ( 0.01%)
       freeze and thaw   8399.66s   (90.55%)
                   cas    183.89s   ( 1.98%)
                nevpt2     22.07s   ( 0.24%)
  interaction energies    668.84s   ( 7.21%)
                 TOTAL   9276.24s
================================================================================

********************************************************************************
*                              END OF CALCULATION                              *
********************************************************************************
