********************************************************************************
*                         FREEZE-AND-THAW CALCULATION                          *
********************************************************************************

================================== Input File ==================================

subsystem
C         -1.40554        0.58881       -0.01889
H         -2.26382        0.96377        0.50578
H         -1.41299        0.68348       -1.08814
Cl        -2.16538       -1.46213       -0.10012
F         -0.98381        2.61999       -0.26484
C         -0.12057        0.38814        0.70776
H          0.10969        1.34494        1.18299
H         -0.25082       -0.36818        1.48815
C          1.01165       -0.00388       -0.21483
H          0.74024       -0.92339       -0.74823
H          1.12521        0.78460       -0.96808
charge -2
end

subsystem
C          2.32405       -0.20742        0.51295
H          2.57757        0.70882        1.05856
H          2.19751       -0.98641        1.27430
C          3.45731       -0.58142       -0.42016
H          4.40140       -0.73248        0.10838
H          3.22542       -1.50333       -0.96012
H          3.61494        0.19921       -1.16898
charge +1
end

embed
 huzinaga
 cycles 300
 conv 1e-6
 method m06
end

basis 6-311g
method ccsd(t)
grid 4
conv 1e-8
grad 1e-8
maxiter 300
================================== End Input ===================================
tot grids = 376510

                      Getting subsystem overlap integrals                       

                          Initial subsystem densities                           
Guessing initial subsystem densities
Initial guess from superpostion of atomic densties.
Guessing initial subsystem densities
Initial guess from superpostion of atomic densties.

=========================== Starting Freeze-and-Thaw ===========================
 iter:   1:1        |ddm|: 3.734098e+00     Tr[DP]  3.808815e-01
 iter:   1:2        |ddm|: 2.073209e+00     Tr[DP]  1.242653e-01
 iter:   2:1        |ddm|: 2.810437e+01     Tr[DP]  6.320021e-01
 iter:   2:2        |ddm|: 1.409294e+00     Tr[DP]  2.856133e-01
 iter:   3:1        |ddm|: 2.614279e+01     Tr[DP]  2.478484e-01
 iter:   3:2        |ddm|: 8.298557e-01     Tr[DP]  1.618732e-01
 iter:   4:1        |ddm|: 5.369834e+00     Tr[DP]  2.886920e-01
 iter:   4:2        |ddm|: 4.351812e-01     Tr[DP]  1.941024e-01
 iter:   5:1        |ddm|: 1.603097e+00     Tr[DP]  3.145773e-01
 iter:   5:2        |ddm|: 2.987432e-01     Tr[DP]  2.316240e-01
 iter:   6:1        |ddm|: 1.508182e+00     Tr[DP]  3.145565e-01
 iter:   6:2        |ddm|: 1.948012e-01     Tr[DP]  2.558732e-01
 iter:   7:1        |ddm|: 6.818879e-01     Tr[DP]  3.183913e-01
 iter:   7:2        |ddm|: 1.328720e-01     Tr[DP]  2.725107e-01
 iter:   8:1        |ddm|: 4.229723e-01     Tr[DP]  3.194291e-01
 iter:   8:2        |ddm|: 8.041920e-02     Tr[DP]  2.838702e-01
 iter:   9:1        |ddm|: 2.943609e-01     Tr[DP]  3.158961e-01
 iter:   9:2        |ddm|: 5.628352e-02     Tr[DP]  2.914370e-01
 iter:  10:1        |ddm|: 1.946135e-01     Tr[DP]  3.123717e-01
 iter:  10:2        |ddm|: 3.669096e-02     Tr[DP]  2.960651e-01
 iter:  11:1        |ddm|: 1.399193e-01     Tr[DP]  3.095786e-01
 iter:  11:2        |ddm|: 3.003868e-02     Tr[DP]  2.983874e-01
 iter:  12:1        |ddm|: 8.549277e-02     Tr[DP]  3.087798e-01
 iter:  12:2        |ddm|: 1.611544e-02     Tr[DP]  3.011774e-01
 iter:  13:1        |ddm|: 5.383253e-02     Tr[DP]  3.071755e-01
 iter:  13:2        |ddm|: 1.077316e-02     Tr[DP]  3.024381e-01
 iter:  14:1        |ddm|: 3.509522e-02     Tr[DP]  3.062799e-01
 iter:  14:2        |ddm|: 6.977978e-03     Tr[DP]  3.032271e-01
 iter:  15:1        |ddm|: 2.260476e-02     Tr[DP]  3.057158e-01
 iter:  15:2        |ddm|: 4.537020e-03     Tr[DP]  3.037390e-01
 iter:  16:1        |ddm|: 2.403336e-02     Tr[DP]  3.048708e-01
 iter:  16:2        |ddm|: 6.319003e-03     Tr[DP]  3.036671e-01
 iter:  17:1        |ddm|: 1.025526e-02     Tr[DP]  3.049700e-01
 iter:  17:2        |ddm|: 2.162580e-03     Tr[DP]  3.040642e-01
 iter:  18:1        |ddm|: 6.094349e-03     Tr[DP]  3.047835e-01
 iter:  18:2        |ddm|: 1.255726e-03     Tr[DP]  3.042310e-01
 iter:  19:1        |ddm|: 4.457093e-03     Tr[DP]  3.046319e-01
 iter:  19:2        |ddm|: 1.002918e-03     Tr[DP]  3.042874e-01
 iter:  20:1        |ddm|: 2.683185e-03     Tr[DP]  3.045782e-01
 iter:  20:2        |ddm|: 5.538120e-04     Tr[DP]  3.043484e-01
 iter:  21:1        |ddm|: 2.109845e-03     Tr[DP]  3.045103e-01
 iter:  21:2        |ddm|: 5.098613e-04     Tr[DP]  3.043652e-01
 iter:  22:1        |ddm|: 1.161596e-03     Tr[DP]  3.044935e-01
 iter:  22:2        |ddm|: 2.437507e-04     Tr[DP]  3.043943e-01
 iter:  23:1        |ddm|: 7.020597e-04     Tr[DP]  3.044837e-01
 iter:  23:2        |ddm|: 1.497880e-04     Tr[DP]  3.044192e-01
 iter:  24:1        |ddm|: 4.757968e-04     Tr[DP]  3.044660e-01
 iter:  24:2        |ddm|: 1.047230e-04     Tr[DP]  3.044267e-01
 iter:  25:1        |ddm|: 2.864522e-04     Tr[DP]  3.044608e-01
 iter:  25:2        |ddm|: 5.793957e-05     Tr[DP]  3.044348e-01
 iter:  26:1        |ddm|: 1.853921e-04     Tr[DP]  3.044553e-01
 iter:  26:2        |ddm|: 3.808692e-05     Tr[DP]  3.044390e-01
 iter:  27:1        |ddm|: 1.266772e-04     Tr[DP]  3.044515e-01
 iter:  27:2        |ddm|: 2.724189e-05     Tr[DP]  3.044411e-01
 iter:  28:1        |ddm|: 1.992180e-04     Tr[DP]  3.044447e-01
 iter:  28:2        |ddm|: 5.643785e-05     Tr[DP]  3.044387e-01
 iter:  29:1        |ddm|: 8.125430e-05     Tr[DP]  3.044478e-01
 iter:  29:2        |ddm|: 2.241127e-05     Tr[DP]  3.044425e-01
 iter:  30:1        |ddm|: 6.775646e-05     Tr[DP]  3.044481e-01
 iter:  30:2        |ddm|: 1.879317e-05     Tr[DP]  3.044449e-01
 iter:  31:1        |ddm|: 6.817641e-05     Tr[DP]  3.044448e-01
 iter:  31:2        |ddm|: 2.029531e-05     Tr[DP]  3.044434e-01
 iter:  32:1        |ddm|: 1.640475e-05     Tr[DP]  3.044454e-01
 iter:  32:2        |ddm|: 3.360171e-06     Tr[DP]  3.044441e-01
 iter:  33:1        |ddm|: 9.015782e-06     Tr[DP]  3.044451e-01
 iter:  33:2        |ddm|: 1.954393e-06     Tr[DP]  3.044443e-01
 iter:  34:1        |ddm|: 5.532731e-06     Tr[DP]  3.044450e-01
 iter:  34:2        |ddm|: 1.163463e-06     Tr[DP]  3.044445e-01
 iter:  35:1        |ddm|: 5.656648e-06     Tr[DP]  3.044448e-01
 iter:  35:2        |ddm|: 1.533181e-06     Tr[DP]  3.044445e-01
 iter:  36:1        |ddm|: 2.538568e-06     Tr[DP]  3.044448e-01
 iter:  36:2        |ddm|: 5.416008e-07     Tr[DP]  3.044446e-01
 iter:  37:1        |ddm|: 1.681547e-06     Tr[DP]  3.044448e-01
 iter:  37:2        |ddm|: 3.798441e-07     Tr[DP]  3.044446e-01
 iter:  38:1        |ddm|: 1.042877e-06     Tr[DP]  3.044447e-01
 iter:  38:2        |ddm|: 2.188176e-07     Tr[DP]  3.044447e-01
 iter:  39:1        |ddm|: 6.702037e-07     Tr[DP]  3.044447e-01
 iter:  39:2        |ddm|: 1.379020e-07     Tr[DP]  3.044447e-01
                           Freeze-and-Thaw converged!                           

=================== Subsystem 1 at higher mean-field method ====================
  subiter:   1      |ddm|: 4.398363e-01
  subiter:   2      |ddm|: 1.854439e-01
  subiter:   3      |ddm|: 3.630843e-02
  subiter:   4      |ddm|: 1.653806e-02
  subiter:   5      |ddm|: 1.466306e-02
  subiter:   6      |ddm|: 5.009523e-03
  subiter:   7      |ddm|: 1.965474e-03
  subiter:   8      |ddm|: 7.053262e-04
  subiter:   9      |ddm|: 8.162476e-05
  subiter:  10      |ddm|: 2.854967e-05
  subiter:  11      |ddm|: 1.387958e-05
  subiter:  12      |ddm|: 3.963394e-06
  subiter:  13      |ddm|: 1.622109e-06
  subiter:  14      |ddm|: 2.451807e-07
  subiter:  15      |ddm|: 7.267094e-08
  subiter:  16      |ddm|: 8.769810e-08
  subiter:  17      |ddm|: 1.546987e-08
  subiter:  18      |ddm|: 8.127697e-09


******** <class 'pyscf.scf.hf.RHF'> flags ********
method = RHF
initial guess = minao
damping factor = 0
level shift factor = 0
DIIS = <class 'pyscf.scf.diis.CDIIS'>
DIIS start cycle = 1
DIIS space = 8
SCF tol = 1e-09
SCF gradient tol = None
max. SCF cycles = 300
direct_scf = True
direct_scf_tol = 1e-13
chkfile to save SCF result = /panfs/roc/scratch/graha682/201707_freezeAndThaw/20170712_6311g_m06_ccsdt_ft_3chloroflouropentane/tmpIKfoKo
max_memory 4000 MB (current use 599 MB)
Set gradient conv threshold to 3.16228e-05
init E= -686.251270926522
  HOMO = -0.197917808205034  LUMO = 0.328623282489254
cycle= 1 E= -686.251270926522  delta_E= 9.09e-13  |g|= 3.03e-09  |ddm|= 1.36e-08
  HOMO = -0.197917808507362  LUMO = 0.328623282521873
Extra cycle  E= -686.251270926523  delta_E= -1.36e-12  |g|= 3.03e-09  |ddm|= 5.95e-09
converged SCF energy = -686.251270926523


******** <class 'pyscf.dft.rks.RKS'> flags ********
method = RKS
initial guess = atom
damping factor = 0
level shift factor = 0.0
DIIS = <class 'pyscf.scf.diis.CDIIS'>
DIIS start cycle = 1
DIIS space = 8
SCF tol = 1e-08
SCF gradient tol = 1e-08
max. SCF cycles = 1
direct_scf = True
direct_scf_tol = 1e-13
chkfile to save SCF result = /panfs/roc/scratch/graha682/201707_freezeAndThaw/20170712_6311g_m06_ccsdt_ft_3chloroflouropentane/tmpTgWykx
max_memory 4000 MB (current use 600 MB)
XC functionals = m06
small_rho_cutoff = 1e-20
radial grids: Treutler-Ahlrichs (JCP 102, 346 (M4)) radial grids
becke partition: Becke, JCP, 88, 2547 (1988)
pruning grids: <function nwchem_prune at 0x1787ed8>
grids dens level: 4
symmetrized grids: False
atomic radii adjust function: <function treutler_atomic_radii_adjust at 0x1787d70>
init E= -688.132173686064
  HOMO = -0.0589177149735999  LUMO = 0.181486419614893
cycle= 1 E= -688.132173686064  delta_E= 6.82e-13  |g|= 7.27e-08  |ddm|= 4.21e-07
SCF not converged.
SCF energy = -688.132173686064 after 1 cycles
 iter:  40:1        |ddm|: 5.695888e-01     Tr[DP]  3.063643e-01

==================== Doing CCSD Calculation on Subsystem 1 =====================

******** <class 'pyscf.cc.ccsd.CCSD'> flags ********
CCSD nocc = 26, nvir = 65
max_cycle = 50
direct = 0
conv_tol = 1e-07
conv_tol_normt = 1e-05
diis_space = 6
diis_start_cycle = 0
diis_start_energy_diff = 1e+09
max_memory 4000 MB (current use 611 MB)
Init t2, MP2 energy = -0.592623268158759
cycle = 1  E(CCSD) = -0.610266330719621  dE = -0.610266331  norm(t1,t2) = 0.134642
cycle = 2  E(CCSD) = -0.630958075151955  dE = -0.0206917444  norm(t1,t2) = 0.0502787
cycle = 3  E(CCSD) = -0.63233700615312  dE = -0.001378931  norm(t1,t2) = 0.035976
cycle = 4  E(CCSD) = -0.634806744409151  dE = -0.00246973826  norm(t1,t2) = 0.0182842
cycle = 5  E(CCSD) = -0.636923656472314  dE = -0.00211691206  norm(t1,t2) = 0.00898313
cycle = 6  E(CCSD) = -0.636893340316039  dE = 3.03161563e-05  norm(t1,t2) = 0.0024179
cycle = 7  E(CCSD) = -0.636674334046266  dE = 0.00021900627  norm(t1,t2) = 0.00120704
cycle = 8  E(CCSD) = -0.636675573413856  dE = -1.23936759e-06  norm(t1,t2) = 0.000405646
cycle = 9  E(CCSD) = -0.636681458025582  dE = -5.88461173e-06  norm(t1,t2) = 0.0002135
cycle = 10  E(CCSD) = -0.636692670490763  dE = -1.12124652e-05  norm(t1,t2) = 0.000113327
cycle = 11  E(CCSD) = -0.636694169749332  dE = -1.49925857e-06  norm(t1,t2) = 3.89541e-05
cycle = 12  E(CCSD) = -0.636694988356192  dE = -8.1860686e-07  norm(t1,t2) = 1.42355e-05
cycle = 13  E(CCSD) = -0.636695361237824  dE = -3.72881632e-07  norm(t1,t2) = 7.38437e-06
cycle = 14  E(CCSD) = -0.636695413346508  dE = -5.21086843e-08  norm(t1,t2) = 3.14548e-06
CCSD converged
E(CCSD) = -686.8879663398694  E_corr = -0.6366954133465085
Hartree-Fock Energy:  -686.25127092652292
CCSD Correlation:       -0.63669541334651
CCSD Energy:          -686.88796633986942

=================== Doing CCSD(T) Calculation on Subsystem 1 ===================
CCSD(T) correction = -0.0167214906649325
Hartree-Fock Energy:  -686.25127092652292
CCSD(T) Correlation:       -0.65341690401144
CCSD(T) Energy:          -686.90468783053439

============================== Supermolecular DFT ==============================
  subiter:   1      |ddm|: 4.473950e+00
  subiter:   2      |ddm|: 6.327943e-01
  subiter:   3      |ddm|: 3.469443e-01
  subiter:   4      |ddm|: 4.160068e-02
  subiter:   5      |ddm|: 2.188599e-02
  subiter:   6      |ddm|: 6.823285e-03
  subiter:   7      |ddm|: 1.888848e-03
  subiter:   8      |ddm|: 4.456537e-04
  subiter:   9      |ddm|: 2.011477e-04
  subiter:  10      |ddm|: 5.612388e-05
  subiter:  11      |ddm|: 1.310704e-05
  subiter:  12      |ddm|: 4.995346e-06
  subiter:  13      |ddm|: 1.744927e-06
  subiter:  14      |ddm|: 6.080406e-07
  subiter:  15      |ddm|: 2.409477e-07
  subiter:  16      |ddm|: 3.240440e-08
  subiter:  17      |ddm|: 1.104865e-08
  subiter:  18      |ddm|: 2.705423e-09


******** <class 'pyscf.dft.rks.RKS'> flags ********
method = RKS
initial guess = atom
damping factor = 0
level shift factor = 0.0
DIIS = <class 'pyscf.scf.diis.CDIIS'>
DIIS start cycle = 1
DIIS space = 8
SCF tol = 1e-08
SCF gradient tol = 1e-08
max. SCF cycles = 300
direct_scf = True
direct_scf_tol = 1e-13
chkfile to save SCF result = /panfs/roc/scratch/graha682/201707_freezeAndThaw/20170712_6311g_m06_ccsdt_ft_3chloroflouropentane/tmpjkYTOK
max_memory 4000 MB (current use 1046 MB)
XC functionals = m06
small_rho_cutoff = 1e-20
radial grids: Treutler-Ahlrichs (JCP 102, 346 (M4)) radial grids
becke partition: Becke, JCP, 88, 2547 (1988)
pruning grids: <function nwchem_prune at 0x1787ed8>
grids dens level: 4
symmetrized grids: False
atomic radii adjust function: <function treutler_atomic_radii_adjust at 0x1787d70>
init E= -757.040264366718
  HOMO = -0.0757458872005916  LUMO = 0.152100230546515
cycle= 1 E= -757.040264366716  delta_E= 1.82e-12  |g|= 3.76e-09  |ddm|= 5.27e-09
  HOMO = -0.0757458861162842  LUMO = 0.152100230575261
Extra cycle  E= -757.040264366717  delta_E= -1.36e-12  |g|= 3.76e-09  |ddm|= 8.66e-09
converged SCF energy = -757.040264366717
Supermolecular DFT   -757.04026436671734

============================== Embedding Energies ==============================
Subsystem DFT              -688.13217368606377
Interaction                 -68.74334109504309
DFT-in-DFT                 -756.87551478110686
Supermolecular DFT         -757.04026436671734
Difference                   -0.16474958561048
Corrected DFT-in-DFT       -757.04026436671734
WF-in-DFT                  -755.64802892557748
Corrected WF-in-DFT        -755.81277851118796
================================================================================
TIMING STATISTICS:
     overlap integrals      0.03s   ( 0.01%)
    initial subsystems      0.15s   ( 0.04%)
           2e matrices    236.06s   (59.07%)
      tot. embed. of 1    247.95s   (62.05%)
      tot. embed. of 2      0.05s   ( 0.01%)
       freeze and thaw    248.03s   (62.07%)
                  ccsd     19.42s   ( 4.86%)
               ccsd(t)     21.20s   ( 5.30%)
  interaction energies    110.14s   (27.56%)
                 TOTAL    399.60s
================================================================================

********************************************************************************
*                              END OF CALCULATION                              *
********************************************************************************
