********************************************************************************
*                         FREEZE-AND-THAW CALCULATION                          *
********************************************************************************

================================== Input File ==================================

subsystem
C         -1.40554        0.58881       -0.01889
H         -2.26382        0.96377        0.50578
H         -1.41299        0.68348       -1.08814
Cl        -2.16538       -1.46213       -0.10012
F         -0.98381        2.61999       -0.26484
C         -0.12057        0.38814        0.70776
H          0.10969        1.34494        1.18299
H         -0.25082       -0.36818        1.48815
charge -2
end

subsystem
C          1.01165       -0.00388       -0.21483
H          0.74024       -0.92339       -0.74823
H          1.12521        0.78460       -0.96808
C          2.32405       -0.20742        0.51295
H          2.57757        0.70882        1.05856
H          2.19751       -0.98641        1.27430
C          3.45731       -0.58142       -0.42016
H          4.40140       -0.73248        0.10838
H          3.22542       -1.50333       -0.96012
H          3.61494        0.19921       -1.16898
charge +1
end

embed
 huzinaga
 cycles 300
 conv 1e-6
 method m06
end

basis cc-pVTZ
method ccsd(t)
grid 4
conv 1e-8
grad 1e-8
maxiter 300
================================== End Input ===================================
tot grids = 376510

                      Getting subsystem overlap integrals                       

                          Initial subsystem densities                           
Guessing initial subsystem densities
Initial guess from superpostion of atomic densties.
Guessing initial subsystem densities
Initial guess from superpostion of atomic densties.

=========================== Starting Freeze-and-Thaw ===========================
 iter:   1:1        |ddm|: 8.309011e+00     Tr[DP]  7.769351e-01
 iter:   1:2        |ddm|: 2.557160e+00     Tr[DP]  5.655527e-02
 iter:   2:1        |ddm|: 3.765278e+01     Tr[DP]  1.495837e-01
 iter:   2:2        |ddm|: 2.045894e+00     Tr[DP]  1.145138e-01
 iter:   3:1        |ddm|: 3.457035e+01     Tr[DP]  1.992489e-01
 iter:   3:2        |ddm|: 1.232236e+00     Tr[DP]  1.002475e-01
 iter:   4:1        |ddm|: 2.595827e+00     Tr[DP]  1.799962e-01
 iter:   4:2        |ddm|: 2.877828e-01     Tr[DP]  1.127410e-01
 iter:   5:1        |ddm|: 1.237930e+00     Tr[DP]  1.958638e-01
 iter:   5:2        |ddm|: 2.078774e-01     Tr[DP]  1.313092e-01
 iter:   6:1        |ddm|: 1.139002e+00     Tr[DP]  2.086697e-01
 iter:   6:2        |ddm|: 1.277526e-01     Tr[DP]  1.458226e-01
 iter:   7:1        |ddm|: 8.990350e-01     Tr[DP]  2.139774e-01
 iter:   7:2        |ddm|: 1.153306e-01     Tr[DP]  1.586327e-01
 iter:   8:1        |ddm|: 6.932549e-01     Tr[DP]  2.149685e-01
 iter:   8:2        |ddm|: 8.672341e-02     Tr[DP]  1.687146e-01
 iter:   9:1        |ddm|: 4.481007e-01     Tr[DP]  2.136020e-01
 iter:   9:2        |ddm|: 8.933489e-02     Tr[DP]  1.768815e-01
 iter:  10:1        |ddm|: 4.504632e-01     Tr[DP]  2.119207e-01
 iter:  10:2        |ddm|: 7.560322e-02     Tr[DP]  1.812760e-01
 iter:  11:1        |ddm|: 3.944727e-01     Tr[DP]  2.113628e-01
 iter:  11:2        |ddm|: 6.360748e-02     Tr[DP]  1.851384e-01
 iter:  12:1        |ddm|: 2.841543e-01     Tr[DP]  2.106206e-01
 iter:  12:2        |ddm|: 4.134171e-02     Tr[DP]  1.887342e-01
 iter:  13:1        |ddm|: 2.058828e-01     Tr[DP]  2.091985e-01
 iter:  13:2        |ddm|: 3.342003e-02     Tr[DP]  1.917932e-01
 iter:  14:1        |ddm|: 1.905054e-01     Tr[DP]  2.075992e-01
 iter:  14:2        |ddm|: 3.351140e-02     Tr[DP]  1.935286e-01
 iter:  15:1        |ddm|: 1.124486e-01     Tr[DP]  2.067626e-01
 iter:  15:2        |ddm|: 3.395324e-02     Tr[DP]  1.959343e-01
 iter:  16:1        |ddm|: 1.073325e-01     Tr[DP]  2.052042e-01
 iter:  16:2        |ddm|: 2.204988e-02     Tr[DP]  1.968609e-01
 iter:  17:1        |ddm|: 7.200894e-02     Tr[DP]  2.045610e-01
 iter:  17:2        |ddm|: 1.436361e-02     Tr[DP]  1.980137e-01
 iter:  18:1        |ddm|: 6.073975e-02     Tr[DP]  2.037612e-01
 iter:  18:2        |ddm|: 1.093970e-02     Tr[DP]  1.987011e-01
 iter:  19:1        |ddm|: 5.331761e-02     Tr[DP]  2.032476e-01
 iter:  19:2        |ddm|: 9.942996e-03     Tr[DP]  1.991849e-01
 iter:  20:1        |ddm|: 3.189778e-02     Tr[DP]  2.029582e-01
 iter:  20:2        |ddm|: 9.753184e-03     Tr[DP]  1.998285e-01
 iter:  21:1        |ddm|: 2.835713e-02     Tr[DP]  2.024731e-01
 iter:  21:2        |ddm|: 5.705938e-03     Tr[DP]  2.001223e-01
 iter:  22:1        |ddm|: 2.099200e-02     Tr[DP]  2.022404e-01
 iter:  22:2        |ddm|: 3.819200e-03     Tr[DP]  2.003981e-01
 iter:  23:1        |ddm|: 1.982662e-02     Tr[DP]  2.020214e-01
 iter:  23:2        |ddm|: 4.037236e-03     Tr[DP]  2.005563e-01
 iter:  24:1        |ddm|: 1.173598e-02     Tr[DP]  2.019242e-01
 iter:  24:2        |ddm|: 3.432956e-03     Tr[DP]  2.007835e-01
 iter:  25:1        |ddm|: 8.207783e-03     Tr[DP]  2.017616e-01
 iter:  25:2        |ddm|: 2.010579e-03     Tr[DP]  2.009312e-01
 iter:  26:1        |ddm|: 7.248846e-03     Tr[DP]  2.016369e-01
 iter:  26:2        |ddm|: 1.428698e-03     Tr[DP]  2.010111e-01
 iter:  27:1        |ddm|: 6.498633e-03     Tr[DP]  2.015653e-01
 iter:  27:2        |ddm|: 1.272663e-03     Tr[DP]  2.010667e-01
 iter:  28:1        |ddm|: 4.619902e-03     Tr[DP]  2.015242e-01
 iter:  28:2        |ddm|: 8.401128e-04     Tr[DP]  2.011269e-01
 iter:  29:1        |ddm|: 3.017601e-03     Tr[DP]  2.014834e-01
 iter:  29:2        |ddm|: 8.055725e-04     Tr[DP]  2.011835e-01
 iter:  30:1        |ddm|: 1.983207e-03     Tr[DP]  2.014437e-01
 iter:  30:2        |ddm|: 8.494856e-04     Tr[DP]  2.012313e-01
 iter:  31:1        |ddm|: 1.962677e-03     Tr[DP]  2.014001e-01
 iter:  31:2        |ddm|: 5.085611e-04     Tr[DP]  2.012454e-01
 iter:  32:1        |ddm|: 2.881737e-03     Tr[DP]  2.013805e-01
 iter:  32:2        |ddm|: 9.422378e-04     Tr[DP]  2.012442e-01
 iter:  33:1        |ddm|: 1.675482e-03     Tr[DP]  2.013838e-01
 iter:  33:2        |ddm|: 2.933420e-04     Tr[DP]  2.012621e-01
 iter:  34:1        |ddm|: 1.218694e-03     Tr[DP]  2.013740e-01
 iter:  34:2        |ddm|: 2.237078e-04     Tr[DP]  2.012770e-01
 iter:  35:1        |ddm|: 1.210010e-03     Tr[DP]  2.013632e-01
 iter:  35:2        |ddm|: 2.769088e-04     Tr[DP]  2.012847e-01
 iter:  36:1        |ddm|: 6.336595e-04     Tr[DP]  2.013601e-01
 iter:  36:2        |ddm|: 2.393219e-04     Tr[DP]  2.012988e-01
 iter:  37:1        |ddm|: 3.913504e-04     Tr[DP]  2.013509e-01
 iter:  37:2        |ddm|: 1.504807e-04     Tr[DP]  2.013081e-01
 iter:  38:1        |ddm|: 3.336258e-04     Tr[DP]  2.013431e-01
 iter:  38:2        |ddm|: 7.065816e-05     Tr[DP]  2.013120e-01
 iter:  39:1        |ddm|: 3.683790e-04     Tr[DP]  2.013391e-01
 iter:  39:2        |ddm|: 8.706044e-05     Tr[DP]  2.013136e-01
 iter:  40:1        |ddm|: 4.644276e-04     Tr[DP]  2.013374e-01
 iter:  40:2        |ddm|: 1.313510e-04     Tr[DP]  2.013138e-01
 iter:  41:1        |ddm|: 3.425662e-04     Tr[DP]  2.013377e-01
 iter:  41:2        |ddm|: 6.516701e-05     Tr[DP]  2.013162e-01
 iter:  42:1        |ddm|: 2.470673e-04     Tr[DP]  2.013369e-01
 iter:  42:2        |ddm|: 4.616431e-05     Tr[DP]  2.013187e-01
 iter:  43:1        |ddm|: 1.611755e-04     Tr[DP]  2.013355e-01
 iter:  43:2        |ddm|: 3.771288e-05     Tr[DP]  2.013214e-01
 iter:  44:1        |ddm|: 1.275964e-04     Tr[DP]  2.013340e-01
 iter:  44:2        |ddm|: 2.588025e-05     Tr[DP]  2.013230e-01
 iter:  45:1        |ddm|: 9.332053e-05     Tr[DP]  2.013329e-01
 iter:  45:2        |ddm|: 2.060552e-05     Tr[DP]  2.013244e-01
 iter:  46:1        |ddm|: 6.756886e-05     Tr[DP]  2.013319e-01
 iter:  46:2        |ddm|: 1.508901e-05     Tr[DP]  2.013256e-01
 iter:  47:1        |ddm|: 4.999342e-05     Tr[DP]  2.013310e-01
 iter:  47:2        |ddm|: 1.075966e-05     Tr[DP]  2.013263e-01
 iter:  48:1        |ddm|: 3.696691e-05     Tr[DP]  2.013305e-01
 iter:  48:2        |ddm|: 7.931427e-06     Tr[DP]  2.013269e-01
 iter:  49:1        |ddm|: 2.782315e-05     Tr[DP]  2.013300e-01
 iter:  49:2        |ddm|: 5.819170e-06     Tr[DP]  2.013273e-01
 iter:  50:1        |ddm|: 2.196997e-05     Tr[DP]  2.013296e-01
 iter:  50:2        |ddm|: 4.272718e-06     Tr[DP]  2.013276e-01
 iter:  51:1        |ddm|: 1.723771e-05     Tr[DP]  2.013294e-01
 iter:  51:2        |ddm|: 3.226501e-06     Tr[DP]  2.013279e-01
 iter:  52:1        |ddm|: 1.302034e-05     Tr[DP]  2.013292e-01
 iter:  52:2        |ddm|: 2.486490e-06     Tr[DP]  2.013280e-01
 iter:  53:1        |ddm|: 1.688292e-05     Tr[DP]  2.013291e-01
 iter:  53:2        |ddm|: 4.820183e-06     Tr[DP]  2.013281e-01
 iter:  54:1        |ddm|: 2.443871e-05     Tr[DP]  2.013290e-01
 iter:  54:2        |ddm|: 8.319003e-06     Tr[DP]  2.013280e-01
 iter:  55:1        |ddm|: 1.172556e-05     Tr[DP]  2.013291e-01
 iter:  55:2        |ddm|: 2.713083e-06     Tr[DP]  2.013282e-01
 iter:  56:1        |ddm|: 8.235821e-06     Tr[DP]  2.013290e-01
 iter:  56:2        |ddm|: 1.633517e-06     Tr[DP]  2.013283e-01
 iter:  57:1        |ddm|: 5.055704e-06     Tr[DP]  2.013289e-01
 iter:  57:2        |ddm|: 1.581827e-06     Tr[DP]  2.013284e-01
 iter:  58:1        |ddm|: 3.902856e-06     Tr[DP]  2.013289e-01
 iter:  58:2        |ddm|: 8.485098e-07     Tr[DP]  2.013285e-01
 iter:  59:1        |ddm|: 3.743784e-06     Tr[DP]  2.013288e-01
 iter:  59:2        |ddm|: 7.791324e-07     Tr[DP]  2.013285e-01
 iter:  60:1        |ddm|: 2.513535e-06     Tr[DP]  2.013288e-01
 iter:  60:2        |ddm|: 5.489288e-07     Tr[DP]  2.013286e-01
 iter:  61:1        |ddm|: 2.141035e-06     Tr[DP]  2.013288e-01
 iter:  61:2        |ddm|: 4.140181e-07     Tr[DP]  2.013286e-01
 iter:  62:1        |ddm|: 1.673824e-06     Tr[DP]  2.013287e-01
 iter:  62:2        |ddm|: 3.104816e-07     Tr[DP]  2.013286e-01
 iter:  63:1        |ddm|: 1.500472e-06     Tr[DP]  2.013287e-01
 iter:  63:2        |ddm|: 2.989689e-07     Tr[DP]  2.013286e-01
 iter:  64:1        |ddm|: 9.189206e-07     Tr[DP]  2.013287e-01
 iter:  64:2        |ddm|: 2.532204e-07     Tr[DP]  2.013286e-01
 iter:  65:1        |ddm|: 6.985324e-07     Tr[DP]  2.013287e-01
 iter:  65:2        |ddm|: 1.444815e-07     Tr[DP]  2.013286e-01
                           Freeze-and-Thaw converged!                           

=================== Subsystem 1 at higher mean-field method ====================
  subiter:   1      |ddm|: 5.985252e-01
  subiter:   2      |ddm|: 2.198509e-01
  subiter:   3      |ddm|: 2.738725e-02
  subiter:   4      |ddm|: 2.483920e-02
  subiter:   5      |ddm|: 4.889607e-03
  subiter:   6      |ddm|: 3.988675e-03
  subiter:   7      |ddm|: 1.496938e-03
  subiter:   8      |ddm|: 4.904846e-04
  subiter:   9      |ddm|: 5.648617e-05
  subiter:  10      |ddm|: 4.685390e-05
  subiter:  11      |ddm|: 8.802927e-06
  subiter:  12      |ddm|: 1.761574e-06
  subiter:  13      |ddm|: 7.965513e-07
  subiter:  14      |ddm|: 2.886532e-07
  subiter:  15      |ddm|: 6.954680e-08
  subiter:  16      |ddm|: 1.777511e-08
  subiter:  17      |ddm|: 6.319432e-09


******** <class 'pyscf.scf.hf.RHF'> flags ********
method = RHF
initial guess = minao
damping factor = 0
level shift factor = 0
DIIS = <class 'pyscf.scf.diis.CDIIS'>
DIIS start cycle = 1
DIIS space = 8
SCF tol = 1e-09
SCF gradient tol = None
max. SCF cycles = 300
direct_scf = True
direct_scf_tol = 1e-13
chkfile to save SCF result = /panfs/roc/scratch/graha682/201707_freezeAndThaw/20170712_ccpVTZ_m06_ccsdt_ft_2chloroflouropentane/tmpqD3sw4
max_memory 4000 MB (current use 2365 MB)
Set gradient conv threshold to 3.16228e-05
init E= -647.563790432968
  HOMO = -0.212071698589134  LUMO = 0.322013587091455
cycle= 1 E= -647.563790432972  delta_E= -3.75e-12  |g|= 2.1e-09  |ddm|= 8.66e-09
  HOMO = -0.212071698926161  LUMO = 0.322013587048718
Extra cycle  E= -647.563790432971  delta_E= 1.14e-12  |g|= 2.1e-09  |ddm|= 3.48e-09
converged SCF energy = -647.563790432971


******** <class 'pyscf.dft.rks.RKS'> flags ********
method = RKS
initial guess = atom
damping factor = 0
level shift factor = 0.0
DIIS = <class 'pyscf.scf.diis.CDIIS'>
DIIS start cycle = 1
DIIS space = 8
SCF tol = 1e-08
SCF gradient tol = 1e-08
max. SCF cycles = 1
direct_scf = True
direct_scf_tol = 1e-13
chkfile to save SCF result = /panfs/roc/scratch/graha682/201707_freezeAndThaw/20170712_ccpVTZ_m06_ccsdt_ft_2chloroflouropentane/tmpult1fb
max_memory 4000 MB (current use 2366 MB)
XC functionals = m06
small_rho_cutoff = 1e-20
radial grids: Treutler-Ahlrichs (JCP 102, 346 (M4)) radial grids
becke partition: Becke, JCP, 88, 2547 (1988)
pruning grids: <function nwchem_prune at 0x1787ed8>
grids dens level: 4
symmetrized grids: False
atomic radii adjust function: <function treutler_atomic_radii_adjust at 0x1787d70>
init E= -649.15538137716
  HOMO = -0.0698828876318153  LUMO = 0.17979465696411
cycle= 1 E= -649.155381377162  delta_E= -1.48e-12  |g|= 1.67e-08  |ddm|= 5.54e-07
SCF not converged.
SCF energy = -649.155381377162 after 1 cycles
 iter:  66:1        |ddm|: 8.049067e-01     Tr[DP]  2.082881e-01

==================== Doing CCSD Calculation on Subsystem 1 =====================

******** <class 'pyscf.cc.ccsd.CCSD'> flags ********
CCSD nocc = 22, nvir = 158
max_cycle = 50
direct = 0
conv_tol = 1e-07
conv_tol_normt = 1e-05
diis_space = 6
diis_start_cycle = 0
diis_start_energy_diff = 1e+09
max_memory 4000 MB (current use 2372 MB)
Init t2, MP2 energy = -0.884077867085952
cycle = 1  E(CCSD) = -0.897549032701673  dE = -0.897549033  norm(t1,t2) = 0.124796
cycle = 2  E(CCSD) = -0.918970817339316  dE = -0.0214217846  norm(t1,t2) = 0.0487631
cycle = 3  E(CCSD) = -0.917874532346602  dE = 0.00109628499  norm(t1,t2) = 0.0384622
cycle = 4  E(CCSD) = -0.920192687351528  dE = -0.002318155  norm(t1,t2) = 0.0223432
cycle = 5  E(CCSD) = -0.921509379490033  dE = -0.00131669214  norm(t1,t2) = 0.00769983
cycle = 6  E(CCSD) = -0.921602335816553  dE = -9.29563265e-05  norm(t1,t2) = 0.00291826
cycle = 7  E(CCSD) = -0.92140986274815  dE = 0.000192473068  norm(t1,t2) = 0.00104676
cycle = 8  E(CCSD) = -0.92140969416145  dE = 1.685867e-07  norm(t1,t2) = 0.000402832
cycle = 9  E(CCSD) = -0.921421758460421  dE = -1.2064299e-05  norm(t1,t2) = 0.000193327
cycle = 10  E(CCSD) = -0.92143071268715  dE = -8.95422673e-06  norm(t1,t2) = 0.000100181
cycle = 11  E(CCSD) = -0.921432811158004  dE = -2.09847085e-06  norm(t1,t2) = 3.2469e-05
cycle = 12  E(CCSD) = -0.921432512422503  dE = 2.98735502e-07  norm(t1,t2) = 1.20452e-05
cycle = 13  E(CCSD) = -0.921432648560772  dE = -1.36138269e-07  norm(t1,t2) = 6.08377e-06
cycle = 14  E(CCSD) = -0.921432583266146  dE = 6.5294626e-08  norm(t1,t2) = 2.59142e-06
CCSD converged
E(CCSD) = -648.4852230162368  E_corr = -0.9214325832661457
Hartree-Fock Energy:  -647.56379043297068
CCSD Correlation:       -0.92143258326615
CCSD Energy:          -648.48522301623677

=================== Doing CCSD(T) Calculation on Subsystem 1 ===================
CCSD(T) correction = -0.0323154342852695
Hartree-Fock Energy:  -647.56379043297068
CCSD(T) Correlation:       -0.95374801755142
CCSD(T) Energy:          -648.51753845052212

============================== Supermolecular DFT ==============================
  subiter:   1      |ddm|: 4.524411e+00
  subiter:   2      |ddm|: 3.170058e-01
  subiter:   3      |ddm|: 1.668340e-01
  subiter:   4      |ddm|: 2.915673e-02
  subiter:   5      |ddm|: 1.171535e-02
  subiter:   6      |ddm|: 3.623341e-03
  subiter:   7      |ddm|: 1.214017e-03
  subiter:   8      |ddm|: 5.470462e-04
  subiter:   9      |ddm|: 2.868734e-04
  subiter:  10      |ddm|: 1.132421e-04
  subiter:  11      |ddm|: 1.402583e-05
  subiter:  12      |ddm|: 1.312766e-05
  subiter:  13      |ddm|: 5.052565e-06
  subiter:  14      |ddm|: 2.327965e-06
  subiter:  15      |ddm|: 4.799911e-07
  subiter:  16      |ddm|: 1.263364e-07
  subiter:  17      |ddm|: 6.992548e-08
  subiter:  18      |ddm|: 3.002639e-08
  subiter:  19      |ddm|: 1.315699e-08
  subiter:  20      |ddm|: 4.138604e-09


******** <class 'pyscf.dft.rks.RKS'> flags ********
method = RKS
initial guess = atom
damping factor = 0
level shift factor = 0.0
DIIS = <class 'pyscf.scf.diis.CDIIS'>
DIIS start cycle = 1
DIIS space = 8
SCF tol = 1e-08
SCF gradient tol = 1e-08
max. SCF cycles = 300
direct_scf = True
direct_scf_tol = 1e-13
chkfile to save SCF result = /panfs/roc/scratch/graha682/201707_freezeAndThaw/20170712_ccpVTZ_m06_ccsdt_ft_2chloroflouropentane/tmpIw3Cd2
max_memory 4000 MB (current use 2828 MB)
XC functionals = m06
small_rho_cutoff = 1e-20
radial grids: Treutler-Ahlrichs (JCP 102, 346 (M4)) radial grids
becke partition: Becke, JCP, 88, 2547 (1988)
pruning grids: <function nwchem_prune at 0x1787ed8>
grids dens level: 4
symmetrized grids: False
atomic radii adjust function: <function treutler_atomic_radii_adjust at 0x1787d70>
init E= -757.129983333158
  HOMO = -0.0816782124724058  LUMO = 0.145740328625238
cycle= 1 E= -757.129983333159  delta_E= -2.27e-13  |g|= 2.57e-09  |ddm|= 5.29e-09
  HOMO = -0.0816782131002063  LUMO = 0.145740328601388
Extra cycle  E= -757.12998333316  delta_E= -1.36e-12  |g|= 2.57e-09  |ddm|= 5.52e-09
converged SCF energy = -757.12998333316
Supermolecular DFT   -757.12998333316000

============================== Embedding Energies ==============================
Subsystem DFT              -649.15538137716180
Interaction                -107.85745504806778
DFT-in-DFT                 -757.01283642522958
Supermolecular DFT         -757.12998333316000
Difference                   -0.11714690793042
Corrected DFT-in-DFT       -757.12998333316000
WF-in-DFT                  -756.37499349858990
Corrected WF-in-DFT        -756.49214040652032
================================================================================
TIMING STATISTICS:
     overlap integrals      0.04s   ( 0.00%)
    initial subsystems      0.25s   ( 0.01%)
           2e matrices   1938.83s   (64.46%)
      tot. embed. of 1   1963.99s   (65.30%)
      tot. embed. of 2      0.73s   ( 0.02%)
       freeze and thaw   1964.74s   (65.32%)
                  ccsd    209.93s   ( 6.98%)
               ccsd(t)    195.14s   ( 6.49%)
  interaction energies    637.21s   (21.19%)
                 TOTAL   3007.81s
================================================================================

********************************************************************************
*                              END OF CALCULATION                              *
********************************************************************************
